
<<<----  [OUT]
2021/10/17 16:00:15:022

I can't connect with the passive [192.168.100.113/5000] error_code:10060 !

<<<----  [OUT]
2021/10/17 16:00:17:507

Connecting Started...

<<<----  [OUT]
2021/10/17 16:00:38:555

I can't connect with the passive [192.168.100.113/5000] error_code:10060 !

<<<----  [OUT]
2021/10/17 16:00:41:038

Connecting Started...

<<<----  [OUT]
2021/10/17 16:01:02:071

I can't connect with the passive [192.168.100.113/5000] error_code:10060 !

<<<----  [OUT]
2021/10/17 16:01:04:554

Connecting Started...

<<<----  [OUT]
2021/10/17 16:01:25:595

I can't connect with the passive [192.168.100.113/5000] error_code:10060 !

<<<----  [OUT]
2021/10/17 16:01:28:085

Connecting Started...

<<<----  [OUT]
2021/10/17 16:01:49:113

I can't connect with the passive [192.168.100.113/5000] error_code:10060 !

<<<----  [OUT]
2021/10/17 16:01:51:600

Connecting Started...

<<<----  [OUT]
2021/10/17 16:02:12:651

I can't connect with the passive [192.168.100.113/5000] error_code:10060 !

<<<----  [OUT]
2021/10/17 16:02:15:132

Connecting Started...

<<<----  [OUT]
2021/10/17 16:02:36:193

I can't connect with the passive [192.168.100.113/5000] error_code:10060 !

<<<----  [OUT]
2021/10/17 16:02:38:679

Connecting Started...

<<<----  [OUT]
2021/10/17 16:02:59:713

I can't connect with the passive [192.168.100.113/5000] error_code:10060 !

<<<----  [OUT]
2021/10/17 16:03:02:194

Connecting Started...

<<<----  [OUT]
2021/10/17 16:03:23:238

I can't connect with the passive [192.168.100.113/5000] error_code:10060 !

<<<----  [OUT]
2021/10/17 16:03:25:725

Connecting Started...

<<<----  [OUT]
2021/10/17 16:03:46:741

I can't connect with the passive [192.168.100.113/5000] error_code:10060 !

<<<----  [OUT]
2021/10/17 16:03:49:224

Connecting Started...

<<<----  [OUT]
2021/10/17 16:04:10:269

I can't connect with the passive [192.168.100.113/5000] error_code:10060 !

<<<----  [OUT]
2021/10/17 16:04:12:756

Connecting Started...

<<<----  [OUT]
2021/10/17 16:04:33:804

I can't connect with the passive [192.168.100.113/5000] error_code:10060 !

<<<----  [OUT]
2021/10/17 16:04:36:289

Connecting Started...

<<<----  [OUT]
2021/10/17 16:04:57:329

I can't connect with the passive [192.168.100.113/5000] error_code:10060 !

<<<----  [OUT]
2021/10/17 16:04:59:819

Connecting Started...

<<<----  [OUT]
2021/10/17 16:05:20:849

I can't connect with the passive [192.168.100.113/5000] error_code:10060 !

<<<----  [OUT]
2021/10/17 16:05:23:335

Connecting Started...

<<<----  [OUT]
2021/10/17 16:05:44:374

I can't connect with the passive [192.168.100.113/5000] error_code:10060 !

<<<----  [OUT]
2021/10/17 16:05:46:865

Connecting Started...

<<<----  [OUT]
2021/10/17 16:06:07:912

I can't connect with the passive [192.168.100.113/5000] error_code:10060 !

<<<----  [OUT]
2021/10/17 16:06:10:398

Connecting Started...

<<<----  [OUT]
2021/10/17 16:06:31:453

I can't connect with the passive [192.168.100.113/5000] error_code:10060 !

<<<----  [OUT]
2021/10/17 16:06:33:944

Connecting Started...

<<<----  [OUT]
2021/10/17 16:06:54:983

I can't connect with the passive [192.168.100.113/5000] error_code:10060 !

<<<----  [OUT]
2021/10/17 16:06:57:459

Connecting Started...

<<<----  [OUT]
2021/10/17 16:07:18:499

I can't connect with the passive [192.168.100.113/5000] error_code:10060 !

<<<----  [OUT]
2021/10/17 16:07:20:976

Connecting Started...

<<<----  [OUT]
2021/10/17 16:07:42:024

I can't connect with the passive [192.168.100.113/5000] error_code:10060 !

<<<----  [OUT]
2021/10/17 16:07:44:507

Connecting Started...

<<<----  [OUT]
2021/10/17 16:08:05:543

I can't connect with the passive [192.168.100.113/5000] error_code:10060 !

<<<----  [OUT]
2021/10/17 16:08:08:021

Connecting Started...

<<<----  [OUT]
2021/10/17 16:08:29:057

I can't connect with the passive [192.168.100.113/5000] error_code:10060 !

<<<----  [OUT]
2021/10/17 16:08:31:538

Connecting Started...

<<<----  [OUT]
2021/10/17 16:08:52:576

I can't connect with the passive [192.168.100.113/5000] error_code:10060 !

<<<----  [OUT]
2021/10/17 16:08:55:053

Connecting Started...

<<<----  [OUT]
2021/10/17 16:09:44:591

---------------------------------------------------------------------
// FA : Start Log ...


<<<----  [OUT]
2021/10/17 16:09:44:600

//-------------------------------------------------------------
Property Information

   Driver Type [HSMS]
   Driver Mode [ACTIVE]
   IP    [192.168.100.113]
   Port  [5000]
//-------------------------------------------------------------


<<<----  [OUT]
2021/10/17 16:09:45:201

Auto-Start Started ... (Active)

<<<----  [OUT]
2021/10/17 16:09:45:292

Auto-Start Started ...  Waiting Stop-Connection.

<<<----  [OUT]
2021/10/17 16:09:45:292

Auto-Start Started ...  Waiting Open-Socket.

<<<----  [OUT]
2021/10/17 16:09:45:317

Socket Open Started...

<<<----  [OUT]
2021/10/17 16:09:45:317

Socket Open Completed...

<<<----  [OUT]
2021/10/17 16:09:45:317

Connecting Started...

<<<----  [OUT]
2021/10/17 16:09:45:383

Auto-Start Completed ...  (Active)

<<<----  [OUT]
2021/10/17 16:10:06:360

I can't connect with the passive [192.168.100.113/5000] error_code:10060 !

<<<----  [OUT]
2021/10/17 16:10:08:850

Connecting Started...

<<<----  [OUT]
2021/10/17 16:10:29:874

I can't connect with the passive [192.168.100.113/5000] error_code:10060 !

<<<----  [OUT]
2021/10/17 16:10:32:349

Connecting Started...

<<<----  [OUT]
2021/10/17 16:10:53:389

I can't connect with the passive [192.168.100.113/5000] error_code:10060 !

<<<----  [OUT]
2021/10/17 16:10:55:865

Connecting Started...

<<<----  [OUT]
2021/10/17 16:11:16:900

I can't connect with the passive [192.168.100.113/5000] error_code:10060 !

<<<----  [OUT]
2021/10/17 16:11:19:380

Connecting Started...

<<<----  [OUT]
2021/10/17 16:11:40:419

I can't connect with the passive [192.168.100.113/5000] error_code:10060 !

<<<----  [OUT]
2021/10/17 16:11:42:898

Connecting Started...

<<<----  [OUT]
2021/10/17 16:12:03:935

I can't connect with the passive [192.168.100.113/5000] error_code:10060 !

<<<----  [OUT]
2021/10/17 16:12:06:411

Connecting Started...

<<<----  [OUT]
2021/10/17 16:12:27:438

I can't connect with the passive [192.168.100.113/5000] error_code:10060 !

<<<----  [OUT]
2021/10/17 16:12:29:928

Connecting Started...

<<<----  [OUT]
2021/10/17 16:12:50:961

I can't connect with the passive [192.168.100.113/5000] error_code:10060 !

<<<----  [OUT]
2021/10/17 16:12:53:444

Connecting Started...

<<<----  [OUT]
2021/10/17 16:13:14:481

I can't connect with the passive [192.168.100.113/5000] error_code:10060 !

<<<----  [OUT]
2021/10/17 16:13:16:959

Connecting Started...

<<<----  [OUT]
2021/10/17 16:13:37:988

I can't connect with the passive [192.168.100.113/5000] error_code:10060 !

<<<----  [OUT]
2021/10/17 16:13:40:474

Connecting Started...

<<<----  [OUT]
2021/10/17 16:14:01:523

I can't connect with the passive [192.168.100.113/5000] error_code:10060 !

<<<----  [OUT]
2021/10/17 16:14:04:006

Connecting Started...

<<<----  [OUT]
2021/10/17 16:14:25:054

I can't connect with the passive [192.168.100.113/5000] error_code:10060 !

<<<----  [OUT]
2021/10/17 16:14:27:538

Connecting Started...

<<<----  [OUT]
2021/10/17 16:14:48:576

I can't connect with the passive [192.168.100.113/5000] error_code:10060 !

<<<----  [OUT]
2021/10/17 16:14:51:053

Connecting Started...

<<<----  [OUT]
2021/10/17 16:15:12:099

I can't connect with the passive [192.168.100.113/5000] error_code:10060 !

<<<----  [OUT]
2021/10/17 16:15:14:584

Connecting Started...

<<<----  [OUT]
2021/10/17 16:15:35:631

I can't connect with the passive [192.168.100.113/5000] error_code:10060 !

<<<----  [OUT]
2021/10/17 16:15:38:117

Connecting Started...

<<<----  [OUT]
2021/10/17 16:15:59:157

I can't connect with the passive [192.168.100.113/5000] error_code:10060 !

<<<----  [OUT]
2021/10/17 16:16:01:647

Connecting Started...

<<<----  [OUT]
2021/10/17 16:16:22:689

I can't connect with the passive [192.168.100.113/5000] error_code:10060 !

<<<----  [OUT]
2021/10/17 16:16:25:179

Connecting Started...

<<<----  [OUT]
2021/10/17 16:16:46:203

I can't connect with the passive [192.168.100.113/5000] error_code:10060 !

<<<----  [OUT]
2021/10/17 16:16:48:693

Connecting Started...

<<<----  [OUT]
2021/10/17 16:17:09:735

I can't connect with the passive [192.168.100.113/5000] error_code:10060 !

<<<----  [OUT]
2021/10/17 16:17:12:226

Connecting Started...

<<<----  [OUT]
2021/10/17 16:17:33:274

I can't connect with the passive [192.168.100.113/5000] error_code:10060 !

<<<----  [OUT]
2021/10/17 16:17:35:757

Connecting Started...

<<<----  [OUT]
2021/10/17 16:17:56:805

I can't connect with the passive [192.168.100.113/5000] error_code:10060 !

<<<----  [OUT]
2021/10/17 16:17:59:288

Connecting Started...

<<<----  [OUT]
2021/10/17 16:18:20:315

I can't connect with the passive [192.168.100.113/5000] error_code:10060 !

<<<----  [OUT]
2021/10/17 16:18:22:803

Connecting Started...

<<<----  [OUT]
2021/10/17 16:18:43:846

I can't connect with the passive [192.168.100.113/5000] error_code:10060 !

<<<----  [OUT]
2021/10/17 16:18:46:335

Connecting Started...

<<<----  [OUT]
2021/10/17 16:19:07:369

I can't connect with the passive [192.168.100.113/5000] error_code:10060 !

<<<----  [OUT]
2021/10/17 16:19:09:850

Connecting Started...

<<<----  [OUT]
2021/10/17 16:19:30:907

I can't connect with the passive [192.168.100.113/5000] error_code:10060 !

<<<----  [OUT]
2021/10/17 16:19:33:396

Connecting Started...

<<<----  [OUT]
2021/10/17 16:19:54:445

I can't connect with the passive [192.168.100.113/5000] error_code:10060 !

<<<----  [OUT]
2021/10/17 16:19:56:928

Connecting Started...

<<<----  [OUT]
2021/10/17 16:20:17:968

I can't connect with the passive [192.168.100.113/5000] error_code:10060 !

<<<----  [OUT]
2021/10/17 16:20:20:459

Connecting Started...

<<<----  [OUT]
2021/10/17 16:20:41:515

I can't connect with the passive [192.168.100.113/5000] error_code:10060 !

<<<----  [OUT]
2021/10/17 16:20:44:007

Connecting Started...

<<<----  [OUT]
2021/10/17 16:21:05:063

I can't connect with the passive [192.168.100.113/5000] error_code:10060 !

<<<----  [OUT]
2021/10/17 16:21:07:553

Connecting Started...

<<<----  [OUT]
2021/10/17 16:21:28:592

I can't connect with the passive [192.168.100.113/5000] error_code:10060 !

<<<----  [OUT]
2021/10/17 16:21:31:069

Connecting Started...

<<<----  [OUT]
2021/10/17 16:21:52:100

I can't connect with the passive [192.168.100.113/5000] error_code:10060 !

<<<----  [OUT]
2021/10/17 16:21:54:585

Connecting Started...

<<<----  [OUT]
2021/10/17 16:22:15:620

I can't connect with the passive [192.168.100.113/5000] error_code:10060 !

<<<----  [OUT]
2021/10/17 16:22:18:101

Connecting Started...

<<<----  [OUT]
2021/10/17 16:22:39:126

I can't connect with the passive [192.168.100.113/5000] error_code:10060 !

<<<----  [OUT]
2021/10/17 16:22:41:615

Connecting Started...

<<<----  [OUT]
2021/10/17 16:23:02:638

I can't connect with the passive [192.168.100.113/5000] error_code:10060 !

<<<----  [OUT]
2021/10/17 16:23:05:115

Connecting Started...

<<<----  [OUT]
2021/10/17 16:23:26:168

I can't connect with the passive [192.168.100.113/5000] error_code:10060 !

<<<----  [OUT]
2021/10/17 16:23:28:648

Connecting Started...

<<<----  [OUT]
2021/10/17 16:23:49:710

I can't connect with the passive [192.168.100.113/5000] error_code:10060 !

<<<----  [OUT]
2021/10/17 16:23:52:194

Connecting Started...

<<<----  [OUT]
2021/10/17 16:24:13:221

I can't connect with the passive [192.168.100.113/5000] error_code:10060 !

<<<----  [OUT]
2021/10/17 16:24:15:709

Connecting Started...

<<<----  [OUT]
2021/10/17 16:24:36:754

I can't connect with the passive [192.168.100.113/5000] error_code:10060 !

<<<----  [OUT]
2021/10/17 16:24:39:241

Connecting Started...

<<<----  [OUT]
2021/10/17 16:25:00:272

I can't connect with the passive [192.168.100.113/5000] error_code:10060 !

<<<----  [OUT]
2021/10/17 16:25:02:756

Connecting Started...

<<<----  [OUT]
2021/10/17 16:25:23:810

I can't connect with the passive [192.168.100.113/5000] error_code:10060 !

<<<----  [OUT]
2021/10/17 16:25:26:288

Connecting Started...

<<<----  [OUT]
2021/10/17 16:25:47:313

I can't connect with the passive [192.168.100.113/5000] error_code:10060 !

<<<----  [OUT]
2021/10/17 16:25:49:802

Connecting Started...

<<<----  [OUT]
2021/10/17 16:26:10:845

I can't connect with the passive [192.168.100.113/5000] error_code:10060 !

<<<----  [OUT]
2021/10/17 16:26:13:334

Connecting Started...

<<<----  [OUT]
2021/10/17 16:26:34:363

I can't connect with the passive [192.168.100.113/5000] error_code:10060 !

<<<----  [OUT]
2021/10/17 16:26:36:850

Connecting Started...

<<<----  [OUT]
2021/10/17 16:26:57:907

I can't connect with the passive [192.168.100.113/5000] error_code:10060 !

<<<----  [OUT]
2021/10/17 16:27:00:396

Connecting Started...

<<<----  [OUT]
2021/10/17 16:27:21:434

I can't connect with the passive [192.168.100.113/5000] error_code:10060 !

<<<----  [OUT]
2021/10/17 16:27:23:913

Connecting Started...

<<<----  [OUT]
2021/10/17 16:27:44:973

I can't connect with the passive [192.168.100.113/5000] error_code:10060 !

<<<----  [OUT]
2021/10/17 16:27:47:460

Connecting Started...

<<<----  [OUT]
2021/10/17 16:28:08:519

I can't connect with the passive [192.168.100.113/5000] error_code:10060 !

<<<----  [OUT]
2021/10/17 16:28:11:007

Connecting Started...

<<<----  [OUT]
2021/10/17 16:28:32:038

I can't connect with the passive [192.168.100.113/5000] error_code:10060 !

<<<----  [OUT]
2021/10/17 16:28:34:523

Connecting Started...

<<<----  [OUT]
2021/10/17 16:28:55:560

I can't connect with the passive [192.168.100.113/5000] error_code:10060 !

<<<----  [OUT]
2021/10/17 16:28:58:038

Connecting Started...

<<<----  [OUT]
2021/10/17 16:29:19:063

I can't connect with the passive [192.168.100.113/5000] error_code:10060 !

<<<----  [OUT]
2021/10/17 16:29:21:553

Connecting Started...

<<<----  [OUT]
2021/10/17 16:29:42:590

I can't connect with the passive [192.168.100.113/5000] error_code:10060 !

<<<----  [OUT]
2021/10/17 16:29:45:068

Connecting Started...

<<<----  [OUT]
2021/10/17 16:30:06:119

I can't connect with the passive [192.168.100.113/5000] error_code:10060 !

<<<----  [OUT]
2021/10/17 16:30:08:601

Connecting Started...

<<<----  [OUT]
2021/10/17 16:30:29:632

I can't connect with the passive [192.168.100.113/5000] error_code:10060 !

<<<----  [OUT]
2021/10/17 16:30:32:116

Connecting Started...

<<<----  [OUT]
2021/10/17 16:30:53:143

I can't connect with the passive [192.168.100.113/5000] error_code:10060 !

<<<----  [OUT]
2021/10/17 16:30:55:631

Connecting Started...

<<<----  [OUT]
2021/10/17 16:31:16:661

I can't connect with the passive [192.168.100.113/5000] error_code:10060 !

<<<----  [OUT]
2021/10/17 16:31:19:146

Connecting Started...

<<<----  [OUT]
2021/10/17 16:31:40:164

I can't connect with the passive [192.168.100.113/5000] error_code:10060 !

<<<----  [OUT]
2021/10/17 16:31:42:647

Connecting Started...

<<<----  [OUT]
2021/10/17 16:32:03:696

I can't connect with the passive [192.168.100.113/5000] error_code:10060 !

<<<----  [OUT]
2021/10/17 16:32:06:178

Connecting Started...

<<<----  [OUT]
2021/10/17 16:36:21:961

---------------------------------------------------------------------
// FA : Start Log ...


<<<----  [OUT]
2021/10/17 16:36:21:976

//-------------------------------------------------------------
Property Information

   Driver Type [HSMS]
   Driver Mode [ACTIVE]
   IP    [192.168.100.113]
   Port  [5000]
//-------------------------------------------------------------


<<<----  [OUT]
2021/10/17 16:36:22:577

Auto-Start Started ... (Active)

<<<----  [OUT]
2021/10/17 16:36:22:668

Auto-Start Started ...  Waiting Stop-Connection.

<<<----  [OUT]
2021/10/17 16:36:22:668

Auto-Start Started ...  Waiting Open-Socket.

<<<----  [OUT]
2021/10/17 16:36:22:687

Socket Open Started...

<<<----  [OUT]
2021/10/17 16:36:22:687

Socket Open Completed...

<<<----  [OUT]
2021/10/17 16:36:22:687

Connecting Started...

<<<----  [OUT]
2021/10/17 16:36:22:759

Auto-Start Completed ...  (Active)

<<<----  [OUT]
2021/10/17 16:36:43:723

I can't connect with the passive [192.168.100.113/5000] error_code:10060 !

<<<----  [OUT]
2021/10/17 16:36:46:209

Connecting Started...

<<<----  [OUT]
2021/10/17 16:37:07:255

I can't connect with the passive [192.168.100.113/5000] error_code:10060 !

<<<----  [OUT]
2021/10/17 16:37:09:741

Connecting Started...

<<<----  [OUT]
2021/10/17 16:37:30:765

I can't connect with the passive [192.168.100.113/5000] error_code:10060 !

<<<----  [OUT]
2021/10/17 16:37:33:257

Connecting Started...

<<<----  [OUT]
2021/10/17 16:37:54:294

I can't connect with the passive [192.168.100.113/5000] error_code:10060 !

<<<----  [OUT]
2021/10/17 16:37:56:772

Connecting Started...

<<<----  [OUT]
2021/10/17 16:38:17:814

I can't connect with the passive [192.168.100.113/5000] error_code:10060 !

<<<----  [OUT]
2021/10/17 16:38:20:304

Connecting Started...

<<<----  [OUT]
2021/10/17 16:38:41:326

I can't connect with the passive [192.168.100.113/5000] error_code:10060 !

<<<----  [OUT]
2021/10/17 16:38:43:803

Connecting Started...

<<<----  [OUT]
2021/10/17 16:39:04:846

I can't connect with the passive [192.168.100.113/5000] error_code:10060 !

<<<----  [OUT]
2021/10/17 16:39:07:334

Connecting Started...

<<<----  [OUT]
2021/10/17 16:39:28:360

I can't connect with the passive [192.168.100.113/5000] error_code:10060 !

<<<----  [OUT]
2021/10/17 16:39:30:849

Connecting Started...

<<<----  [OUT]
2021/10/17 16:39:51:876

I can't connect with the passive [192.168.100.113/5000] error_code:10060 !

<<<----  [OUT]
2021/10/17 16:39:54:366

Connecting Started...

<<<----  [OUT]
2021/10/17 16:40:15:412

I can't connect with the passive [192.168.100.113/5000] error_code:10060 !

<<<----  [OUT]
2021/10/17 16:40:17:897

Connecting Started...

<<<----  [OUT]
2021/10/17 16:40:38:916

I can't connect with the passive [192.168.100.113/5000] error_code:10060 !

<<<----  [OUT]
2021/10/17 16:40:41:397

Connecting Started...

<<<----  [OUT]
2021/10/17 16:41:02:445

I can't connect with the passive [192.168.100.113/5000] error_code:10060 !

<<<----  [OUT]
2021/10/17 16:41:04:929

Connecting Started...

<<<----  [OUT]
2021/10/17 16:41:25:969

I can't connect with the passive [192.168.100.113/5000] error_code:10060 !

<<<----  [OUT]
2021/10/17 16:41:28:459

Connecting Started...

<<<----  [OUT]
2021/10/17 16:41:49:499

I can't connect with the passive [192.168.100.113/5000] error_code:10060 !

<<<----  [OUT]
2021/10/17 16:41:51:976

Connecting Started...

<<<----  [OUT]
2021/10/17 16:42:13:006

I can't connect with the passive [192.168.100.113/5000] error_code:10060 !

<<<----  [OUT]
2021/10/17 16:42:15:490

Connecting Started...

<<<----  [OUT]
2021/10/17 16:42:36:545

I can't connect with the passive [192.168.100.113/5000] error_code:10060 !

<<<----  [OUT]
2021/10/17 16:42:39:021

Connecting Started...

<<<----  [OUT]
2021/10/17 16:43:00:066

I can't connect with the passive [192.168.100.113/5000] error_code:10060 !

<<<----  [OUT]
2021/10/17 16:43:02:553

Connecting Started...

<<<----  [OUT]
2021/10/17 16:43:23:603

I can't connect with the passive [192.168.100.113/5000] error_code:10060 !

<<<----  [OUT]
2021/10/17 16:43:26:084

Connecting Started...

<<<----  [OUT]
2021/10/17 16:43:47:127

I can't connect with the passive [192.168.100.113/5000] error_code:10060 !

<<<----  [OUT]
2021/10/17 16:43:49:615

Connecting Started...

<<<----  [OUT]
2021/10/17 16:44:10:649

I can't connect with the passive [192.168.100.113/5000] error_code:10060 !

<<<----  [OUT]
2021/10/17 16:44:13:131

Connecting Started...

<<<----  [OUT]
2021/10/17 16:44:34:167

I can't connect with the passive [192.168.100.113/5000] error_code:10060 !

<<<----  [OUT]
2021/10/17 16:44:36:647

Connecting Started...

<<<----  [OUT]
2021/10/17 16:44:57:714

I can't connect with the passive [192.168.100.113/5000] error_code:10060 !

<<<----  [OUT]
2021/10/17 16:45:00:194

Connecting Started...

<<<----  [OUT]
2021/10/17 16:45:21:220

I can't connect with the passive [192.168.100.113/5000] error_code:10060 !

<<<----  [OUT]
2021/10/17 16:45:23:710

Connecting Started...

<<<----  [OUT]
2021/10/17 16:45:44:741

I can't connect with the passive [192.168.100.113/5000] error_code:10060 !

<<<----  [OUT]
2021/10/17 16:45:47:226

Connecting Started...

<<<----  [OUT]
2021/10/17 16:46:08:274

I can't connect with the passive [192.168.100.113/5000] error_code:10060 !

<<<----  [OUT]
2021/10/17 16:46:10:756

Connecting Started...

<<<----  [OUT]
2021/10/17 16:46:31:801

I can't connect with the passive [192.168.100.113/5000] error_code:10060 !

<<<----  [OUT]
2021/10/17 16:46:34:287

Connecting Started...

<<<----  [OUT]
2021/10/17 16:46:55:332

I can't connect with the passive [192.168.100.113/5000] error_code:10060 !

<<<----  [OUT]
2021/10/17 16:46:57:820

Connecting Started...

<<<----  [OUT]
2021/10/17 16:47:18:849

I can't connect with the passive [192.168.100.113/5000] error_code:10060 !

<<<----  [OUT]
2021/10/17 16:47:21:334

Connecting Started...

<<<----  [OUT]
2021/10/17 16:47:42:364

I can't connect with the passive [192.168.100.113/5000] error_code:10060 !

<<<----  [OUT]
2021/10/17 16:47:44:851

Connecting Started...

<<<----  [OUT]
2021/10/17 16:48:05:904

I can't connect with the passive [192.168.100.113/5000] error_code:10060 !

<<<----  [OUT]
2021/10/17 16:48:08:381

Connecting Started...

<<<----  [OUT]
2021/10/17 16:48:29:401

I can't connect with the passive [192.168.100.113/5000] error_code:10060 !

<<<----  [OUT]
2021/10/17 16:48:31:882

Connecting Started...

<<<----  [OUT]
2021/10/17 16:48:52:932

I can't connect with the passive [192.168.100.113/5000] error_code:10060 !

<<<----  [OUT]
2021/10/17 16:48:55:413

Connecting Started...

<<<----  [OUT]
2021/10/17 16:49:16:461

I can't connect with the passive [192.168.100.113/5000] error_code:10060 !

<<<----  [OUT]
2021/10/17 16:49:18:944

Connecting Started...

<<<----  [OUT]
2021/10/17 16:49:39:983

I can't connect with the passive [192.168.100.113/5000] error_code:10060 !

<<<----  [OUT]
2021/10/17 16:49:42:459

Connecting Started...

<<<----  [OUT]
2021/10/17 16:50:03:506

I can't connect with the passive [192.168.100.113/5000] error_code:10060 !

<<<----  [OUT]
2021/10/17 16:50:05:990

Connecting Started...

<<<----  [OUT]
2021/10/17 16:50:27:025

I can't connect with the passive [192.168.100.113/5000] error_code:10060 !

<<<----  [OUT]
2021/10/17 16:50:29:506

Connecting Started...

<<<----  [OUT]
2021/10/17 16:50:50:563

I can't connect with the passive [192.168.100.113/5000] error_code:10060 !

<<<----  [OUT]
2021/10/17 16:50:53:053

Connecting Started...

<<<----  [OUT]
2021/10/17 16:51:14:089

I can't connect with the passive [192.168.100.113/5000] error_code:10060 !

<<<----  [OUT]
2021/10/17 16:51:16:569

Connecting Started...

<<<----  [OUT]
2021/10/17 16:51:37:612

I can't connect with the passive [192.168.100.113/5000] error_code:10060 !

<<<----  [OUT]
2021/10/17 16:51:40:100

Connecting Started...

<<<----  [OUT]
2021/10/17 16:52:01:130

I can't connect with the passive [192.168.100.113/5000] error_code:10060 !

<<<----  [OUT]
2021/10/17 16:52:03:616

Connecting Started...

<<<----  [OUT]
2021/10/17 16:52:24:647

I can't connect with the passive [192.168.100.113/5000] error_code:10060 !

<<<----  [OUT]
2021/10/17 16:52:27:131

Connecting Started...

<<<----  [OUT]
2021/10/17 16:52:48:161

I can't connect with the passive [192.168.100.113/5000] error_code:10060 !

<<<----  [OUT]
2021/10/17 16:52:50:646

Connecting Started...

<<<----  [OUT]
2021/10/17 16:53:11:685

I can't connect with the passive [192.168.100.113/5000] error_code:10060 !

<<<----  [OUT]
2021/10/17 16:53:14:163

Connecting Started...

<<<----  [OUT]
2021/10/17 16:53:35:196

I can't connect with the passive [192.168.100.113/5000] error_code:10060 !

<<<----  [OUT]
2021/10/17 16:53:37:677

Connecting Started...

<<<----  [OUT]
2021/10/17 16:53:58:715

I can't connect with the passive [192.168.100.113/5000] error_code:10060 !

<<<----  [OUT]
2021/10/17 16:54:01:194

Connecting Started...

<<<----  [OUT]
2021/10/17 16:54:22:226

I can't connect with the passive [192.168.100.113/5000] error_code:10060 !

<<<----  [OUT]
2021/10/17 16:54:24:710

Connecting Started...

<<<----  [OUT]
2021/10/17 16:54:45:759

I can't connect with the passive [192.168.100.113/5000] error_code:10060 !

<<<----  [OUT]
2021/10/17 16:54:48:242

Connecting Started...

<<<----  [OUT]
2021/10/17 16:55:09:283

I can't connect with the passive [192.168.100.113/5000] error_code:10060 !

<<<----  [OUT]
2021/10/17 16:55:11:773

Connecting Started...

<<<----  [OUT]
2021/10/17 16:55:32:815

I can't connect with the passive [192.168.100.113/5000] error_code:10060 !

<<<----  [OUT]
2021/10/17 16:55:35:304

Connecting Started...

<<<----  [OUT]
2021/10/17 16:55:56:332

I can't connect with the passive [192.168.100.113/5000] error_code:10060 !

<<<----  [OUT]
2021/10/17 16:55:58:819

Connecting Started...

<<<----  [OUT]
2021/10/17 16:56:19:861

I can't connect with the passive [192.168.100.113/5000] error_code:10060 !

<<<----  [OUT]
2021/10/17 16:56:22:350

Connecting Started...

<<<----  [OUT]
2021/10/17 16:56:43:385

I can't connect with the passive [192.168.100.113/5000] error_code:10060 !

<<<----  [OUT]
2021/10/17 16:56:45:865

Connecting Started...

<<<----  [OUT]
2021/10/17 16:57:06:916

I can't connect with the passive [192.168.100.113/5000] error_code:10060 !

<<<----  [OUT]
2021/10/17 16:57:09:397

Connecting Started...

<<<----  [OUT]
2021/10/17 16:57:30:445

I can't connect with the passive [192.168.100.113/5000] error_code:10060 !

<<<----  [OUT]
2021/10/17 16:57:32:928

Connecting Started...

<<<----  [OUT]
2021/10/17 16:57:53:969

I can't connect with the passive [192.168.100.113/5000] error_code:10060 !

<<<----  [OUT]
2021/10/17 16:57:56:460

Connecting Started...

<<<----  [OUT]
2021/10/17 16:58:17:492

I can't connect with the passive [192.168.100.113/5000] error_code:10060 !

<<<----  [OUT]
2021/10/17 16:58:19:975

Connecting Started...

<<<----  [OUT]
2021/10/17 16:58:41:015

I can't connect with the passive [192.168.100.113/5000] error_code:10060 !

<<<----  [OUT]
2021/10/17 16:58:43:506

Connecting Started...

<<<----  [OUT]
2021/10/17 16:59:04:539

I can't connect with the passive [192.168.100.113/5000] error_code:10060 !

<<<----  [OUT]
2021/10/17 16:59:07:021

Connecting Started...

<<<----  [OUT]
2021/10/17 16:59:28:069

I can't connect with the passive [192.168.100.113/5000] error_code:10060 !

<<<----  [OUT]
2021/10/17 16:59:30:554

Connecting Started...

<<<----  [OUT]
2021/10/17 16:59:51:589

I can't connect with the passive [192.168.100.113/5000] error_code:10060 !

<<<----  [OUT]
2021/10/17 16:59:54:070

Connecting Started...
