
<<<----  [OUT]
2021/10/17 15:00:06:892

I can't connect with the passive [192.168.100.113/5000] error_code:10060 !

<<<----  [OUT]
2021/10/17 15:00:09:381

Connecting Started...

<<<----  [OUT]
2021/10/17 15:00:30:416

I can't connect with the passive [192.168.100.113/5000] error_code:10060 !

<<<----  [OUT]
2021/10/17 15:00:32:897

Connecting Started...

<<<----  [OUT]
2021/10/17 15:00:53:949

I can't connect with the passive [192.168.100.113/5000] error_code:10060 !

<<<----  [OUT]
2021/10/17 15:00:56:428

Connecting Started...

<<<----  [OUT]
2021/10/17 15:01:17:467

I can't connect with the passive [192.168.100.113/5000] error_code:10060 !

<<<----  [OUT]
2021/10/17 15:01:19:944

Connecting Started...

<<<----  [OUT]
2021/10/17 15:01:40:992

I can't connect with the passive [192.168.100.113/5000] error_code:10060 !

<<<----  [OUT]
2021/10/17 15:01:43:476

Connecting Started...

<<<----  [OUT]
2021/10/17 15:02:04:506

I can't connect with the passive [192.168.100.113/5000] error_code:10060 !

<<<----  [OUT]
2021/10/17 15:02:06:990

Connecting Started...

<<<----  [OUT]
2021/10/17 15:02:28:025

I can't connect with the passive [192.168.100.113/5000] error_code:10060 !

<<<----  [OUT]
2021/10/17 15:02:30:505

Connecting Started...

<<<----  [OUT]
2021/10/17 15:02:51:534

I can't connect with the passive [192.168.100.113/5000] error_code:10060 !

<<<----  [OUT]
2021/10/17 15:02:54:021

Connecting Started...

<<<----  [OUT]
2021/10/17 15:03:15:065

I can't connect with the passive [192.168.100.113/5000] error_code:10060 !

<<<----  [OUT]
2021/10/17 15:03:17:553

Connecting Started...

<<<----  [OUT]
2021/10/17 15:03:38:583

I can't connect with the passive [192.168.100.113/5000] error_code:10060 !

<<<----  [OUT]
2021/10/17 15:03:41:069

Connecting Started...

<<<----  [OUT]
2021/10/17 15:04:02:102

I can't connect with the passive [192.168.100.113/5000] error_code:10060 !

<<<----  [OUT]
2021/10/17 15:04:04:584

Connecting Started...

<<<----  [OUT]
2021/10/17 15:04:25:643

I can't connect with the passive [192.168.100.113/5000] error_code:10060 !

<<<----  [OUT]
2021/10/17 15:04:28:131

Connecting Started...

<<<----  [OUT]
2021/10/17 15:04:49:172

I can't connect with the passive [192.168.100.113/5000] error_code:10060 !

<<<----  [OUT]
2021/10/17 15:04:51:662

Connecting Started...

<<<----  [OUT]
2021/10/17 15:05:12:703

I can't connect with the passive [192.168.100.113/5000] error_code:10060 !

<<<----  [OUT]
2021/10/17 15:05:15:194

Connecting Started...

<<<----  [OUT]
2021/10/17 15:05:36:238

I can't connect with the passive [192.168.100.113/5000] error_code:10060 !

<<<----  [OUT]
2021/10/17 15:05:38:725

Connecting Started...

<<<----  [OUT]
2021/10/17 15:05:59:771

I can't connect with the passive [192.168.100.113/5000] error_code:10060 !

<<<----  [OUT]
2021/10/17 15:06:02:257

Connecting Started...

<<<----  [OUT]
2021/10/17 15:06:23:290

I can't connect with the passive [192.168.100.113/5000] error_code:10060 !

<<<----  [OUT]
2021/10/17 15:06:25:773

Connecting Started...

<<<----  [OUT]
2021/10/17 15:06:46:803

I can't connect with the passive [192.168.100.113/5000] error_code:10060 !

<<<----  [OUT]
2021/10/17 15:06:49:287

Connecting Started...

<<<----  [OUT]
2021/10/17 15:07:10:320

I can't connect with the passive [192.168.100.113/5000] error_code:10060 !

<<<----  [OUT]
2021/10/17 15:07:12:803

Connecting Started...

<<<----  [OUT]
2021/10/17 15:07:33:851

I can't connect with the passive [192.168.100.113/5000] error_code:10060 !

<<<----  [OUT]
2021/10/17 15:07:36:334

Connecting Started...

<<<----  [OUT]
2021/10/17 15:07:57:378

I can't connect with the passive [192.168.100.113/5000] error_code:10060 !

<<<----  [OUT]
2021/10/17 15:07:59:866

Connecting Started...

<<<----  [OUT]
2021/10/17 15:08:20:908

I can't connect with the passive [192.168.100.113/5000] error_code:10060 !

<<<----  [OUT]
2021/10/17 15:08:23:396

Connecting Started...

<<<----  [OUT]
2021/10/17 15:08:44:435

I can't connect with the passive [192.168.100.113/5000] error_code:10060 !

<<<----  [OUT]
2021/10/17 15:08:46:912

Connecting Started...

<<<----  [OUT]
2021/10/17 15:09:07:968

I can't connect with the passive [192.168.100.113/5000] error_code:10060 !

<<<----  [OUT]
2021/10/17 15:09:10:459

Connecting Started...

<<<----  [OUT]
2021/10/17 15:09:31:501

I can't connect with the passive [192.168.100.113/5000] error_code:10060 !

<<<----  [OUT]
2021/10/17 15:09:33:990

Connecting Started...

<<<----  [OUT]
2021/10/17 15:09:55:035

I can't connect with the passive [192.168.100.113/5000] error_code:10060 !

<<<----  [OUT]
2021/10/17 15:09:57:522

Connecting Started...

<<<----  [OUT]
2021/10/17 15:10:18:564

I can't connect with the passive [192.168.100.113/5000] error_code:10060 !

<<<----  [OUT]
2021/10/17 15:10:21:053

Connecting Started...

<<<----  [OUT]
2021/10/17 15:10:42:084

I can't connect with the passive [192.168.100.113/5000] error_code:10060 !

<<<----  [OUT]
2021/10/17 15:10:44:570

Connecting Started...

<<<----  [OUT]
2021/10/17 15:11:05:595

I can't connect with the passive [192.168.100.113/5000] error_code:10060 !

<<<----  [OUT]
2021/10/17 15:11:08:085

Connecting Started...

<<<----  [OUT]
2021/10/17 15:11:29:143

I can't connect with the passive [192.168.100.113/5000] error_code:10060 !

<<<----  [OUT]
2021/10/17 15:11:31:631

Connecting Started...

<<<----  [OUT]
2021/10/17 15:11:52:682

I can't connect with the passive [192.168.100.113/5000] error_code:10060 !

<<<----  [OUT]
2021/10/17 15:11:55:163

Connecting Started...

<<<----  [OUT]
2021/10/17 15:12:16:218

I can't connect with the passive [192.168.100.113/5000] error_code:10060 !

<<<----  [OUT]
2021/10/17 15:12:18:694

Connecting Started...

<<<----  [OUT]
2021/10/17 15:12:39:744

I can't connect with the passive [192.168.100.113/5000] error_code:10060 !

<<<----  [OUT]
2021/10/17 15:12:42:226

Connecting Started...

<<<----  [OUT]
2021/10/17 15:13:03:268

I can't connect with the passive [192.168.100.113/5000] error_code:10060 !

<<<----  [OUT]
2021/10/17 15:13:05:757

Connecting Started...

<<<----  [OUT]
2021/10/17 15:13:26:799

I can't connect with the passive [192.168.100.113/5000] error_code:10060 !

<<<----  [OUT]
2021/10/17 15:13:29:287

Connecting Started...

<<<----  [OUT]
2021/10/17 15:13:50:311

I can't connect with the passive [192.168.100.113/5000] error_code:10060 !

<<<----  [OUT]
2021/10/17 15:13:52:787

Connecting Started...

<<<----  [OUT]
2021/10/17 15:14:13:833

I can't connect with the passive [192.168.100.113/5000] error_code:10060 !

<<<----  [OUT]
2021/10/17 15:14:16:319

Connecting Started...

<<<----  [OUT]
2021/10/17 15:14:37:340

I can't connect with the passive [192.168.100.113/5000] error_code:10060 !

<<<----  [OUT]
2021/10/17 15:14:39:819

Connecting Started...

<<<----  [OUT]
2021/10/17 15:15:00:870

I can't connect with the passive [192.168.100.113/5000] error_code:10060 !

<<<----  [OUT]
2021/10/17 15:15:03:349

Connecting Started...

<<<----  [OUT]
2021/10/17 15:15:24:392

I can't connect with the passive [192.168.100.113/5000] error_code:10060 !

<<<----  [OUT]
2021/10/17 15:15:26:880

Connecting Started...

<<<----  [OUT]
2021/10/17 15:15:47:928

I can't connect with the passive [192.168.100.113/5000] error_code:10060 !

<<<----  [OUT]
2021/10/17 15:15:50:414

Connecting Started...

<<<----  [OUT]
2021/10/17 15:16:11:458

I can't connect with the passive [192.168.100.113/5000] error_code:10060 !

<<<----  [OUT]
2021/10/17 15:16:13:944

Connecting Started...

<<<----  [OUT]
2021/10/17 15:16:35:001

I can't connect with the passive [192.168.100.113/5000] error_code:10060 !

<<<----  [OUT]
2021/10/17 15:16:37:491

Connecting Started...

<<<----  [OUT]
2021/10/17 15:16:58:520

I can't connect with the passive [192.168.100.113/5000] error_code:10060 !

<<<----  [OUT]
2021/10/17 15:17:01:007

Connecting Started...

<<<----  [OUT]
2021/10/17 15:17:22:048

I can't connect with the passive [192.168.100.113/5000] error_code:10060 !

<<<----  [OUT]
2021/10/17 15:17:24:538

Connecting Started...

<<<----  [OUT]
2021/10/17 15:17:45:573

I can't connect with the passive [192.168.100.113/5000] error_code:10060 !

<<<----  [OUT]
2021/10/17 15:17:48:053

Connecting Started...

<<<----  [OUT]
2021/10/17 15:18:09:104

I can't connect with the passive [192.168.100.113/5000] error_code:10060 !

<<<----  [OUT]
2021/10/17 15:18:11:584

Connecting Started...

<<<----  [OUT]
2021/10/17 15:18:32:624

I can't connect with the passive [192.168.100.113/5000] error_code:10060 !

<<<----  [OUT]
2021/10/17 15:18:35:101

Connecting Started...

<<<----  [OUT]
2021/10/17 15:18:56:156

I can't connect with the passive [192.168.100.113/5000] error_code:10060 !

<<<----  [OUT]
2021/10/17 15:18:58:648

Connecting Started...

<<<----  [OUT]
2021/10/17 15:19:19:680

I can't connect with the passive [192.168.100.113/5000] error_code:10060 !

<<<----  [OUT]
2021/10/17 15:19:22:163

Connecting Started...

<<<----  [OUT]
2021/10/17 15:19:43:202

I can't connect with the passive [192.168.100.113/5000] error_code:10060 !

<<<----  [OUT]
2021/10/17 15:19:45:679

Connecting Started...

<<<----  [OUT]
2021/10/17 15:20:06:722

I can't connect with the passive [192.168.100.113/5000] error_code:10060 !

<<<----  [OUT]
2021/10/17 15:20:09:209

Connecting Started...

<<<----  [OUT]
2021/10/17 15:20:30:255

I can't connect with the passive [192.168.100.113/5000] error_code:10060 !

<<<----  [OUT]
2021/10/17 15:20:32:741

Connecting Started...

<<<----  [OUT]
2021/10/17 15:20:53:778

I can't connect with the passive [192.168.100.113/5000] error_code:10060 !

<<<----  [OUT]
2021/10/17 15:20:56:257

Connecting Started...

<<<----  [OUT]
2021/10/17 15:21:17:289

I can't connect with the passive [192.168.100.113/5000] error_code:10060 !

<<<----  [OUT]
2021/10/17 15:21:19:771

Connecting Started...

<<<----  [OUT]
2021/10/17 15:21:40:814

I can't connect with the passive [192.168.100.113/5000] error_code:10060 !

<<<----  [OUT]
2021/10/17 15:21:43:303

Connecting Started...

<<<----  [OUT]
2021/10/17 15:22:04:340

I can't connect with the passive [192.168.100.113/5000] error_code:10060 !

<<<----  [OUT]
2021/10/17 15:22:06:819

Connecting Started...

<<<----  [OUT]
2021/10/17 15:22:27:859

I can't connect with the passive [192.168.100.113/5000] error_code:10060 !

<<<----  [OUT]
2021/10/17 15:22:30:351

Connecting Started...

<<<----  [OUT]
2021/10/17 15:22:51:662

I can't connect with the passive [192.168.100.113/5000] error_code:10060 !

<<<----  [OUT]
2021/10/17 15:22:54:148

Connecting Started...

<<<----  [OUT]
2021/10/17 15:23:15:399

I can't connect with the passive [192.168.100.113/5000] error_code:10060 !

<<<----  [OUT]
2021/10/17 15:23:17:880

Connecting Started...

<<<----  [OUT]
2021/10/17 15:23:38:935

I can't connect with the passive [192.168.100.113/5000] error_code:10060 !

<<<----  [OUT]
2021/10/17 15:23:41:413

Connecting Started...

<<<----  [OUT]
2021/10/17 15:24:02:441

I can't connect with the passive [192.168.100.113/5000] error_code:10060 !

<<<----  [OUT]
2021/10/17 15:24:04:928

Connecting Started...

<<<----  [OUT]
2021/10/17 15:24:25:955

I can't connect with the passive [192.168.100.113/5000] error_code:10060 !

<<<----  [OUT]
2021/10/17 15:24:28:445

Connecting Started...

<<<----  [OUT]
2021/10/17 15:24:49:469

I can't connect with the passive [192.168.100.113/5000] error_code:10060 !

<<<----  [OUT]
2021/10/17 15:24:51:960

Connecting Started...

<<<----  [OUT]
2021/10/17 15:25:12:987

I can't connect with the passive [192.168.100.113/5000] error_code:10060 !

<<<----  [OUT]
2021/10/17 15:25:15:475

Connecting Started...

<<<----  [OUT]
2021/10/17 15:25:36:502

I can't connect with the passive [192.168.100.113/5000] error_code:10060 !

<<<----  [OUT]
2021/10/17 15:25:38:991

Connecting Started...

<<<----  [OUT]
2021/10/17 15:26:00:040

I can't connect with the passive [192.168.100.113/5000] error_code:10060 !

<<<----  [OUT]
2021/10/17 15:26:02:522

Connecting Started...

<<<----  [OUT]
2021/10/17 15:26:23:565

I can't connect with the passive [192.168.100.113/5000] error_code:10060 !

<<<----  [OUT]
2021/10/17 15:26:26:053

Connecting Started...

<<<----  [OUT]
2021/10/17 15:26:47:081

I can't connect with the passive [192.168.100.113/5000] error_code:10060 !

<<<----  [OUT]
2021/10/17 15:26:49:568

Connecting Started...

<<<----  [OUT]
2021/10/17 15:27:10:605

I can't connect with the passive [192.168.100.113/5000] error_code:10060 !

<<<----  [OUT]
2021/10/17 15:27:13:085

Connecting Started...

<<<----  [OUT]
2021/10/17 15:27:34:123

I can't connect with the passive [192.168.100.113/5000] error_code:10060 !

<<<----  [OUT]
2021/10/17 15:27:36:599

Connecting Started...

<<<----  [OUT]
2021/10/17 15:27:57:638

I can't connect with the passive [192.168.100.113/5000] error_code:10060 !

<<<----  [OUT]
2021/10/17 15:28:00:116

Connecting Started...

<<<----  [OUT]
2021/10/17 15:28:21:161

I can't connect with the passive [192.168.100.113/5000] error_code:10060 !

<<<----  [OUT]
2021/10/17 15:28:23:648

Connecting Started...

<<<----  [OUT]
2021/10/17 15:28:44:703

I can't connect with the passive [192.168.100.113/5000] error_code:10060 !

<<<----  [OUT]
2021/10/17 15:28:47:194

Connecting Started...

<<<----  [OUT]
2021/10/17 15:29:08:249

I can't connect with the passive [192.168.100.113/5000] error_code:10060 !

<<<----  [OUT]
2021/10/17 15:29:10:741

Connecting Started...

<<<----  [OUT]
2021/10/17 15:29:31:774

I can't connect with the passive [192.168.100.113/5000] error_code:10060 !

<<<----  [OUT]
2021/10/17 15:29:34:257

Connecting Started...

<<<----  [OUT]
2021/10/17 15:29:55:307

I can't connect with the passive [192.168.100.113/5000] error_code:10060 !

<<<----  [OUT]
2021/10/17 15:29:57:787

Connecting Started...

<<<----  [OUT]
2021/10/17 15:30:18:839

I can't connect with the passive [192.168.100.113/5000] error_code:10060 !

<<<----  [OUT]
2021/10/17 15:30:21:319

Connecting Started...

<<<----  [OUT]
2021/10/17 15:30:42:380

I can't connect with the passive [192.168.100.113/5000] error_code:10060 !

<<<----  [OUT]
2021/10/17 15:30:44:866

Connecting Started...

<<<----  [OUT]
2021/10/17 15:31:05:909

I can't connect with the passive [192.168.100.113/5000] error_code:10060 !

<<<----  [OUT]
2021/10/17 15:31:08:398

Connecting Started...

<<<----  [OUT]
2021/10/17 15:31:29:439

I can't connect with the passive [192.168.100.113/5000] error_code:10060 !

<<<----  [OUT]
2021/10/17 15:31:31:929

Connecting Started...

<<<----  [OUT]
2021/10/17 15:31:52:986

I can't connect with the passive [192.168.100.113/5000] error_code:10060 !

<<<----  [OUT]
2021/10/17 15:31:55:476

Connecting Started...

<<<----  [OUT]
2021/10/17 15:32:16:536

I can't connect with the passive [192.168.100.113/5000] error_code:10060 !

<<<----  [OUT]
2021/10/17 15:32:19:022

Connecting Started...

<<<----  [OUT]
2021/10/17 15:32:40:071

I can't connect with the passive [192.168.100.113/5000] error_code:10060 !

<<<----  [OUT]
2021/10/17 15:32:42:554

Connecting Started...

<<<----  [OUT]
2021/10/17 15:33:03:595

I can't connect with the passive [192.168.100.113/5000] error_code:10060 !

<<<----  [OUT]
2021/10/17 15:33:06:084

Connecting Started...

<<<----  [OUT]
2021/10/17 15:33:27:115

I can't connect with the passive [192.168.100.113/5000] error_code:10060 !

<<<----  [OUT]
2021/10/17 15:33:29:600

Connecting Started...

<<<----  [OUT]
2021/10/17 15:33:50:647

I can't connect with the passive [192.168.100.113/5000] error_code:10060 !

<<<----  [OUT]
2021/10/17 15:33:53:131

Connecting Started...

<<<----  [OUT]
2021/10/17 15:34:14:165

I can't connect with the passive [192.168.100.113/5000] error_code:10060 !

<<<----  [OUT]
2021/10/17 15:34:16:647

Connecting Started...

<<<----  [OUT]
2021/10/17 15:34:37:678

I can't connect with the passive [192.168.100.113/5000] error_code:10060 !

<<<----  [OUT]
2021/10/17 15:34:40:163

Connecting Started...

<<<----  [OUT]
2021/10/17 15:35:01:207

I can't connect with the passive [192.168.100.113/5000] error_code:10060 !

<<<----  [OUT]
2021/10/17 15:35:03:693

Connecting Started...

<<<----  [OUT]
2021/10/17 15:35:24:721

I can't connect with the passive [192.168.100.113/5000] error_code:10060 !

<<<----  [OUT]
2021/10/17 15:35:27:209

Connecting Started...

<<<----  [OUT]
2021/10/17 15:35:48:245

I can't connect with the passive [192.168.100.113/5000] error_code:10060 !

<<<----  [OUT]
2021/10/17 15:35:50:725

Connecting Started...

<<<----  [OUT]
2021/10/17 15:36:11:748

I can't connect with the passive [192.168.100.113/5000] error_code:10060 !

<<<----  [OUT]
2021/10/17 15:36:14:226

Connecting Started...

<<<----  [OUT]
2021/10/17 15:36:35:277

I can't connect with the passive [192.168.100.113/5000] error_code:10060 !

<<<----  [OUT]
2021/10/17 15:36:37:757

Connecting Started...

<<<----  [OUT]
2021/10/17 15:36:58:785

I can't connect with the passive [192.168.100.113/5000] error_code:10060 !

<<<----  [OUT]
2021/10/17 15:37:01:272

Connecting Started...

<<<----  [OUT]
2021/10/17 15:37:22:321

I can't connect with the passive [192.168.100.113/5000] error_code:10060 !

<<<----  [OUT]
2021/10/17 15:37:24:804

Connecting Started...

<<<----  [OUT]
2021/10/17 15:37:45:821

I can't connect with the passive [192.168.100.113/5000] error_code:10060 !

<<<----  [OUT]
2021/10/17 15:37:48:304

Connecting Started...

<<<----  [OUT]
2021/10/17 15:38:09:349

I can't connect with the passive [192.168.100.113/5000] error_code:10060 !

<<<----  [OUT]
2021/10/17 15:38:11:834

Connecting Started...

<<<----  [OUT]
2021/10/17 15:38:32:872

I can't connect with the passive [192.168.100.113/5000] error_code:10060 !

<<<----  [OUT]
2021/10/17 15:38:35:350

Connecting Started...

<<<----  [OUT]
2021/10/17 15:38:56:379

I can't connect with the passive [192.168.100.113/5000] error_code:10060 !

<<<----  [OUT]
2021/10/17 15:38:58:865

Connecting Started...

<<<----  [OUT]
2021/10/17 15:39:19:895

I can't connect with the passive [192.168.100.113/5000] error_code:10060 !

<<<----  [OUT]
2021/10/17 15:39:22:380

Connecting Started...

<<<----  [OUT]
2021/10/17 15:39:43:407

I can't connect with the passive [192.168.100.113/5000] error_code:10060 !

<<<----  [OUT]
2021/10/17 15:39:45:897

Connecting Started...

<<<----  [OUT]
2021/10/17 15:40:06:921

I can't connect with the passive [192.168.100.113/5000] error_code:10060 !

<<<----  [OUT]
2021/10/17 15:40:09:414

Connecting Started...

<<<----  [OUT]
2021/10/17 15:40:30:450

I can't connect with the passive [192.168.100.113/5000] error_code:10060 !

<<<----  [OUT]
2021/10/17 15:40:32:929

Connecting Started...

<<<----  [OUT]
2021/10/17 15:40:53:969

I can't connect with the passive [192.168.100.113/5000] error_code:10060 !

<<<----  [OUT]
2021/10/17 15:40:56:459

Connecting Started...

<<<----  [OUT]
2021/10/17 15:41:17:477

I can't connect with the passive [192.168.100.113/5000] error_code:10060 !

<<<----  [OUT]
2021/10/17 15:41:19:959

Connecting Started...

<<<----  [OUT]
2021/10/17 15:41:41:006

I can't connect with the passive [192.168.100.113/5000] error_code:10060 !

<<<----  [OUT]
2021/10/17 15:41:43:490

Connecting Started...

<<<----  [OUT]
2021/10/17 15:42:04:527

I can't connect with the passive [192.168.100.113/5000] error_code:10060 !

<<<----  [OUT]
2021/10/17 15:42:07:006

Connecting Started...

<<<----  [OUT]
2021/10/17 15:42:28:041

I can't connect with the passive [192.168.100.113/5000] error_code:10060 !

<<<----  [OUT]
2021/10/17 15:42:30:522

Connecting Started...

<<<----  [OUT]
2021/10/17 15:42:51:550

I can't connect with the passive [192.168.100.113/5000] error_code:10060 !

<<<----  [OUT]
2021/10/17 15:42:54:037

Connecting Started...

<<<----  [OUT]
2021/10/17 15:47:20:501

---------------------------------------------------------------------
// FA : Start Log ...


<<<----  [OUT]
2021/10/17 15:47:20:518

//-------------------------------------------------------------
Property Information

   Driver Type [HSMS]
   Driver Mode [ACTIVE]
   IP    [192.168.100.113]
   Port  [5000]
//-------------------------------------------------------------


<<<----  [OUT]
2021/10/17 15:47:21:119

Auto-Start Started ... (Active)

<<<----  [OUT]
2021/10/17 15:47:21:210

Auto-Start Started ...  Waiting Stop-Connection.

<<<----  [OUT]
2021/10/17 15:47:21:210

Auto-Start Started ...  Waiting Open-Socket.

<<<----  [OUT]
2021/10/17 15:47:21:227

Socket Open Started...

<<<----  [OUT]
2021/10/17 15:47:21:227

Socket Open Completed...

<<<----  [OUT]
2021/10/17 15:47:21:227

Connecting Started...

<<<----  [OUT]
2021/10/17 15:47:21:300

Auto-Start Completed ...  (Active)

<<<----  [OUT]
2021/10/17 15:47:42:259

I can't connect with the passive [192.168.100.113/5000] error_code:10060 !

<<<----  [OUT]
2021/10/17 15:47:44:740

Connecting Started...

<<<----  [OUT]
2021/10/17 15:48:05:788

I can't connect with the passive [192.168.100.113/5000] error_code:10060 !

<<<----  [OUT]
2021/10/17 15:48:08:273

Connecting Started...

<<<----  [OUT]
2021/10/17 15:48:29:314

I can't connect with the passive [192.168.100.113/5000] error_code:10060 !

<<<----  [OUT]
2021/10/17 15:48:31:803

Connecting Started...

<<<----  [OUT]
2021/10/17 15:48:52:843

I can't connect with the passive [192.168.100.113/5000] error_code:10060 !

<<<----  [OUT]
2021/10/17 15:48:55:319

Connecting Started...

<<<----  [OUT]
2021/10/17 15:49:16:373

I can't connect with the passive [192.168.100.113/5000] error_code:10060 !

<<<----  [OUT]
2021/10/17 15:49:18:850

Connecting Started...

<<<----  [OUT]
2021/10/17 15:49:39:917

I can't connect with the passive [192.168.100.113/5000] error_code:10060 !

<<<----  [OUT]
2021/10/17 15:49:42:397

Connecting Started...

<<<----  [OUT]
2021/10/17 15:50:03:445

I can't connect with the passive [192.168.100.113/5000] error_code:10060 !

<<<----  [OUT]
2021/10/17 15:50:05:927

Connecting Started...

<<<----  [OUT]
2021/10/17 15:50:26:951

I can't connect with the passive [192.168.100.113/5000] error_code:10060 !

<<<----  [OUT]
2021/10/17 15:50:29:428

Connecting Started...

<<<----  [OUT]
2021/10/17 15:50:50:467

I can't connect with the passive [192.168.100.113/5000] error_code:10060 !

<<<----  [OUT]
2021/10/17 15:50:52:943

Connecting Started...

<<<----  [OUT]
2021/10/17 15:51:13:979

I can't connect with the passive [192.168.100.113/5000] error_code:10060 !

<<<----  [OUT]
2021/10/17 15:51:16:459

Connecting Started...

<<<----  [OUT]
2021/10/17 15:51:37:489

I can't connect with the passive [192.168.100.113/5000] error_code:10060 !

<<<----  [OUT]
2021/10/17 15:51:39:975

Connecting Started...

<<<----  [OUT]
2021/10/17 15:52:01:025

I can't connect with the passive [192.168.100.113/5000] error_code:10060 !

<<<----  [OUT]
2021/10/17 15:52:03:506

Connecting Started...

<<<----  [OUT]
2021/10/17 15:52:24:532

I can't connect with the passive [192.168.100.113/5000] error_code:10060 !

<<<----  [OUT]
2021/10/17 15:52:27:021

Connecting Started...

<<<----  [OUT]
2021/10/17 15:52:48:063

I can't connect with the passive [192.168.100.113/5000] error_code:10060 !

<<<----  [OUT]
2021/10/17 15:52:50:552

Connecting Started...

<<<----  [OUT]
2021/10/17 15:53:11:595

I can't connect with the passive [192.168.100.113/5000] error_code:10060 !

<<<----  [OUT]
2021/10/17 15:53:14:084

Connecting Started...

<<<----  [OUT]
2021/10/17 15:53:35:140

I can't connect with the passive [192.168.100.113/5000] error_code:10060 !

<<<----  [OUT]
2021/10/17 15:53:37:630

Connecting Started...

<<<----  [OUT]
2021/10/17 15:53:58:672

I can't connect with the passive [192.168.100.113/5000] error_code:10060 !

<<<----  [OUT]
2021/10/17 15:54:01:163

Connecting Started...

<<<----  [OUT]
2021/10/17 15:54:22:188

I can't connect with the passive [192.168.100.113/5000] error_code:10060 !

<<<----  [OUT]
2021/10/17 15:54:24:679

Connecting Started...

<<<----  [OUT]
2021/10/17 15:54:45:717

I can't connect with the passive [192.168.100.113/5000] error_code:10060 !

<<<----  [OUT]
2021/10/17 15:54:48:194

Connecting Started...

<<<----  [OUT]
2021/10/17 15:55:09:236

I can't connect with the passive [192.168.100.113/5000] error_code:10060 !

<<<----  [OUT]
2021/10/17 15:55:11:725

Connecting Started...

<<<----  [OUT]
2021/10/17 15:55:32:780

I can't connect with the passive [192.168.100.113/5000] error_code:10060 !

<<<----  [OUT]
2021/10/17 15:55:35:256

Connecting Started...

<<<----  [OUT]
2021/10/17 15:55:56:276

I can't connect with the passive [192.168.100.113/5000] error_code:10060 !

<<<----  [OUT]
2021/10/17 15:55:58:756

Connecting Started...

<<<----  [OUT]
2021/10/17 15:56:19:792

I can't connect with the passive [192.168.100.113/5000] error_code:10060 !

<<<----  [OUT]
2021/10/17 15:56:22:272

Connecting Started...

<<<----  [OUT]
2021/10/17 15:56:43:315

I can't connect with the passive [192.168.100.113/5000] error_code:10060 !

<<<----  [OUT]
2021/10/17 15:56:45:803

Connecting Started...

<<<----  [OUT]
2021/10/17 15:57:06:847

I can't connect with the passive [192.168.100.113/5000] error_code:10060 !

<<<----  [OUT]
2021/10/17 15:57:09:335

Connecting Started...

<<<----  [OUT]
2021/10/17 15:57:30:374

I can't connect with the passive [192.168.100.113/5000] error_code:10060 !

<<<----  [OUT]
2021/10/17 15:57:32:850

Connecting Started...

<<<----  [OUT]
2021/10/17 15:57:53:902

I can't connect with the passive [192.168.100.113/5000] error_code:10060 !

<<<----  [OUT]
2021/10/17 15:57:56:381

Connecting Started...

<<<----  [OUT]
2021/10/17 15:58:17:415

I can't connect with the passive [192.168.100.113/5000] error_code:10060 !

<<<----  [OUT]
2021/10/17 15:58:19:896

Connecting Started...

<<<----  [OUT]
2021/10/17 15:58:40:935

I can't connect with the passive [192.168.100.113/5000] error_code:10060 !

<<<----  [OUT]
2021/10/17 15:58:43:414

Connecting Started...

<<<----  [OUT]
2021/10/17 15:59:04:468

I can't connect with the passive [192.168.100.113/5000] error_code:10060 !

<<<----  [OUT]
2021/10/17 15:59:06:959

Connecting Started...

<<<----  [OUT]
2021/10/17 15:59:27:999

I can't connect with the passive [192.168.100.113/5000] error_code:10060 !

<<<----  [OUT]
2021/10/17 15:59:30:491

Connecting Started...

<<<----  [OUT]
2021/10/17 15:59:51:527

I can't connect with the passive [192.168.100.113/5000] error_code:10060 !

<<<----  [OUT]
2021/10/17 15:59:54:006

Connecting Started...
