
<<<----  [OUT]
2021/10/17 00:02:20:094

---------------------------------------------------------------------
// FA : Start Log ...


<<<----  [OUT]
2021/10/17 00:02:20:102

//-------------------------------------------------------------
Property Information

   Driver Type [HSMS]
   Driver Mode [ACTIVE]
   IP    [192.168.100.113]
   Port  [5000]
//-------------------------------------------------------------


<<<----  [OUT]
2021/10/17 00:02:20:704

Auto-Start Started ... (Active)

<<<----  [OUT]
2021/10/17 00:02:20:794

Auto-Start Started ...  Waiting Stop-Connection.

<<<----  [OUT]
2021/10/17 00:02:20:794

Auto-Start Started ...  Waiting Open-Socket.

<<<----  [OUT]
2021/10/17 00:02:20:820

Socket Open Started...

<<<----  [OUT]
2021/10/17 00:02:20:820

Socket Open Completed...

<<<----  [OUT]
2021/10/17 00:02:20:820

Connecting Started...

<<<----  [OUT]
2021/10/17 00:02:20:885

Auto-Start Completed ...  (Active)

<<<----  [OUT]
2021/10/17 00:02:41:849

I can't connect with the passive [192.168.100.113/5000] error_code:10060 !

<<<----  [OUT]
2021/10/17 00:02:44:334

Connecting Started...

<<<----  [OUT]
2021/10/17 00:03:05:385

I can't connect with the passive [192.168.100.113/5000] error_code:10060 !

<<<----  [OUT]
2021/10/17 00:03:07:866

Connecting Started...

<<<----  [OUT]
2021/10/17 00:03:28:907

I can't connect with the passive [192.168.100.113/5000] error_code:10060 !

<<<----  [OUT]
2021/10/17 00:03:31:396

Connecting Started...

<<<----  [OUT]
2021/10/17 00:03:52:437

I can't connect with the passive [192.168.100.113/5000] error_code:10060 !

<<<----  [OUT]
2021/10/17 00:03:54:928

Connecting Started...

<<<----  [OUT]
2021/10/17 00:04:15:989

I can't connect with the passive [192.168.100.113/5000] error_code:10060 !

<<<----  [OUT]
2021/10/17 00:04:18:475

Connecting Started...

<<<----  [OUT]
2021/10/17 00:04:39:503

I can't connect with the passive [192.168.100.113/5000] error_code:10060 !

<<<----  [OUT]
2021/10/17 00:04:41:991

Connecting Started...

<<<----  [OUT]
2021/10/17 00:05:03:012

I can't connect with the passive [192.168.100.113/5000] error_code:10060 !

<<<----  [OUT]
2021/10/17 00:05:05:491

Connecting Started...

<<<----  [OUT]
2021/10/17 00:05:26:535

I can't connect with the passive [192.168.100.113/5000] error_code:10060 !

<<<----  [OUT]
2021/10/17 00:05:29:023

Connecting Started...

<<<----  [OUT]
2021/10/17 00:05:50:049

I can't connect with the passive [192.168.100.113/5000] error_code:10060 !

<<<----  [OUT]
2021/10/17 00:05:52:537

Connecting Started...

<<<----  [OUT]
2021/10/17 00:06:13:561

I can't connect with the passive [192.168.100.113/5000] error_code:10060 !

<<<----  [OUT]
2021/10/17 00:06:16:037

Connecting Started...

<<<----  [OUT]
2021/10/17 00:06:37:083

I can't connect with the passive [192.168.100.113/5000] error_code:10060 !

<<<----  [OUT]
2021/10/17 00:06:39:569

Connecting Started...

<<<----  [OUT]
2021/10/17 00:07:00:611

I can't connect with the passive [192.168.100.113/5000] error_code:10060 !

<<<----  [OUT]
2021/10/17 00:07:03:100

Connecting Started...

<<<----  [OUT]
2021/10/17 00:07:24:146

I can't connect with the passive [192.168.100.113/5000] error_code:10060 !

<<<----  [OUT]
2021/10/17 00:07:26:632

Connecting Started...

<<<----  [OUT]
2021/10/17 00:07:47:675

I can't connect with the passive [192.168.100.113/5000] error_code:10060 !

<<<----  [OUT]
2021/10/17 00:07:50:163

Connecting Started...

<<<----  [OUT]
2021/10/17 00:08:11:191

I can't connect with the passive [192.168.100.113/5000] error_code:10060 !

<<<----  [OUT]
2021/10/17 00:08:13:678

Connecting Started...

<<<----  [OUT]
2021/10/17 00:08:34:734

I can't connect with the passive [192.168.100.113/5000] error_code:10060 !

<<<----  [OUT]
2021/10/17 00:08:37:224

Connecting Started...

<<<----  [OUT]
2021/10/17 00:08:58:274

I can't connect with the passive [192.168.100.113/5000] error_code:10060 !

<<<----  [OUT]
2021/10/17 00:09:00:756

Connecting Started...

<<<----  [OUT]
2021/10/17 00:09:21:782

I can't connect with the passive [192.168.100.113/5000] error_code:10060 !

<<<----  [OUT]
2021/10/17 00:09:24:272

Connecting Started...

<<<----  [OUT]
2021/10/17 00:09:45:313

I can't connect with the passive [192.168.100.113/5000] error_code:10060 !

<<<----  [OUT]
2021/10/17 00:09:47:803

Connecting Started...

<<<----  [OUT]
2021/10/17 00:10:08:856

I can't connect with the passive [192.168.100.113/5000] error_code:10060 !

<<<----  [OUT]
2021/10/17 00:10:11:334

Connecting Started...

<<<----  [OUT]
2021/10/17 00:10:32:372

I can't connect with the passive [192.168.100.113/5000] error_code:10060 !

<<<----  [OUT]
2021/10/17 00:10:34:850

Connecting Started...

<<<----  [OUT]
2021/10/17 00:10:55:894

I can't connect with the passive [192.168.100.113/5000] error_code:10060 !

<<<----  [OUT]
2021/10/17 00:10:58:381

Connecting Started...

<<<----  [OUT]
2021/10/17 00:11:19:403

I can't connect with the passive [192.168.100.113/5000] error_code:10060 !

<<<----  [OUT]
2021/10/17 00:11:21:882

Connecting Started...

<<<----  [OUT]
2021/10/17 00:11:42:925

I can't connect with the passive [192.168.100.113/5000] error_code:10060 !

<<<----  [OUT]
2021/10/17 00:11:45:412

Connecting Started...

<<<----  [OUT]
2021/10/17 00:12:06:441

I can't connect with the passive [192.168.100.113/5000] error_code:10060 !

<<<----  [OUT]
2021/10/17 00:12:08:929

Connecting Started...

<<<----  [OUT]
2021/10/17 00:12:29:984

I can't connect with the passive [192.168.100.113/5000] error_code:10060 !

<<<----  [OUT]
2021/10/17 00:12:32:475

Connecting Started...

<<<----  [OUT]
2021/10/17 00:12:53:512

I can't connect with the passive [192.168.100.113/5000] error_code:10060 !

<<<----  [OUT]
2021/10/17 00:12:55:991

Connecting Started...

<<<----  [OUT]
2021/10/17 00:20:10:295

---------------------------------------------------------------------
// FA : Start Log ...


<<<----  [OUT]
2021/10/17 00:20:10:303

//-------------------------------------------------------------
Property Information

   Driver Type [HSMS]
   Driver Mode [ACTIVE]
   IP    [192.168.100.113]
   Port  [5000]
//-------------------------------------------------------------


<<<----  [OUT]
2021/10/17 00:20:10:905

Auto-Start Started ... (Active)

<<<----  [OUT]
2021/10/17 00:20:10:995

Auto-Start Started ...  Waiting Stop-Connection.

<<<----  [OUT]
2021/10/17 00:20:10:995

Auto-Start Started ...  Waiting Open-Socket.

<<<----  [OUT]
2021/10/17 00:20:11:021

Socket Open Started...

<<<----  [OUT]
2021/10/17 00:20:11:021

Socket Open Completed...

<<<----  [OUT]
2021/10/17 00:20:11:021

Connecting Started...

<<<----  [OUT]
2021/10/17 00:20:11:086

Auto-Start Completed ...  (Active)

<<<----  [OUT]
2021/10/17 00:20:32:068

I can't connect with the passive [192.168.100.113/5000] error_code:10060 !

<<<----  [OUT]
2021/10/17 00:20:34:554

Connecting Started...

<<<----  [OUT]
2021/10/17 00:20:55:596

I can't connect with the passive [192.168.100.113/5000] error_code:10060 !

<<<----  [OUT]
2021/10/17 00:20:58:085

Connecting Started...

<<<----  [OUT]
2021/10/17 00:21:19:112

I can't connect with the passive [192.168.100.113/5000] error_code:10060 !

<<<----  [OUT]
2021/10/17 00:21:21:600

Connecting Started...

<<<----  [OUT]
2021/10/17 00:21:42:638

I can't connect with the passive [192.168.100.113/5000] error_code:10060 !

<<<----  [OUT]
2021/10/17 00:21:45:115

Connecting Started...

<<<----  [OUT]
2021/10/17 00:22:06:164

I can't connect with the passive [192.168.100.113/5000] error_code:10060 !

<<<----  [OUT]
2021/10/17 00:22:08:646

Connecting Started...

<<<----  [OUT]
2021/10/17 00:22:29:679

I can't connect with the passive [192.168.100.113/5000] error_code:10060 !

<<<----  [OUT]
2021/10/17 00:22:32:163

Connecting Started...

<<<----  [OUT]
2021/10/17 00:22:53:194

I can't connect with the passive [192.168.100.113/5000] error_code:10060 !

<<<----  [OUT]
2021/10/17 00:22:55:678

Connecting Started...

<<<----  [OUT]
2021/10/17 00:23:16:718

I can't connect with the passive [192.168.100.113/5000] error_code:10060 !

<<<----  [OUT]
2021/10/17 00:23:19:210

Connecting Started...

<<<----  [OUT]
2021/10/17 00:23:40:236

I can't connect with the passive [192.168.100.113/5000] error_code:10060 !

<<<----  [OUT]
2021/10/17 00:23:42:726

Connecting Started...

<<<----  [OUT]
2021/10/17 00:24:03:765

I can't connect with the passive [192.168.100.113/5000] error_code:10060 !

<<<----  [OUT]
2021/10/17 00:24:06:256

Connecting Started...

<<<----  [OUT]
2021/10/17 00:24:27:297

I can't connect with the passive [192.168.100.113/5000] error_code:10060 !

<<<----  [OUT]
2021/10/17 00:24:29:788

Connecting Started...

<<<----  [OUT]
2021/10/17 00:24:50:831

I can't connect with the passive [192.168.100.113/5000] error_code:10060 !

<<<----  [OUT]
2021/10/17 00:24:53:318

Connecting Started...

<<<----  [OUT]
2021/10/17 00:25:14:345

I can't connect with the passive [192.168.100.113/5000] error_code:10060 !

<<<----  [OUT]
2021/10/17 00:25:16:835

Connecting Started...

<<<----  [OUT]
2021/10/17 00:25:37:885

I can't connect with the passive [192.168.100.113/5000] error_code:10060 !

<<<----  [OUT]
2021/10/17 00:25:40:366

Connecting Started...

<<<----  [OUT]
2021/10/17 00:26:01:409

I can't connect with the passive [192.168.100.113/5000] error_code:10060 !

<<<----  [OUT]
2021/10/17 00:26:03:896

Connecting Started...

<<<----  [OUT]
2021/10/17 00:26:24:942

I can't connect with the passive [192.168.100.113/5000] error_code:10060 !

<<<----  [OUT]
2021/10/17 00:26:27:428

Connecting Started...

<<<----  [OUT]
2021/10/17 00:26:48:472

I can't connect with the passive [192.168.100.113/5000] error_code:10060 !

<<<----  [OUT]
2021/10/17 00:26:50:960

Connecting Started...

<<<----  [OUT]
2021/10/17 00:27:12:009

I can't connect with the passive [192.168.100.113/5000] error_code:10060 !

<<<----  [OUT]
2021/10/17 00:27:14:491

Connecting Started...

<<<----  [OUT]
2021/10/17 00:27:35:534

I can't connect with the passive [192.168.100.113/5000] error_code:10060 !

<<<----  [OUT]
2021/10/17 00:27:38:022

Connecting Started...

<<<----  [OUT]
2021/10/17 00:27:59:041

I can't connect with the passive [192.168.100.113/5000] error_code:10060 !

<<<----  [OUT]
2021/10/17 00:28:01:523

Connecting Started...

<<<----  [OUT]
2021/10/17 00:28:22:551

I can't connect with the passive [192.168.100.113/5000] error_code:10060 !

<<<----  [OUT]
2021/10/17 00:28:25:037

Connecting Started...

<<<----  [OUT]
2021/10/17 00:28:46:075

I can't connect with the passive [192.168.100.113/5000] error_code:10060 !

<<<----  [OUT]
2021/10/17 00:28:48:553

Connecting Started...

<<<----  [OUT]
2021/10/17 00:29:09:613

I can't connect with the passive [192.168.100.113/5000] error_code:10060 !

<<<----  [OUT]
2021/10/17 00:29:12:101

Connecting Started...

<<<----  [OUT]
2021/10/17 00:29:33:131

I can't connect with the passive [192.168.100.113/5000] error_code:10060 !

<<<----  [OUT]
2021/10/17 00:29:35:616

Connecting Started...

<<<----  [OUT]
2021/10/17 00:29:56:657

I can't connect with the passive [192.168.100.113/5000] error_code:10060 !

<<<----  [OUT]
2021/10/17 00:29:59:148

Connecting Started...

<<<----  [OUT]
2021/10/17 00:30:20:193

I can't connect with the passive [192.168.100.113/5000] error_code:10060 !

<<<----  [OUT]
2021/10/17 00:30:22:678

Connecting Started...

<<<----  [OUT]
2021/10/17 00:30:43:726

I can't connect with the passive [192.168.100.113/5000] error_code:10060 !

<<<----  [OUT]
2021/10/17 00:30:46:210

Connecting Started...

<<<----  [OUT]
2021/10/17 00:31:07:242

I can't connect with the passive [192.168.100.113/5000] error_code:10060 !

<<<----  [OUT]
2021/10/17 00:31:09:725

Connecting Started...

<<<----  [OUT]
2021/10/17 00:31:30:759

I can't connect with the passive [192.168.100.113/5000] error_code:10060 !

<<<----  [OUT]
2021/10/17 00:31:33:241

Connecting Started...

<<<----  [OUT]
2021/10/17 00:31:54:275

I can't connect with the passive [192.168.100.113/5000] error_code:10060 !

<<<----  [OUT]
2021/10/17 00:31:56:757

Connecting Started...

<<<----  [OUT]
2021/10/17 00:32:17:810

I can't connect with the passive [192.168.100.113/5000] error_code:10060 !

<<<----  [OUT]
2021/10/17 00:32:20:288

Connecting Started...

<<<----  [OUT]
2021/10/17 00:32:41:321

I can't connect with the passive [192.168.100.113/5000] error_code:10060 !

<<<----  [OUT]
2021/10/17 00:32:43:804

Connecting Started...

<<<----  [OUT]
2021/10/17 00:33:04:824

I can't connect with the passive [192.168.100.113/5000] error_code:10060 !

<<<----  [OUT]
2021/10/17 00:33:07:303

Connecting Started...

<<<----  [OUT]
2021/10/17 00:33:28:347

I can't connect with the passive [192.168.100.113/5000] error_code:10060 !

<<<----  [OUT]
2021/10/17 00:33:30:834

Connecting Started...

<<<----  [OUT]
2021/10/17 00:33:51:870

I can't connect with the passive [192.168.100.113/5000] error_code:10060 !

<<<----  [OUT]
2021/10/17 00:33:54:350

Connecting Started...

<<<----  [OUT]
2021/10/17 00:34:15:389

I can't connect with the passive [192.168.100.113/5000] error_code:10060 !

<<<----  [OUT]
2021/10/17 00:34:17:866

Connecting Started...

<<<----  [OUT]
2021/10/17 00:34:38:903

I can't connect with the passive [192.168.100.113/5000] error_code:10060 !

<<<----  [OUT]
2021/10/17 00:34:41:381

Connecting Started...

<<<----  [OUT]
2021/10/17 00:35:02:405

I can't connect with the passive [192.168.100.113/5000] error_code:10060 !

<<<----  [OUT]
2021/10/17 00:35:04:882

Connecting Started...

<<<----  [OUT]
2021/10/17 00:35:25:904

I can't connect with the passive [192.168.100.113/5000] error_code:10060 !

<<<----  [OUT]
2021/10/17 00:35:28:381

Connecting Started...

<<<----  [OUT]
2021/10/17 00:35:49:411

I can't connect with the passive [192.168.100.113/5000] error_code:10060 !

<<<----  [OUT]
2021/10/17 00:35:51:896

Connecting Started...

<<<----  [OUT]
2021/10/17 00:36:12:937

I can't connect with the passive [192.168.100.113/5000] error_code:10060 !

<<<----  [OUT]
2021/10/17 00:36:15:428

Connecting Started...

<<<----  [OUT]
2021/10/17 00:36:36:449

I can't connect with the passive [192.168.100.113/5000] error_code:10060 !

<<<----  [OUT]
2021/10/17 00:36:38:929

Connecting Started...

<<<----  [OUT]
2021/10/17 00:36:59:963

I can't connect with the passive [192.168.100.113/5000] error_code:10060 !

<<<----  [OUT]
2021/10/17 00:37:02:445

Connecting Started...

<<<----  [OUT]
2021/10/17 00:37:23:489

I can't connect with the passive [192.168.100.113/5000] error_code:10060 !

<<<----  [OUT]
2021/10/17 00:37:25:975

Connecting Started...

<<<----  [OUT]
2021/10/17 00:37:47:013

I can't connect with the passive [192.168.100.113/5000] error_code:10060 !

<<<----  [OUT]
2021/10/17 00:37:49:490

Connecting Started...

<<<----  [OUT]
2021/10/17 00:38:10:522

I can't connect with the passive [192.168.100.113/5000] error_code:10060 !

<<<----  [OUT]
2021/10/17 00:38:13:007

Connecting Started...

<<<----  [OUT]
2021/10/17 00:38:34:049

I can't connect with the passive [192.168.100.113/5000] error_code:10060 !

<<<----  [OUT]
2021/10/17 00:38:36:538

Connecting Started...

<<<----  [OUT]
2021/10/17 00:38:57:564

I can't connect with the passive [192.168.100.113/5000] error_code:10060 !

<<<----  [OUT]
2021/10/17 00:39:00:053

Connecting Started...

<<<----  [OUT]
2021/10/17 00:39:21:087

I can't connect with the passive [192.168.100.113/5000] error_code:10060 !

<<<----  [OUT]
2021/10/17 00:39:23:568

Connecting Started...

<<<----  [OUT]
2021/10/17 00:39:44:603

I can't connect with the passive [192.168.100.113/5000] error_code:10060 !

<<<----  [OUT]
2021/10/17 00:39:47:084

Connecting Started...

<<<----  [OUT]
2021/10/17 00:40:08:117

I can't connect with the passive [192.168.100.113/5000] error_code:10060 !

<<<----  [OUT]
2021/10/17 00:40:10:600

Connecting Started...

<<<----  [OUT]
2021/10/17 00:40:31:655

I can't connect with the passive [192.168.100.113/5000] error_code:10060 !

<<<----  [OUT]
2021/10/17 00:40:34:131

Connecting Started...

<<<----  [OUT]
2021/10/17 00:40:55:173

I can't connect with the passive [192.168.100.113/5000] error_code:10060 !

<<<----  [OUT]
2021/10/17 00:40:57:663

Connecting Started...

<<<----  [OUT]
2021/10/17 00:41:18:704

I can't connect with the passive [192.168.100.113/5000] error_code:10060 !

<<<----  [OUT]
2021/10/17 00:41:21:194

Connecting Started...

<<<----  [OUT]
2021/10/17 00:41:42:222

I can't connect with the passive [192.168.100.113/5000] error_code:10060 !

<<<----  [OUT]
2021/10/17 00:41:44:710

Connecting Started...

<<<----  [OUT]
2021/10/17 00:42:05:753

I can't connect with the passive [192.168.100.113/5000] error_code:10060 !

<<<----  [OUT]
2021/10/17 00:42:08:242

Connecting Started...

<<<----  [OUT]
2021/10/17 00:42:29:305

I can't connect with the passive [192.168.100.113/5000] error_code:10060 !

<<<----  [OUT]
2021/10/17 00:42:31:788

Connecting Started...

<<<----  [OUT]
2021/10/17 00:42:52:831

I can't connect with the passive [192.168.100.113/5000] error_code:10060 !

<<<----  [OUT]
2021/10/17 00:42:55:320

Connecting Started...

<<<----  [OUT]
2021/10/17 00:43:16:372

I can't connect with the passive [192.168.100.113/5000] error_code:10060 !

<<<----  [OUT]
2021/10/17 00:43:18:850

Connecting Started...

<<<----  [OUT]
2021/10/17 00:43:39:893

I can't connect with the passive [192.168.100.113/5000] error_code:10060 !

<<<----  [OUT]
2021/10/17 00:43:42:382

Connecting Started...

<<<----  [OUT]
2021/10/17 00:44:03:425

I can't connect with the passive [192.168.100.113/5000] error_code:10060 !

<<<----  [OUT]
2021/10/17 00:44:05:913

Connecting Started...

<<<----  [OUT]
2021/10/17 00:44:26:958

I can't connect with the passive [192.168.100.113/5000] error_code:10060 !

<<<----  [OUT]
2021/10/17 00:44:29:444

Connecting Started...

<<<----  [OUT]
2021/10/17 00:44:50:482

I can't connect with the passive [192.168.100.113/5000] error_code:10060 !

<<<----  [OUT]
2021/10/17 00:44:52:959

Connecting Started...

<<<----  [OUT]
2021/10/17 00:45:13:972

I can't connect with the passive [192.168.100.113/5000] error_code:10060 !

<<<----  [OUT]
2021/10/17 00:45:16:460

Connecting Started...

<<<----  [OUT]
2021/10/17 00:45:37:507

I can't connect with the passive [192.168.100.113/5000] error_code:10060 !

<<<----  [OUT]
2021/10/17 00:45:39:991

Connecting Started...

<<<----  [OUT]
2021/10/17 00:46:01:032

I can't connect with the passive [192.168.100.113/5000] error_code:10060 !

<<<----  [OUT]
2021/10/17 00:46:03:521

Connecting Started...

<<<----  [OUT]
2021/10/17 00:46:24:546

I can't connect with the passive [192.168.100.113/5000] error_code:10060 !

<<<----  [OUT]
2021/10/17 00:46:27:038

Connecting Started...

<<<----  [OUT]
2021/10/17 00:46:48:072

I can't connect with the passive [192.168.100.113/5000] error_code:10060 !

<<<----  [OUT]
2021/10/17 00:46:50:553

Connecting Started...

<<<----  [OUT]
2021/10/17 00:47:11:595

I can't connect with the passive [192.168.100.113/5000] error_code:10060 !

<<<----  [OUT]
2021/10/17 00:47:14:085

Connecting Started...

<<<----  [OUT]
2021/10/17 00:47:35:126

I can't connect with the passive [192.168.100.113/5000] error_code:10060 !

<<<----  [OUT]
2021/10/17 00:47:37:617

Connecting Started...

<<<----  [OUT]
2021/10/17 00:47:58:652

I can't connect with the passive [192.168.100.113/5000] error_code:10060 !

<<<----  [OUT]
2021/10/17 00:48:01:132

Connecting Started...

<<<----  [OUT]
2021/10/17 00:48:22:175

I can't connect with the passive [192.168.100.113/5000] error_code:10060 !

<<<----  [OUT]
2021/10/17 00:48:24:662

Connecting Started...

<<<----  [OUT]
2021/10/17 00:48:45:693

I can't connect with the passive [192.168.100.113/5000] error_code:10060 !

<<<----  [OUT]
2021/10/17 00:48:48:178

Connecting Started...

<<<----  [OUT]
2021/10/17 00:49:09:229

I can't connect with the passive [192.168.100.113/5000] error_code:10060 !

<<<----  [OUT]
2021/10/17 00:49:11:710

Connecting Started...

<<<----  [OUT]
2021/10/17 00:49:32:769

I can't connect with the passive [192.168.100.113/5000] error_code:10060 !

<<<----  [OUT]
2021/10/17 00:49:35:257

Connecting Started...

<<<----  [OUT]
2021/10/17 00:49:56:303

I can't connect with the passive [192.168.100.113/5000] error_code:10060 !

<<<----  [OUT]
2021/10/17 00:49:58:788

Connecting Started...

<<<----  [OUT]
2021/10/17 00:50:19:830

I can't connect with the passive [192.168.100.113/5000] error_code:10060 !

<<<----  [OUT]
2021/10/17 00:50:22:319

Connecting Started...

<<<----  [OUT]
2021/10/17 00:50:43:367

I can't connect with the passive [192.168.100.113/5000] error_code:10060 !

<<<----  [OUT]
2021/10/17 00:50:45:851

Connecting Started...

<<<----  [OUT]
2021/10/17 00:51:06:895

I can't connect with the passive [192.168.100.113/5000] error_code:10060 !

<<<----  [OUT]
2021/10/17 00:51:09:381

Connecting Started...

<<<----  [OUT]
2021/10/17 00:51:30:422

I can't connect with the passive [192.168.100.113/5000] error_code:10060 !

<<<----  [OUT]
2021/10/17 00:51:32:912

Connecting Started...

<<<----  [OUT]
2021/10/17 00:51:53:958

I can't connect with the passive [192.168.100.113/5000] error_code:10060 !

<<<----  [OUT]
2021/10/17 00:51:56:443

Connecting Started...

<<<----  [OUT]
2021/10/17 00:52:17:476

I can't connect with the passive [192.168.100.113/5000] error_code:10060 !

<<<----  [OUT]
2021/10/17 00:52:19:959

Connecting Started...

<<<----  [OUT]
2021/10/17 00:52:40:978

I can't connect with the passive [192.168.100.113/5000] error_code:10060 !

<<<----  [OUT]
2021/10/17 00:52:43:460

Connecting Started...

<<<----  [OUT]
2021/10/17 00:53:04:521

I can't connect with the passive [192.168.100.113/5000] error_code:10060 !

<<<----  [OUT]
2021/10/17 00:53:07:006

Connecting Started...

<<<----  [OUT]
2021/10/17 00:53:28:053

I can't connect with the passive [192.168.100.113/5000] error_code:10060 !

<<<----  [OUT]
2021/10/17 00:53:30:538

Connecting Started...

<<<----  [OUT]
2021/10/17 00:53:51:597

I can't connect with the passive [192.168.100.113/5000] error_code:10060 !

<<<----  [OUT]
2021/10/17 00:53:54:085

Connecting Started...

<<<----  [OUT]
2021/10/17 00:54:15:116

I can't connect with the passive [192.168.100.113/5000] error_code:10060 !

<<<----  [OUT]
2021/10/17 00:54:17:600

Connecting Started...

<<<----  [OUT]
2021/10/17 00:54:38:634

I can't connect with the passive [192.168.100.113/5000] error_code:10060 !

<<<----  [OUT]
2021/10/17 00:54:41:116

Connecting Started...

<<<----  [OUT]
2021/10/17 00:55:02:166

I can't connect with the passive [192.168.100.113/5000] error_code:10060 !

<<<----  [OUT]
2021/10/17 00:55:04:648

Connecting Started...

<<<----  [OUT]
2021/10/17 00:55:25:690

I can't connect with the passive [192.168.100.113/5000] error_code:10060 !

<<<----  [OUT]
2021/10/17 00:55:28:178

Connecting Started...

<<<----  [OUT]
2021/10/17 00:55:49:228

I can't connect with the passive [192.168.100.113/5000] error_code:10060 !

<<<----  [OUT]
2021/10/17 00:55:51:709

Connecting Started...

<<<----  [OUT]
2021/10/17 00:56:12:771

I can't connect with the passive [192.168.100.113/5000] error_code:10060 !

<<<----  [OUT]
2021/10/17 00:56:15:256

Connecting Started...

<<<----  [OUT]
2021/10/17 00:56:36:283

I can't connect with the passive [192.168.100.113/5000] error_code:10060 !

<<<----  [OUT]
2021/10/17 00:56:38:772

Connecting Started...

<<<----  [OUT]
2021/10/17 00:56:59:799

I can't connect with the passive [192.168.100.113/5000] error_code:10060 !

<<<----  [OUT]
2021/10/17 00:57:02:288

Connecting Started...

<<<----  [OUT]
2021/10/17 00:57:23:336

I can't connect with the passive [192.168.100.113/5000] error_code:10060 !

<<<----  [OUT]
2021/10/17 00:57:25:819

Connecting Started...

<<<----  [OUT]
2021/10/17 00:57:46:863

I can't connect with the passive [192.168.100.113/5000] error_code:10060 !

<<<----  [OUT]
2021/10/17 00:57:49:350

Connecting Started...

<<<----  [OUT]
2021/10/17 00:58:10:395

I can't connect with the passive [192.168.100.113/5000] error_code:10060 !

<<<----  [OUT]
2021/10/17 00:58:12:881

Connecting Started...

<<<----  [OUT]
2021/10/17 00:58:33:923

I can't connect with the passive [192.168.100.113/5000] error_code:10060 !

<<<----  [OUT]
2021/10/17 00:58:36:412

Connecting Started...

<<<----  [OUT]
2021/10/17 00:58:57:444

I can't connect with the passive [192.168.100.113/5000] error_code:10060 !

<<<----  [OUT]
2021/10/17 00:58:59:928

Connecting Started...

<<<----  [OUT]
2021/10/17 00:59:20:964

I can't connect with the passive [192.168.100.113/5000] error_code:10060 !

<<<----  [OUT]
2021/10/17 00:59:23:443

Connecting Started...

<<<----  [OUT]
2021/10/17 00:59:44:479

I can't connect with the passive [192.168.100.113/5000] error_code:10060 !

<<<----  [OUT]
2021/10/17 00:59:46:959

Connecting Started...
