
<<<----  [OUT]
2021/01/14 13:23:10:825

---------------------------------------------------------------------
// FA : Start Log ...


<<<----  [OUT]
2021/01/14 13:23:10:828

//-------------------------------------------------------------
Property Information

   Driver Type [HSMS]
   Driver Mode [ACTIVE]
   IP    [192.168.100.113]
   Port  [5000]
//-------------------------------------------------------------


<<<----  [OUT]
2021/01/14 13:23:11:430

Auto-Start Started ... (Active)

<<<----  [OUT]
2021/01/14 13:23:11:529

Auto-Start Started ...  Waiting Stop-Connection.

<<<----  [OUT]
2021/01/14 13:23:11:529

Auto-Start Started ...  Waiting Open-Socket.

<<<----  [OUT]
2021/01/14 13:23:11:547

Socket Open Started...

<<<----  [OUT]
2021/01/14 13:23:11:547

Socket Open Completed...

<<<----  [OUT]
2021/01/14 13:23:11:547

Connecting Started...

<<<----  [OUT]
2021/01/14 13:23:11:549

I can't connect with the passive [192.168.100.113/5000] error_code:10065 !

<<<----  [OUT]
2021/01/14 13:23:11:620

Auto-Start Completed ...  (Active)

<<<----  [OUT]
2021/01/14 13:23:14:027

Connecting Started...

<<<----  [OUT]
2021/01/14 13:23:14:027

I can't connect with the passive [192.168.100.113/5000] error_code:10065 !

<<<----  [OUT]
2021/01/14 13:23:16:512

Connecting Started...

<<<----  [OUT]
2021/01/14 13:23:16:512

I can't connect with the passive [192.168.100.113/5000] error_code:10065 !

<<<----  [OUT]
2021/01/14 13:23:18:996

Connecting Started...

<<<----  [OUT]
2021/01/14 13:23:18:996

I can't connect with the passive [192.168.100.113/5000] error_code:10065 !

<<<----  [OUT]
2021/01/14 13:23:21:480

Connecting Started...

<<<----  [OUT]
2021/01/14 13:23:21:480

I can't connect with the passive [192.168.100.113/5000] error_code:10065 !

<<<----  [OUT]
2021/01/14 13:23:23:965

Connecting Started...

<<<----  [OUT]
2021/01/14 13:23:23:965

I can't connect with the passive [192.168.100.113/5000] error_code:10065 !

<<<----  [OUT]
2021/01/14 13:23:26:448

Connecting Started...

<<<----  [OUT]
2021/01/14 13:23:26:448

I can't connect with the passive [192.168.100.113/5000] error_code:10065 !

<<<----  [OUT]
2021/01/14 13:23:28:934

Connecting Started...

<<<----  [OUT]
2021/01/14 13:23:28:934

I can't connect with the passive [192.168.100.113/5000] error_code:10065 !

<<<----  [OUT]
2021/01/14 13:23:31:417

Connecting Started...

<<<----  [OUT]
2021/01/14 13:23:31:417

I can't connect with the passive [192.168.100.113/5000] error_code:10065 !

<<<----  [OUT]
2021/01/14 13:23:33:901

Connecting Started...

<<<----  [OUT]
2021/01/14 13:23:33:901

I can't connect with the passive [192.168.100.113/5000] error_code:10065 !

<<<----  [OUT]
2021/01/14 13:23:36:386

Connecting Started...

<<<----  [OUT]
2021/01/14 13:23:36:386

I can't connect with the passive [192.168.100.113/5000] error_code:10065 !

<<<----  [OUT]
2021/01/14 13:23:38:870

Connecting Started...

<<<----  [OUT]
2021/01/14 13:23:38:870

I can't connect with the passive [192.168.100.113/5000] error_code:10065 !

<<<----  [OUT]
2021/01/14 13:23:41:355

Connecting Started...

<<<----  [OUT]
2021/01/14 13:23:41:355

I can't connect with the passive [192.168.100.113/5000] error_code:10065 !

<<<----  [OUT]
2021/01/14 13:23:43:840

Connecting Started...

<<<----  [OUT]
2021/01/14 13:23:43:840

I can't connect with the passive [192.168.100.113/5000] error_code:10065 !

<<<----  [OUT]
2021/01/14 13:23:46:323

Connecting Started...

<<<----  [OUT]
2021/01/14 13:23:46:323

I can't connect with the passive [192.168.100.113/5000] error_code:10065 !

<<<----  [OUT]
2021/01/14 13:23:48:809

Connecting Started...

<<<----  [OUT]
2021/01/14 13:23:48:809

I can't connect with the passive [192.168.100.113/5000] error_code:10065 !

<<<----  [OUT]
2021/01/14 13:23:51:293

Connecting Started...

<<<----  [OUT]
2021/01/14 13:23:51:293

I can't connect with the passive [192.168.100.113/5000] error_code:10065 !

<<<----  [OUT]
2021/01/14 13:23:53:778

Connecting Started...

<<<----  [OUT]
2021/01/14 13:23:53:778

I can't connect with the passive [192.168.100.113/5000] error_code:10065 !

<<<----  [OUT]
2021/01/14 13:23:56:262

Connecting Started...

<<<----  [OUT]
2021/01/14 13:23:56:262

I can't connect with the passive [192.168.100.113/5000] error_code:10065 !

<<<----  [OUT]
2021/01/14 13:23:58:746

Connecting Started...

<<<----  [OUT]
2021/01/14 13:23:58:746

I can't connect with the passive [192.168.100.113/5000] error_code:10065 !

<<<----  [OUT]
2021/01/14 13:24:01:231

Connecting Started...

<<<----  [OUT]
2021/01/14 13:24:01:231

I can't connect with the passive [192.168.100.113/5000] error_code:10065 !

<<<----  [OUT]
2021/01/14 13:24:03:714

Connecting Started...

<<<----  [OUT]
2021/01/14 13:24:03:714

I can't connect with the passive [192.168.100.113/5000] error_code:10065 !

<<<----  [OUT]
2021/01/14 13:24:06:199

Connecting Started...

<<<----  [OUT]
2021/01/14 13:24:06:199

I can't connect with the passive [192.168.100.113/5000] error_code:10065 !

<<<----  [OUT]
2021/01/14 13:24:08:683

Connecting Started...

<<<----  [OUT]
2021/01/14 13:24:08:683

I can't connect with the passive [192.168.100.113/5000] error_code:10065 !

<<<----  [OUT]
2021/01/14 13:24:11:167

Connecting Started...

<<<----  [OUT]
2021/01/14 13:24:11:167

I can't connect with the passive [192.168.100.113/5000] error_code:10065 !

<<<----  [OUT]
2021/01/14 13:24:13:652

Connecting Started...

<<<----  [OUT]
2021/01/14 13:24:13:652

I can't connect with the passive [192.168.100.113/5000] error_code:10065 !

<<<----  [OUT]
2021/01/14 13:24:16:137

Connecting Started...

<<<----  [OUT]
2021/01/14 13:24:16:137

I can't connect with the passive [192.168.100.113/5000] error_code:10065 !

<<<----  [OUT]
2021/01/14 13:24:18:620

Connecting Started...

<<<----  [OUT]
2021/01/14 13:24:18:620

I can't connect with the passive [192.168.100.113/5000] error_code:10065 !

<<<----  [OUT]
2021/01/14 13:24:21:104

Connecting Started...

<<<----  [OUT]
2021/01/14 13:24:21:104

I can't connect with the passive [192.168.100.113/5000] error_code:10065 !

<<<----  [OUT]
2021/01/14 13:24:23:590

Connecting Started...

<<<----  [OUT]
2021/01/14 13:24:23:590

I can't connect with the passive [192.168.100.113/5000] error_code:10065 !

<<<----  [OUT]
2021/01/14 13:24:26:075

Connecting Started...

<<<----  [OUT]
2021/01/14 13:24:26:075

I can't connect with the passive [192.168.100.113/5000] error_code:10065 !

<<<----  [OUT]
2021/01/14 13:24:28:558

Connecting Started...

<<<----  [OUT]
2021/01/14 13:24:28:558

I can't connect with the passive [192.168.100.113/5000] error_code:10065 !

<<<----  [OUT]
2021/01/14 13:24:31:042

Connecting Started...

<<<----  [OUT]
2021/01/14 13:24:31:042

I can't connect with the passive [192.168.100.113/5000] error_code:10065 !

<<<----  [OUT]
2021/01/14 13:24:33:527

Connecting Started...

<<<----  [OUT]
2021/01/14 13:24:33:527

I can't connect with the passive [192.168.100.113/5000] error_code:10065 !

<<<----  [OUT]
2021/01/14 13:24:36:011

Connecting Started...

<<<----  [OUT]
2021/01/14 13:24:36:011

I can't connect with the passive [192.168.100.113/5000] error_code:10065 !

<<<----  [OUT]
2021/01/14 13:24:38:496

Connecting Started...

<<<----  [OUT]
2021/01/14 13:24:38:496

I can't connect with the passive [192.168.100.113/5000] error_code:10065 !

<<<----  [OUT]
2021/01/14 13:24:40:981

Connecting Started...

<<<----  [OUT]
2021/01/14 13:24:40:981

I can't connect with the passive [192.168.100.113/5000] error_code:10065 !

<<<----  [OUT]
2021/01/14 13:24:43:465

Connecting Started...

<<<----  [OUT]
2021/01/14 13:24:43:465

I can't connect with the passive [192.168.100.113/5000] error_code:10065 !

<<<----  [OUT]
2021/01/14 13:24:45:948

Connecting Started...

<<<----  [OUT]
2021/01/14 13:24:45:948

I can't connect with the passive [192.168.100.113/5000] error_code:10065 !

<<<----  [OUT]
2021/01/14 13:24:48:433

Connecting Started...

<<<----  [OUT]
2021/01/14 13:24:48:433

I can't connect with the passive [192.168.100.113/5000] error_code:10065 !

<<<----  [OUT]
2021/01/14 13:24:50:917

Connecting Started...

<<<----  [OUT]
2021/01/14 13:24:50:917

I can't connect with the passive [192.168.100.113/5000] error_code:10065 !

<<<----  [OUT]
2021/01/14 13:24:53:402

Connecting Started...

<<<----  [OUT]
2021/01/14 13:24:53:402

I can't connect with the passive [192.168.100.113/5000] error_code:10065 !

<<<----  [OUT]
2021/01/14 13:24:55:886

Connecting Started...

<<<----  [OUT]
2021/01/14 13:24:55:886

I can't connect with the passive [192.168.100.113/5000] error_code:10065 !

<<<----  [OUT]
2021/01/14 13:24:58:372

Connecting Started...

<<<----  [OUT]
2021/01/14 13:24:58:372

I can't connect with the passive [192.168.100.113/5000] error_code:10065 !

<<<----  [OUT]
2021/01/14 13:25:00:855

Connecting Started...

<<<----  [OUT]
2021/01/14 13:25:00:855

I can't connect with the passive [192.168.100.113/5000] error_code:10065 !

<<<----  [OUT]
2021/01/14 13:25:03:339

Connecting Started...

<<<----  [OUT]
2021/01/14 13:25:03:339

I can't connect with the passive [192.168.100.113/5000] error_code:10065 !

<<<----  [OUT]
2021/01/14 13:25:05:823

Connecting Started...

<<<----  [OUT]
2021/01/14 13:25:05:824

I can't connect with the passive [192.168.100.113/5000] error_code:10065 !

<<<----  [OUT]
2021/01/14 13:25:08:309

Connecting Started...

<<<----  [OUT]
2021/01/14 13:25:08:309

I can't connect with the passive [192.168.100.113/5000] error_code:10065 !

<<<----  [OUT]
2021/01/14 13:25:10:793

Connecting Started...

<<<----  [OUT]
2021/01/14 13:25:10:793

I can't connect with the passive [192.168.100.113/5000] error_code:10065 !

<<<----  [OUT]
2021/01/14 13:25:13:277

Connecting Started...

<<<----  [OUT]
2021/01/14 13:25:13:278

I can't connect with the passive [192.168.100.113/5000] error_code:10065 !

<<<----  [OUT]
2021/01/14 13:25:15:761

Connecting Started...

<<<----  [OUT]
2021/01/14 13:25:15:761

I can't connect with the passive [192.168.100.113/5000] error_code:10065 !

<<<----  [OUT]
2021/01/14 13:25:18:245

Connecting Started...

<<<----  [OUT]
2021/01/14 13:25:18:245

I can't connect with the passive [192.168.100.113/5000] error_code:10065 !

<<<----  [OUT]
2021/01/14 13:25:20:730

Connecting Started...

<<<----  [OUT]
2021/01/14 13:25:20:730

I can't connect with the passive [192.168.100.113/5000] error_code:10065 !

<<<----  [OUT]
2021/01/14 13:25:23:215

Connecting Started...

<<<----  [OUT]
2021/01/14 13:25:23:215

I can't connect with the passive [192.168.100.113/5000] error_code:10065 !

<<<----  [OUT]
2021/01/14 13:25:25:698

Connecting Started...

<<<----  [OUT]
2021/01/14 13:25:25:698

I can't connect with the passive [192.168.100.113/5000] error_code:10065 !

<<<----  [OUT]
2021/01/14 13:25:28:183

Connecting Started...

<<<----  [OUT]
2021/01/14 13:25:28:183

I can't connect with the passive [192.168.100.113/5000] error_code:10065 !

<<<----  [OUT]
2021/01/14 13:25:30:668

Connecting Started...

<<<----  [OUT]
2021/01/14 13:25:30:668

I can't connect with the passive [192.168.100.113/5000] error_code:10065 !

<<<----  [OUT]
2021/01/14 13:25:33:152

Connecting Started...

<<<----  [OUT]
2021/01/14 13:25:33:152

I can't connect with the passive [192.168.100.113/5000] error_code:10065 !

<<<----  [OUT]
2021/01/14 13:25:35:636

Connecting Started...

<<<----  [OUT]
2021/01/14 13:25:35:636

I can't connect with the passive [192.168.100.113/5000] error_code:10065 !

<<<----  [OUT]
2021/01/14 13:25:38:120

Connecting Started...

<<<----  [OUT]
2021/01/14 13:25:38:120

I can't connect with the passive [192.168.100.113/5000] error_code:10065 !

<<<----  [OUT]
2021/01/14 13:25:40:604

Connecting Started...

<<<----  [OUT]
2021/01/14 13:25:40:604

I can't connect with the passive [192.168.100.113/5000] error_code:10065 !

<<<----  [OUT]
2021/01/14 13:25:43:089

Connecting Started...

<<<----  [OUT]
2021/01/14 13:25:43:089

I can't connect with the passive [192.168.100.113/5000] error_code:10065 !

<<<----  [OUT]
2021/01/14 13:25:45:574

Connecting Started...

<<<----  [OUT]
2021/01/14 13:25:45:574

I can't connect with the passive [192.168.100.113/5000] error_code:10065 !

<<<----  [OUT]
2021/01/14 13:25:48:058

Connecting Started...

<<<----  [OUT]
2021/01/14 13:25:48:059

I can't connect with the passive [192.168.100.113/5000] error_code:10065 !

<<<----  [OUT]
2021/01/14 13:25:50:544

Connecting Started...

<<<----  [OUT]
2021/01/14 13:25:50:544

I can't connect with the passive [192.168.100.113/5000] error_code:10065 !

<<<----  [OUT]
2021/01/14 13:25:53:027

Connecting Started...

<<<----  [OUT]
2021/01/14 13:25:53:027

I can't connect with the passive [192.168.100.113/5000] error_code:10065 !

<<<----  [OUT]
2021/01/14 13:25:55:512

Connecting Started...

<<<----  [OUT]
2021/01/14 13:25:55:512

I can't connect with the passive [192.168.100.113/5000] error_code:10065 !

<<<----  [OUT]
2021/01/14 13:25:57:996

Connecting Started...

<<<----  [OUT]
2021/01/14 13:25:57:996

I can't connect with the passive [192.168.100.113/5000] error_code:10065 !

<<<----  [OUT]
2021/01/14 13:26:00:481

Connecting Started...

<<<----  [OUT]
2021/01/14 13:26:00:481

I can't connect with the passive [192.168.100.113/5000] error_code:10065 !

<<<----  [OUT]
2021/01/14 13:26:02:964

Connecting Started...

<<<----  [OUT]
2021/01/14 13:26:02:964

I can't connect with the passive [192.168.100.113/5000] error_code:10065 !

<<<----  [OUT]
2021/01/14 13:26:05:449

Connecting Started...

<<<----  [OUT]
2021/01/14 13:26:05:449

I can't connect with the passive [192.168.100.113/5000] error_code:10065 !

<<<----  [OUT]
2021/01/14 13:26:07:933

Connecting Started...

<<<----  [OUT]
2021/01/14 13:26:07:933

I can't connect with the passive [192.168.100.113/5000] error_code:10065 !

<<<----  [OUT]
2021/01/14 13:26:10:418

Connecting Started...

<<<----  [OUT]
2021/01/14 13:26:10:418

I can't connect with the passive [192.168.100.113/5000] error_code:10065 !

<<<----  [OUT]
2021/01/14 13:26:12:902

Connecting Started...

<<<----  [OUT]
2021/01/14 13:26:12:902

I can't connect with the passive [192.168.100.113/5000] error_code:10065 !

<<<----  [OUT]
2021/01/14 13:26:15:386

Connecting Started...

<<<----  [OUT]
2021/01/14 13:26:15:386

I can't connect with the passive [192.168.100.113/5000] error_code:10065 !

<<<----  [OUT]
2021/01/14 13:26:17:872

Connecting Started...

<<<----  [OUT]
2021/01/14 13:26:17:872

I can't connect with the passive [192.168.100.113/5000] error_code:10065 !

<<<----  [OUT]
2021/01/14 13:26:20:356

Connecting Started...

<<<----  [OUT]
2021/01/14 13:26:20:356

I can't connect with the passive [192.168.100.113/5000] error_code:10065 !

<<<----  [OUT]
2021/01/14 13:26:22:839

Connecting Started...

<<<----  [OUT]
2021/01/14 13:26:22:839

I can't connect with the passive [192.168.100.113/5000] error_code:10065 !

<<<----  [OUT]
2021/01/14 13:26:25:324

Connecting Started...

<<<----  [OUT]
2021/01/14 13:26:25:324

I can't connect with the passive [192.168.100.113/5000] error_code:10065 !

<<<----  [OUT]
2021/01/14 13:26:27:809

Connecting Started...

<<<----  [OUT]
2021/01/14 13:26:27:809

I can't connect with the passive [192.168.100.113/5000] error_code:10065 !

<<<----  [OUT]
2021/01/14 13:26:30:293

Connecting Started...

<<<----  [OUT]
2021/01/14 13:26:30:293

I can't connect with the passive [192.168.100.113/5000] error_code:10065 !

<<<----  [OUT]
2021/01/14 13:26:32:777

Connecting Started...

<<<----  [OUT]
2021/01/14 13:26:32:777

I can't connect with the passive [192.168.100.113/5000] error_code:10065 !

<<<----  [OUT]
2021/01/14 13:26:35:261

Connecting Started...

<<<----  [OUT]
2021/01/14 13:26:35:261

I can't connect with the passive [192.168.100.113/5000] error_code:10065 !

<<<----  [OUT]
2021/01/14 13:26:37:746

Connecting Started...

<<<----  [OUT]
2021/01/14 13:26:37:746

I can't connect with the passive [192.168.100.113/5000] error_code:10065 !

<<<----  [OUT]
2021/01/14 13:26:40:230

Connecting Started...

<<<----  [OUT]
2021/01/14 13:26:40:230

I can't connect with the passive [192.168.100.113/5000] error_code:10065 !

<<<----  [OUT]
2021/01/14 13:26:42:715

Connecting Started...

<<<----  [OUT]
2021/01/14 13:26:42:715

I can't connect with the passive [192.168.100.113/5000] error_code:10065 !

<<<----  [OUT]
2021/01/14 13:26:45:199

Connecting Started...

<<<----  [OUT]
2021/01/14 13:26:45:199

I can't connect with the passive [192.168.100.113/5000] error_code:10065 !

<<<----  [OUT]
2021/01/14 13:26:47:683

Connecting Started...

<<<----  [OUT]
2021/01/14 13:26:47:683

I can't connect with the passive [192.168.100.113/5000] error_code:10065 !

<<<----  [OUT]
2021/01/14 13:26:50:168

Connecting Started...

<<<----  [OUT]
2021/01/14 13:26:50:168

I can't connect with the passive [192.168.100.113/5000] error_code:10065 !

<<<----  [OUT]
2021/01/14 13:26:52:652

Connecting Started...

<<<----  [OUT]
2021/01/14 13:26:52:652

I can't connect with the passive [192.168.100.113/5000] error_code:10065 !

<<<----  [OUT]
2021/01/14 13:26:55:136

Connecting Started...

<<<----  [OUT]
2021/01/14 13:26:55:136

I can't connect with the passive [192.168.100.113/5000] error_code:10065 !

<<<----  [OUT]
2021/01/14 13:26:57:621

Connecting Started...

<<<----  [OUT]
2021/01/14 13:26:57:621

I can't connect with the passive [192.168.100.113/5000] error_code:10065 !

<<<----  [OUT]
2021/01/14 13:27:00:105

Connecting Started...

<<<----  [OUT]
2021/01/14 13:27:00:105

I can't connect with the passive [192.168.100.113/5000] error_code:10065 !

<<<----  [OUT]
2021/01/14 13:27:02:589

Connecting Started...

<<<----  [OUT]
2021/01/14 13:27:02:589

I can't connect with the passive [192.168.100.113/5000] error_code:10065 !

<<<----  [OUT]
2021/01/14 13:27:05:073

Connecting Started...

<<<----  [OUT]
2021/01/14 13:27:05:073

I can't connect with the passive [192.168.100.113/5000] error_code:10065 !

<<<----  [OUT]
2021/01/14 13:27:07:559

Connecting Started...

<<<----  [OUT]
2021/01/14 13:27:07:559

I can't connect with the passive [192.168.100.113/5000] error_code:10065 !

<<<----  [OUT]
2021/01/14 13:27:10:042

Connecting Started...

<<<----  [OUT]
2021/01/14 13:27:10:042

I can't connect with the passive [192.168.100.113/5000] error_code:10065 !

<<<----  [OUT]
2021/01/14 13:27:12:527

Connecting Started...

<<<----  [OUT]
2021/01/14 13:27:12:527

I can't connect with the passive [192.168.100.113/5000] error_code:10065 !

<<<----  [OUT]
2021/01/14 13:27:15:011

Connecting Started...

<<<----  [OUT]
2021/01/14 13:27:15:011

I can't connect with the passive [192.168.100.113/5000] error_code:10065 !

<<<----  [OUT]
2021/01/14 13:27:17:495

Connecting Started...

<<<----  [OUT]
2021/01/14 13:27:17:495

I can't connect with the passive [192.168.100.113/5000] error_code:10065 !

<<<----  [OUT]
2021/01/14 13:27:19:981

Connecting Started...

<<<----  [OUT]
2021/01/14 13:27:19:981

I can't connect with the passive [192.168.100.113/5000] error_code:10065 !

<<<----  [OUT]
2021/01/14 13:27:22:465

Connecting Started...

<<<----  [OUT]
2021/01/14 13:27:22:465

I can't connect with the passive [192.168.100.113/5000] error_code:10065 !

<<<----  [OUT]
2021/01/14 13:27:24:948

Connecting Started...

<<<----  [OUT]
2021/01/14 13:27:24:949

I can't connect with the passive [192.168.100.113/5000] error_code:10065 !

<<<----  [OUT]
2021/01/14 13:27:27:433

Connecting Started...

<<<----  [OUT]
2021/01/14 13:27:27:433

I can't connect with the passive [192.168.100.113/5000] error_code:10065 !

<<<----  [OUT]
2021/01/14 13:27:29:918

Connecting Started...

<<<----  [OUT]
2021/01/14 13:27:29:918

I can't connect with the passive [192.168.100.113/5000] error_code:10065 !

<<<----  [OUT]
2021/01/14 13:27:32:403

Connecting Started...

<<<----  [OUT]
2021/01/14 13:27:32:403

I can't connect with the passive [192.168.100.113/5000] error_code:10065 !

<<<----  [OUT]
2021/01/14 13:27:34:886

Connecting Started...

<<<----  [OUT]
2021/01/14 13:27:34:886

I can't connect with the passive [192.168.100.113/5000] error_code:10065 !

<<<----  [OUT]
2021/01/14 13:27:37:370

Connecting Started...

<<<----  [OUT]
2021/01/14 13:27:37:370

I can't connect with the passive [192.168.100.113/5000] error_code:10065 !

<<<----  [OUT]
2021/01/14 13:27:39:855

Connecting Started...

<<<----  [OUT]
2021/01/14 13:27:39:855

I can't connect with the passive [192.168.100.113/5000] error_code:10065 !

<<<----  [OUT]
2021/01/14 13:27:42:339

Connecting Started...

<<<----  [OUT]
2021/01/14 13:27:42:339

I can't connect with the passive [192.168.100.113/5000] error_code:10065 !

<<<----  [OUT]
2021/01/14 13:27:44:823

Connecting Started...

<<<----  [OUT]
2021/01/14 13:27:44:823

I can't connect with the passive [192.168.100.113/5000] error_code:10065 !

<<<----  [OUT]
2021/01/14 13:27:47:307

Connecting Started...

<<<----  [OUT]
2021/01/14 13:27:47:307

I can't connect with the passive [192.168.100.113/5000] error_code:10065 !

<<<----  [OUT]
2021/01/14 13:27:49:794

Connecting Started...

<<<----  [OUT]
2021/01/14 13:27:49:794

I can't connect with the passive [192.168.100.113/5000] error_code:10065 !

<<<----  [OUT]
2021/01/14 13:27:52:276

Connecting Started...

<<<----  [OUT]
2021/01/14 13:27:52:276

I can't connect with the passive [192.168.100.113/5000] error_code:10065 !

<<<----  [OUT]
2021/01/14 13:27:54:761

Connecting Started...

<<<----  [OUT]
2021/01/14 13:27:54:762

I can't connect with the passive [192.168.100.113/5000] error_code:10065 !

<<<----  [OUT]
2021/01/14 13:27:57:246

Connecting Started...

<<<----  [OUT]
2021/01/14 13:27:57:246

I can't connect with the passive [192.168.100.113/5000] error_code:10065 !

<<<----  [OUT]
2021/01/14 13:27:59:729

Connecting Started...

<<<----  [OUT]
2021/01/14 13:27:59:729

I can't connect with the passive [192.168.100.113/5000] error_code:10065 !

<<<----  [OUT]
2021/01/14 13:28:02:215

Connecting Started...

<<<----  [OUT]
2021/01/14 13:28:02:216

I can't connect with the passive [192.168.100.113/5000] error_code:10065 !

<<<----  [OUT]
2021/01/14 13:28:04:698

Connecting Started...

<<<----  [OUT]
2021/01/14 13:28:04:698

I can't connect with the passive [192.168.100.113/5000] error_code:10065 !

<<<----  [OUT]
2021/01/14 13:28:07:183

Connecting Started...

<<<----  [OUT]
2021/01/14 13:28:07:183

I can't connect with the passive [192.168.100.113/5000] error_code:10065 !

<<<----  [OUT]
2021/01/14 13:28:09:669

Connecting Started...

<<<----  [OUT]
2021/01/14 13:28:09:669

I can't connect with the passive [192.168.100.113/5000] error_code:10065 !

<<<----  [OUT]
2021/01/14 13:28:12:152

Connecting Started...

<<<----  [OUT]
2021/01/14 13:28:12:152

I can't connect with the passive [192.168.100.113/5000] error_code:10065 !

<<<----  [OUT]
2021/01/14 13:28:14:636

Connecting Started...

<<<----  [OUT]
2021/01/14 13:28:14:636

I can't connect with the passive [192.168.100.113/5000] error_code:10065 !

<<<----  [OUT]
2021/01/14 13:28:17:122

Connecting Started...

<<<----  [OUT]
2021/01/14 13:28:17:122

I can't connect with the passive [192.168.100.113/5000] error_code:10065 !

<<<----  [OUT]
2021/01/14 13:28:19:605

Connecting Started...

<<<----  [OUT]
2021/01/14 13:28:19:605

I can't connect with the passive [192.168.100.113/5000] error_code:10065 !

<<<----  [OUT]
2021/01/14 13:28:22:090

Connecting Started...

<<<----  [OUT]
2021/01/14 13:28:22:090

I can't connect with the passive [192.168.100.113/5000] error_code:10065 !

<<<----  [OUT]
2021/01/14 13:28:24:574

Connecting Started...

<<<----  [OUT]
2021/01/14 13:28:24:574

I can't connect with the passive [192.168.100.113/5000] error_code:10065 !

<<<----  [OUT]
2021/01/14 13:28:27:059

Connecting Started...

<<<----  [OUT]
2021/01/14 13:28:27:059

I can't connect with the passive [192.168.100.113/5000] error_code:10065 !

<<<----  [OUT]
2021/01/14 13:28:29:542

Connecting Started...

<<<----  [OUT]
2021/01/14 13:28:29:542

I can't connect with the passive [192.168.100.113/5000] error_code:10065 !

<<<----  [OUT]
2021/01/14 13:28:32:028

Connecting Started...

<<<----  [OUT]
2021/01/14 13:28:32:028

I can't connect with the passive [192.168.100.113/5000] error_code:10065 !

<<<----  [OUT]
2021/01/14 13:28:34:511

Connecting Started...

<<<----  [OUT]
2021/01/14 13:28:34:511

I can't connect with the passive [192.168.100.113/5000] error_code:10065 !

<<<----  [OUT]
2021/01/14 13:28:36:996

Connecting Started...

<<<----  [OUT]
2021/01/14 13:28:36:996

I can't connect with the passive [192.168.100.113/5000] error_code:10065 !

<<<----  [OUT]
2021/01/14 13:28:39:481

Connecting Started...

<<<----  [OUT]
2021/01/14 13:28:39:481

I can't connect with the passive [192.168.100.113/5000] error_code:10065 !

<<<----  [OUT]
2021/01/14 13:28:41:964

Connecting Started...

<<<----  [OUT]
2021/01/14 13:28:41:964

I can't connect with the passive [192.168.100.113/5000] error_code:10065 !

<<<----  [OUT]
2021/01/14 13:28:44:448

Connecting Started...

<<<----  [OUT]
2021/01/14 13:28:44:449

I can't connect with the passive [192.168.100.113/5000] error_code:10065 !

<<<----  [OUT]
2021/01/14 13:28:46:934

Connecting Started...

<<<----  [OUT]
2021/01/14 13:28:46:934

I can't connect with the passive [192.168.100.113/5000] error_code:10065 !

<<<----  [OUT]
2021/01/14 13:28:49:417

Connecting Started...

<<<----  [OUT]
2021/01/14 13:28:49:417

I can't connect with the passive [192.168.100.113/5000] error_code:10065 !

<<<----  [OUT]
2021/01/14 13:28:51:903

Connecting Started...

<<<----  [OUT]
2021/01/14 13:28:51:903

I can't connect with the passive [192.168.100.113/5000] error_code:10065 !

<<<----  [OUT]
2021/01/14 13:28:54:386

Connecting Started...

<<<----  [OUT]
2021/01/14 13:28:54:386

I can't connect with the passive [192.168.100.113/5000] error_code:10065 !

<<<----  [OUT]
2021/01/14 13:28:56:871

Connecting Started...

<<<----  [OUT]
2021/01/14 13:28:56:871

I can't connect with the passive [192.168.100.113/5000] error_code:10065 !

<<<----  [OUT]
2021/01/14 13:28:59:355

Connecting Started...

<<<----  [OUT]
2021/01/14 13:28:59:355

I can't connect with the passive [192.168.100.113/5000] error_code:10065 !

<<<----  [OUT]
2021/01/14 13:29:01:839

Connecting Started...

<<<----  [OUT]
2021/01/14 13:29:01:839

I can't connect with the passive [192.168.100.113/5000] error_code:10065 !

<<<----  [OUT]
2021/01/14 13:29:04:323

Connecting Started...

<<<----  [OUT]
2021/01/14 13:29:04:323

I can't connect with the passive [192.168.100.113/5000] error_code:10065 !

<<<----  [OUT]
2021/01/14 13:29:06:808

Connecting Started...

<<<----  [OUT]
2021/01/14 13:29:06:808

I can't connect with the passive [192.168.100.113/5000] error_code:10065 !

<<<----  [OUT]
2021/01/14 13:29:09:292

Connecting Started...

<<<----  [OUT]
2021/01/14 13:29:09:293

I can't connect with the passive [192.168.100.113/5000] error_code:10065 !

<<<----  [OUT]
2021/01/14 13:29:11:778

Connecting Started...

<<<----  [OUT]
2021/01/14 13:29:11:778

I can't connect with the passive [192.168.100.113/5000] error_code:10065 !

<<<----  [OUT]
2021/01/14 13:29:14:261

Connecting Started...

<<<----  [OUT]
2021/01/14 13:29:14:261

I can't connect with the passive [192.168.100.113/5000] error_code:10065 !

<<<----  [OUT]
2021/01/14 13:29:16:746

Connecting Started...

<<<----  [OUT]
2021/01/14 13:29:16:746

I can't connect with the passive [192.168.100.113/5000] error_code:10065 !

<<<----  [OUT]
2021/01/14 13:29:19:230

Connecting Started...

<<<----  [OUT]
2021/01/14 13:29:19:230

I can't connect with the passive [192.168.100.113/5000] error_code:10065 !

<<<----  [OUT]
2021/01/14 13:29:21:715

Connecting Started...

<<<----  [OUT]
2021/01/14 13:29:21:715

I can't connect with the passive [192.168.100.113/5000] error_code:10065 !

<<<----  [OUT]
2021/01/14 13:29:24:199

Connecting Started...

<<<----  [OUT]
2021/01/14 13:29:24:199

I can't connect with the passive [192.168.100.113/5000] error_code:10065 !

<<<----  [OUT]
2021/01/14 13:29:26:683

Connecting Started...

<<<----  [OUT]
2021/01/14 13:29:26:683

I can't connect with the passive [192.168.100.113/5000] error_code:10065 !

<<<----  [OUT]
2021/01/14 13:29:29:167

Connecting Started...

<<<----  [OUT]
2021/01/14 13:29:29:167

I can't connect with the passive [192.168.100.113/5000] error_code:10065 !

<<<----  [OUT]
2021/01/14 13:29:31:652

Connecting Started...

<<<----  [OUT]
2021/01/14 13:29:31:652

I can't connect with the passive [192.168.100.113/5000] error_code:10065 !

<<<----  [OUT]
2021/01/14 13:29:34:136

Connecting Started...

<<<----  [OUT]
2021/01/14 13:29:34:136

I can't connect with the passive [192.168.100.113/5000] error_code:10065 !

<<<----  [OUT]
2021/01/14 13:29:36:621

Connecting Started...

<<<----  [OUT]
2021/01/14 13:29:36:621

I can't connect with the passive [192.168.100.113/5000] error_code:10065 !

<<<----  [OUT]
2021/01/14 13:29:39:105

Connecting Started...

<<<----  [OUT]
2021/01/14 13:29:39:105

I can't connect with the passive [192.168.100.113/5000] error_code:10065 !

<<<----  [OUT]
2021/01/14 13:29:41:589

Connecting Started...

<<<----  [OUT]
2021/01/14 13:29:41:589

I can't connect with the passive [192.168.100.113/5000] error_code:10065 !

<<<----  [OUT]
2021/01/14 13:29:44:073

Connecting Started...

<<<----  [OUT]
2021/01/14 13:29:44:073

I can't connect with the passive [192.168.100.113/5000] error_code:10065 !

<<<----  [OUT]
2021/01/14 13:29:46:559

Connecting Started...

<<<----  [OUT]
2021/01/14 13:29:46:559

I can't connect with the passive [192.168.100.113/5000] error_code:10065 !

<<<----  [OUT]
2021/01/14 13:29:49:042

Connecting Started...

<<<----  [OUT]
2021/01/14 13:29:49:042

I can't connect with the passive [192.168.100.113/5000] error_code:10065 !

<<<----  [OUT]
2021/01/14 13:29:51:527

Connecting Started...

<<<----  [OUT]
2021/01/14 13:29:51:527

I can't connect with the passive [192.168.100.113/5000] error_code:10065 !

<<<----  [OUT]
2021/01/14 13:29:54:011

Connecting Started...

<<<----  [OUT]
2021/01/14 13:29:54:011

I can't connect with the passive [192.168.100.113/5000] error_code:10065 !

<<<----  [OUT]
2021/01/14 13:29:56:496

Connecting Started...

<<<----  [OUT]
2021/01/14 13:29:56:496

I can't connect with the passive [192.168.100.113/5000] error_code:10065 !

<<<----  [OUT]
2021/01/14 13:29:58:979

Connecting Started...

<<<----  [OUT]
2021/01/14 13:29:58:979

I can't connect with the passive [192.168.100.113/5000] error_code:10065 !

<<<----  [OUT]
2021/01/14 13:30:01:464

Connecting Started...

<<<----  [OUT]
2021/01/14 13:30:01:464

I can't connect with the passive [192.168.100.113/5000] error_code:10065 !

<<<----  [OUT]
2021/01/14 13:30:03:950

Connecting Started...

<<<----  [OUT]
2021/01/14 13:30:03:950

I can't connect with the passive [192.168.100.113/5000] error_code:10065 !

<<<----  [OUT]
2021/01/14 13:30:06:433

Connecting Started...

<<<----  [OUT]
2021/01/14 13:30:06:433

I can't connect with the passive [192.168.100.113/5000] error_code:10065 !

<<<----  [OUT]
2021/01/14 13:30:08:918

Connecting Started...

<<<----  [OUT]
2021/01/14 13:30:08:918

I can't connect with the passive [192.168.100.113/5000] error_code:10065 !

<<<----  [OUT]
2021/01/14 13:30:11:402

Connecting Started...

<<<----  [OUT]
2021/01/14 13:30:11:402

I can't connect with the passive [192.168.100.113/5000] error_code:10065 !

<<<----  [OUT]
2021/01/14 13:30:13:886

Connecting Started...

<<<----  [OUT]
2021/01/14 13:30:13:886

I can't connect with the passive [192.168.100.113/5000] error_code:10065 !

<<<----  [OUT]
2021/01/14 13:30:16:372

Connecting Started...

<<<----  [OUT]
2021/01/14 13:30:16:372

I can't connect with the passive [192.168.100.113/5000] error_code:10065 !

<<<----  [OUT]
2021/01/14 13:30:18:855

Connecting Started...

<<<----  [OUT]
2021/01/14 13:30:18:855

I can't connect with the passive [192.168.100.113/5000] error_code:10065 !

<<<----  [OUT]
2021/01/14 13:30:21:339

Connecting Started...

<<<----  [OUT]
2021/01/14 13:30:21:339

I can't connect with the passive [192.168.100.113/5000] error_code:10065 !

<<<----  [OUT]
2021/01/14 13:30:23:824

Connecting Started...

<<<----  [OUT]
2021/01/14 13:30:23:824

I can't connect with the passive [192.168.100.113/5000] error_code:10065 !

<<<----  [OUT]
2021/01/14 13:30:26:308

Connecting Started...

<<<----  [OUT]
2021/01/14 13:30:26:308

I can't connect with the passive [192.168.100.113/5000] error_code:10065 !

<<<----  [OUT]
2021/01/14 13:30:28:793

Connecting Started...

<<<----  [OUT]
2021/01/14 13:30:28:793

I can't connect with the passive [192.168.100.113/5000] error_code:10065 !

<<<----  [OUT]
2021/01/14 13:30:31:277

Connecting Started...

<<<----  [OUT]
2021/01/14 13:30:31:277

I can't connect with the passive [192.168.100.113/5000] error_code:10065 !

<<<----  [OUT]
2021/01/14 13:30:33:761

Connecting Started...

<<<----  [OUT]
2021/01/14 13:30:33:761

I can't connect with the passive [192.168.100.113/5000] error_code:10065 !

<<<----  [OUT]
2021/01/14 13:30:36:247

Connecting Started...

<<<----  [OUT]
2021/01/14 13:30:36:247

I can't connect with the passive [192.168.100.113/5000] error_code:10065 !

<<<----  [OUT]
2021/01/14 13:30:38:730

Connecting Started...

<<<----  [OUT]
2021/01/14 13:30:38:730

I can't connect with the passive [192.168.100.113/5000] error_code:10065 !

<<<----  [OUT]
2021/01/14 13:30:41:215

Connecting Started...

<<<----  [OUT]
2021/01/14 13:30:41:215

I can't connect with the passive [192.168.100.113/5000] error_code:10065 !

<<<----  [OUT]
2021/01/14 13:30:43:700

Connecting Started...

<<<----  [OUT]
2021/01/14 13:30:43:700

I can't connect with the passive [192.168.100.113/5000] error_code:10065 !

<<<----  [OUT]
2021/01/14 13:30:46:183

Connecting Started...

<<<----  [OUT]
2021/01/14 13:30:46:183

I can't connect with the passive [192.168.100.113/5000] error_code:10065 !

<<<----  [OUT]
2021/01/14 13:30:48:667

Connecting Started...

<<<----  [OUT]
2021/01/14 13:30:48:667

I can't connect with the passive [192.168.100.113/5000] error_code:10065 !

<<<----  [OUT]
2021/01/14 13:30:51:152

Connecting Started...

<<<----  [OUT]
2021/01/14 13:30:51:153

I can't connect with the passive [192.168.100.113/5000] error_code:10065 !

<<<----  [OUT]
2021/01/14 13:30:53:637

Connecting Started...

<<<----  [OUT]
2021/01/14 13:30:53:637

I can't connect with the passive [192.168.100.113/5000] error_code:10065 !

<<<----  [OUT]
2021/01/14 13:30:56:120

Connecting Started...

<<<----  [OUT]
2021/01/14 13:30:56:120

I can't connect with the passive [192.168.100.113/5000] error_code:10065 !

<<<----  [OUT]
2021/01/14 13:30:58:606

Connecting Started...

<<<----  [OUT]
2021/01/14 13:30:58:606

I can't connect with the passive [192.168.100.113/5000] error_code:10065 !

<<<----  [OUT]
2021/01/14 13:31:01:090

Connecting Started...

<<<----  [OUT]
2021/01/14 13:31:01:090

I can't connect with the passive [192.168.100.113/5000] error_code:10065 !

<<<----  [OUT]
2021/01/14 13:31:03:573

Connecting Started...

<<<----  [OUT]
2021/01/14 13:31:03:573

I can't connect with the passive [192.168.100.113/5000] error_code:10065 !

<<<----  [OUT]
2021/01/14 13:31:06:059

Connecting Started...

<<<----  [OUT]
2021/01/14 13:31:06:059

I can't connect with the passive [192.168.100.113/5000] error_code:10065 !

<<<----  [OUT]
2021/01/14 13:31:08:542

Connecting Started...

<<<----  [OUT]
2021/01/14 13:31:08:542

I can't connect with the passive [192.168.100.113/5000] error_code:10065 !

<<<----  [OUT]
2021/01/14 13:31:11:027

Connecting Started...

<<<----  [OUT]
2021/01/14 13:31:11:027

I can't connect with the passive [192.168.100.113/5000] error_code:10065 !

<<<----  [OUT]
2021/01/14 13:31:13:512

Connecting Started...

<<<----  [OUT]
2021/01/14 13:31:13:512

I can't connect with the passive [192.168.100.113/5000] error_code:10065 !

<<<----  [OUT]
2021/01/14 13:31:15:996

Connecting Started...

<<<----  [OUT]
2021/01/14 13:31:15:996

I can't connect with the passive [192.168.100.113/5000] error_code:10065 !

<<<----  [OUT]
2021/01/14 13:31:18:480

Connecting Started...

<<<----  [OUT]
2021/01/14 13:31:18:480

I can't connect with the passive [192.168.100.113/5000] error_code:10065 !

<<<----  [OUT]
2021/01/14 13:31:20:965

Connecting Started...

<<<----  [OUT]
2021/01/14 13:31:20:965

I can't connect with the passive [192.168.100.113/5000] error_code:10065 !

<<<----  [OUT]
2021/01/14 13:31:23:449

Connecting Started...

<<<----  [OUT]
2021/01/14 13:31:23:449

I can't connect with the passive [192.168.100.113/5000] error_code:10065 !

<<<----  [OUT]
2021/01/14 13:31:25:934

Connecting Started...

<<<----  [OUT]
2021/01/14 13:31:25:934

I can't connect with the passive [192.168.100.113/5000] error_code:10065 !

<<<----  [OUT]
2021/01/14 13:31:28:417

Connecting Started...

<<<----  [OUT]
2021/01/14 13:31:28:417

I can't connect with the passive [192.168.100.113/5000] error_code:10065 !

<<<----  [OUT]
2021/01/14 13:31:30:902

Connecting Started...

<<<----  [OUT]
2021/01/14 13:31:30:902

I can't connect with the passive [192.168.100.113/5000] error_code:10065 !

<<<----  [OUT]
2021/01/14 13:31:33:387

Connecting Started...

<<<----  [OUT]
2021/01/14 13:31:33:387

I can't connect with the passive [192.168.100.113/5000] error_code:10065 !

<<<----  [OUT]
2021/01/14 13:31:35:871

Connecting Started...

<<<----  [OUT]
2021/01/14 13:31:35:872

I can't connect with the passive [192.168.100.113/5000] error_code:10065 !

<<<----  [OUT]
2021/01/14 13:31:38:355

Connecting Started...

<<<----  [OUT]
2021/01/14 13:31:38:355

I can't connect with the passive [192.168.100.113/5000] error_code:10065 !

<<<----  [OUT]
2021/01/14 13:31:40:840

Connecting Started...

<<<----  [OUT]
2021/01/14 13:31:40:840

I can't connect with the passive [192.168.100.113/5000] error_code:10065 !

<<<----  [OUT]
2021/01/14 13:31:43:325

Connecting Started...

<<<----  [OUT]
2021/01/14 13:31:43:325

I can't connect with the passive [192.168.100.113/5000] error_code:10065 !

<<<----  [OUT]
2021/01/14 13:31:45:808

Connecting Started...

<<<----  [OUT]
2021/01/14 13:31:45:808

I can't connect with the passive [192.168.100.113/5000] error_code:10065 !

<<<----  [OUT]
2021/01/14 13:31:48:293

Connecting Started...

<<<----  [OUT]
2021/01/14 13:31:48:293

I can't connect with the passive [192.168.100.113/5000] error_code:10065 !

<<<----  [OUT]
2021/01/14 13:31:50:777

Connecting Started...

<<<----  [OUT]
2021/01/14 13:31:50:777

I can't connect with the passive [192.168.100.113/5000] error_code:10065 !

<<<----  [OUT]
2021/01/14 13:31:53:261

Connecting Started...

<<<----  [OUT]
2021/01/14 13:31:53:261

I can't connect with the passive [192.168.100.113/5000] error_code:10065 !

<<<----  [OUT]
2021/01/14 13:31:55:747

Connecting Started...

<<<----  [OUT]
2021/01/14 13:31:55:747

I can't connect with the passive [192.168.100.113/5000] error_code:10065 !

<<<----  [OUT]
2021/01/14 13:31:58:230

Connecting Started...

<<<----  [OUT]
2021/01/14 13:31:58:230

I can't connect with the passive [192.168.100.113/5000] error_code:10065 !

<<<----  [OUT]
2021/01/14 13:32:00:716

Connecting Started...

<<<----  [OUT]
2021/01/14 13:32:00:717

I can't connect with the passive [192.168.100.113/5000] error_code:10065 !

<<<----  [OUT]
2021/01/14 13:32:03:199

Connecting Started...

<<<----  [OUT]
2021/01/14 13:32:03:199

I can't connect with the passive [192.168.100.113/5000] error_code:10065 !

<<<----  [OUT]
2021/01/14 13:32:05:684

Connecting Started...

<<<----  [OUT]
2021/01/14 13:32:05:684

I can't connect with the passive [192.168.100.113/5000] error_code:10065 !

<<<----  [OUT]
2021/01/14 13:32:08:168

Connecting Started...

<<<----  [OUT]
2021/01/14 13:32:08:168

I can't connect with the passive [192.168.100.113/5000] error_code:10065 !

<<<----  [OUT]
2021/01/14 13:32:10:652

Connecting Started...

<<<----  [OUT]
2021/01/14 13:32:10:652

I can't connect with the passive [192.168.100.113/5000] error_code:10065 !

<<<----  [OUT]
2021/01/14 13:32:13:137

Connecting Started...

<<<----  [OUT]
2021/01/14 13:32:13:137

I can't connect with the passive [192.168.100.113/5000] error_code:10065 !

<<<----  [OUT]
2021/01/14 13:32:15:620

Connecting Started...

<<<----  [OUT]
2021/01/14 13:32:15:620

I can't connect with the passive [192.168.100.113/5000] error_code:10065 !

<<<----  [OUT]
2021/01/14 13:32:18:106

Connecting Started...

<<<----  [OUT]
2021/01/14 13:32:18:106

I can't connect with the passive [192.168.100.113/5000] error_code:10065 !

<<<----  [OUT]
2021/01/14 13:32:20:590

Connecting Started...

<<<----  [OUT]
2021/01/14 13:32:20:590

I can't connect with the passive [192.168.100.113/5000] error_code:10065 !

<<<----  [OUT]
2021/01/14 13:32:23:074

Connecting Started...

<<<----  [OUT]
2021/01/14 13:32:23:074

I can't connect with the passive [192.168.100.113/5000] error_code:10065 !

<<<----  [OUT]
2021/01/14 13:32:25:559

Connecting Started...

<<<----  [OUT]
2021/01/14 13:32:25:559

I can't connect with the passive [192.168.100.113/5000] error_code:10065 !

<<<----  [OUT]
2021/01/14 13:32:28:042

Connecting Started...

<<<----  [OUT]
2021/01/14 13:32:28:042

I can't connect with the passive [192.168.100.113/5000] error_code:10065 !

<<<----  [OUT]
2021/01/14 13:32:30:527

Connecting Started...

<<<----  [OUT]
2021/01/14 13:32:30:527

I can't connect with the passive [192.168.100.113/5000] error_code:10065 !

<<<----  [OUT]
2021/01/14 13:32:33:011

Connecting Started...

<<<----  [OUT]
2021/01/14 13:32:33:011

I can't connect with the passive [192.168.100.113/5000] error_code:10065 !

<<<----  [OUT]
2021/01/14 13:32:35:495

Connecting Started...

<<<----  [OUT]
2021/01/14 13:32:35:495

I can't connect with the passive [192.168.100.113/5000] error_code:10065 !

<<<----  [OUT]
2021/01/14 13:32:37:979

Connecting Started...

<<<----  [OUT]
2021/01/14 13:32:37:979

I can't connect with the passive [192.168.100.113/5000] error_code:10065 !

<<<----  [OUT]
2021/01/14 13:32:40:465

Connecting Started...

<<<----  [OUT]
2021/01/14 13:32:40:465

I can't connect with the passive [192.168.100.113/5000] error_code:10065 !

<<<----  [OUT]
2021/01/14 13:32:42:948

Connecting Started...

<<<----  [OUT]
2021/01/14 13:32:42:948

I can't connect with the passive [192.168.100.113/5000] error_code:10065 !

<<<----  [OUT]
2021/01/14 13:32:45:433

Connecting Started...

<<<----  [OUT]
2021/01/14 13:32:45:433

I can't connect with the passive [192.168.100.113/5000] error_code:10065 !

<<<----  [OUT]
2021/01/14 13:32:47:917

Connecting Started...

<<<----  [OUT]
2021/01/14 13:32:47:917

I can't connect with the passive [192.168.100.113/5000] error_code:10065 !

<<<----  [OUT]
2021/01/14 13:32:50:402

Connecting Started...

<<<----  [OUT]
2021/01/14 13:32:50:402

I can't connect with the passive [192.168.100.113/5000] error_code:10065 !

<<<----  [OUT]
2021/01/14 13:32:52:887

Connecting Started...

<<<----  [OUT]
2021/01/14 13:32:52:887

I can't connect with the passive [192.168.100.113/5000] error_code:10065 !

<<<----  [OUT]
2021/01/14 13:32:55:370

Connecting Started...

<<<----  [OUT]
2021/01/14 13:32:55:370

I can't connect with the passive [192.168.100.113/5000] error_code:10065 !

<<<----  [OUT]
2021/01/14 13:32:57:854

Connecting Started...

<<<----  [OUT]
2021/01/14 13:32:57:855

I can't connect with the passive [192.168.100.113/5000] error_code:10065 !

<<<----  [OUT]
2021/01/14 13:33:00:340

Connecting Started...

<<<----  [OUT]
2021/01/14 13:33:00:340

I can't connect with the passive [192.168.100.113/5000] error_code:10065 !

<<<----  [OUT]
2021/01/14 13:33:02:823

Connecting Started...

<<<----  [OUT]
2021/01/14 13:33:02:823

I can't connect with the passive [192.168.100.113/5000] error_code:10065 !

<<<----  [OUT]
2021/01/14 13:33:05:307

Connecting Started...

<<<----  [OUT]
2021/01/14 13:33:05:307

I can't connect with the passive [192.168.100.113/5000] error_code:10065 !

<<<----  [OUT]
2021/01/14 13:33:07:793

Connecting Started...

<<<----  [OUT]
2021/01/14 13:33:07:793

I can't connect with the passive [192.168.100.113/5000] error_code:10065 !

<<<----  [OUT]
2021/01/14 13:33:10:277

Connecting Started...

<<<----  [OUT]
2021/01/14 13:33:10:277

I can't connect with the passive [192.168.100.113/5000] error_code:10065 !

<<<----  [OUT]
2021/01/14 13:33:12:763

Connecting Started...

<<<----  [OUT]
2021/01/14 13:33:12:763

I can't connect with the passive [192.168.100.113/5000] error_code:10065 !

<<<----  [OUT]
2021/01/14 13:33:15:247

Connecting Started...

<<<----  [OUT]
2021/01/14 13:33:15:247

I can't connect with the passive [192.168.100.113/5000] error_code:10065 !

<<<----  [OUT]
2021/01/14 13:33:17:730

Connecting Started...

<<<----  [OUT]
2021/01/14 13:33:17:730

I can't connect with the passive [192.168.100.113/5000] error_code:10065 !

<<<----  [OUT]
2021/01/14 13:33:20:215

Connecting Started...

<<<----  [OUT]
2021/01/14 13:33:20:215

I can't connect with the passive [192.168.100.113/5000] error_code:10065 !

<<<----  [OUT]
2021/01/14 13:33:22:698

Connecting Started...

<<<----  [OUT]
2021/01/14 13:33:22:699

I can't connect with the passive [192.168.100.113/5000] error_code:10065 !

<<<----  [OUT]
2021/01/14 13:33:25:183

Connecting Started...

<<<----  [OUT]
2021/01/14 13:33:25:183

I can't connect with the passive [192.168.100.113/5000] error_code:10065 !

<<<----  [OUT]
2021/01/14 13:33:27:667

Connecting Started...

<<<----  [OUT]
2021/01/14 13:33:27:667

I can't connect with the passive [192.168.100.113/5000] error_code:10065 !

<<<----  [OUT]
2021/01/14 13:33:30:152

Connecting Started...

<<<----  [OUT]
2021/01/14 13:33:30:152

I can't connect with the passive [192.168.100.113/5000] error_code:10065 !

<<<----  [OUT]
2021/01/14 13:33:32:636

Connecting Started...

<<<----  [OUT]
2021/01/14 13:33:32:636

I can't connect with the passive [192.168.100.113/5000] error_code:10065 !

<<<----  [OUT]
2021/01/14 13:33:35:121

Connecting Started...

<<<----  [OUT]
2021/01/14 13:33:35:121

I can't connect with the passive [192.168.100.113/5000] error_code:10065 !

<<<----  [OUT]
2021/01/14 13:33:37:605

Connecting Started...

<<<----  [OUT]
2021/01/14 13:33:37:605

I can't connect with the passive [192.168.100.113/5000] error_code:10065 !

<<<----  [OUT]
2021/01/14 13:33:40:090

Connecting Started...

<<<----  [OUT]
2021/01/14 13:33:40:090

I can't connect with the passive [192.168.100.113/5000] error_code:10065 !

<<<----  [OUT]
2021/01/14 13:33:42:573

Connecting Started...

<<<----  [OUT]
2021/01/14 13:33:42:573

I can't connect with the passive [192.168.100.113/5000] error_code:10065 !

<<<----  [OUT]
2021/01/14 13:33:45:058

Connecting Started...

<<<----  [OUT]
2021/01/14 13:33:45:058

I can't connect with the passive [192.168.100.113/5000] error_code:10065 !

<<<----  [OUT]
2021/01/14 13:33:47:543

Connecting Started...

<<<----  [OUT]
2021/01/14 13:33:47:543

I can't connect with the passive [192.168.100.113/5000] error_code:10065 !

<<<----  [OUT]
2021/01/14 13:33:50:027

Connecting Started...

<<<----  [OUT]
2021/01/14 13:33:50:028

I can't connect with the passive [192.168.100.113/5000] error_code:10065 !

<<<----  [OUT]
2021/01/14 13:33:52:511

Connecting Started...

<<<----  [OUT]
2021/01/14 13:33:52:511

I can't connect with the passive [192.168.100.113/5000] error_code:10065 !

<<<----  [OUT]
2021/01/14 13:33:54:996

Connecting Started...

<<<----  [OUT]
2021/01/14 13:33:54:996

I can't connect with the passive [192.168.100.113/5000] error_code:10065 !

<<<----  [OUT]
2021/01/14 13:33:57:480

Connecting Started...

<<<----  [OUT]
2021/01/14 13:33:57:480

I can't connect with the passive [192.168.100.113/5000] error_code:10065 !

<<<----  [OUT]
2021/01/14 13:33:59:965

Connecting Started...

<<<----  [OUT]
2021/01/14 13:33:59:965

I can't connect with the passive [192.168.100.113/5000] error_code:10065 !

<<<----  [OUT]
2021/01/14 13:34:02:448

Connecting Started...

<<<----  [OUT]
2021/01/14 13:34:02:448

I can't connect with the passive [192.168.100.113/5000] error_code:10065 !

<<<----  [OUT]
2021/01/14 13:34:04:932

Connecting Started...

<<<----  [OUT]
2021/01/14 13:34:04:933

I can't connect with the passive [192.168.100.113/5000] error_code:10065 !

<<<----  [OUT]
2021/01/14 13:34:07:417

Connecting Started...

<<<----  [OUT]
2021/01/14 13:34:07:417

I can't connect with the passive [192.168.100.113/5000] error_code:10065 !

<<<----  [OUT]
2021/01/14 13:34:09:902

Connecting Started...

<<<----  [OUT]
2021/01/14 13:34:09:902

I can't connect with the passive [192.168.100.113/5000] error_code:10065 !

<<<----  [OUT]
2021/01/14 13:34:12:386

Connecting Started...

<<<----  [OUT]
2021/01/14 13:34:12:387

I can't connect with the passive [192.168.100.113/5000] error_code:10065 !

<<<----  [OUT]
2021/01/14 13:34:14:870

Connecting Started...

<<<----  [OUT]
2021/01/14 13:34:14:870

I can't connect with the passive [192.168.100.113/5000] error_code:10065 !

<<<----  [OUT]
2021/01/14 13:34:17:355

Connecting Started...

<<<----  [OUT]
2021/01/14 13:34:17:355

I can't connect with the passive [192.168.100.113/5000] error_code:10065 !

<<<----  [OUT]
2021/01/14 13:34:19:841

Connecting Started...

<<<----  [OUT]
2021/01/14 13:34:19:841

I can't connect with the passive [192.168.100.113/5000] error_code:10065 !

<<<----  [OUT]
2021/01/14 13:34:22:324

Connecting Started...

<<<----  [OUT]
2021/01/14 13:34:22:324

I can't connect with the passive [192.168.100.113/5000] error_code:10065 !

<<<----  [OUT]
2021/01/14 13:34:24:809

Connecting Started...

<<<----  [OUT]
2021/01/14 13:34:24:809

I can't connect with the passive [192.168.100.113/5000] error_code:10065 !

<<<----  [OUT]
2021/01/14 13:34:27:293

Connecting Started...

<<<----  [OUT]
2021/01/14 13:34:27:293

I can't connect with the passive [192.168.100.113/5000] error_code:10065 !

<<<----  [OUT]
2021/01/14 13:34:29:778

Connecting Started...

<<<----  [OUT]
2021/01/14 13:34:29:778

I can't connect with the passive [192.168.100.113/5000] error_code:10065 !

<<<----  [OUT]
2021/01/14 13:34:32:261

Connecting Started...

<<<----  [OUT]
2021/01/14 13:34:32:261

I can't connect with the passive [192.168.100.113/5000] error_code:10065 !

<<<----  [OUT]
2021/01/14 13:34:34:745

Connecting Started...

<<<----  [OUT]
2021/01/14 13:34:34:745

I can't connect with the passive [192.168.100.113/5000] error_code:10065 !

<<<----  [OUT]
2021/01/14 13:34:37:229

Connecting Started...

<<<----  [OUT]
2021/01/14 13:34:37:230

I can't connect with the passive [192.168.100.113/5000] error_code:10065 !

<<<----  [OUT]
2021/01/14 13:34:39:714

Connecting Started...

<<<----  [OUT]
2021/01/14 13:34:39:715

I can't connect with the passive [192.168.100.113/5000] error_code:10065 !

<<<----  [OUT]
2021/01/14 13:34:42:199

Connecting Started...

<<<----  [OUT]
2021/01/14 13:34:42:199

I can't connect with the passive [192.168.100.113/5000] error_code:10065 !

<<<----  [OUT]
2021/01/14 13:34:44:683

Connecting Started...

<<<----  [OUT]
2021/01/14 13:34:44:683

I can't connect with the passive [192.168.100.113/5000] error_code:10065 !

<<<----  [OUT]
2021/01/14 13:34:47:167

Connecting Started...

<<<----  [OUT]
2021/01/14 13:34:47:167

I can't connect with the passive [192.168.100.113/5000] error_code:10065 !

<<<----  [OUT]
2021/01/14 13:34:49:652

Connecting Started...

<<<----  [OUT]
2021/01/14 13:34:49:652

I can't connect with the passive [192.168.100.113/5000] error_code:10065 !

<<<----  [OUT]
2021/01/14 13:34:52:136

Connecting Started...

<<<----  [OUT]
2021/01/14 13:34:52:137

I can't connect with the passive [192.168.100.113/5000] error_code:10065 !

<<<----  [OUT]
2021/01/14 13:34:54:621

Connecting Started...

<<<----  [OUT]
2021/01/14 13:34:54:621

I can't connect with the passive [192.168.100.113/5000] error_code:10065 !

<<<----  [OUT]
2021/01/14 13:34:57:104

Connecting Started...

<<<----  [OUT]
2021/01/14 13:34:57:104

I can't connect with the passive [192.168.100.113/5000] error_code:10065 !

<<<----  [OUT]
2021/01/14 13:34:59:589

Connecting Started...

<<<----  [OUT]
2021/01/14 13:34:59:589

I can't connect with the passive [192.168.100.113/5000] error_code:10065 !

<<<----  [OUT]
2021/01/14 13:35:02:074

Connecting Started...

<<<----  [OUT]
2021/01/14 13:35:02:075

I can't connect with the passive [192.168.100.113/5000] error_code:10065 !

<<<----  [OUT]
2021/01/14 13:35:04:558

Connecting Started...

<<<----  [OUT]
2021/01/14 13:35:04:558

I can't connect with the passive [192.168.100.113/5000] error_code:10065 !

<<<----  [OUT]
2021/01/14 13:35:07:042

Connecting Started...

<<<----  [OUT]
2021/01/14 13:35:07:042

I can't connect with the passive [192.168.100.113/5000] error_code:10065 !

<<<----  [OUT]
2021/01/14 13:35:09:526

Connecting Started...

<<<----  [OUT]
2021/01/14 13:35:09:526

I can't connect with the passive [192.168.100.113/5000] error_code:10065 !

<<<----  [OUT]
2021/01/14 13:35:12:011

Connecting Started...

<<<----  [OUT]
2021/01/14 13:35:12:012

I can't connect with the passive [192.168.100.113/5000] error_code:10065 !

<<<----  [OUT]
2021/01/14 13:35:14:495

Connecting Started...

<<<----  [OUT]
2021/01/14 13:35:14:495

I can't connect with the passive [192.168.100.113/5000] error_code:10065 !

<<<----  [OUT]
2021/01/14 13:35:16:980

Connecting Started...

<<<----  [OUT]
2021/01/14 13:35:16:980

I can't connect with the passive [192.168.100.113/5000] error_code:10065 !

<<<----  [OUT]
2021/01/14 13:35:19:465

Connecting Started...

<<<----  [OUT]
2021/01/14 13:35:19:465

I can't connect with the passive [192.168.100.113/5000] error_code:10065 !

<<<----  [OUT]
2021/01/14 13:35:21:948

Connecting Started...

<<<----  [OUT]
2021/01/14 13:35:21:948

I can't connect with the passive [192.168.100.113/5000] error_code:10065 !

<<<----  [OUT]
2021/01/14 13:35:24:434

Connecting Started...

<<<----  [OUT]
2021/01/14 13:35:24:434

I can't connect with the passive [192.168.100.113/5000] error_code:10065 !

<<<----  [OUT]
2021/01/14 13:35:26:918

Connecting Started...

<<<----  [OUT]
2021/01/14 13:35:26:918

I can't connect with the passive [192.168.100.113/5000] error_code:10065 !

<<<----  [OUT]
2021/01/14 13:35:29:402

Connecting Started...

<<<----  [OUT]
2021/01/14 13:35:29:402

I can't connect with the passive [192.168.100.113/5000] error_code:10065 !

<<<----  [OUT]
2021/01/14 13:35:31:886

Connecting Started...

<<<----  [OUT]
2021/01/14 13:35:31:887

I can't connect with the passive [192.168.100.113/5000] error_code:10065 !

<<<----  [OUT]
2021/01/14 13:35:34:371

Connecting Started...

<<<----  [OUT]
2021/01/14 13:35:34:371

I can't connect with the passive [192.168.100.113/5000] error_code:10065 !

<<<----  [OUT]
2021/01/14 13:35:36:855

Connecting Started...

<<<----  [OUT]
2021/01/14 13:35:36:855

I can't connect with the passive [192.168.100.113/5000] error_code:10065 !

<<<----  [OUT]
2021/01/14 13:35:39:340

Connecting Started...

<<<----  [OUT]
2021/01/14 13:35:39:340

I can't connect with the passive [192.168.100.113/5000] error_code:10065 !

<<<----  [OUT]
2021/01/14 13:35:41:823

Connecting Started...

<<<----  [OUT]
2021/01/14 13:35:41:824

I can't connect with the passive [192.168.100.113/5000] error_code:10065 !

<<<----  [OUT]
2021/01/14 13:35:44:308

Connecting Started...

<<<----  [OUT]
2021/01/14 13:35:44:308

I can't connect with the passive [192.168.100.113/5000] error_code:10065 !

<<<----  [OUT]
2021/01/14 13:35:46:792

Connecting Started...

<<<----  [OUT]
2021/01/14 13:35:46:792

I can't connect with the passive [192.168.100.113/5000] error_code:10065 !

<<<----  [OUT]
2021/01/14 13:35:49:277

Connecting Started...

<<<----  [OUT]
2021/01/14 13:35:49:277

I can't connect with the passive [192.168.100.113/5000] error_code:10065 !

<<<----  [OUT]
2021/01/14 13:35:51:762

Connecting Started...

<<<----  [OUT]
2021/01/14 13:35:51:762

I can't connect with the passive [192.168.100.113/5000] error_code:10065 !

<<<----  [OUT]
2021/01/14 13:35:54:245

Connecting Started...

<<<----  [OUT]
2021/01/14 13:35:54:245

I can't connect with the passive [192.168.100.113/5000] error_code:10065 !

<<<----  [OUT]
2021/01/14 13:35:56:729

Connecting Started...

<<<----  [OUT]
2021/01/14 13:35:56:729

I can't connect with the passive [192.168.100.113/5000] error_code:10065 !

<<<----  [OUT]
2021/01/14 13:35:59:215

Connecting Started...

<<<----  [OUT]
2021/01/14 13:35:59:215

I can't connect with the passive [192.168.100.113/5000] error_code:10065 !

<<<----  [OUT]
2021/01/14 13:36:01:698

Connecting Started...

<<<----  [OUT]
2021/01/14 13:36:01:698

I can't connect with the passive [192.168.100.113/5000] error_code:10065 !

<<<----  [OUT]
2021/01/14 13:36:04:183

Connecting Started...

<<<----  [OUT]
2021/01/14 13:36:04:183

I can't connect with the passive [192.168.100.113/5000] error_code:10065 !

<<<----  [OUT]
2021/01/14 13:36:06:668

Connecting Started...

<<<----  [OUT]
2021/01/14 13:36:06:668

I can't connect with the passive [192.168.100.113/5000] error_code:10065 !

<<<----  [OUT]
2021/01/14 13:36:09:151

Connecting Started...

<<<----  [OUT]
2021/01/14 13:36:09:151

I can't connect with the passive [192.168.100.113/5000] error_code:10065 !

<<<----  [OUT]
2021/01/14 13:36:11:637

Connecting Started...

<<<----  [OUT]
2021/01/14 13:36:11:637

I can't connect with the passive [192.168.100.113/5000] error_code:10065 !

<<<----  [OUT]
2021/01/14 13:36:14:120

Connecting Started...

<<<----  [OUT]
2021/01/14 13:36:14:120

I can't connect with the passive [192.168.100.113/5000] error_code:10065 !

<<<----  [OUT]
2021/01/14 13:36:16:604

Connecting Started...

<<<----  [OUT]
2021/01/14 13:36:16:604

I can't connect with the passive [192.168.100.113/5000] error_code:10065 !

<<<----  [OUT]
2021/01/14 13:36:19:089

Connecting Started...

<<<----  [OUT]
2021/01/14 13:36:19:089

I can't connect with the passive [192.168.100.113/5000] error_code:10065 !

<<<----  [OUT]
2021/01/14 13:36:21:573

Connecting Started...

<<<----  [OUT]
2021/01/14 13:36:21:573

I can't connect with the passive [192.168.100.113/5000] error_code:10065 !

<<<----  [OUT]
2021/01/14 13:36:24:059

Connecting Started...

<<<----  [OUT]
2021/01/14 13:36:24:059

I can't connect with the passive [192.168.100.113/5000] error_code:10065 !

<<<----  [OUT]
2021/01/14 13:36:26:542

Connecting Started...

<<<----  [OUT]
2021/01/14 13:36:26:542

I can't connect with the passive [192.168.100.113/5000] error_code:10065 !

<<<----  [OUT]
2021/01/14 13:36:29:027

Connecting Started...

<<<----  [OUT]
2021/01/14 13:36:29:027

I can't connect with the passive [192.168.100.113/5000] error_code:10065 !

<<<----  [OUT]
2021/01/14 13:36:31:512

Connecting Started...

<<<----  [OUT]
2021/01/14 13:36:31:512

I can't connect with the passive [192.168.100.113/5000] error_code:10065 !

<<<----  [OUT]
2021/01/14 13:36:33:996

Connecting Started...

<<<----  [OUT]
2021/01/14 13:36:33:996

I can't connect with the passive [192.168.100.113/5000] error_code:10065 !

<<<----  [OUT]
2021/01/14 13:36:36:481

Connecting Started...

<<<----  [OUT]
2021/01/14 13:36:36:481

I can't connect with the passive [192.168.100.113/5000] error_code:10065 !

<<<----  [OUT]
2021/01/14 13:36:38:966

Connecting Started...

<<<----  [OUT]
2021/01/14 13:36:38:966

I can't connect with the passive [192.168.100.113/5000] error_code:10065 !

<<<----  [OUT]
2021/01/14 13:36:41:448

Connecting Started...

<<<----  [OUT]
2021/01/14 13:36:41:448

I can't connect with the passive [192.168.100.113/5000] error_code:10065 !

<<<----  [OUT]
2021/01/14 13:36:43:933

Connecting Started...

<<<----  [OUT]
2021/01/14 13:36:43:933

I can't connect with the passive [192.168.100.113/5000] error_code:10065 !

<<<----  [OUT]
2021/01/14 13:36:46:419

Connecting Started...

<<<----  [OUT]
2021/01/14 13:36:46:419

I can't connect with the passive [192.168.100.113/5000] error_code:10065 !

<<<----  [OUT]
2021/01/14 13:36:48:901

Connecting Started...

<<<----  [OUT]
2021/01/14 13:36:48:901

I can't connect with the passive [192.168.100.113/5000] error_code:10065 !

<<<----  [OUT]
2021/01/14 13:36:51:387

Connecting Started...

<<<----  [OUT]
2021/01/14 13:36:51:387

I can't connect with the passive [192.168.100.113/5000] error_code:10065 !

<<<----  [OUT]
2021/01/14 13:36:53:872

Connecting Started...

<<<----  [OUT]
2021/01/14 13:36:53:872

I can't connect with the passive [192.168.100.113/5000] error_code:10065 !

<<<----  [OUT]
2021/01/14 13:36:56:356

Connecting Started...

<<<----  [OUT]
2021/01/14 13:36:56:356

I can't connect with the passive [192.168.100.113/5000] error_code:10065 !

<<<----  [OUT]
2021/01/14 13:36:58:840

Connecting Started...

<<<----  [OUT]
2021/01/14 13:36:58:840

I can't connect with the passive [192.168.100.113/5000] error_code:10065 !

<<<----  [OUT]
2021/01/14 13:37:01:325

Connecting Started...

<<<----  [OUT]
2021/01/14 13:37:01:325

I can't connect with the passive [192.168.100.113/5000] error_code:10065 !

<<<----  [OUT]
2021/01/14 13:37:03:808

Connecting Started...

<<<----  [OUT]
2021/01/14 13:37:03:808

I can't connect with the passive [192.168.100.113/5000] error_code:10065 !

<<<----  [OUT]
2021/01/14 13:37:06:294

Connecting Started...

<<<----  [OUT]
2021/01/14 13:37:06:294

I can't connect with the passive [192.168.100.113/5000] error_code:10065 !

<<<----  [OUT]
2021/01/14 13:37:08:776

Connecting Started...

<<<----  [OUT]
2021/01/14 13:37:08:776

I can't connect with the passive [192.168.100.113/5000] error_code:10065 !

<<<----  [OUT]
2021/01/14 13:37:11:261

Connecting Started...

<<<----  [OUT]
2021/01/14 13:37:11:261

I can't connect with the passive [192.168.100.113/5000] error_code:10065 !

<<<----  [OUT]
2021/01/14 13:37:13:747

Connecting Started...

<<<----  [OUT]
2021/01/14 13:37:13:747

I can't connect with the passive [192.168.100.113/5000] error_code:10065 !

<<<----  [OUT]
2021/01/14 13:37:16:231

Connecting Started...

<<<----  [OUT]
2021/01/14 13:37:16:231

I can't connect with the passive [192.168.100.113/5000] error_code:10065 !

<<<----  [OUT]
2021/01/14 13:37:18:715

Connecting Started...

<<<----  [OUT]
2021/01/14 13:37:18:716

I can't connect with the passive [192.168.100.113/5000] error_code:10065 !

<<<----  [OUT]
2021/01/14 13:37:21:199

Connecting Started...

<<<----  [OUT]
2021/01/14 13:37:21:199

I can't connect with the passive [192.168.100.113/5000] error_code:10065 !

<<<----  [OUT]
2021/01/14 13:37:23:683

Connecting Started...

<<<----  [OUT]
2021/01/14 13:37:23:683

I can't connect with the passive [192.168.100.113/5000] error_code:10065 !

<<<----  [OUT]
2021/01/14 13:37:26:168

Connecting Started...

<<<----  [OUT]
2021/01/14 13:37:26:168

I can't connect with the passive [192.168.100.113/5000] error_code:10065 !

<<<----  [OUT]
2021/01/14 13:37:28:653

Connecting Started...

<<<----  [OUT]
2021/01/14 13:37:28:653

I can't connect with the passive [192.168.100.113/5000] error_code:10065 !

<<<----  [OUT]
2021/01/14 13:37:31:137

Connecting Started...

<<<----  [OUT]
2021/01/14 13:37:31:137

I can't connect with the passive [192.168.100.113/5000] error_code:10065 !

<<<----  [OUT]
2021/01/14 13:37:33:621

Connecting Started...

<<<----  [OUT]
2021/01/14 13:37:33:621

I can't connect with the passive [192.168.100.113/5000] error_code:10065 !

<<<----  [OUT]
2021/01/14 13:37:36:105

Connecting Started...

<<<----  [OUT]
2021/01/14 13:37:36:105

I can't connect with the passive [192.168.100.113/5000] error_code:10065 !

<<<----  [OUT]
2021/01/14 13:37:38:589

Connecting Started...

<<<----  [OUT]
2021/01/14 13:37:38:589

I can't connect with the passive [192.168.100.113/5000] error_code:10065 !

<<<----  [OUT]
2021/01/14 13:37:41:074

Connecting Started...

<<<----  [OUT]
2021/01/14 13:37:41:074

I can't connect with the passive [192.168.100.113/5000] error_code:10065 !

<<<----  [OUT]
2021/01/14 13:37:43:559

Connecting Started...

<<<----  [OUT]
2021/01/14 13:37:43:559

I can't connect with the passive [192.168.100.113/5000] error_code:10065 !

<<<----  [OUT]
2021/01/14 13:37:46:042

Connecting Started...

<<<----  [OUT]
2021/01/14 13:37:46:043

I can't connect with the passive [192.168.100.113/5000] error_code:10065 !

<<<----  [OUT]
2021/01/14 13:37:48:527

Connecting Started...

<<<----  [OUT]
2021/01/14 13:37:48:527

I can't connect with the passive [192.168.100.113/5000] error_code:10065 !

<<<----  [OUT]
2021/01/14 13:37:51:012

Connecting Started...

<<<----  [OUT]
2021/01/14 13:37:51:012

I can't connect with the passive [192.168.100.113/5000] error_code:10065 !

<<<----  [OUT]
2021/01/14 13:37:53:495

Connecting Started...

<<<----  [OUT]
2021/01/14 13:37:53:495

I can't connect with the passive [192.168.100.113/5000] error_code:10065 !

<<<----  [OUT]
2021/01/14 13:37:55:981

Connecting Started...

<<<----  [OUT]
2021/01/14 13:37:55:981

I can't connect with the passive [192.168.100.113/5000] error_code:10065 !

<<<----  [OUT]
2021/01/14 13:37:58:465

Connecting Started...

<<<----  [OUT]
2021/01/14 13:37:58:465

I can't connect with the passive [192.168.100.113/5000] error_code:10065 !

<<<----  [OUT]
2021/01/14 13:38:00:948

Connecting Started...

<<<----  [OUT]
2021/01/14 13:38:00:948

I can't connect with the passive [192.168.100.113/5000] error_code:10065 !

<<<----  [OUT]
2021/01/14 13:38:03:434

Connecting Started...

<<<----  [OUT]
2021/01/14 13:38:03:434

I can't connect with the passive [192.168.100.113/5000] error_code:10065 !

<<<----  [OUT]
2021/01/14 13:38:05:918

Connecting Started...

<<<----  [OUT]
2021/01/14 13:38:05:918

I can't connect with the passive [192.168.100.113/5000] error_code:10065 !

<<<----  [OUT]
2021/01/14 13:38:08:402

Connecting Started...

<<<----  [OUT]
2021/01/14 13:38:08:403

I can't connect with the passive [192.168.100.113/5000] error_code:10065 !

<<<----  [OUT]
2021/01/14 13:38:10:886

Connecting Started...

<<<----  [OUT]
2021/01/14 13:38:10:886

I can't connect with the passive [192.168.100.113/5000] error_code:10065 !

<<<----  [OUT]
2021/01/14 13:38:13:370

Connecting Started...

<<<----  [OUT]
2021/01/14 13:38:13:370

I can't connect with the passive [192.168.100.113/5000] error_code:10065 !

<<<----  [OUT]
2021/01/14 13:38:15:856

Connecting Started...

<<<----  [OUT]
2021/01/14 13:38:15:856

I can't connect with the passive [192.168.100.113/5000] error_code:10065 !

<<<----  [OUT]
2021/01/14 13:38:18:340

Connecting Started...

<<<----  [OUT]
2021/01/14 13:38:18:340

I can't connect with the passive [192.168.100.113/5000] error_code:10065 !

<<<----  [OUT]
2021/01/14 13:38:20:824

Connecting Started...

<<<----  [OUT]
2021/01/14 13:38:20:824

I can't connect with the passive [192.168.100.113/5000] error_code:10065 !

<<<----  [OUT]
2021/01/14 13:38:23:308

Connecting Started...

<<<----  [OUT]
2021/01/14 13:38:23:308

I can't connect with the passive [192.168.100.113/5000] error_code:10065 !

<<<----  [OUT]
2021/01/14 13:38:25:793

Connecting Started...

<<<----  [OUT]
2021/01/14 13:38:25:793

I can't connect with the passive [192.168.100.113/5000] error_code:10065 !

<<<----  [OUT]
2021/01/14 13:38:28:277

Connecting Started...

<<<----  [OUT]
2021/01/14 13:38:28:277

I can't connect with the passive [192.168.100.113/5000] error_code:10065 !

<<<----  [OUT]
2021/01/14 13:38:30:761

Connecting Started...

<<<----  [OUT]
2021/01/14 13:38:30:761

I can't connect with the passive [192.168.100.113/5000] error_code:10065 !

<<<----  [OUT]
2021/01/14 13:38:33:245

Connecting Started...

<<<----  [OUT]
2021/01/14 13:38:33:245

I can't connect with the passive [192.168.100.113/5000] error_code:10065 !

<<<----  [OUT]
2021/01/14 13:38:35:729

Connecting Started...

<<<----  [OUT]
2021/01/14 13:38:35:729

I can't connect with the passive [192.168.100.113/5000] error_code:10065 !

<<<----  [OUT]
2021/01/14 13:38:38:214

Connecting Started...

<<<----  [OUT]
2021/01/14 13:38:38:214

I can't connect with the passive [192.168.100.113/5000] error_code:10065 !

<<<----  [OUT]
2021/01/14 13:38:40:699

Connecting Started...

<<<----  [OUT]
2021/01/14 13:38:40:699

I can't connect with the passive [192.168.100.113/5000] error_code:10065 !

<<<----  [OUT]
2021/01/14 13:38:43:183

Connecting Started...

<<<----  [OUT]
2021/01/14 13:38:43:183

I can't connect with the passive [192.168.100.113/5000] error_code:10065 !

<<<----  [OUT]
2021/01/14 13:38:45:667

Connecting Started...

<<<----  [OUT]
2021/01/14 13:38:45:667

I can't connect with the passive [192.168.100.113/5000] error_code:10065 !

<<<----  [OUT]
2021/01/14 13:38:48:151

Connecting Started...

<<<----  [OUT]
2021/01/14 13:38:48:152

I can't connect with the passive [192.168.100.113/5000] error_code:10065 !

<<<----  [OUT]
2021/01/14 13:38:50:636

Connecting Started...

<<<----  [OUT]
2021/01/14 13:38:50:636

I can't connect with the passive [192.168.100.113/5000] error_code:10065 !

<<<----  [OUT]
2021/01/14 13:38:53:120

Connecting Started...

<<<----  [OUT]
2021/01/14 13:38:53:120

I can't connect with the passive [192.168.100.113/5000] error_code:10065 !

<<<----  [OUT]
2021/01/14 13:38:55:606

Connecting Started...

<<<----  [OUT]
2021/01/14 13:38:55:606

I can't connect with the passive [192.168.100.113/5000] error_code:10065 !

<<<----  [OUT]
2021/01/14 13:38:58:090

Connecting Started...

<<<----  [OUT]
2021/01/14 13:38:58:090

I can't connect with the passive [192.168.100.113/5000] error_code:10065 !

<<<----  [OUT]
2021/01/14 13:39:00:573

Connecting Started...

<<<----  [OUT]
2021/01/14 13:39:00:573

I can't connect with the passive [192.168.100.113/5000] error_code:10065 !

<<<----  [OUT]
2021/01/14 13:39:03:057

Connecting Started...

<<<----  [OUT]
2021/01/14 13:39:03:057

I can't connect with the passive [192.168.100.113/5000] error_code:10065 !

<<<----  [OUT]
2021/01/14 13:39:05:543

Connecting Started...

<<<----  [OUT]
2021/01/14 13:39:05:543

I can't connect with the passive [192.168.100.113/5000] error_code:10065 !

<<<----  [OUT]
2021/01/14 13:39:08:028

Connecting Started...

<<<----  [OUT]
2021/01/14 13:39:08:028

I can't connect with the passive [192.168.100.113/5000] error_code:10065 !

<<<----  [OUT]
2021/01/14 13:39:10:512

Connecting Started...

<<<----  [OUT]
2021/01/14 13:39:10:512

I can't connect with the passive [192.168.100.113/5000] error_code:10065 !

<<<----  [OUT]
2021/01/14 13:39:12:997

Connecting Started...

<<<----  [OUT]
2021/01/14 13:39:12:997

I can't connect with the passive [192.168.100.113/5000] error_code:10065 !

<<<----  [OUT]
2021/01/14 13:39:15:480

Connecting Started...

<<<----  [OUT]
2021/01/14 13:39:15:480

I can't connect with the passive [192.168.100.113/5000] error_code:10065 !

<<<----  [OUT]
2021/01/14 13:39:17:964

Connecting Started...

<<<----  [OUT]
2021/01/14 13:39:17:964

I can't connect with the passive [192.168.100.113/5000] error_code:10065 !

<<<----  [OUT]
2021/01/14 13:39:20:450

Connecting Started...

<<<----  [OUT]
2021/01/14 13:39:20:450

I can't connect with the passive [192.168.100.113/5000] error_code:10065 !

<<<----  [OUT]
2021/01/14 13:39:22:933

Connecting Started...

<<<----  [OUT]
2021/01/14 13:39:22:933

I can't connect with the passive [192.168.100.113/5000] error_code:10065 !

<<<----  [OUT]
2021/01/14 13:39:25:419

Connecting Started...

<<<----  [OUT]
2021/01/14 13:39:25:419

I can't connect with the passive [192.168.100.113/5000] error_code:10065 !

<<<----  [OUT]
2021/01/14 13:39:27:902

Connecting Started...

<<<----  [OUT]
2021/01/14 13:39:27:902

I can't connect with the passive [192.168.100.113/5000] error_code:10065 !

<<<----  [OUT]
2021/01/14 13:39:30:387

Connecting Started...

<<<----  [OUT]
2021/01/14 13:39:30:388

I can't connect with the passive [192.168.100.113/5000] error_code:10065 !

<<<----  [OUT]
2021/01/14 13:39:32:872

Connecting Started...

<<<----  [OUT]
2021/01/14 13:39:32:872

I can't connect with the passive [192.168.100.113/5000] error_code:10065 !

<<<----  [OUT]
2021/01/14 13:39:35:356

Connecting Started...

<<<----  [OUT]
2021/01/14 13:39:35:356

I can't connect with the passive [192.168.100.113/5000] error_code:10065 !

<<<----  [OUT]
2021/01/14 13:39:37:840

Connecting Started...

<<<----  [OUT]
2021/01/14 13:39:37:840

I can't connect with the passive [192.168.100.113/5000] error_code:10065 !

<<<----  [OUT]
2021/01/14 13:39:40:323

Connecting Started...

<<<----  [OUT]
2021/01/14 13:39:40:323

I can't connect with the passive [192.168.100.113/5000] error_code:10065 !

<<<----  [OUT]
2021/01/14 13:39:42:807

Connecting Started...

<<<----  [OUT]
2021/01/14 13:39:42:807

I can't connect with the passive [192.168.100.113/5000] error_code:10065 !

<<<----  [OUT]
2021/01/14 13:39:45:293

Connecting Started...

<<<----  [OUT]
2021/01/14 13:39:45:293

I can't connect with the passive [192.168.100.113/5000] error_code:10065 !

<<<----  [OUT]
2021/01/14 13:39:47:776

Connecting Started...

<<<----  [OUT]
2021/01/14 13:39:47:776

I can't connect with the passive [192.168.100.113/5000] error_code:10065 !

<<<----  [OUT]
2021/01/14 13:39:50:261

Connecting Started...

<<<----  [OUT]
2021/01/14 13:39:50:261

I can't connect with the passive [192.168.100.113/5000] error_code:10065 !

<<<----  [OUT]
2021/01/14 13:39:52:746

Connecting Started...

<<<----  [OUT]
2021/01/14 13:39:52:746

I can't connect with the passive [192.168.100.113/5000] error_code:10065 !

<<<----  [OUT]
2021/01/14 13:39:55:231

Connecting Started...

<<<----  [OUT]
2021/01/14 13:39:55:231

I can't connect with the passive [192.168.100.113/5000] error_code:10065 !

<<<----  [OUT]
2021/01/14 13:39:57:715

Connecting Started...

<<<----  [OUT]
2021/01/14 13:39:57:715

I can't connect with the passive [192.168.100.113/5000] error_code:10065 !

<<<----  [OUT]
2021/01/14 13:40:00:199

Connecting Started...

<<<----  [OUT]
2021/01/14 13:40:00:199

I can't connect with the passive [192.168.100.113/5000] error_code:10065 !

<<<----  [OUT]
2021/01/14 13:40:02:684

Connecting Started...

<<<----  [OUT]
2021/01/14 13:40:02:684

I can't connect with the passive [192.168.100.113/5000] error_code:10065 !

<<<----  [OUT]
2021/01/14 13:40:05:168

Connecting Started...

<<<----  [OUT]
2021/01/14 13:40:05:168

I can't connect with the passive [192.168.100.113/5000] error_code:10065 !

<<<----  [OUT]
2021/01/14 13:40:07:652

Connecting Started...

<<<----  [OUT]
2021/01/14 13:40:07:652

I can't connect with the passive [192.168.100.113/5000] error_code:10065 !

<<<----  [OUT]
2021/01/14 13:40:10:136

Connecting Started...

<<<----  [OUT]
2021/01/14 13:40:10:136

I can't connect with the passive [192.168.100.113/5000] error_code:10065 !

<<<----  [OUT]
2021/01/14 13:40:12:622

Connecting Started...

<<<----  [OUT]
2021/01/14 13:40:12:622

I can't connect with the passive [192.168.100.113/5000] error_code:10065 !

<<<----  [OUT]
2021/01/14 13:40:15:104

Connecting Started...

<<<----  [OUT]
2021/01/14 13:40:15:104

I can't connect with the passive [192.168.100.113/5000] error_code:10065 !

<<<----  [OUT]
2021/01/14 13:40:17:589

Connecting Started...

<<<----  [OUT]
2021/01/14 13:40:17:589

I can't connect with the passive [192.168.100.113/5000] error_code:10065 !

<<<----  [OUT]
2021/01/14 13:40:20:074

Connecting Started...

<<<----  [OUT]
2021/01/14 13:40:20:074

I can't connect with the passive [192.168.100.113/5000] error_code:10065 !

<<<----  [OUT]
2021/01/14 13:40:22:558

Connecting Started...

<<<----  [OUT]
2021/01/14 13:40:22:559

I can't connect with the passive [192.168.100.113/5000] error_code:10065 !

<<<----  [OUT]
2021/01/14 13:40:25:043

Connecting Started...

<<<----  [OUT]
2021/01/14 13:40:25:043

I can't connect with the passive [192.168.100.113/5000] error_code:10065 !

<<<----  [OUT]
2021/01/14 13:40:27:527

Connecting Started...

<<<----  [OUT]
2021/01/14 13:40:27:527

I can't connect with the passive [192.168.100.113/5000] error_code:10065 !

<<<----  [OUT]
2021/01/14 13:40:30:011

Connecting Started...

<<<----  [OUT]
2021/01/14 13:40:30:011

I can't connect with the passive [192.168.100.113/5000] error_code:10065 !

<<<----  [OUT]
2021/01/14 13:40:32:495

Connecting Started...

<<<----  [OUT]
2021/01/14 13:40:32:495

I can't connect with the passive [192.168.100.113/5000] error_code:10065 !

<<<----  [OUT]
2021/01/14 13:40:34:980

Connecting Started...

<<<----  [OUT]
2021/01/14 13:40:34:980

I can't connect with the passive [192.168.100.113/5000] error_code:10065 !

<<<----  [OUT]
2021/01/14 13:40:37:465

Connecting Started...

<<<----  [OUT]
2021/01/14 13:40:37:465

I can't connect with the passive [192.168.100.113/5000] error_code:10065 !

<<<----  [OUT]
2021/01/14 13:40:39:949

Connecting Started...

<<<----  [OUT]
2021/01/14 13:40:39:949

I can't connect with the passive [192.168.100.113/5000] error_code:10065 !

<<<----  [OUT]
2021/01/14 13:40:42:433

Connecting Started...

<<<----  [OUT]
2021/01/14 13:40:42:433

I can't connect with the passive [192.168.100.113/5000] error_code:10065 !

<<<----  [OUT]
2021/01/14 13:56:06:430

---------------------------------------------------------------------
// FA : Start Log ...


<<<----  [OUT]
2021/01/14 13:56:06:435

//-------------------------------------------------------------
Property Information

   Driver Type [HSMS]
   Driver Mode [ACTIVE]
   IP    [192.168.100.113]
   Port  [5000]
//-------------------------------------------------------------


<<<----  [OUT]
2021/01/14 13:56:07:036

Auto-Start Started ... (Active)

<<<----  [OUT]
2021/01/14 13:56:07:127

Auto-Start Started ...  Waiting Stop-Connection.

<<<----  [OUT]
2021/01/14 13:56:07:127

Auto-Start Started ...  Waiting Open-Socket.

<<<----  [OUT]
2021/01/14 13:56:07:156

Socket Open Started...

<<<----  [OUT]
2021/01/14 13:56:07:156

Socket Open Completed...

<<<----  [OUT]
2021/01/14 13:56:07:156

Connecting Started...

<<<----  [OUT]
2021/01/14 13:56:07:159

I can't connect with the passive [192.168.100.113/5000] error_code:10065 !

<<<----  [OUT]
2021/01/14 13:56:07:218

Auto-Start Completed ...  (Active)

<<<----  [OUT]
2021/01/14 13:56:09:637

Connecting Started...

<<<----  [OUT]
2021/01/14 13:56:09:637

I can't connect with the passive [192.168.100.113/5000] error_code:10065 !

<<<----  [OUT]
2021/01/14 13:56:12:120

Connecting Started...

<<<----  [OUT]
2021/01/14 13:56:12:120

I can't connect with the passive [192.168.100.113/5000] error_code:10065 !

<<<----  [OUT]
2021/01/14 13:56:14:606

Connecting Started...

<<<----  [OUT]
2021/01/14 13:56:14:606

I can't connect with the passive [192.168.100.113/5000] error_code:10065 !

<<<----  [OUT]
2021/01/14 13:56:17:089

Connecting Started...

<<<----  [OUT]
2021/01/14 13:56:17:089

I can't connect with the passive [192.168.100.113/5000] error_code:10065 !

<<<----  [OUT]
2021/01/14 13:56:19:574

Connecting Started...

<<<----  [OUT]
2021/01/14 13:56:19:574

I can't connect with the passive [192.168.100.113/5000] error_code:10065 !

<<<----  [OUT]
2021/01/14 13:56:22:058

Connecting Started...

<<<----  [OUT]
2021/01/14 13:56:22:058

I can't connect with the passive [192.168.100.113/5000] error_code:10065 !

<<<----  [OUT]
2021/01/14 13:56:24:543

Connecting Started...

<<<----  [OUT]
2021/01/14 13:56:24:543

I can't connect with the passive [192.168.100.113/5000] error_code:10065 !

<<<----  [OUT]
2021/01/14 13:56:27:027

Connecting Started...

<<<----  [OUT]
2021/01/14 13:56:27:028

I can't connect with the passive [192.168.100.113/5000] error_code:10065 !

<<<----  [OUT]
2021/01/14 13:56:29:511

Connecting Started...

<<<----  [OUT]
2021/01/14 13:56:29:511

I can't connect with the passive [192.168.100.113/5000] error_code:10065 !

<<<----  [OUT]
2021/01/14 13:56:31:995

Connecting Started...

<<<----  [OUT]
2021/01/14 13:56:31:995

I can't connect with the passive [192.168.100.113/5000] error_code:10065 !

<<<----  [OUT]
2021/01/14 13:56:34:480

Connecting Started...

<<<----  [OUT]
2021/01/14 13:56:34:480

I can't connect with the passive [192.168.100.113/5000] error_code:10065 !

<<<----  [OUT]
2021/01/14 13:56:36:964

Connecting Started...

<<<----  [OUT]
2021/01/14 13:56:36:964

I can't connect with the passive [192.168.100.113/5000] error_code:10065 !

<<<----  [OUT]
2021/01/14 13:56:39:449

Connecting Started...

<<<----  [OUT]
2021/01/14 13:56:39:449

I can't connect with the passive [192.168.100.113/5000] error_code:10065 !

<<<----  [OUT]
2021/01/14 13:56:41:933

Connecting Started...

<<<----  [OUT]
2021/01/14 13:56:41:933

I can't connect with the passive [192.168.100.113/5000] error_code:10065 !

<<<----  [OUT]
2021/01/14 13:56:44:418

Connecting Started...

<<<----  [OUT]
2021/01/14 13:56:44:418

I can't connect with the passive [192.168.100.113/5000] error_code:10065 !

<<<----  [OUT]
2021/01/14 13:56:46:903

Connecting Started...

<<<----  [OUT]
2021/01/14 13:56:46:903

I can't connect with the passive [192.168.100.113/5000] error_code:10065 !

<<<----  [OUT]
2021/01/14 13:56:49:385

Connecting Started...

<<<----  [OUT]
2021/01/14 13:56:49:385

I can't connect with the passive [192.168.100.113/5000] error_code:10065 !

<<<----  [OUT]
2021/01/14 13:56:51:872

Connecting Started...

<<<----  [OUT]
2021/01/14 13:56:51:872

I can't connect with the passive [192.168.100.113/5000] error_code:10065 !

<<<----  [OUT]
2021/01/14 13:56:54:355

Connecting Started...

<<<----  [OUT]
2021/01/14 13:56:54:355

I can't connect with the passive [192.168.100.113/5000] error_code:10065 !

<<<----  [OUT]
2021/01/14 13:56:56:840

Connecting Started...

<<<----  [OUT]
2021/01/14 13:56:56:840

I can't connect with the passive [192.168.100.113/5000] error_code:10065 !

<<<----  [OUT]
2021/01/14 13:56:59:325

Connecting Started...

<<<----  [OUT]
2021/01/14 13:56:59:325

I can't connect with the passive [192.168.100.113/5000] error_code:10065 !

<<<----  [OUT]
2021/01/14 13:57:01:808

Connecting Started...

<<<----  [OUT]
2021/01/14 13:57:01:808

I can't connect with the passive [192.168.100.113/5000] error_code:10065 !

<<<----  [OUT]
2021/01/14 13:57:04:293

Connecting Started...

<<<----  [OUT]
2021/01/14 13:57:04:293

I can't connect with the passive [192.168.100.113/5000] error_code:10065 !

<<<----  [OUT]
2021/01/14 13:57:06:777

Connecting Started...

<<<----  [OUT]
2021/01/14 13:57:06:777

I can't connect with the passive [192.168.100.113/5000] error_code:10065 !

<<<----  [OUT]
2021/01/14 13:57:09:261

Connecting Started...

<<<----  [OUT]
2021/01/14 13:57:09:261

I can't connect with the passive [192.168.100.113/5000] error_code:10065 !

<<<----  [OUT]
2021/01/14 13:57:11:747

Connecting Started...

<<<----  [OUT]
2021/01/14 13:57:11:747

I can't connect with the passive [192.168.100.113/5000] error_code:10065 !

<<<----  [OUT]
2021/01/14 13:57:14:230

Connecting Started...

<<<----  [OUT]
2021/01/14 13:57:14:230

I can't connect with the passive [192.168.100.113/5000] error_code:10065 !

<<<----  [OUT]
2021/01/14 13:57:16:714

Connecting Started...

<<<----  [OUT]
2021/01/14 13:57:16:714

I can't connect with the passive [192.168.100.113/5000] error_code:10065 !

<<<----  [OUT]
2021/01/14 13:57:19:199

Connecting Started...

<<<----  [OUT]
2021/01/14 13:57:19:199

I can't connect with the passive [192.168.100.113/5000] error_code:10065 !

<<<----  [OUT]
2021/01/14 13:57:21:683

Connecting Started...

<<<----  [OUT]
2021/01/14 13:57:21:683

I can't connect with the passive [192.168.100.113/5000] error_code:10065 !

<<<----  [OUT]
2021/01/14 13:57:24:167

Connecting Started...

<<<----  [OUT]
2021/01/14 13:57:24:167

I can't connect with the passive [192.168.100.113/5000] error_code:10065 !

<<<----  [OUT]
2021/01/14 13:57:26:652

Connecting Started...

<<<----  [OUT]
2021/01/14 13:57:26:652

I can't connect with the passive [192.168.100.113/5000] error_code:10065 !

<<<----  [OUT]
2021/01/14 13:57:29:136

Connecting Started...

<<<----  [OUT]
2021/01/14 13:57:29:136

I can't connect with the passive [192.168.100.113/5000] error_code:10065 !

<<<----  [OUT]
2021/01/14 13:57:31:621

Connecting Started...

<<<----  [OUT]
2021/01/14 13:57:31:621

I can't connect with the passive [192.168.100.113/5000] error_code:10065 !

<<<----  [OUT]
2021/01/14 13:57:34:106

Connecting Started...

<<<----  [OUT]
2021/01/14 13:57:34:106

I can't connect with the passive [192.168.100.113/5000] error_code:10065 !

<<<----  [OUT]
2021/01/14 13:57:36:589

Connecting Started...

<<<----  [OUT]
2021/01/14 13:57:36:589

I can't connect with the passive [192.168.100.113/5000] error_code:10065 !

<<<----  [OUT]
2021/01/14 13:57:39:073

Connecting Started...

<<<----  [OUT]
2021/01/14 13:57:39:073

I can't connect with the passive [192.168.100.113/5000] error_code:10065 !

<<<----  [OUT]
2021/01/14 13:57:41:559

Connecting Started...

<<<----  [OUT]
2021/01/14 13:57:41:559

I can't connect with the passive [192.168.100.113/5000] error_code:10065 !

<<<----  [OUT]
2021/01/14 13:57:44:043

Connecting Started...

<<<----  [OUT]
2021/01/14 13:57:44:043

I can't connect with the passive [192.168.100.113/5000] error_code:10065 !

<<<----  [OUT]
2021/01/14 13:57:46:527

Connecting Started...

<<<----  [OUT]
2021/01/14 13:57:46:527

I can't connect with the passive [192.168.100.113/5000] error_code:10065 !

<<<----  [OUT]
2021/01/14 13:57:49:011

Connecting Started...

<<<----  [OUT]
2021/01/14 13:57:49:011

I can't connect with the passive [192.168.100.113/5000] error_code:10065 !

<<<----  [OUT]
2021/01/14 13:57:51:496

Connecting Started...

<<<----  [OUT]
2021/01/14 13:57:51:496

I can't connect with the passive [192.168.100.113/5000] error_code:10065 !

<<<----  [OUT]
2021/01/14 13:57:53:981

Connecting Started...

<<<----  [OUT]
2021/01/14 13:57:53:981

I can't connect with the passive [192.168.100.113/5000] error_code:10065 !

<<<----  [OUT]
2021/01/14 13:57:56:465

Connecting Started...

<<<----  [OUT]
2021/01/14 13:57:56:465

I can't connect with the passive [192.168.100.113/5000] error_code:10065 !

<<<----  [OUT]
2021/01/14 13:57:58:949

Connecting Started...

<<<----  [OUT]
2021/01/14 13:57:58:949

I can't connect with the passive [192.168.100.113/5000] error_code:10065 !

<<<----  [OUT]
2021/01/14 13:58:01:433

Connecting Started...

<<<----  [OUT]
2021/01/14 13:58:01:433

I can't connect with the passive [192.168.100.113/5000] error_code:10065 !

<<<----  [OUT]
2021/01/14 13:58:03:917

Connecting Started...

<<<----  [OUT]
2021/01/14 13:58:03:917

I can't connect with the passive [192.168.100.113/5000] error_code:10065 !

<<<----  [OUT]
2021/01/14 13:58:06:402

Connecting Started...

<<<----  [OUT]
2021/01/14 13:58:06:402

I can't connect with the passive [192.168.100.113/5000] error_code:10065 !

<<<----  [OUT]
2021/01/14 13:58:08:887

Connecting Started...

<<<----  [OUT]
2021/01/14 13:58:08:887

I can't connect with the passive [192.168.100.113/5000] error_code:10065 !

<<<----  [OUT]
2021/01/14 13:58:11:371

Connecting Started...

<<<----  [OUT]
2021/01/14 13:58:11:371

I can't connect with the passive [192.168.100.113/5000] error_code:10065 !

<<<----  [OUT]
2021/01/14 13:58:13:856

Connecting Started...

<<<----  [OUT]
2021/01/14 13:58:13:856

I can't connect with the passive [192.168.100.113/5000] error_code:10065 !

<<<----  [OUT]
2021/01/14 13:58:16:339

Connecting Started...

<<<----  [OUT]
2021/01/14 13:58:16:339

I can't connect with the passive [192.168.100.113/5000] error_code:10065 !

<<<----  [OUT]
2021/01/14 13:58:18:824

Connecting Started...

<<<----  [OUT]
2021/01/14 13:58:18:824

I can't connect with the passive [192.168.100.113/5000] error_code:10065 !

<<<----  [OUT]
2021/01/14 13:58:21:307

Connecting Started...

<<<----  [OUT]
2021/01/14 13:58:21:308

I can't connect with the passive [192.168.100.113/5000] error_code:10065 !

<<<----  [OUT]
2021/01/14 13:58:23:793

Connecting Started...

<<<----  [OUT]
2021/01/14 13:58:23:793

I can't connect with the passive [192.168.100.113/5000] error_code:10065 !

<<<----  [OUT]
2021/01/14 13:58:26:277

Connecting Started...

<<<----  [OUT]
2021/01/14 13:58:26:277

I can't connect with the passive [192.168.100.113/5000] error_code:10065 !

<<<----  [OUT]
2021/01/14 13:58:28:761

Connecting Started...

<<<----  [OUT]
2021/01/14 13:58:28:761

I can't connect with the passive [192.168.100.113/5000] error_code:10065 !

<<<----  [OUT]
2021/01/14 13:58:31:246

Connecting Started...

<<<----  [OUT]
2021/01/14 13:58:31:246

I can't connect with the passive [192.168.100.113/5000] error_code:10065 !

<<<----  [OUT]
2021/01/14 13:58:33:731

Connecting Started...

<<<----  [OUT]
2021/01/14 13:58:33:731

I can't connect with the passive [192.168.100.113/5000] error_code:10065 !

<<<----  [OUT]
2021/01/14 13:58:36:214

Connecting Started...

<<<----  [OUT]
2021/01/14 13:58:36:214

I can't connect with the passive [192.168.100.113/5000] error_code:10065 !

<<<----  [OUT]
2021/01/14 13:58:38:699

Connecting Started...

<<<----  [OUT]
2021/01/14 13:58:38:699

I can't connect with the passive [192.168.100.113/5000] error_code:10065 !

<<<----  [OUT]
2021/01/14 13:58:41:183

Connecting Started...

<<<----  [OUT]
2021/01/14 13:58:41:183

I can't connect with the passive [192.168.100.113/5000] error_code:10065 !

<<<----  [OUT]
2021/01/14 13:58:43:667

Connecting Started...

<<<----  [OUT]
2021/01/14 13:58:43:667

I can't connect with the passive [192.168.100.113/5000] error_code:10065 !

<<<----  [OUT]
2021/01/14 13:58:46:152

Connecting Started...

<<<----  [OUT]
2021/01/14 13:58:46:152

I can't connect with the passive [192.168.100.113/5000] error_code:10065 !

<<<----  [OUT]
2021/01/14 13:58:48:636

Connecting Started...

<<<----  [OUT]
2021/01/14 13:58:48:636

I can't connect with the passive [192.168.100.113/5000] error_code:10065 !

<<<----  [OUT]
2021/01/14 13:58:51:120

Connecting Started...

<<<----  [OUT]
2021/01/14 13:58:51:120

I can't connect with the passive [192.168.100.113/5000] error_code:10065 !

<<<----  [OUT]
2021/01/14 13:58:53:605

Connecting Started...

<<<----  [OUT]
2021/01/14 13:58:53:605

I can't connect with the passive [192.168.100.113/5000] error_code:10065 !

<<<----  [OUT]
2021/01/14 13:58:56:089

Connecting Started...

<<<----  [OUT]
2021/01/14 13:58:56:089

I can't connect with the passive [192.168.100.113/5000] error_code:10065 !

<<<----  [OUT]
2021/01/14 13:58:58:573

Connecting Started...

<<<----  [OUT]
2021/01/14 13:58:58:573

I can't connect with the passive [192.168.100.113/5000] error_code:10065 !

<<<----  [OUT]
2021/01/14 13:59:01:058

Connecting Started...

<<<----  [OUT]
2021/01/14 13:59:01:058

I can't connect with the passive [192.168.100.113/5000] error_code:10065 !

<<<----  [OUT]
2021/01/14 13:59:03:542

Connecting Started...

<<<----  [OUT]
2021/01/14 13:59:03:542

I can't connect with the passive [192.168.100.113/5000] error_code:10065 !

<<<----  [OUT]
2021/01/14 13:59:06:026

Connecting Started...

<<<----  [OUT]
2021/01/14 13:59:06:026

I can't connect with the passive [192.168.100.113/5000] error_code:10065 !

<<<----  [OUT]
2021/01/14 13:59:08:512

Connecting Started...

<<<----  [OUT]
2021/01/14 13:59:08:512

I can't connect with the passive [192.168.100.113/5000] error_code:10065 !

<<<----  [OUT]
2021/01/14 13:59:10:995

Connecting Started...

<<<----  [OUT]
2021/01/14 13:59:10:995

I can't connect with the passive [192.168.100.113/5000] error_code:10065 !

<<<----  [OUT]
2021/01/14 13:59:13:481

Connecting Started...

<<<----  [OUT]
2021/01/14 13:59:13:481

I can't connect with the passive [192.168.100.113/5000] error_code:10065 !

<<<----  [OUT]
2021/01/14 13:59:15:964

Connecting Started...

<<<----  [OUT]
2021/01/14 13:59:15:964

I can't connect with the passive [192.168.100.113/5000] error_code:10065 !

<<<----  [OUT]
2021/01/14 13:59:18:448

Connecting Started...

<<<----  [OUT]
2021/01/14 13:59:18:448

I can't connect with the passive [192.168.100.113/5000] error_code:10065 !

<<<----  [OUT]
2021/01/14 13:59:20:934

Connecting Started...

<<<----  [OUT]
2021/01/14 13:59:20:934

I can't connect with the passive [192.168.100.113/5000] error_code:10065 !

<<<----  [OUT]
2021/01/14 13:59:23:418

Connecting Started...

<<<----  [OUT]
2021/01/14 13:59:23:418

I can't connect with the passive [192.168.100.113/5000] error_code:10065 !

<<<----  [OUT]
2021/01/14 13:59:25:901

Connecting Started...

<<<----  [OUT]
2021/01/14 13:59:25:901

I can't connect with the passive [192.168.100.113/5000] error_code:10065 !

<<<----  [OUT]
2021/01/14 13:59:28:387

Connecting Started...

<<<----  [OUT]
2021/01/14 13:59:28:387

I can't connect with the passive [192.168.100.113/5000] error_code:10065 !

<<<----  [OUT]
2021/01/14 13:59:30:871

Connecting Started...

<<<----  [OUT]
2021/01/14 13:59:30:871

I can't connect with the passive [192.168.100.113/5000] error_code:10065 !

<<<----  [OUT]
2021/01/14 13:59:33:355

Connecting Started...

<<<----  [OUT]
2021/01/14 13:59:33:355

I can't connect with the passive [192.168.100.113/5000] error_code:10065 !

<<<----  [OUT]
2021/01/14 13:59:35:840

Connecting Started...

<<<----  [OUT]
2021/01/14 13:59:35:840

I can't connect with the passive [192.168.100.113/5000] error_code:10065 !

<<<----  [OUT]
2021/01/14 13:59:38:324

Connecting Started...

<<<----  [OUT]
2021/01/14 13:59:38:324

I can't connect with the passive [192.168.100.113/5000] error_code:10065 !

<<<----  [OUT]
2021/01/14 13:59:40:809

Connecting Started...

<<<----  [OUT]
2021/01/14 13:59:40:809

I can't connect with the passive [192.168.100.113/5000] error_code:10065 !

<<<----  [OUT]
2021/01/14 13:59:43:293

Connecting Started...

<<<----  [OUT]
2021/01/14 13:59:43:293

I can't connect with the passive [192.168.100.113/5000] error_code:10065 !

<<<----  [OUT]
2021/01/14 13:59:45:777

Connecting Started...

<<<----  [OUT]
2021/01/14 13:59:45:777

I can't connect with the passive [192.168.100.113/5000] error_code:10065 !

<<<----  [OUT]
2021/01/14 13:59:48:262

Connecting Started...

<<<----  [OUT]
2021/01/14 13:59:48:262

I can't connect with the passive [192.168.100.113/5000] error_code:10065 !

<<<----  [OUT]
2021/01/14 13:59:50:746

Connecting Started...

<<<----  [OUT]
2021/01/14 13:59:50:746

I can't connect with the passive [192.168.100.113/5000] error_code:10065 !

<<<----  [OUT]
2021/01/14 13:59:53:230

Connecting Started...

<<<----  [OUT]
2021/01/14 13:59:53:230

I can't connect with the passive [192.168.100.113/5000] error_code:10065 !

<<<----  [OUT]
2021/01/14 13:59:55:714

Connecting Started...

<<<----  [OUT]
2021/01/14 13:59:55:714

I can't connect with the passive [192.168.100.113/5000] error_code:10065 !

<<<----  [OUT]
2021/01/14 13:59:58:199

Connecting Started...
