
<<<----  [OUT]
2020/10/30 21:04:52:211

---------------------------------------------------------------------
// FA : Start Log ...


<<<----  [OUT]
2020/10/30 21:04:52:214

//-------------------------------------------------------------
Property Information

   Driver Type [HSMS]
   Driver Mode [ACTIVE]
   IP    [192.168.100.113]
   Port  [5000]
//-------------------------------------------------------------


<<<----  [OUT]
2020/10/30 21:04:52:816

Auto-Start Started ... (Active)

<<<----  [OUT]
2020/10/30 21:04:52:906

Auto-Start Started ...  Waiting Stop-Connection.

<<<----  [OUT]
2020/10/30 21:04:52:906

Auto-Start Started ...  Waiting Open-Socket.

<<<----  [OUT]
2020/10/30 21:04:52:937

Socket Open Started...

<<<----  [OUT]
2020/10/30 21:04:52:937

Socket Open Completed...

<<<----  [OUT]
2020/10/30 21:04:52:937

Connecting Started...

<<<----  [OUT]
2020/10/30 21:04:52:997

Auto-Start Completed ...  (Active)

<<<----  [OUT]
2020/10/30 21:04:55:004

I can't connect with the passive [192.168.100.113/5000] error_code:10061 !

<<<----  [OUT]
2020/10/30 21:04:57:495

Connecting Started...

<<<----  [OUT]
2020/10/30 21:04:59:555

I can't connect with the passive [192.168.100.113/5000] error_code:10061 !

<<<----  [OUT]
2020/10/30 21:05:02:043

Connecting Started...

<<<----  [OUT]
2020/10/30 21:05:04:105

I can't connect with the passive [192.168.100.113/5000] error_code:10061 !

<<<----  [OUT]
2020/10/30 21:05:06:589

Connecting Started...

<<<----  [OUT]
2020/10/30 21:05:08:638

I can't connect with the passive [192.168.100.113/5000] error_code:10061 !

<<<----  [OUT]
2020/10/30 21:05:11:121

Connecting Started...

<<<----  [OUT]
2020/10/30 21:05:13:169

I can't connect with the passive [192.168.100.113/5000] error_code:10061 !

<<<----  [OUT]
2020/10/30 21:05:15:652

Connecting Started...

<<<----  [OUT]
2020/10/30 21:05:17:689

I can't connect with the passive [192.168.100.113/5000] error_code:10061 !

<<<----  [OUT]
2020/10/30 21:05:20:168

Connecting Started...

<<<----  [OUT]
2020/10/30 21:05:22:228

I can't connect with the passive [192.168.100.113/5000] error_code:10061 !

<<<----  [OUT]
2020/10/30 21:05:24:713

Connecting Started...

<<<----  [OUT]
2020/10/30 21:05:26:766

I can't connect with the passive [192.168.100.113/5000] error_code:10061 !

<<<----  [OUT]
2020/10/30 21:05:29:245

Connecting Started...

<<<----  [OUT]
2020/10/30 21:05:31:301

I can't connect with the passive [192.168.100.113/5000] error_code:10061 !

<<<----  [OUT]
2020/10/30 21:05:33:793

Connecting Started...

<<<----  [OUT]
2020/10/30 21:05:35:856

I can't connect with the passive [192.168.100.113/5000] error_code:10061 !

<<<----  [OUT]
2020/10/30 21:05:38:339

Connecting Started...

<<<----  [OUT]
2020/10/30 21:05:40:380

I can't connect with the passive [192.168.100.113/5000] error_code:10061 !

<<<----  [OUT]
2020/10/30 21:05:42:870

Connecting Started...

<<<----  [OUT]
2020/10/30 21:05:44:917

I can't connect with the passive [192.168.100.113/5000] error_code:10061 !

<<<----  [OUT]
2020/10/30 21:05:47:403

Connecting Started...

<<<----  [OUT]
2020/10/30 21:05:49:460

I can't connect with the passive [192.168.100.113/5000] error_code:10061 !

<<<----  [OUT]
2020/10/30 21:05:51:949

Connecting Started...

<<<----  [OUT]
2020/10/30 21:05:54:011

I can't connect with the passive [192.168.100.113/5000] error_code:10061 !

<<<----  [OUT]
2020/10/30 21:05:56:496

Connecting Started...

<<<----  [OUT]
2020/10/30 21:05:58:551

I can't connect with the passive [192.168.100.113/5000] error_code:10061 !

<<<----  [OUT]
2020/10/30 21:06:01:042

Connecting Started...

<<<----  [OUT]
2020/10/30 21:06:03:094

I can't connect with the passive [192.168.100.113/5000] error_code:10061 !

<<<----  [OUT]
2020/10/30 21:06:05:574

Connecting Started...

<<<----  [OUT]
2020/10/30 21:06:07:629

I can't connect with the passive [192.168.100.113/5000] error_code:10061 !

<<<----  [OUT]
2020/10/30 21:06:10:105

Connecting Started...

<<<----  [OUT]
2020/10/30 21:06:12:150

I can't connect with the passive [192.168.100.113/5000] error_code:10061 !

<<<----  [OUT]
2020/10/30 21:06:14:635

Connecting Started...

<<<----  [OUT]
2020/10/30 21:06:16:683

I can't connect with the passive [192.168.100.113/5000] error_code:10061 !

<<<----  [OUT]
2020/10/30 21:06:19:167

Connecting Started...

<<<----  [OUT]
2020/10/30 21:06:21:236

I can't connect with the passive [192.168.100.113/5000] error_code:10061 !

<<<----  [OUT]
2020/10/30 21:06:23:714

Connecting Started...

<<<----  [OUT]
2020/10/30 21:06:25:752

I can't connect with the passive [192.168.100.113/5000] error_code:10061 !

<<<----  [OUT]
2020/10/30 21:06:28:231

Connecting Started...

<<<----  [OUT]
2020/10/30 21:06:30:264

I can't connect with the passive [192.168.100.113/5000] error_code:10061 !

<<<----  [OUT]
2020/10/30 21:06:32:745

Connecting Started...

<<<----  [OUT]
2020/10/30 21:06:34:796

I can't connect with the passive [192.168.100.113/5000] error_code:10061 !

<<<----  [OUT]
2020/10/30 21:06:37:277

Connecting Started...

<<<----  [OUT]
2020/10/30 21:06:39:325

I can't connect with the passive [192.168.100.113/5000] error_code:10061 !

<<<----  [OUT]
2020/10/30 21:06:41:808

Connecting Started...

<<<----  [OUT]
2020/10/30 21:06:43:857

I can't connect with the passive [192.168.100.113/5000] error_code:10061 !

<<<----  [OUT]
2020/10/30 21:06:46:339

Connecting Started...

<<<----  [OUT]
2020/10/30 21:06:48:382

I can't connect with the passive [192.168.100.113/5000] error_code:10061 !

<<<----  [OUT]
2020/10/30 21:06:50:871

Connecting Started...

<<<----  [OUT]
2020/10/30 21:06:52:896

I can't connect with the passive [192.168.100.113/5000] error_code:10061 !

<<<----  [OUT]
2020/10/30 21:06:55:386

Connecting Started...

<<<----  [OUT]
2020/10/30 21:06:57:431

I can't connect with the passive [192.168.100.113/5000] error_code:10061 !

<<<----  [OUT]
2020/10/30 21:06:59:917

Connecting Started...

<<<----  [OUT]
2020/10/30 21:07:01:968

I can't connect with the passive [192.168.100.113/5000] error_code:10061 !

<<<----  [OUT]
2020/10/30 21:07:04:448

Connecting Started...

<<<----  [OUT]
2020/10/30 21:07:06:501

I can't connect with the passive [192.168.100.113/5000] error_code:10061 !

<<<----  [OUT]
2020/10/30 21:07:08:979

Connecting Started...

<<<----  [OUT]
2020/10/30 21:07:11:021

I can't connect with the passive [192.168.100.113/5000] error_code:10061 !

<<<----  [OUT]
2020/10/30 21:07:13:512

Connecting Started...

<<<----  [OUT]
2020/10/30 21:07:15:573

I can't connect with the passive [192.168.100.113/5000] error_code:10061 !

<<<----  [OUT]
2020/10/30 21:07:18:057

Connecting Started...

<<<----  [OUT]
2020/10/30 21:07:20:124

I can't connect with the passive [192.168.100.113/5000] error_code:10061 !

<<<----  [OUT]
2020/10/30 21:07:22:605

Connecting Started...

<<<----  [OUT]
2020/10/30 21:07:24:661

I can't connect with the passive [192.168.100.113/5000] error_code:10061 !

<<<----  [OUT]
2020/10/30 21:07:27:151

Connecting Started...

<<<----  [OUT]
2020/10/30 21:07:29:216

I can't connect with the passive [192.168.100.113/5000] error_code:10061 !

<<<----  [OUT]
2020/10/30 21:07:31:698

Connecting Started...

<<<----  [OUT]
2020/10/30 21:07:33:739

I can't connect with the passive [192.168.100.113/5000] error_code:10061 !

<<<----  [OUT]
2020/10/30 21:07:36:229

Connecting Started...

<<<----  [OUT]
2020/10/30 21:07:38:263

I can't connect with the passive [192.168.100.113/5000] error_code:10061 !

<<<----  [OUT]
2020/10/30 21:07:40:745

Connecting Started...

<<<----  [OUT]
2020/10/30 21:07:42:806

I can't connect with the passive [192.168.100.113/5000] error_code:10061 !

<<<----  [OUT]
2020/10/30 21:07:45:293

Connecting Started...

<<<----  [OUT]
2020/10/30 21:07:47:356

I can't connect with the passive [192.168.100.113/5000] error_code:10061 !

<<<----  [OUT]
2020/10/30 21:07:49:839

Connecting Started...

<<<----  [OUT]
2020/10/30 21:07:51:890

I can't connect with the passive [192.168.100.113/5000] error_code:10061 !

<<<----  [OUT]
2020/10/30 21:07:54:372

Connecting Started...

<<<----  [OUT]
2020/10/30 21:07:56:420

I can't connect with the passive [192.168.100.113/5000] error_code:10061 !

<<<----  [OUT]
2020/10/30 21:07:58:901

Connecting Started...

<<<----  [OUT]
2020/10/30 21:08:00:965

I can't connect with the passive [192.168.100.113/5000] error_code:10061 !

<<<----  [OUT]
2020/10/30 21:08:03:448

Connecting Started...

<<<----  [OUT]
2020/10/30 21:08:05:500

I can't connect with the passive [192.168.100.113/5000] error_code:10061 !

<<<----  [OUT]
2020/10/30 21:08:07:980

Connecting Started...

<<<----  [OUT]
2020/10/30 21:08:10:044

I can't connect with the passive [192.168.100.113/5000] error_code:10061 !

<<<----  [OUT]
2020/10/30 21:08:12:526

Connecting Started...

<<<----  [OUT]
2020/10/30 21:08:14:573

I can't connect with the passive [192.168.100.113/5000] error_code:10061 !

<<<----  [OUT]
2020/10/30 21:08:17:058

Connecting Started...

<<<----  [OUT]
2020/10/30 21:08:19:113

I can't connect with the passive [192.168.100.113/5000] error_code:10061 !

<<<----  [OUT]
2020/10/30 21:08:21:606

Connecting Started...

<<<----  [OUT]
2020/10/30 21:08:23:644

I can't connect with the passive [192.168.100.113/5000] error_code:10061 !

<<<----  [OUT]
2020/10/30 21:08:26:121

Connecting Started...

<<<----  [OUT]
2020/10/30 21:08:28:149

I can't connect with the passive [192.168.100.113/5000] error_code:10061 !

<<<----  [OUT]
2020/10/30 21:08:30:635

Connecting Started...

<<<----  [OUT]
2020/10/30 21:08:32:691

I can't connect with the passive [192.168.100.113/5000] error_code:10061 !

<<<----  [OUT]
2020/10/30 21:08:35:167

Connecting Started...

<<<----  [OUT]
2020/10/30 21:08:37:218

I can't connect with the passive [192.168.100.113/5000] error_code:10061 !

<<<----  [OUT]
2020/10/30 21:08:39:699

Connecting Started...

<<<----  [OUT]
2020/10/30 21:08:41:758

I can't connect with the passive [192.168.100.113/5000] error_code:10061 !

<<<----  [OUT]
2020/10/30 21:08:44:246

Connecting Started...

<<<----  [OUT]
2020/10/30 21:08:46:295

I can't connect with the passive [192.168.100.113/5000] error_code:10061 !

<<<----  [OUT]
2020/10/30 21:08:48:777

Connecting Started...

<<<----  [OUT]
2020/10/30 21:08:50:815

I can't connect with the passive [192.168.100.113/5000] error_code:10061 !

<<<----  [OUT]
2020/10/30 21:08:53:293

Connecting Started...

<<<----  [OUT]
2020/10/30 21:08:55:334

I can't connect with the passive [192.168.100.113/5000] error_code:10061 !

<<<----  [OUT]
2020/10/30 21:08:57:824

Connecting Started...

<<<----  [OUT]
2020/10/30 21:08:59:874

I can't connect with the passive [192.168.100.113/5000] error_code:10061 !

<<<----  [OUT]
2020/10/30 21:09:02:356

Connecting Started...

<<<----  [OUT]
2020/10/30 21:09:04:394

I can't connect with the passive [192.168.100.113/5000] error_code:10061 !

<<<----  [OUT]
2020/10/30 21:09:06:871

Connecting Started...

<<<----  [OUT]
2020/10/30 21:09:08:907

I can't connect with the passive [192.168.100.113/5000] error_code:10061 !

<<<----  [OUT]
2020/10/30 21:09:11:386

Connecting Started...

<<<----  [OUT]
2020/10/30 21:09:13:435

I can't connect with the passive [192.168.100.113/5000] error_code:10061 !

<<<----  [OUT]
2020/10/30 21:09:15:917

Connecting Started...

<<<----  [OUT]
2020/10/30 21:09:17:986

I can't connect with the passive [192.168.100.113/5000] error_code:10061 !

<<<----  [OUT]
2020/10/30 21:09:20:465

Connecting Started...

<<<----  [OUT]
2020/10/30 21:09:22:507

I can't connect with the passive [192.168.100.113/5000] error_code:10061 !

<<<----  [OUT]
2020/10/30 21:09:24:996

Connecting Started...

<<<----  [OUT]
2020/10/30 21:09:27:056

I can't connect with the passive [192.168.100.113/5000] error_code:10061 !

<<<----  [OUT]
2020/10/30 21:09:29:543

Connecting Started...

<<<----  [OUT]
2020/10/30 21:09:31:583

I can't connect with the passive [192.168.100.113/5000] error_code:10061 !

<<<----  [OUT]
2020/10/30 21:09:34:074

Connecting Started...

<<<----  [OUT]
2020/10/30 21:09:36:119

I can't connect with the passive [192.168.100.113/5000] error_code:10061 !

<<<----  [OUT]
2020/10/30 21:09:38:606

Connecting Started...

<<<----  [OUT]
2020/10/30 21:09:40:660

I can't connect with the passive [192.168.100.113/5000] error_code:10061 !

<<<----  [OUT]
2020/10/30 21:09:43:136

Connecting Started...

<<<----  [OUT]
2020/10/30 21:09:45:173

I can't connect with the passive [192.168.100.113/5000] error_code:10061 !

<<<----  [OUT]
2020/10/30 21:09:47:651

Connecting Started...

<<<----  [OUT]
2020/10/30 21:09:49:679

I can't connect with the passive [192.168.100.113/5000] error_code:10061 !

<<<----  [OUT]
2020/10/30 21:09:52:168

Connecting Started...

<<<----  [OUT]
2020/10/30 21:09:54:203

I can't connect with the passive [192.168.100.113/5000] error_code:10061 !

<<<----  [OUT]
2020/10/30 21:09:56:683

Connecting Started...

<<<----  [OUT]
2020/10/30 21:09:58:730

I can't connect with the passive [192.168.100.113/5000] error_code:10061 !

<<<----  [OUT]
2020/10/30 21:10:01:215

Connecting Started...

<<<----  [OUT]
2020/10/30 21:10:03:252

I can't connect with the passive [192.168.100.113/5000] error_code:10061 !

<<<----  [OUT]
2020/10/30 21:10:05:730

Connecting Started...

<<<----  [OUT]
2020/10/30 21:10:07:771

I can't connect with the passive [192.168.100.113/5000] error_code:10061 !

<<<----  [OUT]
2020/10/30 21:10:10:261

Connecting Started...

<<<----  [OUT]
2020/10/30 21:10:12:300

I can't connect with the passive [192.168.100.113/5000] error_code:10061 !

<<<----  [OUT]
2020/10/30 21:10:14:778

Connecting Started...

<<<----  [OUT]
2020/10/30 21:10:16:820

I can't connect with the passive [192.168.100.113/5000] error_code:10061 !

<<<----  [OUT]
2020/10/30 21:10:19:309

Connecting Started...

<<<----  [OUT]
2020/10/30 21:10:21:347

I can't connect with the passive [192.168.100.113/5000] error_code:10061 !

<<<----  [OUT]
2020/10/30 21:10:23:824

Connecting Started...

<<<----  [OUT]
2020/10/30 21:10:25:857

I can't connect with the passive [192.168.100.113/5000] error_code:10061 !

<<<----  [OUT]
2020/10/30 21:10:28:339

Connecting Started...

<<<----  [OUT]
2020/10/30 21:10:30:383

I can't connect with the passive [192.168.100.113/5000] error_code:10061 !

<<<----  [OUT]
2020/10/30 21:10:32:870

Connecting Started...

<<<----  [OUT]
2020/10/30 21:10:34:918

I can't connect with the passive [192.168.100.113/5000] error_code:10061 !

<<<----  [OUT]
2020/10/30 21:10:37:402

Connecting Started...

<<<----  [OUT]
2020/10/30 21:10:39:453

I can't connect with the passive [192.168.100.113/5000] error_code:10061 !

<<<----  [OUT]
2020/10/30 21:10:41:932

Connecting Started...

<<<----  [OUT]
2020/10/30 21:10:43:987

I can't connect with the passive [192.168.100.113/5000] error_code:10061 !

<<<----  [OUT]
2020/10/30 21:10:46:464

Connecting Started...

<<<----  [OUT]
2020/10/30 21:10:48:501

I can't connect with the passive [192.168.100.113/5000] error_code:10061 !

<<<----  [OUT]
2020/10/30 21:10:50:979

Connecting Started...

<<<----  [OUT]
2020/10/30 21:10:53:017

I can't connect with the passive [192.168.100.113/5000] error_code:10061 !

<<<----  [OUT]
2020/10/30 21:10:55:495

Connecting Started...

<<<----  [OUT]
2020/10/30 21:10:57:544

I can't connect with the passive [192.168.100.113/5000] error_code:10061 !

<<<----  [OUT]
2020/10/30 21:11:00:027

Connecting Started...

<<<----  [OUT]
2020/10/30 21:11:02:077

I can't connect with the passive [192.168.100.113/5000] error_code:10061 !

<<<----  [OUT]
2020/10/30 21:11:04:558

Connecting Started...

<<<----  [OUT]
2020/10/30 21:11:06:593

I can't connect with the passive [192.168.100.113/5000] error_code:10061 !

<<<----  [OUT]
2020/10/30 21:11:09:074

Connecting Started...

<<<----  [OUT]
2020/10/30 21:11:11:120

I can't connect with the passive [192.168.100.113/5000] error_code:10061 !

<<<----  [OUT]
2020/10/30 21:11:13:604

Connecting Started...

<<<----  [OUT]
2020/10/30 21:11:15:650

I can't connect with the passive [192.168.100.113/5000] error_code:10061 !

<<<----  [OUT]
2020/10/30 21:11:18:136

Connecting Started...

<<<----  [OUT]
2020/10/30 21:11:20:192

I can't connect with the passive [192.168.100.113/5000] error_code:10061 !

<<<----  [OUT]
2020/10/30 21:11:22:682

Connecting Started...

<<<----  [OUT]
2020/10/30 21:11:24:742

I can't connect with the passive [192.168.100.113/5000] error_code:10061 !

<<<----  [OUT]
2020/10/30 21:11:27:229

Connecting Started...

<<<----  [OUT]
2020/10/30 21:11:29:284

I can't connect with the passive [192.168.100.113/5000] error_code:10061 !

<<<----  [OUT]
2020/10/30 21:11:31:762

Connecting Started...

<<<----  [OUT]
2020/10/30 21:11:33:826

I can't connect with the passive [192.168.100.113/5000] error_code:10061 !

<<<----  [OUT]
2020/10/30 21:11:36:308

Connecting Started...

<<<----  [OUT]
2020/10/30 21:11:38:369

I can't connect with the passive [192.168.100.113/5000] error_code:10061 !

<<<----  [OUT]
2020/10/30 21:11:40:855

Connecting Started...

<<<----  [OUT]
2020/10/30 21:11:42:913

I can't connect with the passive [192.168.100.113/5000] error_code:10061 !

<<<----  [OUT]
2020/10/30 21:11:45:401

Connecting Started...

<<<----  [OUT]
2020/10/30 21:11:47:452

I can't connect with the passive [192.168.100.113/5000] error_code:10061 !

<<<----  [OUT]
2020/10/30 21:11:49:932

Connecting Started...

<<<----  [OUT]
2020/10/30 21:11:51:980

I can't connect with the passive [192.168.100.113/5000] error_code:10061 !

<<<----  [OUT]
2020/10/30 21:11:54:465

Connecting Started...

<<<----  [OUT]
2020/10/30 21:11:56:509

I can't connect with the passive [192.168.100.113/5000] error_code:10061 !

<<<----  [OUT]
2020/10/30 21:11:58:995

Connecting Started...

<<<----  [OUT]
2020/10/30 21:12:01:036

I can't connect with the passive [192.168.100.113/5000] error_code:10061 !

<<<----  [OUT]
2020/10/30 21:12:03:527

Connecting Started...

<<<----  [OUT]
2020/10/30 21:12:05:590

I can't connect with the passive [192.168.100.113/5000] error_code:10061 !

<<<----  [OUT]
2020/10/30 21:12:08:074

Connecting Started...

<<<----  [OUT]
2020/10/30 21:12:10:111

I can't connect with the passive [192.168.100.113/5000] error_code:10061 !

<<<----  [OUT]
2020/10/30 21:12:12:590

Connecting Started...

<<<----  [OUT]
2020/10/30 21:12:14:650

I can't connect with the passive [192.168.100.113/5000] error_code:10061 !

<<<----  [OUT]
2020/10/30 21:12:17:136

Connecting Started...

<<<----  [OUT]
2020/10/30 21:12:19:194

I can't connect with the passive [192.168.100.113/5000] error_code:10061 !

<<<----  [OUT]
2020/10/30 21:12:21:682

Connecting Started...

<<<----  [OUT]
2020/10/30 21:12:23:732

I can't connect with the passive [192.168.100.113/5000] error_code:10061 !

<<<----  [OUT]
2020/10/30 21:12:26:213

Connecting Started...

<<<----  [OUT]
2020/10/30 21:12:28:258

I can't connect with the passive [192.168.100.113/5000] error_code:10061 !

<<<----  [OUT]
2020/10/30 21:12:30:746

Connecting Started...

<<<----  [OUT]
2020/10/30 21:12:32:799

I can't connect with the passive [192.168.100.113/5000] error_code:10061 !

<<<----  [OUT]
2020/10/30 21:12:35:277

Connecting Started...

<<<----  [OUT]
2020/10/30 21:12:37:333

I can't connect with the passive [192.168.100.113/5000] error_code:10061 !

<<<----  [OUT]
2020/10/30 21:12:39:823

Connecting Started...

<<<----  [OUT]
2020/10/30 21:12:41:874

I can't connect with the passive [192.168.100.113/5000] error_code:10061 !

<<<----  [OUT]
2020/10/30 21:12:44:356

Connecting Started...

<<<----  [OUT]
2020/10/30 21:12:46:400

I can't connect with the passive [192.168.100.113/5000] error_code:10061 !

<<<----  [OUT]
2020/10/30 21:12:48:886

Connecting Started...

<<<----  [OUT]
2020/10/30 21:12:50:936

I can't connect with the passive [192.168.100.113/5000] error_code:10061 !

<<<----  [OUT]
2020/10/30 21:12:53:417

Connecting Started...

<<<----  [OUT]
2020/10/30 21:12:55:473

I can't connect with the passive [192.168.100.113/5000] error_code:10061 !

<<<----  [OUT]
2020/10/30 21:12:57:963

Connecting Started...

<<<----  [OUT]
2020/10/30 21:13:00:032

I can't connect with the passive [192.168.100.113/5000] error_code:10061 !

<<<----  [OUT]
2020/10/30 21:13:02:510

Connecting Started...

<<<----  [OUT]
2020/10/30 21:13:04:553

I can't connect with the passive [192.168.100.113/5000] error_code:10061 !

<<<----  [OUT]
2020/10/30 21:13:07:043

Connecting Started...

<<<----  [OUT]
2020/10/30 21:13:09:092

I can't connect with the passive [192.168.100.113/5000] error_code:10061 !

<<<----  [OUT]
2020/10/30 21:13:11:573

Connecting Started...

<<<----  [OUT]
2020/10/30 21:13:13:611

I can't connect with the passive [192.168.100.113/5000] error_code:10061 !

<<<----  [OUT]
2020/10/30 21:13:16:090

Connecting Started...

<<<----  [OUT]
2020/10/30 21:13:18:133

I can't connect with the passive [192.168.100.113/5000] error_code:10061 !

<<<----  [OUT]
2020/10/30 21:13:20:620

Connecting Started...

<<<----  [OUT]
2020/10/30 21:13:22:662

I can't connect with the passive [192.168.100.113/5000] error_code:10061 !

<<<----  [OUT]
2020/10/30 21:13:25:151

Connecting Started...

<<<----  [OUT]
2020/10/30 21:13:27:222

I can't connect with the passive [192.168.100.113/5000] error_code:10061 !

<<<----  [OUT]
2020/10/30 21:13:29:699

Connecting Started...

<<<----  [OUT]
2020/10/30 21:13:31:757

I can't connect with the passive [192.168.100.113/5000] error_code:10061 !

<<<----  [OUT]
2020/10/30 21:13:34:245

Connecting Started...

<<<----  [OUT]
2020/10/30 21:13:36:282

I can't connect with the passive [192.168.100.113/5000] error_code:10061 !

<<<----  [OUT]
2020/10/30 21:13:38:761

Connecting Started...

<<<----  [OUT]
2020/10/30 21:13:40:799

I can't connect with the passive [192.168.100.113/5000] error_code:10061 !

<<<----  [OUT]
2020/10/30 21:13:43:277

Connecting Started...

<<<----  [OUT]
2020/10/30 21:13:45:343

I can't connect with the passive [192.168.100.113/5000] error_code:10061 !

<<<----  [OUT]
2020/10/30 21:13:47:824

Connecting Started...

<<<----  [OUT]
2020/10/30 21:13:49:882

I can't connect with the passive [192.168.100.113/5000] error_code:10061 !

<<<----  [OUT]
2020/10/30 21:13:52:370

Connecting Started...

<<<----  [OUT]
2020/10/30 21:13:54:416

I can't connect with the passive [192.168.100.113/5000] error_code:10061 !

<<<----  [OUT]
2020/10/30 21:13:56:901

Connecting Started...

<<<----  [OUT]
2020/10/30 21:13:58:955

I can't connect with the passive [192.168.100.113/5000] error_code:10061 !

<<<----  [OUT]
2020/10/30 21:14:01:434

Connecting Started...

<<<----  [OUT]
2020/10/30 21:14:03:494

I can't connect with the passive [192.168.100.113/5000] error_code:10061 !

<<<----  [OUT]
2020/10/30 21:14:05:981

Connecting Started...

<<<----  [OUT]
2020/10/30 21:14:08:029

I can't connect with the passive [192.168.100.113/5000] error_code:10061 !

<<<----  [OUT]
2020/10/30 21:14:10:510

Connecting Started...

<<<----  [OUT]
2020/10/30 21:14:12:566

I can't connect with the passive [192.168.100.113/5000] error_code:10061 !

<<<----  [OUT]
2020/10/30 21:14:15:043

Connecting Started...

<<<----  [OUT]
2020/10/30 21:14:17:094

I can't connect with the passive [192.168.100.113/5000] error_code:10061 !

<<<----  [OUT]
2020/10/30 21:14:19:573

Connecting Started...

<<<----  [OUT]
2020/10/30 21:14:21:614

I can't connect with the passive [192.168.100.113/5000] error_code:10061 !

<<<----  [OUT]
2020/10/30 21:14:24:105

Connecting Started...

<<<----  [OUT]
2020/10/30 21:14:26:139

I can't connect with the passive [192.168.100.113/5000] error_code:10061 !

<<<----  [OUT]
2020/10/30 21:14:28:621

Connecting Started...

<<<----  [OUT]
2020/10/30 21:14:30:658

I can't connect with the passive [192.168.100.113/5000] error_code:10061 !

<<<----  [OUT]
2020/10/30 21:14:33:136

Connecting Started...

<<<----  [OUT]
2020/10/30 21:14:35:197

I can't connect with the passive [192.168.100.113/5000] error_code:10061 !

<<<----  [OUT]
2020/10/30 21:14:37:684

Connecting Started...

<<<----  [OUT]
2020/10/30 21:14:39:733

I can't connect with the passive [192.168.100.113/5000] error_code:10061 !

<<<----  [OUT]
2020/10/30 21:14:42:215

Connecting Started...

<<<----  [OUT]
2020/10/30 21:14:44:270

I can't connect with the passive [192.168.100.113/5000] error_code:10061 !

<<<----  [OUT]
2020/10/30 21:14:46:762

Connecting Started...

<<<----  [OUT]
2020/10/30 21:14:48:820

I can't connect with the passive [192.168.100.113/5000] error_code:10061 !

<<<----  [OUT]
2020/10/30 21:14:51:308

Connecting Started...

<<<----  [OUT]
2020/10/30 21:14:53:359

I can't connect with the passive [192.168.100.113/5000] error_code:10061 !

<<<----  [OUT]
2020/10/30 21:14:55:839

Connecting Started...

<<<----  [OUT]
2020/10/30 21:14:57:877

I can't connect with the passive [192.168.100.113/5000] error_code:10061 !

<<<----  [OUT]
2020/10/30 21:15:00:354

Connecting Started...

<<<----  [OUT]
2020/10/30 21:15:02:406

I can't connect with the passive [192.168.100.113/5000] error_code:10061 !

<<<----  [OUT]
2020/10/30 21:15:04:886

Connecting Started...

<<<----  [OUT]
2020/10/30 21:15:06:915

I can't connect with the passive [192.168.100.113/5000] error_code:10061 !

<<<----  [OUT]
2020/10/30 21:15:09:402

Connecting Started...

<<<----  [OUT]
2020/10/30 21:15:11:464

I can't connect with the passive [192.168.100.113/5000] error_code:10061 !

<<<----  [OUT]
2020/10/30 21:15:13:949

Connecting Started...

<<<----  [OUT]
2020/10/30 21:15:16:012

I can't connect with the passive [192.168.100.113/5000] error_code:10061 !

<<<----  [OUT]
2020/10/30 21:15:18:495

Connecting Started...

<<<----  [OUT]
2020/10/30 21:15:20:557

I can't connect with the passive [192.168.100.113/5000] error_code:10061 !

<<<----  [OUT]
2020/10/30 21:15:23:041

Connecting Started...

<<<----  [OUT]
2020/10/30 21:15:25:103

I can't connect with the passive [192.168.100.113/5000] error_code:10061 !

<<<----  [OUT]
2020/10/30 21:15:27:589

Connecting Started...

<<<----  [OUT]
2020/10/30 21:15:29:993

I can't connect with the passive [192.168.100.113/5000] error_code:10061 !

<<<----  [OUT]
2020/10/30 21:15:32:479

Connecting Started...

<<<----  [OUT]
2020/10/30 21:15:34:530

I can't connect with the passive [192.168.100.113/5000] error_code:10061 !

<<<----  [OUT]
2020/10/30 21:15:37:010

Connecting Started...

<<<----  [OUT]
2020/10/30 21:15:39:054

I can't connect with the passive [192.168.100.113/5000] error_code:10061 !

<<<----  [OUT]
2020/10/30 21:15:41:543

Connecting Started...

<<<----  [OUT]
2020/10/30 21:15:43:605

I can't connect with the passive [192.168.100.113/5000] error_code:10061 !

<<<----  [OUT]
2020/10/30 21:15:46:089

Connecting Started...

<<<----  [OUT]
2020/10/30 21:15:48:139

I can't connect with the passive [192.168.100.113/5000] error_code:10061 !

<<<----  [OUT]
2020/10/30 21:15:50:621

Connecting Started...

<<<----  [OUT]
2020/10/30 21:15:52:680

I can't connect with the passive [192.168.100.113/5000] error_code:10061 !

<<<----  [OUT]
2020/10/30 21:15:55:168

Connecting Started...

<<<----  [OUT]
2020/10/30 21:15:57:226

I can't connect with the passive [192.168.100.113/5000] error_code:10061 !

<<<----  [OUT]
2020/10/30 21:15:59:715

Connecting Started...

<<<----  [OUT]
2020/10/30 21:16:01:767

I can't connect with the passive [192.168.100.113/5000] error_code:10061 !

<<<----  [OUT]
2020/10/30 21:16:04:245

Connecting Started...

<<<----  [OUT]
2020/10/30 21:16:06:280

I can't connect with the passive [192.168.100.113/5000] error_code:10061 !

<<<----  [OUT]
2020/10/30 21:16:08:761

Connecting Started...

<<<----  [OUT]
2020/10/30 21:16:10:822

I can't connect with the passive [192.168.100.113/5000] error_code:10061 !

<<<----  [OUT]
2020/10/30 21:16:13:307

Connecting Started...

<<<----  [OUT]
2020/10/30 21:16:15:355

I can't connect with the passive [192.168.100.113/5000] error_code:10061 !

<<<----  [OUT]
2020/10/30 21:16:17:840

Connecting Started...

<<<----  [OUT]
2020/10/30 21:16:19:900

I can't connect with the passive [192.168.100.113/5000] error_code:10061 !

<<<----  [OUT]
2020/10/30 21:16:22:386

Connecting Started...

<<<----  [OUT]
2020/10/30 21:16:24:428

I can't connect with the passive [192.168.100.113/5000] error_code:10061 !

<<<----  [OUT]
2020/10/30 21:16:26:918

Connecting Started...

<<<----  [OUT]
2020/10/30 21:16:28:947

I can't connect with the passive [192.168.100.113/5000] error_code:10061 !

<<<----  [OUT]
2020/10/30 21:16:31:434

Connecting Started...

<<<----  [OUT]
2020/10/30 21:16:33:464

I can't connect with the passive [192.168.100.113/5000] error_code:10061 !

<<<----  [OUT]
2020/10/30 21:16:35:948

Connecting Started...

<<<----  [OUT]
2020/10/30 21:16:37:990

I can't connect with the passive [192.168.100.113/5000] error_code:10061 !

<<<----  [OUT]
2020/10/30 21:16:40:480

Connecting Started...

<<<----  [OUT]
2020/10/30 21:16:42:533

I can't connect with the passive [192.168.100.113/5000] error_code:10061 !

<<<----  [OUT]
2020/10/30 21:16:45:010

Connecting Started...

<<<----  [OUT]
2020/10/30 21:16:47:058

I can't connect with the passive [192.168.100.113/5000] error_code:10061 !

<<<----  [OUT]
2020/10/30 21:16:49:542

Connecting Started...

<<<----  [OUT]
2020/10/30 21:16:51:576

I can't connect with the passive [192.168.100.113/5000] error_code:10061 !

<<<----  [OUT]
2020/10/30 21:16:54:057

Connecting Started...

<<<----  [OUT]
2020/10/30 21:16:56:112

I can't connect with the passive [192.168.100.113/5000] error_code:10061 !

<<<----  [OUT]
2020/10/30 21:16:58:588

Connecting Started...

<<<----  [OUT]
2020/10/30 21:17:00:650

I can't connect with the passive [192.168.100.113/5000] error_code:10061 !

<<<----  [OUT]
2020/10/30 21:17:03:136

Connecting Started...

<<<----  [OUT]
2020/10/30 21:17:05:192

I can't connect with the passive [192.168.100.113/5000] error_code:10061 !

<<<----  [OUT]
2020/10/30 21:17:07:683

Connecting Started...

<<<----  [OUT]
2020/10/30 21:17:09:735

I can't connect with the passive [192.168.100.113/5000] error_code:10061 !

<<<----  [OUT]
2020/10/30 21:17:12:215

Connecting Started...

<<<----  [OUT]
2020/10/30 21:17:14:272

I can't connect with the passive [192.168.100.113/5000] error_code:10061 !
