
<<<----  [OUT]
2020/10/30 15:00:01:649

I can't connect with the passive [192.168.100.113/5000] error_code:10061 !

<<<----  [OUT]
2020/10/30 15:00:04:135

Connecting Started...

<<<----  [OUT]
2020/10/30 15:00:06:205

I can't connect with the passive [192.168.100.113/5000] error_code:10061 !

<<<----  [OUT]
2020/10/30 15:00:08:682

Connecting Started...

<<<----  [OUT]
2020/10/30 15:00:10:737

I can't connect with the passive [192.168.100.113/5000] error_code:10061 !

<<<----  [OUT]
2020/10/30 15:00:13:214

Connecting Started...

<<<----  [OUT]
2020/10/30 15:00:15:283

I can't connect with the passive [192.168.100.113/5000] error_code:10061 !

<<<----  [OUT]
2020/10/30 15:00:17:761

Connecting Started...

<<<----  [OUT]
2020/10/30 15:00:19:825

I can't connect with the passive [192.168.100.113/5000] error_code:10061 !

<<<----  [OUT]
2020/10/30 15:00:22:309

Connecting Started...

<<<----  [OUT]
2020/10/30 15:00:24:368

I can't connect with the passive [192.168.100.113/5000] error_code:10061 !

<<<----  [OUT]
2020/10/30 15:00:26:855

Connecting Started...

<<<----  [OUT]
2020/10/30 15:00:28:911

I can't connect with the passive [192.168.100.113/5000] error_code:10061 !

<<<----  [OUT]
2020/10/30 15:00:31:402

Connecting Started...

<<<----  [OUT]
2020/10/30 15:00:33:455

I can't connect with the passive [192.168.100.113/5000] error_code:10061 !

<<<----  [OUT]
2020/10/30 15:00:35:932

Connecting Started...

<<<----  [OUT]
2020/10/30 15:00:37:975

I can't connect with the passive [192.168.100.113/5000] error_code:10061 !

<<<----  [OUT]
2020/10/30 15:00:40:465

Connecting Started...

<<<----  [OUT]
2020/10/30 15:00:42:528

I can't connect with the passive [192.168.100.113/5000] error_code:10061 !

<<<----  [OUT]
2020/10/30 15:00:45:011

Connecting Started...

<<<----  [OUT]
2020/10/30 15:00:47:072

I can't connect with the passive [192.168.100.113/5000] error_code:10061 !

<<<----  [OUT]
2020/10/30 15:00:49:558

Connecting Started...

<<<----  [OUT]
2020/10/30 15:00:51:633

I can't connect with the passive [192.168.100.113/5000] error_code:10061 !

<<<----  [OUT]
2020/10/30 15:00:54:121

Connecting Started...

<<<----  [OUT]
2020/10/30 15:00:56:182

I can't connect with the passive [192.168.100.113/5000] error_code:10061 !

<<<----  [OUT]
2020/10/30 15:00:58:667

Connecting Started...

<<<----  [OUT]
2020/10/30 15:01:00:728

I can't connect with the passive [192.168.100.113/5000] error_code:10061 !

<<<----  [OUT]
2020/10/30 15:01:03:214

Connecting Started...

<<<----  [OUT]
2020/10/30 15:01:05:282

I can't connect with the passive [192.168.100.113/5000] error_code:10061 !

<<<----  [OUT]
2020/10/30 15:01:07:760

Connecting Started...

<<<----  [OUT]
2020/10/30 15:01:09:831

I can't connect with the passive [192.168.100.113/5000] error_code:10061 !

<<<----  [OUT]
2020/10/30 15:01:12:307

Connecting Started...

<<<----  [OUT]
2020/10/30 15:01:14:360

I can't connect with the passive [192.168.100.113/5000] error_code:10061 !

<<<----  [OUT]
2020/10/30 15:01:16:840

Connecting Started...

<<<----  [OUT]
2020/10/30 15:01:18:894

I can't connect with the passive [192.168.100.113/5000] error_code:10061 !

<<<----  [OUT]
2020/10/30 15:01:21:371

Connecting Started...

<<<----  [OUT]
2020/10/30 15:01:23:417

I can't connect with the passive [192.168.100.113/5000] error_code:10061 !

<<<----  [OUT]
2020/10/30 15:01:25:903

Connecting Started...

<<<----  [OUT]
2020/10/30 15:01:27:958

I can't connect with the passive [192.168.100.113/5000] error_code:10061 !

<<<----  [OUT]
2020/10/30 15:01:30:448

Connecting Started...

<<<----  [OUT]
2020/10/30 15:01:32:505

I can't connect with the passive [192.168.100.113/5000] error_code:10061 !

<<<----  [OUT]
2020/10/30 15:01:34:996

Connecting Started...

<<<----  [OUT]
2020/10/30 15:01:37:039

I can't connect with the passive [192.168.100.113/5000] error_code:10061 !

<<<----  [OUT]
2020/10/30 15:01:39:526

Connecting Started...

<<<----  [OUT]
2020/10/30 15:01:41:584

I can't connect with the passive [192.168.100.113/5000] error_code:10061 !

<<<----  [OUT]
2020/10/30 15:01:44:074

Connecting Started...

<<<----  [OUT]
2020/10/30 15:01:46:133

I can't connect with the passive [192.168.100.113/5000] error_code:10061 !

<<<----  [OUT]
2020/10/30 15:01:48:619

Connecting Started...

<<<----  [OUT]
2020/10/30 15:01:50:682

I can't connect with the passive [192.168.100.113/5000] error_code:10061 !

<<<----  [OUT]
2020/10/30 15:01:53:167

Connecting Started...

<<<----  [OUT]
2020/10/30 15:01:55:230

I can't connect with the passive [192.168.100.113/5000] error_code:10061 !

<<<----  [OUT]
2020/10/30 15:01:57:714

Connecting Started...

<<<----  [OUT]
2020/10/30 15:01:59:771

I can't connect with the passive [192.168.100.113/5000] error_code:10061 !

<<<----  [OUT]
2020/10/30 15:02:02:261

Connecting Started...

<<<----  [OUT]
2020/10/30 15:02:04:313

I can't connect with the passive [192.168.100.113/5000] error_code:10061 !

<<<----  [OUT]
2020/10/30 15:02:06:792

Connecting Started...

<<<----  [OUT]
2020/10/30 15:02:08:823

I can't connect with the passive [192.168.100.113/5000] error_code:10061 !

<<<----  [OUT]
2020/10/30 15:02:11:307

Connecting Started...

<<<----  [OUT]
2020/10/30 15:02:13:373

I can't connect with the passive [192.168.100.113/5000] error_code:10061 !

<<<----  [OUT]
2020/10/30 15:02:15:854

Connecting Started...

<<<----  [OUT]
2020/10/30 15:02:17:921

I can't connect with the passive [192.168.100.113/5000] error_code:10061 !

<<<----  [OUT]
2020/10/30 15:02:20:401

Connecting Started...

<<<----  [OUT]
2020/10/30 15:02:22:445

I can't connect with the passive [192.168.100.113/5000] error_code:10061 !

<<<----  [OUT]
2020/10/30 15:02:24:932

Connecting Started...

<<<----  [OUT]
2020/10/30 15:02:26:972

I can't connect with the passive [192.168.100.113/5000] error_code:10061 !

<<<----  [OUT]
2020/10/30 15:02:29:448

Connecting Started...

<<<----  [OUT]
2020/10/30 15:02:31:504

I can't connect with the passive [192.168.100.113/5000] error_code:10061 !

<<<----  [OUT]
2020/10/30 15:02:33:995

Connecting Started...

<<<----  [OUT]
2020/10/30 15:02:36:031

I can't connect with the passive [192.168.100.113/5000] error_code:10061 !

<<<----  [OUT]
2020/10/30 15:02:38:511

Connecting Started...

<<<----  [OUT]
2020/10/30 15:02:40:564

I can't connect with the passive [192.168.100.113/5000] error_code:10061 !

<<<----  [OUT]
2020/10/30 15:02:43:042

Connecting Started...

<<<----  [OUT]
2020/10/30 15:02:45:107

I can't connect with the passive [192.168.100.113/5000] error_code:10061 !

<<<----  [OUT]
2020/10/30 15:02:47:588

Connecting Started...

<<<----  [OUT]
2020/10/30 15:02:49:644

I can't connect with the passive [192.168.100.113/5000] error_code:10061 !

<<<----  [OUT]
2020/10/30 15:02:52:120

Connecting Started...

<<<----  [OUT]
2020/10/30 15:02:54:163

I can't connect with the passive [192.168.100.113/5000] error_code:10061 !

<<<----  [OUT]
2020/10/30 15:02:56:652

Connecting Started...

<<<----  [OUT]
2020/10/30 15:02:58:715

I can't connect with the passive [192.168.100.113/5000] error_code:10061 !

<<<----  [OUT]
2020/10/30 15:03:01:198

Connecting Started...

<<<----  [OUT]
2020/10/30 15:03:03:247

I can't connect with the passive [192.168.100.113/5000] error_code:10061 !

<<<----  [OUT]
2020/10/30 15:03:05:730

Connecting Started...

<<<----  [OUT]
2020/10/30 15:03:07:783

I can't connect with the passive [192.168.100.113/5000] error_code:10061 !

<<<----  [OUT]
2020/10/30 15:03:10:261

Connecting Started...

<<<----  [OUT]
2020/10/30 15:03:12:330

I can't connect with the passive [192.168.100.113/5000] error_code:10061 !

<<<----  [OUT]
2020/10/30 15:03:14:808

Connecting Started...

<<<----  [OUT]
2020/10/30 15:03:16:843

I can't connect with the passive [192.168.100.113/5000] error_code:10061 !

<<<----  [OUT]
2020/10/30 15:03:19:324

Connecting Started...

<<<----  [OUT]
2020/10/30 15:03:21:388

I can't connect with the passive [192.168.100.113/5000] error_code:10061 !

<<<----  [OUT]
2020/10/30 15:03:23:870

Connecting Started...

<<<----  [OUT]
2020/10/30 15:03:25:937

I can't connect with the passive [192.168.100.113/5000] error_code:10061 !

<<<----  [OUT]
2020/10/30 15:03:28:418

Connecting Started...

<<<----  [OUT]
2020/10/30 15:03:30:488

I can't connect with the passive [192.168.100.113/5000] error_code:10061 !

<<<----  [OUT]
2020/10/30 15:03:32:964

Connecting Started...

<<<----  [OUT]
2020/10/30 15:03:35:035

I can't connect with the passive [192.168.100.113/5000] error_code:10061 !

<<<----  [OUT]
2020/10/30 15:03:37:511

Connecting Started...

<<<----  [OUT]
2020/10/30 15:03:39:573

I can't connect with the passive [192.168.100.113/5000] error_code:10061 !

<<<----  [OUT]
2020/10/30 15:03:42:058

Connecting Started...

<<<----  [OUT]
2020/10/30 15:03:44:120

I can't connect with the passive [192.168.100.113/5000] error_code:10061 !

<<<----  [OUT]
2020/10/30 15:03:46:605

Connecting Started...

<<<----  [OUT]
2020/10/30 15:03:48:654

I can't connect with the passive [192.168.100.113/5000] error_code:10061 !

<<<----  [OUT]
2020/10/30 15:03:51:137

Connecting Started...

<<<----  [OUT]
2020/10/30 15:03:53:170

I can't connect with the passive [192.168.100.113/5000] error_code:10061 !

<<<----  [OUT]
2020/10/30 15:03:55:653

Connecting Started...

<<<----  [OUT]
2020/10/30 15:03:57:719

I can't connect with the passive [192.168.100.113/5000] error_code:10061 !

<<<----  [OUT]
2020/10/30 15:04:00:198

Connecting Started...

<<<----  [OUT]
2020/10/30 15:04:02:272

I can't connect with the passive [192.168.100.113/5000] error_code:10061 !

<<<----  [OUT]
2020/10/30 15:04:04:760

Connecting Started...

<<<----  [OUT]
2020/10/30 15:04:06:829

I can't connect with the passive [192.168.100.113/5000] error_code:10061 !

<<<----  [OUT]
2020/10/30 15:04:09:307

Connecting Started...

<<<----  [OUT]
2020/10/30 15:04:11:367

I can't connect with the passive [192.168.100.113/5000] error_code:10061 !

<<<----  [OUT]
2020/10/30 15:04:13:855

Connecting Started...

<<<----  [OUT]
2020/10/30 15:04:15:921

I can't connect with the passive [192.168.100.113/5000] error_code:10061 !

<<<----  [OUT]
2020/10/30 15:04:18:403

Connecting Started...

<<<----  [OUT]
2020/10/30 15:04:20:443

I can't connect with the passive [192.168.100.113/5000] error_code:10061 !

<<<----  [OUT]
2020/10/30 15:04:22:933

Connecting Started...

<<<----  [OUT]
2020/10/30 15:04:24:970

I can't connect with the passive [192.168.100.113/5000] error_code:10061 !

<<<----  [OUT]
2020/10/30 15:04:27:450

Connecting Started...

<<<----  [OUT]
2020/10/30 15:04:29:496

I can't connect with the passive [192.168.100.113/5000] error_code:10061 !

<<<----  [OUT]
2020/10/30 15:04:31:980

Connecting Started...

<<<----  [OUT]
2020/10/30 15:04:34:030

I can't connect with the passive [192.168.100.113/5000] error_code:10061 !

<<<----  [OUT]
2020/10/30 15:04:36:511

Connecting Started...

<<<----  [OUT]
2020/10/30 15:04:38:553

I can't connect with the passive [192.168.100.113/5000] error_code:10061 !

<<<----  [OUT]
2020/10/30 15:04:41:043

Connecting Started...

<<<----  [OUT]
2020/10/30 15:04:43:094

I can't connect with the passive [192.168.100.113/5000] error_code:10061 !

<<<----  [OUT]
2020/10/30 15:04:45:573

Connecting Started...

<<<----  [OUT]
2020/10/30 15:04:47:607

I can't connect with the passive [192.168.100.113/5000] error_code:10061 !

<<<----  [OUT]
2020/10/30 15:04:50:090

Connecting Started...

<<<----  [OUT]
2020/10/30 15:04:52:129

I can't connect with the passive [192.168.100.113/5000] error_code:10061 !

<<<----  [OUT]
2020/10/30 15:04:54:605

Connecting Started...

<<<----  [OUT]
2020/10/30 15:04:56:671

I can't connect with the passive [192.168.100.113/5000] error_code:10061 !

<<<----  [OUT]
2020/10/30 15:04:59:152

Connecting Started...

<<<----  [OUT]
2020/10/30 15:05:01:163

I can't connect with the passive [192.168.100.113/5000] error_code:10061 !

<<<----  [OUT]
2020/10/30 15:05:03:651

Connecting Started...

<<<----  [OUT]
2020/10/30 15:05:05:686

I can't connect with the passive [192.168.100.113/5000] error_code:10061 !

<<<----  [OUT]
2020/10/30 15:05:08:167

Connecting Started...

<<<----  [OUT]
2020/10/30 15:05:10:236

I can't connect with the passive [192.168.100.113/5000] error_code:10061 !

<<<----  [OUT]
2020/10/30 15:05:12:715

Connecting Started...

<<<----  [OUT]
2020/10/30 15:05:14:783

I can't connect with the passive [192.168.100.113/5000] error_code:10061 !

<<<----  [OUT]
2020/10/30 15:05:17:261

Connecting Started...

<<<----  [OUT]
2020/10/30 15:05:19:319

I can't connect with the passive [192.168.100.113/5000] error_code:10061 !

<<<----  [OUT]
2020/10/30 15:05:21:808

Connecting Started...

<<<----  [OUT]
2020/10/30 15:05:23:880

I can't connect with the passive [192.168.100.113/5000] error_code:10061 !

<<<----  [OUT]
2020/10/30 15:05:26:371

Connecting Started...

<<<----  [OUT]
2020/10/30 15:05:28:434

I can't connect with the passive [192.168.100.113/5000] error_code:10061 !

<<<----  [OUT]
2020/10/30 15:05:30:918

Connecting Started...

<<<----  [OUT]
2020/10/30 15:05:32:974

I can't connect with the passive [192.168.100.113/5000] error_code:10061 !

<<<----  [OUT]
2020/10/30 15:05:35:465

Connecting Started...

<<<----  [OUT]
2020/10/30 15:05:37:511

I can't connect with the passive [192.168.100.113/5000] error_code:10061 !

<<<----  [OUT]
2020/10/30 15:05:39:995

Connecting Started...

<<<----  [OUT]
2020/10/30 15:05:42:064

I can't connect with the passive [192.168.100.113/5000] error_code:10061 !

<<<----  [OUT]
2020/10/30 15:05:44:543

Connecting Started...

<<<----  [OUT]
2020/10/30 15:05:46:612

I can't connect with the passive [192.168.100.113/5000] error_code:10061 !

<<<----  [OUT]
2020/10/30 15:05:49:089

Connecting Started...

<<<----  [OUT]
2020/10/30 15:05:51:149

I can't connect with the passive [192.168.100.113/5000] error_code:10061 !

<<<----  [OUT]
2020/10/30 15:05:53:636

Connecting Started...

<<<----  [OUT]
2020/10/30 15:05:55:693

I can't connect with the passive [192.168.100.113/5000] error_code:10061 !

<<<----  [OUT]
2020/10/30 15:05:58:183

Connecting Started...

<<<----  [OUT]
2020/10/30 15:06:00:257

I can't connect with the passive [192.168.100.113/5000] error_code:10061 !

<<<----  [OUT]
2020/10/30 15:06:02:746

Connecting Started...

<<<----  [OUT]
2020/10/30 15:06:04:806

I can't connect with the passive [192.168.100.113/5000] error_code:10061 !

<<<----  [OUT]
2020/10/30 15:06:07:293

Connecting Started...

<<<----  [OUT]
2020/10/30 15:06:09:356

I can't connect with the passive [192.168.100.113/5000] error_code:10061 !

<<<----  [OUT]
2020/10/30 15:06:11:838

Connecting Started...

<<<----  [OUT]
2020/10/30 15:06:13:900

I can't connect with the passive [192.168.100.113/5000] error_code:10061 !

<<<----  [OUT]
2020/10/30 15:06:16:385

Connecting Started...

<<<----  [OUT]
2020/10/30 15:06:18:446

I can't connect with the passive [192.168.100.113/5000] error_code:10061 !

<<<----  [OUT]
2020/10/30 15:06:20:932

Connecting Started...

<<<----  [OUT]
2020/10/30 15:06:22:966

I can't connect with the passive [192.168.100.113/5000] error_code:10061 !

<<<----  [OUT]
2020/10/30 15:06:25:449

Connecting Started...

<<<----  [OUT]
2020/10/30 15:06:27:505

I can't connect with the passive [192.168.100.113/5000] error_code:10061 !

<<<----  [OUT]
2020/10/30 15:06:29:995

Connecting Started...

<<<----  [OUT]
2020/10/30 15:06:32:041

I can't connect with the passive [192.168.100.113/5000] error_code:10061 !

<<<----  [OUT]
2020/10/30 15:06:34:527

Connecting Started...

<<<----  [OUT]
2020/10/30 15:06:36:566

I can't connect with the passive [192.168.100.113/5000] error_code:10061 !

<<<----  [OUT]
2020/10/30 15:06:39:058

Connecting Started...

<<<----  [OUT]
2020/10/30 15:06:41:108

I can't connect with the passive [192.168.100.113/5000] error_code:10061 !

<<<----  [OUT]
2020/10/30 15:06:43:588

Connecting Started...

<<<----  [OUT]
2020/10/30 15:06:45:652

I can't connect with the passive [192.168.100.113/5000] error_code:10061 !

<<<----  [OUT]
2020/10/30 15:06:48:135

Connecting Started...

<<<----  [OUT]
2020/10/30 15:06:50:191

I can't connect with the passive [192.168.100.113/5000] error_code:10061 !

<<<----  [OUT]
2020/10/30 15:06:52:667

Connecting Started...

<<<----  [OUT]
2020/10/30 15:06:54:711

I can't connect with the passive [192.168.100.113/5000] error_code:10061 !

<<<----  [OUT]
2020/10/30 15:06:57:198

Connecting Started...

<<<----  [OUT]
2020/10/30 15:06:59:264

I can't connect with the passive [192.168.100.113/5000] error_code:10061 !

<<<----  [OUT]
2020/10/30 15:07:01:745

Connecting Started...

<<<----  [OUT]
2020/10/30 15:07:03:805

I can't connect with the passive [192.168.100.113/5000] error_code:10061 !

<<<----  [OUT]
2020/10/30 15:07:06:292

Connecting Started...

<<<----  [OUT]
2020/10/30 15:07:08:352

I can't connect with the passive [192.168.100.113/5000] error_code:10061 !

<<<----  [OUT]
2020/10/30 15:07:10:839

Connecting Started...

<<<----  [OUT]
2020/10/30 15:07:12:888

I can't connect with the passive [192.168.100.113/5000] error_code:10061 !

<<<----  [OUT]
2020/10/30 15:07:15:370

Connecting Started...

<<<----  [OUT]
2020/10/30 15:07:17:434

I can't connect with the passive [192.168.100.113/5000] error_code:10061 !

<<<----  [OUT]
2020/10/30 15:07:19:916

Connecting Started...

<<<----  [OUT]
2020/10/30 15:07:21:971

I can't connect with the passive [192.168.100.113/5000] error_code:10061 !

<<<----  [OUT]
2020/10/30 15:07:24:449

Connecting Started...

<<<----  [OUT]
2020/10/30 15:07:26:502

I can't connect with the passive [192.168.100.113/5000] error_code:10061 !

<<<----  [OUT]
2020/10/30 15:07:28:980

Connecting Started...

<<<----  [OUT]
2020/10/30 15:07:31:056

I can't connect with the passive [192.168.100.113/5000] error_code:10061 !

<<<----  [OUT]
2020/10/30 15:07:33:542

Connecting Started...

<<<----  [OUT]
2020/10/30 15:07:35:604

I can't connect with the passive [192.168.100.113/5000] error_code:10061 !

<<<----  [OUT]
2020/10/30 15:07:38:090

Connecting Started...

<<<----  [OUT]
2020/10/30 15:07:40:156

I can't connect with the passive [192.168.100.113/5000] error_code:10061 !

<<<----  [OUT]
2020/10/30 15:07:42:637

Connecting Started...

<<<----  [OUT]
2020/10/30 15:07:44:698

I can't connect with the passive [192.168.100.113/5000] error_code:10061 !

<<<----  [OUT]
2020/10/30 15:07:47:183

Connecting Started...

<<<----  [OUT]
2020/10/30 15:07:49:258

I can't connect with the passive [192.168.100.113/5000] error_code:10061 !

<<<----  [OUT]
2020/10/30 15:07:51:745

Connecting Started...

<<<----  [OUT]
2020/10/30 15:07:53:813

I can't connect with the passive [192.168.100.113/5000] error_code:10061 !

<<<----  [OUT]
2020/10/30 15:07:56:292

Connecting Started...

<<<----  [OUT]
2020/10/30 15:07:58:352

I can't connect with the passive [192.168.100.113/5000] error_code:10061 !

<<<----  [OUT]
2020/10/30 15:08:00:839

Connecting Started...

<<<----  [OUT]
2020/10/30 15:08:02:888

I can't connect with the passive [192.168.100.113/5000] error_code:10061 !

<<<----  [OUT]
2020/10/30 15:08:05:371

Connecting Started...

<<<----  [OUT]
2020/10/30 15:08:07:412

I can't connect with the passive [192.168.100.113/5000] error_code:10061 !

<<<----  [OUT]
2020/10/30 15:08:09:902

Connecting Started...

<<<----  [OUT]
2020/10/30 15:08:11:956

I can't connect with the passive [192.168.100.113/5000] error_code:10061 !

<<<----  [OUT]
2020/10/30 15:08:14:434

Connecting Started...

<<<----  [OUT]
2020/10/30 15:08:16:490

I can't connect with the passive [192.168.100.113/5000] error_code:10061 !

<<<----  [OUT]
2020/10/30 15:08:18:980

Connecting Started...

<<<----  [OUT]
2020/10/30 15:08:21:034

I can't connect with the passive [192.168.100.113/5000] error_code:10061 !

<<<----  [OUT]
2020/10/30 15:08:23:511

Connecting Started...

<<<----  [OUT]
2020/10/30 15:08:25:568

I can't connect with the passive [192.168.100.113/5000] error_code:10061 !

<<<----  [OUT]
2020/10/30 15:08:28:058

Connecting Started...

<<<----  [OUT]
2020/10/30 15:08:30:102

I can't connect with the passive [192.168.100.113/5000] error_code:10061 !

<<<----  [OUT]
2020/10/30 15:08:32:590

Connecting Started...

<<<----  [OUT]
2020/10/30 15:08:34:627

I can't connect with the passive [192.168.100.113/5000] error_code:10061 !

<<<----  [OUT]
2020/10/30 15:08:37:105

Connecting Started...

<<<----  [OUT]
2020/10/30 15:08:39:153

I can't connect with the passive [192.168.100.113/5000] error_code:10061 !

<<<----  [OUT]
2020/10/30 15:08:41:637

Connecting Started...

<<<----  [OUT]
2020/10/30 15:08:43:690

I can't connect with the passive [192.168.100.113/5000] error_code:10061 !

<<<----  [OUT]
2020/10/30 15:08:46:168

Connecting Started...

<<<----  [OUT]
2020/10/30 15:08:48:214

I can't connect with the passive [192.168.100.113/5000] error_code:10061 !

<<<----  [OUT]
2020/10/30 15:08:50:699

Connecting Started...

<<<----  [OUT]
2020/10/30 15:08:52:730

I can't connect with the passive [192.168.100.113/5000] error_code:10061 !

<<<----  [OUT]
2020/10/30 15:08:55:214

Connecting Started...

<<<----  [OUT]
2020/10/30 15:08:57:272

I can't connect with the passive [192.168.100.113/5000] error_code:10061 !

<<<----  [OUT]
2020/10/30 15:08:59:762

Connecting Started...

<<<----  [OUT]
2020/10/30 15:09:01:804

I can't connect with the passive [192.168.100.113/5000] error_code:10061 !

<<<----  [OUT]
2020/10/30 15:09:04:292

Connecting Started...

<<<----  [OUT]
2020/10/30 15:09:06:344

I can't connect with the passive [192.168.100.113/5000] error_code:10061 !

<<<----  [OUT]
2020/10/30 15:09:08:824

Connecting Started...

<<<----  [OUT]
2020/10/30 15:09:10:872

I can't connect with the passive [192.168.100.113/5000] error_code:10061 !

<<<----  [OUT]
2020/10/30 15:09:13:355

Connecting Started...

<<<----  [OUT]
2020/10/30 15:09:15:404

I can't connect with the passive [192.168.100.113/5000] error_code:10061 !

<<<----  [OUT]
2020/10/30 15:09:17:886

Connecting Started...

<<<----  [OUT]
2020/10/30 15:09:19:925

I can't connect with the passive [192.168.100.113/5000] error_code:10061 !

<<<----  [OUT]
2020/10/30 15:09:22:402

Connecting Started...

<<<----  [OUT]
2020/10/30 15:09:24:442

I can't connect with the passive [192.168.100.113/5000] error_code:10061 !

<<<----  [OUT]
2020/10/30 15:09:26:933

Connecting Started...

<<<----  [OUT]
2020/10/30 15:09:28:965

I can't connect with the passive [192.168.100.113/5000] error_code:10061 !

<<<----  [OUT]
2020/10/30 15:09:31:449

Connecting Started...

<<<----  [OUT]
2020/10/30 15:09:33:492

I can't connect with the passive [192.168.100.113/5000] error_code:10061 !

<<<----  [OUT]
2020/10/30 15:09:35:980

Connecting Started...

<<<----  [OUT]
2020/10/30 15:09:38:012

I can't connect with the passive [192.168.100.113/5000] error_code:10061 !

<<<----  [OUT]
2020/10/30 15:09:40:495

Connecting Started...

<<<----  [OUT]
2020/10/30 15:09:42:541

I can't connect with the passive [192.168.100.113/5000] error_code:10061 !

<<<----  [OUT]
2020/10/30 15:09:45:027

Connecting Started...

<<<----  [OUT]
2020/10/30 15:09:47:072

I can't connect with the passive [192.168.100.113/5000] error_code:10061 !

<<<----  [OUT]
2020/10/30 15:09:49:559

Connecting Started...

<<<----  [OUT]
2020/10/30 15:09:51:602

I can't connect with the passive [192.168.100.113/5000] error_code:10061 !

<<<----  [OUT]
2020/10/30 15:09:54:090

Connecting Started...

<<<----  [OUT]
2020/10/30 15:09:56:129

I can't connect with the passive [192.168.100.113/5000] error_code:10061 !

<<<----  [OUT]
2020/10/30 15:09:58:621

Connecting Started...

<<<----  [OUT]
2020/10/30 15:10:00:669

I can't connect with the passive [192.168.100.113/5000] error_code:10061 !

<<<----  [OUT]
2020/10/30 15:10:03:152

Connecting Started...

<<<----  [OUT]
2020/10/30 15:10:05:218

I can't connect with the passive [192.168.100.113/5000] error_code:10061 !

<<<----  [OUT]
2020/10/30 15:10:07:698

Connecting Started...

<<<----  [OUT]
2020/10/30 15:10:09:754

I can't connect with the passive [192.168.100.113/5000] error_code:10061 !

<<<----  [OUT]
2020/10/30 15:10:12:246

Connecting Started...

<<<----  [OUT]
2020/10/30 15:10:14:294

I can't connect with the passive [192.168.100.113/5000] error_code:10061 !

<<<----  [OUT]
2020/10/30 15:10:16:777

Connecting Started...

<<<----  [OUT]
2020/10/30 15:10:18:819

I can't connect with the passive [192.168.100.113/5000] error_code:10061 !

<<<----  [OUT]
2020/10/30 15:10:21:308

Connecting Started...

<<<----  [OUT]
2020/10/30 15:10:23:344

I can't connect with the passive [192.168.100.113/5000] error_code:10061 !

<<<----  [OUT]
2020/10/30 15:10:25:823

Connecting Started...

<<<----  [OUT]
2020/10/30 15:10:27:865

I can't connect with the passive [192.168.100.113/5000] error_code:10061 !

<<<----  [OUT]
2020/10/30 15:10:30:356

Connecting Started...

<<<----  [OUT]
2020/10/30 15:10:32:395

I can't connect with the passive [192.168.100.113/5000] error_code:10061 !

<<<----  [OUT]
2020/10/30 15:19:54:185

---------------------------------------------------------------------
// FA : Start Log ...


<<<----  [OUT]
2020/10/30 15:19:54:189

//-------------------------------------------------------------
Property Information

   Driver Type [HSMS]
   Driver Mode [ACTIVE]
   IP    [192.168.100.113]
   Port  [5000]
//-------------------------------------------------------------


<<<----  [OUT]
2020/10/30 15:19:54:790

Auto-Start Started ... (Active)

<<<----  [OUT]
2020/10/30 15:19:54:881

Auto-Start Started ...  Waiting Stop-Connection.

<<<----  [OUT]
2020/10/30 15:19:54:881

Auto-Start Started ...  Waiting Open-Socket.

<<<----  [OUT]
2020/10/30 15:19:54:911

Socket Open Started...

<<<----  [OUT]
2020/10/30 15:19:54:911

Socket Open Completed...

<<<----  [OUT]
2020/10/30 15:19:54:911

Connecting Started...

<<<----  [OUT]
2020/10/30 15:19:54:972

Auto-Start Completed ...  (Active)

<<<----  [OUT]
2020/10/30 15:19:56:947

I can't connect with the passive [192.168.100.113/5000] error_code:10061 !

<<<----  [OUT]
2020/10/30 15:19:59:434

Connecting Started...

<<<----  [OUT]
2020/10/30 15:20:01:480

I can't connect with the passive [192.168.100.113/5000] error_code:10061 !

<<<----  [OUT]
2020/10/30 15:20:03:964

Connecting Started...

<<<----  [OUT]
2020/10/30 15:20:06:005

I can't connect with the passive [192.168.100.113/5000] error_code:10061 !

<<<----  [OUT]
2020/10/30 15:20:08:496

Connecting Started...

<<<----  [OUT]
2020/10/30 15:20:10:535

I can't connect with the passive [192.168.100.113/5000] error_code:10061 !

<<<----  [OUT]
2020/10/30 15:20:13:011

Connecting Started...

<<<----  [OUT]
2020/10/30 15:20:15:048

I can't connect with the passive [192.168.100.113/5000] error_code:10061 !

<<<----  [OUT]
2020/10/30 15:20:17:527

Connecting Started...

<<<----  [OUT]
2020/10/30 15:20:19:559

I can't connect with the passive [192.168.100.113/5000] error_code:10061 !

<<<----  [OUT]
2020/10/30 15:20:22:042

Connecting Started...

<<<----  [OUT]
2020/10/30 15:20:24:084

I can't connect with the passive [192.168.100.113/5000] error_code:10061 !

<<<----  [OUT]
2020/10/30 15:20:26:573

Connecting Started...

<<<----  [OUT]
2020/10/30 15:20:28:616

I can't connect with the passive [192.168.100.113/5000] error_code:10061 !

<<<----  [OUT]
2020/10/30 15:20:31:104

Connecting Started...

<<<----  [OUT]
2020/10/30 15:20:33:136

I can't connect with the passive [192.168.100.113/5000] error_code:10061 !

<<<----  [OUT]
2020/10/30 15:20:35:620

Connecting Started...

<<<----  [OUT]
2020/10/30 15:20:37:660

I can't connect with the passive [192.168.100.113/5000] error_code:10061 !

<<<----  [OUT]
2020/10/30 15:20:40:151

Connecting Started...

<<<----  [OUT]
2020/10/30 15:20:42:192

I can't connect with the passive [192.168.100.113/5000] error_code:10061 !

<<<----  [OUT]
2020/10/30 15:20:44:684

Connecting Started...

<<<----  [OUT]
2020/10/30 15:20:46:725

I can't connect with the passive [192.168.100.113/5000] error_code:10061 !

<<<----  [OUT]
2020/10/30 15:20:49:215

Connecting Started...

<<<----  [OUT]
2020/10/30 15:20:51:263

I can't connect with the passive [192.168.100.113/5000] error_code:10061 !

<<<----  [OUT]
2020/10/30 15:20:53:746

Connecting Started...

<<<----  [OUT]
2020/10/30 15:20:55:789

I can't connect with the passive [192.168.100.113/5000] error_code:10061 !

<<<----  [OUT]
2020/10/30 15:20:58:276

Connecting Started...

<<<----  [OUT]
2020/10/30 15:21:00:319

I can't connect with the passive [192.168.100.113/5000] error_code:10061 !

<<<----  [OUT]
2020/10/30 15:21:02:807

Connecting Started...

<<<----  [OUT]
2020/10/30 15:21:04:848

I can't connect with the passive [192.168.100.113/5000] error_code:10061 !

<<<----  [OUT]
2020/10/30 15:21:07:339

Connecting Started...

<<<----  [OUT]
2020/10/30 15:21:09:377

I can't connect with the passive [192.168.100.113/5000] error_code:10061 !

<<<----  [OUT]
2020/10/30 15:21:11:855

Connecting Started...

<<<----  [OUT]
2020/10/30 15:21:13:899

I can't connect with the passive [192.168.100.113/5000] error_code:10061 !

<<<----  [OUT]
2020/10/30 15:21:16:386

Connecting Started...

<<<----  [OUT]
2020/10/30 15:21:18:430

I can't connect with the passive [192.168.100.113/5000] error_code:10061 !

<<<----  [OUT]
2020/10/30 15:21:20:918

Connecting Started...

<<<----  [OUT]
2020/10/30 15:21:22:968

I can't connect with the passive [192.168.100.113/5000] error_code:10061 !

<<<----  [OUT]
2020/10/30 15:21:25:448

Connecting Started...

<<<----  [OUT]
2020/10/30 15:21:27:491

I can't connect with the passive [192.168.100.113/5000] error_code:10061 !

<<<----  [OUT]
2020/10/30 15:21:29:980

Connecting Started...

<<<----  [OUT]
2020/10/30 15:21:32:022

I can't connect with the passive [192.168.100.113/5000] error_code:10061 !

<<<----  [OUT]
2020/10/30 15:21:34:511

Connecting Started...

<<<----  [OUT]
2020/10/30 15:21:36:546

I can't connect with the passive [192.168.100.113/5000] error_code:10061 !

<<<----  [OUT]
2020/10/30 15:21:39:027

Connecting Started...

<<<----  [OUT]
2020/10/30 15:21:41:077

I can't connect with the passive [192.168.100.113/5000] error_code:10061 !

<<<----  [OUT]
2020/10/30 15:21:43:557

Connecting Started...

<<<----  [OUT]
2020/10/30 15:21:45:625

I can't connect with the passive [192.168.100.113/5000] error_code:10061 !

<<<----  [OUT]
2020/10/30 15:21:48:105

Connecting Started...

<<<----  [OUT]
2020/10/30 15:21:50:165

I can't connect with the passive [192.168.100.113/5000] error_code:10061 !

<<<----  [OUT]
2020/10/30 15:21:52:652

Connecting Started...

<<<----  [OUT]
2020/10/30 15:21:54:696

I can't connect with the passive [192.168.100.113/5000] error_code:10061 !

<<<----  [OUT]
2020/10/30 15:21:57:183

Connecting Started...

<<<----  [OUT]
2020/10/30 15:21:59:228

I can't connect with the passive [192.168.100.113/5000] error_code:10061 !

<<<----  [OUT]
2020/10/30 15:22:01:715

Connecting Started...

<<<----  [OUT]
2020/10/30 15:22:03:760

I can't connect with the passive [192.168.100.113/5000] error_code:10061 !

<<<----  [OUT]
2020/10/30 15:22:06:245

Connecting Started...

<<<----  [OUT]
2020/10/30 15:22:08:293

I can't connect with the passive [192.168.100.113/5000] error_code:10061 !

<<<----  [OUT]
2020/10/30 15:22:10:777

Connecting Started...

<<<----  [OUT]
2020/10/30 15:22:12:822

I can't connect with the passive [192.168.100.113/5000] error_code:10061 !

<<<----  [OUT]
2020/10/30 15:22:15:309

Connecting Started...

<<<----  [OUT]
2020/10/30 15:22:17:357

I can't connect with the passive [192.168.100.113/5000] error_code:10061 !

<<<----  [OUT]
2020/10/30 15:22:19:838

Connecting Started...

<<<----  [OUT]
2020/10/30 15:22:21:893

I can't connect with the passive [192.168.100.113/5000] error_code:10061 !

<<<----  [OUT]
2020/10/30 15:22:24:371

Connecting Started...

<<<----  [OUT]
2020/10/30 15:22:26:422

I can't connect with the passive [192.168.100.113/5000] error_code:10061 !

<<<----  [OUT]
2020/10/30 15:22:28:902

Connecting Started...

<<<----  [OUT]
2020/10/30 15:22:30:955

I can't connect with the passive [192.168.100.113/5000] error_code:10061 !

<<<----  [OUT]
2020/10/30 15:23:36:193

---------------------------------------------------------------------
// FA : Start Log ...


<<<----  [OUT]
2020/10/30 15:23:36:196

//-------------------------------------------------------------
Property Information

   Driver Type [HSMS]
   Driver Mode [ACTIVE]
   IP    [192.168.100.113]
   Port  [5000]
//-------------------------------------------------------------


<<<----  [OUT]
2020/10/30 15:23:36:797

Auto-Start Started ... (Active)

<<<----  [OUT]
2020/10/30 15:23:36:888

Auto-Start Started ...  Waiting Stop-Connection.

<<<----  [OUT]
2020/10/30 15:23:36:888

Auto-Start Started ...  Waiting Open-Socket.

<<<----  [OUT]
2020/10/30 15:23:36:924

Socket Open Started...

<<<----  [OUT]
2020/10/30 15:23:36:924

Socket Open Completed...

<<<----  [OUT]
2020/10/30 15:23:36:924

Connecting Started...

<<<----  [OUT]
2020/10/30 15:23:36:978

Auto-Start Completed ...  (Active)

<<<----  [OUT]
2020/10/30 15:23:38:978

I can't connect with the passive [192.168.100.113/5000] error_code:10061 !

<<<----  [OUT]
2020/10/30 15:23:41:463

Connecting Started...

<<<----  [OUT]
2020/10/30 15:23:43:530

I can't connect with the passive [192.168.100.113/5000] error_code:10061 !

<<<----  [OUT]
2020/10/30 15:23:46:010

Connecting Started...

<<<----  [OUT]
2020/10/30 15:23:48:056

I can't connect with the passive [192.168.100.113/5000] error_code:10061 !

<<<----  [OUT]
2020/10/30 15:23:50:542

Connecting Started...

<<<----  [OUT]
2020/10/30 15:23:52:590

I can't connect with the passive [192.168.100.113/5000] error_code:10061 !

<<<----  [OUT]
2020/10/30 15:23:55:074

Connecting Started...

<<<----  [OUT]
2020/10/30 15:23:57:112

I can't connect with the passive [192.168.100.113/5000] error_code:10061 !

<<<----  [OUT]
2020/10/30 15:23:59:589

Connecting Started...

<<<----  [OUT]
2020/10/30 15:24:01:634

I can't connect with the passive [192.168.100.113/5000] error_code:10061 !

<<<----  [OUT]
2020/10/30 15:24:04:120

Connecting Started...

<<<----  [OUT]
2020/10/30 15:24:06:171

I can't connect with the passive [192.168.100.113/5000] error_code:10061 !

<<<----  [OUT]
2020/10/30 15:24:08:652

Connecting Started...

<<<----  [OUT]
2020/10/30 15:24:10:719

I can't connect with the passive [192.168.100.113/5000] error_code:10061 !

<<<----  [OUT]
2020/10/30 15:24:13:199

Connecting Started...

<<<----  [OUT]
2020/10/30 15:24:15:264

I can't connect with the passive [192.168.100.113/5000] error_code:10061 !

<<<----  [OUT]
2020/10/30 15:24:17:745

Connecting Started...

<<<----  [OUT]
2020/10/30 15:24:19:801

I can't connect with the passive [192.168.100.113/5000] error_code:10061 !

<<<----  [OUT]
2020/10/30 15:24:22:292

Connecting Started...

<<<----  [OUT]
2020/10/30 15:24:24:339

I can't connect with the passive [192.168.100.113/5000] error_code:10061 !

<<<----  [OUT]
2020/10/30 15:24:26:825

Connecting Started...

<<<----  [OUT]
2020/10/30 15:24:28:871

I can't connect with the passive [192.168.100.113/5000] error_code:10061 !

<<<----  [OUT]
2020/10/30 15:24:31:354

Connecting Started...

<<<----  [OUT]
2020/10/30 15:24:33:407

I can't connect with the passive [192.168.100.113/5000] error_code:10061 !

<<<----  [OUT]
2020/10/30 15:24:35:886

Connecting Started...

<<<----  [OUT]
2020/10/30 15:24:37:927

I can't connect with the passive [192.168.100.113/5000] error_code:10061 !

<<<----  [OUT]
2020/10/30 15:24:40:418

Connecting Started...

<<<----  [OUT]
2020/10/30 15:24:42:474

I can't connect with the passive [192.168.100.113/5000] error_code:10061 !

<<<----  [OUT]
2020/10/30 15:24:44:964

Connecting Started...

<<<----  [OUT]
2020/10/30 15:24:47:033

I can't connect with the passive [192.168.100.113/5000] error_code:10061 !

<<<----  [OUT]
2020/10/30 15:24:49:511

Connecting Started...

<<<----  [OUT]
2020/10/30 15:24:51:560

I can't connect with the passive [192.168.100.113/5000] error_code:10061 !

<<<----  [OUT]
2020/10/30 15:24:54:042

Connecting Started...

<<<----  [OUT]
2020/10/30 15:24:56:081

I can't connect with the passive [192.168.100.113/5000] error_code:10061 !

<<<----  [OUT]
2020/10/30 15:24:58:559

Connecting Started...

<<<----  [OUT]
2020/10/30 15:25:00:595

I can't connect with the passive [192.168.100.113/5000] error_code:10061 !

<<<----  [OUT]
2020/10/30 15:25:03:074

Connecting Started...

<<<----  [OUT]
2020/10/30 15:25:05:120

I can't connect with the passive [192.168.100.113/5000] error_code:10061 !

<<<----  [OUT]
2020/10/30 15:25:07:606

Connecting Started...

<<<----  [OUT]
2020/10/30 15:25:09:660

I can't connect with the passive [192.168.100.113/5000] error_code:10061 !

<<<----  [OUT]
2020/10/30 15:25:12:151

Connecting Started...

<<<----  [OUT]
2020/10/30 15:25:14:211

I can't connect with the passive [192.168.100.113/5000] error_code:10061 !

<<<----  [OUT]
2020/10/30 15:25:16:699

Connecting Started...

<<<----  [OUT]
2020/10/30 15:25:18:753

I can't connect with the passive [192.168.100.113/5000] error_code:10061 !

<<<----  [OUT]
2020/10/30 15:25:21:230

Connecting Started...

<<<----  [OUT]
2020/10/30 15:25:23:273

I can't connect with the passive [192.168.100.113/5000] error_code:10061 !

<<<----  [OUT]
2020/10/30 15:25:25:761

Connecting Started...

<<<----  [OUT]
2020/10/30 15:25:27:810

I can't connect with the passive [192.168.100.113/5000] error_code:10061 !

<<<----  [OUT]
2020/10/30 15:25:30:293

Connecting Started...

<<<----  [OUT]
2020/10/30 15:25:32:337

I can't connect with the passive [192.168.100.113/5000] error_code:10061 !

<<<----  [OUT]
2020/10/30 15:25:34:823

Connecting Started...

<<<----  [OUT]
2020/10/30 15:25:36:860

I can't connect with the passive [192.168.100.113/5000] error_code:10061 !

<<<----  [OUT]
2020/10/30 15:25:39:340

Connecting Started...

<<<----  [OUT]
2020/10/30 15:25:41:397

I can't connect with the passive [192.168.100.113/5000] error_code:10061 !

<<<----  [OUT]
2020/10/30 15:25:43:887

Connecting Started...

<<<----  [OUT]
2020/10/30 15:25:45:941

I can't connect with the passive [192.168.100.113/5000] error_code:10061 !

<<<----  [OUT]
2020/10/30 15:25:48:417

Connecting Started...

<<<----  [OUT]
2020/10/30 15:25:50:478

I can't connect with the passive [192.168.100.113/5000] error_code:10061 !

<<<----  [OUT]
2020/10/30 15:25:52:964

Connecting Started...

<<<----  [OUT]
2020/10/30 15:25:55:003

I can't connect with the passive [192.168.100.113/5000] error_code:10061 !

<<<----  [OUT]
2020/10/30 15:25:57:480

Connecting Started...

<<<----  [OUT]
2020/10/30 15:25:59:529

I can't connect with the passive [192.168.100.113/5000] error_code:10061 !

<<<----  [OUT]
2020/10/30 15:26:02:011

Connecting Started...

<<<----  [OUT]
2020/10/30 15:26:04:063

I can't connect with the passive [192.168.100.113/5000] error_code:10061 !

<<<----  [OUT]
2020/10/30 15:26:06:542

Connecting Started...

<<<----  [OUT]
2020/10/30 15:26:08:593

I can't connect with the passive [192.168.100.113/5000] error_code:10061 !

<<<----  [OUT]
2020/10/30 15:26:11:073

Connecting Started...

<<<----  [OUT]
2020/10/30 15:26:13:130

I can't connect with the passive [192.168.100.113/5000] error_code:10061 !

<<<----  [OUT]
2020/10/30 15:26:15:620

Connecting Started...

<<<----  [OUT]
2020/10/30 15:26:17:668

I can't connect with the passive [192.168.100.113/5000] error_code:10061 !

<<<----  [OUT]
2020/10/30 15:26:20:153

Connecting Started...

<<<----  [OUT]
2020/10/30 15:26:22:191

I can't connect with the passive [192.168.100.113/5000] error_code:10061 !

<<<----  [OUT]
2020/10/30 15:26:24:666

Connecting Started...

<<<----  [OUT]
2020/10/30 15:26:26:710

I can't connect with the passive [192.168.100.113/5000] error_code:10061 !

<<<----  [OUT]
2020/10/30 15:26:29:199

Connecting Started...

<<<----  [OUT]
2020/10/30 15:26:31:242

I can't connect with the passive [192.168.100.113/5000] error_code:10061 !

<<<----  [OUT]
2020/10/30 15:26:33:729

Connecting Started...

<<<----  [OUT]
2020/10/30 15:26:35:773

I can't connect with the passive [192.168.100.113/5000] error_code:10061 !

<<<----  [OUT]
2020/10/30 15:26:38:260

Connecting Started...

<<<----  [OUT]
2020/10/30 15:26:40:305

I can't connect with the passive [192.168.100.113/5000] error_code:10061 !

<<<----  [OUT]
2020/10/30 15:26:42:792

Connecting Started...

<<<----  [OUT]
2020/10/30 15:26:44:851

I can't connect with the passive [192.168.100.113/5000] error_code:10061 !

<<<----  [OUT]
2020/10/30 15:26:47:340

Connecting Started...

<<<----  [OUT]
2020/10/30 15:26:49:393

I can't connect with the passive [192.168.100.113/5000] error_code:10061 !

<<<----  [OUT]
2020/10/30 15:26:51:870

Connecting Started...

<<<----  [OUT]
2020/10/30 15:26:53:928

I can't connect with the passive [192.168.100.113/5000] error_code:10061 !

<<<----  [OUT]
2020/10/30 15:26:56:417

Connecting Started...

<<<----  [OUT]
2020/10/30 15:26:58:481

I can't connect with the passive [192.168.100.113/5000] error_code:10061 !

<<<----  [OUT]
2020/10/30 15:27:00:964

Connecting Started...

<<<----  [OUT]
2020/10/30 15:27:03:015

I can't connect with the passive [192.168.100.113/5000] error_code:10061 !

<<<----  [OUT]
2020/10/30 15:27:05:496

Connecting Started...

<<<----  [OUT]
2020/10/30 15:27:07:535

I can't connect with the passive [192.168.100.113/5000] error_code:10061 !

<<<----  [OUT]
2020/10/30 15:27:10:010

Connecting Started...

<<<----  [OUT]
2020/10/30 15:27:12:071

I can't connect with the passive [192.168.100.113/5000] error_code:10061 !

<<<----  [OUT]
2020/10/30 15:27:14:557

Connecting Started...

<<<----  [OUT]
2020/10/30 15:27:16:624

I can't connect with the passive [192.168.100.113/5000] error_code:10061 !

<<<----  [OUT]
2020/10/30 15:27:19:105

Connecting Started...

<<<----  [OUT]
2020/10/30 15:27:21:161

I can't connect with the passive [192.168.100.113/5000] error_code:10061 !

<<<----  [OUT]
2020/10/30 15:27:23:651

Connecting Started...

<<<----  [OUT]
2020/10/30 15:27:25:708

I can't connect with the passive [192.168.100.113/5000] error_code:10061 !

<<<----  [OUT]
2020/10/30 15:27:28:198

Connecting Started...

<<<----  [OUT]
2020/10/30 15:27:30:258

I can't connect with the passive [192.168.100.113/5000] error_code:10061 !

<<<----  [OUT]
2020/10/30 15:27:32:744

Connecting Started...

<<<----  [OUT]
2020/10/30 15:27:34:817

I can't connect with the passive [192.168.100.113/5000] error_code:10061 !

<<<----  [OUT]
2020/10/30 15:27:37:307

Connecting Started...

<<<----  [OUT]
2020/10/30 15:27:39:362

I can't connect with the passive [192.168.100.113/5000] error_code:10061 !

<<<----  [OUT]
2020/10/30 15:27:41:839

Connecting Started...

<<<----  [OUT]
2020/10/30 15:27:43:897

I can't connect with the passive [192.168.100.113/5000] error_code:10061 !

<<<----  [OUT]
2020/10/30 15:27:46:386

Connecting Started...

<<<----  [OUT]
2020/10/30 15:27:48:444

I can't connect with the passive [192.168.100.113/5000] error_code:10061 !

<<<----  [OUT]
2020/10/30 15:27:50:933

Connecting Started...

<<<----  [OUT]
2020/10/30 15:27:52:986

I can't connect with the passive [192.168.100.113/5000] error_code:10061 !

<<<----  [OUT]
2020/10/30 15:27:55:464

Connecting Started...

<<<----  [OUT]
2020/10/30 15:27:57:529

I can't connect with the passive [192.168.100.113/5000] error_code:10061 !

<<<----  [OUT]
2020/10/30 15:28:00:011

Connecting Started...

<<<----  [OUT]
2020/10/30 15:28:02:075

I can't connect with the passive [192.168.100.113/5000] error_code:10061 !

<<<----  [OUT]
2020/10/30 15:28:04:558

Connecting Started...

<<<----  [OUT]
2020/10/30 15:28:06:618

I can't connect with the passive [192.168.100.113/5000] error_code:10061 !

<<<----  [OUT]
2020/10/30 15:28:09:105

Connecting Started...

<<<----  [OUT]
2020/10/30 15:28:11:174

I can't connect with the passive [192.168.100.113/5000] error_code:10061 !

<<<----  [OUT]
2020/10/30 15:28:13:652

Connecting Started...

<<<----  [OUT]
2020/10/30 15:28:15:713

I can't connect with the passive [192.168.100.113/5000] error_code:10061 !

<<<----  [OUT]
2020/10/30 15:28:18:199

Connecting Started...

<<<----  [OUT]
2020/10/30 15:28:20:253

I can't connect with the passive [192.168.100.113/5000] error_code:10061 !

<<<----  [OUT]
2020/10/30 15:28:22:730

Connecting Started...

<<<----  [OUT]
2020/10/30 15:28:24:779

I can't connect with the passive [192.168.100.113/5000] error_code:10061 !

<<<----  [OUT]
2020/10/30 15:28:27:262

Connecting Started...

<<<----  [OUT]
2020/10/30 15:28:29:299

I can't connect with the passive [192.168.100.113/5000] error_code:10061 !

<<<----  [OUT]
2020/10/30 15:28:31:778

Connecting Started...

<<<----  [OUT]
2020/10/30 15:28:33:829

I can't connect with the passive [192.168.100.113/5000] error_code:10061 !

<<<----  [OUT]
2020/10/30 15:28:36:308

Connecting Started...

<<<----  [OUT]
2020/10/30 15:28:38:347

I can't connect with the passive [192.168.100.113/5000] error_code:10061 !

<<<----  [OUT]
2020/10/30 15:28:40:824

Connecting Started...

<<<----  [OUT]
2020/10/30 15:28:42:886

I can't connect with the passive [192.168.100.113/5000] error_code:10061 !

<<<----  [OUT]
2020/10/30 15:28:45:371

Connecting Started...

<<<----  [OUT]
2020/10/30 15:28:47:451

I can't connect with the passive [192.168.100.113/5000] error_code:10061 !

<<<----  [OUT]
2020/10/30 15:28:49:932

Connecting Started...

<<<----  [OUT]
2020/10/30 15:28:51:986

I can't connect with the passive [192.168.100.113/5000] error_code:10061 !

<<<----  [OUT]
2020/10/30 15:28:54:464

Connecting Started...

<<<----  [OUT]
2020/10/30 15:28:56:513

I can't connect with the passive [192.168.100.113/5000] error_code:10061 !

<<<----  [OUT]
2020/10/30 15:28:58:996

Connecting Started...

<<<----  [OUT]
2020/10/30 15:29:01:061

I can't connect with the passive [192.168.100.113/5000] error_code:10061 !

<<<----  [OUT]
2020/10/30 15:29:03:543

Connecting Started...

<<<----  [OUT]
2020/10/30 15:29:05:604

I can't connect with the passive [192.168.100.113/5000] error_code:10061 !

<<<----  [OUT]
2020/10/30 15:29:08:090

Connecting Started...

<<<----  [OUT]
2020/10/30 15:29:10:150

I can't connect with the passive [192.168.100.113/5000] error_code:10061 !

<<<----  [OUT]
2020/10/30 15:29:12:637

Connecting Started...

<<<----  [OUT]
2020/10/30 15:29:14:688

I can't connect with the passive [192.168.100.113/5000] error_code:10061 !

<<<----  [OUT]
2020/10/30 15:29:17:168

Connecting Started...

<<<----  [OUT]
2020/10/30 15:29:19:220

I can't connect with the passive [192.168.100.113/5000] error_code:10061 !

<<<----  [OUT]
2020/10/30 15:29:21:698

Connecting Started...

<<<----  [OUT]
2020/10/30 15:29:23:753

I can't connect with the passive [192.168.100.113/5000] error_code:10061 !

<<<----  [OUT]
2020/10/30 15:29:26:230

Connecting Started...

<<<----  [OUT]
2020/10/30 15:29:28:282

I can't connect with the passive [192.168.100.113/5000] error_code:10061 !

<<<----  [OUT]
2020/10/30 15:29:30:762

Connecting Started...

<<<----  [OUT]
2020/10/30 15:29:32:810

I can't connect with the passive [192.168.100.113/5000] error_code:10061 !

<<<----  [OUT]
2020/10/30 15:29:35:291

Connecting Started...

<<<----  [OUT]
2020/10/30 15:29:37:331

I can't connect with the passive [192.168.100.113/5000] error_code:10061 !

<<<----  [OUT]
2020/10/30 15:29:39:808

Connecting Started...

<<<----  [OUT]
2020/10/30 15:29:41:853

I can't connect with the passive [192.168.100.113/5000] error_code:10061 !

<<<----  [OUT]
2020/10/30 15:29:44:339

Connecting Started...

<<<----  [OUT]
2020/10/30 15:29:46:398

I can't connect with the passive [192.168.100.113/5000] error_code:10061 !

<<<----  [OUT]
2020/10/30 15:29:48:885

Connecting Started...

<<<----  [OUT]
2020/10/30 15:29:50:952

I can't connect with the passive [192.168.100.113/5000] error_code:10061 !

<<<----  [OUT]
2020/10/30 15:29:53:432

Connecting Started...

<<<----  [OUT]
2020/10/30 15:29:55:490

I can't connect with the passive [192.168.100.113/5000] error_code:10061 !

<<<----  [OUT]
2020/10/30 15:29:57:980

Connecting Started...

<<<----  [OUT]
2020/10/30 15:30:00:044

I can't connect with the passive [192.168.100.113/5000] error_code:10061 !

<<<----  [OUT]
2020/10/30 15:30:02:527

Connecting Started...

<<<----  [OUT]
2020/10/30 15:30:04:567

I can't connect with the passive [192.168.100.113/5000] error_code:10061 !

<<<----  [OUT]
2020/10/30 15:30:07:059

Connecting Started...

<<<----  [OUT]
2020/10/30 15:30:09:111

I can't connect with the passive [192.168.100.113/5000] error_code:10061 !

<<<----  [OUT]
2020/10/30 15:30:11:589

Connecting Started...

<<<----  [OUT]
2020/10/30 15:30:13:641

I can't connect with the passive [192.168.100.113/5000] error_code:10061 !

<<<----  [OUT]
2020/10/30 15:30:16:120

Connecting Started...

<<<----  [OUT]
2020/10/30 15:30:18:176

I can't connect with the passive [192.168.100.113/5000] error_code:10061 !

<<<----  [OUT]
2020/10/30 15:30:20:667

Connecting Started...

<<<----  [OUT]
2020/10/30 15:30:22:718

I can't connect with the passive [192.168.100.113/5000] error_code:10061 !

<<<----  [OUT]
2020/10/30 15:30:25:199

Connecting Started...

<<<----  [OUT]
2020/10/30 15:30:27:248

I can't connect with the passive [192.168.100.113/5000] error_code:10061 !

<<<----  [OUT]
2020/10/30 15:30:29:729

Connecting Started...

<<<----  [OUT]
2020/10/30 15:30:31:779

I can't connect with the passive [192.168.100.113/5000] error_code:10061 !

<<<----  [OUT]
2020/10/30 15:30:34:262

Connecting Started...

<<<----  [OUT]
2020/10/30 15:30:36:295

I can't connect with the passive [192.168.100.113/5000] error_code:10061 !

<<<----  [OUT]
2020/10/30 15:30:38:776

Connecting Started...

<<<----  [OUT]
2020/10/30 15:30:40:816

I can't connect with the passive [192.168.100.113/5000] error_code:10061 !

<<<----  [OUT]
2020/10/30 15:30:43:310

Connecting Started...

<<<----  [OUT]
2020/10/30 15:30:45:353

I can't connect with the passive [192.168.100.113/5000] error_code:10061 !

<<<----  [OUT]
2020/10/30 15:30:47:840

Connecting Started...

<<<----  [OUT]
2020/10/30 15:30:49:886

I can't connect with the passive [192.168.100.113/5000] error_code:10061 !

<<<----  [OUT]
2020/10/30 15:30:52:371

Connecting Started...

<<<----  [OUT]
2020/10/30 15:30:54:407

I can't connect with the passive [192.168.100.113/5000] error_code:10061 !

<<<----  [OUT]
2020/10/30 15:30:56:885

Connecting Started...

<<<----  [OUT]
2020/10/30 15:30:58:928

I can't connect with the passive [192.168.100.113/5000] error_code:10061 !

<<<----  [OUT]
2020/10/30 15:31:01:417

Connecting Started...

<<<----  [OUT]
2020/10/30 15:31:03:470

I can't connect with the passive [192.168.100.113/5000] error_code:10061 !

<<<----  [OUT]
2020/10/30 15:49:25:783

---------------------------------------------------------------------
// FA : Start Log ...


<<<----  [OUT]
2020/10/30 15:49:25:786

//-------------------------------------------------------------
Property Information

   Driver Type [HSMS]
   Driver Mode [ACTIVE]
   IP    [192.168.100.113]
   Port  [5000]
//-------------------------------------------------------------


<<<----  [OUT]
2020/10/30 15:49:26:387

Auto-Start Started ... (Active)

<<<----  [OUT]
2020/10/30 15:49:26:478

Auto-Start Started ...  Waiting Stop-Connection.

<<<----  [OUT]
2020/10/30 15:49:26:478

Auto-Start Started ...  Waiting Open-Socket.

<<<----  [OUT]
2020/10/30 15:49:26:510

Socket Open Started...

<<<----  [OUT]
2020/10/30 15:49:26:510

Socket Open Completed...

<<<----  [OUT]
2020/10/30 15:49:26:510

Connecting Started...

<<<----  [OUT]
2020/10/30 15:49:26:568

Auto-Start Completed ...  (Active)

<<<----  [OUT]
2020/10/30 15:49:28:573

I can't connect with the passive [192.168.100.113/5000] error_code:10061 !

<<<----  [OUT]
2020/10/30 15:49:31:058

Connecting Started...

<<<----  [OUT]
2020/10/30 15:49:33:107

I can't connect with the passive [192.168.100.113/5000] error_code:10061 !

<<<----  [OUT]
2020/10/30 15:49:35:589

Connecting Started...

<<<----  [OUT]
2020/10/30 15:49:37:620

I can't connect with the passive [192.168.100.113/5000] error_code:10061 !

<<<----  [OUT]
2020/10/30 15:49:40:105

Connecting Started...

<<<----  [OUT]
2020/10/30 15:49:42:147

I can't connect with the passive [192.168.100.113/5000] error_code:10061 !

<<<----  [OUT]
2020/10/30 15:49:44:635

Connecting Started...

<<<----  [OUT]
2020/10/30 15:49:46:686

I can't connect with the passive [192.168.100.113/5000] error_code:10061 !

<<<----  [OUT]
2020/10/30 15:49:49:167

Connecting Started...

<<<----  [OUT]
2020/10/30 15:49:51:208

I can't connect with the passive [192.168.100.113/5000] error_code:10061 !

<<<----  [OUT]
2020/10/30 15:49:53:699

Connecting Started...

<<<----  [OUT]
2020/10/30 15:49:55:783

I can't connect with the passive [192.168.100.113/5000] error_code:10061 !

<<<----  [OUT]
2020/10/30 15:49:58:261

Connecting Started...

<<<----  [OUT]
2020/10/30 15:50:00:318

I can't connect with the passive [192.168.100.113/5000] error_code:10061 !

<<<----  [OUT]
2020/10/30 15:50:02:809

Connecting Started...

<<<----  [OUT]
2020/10/30 15:50:04:846

I can't connect with the passive [192.168.100.113/5000] error_code:10061 !

<<<----  [OUT]
2020/10/30 15:50:07:325

Connecting Started...

<<<----  [OUT]
2020/10/30 15:50:09:375

I can't connect with the passive [192.168.100.113/5000] error_code:10061 !

<<<----  [OUT]
2020/10/30 15:50:11:855

Connecting Started...

<<<----  [OUT]
2020/10/30 15:50:13:905

I can't connect with the passive [192.168.100.113/5000] error_code:10061 !

<<<----  [OUT]
2020/10/30 15:50:16:385

Connecting Started...

<<<----  [OUT]
2020/10/30 15:50:18:430

I can't connect with the passive [192.168.100.113/5000] error_code:10061 !

<<<----  [OUT]
2020/10/30 15:50:20:918

Connecting Started...

<<<----  [OUT]
2020/10/30 15:50:22:962

I can't connect with the passive [192.168.100.113/5000] error_code:10061 !

<<<----  [OUT]
2020/10/30 15:50:25:449

Connecting Started...

<<<----  [OUT]
2020/10/30 15:50:27:489

I can't connect with the passive [192.168.100.113/5000] error_code:10061 !

<<<----  [OUT]
2020/10/30 15:50:29:980

Connecting Started...

<<<----  [OUT]
2020/10/30 15:50:32:027

I can't connect with the passive [192.168.100.113/5000] error_code:10061 !

<<<----  [OUT]
2020/10/30 15:50:34:511

Connecting Started...

<<<----  [OUT]
2020/10/30 15:50:36:555

I can't connect with the passive [192.168.100.113/5000] error_code:10061 !

<<<----  [OUT]
2020/10/30 15:50:39:042

Connecting Started...

<<<----  [OUT]
2020/10/30 15:50:41:090

I can't connect with the passive [192.168.100.113/5000] error_code:10061 !

<<<----  [OUT]
2020/10/30 15:50:43:574

Connecting Started...

<<<----  [OUT]
2020/10/30 15:50:45:641

I can't connect with the passive [192.168.100.113/5000] error_code:10061 !

<<<----  [OUT]
2020/10/30 15:50:48:120

Connecting Started...

<<<----  [OUT]
2020/10/30 15:50:50:175

I can't connect with the passive [192.168.100.113/5000] error_code:10061 !

<<<----  [OUT]
2020/10/30 15:50:52:652

Connecting Started...

<<<----  [OUT]
2020/10/30 15:50:54:692

I can't connect with the passive [192.168.100.113/5000] error_code:10061 !

<<<----  [OUT]
2020/10/30 15:50:57:182

Connecting Started...

<<<----  [OUT]
2020/10/30 15:50:59:241

I can't connect with the passive [192.168.100.113/5000] error_code:10061 !

<<<----  [OUT]
2020/10/30 15:51:01:729

Connecting Started...

<<<----  [OUT]
2020/10/30 15:51:03:793

I can't connect with the passive [192.168.100.113/5000] error_code:10061 !

<<<----  [OUT]
2020/10/30 15:51:06:277

Connecting Started...

<<<----  [OUT]
2020/10/30 15:51:08:354

I can't connect with the passive [192.168.100.113/5000] error_code:10061 !

<<<----  [OUT]
2020/10/30 15:51:10:839

Connecting Started...

<<<----  [OUT]
2020/10/30 15:51:12:892

I can't connect with the passive [192.168.100.113/5000] error_code:10061 !

<<<----  [OUT]
2020/10/30 15:51:15:370

Connecting Started...

<<<----  [OUT]
2020/10/30 15:51:17:421

I can't connect with the passive [192.168.100.113/5000] error_code:10061 !

<<<----  [OUT]
2020/10/30 15:51:19:901

Connecting Started...

<<<----  [OUT]
2020/10/30 15:51:21:939

I can't connect with the passive [192.168.100.113/5000] error_code:10061 !

<<<----  [OUT]
2020/10/30 15:51:24:417

Connecting Started...

<<<----  [OUT]
2020/10/30 15:51:26:470

I can't connect with the passive [192.168.100.113/5000] error_code:10061 !

<<<----  [OUT]
2020/10/30 15:51:28:948

Connecting Started...

<<<----  [OUT]
2020/10/30 15:51:31:019

I can't connect with the passive [192.168.100.113/5000] error_code:10061 !

<<<----  [OUT]
2020/10/30 15:51:33:495

Connecting Started...

<<<----  [OUT]
2020/10/30 15:51:35:552

I can't connect with the passive [192.168.100.113/5000] error_code:10061 !

<<<----  [OUT]
2020/10/30 15:51:38:042

Connecting Started...

<<<----  [OUT]
2020/10/30 15:51:40:111

I can't connect with the passive [192.168.100.113/5000] error_code:10061 !

<<<----  [OUT]
2020/10/30 15:51:42:589

Connecting Started...

<<<----  [OUT]
2020/10/30 15:51:44:647

I can't connect with the passive [192.168.100.113/5000] error_code:10061 !

<<<----  [OUT]
2020/10/30 15:51:47:137

Connecting Started...

<<<----  [OUT]
2020/10/30 15:51:49:184

I can't connect with the passive [192.168.100.113/5000] error_code:10061 !

<<<----  [OUT]
2020/10/30 15:51:51:667

Connecting Started...

<<<----  [OUT]
2020/10/30 15:51:53:725

I can't connect with the passive [192.168.100.113/5000] error_code:10061 !

<<<----  [OUT]
2020/10/30 15:51:56:214

Connecting Started...

<<<----  [OUT]
2020/10/30 15:51:58:279

I can't connect with the passive [192.168.100.113/5000] error_code:10061 !

<<<----  [OUT]
2020/10/30 15:52:00:761

Connecting Started...

<<<----  [OUT]
2020/10/30 15:52:02:828

I can't connect with the passive [192.168.100.113/5000] error_code:10061 !

<<<----  [OUT]
2020/10/30 15:52:05:307

Connecting Started...

<<<----  [OUT]
2020/10/30 15:52:07:362

I can't connect with the passive [192.168.100.113/5000] error_code:10061 !

<<<----  [OUT]
2020/10/30 15:52:09:840

Connecting Started...

<<<----  [OUT]
2020/10/30 15:52:11:892

I can't connect with the passive [192.168.100.113/5000] error_code:10061 !

<<<----  [OUT]
2020/10/30 15:52:14:371

Connecting Started...

<<<----  [OUT]
2020/10/30 15:52:16:438

I can't connect with the passive [192.168.100.113/5000] error_code:10061 !

<<<----  [OUT]
2020/10/30 15:52:18:917

Connecting Started...

<<<----  [OUT]
2020/10/30 15:52:20:973

I can't connect with the passive [192.168.100.113/5000] error_code:10061 !

<<<----  [OUT]
2020/10/30 15:52:23:465

Connecting Started...

<<<----  [OUT]
2020/10/30 15:52:25:514

I can't connect with the passive [192.168.100.113/5000] error_code:10061 !

<<<----  [OUT]
2020/10/30 15:52:27:995

Connecting Started...

<<<----  [OUT]
2020/10/30 15:52:30:044

I can't connect with the passive [192.168.100.113/5000] error_code:10061 !

<<<----  [OUT]
2020/10/30 15:52:32:526

Connecting Started...

<<<----  [OUT]
2020/10/30 15:52:34:579

I can't connect with the passive [192.168.100.113/5000] error_code:10061 !

<<<----  [OUT]
2020/10/30 15:52:37:057

Connecting Started...

<<<----  [OUT]
2020/10/30 15:52:39:096

I can't connect with the passive [192.168.100.113/5000] error_code:10061 !

<<<----  [OUT]
2020/10/30 15:52:41:573

Connecting Started...

<<<----  [OUT]
2020/10/30 15:52:43:624

I can't connect with the passive [192.168.100.113/5000] error_code:10061 !

<<<----  [OUT]
2020/10/30 15:52:46:105

Connecting Started...

<<<----  [OUT]
2020/10/30 15:52:48:156

I can't connect with the passive [192.168.100.113/5000] error_code:10061 !

<<<----  [OUT]
2020/10/30 15:52:50:636

Connecting Started...

<<<----  [OUT]
2020/10/30 15:52:52:689

I can't connect with the passive [192.168.100.113/5000] error_code:10061 !

<<<----  [OUT]
2020/10/30 15:52:55:168

Connecting Started...

<<<----  [OUT]
2020/10/30 15:52:57:224

I can't connect with the passive [192.168.100.113/5000] error_code:10061 !

<<<----  [OUT]
2020/10/30 15:52:59:714

Connecting Started...

<<<----  [OUT]
2020/10/30 15:53:01:770

I can't connect with the passive [192.168.100.113/5000] error_code:10061 !

<<<----  [OUT]
2020/10/30 15:53:04:261

Connecting Started...

<<<----  [OUT]
2020/10/30 15:53:06:308

I can't connect with the passive [192.168.100.113/5000] error_code:10061 !

<<<----  [OUT]
2020/10/30 15:53:08:792

Connecting Started...

<<<----  [OUT]
2020/10/30 15:53:10:862

I can't connect with the passive [192.168.100.113/5000] error_code:10061 !

<<<----  [OUT]
2020/10/30 15:53:13:339

Connecting Started...

<<<----  [OUT]
2020/10/30 15:53:15:389

I can't connect with the passive [192.168.100.113/5000] error_code:10061 !

<<<----  [OUT]
2020/10/30 15:53:17:871

Connecting Started...

<<<----  [OUT]
2020/10/30 15:53:19:924

I can't connect with the passive [192.168.100.113/5000] error_code:10061 !

<<<----  [OUT]
2020/10/30 15:53:22:402

Connecting Started...

<<<----  [OUT]
2020/10/30 15:53:24:459

I can't connect with the passive [192.168.100.113/5000] error_code:10061 !

<<<----  [OUT]
2020/10/30 15:53:26:948

Connecting Started...

<<<----  [OUT]
2020/10/30 15:53:29:011

I can't connect with the passive [192.168.100.113/5000] error_code:10061 !

<<<----  [OUT]
2020/10/30 15:53:31:495

Connecting Started...

<<<----  [OUT]
2020/10/30 15:53:33:556

I can't connect with the passive [192.168.100.113/5000] error_code:10061 !

<<<----  [OUT]
2020/10/30 15:53:36:042

Connecting Started...

<<<----  [OUT]
2020/10/30 15:53:38:085

I can't connect with the passive [192.168.100.113/5000] error_code:10061 !

<<<----  [OUT]
2020/10/30 15:53:40:573

Connecting Started...

<<<----  [OUT]
2020/10/30 15:53:42:631

I can't connect with the passive [192.168.100.113/5000] error_code:10061 !

<<<----  [OUT]
2020/10/30 15:53:45:120

Connecting Started...

<<<----  [OUT]
2020/10/30 15:53:47:180

I can't connect with the passive [192.168.100.113/5000] error_code:10061 !

<<<----  [OUT]
2020/10/30 15:53:49:666

Connecting Started...

<<<----  [OUT]
2020/10/30 15:53:51:733

I can't connect with the passive [192.168.100.113/5000] error_code:10061 !

<<<----  [OUT]
2020/10/30 15:53:54:213

Connecting Started...

<<<----  [OUT]
2020/10/30 15:53:56:280

I can't connect with the passive [192.168.100.113/5000] error_code:10061 !

<<<----  [OUT]
2020/10/30 15:53:58:761

Connecting Started...

<<<----  [OUT]
2020/10/30 15:54:00:823

I can't connect with the passive [192.168.100.113/5000] error_code:10061 !

<<<----  [OUT]
2020/10/30 15:54:03:308

Connecting Started...

<<<----  [OUT]
2020/10/30 15:54:05:370

I can't connect with the passive [192.168.100.113/5000] error_code:10061 !

<<<----  [OUT]
2020/10/30 15:54:07:855

Connecting Started...

<<<----  [OUT]
2020/10/30 15:54:09:912

I can't connect with the passive [192.168.100.113/5000] error_code:10061 !

<<<----  [OUT]
2020/10/30 15:54:12:403

Connecting Started...

<<<----  [OUT]
2020/10/30 15:54:14:477

I can't connect with the passive [192.168.100.113/5000] error_code:10061 !

<<<----  [OUT]
2020/10/30 15:54:16:964

Connecting Started...

<<<----  [OUT]
2020/10/30 15:54:19:013

I can't connect with the passive [192.168.100.113/5000] error_code:10061 !

<<<----  [OUT]
2020/10/30 15:54:21:495

Connecting Started...

<<<----  [OUT]
2020/10/30 15:54:23:539

I can't connect with the passive [192.168.100.113/5000] error_code:10061 !

<<<----  [OUT]
2020/10/30 15:54:26:027

Connecting Started...

<<<----  [OUT]
2020/10/30 15:54:28:076

I can't connect with the passive [192.168.100.113/5000] error_code:10061 !

<<<----  [OUT]
2020/10/30 15:54:30:557

Connecting Started...

<<<----  [OUT]
2020/10/30 15:54:32:604

I can't connect with the passive [192.168.100.113/5000] error_code:10061 !

<<<----  [OUT]
2020/10/30 15:54:35:090

Connecting Started...

<<<----  [OUT]
2020/10/30 15:54:37:136

I can't connect with the passive [192.168.100.113/5000] error_code:10061 !

<<<----  [OUT]
2020/10/30 15:54:39:619

Connecting Started...

<<<----  [OUT]
2020/10/30 15:54:41:673

I can't connect with the passive [192.168.100.113/5000] error_code:10061 !

<<<----  [OUT]
2020/10/30 15:54:44:152

Connecting Started...

<<<----  [OUT]
2020/10/30 15:54:46:205

I can't connect with the passive [192.168.100.113/5000] error_code:10061 !

<<<----  [OUT]
2020/10/30 15:54:48:682

Connecting Started...

<<<----  [OUT]
2020/10/30 15:54:50:720

I can't connect with the passive [192.168.100.113/5000] error_code:10061 !

<<<----  [OUT]
2020/10/30 15:54:53:199

Connecting Started...

<<<----  [OUT]
2020/10/30 15:54:55:233

I can't connect with the passive [192.168.100.113/5000] error_code:10061 !

<<<----  [OUT]
2020/10/30 15:54:57:715

Connecting Started...

<<<----  [OUT]
2020/10/30 15:54:59:765

I can't connect with the passive [192.168.100.113/5000] error_code:10061 !

<<<----  [OUT]
2020/10/30 15:55:02:246

Connecting Started...

<<<----  [OUT]
2020/10/30 15:55:04:290

I can't connect with the passive [192.168.100.113/5000] error_code:10061 !

<<<----  [OUT]
2020/10/30 15:55:06:777

Connecting Started...

<<<----  [OUT]
2020/10/30 15:55:08:815

I can't connect with the passive [192.168.100.113/5000] error_code:10061 !

<<<----  [OUT]
2020/10/30 15:55:11:293

Connecting Started...

<<<----  [OUT]
2020/10/30 15:55:13:341

I can't connect with the passive [192.168.100.113/5000] error_code:10061 !

<<<----  [OUT]
2020/10/30 15:55:15:824

Connecting Started...

<<<----  [OUT]
2020/10/30 15:55:17:878

I can't connect with the passive [192.168.100.113/5000] error_code:10061 !

<<<----  [OUT]
2020/10/30 15:55:20:355

Connecting Started...

<<<----  [OUT]
2020/10/30 15:55:22:388

I can't connect with the passive [192.168.100.113/5000] error_code:10061 !

<<<----  [OUT]
2020/10/30 15:55:24:871

Connecting Started...

<<<----  [OUT]
2020/10/30 15:55:26:919

I can't connect with the passive [192.168.100.113/5000] error_code:10061 !

<<<----  [OUT]
2020/10/30 15:55:29:402

Connecting Started...

<<<----  [OUT]
2020/10/30 15:55:31:441

I can't connect with the passive [192.168.100.113/5000] error_code:10061 !

<<<----  [OUT]
2020/10/30 15:55:33:933

Connecting Started...

<<<----  [OUT]
2020/10/30 15:55:35:975

I can't connect with the passive [192.168.100.113/5000] error_code:10061 !

<<<----  [OUT]
2020/10/30 15:55:38:465

Connecting Started...

<<<----  [OUT]
2020/10/30 15:55:40:511

I can't connect with the passive [192.168.100.113/5000] error_code:10061 !

<<<----  [OUT]
2020/10/30 15:55:42:995

Connecting Started...

<<<----  [OUT]
2020/10/30 15:55:45:050

I can't connect with the passive [192.168.100.113/5000] error_code:10061 !

<<<----  [OUT]
2020/10/30 15:55:47:527

Connecting Started...

<<<----  [OUT]
2020/10/30 15:55:49:565

I can't connect with the passive [192.168.100.113/5000] error_code:10061 !

<<<----  [OUT]
2020/10/30 15:55:52:041

Connecting Started...

<<<----  [OUT]
2020/10/30 15:55:54:087

I can't connect with the passive [192.168.100.113/5000] error_code:10061 !

<<<----  [OUT]
2020/10/30 15:55:56:574

Connecting Started...

<<<----  [OUT]
2020/10/30 15:55:58:612

I can't connect with the passive [192.168.100.113/5000] error_code:10061 !

<<<----  [OUT]
2020/10/30 15:56:01:089

Connecting Started...

<<<----  [OUT]
2020/10/30 15:56:03:140

I can't connect with the passive [192.168.100.113/5000] error_code:10061 !

<<<----  [OUT]
2020/10/30 15:56:05:620

Connecting Started...

<<<----  [OUT]
2020/10/30 15:56:07:664

I can't connect with the passive [192.168.100.113/5000] error_code:10061 !

<<<----  [OUT]
2020/10/30 15:56:10:152

Connecting Started...

<<<----  [OUT]
2020/10/30 15:56:12:192

I can't connect with the passive [192.168.100.113/5000] error_code:10061 !

<<<----  [OUT]
2020/10/30 15:56:14:683

Connecting Started...

<<<----  [OUT]
2020/10/30 15:56:16:728

I can't connect with the passive [192.168.100.113/5000] error_code:10061 !

<<<----  [OUT]
2020/10/30 15:56:19:214

Connecting Started...

<<<----  [OUT]
2020/10/30 15:56:21:262

I can't connect with the passive [192.168.100.113/5000] error_code:10061 !

<<<----  [OUT]
2020/10/30 15:56:23:746

Connecting Started...

<<<----  [OUT]
2020/10/30 15:56:25:792

I can't connect with the passive [192.168.100.113/5000] error_code:10061 !

<<<----  [OUT]
2020/10/30 15:56:28:277

Connecting Started...

<<<----  [OUT]
2020/10/30 15:56:30:329

I can't connect with the passive [192.168.100.113/5000] error_code:10061 !

<<<----  [OUT]
2020/10/30 15:56:32:808

Connecting Started...

<<<----  [OUT]
2020/10/30 15:56:34:872

I can't connect with the passive [192.168.100.113/5000] error_code:10061 !

<<<----  [OUT]
2020/10/30 15:56:37:355

Connecting Started...

<<<----  [OUT]
2020/10/30 15:56:39:383

I can't connect with the passive [192.168.100.113/5000] error_code:10061 !

<<<----  [OUT]
2020/10/30 15:56:41:870

Connecting Started...

<<<----  [OUT]
2020/10/30 15:56:43:932

I can't connect with the passive [192.168.100.113/5000] error_code:10061 !

<<<----  [OUT]
2020/10/30 15:56:46:418

Connecting Started...

<<<----  [OUT]
2020/10/30 15:56:48:476

I can't connect with the passive [192.168.100.113/5000] error_code:10061 !

<<<----  [OUT]
2020/10/30 15:56:50:965

Connecting Started...

<<<----  [OUT]
2020/10/30 15:56:53:002

I can't connect with the passive [192.168.100.113/5000] error_code:10061 !

<<<----  [OUT]
2020/10/30 15:56:55:480

Connecting Started...

<<<----  [OUT]
2020/10/30 15:56:57:526

I can't connect with the passive [192.168.100.113/5000] error_code:10061 !

<<<----  [OUT]
2020/10/30 15:57:00:011

Connecting Started...

<<<----  [OUT]
2020/10/30 15:57:02:072

I can't connect with the passive [192.168.100.113/5000] error_code:10061 !

<<<----  [OUT]
2020/10/30 15:57:04:559

Connecting Started...

<<<----  [OUT]
2020/10/30 15:57:06:597

I can't connect with the passive [192.168.100.113/5000] error_code:10061 !

<<<----  [OUT]
2020/10/30 15:57:09:074

Connecting Started...

<<<----  [OUT]
2020/10/30 15:57:11:141

I can't connect with the passive [192.168.100.113/5000] error_code:10061 !

<<<----  [OUT]
2020/10/30 15:57:13:620

Connecting Started...

<<<----  [OUT]
2020/10/30 15:57:15:689

I can't connect with the passive [192.168.100.113/5000] error_code:10061 !

<<<----  [OUT]
2020/10/30 15:57:18:167

Connecting Started...

<<<----  [OUT]
2020/10/30 15:57:20:231

I can't connect with the passive [192.168.100.113/5000] error_code:10061 !

<<<----  [OUT]
2020/10/30 15:57:22:714

Connecting Started...

<<<----  [OUT]
2020/10/30 15:57:24:772

I can't connect with the passive [192.168.100.113/5000] error_code:10061 !

<<<----  [OUT]
2020/10/30 15:57:27:261

Connecting Started...

<<<----  [OUT]
2020/10/30 15:57:29:326

I can't connect with the passive [192.168.100.113/5000] error_code:10061 !

<<<----  [OUT]
2020/10/30 15:57:31:808

Connecting Started...

<<<----  [OUT]
2020/10/30 15:57:33:870

I can't connect with the passive [192.168.100.113/5000] error_code:10061 !

<<<----  [OUT]
2020/10/30 15:57:36:355

Connecting Started...

<<<----  [OUT]
2020/10/30 15:57:38:416

I can't connect with the passive [192.168.100.113/5000] error_code:10061 !

<<<----  [OUT]
2020/10/30 15:57:40:901

Connecting Started...

<<<----  [OUT]
2020/10/30 15:57:42:956

I can't connect with the passive [192.168.100.113/5000] error_code:10061 !

<<<----  [OUT]
2020/10/30 15:57:45:432

Connecting Started...

<<<----  [OUT]
2020/10/30 15:57:47:494

I can't connect with the passive [192.168.100.113/5000] error_code:10061 !

<<<----  [OUT]
2020/10/30 15:57:49:979

Connecting Started...

<<<----  [OUT]
2020/10/30 15:57:52:030

I can't connect with the passive [192.168.100.113/5000] error_code:10061 !

<<<----  [OUT]
2020/10/30 15:57:54:511

Connecting Started...

<<<----  [OUT]
2020/10/30 15:57:56:563

I can't connect with the passive [192.168.100.113/5000] error_code:10061 !

<<<----  [OUT]
2020/10/30 15:57:59:042

Connecting Started...

<<<----  [OUT]
2020/10/30 15:58:01:094

I can't connect with the passive [192.168.100.113/5000] error_code:10061 !

<<<----  [OUT]
2020/10/30 15:58:03:573

Connecting Started...

<<<----  [OUT]
2020/10/30 15:58:05:635

I can't connect with the passive [192.168.100.113/5000] error_code:10061 !

<<<----  [OUT]
2020/10/30 15:58:08:121

Connecting Started...

<<<----  [OUT]
2020/10/30 15:58:10:177

I can't connect with the passive [192.168.100.113/5000] error_code:10061 !

<<<----  [OUT]
2020/10/30 15:58:12:668

Connecting Started...

<<<----  [OUT]
2020/10/30 15:58:14:734

I can't connect with the passive [192.168.100.113/5000] error_code:10061 !

<<<----  [OUT]
2020/10/30 15:58:17:213

Connecting Started...

<<<----  [OUT]
2020/10/30 15:58:19:279

I can't connect with the passive [192.168.100.113/5000] error_code:10061 !

<<<----  [OUT]
2020/10/30 15:58:21:761

Connecting Started...

<<<----  [OUT]
2020/10/30 15:58:23:818

I can't connect with the passive [192.168.100.113/5000] error_code:10061 !

<<<----  [OUT]
2020/10/30 15:58:26:307

Connecting Started...

<<<----  [OUT]
2020/10/30 15:58:28:361

I can't connect with the passive [192.168.100.113/5000] error_code:10061 !

<<<----  [OUT]
2020/10/30 15:58:30:839

Connecting Started...

<<<----  [OUT]
2020/10/30 15:58:32:893

I can't connect with the passive [192.168.100.113/5000] error_code:10061 !

<<<----  [OUT]
2020/10/30 15:58:35:370

Connecting Started...

<<<----  [OUT]
2020/10/30 15:58:37:411

I can't connect with the passive [192.168.100.113/5000] error_code:10061 !

<<<----  [OUT]
2020/10/30 15:58:39:903

Connecting Started...

<<<----  [OUT]
2020/10/30 15:58:41:960

I can't connect with the passive [192.168.100.113/5000] error_code:10061 !

<<<----  [OUT]
2020/10/30 15:58:44:449

Connecting Started...

<<<----  [OUT]
2020/10/30 15:58:46:516

I can't connect with the passive [192.168.100.113/5000] error_code:10061 !

<<<----  [OUT]
2020/10/30 15:58:48:995

Connecting Started...

<<<----  [OUT]
2020/10/30 15:58:51:057

I can't connect with the passive [192.168.100.113/5000] error_code:10061 !

<<<----  [OUT]
2020/10/30 15:58:53:542

Connecting Started...

<<<----  [OUT]
2020/10/30 15:58:55:607

I can't connect with the passive [192.168.100.113/5000] error_code:10061 !

<<<----  [OUT]
2020/10/30 15:58:58:089

Connecting Started...

<<<----  [OUT]
2020/10/30 15:59:00:147

I can't connect with the passive [192.168.100.113/5000] error_code:10061 !

<<<----  [OUT]
2020/10/30 15:59:02:637

Connecting Started...

<<<----  [OUT]
2020/10/30 15:59:04:701

I can't connect with the passive [192.168.100.113/5000] error_code:10061 !

<<<----  [OUT]
2020/10/30 15:59:07:183

Connecting Started...

<<<----  [OUT]
2020/10/30 15:59:09:238

I can't connect with the passive [192.168.100.113/5000] error_code:10061 !

<<<----  [OUT]
2020/10/30 15:59:11:731

Connecting Started...

<<<----  [OUT]
2020/10/30 15:59:13:787

I can't connect with the passive [192.168.100.113/5000] error_code:10061 !

<<<----  [OUT]
2020/10/30 15:59:16:276

Connecting Started...

<<<----  [OUT]
2020/10/30 15:59:18:335

I can't connect with the passive [192.168.100.113/5000] error_code:10061 !

<<<----  [OUT]
2020/10/30 15:59:20:824

Connecting Started...

<<<----  [OUT]
2020/10/30 15:59:22:869

I can't connect with the passive [192.168.100.113/5000] error_code:10061 !

<<<----  [OUT]
2020/10/30 15:59:25:354

Connecting Started...

<<<----  [OUT]
2020/10/30 15:59:27:414

I can't connect with the passive [192.168.100.113/5000] error_code:10061 !

<<<----  [OUT]
2020/10/30 15:59:29:902

Connecting Started...

<<<----  [OUT]
2020/10/30 15:59:31:963

I can't connect with the passive [192.168.100.113/5000] error_code:10061 !

<<<----  [OUT]
2020/10/30 15:59:34:449

Connecting Started...

<<<----  [OUT]
2020/10/30 15:59:36:482

I can't connect with the passive [192.168.100.113/5000] error_code:10061 !

<<<----  [OUT]
2020/10/30 15:59:38:964

Connecting Started...

<<<----  [OUT]
2020/10/30 15:59:41:029

I can't connect with the passive [192.168.100.113/5000] error_code:10061 !

<<<----  [OUT]
2020/10/30 15:59:43:512

Connecting Started...

<<<----  [OUT]
2020/10/30 15:59:45:578

I can't connect with the passive [192.168.100.113/5000] error_code:10061 !

<<<----  [OUT]
2020/10/30 15:59:48:058

Connecting Started...

<<<----  [OUT]
2020/10/30 15:59:50:119

I can't connect with the passive [192.168.100.113/5000] error_code:10061 !

<<<----  [OUT]
2020/10/30 15:59:52:604

Connecting Started...

<<<----  [OUT]
2020/10/30 15:59:54:649

I can't connect with the passive [192.168.100.113/5000] error_code:10061 !

<<<----  [OUT]
2020/10/30 15:59:57:135

Connecting Started...

<<<----  [OUT]
2020/10/30 15:59:59:179

I can't connect with the passive [192.168.100.113/5000] error_code:10061 !
