
<<<----  [OUT]
2020/10/30 12:01:33:716

---------------------------------------------------------------------
// FA : Start Log ...


<<<----  [OUT]
2020/10/30 12:01:33:719

//-------------------------------------------------------------
Property Information

   Driver Type [HSMS]
   Driver Mode [ACTIVE]
   IP    [192.168.100.113]
   Port  [5000]
//-------------------------------------------------------------


<<<----  [OUT]
2020/10/30 12:01:34:321

Auto-Start Started ... (Active)

<<<----  [OUT]
2020/10/30 12:01:34:412

Auto-Start Started ...  Waiting Stop-Connection.

<<<----  [OUT]
2020/10/30 12:01:34:412

Auto-Start Started ...  Waiting Open-Socket.

<<<----  [OUT]
2020/10/30 12:01:34:443

Socket Open Started...

<<<----  [OUT]
2020/10/30 12:01:34:443

Socket Open Completed...

<<<----  [OUT]
2020/10/30 12:01:34:443

Connecting Started...

<<<----  [OUT]
2020/10/30 12:01:34:503

Auto-Start Completed ...  (Active)

<<<----  [OUT]
2020/10/30 12:01:36:486

I can't connect with the passive [192.168.100.113/5000] error_code:10061 !

<<<----  [OUT]
2020/10/30 12:01:38:964

Connecting Started...

<<<----  [OUT]
2020/10/30 12:01:41:000

I can't connect with the passive [192.168.100.113/5000] error_code:10061 !

<<<----  [OUT]
2020/10/30 12:01:43:481

Connecting Started...

<<<----  [OUT]
2020/10/30 12:01:45:524

I can't connect with the passive [192.168.100.113/5000] error_code:10061 !

<<<----  [OUT]
2020/10/30 12:01:48:012

Connecting Started...

<<<----  [OUT]
2020/10/30 12:01:50:044

I can't connect with the passive [192.168.100.113/5000] error_code:10061 !

<<<----  [OUT]
2020/10/30 12:01:52:526

Connecting Started...

<<<----  [OUT]
2020/10/30 12:01:54:567

I can't connect with the passive [192.168.100.113/5000] error_code:10061 !

<<<----  [OUT]
2020/10/30 12:01:57:058

Connecting Started...

<<<----  [OUT]
2020/10/30 12:01:59:094

I can't connect with the passive [192.168.100.113/5000] error_code:10061 !

<<<----  [OUT]
2020/10/30 12:02:01:574

Connecting Started...

<<<----  [OUT]
2020/10/30 12:02:03:609

I can't connect with the passive [192.168.100.113/5000] error_code:10061 !

<<<----  [OUT]
2020/10/30 12:02:06:090

Connecting Started...

<<<----  [OUT]
2020/10/30 12:02:08:109

I can't connect with the passive [192.168.100.113/5000] error_code:10061 !

<<<----  [OUT]
2020/10/30 12:02:10:590

Connecting Started...

<<<----  [OUT]
2020/10/30 12:02:12:635

I can't connect with the passive [192.168.100.113/5000] error_code:10061 !

<<<----  [OUT]
2020/10/30 12:02:15:121

Connecting Started...

<<<----  [OUT]
2020/10/30 12:02:17:157

I can't connect with the passive [192.168.100.113/5000] error_code:10061 !

<<<----  [OUT]
2020/10/30 12:02:19:637

Connecting Started...

<<<----  [OUT]
2020/10/30 12:02:21:668

I can't connect with the passive [192.168.100.113/5000] error_code:10061 !

<<<----  [OUT]
2020/10/30 12:02:24:151

Connecting Started...

<<<----  [OUT]
2020/10/30 12:02:26:177

I can't connect with the passive [192.168.100.113/5000] error_code:10061 !

<<<----  [OUT]
2020/10/30 12:02:28:668

Connecting Started...

<<<----  [OUT]
2020/10/30 12:02:30:705

I can't connect with the passive [192.168.100.113/5000] error_code:10061 !

<<<----  [OUT]
2020/10/30 12:02:33:184

Connecting Started...

<<<----  [OUT]
2020/10/30 12:02:35:223

I can't connect with the passive [192.168.100.113/5000] error_code:10061 !

<<<----  [OUT]
2020/10/30 12:02:37:715

Connecting Started...

<<<----  [OUT]
2020/10/30 12:02:39:772

I can't connect with the passive [192.168.100.113/5000] error_code:10061 !

<<<----  [OUT]
2020/10/30 12:02:42:261

Connecting Started...

<<<----  [OUT]
2020/10/30 12:02:44:311

I can't connect with the passive [192.168.100.113/5000] error_code:10061 !

<<<----  [OUT]
2020/10/30 12:02:46:793

Connecting Started...

<<<----  [OUT]
2020/10/30 12:02:48:834

I can't connect with the passive [192.168.100.113/5000] error_code:10061 !

<<<----  [OUT]
2020/10/30 12:02:51:323

Connecting Started...

<<<----  [OUT]
2020/10/30 12:02:53:376

I can't connect with the passive [192.168.100.113/5000] error_code:10061 !

<<<----  [OUT]
2020/10/30 12:02:55:855

Connecting Started...

<<<----  [OUT]
2020/10/30 12:02:57:908

I can't connect with the passive [192.168.100.113/5000] error_code:10061 !

<<<----  [OUT]
2020/10/30 12:03:00:386

Connecting Started...

<<<----  [OUT]
2020/10/30 12:03:02:430

I can't connect with the passive [192.168.100.113/5000] error_code:10061 !

<<<----  [OUT]
2020/10/30 12:03:04:918

Connecting Started...

<<<----  [OUT]
2020/10/30 12:03:06:958

I can't connect with the passive [192.168.100.113/5000] error_code:10061 !

<<<----  [OUT]
2020/10/30 12:03:09:450

Connecting Started...

<<<----  [OUT]
2020/10/30 12:03:11:491

I can't connect with the passive [192.168.100.113/5000] error_code:10061 !

<<<----  [OUT]
2020/10/30 12:03:13:979

Connecting Started...

<<<----  [OUT]
2020/10/30 12:03:16:022

I can't connect with the passive [192.168.100.113/5000] error_code:10061 !

<<<----  [OUT]
2020/10/30 12:03:18:511

Connecting Started...

<<<----  [OUT]
2020/10/30 12:03:20:565

I can't connect with the passive [192.168.100.113/5000] error_code:10061 !

<<<----  [OUT]
2020/10/30 12:03:23:042

Connecting Started...

<<<----  [OUT]
2020/10/30 12:03:25:099

I can't connect with the passive [192.168.100.113/5000] error_code:10061 !

<<<----  [OUT]
2020/10/30 12:03:27:589

Connecting Started...

<<<----  [OUT]
2020/10/30 12:03:29:639

I can't connect with the passive [192.168.100.113/5000] error_code:10061 !

<<<----  [OUT]
2020/10/30 12:03:32:120

Connecting Started...

<<<----  [OUT]
2020/10/30 12:03:34:163

I can't connect with the passive [192.168.100.113/5000] error_code:10061 !

<<<----  [OUT]
2020/10/30 12:03:36:652

Connecting Started...

<<<----  [OUT]
2020/10/30 12:03:38:686

I can't connect with the passive [192.168.100.113/5000] error_code:10061 !

<<<----  [OUT]
2020/10/30 12:03:41:168

Connecting Started...

<<<----  [OUT]
2020/10/30 12:03:43:228

I can't connect with the passive [192.168.100.113/5000] error_code:10061 !

<<<----  [OUT]
2020/10/30 12:03:45:714

Connecting Started...

<<<----  [OUT]
2020/10/30 12:03:47:768

I can't connect with the passive [192.168.100.113/5000] error_code:10061 !

<<<----  [OUT]
2020/10/30 12:03:50:245

Connecting Started...

<<<----  [OUT]
2020/10/30 12:03:52:294

I can't connect with the passive [192.168.100.113/5000] error_code:10061 !

<<<----  [OUT]
2020/10/30 12:03:54:776

Connecting Started...

<<<----  [OUT]
2020/10/30 12:03:56:838

I can't connect with the passive [192.168.100.113/5000] error_code:10061 !

<<<----  [OUT]
2020/10/30 12:03:59:323

Connecting Started...

<<<----  [OUT]
2020/10/30 12:04:01:363

I can't connect with the passive [192.168.100.113/5000] error_code:10061 !

<<<----  [OUT]
2020/10/30 12:04:03:840

Connecting Started...

<<<----  [OUT]
2020/10/30 12:04:05:889

I can't connect with the passive [192.168.100.113/5000] error_code:10061 !

<<<----  [OUT]
2020/10/30 12:04:08:370

Connecting Started...

<<<----  [OUT]
2020/10/30 12:04:10:430

I can't connect with the passive [192.168.100.113/5000] error_code:10061 !

<<<----  [OUT]
2020/10/30 12:04:12:917

Connecting Started...

<<<----  [OUT]
2020/10/30 12:04:14:976

I can't connect with the passive [192.168.100.113/5000] error_code:10061 !

<<<----  [OUT]
2020/10/30 12:04:17:465

Connecting Started...

<<<----  [OUT]
2020/10/30 12:04:19:522

I can't connect with the passive [192.168.100.113/5000] error_code:10061 !

<<<----  [OUT]
2020/10/30 12:04:22:011

Connecting Started...

<<<----  [OUT]
2020/10/30 12:04:24:068

I can't connect with the passive [192.168.100.113/5000] error_code:10061 !

<<<----  [OUT]
2020/10/30 12:04:26:558

Connecting Started...

<<<----  [OUT]
2020/10/30 12:04:28:611

I can't connect with the passive [192.168.100.113/5000] error_code:10061 !

<<<----  [OUT]
2020/10/30 12:04:31:090

Connecting Started...

<<<----  [OUT]
2020/10/30 12:04:33:146

I can't connect with the passive [192.168.100.113/5000] error_code:10061 !

<<<----  [OUT]
2020/10/30 12:04:35:636

Connecting Started...

<<<----  [OUT]
2020/10/30 12:04:37:697

I can't connect with the passive [192.168.100.113/5000] error_code:10061 !

<<<----  [OUT]
2020/10/30 12:04:40:183

Connecting Started...

<<<----  [OUT]
2020/10/30 12:04:42:239

I can't connect with the passive [192.168.100.113/5000] error_code:10061 !

<<<----  [OUT]
2020/10/30 12:04:44:731

Connecting Started...

<<<----  [OUT]
2020/10/30 12:04:46:793

I can't connect with the passive [192.168.100.113/5000] error_code:10061 !

<<<----  [OUT]
2020/10/30 12:04:49:278

Connecting Started...

<<<----  [OUT]
2020/10/30 12:04:51:300

I can't connect with the passive [192.168.100.113/5000] error_code:10061 !

<<<----  [OUT]
2020/10/30 12:04:53:778

Connecting Started...

<<<----  [OUT]
2020/10/30 12:04:55:837

I can't connect with the passive [192.168.100.113/5000] error_code:10061 !

<<<----  [OUT]
2020/10/30 12:04:58:325

Connecting Started...

<<<----  [OUT]
2020/10/30 12:05:00:373

I can't connect with the passive [192.168.100.113/5000] error_code:10061 !

<<<----  [OUT]
2020/10/30 12:05:02:855

Connecting Started...

<<<----  [OUT]
2020/10/30 12:05:04:904

I can't connect with the passive [192.168.100.113/5000] error_code:10061 !

<<<----  [OUT]
2020/10/30 12:05:07:386

Connecting Started...

<<<----  [OUT]
2020/10/30 12:05:09:419

I can't connect with the passive [192.168.100.113/5000] error_code:10061 !

<<<----  [OUT]
2020/10/30 12:05:11:902

Connecting Started...

<<<----  [OUT]
2020/10/30 12:05:13:964

I can't connect with the passive [192.168.100.113/5000] error_code:10061 !

<<<----  [OUT]
2020/10/30 12:05:16:448

Connecting Started...

<<<----  [OUT]
2020/10/30 12:05:18:518

I can't connect with the passive [192.168.100.113/5000] error_code:10061 !

<<<----  [OUT]
2020/10/30 12:05:20:996

Connecting Started...

<<<----  [OUT]
2020/10/30 12:05:23:039

I can't connect with the passive [192.168.100.113/5000] error_code:10061 !

<<<----  [OUT]
2020/10/30 12:05:25:528

Connecting Started...

<<<----  [OUT]
2020/10/30 12:05:27:584

I can't connect with the passive [192.168.100.113/5000] error_code:10061 !

<<<----  [OUT]
2020/10/30 12:05:30:074

Connecting Started...

<<<----  [OUT]
2020/10/30 12:05:32:130

I can't connect with the passive [192.168.100.113/5000] error_code:10061 !

<<<----  [OUT]
2020/10/30 12:05:34:621

Connecting Started...

<<<----  [OUT]
2020/10/30 12:05:36:671

I can't connect with the passive [192.168.100.113/5000] error_code:10061 !

<<<----  [OUT]
2020/10/30 12:05:39:152

Connecting Started...

<<<----  [OUT]
2020/10/30 12:05:41:221

I can't connect with the passive [192.168.100.113/5000] error_code:10061 !

<<<----  [OUT]
2020/10/30 12:05:43:699

Connecting Started...

<<<----  [OUT]
2020/10/30 12:05:45:760

I can't connect with the passive [192.168.100.113/5000] error_code:10061 !

<<<----  [OUT]
2020/10/30 12:05:48:246

Connecting Started...

<<<----  [OUT]
2020/10/30 12:05:50:313

I can't connect with the passive [192.168.100.113/5000] error_code:10061 !

<<<----  [OUT]
2020/10/30 12:05:52:793

Connecting Started...

<<<----  [OUT]
2020/10/30 12:05:54:854

I can't connect with the passive [192.168.100.113/5000] error_code:10061 !

<<<----  [OUT]
2020/10/30 12:05:57:339

Connecting Started...

<<<----  [OUT]
2020/10/30 12:05:59:400

I can't connect with the passive [192.168.100.113/5000] error_code:10061 !

<<<----  [OUT]
2020/10/30 12:06:01:886

Connecting Started...

<<<----  [OUT]
2020/10/30 12:06:03:943

I can't connect with the passive [192.168.100.113/5000] error_code:10061 !

<<<----  [OUT]
2020/10/30 12:06:06:433

Connecting Started...

<<<----  [OUT]
2020/10/30 12:06:08:484

I can't connect with the passive [192.168.100.113/5000] error_code:10061 !

<<<----  [OUT]
2020/10/30 12:06:10:963

Connecting Started...

<<<----  [OUT]
2020/10/30 12:06:13:031

I can't connect with the passive [192.168.100.113/5000] error_code:10061 !

<<<----  [OUT]
2020/10/30 12:06:15:511

Connecting Started...

<<<----  [OUT]
2020/10/30 12:06:17:576

I can't connect with the passive [192.168.100.113/5000] error_code:10061 !

<<<----  [OUT]
2020/10/30 12:06:20:058

Connecting Started...

<<<----  [OUT]
2020/10/30 12:06:22:109

I can't connect with the passive [192.168.100.113/5000] error_code:10061 !

<<<----  [OUT]
2020/10/30 12:06:24:590

Connecting Started...

<<<----  [OUT]
2020/10/30 12:06:26:635

I can't connect with the passive [192.168.100.113/5000] error_code:10061 !

<<<----  [OUT]
2020/10/30 12:06:29:120

Connecting Started...

<<<----  [OUT]
2020/10/30 12:06:31:149

I can't connect with the passive [192.168.100.113/5000] error_code:10061 !

<<<----  [OUT]
2020/10/30 12:06:33:637

Connecting Started...

<<<----  [OUT]
2020/10/30 12:06:35:702

I can't connect with the passive [192.168.100.113/5000] error_code:10061 !

<<<----  [OUT]
2020/10/30 12:06:38:182

Connecting Started...

<<<----  [OUT]
2020/10/30 12:06:40:232

I can't connect with the passive [192.168.100.113/5000] error_code:10061 !

<<<----  [OUT]
2020/10/30 12:06:42:713

Connecting Started...

<<<----  [OUT]
2020/10/30 12:06:44:721

I can't connect with the passive [192.168.100.113/5000] error_code:10061 !

<<<----  [OUT]
2020/10/30 12:06:47:198

Connecting Started...

<<<----  [OUT]
2020/10/30 12:06:49:220

I can't connect with the passive [192.168.100.113/5000] error_code:10061 !

<<<----  [OUT]
2020/10/30 12:06:51:698

Connecting Started...

<<<----  [OUT]
2020/10/30 12:06:53:732

I can't connect with the passive [192.168.100.113/5000] error_code:10061 !

<<<----  [OUT]
2020/10/30 12:06:56:214

Connecting Started...

<<<----  [OUT]
2020/10/30 12:06:58:284

I can't connect with the passive [192.168.100.113/5000] error_code:10061 !

<<<----  [OUT]
2020/10/30 12:07:00:760

Connecting Started...

<<<----  [OUT]
2020/10/30 12:07:02:819

I can't connect with the passive [192.168.100.113/5000] error_code:10061 !

<<<----  [OUT]
2020/10/30 12:07:05:308

Connecting Started...

<<<----  [OUT]
2020/10/30 12:07:07:357

I can't connect with the passive [192.168.100.113/5000] error_code:10061 !

<<<----  [OUT]
2020/10/30 12:07:09:840

Connecting Started...

<<<----  [OUT]
2020/10/30 12:07:11:896

I can't connect with the passive [192.168.100.113/5000] error_code:10061 !

<<<----  [OUT]
2020/10/30 12:07:14:387

Connecting Started...

<<<----  [OUT]
2020/10/30 12:07:16:450

I can't connect with the passive [192.168.100.113/5000] error_code:10061 !

<<<----  [OUT]
2020/10/30 12:07:18:934

Connecting Started...

<<<----  [OUT]
2020/10/30 12:07:21:004

I can't connect with the passive [192.168.100.113/5000] error_code:10061 !

<<<----  [OUT]
2020/10/30 12:07:23:495

Connecting Started...

<<<----  [OUT]
2020/10/30 12:07:25:551

I can't connect with the passive [192.168.100.113/5000] error_code:10061 !

<<<----  [OUT]
2020/10/30 12:07:28:043

Connecting Started...

<<<----  [OUT]
2020/10/30 12:07:30:110

I can't connect with the passive [192.168.100.113/5000] error_code:10061 !

<<<----  [OUT]
2020/10/30 12:07:32:589

Connecting Started...

<<<----  [OUT]
2020/10/30 12:07:34:646

I can't connect with the passive [192.168.100.113/5000] error_code:10061 !

<<<----  [OUT]
2020/10/30 12:07:37:137

Connecting Started...

<<<----  [OUT]
2020/10/30 12:07:39:201

I can't connect with the passive [192.168.100.113/5000] error_code:10061 !

<<<----  [OUT]
2020/10/30 12:07:41:684

Connecting Started...

<<<----  [OUT]
2020/10/30 12:07:43:727

I can't connect with the passive [192.168.100.113/5000] error_code:10061 !

<<<----  [OUT]
2020/10/30 12:07:46:214

Connecting Started...

<<<----  [OUT]
2020/10/30 12:07:48:271

I can't connect with the passive [192.168.100.113/5000] error_code:10061 !

<<<----  [OUT]
2020/10/30 12:07:50:761

Connecting Started...

<<<----  [OUT]
2020/10/30 12:07:52:805

I can't connect with the passive [192.168.100.113/5000] error_code:10061 !

<<<----  [OUT]
2020/10/30 12:07:55:292

Connecting Started...

<<<----  [OUT]
2020/10/30 12:07:57:349

I can't connect with the passive [192.168.100.113/5000] error_code:10061 !

<<<----  [OUT]
2020/10/30 12:07:59:840

Connecting Started...

<<<----  [OUT]
2020/10/30 12:08:01:906

I can't connect with the passive [192.168.100.113/5000] error_code:10061 !

<<<----  [OUT]
2020/10/30 12:16:00:139

---------------------------------------------------------------------
// FA : Start Log ...


<<<----  [OUT]
2020/10/30 12:16:00:143

//-------------------------------------------------------------
Property Information

   Driver Type [HSMS]
   Driver Mode [ACTIVE]
   IP    [192.168.100.113]
   Port  [5000]
//-------------------------------------------------------------


<<<----  [OUT]
2020/10/30 12:16:00:744

Auto-Start Started ... (Active)

<<<----  [OUT]
2020/10/30 12:16:00:835

Auto-Start Started ...  Waiting Stop-Connection.

<<<----  [OUT]
2020/10/30 12:16:00:835

Auto-Start Started ...  Waiting Open-Socket.

<<<----  [OUT]
2020/10/30 12:16:00:858

Socket Open Started...

<<<----  [OUT]
2020/10/30 12:16:00:858

Socket Open Completed...

<<<----  [OUT]
2020/10/30 12:16:00:858

Connecting Started...

<<<----  [OUT]
2020/10/30 12:16:00:926

Auto-Start Completed ...  (Active)

<<<----  [OUT]
2020/10/30 12:16:03:521

I can't connect with the passive [192.168.100.113/5000] error_code:10061 !

<<<----  [OUT]
2020/10/30 12:16:06:010

Connecting Started...

<<<----  [OUT]
2020/10/30 12:16:08:323

I can't connect with the passive [192.168.100.113/5000] error_code:10061 !

<<<----  [OUT]
2020/10/30 12:16:10:808

Connecting Started...

<<<----  [OUT]
2020/10/30 12:16:12:862

I can't connect with the passive [192.168.100.113/5000] error_code:10061 !

<<<----  [OUT]
2020/10/30 12:16:15:339

Connecting Started...

<<<----  [OUT]
2020/10/30 12:16:17:388

I can't connect with the passive [192.168.100.113/5000] error_code:10061 !

<<<----  [OUT]
2020/10/30 12:16:19:871

Connecting Started...

<<<----  [OUT]
2020/10/30 12:16:21:922

I can't connect with the passive [192.168.100.113/5000] error_code:10061 !

<<<----  [OUT]
2020/10/30 12:16:24:402

Connecting Started...

<<<----  [OUT]
2020/10/30 12:16:26:442

I can't connect with the passive [192.168.100.113/5000] error_code:10061 !

<<<----  [OUT]
2020/10/30 12:16:28:933

Connecting Started...

<<<----  [OUT]
2020/10/30 12:16:30:971

I can't connect with the passive [192.168.100.113/5000] error_code:10061 !

<<<----  [OUT]
2020/10/30 12:16:33:449

Connecting Started...

<<<----  [OUT]
2020/10/30 12:16:35:503

I can't connect with the passive [192.168.100.113/5000] error_code:10061 !

<<<----  [OUT]
2020/10/30 12:16:37:981

Connecting Started...

<<<----  [OUT]
2020/10/30 12:16:40:053

I can't connect with the passive [192.168.100.113/5000] error_code:10061 !

<<<----  [OUT]
2020/10/30 12:16:42:542

Connecting Started...

<<<----  [OUT]
2020/10/30 12:16:44:590

I can't connect with the passive [192.168.100.113/5000] error_code:10061 !

<<<----  [OUT]
2020/10/30 12:16:47:074

Connecting Started...

<<<----  [OUT]
2020/10/30 12:16:49:132

I can't connect with the passive [192.168.100.113/5000] error_code:10061 !

<<<----  [OUT]
2020/10/30 12:16:51:621

Connecting Started...

<<<----  [OUT]
2020/10/30 12:16:53:670

I can't connect with the passive [192.168.100.113/5000] error_code:10061 !

<<<----  [OUT]
2020/10/30 12:16:56:152

Connecting Started...

<<<----  [OUT]
2020/10/30 12:16:58:201

I can't connect with the passive [192.168.100.113/5000] error_code:10061 !

<<<----  [OUT]
2020/10/30 12:17:00:682

Connecting Started...

<<<----  [OUT]
2020/10/30 12:17:02:741

I can't connect with the passive [192.168.100.113/5000] error_code:10061 !

<<<----  [OUT]
2020/10/30 12:17:05:230

Connecting Started...

<<<----  [OUT]
2020/10/30 12:17:07:271

I can't connect with the passive [192.168.100.113/5000] error_code:10061 !

<<<----  [OUT]
2020/10/30 12:17:09:761

Connecting Started...

<<<----  [OUT]
2020/10/30 12:17:11:837

I can't connect with the passive [192.168.100.113/5000] error_code:10061 !

<<<----  [OUT]
2020/10/30 12:17:14:324

Connecting Started...

<<<----  [OUT]
2020/10/30 12:17:16:379

I can't connect with the passive [192.168.100.113/5000] error_code:10061 !

<<<----  [OUT]
2020/10/30 12:17:18:871

Connecting Started...

<<<----  [OUT]
2020/10/30 12:17:20:924

I can't connect with the passive [192.168.100.113/5000] error_code:10061 !

<<<----  [OUT]
2020/10/30 12:17:23:402

Connecting Started...

<<<----  [OUT]
2020/10/30 12:17:25:472

I can't connect with the passive [192.168.100.113/5000] error_code:10061 !

<<<----  [OUT]
2020/10/30 12:17:27:949

Connecting Started...

<<<----  [OUT]
2020/10/30 12:17:29:995

I can't connect with the passive [192.168.100.113/5000] error_code:10061 !

<<<----  [OUT]
2020/10/30 12:17:32:479

Connecting Started...

<<<----  [OUT]
2020/10/30 12:17:34:522

I can't connect with the passive [192.168.100.113/5000] error_code:10061 !

<<<----  [OUT]
2020/10/30 12:17:37:012

Connecting Started...

<<<----  [OUT]
2020/10/30 12:17:39:054

I can't connect with the passive [192.168.100.113/5000] error_code:10061 !

<<<----  [OUT]
2020/10/30 12:17:41:542

Connecting Started...

<<<----  [OUT]
2020/10/30 12:17:43:601

I can't connect with the passive [192.168.100.113/5000] error_code:10061 !

<<<----  [OUT]
2020/10/30 12:17:46:089

Connecting Started...

<<<----  [OUT]
2020/10/30 12:17:48:142

I can't connect with the passive [192.168.100.113/5000] error_code:10061 !

<<<----  [OUT]
2020/10/30 12:17:50:620

Connecting Started...

<<<----  [OUT]
2020/10/30 12:17:52:663

I can't connect with the passive [192.168.100.113/5000] error_code:10061 !

<<<----  [OUT]
2020/10/30 12:17:55:152

Connecting Started...

<<<----  [OUT]
2020/10/30 12:17:57:211

I can't connect with the passive [192.168.100.113/5000] error_code:10061 !

<<<----  [OUT]
2020/10/30 12:17:59:698

Connecting Started...

<<<----  [OUT]
2020/10/30 12:18:01:767

I can't connect with the passive [192.168.100.113/5000] error_code:10061 !

<<<----  [OUT]
2020/10/30 12:18:04:244

Connecting Started...

<<<----  [OUT]
2020/10/30 12:18:06:275

I can't connect with the passive [192.168.100.113/5000] error_code:10061 !

<<<----  [OUT]
2020/10/30 12:18:08:760

Connecting Started...

<<<----  [OUT]
2020/10/30 12:18:10:807

I can't connect with the passive [192.168.100.113/5000] error_code:10061 !

<<<----  [OUT]
2020/10/30 12:18:13:292

Connecting Started...

<<<----  [OUT]
2020/10/30 12:18:15:357

I can't connect with the passive [192.168.100.113/5000] error_code:10061 !

<<<----  [OUT]
2020/10/30 12:18:17:839

Connecting Started...

<<<----  [OUT]
2020/10/30 12:18:19:880

I can't connect with the passive [192.168.100.113/5000] error_code:10061 !

<<<----  [OUT]
2020/10/30 12:18:22:371

Connecting Started...

<<<----  [OUT]
2020/10/30 12:18:24:424

I can't connect with the passive [192.168.100.113/5000] error_code:10061 !

<<<----  [OUT]
2020/10/30 12:18:26:902

Connecting Started...

<<<----  [OUT]
2020/10/30 12:18:28:933

I can't connect with the passive [192.168.100.113/5000] error_code:10061 !

<<<----  [OUT]
2020/10/30 12:18:31:417

Connecting Started...

<<<----  [OUT]
2020/10/30 12:18:33:471

I can't connect with the passive [192.168.100.113/5000] error_code:10061 !

<<<----  [OUT]
2020/10/30 12:18:35:948

Connecting Started...

<<<----  [OUT]
2020/10/30 12:18:37:983

I can't connect with the passive [192.168.100.113/5000] error_code:10061 !

<<<----  [OUT]
2020/10/30 12:18:40:465

Connecting Started...

<<<----  [OUT]
2020/10/30 12:18:42:515

I can't connect with the passive [192.168.100.113/5000] error_code:10061 !

<<<----  [OUT]
2020/10/30 12:18:44:996

Connecting Started...

<<<----  [OUT]
2020/10/30 12:18:47:045

I can't connect with the passive [192.168.100.113/5000] error_code:10061 !

<<<----  [OUT]
2020/10/30 12:18:49:528

Connecting Started...

<<<----  [OUT]
2020/10/30 12:18:51:566

I can't connect with the passive [192.168.100.113/5000] error_code:10061 !

<<<----  [OUT]
2020/10/30 12:18:54:041

Connecting Started...

<<<----  [OUT]
2020/10/30 12:18:56:088

I can't connect with the passive [192.168.100.113/5000] error_code:10061 !

<<<----  [OUT]
2020/10/30 12:18:58:573

Connecting Started...

<<<----  [OUT]
2020/10/30 12:19:00:625

I can't connect with the passive [192.168.100.113/5000] error_code:10061 !

<<<----  [OUT]
2020/10/30 12:19:03:104

Connecting Started...

<<<----  [OUT]
2020/10/30 12:19:05:139

I can't connect with the passive [192.168.100.113/5000] error_code:10061 !

<<<----  [OUT]
2020/10/30 12:19:07:620

Connecting Started...

<<<----  [OUT]
2020/10/30 12:19:09:660

I can't connect with the passive [192.168.100.113/5000] error_code:10061 !

<<<----  [OUT]
2020/10/30 12:19:12:137

Connecting Started...

<<<----  [OUT]
2020/10/30 12:19:14:193

I can't connect with the passive [192.168.100.113/5000] error_code:10061 !

<<<----  [OUT]
2020/10/30 12:19:16:684

Connecting Started...

<<<----  [OUT]
2020/10/30 12:19:18:740

I can't connect with the passive [192.168.100.113/5000] error_code:10061 !

<<<----  [OUT]
2020/10/30 12:19:21:231

Connecting Started...

<<<----  [OUT]
2020/10/30 12:19:23:276

I can't connect with the passive [192.168.100.113/5000] error_code:10061 !

<<<----  [OUT]
2020/10/30 12:19:25:762

Connecting Started...

<<<----  [OUT]
2020/10/30 12:19:27:826

I can't connect with the passive [192.168.100.113/5000] error_code:10061 !

<<<----  [OUT]
2020/10/30 12:19:30:309

Connecting Started...

<<<----  [OUT]
2020/10/30 12:19:32:373

I can't connect with the passive [192.168.100.113/5000] error_code:10061 !

<<<----  [OUT]
2020/10/30 12:19:34:855

Connecting Started...

<<<----  [OUT]
2020/10/30 12:19:36:905

I can't connect with the passive [192.168.100.113/5000] error_code:10061 !

<<<----  [OUT]
2020/10/30 12:19:39:385

Connecting Started...

<<<----  [OUT]
2020/10/30 12:19:41:453

I can't connect with the passive [192.168.100.113/5000] error_code:10061 !

<<<----  [OUT]
2020/10/30 12:19:43:933

Connecting Started...

<<<----  [OUT]
2020/10/30 12:19:45:980

I can't connect with the passive [192.168.100.113/5000] error_code:10061 !

<<<----  [OUT]
2020/10/30 12:19:48:464

Connecting Started...

<<<----  [OUT]
2020/10/30 12:19:50:513

I can't connect with the passive [192.168.100.113/5000] error_code:10061 !

<<<----  [OUT]
2020/10/30 12:19:52:995

Connecting Started...

<<<----  [OUT]
2020/10/30 12:19:55:042

I can't connect with the passive [192.168.100.113/5000] error_code:10061 !

<<<----  [OUT]
2020/10/30 12:19:57:526

Connecting Started...

<<<----  [OUT]
2020/10/30 12:19:59:581

I can't connect with the passive [192.168.100.113/5000] error_code:10061 !

<<<----  [OUT]
2020/10/30 12:20:02:059

Connecting Started...

<<<----  [OUT]
2020/10/30 12:20:04:118

I can't connect with the passive [192.168.100.113/5000] error_code:10061 !

<<<----  [OUT]
2020/10/30 12:20:06:606

Connecting Started...

<<<----  [OUT]
2020/10/30 12:20:08:652

I can't connect with the passive [192.168.100.113/5000] error_code:10061 !

<<<----  [OUT]
2020/10/30 12:20:11:135

Connecting Started...

<<<----  [OUT]
2020/10/30 12:20:13:186

I can't connect with the passive [192.168.100.113/5000] error_code:10061 !

<<<----  [OUT]
2020/10/30 12:20:15:668

Connecting Started...

<<<----  [OUT]
2020/10/30 12:20:17:726

I can't connect with the passive [192.168.100.113/5000] error_code:10061 !

<<<----  [OUT]
2020/10/30 12:20:20:214

Connecting Started...

<<<----  [OUT]
2020/10/30 12:20:22:254

I can't connect with the passive [192.168.100.113/5000] error_code:10061 !

<<<----  [OUT]
2020/10/30 12:20:24:729

Connecting Started...

<<<----  [OUT]
2020/10/30 12:20:26:778

I can't connect with the passive [192.168.100.113/5000] error_code:10061 !

<<<----  [OUT]
2020/10/30 12:20:29:262

Connecting Started...

<<<----  [OUT]
2020/10/30 12:20:31:310

I can't connect with the passive [192.168.100.113/5000] error_code:10061 !

<<<----  [OUT]
2020/10/30 12:20:33:792

Connecting Started...

<<<----  [OUT]
2020/10/30 12:20:35:849

I can't connect with the passive [192.168.100.113/5000] error_code:10061 !

<<<----  [OUT]
2020/10/30 12:20:38:339

Connecting Started...

<<<----  [OUT]
2020/10/30 12:20:40:396

I can't connect with the passive [192.168.100.113/5000] error_code:10061 !

<<<----  [OUT]
2020/10/30 12:20:42:885

Connecting Started...

<<<----  [OUT]
2020/10/30 12:20:44:935

I can't connect with the passive [192.168.100.113/5000] error_code:10061 !

<<<----  [OUT]
2020/10/30 12:20:47:417

Connecting Started...

<<<----  [OUT]
2020/10/30 12:20:49:478

I can't connect with the passive [192.168.100.113/5000] error_code:10061 !

<<<----  [OUT]
2020/10/30 12:20:51:963

Connecting Started...

<<<----  [OUT]
2020/10/30 12:20:54:009

I can't connect with the passive [192.168.100.113/5000] error_code:10061 !

<<<----  [OUT]
2020/10/30 12:20:56:496

Connecting Started...

<<<----  [OUT]
2020/10/30 12:20:58:551

I can't connect with the passive [192.168.100.113/5000] error_code:10061 !

<<<----  [OUT]
2020/10/30 12:21:01:027

Connecting Started...

<<<----  [OUT]
2020/10/30 12:21:03:085

I can't connect with the passive [192.168.100.113/5000] error_code:10061 !

<<<----  [OUT]
2020/10/30 12:21:05:573

Connecting Started...

<<<----  [OUT]
2020/10/30 12:21:07:611

I can't connect with the passive [192.168.100.113/5000] error_code:10061 !

<<<----  [OUT]
2020/10/30 12:21:10:089

Connecting Started...

<<<----  [OUT]
2020/10/30 12:21:12:140

I can't connect with the passive [192.168.100.113/5000] error_code:10061 !

<<<----  [OUT]
2020/10/30 12:21:14:621

Connecting Started...

<<<----  [OUT]
2020/10/30 12:21:16:680

I can't connect with the passive [192.168.100.113/5000] error_code:10061 !

<<<----  [OUT]
2020/10/30 12:21:19:167

Connecting Started...

<<<----  [OUT]
2020/10/30 12:21:21:221

I can't connect with the passive [192.168.100.113/5000] error_code:10061 !

<<<----  [OUT]
2020/10/30 12:21:23:698

Connecting Started...

<<<----  [OUT]
2020/10/30 12:21:25:748

I can't connect with the passive [192.168.100.113/5000] error_code:10061 !

<<<----  [OUT]
2020/10/30 12:21:28:229

Connecting Started...

<<<----  [OUT]
2020/10/30 12:21:30:281

I can't connect with the passive [192.168.100.113/5000] error_code:10061 !

<<<----  [OUT]
2020/10/30 12:21:32:760

Connecting Started...

<<<----  [OUT]
2020/10/30 12:21:34:793

I can't connect with the passive [192.168.100.113/5000] error_code:10061 !

<<<----  [OUT]
2020/10/30 12:21:37:277

Connecting Started...

<<<----  [OUT]
2020/10/30 12:21:39:330

I can't connect with the passive [192.168.100.113/5000] error_code:10061 !

<<<----  [OUT]
2020/10/30 12:21:41:809

Connecting Started...

<<<----  [OUT]
2020/10/30 12:21:43:867

I can't connect with the passive [192.168.100.113/5000] error_code:10061 !

<<<----  [OUT]
2020/10/30 12:21:46:355

Connecting Started...

<<<----  [OUT]
2020/10/30 12:21:48:418

I can't connect with the passive [192.168.100.113/5000] error_code:10061 !

<<<----  [OUT]
2020/10/30 12:21:50:902

Connecting Started...

<<<----  [OUT]
2020/10/30 12:21:52:950

I can't connect with the passive [192.168.100.113/5000] error_code:10061 !

<<<----  [OUT]
2020/10/30 12:21:55:434

Connecting Started...

<<<----  [OUT]
2020/10/30 12:21:57:486

I can't connect with the passive [192.168.100.113/5000] error_code:10061 !

<<<----  [OUT]
2020/10/30 12:21:59:964

Connecting Started...

<<<----  [OUT]
2020/10/30 12:22:02:017

I can't connect with the passive [192.168.100.113/5000] error_code:10061 !

<<<----  [OUT]
2020/10/30 12:22:04:496

Connecting Started...

<<<----  [OUT]
2020/10/30 12:22:06:550

I can't connect with the passive [192.168.100.113/5000] error_code:10061 !

<<<----  [OUT]
2020/10/30 12:22:09:026

Connecting Started...

<<<----  [OUT]
2020/10/30 12:22:11:076

I can't connect with the passive [192.168.100.113/5000] error_code:10061 !

<<<----  [OUT]
2020/10/30 12:22:13:558

Connecting Started...

<<<----  [OUT]
2020/10/30 12:22:15:624

I can't connect with the passive [192.168.100.113/5000] error_code:10061 !

<<<----  [OUT]
2020/10/30 12:22:18:104

Connecting Started...

<<<----  [OUT]
2020/10/30 12:22:20:156

I can't connect with the passive [192.168.100.113/5000] error_code:10061 !

<<<----  [OUT]
2020/10/30 12:22:22:637

Connecting Started...

<<<----  [OUT]
2020/10/30 12:22:24:689

I can't connect with the passive [192.168.100.113/5000] error_code:10061 !

<<<----  [OUT]
2020/10/30 12:22:27:168

Connecting Started...

<<<----  [OUT]
2020/10/30 12:22:29:211

I can't connect with the passive [192.168.100.113/5000] error_code:10061 !

<<<----  [OUT]
2020/10/30 12:22:31:699

Connecting Started...

<<<----  [OUT]
2020/10/30 12:22:33:751

I can't connect with the passive [192.168.100.113/5000] error_code:10061 !

<<<----  [OUT]
2020/10/30 12:22:36:230

Connecting Started...

<<<----  [OUT]
2020/10/30 12:22:38:264

I can't connect with the passive [192.168.100.113/5000] error_code:10061 !

<<<----  [OUT]
2020/10/30 12:22:40:746

Connecting Started...

<<<----  [OUT]
2020/10/30 12:22:42:803

I can't connect with the passive [192.168.100.113/5000] error_code:10061 !

<<<----  [OUT]
2020/10/30 12:22:45:292

Connecting Started...

<<<----  [OUT]
2020/10/30 12:22:47:354

I can't connect with the passive [192.168.100.113/5000] error_code:10061 !

<<<----  [OUT]
2020/10/30 12:22:49:839

Connecting Started...

<<<----  [OUT]
2020/10/30 12:22:51:895

I can't connect with the passive [192.168.100.113/5000] error_code:10061 !

<<<----  [OUT]
2020/10/30 12:22:54:386

Connecting Started...

<<<----  [OUT]
2020/10/30 12:22:56:454

I can't connect with the passive [192.168.100.113/5000] error_code:10061 !

<<<----  [OUT]
2020/10/30 12:22:58:933

Connecting Started...

<<<----  [OUT]
2020/10/30 12:23:01:003

I can't connect with the passive [192.168.100.113/5000] error_code:10061 !

<<<----  [OUT]
2020/10/30 12:23:03:480

Connecting Started...

<<<----  [OUT]
2020/10/30 12:23:05:545

I can't connect with the passive [192.168.100.113/5000] error_code:10061 !

<<<----  [OUT]
2020/10/30 12:23:08:027

Connecting Started...

<<<----  [OUT]
2020/10/30 12:23:10:075

I can't connect with the passive [192.168.100.113/5000] error_code:10061 !

<<<----  [OUT]
2020/10/30 12:23:12:557

Connecting Started...

<<<----  [OUT]
2020/10/30 12:23:14:619

I can't connect with the passive [192.168.100.113/5000] error_code:10061 !

<<<----  [OUT]
2020/10/30 12:23:17:104

Connecting Started...

<<<----  [OUT]
2020/10/30 12:23:19:159

I can't connect with the passive [192.168.100.113/5000] error_code:10061 !

<<<----  [OUT]
2020/10/30 12:23:21:635

Connecting Started...

<<<----  [OUT]
2020/10/30 12:23:23:663

I can't connect with the passive [192.168.100.113/5000] error_code:10061 !

<<<----  [OUT]
2020/10/30 12:23:26:152

Connecting Started...

<<<----  [OUT]
2020/10/30 12:23:28:230

I can't connect with the passive [192.168.100.113/5000] error_code:10061 !

<<<----  [OUT]
2020/10/30 12:23:30:714

Connecting Started...

<<<----  [OUT]
2020/10/30 12:23:32:768

I can't connect with the passive [192.168.100.113/5000] error_code:10061 !

<<<----  [OUT]
2020/10/30 12:23:35:245

Connecting Started...

<<<----  [OUT]
2020/10/30 12:23:37:303

I can't connect with the passive [192.168.100.113/5000] error_code:10061 !

<<<----  [OUT]
2020/10/30 12:23:39:793

Connecting Started...

<<<----  [OUT]
2020/10/30 12:23:41:849

I can't connect with the passive [192.168.100.113/5000] error_code:10061 !

<<<----  [OUT]
2020/10/30 12:23:44:339

Connecting Started...

<<<----  [OUT]
2020/10/30 12:23:46:390

I can't connect with the passive [192.168.100.113/5000] error_code:10061 !

<<<----  [OUT]
2020/10/30 12:23:48:870

Connecting Started...

<<<----  [OUT]
2020/10/30 12:23:50:934

I can't connect with the passive [192.168.100.113/5000] error_code:10061 !

<<<----  [OUT]
2020/10/30 12:23:53:417

Connecting Started...

<<<----  [OUT]
2020/10/30 12:23:55:472

I can't connect with the passive [192.168.100.113/5000] error_code:10061 !

<<<----  [OUT]
2020/10/30 12:23:57:948

Connecting Started...

<<<----  [OUT]
2020/10/30 12:24:00:017

I can't connect with the passive [192.168.100.113/5000] error_code:10061 !

<<<----  [OUT]
2020/10/30 12:24:02:495

Connecting Started...

<<<----  [OUT]
2020/10/30 12:24:04:553

I can't connect with the passive [192.168.100.113/5000] error_code:10061 !

<<<----  [OUT]
2020/10/30 12:24:07:042

Connecting Started...

<<<----  [OUT]
2020/10/30 12:24:09:098

I can't connect with the passive [192.168.100.113/5000] error_code:10061 !

<<<----  [OUT]
2020/10/30 12:24:11:590

Connecting Started...

<<<----  [OUT]
2020/10/30 12:24:13:654

I can't connect with the passive [192.168.100.113/5000] error_code:10061 !

<<<----  [OUT]
2020/10/30 12:24:16:136

Connecting Started...

<<<----  [OUT]
2020/10/30 12:24:18:192

I can't connect with the passive [192.168.100.113/5000] error_code:10061 !

<<<----  [OUT]
2020/10/30 12:24:20:683

Connecting Started...

<<<----  [OUT]
2020/10/30 12:24:22:734

I can't connect with the passive [192.168.100.113/5000] error_code:10061 !

<<<----  [OUT]
2020/10/30 12:24:25:215

Connecting Started...

<<<----  [OUT]
2020/10/30 12:24:27:265

I can't connect with the passive [192.168.100.113/5000] error_code:10061 !

<<<----  [OUT]
2020/10/30 12:24:29:746

Connecting Started...

<<<----  [OUT]
2020/10/30 12:24:31:780

I can't connect with the passive [192.168.100.113/5000] error_code:10061 !

<<<----  [OUT]
2020/10/30 12:24:34:261

Connecting Started...

<<<----  [OUT]
2020/10/30 12:24:36:318

I can't connect with the passive [192.168.100.113/5000] error_code:10061 !

<<<----  [OUT]
2020/10/30 12:24:38:808

Connecting Started...

<<<----  [OUT]
2020/10/30 12:24:40:880

I can't connect with the passive [192.168.100.113/5000] error_code:10061 !

<<<----  [OUT]
2020/10/30 12:24:43:371

Connecting Started...

<<<----  [OUT]
2020/10/30 12:24:45:441

I can't connect with the passive [192.168.100.113/5000] error_code:10061 !

<<<----  [OUT]
2020/10/30 12:24:47:917

Connecting Started...

<<<----  [OUT]
2020/10/30 12:24:49:978

I can't connect with the passive [192.168.100.113/5000] error_code:10061 !

<<<----  [OUT]
2020/10/30 12:24:52:463

Connecting Started...

<<<----  [OUT]
2020/10/30 12:24:54:534

I can't connect with the passive [192.168.100.113/5000] error_code:10061 !

<<<----  [OUT]
2020/10/30 12:24:57:011

Connecting Started...

<<<----  [OUT]
2020/10/30 12:24:59:049

I can't connect with the passive [192.168.100.113/5000] error_code:10061 !

<<<----  [OUT]
2020/10/30 12:25:01:526

Connecting Started...

<<<----  [OUT]
2020/10/30 12:25:03:580

I can't connect with the passive [192.168.100.113/5000] error_code:10061 !

<<<----  [OUT]
2020/10/30 12:25:06:058

Connecting Started...

<<<----  [OUT]
2020/10/30 12:25:08:089

I can't connect with the passive [192.168.100.113/5000] error_code:10061 !

<<<----  [OUT]
2020/10/30 12:25:10:574

Connecting Started...

<<<----  [OUT]
2020/10/30 12:25:12:616

I can't connect with the passive [192.168.100.113/5000] error_code:10061 !

<<<----  [OUT]
2020/10/30 12:25:15:106

Connecting Started...

<<<----  [OUT]
2020/10/30 12:25:17:158

I can't connect with the passive [192.168.100.113/5000] error_code:10061 !

<<<----  [OUT]
2020/10/30 12:25:19:636

Connecting Started...

<<<----  [OUT]
2020/10/30 12:25:21:676

I can't connect with the passive [192.168.100.113/5000] error_code:10061 !

<<<----  [OUT]
2020/10/30 12:25:24:168

Connecting Started...

<<<----  [OUT]
2020/10/30 12:25:26:200

I can't connect with the passive [192.168.100.113/5000] error_code:10061 !

<<<----  [OUT]
2020/10/30 12:25:28:682

Connecting Started...

<<<----  [OUT]
2020/10/30 12:25:30:712

I can't connect with the passive [192.168.100.113/5000] error_code:10061 !

<<<----  [OUT]
2020/10/30 12:25:33:199

Connecting Started...

<<<----  [OUT]
2020/10/30 12:25:35:247

I can't connect with the passive [192.168.100.113/5000] error_code:10061 !

<<<----  [OUT]
2020/10/30 12:25:37:730

Connecting Started...

<<<----  [OUT]
2020/10/30 12:25:39:784

I can't connect with the passive [192.168.100.113/5000] error_code:10061 !

<<<----  [OUT]
2020/10/30 12:25:42:260

Connecting Started...

<<<----  [OUT]
2020/10/30 12:25:44:304

I can't connect with the passive [192.168.100.113/5000] error_code:10061 !

<<<----  [OUT]
2020/10/30 12:25:46:793

Connecting Started...

<<<----  [OUT]
2020/10/30 12:25:48:846

I can't connect with the passive [192.168.100.113/5000] error_code:10061 !

<<<----  [OUT]
2020/10/30 12:25:51:323

Connecting Started...

<<<----  [OUT]
2020/10/30 12:25:53:367

I can't connect with the passive [192.168.100.113/5000] error_code:10061 !

<<<----  [OUT]
2020/10/30 12:25:55:855

Connecting Started...

<<<----  [OUT]
2020/10/30 12:25:57:908

I can't connect with the passive [192.168.100.113/5000] error_code:10061 !

<<<----  [OUT]
2020/10/30 12:26:00:386

Connecting Started...

<<<----  [OUT]
2020/10/30 12:26:02:412

I can't connect with the passive [192.168.100.113/5000] error_code:10061 !

<<<----  [OUT]
2020/10/30 12:26:04:903

Connecting Started...

<<<----  [OUT]
2020/10/30 12:26:06:946

I can't connect with the passive [192.168.100.113/5000] error_code:10061 !

<<<----  [OUT]
2020/10/30 12:26:09:434

Connecting Started...

<<<----  [OUT]
2020/10/30 12:26:11:480

I can't connect with the passive [192.168.100.113/5000] error_code:10061 !

<<<----  [OUT]
2020/10/30 12:26:13:964

Connecting Started...

<<<----  [OUT]
2020/10/30 12:26:16:004

I can't connect with the passive [192.168.100.113/5000] error_code:10061 !

<<<----  [OUT]
2020/10/30 12:26:18:495

Connecting Started...

<<<----  [OUT]
2020/10/30 12:26:20:550

I can't connect with the passive [192.168.100.113/5000] error_code:10061 !

<<<----  [OUT]
2020/10/30 12:26:23:027

Connecting Started...

<<<----  [OUT]
2020/10/30 12:26:25:076

I can't connect with the passive [192.168.100.113/5000] error_code:10061 !

<<<----  [OUT]
2020/10/30 12:26:27:557

Connecting Started...

<<<----  [OUT]
2020/10/30 12:26:29:608

I can't connect with the passive [192.168.100.113/5000] error_code:10061 !

<<<----  [OUT]
2020/10/30 12:26:32:089

Connecting Started...

<<<----  [OUT]
2020/10/30 12:26:34:134

I can't connect with the passive [192.168.100.113/5000] error_code:10061 !

<<<----  [OUT]
2020/10/30 12:26:36:620

Connecting Started...

<<<----  [OUT]
2020/10/30 12:26:38:662

I can't connect with the passive [192.168.100.113/5000] error_code:10061 !

<<<----  [OUT]
2020/10/30 12:26:41:151

Connecting Started...

<<<----  [OUT]
2020/10/30 12:26:43:212

I can't connect with the passive [192.168.100.113/5000] error_code:10061 !

<<<----  [OUT]
2020/10/30 12:26:45:700

Connecting Started...

<<<----  [OUT]
2020/10/30 12:26:47:762

I can't connect with the passive [192.168.100.113/5000] error_code:10061 !

<<<----  [OUT]
2020/10/30 12:26:50:245

Connecting Started...

<<<----  [OUT]
2020/10/30 12:26:52:290

I can't connect with the passive [192.168.100.113/5000] error_code:10061 !

<<<----  [OUT]
2020/10/30 12:26:54:777

Connecting Started...

<<<----  [OUT]
2020/10/30 12:26:56:841

I can't connect with the passive [192.168.100.113/5000] error_code:10061 !

<<<----  [OUT]
2020/10/30 12:26:59:323

Connecting Started...

<<<----  [OUT]
2020/10/30 12:27:01:390

I can't connect with the passive [192.168.100.113/5000] error_code:10061 !

<<<----  [OUT]
2020/10/30 12:27:03:870

Connecting Started...

<<<----  [OUT]
2020/10/30 12:27:05:928

I can't connect with the passive [192.168.100.113/5000] error_code:10061 !

<<<----  [OUT]
2020/10/30 12:27:08:417

Connecting Started...

<<<----  [OUT]
2020/10/30 12:27:10:472

I can't connect with the passive [192.168.100.113/5000] error_code:10061 !

<<<----  [OUT]
2020/10/30 12:27:12:949

Connecting Started...

<<<----  [OUT]
2020/10/30 12:27:15:008

I can't connect with the passive [192.168.100.113/5000] error_code:10061 !

<<<----  [OUT]
2020/10/30 12:27:17:495

Connecting Started...

<<<----  [OUT]
2020/10/30 12:27:19:547

I can't connect with the passive [192.168.100.113/5000] error_code:10061 !

<<<----  [OUT]
2020/10/30 12:27:22:026

Connecting Started...

<<<----  [OUT]
2020/10/30 12:27:24:072

I can't connect with the passive [192.168.100.113/5000] error_code:10061 !

<<<----  [OUT]
2020/10/30 12:27:26:557

Connecting Started...

<<<----  [OUT]
2020/10/30 12:27:28:624

I can't connect with the passive [192.168.100.113/5000] error_code:10061 !

<<<----  [OUT]
2020/10/30 12:27:31:105

Connecting Started...

<<<----  [OUT]
2020/10/30 12:27:33:154

I can't connect with the passive [192.168.100.113/5000] error_code:10061 !

<<<----  [OUT]
2020/10/30 12:27:35:636

Connecting Started...

<<<----  [OUT]
2020/10/30 12:27:37:676

I can't connect with the passive [192.168.100.113/5000] error_code:10061 !

<<<----  [OUT]
2020/10/30 12:27:40:152

Connecting Started...

<<<----  [OUT]
2020/10/30 12:27:42:215

I can't connect with the passive [192.168.100.113/5000] error_code:10061 !

<<<----  [OUT]
2020/10/30 12:27:44:699

Connecting Started...

<<<----  [OUT]
2020/10/30 12:27:46:759

I can't connect with the passive [192.168.100.113/5000] error_code:10061 !

<<<----  [OUT]
2020/10/30 12:27:49:246

Connecting Started...

<<<----  [OUT]
2020/10/30 12:27:51:303

I can't connect with the passive [192.168.100.113/5000] error_code:10061 !

<<<----  [OUT]
2020/10/30 12:27:53:792

Connecting Started...

<<<----  [OUT]
2020/10/30 12:27:55:856

I can't connect with the passive [192.168.100.113/5000] error_code:10061 !

<<<----  [OUT]
2020/10/30 12:27:58:340

Connecting Started...

<<<----  [OUT]
2020/10/30 12:28:00:405

I can't connect with the passive [192.168.100.113/5000] error_code:10061 !

<<<----  [OUT]
2020/10/30 12:28:02:887

Connecting Started...

<<<----  [OUT]
2020/10/30 12:28:04:942

I can't connect with the passive [192.168.100.113/5000] error_code:10061 !

<<<----  [OUT]
2020/10/30 12:28:07:434

Connecting Started...

<<<----  [OUT]
2020/10/30 12:28:09:496

I can't connect with the passive [192.168.100.113/5000] error_code:10061 !

<<<----  [OUT]
2020/10/30 12:28:11:981

Connecting Started...

<<<----  [OUT]
2020/10/30 12:28:14:046

I can't connect with the passive [192.168.100.113/5000] error_code:10061 !

<<<----  [OUT]
2020/10/30 12:28:16:527

Connecting Started...

<<<----  [OUT]
2020/10/30 12:28:18:592

I can't connect with the passive [192.168.100.113/5000] error_code:10061 !

<<<----  [OUT]
2020/10/30 12:28:21:074

Connecting Started...

<<<----  [OUT]
2020/10/30 12:28:23:124

I can't connect with the passive [192.168.100.113/5000] error_code:10061 !

<<<----  [OUT]
2020/10/30 12:28:25:605

Connecting Started...

<<<----  [OUT]
2020/10/30 12:28:27:641

I can't connect with the passive [192.168.100.113/5000] error_code:10061 !

<<<----  [OUT]
2020/10/30 12:28:30:121

Connecting Started...

<<<----  [OUT]
2020/10/30 12:28:32:178

I can't connect with the passive [192.168.100.113/5000] error_code:10061 !

<<<----  [OUT]
2020/10/30 12:28:34:667

Connecting Started...

<<<----  [OUT]
2020/10/30 12:28:36:709

I can't connect with the passive [192.168.100.113/5000] error_code:10061 !

<<<----  [OUT]
2020/10/30 12:28:39:198

Connecting Started...

<<<----  [OUT]
2020/10/30 12:28:41:259

I can't connect with the passive [192.168.100.113/5000] error_code:10061 !

<<<----  [OUT]
2020/10/30 12:28:43:745

Connecting Started...

<<<----  [OUT]
2020/10/30 12:28:45:804

I can't connect with the passive [192.168.100.113/5000] error_code:10061 !

<<<----  [OUT]
2020/10/30 12:28:48:293

Connecting Started...

<<<----  [OUT]
2020/10/30 12:28:50:354

I can't connect with the passive [192.168.100.113/5000] error_code:10061 !

<<<----  [OUT]
2020/10/30 12:28:52:840

Connecting Started...

<<<----  [OUT]
2020/10/30 12:28:54:884

I can't connect with the passive [192.168.100.113/5000] error_code:10061 !

<<<----  [OUT]
2020/10/30 12:28:57:370

Connecting Started...

<<<----  [OUT]
2020/10/30 12:28:59:396

I can't connect with the passive [192.168.100.113/5000] error_code:10061 !

<<<----  [OUT]
2020/10/30 12:29:01:886

Connecting Started...

<<<----  [OUT]
2020/10/30 12:29:03:934

I can't connect with the passive [192.168.100.113/5000] error_code:10061 !

<<<----  [OUT]
2020/10/30 12:29:06:418

Connecting Started...

<<<----  [OUT]
2020/10/30 12:29:08:476

I can't connect with the passive [192.168.100.113/5000] error_code:10061 !

<<<----  [OUT]
2020/10/30 12:29:10:965

Connecting Started...

<<<----  [OUT]
2020/10/30 12:29:13:026

I can't connect with the passive [192.168.100.113/5000] error_code:10061 !

<<<----  [OUT]
2020/10/30 12:29:15:511

Connecting Started...

<<<----  [OUT]
2020/10/30 12:29:17:557

I can't connect with the passive [192.168.100.113/5000] error_code:10061 !

<<<----  [OUT]
2020/10/30 12:29:20:042

Connecting Started...

<<<----  [OUT]
2020/10/30 12:29:22:093

I can't connect with the passive [192.168.100.113/5000] error_code:10061 !

<<<----  [OUT]
2020/10/30 12:29:24:573

Connecting Started...

<<<----  [OUT]
2020/10/30 12:29:26:626

I can't connect with the passive [192.168.100.113/5000] error_code:10061 !

<<<----  [OUT]
2020/10/30 12:29:29:106

Connecting Started...

<<<----  [OUT]
2020/10/30 12:29:31:166

I can't connect with the passive [192.168.100.113/5000] error_code:10061 !

<<<----  [OUT]
2020/10/30 12:29:33:652

Connecting Started...

<<<----  [OUT]
2020/10/30 12:29:35:721

I can't connect with the passive [192.168.100.113/5000] error_code:10061 !

<<<----  [OUT]
2020/10/30 12:29:38:199

Connecting Started...

<<<----  [OUT]
2020/10/30 12:29:40:264

I can't connect with the passive [192.168.100.113/5000] error_code:10061 !

<<<----  [OUT]
2020/10/30 12:29:42:746

Connecting Started...

<<<----  [OUT]
2020/10/30 12:29:44:803

I can't connect with the passive [192.168.100.113/5000] error_code:10061 !

<<<----  [OUT]
2020/10/30 12:29:47:293

Connecting Started...

<<<----  [OUT]
2020/10/30 12:29:49:356

I can't connect with the passive [192.168.100.113/5000] error_code:10061 !

<<<----  [OUT]
2020/10/30 12:29:51:840

Connecting Started...

<<<----  [OUT]
2020/10/30 12:29:53:890

I can't connect with the passive [192.168.100.113/5000] error_code:10061 !

<<<----  [OUT]
2020/10/30 12:29:56:370

Connecting Started...

<<<----  [OUT]
2020/10/30 12:29:58:430

I can't connect with the passive [192.168.100.113/5000] error_code:10061 !

<<<----  [OUT]
2020/10/30 12:30:00:918

Connecting Started...

<<<----  [OUT]
2020/10/30 12:30:02:954

I can't connect with the passive [192.168.100.113/5000] error_code:10061 !

<<<----  [OUT]
2020/10/30 12:30:05:433

Connecting Started...

<<<----  [OUT]
2020/10/30 12:30:07:467

I can't connect with the passive [192.168.100.113/5000] error_code:10061 !

<<<----  [OUT]
2020/10/30 12:30:09:948

Connecting Started...

<<<----  [OUT]
2020/10/30 12:30:11:996

I can't connect with the passive [192.168.100.113/5000] error_code:10061 !

<<<----  [OUT]
2020/10/30 12:30:14:479

Connecting Started...

<<<----  [OUT]
2020/10/30 12:30:16:544

I can't connect with the passive [192.168.100.113/5000] error_code:10061 !

<<<----  [OUT]
2020/10/30 12:30:19:026

Connecting Started...

<<<----  [OUT]
2020/10/30 12:30:21:095

I can't connect with the passive [192.168.100.113/5000] error_code:10061 !

<<<----  [OUT]
2020/10/30 12:30:23:574

Connecting Started...

<<<----  [OUT]
2020/10/30 12:30:25:621

I can't connect with the passive [192.168.100.113/5000] error_code:10061 !

<<<----  [OUT]
2020/10/30 12:30:28:105

Connecting Started...

<<<----  [OUT]
2020/10/30 12:30:30:145

I can't connect with the passive [192.168.100.113/5000] error_code:10061 !

<<<----  [OUT]
2020/10/30 12:30:32:636

Connecting Started...

<<<----  [OUT]
2020/10/30 12:30:34:697

I can't connect with the passive [192.168.100.113/5000] error_code:10061 !

<<<----  [OUT]
2020/10/30 12:30:37:183

Connecting Started...

<<<----  [OUT]
2020/10/30 12:30:39:255

I can't connect with the passive [192.168.100.113/5000] error_code:10061 !

<<<----  [OUT]
2020/10/30 12:30:41:744

Connecting Started...

<<<----  [OUT]
2020/10/30 12:30:43:804

I can't connect with the passive [192.168.100.113/5000] error_code:10061 !

<<<----  [OUT]
2020/10/30 12:30:46:292

Connecting Started...

<<<----  [OUT]
2020/10/30 12:30:48:355

I can't connect with the passive [192.168.100.113/5000] error_code:10061 !

<<<----  [OUT]
2020/10/30 12:30:50:839

Connecting Started...

<<<----  [OUT]
2020/10/30 12:30:52:897

I can't connect with the passive [192.168.100.113/5000] error_code:10061 !

<<<----  [OUT]
2020/10/30 12:30:55:386

Connecting Started...

<<<----  [OUT]
2020/10/30 12:30:57:448

I can't connect with the passive [192.168.100.113/5000] error_code:10061 !

<<<----  [OUT]
2020/10/30 12:30:59:933

Connecting Started...

<<<----  [OUT]
2020/10/30 12:31:01:997

I can't connect with the passive [192.168.100.113/5000] error_code:10061 !

<<<----  [OUT]
2020/10/30 12:31:04:480

Connecting Started...

<<<----  [OUT]
2020/10/30 12:31:06:534

I can't connect with the passive [192.168.100.113/5000] error_code:10061 !

<<<----  [OUT]
2020/10/30 12:31:09:012

Connecting Started...

<<<----  [OUT]
2020/10/30 12:31:11:055

I can't connect with the passive [192.168.100.113/5000] error_code:10061 !

<<<----  [OUT]
2020/10/30 12:31:13:541

Connecting Started...

<<<----  [OUT]
2020/10/30 12:31:15:593

I can't connect with the passive [192.168.100.113/5000] error_code:10061 !

<<<----  [OUT]
2020/10/30 12:31:18:073

Connecting Started...

<<<----  [OUT]
2020/10/30 12:31:20:131

I can't connect with the passive [192.168.100.113/5000] error_code:10061 !

<<<----  [OUT]
2020/10/30 12:31:22:621

Connecting Started...

<<<----  [OUT]
2020/10/30 12:31:24:680

I can't connect with the passive [192.168.100.113/5000] error_code:10061 !

<<<----  [OUT]
2020/10/30 12:31:27:168

Connecting Started...

<<<----  [OUT]
2020/10/30 12:31:29:223

I can't connect with the passive [192.168.100.113/5000] error_code:10061 !

<<<----  [OUT]
2020/10/30 12:31:31:714

Connecting Started...

<<<----  [OUT]
2020/10/30 12:31:33:771

I can't connect with the passive [192.168.100.113/5000] error_code:10061 !

<<<----  [OUT]
2020/10/30 12:31:36:261

Connecting Started...

<<<----  [OUT]
2020/10/30 12:31:38:308

I can't connect with the passive [192.168.100.113/5000] error_code:10061 !

<<<----  [OUT]
2020/10/30 12:31:40:792

Connecting Started...

<<<----  [OUT]
2020/10/30 12:31:42:846

I can't connect with the passive [192.168.100.113/5000] error_code:10061 !

<<<----  [OUT]
2020/10/30 12:31:45:324

Connecting Started...

<<<----  [OUT]
2020/10/30 12:31:47:382

I can't connect with the passive [192.168.100.113/5000] error_code:10061 !

<<<----  [OUT]
2020/10/30 12:31:49:870

Connecting Started...

<<<----  [OUT]
2020/10/30 12:31:51:943

I can't connect with the passive [192.168.100.113/5000] error_code:10061 !

<<<----  [OUT]
2020/10/30 12:31:54:433

Connecting Started...

<<<----  [OUT]
2020/10/30 12:31:56:492

I can't connect with the passive [192.168.100.113/5000] error_code:10061 !

<<<----  [OUT]
2020/10/30 12:31:58:980

Connecting Started...

<<<----  [OUT]
2020/10/30 12:32:01:053

I can't connect with the passive [192.168.100.113/5000] error_code:10061 !

<<<----  [OUT]
2020/10/30 12:32:03:543

Connecting Started...

<<<----  [OUT]
2020/10/30 12:32:05:593

I can't connect with the passive [192.168.100.113/5000] error_code:10061 !

<<<----  [OUT]
2020/10/30 12:32:08:074

Connecting Started...

<<<----  [OUT]
2020/10/30 12:32:10:141

I can't connect with the passive [192.168.100.113/5000] error_code:10061 !

<<<----  [OUT]
2020/10/30 12:32:12:621

Connecting Started...

<<<----  [OUT]
2020/10/30 12:32:14:675

I can't connect with the passive [192.168.100.113/5000] error_code:10061 !

<<<----  [OUT]
2020/10/30 12:32:17:151

Connecting Started...

<<<----  [OUT]
2020/10/30 12:32:19:201

I can't connect with the passive [192.168.100.113/5000] error_code:10061 !

<<<----  [OUT]
2020/10/30 12:32:21:682

Connecting Started...

<<<----  [OUT]
2020/10/30 12:32:23:723

I can't connect with the passive [192.168.100.113/5000] error_code:10061 !

<<<----  [OUT]
2020/10/30 12:32:26:215

Connecting Started...

<<<----  [OUT]
2020/10/30 12:32:28:245

I can't connect with the passive [192.168.100.113/5000] error_code:10061 !

<<<----  [OUT]
2020/10/30 12:32:30:729

Connecting Started...

<<<----  [OUT]
2020/10/30 12:32:32:770

I can't connect with the passive [192.168.100.113/5000] error_code:10061 !

<<<----  [OUT]
2020/10/30 12:32:35:262

Connecting Started...

<<<----  [OUT]
2020/10/30 12:32:37:312

I can't connect with the passive [192.168.100.113/5000] error_code:10061 !

<<<----  [OUT]
2020/10/30 12:32:39:793

Connecting Started...

<<<----  [OUT]
2020/10/30 12:32:41:854

I can't connect with the passive [192.168.100.113/5000] error_code:10061 !

<<<----  [OUT]
2020/10/30 12:32:44:340

Connecting Started...

<<<----  [OUT]
2020/10/30 12:32:46:396

I can't connect with the passive [192.168.100.113/5000] error_code:10061 !

<<<----  [OUT]
2020/10/30 12:32:48:886

Connecting Started...

<<<----  [OUT]
2020/10/30 12:32:50:933

I can't connect with the passive [192.168.100.113/5000] error_code:10061 !

<<<----  [OUT]
2020/10/30 12:32:53:417

Connecting Started...

<<<----  [OUT]
2020/10/30 12:32:55:464

I can't connect with the passive [192.168.100.113/5000] error_code:10061 !

<<<----  [OUT]
2020/10/30 12:32:57:948

Connecting Started...

<<<----  [OUT]
2020/10/30 12:33:00:007

I can't connect with the passive [192.168.100.113/5000] error_code:10061 !

<<<----  [OUT]
2020/10/30 12:33:02:496

Connecting Started...

<<<----  [OUT]
2020/10/30 12:33:04:553

I can't connect with the passive [192.168.100.113/5000] error_code:10061 !

<<<----  [OUT]
2020/10/30 12:33:07:042

Connecting Started...

<<<----  [OUT]
2020/10/30 12:33:09:084

I can't connect with the passive [192.168.100.113/5000] error_code:10061 !

<<<----  [OUT]
2020/10/30 12:33:11:573

Connecting Started...

<<<----  [OUT]
2020/10/30 12:33:13:637

I can't connect with the passive [192.168.100.113/5000] error_code:10061 !

<<<----  [OUT]
2020/10/30 12:33:16:121

Connecting Started...

<<<----  [OUT]
2020/10/30 12:33:18:175

I can't connect with the passive [192.168.100.113/5000] error_code:10061 !

<<<----  [OUT]
2020/10/30 12:33:20:652

Connecting Started...

<<<----  [OUT]
2020/10/30 12:33:22:685

I can't connect with the passive [192.168.100.113/5000] error_code:10061 !

<<<----  [OUT]
2020/10/30 12:33:25:167

Connecting Started...

<<<----  [OUT]
2020/10/30 12:33:27:236

I can't connect with the passive [192.168.100.113/5000] error_code:10061 !

<<<----  [OUT]
2020/10/30 12:33:29:713

Connecting Started...

<<<----  [OUT]
2020/10/30 12:33:31:779

I can't connect with the passive [192.168.100.113/5000] error_code:10061 !

<<<----  [OUT]
2020/10/30 12:33:34:260

Connecting Started...

<<<----  [OUT]
2020/10/30 12:33:36:320

I can't connect with the passive [192.168.100.113/5000] error_code:10061 !

<<<----  [OUT]
2020/10/30 12:33:38:808

Connecting Started...

<<<----  [OUT]
2020/10/30 12:33:40:871

I can't connect with the passive [192.168.100.113/5000] error_code:10061 !

<<<----  [OUT]
2020/10/30 12:33:43:355

Connecting Started...

<<<----  [OUT]
2020/10/30 12:33:45:420

I can't connect with the passive [192.168.100.113/5000] error_code:10061 !

<<<----  [OUT]
2020/10/30 12:33:47:901

Connecting Started...

<<<----  [OUT]
2020/10/30 12:33:49:964

I can't connect with the passive [192.168.100.113/5000] error_code:10061 !

<<<----  [OUT]
2020/10/30 12:33:52:448

Connecting Started...

<<<----  [OUT]
2020/10/30 12:33:54:511

I can't connect with the passive [192.168.100.113/5000] error_code:10061 !

<<<----  [OUT]
2020/10/30 12:33:56:995

Connecting Started...

<<<----  [OUT]
2020/10/30 12:33:59:042

I can't connect with the passive [192.168.100.113/5000] error_code:10061 !

<<<----  [OUT]
2020/10/30 12:34:01:526

Connecting Started...

<<<----  [OUT]
2020/10/30 12:34:03:565

I can't connect with the passive [192.168.100.113/5000] error_code:10061 !

<<<----  [OUT]
2020/10/30 12:34:06:043

Connecting Started...

<<<----  [OUT]
2020/10/30 12:34:08:087

I can't connect with the passive [192.168.100.113/5000] error_code:10061 !

<<<----  [OUT]
2020/10/30 12:34:10:574

Connecting Started...

<<<----  [OUT]
2020/10/30 12:34:12:617

I can't connect with the passive [192.168.100.113/5000] error_code:10061 !

<<<----  [OUT]
2020/10/30 12:34:15:105

Connecting Started...

<<<----  [OUT]
2020/10/30 12:34:17:163

I can't connect with the passive [192.168.100.113/5000] error_code:10061 !

<<<----  [OUT]
2020/10/30 12:34:19:652

Connecting Started...

<<<----  [OUT]
2020/10/30 12:34:21:704

I can't connect with the passive [192.168.100.113/5000] error_code:10061 !

<<<----  [OUT]
2020/10/30 12:34:24:184

Connecting Started...

<<<----  [OUT]
2020/10/30 12:34:26:216

I can't connect with the passive [192.168.100.113/5000] error_code:10061 !

<<<----  [OUT]
2020/10/30 12:34:28:698

Connecting Started...

<<<----  [OUT]
2020/10/30 12:34:30:752

I can't connect with the passive [192.168.100.113/5000] error_code:10061 !

<<<----  [OUT]
2020/10/30 12:34:33:230

Connecting Started...

<<<----  [OUT]
2020/10/30 12:34:35:295

I can't connect with the passive [192.168.100.113/5000] error_code:10061 !

<<<----  [OUT]
2020/10/30 12:34:37:776

Connecting Started...

<<<----  [OUT]
2020/10/30 12:34:39:835

I can't connect with the passive [192.168.100.113/5000] error_code:10061 !

<<<----  [OUT]
2020/10/30 12:34:42:323

Connecting Started...

<<<----  [OUT]
2020/10/30 12:34:44:397

I can't connect with the passive [192.168.100.113/5000] error_code:10061 !

<<<----  [OUT]
2020/10/30 12:34:46:886

Connecting Started...

<<<----  [OUT]
2020/10/30 12:34:48:940

I can't connect with the passive [192.168.100.113/5000] error_code:10061 !

<<<----  [OUT]
2020/10/30 12:34:51:418

Connecting Started...

<<<----  [OUT]
2020/10/30 12:34:53:459

I can't connect with the passive [192.168.100.113/5000] error_code:10061 !

<<<----  [OUT]
2020/10/30 12:34:55:949

Connecting Started...

<<<----  [OUT]
2020/10/30 12:34:58:001

I can't connect with the passive [192.168.100.113/5000] error_code:10061 !

<<<----  [OUT]
2020/10/30 12:35:00:481

Connecting Started...

<<<----  [OUT]
2020/10/30 12:35:02:536

I can't connect with the passive [192.168.100.113/5000] error_code:10061 !

<<<----  [OUT]
2020/10/30 12:35:05:027

Connecting Started...

<<<----  [OUT]
2020/10/30 12:35:07:072

I can't connect with the passive [192.168.100.113/5000] error_code:10061 !

<<<----  [OUT]
2020/10/30 12:35:09:557

Connecting Started...

<<<----  [OUT]
2020/10/30 12:35:11:614

I can't connect with the passive [192.168.100.113/5000] error_code:10061 !

<<<----  [OUT]
2020/10/30 12:35:14:105

Connecting Started...

<<<----  [OUT]
2020/10/30 12:35:16:175

I can't connect with the passive [192.168.100.113/5000] error_code:10061 !

<<<----  [OUT]
2020/10/30 12:35:18:652

Connecting Started...

<<<----  [OUT]
2020/10/30 12:35:20:706

I can't connect with the passive [192.168.100.113/5000] error_code:10061 !

<<<----  [OUT]
2020/10/30 12:35:23:182

Connecting Started...

<<<----  [OUT]
2020/10/30 12:35:25:239

I can't connect with the passive [192.168.100.113/5000] error_code:10061 !

<<<----  [OUT]
2020/10/30 12:35:27:730

Connecting Started...

<<<----  [OUT]
2020/10/30 12:35:29:788

I can't connect with the passive [192.168.100.113/5000] error_code:10061 !

<<<----  [OUT]
2020/10/30 12:35:32:277

Connecting Started...

<<<----  [OUT]
2020/10/30 12:35:34:341

I can't connect with the passive [192.168.100.113/5000] error_code:10061 !

<<<----  [OUT]
2020/10/30 12:35:36:824

Connecting Started...

<<<----  [OUT]
2020/10/30 12:35:38:886

I can't connect with the passive [192.168.100.113/5000] error_code:10061 !

<<<----  [OUT]
2020/10/30 12:35:41:371

Connecting Started...

<<<----  [OUT]
2020/10/30 12:35:43:441

I can't connect with the passive [192.168.100.113/5000] error_code:10061 !

<<<----  [OUT]
2020/10/30 12:35:45:917

Connecting Started...

<<<----  [OUT]
2020/10/30 12:35:47:977

I can't connect with the passive [192.168.100.113/5000] error_code:10061 !

<<<----  [OUT]
2020/10/30 12:35:50:465

Connecting Started...

<<<----  [OUT]
2020/10/30 12:35:52:513

I can't connect with the passive [192.168.100.113/5000] error_code:10061 !

<<<----  [OUT]
2020/10/30 12:35:54:996

Connecting Started...

<<<----  [OUT]
2020/10/30 12:35:57:055

I can't connect with the passive [192.168.100.113/5000] error_code:10061 !

<<<----  [OUT]
2020/10/30 12:35:59:543

Connecting Started...

<<<----  [OUT]
2020/10/30 12:36:01:603

I can't connect with the passive [192.168.100.113/5000] error_code:10061 !

<<<----  [OUT]
2020/10/30 12:36:04:090

Connecting Started...

<<<----  [OUT]
2020/10/30 12:36:06:145

I can't connect with the passive [192.168.100.113/5000] error_code:10061 !

<<<----  [OUT]
2020/10/30 12:36:08:637

Connecting Started...

<<<----  [OUT]
2020/10/30 12:36:10:702

I can't connect with the passive [192.168.100.113/5000] error_code:10061 !

<<<----  [OUT]
2020/10/30 12:36:13:183

Connecting Started...

<<<----  [OUT]
2020/10/30 12:36:15:236

I can't connect with the passive [192.168.100.113/5000] error_code:10061 !

<<<----  [OUT]
2020/10/30 12:36:17:714

Connecting Started...

<<<----  [OUT]
2020/10/30 12:36:19:758

I can't connect with the passive [192.168.100.113/5000] error_code:10061 !

<<<----  [OUT]
2020/10/30 12:36:22:245

Connecting Started...

<<<----  [OUT]
2020/10/30 12:36:24:284

I can't connect with the passive [192.168.100.113/5000] error_code:10061 !

<<<----  [OUT]
2020/10/30 12:36:26:760

Connecting Started...

<<<----  [OUT]
2020/10/30 12:36:28:817

I can't connect with the passive [192.168.100.113/5000] error_code:10061 !

<<<----  [OUT]
2020/10/30 12:36:31:308

Connecting Started...

<<<----  [OUT]
2020/10/30 12:36:33:352

I can't connect with the passive [192.168.100.113/5000] error_code:10061 !

<<<----  [OUT]
2020/10/30 12:36:35:839

Connecting Started...

<<<----  [OUT]
2020/10/30 12:36:37:870

I can't connect with the passive [192.168.100.113/5000] error_code:10061 !

<<<----  [OUT]
2020/10/30 12:36:40:356

Connecting Started...

<<<----  [OUT]
2020/10/30 12:36:42:396

I can't connect with the passive [192.168.100.113/5000] error_code:10061 !

<<<----  [OUT]
2020/10/30 12:36:44:886

Connecting Started...

<<<----  [OUT]
2020/10/30 12:36:46:941

I can't connect with the passive [192.168.100.113/5000] error_code:10061 !

<<<----  [OUT]
2020/10/30 12:36:49:417

Connecting Started...

<<<----  [OUT]
2020/10/30 12:36:51:464

I can't connect with the passive [192.168.100.113/5000] error_code:10061 !

<<<----  [OUT]
2020/10/30 12:36:53:949

Connecting Started...

<<<----  [OUT]
2020/10/30 12:36:55:987

I can't connect with the passive [192.168.100.113/5000] error_code:10061 !

<<<----  [OUT]
2020/10/30 12:36:58:463

Connecting Started...

<<<----  [OUT]
2020/10/30 12:37:00:515

I can't connect with the passive [192.168.100.113/5000] error_code:10061 !

<<<----  [OUT]
2020/10/30 12:37:02:995

Connecting Started...

<<<----  [OUT]
2020/10/30 12:37:05:028

I can't connect with the passive [192.168.100.113/5000] error_code:10061 !

<<<----  [OUT]
2020/10/30 12:37:07:511

Connecting Started...

<<<----  [OUT]
2020/10/30 12:37:09:561

I can't connect with the passive [192.168.100.113/5000] error_code:10061 !

<<<----  [OUT]
2020/10/30 12:37:12:043

Connecting Started...

<<<----  [OUT]
2020/10/30 12:37:14:099

I can't connect with the passive [192.168.100.113/5000] error_code:10061 !

<<<----  [OUT]
2020/10/30 12:37:16:589

Connecting Started...

<<<----  [OUT]
2020/10/30 12:37:18:626

I can't connect with the passive [192.168.100.113/5000] error_code:10061 !

<<<----  [OUT]
2020/10/30 12:37:21:105

Connecting Started...

<<<----  [OUT]
2020/10/30 12:37:23:143

I can't connect with the passive [192.168.100.113/5000] error_code:10061 !

<<<----  [OUT]
2020/10/30 12:37:25:620

Connecting Started...

<<<----  [OUT]
2020/10/30 12:37:27:680

I can't connect with the passive [192.168.100.113/5000] error_code:10061 !

<<<----  [OUT]
2020/10/30 12:37:30:168

Connecting Started...

<<<----  [OUT]
2020/10/30 12:37:32:221

I can't connect with the passive [192.168.100.113/5000] error_code:10061 !

<<<----  [OUT]
2020/10/30 12:37:34:699

Connecting Started...

<<<----  [OUT]
2020/10/30 12:37:36:752

I can't connect with the passive [192.168.100.113/5000] error_code:10061 !

<<<----  [OUT]
2020/10/30 12:37:39:229

Connecting Started...

<<<----  [OUT]
2020/10/30 12:37:41:271

I can't connect with the passive [192.168.100.113/5000] error_code:10061 !

<<<----  [OUT]
2020/10/30 12:37:43:760

Connecting Started...

<<<----  [OUT]
2020/10/30 12:37:45:812

I can't connect with the passive [192.168.100.113/5000] error_code:10061 !

<<<----  [OUT]
2020/10/30 12:37:48:293

Connecting Started...

<<<----  [OUT]
2020/10/30 12:37:50:340

I can't connect with the passive [192.168.100.113/5000] error_code:10061 !

<<<----  [OUT]
2020/10/30 12:37:52:824

Connecting Started...

<<<----  [OUT]
2020/10/30 12:37:54:873

I can't connect with the passive [192.168.100.113/5000] error_code:10061 !

<<<----  [OUT]
2020/10/30 12:37:57:354

Connecting Started...

<<<----  [OUT]
2020/10/30 12:37:59:408

I can't connect with the passive [192.168.100.113/5000] error_code:10061 !

<<<----  [OUT]
2020/10/30 12:38:01:887

Connecting Started...

<<<----  [OUT]
2020/10/30 12:38:03:933

I can't connect with the passive [192.168.100.113/5000] error_code:10061 !

<<<----  [OUT]
2020/10/30 12:38:06:418

Connecting Started...

<<<----  [OUT]
2020/10/30 12:38:08:465

I can't connect with the passive [192.168.100.113/5000] error_code:10061 !

<<<----  [OUT]
2020/10/30 12:38:10:948

Connecting Started...

<<<----  [OUT]
2020/10/30 12:38:12:968

I can't connect with the passive [192.168.100.113/5000] error_code:10061 !

<<<----  [OUT]
2020/10/30 12:38:15:448

Connecting Started...

<<<----  [OUT]
2020/10/30 12:38:17:503

I can't connect with the passive [192.168.100.113/5000] error_code:10061 !

<<<----  [OUT]
2020/10/30 12:38:19:981

Connecting Started...

<<<----  [OUT]
2020/10/30 12:38:22:030

I can't connect with the passive [192.168.100.113/5000] error_code:10061 !

<<<----  [OUT]
2020/10/30 12:38:24:510

Connecting Started...

<<<----  [OUT]
2020/10/30 12:38:26:557

I can't connect with the passive [192.168.100.113/5000] error_code:10061 !

<<<----  [OUT]
2020/10/30 12:38:29:043

Connecting Started...

<<<----  [OUT]
2020/10/30 12:38:31:096

I can't connect with the passive [192.168.100.113/5000] error_code:10061 !

<<<----  [OUT]
2020/10/30 12:38:33:573

Connecting Started...

<<<----  [OUT]
2020/10/30 12:38:35:625

I can't connect with the passive [192.168.100.113/5000] error_code:10061 !

<<<----  [OUT]
2020/10/30 12:38:38:104

Connecting Started...

<<<----  [OUT]
2020/10/30 12:38:40:168

I can't connect with the passive [192.168.100.113/5000] error_code:10061 !

<<<----  [OUT]
2020/10/30 12:38:42:651

Connecting Started...

<<<----  [OUT]
2020/10/30 12:38:44:708

I can't connect with the passive [192.168.100.113/5000] error_code:10061 !

<<<----  [OUT]
2020/10/30 12:38:47:198

Connecting Started...

<<<----  [OUT]
2020/10/30 12:38:49:259

I can't connect with the passive [192.168.100.113/5000] error_code:10061 !

<<<----  [OUT]
2020/10/30 12:38:51:745

Connecting Started...

<<<----  [OUT]
2020/10/30 12:38:53:809

I can't connect with the passive [192.168.100.113/5000] error_code:10061 !

<<<----  [OUT]
2020/10/30 12:38:56:292

Connecting Started...

<<<----  [OUT]
2020/10/30 12:38:58:343

I can't connect with the passive [192.168.100.113/5000] error_code:10061 !

<<<----  [OUT]
2020/10/30 12:39:00:823

Connecting Started...

<<<----  [OUT]
2020/10/30 12:39:02:883

I can't connect with the passive [192.168.100.113/5000] error_code:10061 !

<<<----  [OUT]
2020/10/30 12:39:05:370

Connecting Started...

<<<----  [OUT]
2020/10/30 12:39:07:406

I can't connect with the passive [192.168.100.113/5000] error_code:10061 !

<<<----  [OUT]
2020/10/30 12:39:09:887

Connecting Started...

<<<----  [OUT]
2020/10/30 12:39:11:946

I can't connect with the passive [192.168.100.113/5000] error_code:10061 !

<<<----  [OUT]
2020/10/30 12:39:14:434

Connecting Started...

<<<----  [OUT]
2020/10/30 12:39:16:503

I can't connect with the passive [192.168.100.113/5000] error_code:10061 !

<<<----  [OUT]
2020/10/30 12:39:18:981

Connecting Started...

<<<----  [OUT]
2020/10/30 12:39:21:040

I can't connect with the passive [192.168.100.113/5000] error_code:10061 !

<<<----  [OUT]
2020/10/30 12:39:23:527

Connecting Started...

<<<----  [OUT]
2020/10/30 12:39:25:599

I can't connect with the passive [192.168.100.113/5000] error_code:10061 !

<<<----  [OUT]
2020/10/30 12:39:28:090

Connecting Started...

<<<----  [OUT]
2020/10/30 12:39:30:143

I can't connect with the passive [192.168.100.113/5000] error_code:10061 !

<<<----  [OUT]
2020/10/30 12:39:32:620

Connecting Started...

<<<----  [OUT]
2020/10/30 12:39:34:673

I can't connect with the passive [192.168.100.113/5000] error_code:10061 !

<<<----  [OUT]
2020/10/30 12:39:37:152

Connecting Started...

<<<----  [OUT]
2020/10/30 12:39:39:202

I can't connect with the passive [192.168.100.113/5000] error_code:10061 !

<<<----  [OUT]
2020/10/30 12:39:41:682

Connecting Started...

<<<----  [OUT]
2020/10/30 12:39:43:730

I can't connect with the passive [192.168.100.113/5000] error_code:10061 !

<<<----  [OUT]
2020/10/30 12:39:46:214

Connecting Started...

<<<----  [OUT]
2020/10/30 12:39:48:264

I can't connect with the passive [192.168.100.113/5000] error_code:10061 !

<<<----  [OUT]
2020/10/30 12:39:50:746

Connecting Started...

<<<----  [OUT]
2020/10/30 12:39:52:777

I can't connect with the passive [192.168.100.113/5000] error_code:10061 !

<<<----  [OUT]
2020/10/30 12:39:55:262

Connecting Started...

<<<----  [OUT]
2020/10/30 12:39:57:317

I can't connect with the passive [192.168.100.113/5000] error_code:10061 !
