
<<<----  [OUT]
2021/10/19 09:00:20:179

I can't connect with the passive [192.168.100.113/5000] error_code:10060 !

<<<----  [OUT]
2021/10/19 09:00:22:658

Connecting Started...

<<<----  [OUT]
2021/10/19 09:00:43:688

I can't connect with the passive [192.168.100.113/5000] error_code:10060 !

<<<----  [OUT]
2021/10/19 09:00:46:173

Connecting Started...

<<<----  [OUT]
2021/10/19 09:01:07:233

I can't connect with the passive [192.168.100.113/5000] error_code:10060 !

<<<----  [OUT]
2021/10/19 09:01:09:720

Connecting Started...

<<<----  [OUT]
2021/10/19 09:01:30:745

I can't connect with the passive [192.168.100.113/5000] error_code:10060 !

<<<----  [OUT]
2021/10/19 09:01:33:235

Connecting Started...

<<<----  [OUT]
2021/10/19 09:01:54:284

I can't connect with the passive [192.168.100.113/5000] error_code:10060 !

<<<----  [OUT]
2021/10/19 09:01:56:766

Connecting Started...

<<<----  [OUT]
2021/10/19 09:02:17:814

I can't connect with the passive [192.168.100.113/5000] error_code:10060 !

<<<----  [OUT]
2021/10/19 09:02:20:298

Connecting Started...

<<<----  [OUT]
2021/10/19 09:02:41:327

I can't connect with the passive [192.168.100.113/5000] error_code:10060 !

<<<----  [OUT]
2021/10/19 09:02:43:813

Connecting Started...

<<<----  [OUT]
2021/10/19 09:03:04:860

I can't connect with the passive [192.168.100.113/5000] error_code:10060 !

<<<----  [OUT]
2021/10/19 09:03:07:345

Connecting Started...

<<<----  [OUT]
2021/10/19 09:03:28:378

I can't connect with the passive [192.168.100.113/5000] error_code:10060 !

<<<----  [OUT]
2021/10/19 09:03:30:860

Connecting Started...

<<<----  [OUT]
2021/10/19 09:03:51:901

I can't connect with the passive [192.168.100.113/5000] error_code:10060 !

<<<----  [OUT]
2021/10/19 09:03:54:391

Connecting Started...

<<<----  [OUT]
2021/10/19 09:04:15:435

I can't connect with the passive [192.168.100.113/5000] error_code:10060 !

<<<----  [OUT]
2021/10/19 09:04:17:922

Connecting Started...

<<<----  [OUT]
2021/10/19 09:04:38:941

I can't connect with the passive [192.168.100.113/5000] error_code:10060 !

<<<----  [OUT]
2021/10/19 09:04:41:423

Connecting Started...

<<<----  [OUT]
2021/10/19 09:05:02:432

I can't connect with the passive [192.168.100.113/5000] error_code:10060 !

<<<----  [OUT]
2021/10/19 09:05:04:924

Connecting Started...

<<<----  [OUT]
2021/10/19 09:05:25:966

I can't connect with the passive [192.168.100.113/5000] error_code:10060 !

<<<----  [OUT]
2021/10/19 09:05:28:455

Connecting Started...

<<<----  [OUT]
2021/10/19 09:05:49:502

I can't connect with the passive [192.168.100.113/5000] error_code:10060 !

<<<----  [OUT]
2021/10/19 09:05:51:985

Connecting Started...

<<<----  [OUT]
2021/10/19 09:06:13:018

I can't connect with the passive [192.168.100.113/5000] error_code:10060 !

<<<----  [OUT]
2021/10/19 09:06:15:501

Connecting Started...

<<<----  [OUT]
2021/10/19 09:06:36:542

I can't connect with the passive [192.168.100.113/5000] error_code:10060 !

<<<----  [OUT]
2021/10/19 09:06:39:032

Connecting Started...

<<<----  [OUT]
2021/10/19 09:07:00:074

I can't connect with the passive [192.168.100.113/5000] error_code:10060 !

<<<----  [OUT]
2021/10/19 09:07:02:563

Connecting Started...

<<<----  [OUT]
2021/10/19 09:07:23:580

I can't connect with the passive [192.168.100.113/5000] error_code:10060 !

<<<----  [OUT]
2021/10/19 09:07:26:064

Connecting Started...

<<<----  [OUT]
2021/10/19 09:07:47:078

I can't connect with the passive [192.168.100.113/5000] error_code:10060 !

<<<----  [OUT]
2021/10/19 09:07:49:563

Connecting Started...

<<<----  [OUT]
2021/10/19 09:08:10:609

I can't connect with the passive [192.168.100.113/5000] error_code:10060 !

<<<----  [OUT]
2021/10/19 09:08:13:094

Connecting Started...

<<<----  [OUT]
2021/10/19 09:08:34:147

I can't connect with the passive [192.168.100.113/5000] error_code:10060 !

<<<----  [OUT]
2021/10/19 09:08:36:625

Connecting Started...

<<<----  [OUT]
2021/10/19 09:08:57:664

I can't connect with the passive [192.168.100.113/5000] error_code:10060 !

<<<----  [OUT]
2021/10/19 09:09:00:141

Connecting Started...

<<<----  [OUT]
2021/10/19 09:09:21:182

I can't connect with the passive [192.168.100.113/5000] error_code:10060 !

<<<----  [OUT]
2021/10/19 09:09:23:673

Connecting Started...

<<<----  [OUT]
2021/10/19 09:09:44:705

I can't connect with the passive [192.168.100.113/5000] error_code:10060 !

<<<----  [OUT]
2021/10/19 09:09:47:188

Connecting Started...

<<<----  [OUT]
2021/10/19 09:10:08:224

I can't connect with the passive [192.168.100.113/5000] error_code:10060 !

<<<----  [OUT]
2021/10/19 09:10:10:704

Connecting Started...

<<<----  [OUT]
2021/10/19 09:10:31:747

I can't connect with the passive [192.168.100.113/5000] error_code:10060 !

<<<----  [OUT]
2021/10/19 09:10:34:235

Connecting Started...

<<<----  [OUT]
2021/10/19 09:10:55:288

I can't connect with the passive [192.168.100.113/5000] error_code:10060 !

<<<----  [OUT]
2021/10/19 09:10:57:766

Connecting Started...

<<<----  [OUT]
2021/10/19 09:11:18:792

I can't connect with the passive [192.168.100.113/5000] error_code:10060 !

<<<----  [OUT]
2021/10/19 09:11:21:282

Connecting Started...

<<<----  [OUT]
2021/10/19 09:11:42:324

I can't connect with the passive [192.168.100.113/5000] error_code:10060 !

<<<----  [OUT]
2021/10/19 09:11:44:814

Connecting Started...

<<<----  [OUT]
2021/10/19 09:12:05:850

I can't connect with the passive [192.168.100.113/5000] error_code:10060 !

<<<----  [OUT]
2021/10/19 09:12:08:330

Connecting Started...

<<<----  [OUT]
2021/10/19 09:12:29:344

I can't connect with the passive [192.168.100.113/5000] error_code:10060 !

<<<----  [OUT]
2021/10/19 09:12:31:829

Connecting Started...

<<<----  [OUT]
2021/10/19 09:12:52:874

I can't connect with the passive [192.168.100.113/5000] error_code:10060 !

<<<----  [OUT]
2021/10/19 09:12:55:361

Connecting Started...

<<<----  [OUT]
2021/10/19 09:13:16:396

I can't connect with the passive [192.168.100.113/5000] error_code:10060 !

<<<----  [OUT]
2021/10/19 09:14:48:366

---------------------------------------------------------------------
// FA : Start Log ...


<<<----  [OUT]
2021/10/19 09:14:48:375

//-------------------------------------------------------------
Property Information

   Driver Type [HSMS]
   Driver Mode [ACTIVE]
   IP    [192.168.100.113]
   Port  [5000]
//-------------------------------------------------------------


<<<----  [OUT]
2021/10/19 09:14:48:976

Auto-Start Started ... (Active)

<<<----  [OUT]
2021/10/19 09:14:49:067

Auto-Start Started ...  Waiting Stop-Connection.

<<<----  [OUT]
2021/10/19 09:14:49:067

Auto-Start Started ...  Waiting Open-Socket.

<<<----  [OUT]
2021/10/19 09:14:49:092

Socket Open Started...

<<<----  [OUT]
2021/10/19 09:14:49:092

Socket Open Completed...

<<<----  [OUT]
2021/10/19 09:14:49:092

Connecting Started...

<<<----  [OUT]
2021/10/19 09:14:49:158

Auto-Start Completed ...  (Active)

<<<----  [OUT]
2021/10/19 09:15:10:112

I can't connect with the passive [192.168.100.113/5000] error_code:10060 !

<<<----  [OUT]
2021/10/19 09:15:12:595

Connecting Started...

<<<----  [OUT]
2021/10/19 09:15:33:646

I can't connect with the passive [192.168.100.113/5000] error_code:10060 !

<<<----  [OUT]
2021/10/19 09:15:36:125

Connecting Started...

<<<----  [OUT]
2021/10/19 09:15:57:144

I can't connect with the passive [192.168.100.113/5000] error_code:10060 !

<<<----  [OUT]
2021/10/19 09:15:59:626

Connecting Started...

<<<----  [OUT]
2021/10/19 09:16:20:657

I can't connect with the passive [192.168.100.113/5000] error_code:10060 !

<<<----  [OUT]
2021/10/19 09:16:23:142

Connecting Started...

<<<----  [OUT]
2021/10/19 09:16:44:173

I can't connect with the passive [192.168.100.113/5000] error_code:10060 !

<<<----  [OUT]
2021/10/19 09:16:46:657

Connecting Started...

<<<----  [OUT]
2021/10/19 09:17:07:699

I can't connect with the passive [192.168.100.113/5000] error_code:10060 !

<<<----  [OUT]
2021/10/19 09:17:10:187

Connecting Started...

<<<----  [OUT]
2021/10/19 09:17:31:227

I can't connect with the passive [192.168.100.113/5000] error_code:10060 !

<<<----  [OUT]
2021/10/19 09:17:33:705

Connecting Started...

<<<----  [OUT]
2021/10/19 09:17:54:726

I can't connect with the passive [192.168.100.113/5000] error_code:10060 !

<<<----  [OUT]
2021/10/19 09:17:57:205

Connecting Started...

<<<----  [OUT]
2021/10/19 09:18:18:238

I can't connect with the passive [192.168.100.113/5000] error_code:10060 !

<<<----  [OUT]
2021/10/19 09:18:20:719

Connecting Started...

<<<----  [OUT]
2021/10/19 09:18:41:768

I can't connect with the passive [192.168.100.113/5000] error_code:10060 !

<<<----  [OUT]
2021/10/19 09:18:44:251

Connecting Started...

<<<----  [OUT]
2021/10/19 09:19:05:293

I can't connect with the passive [192.168.100.113/5000] error_code:10060 !

<<<----  [OUT]
2021/10/19 09:19:07:783

Connecting Started...

<<<----  [OUT]
2021/10/19 09:19:28:838

I can't connect with the passive [192.168.100.113/5000] error_code:10060 !

<<<----  [OUT]
2021/10/19 09:19:31:329

Connecting Started...

<<<----  [OUT]
2021/10/19 09:19:52:365

I can't connect with the passive [192.168.100.113/5000] error_code:10060 !

<<<----  [OUT]
2021/10/19 09:19:54:844

Connecting Started...

<<<----  [OUT]
2021/10/19 09:20:15:890

I can't connect with the passive [192.168.100.113/5000] error_code:10060 !

<<<----  [OUT]
2021/10/19 09:20:18:375

Connecting Started...

<<<----  [OUT]
2021/10/19 09:20:39:423

I can't connect with the passive [192.168.100.113/5000] error_code:10060 !

<<<----  [OUT]
2021/10/19 09:20:41:906

Connecting Started...

<<<----  [OUT]
2021/10/19 09:31:33:621

---------------------------------------------------------------------
// FA : Start Log ...


<<<----  [OUT]
2021/10/19 09:31:33:630

//-------------------------------------------------------------
Property Information

   Driver Type [HSMS]
   Driver Mode [ACTIVE]
   IP    [192.168.100.113]
   Port  [5000]
//-------------------------------------------------------------


<<<----  [OUT]
2021/10/19 09:31:34:233

Auto-Start Started ... (Active)

<<<----  [OUT]
2021/10/19 09:31:34:324

Auto-Start Started ...  Waiting Stop-Connection.

<<<----  [OUT]
2021/10/19 09:31:34:324

Auto-Start Started ...  Waiting Open-Socket.

<<<----  [OUT]
2021/10/19 09:31:34:348

Socket Open Started...

<<<----  [OUT]
2021/10/19 09:31:34:348

Socket Open Completed...

<<<----  [OUT]
2021/10/19 09:31:34:348

Connecting Started...

<<<----  [OUT]
2021/10/19 09:31:34:414

Auto-Start Completed ...  (Active)

<<<----  [OUT]
2021/10/19 09:31:55:382

I can't connect with the passive [192.168.100.113/5000] error_code:10060 !

<<<----  [OUT]
2021/10/19 09:31:57:860

Connecting Started...

<<<----  [OUT]
2021/10/19 09:32:18:893

I can't connect with the passive [192.168.100.113/5000] error_code:10060 !

<<<----  [OUT]
2021/10/19 09:32:21:377

Connecting Started...

<<<----  [OUT]
2021/10/19 09:32:42:422

I can't connect with the passive [192.168.100.113/5000] error_code:10060 !

<<<----  [OUT]
2021/10/19 09:32:44:908

Connecting Started...

<<<----  [OUT]
2021/10/19 09:33:05:950

I can't connect with the passive [192.168.100.113/5000] error_code:10060 !

<<<----  [OUT]
2021/10/19 09:33:08:438

Connecting Started...

<<<----  [OUT]
2021/10/19 09:33:29:487

I can't connect with the passive [192.168.100.113/5000] error_code:10060 !

<<<----  [OUT]
2021/10/19 09:33:31:970

Connecting Started...

<<<----  [OUT]
2021/10/19 09:33:53:006

I can't connect with the passive [192.168.100.113/5000] error_code:10060 !

<<<----  [OUT]
2021/10/19 09:33:55:486

Connecting Started...

<<<----  [OUT]
2021/10/19 09:34:16:515

I can't connect with the passive [192.168.100.113/5000] error_code:10060 !

<<<----  [OUT]
2021/10/19 09:34:19:000

Connecting Started...

<<<----  [OUT]
2021/10/19 09:34:40:033

I can't connect with the passive [192.168.100.113/5000] error_code:10060 !

<<<----  [OUT]
2021/10/19 09:34:42:517

Connecting Started...

<<<----  [OUT]
2021/10/19 09:35:03:558

I can't connect with the passive [192.168.100.113/5000] error_code:10060 !

<<<----  [OUT]
2021/10/19 09:35:06:047

Connecting Started...

<<<----  [OUT]
2021/10/19 09:35:27:096

I can't connect with the passive [192.168.100.113/5000] error_code:10060 !

<<<----  [OUT]
2021/10/19 09:35:29:578

Connecting Started...

<<<----  [OUT]
2021/10/19 09:35:50:626

I can't connect with the passive [192.168.100.113/5000] error_code:10060 !

<<<----  [OUT]
2021/10/19 09:35:53:111

Connecting Started...

<<<----  [OUT]
2021/10/19 09:36:14:147

I can't connect with the passive [192.168.100.113/5000] error_code:10060 !

<<<----  [OUT]
2021/10/19 09:36:16:626

Connecting Started...

<<<----  [OUT]
2021/10/19 09:36:37:664

I can't connect with the passive [192.168.100.113/5000] error_code:10060 !

<<<----  [OUT]
2021/10/19 09:36:40:141

Connecting Started...

<<<----  [OUT]
2021/10/19 09:37:01:176

I can't connect with the passive [192.168.100.113/5000] error_code:10060 !

<<<----  [OUT]
2021/10/19 09:37:03:657

Connecting Started...

<<<----  [OUT]
2021/10/19 09:37:24:692

I can't connect with the passive [192.168.100.113/5000] error_code:10060 !

<<<----  [OUT]
2021/10/19 09:37:27:174

Connecting Started...

<<<----  [OUT]
2021/10/19 09:37:48:223

I can't connect with the passive [192.168.100.113/5000] error_code:10060 !

<<<----  [OUT]
2021/10/19 09:37:50:704

Connecting Started...

<<<----  [OUT]
2021/10/19 09:38:11:737

I can't connect with the passive [192.168.100.113/5000] error_code:10060 !

<<<----  [OUT]
2021/10/19 09:38:14:219

Connecting Started...

<<<----  [OUT]
2021/10/19 09:38:35:258

I can't connect with the passive [192.168.100.113/5000] error_code:10060 !

<<<----  [OUT]
2021/10/19 09:38:37:736

Connecting Started...

<<<----  [OUT]
2021/10/19 09:38:58:768

I can't connect with the passive [192.168.100.113/5000] error_code:10060 !

<<<----  [OUT]
2021/10/19 09:39:01:250

Connecting Started...

<<<----  [OUT]
2021/10/19 09:39:22:298

I can't connect with the passive [192.168.100.113/5000] error_code:10060 !

<<<----  [OUT]
2021/10/19 09:39:24:783

Connecting Started...

<<<----  [OUT]
2021/10/19 09:39:45:826

I can't connect with the passive [192.168.100.113/5000] error_code:10060 !

<<<----  [OUT]
2021/10/19 09:39:48:314

Connecting Started...

<<<----  [OUT]
2021/10/19 09:40:09:346

I can't connect with the passive [192.168.100.113/5000] error_code:10060 !

<<<----  [OUT]
2021/10/19 09:40:11:829

Connecting Started...

<<<----  [OUT]
2021/10/19 09:40:32:862

I can't connect with the passive [192.168.100.113/5000] error_code:10060 !

<<<----  [OUT]
2021/10/19 09:40:35:344

Connecting Started...

<<<----  [OUT]
2021/10/19 09:40:56:369

I can't connect with the passive [192.168.100.113/5000] error_code:10060 !

<<<----  [OUT]
2021/10/19 09:40:58:860

Connecting Started...

<<<----  [OUT]
2021/10/19 09:41:19:893

I can't connect with the passive [192.168.100.113/5000] error_code:10060 !

<<<----  [OUT]
2021/10/19 09:41:22:376

Connecting Started...

<<<----  [OUT]
2021/10/19 09:41:43:402

I can't connect with the passive [192.168.100.113/5000] error_code:10060 !

<<<----  [OUT]
2021/10/19 09:41:45:891

Connecting Started...

<<<----  [OUT]
2021/10/19 09:42:06:926

I can't connect with the passive [192.168.100.113/5000] error_code:10060 !

<<<----  [OUT]
2021/10/19 09:42:09:407

Connecting Started...

<<<----  [OUT]
2021/10/19 09:42:30:444

I can't connect with the passive [192.168.100.113/5000] error_code:10060 !

<<<----  [OUT]
2021/10/19 09:42:32:923

Connecting Started...

<<<----  [OUT]
2021/10/19 09:42:53:969

I can't connect with the passive [192.168.100.113/5000] error_code:10060 !

<<<----  [OUT]
2021/10/19 09:42:56:454

Connecting Started...

<<<----  [OUT]
2021/10/19 09:43:17:487

I can't connect with the passive [192.168.100.113/5000] error_code:10060 !

<<<----  [OUT]
2021/10/19 09:43:19:970

Connecting Started...

<<<----  [OUT]
2021/10/19 09:43:41:032

I can't connect with the passive [192.168.100.113/5000] error_code:10060 !

<<<----  [OUT]
2021/10/19 09:43:43:517

Connecting Started...

<<<----  [OUT]
2021/10/19 09:44:04:583

I can't connect with the passive [192.168.100.113/5000] error_code:10060 !

<<<----  [OUT]
2021/10/19 09:44:07:064

Connecting Started...

<<<----  [OUT]
2021/10/19 09:44:28:091

I can't connect with the passive [192.168.100.113/5000] error_code:10060 !

<<<----  [OUT]
2021/10/19 09:44:30:580

Connecting Started...

<<<----  [OUT]
2021/10/19 09:44:51:611

I can't connect with the passive [192.168.100.113/5000] error_code:10060 !

<<<----  [OUT]
2021/10/19 09:44:54:094

Connecting Started...

<<<----  [OUT]
2021/10/19 09:45:15:131

I can't connect with the passive [192.168.100.113/5000] error_code:10060 !

<<<----  [OUT]
2021/10/19 09:45:17:611

Connecting Started...

<<<----  [OUT]
2021/10/19 09:45:38:640

I can't connect with the passive [192.168.100.113/5000] error_code:10060 !

<<<----  [OUT]
2021/10/19 09:45:41:126

Connecting Started...

<<<----  [OUT]
2021/10/19 09:46:02:178

I can't connect with the passive [192.168.100.113/5000] error_code:10060 !

<<<----  [OUT]
2021/10/19 09:46:04:658

Connecting Started...

<<<----  [OUT]
2021/10/19 09:46:25:693

I can't connect with the passive [192.168.100.113/5000] error_code:10060 !

<<<----  [OUT]
2021/10/19 09:46:28:172

Connecting Started...

<<<----  [OUT]
2021/10/19 09:46:49:208

I can't connect with the passive [192.168.100.113/5000] error_code:10060 !

<<<----  [OUT]
2021/10/19 09:46:51:688

Connecting Started...

<<<----  [OUT]
2021/10/19 09:47:12:731

I can't connect with the passive [192.168.100.113/5000] error_code:10060 !

<<<----  [OUT]
2021/10/19 09:47:15:219

Connecting Started...
