
<<<----  [OUT]
2021/10/19 16:11:02:394

---------------------------------------------------------------------
// FA : Start Log ...


<<<----  [OUT]
2021/10/19 16:11:02:411

//-------------------------------------------------------------
Property Information

   Driver Type [HSMS]
   Driver Mode [ACTIVE]
   IP    [192.168.100.113]
   Port  [5000]
//-------------------------------------------------------------


<<<----  [OUT]
2021/10/19 16:11:03:013

Auto-Start Started ... (Active)

<<<----  [OUT]
2021/10/19 16:11:03:104

Auto-Start Started ...  Waiting Stop-Connection.

<<<----  [OUT]
2021/10/19 16:11:03:104

Auto-Start Started ...  Waiting Open-Socket.

<<<----  [OUT]
2021/10/19 16:11:03:120

Socket Open Started...

<<<----  [OUT]
2021/10/19 16:11:03:120

Socket Open Completed...

<<<----  [OUT]
2021/10/19 16:11:03:120

Connecting Started...

<<<----  [OUT]
2021/10/19 16:11:03:194

Auto-Start Completed ...  (Active)

<<<----  [OUT]
2021/10/19 16:11:24:174

I can't connect with the passive [192.168.100.113/5000] error_code:10060 !

<<<----  [OUT]
2021/10/19 16:11:26:661

Connecting Started...

<<<----  [OUT]
2021/10/19 16:11:47:706

I can't connect with the passive [192.168.100.113/5000] error_code:10060 !

<<<----  [OUT]
2021/10/19 16:11:50:192

Connecting Started...

<<<----  [OUT]
2021/10/19 16:12:11:226

I can't connect with the passive [192.168.100.113/5000] error_code:10060 !

<<<----  [OUT]
2021/10/19 16:12:13:708

Connecting Started...

<<<----  [OUT]
2021/10/19 16:16:43:649

---------------------------------------------------------------------
// FA : Start Log ...


<<<----  [OUT]
2021/10/19 16:16:43:659

//-------------------------------------------------------------
Property Information

   Driver Type [HSMS]
   Driver Mode [ACTIVE]
   IP    [192.168.100.113]
   Port  [5000]
//-------------------------------------------------------------


<<<----  [OUT]
2021/10/19 16:16:44:260

Auto-Start Started ... (Active)

<<<----  [OUT]
2021/10/19 16:16:44:351

Auto-Start Started ...  Waiting Stop-Connection.

<<<----  [OUT]
2021/10/19 16:16:44:351

Auto-Start Started ...  Waiting Open-Socket.

<<<----  [OUT]
2021/10/19 16:16:44:376

Socket Open Started...

<<<----  [OUT]
2021/10/19 16:16:44:376

Socket Open Completed...

<<<----  [OUT]
2021/10/19 16:16:44:376

Connecting Started...

<<<----  [OUT]
2021/10/19 16:16:44:442

Auto-Start Completed ...  (Active)

<<<----  [OUT]
2021/10/19 16:17:05:410

I can't connect with the passive [192.168.100.113/5000] error_code:10060 !

<<<----  [OUT]
2021/10/19 16:17:07:896

Connecting Started...

<<<----  [OUT]
2021/10/19 16:17:28:950

I can't connect with the passive [192.168.100.113/5000] error_code:10060 !

<<<----  [OUT]
2021/10/19 16:17:31:426

Connecting Started...

<<<----  [OUT]
2021/10/19 16:22:02:998

---------------------------------------------------------------------
// FA : Start Log ...


<<<----  [OUT]
2021/10/19 16:22:03:015

//-------------------------------------------------------------
Property Information

   Driver Type [HSMS]
   Driver Mode [ACTIVE]
   IP    [192.168.100.113]
   Port  [5000]
//-------------------------------------------------------------


<<<----  [OUT]
2021/10/19 16:22:03:618

Auto-Start Started ... (Active)

<<<----  [OUT]
2021/10/19 16:22:03:709

Auto-Start Started ...  Waiting Stop-Connection.

<<<----  [OUT]
2021/10/19 16:22:03:709

Auto-Start Started ...  Waiting Open-Socket.

<<<----  [OUT]
2021/10/19 16:22:03:725

Socket Open Started...

<<<----  [OUT]
2021/10/19 16:22:03:725

Socket Open Completed...

<<<----  [OUT]
2021/10/19 16:22:03:725

Connecting Started...

<<<----  [OUT]
2021/10/19 16:22:03:799

Auto-Start Completed ...  (Active)

<<<----  [OUT]
2021/10/19 16:22:24:765

I can't connect with the passive [192.168.100.113/5000] error_code:10060 !

<<<----  [OUT]
2021/10/19 16:22:27:255

Connecting Started...

<<<----  [OUT]
2021/10/19 16:22:48:295

I can't connect with the passive [192.168.100.113/5000] error_code:10060 !

<<<----  [OUT]
2021/10/19 16:22:50:786

Connecting Started...

<<<----  [OUT]
2021/10/19 16:23:11:831

I can't connect with the passive [192.168.100.113/5000] error_code:10060 !

<<<----  [OUT]
2021/10/19 16:23:14:317

Connecting Started...

<<<----  [OUT]
2021/10/19 16:23:35:359

I can't connect with the passive [192.168.100.113/5000] error_code:10060 !

<<<----  [OUT]
2021/10/19 16:23:37:848

Connecting Started...

<<<----  [OUT]
2021/10/19 16:23:58:877

I can't connect with the passive [192.168.100.113/5000] error_code:10060 !

<<<----  [OUT]
2021/10/19 16:24:01:364

Connecting Started...

<<<----  [OUT]
2021/10/19 16:24:22:404

I can't connect with the passive [192.168.100.113/5000] error_code:10060 !

<<<----  [OUT]
2021/10/19 16:24:24:896

Connecting Started...

<<<----  [OUT]
2021/10/19 16:24:45:935

I can't connect with the passive [192.168.100.113/5000] error_code:10060 !

<<<----  [OUT]
2021/10/19 16:24:48:410

Connecting Started...

<<<----  [OUT]
2021/10/19 16:25:09:460

I can't connect with the passive [192.168.100.113/5000] error_code:10060 !

<<<----  [OUT]
2021/10/19 16:25:11:941

Connecting Started...

<<<----  [OUT]
2021/10/19 16:25:32:970

I can't connect with the passive [192.168.100.113/5000] error_code:10060 !

<<<----  [OUT]
2021/10/19 16:25:35:458

Connecting Started...

<<<----  [OUT]
2021/10/19 16:25:56:510

I can't connect with the passive [192.168.100.113/5000] error_code:10060 !

<<<----  [OUT]
2021/10/19 16:25:58:989

Connecting Started...

<<<----  [OUT]
2021/10/19 16:26:20:015

I can't connect with the passive [192.168.100.113/5000] error_code:10060 !

<<<----  [OUT]
2021/10/19 16:26:22:505

Connecting Started...

<<<----  [OUT]
2021/10/19 16:26:43:553

I can't connect with the passive [192.168.100.113/5000] error_code:10060 !

<<<----  [OUT]
2021/10/19 16:26:46:036

Connecting Started...

<<<----  [OUT]
2021/10/19 16:27:07:066

I can't connect with the passive [192.168.100.113/5000] error_code:10060 !

<<<----  [OUT]
2021/10/19 16:27:09:551

Connecting Started...

<<<----  [OUT]
2021/10/19 16:27:30:594

I can't connect with the passive [192.168.100.113/5000] error_code:10060 !

<<<----  [OUT]
2021/10/19 16:27:33:083

Connecting Started...

<<<----  [OUT]
2021/10/19 16:27:54:123

I can't connect with the passive [192.168.100.113/5000] error_code:10060 !

<<<----  [OUT]
2021/10/19 16:27:56:614

Connecting Started...

<<<----  [OUT]
2021/10/19 16:28:17:672

I can't connect with the passive [192.168.100.113/5000] error_code:10060 !

<<<----  [OUT]
2021/10/19 16:28:20:161

Connecting Started...

<<<----  [OUT]
2021/10/19 16:28:41:199

I can't connect with the passive [192.168.100.113/5000] error_code:10060 !

<<<----  [OUT]
2021/10/19 16:28:43:676

Connecting Started...

<<<----  [OUT]
2021/10/19 16:29:04:712

I can't connect with the passive [192.168.100.113/5000] error_code:10060 !

<<<----  [OUT]
2021/10/19 16:29:07:192

Connecting Started...
