
<<<----  [OUT]
2021/10/19 11:10:47:880

---------------------------------------------------------------------
// FA : Start Log ...


<<<----  [OUT]
2021/10/19 11:10:47:896

//-------------------------------------------------------------
Property Information

   Driver Type [HSMS]
   Driver Mode [ACTIVE]
   IP    [192.168.100.113]
   Port  [5000]
//-------------------------------------------------------------


<<<----  [OUT]
2021/10/19 11:10:48:498

Auto-Start Started ... (Active)

<<<----  [OUT]
2021/10/19 11:10:48:589

Auto-Start Started ...  Waiting Stop-Connection.

<<<----  [OUT]
2021/10/19 11:10:48:589

Auto-Start Started ...  Waiting Open-Socket.

<<<----  [OUT]
2021/10/19 11:10:48:606

Socket Open Started...

<<<----  [OUT]
2021/10/19 11:10:48:606

Socket Open Completed...

<<<----  [OUT]
2021/10/19 11:10:48:606

Connecting Started...

<<<----  [OUT]
2021/10/19 11:10:48:680

Auto-Start Completed ...  (Active)

<<<----  [OUT]
2021/10/19 11:11:09:657

I can't connect with the passive [192.168.100.113/5000] error_code:10060 !

<<<----  [OUT]
2021/10/19 11:11:12:141

Connecting Started...

<<<----  [OUT]
2021/10/19 11:11:33:175

I can't connect with the passive [192.168.100.113/5000] error_code:10060 !

<<<----  [OUT]
2021/10/19 11:11:35:657

Connecting Started...

<<<----  [OUT]
2021/10/19 11:11:56:679

I can't connect with the passive [192.168.100.113/5000] error_code:10060 !

<<<----  [OUT]
2021/10/19 11:11:59:158

Connecting Started...

<<<----  [OUT]
2021/10/19 11:12:20:202

I can't connect with the passive [192.168.100.113/5000] error_code:10060 !

<<<----  [OUT]
2021/10/19 11:12:22:689

Connecting Started...

<<<----  [OUT]
2021/10/19 11:12:43:718

I can't connect with the passive [192.168.100.113/5000] error_code:10060 !

<<<----  [OUT]
2021/10/19 11:12:46:205

Connecting Started...

<<<----  [OUT]
2021/10/19 11:13:07:239

I can't connect with the passive [192.168.100.113/5000] error_code:10060 !

<<<----  [OUT]
2021/10/19 11:13:09:720

Connecting Started...

<<<----  [OUT]
2021/10/19 11:13:30:761

I can't connect with the passive [192.168.100.113/5000] error_code:10060 !

<<<----  [OUT]
2021/10/19 11:13:33:251

Connecting Started...

<<<----  [OUT]
2021/10/19 11:13:54:279

I can't connect with the passive [192.168.100.113/5000] error_code:10060 !

<<<----  [OUT]
2021/10/19 11:13:56:766

Connecting Started...

<<<----  [OUT]
2021/10/19 11:14:17:812

I can't connect with the passive [192.168.100.113/5000] error_code:10060 !

<<<----  [OUT]
2021/10/19 11:14:20:298

Connecting Started...

<<<----  [OUT]
2021/10/19 11:14:41:326

I can't connect with the passive [192.168.100.113/5000] error_code:10060 !

<<<----  [OUT]
2021/10/19 11:14:43:813

Connecting Started...

<<<----  [OUT]
2021/10/19 11:15:04:849

I can't connect with the passive [192.168.100.113/5000] error_code:10060 !

<<<----  [OUT]
2021/10/19 11:15:07:328

Connecting Started...

<<<----  [OUT]
2021/10/19 11:17:16:471

---------------------------------------------------------------------
// FA : Start Log ...


<<<----  [OUT]
2021/10/19 11:17:16:481

//-------------------------------------------------------------
Property Information

   Driver Type [HSMS]
   Driver Mode [ACTIVE]
   IP    [192.168.100.113]
   Port  [5000]
//-------------------------------------------------------------


<<<----  [OUT]
2021/10/19 11:17:17:083

Auto-Start Started ... (Active)

<<<----  [OUT]
2021/10/19 11:17:17:174

Auto-Start Started ...  Waiting Stop-Connection.

<<<----  [OUT]
2021/10/19 11:17:17:174

Auto-Start Started ...  Waiting Open-Socket.

<<<----  [OUT]
2021/10/19 11:17:17:197

Socket Open Started...

<<<----  [OUT]
2021/10/19 11:17:17:197

Socket Open Completed...

<<<----  [OUT]
2021/10/19 11:17:17:197

Connecting Started...

<<<----  [OUT]
2021/10/19 11:17:17:265

Auto-Start Completed ...  (Active)

<<<----  [OUT]
2021/10/19 11:17:38:222

I can't connect with the passive [192.168.100.113/5000] error_code:10060 !

<<<----  [OUT]
2021/10/19 11:17:40:703

Connecting Started...

<<<----  [OUT]
2021/10/19 11:18:01:734

I can't connect with the passive [192.168.100.113/5000] error_code:10060 !

<<<----  [OUT]
2021/10/19 11:18:04:219

Connecting Started...

<<<----  [OUT]
2021/10/19 11:18:25:252

I can't connect with the passive [192.168.100.113/5000] error_code:10060 !

<<<----  [OUT]
2021/10/19 11:18:27:735

Connecting Started...

<<<----  [OUT]
2021/10/19 11:18:48:767

I can't connect with the passive [192.168.100.113/5000] error_code:10060 !

<<<----  [OUT]
2021/10/19 11:18:51:251

Connecting Started...

<<<----  [OUT]
2021/10/19 11:19:12:295

I can't connect with the passive [192.168.100.113/5000] error_code:10060 !

<<<----  [OUT]
2021/10/19 11:19:14:781

Connecting Started...

<<<----  [OUT]
2021/10/19 11:19:35:818

I can't connect with the passive [192.168.100.113/5000] error_code:10060 !

<<<----  [OUT]
2021/10/19 11:19:38:298

Connecting Started...

<<<----  [OUT]
2021/10/19 11:19:59:346

I can't connect with the passive [192.168.100.113/5000] error_code:10060 !

<<<----  [OUT]
2021/10/19 11:20:01:829

Connecting Started...

<<<----  [OUT]
2021/10/19 11:20:22:890

I can't connect with the passive [192.168.100.113/5000] error_code:10060 !

<<<----  [OUT]
2021/10/19 11:20:25:375

Connecting Started...

<<<----  [OUT]
2021/10/19 11:25:00:975

---------------------------------------------------------------------
// FA : Start Log ...


<<<----  [OUT]
2021/10/19 11:25:00:984

//-------------------------------------------------------------
Property Information

   Driver Type [HSMS]
   Driver Mode [ACTIVE]
   IP    [192.168.100.113]
   Port  [5000]
//-------------------------------------------------------------


<<<----  [OUT]
2021/10/19 11:25:01:585

Auto-Start Started ... (Active)

<<<----  [OUT]
2021/10/19 11:25:01:676

Auto-Start Started ...  Waiting Stop-Connection.

<<<----  [OUT]
2021/10/19 11:25:01:676

Auto-Start Started ...  Waiting Open-Socket.

<<<----  [OUT]
2021/10/19 11:25:01:701

Socket Open Started...

<<<----  [OUT]
2021/10/19 11:25:01:701

Socket Open Completed...

<<<----  [OUT]
2021/10/19 11:25:01:701

Connecting Started...

<<<----  [OUT]
2021/10/19 11:25:01:766

Auto-Start Completed ...  (Active)

<<<----  [OUT]
2021/10/19 11:25:22:745

I can't connect with the passive [192.168.100.113/5000] error_code:10060 !

<<<----  [OUT]
2021/10/19 11:25:25:236

Connecting Started...

<<<----  [OUT]
2021/10/19 11:25:46:267

I can't connect with the passive [192.168.100.113/5000] error_code:10060 !

<<<----  [OUT]
2021/10/19 11:25:48:752

Connecting Started...

<<<----  [OUT]
2021/10/19 11:26:09:788

I can't connect with the passive [192.168.100.113/5000] error_code:10060 !

<<<----  [OUT]
2021/10/19 11:26:12:267

Connecting Started...

<<<----  [OUT]
2021/10/19 11:26:33:311

I can't connect with the passive [192.168.100.113/5000] error_code:10060 !

<<<----  [OUT]
2021/10/19 11:26:35:797

Connecting Started...

<<<----  [OUT]
2021/10/19 11:26:56:824

I can't connect with the passive [192.168.100.113/5000] error_code:10060 !

<<<----  [OUT]
2021/10/19 11:26:59:313

Connecting Started...

<<<----  [OUT]
2021/10/19 11:27:20:355

I can't connect with the passive [192.168.100.113/5000] error_code:10060 !

<<<----  [OUT]
2021/10/19 11:27:22:845

Connecting Started...

<<<----  [OUT]
2021/10/19 11:27:43:883

I can't connect with the passive [192.168.100.113/5000] error_code:10060 !

<<<----  [OUT]
2021/10/19 11:27:46:361

Connecting Started...

<<<----  [OUT]
2021/10/19 11:28:07:425

I can't connect with the passive [192.168.100.113/5000] error_code:10060 !

<<<----  [OUT]
2021/10/19 11:28:09:906

Connecting Started...

<<<----  [OUT]
2021/10/19 11:28:30:934

I can't connect with the passive [192.168.100.113/5000] error_code:10060 !

<<<----  [OUT]
2021/10/19 11:28:33:423

Connecting Started...

<<<----  [OUT]
2021/10/19 11:28:54:456

I can't connect with the passive [192.168.100.113/5000] error_code:10060 !

<<<----  [OUT]
2021/10/19 11:28:56:938

Connecting Started...

<<<----  [OUT]
2021/10/19 11:31:52:678

---------------------------------------------------------------------
// FA : Start Log ...


<<<----  [OUT]
2021/10/19 11:31:52:687

//-------------------------------------------------------------
Property Information

   Driver Type [HSMS]
   Driver Mode [ACTIVE]
   IP    [192.168.100.113]
   Port  [5000]
//-------------------------------------------------------------


<<<----  [OUT]
2021/10/19 11:31:53:289

Auto-Start Started ... (Active)

<<<----  [OUT]
2021/10/19 11:31:53:379

Auto-Start Started ...  Waiting Stop-Connection.

<<<----  [OUT]
2021/10/19 11:31:53:379

Auto-Start Started ...  Waiting Open-Socket.

<<<----  [OUT]
2021/10/19 11:31:53:404

Socket Open Started...

<<<----  [OUT]
2021/10/19 11:31:53:404

Socket Open Completed...

<<<----  [OUT]
2021/10/19 11:31:53:404

Connecting Started...

<<<----  [OUT]
2021/10/19 11:31:53:470

Auto-Start Completed ...  (Active)

<<<----  [OUT]
2021/10/19 11:32:14:445

I can't connect with the passive [192.168.100.113/5000] error_code:10060 !

<<<----  [OUT]
2021/10/19 11:32:16:922

Connecting Started...

<<<----  [OUT]
2021/10/19 11:32:37:949

I can't connect with the passive [192.168.100.113/5000] error_code:10060 !

<<<----  [OUT]
2021/10/19 11:32:40:438

Connecting Started...

<<<----  [OUT]
2021/10/19 11:33:01:477

I can't connect with the passive [192.168.100.113/5000] error_code:10060 !

<<<----  [OUT]
2021/10/19 11:33:03:954

Connecting Started...

<<<----  [OUT]
2021/10/19 11:33:24:978

I can't connect with the passive [192.168.100.113/5000] error_code:10060 !

<<<----  [OUT]
2021/10/19 11:33:27:470

Connecting Started...

<<<----  [OUT]
2021/10/19 11:33:48:516

I can't connect with the passive [192.168.100.113/5000] error_code:10060 !

<<<----  [OUT]
2021/10/19 11:33:51:001

Connecting Started...

<<<----  [OUT]
2021/10/19 11:34:12:039

I can't connect with the passive [192.168.100.113/5000] error_code:10060 !

<<<----  [OUT]
2021/10/19 11:34:14:516

Connecting Started...

<<<----  [OUT]
2021/10/19 11:34:35:564

I can't connect with the passive [192.168.100.113/5000] error_code:10060 !

<<<----  [OUT]
2021/10/19 11:34:38:047

Connecting Started...

<<<----  [OUT]
2021/10/19 11:34:59:086

I can't connect with the passive [192.168.100.113/5000] error_code:10060 !

<<<----  [OUT]
2021/10/19 11:35:01:563

Connecting Started...

<<<----  [OUT]
2021/10/19 11:35:22:618

I can't connect with the passive [192.168.100.113/5000] error_code:10060 !

<<<----  [OUT]
2021/10/19 11:35:25:094

Connecting Started...

<<<----  [OUT]
2021/10/19 11:35:46:145

I can't connect with the passive [192.168.100.113/5000] error_code:10060 !

<<<----  [OUT]
2021/10/19 11:35:48:625

Connecting Started...

<<<----  [OUT]
2021/10/19 11:38:22:310

---------------------------------------------------------------------
// FA : Start Log ...


<<<----  [OUT]
2021/10/19 11:38:22:327

//-------------------------------------------------------------
Property Information

   Driver Type [HSMS]
   Driver Mode [ACTIVE]
   IP    [192.168.100.113]
   Port  [5000]
//-------------------------------------------------------------


<<<----  [OUT]
2021/10/19 11:38:22:930

Auto-Start Started ... (Active)

<<<----  [OUT]
2021/10/19 11:38:23:021

Auto-Start Started ...  Waiting Stop-Connection.

<<<----  [OUT]
2021/10/19 11:38:23:021

Auto-Start Started ...  Waiting Open-Socket.

<<<----  [OUT]
2021/10/19 11:38:23:037

Socket Open Started...

<<<----  [OUT]
2021/10/19 11:38:23:037

Socket Open Completed...

<<<----  [OUT]
2021/10/19 11:38:23:037

Connecting Started...

<<<----  [OUT]
2021/10/19 11:38:23:111

Auto-Start Completed ...  (Active)

<<<----  [OUT]
2021/10/19 11:38:44:071

I can't connect with the passive [192.168.100.113/5000] error_code:10060 !

<<<----  [OUT]
2021/10/19 11:38:46:549

Connecting Started...

<<<----  [OUT]
2021/10/19 11:39:07:591

I can't connect with the passive [192.168.100.113/5000] error_code:10060 !

<<<----  [OUT]
2021/10/19 11:39:10:080

Connecting Started...

<<<----  [OUT]
2021/10/19 11:39:31:123

I can't connect with the passive [192.168.100.113/5000] error_code:10060 !

<<<----  [OUT]
2021/10/19 11:39:33:611

Connecting Started...

<<<----  [OUT]
2021/10/19 11:39:54:642

I can't connect with the passive [192.168.100.113/5000] error_code:10060 !

<<<----  [OUT]
2021/10/19 11:39:57:127

Connecting Started...

<<<----  [OUT]
2021/10/19 11:40:18:167

I can't connect with the passive [192.168.100.113/5000] error_code:10060 !

<<<----  [OUT]
2021/10/19 11:40:20:656

Connecting Started...

<<<----  [OUT]
2021/10/19 11:40:41:693

I can't connect with the passive [192.168.100.113/5000] error_code:10060 !

<<<----  [OUT]
2021/10/19 11:40:44:174

Connecting Started...

<<<----  [OUT]
2021/10/19 11:41:05:229

I can't connect with the passive [192.168.100.113/5000] error_code:10060 !

<<<----  [OUT]
2021/10/19 11:41:07:720

Connecting Started...

<<<----  [OUT]
2021/10/19 11:41:28:763

I can't connect with the passive [192.168.100.113/5000] error_code:10060 !

<<<----  [OUT]
2021/10/19 11:41:31:252

Connecting Started...

<<<----  [OUT]
2021/10/19 11:41:52:298

I can't connect with the passive [192.168.100.113/5000] error_code:10060 !

<<<----  [OUT]
2021/10/19 11:41:54:782

Connecting Started...

<<<----  [OUT]
2021/10/19 11:42:15:821

I can't connect with the passive [192.168.100.113/5000] error_code:10060 !

<<<----  [OUT]
2021/10/19 11:42:18:298

Connecting Started...

<<<----  [OUT]
2021/10/19 11:48:12:237

---------------------------------------------------------------------
// FA : Start Log ...


<<<----  [OUT]
2021/10/19 11:48:12:248

//-------------------------------------------------------------
Property Information

   Driver Type [HSMS]
   Driver Mode [ACTIVE]
   IP    [192.168.100.113]
   Port  [5000]
//-------------------------------------------------------------


<<<----  [OUT]
2021/10/19 11:48:12:850

Auto-Start Started ... (Active)

<<<----  [OUT]
2021/10/19 11:48:12:940

Auto-Start Started ...  Waiting Stop-Connection.

<<<----  [OUT]
2021/10/19 11:48:12:940

Auto-Start Started ...  Waiting Open-Socket.

<<<----  [OUT]
2021/10/19 11:48:12:963

Socket Open Started...

<<<----  [OUT]
2021/10/19 11:48:12:963

Socket Open Completed...

<<<----  [OUT]
2021/10/19 11:48:12:963

Connecting Started...

<<<----  [OUT]
2021/10/19 11:48:13:031

Auto-Start Completed ...  (Active)

<<<----  [OUT]
2021/10/19 11:48:33:997

I can't connect with the passive [192.168.100.113/5000] error_code:10060 !

<<<----  [OUT]
2021/10/19 11:48:36:485

Connecting Started...

<<<----  [OUT]
2021/10/19 11:48:57:508

I can't connect with the passive [192.168.100.113/5000] error_code:10060 !

<<<----  [OUT]
2021/10/19 11:48:59:985

Connecting Started...

<<<----  [OUT]
2021/10/19 11:49:21:025

I can't connect with the passive [192.168.100.113/5000] error_code:10060 !

<<<----  [OUT]
2021/10/19 11:49:23:500

Connecting Started...

<<<----  [OUT]
2021/10/19 11:49:44:534

I can't connect with the passive [192.168.100.113/5000] error_code:10060 !

<<<----  [OUT]
2021/10/19 11:49:47:016

Connecting Started...

<<<----  [OUT]
2021/10/19 11:50:08:054

I can't connect with the passive [192.168.100.113/5000] error_code:10060 !

<<<----  [OUT]
2021/10/19 11:50:10:532

Connecting Started...

<<<----  [OUT]
2021/10/19 11:50:31:577

I can't connect with the passive [192.168.100.113/5000] error_code:10060 !

<<<----  [OUT]
2021/10/19 11:50:34:064

Connecting Started...

<<<----  [OUT]
2021/10/19 11:50:55:107

I can't connect with the passive [192.168.100.113/5000] error_code:10060 !

<<<----  [OUT]
2021/10/19 11:50:57:594

Connecting Started...

<<<----  [OUT]
2021/10/19 11:51:18:625

I can't connect with the passive [192.168.100.113/5000] error_code:10060 !

<<<----  [OUT]
2021/10/19 11:51:21:110

Connecting Started...

<<<----  [OUT]
2021/10/19 11:51:42:155

I can't connect with the passive [192.168.100.113/5000] error_code:10060 !

<<<----  [OUT]
2021/10/19 11:51:44:641

Connecting Started...

<<<----  [OUT]
2021/10/19 11:52:05:680

I can't connect with the passive [192.168.100.113/5000] error_code:10060 !

<<<----  [OUT]
2021/10/19 11:52:08:158

Connecting Started...

<<<----  [OUT]
2021/10/19 11:52:29:204

I can't connect with the passive [192.168.100.113/5000] error_code:10060 !

<<<----  [OUT]
2021/10/19 11:52:31:688

Connecting Started...

<<<----  [OUT]
2021/10/19 11:52:52:721

I can't connect with the passive [192.168.100.113/5000] error_code:10060 !

<<<----  [OUT]
2021/10/19 11:52:55:204

Connecting Started...

<<<----  [OUT]
2021/10/19 11:53:16:242

I can't connect with the passive [192.168.100.113/5000] error_code:10060 !

<<<----  [OUT]
2021/10/19 11:53:18:719

Connecting Started...

<<<----  [OUT]
2021/10/19 11:53:39:767

I can't connect with the passive [192.168.100.113/5000] error_code:10060 !

<<<----  [OUT]
2021/10/19 11:53:42:250

Connecting Started...

<<<----  [OUT]
2021/10/19 11:54:03:278

I can't connect with the passive [192.168.100.113/5000] error_code:10060 !

<<<----  [OUT]
2021/10/19 11:54:05:767

Connecting Started...

<<<----  [OUT]
2021/10/19 11:54:26:809

I can't connect with the passive [192.168.100.113/5000] error_code:10060 !

<<<----  [OUT]
2021/10/19 11:54:29:298

Connecting Started...

<<<----  [OUT]
2021/10/19 11:54:50:340

I can't connect with the passive [192.168.100.113/5000] error_code:10060 !

<<<----  [OUT]
2021/10/19 11:54:52:829

Connecting Started...

<<<----  [OUT]
2021/10/19 11:55:13:874

I can't connect with the passive [192.168.100.113/5000] error_code:10060 !

<<<----  [OUT]
2021/10/19 11:55:16:360

Connecting Started...

<<<----  [OUT]
2021/10/19 11:55:37:397

I can't connect with the passive [192.168.100.113/5000] error_code:10060 !

<<<----  [OUT]
2021/10/19 11:55:39:876

Connecting Started...

<<<----  [OUT]
2021/10/19 11:56:00:910

I can't connect with the passive [192.168.100.113/5000] error_code:10060 !

<<<----  [OUT]
2021/10/19 11:56:03:392

Connecting Started...

<<<----  [OUT]
2021/10/19 11:57:12:294

---------------------------------------------------------------------
// FA : Start Log ...


<<<----  [OUT]
2021/10/19 11:57:12:303

//-------------------------------------------------------------
Property Information

   Driver Type [HSMS]
   Driver Mode [ACTIVE]
   IP    [192.168.100.113]
   Port  [5000]
//-------------------------------------------------------------


<<<----  [OUT]
2021/10/19 11:57:12:904

Auto-Start Started ... (Active)

<<<----  [OUT]
2021/10/19 11:57:12:995

Auto-Start Started ...  Waiting Stop-Connection.

<<<----  [OUT]
2021/10/19 11:57:12:995

Auto-Start Started ...  Waiting Open-Socket.

<<<----  [OUT]
2021/10/19 11:57:13:020

Socket Open Started...

<<<----  [OUT]
2021/10/19 11:57:13:020

Socket Open Completed...

<<<----  [OUT]
2021/10/19 11:57:13:020

Connecting Started...

<<<----  [OUT]
2021/10/19 11:57:13:086

Auto-Start Completed ...  (Active)

<<<----  [OUT]
2021/10/19 11:57:34:071

I can't connect with the passive [192.168.100.113/5000] error_code:10060 !

<<<----  [OUT]
2021/10/19 11:57:36:548

Connecting Started...

<<<----  [OUT]
2021/10/19 11:57:57:593

I can't connect with the passive [192.168.100.113/5000] error_code:10060 !

<<<----  [OUT]
2021/10/19 11:58:00:078

Connecting Started...

<<<----  [OUT]
2021/10/19 11:58:21:118

I can't connect with the passive [192.168.100.113/5000] error_code:10060 !

<<<----  [OUT]
2021/10/19 11:58:23:595

Connecting Started...

<<<----  [OUT]
2021/10/19 11:58:44:651

I can't connect with the passive [192.168.100.113/5000] error_code:10060 !

<<<----  [OUT]
2021/10/19 11:58:47:142

Connecting Started...

<<<----  [OUT]
2021/10/19 11:59:08:182

I can't connect with the passive [192.168.100.113/5000] error_code:10060 !

<<<----  [OUT]
2021/10/19 11:59:10:672

Connecting Started...

<<<----  [OUT]
2021/10/19 11:59:31:715

I can't connect with the passive [192.168.100.113/5000] error_code:10060 !
