
<<<----  [OUT]
2021/10/19 10:26:53:062

---------------------------------------------------------------------
// FA : Start Log ...


<<<----  [OUT]
2021/10/19 10:26:53:078

//-------------------------------------------------------------
Property Information

   Driver Type [HSMS]
   Driver Mode [ACTIVE]
   IP    [192.168.100.113]
   Port  [5000]
//-------------------------------------------------------------


<<<----  [OUT]
2021/10/19 10:26:53:681

Auto-Start Started ... (Active)

<<<----  [OUT]
2021/10/19 10:26:53:771

Auto-Start Started ...  Waiting Stop-Connection.

<<<----  [OUT]
2021/10/19 10:26:53:771

Auto-Start Started ...  Waiting Open-Socket.

<<<----  [OUT]
2021/10/19 10:26:53:788

Socket Open Started...

<<<----  [OUT]
2021/10/19 10:26:53:788

Socket Open Completed...

<<<----  [OUT]
2021/10/19 10:26:53:788

Connecting Started...

<<<----  [OUT]
2021/10/19 10:26:53:862

Auto-Start Completed ...  (Active)

<<<----  [OUT]
2021/10/19 10:27:14:836

I can't connect with the passive [192.168.100.113/5000] error_code:10060 !

<<<----  [OUT]
2021/10/19 10:27:17:312

Connecting Started...

<<<----  [OUT]
2021/10/19 10:27:38:358

I can't connect with the passive [192.168.100.113/5000] error_code:10060 !

<<<----  [OUT]
2021/10/19 10:27:40:844

Connecting Started...

<<<----  [OUT]
2021/10/19 10:28:01:879

I can't connect with the passive [192.168.100.113/5000] error_code:10060 !

<<<----  [OUT]
2021/10/19 10:28:04:360

Connecting Started...

<<<----  [OUT]
2021/10/19 10:28:25:383

I can't connect with the passive [192.168.100.113/5000] error_code:10060 !

<<<----  [OUT]
2021/10/19 10:28:27:860

Connecting Started...

<<<----  [OUT]
2021/10/19 10:28:48:910

I can't connect with the passive [192.168.100.113/5000] error_code:10060 !

<<<----  [OUT]
2021/10/19 10:28:51:392

Connecting Started...

<<<----  [OUT]
2021/10/19 10:29:12:420

I can't connect with the passive [192.168.100.113/5000] error_code:10060 !

<<<----  [OUT]
2021/10/19 10:29:14:907

Connecting Started...

<<<----  [OUT]
2021/10/19 10:29:35:936

I can't connect with the passive [192.168.100.113/5000] error_code:10060 !

<<<----  [OUT]
2021/10/19 10:29:38:424

Connecting Started...

<<<----  [OUT]
2021/10/19 10:29:59:467

I can't connect with the passive [192.168.100.113/5000] error_code:10060 !

<<<----  [OUT]
2021/10/19 10:30:01:954

Connecting Started...

<<<----  [OUT]
2021/10/19 10:30:23:011

I can't connect with the passive [192.168.100.113/5000] error_code:10060 !

<<<----  [OUT]
2021/10/19 10:30:25:501

Connecting Started...

<<<----  [OUT]
2021/10/19 10:30:46:547

I can't connect with the passive [192.168.100.113/5000] error_code:10060 !

<<<----  [OUT]
2021/10/19 10:30:49:033

Connecting Started...

<<<----  [OUT]
2021/10/19 10:31:10:070

I can't connect with the passive [192.168.100.113/5000] error_code:10060 !

<<<----  [OUT]
2021/10/19 10:31:12:547

Connecting Started...

<<<----  [OUT]
2021/10/19 10:31:33:603

I can't connect with the passive [192.168.100.113/5000] error_code:10060 !

<<<----  [OUT]
2021/10/19 10:31:36:095

Connecting Started...

<<<----  [OUT]
2021/10/19 10:31:57:143

I can't connect with the passive [192.168.100.113/5000] error_code:10060 !

<<<----  [OUT]
2021/10/19 10:31:59:625

Connecting Started...

<<<----  [OUT]
2021/10/19 10:32:20:682

I can't connect with the passive [192.168.100.113/5000] error_code:10060 !

<<<----  [OUT]
2021/10/19 10:32:23:172

Connecting Started...

<<<----  [OUT]
2021/10/19 10:32:44:206

I can't connect with the passive [192.168.100.113/5000] error_code:10060 !

<<<----  [OUT]
2021/10/19 10:32:46:689

Connecting Started...
