
<<<----  [OUT]
2021/10/19 23:10:30:960

---------------------------------------------------------------------
// FA : Start Log ...


<<<----  [OUT]
2021/10/19 23:10:30:972

//-------------------------------------------------------------
Property Information

   Driver Type [HSMS]
   Driver Mode [ACTIVE]
   IP    [192.168.100.113]
   Port  [5000]
//-------------------------------------------------------------


<<<----  [OUT]
2021/10/19 23:10:31:574

Auto-Start Started ... (Active)

<<<----  [OUT]
2021/10/19 23:10:31:664

Auto-Start Started ...  Waiting Stop-Connection.

<<<----  [OUT]
2021/10/19 23:10:31:664

Auto-Start Started ...  Waiting Open-Socket.

<<<----  [OUT]
2021/10/19 23:10:31:686

Socket Open Started...

<<<----  [OUT]
2021/10/19 23:10:31:686

Socket Open Completed...

<<<----  [OUT]
2021/10/19 23:10:31:686

Connecting Started...

<<<----  [OUT]
2021/10/19 23:10:31:755

Auto-Start Completed ...  (Active)

<<<----  [OUT]
2021/10/19 23:10:52:724

I can't connect with the passive [192.168.100.113/5000] error_code:10060 !

<<<----  [OUT]
2021/10/19 23:10:55:207

Connecting Started...

<<<----  [OUT]
2021/10/19 23:11:16:261

I can't connect with the passive [192.168.100.113/5000] error_code:10060 !

<<<----  [OUT]
2021/10/19 23:11:18:739

Connecting Started...

<<<----  [OUT]
2021/10/19 23:11:39:772

I can't connect with the passive [192.168.100.113/5000] error_code:10060 !

<<<----  [OUT]
2021/10/19 23:11:42:255

Connecting Started...

<<<----  [OUT]
2021/10/19 23:12:03:287

I can't connect with the passive [192.168.100.113/5000] error_code:10060 !

<<<----  [OUT]
2021/10/19 23:12:05:771

Connecting Started...

<<<----  [OUT]
2021/10/19 23:12:26:795

I can't connect with the passive [192.168.100.113/5000] error_code:10060 !

<<<----  [OUT]
2021/10/19 23:12:29:286

Connecting Started...

<<<----  [OUT]
2021/10/19 23:12:50:333

I can't connect with the passive [192.168.100.113/5000] error_code:10060 !

<<<----  [OUT]
2021/10/19 23:12:52:817

Connecting Started...

<<<----  [OUT]
2021/10/19 23:13:13:867

I can't connect with the passive [192.168.100.113/5000] error_code:10060 !

<<<----  [OUT]
2021/10/19 23:13:16:349

Connecting Started...

<<<----  [OUT]
2021/10/19 23:13:37:384

I can't connect with the passive [192.168.100.113/5000] error_code:10060 !

<<<----  [OUT]
2021/10/19 23:13:39:864

Connecting Started...

<<<----  [OUT]
2021/10/19 23:14:00:917

I can't connect with the passive [192.168.100.113/5000] error_code:10060 !

<<<----  [OUT]
2021/10/19 23:14:03:395

Connecting Started...

<<<----  [OUT]
2021/10/19 23:14:24:427

I can't connect with the passive [192.168.100.113/5000] error_code:10060 !

<<<----  [OUT]
2021/10/19 23:14:26:912

Connecting Started...

<<<----  [OUT]
2021/10/19 23:14:47:943

I can't connect with the passive [192.168.100.113/5000] error_code:10060 !

<<<----  [OUT]
2021/10/19 23:14:50:427

Connecting Started...

<<<----  [OUT]
2021/10/19 23:15:11:466

I can't connect with the passive [192.168.100.113/5000] error_code:10060 !

<<<----  [OUT]
2021/10/19 23:15:13:942

Connecting Started...

<<<----  [OUT]
2021/10/19 23:15:34:989

I can't connect with the passive [192.168.100.113/5000] error_code:10060 !

<<<----  [OUT]
2021/10/19 23:15:37:474

Connecting Started...

<<<----  [OUT]
2021/10/19 23:15:58:510

I can't connect with the passive [192.168.100.113/5000] error_code:10060 !

<<<----  [OUT]
2021/10/19 23:16:00:989

Connecting Started...

<<<----  [OUT]
2021/10/19 23:16:22:017

I can't connect with the passive [192.168.100.113/5000] error_code:10060 !

<<<----  [OUT]
2021/10/19 23:16:24:505

Connecting Started...

<<<----  [OUT]
2021/10/19 23:16:45:552

I can't connect with the passive [192.168.100.113/5000] error_code:10060 !

<<<----  [OUT]
2021/10/19 23:16:48:036

Connecting Started...

<<<----  [OUT]
2021/10/19 23:17:09:081

I can't connect with the passive [192.168.100.113/5000] error_code:10060 !

<<<----  [OUT]
2021/10/19 23:17:11:568

Connecting Started...

<<<----  [OUT]
2021/10/19 23:17:32:628

I can't connect with the passive [192.168.100.113/5000] error_code:10060 !

<<<----  [OUT]
2021/10/19 23:17:35:114

Connecting Started...

<<<----  [OUT]
2021/10/19 23:17:56:138

I can't connect with the passive [192.168.100.113/5000] error_code:10060 !

<<<----  [OUT]
2021/10/19 23:17:58:631

Connecting Started...

<<<----  [OUT]
2021/10/19 23:18:19:684

I can't connect with the passive [192.168.100.113/5000] error_code:10060 !

<<<----  [OUT]
2021/10/19 23:18:22:162

Connecting Started...

<<<----  [OUT]
2021/10/19 23:18:43:200

I can't connect with the passive [192.168.100.113/5000] error_code:10060 !

<<<----  [OUT]
2021/10/19 23:18:45:676

Connecting Started...

<<<----  [OUT]
2021/10/19 23:19:06:717

I can't connect with the passive [192.168.100.113/5000] error_code:10060 !

<<<----  [OUT]
2021/10/19 23:19:09:208

Connecting Started...

<<<----  [OUT]
2021/10/19 23:19:30:245

I can't connect with the passive [192.168.100.113/5000] error_code:10060 !

<<<----  [OUT]
2021/10/19 23:19:32:723

Connecting Started...

<<<----  [OUT]
2021/10/19 23:19:53:765

I can't connect with the passive [192.168.100.113/5000] error_code:10060 !

<<<----  [OUT]
2021/10/19 23:19:56:254

Connecting Started...

<<<----  [OUT]
2021/10/19 23:20:17:304

I can't connect with the passive [192.168.100.113/5000] error_code:10060 !

<<<----  [OUT]
2021/10/19 23:20:19:786

Connecting Started...

<<<----  [OUT]
2021/10/19 23:20:40:805

I can't connect with the passive [192.168.100.113/5000] error_code:10060 !

<<<----  [OUT]
2021/10/19 23:20:43:286

Connecting Started...

<<<----  [OUT]
2021/10/19 23:21:04:312

I can't connect with the passive [192.168.100.113/5000] error_code:10060 !

<<<----  [OUT]
2021/10/19 23:21:06:802

Connecting Started...

<<<----  [OUT]
2021/10/19 23:39:43:979

---------------------------------------------------------------------
// FA : Start Log ...


<<<----  [OUT]
2021/10/19 23:39:43:998

//-------------------------------------------------------------
Property Information

   Driver Type [HSMS]
   Driver Mode [ACTIVE]
   IP    [192.168.100.113]
   Port  [5000]
//-------------------------------------------------------------


<<<----  [OUT]
2021/10/19 23:39:44:599

Auto-Start Started ... (Active)

<<<----  [OUT]
2021/10/19 23:39:44:690

Auto-Start Started ...  Waiting Stop-Connection.

<<<----  [OUT]
2021/10/19 23:39:44:690

Auto-Start Started ...  Waiting Open-Socket.

<<<----  [OUT]
2021/10/19 23:39:44:705

Socket Open Started...

<<<----  [OUT]
2021/10/19 23:39:44:705

Socket Open Completed...

<<<----  [OUT]
2021/10/19 23:39:44:705

Connecting Started...

<<<----  [OUT]
2021/10/19 23:39:44:781

Auto-Start Completed ...  (Active)

<<<----  [OUT]
2021/10/19 23:40:05:748

I can't connect with the passive [192.168.100.113/5000] error_code:10060 !

<<<----  [OUT]
2021/10/19 23:40:08:238

Connecting Started...

<<<----  [OUT]
2021/10/19 23:40:29:289

I can't connect with the passive [192.168.100.113/5000] error_code:10060 !

<<<----  [OUT]
2021/10/19 23:40:31:771

Connecting Started...

<<<----  [OUT]
2021/10/19 23:40:52:812

I can't connect with the passive [192.168.100.113/5000] error_code:10060 !

<<<----  [OUT]
2021/10/19 23:40:55:302

Connecting Started...

<<<----  [OUT]
2021/10/19 23:41:16:333

I can't connect with the passive [192.168.100.113/5000] error_code:10060 !

<<<----  [OUT]
2021/10/19 23:41:18:818

Connecting Started...

<<<----  [OUT]
2021/10/19 23:41:39:865

I can't connect with the passive [192.168.100.113/5000] error_code:10060 !

<<<----  [OUT]
2021/10/19 23:41:42:349

Connecting Started...

<<<----  [OUT]
2021/10/19 23:42:03:375

I can't connect with the passive [192.168.100.113/5000] error_code:10060 !

<<<----  [OUT]
2021/10/19 23:42:05:864

Connecting Started...

<<<----  [OUT]
2021/10/19 23:42:26:914

I can't connect with the passive [192.168.100.113/5000] error_code:10060 !

<<<----  [OUT]
2021/10/19 23:42:29:394

Connecting Started...

<<<----  [OUT]
2021/10/19 23:42:50:463

I can't connect with the passive [192.168.100.113/5000] error_code:10060 !

<<<----  [OUT]
2021/10/19 23:42:52:941

Connecting Started...

<<<----  [OUT]
2021/10/19 23:43:13:979

I can't connect with the passive [192.168.100.113/5000] error_code:10060 !

<<<----  [OUT]
2021/10/19 23:43:16:458

Connecting Started...

<<<----  [OUT]
2021/10/19 23:43:37:480

I can't connect with the passive [192.168.100.113/5000] error_code:10060 !

<<<----  [OUT]
2021/10/19 23:43:39:958

Connecting Started...

<<<----  [OUT]
2021/10/19 23:44:01:008

I can't connect with the passive [192.168.100.113/5000] error_code:10060 !

<<<----  [OUT]
2021/10/19 23:44:03:489

Connecting Started...

<<<----  [OUT]
2021/10/19 23:44:24:537

I can't connect with the passive [192.168.100.113/5000] error_code:10060 !

<<<----  [OUT]
2021/10/19 23:44:27:020

Connecting Started...
