
<<<----  [OUT]
2021/10/19 13:18:45:100

---------------------------------------------------------------------
// FA : Start Log ...


<<<----  [OUT]
2021/10/19 13:18:45:115

//-------------------------------------------------------------
Property Information

   Driver Type [HSMS]
   Driver Mode [ACTIVE]
   IP    [192.168.100.113]
   Port  [5000]
//-------------------------------------------------------------


<<<----  [OUT]
2021/10/19 13:18:45:716

Auto-Start Started ... (Active)

<<<----  [OUT]
2021/10/19 13:18:45:807

Auto-Start Started ...  Waiting Stop-Connection.

<<<----  [OUT]
2021/10/19 13:18:45:807

Auto-Start Started ...  Waiting Open-Socket.

<<<----  [OUT]
2021/10/19 13:18:45:826

Socket Open Started...

<<<----  [OUT]
2021/10/19 13:18:45:826

Socket Open Completed...

<<<----  [OUT]
2021/10/19 13:18:45:826

Connecting Started...

<<<----  [OUT]
2021/10/19 13:18:45:898

Auto-Start Completed ...  (Active)

<<<----  [OUT]
2021/10/19 13:19:06:903

I can't connect with the passive [192.168.100.113/5000] error_code:10060 !

<<<----  [OUT]
2021/10/19 13:19:09:392

Connecting Started...

<<<----  [OUT]
2021/10/19 13:19:30:439

I can't connect with the passive [192.168.100.113/5000] error_code:10060 !

<<<----  [OUT]
2021/10/19 13:19:32:922

Connecting Started...

<<<----  [OUT]
2021/10/19 13:19:53:962

I can't connect with the passive [192.168.100.113/5000] error_code:10060 !

<<<----  [OUT]
2021/10/19 13:19:56:439

Connecting Started...

<<<----  [OUT]
2021/10/19 13:20:17:485

I can't connect with the passive [192.168.100.113/5000] error_code:10060 !

<<<----  [OUT]
2021/10/19 13:20:19:969

Connecting Started...

<<<----  [OUT]
2021/10/19 13:20:41:016

I can't connect with the passive [192.168.100.113/5000] error_code:10060 !

<<<----  [OUT]
2021/10/19 13:20:43:500

Connecting Started...

<<<----  [OUT]
2021/10/19 13:21:04:533

I can't connect with the passive [192.168.100.113/5000] error_code:10060 !

<<<----  [OUT]
2021/10/19 13:21:07:017

Connecting Started...

<<<----  [OUT]
2021/10/19 13:21:28:051

I can't connect with the passive [192.168.100.113/5000] error_code:10060 !

<<<----  [OUT]
2021/10/19 13:21:30:533

Connecting Started...

<<<----  [OUT]
2021/10/19 13:21:51:570

I can't connect with the passive [192.168.100.113/5000] error_code:10060 !

<<<----  [OUT]
2021/10/19 13:21:54:049

Connecting Started...

<<<----  [OUT]
2021/10/19 13:22:15:099

I can't connect with the passive [192.168.100.113/5000] error_code:10060 !

<<<----  [OUT]
2021/10/19 13:22:17:579

Connecting Started...

<<<----  [OUT]
2021/10/19 13:22:38:617

I can't connect with the passive [192.168.100.113/5000] error_code:10060 !

<<<----  [OUT]
2021/10/19 13:22:41:095

Connecting Started...

<<<----  [OUT]
2021/10/19 13:23:02:120

I can't connect with the passive [192.168.100.113/5000] error_code:10060 !

<<<----  [OUT]
2021/10/19 13:23:04:610

Connecting Started...

<<<----  [OUT]
2021/10/19 13:23:25:653

I can't connect with the passive [192.168.100.113/5000] error_code:10060 !

<<<----  [OUT]
2021/10/19 13:23:28:141

Connecting Started...

<<<----  [OUT]
2021/10/19 13:23:49:189

I can't connect with the passive [192.168.100.113/5000] error_code:10060 !

<<<----  [OUT]
2021/10/19 13:23:51:673

Connecting Started...

<<<----  [OUT]
2021/10/19 13:24:12:705

I can't connect with the passive [192.168.100.113/5000] error_code:10060 !

<<<----  [OUT]
2021/10/19 13:24:15:188

Connecting Started...

<<<----  [OUT]
2021/10/19 13:24:36:220

I can't connect with the passive [192.168.100.113/5000] error_code:10060 !

<<<----  [OUT]
2021/10/19 13:24:38:703

Connecting Started...

<<<----  [OUT]
2021/10/19 13:24:59:743

I can't connect with the passive [192.168.100.113/5000] error_code:10060 !

<<<----  [OUT]
2021/10/19 13:25:02:220

Connecting Started...

<<<----  [OUT]
2021/10/19 13:25:23:257

I can't connect with the passive [192.168.100.113/5000] error_code:10060 !

<<<----  [OUT]
2021/10/19 13:25:25:735

Connecting Started...

<<<----  [OUT]
2021/10/19 13:25:46:783

I can't connect with the passive [192.168.100.113/5000] error_code:10060 !

<<<----  [OUT]
2021/10/19 13:25:49:267

Connecting Started...

<<<----  [OUT]
2021/10/19 13:26:10:304

I can't connect with the passive [192.168.100.113/5000] error_code:10060 !

<<<----  [OUT]
2021/10/19 13:26:12:783

Connecting Started...

<<<----  [OUT]
2021/10/19 13:26:33:834

I can't connect with the passive [192.168.100.113/5000] error_code:10060 !

<<<----  [OUT]
2021/10/19 13:26:36:313

Connecting Started...

<<<----  [OUT]
2021/10/19 13:32:55:094

---------------------------------------------------------------------
// FA : Start Log ...


<<<----  [OUT]
2021/10/19 13:32:55:102

//-------------------------------------------------------------
Property Information

   Driver Type [HSMS]
   Driver Mode [ACTIVE]
   IP    [192.168.100.113]
   Port  [5000]
//-------------------------------------------------------------


<<<----  [OUT]
2021/10/19 13:32:55:704

Auto-Start Started ... (Active)

<<<----  [OUT]
2021/10/19 13:32:55:794

Auto-Start Started ...  Waiting Stop-Connection.

<<<----  [OUT]
2021/10/19 13:32:55:794

Auto-Start Started ...  Waiting Open-Socket.

<<<----  [OUT]
2021/10/19 13:32:55:819

Socket Open Started...

<<<----  [OUT]
2021/10/19 13:32:55:819

Socket Open Completed...

<<<----  [OUT]
2021/10/19 13:32:55:819

Connecting Started...

<<<----  [OUT]
2021/10/19 13:32:55:885

Auto-Start Completed ...  (Active)

<<<----  [OUT]
2021/10/19 13:33:16:880

I can't connect with the passive [192.168.100.113/5000] error_code:10060 !

<<<----  [OUT]
2021/10/19 13:33:19:360

Connecting Started...

<<<----  [OUT]
2021/10/19 13:33:40:400

I can't connect with the passive [192.168.100.113/5000] error_code:10060 !

<<<----  [OUT]
2021/10/19 13:33:42:875

Connecting Started...

<<<----  [OUT]
2021/10/19 13:34:03:913

I can't connect with the passive [192.168.100.113/5000] error_code:10060 !

<<<----  [OUT]
2021/10/19 13:34:06:392

Connecting Started...

<<<----  [OUT]
2021/10/19 13:34:27:428

I can't connect with the passive [192.168.100.113/5000] error_code:10060 !

<<<----  [OUT]
2021/10/19 13:34:29:907

Connecting Started...

<<<----  [OUT]
2021/10/19 13:34:50:950

I can't connect with the passive [192.168.100.113/5000] error_code:10060 !

<<<----  [OUT]
2021/10/19 13:34:53:438

Connecting Started...

<<<----  [OUT]
2021/10/19 13:35:14:462

I can't connect with the passive [192.168.100.113/5000] error_code:10060 !

<<<----  [OUT]
2021/10/19 13:35:16:939

Connecting Started...

<<<----  [OUT]
2021/10/19 13:35:37:974

I can't connect with the passive [192.168.100.113/5000] error_code:10060 !

<<<----  [OUT]
2021/10/19 13:35:40:455

Connecting Started...

<<<----  [OUT]
2021/10/19 13:36:01:510

I can't connect with the passive [192.168.100.113/5000] error_code:10060 !

<<<----  [OUT]
2021/10/19 13:36:04:002

Connecting Started...

<<<----  [OUT]
2021/10/19 13:36:25:045

I can't connect with the passive [192.168.100.113/5000] error_code:10060 !

<<<----  [OUT]
2021/10/19 13:36:27:532

Connecting Started...

<<<----  [OUT]
2021/10/19 13:36:48:588

I can't connect with the passive [192.168.100.113/5000] error_code:10060 !

<<<----  [OUT]
2021/10/19 13:36:51:080

Connecting Started...

<<<----  [OUT]
2021/10/19 13:37:12:103

I can't connect with the passive [192.168.100.113/5000] error_code:10060 !

<<<----  [OUT]
2021/10/19 13:37:14:594

Connecting Started...

<<<----  [OUT]
2021/10/19 13:37:35:637

I can't connect with the passive [192.168.100.113/5000] error_code:10060 !

<<<----  [OUT]
2021/10/19 13:37:38:126

Connecting Started...

<<<----  [OUT]
2021/10/19 13:37:59:171

I can't connect with the passive [192.168.100.113/5000] error_code:10060 !

<<<----  [OUT]
2021/10/19 13:38:01:657

Connecting Started...

<<<----  [OUT]
2021/10/19 13:38:22:690

I can't connect with the passive [192.168.100.113/5000] error_code:10060 !

<<<----  [OUT]
2021/10/19 13:38:25:172

Connecting Started...

<<<----  [OUT]
2021/10/19 13:38:46:213

I can't connect with the passive [192.168.100.113/5000] error_code:10060 !

<<<----  [OUT]
2021/10/19 13:38:48:704

Connecting Started...

<<<----  [OUT]
2021/10/19 13:39:09:730

I can't connect with the passive [192.168.100.113/5000] error_code:10060 !

<<<----  [OUT]
2021/10/19 13:39:12:219

Connecting Started...

<<<----  [OUT]
2021/10/19 13:39:33:268

I can't connect with the passive [192.168.100.113/5000] error_code:10060 !

<<<----  [OUT]
2021/10/19 13:39:35:751

Connecting Started...

<<<----  [OUT]
2021/10/19 13:39:56:773

I can't connect with the passive [192.168.100.113/5000] error_code:10060 !

<<<----  [OUT]
2021/10/19 13:39:59:251

Connecting Started...

<<<----  [OUT]
2021/10/19 13:40:20:296

I can't connect with the passive [192.168.100.113/5000] error_code:10060 !

<<<----  [OUT]
2021/10/19 13:40:22:783

Connecting Started...

<<<----  [OUT]
2021/10/19 13:40:43:817

I can't connect with the passive [192.168.100.113/5000] error_code:10060 !

<<<----  [OUT]
2021/10/19 13:40:46:298

Connecting Started...

<<<----  [OUT]
2021/10/19 13:41:07:341

I can't connect with the passive [192.168.100.113/5000] error_code:10060 !

<<<----  [OUT]
2021/10/19 13:41:09:830

Connecting Started...

<<<----  [OUT]
2021/10/19 13:41:30:862

I can't connect with the passive [192.168.100.113/5000] error_code:10060 !

<<<----  [OUT]
2021/10/19 13:41:33:344

Connecting Started...

<<<----  [OUT]
2021/10/19 13:41:54:377

I can't connect with the passive [192.168.100.113/5000] error_code:10060 !

<<<----  [OUT]
2021/10/19 13:41:56:860

Connecting Started...

<<<----  [OUT]
2021/10/19 13:42:17:893

I can't connect with the passive [192.168.100.113/5000] error_code:10060 !

<<<----  [OUT]
2021/10/19 13:42:20:375

Connecting Started...

<<<----  [OUT]
2021/10/19 13:42:41:435

I can't connect with the passive [192.168.100.113/5000] error_code:10060 !

<<<----  [OUT]
2021/10/19 13:42:43:922

Connecting Started...

<<<----  [OUT]
2021/10/19 13:43:04:958

I can't connect with the passive [192.168.100.113/5000] error_code:10060 !

<<<----  [OUT]
2021/10/19 13:43:07:438

Connecting Started...

<<<----  [OUT]
2021/10/19 13:43:28:478

I can't connect with the passive [192.168.100.113/5000] error_code:10060 !

<<<----  [OUT]
2021/10/19 13:43:30:969

Connecting Started...

<<<----  [OUT]
2021/10/19 13:43:51:995

I can't connect with the passive [192.168.100.113/5000] error_code:10060 !

<<<----  [OUT]
2021/10/19 13:43:54:486

Connecting Started...

<<<----  [OUT]
2021/10/19 13:44:15:517

I can't connect with the passive [192.168.100.113/5000] error_code:10060 !

<<<----  [OUT]
2021/10/19 13:44:18:001

Connecting Started...

<<<----  [OUT]
2021/10/19 13:53:39:655

---------------------------------------------------------------------
// FA : Start Log ...


<<<----  [OUT]
2021/10/19 13:53:39:672

//-------------------------------------------------------------
Property Information

   Driver Type [HSMS]
   Driver Mode [ACTIVE]
   IP    [192.168.100.113]
   Port  [5000]
//-------------------------------------------------------------


<<<----  [OUT]
2021/10/19 13:53:40:273

Auto-Start Started ... (Active)

<<<----  [OUT]
2021/10/19 13:53:40:365

Auto-Start Started ...  Waiting Stop-Connection.

<<<----  [OUT]
2021/10/19 13:53:40:365

Auto-Start Started ...  Waiting Open-Socket.

<<<----  [OUT]
2021/10/19 13:53:40:382

Socket Open Started...

<<<----  [OUT]
2021/10/19 13:53:40:382

Socket Open Completed...

<<<----  [OUT]
2021/10/19 13:53:40:382

Connecting Started...

<<<----  [OUT]
2021/10/19 13:53:40:456

Auto-Start Completed ...  (Active)

<<<----  [OUT]
2021/10/19 13:54:01:426

I can't connect with the passive [192.168.100.113/5000] error_code:10060 !

<<<----  [OUT]
2021/10/19 13:54:03:907

Connecting Started...

<<<----  [OUT]
2021/10/19 13:54:24:938

I can't connect with the passive [192.168.100.113/5000] error_code:10060 !

<<<----  [OUT]
2021/10/19 13:54:27:423

Connecting Started...

<<<----  [OUT]
2021/10/19 13:54:48:455

I can't connect with the passive [192.168.100.113/5000] error_code:10060 !

<<<----  [OUT]
2021/10/19 13:54:50:939

Connecting Started...

<<<----  [OUT]
2021/10/19 13:55:11:985

I can't connect with the passive [192.168.100.113/5000] error_code:10060 !

<<<----  [OUT]
2021/10/19 13:55:14:470

Connecting Started...

<<<----  [OUT]
2021/10/19 13:55:35:514

I can't connect with the passive [192.168.100.113/5000] error_code:10060 !

<<<----  [OUT]
2021/10/19 13:55:38:002

Connecting Started...

<<<----  [OUT]
2021/10/19 13:55:59:027

I can't connect with the passive [192.168.100.113/5000] error_code:10060 !

<<<----  [OUT]
2021/10/19 13:56:01:517

Connecting Started...

<<<----  [OUT]
2021/10/19 13:56:22:553

I can't connect with the passive [192.168.100.113/5000] error_code:10060 !

<<<----  [OUT]
2021/10/19 13:56:25:033

Connecting Started...

<<<----  [OUT]
2021/10/19 13:56:46:073

I can't connect with the passive [192.168.100.113/5000] error_code:10060 !

<<<----  [OUT]
2021/10/19 13:56:48:564

Connecting Started...

<<<----  [OUT]
2021/10/19 13:57:09:602

I can't connect with the passive [192.168.100.113/5000] error_code:10060 !

<<<----  [OUT]
2021/10/19 13:57:12:080

Connecting Started...

<<<----  [OUT]
2021/10/19 13:57:33:134

I can't connect with the passive [192.168.100.113/5000] error_code:10060 !

<<<----  [OUT]
2021/10/19 13:57:35:610

Connecting Started...

<<<----  [OUT]
2021/10/19 13:57:56:643

I can't connect with the passive [192.168.100.113/5000] error_code:10060 !

<<<----  [OUT]
2021/10/19 13:57:59:126

Connecting Started...

<<<----  [OUT]
2021/10/19 13:58:20:165

I can't connect with the passive [192.168.100.113/5000] error_code:10060 !

<<<----  [OUT]
2021/10/19 13:58:22:642

Connecting Started...

<<<----  [OUT]
2021/10/19 13:58:43:677

I can't connect with the passive [192.168.100.113/5000] error_code:10060 !

<<<----  [OUT]
2021/10/19 13:58:46:157

Connecting Started...

<<<----  [OUT]
2021/10/19 13:59:07:198

I can't connect with the passive [192.168.100.113/5000] error_code:10060 !

<<<----  [OUT]
2021/10/19 13:59:09:688

Connecting Started...

<<<----  [OUT]
2021/10/19 13:59:30:737

I can't connect with the passive [192.168.100.113/5000] error_code:10060 !

<<<----  [OUT]
2021/10/19 13:59:33:220

Connecting Started...

<<<----  [OUT]
2021/10/19 13:59:54:281

I can't connect with the passive [192.168.100.113/5000] error_code:10060 !

<<<----  [OUT]
2021/10/19 13:59:56:766

Connecting Started...
