
<<<----  [OUT]
2021/10/19 22:00:00:675

I can't connect with the passive [192.168.100.113/5000] error_code:10060 !

<<<----  [OUT]
2021/10/19 22:00:03:161

Connecting Started...

<<<----  [OUT]
2021/10/19 22:35:29:182

---------------------------------------------------------------------
// FA : Start Log ...


<<<----  [OUT]
2021/10/19 22:35:29:198

//-------------------------------------------------------------
Property Information

   Driver Type [HSMS]
   Driver Mode [ACTIVE]
   IP    [192.168.100.113]
   Port  [5000]
//-------------------------------------------------------------


<<<----  [OUT]
2021/10/19 22:35:29:801

Auto-Start Started ... (Active)

<<<----  [OUT]
2021/10/19 22:35:29:891

Auto-Start Started ...  Waiting Stop-Connection.

<<<----  [OUT]
2021/10/19 22:35:29:891

Auto-Start Started ...  Waiting Open-Socket.

<<<----  [OUT]
2021/10/19 22:35:29:908

Socket Open Started...

<<<----  [OUT]
2021/10/19 22:35:29:908

Socket Open Completed...

<<<----  [OUT]
2021/10/19 22:35:29:908

Connecting Started...

<<<----  [OUT]
2021/10/19 22:35:29:982

Auto-Start Completed ...  (Active)

<<<----  [OUT]
2021/10/19 22:35:50:959

I can't connect with the passive [192.168.100.113/5000] error_code:10060 !

<<<----  [OUT]
2021/10/19 22:35:53:443

Connecting Started...

<<<----  [OUT]
2021/10/19 22:36:14:477

I can't connect with the passive [192.168.100.113/5000] error_code:10060 !

<<<----  [OUT]
2021/10/19 22:36:16:957

Connecting Started...

<<<----  [OUT]
2021/10/19 22:36:37:985

I can't connect with the passive [192.168.100.113/5000] error_code:10060 !

<<<----  [OUT]
2021/10/19 22:36:40:475

Connecting Started...

<<<----  [OUT]
2021/10/19 22:37:01:514

I can't connect with the passive [192.168.100.113/5000] error_code:10060 !

<<<----  [OUT]
2021/10/19 22:37:04:005

Connecting Started...

<<<----  [OUT]
2021/10/19 22:37:25:050

I can't connect with the passive [192.168.100.113/5000] error_code:10060 !

<<<----  [OUT]
2021/10/19 22:37:27:536

Connecting Started...

<<<----  [OUT]
2021/10/19 22:37:48:574

I can't connect with the passive [192.168.100.113/5000] error_code:10060 !

<<<----  [OUT]
2021/10/19 22:37:51:051

Connecting Started...

<<<----  [OUT]
2021/10/19 22:38:12:074

I can't connect with the passive [192.168.100.113/5000] error_code:10060 !

<<<----  [OUT]
2021/10/19 22:38:14:551

Connecting Started...

<<<----  [OUT]
2021/10/19 22:38:35:582

I can't connect with the passive [192.168.100.113/5000] error_code:10060 !

<<<----  [OUT]
2021/10/19 22:38:38:068

Connecting Started...

<<<----  [OUT]
2021/10/19 22:38:59:120

I can't connect with the passive [192.168.100.113/5000] error_code:10060 !

<<<----  [OUT]
2021/10/19 22:39:01:600

Connecting Started...

<<<----  [OUT]
2021/10/19 22:39:22:628

I can't connect with the passive [192.168.100.113/5000] error_code:10060 !

<<<----  [OUT]
2021/10/19 22:39:25:115

Connecting Started...

<<<----  [OUT]
2021/10/19 22:39:46:141

I can't connect with the passive [192.168.100.113/5000] error_code:10060 !

<<<----  [OUT]
2021/10/19 22:39:48:630

Connecting Started...

<<<----  [OUT]
2021/10/19 22:40:09:675

I can't connect with the passive [192.168.100.113/5000] error_code:10060 !

<<<----  [OUT]
2021/10/19 22:40:12:162

Connecting Started...

<<<----  [OUT]
2021/10/19 22:40:33:204

I can't connect with the passive [192.168.100.113/5000] error_code:10060 !

<<<----  [OUT]
2021/10/19 22:40:35:693

Connecting Started...

<<<----  [OUT]
2021/10/19 22:40:56:735

I can't connect with the passive [192.168.100.113/5000] error_code:10060 !

<<<----  [OUT]
2021/10/19 22:40:59:224

Connecting Started...

<<<----  [OUT]
2021/10/19 22:41:20:252

I can't connect with the passive [192.168.100.113/5000] error_code:10060 !

<<<----  [OUT]
2021/10/19 22:41:22:739

Connecting Started...

<<<----  [OUT]
2021/10/19 22:41:43:776

I can't connect with the passive [192.168.100.113/5000] error_code:10060 !

<<<----  [OUT]
2021/10/19 22:41:46:255

Connecting Started...

<<<----  [OUT]
2021/10/19 22:42:07:301

I can't connect with the passive [192.168.100.113/5000] error_code:10060 !

<<<----  [OUT]
2021/10/19 22:42:09:786

Connecting Started...

<<<----  [OUT]
2021/10/19 22:42:30:812

I can't connect with the passive [192.168.100.113/5000] error_code:10060 !

<<<----  [OUT]
2021/10/19 22:42:33:302

Connecting Started...

<<<----  [OUT]
2021/10/19 22:42:54:328

I can't connect with the passive [192.168.100.113/5000] error_code:10060 !

<<<----  [OUT]
2021/10/19 22:42:56:817

Connecting Started...

<<<----  [OUT]
2021/10/19 22:43:17:869

I can't connect with the passive [192.168.100.113/5000] error_code:10060 !

<<<----  [OUT]
2021/10/19 22:43:20:348

Connecting Started...

<<<----  [OUT]
2021/10/19 22:43:41:393

I can't connect with the passive [192.168.100.113/5000] error_code:10060 !

<<<----  [OUT]
2021/10/19 22:43:43:880

Connecting Started...

<<<----  [OUT]
2021/10/19 22:48:30:183

---------------------------------------------------------------------
// FA : Start Log ...


<<<----  [OUT]
2021/10/19 22:48:30:194

//-------------------------------------------------------------
Property Information

   Driver Type [HSMS]
   Driver Mode [ACTIVE]
   IP    [192.168.100.113]
   Port  [5000]
//-------------------------------------------------------------


<<<----  [OUT]
2021/10/19 22:48:30:795

Auto-Start Started ... (Active)

<<<----  [OUT]
2021/10/19 22:48:30:886

Auto-Start Started ...  Waiting Stop-Connection.

<<<----  [OUT]
2021/10/19 22:48:30:886

Auto-Start Started ...  Waiting Open-Socket.

<<<----  [OUT]
2021/10/19 22:48:30:911

Socket Open Started...

<<<----  [OUT]
2021/10/19 22:48:30:911

Socket Open Completed...

<<<----  [OUT]
2021/10/19 22:48:30:911

Connecting Started...

<<<----  [OUT]
2021/10/19 22:48:30:977

Auto-Start Completed ...  (Active)

<<<----  [OUT]
2021/10/19 22:48:51:971

I can't connect with the passive [192.168.100.113/5000] error_code:10060 !

<<<----  [OUT]
2021/10/19 22:48:54:459

Connecting Started...

<<<----  [OUT]
2021/10/19 22:49:15:502

I can't connect with the passive [192.168.100.113/5000] error_code:10060 !

<<<----  [OUT]
2021/10/19 22:49:17:990

Connecting Started...

<<<----  [OUT]
2021/10/19 22:49:39:031

I can't connect with the passive [192.168.100.113/5000] error_code:10060 !

<<<----  [OUT]
2021/10/19 22:49:41:521

Connecting Started...

<<<----  [OUT]
2021/10/19 22:50:02:561

I can't connect with the passive [192.168.100.113/5000] error_code:10060 !

<<<----  [OUT]
2021/10/19 22:50:05:052

Connecting Started...

<<<----  [OUT]
2021/10/19 22:50:26:106

I can't connect with the passive [192.168.100.113/5000] error_code:10060 !

<<<----  [OUT]
2021/10/19 22:50:28:583

Connecting Started...

<<<----  [OUT]
2021/10/19 22:50:49:631

I can't connect with the passive [192.168.100.113/5000] error_code:10060 !

<<<----  [OUT]
2021/10/19 22:50:52:114

Connecting Started...

<<<----  [OUT]
2021/10/19 22:51:13:167

I can't connect with the passive [192.168.100.113/5000] error_code:10060 !

<<<----  [OUT]
2021/10/19 22:51:15:645

Connecting Started...

<<<----  [OUT]
2021/10/19 22:51:36:686

I can't connect with the passive [192.168.100.113/5000] error_code:10060 !

<<<----  [OUT]
2021/10/19 22:51:39:176

Connecting Started...

<<<----  [OUT]
2021/10/19 22:52:00:218

I can't connect with the passive [192.168.100.113/5000] error_code:10060 !

<<<----  [OUT]
2021/10/19 22:52:02:708

Connecting Started...

<<<----  [OUT]
2021/10/19 22:52:23:756

I can't connect with the passive [192.168.100.113/5000] error_code:10060 !

<<<----  [OUT]
2021/10/19 22:52:26:239

Connecting Started...

<<<----  [OUT]
2021/10/19 22:52:47:275

I can't connect with the passive [192.168.100.113/5000] error_code:10060 !

<<<----  [OUT]
2021/10/19 22:54:01:096

---------------------------------------------------------------------
// FA : Start Log ...


<<<----  [OUT]
2021/10/19 22:54:01:107

//-------------------------------------------------------------
Property Information

   Driver Type [HSMS]
   Driver Mode [ACTIVE]
   IP    [192.168.100.113]
   Port  [5000]
//-------------------------------------------------------------


<<<----  [OUT]
2021/10/19 22:54:01:709

Auto-Start Started ... (Active)

<<<----  [OUT]
2021/10/19 22:54:01:800

Auto-Start Started ...  Waiting Stop-Connection.

<<<----  [OUT]
2021/10/19 22:54:01:800

Auto-Start Started ...  Waiting Open-Socket.

<<<----  [OUT]
2021/10/19 22:54:01:823

Socket Open Started...

<<<----  [OUT]
2021/10/19 22:54:01:823

Socket Open Completed...

<<<----  [OUT]
2021/10/19 22:54:01:823

Connecting Started...

<<<----  [OUT]
2021/10/19 22:54:01:891

Auto-Start Completed ...  (Active)

<<<----  [OUT]
2021/10/19 22:54:22:870

I can't connect with the passive [192.168.100.113/5000] error_code:10060 !

<<<----  [OUT]
2021/10/19 22:54:25:349

Connecting Started...

<<<----  [OUT]
2021/10/19 22:54:46:383

I can't connect with the passive [192.168.100.113/5000] error_code:10060 !

<<<----  [OUT]
2021/10/19 22:54:48:864

Connecting Started...

<<<----  [OUT]
2021/10/19 22:55:09:890

I can't connect with the passive [192.168.100.113/5000] error_code:10060 !

<<<----  [OUT]
2021/10/19 22:55:12:381

Connecting Started...

<<<----  [OUT]
2021/10/19 22:55:33:406

I can't connect with the passive [192.168.100.113/5000] error_code:10060 !

<<<----  [OUT]
2021/10/19 22:55:35:896

Connecting Started...

<<<----  [OUT]
2021/10/19 22:55:56:946

I can't connect with the passive [192.168.100.113/5000] error_code:10060 !

<<<----  [OUT]
2021/10/19 22:55:59:427

Connecting Started...

<<<----  [OUT]
2021/10/19 22:56:20:456

I can't connect with the passive [192.168.100.113/5000] error_code:10060 !

<<<----  [OUT]
2021/10/19 22:56:22:943

Connecting Started...
