
<<<----  [OUT]
2021/10/19 21:25:48:365

---------------------------------------------------------------------
// FA : Start Log ...


<<<----  [OUT]
2021/10/19 21:25:48:381

//-------------------------------------------------------------
Property Information

   Driver Type [HSMS]
   Driver Mode [ACTIVE]
   IP    [192.168.100.113]
   Port  [5000]
//-------------------------------------------------------------


<<<----  [OUT]
2021/10/19 21:25:48:983

Auto-Start Started ... (Active)

<<<----  [OUT]
2021/10/19 21:25:49:073

Auto-Start Started ...  Waiting Stop-Connection.

<<<----  [OUT]
2021/10/19 21:25:49:073

Auto-Start Started ...  Waiting Open-Socket.

<<<----  [OUT]
2021/10/19 21:25:49:091

Socket Open Started...

<<<----  [OUT]
2021/10/19 21:25:49:091

Socket Open Completed...

<<<----  [OUT]
2021/10/19 21:25:49:091

Connecting Started...

<<<----  [OUT]
2021/10/19 21:25:49:164

Auto-Start Completed ...  (Active)

<<<----  [OUT]
2021/10/19 21:29:27:465

---------------------------------------------------------------------
// FA : Start Log ...


<<<----  [OUT]
2021/10/19 21:29:27:486

//-------------------------------------------------------------
Property Information

   Driver Type [HSMS]
   Driver Mode [ACTIVE]
   IP    [192.168.100.113]
   Port  [5000]
//-------------------------------------------------------------


<<<----  [OUT]
2021/10/19 21:29:28:087

Auto-Start Started ... (Active)

<<<----  [OUT]
2021/10/19 21:29:28:178

Auto-Start Started ...  Waiting Stop-Connection.

<<<----  [OUT]
2021/10/19 21:29:28:178

Auto-Start Started ...  Waiting Open-Socket.

<<<----  [OUT]
2021/10/19 21:29:28:191

Socket Open Started...

<<<----  [OUT]
2021/10/19 21:29:28:191

Socket Open Completed...

<<<----  [OUT]
2021/10/19 21:29:28:191

Connecting Started...

<<<----  [OUT]
2021/10/19 21:29:28:269

Auto-Start Completed ...  (Active)

<<<----  [OUT]
2021/10/19 21:29:49:221

I can't connect with the passive [192.168.100.113/5000] error_code:10060 !

<<<----  [OUT]
2021/10/19 21:29:51:707

Connecting Started...

<<<----  [OUT]
2021/10/19 21:30:12:749

I can't connect with the passive [192.168.100.113/5000] error_code:10060 !

<<<----  [OUT]
2021/10/19 21:30:15:238

Connecting Started...

<<<----  [OUT]
2021/10/19 21:30:36:277

I can't connect with the passive [192.168.100.113/5000] error_code:10060 !

<<<----  [OUT]
2021/10/19 21:30:38:755

Connecting Started...

<<<----  [OUT]
2021/10/19 21:30:59:790

I can't connect with the passive [192.168.100.113/5000] error_code:10060 !

<<<----  [OUT]
2021/10/19 21:31:02:270

Connecting Started...

<<<----  [OUT]
2021/10/19 21:31:23:315

I can't connect with the passive [192.168.100.113/5000] error_code:10060 !

<<<----  [OUT]
2021/10/19 21:31:25:802

Connecting Started...

<<<----  [OUT]
2021/10/19 21:31:46:846

I can't connect with the passive [192.168.100.113/5000] error_code:10060 !

<<<----  [OUT]
2021/10/19 21:31:49:334

Connecting Started...

<<<----  [OUT]
2021/10/19 21:32:10:368

I can't connect with the passive [192.168.100.113/5000] error_code:10060 !

<<<----  [OUT]
2021/10/19 21:32:12:849

Connecting Started...

<<<----  [OUT]
2021/10/19 21:32:33:878

I can't connect with the passive [192.168.100.113/5000] error_code:10060 !

<<<----  [OUT]
2021/10/19 21:32:36:364

Connecting Started...

<<<----  [OUT]
2021/10/19 21:32:57:422

I can't connect with the passive [192.168.100.113/5000] error_code:10060 !

<<<----  [OUT]
2021/10/19 21:32:59:911

Connecting Started...

<<<----  [OUT]
2021/10/19 21:33:20:959

I can't connect with the passive [192.168.100.113/5000] error_code:10060 !

<<<----  [OUT]
2021/10/19 21:33:23:442

Connecting Started...

<<<----  [OUT]
2021/10/19 21:33:44:458

I can't connect with the passive [192.168.100.113/5000] error_code:10060 !

<<<----  [OUT]
2021/10/19 21:33:46:943

Connecting Started...

<<<----  [OUT]
2021/10/19 21:34:07:984

I can't connect with the passive [192.168.100.113/5000] error_code:10060 !

<<<----  [OUT]
2021/10/19 21:34:10:473

Connecting Started...

<<<----  [OUT]
2021/10/19 21:34:31:536

I can't connect with the passive [192.168.100.113/5000] error_code:10060 !

<<<----  [OUT]
2021/10/19 21:34:34:021

Connecting Started...

<<<----  [OUT]
2021/10/19 21:34:55:065

I can't connect with the passive [192.168.100.113/5000] error_code:10060 !

<<<----  [OUT]
2021/10/19 21:34:57:551

Connecting Started...

<<<----  [OUT]
2021/10/19 21:35:18:592

I can't connect with the passive [192.168.100.113/5000] error_code:10060 !

<<<----  [OUT]
2021/10/19 21:35:21:083

Connecting Started...

<<<----  [OUT]
2021/10/19 21:35:42:142

I can't connect with the passive [192.168.100.113/5000] error_code:10060 !

<<<----  [OUT]
2021/10/19 21:35:44:630

Connecting Started...

<<<----  [OUT]
2021/10/19 21:36:05:655

I can't connect with the passive [192.168.100.113/5000] error_code:10060 !

<<<----  [OUT]
2021/10/19 21:36:08:147

Connecting Started...

<<<----  [OUT]
2021/10/19 21:36:29:196

I can't connect with the passive [192.168.100.113/5000] error_code:10060 !

<<<----  [OUT]
2021/10/19 21:36:31:677

Connecting Started...

<<<----  [OUT]
2021/10/19 21:36:52:719

I can't connect with the passive [192.168.100.113/5000] error_code:10060 !

<<<----  [OUT]
2021/10/19 21:36:55:208

Connecting Started...

<<<----  [OUT]
2021/10/19 21:37:16:248

I can't connect with the passive [192.168.100.113/5000] error_code:10060 !

<<<----  [OUT]
2021/10/19 21:37:18:740

Connecting Started...

<<<----  [OUT]
2021/10/19 21:37:39:765

I can't connect with the passive [192.168.100.113/5000] error_code:10060 !

<<<----  [OUT]
2021/10/19 21:37:42:255

Connecting Started...

<<<----  [OUT]
2021/10/19 21:38:03:307

I can't connect with the passive [192.168.100.113/5000] error_code:10060 !

<<<----  [OUT]
2021/10/19 21:38:05:786

Connecting Started...

<<<----  [OUT]
2021/10/19 21:38:26:818

I can't connect with the passive [192.168.100.113/5000] error_code:10060 !

<<<----  [OUT]
2021/10/19 21:38:29:301

Connecting Started...

<<<----  [OUT]
2021/10/19 21:38:50:340

I can't connect with the passive [192.168.100.113/5000] error_code:10060 !

<<<----  [OUT]
2021/10/19 21:38:52:817

Connecting Started...

<<<----  [OUT]
2021/10/19 21:39:13:854

I can't connect with the passive [192.168.100.113/5000] error_code:10060 !

<<<----  [OUT]
2021/10/19 21:39:16:332

Connecting Started...

<<<----  [OUT]
2021/10/19 21:39:37:363

I can't connect with the passive [192.168.100.113/5000] error_code:10060 !

<<<----  [OUT]
2021/10/19 21:39:39:848

Connecting Started...

<<<----  [OUT]
2021/10/19 21:40:00:873

I can't connect with the passive [192.168.100.113/5000] error_code:10060 !

<<<----  [OUT]
2021/10/19 21:40:03:364

Connecting Started...

<<<----  [OUT]
2021/10/19 21:40:24:417

I can't connect with the passive [192.168.100.113/5000] error_code:10060 !

<<<----  [OUT]
2021/10/19 21:40:26:895

Connecting Started...

<<<----  [OUT]
2021/10/19 21:40:47:943

I can't connect with the passive [192.168.100.113/5000] error_code:10060 !

<<<----  [OUT]
2021/10/19 21:40:50:426

Connecting Started...

<<<----  [OUT]
2021/10/19 21:41:11:460

I can't connect with the passive [192.168.100.113/5000] error_code:10060 !

<<<----  [OUT]
2021/10/19 21:41:13:941

Connecting Started...

<<<----  [OUT]
2021/10/19 21:41:34:983

I can't connect with the passive [192.168.100.113/5000] error_code:10060 !

<<<----  [OUT]
2021/10/19 21:41:37:473

Connecting Started...

<<<----  [OUT]
2021/10/19 21:41:58:520

I can't connect with the passive [192.168.100.113/5000] error_code:10060 !

<<<----  [OUT]
2021/10/19 21:42:01:005

Connecting Started...

<<<----  [OUT]
2021/10/19 21:42:22:031

I can't connect with the passive [192.168.100.113/5000] error_code:10060 !

<<<----  [OUT]
2021/10/19 21:42:24:520

Connecting Started...

<<<----  [OUT]
2021/10/19 21:42:45:571

I can't connect with the passive [192.168.100.113/5000] error_code:10060 !

<<<----  [OUT]
2021/10/19 21:42:48:053

Connecting Started...

<<<----  [OUT]
2021/10/19 21:43:09:102

I can't connect with the passive [192.168.100.113/5000] error_code:10060 !

<<<----  [OUT]
2021/10/19 21:43:11:583

Connecting Started...

<<<----  [OUT]
2021/10/19 21:43:32:606

I can't connect with the passive [192.168.100.113/5000] error_code:10060 !

<<<----  [OUT]
2021/10/19 21:43:35:083

Connecting Started...

<<<----  [OUT]
2021/10/19 21:43:56:121

I can't connect with the passive [192.168.100.113/5000] error_code:10060 !

<<<----  [OUT]
2021/10/19 21:43:58:598

Connecting Started...

<<<----  [OUT]
2021/10/19 21:44:19:634

I can't connect with the passive [192.168.100.113/5000] error_code:10060 !

<<<----  [OUT]
2021/10/19 21:44:22:114

Connecting Started...

<<<----  [OUT]
2021/10/19 21:44:43:147

I can't connect with the passive [192.168.100.113/5000] error_code:10060 !

<<<----  [OUT]
2021/10/19 21:44:45:630

Connecting Started...

<<<----  [OUT]
2021/10/19 21:45:06:662

I can't connect with the passive [192.168.100.113/5000] error_code:10060 !

<<<----  [OUT]
2021/10/19 21:45:09:146

Connecting Started...

<<<----  [OUT]
2021/10/19 21:45:30:204

I can't connect with the passive [192.168.100.113/5000] error_code:10060 !

<<<----  [OUT]
2021/10/19 21:45:32:693

Connecting Started...

<<<----  [OUT]
2021/10/19 21:45:53:729

I can't connect with the passive [192.168.100.113/5000] error_code:10060 !

<<<----  [OUT]
2021/10/19 21:45:56:207

Connecting Started...

<<<----  [OUT]
2021/10/19 21:46:17:263

I can't connect with the passive [192.168.100.113/5000] error_code:10060 !

<<<----  [OUT]
2021/10/19 21:46:19:739

Connecting Started...

<<<----  [OUT]
2021/10/19 21:46:40:784

I can't connect with the passive [192.168.100.113/5000] error_code:10060 !

<<<----  [OUT]
2021/10/19 21:46:43:270

Connecting Started...

<<<----  [OUT]
2021/10/19 21:47:04:322

I can't connect with the passive [192.168.100.113/5000] error_code:10060 !

<<<----  [OUT]
2021/10/19 21:47:06:802

Connecting Started...

<<<----  [OUT]
2021/10/19 21:47:27:845

I can't connect with the passive [192.168.100.113/5000] error_code:10060 !

<<<----  [OUT]
2021/10/19 21:47:30:334

Connecting Started...

<<<----  [OUT]
2021/10/19 21:47:51:372

I can't connect with the passive [192.168.100.113/5000] error_code:10060 !

<<<----  [OUT]
2021/10/19 21:47:53:850

Connecting Started...

<<<----  [OUT]
2021/10/19 21:48:14:885

I can't connect with the passive [192.168.100.113/5000] error_code:10060 !

<<<----  [OUT]
2021/10/19 21:48:17:364

Connecting Started...

<<<----  [OUT]
2021/10/19 21:48:38:399

I can't connect with the passive [192.168.100.113/5000] error_code:10060 !

<<<----  [OUT]
2021/10/19 21:48:40:880

Connecting Started...

<<<----  [OUT]
2021/10/19 21:49:01:918

I can't connect with the passive [192.168.100.113/5000] error_code:10060 !

<<<----  [OUT]
2021/10/19 21:49:04:396

Connecting Started...

<<<----  [OUT]
2021/10/19 21:49:25:436

I can't connect with the passive [192.168.100.113/5000] error_code:10060 !

<<<----  [OUT]
2021/10/19 21:49:27:927

Connecting Started...

<<<----  [OUT]
2021/10/19 21:49:48:981

I can't connect with the passive [192.168.100.113/5000] error_code:10060 !

<<<----  [OUT]
2021/10/19 21:49:51:457

Connecting Started...

<<<----  [OUT]
2021/10/19 21:50:12:506

I can't connect with the passive [192.168.100.113/5000] error_code:10060 !

<<<----  [OUT]
2021/10/19 21:50:14:989

Connecting Started...

<<<----  [OUT]
2021/10/19 21:50:36:038

I can't connect with the passive [192.168.100.113/5000] error_code:10060 !

<<<----  [OUT]
2021/10/19 21:50:38:520

Connecting Started...

<<<----  [OUT]
2021/10/19 21:50:59:552

I can't connect with the passive [192.168.100.113/5000] error_code:10060 !

<<<----  [OUT]
2021/10/19 21:51:02:036

Connecting Started...

<<<----  [OUT]
2021/10/19 21:51:23:072

I can't connect with the passive [192.168.100.113/5000] error_code:10060 !

<<<----  [OUT]
2021/10/19 21:51:25:551

Connecting Started...

<<<----  [OUT]
2021/10/19 21:51:46:599

I can't connect with the passive [192.168.100.113/5000] error_code:10060 !

<<<----  [OUT]
2021/10/19 21:51:49:083

Connecting Started...

<<<----  [OUT]
2021/10/19 21:52:10:121

I can't connect with the passive [192.168.100.113/5000] error_code:10060 !

<<<----  [OUT]
2021/10/19 21:52:12:599

Connecting Started...

<<<----  [OUT]
2021/10/19 21:52:33:646

I can't connect with the passive [192.168.100.113/5000] error_code:10060 !

<<<----  [OUT]
2021/10/19 21:52:36:130

Connecting Started...

<<<----  [OUT]
2021/10/19 21:52:57:172

I can't connect with the passive [192.168.100.113/5000] error_code:10060 !

<<<----  [OUT]
2021/10/19 21:52:59:661

Connecting Started...

<<<----  [OUT]
2021/10/19 21:53:20:706

I can't connect with the passive [192.168.100.113/5000] error_code:10060 !

<<<----  [OUT]
2021/10/19 21:53:23:192

Connecting Started...

<<<----  [OUT]
2021/10/19 21:53:44:220

I can't connect with the passive [192.168.100.113/5000] error_code:10060 !

<<<----  [OUT]
2021/10/19 21:53:46:708

Connecting Started...

<<<----  [OUT]
2021/10/19 21:54:07:768

I can't connect with the passive [192.168.100.113/5000] error_code:10060 !

<<<----  [OUT]
2021/10/19 21:54:10:255

Connecting Started...

<<<----  [OUT]
2021/10/19 21:54:31:291

I can't connect with the passive [192.168.100.113/5000] error_code:10060 !

<<<----  [OUT]
2021/10/19 21:54:33:771

Connecting Started...

<<<----  [OUT]
2021/10/19 21:54:54:810

I can't connect with the passive [192.168.100.113/5000] error_code:10060 !

<<<----  [OUT]
2021/10/19 21:54:57:301

Connecting Started...

<<<----  [OUT]
2021/10/19 21:55:18:341

I can't connect with the passive [192.168.100.113/5000] error_code:10060 !

<<<----  [OUT]
2021/10/19 21:55:20:817

Connecting Started...

<<<----  [OUT]
2021/10/19 21:55:41:863

I can't connect with the passive [192.168.100.113/5000] error_code:10060 !

<<<----  [OUT]
2021/10/19 21:55:44:348

Connecting Started...

<<<----  [OUT]
2021/10/19 21:56:05:382

I can't connect with the passive [192.168.100.113/5000] error_code:10060 !

<<<----  [OUT]
2021/10/19 21:56:07:864

Connecting Started...

<<<----  [OUT]
2021/10/19 21:56:28:918

I can't connect with the passive [192.168.100.113/5000] error_code:10060 !

<<<----  [OUT]
2021/10/19 21:56:31:395

Connecting Started...

<<<----  [OUT]
2021/10/19 21:56:52:437

I can't connect with the passive [192.168.100.113/5000] error_code:10060 !

<<<----  [OUT]
2021/10/19 21:56:54:926

Connecting Started...

<<<----  [OUT]
2021/10/19 21:57:15:974

I can't connect with the passive [192.168.100.113/5000] error_code:10060 !

<<<----  [OUT]
2021/10/19 21:57:18:458

Connecting Started...

<<<----  [OUT]
2021/10/19 21:57:39:508

I can't connect with the passive [192.168.100.113/5000] error_code:10060 !

<<<----  [OUT]
2021/10/19 21:57:41:988

Connecting Started...

<<<----  [OUT]
2021/10/19 21:58:03:022

I can't connect with the passive [192.168.100.113/5000] error_code:10060 !

<<<----  [OUT]
2021/10/19 21:58:05:505

Connecting Started...

<<<----  [OUT]
2021/10/19 21:58:26:565

I can't connect with the passive [192.168.100.113/5000] error_code:10060 !

<<<----  [OUT]
2021/10/19 21:58:29:051

Connecting Started...

<<<----  [OUT]
2021/10/19 21:58:50:085

I can't connect with the passive [192.168.100.113/5000] error_code:10060 !

<<<----  [OUT]
2021/10/19 21:58:52:566

Connecting Started...

<<<----  [OUT]
2021/10/19 21:59:13:622

I can't connect with the passive [192.168.100.113/5000] error_code:10060 !

<<<----  [OUT]
2021/10/19 21:59:16:099

Connecting Started...

<<<----  [OUT]
2021/10/19 21:59:37:153

I can't connect with the passive [192.168.100.113/5000] error_code:10060 !

<<<----  [OUT]
2021/10/19 21:59:39:631

Connecting Started...
