
<<<----  [OUT]
2021/10/25 13:51:43:240

---------------------------------------------------------------------
// FA : Start Log ...


<<<----  [OUT]
2021/10/25 13:51:43:249

//-------------------------------------------------------------
Property Information

   Driver Type [HSMS]
   Driver Mode [ACTIVE]
   IP    [192.168.100.113]
   Port  [5000]
//-------------------------------------------------------------


<<<----  [OUT]
2021/10/25 13:51:43:851

Auto-Start Started ... (Active)

<<<----  [OUT]
2021/10/25 13:51:43:942

Auto-Start Started ...  Waiting Stop-Connection.

<<<----  [OUT]
2021/10/25 13:51:43:942

Auto-Start Started ...  Waiting Open-Socket.

<<<----  [OUT]
2021/10/25 13:51:43:966

Socket Open Started...

<<<----  [OUT]
2021/10/25 13:51:43:966

Socket Open Completed...

<<<----  [OUT]
2021/10/25 13:51:43:966

Connecting Started...

<<<----  [OUT]
2021/10/25 13:51:44:033

Auto-Start Completed ...  (Active)

<<<----  [OUT]
2021/10/25 13:52:04:985

I can't connect with the passive [192.168.100.113/5000] error_code:10060 !

<<<----  [OUT]
2021/10/25 13:52:07:460

Connecting Started...

<<<----  [OUT]
2021/10/25 13:52:28:505

I can't connect with the passive [192.168.100.113/5000] error_code:10060 !

<<<----  [OUT]
2021/10/25 13:52:30:993

Connecting Started...

<<<----  [OUT]
2021/10/25 13:52:52:043

I can't connect with the passive [192.168.100.113/5000] error_code:10060 !

<<<----  [OUT]
2021/10/25 13:52:54:524

Connecting Started...

<<<----  [OUT]
2021/10/25 13:53:15:573

I can't connect with the passive [192.168.100.113/5000] error_code:10060 !

<<<----  [OUT]
2021/10/25 13:53:18:054

Connecting Started...

<<<----  [OUT]
2021/10/25 13:53:39:099

I can't connect with the passive [192.168.100.113/5000] error_code:10060 !

<<<----  [OUT]
2021/10/25 13:53:41:585

Connecting Started...

<<<----  [OUT]
2021/10/25 13:54:02:617

I can't connect with the passive [192.168.100.113/5000] error_code:10060 !

<<<----  [OUT]
2021/10/25 13:54:05:102

Connecting Started...

<<<----  [OUT]
2021/10/25 13:54:26:134

I can't connect with the passive [192.168.100.113/5000] error_code:10060 !

<<<----  [OUT]
2021/10/25 13:54:28:617

Connecting Started...

<<<----  [OUT]
2021/10/25 13:54:49:649

I can't connect with the passive [192.168.100.113/5000] error_code:10060 !

<<<----  [OUT]
2021/10/25 13:54:52:134

Connecting Started...

<<<----  [OUT]
2021/10/25 13:55:13:162

I can't connect with the passive [192.168.100.113/5000] error_code:10060 !

<<<----  [OUT]
2021/10/25 13:55:15:649

Connecting Started...

<<<----  [OUT]
2021/10/25 13:55:36:682

I can't connect with the passive [192.168.100.113/5000] error_code:10060 !

<<<----  [OUT]
2021/10/25 13:55:39:164

Connecting Started...

<<<----  [OUT]
2021/10/25 13:56:00:206

I can't connect with the passive [192.168.100.113/5000] error_code:10060 !

<<<----  [OUT]
2021/10/25 13:56:02:695

Connecting Started...
