/*
COMMAND LIST ----------------------------------------

#INCLUDE   [FILE_NAME]


   #MEMORY_CHECK 
   #LINK__SEQ_ID 
   #MODULE_LINK_SERVER_REPORT_SPEED   [FAST/SLOW/VERY_SLOW] : []
   #CHANNEL_SYNCHRONIZE   [CH-NAME] [SYNC-CH]
   #SET_SIM_REAL__OBJECT   [OBJ-NAME]
   #GET_SIM_REAL__OBJECT   [OBJ-NAME]
   #CALL_FNC   SET_IO__X_OPTION


   #COMMON_LOG__INFO   [FILE-SIZE] [FILE-REF_MIN]

   #USER_LOG__START   [FILE-SIZE] [FILE-REF_MIN]
       [OBJECT_NAME1]
       // ...
       [OBJECT_NAMEn]
   #USER_LOG__END


#OBJECT_PROPERTY   [OBJ-NAME]

   // Object IO-File ...
   #OBJECT_IO_FILE   [IO-FILE]
   #OBJECT_IO_PARA   [PARA-NAME]  [PARA-DATA]

   // Object Link-File ...
   #OBJECT_LINK_FILE   [LINK-FILE]
   #OBJECT_LINK_PARA   [PARA-NAME]  [PARA-DATA]

   // Object FA-File ...
   #OBJECT_FA_FILE   [FA-FILE]
   #OBJECT_FA_SERVICE   [FA-SERVICE]

   // Object Connection ...
   #DEFINE_CONSTANT   [CONST-NAME]
   #FNC_MODE   [LOW-OBJ] [OBJ-MODE]
   #FNC_VARIABLE   [LOW-OBJ] [VAR-NAME]

   // Function Connection ...

   // int Fnc(), double Fnc(), CString Fnc() 
   #FNC_RET_INT   [FNC-NAME] [LOW-OBJ] [LOW-FNC]
   #FNC_RET_DOUBLE   [FNC-NAME] [LOW-OBJ] [LOW-FNC]
   #FNC_RET_STRING   [FNC-NAME] [LOW-OBJ] [LOW-FNC]

   // CString Fnc(int), CString Fnc(CString) 
   #FNC_RET_STRING(INT)   [FNC-NAME] [LOW-OBJ] [LOW-FNC]
   #FNC_RET_STRING(STRING)   [FNC-NAME] [LOW-OBJ] [LOW-FNC]

   // int Fnc(int,CString), int Fnc(CString,CString) 
   #FNC_RET_INT(INT,STRING)   [FNC-NAME] [LOW-OBJ] [LOW-FNC]
   #FNC_RET_INT(STRING,STRING)   [FNC-NAME] [LOW-OBJ] [LOW-FNC]
*/


//------------------------------------------------------------------------
// Set-Sim_Real List 
//------------------------------------------------------------------------

//------------------------------------------------------------------------
// Get-Sim_Real List 
//------------------------------------------------------------------------

//------------------------------------------------------------------------
// Define List 
   ##DB_CFG        DB_CFG
   ##SIGNAL_TOWER  MNG_SIGNAL_TOWER
   ##PM_SIZE       6
   ##LP_SIZE       3
   ##LL_SIZE       2
//------------------------------------------------------------------------

//------------------------------------------------------------------------
// System Log INFO. 
//------------------------------------------------------------------------


#DIGITAL_DESCRIPTION  
// DESCRIPT_NAME   {  ITEM1  ITEM2  ...  ITEMn  }  




#OBJECT_PROPERTY     OPR_PART

/*
*/
     #DEFINE_CONSTANT   DATA.PMX_SIZE   6 
     #DEFINE_CONSTANT   PM1.CH_CFG_MODULE_USE   DB_CFG+PM1.USE 
     #DEFINE_CONSTANT   PM1.CH_MATERIAL_COUNT   PHY_PM1+ACC.MATERIAL.COUNT 
     #DEFINE_CONSTANT   PM1.POPUP_WIN_NAME   POPUP_PM1_PART_MSG 
     #DEFINE_CONSTANT   PM2.CH_CFG_MODULE_USE   DB_CFG+PM2.USE 
     #DEFINE_CONSTANT   PM2.CH_MATERIAL_COUNT   PHY_PM2+ACC.MATERIAL.COUNT 
     #DEFINE_CONSTANT   PM2.POPUP_WIN_NAME   POPUP_PM2_PART_MSG 
     #DEFINE_CONSTANT   PM3.CH_CFG_MODULE_USE   DB_CFG+PM3.USE 
     #DEFINE_CONSTANT   PM3.CH_MATERIAL_COUNT   PHY_PM3+ACC.MATERIAL.COUNT 
     #DEFINE_CONSTANT   PM3.POPUP_WIN_NAME   POPUP_PM3_PART_MSG 
     #DEFINE_CONSTANT   PM4.CH_CFG_MODULE_USE   DB_CFG+PM4.USE 
     #DEFINE_CONSTANT   PM4.CH_MATERIAL_COUNT   PHY_PM4+ACC.MATERIAL.COUNT 
     #DEFINE_CONSTANT   PM4.POPUP_WIN_NAME   POPUP_PM4_PART_MSG 
     #DEFINE_CONSTANT   PM5.CH_CFG_MODULE_USE   DB_CFG+PM5.USE 
     #DEFINE_CONSTANT   PM5.CH_MATERIAL_COUNT   PHY_PM5+ACC.MATERIAL.COUNT 
     #DEFINE_CONSTANT   PM5.POPUP_WIN_NAME   POPUP_PM5_PART_MSG 
     #DEFINE_CONSTANT   PM6.CH_CFG_MODULE_USE   DB_CFG+PM6.USE 
     #DEFINE_CONSTANT   PM6.CH_MATERIAL_COUNT   PHY_PM6+ACC.MATERIAL.COUNT 
     #DEFINE_CONSTANT   PM6.POPUP_WIN_NAME   POPUP_PM6_PART_MSG 


#OBJECT_PROPERTY     OPR_CTC_MODE

/*
*/
     #DEFINE_CONSTANT   DB_CFG_NAME   DB_CFG 
     #DEFINE_CONSTANT   OBJ__ATM_RB   FNC_ATM_ROBOT 
     #DEFINE_CONSTANT   LPX_UNIT_SIZE   3 
     #DEFINE_CONSTANT   OBJ__LP1   PHY_LP1 
     #DEFINE_CONSTANT   OBJ__LP2   PHY_LP2 
     #DEFINE_CONSTANT   OBJ__LP3   PHY_LP3 
     #DEFINE_CONSTANT   BUFFERX_UNIT_SIZE   2 
     #DEFINE_CONSTANT   BUFFER1_OBJECT   PHY_BFF1 
     #DEFINE_CONSTANT   BUFFER1_SLOT_SIZE   25 
     #DEFINE_CONSTANT   BUFFER2_OBJECT   PHY_BFF2 
     #DEFINE_CONSTANT   BUFFER2_SLOT_SIZE   25 
     #DEFINE_CONSTANT   CH.ATM_RB.A.MATERIAL_STATUS.ARM   PHY_ATM_ROBOT+ARM.SLOT01.STATUS 
     #DEFINE_CONSTANT   CH.ATM_RB.A.MATERIAL_TITLE.ARM   PHY_ATM_ROBOT+ARM.SLOT01.TITLE 
     #DEFINE_CONSTANT   AL1_SLOT_SIZE   1 
     #DEFINE_CONSTANT   CH.AL1.1.MATERIAL_STATUS.SLOT   PHY_AL1+SLOT01.STATUS 
     #DEFINE_CONSTANT   CH.AL1.1.MATERIAL_TITLE.SLOT   PHY_AL1+SLOT01.TITLE 
     #DEFINE_CONSTANT   LLX_SIZE   2 
     #DEFINE_CONSTANT   LLX_SLOT_MAX   2 
     #DEFINE_CONSTANT   CH.LL1.1.MATERIAL_STATUS.SLOT   PHY_LBA+SLOT01.STATUS 
     #DEFINE_CONSTANT   CH.LL1.1.MATERIAL_TITLE.SLOT   PHY_LBA+SLOT01.TITLE 
     #DEFINE_CONSTANT   CH.LL1.2.MATERIAL_STATUS.SLOT   PHY_LBA+SLOT02.STATUS 
     #DEFINE_CONSTANT   CH.LL1.2.MATERIAL_TITLE.SLOT   PHY_LBA+SLOT02.TITLE 
     #DEFINE_CONSTANT   CH.LL2.1.MATERIAL_STATUS.SLOT   PHY_LBB+SLOT01.STATUS 
     #DEFINE_CONSTANT   CH.LL2.1.MATERIAL_TITLE.SLOT   PHY_LBB+SLOT01.TITLE 
     #DEFINE_CONSTANT   CH.LL2.2.MATERIAL_STATUS.SLOT   PHY_LBB+SLOT02.STATUS 
     #DEFINE_CONSTANT   CH.LL2.2.MATERIAL_TITLE.SLOT   PHY_LBB+SLOT02.TITLE 
     #DEFINE_CONSTANT   CH.VAC_RB.A.MATERIAL_STATUS.ARM   PHY_VAC_ROBOT+ARM.SLOT01.STATUS 
     #DEFINE_CONSTANT   CH.VAC_RB.A.MATERIAL_TITLE.ARM   PHY_VAC_ROBOT+ARM.SLOT01.TITLE 
     #DEFINE_CONSTANT   CH.VAC_RB.B.MATERIAL_STATUS.ARM   PHY_VAC_ROBOT+ARM.SLOT02.STATUS 
     #DEFINE_CONSTANT   CH.VAC_RB.B.MATERIAL_TITLE.ARM   PHY_VAC_ROBOT+ARM.SLOT02.TITLE 
     #DEFINE_CONSTANT   PMX_UNIT_SIZE   6 
     #DEFINE_CONSTANT   OBJ__PM1   PHY_PM1 
     #DEFINE_CONSTANT   OBJ__PM2   PHY_PM2 
     #DEFINE_CONSTANT   OBJ__PM3   PHY_PM3 
     #DEFINE_CONSTANT   OBJ__PM4   PHY_PM4 
     #DEFINE_CONSTANT   OBJ__PM5   PHY_PM5 
     #DEFINE_CONSTANT   OBJ__PM6   PHY_PM6 


#OBJECT_PROPERTY     OPR_MAINT

/*
*/
     #DEFINE_CONSTANT   CH__TARGET_LLX_NAME   PHY_ATM_ROBOT+TARGET.LLx.NAME.SET 
     #DEFINE_CONSTANT   CH__TARGET_LLX_SLOT   PHY_ATM_ROBOT+TARGET.LLx.SLOT.SET 
     #DEFINE_CONSTANT   LP_SIZE   3 
     #DEFINE_CONSTANT   OBJ__LP1   PHY_LP1 
     #DEFINE_CONSTANT   OBJ__LP2   PHY_LP2 
     #DEFINE_CONSTANT   OBJ__LP3   PHY_LP3 
     #DEFINE_CONSTANT   OBJ__ATM_RB   FNC_ATM_ROBOT 
     #DEFINE_CONSTANT   OBJ__VAC_RB   FNC_VAC_ROBOT 
     #DEFINE_CONSTANT   PMX_UNIT_SIZE   6 
     #DEFINE_CONSTANT   OBJ__PM1   PHY_PM1 
     #DEFINE_CONSTANT   OBJ__PM2   PHY_PM2 
     #DEFINE_CONSTANT   OBJ__PM3   PHY_PM3 
     #DEFINE_CONSTANT   OBJ__PM4   PHY_PM4 
     #DEFINE_CONSTANT   OBJ__PM5   PHY_PM5 
     #DEFINE_CONSTANT   OBJ__PM6   PHY_PM6 
     #DEFINE_CONSTANT   LLX_SIZE   2 
     #DEFINE_CONSTANT   OBJ__LL1   PHY_LBA 
     #DEFINE_CONSTANT   OBJ__LL2   PHY_LBB 


#OBJECT_PROPERTY     FNC_ATM_ROBOT

/*
*/
     #DEFINE_CONSTANT   DB_CFG_NAME   DB_CFG 
     #DEFINE_CONSTANT   OBJ__JOB_CTRL   OPR_CTC_MODE 
     #DEFINE_CONSTANT   OBJ__ATM_ROBOT   PHY_ATM_ROBOT 
     #DEFINE_CONSTANT   OBJ__AL   PHY_AL1 
     #DEFINE_CONSTANT   LLX_SIZE   2 
     #DEFINE_CONSTANT   OBJ__LL1   PHY_LBA 
     #DEFINE_CONSTANT   OBJ__LL2   PHY_LBB 
     #DEFINE_CONSTANT   OBJ__SIDE_BUFFER1   PHY_BFF1 
     #DEFINE_CONSTANT   OBJ__SIDE_BUFFER2   PHY_BFF2 
     #DEFINE_CONSTANT   LP_SIZE   3 
     #DEFINE_CONSTANT   OBJ__LP1   PHY_LP1 
     #DEFINE_CONSTANT   OBJ__LP2   PHY_LP2 
     #DEFINE_CONSTANT   OBJ__LP3   PHY_LP3 
     #DEFINE_CONSTANT   PM_SIZE   6 
     #DEFINE_CONSTANT   OBJ__PM1   PHY_PM1 
     #DEFINE_CONSTANT   OBJ__PM2   PHY_PM2 
     #DEFINE_CONSTANT   OBJ__PM3   PHY_PM3 
     #DEFINE_CONSTANT   OBJ__PM4   PHY_PM4 
     #DEFINE_CONSTANT   OBJ__PM5   PHY_PM5 
     #DEFINE_CONSTANT   OBJ__PM6   PHY_PM6 


#OBJECT_PROPERTY     FNC_VAC_ROBOT

/*
*/
     #DEFINE_CONSTANT   DB_CFG_NAME   DB_CFG 
     #DEFINE_CONSTANT   OBJ__JOB_CTRL   OPR_CTC_MODE 
     #DEFINE_CONSTANT   OBJ__VAC_ROBOT   PHY_VAC_ROBOT 
     #DEFINE_CONSTANT   OBJ__TMC_CHM   PHY_TMC_CHM 
     #DEFINE_CONSTANT   LLX_SIZE   2 
     #DEFINE_CONSTANT   OBJ__LL1   PHY_LBA 
     #DEFINE_CONSTANT   OBJ__LL2   PHY_LBB 
     #DEFINE_CONSTANT   PM_SIZE   6 
     #DEFINE_CONSTANT   OBJ__PM1   PHY_PM1 
     #DEFINE_CONSTANT   OBJ__PM2   PHY_PM2 
     #DEFINE_CONSTANT   OBJ__PM3   PHY_PM3 
     #DEFINE_CONSTANT   OBJ__PM4   PHY_PM4 
     #DEFINE_CONSTANT   OBJ__PM5   PHY_PM5 
     #DEFINE_CONSTANT   OBJ__PM6   PHY_PM6 
     #DEFINE_CONSTANT   LP_SIZE   3 
     #DEFINE_CONSTANT   OBJ__LP1   PHY_LP1 
     #DEFINE_CONSTANT   OBJ__LP2   PHY_LP2 
     #DEFINE_CONSTANT   OBJ__LP3   PHY_LP3 


#OBJECT_PROPERTY     FNC_TMC_SYS

/*
// EXT-FNC_MODE LIST 
OBJ_MODE__AUTO_INIT                       ""
OBJ_MODE__SYSTEM_INIT                     ""
OBJ_MODE__TIME_INIT                       ""
OBJ_MODE__SYSTEM_MAINT                    ""
OBJ_MODE__CTC_TO_TMC                      ""
OBJ_MODE__TMC_TO_CTC                      ""

*/
     #FNC_MODE   OBJ_MODE__AUTO_INIT   PHY_TMC_SYS   AUTO_INIT   //   
     #FNC_MODE   OBJ_MODE__SYSTEM_INIT   PHY_TMC_SYS   SYSTEM_INIT   //   
     #FNC_MODE   OBJ_MODE__TIME_INIT   PHY_TMC_SYS   TIME_INIT   //   
     #FNC_MODE   OBJ_MODE__SYSTEM_MAINT   PHY_TMC_SYS   SYSTEM_MAINT   //   
     #FNC_MODE   OBJ_MODE__CTC_TO_TMC   PHY_TMC_SYS   CTC_TO_TMC   //   
     #FNC_MODE   OBJ_MODE__TMC_TO_CTC   PHY_TMC_SYS   TMC_TO_CTC   //   

     #DEFINE_CONSTANT   OBJ__ATM_ROBOT   FNC_ATM_ROBOT 
     #DEFINE_CONSTANT   OBJ__VAC_ROBOT   FNC_VAC_ROBOT 


#OBJECT_PROPERTY     FNC_PMC_SYS

/*
*/
     #DEFINE_CONSTANT   PM_SIZE   6 


#OBJECT_PROPERTY     Phy_LP1

/*
*/
     #DEFINE_CONSTANT   DB_CFG_NAME   DB_CFG 
     #DEFINE_CONSTANT   LP_ID   1 
     #DEFINE_CONSTANT   WIN_CSTID_NAME   POPUP_LP1_CSTID 
     #DEFINE_CONSTANT   OBJ__SIGNAL_TOWER   MNG_SIGNAL_TOWER 


#OBJECT_PROPERTY     Phy_LP2

/*
*/
     #DEFINE_CONSTANT   DB_CFG_NAME   DB_CFG 
     #DEFINE_CONSTANT   LP_ID   2 
     #DEFINE_CONSTANT   WIN_CSTID_NAME   POPUP_LP2_CSTID 
     #DEFINE_CONSTANT   OBJ__SIGNAL_TOWER   MNG_SIGNAL_TOWER 


#OBJECT_PROPERTY     Phy_LP3

/*
*/
     #DEFINE_CONSTANT   DB_CFG_NAME   DB_CFG 
     #DEFINE_CONSTANT   LP_ID   3 
     #DEFINE_CONSTANT   WIN_CSTID_NAME   POPUP_LP3_CSTID 
     #DEFINE_CONSTANT   OBJ__SIGNAL_TOWER   MNG_SIGNAL_TOWER 


#OBJECT_PROPERTY     PHY_AL1

/*
*/
     #DEFINE_CONSTANT   DB_CFG_NAME   DB_CFG 
     #DEFINE_CONSTANT   OBJ__SCH_NAME   AL1 


#OBJECT_PROPERTY     PHY_LBA

/*
*/
     #DEFINE_CONSTANT   DB_CFG_NAME   DB_CFG 
     #DEFINE_CONSTANT   OBJ__SCH_NAME   LBA 


#OBJECT_PROPERTY     PHY_LBB

/*
*/
     #DEFINE_CONSTANT   DB_CFG_NAME   DB_CFG 
     #DEFINE_CONSTANT   OBJ__SCH_NAME   LBB 


#OBJECT_PROPERTY     PHY_TMC_SYS

/*
*/
     #DEFINE_CONSTANT   DB_CFG_NAME   DB_CFG 
     #DEFINE_CONSTANT   OBJ_EFEM_ROBOT   PHY_ATM_ROBOT 
     #DEFINE_CONSTANT   OBJ_VAC_ROBOT   PHY_VAC_ROBOT 
     #DEFINE_CONSTANT   LP_SIZE   3 
     #DEFINE_CONSTANT   OBJ_LP1   Phy_LP1 
     #DEFINE_CONSTANT   OBJ_LP2   Phy_LP2 
     #DEFINE_CONSTANT   OBJ_LP3   Phy_LP3 
     #DEFINE_CONSTANT   OBJ_AL1   PHY_AL1 
     #DEFINE_CONSTANT   LLX_SIZE   2 
     #DEFINE_CONSTANT   OBJ_LL1   PHY_LBA 
     #DEFINE_CONSTANT   OBJ_LL2   PHY_LBB 
     #DEFINE_CONSTANT   OBJ_TMC_CHM   PHY_TMC_CHM 
     #DEFINE_CONSTANT   PM_SIZE   6 
     #DEFINE_CONSTANT   OBJ_PM1   PHY_PM1 
     #DEFINE_CONSTANT   OBJ_PM2   PHY_PM2 
     #DEFINE_CONSTANT   OBJ_PM3   PHY_PM3 
     #DEFINE_CONSTANT   OBJ_PM4   PHY_PM4 
     #DEFINE_CONSTANT   OBJ_PM5   PHY_PM5 
     #DEFINE_CONSTANT   OBJ_PM6   PHY_PM6 


#OBJECT_PROPERTY     PHY_TMC_CHM

/*
*/
     #DEFINE_CONSTANT   DB_CFG_NAME   DB_CFG 


#OBJECT_PROPERTY     PHY_ATM_ROBOT

/*
*/
     #DEFINE_CONSTANT   LLX.MULTI_SLOT_VALVE   YES 
     #DEFINE_CONSTANT   DB_CFG_NAME   DB_CFG 
     #DEFINE_CONSTANT   LP_SIZE   3 
     #DEFINE_CONSTANT   OBJ_LP1   Phy_LP1 
     #DEFINE_CONSTANT   OBJ_LP2   Phy_LP2 
     #DEFINE_CONSTANT   OBJ_LP3   Phy_LP3 
     #DEFINE_CONSTANT   OBJ_AL1   PHY_AL1 
     #DEFINE_CONSTANT   LLX_SIZE   2 
     #DEFINE_CONSTANT   OBJ_LL1   PHY_LBA 
     #DEFINE_CONSTANT   OBJ_LL2   PHY_LBB 
     #DEFINE_CONSTANT   OBJ_ST1   PHY_BFF1 
     #DEFINE_CONSTANT   OBJ_ST2   PHY_BFF2 


#OBJECT_PROPERTY     PHY_VAC_ROBOT

/*
*/
     #DEFINE_CONSTANT   LLX.MULTI_SLOT_VALVE   YES 
     #DEFINE_CONSTANT   DB_CFG_NAME   DB_CFG 
     #DEFINE_CONSTANT   LLX_SIZE   2 
     #DEFINE_CONSTANT   OBJ_LL1   PHY_LBA 
     #DEFINE_CONSTANT   OBJ_LL2   PHY_LBB 
     #DEFINE_CONSTANT   PM_SIZE   6 
     #DEFINE_CONSTANT   OBJ_PM1   PHY_PM1 
     #DEFINE_CONSTANT   OBJ_PM2   PHY_PM2 
     #DEFINE_CONSTANT   OBJ_PM3   PHY_PM3 
     #DEFINE_CONSTANT   OBJ_PM4   PHY_PM4 
     #DEFINE_CONSTANT   OBJ_PM5   PHY_PM5 
     #DEFINE_CONSTANT   OBJ_PM6   PHY_PM6 


#OBJECT_PROPERTY     PHY_PM1

/*
*/
     #DEFINE_CONSTANT   PM_ID   1 
     #DEFINE_CONSTANT   DB_CFG_NAME   DB_CFG 


#OBJECT_PROPERTY     PHY_PM2

/*
*/
     #DEFINE_CONSTANT   PM_ID   2 
     #DEFINE_CONSTANT   DB_CFG_NAME   DB_CFG 


#OBJECT_PROPERTY     PHY_PM3

/*
*/
     #DEFINE_CONSTANT   PM_ID   3 
     #DEFINE_CONSTANT   DB_CFG_NAME   DB_CFG 


#OBJECT_PROPERTY     PHY_PM4

/*
*/
     #DEFINE_CONSTANT   PM_ID   4 
     #DEFINE_CONSTANT   DB_CFG_NAME   DB_CFG 


#OBJECT_PROPERTY     PHY_PM5

/*
*/
     #DEFINE_CONSTANT   PM_ID   5 
     #DEFINE_CONSTANT   DB_CFG_NAME   DB_CFG 


#OBJECT_PROPERTY     PHY_PM6

/*
*/
     #DEFINE_CONSTANT   PM_ID   6 
     #DEFINE_CONSTANT   DB_CFG_NAME   DB_CFG 


#OBJECT_PROPERTY     FA_APP_CTRL

/*
*/
     #DEFINE_CONSTANT   ENABLE__DEVICE_ID   YES 
     #DEFINE_CONSTANT   ENABLE__INITIAL_CONTROL_STATE   YES 
     #DEFINE_CONSTANT   PM_SIZE   6 
     #DEFINE_CONSTANT   OBJ__PM1   PHY_PM1 
     #DEFINE_CONSTANT   OBJ__PM2   PHY_PM2 
     #DEFINE_CONSTANT   OBJ__PM3   PHY_PM3 
     #DEFINE_CONSTANT   OBJ__PM4   PHY_PM4 
     #DEFINE_CONSTANT   OBJ__PM5   PHY_PM5 
     #DEFINE_CONSTANT   OBJ__PM6   PHY_PM6 


#OBJECT_PROPERTY     FA_E30_CTRL   //  Object Index Error !!!

     #DEFINE_CONSTANT   ENABLE__DEVICE_ID   YES 
     #DEFINE_CONSTANT   ENABLE__INITIAL_CONTROL_STATE   YES 


#OBJECT_PROPERTY     FA_PMx_CEID   //  Object Index Error !!!

     #DEFINE_CONSTANT   PM_SIZE   6 
     #DEFINE_CONSTANT   OBJ__PM1   PHY_PM1 
     #DEFINE_CONSTANT   OBJ__PM2   PHY_PM2 
     #DEFINE_CONSTANT   OBJ__PM3   PHY_PM3 
     #DEFINE_CONSTANT   OBJ__PM4   PHY_PM4 
     #DEFINE_CONSTANT   OBJ__PM5   PHY_PM5 
     #DEFINE_CONSTANT   OBJ__PM6   PHY_PM6 


#OBJECT_PROPERTY     LINK_CTC

/*
*/
     #OBJECT_LINK_FILE   LINK__CFG_CTC.cfg 


#OBJECT_PROPERTY     LINK_TMC_LOG

/*
*/
     #OBJECT_LINK_FILE   LINK__TMC_LOG.cfg 


#OBJECT_PROPERTY     LINK_PM1_LOG   //  Object Index Error !!!

     #OBJECT_LINK_FILE   LINK__PM1_LOG.cfg 


#OBJECT_PROPERTY     LINK_PM2_LOG   //  Object Index Error !!!

     #OBJECT_LINK_FILE   LINK__PM2_LOG.cfg 


#OBJECT_PROPERTY     LINK_PM3_LOG   //  Object Index Error !!!

     #OBJECT_LINK_FILE   LINK__PM3_LOG.cfg 


#OBJECT_PROPERTY     LINK_PM4_LOG   //  Object Index Error !!!

     #OBJECT_LINK_FILE   LINK__PM4_LOG.cfg 


#OBJECT_PROPERTY     LINK_PM5_LOG   //  Object Index Error !!!

     #OBJECT_LINK_FILE   LINK__PM5_LOG.cfg 


#OBJECT_PROPERTY     LINK_PM6_LOG   //  Object Index Error !!!

     #OBJECT_LINK_FILE   LINK__PM6_LOG.cfg 


#OBJECT_PROPERTY     LINK_PM1_DCOP   //  Object Index Error !!!

     #OBJECT_LINK_FILE   LINK__PM1_DCOP.cfg 


#OBJECT_PROPERTY     LINK_PM2_DCOP   //  Object Index Error !!!

     #OBJECT_LINK_FILE   LINK__PM2_DCOP.cfg 


#OBJECT_PROPERTY     LINK_PM3_DCOP   //  Object Index Error !!!

     #OBJECT_LINK_FILE   LINK__PM3_DCOP.cfg 


#OBJECT_PROPERTY     LINK_PM4_DCOP   //  Object Index Error !!!

     #OBJECT_LINK_FILE   LINK__PM4_DCOP.cfg 


#OBJECT_PROPERTY     LINK_PM5_DCOP   //  Object Index Error !!!

     #OBJECT_LINK_FILE   LINK__PM5_DCOP.cfg 


#OBJECT_PROPERTY     LINK_PM6_DCOP   //  Object Index Error !!!

     #OBJECT_LINK_FILE   LINK__PM6_DCOP.cfg 


#OBJECT_PROPERTY     FA_DRV

/*
*/
     #OBJECT_FA_FILE   FA_LINK__HYNIX.inf 

     #OBJECT_FA_SERVICE    

     #OBJECT_FA_PARA   PARA.1    DATA.1 
     #OBJECT_FA_PARA   PARA.2    DATA.2 
     #OBJECT_FA_PARA   PARA.3    DATA.3 

