/*
COMMAND LIST ----------------------------------------
   #MEMORY_CHECK 
   #LINK__SEQ_ID 
   #MODULE_LINK_SERVER_REPORT_SPEED   [FAST/SLOW/VERY_SLOW] : []
   #CHANNEL_SYNCHRONIZE   [CH-NAME] [SYNC-CH]
   #SET_SIM_REAL__OBJECT   [OBJ-NAME]
   #GET_SIM_REAL__OBJECT   [OBJ-NAME]
   #CALL_FNC   SET_IO__X_OPTION


   #COMMON_LOG__INFO   [FILE-SIZE] [FILE-REF_MIN]

   #USER_LOG__START   [FILE-SIZE] [FILE-REF_MIN]
       [OBJECT_NAME1]
       // ...
       [OBJECT_NAMEn]
   #USER_LOG__END


#OBJECT_PROPERTY   [OBJ-NAME]

   // Object IO-File ...
   #OBJECT_IO_FILE   [IO-FILE]
   #OBJECT_IO_PARA   [PARA-NAME]  [PARA-DATA]

   // Object Link-File ...
   #OBJECT_LINK_FILE   [LINK-FILE]
   #OBJECT_LINK_PARA   [PARA-NAME]  [PARA-DATA]

   // Object FA-File ...
   #OBJECT_FA_FILE   [FA-FILE]
   #OBJECT_FA_SERVICE   [FA-SERVICE]

   // Object Connection ...
   #DEFINE_CONSTANT   [CONST-NAME]
   #FNC_MODE   [LOW-OBJ] [OBJ-MODE]
   #FNC_VARIABLE   [LOW-OBJ] [VAR-NAME]

   // Function Connection ...

   // int Fnc(), double Fnc(), CString Fnc() 
   #FNC_RET_INT   [FNC-NAME] [LOW-OBJ] [LOW-FNC]
   #FNC_RET_DOUBLE   [FNC-NAME] [LOW-OBJ] [LOW-FNC]
   #FNC_RET_STRING   [FNC-NAME] [LOW-OBJ] [LOW-FNC]

   // CString Fnc(int), CString Fnc(CString) 
   #FNC_RET_STRING(INT)   [FNC-NAME] [LOW-OBJ] [LOW-FNC]
   #FNC_RET_STRING(STRING)   [FNC-NAME] [LOW-OBJ] [LOW-FNC]

   // int Fnc(int,CString), int Fnc(CString,CString) 
   #FNC_RET_INT(INT,STRING)   [FNC-NAME] [LOW-OBJ] [LOW-FNC]
   #FNC_RET_INT(STRING,STRING)   [FNC-NAME] [LOW-OBJ] [LOW-FNC]
*/

//------------------------------------------------------------------------
// Set-Sim_Real List 
//------------------------------------------------------------------------

//------------------------------------------------------------------------
// Get-Sim_Real List 
//------------------------------------------------------------------------

//------------------------------------------------------------------------
// Define List 
   ##DB_CFG        DB_CFG
   ##SIGNAL_TOWER  MNG_SIGNAL_TOWER
   ##PM_SIZE       6
   ##LP_SIZE       3
   ##CHMx          6
   ##PMx+          LINK_PM6_DCOP+
//------------------------------------------------------------------------

//------------------------------------------------------------------------
// System Log INFO. 
//------------------------------------------------------------------------


#DIGITAL_DESCRIPTION  
// DESCRIPT_NAME   {  ITEM1  ITEM2  ...  ITEMn  }  




#OBJECT_PROPERTY     OPR_PART_PM1

/*
*/
     #DEFINE_CONSTANT   CH__CFG_MODULE_USE   DB_CFG+PM1.USE 
     #DEFINE_CONSTANT   CH__MODULE_MATERIAL_COUNT   PHY_PM1+ACC.MATERIAL.COUNT 
     #DEFINE_CONSTANT   POPUP_WIN_NAME   POPUP_PM1_PART_MSG 


#OBJECT_PROPERTY     OPR_PART_PM2

/*
*/
     #DEFINE_CONSTANT   CH__CFG_MODULE_USE   DB_CFG+PM2.USE 
     #DEFINE_CONSTANT   CH__MODULE_MATERIAL_COUNT   PHY_PM2+ACC.MATERIAL.COUNT 
     #DEFINE_CONSTANT   POPUP_WIN_NAME   POPUP_PM2_PART_MSG 


#OBJECT_PROPERTY     OPR_PART_PM3

/*
*/
     #DEFINE_CONSTANT   CH__CFG_MODULE_USE   DB_CFG+PM3.USE 
     #DEFINE_CONSTANT   CH__MODULE_MATERIAL_COUNT   PHY_PM3+ACC.MATERIAL.COUNT 
     #DEFINE_CONSTANT   POPUP_WIN_NAME   POPUP_PM3_PART_MSG 


#OBJECT_PROPERTY     OPR_PART_PM4

/*
*/
     #DEFINE_CONSTANT   CH__CFG_MODULE_USE   DB_CFG+PM4.USE 
     #DEFINE_CONSTANT   CH__MODULE_MATERIAL_COUNT   PHY_PM4+ACC.MATERIAL.COUNT 
     #DEFINE_CONSTANT   POPUP_WIN_NAME   POPUP_PM4_PART_MSG 


#OBJECT_PROPERTY     OPR_PART_PM5

/*
*/
     #DEFINE_CONSTANT   CH__CFG_MODULE_USE   DB_CFG+PM5.USE 
     #DEFINE_CONSTANT   CH__MODULE_MATERIAL_COUNT   PHY_PM5+ACC.MATERIAL.COUNT 
     #DEFINE_CONSTANT   POPUP_WIN_NAME   POPUP_PM5_PART_MSG 


#OBJECT_PROPERTY     OPR_PART_PM6

/*
*/
     #DEFINE_CONSTANT   CH__CFG_MODULE_USE   DB_CFG+PM6.USE 
     #DEFINE_CONSTANT   CH__MODULE_MATERIAL_COUNT   PHY_PM6+ACC.MATERIAL.COUNT 
     #DEFINE_CONSTANT   POPUP_WIN_NAME   POPUP_PM6_PART_MSG 


#OBJECT_PROPERTY     OPR_CTC_MODE

/*
*/
     #DEFINE_CONSTANT   DB_CFG_NAME   DB_CFG 
     #DEFINE_CONSTANT   OBJ__ATM_RB   FNC_ATM_ROBOT 
     #DEFINE_CONSTANT   LPX_UNIT_SIZE   3 
     #DEFINE_CONSTANT   OBJ__LP1   PHY_LP1 
     #DEFINE_CONSTANT   OBJ__LP2   PHY_LP2 
     #DEFINE_CONSTANT   OBJ__LP3   PHY_LP3 
     #DEFINE_CONSTANT   BUFFERX_UNIT_SIZE   2 
     #DEFINE_CONSTANT   BUFFER1_OBJECT   PHY_BFF1 
     #DEFINE_CONSTANT   BUFFER1_SLOT_SIZE   25 
     #DEFINE_CONSTANT   BUFFER2_OBJECT   PHY_BFF2 
     #DEFINE_CONSTANT   BUFFER2_SLOT_SIZE   25 
     #DEFINE_CONSTANT   CH.ATM_RB.A.MATERIAL_STATUS.ARM   PHY_ATM_ROBOT+ARM.SLOT01.STATUS 
     #DEFINE_CONSTANT   CH.ATM_RB.A.MATERIAL_TITLE.ARM   PHY_ATM_ROBOT+ARM.SLOT01.TITLE 
     #DEFINE_CONSTANT   AL1_SLOT_SIZE   1 
     #DEFINE_CONSTANT   CH.AL1.1.MATERIAL_STATUS.SLOT   PHY_AL1+SLOT01.STATUS 
     #DEFINE_CONSTANT   CH.AL1.1.MATERIAL_TITLE.SLOT   PHY_AL1+SLOT01.TITLE 
     #DEFINE_CONSTANT   LLX_SIZE   4 
     #DEFINE_CONSTANT   LLX_SLOT_MAX   2 
     #DEFINE_CONSTANT   CH.LL1.1.MATERIAL_STATUS.SLOT   PHY_LBA+SLOT01.STATUS 
     #DEFINE_CONSTANT   CH.LL1.1.MATERIAL_TITLE.SLOT   PHY_LBA+SLOT01.TITLE 
     #DEFINE_CONSTANT   CH.LL1.2.MATERIAL_STATUS.SLOT   PHY_LBA+SLOT02.STATUS 
     #DEFINE_CONSTANT   CH.LL1.2.MATERIAL_TITLE.SLOT   PHY_LBA+SLOT02.TITLE 
     #DEFINE_CONSTANT   CH.LL2.1.MATERIAL_STATUS.SLOT   PHY_LBB+SLOT01.STATUS 
     #DEFINE_CONSTANT   CH.LL2.1.MATERIAL_TITLE.SLOT   PHY_LBB+SLOT01.TITLE 
     #DEFINE_CONSTANT   CH.LL2.2.MATERIAL_STATUS.SLOT   PHY_LBB+SLOT02.STATUS 
     #DEFINE_CONSTANT   CH.LL2.2.MATERIAL_TITLE.SLOT   PHY_LBB+SLOT02.TITLE 
     #DEFINE_CONSTANT   CH.LL3.1.MATERIAL_STATUS.SLOT   PHY_LBC+SLOT01.STATUS 
     #DEFINE_CONSTANT   CH.LL3.1.MATERIAL_TITLE.SLOT   PHY_LBC+SLOT01.TITLE 
     #DEFINE_CONSTANT   CH.LL3.2.MATERIAL_STATUS.SLOT   PHY_LBC+SLOT02.STATUS 
     #DEFINE_CONSTANT   CH.LL3.2.MATERIAL_TITLE.SLOT   PHY_LBC+SLOT02.TITLE 
     #DEFINE_CONSTANT   CH.LL4.1.MATERIAL_STATUS.SLOT   PHY_LBD+SLOT01.STATUS 
     #DEFINE_CONSTANT   CH.LL4.1.MATERIAL_TITLE.SLOT   PHY_LBD+SLOT01.TITLE 
     #DEFINE_CONSTANT   CH.LL4.2.MATERIAL_STATUS.SLOT   PHY_LBD+SLOT02.STATUS 
     #DEFINE_CONSTANT   CH.LL4.2.MATERIAL_TITLE.SLOT   PHY_LBD+SLOT02.TITLE 
     #DEFINE_CONSTANT   CH.VAC_RB.A.MATERIAL_STATUS.ARM   PHY_VAC_ROBOT+ARM.SLOT01.STATUS 
     #DEFINE_CONSTANT   CH.VAC_RB.A.MATERIAL_TITLE.ARM   PHY_VAC_ROBOT+ARM.SLOT01.TITLE 
     #DEFINE_CONSTANT   CH.VAC_RB.B.MATERIAL_STATUS.ARM   PHY_VAC_ROBOT+ARM.SLOT02.STATUS 
     #DEFINE_CONSTANT   CH.VAC_RB.B.MATERIAL_TITLE.ARM   PHY_VAC_ROBOT+ARM.SLOT02.TITLE 
     #DEFINE_CONSTANT   PMX_UNIT_SIZE   6 
     #DEFINE_CONSTANT   OBJ__PM1   PHY_PM1 
     #DEFINE_CONSTANT   OBJ__PM2   PHY_PM2 
     #DEFINE_CONSTANT   OBJ__PM3   PHY_PM3 
     #DEFINE_CONSTANT   OBJ__PM4   PHY_PM4 
     #DEFINE_CONSTANT   OBJ__PM5   PHY_PM5 
     #DEFINE_CONSTANT   OBJ__PM6   PHY_PM6 


#OBJECT_PROPERTY     OPR_MAINT

/*
*/
     #DEFINE_CONSTANT   CH__TARGET_LLX_NAME   PHY_ATM_ROBOT+TARGET.LLx.NAME 
     #DEFINE_CONSTANT   LP_SIZE   3 
     #DEFINE_CONSTANT   OBJ__LP1   PHY_LP1 
     #DEFINE_CONSTANT   OBJ__LP2   PHY_LP2 
     #DEFINE_CONSTANT   OBJ__LP3   PHY_LP3 
     #DEFINE_CONSTANT   OBJ__ATM_RB   FNC_ATM_ROBOT 
     #DEFINE_CONSTANT   OBJ__VAC_RB   FNC_VAC_ROBOT 
     #DEFINE_CONSTANT   PMX_UNIT_SIZE   6 
     #DEFINE_CONSTANT   OBJ__PM1   PHY_PM1 
     #DEFINE_CONSTANT   OBJ__PM2   PHY_PM2 
     #DEFINE_CONSTANT   OBJ__PM3   PHY_PM3 
     #DEFINE_CONSTANT   OBJ__PM4   PHY_PM4 
     #DEFINE_CONSTANT   OBJ__PM5   PHY_PM5 
     #DEFINE_CONSTANT   OBJ__PM6   PHY_PM6 
     #DEFINE_CONSTANT   LLX_SIZE   4 


#OBJECT_PROPERTY     OPR_PM1

/*
// EXT-FNC_MODE LIST 
OBJ_MODE__PRO_READY                       ""
OBJ_MODE__PRO_START                       ""

*/
     #FNC_MODE   OBJ_MODE__PRO_READY   PHY_PM1   MNT_READY   //   
     #FNC_MODE   OBJ_MODE__PRO_START   PHY_PM1   MNT_START   //   


#OBJECT_PROPERTY     OPR_PM2

/*
// EXT-FNC_MODE LIST 
OBJ_MODE__PRO_READY                       ""
OBJ_MODE__PRO_START                       ""

*/
     #FNC_MODE   OBJ_MODE__PRO_READY   PHY_PM2   MNT_READY   //   
     #FNC_MODE   OBJ_MODE__PRO_START   PHY_PM2   MNT_START   //   


#OBJECT_PROPERTY     OPR_PM3

/*
// EXT-FNC_MODE LIST 
OBJ_MODE__PRO_READY                       ""
OBJ_MODE__PRO_START                       ""

*/
     #FNC_MODE   OBJ_MODE__PRO_READY   PHY_PM3   MNT_READY   //   
     #FNC_MODE   OBJ_MODE__PRO_START   PHY_PM3   MNT_START   //   


#OBJECT_PROPERTY     OPR_PM4

/*
// EXT-FNC_MODE LIST 
OBJ_MODE__PRO_READY                       ""
OBJ_MODE__PRO_START                       ""

*/
     #FNC_MODE   OBJ_MODE__PRO_READY   PHY_PM4   MNT_READY   //   
     #FNC_MODE   OBJ_MODE__PRO_START   PHY_PM4   MNT_START   //   


#OBJECT_PROPERTY     OPR_PM5

/*
// EXT-FNC_MODE LIST 
OBJ_MODE__PRO_READY                       ""
OBJ_MODE__PRO_START                       ""

*/
     #FNC_MODE   OBJ_MODE__PRO_READY   PHY_PM5   MNT_READY   //   
     #FNC_MODE   OBJ_MODE__PRO_START   PHY_PM5   MNT_START   //   


#OBJECT_PROPERTY     OPR_PM6

/*
// EXT-FNC_MODE LIST 
OBJ_MODE__PRO_READY                       ""
OBJ_MODE__PRO_START                       ""

*/
     #FNC_MODE   OBJ_MODE__PRO_READY   PHY_PM6   MNT_READY   //   
     #FNC_MODE   OBJ_MODE__PRO_START   PHY_PM6   MNT_START   //   


#OBJECT_PROPERTY     MNG_PMx_INFO

/*
*/
     #DEFINE_CONSTANT   OBJ__DB   DB_CFG 
     #DEFINE_CONSTANT   DATA.PM_SIZE   6 
     #DEFINE_CONSTANT   OBJ__PM1   PHY_PM1 
     #DEFINE_CONSTANT   OBJ__PM2   PHY_PM2 
     #DEFINE_CONSTANT   OBJ__PM3   PHY_PM3 
     #DEFINE_CONSTANT   OBJ__PM4   PHY_PM4 
     #DEFINE_CONSTANT   OBJ__PM5   PHY_PM5 
     #DEFINE_CONSTANT   OBJ__PM6   PHY_PM6 
     #DEFINE_CONSTANT   1.DATA.MFC.SIZE   10 
     #DEFINE_CONSTANT   1.CH.MFC1.NAME   LINK_PM1_DCOP+MFC01.NAME 
     #DEFINE_CONSTANT   1.CH.MFC1.FLOW_GET   LINK_PM1_DCOP+MFC01.C4F8 
     #DEFINE_CONSTANT   1.CH.MFC1.FLOW_SET   LINK_PM1_DCOP+MFC01.C4F8.SET 
     #DEFINE_CONSTANT   1.CH.MFC2.NAME   LINK_PM1_DCOP+MFC02.NAME 
     #DEFINE_CONSTANT   1.CH.MFC2.FLOW_GET   LINK_PM1_DCOP+MFC02.N2 
     #DEFINE_CONSTANT   1.CH.MFC2.FLOW_SET   LINK_PM1_DCOP+MFC02.N2.SET 
     #DEFINE_CONSTANT   1.CH.MFC3.NAME   LINK_PM1_DCOP+MFC03.NAME 
     #DEFINE_CONSTANT   1.CH.MFC3.FLOW_GET   LINK_PM1_DCOP+MFC03.O2.50 
     #DEFINE_CONSTANT   1.CH.MFC3.FLOW_SET   LINK_PM1_DCOP+MFC03.O2.50.SET 
     #DEFINE_CONSTANT   1.CH.MFC4.NAME   LINK_PM1_DCOP+MFC04.NAME 
     #DEFINE_CONSTANT   1.CH.MFC4.FLOW_GET   LINK_PM1_DCOP+MFC04.CF4 
     #DEFINE_CONSTANT   1.CH.MFC4.FLOW_SET   LINK_PM1_DCOP+MFC04.CF4.SET 
     #DEFINE_CONSTANT   1.CH.MFC5.NAME   LINK_PM1_DCOP+MFC05.NAME 
     #DEFINE_CONSTANT   1.CH.MFC5.FLOW_GET   LINK_PM1_DCOP+MFC05.O2.3000 
     #DEFINE_CONSTANT   1.CH.MFC5.FLOW_SET   LINK_PM1_DCOP+MFC05.O2.3000.SET 
     #DEFINE_CONSTANT   1.CH.MFC6.NAME   LINK_PM1_DCOP+MFC06.NAME 
     #DEFINE_CONSTANT   1.CH.MFC6.FLOW_GET   LINK_PM1_DCOP+MFC06.CHF3 
     #DEFINE_CONSTANT   1.CH.MFC6.FLOW_SET   LINK_PM1_DCOP+MFC06.CHF3.SET 
     #DEFINE_CONSTANT   1.CH.MFC7.NAME   LINK_PM1_DCOP+MFC07.NAME 
     #DEFINE_CONSTANT   1.CH.MFC7.FLOW_GET   LINK_PM1_DCOP+MFC07.AR 
     #DEFINE_CONSTANT   1.CH.MFC7.FLOW_SET   LINK_PM1_DCOP+MFC07.AR.SET 
     #DEFINE_CONSTANT   1.CH.MFC8.NAME   LINK_PM1_DCOP+MFC08.NAME 
     #DEFINE_CONSTANT   1.CH.MFC8.FLOW_GET   LINK_PM1_DCOP+MFC08.XE 
     #DEFINE_CONSTANT   1.CH.MFC8.FLOW_SET   LINK_PM1_DCOP+MFC08.XE.SET 
     #DEFINE_CONSTANT   1.CH.MFC9.NAME   LINK_PM1_DCOP+MFC09.NAME 
     #DEFINE_CONSTANT   1.CH.MFC9.FLOW_GET   LINK_PM1_DCOP+MFC09.CH2F2 
     #DEFINE_CONSTANT   1.CH.MFC9.FLOW_SET   LINK_PM1_DCOP+MFC09.CH2F2.SET 
     #DEFINE_CONSTANT   1.CH.MFC10.NAME   LINK_PM1_DCOP+MFC10.NAME 
     #DEFINE_CONSTANT   1.CH.MFC10.FLOW_GET   LINK_PM1_DCOP+MFC10.C4F6 
     #DEFINE_CONSTANT   1.CH.MFC10.FLOW_SET   LINK_PM1_DCOP+MFC10.C4F6.Set 
     #DEFINE_CONSTANT   1.CH.RF1.ON_STATUS_SET   LINK_PM1_DCOP+RF.2MHz.ON_POWER_SET 
     #DEFINE_CONSTANT   1.CH.RF1.ON_STATUS_GET   LINK_PM1_DCOP+RF.2MHz.ON_STATUS 
     #DEFINE_CONSTANT   1.CH.RF1.POWER_SET   LINK_PM1_DCOP+RF.2MHz.FORWARD.PWR.SET 
     #DEFINE_CONSTANT   1.CH.RF1.RAMP_SET   LINK_PM1_DCOP+RF.2MHz.RAMP_TIME 
     #DEFINE_CONSTANT   1.CH.RF1.FORWARD_POWER_GET   LINK_PM1_DCOP+RF.2MHz.FORWARD.PWR 
     #DEFINE_CONSTANT   1.CH.RF1.REFLECT_POWER_GET   LINK_PM1_DCOP+RF.2MHz.REFLECTED.PWR 
     #DEFINE_CONSTANT   1.CH.RF1.MONITORING_STATUS   LINK_PM1_DCOP+RF.2MHz.MON_FLAG 
     #DEFINE_CONSTANT   1.CH.RF1.FREQUENCY_START_SET   LINK_PM1_DCOP+RF.2MHz.START_FREQUENCY_SET 
     #DEFINE_CONSTANT   1.CH.RF1.FREQUENCY_POWER_SET   LINK_PM1_DCOP+RF.2MHz.OUTPUT_FREQUENCY_SET 
     #DEFINE_CONSTANT   1.CH.RF1.FREQUENCY_POWER_GET   LINK_PM1_DCOP+RF.2MHz.FREQUENCY 
     #DEFINE_CONSTANT   1.CH.RF2.ON_STATUS_SET   LINK_PM1_DCOP+RF.27MHz.ON_POWER_SET 
     #DEFINE_CONSTANT   1.CH.RF2.ON_STATUS_GET   LINK_PM1_DCOP+RF.27MHz.ON_STATUS 
     #DEFINE_CONSTANT   1.CH.RF2.POWER_SET   LINK_PM1_DCOP+RF.27MHz.FWD.PWR.SET 
     #DEFINE_CONSTANT   1.CH.RF2.RAMP_SET   LINK_PM1_DCOP+RF.27MHz.RAMP_TIME 
     #DEFINE_CONSTANT   1.CH.RF2.FORWARD_POWER_GET   LINK_PM1_DCOP+RF.27MHz.FWD.PWR 
     #DEFINE_CONSTANT   1.CH.RF2.REFLECT_POWER_GET   LINK_PM1_DCOP+RF.27MHz.REFLECT.PWR 
     #DEFINE_CONSTANT   1.CH.RF2.MONITORING_STATUS   LINK_PM1_DCOP+RF.27MHz.MON_FLAG 
     #DEFINE_CONSTANT   1.CH.RF2.FREQUENCY_START_SET   LINK_PM1_DCOP+RF.27MHz.START_FREQUENCY_SET 
     #DEFINE_CONSTANT   1.CH.RF2.FREQUENCY_POWER_SET   LINK_PM1_DCOP+RF.27MHz.OUTPUT_FREQUENCY_SET 
     #DEFINE_CONSTANT   1.CH.RF2.FREQUENCY_POWER_GET   LINK_PM1_DCOP+RF.27MHz.FREQUENCY 
     #DEFINE_CONSTANT   1.CH.RF3.ON_STATUS_SET   LINK_PM1_DCOP+RF.60MHz.ON_POWER_SET 
     #DEFINE_CONSTANT   1.CH.RF3.ON_STATUS_GET   LINK_PM1_DCOP+RF.60MHz.ON_STATUS 
     #DEFINE_CONSTANT   1.CH.RF3.POWER_SET   LINK_PM1_DCOP+RF.60MHz.FORWARD.PWR.SET 
     #DEFINE_CONSTANT   1.CH.RF3.RAMP_SET   LINK_PM1_DCOP+RF.60MHz.RAMP_TIME 
     #DEFINE_CONSTANT   1.CH.RF3.FORWARD_POWER_GET   LINK_PM1_DCOP+RF.60MHz.FORWARD.PWR 
     #DEFINE_CONSTANT   1.CH.RF3.REFLECT_POWER_GET   LINK_PM1_DCOP+RF.60MHz.REFLECTED.PWR 
     #DEFINE_CONSTANT   1.CH.RF3.MONITORING_STATUS   LINK_PM1_DCOP+RF.60MHz.MON_FLAG 
     #DEFINE_CONSTANT   1.CH.RF3.FREQUENCY_START_SET   LINK_PM1_DCOP+RF.60MHz.START_FREQUENCY_SET 
     #DEFINE_CONSTANT   1.CH.RF3.FREQUENCY_POWER_SET   LINK_PM1_DCOP+RF.60MHz.OUTPUT_FREQUENCY_SET 
     #DEFINE_CONSTANT   1.CH.RF3.FREQUENCY_POWER_GET   LINK_PM1_DCOP+RF.60MHz.FREQUENCY 
     #DEFINE_CONSTANT   1.CH.MAT1.ON_STATUS   LINK_PM1_DCOP+2MHz.ON_STATUS 
     #DEFINE_CONSTANT   1.CH.MAT1.TUNE_STATUS   LINK_PM1_DCOP+2MHz.TUNE_STATUS 
     #DEFINE_CONSTANT   1.CH.MAT1.CONTROL_MODE   LINK_PM1_DCOP+2MHz.CONTROL_MODE 
     #DEFINE_CONSTANT   1.CH.MAT1.CUR_LOAD_POS   LINK_PM1_DCOP+2MHz.LOAD_CUR_POS 
     #DEFINE_CONSTANT   1.CH.MAT1.CUR_TUNE_POS   LINK_PM1_DCOP+2MHz.TUNE_CUR_POS 
     #DEFINE_CONSTANT   1.CH.MAT2.ON_STATUS   LINK_PM1_DCOP+27MHz.ON_STATUS 
     #DEFINE_CONSTANT   1.CH.MAT2.TUNE_STATUS   LINK_PM1_DCOP+27MHz.TUNE_STATUS 
     #DEFINE_CONSTANT   1.CH.MAT2.CONTROL_MODE   LINK_PM1_DCOP+27MHz.CONTROL_MODE 
     #DEFINE_CONSTANT   1.CH.MAT2.CUR_LOAD_POS   LINK_PM1_DCOP+27MHz.LOAD_CUR_POS 
     #DEFINE_CONSTANT   1.CH.MAT2.CUR_TUNE_POS   LINK_PM1_DCOP+27MHz.TUNE_CUR_POS 
     #DEFINE_CONSTANT   1.CH.MAT3.ON_STATUS   LINK_PM1_DCOP+60MHz.ON_STATUS 
     #DEFINE_CONSTANT   1.CH.MAT3.TUNE_STATUS   LINK_PM1_DCOP+60MHz.TUNE_STATUS 
     #DEFINE_CONSTANT   1.CH.MAT3.CONTROL_MODE   LINK_PM1_DCOP+60MHz.CONTROL_MODE 
     #DEFINE_CONSTANT   1.CH.MAT3.CUR_LOAD_POS   LINK_PM1_DCOP+60MHz.LOAD_CUR_POS 
     #DEFINE_CONSTANT   1.CH.MAT3.CUR_TUNE_POS   LINK_PM1_DCOP+60MHz.TUNE_CUR_POS 
     #DEFINE_CONSTANT   1.DATA.HEATER.SIZE   4 
     #DEFINE_CONSTANT   1.CH.HTR1.TEMP_SET   LINK_PM1_DCOP+TOP.TEMP.SET 
     #DEFINE_CONSTANT   1.CH.HTR1.TEMP_GET   LINK_PM1_DCOP+TOP.TEMP 
     #DEFINE_CONSTANT   1.CH.HTR2.TEMP_SET   LINK_PM1_DCOP+ESC.TEMP.SET 
     #DEFINE_CONSTANT   1.CH.HTR2.TEMP_GET   LINK_PM1_DCOP+BTM.TEMPERATURE 
     #DEFINE_CONSTANT   1.CH.HTR3.TEMP_SET   LINK_PM1_DCOP+TOP.PLATE.TEMP.SET 
     #DEFINE_CONSTANT   1.CH.HTR3.TEMP_GET   LINK_PM1_DCOP+TOP.PLATE.TEMP 
     #DEFINE_CONSTANT   1.CH.HTR4.TEMP_SET   LINK_PM1_DCOP+ANAFAZER.TOP.TEMP.GET 
     #DEFINE_CONSTANT   1.CH.HTR4.TEMP_GET   LINK_PM1_DCOP+BTM.TEMP 
     #DEFINE_CONSTANT   1.CH.ESC.TOTAL_VOLT_SET   LINK_PM1_DCOP+ESC.VOLTAGE.SET 
     #DEFINE_CONSTANT   1.CH.ESC.TOTAL_VOLT_GET   LINK_PM1_DCOP+ESC.VOLTAGE 
     #DEFINE_CONSTANT   1.CH.ESC.BIAS_VOLT_SET   LINK_PM1_DCOP+ESC.COOLANT_FLOW_GET 
     #DEFINE_CONSTANT   1.CH.ESC.BIAS_VOLT_GET   LINK_PM1_DCOP+DCBIAS.VOLTAGE 
     #DEFINE_CONSTANT   1.CH.ESC.COOLANT_GET   LINK_PM1_DCOP+CHAMBER.FLOW 
     #DEFINE_CONSTANT   1.CH.ESC.POWER_ON_STATUS   LINK_PM1_DCOP+ESC.POWER_ON_STATUS 
     #DEFINE_CONSTANT   1.CH.ESC.REVERSE_POLARITY_STATUS   LINK_PM1_DCOP+ESC.REVERSE_POWER_STATUS 
     #DEFINE_CONSTANT   1.CH.ESC.COOLANT_FLOW_STATUS   LINK_PM1_DCOP+ESC.COOLANT_FLOW_STATUS 
     #DEFINE_CONSTANT   1.CH.HE_1.PRESSURE_SET   LINK_PM1_DCOP+HE.INNER.PRESS.SET 
     #DEFINE_CONSTANT   1.CH.HE_1.PRESSURE_GET   LINK_PM1_DCOP+HE.INNER.PRESS 
     #DEFINE_CONSTANT   1.CH.HE_1.FLOW_GET   LINK_PM1_DCOP+HE.INNER.FLOW 
     #DEFINE_CONSTANT   1.CH.HE_2.PRESSURE_SET   LINK_PM1_DCOP+HE.OUTER.PRESS.SET 
     #DEFINE_CONSTANT   1.CH.HE_2.PRESSURE_GET   LINK_PM1_DCOP+HE.OUTER.PRESS 
     #DEFINE_CONSTANT   1.CH.HE_2.FLOW_GET   LINK_PM1_DCOP+HE.OUTER.FLOW 
     #DEFINE_CONSTANT   2.DATA.MFC.SIZE   10 
     #DEFINE_CONSTANT   2.CH.MFC1.NAME   LINK_PM2_DCOP+MFC01.NAME 
     #DEFINE_CONSTANT   2.CH.MFC1.FLOW_GET   LINK_PM2_DCOP+MFC01.C4F8 
     #DEFINE_CONSTANT   2.CH.MFC1.FLOW_SET   LINK_PM2_DCOP+MFC01.C4F8.SET 
     #DEFINE_CONSTANT   2.CH.MFC2.NAME   LINK_PM2_DCOP+MFC02.NAME 
     #DEFINE_CONSTANT   2.CH.MFC2.FLOW_GET   LINK_PM2_DCOP+MFC02.N2 
     #DEFINE_CONSTANT   2.CH.MFC2.FLOW_SET   LINK_PM2_DCOP+MFC02.N2.SET 
     #DEFINE_CONSTANT   2.CH.MFC3.NAME   LINK_PM2_DCOP+MFC03.NAME 
     #DEFINE_CONSTANT   2.CH.MFC3.FLOW_GET   LINK_PM2_DCOP+MFC03.O2.50 
     #DEFINE_CONSTANT   2.CH.MFC3.FLOW_SET   LINK_PM2_DCOP+MFC03.O2.50.SET 
     #DEFINE_CONSTANT   2.CH.MFC4.NAME   LINK_PM2_DCOP+MFC04.NAME 
     #DEFINE_CONSTANT   2.CH.MFC4.FLOW_GET   LINK_PM2_DCOP+MFC04.CF4 
     #DEFINE_CONSTANT   2.CH.MFC4.FLOW_SET   LINK_PM2_DCOP+MFC04.CF4.SET 
     #DEFINE_CONSTANT   2.CH.MFC5.NAME   LINK_PM2_DCOP+MFC05.NAME 
     #DEFINE_CONSTANT   2.CH.MFC5.FLOW_GET   LINK_PM2_DCOP+MFC05.O2.3000 
     #DEFINE_CONSTANT   2.CH.MFC5.FLOW_SET   LINK_PM2_DCOP+MFC05.O2.3000.SET 
     #DEFINE_CONSTANT   2.CH.MFC6.NAME   LINK_PM2_DCOP+MFC06.NAME 
     #DEFINE_CONSTANT   2.CH.MFC6.FLOW_GET   LINK_PM2_DCOP+MFC06.CHF3 
     #DEFINE_CONSTANT   2.CH.MFC6.FLOW_SET   LINK_PM2_DCOP+MFC06.CHF3.SET 
     #DEFINE_CONSTANT   2.CH.MFC7.NAME   LINK_PM2_DCOP+MFC07.NAME 
     #DEFINE_CONSTANT   2.CH.MFC7.FLOW_GET   LINK_PM2_DCOP+MFC07.AR 
     #DEFINE_CONSTANT   2.CH.MFC7.FLOW_SET   LINK_PM2_DCOP+MFC07.AR.SET 
     #DEFINE_CONSTANT   2.CH.MFC8.NAME   LINK_PM2_DCOP+MFC08.NAME 
     #DEFINE_CONSTANT   2.CH.MFC8.FLOW_GET   LINK_PM2_DCOP+MFC08.XE 
     #DEFINE_CONSTANT   2.CH.MFC8.FLOW_SET   LINK_PM2_DCOP+MFC08.XE.SET 
     #DEFINE_CONSTANT   2.CH.MFC9.NAME   LINK_PM2_DCOP+MFC09.NAME 
     #DEFINE_CONSTANT   2.CH.MFC9.FLOW_GET   LINK_PM2_DCOP+MFC09.CH2F2 
     #DEFINE_CONSTANT   2.CH.MFC9.FLOW_SET   LINK_PM2_DCOP+MFC09.CH2F2.SET 
     #DEFINE_CONSTANT   2.CH.MFC10.NAME   LINK_PM2_DCOP+MFC10.NAME 
     #DEFINE_CONSTANT   2.CH.MFC10.FLOW_GET   LINK_PM2_DCOP+MFC10.C4F6 
     #DEFINE_CONSTANT   2.CH.MFC10.FLOW_SET   LINK_PM2_DCOP+MFC10.C4F6.Set 
     #DEFINE_CONSTANT   2.CH.RF1.ON_STATUS_SET   LINK_PM2_DCOP+RF.2MHz.ON_POWER_SET 
     #DEFINE_CONSTANT   2.CH.RF1.ON_STATUS_GET   LINK_PM2_DCOP+RF.2MHz.ON_STATUS 
     #DEFINE_CONSTANT   2.CH.RF1.POWER_SET   LINK_PM2_DCOP+RF.2MHz.FORWARD.PWR.SET 
     #DEFINE_CONSTANT   2.CH.RF1.RAMP_SET   LINK_PM2_DCOP+RF.2MHz.RAMP_TIME 
     #DEFINE_CONSTANT   2.CH.RF1.FORWARD_POWER_GET   LINK_PM2_DCOP+RF.2MHz.FORWARD.PWR 
     #DEFINE_CONSTANT   2.CH.RF1.REFLECT_POWER_GET   LINK_PM2_DCOP+RF.2MHz.REFLECTED.PWR 
     #DEFINE_CONSTANT   2.CH.RF1.MONITORING_STATUS   LINK_PM2_DCOP+RF.2MHz.MON_FLAG 
     #DEFINE_CONSTANT   2.CH.RF1.FREQUENCY_START_SET   LINK_PM2_DCOP+RF.2MHz.START_FREQUENCY_SET 
     #DEFINE_CONSTANT   2.CH.RF1.FREQUENCY_POWER_SET   LINK_PM2_DCOP+RF.2MHz.OUTPUT_FREQUENCY_SET 
     #DEFINE_CONSTANT   2.CH.RF1.FREQUENCY_POWER_GET   LINK_PM2_DCOP+RF.2MHz.FREQUENCY 
     #DEFINE_CONSTANT   2.CH.RF2.ON_STATUS_SET   LINK_PM2_DCOP+RF.27MHz.ON_POWER_SET 
     #DEFINE_CONSTANT   2.CH.RF2.ON_STATUS_GET   LINK_PM2_DCOP+RF.27MHz.ON_STATUS 
     #DEFINE_CONSTANT   2.CH.RF2.POWER_SET   LINK_PM2_DCOP+RF.27MHz.FWD.PWR.SET 
     #DEFINE_CONSTANT   2.CH.RF2.RAMP_SET   LINK_PM2_DCOP+RF.27MHz.RAMP_TIME 
     #DEFINE_CONSTANT   2.CH.RF2.FORWARD_POWER_GET   LINK_PM2_DCOP+RF.27MHz.FWD.PWR 
     #DEFINE_CONSTANT   2.CH.RF2.REFLECT_POWER_GET   LINK_PM2_DCOP+RF.27MHz.REFLECT.PWR 
     #DEFINE_CONSTANT   2.CH.RF2.MONITORING_STATUS   LINK_PM2_DCOP+RF.27MHz.MON_FLAG 
     #DEFINE_CONSTANT   2.CH.RF2.FREQUENCY_START_SET   LINK_PM2_DCOP+RF.27MHz.START_FREQUENCY_SET 
     #DEFINE_CONSTANT   2.CH.RF2.FREQUENCY_POWER_SET   LINK_PM2_DCOP+RF.27MHz.OUTPUT_FREQUENCY_SET 
     #DEFINE_CONSTANT   2.CH.RF2.FREQUENCY_POWER_GET   LINK_PM2_DCOP+RF.27MHz.FREQUENCY 
     #DEFINE_CONSTANT   2.CH.RF3.ON_STATUS_SET   LINK_PM2_DCOP+RF.60MHz.ON_POWER_SET 
     #DEFINE_CONSTANT   2.CH.RF3.ON_STATUS_GET   LINK_PM2_DCOP+RF.60MHz.ON_STATUS 
     #DEFINE_CONSTANT   2.CH.RF3.POWER_SET   LINK_PM2_DCOP+RF.60MHz.FORWARD.PWR.SET 
     #DEFINE_CONSTANT   2.CH.RF3.RAMP_SET   LINK_PM2_DCOP+RF.60MHz.RAMP_TIME 
     #DEFINE_CONSTANT   2.CH.RF3.FORWARD_POWER_GET   LINK_PM2_DCOP+RF.60MHz.FORWARD.PWR 
     #DEFINE_CONSTANT   2.CH.RF3.REFLECT_POWER_GET   LINK_PM2_DCOP+RF.60MHz.REFLECTED.PWR 
     #DEFINE_CONSTANT   2.CH.RF3.MONITORING_STATUS   LINK_PM2_DCOP+RF.60MHz.MON_FLAG 
     #DEFINE_CONSTANT   2.CH.RF3.FREQUENCY_START_SET   LINK_PM2_DCOP+RF.60MHz.START_FREQUENCY_SET 
     #DEFINE_CONSTANT   2.CH.RF3.FREQUENCY_POWER_SET   LINK_PM2_DCOP+RF.60MHz.OUTPUT_FREQUENCY_SET 
     #DEFINE_CONSTANT   2.CH.RF3.FREQUENCY_POWER_GET   LINK_PM2_DCOP+RF.60MHz.FREQUENCY 
     #DEFINE_CONSTANT   2.CH.MAT1.ON_STATUS   LINK_PM2_DCOP+2MHz.ON_STATUS 
     #DEFINE_CONSTANT   2.CH.MAT1.TUNE_STATUS   LINK_PM2_DCOP+2MHz.TUNE_STATUS 
     #DEFINE_CONSTANT   2.CH.MAT1.CONTROL_MODE   LINK_PM2_DCOP+2MHz.CONTROL_MODE 
     #DEFINE_CONSTANT   2.CH.MAT1.CUR_LOAD_POS   LINK_PM2_DCOP+2MHz.LOAD_CUR_POS 
     #DEFINE_CONSTANT   2.CH.MAT1.CUR_TUNE_POS   LINK_PM2_DCOP+2MHz.TUNE_CUR_POS 
     #DEFINE_CONSTANT   2.CH.MAT2.ON_STATUS   LINK_PM2_DCOP+27MHz.ON_STATUS 
     #DEFINE_CONSTANT   2.CH.MAT2.TUNE_STATUS   LINK_PM2_DCOP+27MHz.TUNE_STATUS 
     #DEFINE_CONSTANT   2.CH.MAT2.CONTROL_MODE   LINK_PM2_DCOP+27MHz.CONTROL_MODE 
     #DEFINE_CONSTANT   2.CH.MAT2.CUR_LOAD_POS   LINK_PM2_DCOP+27MHz.LOAD_CUR_POS 
     #DEFINE_CONSTANT   2.CH.MAT2.CUR_TUNE_POS   LINK_PM2_DCOP+27MHz.TUNE_CUR_POS 
     #DEFINE_CONSTANT   2.CH.MAT3.ON_STATUS   LINK_PM2_DCOP+60MHz.ON_STATUS 
     #DEFINE_CONSTANT   2.CH.MAT3.TUNE_STATUS   LINK_PM2_DCOP+60MHz.TUNE_STATUS 
     #DEFINE_CONSTANT   2.CH.MAT3.CONTROL_MODE   LINK_PM2_DCOP+60MHz.CONTROL_MODE 
     #DEFINE_CONSTANT   2.CH.MAT3.CUR_LOAD_POS   LINK_PM2_DCOP+60MHz.LOAD_CUR_POS 
     #DEFINE_CONSTANT   2.CH.MAT3.CUR_TUNE_POS   LINK_PM2_DCOP+60MHz.TUNE_CUR_POS 
     #DEFINE_CONSTANT   2.DATA.HEATER.SIZE   4 
     #DEFINE_CONSTANT   2.CH.HTR1.TEMP_SET   LINK_PM2_DCOP+TOP.TEMP.SET 
     #DEFINE_CONSTANT   2.CH.HTR1.TEMP_GET   LINK_PM2_DCOP+TOP.TEMP 
     #DEFINE_CONSTANT   2.CH.HTR2.TEMP_SET   LINK_PM2_DCOP+ESC.TEMP.SET 
     #DEFINE_CONSTANT   2.CH.HTR2.TEMP_GET   LINK_PM2_DCOP+BTM.TEMPERATURE 
     #DEFINE_CONSTANT   2.CH.HTR3.TEMP_SET   LINK_PM2_DCOP+TOP.PLATE.TEMP.SET 
     #DEFINE_CONSTANT   2.CH.HTR3.TEMP_GET   LINK_PM2_DCOP+TOP.PLATE.TEMP 
     #DEFINE_CONSTANT   2.CH.HTR4.TEMP_SET   LINK_PM2_DCOP+ANAFAZER.TOP.TEMP.GET 
     #DEFINE_CONSTANT   2.CH.HTR4.TEMP_GET   LINK_PM2_DCOP+BTM.TEMP 
     #DEFINE_CONSTANT   2.CH.ESC.TOTAL_VOLT_SET   LINK_PM2_DCOP+ESC.VOLTAGE.SET 
     #DEFINE_CONSTANT   2.CH.ESC.TOTAL_VOLT_GET   LINK_PM2_DCOP+ESC.VOLTAGE 
     #DEFINE_CONSTANT   2.CH.ESC.BIAS_VOLT_SET   LINK_PM2_DCOP+ESC.COOLANT_FLOW_GET 
     #DEFINE_CONSTANT   2.CH.ESC.BIAS_VOLT_GET   LINK_PM2_DCOP+DCBIAS.VOLTAGE 
     #DEFINE_CONSTANT   2.CH.ESC.COOLANT_GET   LINK_PM2_DCOP+CHAMBER.FLOW 
     #DEFINE_CONSTANT   2.CH.ESC.POWER_ON_STATUS   LINK_PM2_DCOP+ESC.POWER_ON_STATUS 
     #DEFINE_CONSTANT   2.CH.ESC.REVERSE_POLARITY_STATUS   LINK_PM2_DCOP+ESC.REVERSE_POWER_STATUS 
     #DEFINE_CONSTANT   2.CH.ESC.COOLANT_FLOW_STATUS   LINK_PM2_DCOP+ESC.COOLANT_FLOW_STATUS 
     #DEFINE_CONSTANT   2.CH.HE_1.PRESSURE_SET   LINK_PM2_DCOP+HE.INNER.PRESS.SET 
     #DEFINE_CONSTANT   2.CH.HE_1.PRESSURE_GET   LINK_PM2_DCOP+HE.INNER.PRESS 
     #DEFINE_CONSTANT   2.CH.HE_1.FLOW_GET   LINK_PM2_DCOP+HE.INNER.FLOW 
     #DEFINE_CONSTANT   2.CH.HE_2.PRESSURE_SET   LINK_PM2_DCOP+HE.OUTER.PRESS.SET 
     #DEFINE_CONSTANT   2.CH.HE_2.PRESSURE_GET   LINK_PM2_DCOP+HE.OUTER.PRESS 
     #DEFINE_CONSTANT   2.CH.HE_2.FLOW_GET   LINK_PM2_DCOP+HE.OUTER.FLOW 
     #DEFINE_CONSTANT   3.DATA.MFC.SIZE   10 
     #DEFINE_CONSTANT   3.CH.MFC1.NAME   LINK_PM3_DCOP+MFC01.NAME 
     #DEFINE_CONSTANT   3.CH.MFC1.FLOW_GET   LINK_PM3_DCOP+MFC01.C4F8 
     #DEFINE_CONSTANT   3.CH.MFC1.FLOW_SET   LINK_PM3_DCOP+MFC01.C4F8.SET 
     #DEFINE_CONSTANT   3.CH.MFC2.NAME   LINK_PM3_DCOP+MFC02.NAME 
     #DEFINE_CONSTANT   3.CH.MFC2.FLOW_GET   LINK_PM3_DCOP+MFC02.N2 
     #DEFINE_CONSTANT   3.CH.MFC2.FLOW_SET   LINK_PM3_DCOP+MFC02.N2.SET 
     #DEFINE_CONSTANT   3.CH.MFC3.NAME   LINK_PM3_DCOP+MFC03.NAME 
     #DEFINE_CONSTANT   3.CH.MFC3.FLOW_GET   LINK_PM3_DCOP+MFC03.O2.50 
     #DEFINE_CONSTANT   3.CH.MFC3.FLOW_SET   LINK_PM3_DCOP+MFC03.O2.50.SET 
     #DEFINE_CONSTANT   3.CH.MFC4.NAME   LINK_PM3_DCOP+MFC04.NAME 
     #DEFINE_CONSTANT   3.CH.MFC4.FLOW_GET   LINK_PM3_DCOP+MFC04.CF4 
     #DEFINE_CONSTANT   3.CH.MFC4.FLOW_SET   LINK_PM3_DCOP+MFC04.CF4.SET 
     #DEFINE_CONSTANT   3.CH.MFC5.NAME   LINK_PM3_DCOP+MFC05.NAME 
     #DEFINE_CONSTANT   3.CH.MFC5.FLOW_GET   LINK_PM3_DCOP+MFC05.O2.3000 
     #DEFINE_CONSTANT   3.CH.MFC5.FLOW_SET   LINK_PM3_DCOP+MFC05.O2.3000.SET 
     #DEFINE_CONSTANT   3.CH.MFC6.NAME   LINK_PM3_DCOP+MFC06.NAME 
     #DEFINE_CONSTANT   3.CH.MFC6.FLOW_GET   LINK_PM3_DCOP+MFC06.CHF3 
     #DEFINE_CONSTANT   3.CH.MFC6.FLOW_SET   LINK_PM3_DCOP+MFC06.CHF3.SET 
     #DEFINE_CONSTANT   3.CH.MFC7.NAME   LINK_PM3_DCOP+MFC07.NAME 
     #DEFINE_CONSTANT   3.CH.MFC7.FLOW_GET   LINK_PM3_DCOP+MFC07.AR 
     #DEFINE_CONSTANT   3.CH.MFC7.FLOW_SET   LINK_PM3_DCOP+MFC07.AR.SET 
     #DEFINE_CONSTANT   3.CH.MFC8.NAME   LINK_PM3_DCOP+MFC08.NAME 
     #DEFINE_CONSTANT   3.CH.MFC8.FLOW_GET   LINK_PM3_DCOP+MFC08.XE 
     #DEFINE_CONSTANT   3.CH.MFC8.FLOW_SET   LINK_PM3_DCOP+MFC08.XE.SET 
     #DEFINE_CONSTANT   3.CH.MFC9.NAME   LINK_PM3_DCOP+MFC09.NAME 
     #DEFINE_CONSTANT   3.CH.MFC9.FLOW_GET   LINK_PM3_DCOP+MFC09.CH2F2 
     #DEFINE_CONSTANT   3.CH.MFC9.FLOW_SET   LINK_PM3_DCOP+MFC09.CH2F2.SET 
     #DEFINE_CONSTANT   3.CH.MFC10.NAME   LINK_PM3_DCOP+MFC10.NAME 
     #DEFINE_CONSTANT   3.CH.MFC10.FLOW_GET   LINK_PM3_DCOP+MFC10.C4F6 
     #DEFINE_CONSTANT   3.CH.MFC10.FLOW_SET   LINK_PM3_DCOP+MFC10.C4F6.Set 
     #DEFINE_CONSTANT   3.CH.RF1.ON_STATUS_SET   LINK_PM3_DCOP+RF.2MHz.ON_POWER_SET 
     #DEFINE_CONSTANT   3.CH.RF1.ON_STATUS_GET   LINK_PM3_DCOP+RF.2MHz.ON_STATUS 
     #DEFINE_CONSTANT   3.CH.RF1.POWER_SET   LINK_PM3_DCOP+RF.2MHz.FORWARD.PWR.SET 
     #DEFINE_CONSTANT   3.CH.RF1.RAMP_SET   LINK_PM3_DCOP+RF.2MHz.RAMP_TIME 
     #DEFINE_CONSTANT   3.CH.RF1.FORWARD_POWER_GET   LINK_PM3_DCOP+RF.2MHz.FORWARD.PWR 
     #DEFINE_CONSTANT   3.CH.RF1.REFLECT_POWER_GET   LINK_PM3_DCOP+RF.2MHz.REFLECTED.PWR 
     #DEFINE_CONSTANT   3.CH.RF1.MONITORING_STATUS   LINK_PM3_DCOP+RF.2MHz.MON_FLAG 
     #DEFINE_CONSTANT   3.CH.RF1.FREQUENCY_START_SET   LINK_PM3_DCOP+RF.2MHz.START_FREQUENCY_SET 
     #DEFINE_CONSTANT   3.CH.RF1.FREQUENCY_POWER_SET   LINK_PM3_DCOP+RF.2MHz.OUTPUT_FREQUENCY_SET 
     #DEFINE_CONSTANT   3.CH.RF1.FREQUENCY_POWER_GET   LINK_PM3_DCOP+RF.2MHz.FREQUENCY 
     #DEFINE_CONSTANT   3.CH.RF2.ON_STATUS_SET   LINK_PM3_DCOP+RF.27MHz.ON_POWER_SET 
     #DEFINE_CONSTANT   3.CH.RF2.ON_STATUS_GET   LINK_PM3_DCOP+RF.27MHz.ON_STATUS 
     #DEFINE_CONSTANT   3.CH.RF2.POWER_SET   LINK_PM3_DCOP+RF.27MHz.FWD.PWR.SET 
     #DEFINE_CONSTANT   3.CH.RF2.RAMP_SET   LINK_PM3_DCOP+RF.27MHz.RAMP_TIME 
     #DEFINE_CONSTANT   3.CH.RF2.FORWARD_POWER_GET   LINK_PM3_DCOP+RF.27MHz.FWD.PWR 
     #DEFINE_CONSTANT   3.CH.RF2.REFLECT_POWER_GET   LINK_PM3_DCOP+RF.27MHz.REFLECT.PWR 
     #DEFINE_CONSTANT   3.CH.RF2.MONITORING_STATUS   LINK_PM3_DCOP+RF.27MHz.MON_FLAG 
     #DEFINE_CONSTANT   3.CH.RF2.FREQUENCY_START_SET   LINK_PM3_DCOP+RF.27MHz.START_FREQUENCY_SET 
     #DEFINE_CONSTANT   3.CH.RF2.FREQUENCY_POWER_SET   LINK_PM3_DCOP+RF.27MHz.OUTPUT_FREQUENCY_SET 
     #DEFINE_CONSTANT   3.CH.RF2.FREQUENCY_POWER_GET   LINK_PM3_DCOP+RF.27MHz.FREQUENCY 
     #DEFINE_CONSTANT   3.CH.RF3.ON_STATUS_SET   LINK_PM3_DCOP+RF.60MHz.ON_POWER_SET 
     #DEFINE_CONSTANT   3.CH.RF3.ON_STATUS_GET   LINK_PM3_DCOP+RF.60MHz.ON_STATUS 
     #DEFINE_CONSTANT   3.CH.RF3.POWER_SET   LINK_PM3_DCOP+RF.60MHz.FORWARD.PWR.SET 
     #DEFINE_CONSTANT   3.CH.RF3.RAMP_SET   LINK_PM3_DCOP+RF.60MHz.RAMP_TIME 
     #DEFINE_CONSTANT   3.CH.RF3.FORWARD_POWER_GET   LINK_PM3_DCOP+RF.60MHz.FORWARD.PWR 
     #DEFINE_CONSTANT   3.CH.RF3.REFLECT_POWER_GET   LINK_PM3_DCOP+RF.60MHz.REFLECTED.PWR 
     #DEFINE_CONSTANT   3.CH.RF3.MONITORING_STATUS   LINK_PM3_DCOP+RF.60MHz.MON_FLAG 
     #DEFINE_CONSTANT   3.CH.RF3.FREQUENCY_START_SET   LINK_PM3_DCOP+RF.60MHz.START_FREQUENCY_SET 
     #DEFINE_CONSTANT   3.CH.RF3.FREQUENCY_POWER_SET   LINK_PM3_DCOP+RF.60MHz.OUTPUT_FREQUENCY_SET 
     #DEFINE_CONSTANT   3.CH.RF3.FREQUENCY_POWER_GET   LINK_PM3_DCOP+RF.60MHz.FREQUENCY 
     #DEFINE_CONSTANT   3.CH.MAT1.ON_STATUS   LINK_PM3_DCOP+2MHz.ON_STATUS 
     #DEFINE_CONSTANT   3.CH.MAT1.TUNE_STATUS   LINK_PM3_DCOP+2MHz.TUNE_STATUS 
     #DEFINE_CONSTANT   3.CH.MAT1.CONTROL_MODE   LINK_PM3_DCOP+2MHz.CONTROL_MODE 
     #DEFINE_CONSTANT   3.CH.MAT1.CUR_LOAD_POS   LINK_PM3_DCOP+2MHz.LOAD_CUR_POS 
     #DEFINE_CONSTANT   3.CH.MAT1.CUR_TUNE_POS   LINK_PM3_DCOP+2MHz.TUNE_CUR_POS 
     #DEFINE_CONSTANT   3.CH.MAT2.ON_STATUS   LINK_PM3_DCOP+27MHz.ON_STATUS 
     #DEFINE_CONSTANT   3.CH.MAT2.TUNE_STATUS   LINK_PM3_DCOP+27MHz.TUNE_STATUS 
     #DEFINE_CONSTANT   3.CH.MAT2.CONTROL_MODE   LINK_PM3_DCOP+27MHz.CONTROL_MODE 
     #DEFINE_CONSTANT   3.CH.MAT2.CUR_LOAD_POS   LINK_PM3_DCOP+27MHz.LOAD_CUR_POS 
     #DEFINE_CONSTANT   3.CH.MAT2.CUR_TUNE_POS   LINK_PM3_DCOP+27MHz.TUNE_CUR_POS 
     #DEFINE_CONSTANT   3.CH.MAT3.ON_STATUS   LINK_PM3_DCOP+60MHz.ON_STATUS 
     #DEFINE_CONSTANT   3.CH.MAT3.TUNE_STATUS   LINK_PM3_DCOP+60MHz.TUNE_STATUS 
     #DEFINE_CONSTANT   3.CH.MAT3.CONTROL_MODE   LINK_PM3_DCOP+60MHz.CONTROL_MODE 
     #DEFINE_CONSTANT   3.CH.MAT3.CUR_LOAD_POS   LINK_PM3_DCOP+60MHz.LOAD_CUR_POS 
     #DEFINE_CONSTANT   3.CH.MAT3.CUR_TUNE_POS   LINK_PM3_DCOP+60MHz.TUNE_CUR_POS 
     #DEFINE_CONSTANT   3.DATA.HEATER.SIZE   4 
     #DEFINE_CONSTANT   3.CH.HTR1.TEMP_SET   LINK_PM3_DCOP+TOP.TEMP.SET 
     #DEFINE_CONSTANT   3.CH.HTR1.TEMP_GET   LINK_PM3_DCOP+TOP.TEMP 
     #DEFINE_CONSTANT   3.CH.HTR2.TEMP_SET   LINK_PM3_DCOP+ESC.TEMP.SET 
     #DEFINE_CONSTANT   3.CH.HTR2.TEMP_GET   LINK_PM3_DCOP+BTM.TEMPERATURE 
     #DEFINE_CONSTANT   3.CH.HTR3.TEMP_SET   LINK_PM3_DCOP+TOP.PLATE.TEMP.SET 
     #DEFINE_CONSTANT   3.CH.HTR3.TEMP_GET   LINK_PM3_DCOP+TOP.PLATE.TEMP 
     #DEFINE_CONSTANT   3.CH.HTR4.TEMP_SET   LINK_PM3_DCOP+ANAFAZER.TOP.TEMP.GET 
     #DEFINE_CONSTANT   3.CH.HTR4.TEMP_GET   LINK_PM3_DCOP+BTM.TEMP 
     #DEFINE_CONSTANT   3.CH.ESC.TOTAL_VOLT_SET   LINK_PM3_DCOP+ESC.VOLTAGE.SET 
     #DEFINE_CONSTANT   3.CH.ESC.TOTAL_VOLT_GET   LINK_PM3_DCOP+ESC.VOLTAGE 
     #DEFINE_CONSTANT   3.CH.ESC.BIAS_VOLT_SET   LINK_PM3_DCOP+ESC.COOLANT_FLOW_GET 
     #DEFINE_CONSTANT   3.CH.ESC.BIAS_VOLT_GET   LINK_PM3_DCOP+DCBIAS.VOLTAGE 
     #DEFINE_CONSTANT   3.CH.ESC.COOLANT_GET   LINK_PM3_DCOP+CHAMBER.FLOW 
     #DEFINE_CONSTANT   3.CH.ESC.POWER_ON_STATUS   LINK_PM3_DCOP+ESC.POWER_ON_STATUS 
     #DEFINE_CONSTANT   3.CH.ESC.REVERSE_POLARITY_STATUS   LINK_PM3_DCOP+ESC.REVERSE_POWER_STATUS 
     #DEFINE_CONSTANT   3.CH.ESC.COOLANT_FLOW_STATUS   LINK_PM3_DCOP+ESC.COOLANT_FLOW_STATUS 
     #DEFINE_CONSTANT   3.CH.HE_1.PRESSURE_SET   LINK_PM3_DCOP+HE.INNER.PRESS.SET 
     #DEFINE_CONSTANT   3.CH.HE_1.PRESSURE_GET   LINK_PM3_DCOP+HE.INNER.PRESS 
     #DEFINE_CONSTANT   3.CH.HE_1.FLOW_GET   LINK_PM3_DCOP+HE.INNER.FLOW 
     #DEFINE_CONSTANT   3.CH.HE_2.PRESSURE_SET   LINK_PM3_DCOP+HE.OUTER.PRESS.SET 
     #DEFINE_CONSTANT   3.CH.HE_2.PRESSURE_GET   LINK_PM3_DCOP+HE.OUTER.PRESS 
     #DEFINE_CONSTANT   3.CH.HE_2.FLOW_GET   LINK_PM3_DCOP+HE.OUTER.FLOW 
     #DEFINE_CONSTANT   4.DATA.MFC.SIZE   10 
     #DEFINE_CONSTANT   4.CH.MFC1.NAME   LINK_PM4_DCOP+MFC01.NAME 
     #DEFINE_CONSTANT   4.CH.MFC1.FLOW_GET   LINK_PM4_DCOP+MFC01.C4F8 
     #DEFINE_CONSTANT   4.CH.MFC1.FLOW_SET   LINK_PM4_DCOP+MFC01.C4F8.SET 
     #DEFINE_CONSTANT   4.CH.MFC2.NAME   LINK_PM4_DCOP+MFC02.NAME 
     #DEFINE_CONSTANT   4.CH.MFC2.FLOW_GET   LINK_PM4_DCOP+MFC02.N2 
     #DEFINE_CONSTANT   4.CH.MFC2.FLOW_SET   LINK_PM4_DCOP+MFC02.N2.SET 
     #DEFINE_CONSTANT   4.CH.MFC3.NAME   LINK_PM4_DCOP+MFC03.NAME 
     #DEFINE_CONSTANT   4.CH.MFC3.FLOW_GET   LINK_PM4_DCOP+MFC03.O2.50 
     #DEFINE_CONSTANT   4.CH.MFC3.FLOW_SET   LINK_PM4_DCOP+MFC03.O2.50.SET 
     #DEFINE_CONSTANT   4.CH.MFC4.NAME   LINK_PM4_DCOP+MFC04.NAME 
     #DEFINE_CONSTANT   4.CH.MFC4.FLOW_GET   LINK_PM4_DCOP+MFC04.CF4 
     #DEFINE_CONSTANT   4.CH.MFC4.FLOW_SET   LINK_PM4_DCOP+MFC04.CF4.SET 
     #DEFINE_CONSTANT   4.CH.MFC5.NAME   LINK_PM4_DCOP+MFC05.NAME 
     #DEFINE_CONSTANT   4.CH.MFC5.FLOW_GET   LINK_PM4_DCOP+MFC05.O2.3000 
     #DEFINE_CONSTANT   4.CH.MFC5.FLOW_SET   LINK_PM4_DCOP+MFC05.O2.3000.SET 
     #DEFINE_CONSTANT   4.CH.MFC6.NAME   LINK_PM4_DCOP+MFC06.NAME 
     #DEFINE_CONSTANT   4.CH.MFC6.FLOW_GET   LINK_PM4_DCOP+MFC06.CHF3 
     #DEFINE_CONSTANT   4.CH.MFC6.FLOW_SET   LINK_PM4_DCOP+MFC06.CHF3.SET 
     #DEFINE_CONSTANT   4.CH.MFC7.NAME   LINK_PM4_DCOP+MFC07.NAME 
     #DEFINE_CONSTANT   4.CH.MFC7.FLOW_GET   LINK_PM4_DCOP+MFC07.AR 
     #DEFINE_CONSTANT   4.CH.MFC7.FLOW_SET   LINK_PM4_DCOP+MFC07.AR.SET 
     #DEFINE_CONSTANT   4.CH.MFC8.NAME   LINK_PM4_DCOP+MFC08.NAME 
     #DEFINE_CONSTANT   4.CH.MFC8.FLOW_GET   LINK_PM4_DCOP+MFC08.XE 
     #DEFINE_CONSTANT   4.CH.MFC8.FLOW_SET   LINK_PM4_DCOP+MFC08.XE.SET 
     #DEFINE_CONSTANT   4.CH.MFC9.NAME   LINK_PM4_DCOP+MFC09.NAME 
     #DEFINE_CONSTANT   4.CH.MFC9.FLOW_GET   LINK_PM4_DCOP+MFC09.CH2F2 
     #DEFINE_CONSTANT   4.CH.MFC9.FLOW_SET   LINK_PM4_DCOP+MFC09.CH2F2.SET 
     #DEFINE_CONSTANT   4.CH.MFC10.NAME   LINK_PM4_DCOP+MFC10.NAME 
     #DEFINE_CONSTANT   4.CH.MFC10.FLOW_GET   LINK_PM4_DCOP+MFC10.C4F6 
     #DEFINE_CONSTANT   4.CH.MFC10.FLOW_SET   LINK_PM4_DCOP+MFC10.C4F6.Set 
     #DEFINE_CONSTANT   4.CH.RF1.ON_STATUS_SET   LINK_PM4_DCOP+RF.2MHz.ON_POWER_SET 
     #DEFINE_CONSTANT   4.CH.RF1.ON_STATUS_GET   LINK_PM4_DCOP+RF.2MHz.ON_STATUS 
     #DEFINE_CONSTANT   4.CH.RF1.POWER_SET   LINK_PM4_DCOP+RF.2MHz.FORWARD.PWR.SET 
     #DEFINE_CONSTANT   4.CH.RF1.RAMP_SET   LINK_PM4_DCOP+RF.2MHz.RAMP_TIME 
     #DEFINE_CONSTANT   4.CH.RF1.FORWARD_POWER_GET   LINK_PM4_DCOP+RF.2MHz.FORWARD.PWR 
     #DEFINE_CONSTANT   4.CH.RF1.REFLECT_POWER_GET   LINK_PM4_DCOP+RF.2MHz.REFLECTED.PWR 
     #DEFINE_CONSTANT   4.CH.RF1.MONITORING_STATUS   LINK_PM4_DCOP+RF.2MHz.MON_FLAG 
     #DEFINE_CONSTANT   4.CH.RF1.FREQUENCY_START_SET   LINK_PM4_DCOP+RF.2MHz.START_FREQUENCY_SET 
     #DEFINE_CONSTANT   4.CH.RF1.FREQUENCY_POWER_SET   LINK_PM4_DCOP+RF.2MHz.OUTPUT_FREQUENCY_SET 
     #DEFINE_CONSTANT   4.CH.RF1.FREQUENCY_POWER_GET   LINK_PM4_DCOP+RF.2MHz.FREQUENCY 
     #DEFINE_CONSTANT   4.CH.RF2.ON_STATUS_SET   LINK_PM4_DCOP+RF.27MHz.ON_POWER_SET 
     #DEFINE_CONSTANT   4.CH.RF2.ON_STATUS_GET   LINK_PM4_DCOP+RF.27MHz.ON_STATUS 
     #DEFINE_CONSTANT   4.CH.RF2.POWER_SET   LINK_PM4_DCOP+RF.27MHz.FWD.PWR.SET 
     #DEFINE_CONSTANT   4.CH.RF2.RAMP_SET   LINK_PM4_DCOP+RF.27MHz.RAMP_TIME 
     #DEFINE_CONSTANT   4.CH.RF2.FORWARD_POWER_GET   LINK_PM4_DCOP+RF.27MHz.FWD.PWR 
     #DEFINE_CONSTANT   4.CH.RF2.REFLECT_POWER_GET   LINK_PM4_DCOP+RF.27MHz.REFLECT.PWR 
     #DEFINE_CONSTANT   4.CH.RF2.MONITORING_STATUS   LINK_PM4_DCOP+RF.27MHz.MON_FLAG 
     #DEFINE_CONSTANT   4.CH.RF2.FREQUENCY_START_SET   LINK_PM4_DCOP+RF.27MHz.START_FREQUENCY_SET 
     #DEFINE_CONSTANT   4.CH.RF2.FREQUENCY_POWER_SET   LINK_PM4_DCOP+RF.27MHz.OUTPUT_FREQUENCY_SET 
     #DEFINE_CONSTANT   4.CH.RF2.FREQUENCY_POWER_GET   LINK_PM4_DCOP+RF.27MHz.FREQUENCY 
     #DEFINE_CONSTANT   4.CH.RF3.ON_STATUS_SET   LINK_PM4_DCOP+RF.60MHz.ON_POWER_SET 
     #DEFINE_CONSTANT   4.CH.RF3.ON_STATUS_GET   LINK_PM4_DCOP+RF.60MHz.ON_STATUS 
     #DEFINE_CONSTANT   4.CH.RF3.POWER_SET   LINK_PM4_DCOP+RF.60MHz.FORWARD.PWR.SET 
     #DEFINE_CONSTANT   4.CH.RF3.RAMP_SET   LINK_PM4_DCOP+RF.60MHz.RAMP_TIME 
     #DEFINE_CONSTANT   4.CH.RF3.FORWARD_POWER_GET   LINK_PM4_DCOP+RF.60MHz.FORWARD.PWR 
     #DEFINE_CONSTANT   4.CH.RF3.REFLECT_POWER_GET   LINK_PM4_DCOP+RF.60MHz.REFLECTED.PWR 
     #DEFINE_CONSTANT   4.CH.RF3.MONITORING_STATUS   LINK_PM4_DCOP+RF.60MHz.MON_FLAG 
     #DEFINE_CONSTANT   4.CH.RF3.FREQUENCY_START_SET   LINK_PM4_DCOP+RF.60MHz.START_FREQUENCY_SET 
     #DEFINE_CONSTANT   4.CH.RF3.FREQUENCY_POWER_SET   LINK_PM4_DCOP+RF.60MHz.OUTPUT_FREQUENCY_SET 
     #DEFINE_CONSTANT   4.CH.RF3.FREQUENCY_POWER_GET   LINK_PM4_DCOP+RF.60MHz.FREQUENCY 
     #DEFINE_CONSTANT   4.CH.MAT1.ON_STATUS   LINK_PM4_DCOP+2MHz.ON_STATUS 
     #DEFINE_CONSTANT   4.CH.MAT1.TUNE_STATUS   LINK_PM4_DCOP+2MHz.TUNE_STATUS 
     #DEFINE_CONSTANT   4.CH.MAT1.CONTROL_MODE   LINK_PM4_DCOP+2MHz.CONTROL_MODE 
     #DEFINE_CONSTANT   4.CH.MAT1.CUR_LOAD_POS   LINK_PM4_DCOP+2MHz.LOAD_CUR_POS 
     #DEFINE_CONSTANT   4.CH.MAT1.CUR_TUNE_POS   LINK_PM4_DCOP+2MHz.TUNE_CUR_POS 
     #DEFINE_CONSTANT   4.CH.MAT2.ON_STATUS   LINK_PM4_DCOP+27MHz.ON_STATUS 
     #DEFINE_CONSTANT   4.CH.MAT2.TUNE_STATUS   LINK_PM4_DCOP+27MHz.TUNE_STATUS 
     #DEFINE_CONSTANT   4.CH.MAT2.CONTROL_MODE   LINK_PM4_DCOP+27MHz.CONTROL_MODE 
     #DEFINE_CONSTANT   4.CH.MAT2.CUR_LOAD_POS   LINK_PM4_DCOP+27MHz.LOAD_CUR_POS 
     #DEFINE_CONSTANT   4.CH.MAT2.CUR_TUNE_POS   LINK_PM4_DCOP+27MHz.TUNE_CUR_POS 
     #DEFINE_CONSTANT   4.CH.MAT3.ON_STATUS   LINK_PM4_DCOP+60MHz.ON_STATUS 
     #DEFINE_CONSTANT   4.CH.MAT3.TUNE_STATUS   LINK_PM4_DCOP+60MHz.TUNE_STATUS 
     #DEFINE_CONSTANT   4.CH.MAT3.CONTROL_MODE   LINK_PM4_DCOP+60MHz.CONTROL_MODE 
     #DEFINE_CONSTANT   4.CH.MAT3.CUR_LOAD_POS   LINK_PM4_DCOP+60MHz.LOAD_CUR_POS 
     #DEFINE_CONSTANT   4.CH.MAT3.CUR_TUNE_POS   LINK_PM4_DCOP+60MHz.TUNE_CUR_POS 
     #DEFINE_CONSTANT   4.DATA.HEATER.SIZE   4 
     #DEFINE_CONSTANT   4.CH.HTR1.TEMP_SET   LINK_PM4_DCOP+TOP.TEMP.SET 
     #DEFINE_CONSTANT   4.CH.HTR1.TEMP_GET   LINK_PM4_DCOP+TOP.TEMP 
     #DEFINE_CONSTANT   4.CH.HTR2.TEMP_SET   LINK_PM4_DCOP+ESC.TEMP.SET 
     #DEFINE_CONSTANT   4.CH.HTR2.TEMP_GET   LINK_PM4_DCOP+BTM.TEMPERATURE 
     #DEFINE_CONSTANT   4.CH.HTR3.TEMP_SET   LINK_PM4_DCOP+TOP.PLATE.TEMP.SET 
     #DEFINE_CONSTANT   4.CH.HTR3.TEMP_GET   LINK_PM4_DCOP+TOP.PLATE.TEMP 
     #DEFINE_CONSTANT   4.CH.HTR4.TEMP_SET   LINK_PM4_DCOP+ANAFAZER.TOP.TEMP.GET 
     #DEFINE_CONSTANT   4.CH.HTR4.TEMP_GET   LINK_PM4_DCOP+BTM.TEMP 
     #DEFINE_CONSTANT   4.CH.ESC.TOTAL_VOLT_SET   LINK_PM4_DCOP+ESC.VOLTAGE.SET 
     #DEFINE_CONSTANT   4.CH.ESC.TOTAL_VOLT_GET   LINK_PM4_DCOP+ESC.VOLTAGE 
     #DEFINE_CONSTANT   4.CH.ESC.BIAS_VOLT_SET   LINK_PM4_DCOP+ESC.COOLANT_FLOW_GET 
     #DEFINE_CONSTANT   4.CH.ESC.BIAS_VOLT_GET   LINK_PM4_DCOP+DCBIAS.VOLTAGE 
     #DEFINE_CONSTANT   4.CH.ESC.COOLANT_GET   LINK_PM4_DCOP+CHAMBER.FLOW 
     #DEFINE_CONSTANT   4.CH.ESC.POWER_ON_STATUS   LINK_PM4_DCOP+ESC.POWER_ON_STATUS 
     #DEFINE_CONSTANT   4.CH.ESC.REVERSE_POLARITY_STATUS   LINK_PM4_DCOP+ESC.REVERSE_POWER_STATUS 
     #DEFINE_CONSTANT   4.CH.ESC.COOLANT_FLOW_STATUS   LINK_PM4_DCOP+ESC.COOLANT_FLOW_STATUS 
     #DEFINE_CONSTANT   4.CH.HE_1.PRESSURE_SET   LINK_PM4_DCOP+HE.INNER.PRESS.SET 
     #DEFINE_CONSTANT   4.CH.HE_1.PRESSURE_GET   LINK_PM4_DCOP+HE.INNER.PRESS 
     #DEFINE_CONSTANT   4.CH.HE_1.FLOW_GET   LINK_PM4_DCOP+HE.INNER.FLOW 
     #DEFINE_CONSTANT   4.CH.HE_2.PRESSURE_SET   LINK_PM4_DCOP+HE.OUTER.PRESS.SET 
     #DEFINE_CONSTANT   4.CH.HE_2.PRESSURE_GET   LINK_PM4_DCOP+HE.OUTER.PRESS 
     #DEFINE_CONSTANT   4.CH.HE_2.FLOW_GET   LINK_PM4_DCOP+HE.OUTER.FLOW 
     #DEFINE_CONSTANT   5.DATA.MFC.SIZE   10 
     #DEFINE_CONSTANT   5.CH.MFC1.NAME   LINK_PM5_DCOP+MFC01.NAME 
     #DEFINE_CONSTANT   5.CH.MFC1.FLOW_GET   LINK_PM5_DCOP+MFC01.C4F8 
     #DEFINE_CONSTANT   5.CH.MFC1.FLOW_SET   LINK_PM5_DCOP+MFC01.C4F8.SET 
     #DEFINE_CONSTANT   5.CH.MFC2.NAME   LINK_PM5_DCOP+MFC02.NAME 
     #DEFINE_CONSTANT   5.CH.MFC2.FLOW_GET   LINK_PM5_DCOP+MFC02.N2 
     #DEFINE_CONSTANT   5.CH.MFC2.FLOW_SET   LINK_PM5_DCOP+MFC02.N2.SET 
     #DEFINE_CONSTANT   5.CH.MFC3.NAME   LINK_PM5_DCOP+MFC03.NAME 
     #DEFINE_CONSTANT   5.CH.MFC3.FLOW_GET   LINK_PM5_DCOP+MFC03.O2.50 
     #DEFINE_CONSTANT   5.CH.MFC3.FLOW_SET   LINK_PM5_DCOP+MFC03.O2.50.SET 
     #DEFINE_CONSTANT   5.CH.MFC4.NAME   LINK_PM5_DCOP+MFC04.NAME 
     #DEFINE_CONSTANT   5.CH.MFC4.FLOW_GET   LINK_PM5_DCOP+MFC04.CF4 
     #DEFINE_CONSTANT   5.CH.MFC4.FLOW_SET   LINK_PM5_DCOP+MFC04.CF4.SET 
     #DEFINE_CONSTANT   5.CH.MFC5.NAME   LINK_PM5_DCOP+MFC05.NAME 
     #DEFINE_CONSTANT   5.CH.MFC5.FLOW_GET   LINK_PM5_DCOP+MFC05.O2.3000 
     #DEFINE_CONSTANT   5.CH.MFC5.FLOW_SET   LINK_PM5_DCOP+MFC05.O2.3000.SET 
     #DEFINE_CONSTANT   5.CH.MFC6.NAME   LINK_PM5_DCOP+MFC06.NAME 
     #DEFINE_CONSTANT   5.CH.MFC6.FLOW_GET   LINK_PM5_DCOP+MFC06.CHF3 
     #DEFINE_CONSTANT   5.CH.MFC6.FLOW_SET   LINK_PM5_DCOP+MFC06.CHF3.SET 
     #DEFINE_CONSTANT   5.CH.MFC7.NAME   LINK_PM5_DCOP+MFC07.NAME 
     #DEFINE_CONSTANT   5.CH.MFC7.FLOW_GET   LINK_PM5_DCOP+MFC07.AR 
     #DEFINE_CONSTANT   5.CH.MFC7.FLOW_SET   LINK_PM5_DCOP+MFC07.AR.SET 
     #DEFINE_CONSTANT   5.CH.MFC8.NAME   LINK_PM5_DCOP+MFC08.NAME 
     #DEFINE_CONSTANT   5.CH.MFC8.FLOW_GET   LINK_PM5_DCOP+MFC08.XE 
     #DEFINE_CONSTANT   5.CH.MFC8.FLOW_SET   LINK_PM5_DCOP+MFC08.XE.SET 
     #DEFINE_CONSTANT   5.CH.MFC9.NAME   LINK_PM5_DCOP+MFC09.NAME 
     #DEFINE_CONSTANT   5.CH.MFC9.FLOW_GET   LINK_PM5_DCOP+MFC09.CH2F2 
     #DEFINE_CONSTANT   5.CH.MFC9.FLOW_SET   LINK_PM5_DCOP+MFC09.CH2F2.SET 
     #DEFINE_CONSTANT   5.CH.MFC10.NAME   LINK_PM5_DCOP+MFC10.NAME 
     #DEFINE_CONSTANT   5.CH.MFC10.FLOW_GET   LINK_PM5_DCOP+MFC10.C4F6 
     #DEFINE_CONSTANT   5.CH.MFC10.FLOW_SET   LINK_PM5_DCOP+MFC10.C4F6.Set 
     #DEFINE_CONSTANT   5.CH.RF1.ON_STATUS_SET   LINK_PM5_DCOP+RF.2MHz.ON_POWER_SET 
     #DEFINE_CONSTANT   5.CH.RF1.ON_STATUS_GET   LINK_PM5_DCOP+RF.2MHz.ON_STATUS 
     #DEFINE_CONSTANT   5.CH.RF1.POWER_SET   LINK_PM5_DCOP+RF.2MHz.FORWARD.PWR.SET 
     #DEFINE_CONSTANT   5.CH.RF1.RAMP_SET   LINK_PM5_DCOP+RF.2MHz.RAMP_TIME 
     #DEFINE_CONSTANT   5.CH.RF1.FORWARD_POWER_GET   LINK_PM5_DCOP+RF.2MHz.FORWARD.PWR 
     #DEFINE_CONSTANT   5.CH.RF1.REFLECT_POWER_GET   LINK_PM5_DCOP+RF.2MHz.REFLECTED.PWR 
     #DEFINE_CONSTANT   5.CH.RF1.MONITORING_STATUS   LINK_PM5_DCOP+RF.2MHz.MON_FLAG 
     #DEFINE_CONSTANT   5.CH.RF1.FREQUENCY_START_SET   LINK_PM5_DCOP+RF.2MHz.START_FREQUENCY_SET 
     #DEFINE_CONSTANT   5.CH.RF1.FREQUENCY_POWER_SET   LINK_PM5_DCOP+RF.2MHz.OUTPUT_FREQUENCY_SET 
     #DEFINE_CONSTANT   5.CH.RF1.FREQUENCY_POWER_GET   LINK_PM5_DCOP+RF.2MHz.FREQUENCY 
     #DEFINE_CONSTANT   5.CH.RF2.ON_STATUS_SET   LINK_PM5_DCOP+RF.27MHz.ON_POWER_SET 
     #DEFINE_CONSTANT   5.CH.RF2.ON_STATUS_GET   LINK_PM5_DCOP+RF.27MHz.ON_STATUS 
     #DEFINE_CONSTANT   5.CH.RF2.POWER_SET   LINK_PM5_DCOP+RF.27MHz.FWD.PWR.SET 
     #DEFINE_CONSTANT   5.CH.RF2.RAMP_SET   LINK_PM5_DCOP+RF.27MHz.RAMP_TIME 
     #DEFINE_CONSTANT   5.CH.RF2.FORWARD_POWER_GET   LINK_PM5_DCOP+RF.27MHz.FWD.PWR 
     #DEFINE_CONSTANT   5.CH.RF2.REFLECT_POWER_GET   LINK_PM5_DCOP+RF.27MHz.REFLECT.PWR 
     #DEFINE_CONSTANT   5.CH.RF2.MONITORING_STATUS   LINK_PM5_DCOP+RF.27MHz.MON_FLAG 
     #DEFINE_CONSTANT   5.CH.RF2.FREQUENCY_START_SET   LINK_PM5_DCOP+RF.27MHz.START_FREQUENCY_SET 
     #DEFINE_CONSTANT   5.CH.RF2.FREQUENCY_POWER_SET   LINK_PM5_DCOP+RF.27MHz.OUTPUT_FREQUENCY_SET 
     #DEFINE_CONSTANT   5.CH.RF2.FREQUENCY_POWER_GET   LINK_PM5_DCOP+RF.27MHz.FREQUENCY 
     #DEFINE_CONSTANT   5.CH.RF3.ON_STATUS_SET   LINK_PM5_DCOP+RF.60MHz.ON_POWER_SET 
     #DEFINE_CONSTANT   5.CH.RF3.ON_STATUS_GET   LINK_PM5_DCOP+RF.60MHz.ON_STATUS 
     #DEFINE_CONSTANT   5.CH.RF3.POWER_SET   LINK_PM5_DCOP+RF.60MHz.FORWARD.PWR.SET 
     #DEFINE_CONSTANT   5.CH.RF3.RAMP_SET   LINK_PM5_DCOP+RF.60MHz.RAMP_TIME 
     #DEFINE_CONSTANT   5.CH.RF3.FORWARD_POWER_GET   LINK_PM5_DCOP+RF.60MHz.FORWARD.PWR 
     #DEFINE_CONSTANT   5.CH.RF3.REFLECT_POWER_GET   LINK_PM5_DCOP+RF.60MHz.REFLECTED.PWR 
     #DEFINE_CONSTANT   5.CH.RF3.MONITORING_STATUS   LINK_PM5_DCOP+RF.60MHz.MON_FLAG 
     #DEFINE_CONSTANT   5.CH.RF3.FREQUENCY_START_SET   LINK_PM5_DCOP+RF.60MHz.START_FREQUENCY_SET 
     #DEFINE_CONSTANT   5.CH.RF3.FREQUENCY_POWER_SET   LINK_PM5_DCOP+RF.60MHz.OUTPUT_FREQUENCY_SET 
     #DEFINE_CONSTANT   5.CH.RF3.FREQUENCY_POWER_GET   LINK_PM5_DCOP+RF.60MHz.FREQUENCY 
     #DEFINE_CONSTANT   5.CH.MAT1.ON_STATUS   LINK_PM5_DCOP+2MHz.ON_STATUS 
     #DEFINE_CONSTANT   5.CH.MAT1.TUNE_STATUS   LINK_PM5_DCOP+2MHz.TUNE_STATUS 
     #DEFINE_CONSTANT   5.CH.MAT1.CONTROL_MODE   LINK_PM5_DCOP+2MHz.CONTROL_MODE 
     #DEFINE_CONSTANT   5.CH.MAT1.CUR_LOAD_POS   LINK_PM5_DCOP+2MHz.LOAD_CUR_POS 
     #DEFINE_CONSTANT   5.CH.MAT1.CUR_TUNE_POS   LINK_PM5_DCOP+2MHz.TUNE_CUR_POS 
     #DEFINE_CONSTANT   5.CH.MAT2.ON_STATUS   LINK_PM5_DCOP+27MHz.ON_STATUS 
     #DEFINE_CONSTANT   5.CH.MAT2.TUNE_STATUS   LINK_PM5_DCOP+27MHz.TUNE_STATUS 
     #DEFINE_CONSTANT   5.CH.MAT2.CONTROL_MODE   LINK_PM5_DCOP+27MHz.CONTROL_MODE 
     #DEFINE_CONSTANT   5.CH.MAT2.CUR_LOAD_POS   LINK_PM5_DCOP+27MHz.LOAD_CUR_POS 
     #DEFINE_CONSTANT   5.CH.MAT2.CUR_TUNE_POS   LINK_PM5_DCOP+27MHz.TUNE_CUR_POS 
     #DEFINE_CONSTANT   5.CH.MAT3.ON_STATUS   LINK_PM5_DCOP+60MHz.ON_STATUS 
     #DEFINE_CONSTANT   5.CH.MAT3.TUNE_STATUS   LINK_PM5_DCOP+60MHz.TUNE_STATUS 
     #DEFINE_CONSTANT   5.CH.MAT3.CONTROL_MODE   LINK_PM5_DCOP+60MHz.CONTROL_MODE 
     #DEFINE_CONSTANT   5.CH.MAT3.CUR_LOAD_POS   LINK_PM5_DCOP+60MHz.LOAD_CUR_POS 
     #DEFINE_CONSTANT   5.CH.MAT3.CUR_TUNE_POS   LINK_PM5_DCOP+60MHz.TUNE_CUR_POS 
     #DEFINE_CONSTANT   5.DATA.HEATER.SIZE   4 
     #DEFINE_CONSTANT   5.CH.HTR1.TEMP_SET   LINK_PM5_DCOP+TOP.TEMP.SET 
     #DEFINE_CONSTANT   5.CH.HTR1.TEMP_GET   LINK_PM5_DCOP+TOP.TEMP 
     #DEFINE_CONSTANT   5.CH.HTR2.TEMP_SET   LINK_PM5_DCOP+ESC.TEMP.SET 
     #DEFINE_CONSTANT   5.CH.HTR2.TEMP_GET   LINK_PM5_DCOP+BTM.TEMPERATURE 
     #DEFINE_CONSTANT   5.CH.HTR3.TEMP_SET   LINK_PM5_DCOP+TOP.PLATE.TEMP.SET 
     #DEFINE_CONSTANT   5.CH.HTR3.TEMP_GET   LINK_PM5_DCOP+TOP.PLATE.TEMP 
     #DEFINE_CONSTANT   5.CH.HTR4.TEMP_SET   LINK_PM5_DCOP+ANAFAZER.TOP.TEMP.GET 
     #DEFINE_CONSTANT   5.CH.HTR4.TEMP_GET   LINK_PM5_DCOP+BTM.TEMP 
     #DEFINE_CONSTANT   5.CH.ESC.TOTAL_VOLT_SET   LINK_PM5_DCOP+ESC.VOLTAGE.SET 
     #DEFINE_CONSTANT   5.CH.ESC.TOTAL_VOLT_GET   LINK_PM5_DCOP+ESC.VOLTAGE 
     #DEFINE_CONSTANT   5.CH.ESC.BIAS_VOLT_SET   LINK_PM5_DCOP+ESC.COOLANT_FLOW_GET 
     #DEFINE_CONSTANT   5.CH.ESC.BIAS_VOLT_GET   LINK_PM5_DCOP+DCBIAS.VOLTAGE 
     #DEFINE_CONSTANT   5.CH.ESC.COOLANT_GET   LINK_PM5_DCOP+CHAMBER.FLOW 
     #DEFINE_CONSTANT   5.CH.ESC.POWER_ON_STATUS   LINK_PM5_DCOP+ESC.POWER_ON_STATUS 
     #DEFINE_CONSTANT   5.CH.ESC.REVERSE_POLARITY_STATUS   LINK_PM5_DCOP+ESC.REVERSE_POWER_STATUS 
     #DEFINE_CONSTANT   5.CH.ESC.COOLANT_FLOW_STATUS   LINK_PM5_DCOP+ESC.COOLANT_FLOW_STATUS 
     #DEFINE_CONSTANT   5.CH.HE_1.PRESSURE_SET   LINK_PM5_DCOP+HE.INNER.PRESS.SET 
     #DEFINE_CONSTANT   5.CH.HE_1.PRESSURE_GET   LINK_PM5_DCOP+HE.INNER.PRESS 
     #DEFINE_CONSTANT   5.CH.HE_1.FLOW_GET   LINK_PM5_DCOP+HE.INNER.FLOW 
     #DEFINE_CONSTANT   5.CH.HE_2.PRESSURE_SET   LINK_PM5_DCOP+HE.OUTER.PRESS.SET 
     #DEFINE_CONSTANT   5.CH.HE_2.PRESSURE_GET   LINK_PM5_DCOP+HE.OUTER.PRESS 
     #DEFINE_CONSTANT   5.CH.HE_2.FLOW_GET   LINK_PM5_DCOP+HE.OUTER.FLOW 
     #DEFINE_CONSTANT   6.DATA.MFC.SIZE   10 
     #DEFINE_CONSTANT   6.CH.MFC1.NAME   LINK_PM6_DCOP+MFC01.NAME 
     #DEFINE_CONSTANT   6.CH.MFC1.FLOW_GET   LINK_PM6_DCOP+MFC01.C4F8 
     #DEFINE_CONSTANT   6.CH.MFC1.FLOW_SET   LINK_PM6_DCOP+MFC01.C4F8.SET 
     #DEFINE_CONSTANT   6.CH.MFC2.NAME   LINK_PM6_DCOP+MFC02.NAME 
     #DEFINE_CONSTANT   6.CH.MFC2.FLOW_GET   LINK_PM6_DCOP+MFC02.N2 
     #DEFINE_CONSTANT   6.CH.MFC2.FLOW_SET   LINK_PM6_DCOP+MFC02.N2.SET 
     #DEFINE_CONSTANT   6.CH.MFC3.NAME   LINK_PM6_DCOP+MFC03.NAME 
     #DEFINE_CONSTANT   6.CH.MFC3.FLOW_GET   LINK_PM6_DCOP+MFC03.O2.50 
     #DEFINE_CONSTANT   6.CH.MFC3.FLOW_SET   LINK_PM6_DCOP+MFC03.O2.50.SET 
     #DEFINE_CONSTANT   6.CH.MFC4.NAME   LINK_PM6_DCOP+MFC04.NAME 
     #DEFINE_CONSTANT   6.CH.MFC4.FLOW_GET   LINK_PM6_DCOP+MFC04.CF4 
     #DEFINE_CONSTANT   6.CH.MFC4.FLOW_SET   LINK_PM6_DCOP+MFC04.CF4.SET 
     #DEFINE_CONSTANT   6.CH.MFC5.NAME   LINK_PM6_DCOP+MFC05.NAME 
     #DEFINE_CONSTANT   6.CH.MFC5.FLOW_GET   LINK_PM6_DCOP+MFC05.O2.3000 
     #DEFINE_CONSTANT   6.CH.MFC5.FLOW_SET   LINK_PM6_DCOP+MFC05.O2.3000.SET 
     #DEFINE_CONSTANT   6.CH.MFC6.NAME   LINK_PM6_DCOP+MFC06.NAME 
     #DEFINE_CONSTANT   6.CH.MFC6.FLOW_GET   LINK_PM6_DCOP+MFC06.CHF3 
     #DEFINE_CONSTANT   6.CH.MFC6.FLOW_SET   LINK_PM6_DCOP+MFC06.CHF3.SET 
     #DEFINE_CONSTANT   6.CH.MFC7.NAME   LINK_PM6_DCOP+MFC07.NAME 
     #DEFINE_CONSTANT   6.CH.MFC7.FLOW_GET   LINK_PM6_DCOP+MFC07.AR 
     #DEFINE_CONSTANT   6.CH.MFC7.FLOW_SET   LINK_PM6_DCOP+MFC07.AR.SET 
     #DEFINE_CONSTANT   6.CH.MFC8.NAME   LINK_PM6_DCOP+MFC08.NAME 
     #DEFINE_CONSTANT   6.CH.MFC8.FLOW_GET   LINK_PM6_DCOP+MFC08.XE 
     #DEFINE_CONSTANT   6.CH.MFC8.FLOW_SET   LINK_PM6_DCOP+MFC08.XE.SET 
     #DEFINE_CONSTANT   6.CH.MFC9.NAME   LINK_PM6_DCOP+MFC09.NAME 
     #DEFINE_CONSTANT   6.CH.MFC9.FLOW_GET   LINK_PM6_DCOP+MFC09.CH2F2 
     #DEFINE_CONSTANT   6.CH.MFC9.FLOW_SET   LINK_PM6_DCOP+MFC09.CH2F2.SET 
     #DEFINE_CONSTANT   6.CH.MFC10.NAME   LINK_PM6_DCOP+MFC10.NAME 
     #DEFINE_CONSTANT   6.CH.MFC10.FLOW_GET   LINK_PM6_DCOP+MFC10.C4F6 
     #DEFINE_CONSTANT   6.CH.MFC10.FLOW_SET   LINK_PM6_DCOP+MFC10.C4F6.Set 
     #DEFINE_CONSTANT   6.CH.RF1.ON_STATUS_SET   LINK_PM6_DCOP+RF.2MHz.ON_POWER_SET 
     #DEFINE_CONSTANT   6.CH.RF1.ON_STATUS_GET   LINK_PM6_DCOP+RF.2MHz.ON_STATUS 
     #DEFINE_CONSTANT   6.CH.RF1.POWER_SET   LINK_PM6_DCOP+RF.2MHz.FORWARD.PWR.SET 
     #DEFINE_CONSTANT   6.CH.RF1.RAMP_SET   LINK_PM6_DCOP+RF.2MHz.RAMP_TIME 
     #DEFINE_CONSTANT   6.CH.RF1.FORWARD_POWER_GET   LINK_PM6_DCOP+RF.2MHz.FORWARD.PWR 
     #DEFINE_CONSTANT   6.CH.RF1.REFLECT_POWER_GET   LINK_PM6_DCOP+RF.2MHz.REFLECTED.PWR 
     #DEFINE_CONSTANT   6.CH.RF1.MONITORING_STATUS   LINK_PM6_DCOP+RF.2MHz.MON_FLAG 
     #DEFINE_CONSTANT   6.CH.RF1.FREQUENCY_START_SET   LINK_PM6_DCOP+RF.2MHz.START_FREQUENCY_SET 
     #DEFINE_CONSTANT   6.CH.RF1.FREQUENCY_POWER_SET   LINK_PM6_DCOP+RF.2MHz.OUTPUT_FREQUENCY_SET 
     #DEFINE_CONSTANT   6.CH.RF1.FREQUENCY_POWER_GET   LINK_PM6_DCOP+RF.2MHz.FREQUENCY 
     #DEFINE_CONSTANT   6.CH.RF2.ON_STATUS_SET   LINK_PM6_DCOP+RF.27MHz.ON_POWER_SET 
     #DEFINE_CONSTANT   6.CH.RF2.ON_STATUS_GET   LINK_PM6_DCOP+RF.27MHz.ON_STATUS 
     #DEFINE_CONSTANT   6.CH.RF2.POWER_SET   LINK_PM6_DCOP+RF.27MHz.FWD.PWR.SET 
     #DEFINE_CONSTANT   6.CH.RF2.RAMP_SET   LINK_PM6_DCOP+RF.27MHz.RAMP_TIME 
     #DEFINE_CONSTANT   6.CH.RF2.FORWARD_POWER_GET   LINK_PM6_DCOP+RF.27MHz.FWD.PWR 
     #DEFINE_CONSTANT   6.CH.RF2.REFLECT_POWER_GET   LINK_PM6_DCOP+RF.27MHz.REFLECT.PWR 
     #DEFINE_CONSTANT   6.CH.RF2.MONITORING_STATUS   LINK_PM6_DCOP+RF.27MHz.MON_FLAG 
     #DEFINE_CONSTANT   6.CH.RF2.FREQUENCY_START_SET   LINK_PM6_DCOP+RF.27MHz.START_FREQUENCY_SET 
     #DEFINE_CONSTANT   6.CH.RF2.FREQUENCY_POWER_SET   LINK_PM6_DCOP+RF.27MHz.OUTPUT_FREQUENCY_SET 
     #DEFINE_CONSTANT   6.CH.RF2.FREQUENCY_POWER_GET   LINK_PM6_DCOP+RF.27MHz.FREQUENCY 
     #DEFINE_CONSTANT   6.CH.RF3.ON_STATUS_SET   LINK_PM6_DCOP+RF.60MHz.ON_POWER_SET 
     #DEFINE_CONSTANT   6.CH.RF3.ON_STATUS_GET   LINK_PM6_DCOP+RF.60MHz.ON_STATUS 
     #DEFINE_CONSTANT   6.CH.RF3.POWER_SET   LINK_PM6_DCOP+RF.60MHz.FORWARD.PWR.SET 
     #DEFINE_CONSTANT   6.CH.RF3.RAMP_SET   LINK_PM6_DCOP+RF.60MHz.RAMP_TIME 
     #DEFINE_CONSTANT   6.CH.RF3.FORWARD_POWER_GET   LINK_PM6_DCOP+RF.60MHz.FORWARD.PWR 
     #DEFINE_CONSTANT   6.CH.RF3.REFLECT_POWER_GET   LINK_PM6_DCOP+RF.60MHz.REFLECTED.PWR 
     #DEFINE_CONSTANT   6.CH.RF3.MONITORING_STATUS   LINK_PM6_DCOP+RF.60MHz.MON_FLAG 
     #DEFINE_CONSTANT   6.CH.RF3.FREQUENCY_START_SET   LINK_PM6_DCOP+RF.60MHz.START_FREQUENCY_SET 
     #DEFINE_CONSTANT   6.CH.RF3.FREQUENCY_POWER_SET   LINK_PM6_DCOP+RF.60MHz.OUTPUT_FREQUENCY_SET 
     #DEFINE_CONSTANT   6.CH.RF3.FREQUENCY_POWER_GET   LINK_PM6_DCOP+RF.60MHz.FREQUENCY 
     #DEFINE_CONSTANT   6.CH.MAT1.ON_STATUS   LINK_PM6_DCOP+2MHz.ON_STATUS 
     #DEFINE_CONSTANT   6.CH.MAT1.TUNE_STATUS   LINK_PM6_DCOP+2MHz.TUNE_STATUS 
     #DEFINE_CONSTANT   6.CH.MAT1.CONTROL_MODE   LINK_PM6_DCOP+2MHz.CONTROL_MODE 
     #DEFINE_CONSTANT   6.CH.MAT1.CUR_LOAD_POS   LINK_PM6_DCOP+2MHz.LOAD_CUR_POS 
     #DEFINE_CONSTANT   6.CH.MAT1.CUR_TUNE_POS   LINK_PM6_DCOP+2MHz.TUNE_CUR_POS 
     #DEFINE_CONSTANT   6.CH.MAT2.ON_STATUS   LINK_PM6_DCOP+27MHz.ON_STATUS 
     #DEFINE_CONSTANT   6.CH.MAT2.TUNE_STATUS   LINK_PM6_DCOP+27MHz.TUNE_STATUS 
     #DEFINE_CONSTANT   6.CH.MAT2.CONTROL_MODE   LINK_PM6_DCOP+27MHz.CONTROL_MODE 
     #DEFINE_CONSTANT   6.CH.MAT2.CUR_LOAD_POS   LINK_PM6_DCOP+27MHz.LOAD_CUR_POS 
     #DEFINE_CONSTANT   6.CH.MAT2.CUR_TUNE_POS   LINK_PM6_DCOP+27MHz.TUNE_CUR_POS 
     #DEFINE_CONSTANT   6.CH.MAT3.ON_STATUS   LINK_PM6_DCOP+60MHz.ON_STATUS 
     #DEFINE_CONSTANT   6.CH.MAT3.TUNE_STATUS   LINK_PM6_DCOP+60MHz.TUNE_STATUS 
     #DEFINE_CONSTANT   6.CH.MAT3.CONTROL_MODE   LINK_PM6_DCOP+60MHz.CONTROL_MODE 
     #DEFINE_CONSTANT   6.CH.MAT3.CUR_LOAD_POS   LINK_PM6_DCOP+60MHz.LOAD_CUR_POS 
     #DEFINE_CONSTANT   6.CH.MAT3.CUR_TUNE_POS   LINK_PM6_DCOP+60MHz.TUNE_CUR_POS 
     #DEFINE_CONSTANT   6.DATA.HEATER.SIZE   4 
     #DEFINE_CONSTANT   6.CH.HTR1.TEMP_SET   LINK_PM6_DCOP+TOP.TEMP.SET 
     #DEFINE_CONSTANT   6.CH.HTR1.TEMP_GET   LINK_PM6_DCOP+TOP.TEMP 
     #DEFINE_CONSTANT   6.CH.HTR2.TEMP_SET   LINK_PM6_DCOP+ESC.TEMP.SET 
     #DEFINE_CONSTANT   6.CH.HTR2.TEMP_GET   LINK_PM6_DCOP+BTM.TEMPERATURE 
     #DEFINE_CONSTANT   6.CH.HTR3.TEMP_SET   LINK_PM6_DCOP+TOP.PLATE.TEMP.SET 
     #DEFINE_CONSTANT   6.CH.HTR3.TEMP_GET   LINK_PM6_DCOP+TOP.PLATE.TEMP 
     #DEFINE_CONSTANT   6.CH.HTR4.TEMP_SET   LINK_PM6_DCOP+ANAFAZER.TOP.TEMP.GET 
     #DEFINE_CONSTANT   6.CH.HTR4.TEMP_GET   LINK_PM6_DCOP+BTM.TEMP 
     #DEFINE_CONSTANT   6.CH.ESC.TOTAL_VOLT_SET   LINK_PM6_DCOP+ESC.VOLTAGE.SET 
     #DEFINE_CONSTANT   6.CH.ESC.TOTAL_VOLT_GET   LINK_PM6_DCOP+ESC.VOLTAGE 
     #DEFINE_CONSTANT   6.CH.ESC.BIAS_VOLT_SET   LINK_PM6_DCOP+ESC.COOLANT_FLOW_GET 
     #DEFINE_CONSTANT   6.CH.ESC.BIAS_VOLT_GET   LINK_PM6_DCOP+DCBIAS.VOLTAGE 
     #DEFINE_CONSTANT   6.CH.ESC.COOLANT_GET   LINK_PM6_DCOP+CHAMBER.FLOW 
     #DEFINE_CONSTANT   6.CH.ESC.POWER_ON_STATUS   LINK_PM6_DCOP+ESC.POWER_ON_STATUS 
     #DEFINE_CONSTANT   6.CH.ESC.REVERSE_POLARITY_STATUS   LINK_PM6_DCOP+ESC.REVERSE_POWER_STATUS 
     #DEFINE_CONSTANT   6.CH.ESC.COOLANT_FLOW_STATUS   LINK_PM6_DCOP+ESC.COOLANT_FLOW_STATUS 
     #DEFINE_CONSTANT   6.CH.HE_1.PRESSURE_SET   LINK_PM6_DCOP+HE.INNER.PRESS.SET 
     #DEFINE_CONSTANT   6.CH.HE_1.PRESSURE_GET   LINK_PM6_DCOP+HE.INNER.PRESS 
     #DEFINE_CONSTANT   6.CH.HE_1.FLOW_GET   LINK_PM6_DCOP+HE.INNER.FLOW 
     #DEFINE_CONSTANT   6.CH.HE_2.PRESSURE_SET   LINK_PM6_DCOP+HE.OUTER.PRESS.SET 
     #DEFINE_CONSTANT   6.CH.HE_2.PRESSURE_GET   LINK_PM6_DCOP+HE.OUTER.PRESS 
     #DEFINE_CONSTANT   6.CH.HE_2.FLOW_GET   LINK_PM6_DCOP+HE.OUTER.FLOW 


#OBJECT_PROPERTY     FNC_ATM_ROBOT

/*
*/
     #DEFINE_CONSTANT   DB_CFG_NAME   DB_CFG 
     #DEFINE_CONSTANT   OBJ__JOB_CTRL   OPR_CTC_MODE 
     #DEFINE_CONSTANT   OBJ__ATM_ROBOT   PHY_ATM_ROBOT 
     #DEFINE_CONSTANT   OBJ__AL   PHY_AL1 
     #DEFINE_CONSTANT   LLX_SIZE   4 
     #DEFINE_CONSTANT   OBJ__LL1   PHY_LBA 
     #DEFINE_CONSTANT   OBJ__LL2   PHY_LBB 
     #DEFINE_CONSTANT   OBJ__LL3   PHY_LBC 
     #DEFINE_CONSTANT   OBJ__LL4   PHY_LBD 
     #DEFINE_CONSTANT   OBJ__SIDE_BUFFER1   PHY_BFF1 
     #DEFINE_CONSTANT   OBJ__SIDE_BUFFER2   PHY_BFF2 
     #DEFINE_CONSTANT   LP_SIZE   3 
     #DEFINE_CONSTANT   OBJ__LP1   PHY_LP1 
     #DEFINE_CONSTANT   OBJ__LP2   PHY_LP2 
     #DEFINE_CONSTANT   OBJ__LP3   PHY_LP3 


#OBJECT_PROPERTY     FNC_VAC_ROBOT

/*
*/
     #DEFINE_CONSTANT   DB_CFG_NAME   DB_CFG 
     #DEFINE_CONSTANT   OBJ__JOB_CTRL   OPR_CTC_MODE 
     #DEFINE_CONSTANT   OBJ__VAC_ROBOT   PHY_VAC_ROBOT 
     #DEFINE_CONSTANT   OBJ__TMC_CHM   PHY_TMC_CHM 
     #DEFINE_CONSTANT   LLX_SIZE   4 
     #DEFINE_CONSTANT   OBJ__LL1   PHY_LBA 
     #DEFINE_CONSTANT   OBJ__LL2   PHY_LBB 
     #DEFINE_CONSTANT   OBJ__LL3   PHY_LBC 
     #DEFINE_CONSTANT   OBJ__LL4   PHY_LBD 
     #DEFINE_CONSTANT   PM_SIZE   6 
     #DEFINE_CONSTANT   OBJ__PM1   PHY_PM1 
     #DEFINE_CONSTANT   OBJ__PM2   PHY_PM2 
     #DEFINE_CONSTANT   OBJ__PM3   PHY_PM3 
     #DEFINE_CONSTANT   OBJ__PM4   PHY_PM4 
     #DEFINE_CONSTANT   OBJ__PM5   PHY_PM5 
     #DEFINE_CONSTANT   OBJ__PM6   PHY_PM6 
     #DEFINE_CONSTANT   LP_SIZE   3 
     #DEFINE_CONSTANT   OBJ__LP1   PHY_LP1 
     #DEFINE_CONSTANT   OBJ__LP2   PHY_LP2 
     #DEFINE_CONSTANT   OBJ__LP3   PHY_LP3 


#OBJECT_PROPERTY     FNC_TMC_SYS

/*
// EXT-FNC_MODE LIST 
OBJ_MODE__AUTO_INIT                       ""
OBJ_MODE__SYSTEM_INIT                     ""
OBJ_MODE__TIME_INIT                       ""
OBJ_MODE__SYSTEM_MAINT                    ""
OBJ_MODE__CTC_TO_TMC                      ""
OBJ_MODE__TMC_TO_CTC                      ""

*/
     #FNC_MODE   OBJ_MODE__AUTO_INIT   PHY_TMC_SYS   AUTO_INIT   //   
     #FNC_MODE   OBJ_MODE__SYSTEM_INIT   PHY_TMC_SYS   SYSTEM_INIT   //   
     #FNC_MODE   OBJ_MODE__TIME_INIT   PHY_TMC_SYS   TIME_INIT   //   
     #FNC_MODE   OBJ_MODE__SYSTEM_MAINT   PHY_TMC_SYS   SYSTEM_MAINT   //   
     #FNC_MODE   OBJ_MODE__CTC_TO_TMC   PHY_TMC_SYS   CTC_TO_TMC   //   
     #FNC_MODE   OBJ_MODE__TMC_TO_CTC   PHY_TMC_SYS   TMC_TO_CTC   //   

     #DEFINE_CONSTANT   OBJ__ATM_ROBOT   FNC_ATM_ROBOT 
     #DEFINE_CONSTANT   OBJ__VAC_ROBOT   FNC_VAC_ROBOT 


#OBJECT_PROPERTY     FNC_PMC_SYS

/*
// EXT-FNC_MODE LIST 
OBJ_MODE__PM1_AUTO_INIT                   ""
OBJ_MODE__PM1_SYSTEM_INIT                 ""
OBJ_MODE__PM1_TIME_INIT                   ""
OBJ_MODE__PM1_SYSTEM_MAINT                ""
OBJ_MODE__PM2_AUTO_INIT                   ""
OBJ_MODE__PM2_SYSTEM_INIT                 ""
OBJ_MODE__PM2_TIME_INIT                   ""
OBJ_MODE__PM2_SYSTEM_MAINT                ""
OBJ_MODE__PM3_AUTO_INIT                   ""
OBJ_MODE__PM3_SYSTEM_INIT                 ""
OBJ_MODE__PM3_TIME_INIT                   ""
OBJ_MODE__PM3_SYSTEM_MAINT                ""
OBJ_MODE__PM4_AUTO_INIT                   ""
OBJ_MODE__PM4_SYSTEM_INIT                 ""
OBJ_MODE__PM4_TIME_INIT                   ""
OBJ_MODE__PM4_SYSTEM_MAINT                ""
OBJ_MODE__PM5_AUTO_INIT                   ""
OBJ_MODE__PM5_SYSTEM_INIT                 ""
OBJ_MODE__PM5_TIME_INIT                   ""
OBJ_MODE__PM5_SYSTEM_MAINT                ""
OBJ_MODE__PM6_AUTO_INIT                   ""
OBJ_MODE__PM6_SYSTEM_INIT                 ""
OBJ_MODE__PM6_TIME_INIT                   ""
OBJ_MODE__PM6_SYSTEM_MAINT                ""

*/
     #FNC_MODE   OBJ_MODE__PM1_AUTO_INIT   PHY_PM1   AUTO_INIT   //   
     #FNC_MODE   OBJ_MODE__PM1_SYSTEM_INIT   PHY_PM1   SYSTEM_INIT   //   
     #FNC_MODE   OBJ_MODE__PM1_TIME_INIT   PHY_PM1   TIME_INIT   //   
     #FNC_MODE   OBJ_MODE__PM1_SYSTEM_MAINT   PHY_PM1   SYSTEM_MAINT   //   
     #FNC_MODE   OBJ_MODE__PM2_AUTO_INIT   PHY_PM2   AUTO_INIT   //   
     #FNC_MODE   OBJ_MODE__PM2_SYSTEM_INIT   PHY_PM2   SYSTEM_INIT   //   
     #FNC_MODE   OBJ_MODE__PM2_TIME_INIT   PHY_PM2   TIME_INIT   //   
     #FNC_MODE   OBJ_MODE__PM2_SYSTEM_MAINT   PHY_PM2   SYSTEM_MAINT   //   
     #FNC_MODE   OBJ_MODE__PM3_AUTO_INIT   PHY_PM3   AUTO_INIT   //   
     #FNC_MODE   OBJ_MODE__PM3_SYSTEM_INIT   PHY_PM3   SYSTEM_INIT   //   
     #FNC_MODE   OBJ_MODE__PM3_TIME_INIT   PHY_PM3   TIME_INIT   //   
     #FNC_MODE   OBJ_MODE__PM3_SYSTEM_MAINT   PHY_PM3   SYSTEM_MAINT   //   
     #FNC_MODE   OBJ_MODE__PM4_AUTO_INIT   PHY_PM4   AUTO_INIT   //   
     #FNC_MODE   OBJ_MODE__PM4_SYSTEM_INIT   PHY_PM4   SYSTEM_INIT   //   
     #FNC_MODE   OBJ_MODE__PM4_TIME_INIT   PHY_PM4   TIME_INIT   //   
     #FNC_MODE   OBJ_MODE__PM4_SYSTEM_MAINT   PHY_PM4   SYSTEM_MAINT   //   
     #FNC_MODE   OBJ_MODE__PM5_AUTO_INIT   PHY_PM5   AUTO_INIT   //   
     #FNC_MODE   OBJ_MODE__PM5_SYSTEM_INIT   PHY_PM5   SYSTEM_INIT   //   
     #FNC_MODE   OBJ_MODE__PM5_TIME_INIT   PHY_PM5   TIME_INIT   //   
     #FNC_MODE   OBJ_MODE__PM5_SYSTEM_MAINT   PHY_PM5   SYSTEM_MAINT   //   
     #FNC_MODE   OBJ_MODE__PM6_AUTO_INIT   PHY_PM6   AUTO_INIT   //   
     #FNC_MODE   OBJ_MODE__PM6_SYSTEM_INIT   PHY_PM6   SYSTEM_INIT   //   
     #FNC_MODE   OBJ_MODE__PM6_TIME_INIT   PHY_PM6   TIME_INIT   //   
     #FNC_MODE   OBJ_MODE__PM6_SYSTEM_MAINT   PHY_PM6   SYSTEM_MAINT   //   

     #DEFINE_CONSTANT   DB_CFG_NAME   DB_CFG 
     #DEFINE_CONSTANT   PM_SIZE   6 


#OBJECT_PROPERTY     Phy_LP1

/*
*/
     #DEFINE_CONSTANT   DB_CFG_NAME   DB_CFG 
     #DEFINE_CONSTANT   LP_ID   1 
     #DEFINE_CONSTANT   WIN_CSTID_NAME   POPUP_LP1_CSTID 
     #DEFINE_CONSTANT   OBJ__SIGNAL_TOWER   MNG_SIGNAL_TOWER 


#OBJECT_PROPERTY     Phy_LP2

/*
*/
     #DEFINE_CONSTANT   DB_CFG_NAME   DB_CFG 
     #DEFINE_CONSTANT   LP_ID   2 
     #DEFINE_CONSTANT   WIN_CSTID_NAME   POPUP_LP2_CSTID 
     #DEFINE_CONSTANT   OBJ__SIGNAL_TOWER   MNG_SIGNAL_TOWER 


#OBJECT_PROPERTY     Phy_LP3

/*
*/
     #DEFINE_CONSTANT   DB_CFG_NAME   DB_CFG 
     #DEFINE_CONSTANT   LP_ID   3 
     #DEFINE_CONSTANT   WIN_CSTID_NAME   POPUP_LP3_CSTID 
     #DEFINE_CONSTANT   OBJ__SIGNAL_TOWER   MNG_SIGNAL_TOWER 


#OBJECT_PROPERTY     PHY_AL1

/*
*/
     #DEFINE_CONSTANT   DB_CFG_NAME   DB_CFG 
     #DEFINE_CONSTANT   OBJ__SCH_NAME   AL1 


#OBJECT_PROPERTY     PHY_LBA

/*
*/
     #DEFINE_CONSTANT   DB_CFG_NAME   DB_CFG 
     #DEFINE_CONSTANT   OBJ__SCH_NAME   LBA 


#OBJECT_PROPERTY     PHY_LBB

/*
*/
     #DEFINE_CONSTANT   DB_CFG_NAME   DB_CFG 
     #DEFINE_CONSTANT   OBJ__SCH_NAME   LBB 


#OBJECT_PROPERTY     PHY_LBC

/*
*/
     #DEFINE_CONSTANT   DB_CFG_NAME   DB_CFG 
     #DEFINE_CONSTANT   OBJ__SCH_NAME   LBC 


#OBJECT_PROPERTY     PHY_LBD

/*
*/
     #DEFINE_CONSTANT   DB_CFG_NAME   DB_CFG 
     #DEFINE_CONSTANT   OBJ__SCH_NAME   LBD 


#OBJECT_PROPERTY     PHY_TMC_SYS

/*
*/
     #DEFINE_CONSTANT   DB_CFG_NAME   DB_CFG 
     #DEFINE_CONSTANT   OBJ_EFEM_ROBOT   PHY_ATM_ROBOT 
     #DEFINE_CONSTANT   OBJ_VAC_ROBOT   PHY_VAC_ROBOT 
     #DEFINE_CONSTANT   LP_SIZE   3 
     #DEFINE_CONSTANT   OBJ_LP1   Phy_LP1 
     #DEFINE_CONSTANT   OBJ_LP2   Phy_LP2 
     #DEFINE_CONSTANT   OBJ_LP3   Phy_LP3 
     #DEFINE_CONSTANT   OBJ_AL1   PHY_AL1 
     #DEFINE_CONSTANT   LLX_SIZE   4 
     #DEFINE_CONSTANT   OBJ_LL1   PHY_LBA 
     #DEFINE_CONSTANT   OBJ_LL2   PHY_LBB 
     #DEFINE_CONSTANT   OBJ_LL3   PHY_LBC 
     #DEFINE_CONSTANT   OBJ_LL4   PHY_LBD 
     #DEFINE_CONSTANT   OBJ_TMC_CHM   PHY_TMC_CHM 
     #DEFINE_CONSTANT   PM_SIZE   6 
     #DEFINE_CONSTANT   OBJ_PM1   PHY_PM1 
     #DEFINE_CONSTANT   OBJ_PM2   PHY_PM2 
     #DEFINE_CONSTANT   OBJ_PM3   PHY_PM3 
     #DEFINE_CONSTANT   OBJ_PM4   PHY_PM4 
     #DEFINE_CONSTANT   OBJ_PM5   PHY_PM5 
     #DEFINE_CONSTANT   OBJ_PM6   PHY_PM6 


#OBJECT_PROPERTY     PHY_TMC_CHM

/*
*/
     #DEFINE_CONSTANT   DB_CFG_NAME   DB_CFG 


#OBJECT_PROPERTY     PHY_ATM_ROBOT

/*
*/
     #DEFINE_CONSTANT   DB_CFG_NAME   DB_CFG 
     #DEFINE_CONSTANT   LP_SIZE   3 
     #DEFINE_CONSTANT   OBJ_LP1   Phy_LP1 
     #DEFINE_CONSTANT   OBJ_LP2   Phy_LP2 
     #DEFINE_CONSTANT   OBJ_LP3   Phy_LP3 
     #DEFINE_CONSTANT   OBJ_AL1   PHY_AL1 
     #DEFINE_CONSTANT   LLX_SIZE   4 
     #DEFINE_CONSTANT   OBJ_LL1   PHY_LBA 
     #DEFINE_CONSTANT   OBJ_LL2   PHY_LBB 
     #DEFINE_CONSTANT   OBJ_LL3   PHY_LBC 
     #DEFINE_CONSTANT   OBJ_LL4   PHY_LBD 
     #DEFINE_CONSTANT   OBJ_ST1   PHY_BFF1 
     #DEFINE_CONSTANT   OBJ_ST2   PHY_BFF2 


#OBJECT_PROPERTY     PHY_VAC_ROBOT

/*
*/
     #DEFINE_CONSTANT   DB_CFG_NAME   DB_CFG 
     #DEFINE_CONSTANT   LLX_SIZE   4 
     #DEFINE_CONSTANT   OBJ_LL1   PHY_LBA 
     #DEFINE_CONSTANT   OBJ_LL2   PHY_LBB 
     #DEFINE_CONSTANT   OBJ_LL3   PHY_LBC 
     #DEFINE_CONSTANT   OBJ_LL4   PHY_LBD 
     #DEFINE_CONSTANT   PM_SIZE   6 
     #DEFINE_CONSTANT   OBJ_PM1   PHY_PM1 
     #DEFINE_CONSTANT   OBJ_PM2   PHY_PM2 
     #DEFINE_CONSTANT   OBJ_PM3   PHY_PM3 
     #DEFINE_CONSTANT   OBJ_PM4   PHY_PM4 
     #DEFINE_CONSTANT   OBJ_PM5   PHY_PM5 
     #DEFINE_CONSTANT   OBJ_PM6   PHY_PM6 


#OBJECT_PROPERTY     PHY_PM1

/*
*/
     #DEFINE_CONSTANT   PM_ID   1 
     #DEFINE_CONSTANT   DB_CFG_NAME   DB_CFG 


#OBJECT_PROPERTY     PHY_PM2

/*
*/
     #DEFINE_CONSTANT   PM_ID   2 
     #DEFINE_CONSTANT   DB_CFG_NAME   DB_CFG 


#OBJECT_PROPERTY     PHY_PM3

/*
*/
     #DEFINE_CONSTANT   PM_ID   3 
     #DEFINE_CONSTANT   DB_CFG_NAME   DB_CFG 


#OBJECT_PROPERTY     PHY_PM4

/*
*/
     #DEFINE_CONSTANT   PM_ID   4 
     #DEFINE_CONSTANT   DB_CFG_NAME   DB_CFG 


#OBJECT_PROPERTY     PHY_PM5

/*
*/
     #DEFINE_CONSTANT   PM_ID   5 
     #DEFINE_CONSTANT   DB_CFG_NAME   DB_CFG 


#OBJECT_PROPERTY     PHY_PM6

/*
*/
     #DEFINE_CONSTANT   PM_ID   6 
     #DEFINE_CONSTANT   DB_CFG_NAME   DB_CFG 


#OBJECT_PROPERTY     FA_E30_CTRL   //  Object Index Error !!!

     #DEFINE_CONSTANT   ENABLE__DEVICE_ID   YES 
     #DEFINE_CONSTANT   ENABLE__INITIAL_CONTROL_STATE   YES 


#OBJECT_PROPERTY     FA_PMx_CEID   //  Object Index Error !!!

     #DEFINE_CONSTANT   PM_SIZE   6 
     #DEFINE_CONSTANT   OBJ__PM1   PHY_PM1 
     #DEFINE_CONSTANT   OBJ__PM2   PHY_PM2 
     #DEFINE_CONSTANT   OBJ__PM3   PHY_PM3 
     #DEFINE_CONSTANT   OBJ__PM4   PHY_PM4 
     #DEFINE_CONSTANT   OBJ__PM5   PHY_PM5 
     #DEFINE_CONSTANT   OBJ__PM6   PHY_PM6 


#OBJECT_PROPERTY     LINK_CTC

/*
*/
     #OBJECT_LINK_FILE   LINK__CFG_CTC.cfg 


#OBJECT_PROPERTY     LINK_TMC_LOG

/*
*/
     #OBJECT_LINK_FILE   LINK__TMC_LOG.cfg 


#OBJECT_PROPERTY     LINK_PM1_LOG   //  Object Index Error !!!

     #OBJECT_LINK_FILE   LINK__PM1_LOG.cfg 


#OBJECT_PROPERTY     LINK_PM2_LOG   //  Object Index Error !!!

     #OBJECT_LINK_FILE   LINK__PM2_LOG.cfg 


#OBJECT_PROPERTY     LINK_PM3_LOG   //  Object Index Error !!!

     #OBJECT_LINK_FILE   LINK__PM3_LOG.cfg 


#OBJECT_PROPERTY     LINK_PM4_LOG   //  Object Index Error !!!

     #OBJECT_LINK_FILE   LINK__PM4_LOG.cfg 


#OBJECT_PROPERTY     LINK_PM5_LOG   //  Object Index Error !!!

     #OBJECT_LINK_FILE   LINK__PM5_LOG.cfg 


#OBJECT_PROPERTY     LINK_PM6_LOG   //  Object Index Error !!!

     #OBJECT_LINK_FILE   LINK__PM6_LOG.cfg 


#OBJECT_PROPERTY     LINK_PM1_DCOP

/*
*/
     #OBJECT_LINK_FILE   LINK__PM1_DCOP.cfg 


#OBJECT_PROPERTY     LINK_PM2_DCOP

/*
*/
     #OBJECT_LINK_FILE   LINK__PM2_DCOP.cfg 


#OBJECT_PROPERTY     LINK_PM3_DCOP

/*
*/
     #OBJECT_LINK_FILE   LINK__PM3_DCOP.cfg 


#OBJECT_PROPERTY     LINK_PM4_DCOP

/*
*/
     #OBJECT_LINK_FILE   LINK__PM4_DCOP.cfg 


#OBJECT_PROPERTY     LINK_PM5_DCOP

/*
*/
     #OBJECT_LINK_FILE   LINK__PM5_DCOP.cfg 


#OBJECT_PROPERTY     LINK_PM6_DCOP

/*
*/
     #OBJECT_LINK_FILE   LINK__PM6_DCOP.cfg 

