
<<<----  [OUT]
2021/10/13 12:00:16:514

I can't connect with the passive [192.168.100.113/5000] error_code:10060 !

<<<----  [OUT]
2021/10/13 12:00:18:996

Connecting Started...

<<<----  [OUT]
2021/10/13 12:00:40:038

I can't connect with the passive [192.168.100.113/5000] error_code:10060 !

<<<----  [OUT]
2021/10/13 12:00:42:528

Connecting Started...

<<<----  [OUT]
2021/10/13 12:01:03:567

I can't connect with the passive [192.168.100.113/5000] error_code:10060 !

<<<----  [OUT]
2021/10/13 12:01:06:043

Connecting Started...

<<<----  [OUT]
2021/10/13 12:01:27:090

I can't connect with the passive [192.168.100.113/5000] error_code:10060 !

<<<----  [OUT]
2021/10/13 12:01:29:573

Connecting Started...

<<<----  [OUT]
2021/10/13 12:01:50:607

I can't connect with the passive [192.168.100.113/5000] error_code:10060 !

<<<----  [OUT]
2021/10/13 12:01:53:089

Connecting Started...

<<<----  [OUT]
2021/10/13 12:02:14:123

I can't connect with the passive [192.168.100.113/5000] error_code:10060 !

<<<----  [OUT]
2021/10/13 12:02:16:605

Connecting Started...

<<<----  [OUT]
2021/10/13 12:02:37:651

I can't connect with the passive [192.168.100.113/5000] error_code:10060 !

<<<----  [OUT]
2021/10/13 12:02:40:137

Connecting Started...

<<<----  [OUT]
2021/10/13 12:03:01:169

I can't connect with the passive [192.168.100.113/5000] error_code:10060 !

<<<----  [OUT]
2021/10/13 12:03:03:652

Connecting Started...

<<<----  [OUT]
2021/10/13 12:04:46:338

---------------------------------------------------------------------
// FA : Start Log ...


<<<----  [OUT]
2021/10/13 12:04:46:350

//-------------------------------------------------------------
Property Information

   Driver Type [HSMS]
   Driver Mode [ACTIVE]
   IP    [192.168.100.113]
   Port  [5000]
//-------------------------------------------------------------


<<<----  [OUT]
2021/10/13 12:04:46:952

Auto-Start Started ... (Active)

<<<----  [OUT]
2021/10/13 12:04:47:043

Auto-Start Started ...  Waiting Stop-Connection.

<<<----  [OUT]
2021/10/13 12:04:47:043

Auto-Start Started ...  Waiting Open-Socket.

<<<----  [OUT]
2021/10/13 12:04:47:064

Socket Open Started...

<<<----  [OUT]
2021/10/13 12:04:47:064

Socket Open Completed...

<<<----  [OUT]
2021/10/13 12:04:47:064

Connecting Started...

<<<----  [OUT]
2021/10/13 12:04:47:134

Auto-Start Completed ...  (Active)

<<<----  [OUT]
2021/10/13 12:05:08:097

I can't connect with the passive [192.168.100.113/5000] error_code:10060 !

<<<----  [OUT]
2021/10/13 12:05:10:575

Connecting Started...

<<<----  [OUT]
2021/10/13 12:05:31:615

I can't connect with the passive [192.168.100.113/5000] error_code:10060 !

<<<----  [OUT]
2021/10/13 12:05:34:106

Connecting Started...

<<<----  [OUT]
2021/10/13 12:05:55:137

I can't connect with the passive [192.168.100.113/5000] error_code:10060 !

<<<----  [OUT]
2021/10/13 12:05:57:621

Connecting Started...

<<<----  [OUT]
2021/10/13 12:06:18:655

I can't connect with the passive [192.168.100.113/5000] error_code:10060 !

<<<----  [OUT]
2021/10/13 12:06:21:136

Connecting Started...

<<<----  [OUT]
2021/10/13 12:06:42:147

I can't connect with the passive [192.168.100.113/5000] error_code:10060 !

<<<----  [OUT]
2021/10/13 12:06:44:637

Connecting Started...

<<<----  [OUT]
2021/10/13 12:07:05:689

I can't connect with the passive [192.168.100.113/5000] error_code:10060 !

<<<----  [OUT]
2021/10/13 12:07:08:168

Connecting Started...

<<<----  [OUT]
2021/10/13 12:07:29:208

I can't connect with the passive [192.168.100.113/5000] error_code:10060 !

<<<----  [OUT]
2021/10/13 12:07:31:699

Connecting Started...

<<<----  [OUT]
2021/10/13 12:07:52:755

I can't connect with the passive [192.168.100.113/5000] error_code:10060 !

<<<----  [OUT]
2021/10/13 12:07:55:246

Connecting Started...

<<<----  [OUT]
2021/10/13 12:08:16:284

I can't connect with the passive [192.168.100.113/5000] error_code:10060 !

<<<----  [OUT]
2021/10/13 12:08:18:762

Connecting Started...

<<<----  [OUT]
2021/10/13 12:08:39:808

I can't connect with the passive [192.168.100.113/5000] error_code:10060 !

<<<----  [OUT]
2021/10/13 12:08:42:293

Connecting Started...

<<<----  [OUT]
2021/10/13 12:09:03:327

I can't connect with the passive [192.168.100.113/5000] error_code:10060 !

<<<----  [OUT]
2021/10/13 12:09:05:808

Connecting Started...

<<<----  [OUT]
2021/10/13 12:09:26:843

I can't connect with the passive [192.168.100.113/5000] error_code:10060 !

<<<----  [OUT]
2021/10/13 12:09:29:325

Connecting Started...

<<<----  [OUT]
2021/10/13 12:09:50:369

I can't connect with the passive [192.168.100.113/5000] error_code:10060 !

<<<----  [OUT]
2021/10/13 12:09:52:855

Connecting Started...

<<<----  [OUT]
2021/10/13 12:10:13:893

I can't connect with the passive [192.168.100.113/5000] error_code:10060 !

<<<----  [OUT]
2021/10/13 12:10:16:371

Connecting Started...

<<<----  [OUT]
2021/10/13 12:10:37:407

I can't connect with the passive [192.168.100.113/5000] error_code:10060 !

<<<----  [OUT]
2021/10/13 12:10:39:886

Connecting Started...

<<<----  [OUT]
2021/10/13 12:11:00:915

I can't connect with the passive [192.168.100.113/5000] error_code:10060 !

<<<----  [OUT]
2021/10/13 12:11:03:402

Connecting Started...

<<<----  [OUT]
2021/10/13 12:11:24:428

I can't connect with the passive [192.168.100.113/5000] error_code:10060 !

<<<----  [OUT]
2021/10/13 12:11:26:919

Connecting Started...

<<<----  [OUT]
2021/10/13 12:11:47:959

I can't connect with the passive [192.168.100.113/5000] error_code:10060 !

<<<----  [OUT]
2021/10/13 12:11:50:449

Connecting Started...

<<<----  [OUT]
2021/10/13 12:12:11:500

I can't connect with the passive [192.168.100.113/5000] error_code:10060 !

<<<----  [OUT]
2021/10/13 12:12:13:980

Connecting Started...

<<<----  [OUT]
2021/10/13 12:19:37:356

---------------------------------------------------------------------
// FA : Start Log ...


<<<----  [OUT]
2021/10/13 12:19:37:368

//-------------------------------------------------------------
Property Information

   Driver Type [HSMS]
   Driver Mode [ACTIVE]
   IP    [192.168.100.113]
   Port  [5000]
//-------------------------------------------------------------


<<<----  [OUT]
2021/10/13 12:19:37:970

Auto-Start Started ... (Active)

<<<----  [OUT]
2021/10/13 12:19:38:061

Auto-Start Started ...  Waiting Stop-Connection.

<<<----  [OUT]
2021/10/13 12:19:38:061

Auto-Start Started ...  Waiting Open-Socket.

<<<----  [OUT]
2021/10/13 12:19:38:082

Socket Open Started...

<<<----  [OUT]
2021/10/13 12:19:38:082

Socket Open Completed...

<<<----  [OUT]
2021/10/13 12:19:38:082

Connecting Started...

<<<----  [OUT]
2021/10/13 12:19:38:151

Auto-Start Completed ...  (Active)

<<<----  [OUT]
2021/10/13 12:19:59:124

I can't connect with the passive [192.168.100.113/5000] error_code:10060 !

<<<----  [OUT]
2021/10/13 12:20:01:605

Connecting Started...

<<<----  [OUT]
2021/10/13 12:20:22:647

I can't connect with the passive [192.168.100.113/5000] error_code:10060 !

<<<----  [OUT]
2021/10/13 12:20:25:136

Connecting Started...

<<<----  [OUT]
2021/10/13 12:20:46:178

I can't connect with the passive [192.168.100.113/5000] error_code:10060 !

<<<----  [OUT]
2021/10/13 12:20:48:667

Connecting Started...

<<<----  [OUT]
2021/10/13 12:21:09:711

I can't connect with the passive [192.168.100.113/5000] error_code:10060 !

<<<----  [OUT]
2021/10/13 12:21:12:200

Connecting Started...

<<<----  [OUT]
2021/10/13 12:21:33:256

I can't connect with the passive [192.168.100.113/5000] error_code:10060 !

<<<----  [OUT]
2021/10/13 12:21:35:745

Connecting Started...

<<<----  [OUT]
2021/10/13 12:21:56:781

I can't connect with the passive [192.168.100.113/5000] error_code:10060 !

<<<----  [OUT]
2021/10/13 12:21:59:262

Connecting Started...

<<<----  [OUT]
2021/10/13 12:22:20:315

I can't connect with the passive [192.168.100.113/5000] error_code:10060 !

<<<----  [OUT]
2021/10/13 12:22:22:793

Connecting Started...

<<<----  [OUT]
2021/10/13 12:22:43:841

I can't connect with the passive [192.168.100.113/5000] error_code:10060 !

<<<----  [OUT]
2021/10/13 12:22:46:323

Connecting Started...

<<<----  [OUT]
2021/10/13 12:23:07:375

I can't connect with the passive [192.168.100.113/5000] error_code:10060 !

<<<----  [OUT]
2021/10/13 12:23:09:855

Connecting Started...

<<<----  [OUT]
2021/10/13 12:23:30:903

I can't connect with the passive [192.168.100.113/5000] error_code:10060 !

<<<----  [OUT]
2021/10/13 12:23:33:387

Connecting Started...

<<<----  [OUT]
2021/10/13 12:23:54:429

I can't connect with the passive [192.168.100.113/5000] error_code:10060 !

<<<----  [OUT]
2021/10/13 12:23:56:917

Connecting Started...

<<<----  [OUT]
2021/10/13 12:24:17:946

I can't connect with the passive [192.168.100.113/5000] error_code:10060 !

<<<----  [OUT]
2021/10/13 12:24:20:433

Connecting Started...

<<<----  [OUT]
2021/10/13 12:24:41:490

I can't connect with the passive [192.168.100.113/5000] error_code:10060 !

<<<----  [OUT]
2021/10/13 12:24:43:979

Connecting Started...

<<<----  [OUT]
2021/10/13 12:25:05:018

I can't connect with the passive [192.168.100.113/5000] error_code:10060 !

<<<----  [OUT]
2021/10/13 12:25:07:497

Connecting Started...

<<<----  [OUT]
2021/10/13 12:53:30:738

---------------------------------------------------------------------
// FA : Start Log ...


<<<----  [OUT]
2021/10/13 12:53:30:748

//-------------------------------------------------------------
Property Information

   Driver Type [HSMS]
   Driver Mode [ACTIVE]
   IP    [192.168.100.113]
   Port  [5000]
//-------------------------------------------------------------


<<<----  [OUT]
2021/10/13 12:53:31:349

Auto-Start Started ... (Active)

<<<----  [OUT]
2021/10/13 12:53:31:440

Auto-Start Started ...  Waiting Stop-Connection.

<<<----  [OUT]
2021/10/13 12:53:31:440

Auto-Start Started ...  Waiting Open-Socket.

<<<----  [OUT]
2021/10/13 12:53:31:464

Socket Open Started...

<<<----  [OUT]
2021/10/13 12:53:31:464

Socket Open Completed...

<<<----  [OUT]
2021/10/13 12:53:31:464

Connecting Started...

<<<----  [OUT]
2021/10/13 12:53:31:531

Auto-Start Completed ...  (Active)

<<<----  [OUT]
2021/10/13 12:53:52:513

I can't connect with the passive [192.168.100.113/5000] error_code:10060 !

<<<----  [OUT]
2021/10/13 12:53:54:995

Connecting Started...

<<<----  [OUT]
2021/10/13 12:54:16:012

I can't connect with the passive [192.168.100.113/5000] error_code:10060 !

<<<----  [OUT]
2021/10/13 12:54:18:496

Connecting Started...

<<<----  [OUT]
2021/10/13 12:54:39:552

I can't connect with the passive [192.168.100.113/5000] error_code:10060 !

<<<----  [OUT]
2021/10/13 12:54:42:042

Connecting Started...

<<<----  [OUT]
2021/10/13 12:55:03:060

I can't connect with the passive [192.168.100.113/5000] error_code:10060 !

<<<----  [OUT]
2021/10/13 12:55:05:542

Connecting Started...

<<<----  [OUT]
2021/10/13 12:55:26:585

I can't connect with the passive [192.168.100.113/5000] error_code:10060 !

<<<----  [OUT]
2021/10/13 12:55:29:073

Connecting Started...

<<<----  [OUT]
2021/10/13 12:55:50:138

I can't connect with the passive [192.168.100.113/5000] error_code:10060 !

<<<----  [OUT]
2021/10/13 12:55:52:621

Connecting Started...

<<<----  [OUT]
2021/10/13 12:56:13:674

I can't connect with the passive [192.168.100.113/5000] error_code:10060 !

<<<----  [OUT]
2021/10/13 12:56:16:152

Connecting Started...

<<<----  [OUT]
2021/10/13 12:56:37:193

I can't connect with the passive [192.168.100.113/5000] error_code:10060 !

<<<----  [OUT]
2021/10/13 12:56:39:682

Connecting Started...

<<<----  [OUT]
2021/10/13 12:57:00:718

I can't connect with the passive [192.168.100.113/5000] error_code:10060 !

<<<----  [OUT]
2021/10/13 12:57:03:200

Connecting Started...

<<<----  [OUT]
2021/10/13 12:57:24:242

I can't connect with the passive [192.168.100.113/5000] error_code:10060 !

<<<----  [OUT]
2021/10/13 12:57:26:730

Connecting Started...

<<<----  [OUT]
2021/10/13 12:57:47:771

I can't connect with the passive [192.168.100.113/5000] error_code:10060 !

<<<----  [OUT]
2021/10/13 12:57:50:262

Connecting Started...

<<<----  [OUT]
2021/10/13 12:58:11:295

I can't connect with the passive [192.168.100.113/5000] error_code:10060 !

<<<----  [OUT]
2021/10/13 12:58:13:778

Connecting Started...

<<<----  [OUT]
2021/10/13 12:58:34:815

I can't connect with the passive [192.168.100.113/5000] error_code:10060 !

<<<----  [OUT]
2021/10/13 12:58:37:293

Connecting Started...

<<<----  [OUT]
2021/10/13 12:58:58:332

I can't connect with the passive [192.168.100.113/5000] error_code:10060 !

<<<----  [OUT]
2021/10/13 12:59:00:824

Connecting Started...

<<<----  [OUT]
2021/10/13 12:59:21:878

I can't connect with the passive [192.168.100.113/5000] error_code:10060 !

<<<----  [OUT]
2021/10/13 12:59:24:356

Connecting Started...

<<<----  [OUT]
2021/10/13 12:59:45:384

I can't connect with the passive [192.168.100.113/5000] error_code:10060 !

<<<----  [OUT]
2021/10/13 12:59:47:872

Connecting Started...
