
<<<----  [OUT]
2021/10/13 02:50:37:306

---------------------------------------------------------------------
// FA : Start Log ...


<<<----  [OUT]
2021/10/13 02:50:37:321

//-------------------------------------------------------------
Property Information

   Driver Type [HSMS]
   Driver Mode [ACTIVE]
   IP    [192.168.100.113]
   Port  [5000]
//-------------------------------------------------------------


<<<----  [OUT]
2021/10/13 02:50:37:922

Auto-Start Started ... (Active)

<<<----  [OUT]
2021/10/13 02:50:38:013

Auto-Start Started ...  Waiting Stop-Connection.

<<<----  [OUT]
2021/10/13 02:50:38:013

Auto-Start Started ...  Waiting Open-Socket.

<<<----  [OUT]
2021/10/13 02:50:38:032

Socket Open Started...

<<<----  [OUT]
2021/10/13 02:50:38:032

Socket Open Completed...

<<<----  [OUT]
2021/10/13 02:50:38:032

Connecting Started...

<<<----  [OUT]
2021/10/13 02:50:38:104

Auto-Start Completed ...  (Active)

<<<----  [OUT]
2021/10/13 02:50:59:071

I can't connect with the passive [192.168.100.113/5000] error_code:10060 !

<<<----  [OUT]
2021/10/13 02:51:01:559

Connecting Started...

<<<----  [OUT]
2021/10/13 02:51:22:603

I can't connect with the passive [192.168.100.113/5000] error_code:10060 !

<<<----  [OUT]
2021/10/13 02:51:25:090

Connecting Started...

<<<----  [OUT]
2021/10/13 02:51:46:116

I can't connect with the passive [192.168.100.113/5000] error_code:10060 !

<<<----  [OUT]
2021/10/13 02:51:48:605

Connecting Started...

<<<----  [OUT]
2021/10/13 02:52:09:651

I can't connect with the passive [192.168.100.113/5000] error_code:10060 !

<<<----  [OUT]
2021/10/13 02:52:12:136

Connecting Started...

<<<----  [OUT]
2021/10/13 02:52:33:171

I can't connect with the passive [192.168.100.113/5000] error_code:10060 !

<<<----  [OUT]
2021/10/13 02:52:35:651

Connecting Started...

<<<----  [OUT]
2021/10/13 02:52:56:679

I can't connect with the passive [192.168.100.113/5000] error_code:10060 !

<<<----  [OUT]
2021/10/13 02:52:59:167

Connecting Started...

<<<----  [OUT]
2021/10/13 02:53:20:185

I can't connect with the passive [192.168.100.113/5000] error_code:10060 !

<<<----  [OUT]
2021/10/13 02:53:22:667

Connecting Started...

<<<----  [OUT]
2021/10/13 02:53:43:712

I can't connect with the passive [192.168.100.113/5000] error_code:10060 !

<<<----  [OUT]
2021/10/13 02:53:46:199

Connecting Started...

<<<----  [OUT]
2021/10/13 02:54:07:220

I can't connect with the passive [192.168.100.113/5000] error_code:10060 !

<<<----  [OUT]
2021/10/13 02:54:09:699

Connecting Started...

<<<----  [OUT]
2021/10/13 02:54:30:735

I can't connect with the passive [192.168.100.113/5000] error_code:10060 !

<<<----  [OUT]
2021/10/13 02:54:33:215

Connecting Started...

<<<----  [OUT]
2021/10/13 02:54:54:262

I can't connect with the passive [192.168.100.113/5000] error_code:10060 !

<<<----  [OUT]
2021/10/13 02:54:56:745

Connecting Started...

<<<----  [OUT]
2021/10/13 02:55:17:760

I can't connect with the passive [192.168.100.113/5000] error_code:10060 !

<<<----  [OUT]
2021/10/13 02:55:20:247

Connecting Started...

<<<----  [OUT]
2021/10/13 02:55:41:287

I can't connect with the passive [192.168.100.113/5000] error_code:10060 !

<<<----  [OUT]
2021/10/13 02:55:43:778

Connecting Started...

<<<----  [OUT]
2021/10/13 02:56:04:829

I can't connect with the passive [192.168.100.113/5000] error_code:10060 !

<<<----  [OUT]
2021/10/13 02:56:07:308

Connecting Started...

<<<----  [OUT]
2021/10/13 02:56:28:350

I can't connect with the passive [192.168.100.113/5000] error_code:10060 !

<<<----  [OUT]
2021/10/13 02:56:30:839

Connecting Started...

<<<----  [OUT]
2021/10/13 02:56:51:855

I can't connect with the passive [192.168.100.113/5000] error_code:10060 !

<<<----  [OUT]
2021/10/13 02:56:54:340

Connecting Started...

<<<----  [OUT]
2021/10/13 02:57:15:394

I can't connect with the passive [192.168.100.113/5000] error_code:10060 !

<<<----  [OUT]
2021/10/13 02:57:17:871

Connecting Started...

<<<----  [OUT]
2021/10/13 02:57:38:928

I can't connect with the passive [192.168.100.113/5000] error_code:10060 !

<<<----  [OUT]
2021/10/13 02:57:41:417

Connecting Started...

<<<----  [OUT]
2021/10/13 02:58:02:474

I can't connect with the passive [192.168.100.113/5000] error_code:10060 !

<<<----  [OUT]
2021/10/13 02:58:04:964

Connecting Started...

<<<----  [OUT]
2021/10/13 02:58:26:008

I can't connect with the passive [192.168.100.113/5000] error_code:10060 !

<<<----  [OUT]
2021/10/13 02:58:28:496

Connecting Started...

<<<----  [OUT]
2021/10/13 02:58:49:529

I can't connect with the passive [192.168.100.113/5000] error_code:10060 !

<<<----  [OUT]
2021/10/13 02:58:52:011

Connecting Started...

<<<----  [OUT]
2021/10/13 02:59:13:037

I can't connect with the passive [192.168.100.113/5000] error_code:10060 !

<<<----  [OUT]
2021/10/13 02:59:15:528

Connecting Started...

<<<----  [OUT]
2021/10/13 02:59:36:569

I can't connect with the passive [192.168.100.113/5000] error_code:10060 !

<<<----  [OUT]
2021/10/13 02:59:39:059

Connecting Started...
