
<<<----  [OUT]
2021/10/13 00:00:20:081

I can't connect with the passive [192.168.100.113/5000] error_code:10060 !

<<<----  [OUT]
2021/10/13 00:00:22:557

Connecting Started...

<<<----  [OUT]
2021/10/13 00:00:43:601

I can't connect with the passive [192.168.100.113/5000] error_code:10060 !

<<<----  [OUT]
2021/10/13 00:00:46:090

Connecting Started...

<<<----  [OUT]
2021/10/13 00:01:07:115

I can't connect with the passive [192.168.100.113/5000] error_code:10060 !

<<<----  [OUT]
2021/10/13 00:01:09:605

Connecting Started...

<<<----  [OUT]
2021/10/13 00:01:30:653

I can't connect with the passive [192.168.100.113/5000] error_code:10060 !

<<<----  [OUT]
2021/10/13 00:01:33:136

Connecting Started...

<<<----  [OUT]
2021/10/13 00:01:54:172

I can't connect with the passive [192.168.100.113/5000] error_code:10060 !

<<<----  [OUT]
2021/10/13 00:01:56:652

Connecting Started...

<<<----  [OUT]
2021/10/13 00:02:17:705

I can't connect with the passive [192.168.100.113/5000] error_code:10060 !

<<<----  [OUT]
2021/10/13 00:02:20:184

Connecting Started...

<<<----  [OUT]
2021/10/13 00:02:41:230

I can't connect with the passive [192.168.100.113/5000] error_code:10060 !

<<<----  [OUT]
2021/10/13 00:02:43:714

Connecting Started...

<<<----  [OUT]
2021/10/13 00:03:04:771

I can't connect with the passive [192.168.100.113/5000] error_code:10060 !

<<<----  [OUT]
2021/10/13 00:03:07:261

Connecting Started...

<<<----  [OUT]
2021/10/13 00:03:28:282

I can't connect with the passive [192.168.100.113/5000] error_code:10060 !

<<<----  [OUT]
2021/10/13 00:03:30:761

Connecting Started...

<<<----  [OUT]
2021/10/13 00:03:51:800

I can't connect with the passive [192.168.100.113/5000] error_code:10060 !

<<<----  [OUT]
2021/10/13 00:03:54:277

Connecting Started...

<<<----  [OUT]
2021/10/13 00:04:15:297

I can't connect with the passive [192.168.100.113/5000] error_code:10060 !

<<<----  [OUT]
2021/10/13 00:04:17:777

Connecting Started...

<<<----  [OUT]
2021/10/13 00:04:38:797

I can't connect with the passive [192.168.100.113/5000] error_code:10060 !

<<<----  [OUT]
2021/10/13 00:04:41:277

Connecting Started...

<<<----  [OUT]
2021/10/13 00:05:02:322

I can't connect with the passive [192.168.100.113/5000] error_code:10060 !

<<<----  [OUT]
2021/10/13 00:05:04:808

Connecting Started...

<<<----  [OUT]
2021/10/13 00:05:25:840

I can't connect with the passive [192.168.100.113/5000] error_code:10060 !

<<<----  [OUT]
2021/10/13 00:05:28:324

Connecting Started...

<<<----  [OUT]
2021/10/13 00:05:49:372

I can't connect with the passive [192.168.100.113/5000] error_code:10060 !

<<<----  [OUT]
2021/10/13 00:05:51:855

Connecting Started...

<<<----  [OUT]
2021/10/13 00:06:12:893

I can't connect with the passive [192.168.100.113/5000] error_code:10060 !

<<<----  [OUT]
2021/10/13 00:06:15:372

Connecting Started...

<<<----  [OUT]
2021/10/13 00:06:36:424

I can't connect with the passive [192.168.100.113/5000] error_code:10060 !

<<<----  [OUT]
2021/10/13 00:06:38:903

Connecting Started...

<<<----  [OUT]
2021/10/13 00:46:04:149

---------------------------------------------------------------------
// FA : Start Log ...


<<<----  [OUT]
2021/10/13 00:46:04:166

//-------------------------------------------------------------
Property Information

   Driver Type [HSMS]
   Driver Mode [ACTIVE]
   IP    [192.168.100.113]
   Port  [5000]
//-------------------------------------------------------------


<<<----  [OUT]
2021/10/13 00:46:04:767

Auto-Start Started ... (Active)

<<<----  [OUT]
2021/10/13 00:46:04:858

Auto-Start Started ...  Waiting Stop-Connection.

<<<----  [OUT]
2021/10/13 00:46:04:858

Auto-Start Started ...  Waiting Open-Socket.

<<<----  [OUT]
2021/10/13 00:46:04:875

Socket Open Started...

<<<----  [OUT]
2021/10/13 00:46:04:875

Socket Open Completed...

<<<----  [OUT]
2021/10/13 00:46:04:875

Connecting Started...

<<<----  [OUT]
2021/10/13 00:46:04:949

Auto-Start Completed ...  (Active)

<<<----  [OUT]
2021/10/13 00:46:25:916

I can't connect with the passive [192.168.100.113/5000] error_code:10060 !

<<<----  [OUT]
2021/10/13 00:46:28:403

Connecting Started...

<<<----  [OUT]
2021/10/13 00:46:49:454

I can't connect with the passive [192.168.100.113/5000] error_code:10060 !

<<<----  [OUT]
2021/10/13 00:46:51:933

Connecting Started...

<<<----  [OUT]
2021/10/13 00:47:12:964

I can't connect with the passive [192.168.100.113/5000] error_code:10060 !

<<<----  [OUT]
2021/10/13 00:47:15:448

Connecting Started...

<<<----  [OUT]
2021/10/13 00:47:36:505

I can't connect with the passive [192.168.100.113/5000] error_code:10060 !

<<<----  [OUT]
2021/10/13 00:47:38:996

Connecting Started...

<<<----  [OUT]
2021/10/13 00:48:00:017

I can't connect with the passive [192.168.100.113/5000] error_code:10060 !

<<<----  [OUT]
2021/10/13 00:48:02:495

Connecting Started...

<<<----  [OUT]
2021/10/13 00:48:23:534

I can't connect with the passive [192.168.100.113/5000] error_code:10060 !

<<<----  [OUT]
2021/10/13 00:48:26:012

Connecting Started...

<<<----  [OUT]
2021/10/13 00:48:47:061

I can't connect with the passive [192.168.100.113/5000] error_code:10060 !

<<<----  [OUT]
2021/10/13 00:48:49:543

Connecting Started...

<<<----  [OUT]
2021/10/13 00:49:10:589

I can't connect with the passive [192.168.100.113/5000] error_code:10060 !

<<<----  [OUT]
2021/10/13 00:49:13:073

Connecting Started...

<<<----  [OUT]
2021/10/13 00:49:34:111

I can't connect with the passive [192.168.100.113/5000] error_code:10060 !

<<<----  [OUT]
2021/10/13 00:49:36:590

Connecting Started...

<<<----  [OUT]
2021/10/13 00:49:57:627

I can't connect with the passive [192.168.100.113/5000] error_code:10060 !

<<<----  [OUT]
2021/10/13 00:50:00:104

Connecting Started...
