
<<<----  [OUT]
2021/10/13 01:06:54:348

---------------------------------------------------------------------
// FA : Start Log ...


<<<----  [OUT]
2021/10/13 01:06:54:365

//-------------------------------------------------------------
Property Information

   Driver Type [HSMS]
   Driver Mode [ACTIVE]
   IP    [192.168.100.113]
   Port  [5000]
//-------------------------------------------------------------


<<<----  [OUT]
2021/10/13 01:06:54:966

Auto-Start Started ... (Active)

<<<----  [OUT]
2021/10/13 01:06:55:057

Auto-Start Started ...  Waiting Stop-Connection.

<<<----  [OUT]
2021/10/13 01:06:55:057

Auto-Start Started ...  Waiting Open-Socket.

<<<----  [OUT]
2021/10/13 01:06:55:075

Socket Open Started...

<<<----  [OUT]
2021/10/13 01:06:55:075

Socket Open Completed...

<<<----  [OUT]
2021/10/13 01:06:55:075

Connecting Started...

<<<----  [OUT]
2021/10/13 01:06:55:148

Auto-Start Completed ...  (Active)

<<<----  [OUT]
2021/10/13 01:07:16:096

I can't connect with the passive [192.168.100.113/5000] error_code:10060 !

<<<----  [OUT]
2021/10/13 01:07:18:574

Connecting Started...

<<<----  [OUT]
2021/10/13 01:07:39:615

I can't connect with the passive [192.168.100.113/5000] error_code:10060 !

<<<----  [OUT]
2021/10/13 01:07:42:105

Connecting Started...

<<<----  [OUT]
2021/10/13 01:08:03:143

I can't connect with the passive [192.168.100.113/5000] error_code:10060 !

<<<----  [OUT]
2021/10/13 01:08:05:621

Connecting Started...

<<<----  [OUT]
2021/10/13 01:08:26:664

I can't connect with the passive [192.168.100.113/5000] error_code:10060 !

<<<----  [OUT]
2021/10/13 01:08:29:152

Connecting Started...

<<<----  [OUT]
2021/10/13 01:08:50:201

I can't connect with the passive [192.168.100.113/5000] error_code:10060 !

<<<----  [OUT]
2021/10/13 01:08:52:683

Connecting Started...

<<<----  [OUT]
2021/10/13 01:09:13:716

I can't connect with the passive [192.168.100.113/5000] error_code:10060 !

<<<----  [OUT]
2021/10/13 01:09:16:200

Connecting Started...

<<<----  [OUT]
2021/10/13 01:09:37:238

I can't connect with the passive [192.168.100.113/5000] error_code:10060 !

<<<----  [OUT]
2021/10/13 01:09:39:714

Connecting Started...

<<<----  [OUT]
2021/10/13 01:10:00:740

I can't connect with the passive [192.168.100.113/5000] error_code:10060 !

<<<----  [OUT]
2021/10/13 01:10:03:230

Connecting Started...

<<<----  [OUT]
2021/10/13 01:10:24:269

I can't connect with the passive [192.168.100.113/5000] error_code:10060 !

<<<----  [OUT]
2021/10/13 01:10:26:746

Connecting Started...

<<<----  [OUT]
2021/10/13 01:10:47:779

I can't connect with the passive [192.168.100.113/5000] error_code:10060 !

<<<----  [OUT]
2021/10/13 01:10:50:261

Connecting Started...

<<<----  [OUT]
2021/10/13 01:11:11:284

I can't connect with the passive [192.168.100.113/5000] error_code:10060 !

<<<----  [OUT]
2021/10/13 01:11:13:761

Connecting Started...

<<<----  [OUT]
2021/10/13 01:11:34:770

I can't connect with the passive [192.168.100.113/5000] error_code:10060 !

<<<----  [OUT]
2021/10/13 01:11:37:261

Connecting Started...

<<<----  [OUT]
2021/10/13 01:11:58:295

I can't connect with the passive [192.168.100.113/5000] error_code:10060 !

<<<----  [OUT]
2021/10/13 01:12:00:777

Connecting Started...

<<<----  [OUT]
2021/10/13 01:12:21:818

I can't connect with the passive [192.168.100.113/5000] error_code:10060 !

<<<----  [OUT]
2021/10/13 01:12:24:308

Connecting Started...

<<<----  [OUT]
2021/10/13 01:12:45:347

I can't connect with the passive [192.168.100.113/5000] error_code:10060 !

<<<----  [OUT]
2021/10/13 01:12:47:824

Connecting Started...

<<<----  [OUT]
2021/10/13 01:13:08:859

I can't connect with the passive [192.168.100.113/5000] error_code:10060 !

<<<----  [OUT]
2021/10/13 01:13:11:340

Connecting Started...

<<<----  [OUT]
2021/10/13 01:13:32:388

I can't connect with the passive [192.168.100.113/5000] error_code:10060 !

<<<----  [OUT]
2021/10/13 01:13:34:870

Connecting Started...

<<<----  [OUT]
2021/10/13 01:13:55:914

I can't connect with the passive [192.168.100.113/5000] error_code:10060 !

<<<----  [OUT]
2021/10/13 01:13:58:402

Connecting Started...

<<<----  [OUT]
2021/10/13 01:14:19:451

I can't connect with the passive [192.168.100.113/5000] error_code:10060 !

<<<----  [OUT]
2021/10/13 01:14:21:933

Connecting Started...

<<<----  [OUT]
2021/10/13 01:14:42:988

I can't connect with the passive [192.168.100.113/5000] error_code:10060 !

<<<----  [OUT]
2021/10/13 01:14:45:465

Connecting Started...

<<<----  [OUT]
2021/10/13 01:15:06:507

I can't connect with the passive [192.168.100.113/5000] error_code:10060 !

<<<----  [OUT]
2021/10/13 01:15:08:996

Connecting Started...

<<<----  [OUT]
2021/10/13 01:29:50:276

---------------------------------------------------------------------
// FA : Start Log ...


<<<----  [OUT]
2021/10/13 01:29:50:294

//-------------------------------------------------------------
Property Information

   Driver Type [HSMS]
   Driver Mode [ACTIVE]
   IP    [192.168.100.113]
   Port  [5000]
//-------------------------------------------------------------


<<<----  [OUT]
2021/10/13 01:29:50:896

Auto-Start Started ... (Active)

<<<----  [OUT]
2021/10/13 01:29:50:987

Auto-Start Started ...  Waiting Stop-Connection.

<<<----  [OUT]
2021/10/13 01:29:50:987

Auto-Start Started ...  Waiting Open-Socket.

<<<----  [OUT]
2021/10/13 01:29:51:002

Socket Open Started...

<<<----  [OUT]
2021/10/13 01:29:51:002

Socket Open Completed...

<<<----  [OUT]
2021/10/13 01:29:51:002

Connecting Started...

<<<----  [OUT]
2021/10/13 01:29:51:078

Auto-Start Completed ...  (Active)

<<<----  [OUT]
2021/10/13 01:30:12:047

I can't connect with the passive [192.168.100.113/5000] error_code:10060 !

<<<----  [OUT]
2021/10/13 01:30:14:528

Connecting Started...

<<<----  [OUT]
2021/10/13 01:30:35:568

I can't connect with the passive [192.168.100.113/5000] error_code:10060 !

<<<----  [OUT]
2021/10/13 01:30:38:059

Connecting Started...

<<<----  [OUT]
2021/10/13 01:30:59:092

I can't connect with the passive [192.168.100.113/5000] error_code:10060 !

<<<----  [OUT]
2021/10/13 01:31:01:573

Connecting Started...

<<<----  [OUT]
2021/10/13 01:31:22:616

I can't connect with the passive [192.168.100.113/5000] error_code:10060 !

<<<----  [OUT]
2021/10/13 01:31:25:105

Connecting Started...

<<<----  [OUT]
2021/10/13 01:31:46:150

I can't connect with the passive [192.168.100.113/5000] error_code:10060 !

<<<----  [OUT]
2021/10/13 01:31:48:636

Connecting Started...

<<<----  [OUT]
2021/10/13 01:32:09:660

I can't connect with the passive [192.168.100.113/5000] error_code:10060 !

<<<----  [OUT]
2021/10/13 01:32:12:137

Connecting Started...

<<<----  [OUT]
2021/10/13 01:32:33:195

I can't connect with the passive [192.168.100.113/5000] error_code:10060 !

<<<----  [OUT]
2021/10/13 01:32:35:683

Connecting Started...

<<<----  [OUT]
2021/10/13 01:32:56:728

I can't connect with the passive [192.168.100.113/5000] error_code:10060 !

<<<----  [OUT]
2021/10/13 01:32:59:214

Connecting Started...

<<<----  [OUT]
2021/10/13 01:33:20:254

I can't connect with the passive [192.168.100.113/5000] error_code:10060 !

<<<----  [OUT]
2021/10/13 01:33:22:730

Connecting Started...

<<<----  [OUT]
2021/10/13 01:33:43:779

I can't connect with the passive [192.168.100.113/5000] error_code:10060 !

<<<----  [OUT]
2021/10/13 01:33:46:262

Connecting Started...

<<<----  [OUT]
2021/10/13 01:34:07:300

I can't connect with the passive [192.168.100.113/5000] error_code:10060 !

<<<----  [OUT]
2021/10/13 01:34:09:776

Connecting Started...

<<<----  [OUT]
2021/10/13 01:34:30:829

I can't connect with the passive [192.168.100.113/5000] error_code:10060 !

<<<----  [OUT]
2021/10/13 01:34:33:309

Connecting Started...

<<<----  [OUT]
2021/10/13 01:34:54:352

I can't connect with the passive [192.168.100.113/5000] error_code:10060 !

<<<----  [OUT]
2021/10/13 01:34:56:839

Connecting Started...

<<<----  [OUT]
2021/10/13 01:35:17:868

I can't connect with the passive [192.168.100.113/5000] error_code:10060 !

<<<----  [OUT]
2021/10/13 01:35:20:355

Connecting Started...

<<<----  [OUT]
2021/10/13 01:35:41:406

I can't connect with the passive [192.168.100.113/5000] error_code:10060 !

<<<----  [OUT]
2021/10/13 01:35:43:887

Connecting Started...

<<<----  [OUT]
2021/10/13 01:36:04:932

I can't connect with the passive [192.168.100.113/5000] error_code:10060 !

<<<----  [OUT]
2021/10/13 01:36:07:418

Connecting Started...

<<<----  [OUT]
2021/10/13 01:36:28:450

I can't connect with the passive [192.168.100.113/5000] error_code:10060 !

<<<----  [OUT]
2021/10/13 01:36:30:933

Connecting Started...

<<<----  [OUT]
2021/10/13 01:36:51:979

I can't connect with the passive [192.168.100.113/5000] error_code:10060 !

<<<----  [OUT]
2021/10/13 01:36:54:464

Connecting Started...

<<<----  [OUT]
2021/10/13 01:37:15:496

I can't connect with the passive [192.168.100.113/5000] error_code:10060 !

<<<----  [OUT]
2021/10/13 01:37:17:980

Connecting Started...

<<<----  [OUT]
2021/10/13 01:43:31:247

---------------------------------------------------------------------
// FA : Start Log ...


<<<----  [OUT]
2021/10/13 01:43:31:261

//-------------------------------------------------------------
Property Information

   Driver Type [HSMS]
   Driver Mode [ACTIVE]
   IP    [192.168.100.113]
   Port  [5000]
//-------------------------------------------------------------


<<<----  [OUT]
2021/10/13 01:43:31:864

Auto-Start Started ... (Active)

<<<----  [OUT]
2021/10/13 01:43:31:954

Auto-Start Started ...  Waiting Stop-Connection.

<<<----  [OUT]
2021/10/13 01:43:31:954

Auto-Start Started ...  Waiting Open-Socket.

<<<----  [OUT]
2021/10/13 01:43:31:973

Socket Open Started...

<<<----  [OUT]
2021/10/13 01:43:31:973

Socket Open Completed...

<<<----  [OUT]
2021/10/13 01:43:31:973

Connecting Started...

<<<----  [OUT]
2021/10/13 01:43:32:045

Auto-Start Completed ...  (Active)

<<<----  [OUT]
2021/10/13 01:43:53:009

I can't connect with the passive [192.168.100.113/5000] error_code:10060 !

<<<----  [OUT]
2021/10/13 01:43:55:496

Connecting Started...

<<<----  [OUT]
2021/10/13 01:44:16:537

I can't connect with the passive [192.168.100.113/5000] error_code:10060 !

<<<----  [OUT]
2021/10/13 01:44:19:026

Connecting Started...

<<<----  [OUT]
2021/10/13 01:44:40:059

I can't connect with the passive [192.168.100.113/5000] error_code:10060 !

<<<----  [OUT]
2021/10/13 01:44:42:544

Connecting Started...

<<<----  [OUT]
2021/10/13 01:45:03:578

I can't connect with the passive [192.168.100.113/5000] error_code:10060 !

<<<----  [OUT]
2021/10/13 01:45:06:058

Connecting Started...

<<<----  [OUT]
2021/10/13 01:45:27:107

I can't connect with the passive [192.168.100.113/5000] error_code:10060 !

<<<----  [OUT]
2021/10/13 01:45:29:590

Connecting Started...

<<<----  [OUT]
2021/10/13 01:45:50:632

I can't connect with the passive [192.168.100.113/5000] error_code:10060 !

<<<----  [OUT]
2021/10/13 01:45:53:120

Connecting Started...

<<<----  [OUT]
2021/10/13 01:46:14:151

I can't connect with the passive [192.168.100.113/5000] error_code:10060 !

<<<----  [OUT]
2021/10/13 01:46:16:636

Connecting Started...

<<<----  [OUT]
2021/10/13 01:46:37:673

I can't connect with the passive [192.168.100.113/5000] error_code:10060 !

<<<----  [OUT]
2021/10/13 01:46:40:152

Connecting Started...

<<<----  [OUT]
2021/10/13 01:47:01:198

I can't connect with the passive [192.168.100.113/5000] error_code:10060 !

<<<----  [OUT]
2021/10/13 01:47:03:683

Connecting Started...

<<<----  [OUT]
2021/10/13 01:47:24:718

I can't connect with the passive [192.168.100.113/5000] error_code:10060 !

<<<----  [OUT]
2021/10/13 01:47:27:199

Connecting Started...

<<<----  [OUT]
2021/10/13 01:47:48:238

I can't connect with the passive [192.168.100.113/5000] error_code:10060 !

<<<----  [OUT]
2021/10/13 01:47:50:715

Connecting Started...

<<<----  [OUT]
2021/10/13 01:48:11:754

I can't connect with the passive [192.168.100.113/5000] error_code:10060 !

<<<----  [OUT]
2021/10/13 01:48:14:229

Connecting Started...

<<<----  [OUT]
2021/10/13 01:48:35:269

I can't connect with the passive [192.168.100.113/5000] error_code:10060 !

<<<----  [OUT]
2021/10/13 01:48:37:746

Connecting Started...
