00)   IO+di.Alm_PM1.Wafer.Protrude.Error
01)   IO+di.Alm_PM2.Wafer.Protrude.Error
02)   IO+di.Alm_PM3.Wafer.Protrude.Error
03)   IO+di.Alm_PM4.Wafer.Protrude.Error
04)   IO+di.Alm_PM5.Wafer.Protrude.Error
05)   IO+di.Alm_PM6.Wafer.Protrude.Error
06)   IO+di.Alm_TM.Vent.Error
07)   IO+di.Alm_LL1.Roughing.Error
08)   IO+di.Alm_LL2.Roughing.Error
09)   IO+di.Alm_LL3_4.Roughing.Error
10)   IO+di.Alm_TM.Roughing.Error
11)   IO+di.Alm_LL1.Vent_Rough.Vlv.Open.Error
12)   IO+di.Alm_LL2.Vent_Rough.VlV.Open.Error
13)   IO+di.Alm_LL3_4.Vent_Rough.VlV.Open.Error
14)   IO+di.Alm_TM.Vent_Rough.Vlv.Open.Error
15)   IO+di.Alm_LL1.Dry_Pump.Error
16)   IO+di.Alm_LL2.Dry_Pump.Error
17)   IO+di.Alm_LL3_4.Dry_Pump.Error
18)   IO+di.Alm_TM.Dry_Pump.Error
19)   IO+di.Alm_TM.Lid_Open.Error
20)   IO+di.Alm_TM.Water_Leak.Error
21)   IO+di.Alm_NotUse.21
22)   IO+di.Alm_NotUse.22
23)   IO+di.Alm_Interlock.Disable.Error
24)   IO+di.Alm_PM1.Water_Leak.Error
25)   IO+di.Alm_PM2.Water_Leak.Error
26)   IO+di.Alm_PM3.Water_Leak.Error
27)   IO+di.Alm_PM4.Water_Leak.Error
28)   IO+di.Alm_PM5.Water_Leak.Error
29)   IO+di.Alm_PM6.Water_Leak.Error
30)   IO+di.Alm_LL.Left_Lid.Open.Error
31)   IO+di.Alm_LL.Right_Lid.Open.Error
