00)   IO+di.LBA.DV.OPEN
01)   IO+di.LBA.DV.CLOSE
02)   IO+di.LBB.DV.OPEN
03)   IO+di.LBB.DV.CLOSE
04)   IO+di.LBC.DV.OPEN
05)   IO+di.LBC.DV.CLOSE
06)   IO+di.LBD.DV.OPEN
07)   IO+di.LBD.DV.CLOSE
08)   IO+di.LBA.SV.OPEN
09)   IO+di.LBA.SV.CLOSE
10)   IO+di.LBB.SV.OPEN
11)   IO+di.LBB.SV.CLOSE
12)   IO+di.LBC.SV.OPEN
13)   IO+di.LBC.SV.CLOSE
14)   IO+di.LBD.SV.OPEN
15)   IO+di.LBD.SV.CLOSE
16)   IO+di.PM1.SV.OPEN
17)   IO+di.PM1.SV.CLOSE
18)   IO+di.PM2.SV.OPEN
19)   IO+di.PM2.SV.CLOSE
20)   IO+di.PM3.SV.OPEN
21)   IO+di.PM3.SV.CLOSE
22)   IO+di.PM4.SV.OPEN
23)   IO+di.PM4.SV.CLOSE
24)   IO+di.PM5.SV.OPEN
25)   IO+di.PM5.SV.CLOSE
26)   IO+di.PM6.SV.OPEN
27)   IO+di.PM6.SV.CLOSE
28)   IO+di.LBA.LIFT_PIN.UP.SNS
29)   IO+di.LBA.LIFT_PIN.DOWN.SNS
30)   IO+di.LBB.LIFT_PIN.UP.SNS
31)   IO+di.LBB.LIFT_PIN.DOWN.SNS
