00)   IO+di.PM4.Wafer.Protrusion.2.OK
01)   IO+di.PM4.Wafer.Protrusion.3.OK
02)   IO+di.PM5.Wafer.Protrusion.1.OK
03)   IO+di.PM5.Wafer.Protrusion.2.OK
04)   IO+di.PM5.Wafer.Protrusion.3.OK
05)   IO+di.PM6.Wafer.Protrusion.1.OK
06)   IO+di.PM6.Wafer.Protrusion.2.OK
07)   IO+di.PM6.Wafer.Protrusion.3.OK
08)   IO+di.LL1.Dry_Pump.Running
09)   IO+di.LL1.Dry_Pump.Blower.Running
10)   IO+di.LL1.Dry_Pump.Warning.Normal
11)   IO+di.LL1.Dry_Pump.Alarm.Normal
12)   IO+di.LL1.Pump.Operation.Ready
13)   IO+di.LL2.Dry_Pump.Running
14)   IO+di.LL2.Dry_Pump.Blower.Running
15)   IO+di.LL2.Dry_Pump.Warning.Normal
16)   IO+di.LL2.Dry_Pump.Alarm.Normal
17)   IO+di.LL2.Pump.Operation.Ready
18)   IO+di.LL3_4.Dry_Pump.Running
19)   IO+di.LL3_4.Dry_Pump.Blower.Running
20)   IO+di.LL3_4.Dry_Pump.Warning.Normal
21)   IO+di.LL3_4.Dry_Pump.Alarm.Normal
22)   IO+di.LL3_4.Pump.Operation.Ready
23)   IO+di.TMC.Dry_Pump.Running
24)   IO+di.TMC.Dry_Pump.Blower.Running
25)   IO+di.TMC.Dry_Pump.Warning.Normal
26)   IO+di.TMC.Dry_Pump.Alarm.Normal
27)   IO+di.TMC.Pump Operation,Ready
28)   IO+di.TMC.Chamber.Lid.Close
29)   IO+di.LL3.Chamber.Lid.Close
30)   IO+di.LL4.Chamber.Lid.Close
31)   IO+di.EFEM.FFU.Alarm.Active
