00)   IO+di.Alm_LL1.Door.Open.Error
01)   IO+di.Alm_LL2.Door.Open.Error
02)   IO+di.Alm_LL3.Door.Open.Error
03)   IO+di.Alm_LL4.Door.Open.Error
04)   IO+di.Alm_LL1.Slot.Vlv.Open.Error
05)   IO+di.Alm_LL2.Slot.Vlv.Open.Error
06)   IO+di.Alm_LL3.Slot.Vlv.Open.Error
07)   IO+di.Alm_LL4.Slot.Vlv.Open.Error
08)   IO+di.Alm_PM1.Slot.VlV.Open.Error
09)   IO+di.Alm_PM2.Slot.VlV.Open.Error
10)   IO+di.Alm_PM3.Slot.VlV.Open.Error
11)   IO+di.Alm_PM4.Slot.VlV.Open.Error
12)   IO+di.Alm_PM5.Slot.VlV.Open.Error
13)   IO+di.Alm_PM6.Slot.VlV.Open.Error
14)   IO+di.Alm_LL1.Door.Close.Error
15)   IO+di.Alm_LL2.Door.Close.Error
16)   IO+di.Alm_LL3.Door.Close.Error
17)   IO+di.Alm_LL4.Door.Close.Error
18)   IO+di.Alm_LL1.Slot.VlV.Close.Error
19)   IO+di.Alm_LL2.Slot.VlV.Close.Error
20)   IO+di.Alm_LL3.Slot.VlV.Close.Error
21)   IO+di.Alm_LL4.Slot.VlV.Close.Error
22)   IO+di.Alm_PM1.Slot.VlV.Close.Error
23)   IO+di.Alm_PM2.Slot.VlV.Close.Error
24)   IO+di.Alm_PM3.Slot.VlV.Close.Error
25)   IO+di.Alm_PM4.Slot.VlV.Close.Error
26)   IO+di.Alm_PM5.Slot.VlV.Close.Error
27)   IO+di.Alm_PM6.Slot.VlV.Close.Error
28)   IO+di.Alm_LL1.Wafer.Protrude.Error
29)   IO+di.Alm_LL2.Wafer.Protrude.Error
30)   IO+di.Alm_LL3.Wafer.Protrude.Error
31)   IO+di.Alm_LL4.Wafer.Protrude.Error
