00)   IO+do.LBC.SOFT.PUMP.VLV
01)   IO+do.LBC.FAST.PUMP.VLV
02)   IO+do.LBD.SOFT.PUMP.VLV
03)   IO+do.LBD.FAST.PUMP.VLV
04)   IO+do.CHM1.SOFT.PUMP.VLV
05)   IO+do.CHM1.FAST.PUMP.VLV
06)   IO+do.LBA.SOFT.VENT.VLV
07)   IO+do.LBA.FAST.VENT.VLV
08)   IO+do.LBB.SOFT.VENT.VLV
09)   IO+do.LBB.FAST.VENT.VLV
10)   IO+do.LBC.SOFT.VENT.VLV
11)   IO+do.LBC.FAST.VENT.VLV
12)   IO+do.LBD.SOFT.VENT.VLV
13)   IO+do.LBD.FAST.VENT.VLV
14)   IO+do.CHM1.SOFT.VENT.VLV
15)   IO+do.CHM1.FAST.VENT.VLV
16)   IO+do.LBA.MFC1.OUT.VLV
17)   IO+do.LBA.MFC1.IN.VLV
18)   IO+do.LBB.MFC1.OUT.VLV
19)   IO+do.LBB.MFC1.IN.VLV
20)   IO+do.Node2.Spare.20
21)   IO+do.Node2.Spare.21
22)   IO+do.LBA.Gauge.Valve
23)   IO+do.LBB.Gauge.Valve
24)   IO+do.CHM1.Gauge.Valve
25)   IO+do.LBA.EQUAL.ATM.VLV
26)   IO+do.LBB.EQUAL.ATM.VLV
27)   IO+do.LBC.EQUAL.ATM.VLV
28)   IO+do.LBD.EQUAL.ATM.VLV
29)   IO+do.CHM1.BALLAST.VLV
30)   IO+do.PM1_2.DI.WATER.VLV
31)   IO+do.PM3_4.DI.WATER.VLV
