
<<<----  [OUT]
2020/10/21 17:46:21:994

---------------------------------------------------------------------
// FA : Start Log ...


<<<----  [OUT]
2020/10/21 17:46:21:998

//-------------------------------------------------------------
Property Information

   Driver Type [HSMS]
   Driver Mode [ACTIVE]
   IP    [192.168.100.113]
   Port  [5000]
//-------------------------------------------------------------


<<<----  [OUT]
2020/10/21 17:46:22:600

Auto-Start Started ... (Active)

<<<----  [OUT]
2020/10/21 17:46:22:690

Auto-Start Started ...  Waiting Stop-Connection.

<<<----  [OUT]
2020/10/21 17:46:22:690

Auto-Start Started ...  Waiting Open-Socket.

<<<----  [OUT]
2020/10/21 17:46:22:721

Socket Open Started...

<<<----  [OUT]
2020/10/21 17:46:22:721

Socket Open Completed...

<<<----  [OUT]
2020/10/21 17:46:22:721

Connecting Started...

<<<----  [OUT]
2020/10/21 17:46:22:781

Auto-Start Completed ...  (Active)

<<<----  [OUT]
2020/10/21 17:46:24:767

I can't connect with the passive [192.168.100.113/5000] error_code:10061 !

<<<----  [OUT]
2020/10/21 17:46:27:246

Connecting Started...

<<<----  [OUT]
2020/10/21 17:46:29:292

I can't connect with the passive [192.168.100.113/5000] error_code:10061 !

<<<----  [OUT]
2020/10/21 17:46:31:776

Connecting Started...

<<<----  [OUT]
2020/10/21 17:46:33:819

I can't connect with the passive [192.168.100.113/5000] error_code:10061 !

<<<----  [OUT]
2020/10/21 17:46:36:308

Connecting Started...

<<<----  [OUT]
2020/10/21 17:46:38:356

I can't connect with the passive [192.168.100.113/5000] error_code:10061 !

<<<----  [OUT]
2020/10/21 17:46:40:840

Connecting Started...

<<<----  [OUT]
2020/10/21 17:46:42:872

I can't connect with the passive [192.168.100.113/5000] error_code:10061 !

<<<----  [OUT]
2020/10/21 17:46:45:354

Connecting Started...

<<<----  [OUT]
2020/10/21 17:46:47:385

I can't connect with the passive [192.168.100.113/5000] error_code:10061 !

<<<----  [OUT]
2020/10/21 17:46:49:871

Connecting Started...

<<<----  [OUT]
2020/10/21 17:46:51:910

I can't connect with the passive [192.168.100.113/5000] error_code:10061 !

<<<----  [OUT]
2020/10/21 17:46:54:401

Connecting Started...

<<<----  [OUT]
2020/10/21 17:46:56:430

I can't connect with the passive [192.168.100.113/5000] error_code:10061 !

<<<----  [OUT]
2020/10/21 17:46:58:918

Connecting Started...

<<<----  [OUT]
2020/10/21 17:47:00:961

I can't connect with the passive [192.168.100.113/5000] error_code:10061 !

<<<----  [OUT]
2020/10/21 17:47:03:448

Connecting Started...

<<<----  [OUT]
2020/10/21 17:47:05:491

I can't connect with the passive [192.168.100.113/5000] error_code:10061 !

<<<----  [OUT]
2020/10/21 17:47:07:980

Connecting Started...

<<<----  [OUT]
2020/10/21 17:47:10:026

I can't connect with the passive [192.168.100.113/5000] error_code:10061 !

<<<----  [OUT]
2020/10/21 17:47:12:511

Connecting Started...

<<<----  [OUT]
2020/10/21 17:47:14:565

I can't connect with the passive [192.168.100.113/5000] error_code:10061 !

<<<----  [OUT]
2020/10/21 17:47:17:043

Connecting Started...

<<<----  [OUT]
2020/10/21 17:47:19:085

I can't connect with the passive [192.168.100.113/5000] error_code:10061 !

<<<----  [OUT]
2020/10/21 17:47:21:574

Connecting Started...

<<<----  [OUT]
2020/10/21 17:47:23:619

I can't connect with the passive [192.168.100.113/5000] error_code:10061 !

<<<----  [OUT]
2020/10/21 17:47:26:104

Connecting Started...

<<<----  [OUT]
2020/10/21 17:47:28:154

I can't connect with the passive [192.168.100.113/5000] error_code:10061 !

<<<----  [OUT]
2020/10/21 17:47:30:636

Connecting Started...

<<<----  [OUT]
2020/10/21 17:47:32:671

I can't connect with the passive [192.168.100.113/5000] error_code:10061 !

<<<----  [OUT]
2020/10/21 17:47:35:152

Connecting Started...

<<<----  [OUT]
2020/10/21 17:47:37:192

I can't connect with the passive [192.168.100.113/5000] error_code:10061 !

<<<----  [OUT]
2020/10/21 17:47:39:682

Connecting Started...

<<<----  [OUT]
2020/10/21 17:47:41:727

I can't connect with the passive [192.168.100.113/5000] error_code:10061 !

<<<----  [OUT]
2020/10/21 17:47:44:213

Connecting Started...

<<<----  [OUT]
2020/10/21 17:47:46:271

I can't connect with the passive [192.168.100.113/5000] error_code:10061 !

<<<----  [OUT]
2020/10/21 17:47:48:760

Connecting Started...

<<<----  [OUT]
2020/10/21 17:47:50:790

I can't connect with the passive [192.168.100.113/5000] error_code:10061 !

<<<----  [OUT]
2020/10/21 17:47:53:277

Connecting Started...

<<<----  [OUT]
2020/10/21 17:47:55:325

I can't connect with the passive [192.168.100.113/5000] error_code:10061 !

<<<----  [OUT]
2020/10/21 17:47:57:808

Connecting Started...

<<<----  [OUT]
2020/10/21 17:47:59:853

I can't connect with the passive [192.168.100.113/5000] error_code:10061 !

<<<----  [OUT]
2020/10/21 17:48:02:339

Connecting Started...

<<<----  [OUT]
2020/10/21 17:48:04:390

I can't connect with the passive [192.168.100.113/5000] error_code:10061 !

<<<----  [OUT]
2020/10/21 17:48:06:870

Connecting Started...

<<<----  [OUT]
2020/10/21 17:48:08:921

I can't connect with the passive [192.168.100.113/5000] error_code:10061 !

<<<----  [OUT]
2020/10/21 17:48:11:402

Connecting Started...

<<<----  [OUT]
2020/10/21 17:48:13:425

I can't connect with the passive [192.168.100.113/5000] error_code:10061 !

<<<----  [OUT]
2020/10/21 17:48:15:901

Connecting Started...

<<<----  [OUT]
2020/10/21 17:48:17:954

I can't connect with the passive [192.168.100.113/5000] error_code:10061 !

<<<----  [OUT]
2020/10/21 17:48:20:433

Connecting Started...

<<<----  [OUT]
2020/10/21 17:48:22:465

I can't connect with the passive [192.168.100.113/5000] error_code:10061 !

<<<----  [OUT]
2020/10/21 17:48:24:948

Connecting Started...

<<<----  [OUT]
2020/10/21 17:48:26:987

I can't connect with the passive [192.168.100.113/5000] error_code:10061 !

<<<----  [OUT]
2020/10/21 17:48:29:463

Connecting Started...

<<<----  [OUT]
2020/10/21 17:48:31:517

I can't connect with the passive [192.168.100.113/5000] error_code:10061 !

<<<----  [OUT]
2020/10/21 17:48:33:995

Connecting Started...

<<<----  [OUT]
2020/10/21 17:48:36:043

I can't connect with the passive [192.168.100.113/5000] error_code:10061 !

<<<----  [OUT]
2020/10/21 17:48:38:527

Connecting Started...

<<<----  [OUT]
2020/10/21 17:48:40:571

I can't connect with the passive [192.168.100.113/5000] error_code:10061 !

<<<----  [OUT]
2020/10/21 17:48:43:059

Connecting Started...

<<<----  [OUT]
2020/10/21 17:48:45:096

I can't connect with the passive [192.168.100.113/5000] error_code:10061 !

<<<----  [OUT]
2020/10/21 17:48:47:574

Connecting Started...

<<<----  [OUT]
2020/10/21 17:48:49:621

I can't connect with the passive [192.168.100.113/5000] error_code:10061 !

<<<----  [OUT]
2020/10/21 17:48:52:105

Connecting Started...

<<<----  [OUT]
2020/10/21 17:48:54:148

I can't connect with the passive [192.168.100.113/5000] error_code:10061 !

<<<----  [OUT]
2020/10/21 17:48:56:636

Connecting Started...

<<<----  [OUT]
2020/10/21 17:48:58:685

I can't connect with the passive [192.168.100.113/5000] error_code:10061 !

<<<----  [OUT]
2020/10/21 17:49:01:166

Connecting Started...

<<<----  [OUT]
2020/10/21 17:49:03:212

I can't connect with the passive [192.168.100.113/5000] error_code:10061 !

<<<----  [OUT]
2020/10/21 17:49:05:699

Connecting Started...

<<<----  [OUT]
2020/10/21 17:49:07:752

I can't connect with the passive [192.168.100.113/5000] error_code:10061 !

<<<----  [OUT]
2020/10/21 17:49:10:229

Connecting Started...

<<<----  [OUT]
2020/10/21 17:49:12:270

I can't connect with the passive [192.168.100.113/5000] error_code:10061 !

<<<----  [OUT]
2020/10/21 17:49:14:761

Connecting Started...

<<<----  [OUT]
2020/10/21 17:49:16:805

I can't connect with the passive [192.168.100.113/5000] error_code:10061 !

<<<----  [OUT]
2020/10/21 17:49:19:293

Connecting Started...

<<<----  [OUT]
2020/10/21 17:49:21:315

I can't connect with the passive [192.168.100.113/5000] error_code:10061 !

<<<----  [OUT]
2020/10/21 17:49:23:793

Connecting Started...

<<<----  [OUT]
2020/10/21 17:49:25:833

I can't connect with the passive [192.168.100.113/5000] error_code:10061 !

<<<----  [OUT]
2020/10/21 17:49:28:323

Connecting Started...

<<<----  [OUT]
2020/10/21 17:49:30:356

I can't connect with the passive [192.168.100.113/5000] error_code:10061 !

<<<----  [OUT]
2020/10/21 17:49:32:840

Connecting Started...

<<<----  [OUT]
2020/10/21 17:49:34:883

I can't connect with the passive [192.168.100.113/5000] error_code:10061 !

<<<----  [OUT]
2020/10/21 17:49:37:369

Connecting Started...

<<<----  [OUT]
2020/10/21 17:49:39:403

I can't connect with the passive [192.168.100.113/5000] error_code:10061 !

<<<----  [OUT]
2020/10/21 17:49:41:885

Connecting Started...

<<<----  [OUT]
2020/10/21 17:49:43:938

I can't connect with the passive [192.168.100.113/5000] error_code:10061 !

<<<----  [OUT]
2020/10/21 17:49:46:417

Connecting Started...

<<<----  [OUT]
2020/10/21 17:49:48:461

I can't connect with the passive [192.168.100.113/5000] error_code:10061 !

<<<----  [OUT]
2020/10/21 17:49:50:949

Connecting Started...

<<<----  [OUT]
2020/10/21 17:49:53:000

I can't connect with the passive [192.168.100.113/5000] error_code:10061 !

<<<----  [OUT]
2020/10/21 17:49:55:480

Connecting Started...

<<<----  [OUT]
2020/10/21 17:49:57:498

I can't connect with the passive [192.168.100.113/5000] error_code:10061 !

<<<----  [OUT]
2020/10/21 17:49:59:980

Connecting Started...

<<<----  [OUT]
2020/10/21 17:50:02:023

I can't connect with the passive [192.168.100.113/5000] error_code:10061 !

<<<----  [OUT]
2020/10/21 17:50:04:511

Connecting Started...

<<<----  [OUT]
2020/10/21 17:50:06:550

I can't connect with the passive [192.168.100.113/5000] error_code:10061 !

<<<----  [OUT]
2020/10/21 17:50:09:027

Connecting Started...

<<<----  [OUT]
2020/10/21 17:50:11:071

I can't connect with the passive [192.168.100.113/5000] error_code:10061 !

<<<----  [OUT]
2020/10/21 17:50:13:559

Connecting Started...

<<<----  [OUT]
2020/10/21 17:50:15:603

I can't connect with the passive [192.168.100.113/5000] error_code:10061 !

<<<----  [OUT]
2020/10/21 17:50:18:089

Connecting Started...

<<<----  [OUT]
2020/10/21 17:50:20:119

I can't connect with the passive [192.168.100.113/5000] error_code:10061 !

<<<----  [OUT]
2020/10/21 17:50:22:605

Connecting Started...

<<<----  [OUT]
2020/10/21 17:50:24:657

I can't connect with the passive [192.168.100.113/5000] error_code:10061 !

<<<----  [OUT]
2020/10/21 17:50:27:136

Connecting Started...

<<<----  [OUT]
2020/10/21 17:50:29:180

I can't connect with the passive [192.168.100.113/5000] error_code:10061 !

<<<----  [OUT]
2020/10/21 17:50:31:667

Connecting Started...

<<<----  [OUT]
2020/10/21 17:50:33:721

I can't connect with the passive [192.168.100.113/5000] error_code:10061 !

<<<----  [OUT]
2020/10/21 17:50:36:199

Connecting Started...

<<<----  [OUT]
2020/10/21 17:50:38:251

I can't connect with the passive [192.168.100.113/5000] error_code:10061 !

<<<----  [OUT]
2020/10/21 17:50:40:730

Connecting Started...

<<<----  [OUT]
2020/10/21 17:50:42:775

I can't connect with the passive [192.168.100.113/5000] error_code:10061 !

<<<----  [OUT]
2020/10/21 17:50:45:261

Connecting Started...

<<<----  [OUT]
2020/10/21 17:50:47:298

I can't connect with the passive [192.168.100.113/5000] error_code:10061 !

<<<----  [OUT]
2020/10/21 17:50:49:777

Connecting Started...

<<<----  [OUT]
2020/10/21 17:50:51:826

I can't connect with the passive [192.168.100.113/5000] error_code:10061 !

<<<----  [OUT]
2020/10/21 17:50:54:309

Connecting Started...

<<<----  [OUT]
2020/10/21 17:50:56:357

I can't connect with the passive [192.168.100.113/5000] error_code:10061 !

<<<----  [OUT]
2020/10/21 17:50:58:839

Connecting Started...

<<<----  [OUT]
2020/10/21 17:51:00:887

I can't connect with the passive [192.168.100.113/5000] error_code:10061 !

<<<----  [OUT]
2020/10/21 17:51:03:369

Connecting Started...

<<<----  [OUT]
2020/10/21 17:51:05:407

I can't connect with the passive [192.168.100.113/5000] error_code:10061 !

<<<----  [OUT]
2020/10/21 17:51:07:885

Connecting Started...

<<<----  [OUT]
2020/10/21 17:51:09:916

I can't connect with the passive [192.168.100.113/5000] error_code:10061 !

<<<----  [OUT]
2020/10/21 17:51:12:402

Connecting Started...

<<<----  [OUT]
2020/10/21 17:51:14:454

I can't connect with the passive [192.168.100.113/5000] error_code:10061 !

<<<----  [OUT]
2020/10/21 17:51:16:932

Connecting Started...

<<<----  [OUT]
2020/10/21 17:51:18:972

I can't connect with the passive [192.168.100.113/5000] error_code:10061 !

<<<----  [OUT]
2020/10/21 17:51:21:448

Connecting Started...

<<<----  [OUT]
2020/10/21 17:51:23:491

I can't connect with the passive [192.168.100.113/5000] error_code:10061 !

<<<----  [OUT]
2020/10/21 17:51:25:979

Connecting Started...

<<<----  [OUT]
2020/10/21 17:51:28:016

I can't connect with the passive [192.168.100.113/5000] error_code:10061 !

<<<----  [OUT]
2020/10/21 17:51:30:496

Connecting Started...

<<<----  [OUT]
2020/10/21 17:51:32:542

I can't connect with the passive [192.168.100.113/5000] error_code:10061 !

<<<----  [OUT]
2020/10/21 17:51:35:027

Connecting Started...

<<<----  [OUT]
2020/10/21 17:51:37:085

I can't connect with the passive [192.168.100.113/5000] error_code:10061 !

<<<----  [OUT]
2020/10/21 17:51:39:573

Connecting Started...

<<<----  [OUT]
2020/10/21 17:51:41:610

I can't connect with the passive [192.168.100.113/5000] error_code:10061 !

<<<----  [OUT]
2020/10/21 17:51:44:090

Connecting Started...

<<<----  [OUT]
2020/10/21 17:51:46:124

I can't connect with the passive [192.168.100.113/5000] error_code:10061 !

<<<----  [OUT]
2020/10/21 17:51:48:605

Connecting Started...

<<<----  [OUT]
2020/10/21 17:51:50:647

I can't connect with the passive [192.168.100.113/5000] error_code:10061 !

<<<----  [OUT]
2020/10/21 17:51:53:135

Connecting Started...

<<<----  [OUT]
2020/10/21 17:51:55:177

I can't connect with the passive [192.168.100.113/5000] error_code:10061 !

<<<----  [OUT]
2020/10/21 17:51:57:667

Connecting Started...

<<<----  [OUT]
2020/10/21 17:51:59:713

I can't connect with the passive [192.168.100.113/5000] error_code:10061 !

<<<----  [OUT]
2020/10/21 17:52:02:199

Connecting Started...

<<<----  [OUT]
2020/10/21 17:52:04:247

I can't connect with the passive [192.168.100.113/5000] error_code:10061 !

<<<----  [OUT]
2020/10/21 17:52:06:729

Connecting Started...

<<<----  [OUT]
2020/10/21 17:52:08:768

I can't connect with the passive [192.168.100.113/5000] error_code:10061 !

<<<----  [OUT]
2020/10/21 17:52:11:245

Connecting Started...

<<<----  [OUT]
2020/10/21 17:52:13:290

I can't connect with the passive [192.168.100.113/5000] error_code:10061 !

<<<----  [OUT]
2020/10/21 17:52:15:776

Connecting Started...

<<<----  [OUT]
2020/10/21 17:52:17:809

I can't connect with the passive [192.168.100.113/5000] error_code:10061 !

<<<----  [OUT]
2020/10/21 17:52:20:293

Connecting Started...

<<<----  [OUT]
2020/10/21 17:52:22:333

I can't connect with the passive [192.168.100.113/5000] error_code:10061 !

<<<----  [OUT]
2020/10/21 17:52:24:822

Connecting Started...

<<<----  [OUT]
2020/10/21 17:52:26:868

I can't connect with the passive [192.168.100.113/5000] error_code:10061 !

<<<----  [OUT]
2020/10/21 17:52:29:354

Connecting Started...

<<<----  [OUT]
2020/10/21 17:52:31:413

I can't connect with the passive [192.168.100.113/5000] error_code:10061 !

<<<----  [OUT]
2020/10/21 17:52:33:901

Connecting Started...

<<<----  [OUT]
2020/10/21 17:52:35:956

I can't connect with the passive [192.168.100.113/5000] error_code:10061 !

<<<----  [OUT]
2020/10/21 17:52:38:433

Connecting Started...

<<<----  [OUT]
2020/10/21 17:52:40:480

I can't connect with the passive [192.168.100.113/5000] error_code:10061 !

<<<----  [OUT]
2020/10/21 17:52:42:965

Connecting Started...

<<<----  [OUT]
2020/10/21 17:52:44:992

I can't connect with the passive [192.168.100.113/5000] error_code:10061 !

<<<----  [OUT]
2020/10/21 17:52:47:479

Connecting Started...

<<<----  [OUT]
2020/10/21 17:52:49:513

I can't connect with the passive [192.168.100.113/5000] error_code:10061 !

<<<----  [OUT]
2020/10/21 17:52:51:995

Connecting Started...

<<<----  [OUT]
2020/10/21 17:52:54:042

I can't connect with the passive [192.168.100.113/5000] error_code:10061 !

<<<----  [OUT]
2020/10/21 17:52:56:527

Connecting Started...

<<<----  [OUT]
2020/10/21 17:52:58:572

I can't connect with the passive [192.168.100.113/5000] error_code:10061 !

<<<----  [OUT]
2020/10/21 17:53:01:058

Connecting Started...

<<<----  [OUT]
2020/10/21 17:53:03:115

I can't connect with the passive [192.168.100.113/5000] error_code:10061 !

<<<----  [OUT]
2020/10/21 17:53:05:604

Connecting Started...

<<<----  [OUT]
2020/10/21 17:53:07:653

I can't connect with the passive [192.168.100.113/5000] error_code:10061 !

<<<----  [OUT]
2020/10/21 17:53:10:135

Connecting Started...

<<<----  [OUT]
2020/10/21 17:53:12:183

I can't connect with the passive [192.168.100.113/5000] error_code:10061 !

<<<----  [OUT]
2020/10/21 17:53:14:667

Connecting Started...

<<<----  [OUT]
2020/10/21 17:53:16:703

I can't connect with the passive [192.168.100.113/5000] error_code:10061 !

<<<----  [OUT]
2020/10/21 17:53:19:182

Connecting Started...

<<<----  [OUT]
2020/10/21 17:53:21:214

I can't connect with the passive [192.168.100.113/5000] error_code:10061 !

<<<----  [OUT]
2020/10/21 17:53:23:699

Connecting Started...

<<<----  [OUT]
2020/10/21 17:53:25:753

I can't connect with the passive [192.168.100.113/5000] error_code:10061 !

<<<----  [OUT]
2020/10/21 17:53:28:229

Connecting Started...

<<<----  [OUT]
2020/10/21 17:53:30:277

I can't connect with the passive [192.168.100.113/5000] error_code:10061 !

<<<----  [OUT]
2020/10/21 17:53:32:761

Connecting Started...

<<<----  [OUT]
2020/10/21 17:53:34:798

I can't connect with the passive [192.168.100.113/5000] error_code:10061 !

<<<----  [OUT]
2020/10/21 17:53:37:278

Connecting Started...

<<<----  [OUT]
2020/10/21 17:53:39:336

I can't connect with the passive [192.168.100.113/5000] error_code:10061 !

<<<----  [OUT]
2020/10/21 17:53:41:823

Connecting Started...

<<<----  [OUT]
2020/10/21 17:53:43:867

I can't connect with the passive [192.168.100.113/5000] error_code:10061 !

<<<----  [OUT]
2020/10/21 17:53:46:355

Connecting Started...

<<<----  [OUT]
2020/10/21 17:53:48:391

I can't connect with the passive [192.168.100.113/5000] error_code:10061 !

<<<----  [OUT]
2020/10/21 17:53:50:871

Connecting Started...

<<<----  [OUT]
2020/10/21 17:53:52:909

I can't connect with the passive [192.168.100.113/5000] error_code:10061 !

<<<----  [OUT]
2020/10/21 17:53:55:386

Connecting Started...

<<<----  [OUT]
2020/10/21 17:53:57:412

I can't connect with the passive [192.168.100.113/5000] error_code:10061 !

<<<----  [OUT]
2020/10/21 17:53:59:902

Connecting Started...

<<<----  [OUT]
2020/10/21 17:54:01:939

I can't connect with the passive [192.168.100.113/5000] error_code:10061 !

<<<----  [OUT]
2020/10/21 17:54:04:417

Connecting Started...

<<<----  [OUT]
2020/10/21 17:54:06:465

I can't connect with the passive [192.168.100.113/5000] error_code:10061 !

<<<----  [OUT]
2020/10/21 17:54:08:949

Connecting Started...

<<<----  [OUT]
2020/10/21 17:54:10:980

I can't connect with the passive [192.168.100.113/5000] error_code:10061 !

<<<----  [OUT]
2020/10/21 17:54:13:464

Connecting Started...

<<<----  [OUT]
2020/10/21 17:54:15:491

I can't connect with the passive [192.168.100.113/5000] error_code:10061 !

<<<----  [OUT]
2020/10/21 17:54:17:981

Connecting Started...

<<<----  [OUT]
2020/10/21 17:54:20:016

I can't connect with the passive [192.168.100.113/5000] error_code:10061 !

<<<----  [OUT]
2020/10/21 17:54:22:495

Connecting Started...

<<<----  [OUT]
2020/10/21 17:54:24:530

I can't connect with the passive [192.168.100.113/5000] error_code:10061 !

<<<----  [OUT]
2020/10/21 17:54:27:012

Connecting Started...

<<<----  [OUT]
2020/10/21 17:54:29:048

I can't connect with the passive [192.168.100.113/5000] error_code:10061 !

<<<----  [OUT]
2020/10/21 17:54:31:526

Connecting Started...

<<<----  [OUT]
2020/10/21 17:54:33:581

I can't connect with the passive [192.168.100.113/5000] error_code:10061 !

<<<----  [OUT]
2020/10/21 17:54:36:058

Connecting Started...

<<<----  [OUT]
2020/10/21 17:54:38:102

I can't connect with the passive [192.168.100.113/5000] error_code:10061 !

<<<----  [OUT]
2020/10/21 17:54:40:588

Connecting Started...

<<<----  [OUT]
2020/10/21 17:54:42:635

I can't connect with the passive [192.168.100.113/5000] error_code:10061 !

<<<----  [OUT]
2020/10/21 17:54:45:121

Connecting Started...

<<<----  [OUT]
2020/10/21 17:54:47:157

I can't connect with the passive [192.168.100.113/5000] error_code:10061 !

<<<----  [OUT]
2020/10/21 17:54:49:635

Connecting Started...

<<<----  [OUT]
2020/10/21 17:54:51:668

I can't connect with the passive [192.168.100.113/5000] error_code:10061 !

<<<----  [OUT]
2020/10/21 17:54:54:152

Connecting Started...

<<<----  [OUT]
2020/10/21 17:54:56:187

I can't connect with the passive [192.168.100.113/5000] error_code:10061 !

<<<----  [OUT]
2020/10/21 17:54:58:667

Connecting Started...

<<<----  [OUT]
2020/10/21 17:55:00:713

I can't connect with the passive [192.168.100.113/5000] error_code:10061 !

<<<----  [OUT]
2020/10/21 17:55:03:198

Connecting Started...

<<<----  [OUT]
2020/10/21 17:55:05:244

I can't connect with the passive [192.168.100.113/5000] error_code:10061 !

<<<----  [OUT]
2020/10/21 17:55:07:730

Connecting Started...

<<<----  [OUT]
2020/10/21 17:55:09:755

I can't connect with the passive [192.168.100.113/5000] error_code:10061 !

<<<----  [OUT]
2020/10/21 17:55:12:244

Connecting Started...

<<<----  [OUT]
2020/10/21 17:55:14:293

I can't connect with the passive [192.168.100.113/5000] error_code:10061 !

<<<----  [OUT]
2020/10/21 17:55:16:777

Connecting Started...

<<<----  [OUT]
2020/10/21 17:55:18:801

I can't connect with the passive [192.168.100.113/5000] error_code:10061 !

<<<----  [OUT]
2020/10/21 17:55:21:291

Connecting Started...

<<<----  [OUT]
2020/10/21 17:55:23:331

I can't connect with the passive [192.168.100.113/5000] error_code:10061 !

<<<----  [OUT]
2020/10/21 17:55:25:808

Connecting Started...

<<<----  [OUT]
2020/10/21 17:55:27:858

I can't connect with the passive [192.168.100.113/5000] error_code:10061 !

<<<----  [OUT]
2020/10/21 17:55:30:339

Connecting Started...

<<<----  [OUT]
2020/10/21 17:55:32:382

I can't connect with the passive [192.168.100.113/5000] error_code:10061 !

<<<----  [OUT]
2020/10/21 17:55:34:870

Connecting Started...

<<<----  [OUT]
2020/10/21 17:55:36:905

I can't connect with the passive [192.168.100.113/5000] error_code:10061 !

<<<----  [OUT]
2020/10/21 17:55:39:387

Connecting Started...

<<<----  [OUT]
2020/10/21 17:55:41:428

I can't connect with the passive [192.168.100.113/5000] error_code:10061 !

<<<----  [OUT]
2020/10/21 17:55:43:918

Connecting Started...

<<<----  [OUT]
2020/10/21 17:55:45:958

I can't connect with the passive [192.168.100.113/5000] error_code:10061 !

<<<----  [OUT]
2020/10/21 17:55:48:448

Connecting Started...

<<<----  [OUT]
2020/10/21 17:55:50:482

I can't connect with the passive [192.168.100.113/5000] error_code:10061 !

<<<----  [OUT]
2020/10/21 17:55:52:965

Connecting Started...

<<<----  [OUT]
2020/10/21 17:55:55:009

I can't connect with the passive [192.168.100.113/5000] error_code:10061 !

<<<----  [OUT]
2020/10/21 17:55:57:495

Connecting Started...

<<<----  [OUT]
2020/10/21 17:55:59:545

I can't connect with the passive [192.168.100.113/5000] error_code:10061 !

<<<----  [OUT]
2020/10/21 17:56:02:026

Connecting Started...

<<<----  [OUT]
2020/10/21 17:56:04:061

I can't connect with the passive [192.168.100.113/5000] error_code:10061 !

<<<----  [OUT]
2020/10/21 17:56:06:541

Connecting Started...

<<<----  [OUT]
2020/10/21 17:56:08:583

I can't connect with the passive [192.168.100.113/5000] error_code:10061 !

<<<----  [OUT]
2020/10/21 17:56:11:073

Connecting Started...

<<<----  [OUT]
2020/10/21 17:56:13:113

I can't connect with the passive [192.168.100.113/5000] error_code:10061 !

<<<----  [OUT]
2020/10/21 17:56:15:589

Connecting Started...

<<<----  [OUT]
2020/10/21 17:56:17:635

I can't connect with the passive [192.168.100.113/5000] error_code:10061 !

<<<----  [OUT]
2020/10/21 17:56:20:120

Connecting Started...

<<<----  [OUT]
2020/10/21 17:56:22:161

I can't connect with the passive [192.168.100.113/5000] error_code:10061 !

<<<----  [OUT]
2020/10/21 17:56:24:652

Connecting Started...

<<<----  [OUT]
2020/10/21 17:56:26:707

I can't connect with the passive [192.168.100.113/5000] error_code:10061 !

<<<----  [OUT]
2020/10/21 17:56:29:198

Connecting Started...

<<<----  [OUT]
2020/10/21 17:56:31:239

I can't connect with the passive [192.168.100.113/5000] error_code:10061 !

<<<----  [OUT]
2020/10/21 17:56:33:729

Connecting Started...

<<<----  [OUT]
2020/10/21 17:56:35:765

I can't connect with the passive [192.168.100.113/5000] error_code:10061 !

<<<----  [OUT]
2020/10/21 17:56:38:245

Connecting Started...

<<<----  [OUT]
2020/10/21 17:56:40:287

I can't connect with the passive [192.168.100.113/5000] error_code:10061 !

<<<----  [OUT]
2020/10/21 17:56:42:777

Connecting Started...

<<<----  [OUT]
2020/10/21 17:56:44:828

I can't connect with the passive [192.168.100.113/5000] error_code:10061 !

<<<----  [OUT]
2020/10/21 17:56:47:308

Connecting Started...

<<<----  [OUT]
2020/10/21 17:56:49:356

I can't connect with the passive [192.168.100.113/5000] error_code:10061 !

<<<----  [OUT]
2020/10/21 17:56:51:840

Connecting Started...

<<<----  [OUT]
2020/10/21 17:56:53:867

I can't connect with the passive [192.168.100.113/5000] error_code:10061 !

<<<----  [OUT]
2020/10/21 17:56:56:355

Connecting Started...

<<<----  [OUT]
2020/10/21 17:56:58:391

I can't connect with the passive [192.168.100.113/5000] error_code:10061 !

<<<----  [OUT]
2020/10/21 17:57:00:870

Connecting Started...

<<<----  [OUT]
2020/10/21 17:57:02:919

I can't connect with the passive [192.168.100.113/5000] error_code:10061 !

<<<----  [OUT]
2020/10/21 17:57:05:402

Connecting Started...

<<<----  [OUT]
2020/10/21 17:57:07:441

I can't connect with the passive [192.168.100.113/5000] error_code:10061 !

<<<----  [OUT]
2020/10/21 17:57:09:934

Connecting Started...

<<<----  [OUT]
2020/10/21 17:57:11:986

I can't connect with the passive [192.168.100.113/5000] error_code:10061 !

<<<----  [OUT]
2020/10/21 17:57:14:465

Connecting Started...

<<<----  [OUT]
2020/10/21 17:57:16:500

I can't connect with the passive [192.168.100.113/5000] error_code:10061 !

<<<----  [OUT]
2020/10/21 17:57:18:980

Connecting Started...

<<<----  [OUT]
2020/10/21 17:57:21:009

I can't connect with the passive [192.168.100.113/5000] error_code:10061 !

<<<----  [OUT]
2020/10/21 17:57:23:496

Connecting Started...

<<<----  [OUT]
2020/10/21 17:57:25:545

I can't connect with the passive [192.168.100.113/5000] error_code:10061 !

<<<----  [OUT]
2020/10/21 17:57:28:027

Connecting Started...

<<<----  [OUT]
2020/10/21 17:57:30:060

I can't connect with the passive [192.168.100.113/5000] error_code:10061 !

<<<----  [OUT]
2020/10/21 17:57:32:543

Connecting Started...

<<<----  [OUT]
2020/10/21 17:57:34:577

I can't connect with the passive [192.168.100.113/5000] error_code:10061 !

<<<----  [OUT]
2020/10/21 17:57:37:057

Connecting Started...

<<<----  [OUT]
2020/10/21 17:57:39:103

I can't connect with the passive [192.168.100.113/5000] error_code:10061 !

<<<----  [OUT]
2020/10/21 17:57:41:589

Connecting Started...

<<<----  [OUT]
2020/10/21 17:57:43:617

I can't connect with the passive [192.168.100.113/5000] error_code:10061 !

<<<----  [OUT]
2020/10/21 17:57:46:104

Connecting Started...

<<<----  [OUT]
2020/10/21 17:57:48:150

I can't connect with the passive [192.168.100.113/5000] error_code:10061 !

<<<----  [OUT]
2020/10/21 17:57:50:636

Connecting Started...

<<<----  [OUT]
2020/10/21 17:57:52:687

I can't connect with the passive [192.168.100.113/5000] error_code:10061 !

<<<----  [OUT]
2020/10/21 17:57:55:168

Connecting Started...

<<<----  [OUT]
2020/10/21 17:57:57:209

I can't connect with the passive [192.168.100.113/5000] error_code:10061 !

<<<----  [OUT]
2020/10/21 17:57:59:697

Connecting Started...

<<<----  [OUT]
2020/10/21 17:58:01:753

I can't connect with the passive [192.168.100.113/5000] error_code:10061 !

<<<----  [OUT]
2020/10/21 17:58:04:230

Connecting Started...

<<<----  [OUT]
2020/10/21 17:58:06:285

I can't connect with the passive [192.168.100.113/5000] error_code:10061 !

<<<----  [OUT]
2020/10/21 17:58:08:760

Connecting Started...

<<<----  [OUT]
2020/10/21 17:58:10:808

I can't connect with the passive [192.168.100.113/5000] error_code:10061 !

<<<----  [OUT]
2020/10/21 17:58:13:293

Connecting Started...

<<<----  [OUT]
2020/10/21 17:58:15:340

I can't connect with the passive [192.168.100.113/5000] error_code:10061 !

<<<----  [OUT]
2020/10/21 17:58:17:824

Connecting Started...

<<<----  [OUT]
2020/10/21 17:58:19:856

I can't connect with the passive [192.168.100.113/5000] error_code:10061 !

<<<----  [OUT]
2020/10/21 17:58:22:340

Connecting Started...

<<<----  [OUT]
2020/10/21 17:58:24:365

I can't connect with the passive [192.168.100.113/5000] error_code:10061 !

<<<----  [OUT]
2020/10/21 17:58:26:854

Connecting Started...

<<<----  [OUT]
2020/10/21 17:58:28:893

I can't connect with the passive [192.168.100.113/5000] error_code:10061 !

<<<----  [OUT]
2020/10/21 17:58:31:371

Connecting Started...

<<<----  [OUT]
2020/10/21 17:58:33:412

I can't connect with the passive [192.168.100.113/5000] error_code:10061 !

<<<----  [OUT]
2020/10/21 17:58:35:902

Connecting Started...

<<<----  [OUT]
2020/10/21 17:58:37:951

I can't connect with the passive [192.168.100.113/5000] error_code:10061 !

<<<----  [OUT]
2020/10/21 17:58:40:432

Connecting Started...

<<<----  [OUT]
2020/10/21 17:58:42:482

I can't connect with the passive [192.168.100.113/5000] error_code:10061 !

<<<----  [OUT]
2020/10/21 17:58:44:963

Connecting Started...

<<<----  [OUT]
2020/10/21 17:58:47:008

I can't connect with the passive [192.168.100.113/5000] error_code:10061 !

<<<----  [OUT]
2020/10/21 17:58:49:496

Connecting Started...

<<<----  [OUT]
2020/10/21 17:58:51:538

I can't connect with the passive [192.168.100.113/5000] error_code:10061 !

<<<----  [OUT]
2020/10/21 17:58:54:027

Connecting Started...

<<<----  [OUT]
2020/10/21 17:58:56:060

I can't connect with the passive [192.168.100.113/5000] error_code:10061 !

<<<----  [OUT]
2020/10/21 17:58:58:542

Connecting Started...

<<<----  [OUT]
2020/10/21 17:59:00:584

I can't connect with the passive [192.168.100.113/5000] error_code:10061 !

<<<----  [OUT]
2020/10/21 17:59:03:074

Connecting Started...

<<<----  [OUT]
2020/10/21 17:59:05:113

I can't connect with the passive [192.168.100.113/5000] error_code:10061 !

<<<----  [OUT]
2020/10/21 17:59:07:605

Connecting Started...

<<<----  [OUT]
2020/10/21 17:59:09:642

I can't connect with the passive [192.168.100.113/5000] error_code:10061 !

<<<----  [OUT]
2020/10/21 17:59:12:120

Connecting Started...

<<<----  [OUT]
2020/10/21 17:59:14:177

I can't connect with the passive [192.168.100.113/5000] error_code:10061 !

<<<----  [OUT]
2020/10/21 17:59:16:667

Connecting Started...

<<<----  [OUT]
2020/10/21 17:59:18:709

I can't connect with the passive [192.168.100.113/5000] error_code:10061 !

<<<----  [OUT]
2020/10/21 17:59:21:198

Connecting Started...

<<<----  [OUT]
2020/10/21 17:59:23:228

I can't connect with the passive [192.168.100.113/5000] error_code:10061 !

<<<----  [OUT]
2020/10/21 17:59:25:713

Connecting Started...

<<<----  [OUT]
2020/10/21 17:59:27:753

I can't connect with the passive [192.168.100.113/5000] error_code:10061 !

<<<----  [OUT]
2020/10/21 17:59:30:230

Connecting Started...

<<<----  [OUT]
2020/10/21 17:59:32:273

I can't connect with the passive [192.168.100.113/5000] error_code:10061 !

<<<----  [OUT]
2020/10/21 17:59:34:760

Connecting Started...

<<<----  [OUT]
2020/10/21 17:59:36:797

I can't connect with the passive [192.168.100.113/5000] error_code:10061 !

<<<----  [OUT]
2020/10/21 17:59:39:276

Connecting Started...

<<<----  [OUT]
2020/10/21 17:59:41:304

I can't connect with the passive [192.168.100.113/5000] error_code:10061 !

<<<----  [OUT]
2020/10/21 17:59:43:793

Connecting Started...

<<<----  [OUT]
2020/10/21 17:59:45:832

I can't connect with the passive [192.168.100.113/5000] error_code:10061 !

<<<----  [OUT]
2020/10/21 17:59:48:324

Connecting Started...

<<<----  [OUT]
2020/10/21 17:59:50:375

I can't connect with the passive [192.168.100.113/5000] error_code:10061 !

<<<----  [OUT]
2020/10/21 17:59:52:854

Connecting Started...

<<<----  [OUT]
2020/10/21 17:59:54:896

I can't connect with the passive [192.168.100.113/5000] error_code:10061 !

<<<----  [OUT]
2020/10/21 17:59:57:386

Connecting Started...

<<<----  [OUT]
2020/10/21 17:59:59:423

I can't connect with the passive [192.168.100.113/5000] error_code:10061 !
