
<<<----  [OUT]
2020/08/31 14:48:11:631

---------------------------------------------------------------------
// FA : Start Log ...


<<<----  [OUT]
2020/08/31 14:48:11:635

//-------------------------------------------------------------
Property Information

   Driver Type [HSMS]
   Driver Mode [ACTIVE]
   IP    [192.168.100.113]
   Port  [5000]
//-------------------------------------------------------------


<<<----  [OUT]
2020/08/31 14:48:12:237

Auto-Start Started ... (Active)

<<<----  [OUT]
2020/08/31 14:48:12:328

Auto-Start Started ...  Waiting Stop-Connection.

<<<----  [OUT]
2020/08/31 14:48:12:328

Auto-Start Started ...  Waiting Open-Socket.

<<<----  [OUT]
2020/08/31 14:48:12:359

Socket Open Started...

<<<----  [OUT]
2020/08/31 14:48:12:359

Socket Open Completed...

<<<----  [OUT]
2020/08/31 14:48:12:359

Connecting Started...

<<<----  [OUT]
2020/08/31 14:48:12:418

Auto-Start Completed ...  (Active)

<<<----  [OUT]
2020/08/31 14:48:14:412

I can't connect with the passive [192.168.100.113/5000] error_code:10061 !

<<<----  [OUT]
2020/08/31 14:48:16:904

Connecting Started...

<<<----  [OUT]
2020/08/31 14:48:18:954

I can't connect with the passive [192.168.100.113/5000] error_code:10061 !

<<<----  [OUT]
2020/08/31 14:48:21:435

Connecting Started...

<<<----  [OUT]
2020/08/31 14:48:23:481

I can't connect with the passive [192.168.100.113/5000] error_code:10061 !

<<<----  [OUT]
2020/08/31 14:48:25:966

Connecting Started...

<<<----  [OUT]
2020/08/31 14:48:28:018

I can't connect with the passive [192.168.100.113/5000] error_code:10061 !

<<<----  [OUT]
2020/08/31 14:48:30:497

Connecting Started...

<<<----  [OUT]
2020/08/31 14:48:32:532

I can't connect with the passive [192.168.100.113/5000] error_code:10061 !

<<<----  [OUT]
2020/08/31 14:48:35:013

Connecting Started...

<<<----  [OUT]
2020/08/31 14:48:37:061

I can't connect with the passive [192.168.100.113/5000] error_code:10061 !

<<<----  [OUT]
2020/08/31 14:48:39:545

Connecting Started...

<<<----  [OUT]
2020/08/31 14:48:41:578

I can't connect with the passive [192.168.100.113/5000] error_code:10061 !

<<<----  [OUT]
2020/08/31 14:48:44:059

Connecting Started...

<<<----  [OUT]
2020/08/31 14:48:46:099

I can't connect with the passive [192.168.100.113/5000] error_code:10061 !

<<<----  [OUT]
2020/08/31 14:48:48:591

Connecting Started...

<<<----  [OUT]
2020/08/31 14:48:50:620

I can't connect with the passive [192.168.100.113/5000] error_code:10061 !

<<<----  [OUT]
2020/08/31 14:48:53:107

Connecting Started...

<<<----  [OUT]
2020/08/31 14:48:55:141

I can't connect with the passive [192.168.100.113/5000] error_code:10061 !

<<<----  [OUT]
2020/08/31 14:48:57:623

Connecting Started...

<<<----  [OUT]
2020/08/31 14:48:59:668

I can't connect with the passive [192.168.100.113/5000] error_code:10061 !

<<<----  [OUT]
2020/08/31 14:49:02:154

Connecting Started...

<<<----  [OUT]
2020/08/31 14:49:04:206

I can't connect with the passive [192.168.100.113/5000] error_code:10061 !

<<<----  [OUT]
2020/08/31 14:49:06:685

Connecting Started...

<<<----  [OUT]
2020/08/31 14:49:08:717

I can't connect with the passive [192.168.100.113/5000] error_code:10061 !

<<<----  [OUT]
2020/08/31 14:49:11:200

Connecting Started...

<<<----  [OUT]
2020/08/31 14:49:13:244

I can't connect with the passive [192.168.100.113/5000] error_code:10061 !

<<<----  [OUT]
2020/08/31 14:49:15:731

Connecting Started...

<<<----  [OUT]
2020/08/31 14:49:17:769

I can't connect with the passive [192.168.100.113/5000] error_code:10061 !

<<<----  [OUT]
2020/08/31 14:49:20:247

Connecting Started...

<<<----  [OUT]
2020/08/31 14:49:22:284

I can't connect with the passive [192.168.100.113/5000] error_code:10061 !

<<<----  [OUT]
2020/08/31 14:49:24:762

Connecting Started...

<<<----  [OUT]
2020/08/31 14:49:26:801

I can't connect with the passive [192.168.100.113/5000] error_code:10061 !

<<<----  [OUT]
2020/08/31 14:49:29:278

Connecting Started...

<<<----  [OUT]
2020/08/31 14:49:31:326

I can't connect with the passive [192.168.100.113/5000] error_code:10061 !

<<<----  [OUT]
2020/08/31 14:49:33:809

Connecting Started...

<<<----  [OUT]
2020/08/31 14:49:35:851

I can't connect with the passive [192.168.100.113/5000] error_code:10061 !

<<<----  [OUT]
2020/08/31 14:49:38:341

Connecting Started...

<<<----  [OUT]
2020/08/31 14:49:40:385

I can't connect with the passive [192.168.100.113/5000] error_code:10061 !

<<<----  [OUT]
2020/08/31 14:49:42:873

Connecting Started...

<<<----  [OUT]
2020/08/31 14:49:44:902

I can't connect with the passive [192.168.100.113/5000] error_code:10061 !

<<<----  [OUT]
2020/08/31 14:49:47:387

Connecting Started...

<<<----  [OUT]
2020/08/31 14:49:49:437

I can't connect with the passive [192.168.100.113/5000] error_code:10061 !

<<<----  [OUT]
2020/08/31 14:49:51:919

Connecting Started...

<<<----  [OUT]
2020/08/31 14:49:53:960

I can't connect with the passive [192.168.100.113/5000] error_code:10061 !

<<<----  [OUT]
2020/08/31 14:49:56:451

Connecting Started...

<<<----  [OUT]
2020/08/31 14:49:58:491

I can't connect with the passive [192.168.100.113/5000] error_code:10061 !

<<<----  [OUT]
2020/08/31 14:50:00:981

Connecting Started...

<<<----  [OUT]
2020/08/31 14:50:03:025

I can't connect with the passive [192.168.100.113/5000] error_code:10061 !

<<<----  [OUT]
2020/08/31 14:50:05:512

Connecting Started...

<<<----  [OUT]
2020/08/31 14:50:07:559

I can't connect with the passive [192.168.100.113/5000] error_code:10061 !

<<<----  [OUT]
2020/08/31 14:50:10:045

Connecting Started...

<<<----  [OUT]
2020/08/31 14:50:12:094

I can't connect with the passive [192.168.100.113/5000] error_code:10061 !

<<<----  [OUT]
2020/08/31 14:50:14:575

Connecting Started...

<<<----  [OUT]
2020/08/31 14:50:16:618

I can't connect with the passive [192.168.100.113/5000] error_code:10061 !

<<<----  [OUT]
2020/08/31 14:50:19:106

Connecting Started...

<<<----  [OUT]
2020/08/31 14:50:21:154

I can't connect with the passive [192.168.100.113/5000] error_code:10061 !

<<<----  [OUT]
2020/08/31 14:50:23:639

Connecting Started...

<<<----  [OUT]
2020/08/31 14:50:25:675

I can't connect with the passive [192.168.100.113/5000] error_code:10061 !

<<<----  [OUT]
2020/08/31 14:50:28:154

Connecting Started...

<<<----  [OUT]
2020/08/31 14:50:30:193

I can't connect with the passive [192.168.100.113/5000] error_code:10061 !

<<<----  [OUT]
2020/08/31 14:50:32:668

Connecting Started...

<<<----  [OUT]
2020/08/31 14:50:34:713

I can't connect with the passive [192.168.100.113/5000] error_code:10061 !

<<<----  [OUT]
2020/08/31 14:50:37:200

Connecting Started...

<<<----  [OUT]
2020/08/31 14:50:39:241

I can't connect with the passive [192.168.100.113/5000] error_code:10061 !

<<<----  [OUT]
2020/08/31 14:50:41:732

Connecting Started...

<<<----  [OUT]
2020/08/31 14:50:43:780

I can't connect with the passive [192.168.100.113/5000] error_code:10061 !

<<<----  [OUT]
2020/08/31 14:50:46:262

Connecting Started...

<<<----  [OUT]
2020/08/31 14:50:48:304

I can't connect with the passive [192.168.100.113/5000] error_code:10061 !

<<<----  [OUT]
2020/08/31 14:50:50:794

Connecting Started...

<<<----  [OUT]
2020/08/31 14:50:52:830

I can't connect with the passive [192.168.100.113/5000] error_code:10061 !

<<<----  [OUT]
2020/08/31 14:50:55:309

Connecting Started...

<<<----  [OUT]
2020/08/31 14:50:57:351

I can't connect with the passive [192.168.100.113/5000] error_code:10061 !

<<<----  [OUT]
2020/08/31 14:50:59:842

Connecting Started...

<<<----  [OUT]
2020/08/31 14:51:01:872

I can't connect with the passive [192.168.100.113/5000] error_code:10061 !

<<<----  [OUT]
2020/08/31 14:51:04:357

Connecting Started...

<<<----  [OUT]
2020/08/31 14:51:06:386

I can't connect with the passive [192.168.100.113/5000] error_code:10061 !

<<<----  [OUT]
2020/08/31 14:51:08:873

Connecting Started...

<<<----  [OUT]
2020/08/31 14:51:10:909

I can't connect with the passive [192.168.100.113/5000] error_code:10061 !

<<<----  [OUT]
2020/08/31 14:51:13:388

Connecting Started...

<<<----  [OUT]
2020/08/31 14:51:15:429

I can't connect with the passive [192.168.100.113/5000] error_code:10061 !

<<<----  [OUT]
2020/08/31 14:51:17:918

Connecting Started...

<<<----  [OUT]
2020/08/31 14:51:19:957

I can't connect with the passive [192.168.100.113/5000] error_code:10061 !

<<<----  [OUT]
2020/08/31 14:51:22:434

Connecting Started...

<<<----  [OUT]
2020/08/31 14:51:24:480

I can't connect with the passive [192.168.100.113/5000] error_code:10061 !

<<<----  [OUT]
2020/08/31 14:51:26:966

Connecting Started...

<<<----  [OUT]
2020/08/31 14:51:29:008

I can't connect with the passive [192.168.100.113/5000] error_code:10061 !

<<<----  [OUT]
2020/08/31 14:51:31:497

Connecting Started...

<<<----  [OUT]
2020/08/31 14:51:33:539

I can't connect with the passive [192.168.100.113/5000] error_code:10061 !

<<<----  [OUT]
2020/08/31 14:51:36:028

Connecting Started...

<<<----  [OUT]
2020/08/31 14:51:38:066

I can't connect with the passive [192.168.100.113/5000] error_code:10061 !

<<<----  [OUT]
2020/08/31 14:51:40:544

Connecting Started...

<<<----  [OUT]
2020/08/31 14:51:42:591

I can't connect with the passive [192.168.100.113/5000] error_code:10061 !

<<<----  [OUT]
2020/08/31 14:51:45:075

Connecting Started...

<<<----  [OUT]
2020/08/31 14:51:47:108

I can't connect with the passive [192.168.100.113/5000] error_code:10061 !

<<<----  [OUT]
2020/08/31 14:51:49:592

Connecting Started...

<<<----  [OUT]
2020/08/31 14:51:51:629

I can't connect with the passive [192.168.100.113/5000] error_code:10061 !

<<<----  [OUT]
2020/08/31 14:51:54:106

Connecting Started...

<<<----  [OUT]
2020/08/31 14:51:56:151

I can't connect with the passive [192.168.100.113/5000] error_code:10061 !

<<<----  [OUT]
2020/08/31 14:51:58:638

Connecting Started...

<<<----  [OUT]
2020/08/31 14:52:00:682

I can't connect with the passive [192.168.100.113/5000] error_code:10061 !

<<<----  [OUT]
2020/08/31 14:52:03:169

Connecting Started...

<<<----  [OUT]
2020/08/31 14:52:05:201

I can't connect with the passive [192.168.100.113/5000] error_code:10061 !

<<<----  [OUT]
2020/08/31 14:52:07:685

Connecting Started...

<<<----  [OUT]
2020/08/31 14:52:09:716

I can't connect with the passive [192.168.100.113/5000] error_code:10061 !

<<<----  [OUT]
2020/08/31 14:52:12:201

Connecting Started...

<<<----  [OUT]
2020/08/31 14:52:14:248

I can't connect with the passive [192.168.100.113/5000] error_code:10061 !

<<<----  [OUT]
2020/08/31 14:52:16:732

Connecting Started...

<<<----  [OUT]
2020/08/31 14:52:18:778

I can't connect with the passive [192.168.100.113/5000] error_code:10061 !

<<<----  [OUT]
2020/08/31 14:52:21:262

Connecting Started...

<<<----  [OUT]
2020/08/31 14:52:23:294

I can't connect with the passive [192.168.100.113/5000] error_code:10061 !

<<<----  [OUT]
2020/08/31 14:52:25:779

Connecting Started...

<<<----  [OUT]
2020/08/31 14:52:27:815

I can't connect with the passive [192.168.100.113/5000] error_code:10061 !

<<<----  [OUT]
2020/08/31 14:52:30:295

Connecting Started...

<<<----  [OUT]
2020/08/31 14:52:32:334

I can't connect with the passive [192.168.100.113/5000] error_code:10061 !

<<<----  [OUT]
2020/08/31 14:52:34:825

Connecting Started...

<<<----  [OUT]
2020/08/31 14:52:36:864

I can't connect with the passive [192.168.100.113/5000] error_code:10061 !

<<<----  [OUT]
2020/08/31 14:52:39:341

Connecting Started...

<<<----  [OUT]
2020/08/31 14:52:41:384

I can't connect with the passive [192.168.100.113/5000] error_code:10061 !

<<<----  [OUT]
2020/08/31 14:52:43:872

Connecting Started...

<<<----  [OUT]
2020/08/31 14:52:45:900

I can't connect with the passive [192.168.100.113/5000] error_code:10061 !

<<<----  [OUT]
2020/08/31 14:52:48:389

Connecting Started...

<<<----  [OUT]
2020/08/31 14:52:50:422

I can't connect with the passive [192.168.100.113/5000] error_code:10061 !

<<<----  [OUT]
2020/08/31 14:52:52:904

Connecting Started...

<<<----  [OUT]
2020/08/31 14:52:54:945

I can't connect with the passive [192.168.100.113/5000] error_code:10061 !

<<<----  [OUT]
2020/08/31 14:52:57:434

Connecting Started...

<<<----  [OUT]
2020/08/31 14:52:59:472

I can't connect with the passive [192.168.100.113/5000] error_code:10061 !

<<<----  [OUT]
2020/08/31 14:53:01:951

Connecting Started...

<<<----  [OUT]
2020/08/31 14:53:03:992

I can't connect with the passive [192.168.100.113/5000] error_code:10061 !

<<<----  [OUT]
2020/08/31 14:53:06:481

Connecting Started...

<<<----  [OUT]
2020/08/31 14:53:08:530

I can't connect with the passive [192.168.100.113/5000] error_code:10061 !

<<<----  [OUT]
2020/08/31 14:53:11:013

Connecting Started...

<<<----  [OUT]
2020/08/31 14:53:13:053

I can't connect with the passive [192.168.100.113/5000] error_code:10061 !

<<<----  [OUT]
2020/08/31 14:53:15:544

Connecting Started...

<<<----  [OUT]
2020/08/31 14:53:17:586

I can't connect with the passive [192.168.100.113/5000] error_code:10061 !

<<<----  [OUT]
2020/08/31 14:53:20:076

Connecting Started...

<<<----  [OUT]
2020/08/31 14:53:22:106

I can't connect with the passive [192.168.100.113/5000] error_code:10061 !

<<<----  [OUT]
2020/08/31 14:53:24:591

Connecting Started...

<<<----  [OUT]
2020/08/31 14:53:26:628

I can't connect with the passive [192.168.100.113/5000] error_code:10061 !

<<<----  [OUT]
2020/08/31 14:53:29:106

Connecting Started...

<<<----  [OUT]
2020/08/31 14:53:31:134

I can't connect with the passive [192.168.100.113/5000] error_code:10061 !

<<<----  [OUT]
2020/08/31 14:53:33:622

Connecting Started...

<<<----  [OUT]
2020/08/31 14:53:35:659

I can't connect with the passive [192.168.100.113/5000] error_code:10061 !

<<<----  [OUT]
2020/08/31 14:53:38:138

Connecting Started...

<<<----  [OUT]
2020/08/31 14:53:40:177

I can't connect with the passive [192.168.100.113/5000] error_code:10061 !

<<<----  [OUT]
2020/08/31 14:53:42:654

Connecting Started...

<<<----  [OUT]
2020/08/31 14:53:44:704

I can't connect with the passive [192.168.100.113/5000] error_code:10061 !

<<<----  [OUT]
2020/08/31 14:53:47:184

Connecting Started...

<<<----  [OUT]
2020/08/31 14:53:49:222

I can't connect with the passive [192.168.100.113/5000] error_code:10061 !

<<<----  [OUT]
2020/08/31 14:53:51:701

Connecting Started...

<<<----  [OUT]
2020/08/31 14:53:53:747

I can't connect with the passive [192.168.100.113/5000] error_code:10061 !

<<<----  [OUT]
2020/08/31 14:53:56:232

Connecting Started...

<<<----  [OUT]
2020/08/31 14:53:58:267

I can't connect with the passive [192.168.100.113/5000] error_code:10061 !

<<<----  [OUT]
2020/08/31 14:54:00:747

Connecting Started...

<<<----  [OUT]
2020/08/31 14:54:02:787

I can't connect with the passive [192.168.100.113/5000] error_code:10061 !

<<<----  [OUT]
2020/08/31 14:54:05:262

Connecting Started...

<<<----  [OUT]
2020/08/31 14:54:07:308

I can't connect with the passive [192.168.100.113/5000] error_code:10061 !

<<<----  [OUT]
2020/08/31 14:54:09:795

Connecting Started...

<<<----  [OUT]
2020/08/31 14:54:11:836

I can't connect with the passive [192.168.100.113/5000] error_code:10061 !

<<<----  [OUT]
2020/08/31 14:54:14:325

Connecting Started...

<<<----  [OUT]
2020/08/31 14:54:16:366

I can't connect with the passive [192.168.100.113/5000] error_code:10061 !

<<<----  [OUT]
2020/08/31 14:54:18:857

Connecting Started...

<<<----  [OUT]
2020/08/31 14:54:20:898

I can't connect with the passive [192.168.100.113/5000] error_code:10061 !

<<<----  [OUT]
2020/08/31 14:54:23:388

Connecting Started...

<<<----  [OUT]
2020/08/31 14:54:25:424

I can't connect with the passive [192.168.100.113/5000] error_code:10061 !

<<<----  [OUT]
2020/08/31 14:54:27:902

Connecting Started...

<<<----  [OUT]
2020/08/31 14:54:29:935

I can't connect with the passive [192.168.100.113/5000] error_code:10061 !

<<<----  [OUT]
2020/08/31 14:54:32:419

Connecting Started...

<<<----  [OUT]
2020/08/31 14:54:34:459

I can't connect with the passive [192.168.100.113/5000] error_code:10061 !

<<<----  [OUT]
2020/08/31 14:54:36:951

Connecting Started...

<<<----  [OUT]
2020/08/31 14:54:38:999

I can't connect with the passive [192.168.100.113/5000] error_code:10061 !

<<<----  [OUT]
2020/08/31 14:54:41:481

Connecting Started...

<<<----  [OUT]
2020/08/31 14:54:43:525

I can't connect with the passive [192.168.100.113/5000] error_code:10061 !

<<<----  [OUT]
2020/08/31 14:54:46:012

Connecting Started...

<<<----  [OUT]
2020/08/31 14:54:48:061

I can't connect with the passive [192.168.100.113/5000] error_code:10061 !

<<<----  [OUT]
2020/08/31 14:54:50:545

Connecting Started...

<<<----  [OUT]
2020/08/31 14:54:52:583

I can't connect with the passive [192.168.100.113/5000] error_code:10061 !

<<<----  [OUT]
2020/08/31 14:54:55:060

Connecting Started...

<<<----  [OUT]
2020/08/31 14:54:57:103

I can't connect with the passive [192.168.100.113/5000] error_code:10061 !

<<<----  [OUT]
2020/08/31 14:54:59:592

Connecting Started...

<<<----  [OUT]
2020/08/31 14:55:01:641

I can't connect with the passive [192.168.100.113/5000] error_code:10061 !

<<<----  [OUT]
2020/08/31 14:55:04:122

Connecting Started...

<<<----  [OUT]
2020/08/31 14:55:06:164

I can't connect with the passive [192.168.100.113/5000] error_code:10061 !

<<<----  [OUT]
2020/08/31 14:55:08:654

Connecting Started...

<<<----  [OUT]
2020/08/31 14:55:10:705

I can't connect with the passive [192.168.100.113/5000] error_code:10061 !

<<<----  [OUT]
2020/08/31 14:55:13:184

Connecting Started...

<<<----  [OUT]
2020/08/31 14:55:15:226

I can't connect with the passive [192.168.100.113/5000] error_code:10061 !

<<<----  [OUT]
2020/08/31 14:55:17:716

Connecting Started...

<<<----  [OUT]
2020/08/31 14:55:19:764

I can't connect with the passive [192.168.100.113/5000] error_code:10061 !

<<<----  [OUT]
2020/08/31 14:55:22:248

Connecting Started...

<<<----  [OUT]
2020/08/31 14:55:24:289

I can't connect with the passive [192.168.100.113/5000] error_code:10061 !

<<<----  [OUT]
2020/08/31 14:55:26:779

Connecting Started...

<<<----  [OUT]
2020/08/31 14:55:28:813

I can't connect with the passive [192.168.100.113/5000] error_code:10061 !

<<<----  [OUT]
2020/08/31 14:55:31:295

Connecting Started...

<<<----  [OUT]
2020/08/31 14:55:33:335

I can't connect with the passive [192.168.100.113/5000] error_code:10061 !

<<<----  [OUT]
2020/08/31 14:55:35:826

Connecting Started...

<<<----  [OUT]
2020/08/31 14:55:37:850

I can't connect with the passive [192.168.100.113/5000] error_code:10061 !

<<<----  [OUT]
2020/08/31 14:55:40:342

Connecting Started...

<<<----  [OUT]
2020/08/31 14:55:42:378

I can't connect with the passive [192.168.100.113/5000] error_code:10061 !

<<<----  [OUT]
2020/08/31 14:55:44:857

Connecting Started...

<<<----  [OUT]
2020/08/31 14:55:46:899

I can't connect with the passive [192.168.100.113/5000] error_code:10061 !

<<<----  [OUT]
2020/08/31 14:55:49:388

Connecting Started...

<<<----  [OUT]
2020/08/31 14:55:51:429

I can't connect with the passive [192.168.100.113/5000] error_code:10061 !

<<<----  [OUT]
2020/08/31 14:55:53:920

Connecting Started...

<<<----  [OUT]
2020/08/31 14:55:55:964

I can't connect with the passive [192.168.100.113/5000] error_code:10061 !

<<<----  [OUT]
2020/08/31 14:55:58:452

Connecting Started...

<<<----  [OUT]
2020/08/31 14:56:00:493

I can't connect with the passive [192.168.100.113/5000] error_code:10061 !

<<<----  [OUT]
2020/08/31 14:56:02:982

Connecting Started...

<<<----  [OUT]
2020/08/31 14:56:05:026

I can't connect with the passive [192.168.100.113/5000] error_code:10061 !

<<<----  [OUT]
2020/08/31 14:56:07:513

Connecting Started...

<<<----  [OUT]
2020/08/31 14:56:09:551

I can't connect with the passive [192.168.100.113/5000] error_code:10061 !

<<<----  [OUT]
2020/08/31 14:56:12:028

Connecting Started...

<<<----  [OUT]
2020/08/31 14:56:14:072

I can't connect with the passive [192.168.100.113/5000] error_code:10061 !

<<<----  [OUT]
2020/08/31 14:56:16:559

Connecting Started...

<<<----  [OUT]
2020/08/31 14:56:18:605

I can't connect with the passive [192.168.100.113/5000] error_code:10061 !

<<<----  [OUT]
2020/08/31 14:56:21:091

Connecting Started...

<<<----  [OUT]
2020/08/31 14:56:23:133

I can't connect with the passive [192.168.100.113/5000] error_code:10061 !

<<<----  [OUT]
2020/08/31 14:56:25:622

Connecting Started...

<<<----  [OUT]
2020/08/31 14:56:27:670

I can't connect with the passive [192.168.100.113/5000] error_code:10061 !

<<<----  [OUT]
2020/08/31 14:56:30:153

Connecting Started...

<<<----  [OUT]
2020/08/31 14:56:32:187

I can't connect with the passive [192.168.100.113/5000] error_code:10061 !

<<<----  [OUT]
2020/08/31 14:56:34:670

Connecting Started...

<<<----  [OUT]
2020/08/31 14:56:36:711

I can't connect with the passive [192.168.100.113/5000] error_code:10061 !

<<<----  [OUT]
2020/08/31 14:56:39:199

Connecting Started...

<<<----  [OUT]
2020/08/31 14:56:41:245

I can't connect with the passive [192.168.100.113/5000] error_code:10061 !

<<<----  [OUT]
2020/08/31 14:56:43:732

Connecting Started...

<<<----  [OUT]
2020/08/31 14:56:45:775

I can't connect with the passive [192.168.100.113/5000] error_code:10061 !

<<<----  [OUT]
2020/08/31 14:56:48:262

Connecting Started...

<<<----  [OUT]
2020/08/31 14:56:50:309

I can't connect with the passive [192.168.100.113/5000] error_code:10061 !

<<<----  [OUT]
2020/08/31 14:56:52:795

Connecting Started...

<<<----  [OUT]
2020/08/31 14:56:54:836

I can't connect with the passive [192.168.100.113/5000] error_code:10061 !

<<<----  [OUT]
2020/08/31 14:56:57:326

Connecting Started...

<<<----  [OUT]
2020/08/31 14:56:59:371

I can't connect with the passive [192.168.100.113/5000] error_code:10061 !

<<<----  [OUT]
2020/08/31 14:57:01:857

Connecting Started...

<<<----  [OUT]
2020/08/31 14:57:03:903

I can't connect with the passive [192.168.100.113/5000] error_code:10061 !

<<<----  [OUT]
2020/08/31 14:57:06:388

Connecting Started...

<<<----  [OUT]
2020/08/31 14:57:08:431

I can't connect with the passive [192.168.100.113/5000] error_code:10061 !

<<<----  [OUT]
2020/08/31 14:57:10:920

Connecting Started...

<<<----  [OUT]
2020/08/31 14:57:12:966

I can't connect with the passive [192.168.100.113/5000] error_code:10061 !

<<<----  [OUT]
2020/08/31 14:57:15:450

Connecting Started...

<<<----  [OUT]
2020/08/31 14:57:17:497

I can't connect with the passive [192.168.100.113/5000] error_code:10061 !

<<<----  [OUT]
2020/08/31 14:57:19:981

Connecting Started...

<<<----  [OUT]
2020/08/31 14:57:22:018

I can't connect with the passive [192.168.100.113/5000] error_code:10061 !

<<<----  [OUT]
2020/08/31 14:57:24:496

Connecting Started...

<<<----  [OUT]
2020/08/31 14:57:26:540

I can't connect with the passive [192.168.100.113/5000] error_code:10061 !

<<<----  [OUT]
2020/08/31 14:57:29:029

Connecting Started...

<<<----  [OUT]
2020/08/31 14:57:31:084

I can't connect with the passive [192.168.100.113/5000] error_code:10061 !

<<<----  [OUT]
2020/08/31 14:57:33:560

Connecting Started...

<<<----  [OUT]
2020/08/31 14:57:35:601

I can't connect with the passive [192.168.100.113/5000] error_code:10061 !

<<<----  [OUT]
2020/08/31 14:57:38:091

Connecting Started...

<<<----  [OUT]
2020/08/31 14:57:40:137

I can't connect with the passive [192.168.100.113/5000] error_code:10061 !

<<<----  [OUT]
2020/08/31 14:57:42:623

Connecting Started...

<<<----  [OUT]
2020/08/31 14:57:44:659

I can't connect with the passive [192.168.100.113/5000] error_code:10061 !

<<<----  [OUT]
2020/08/31 14:57:47:138

Connecting Started...

<<<----  [OUT]
2020/08/31 14:57:49:179

I can't connect with the passive [192.168.100.113/5000] error_code:10061 !

<<<----  [OUT]
2020/08/31 14:57:51:669

Connecting Started...

<<<----  [OUT]
2020/08/31 14:57:53:707

I can't connect with the passive [192.168.100.113/5000] error_code:10061 !

<<<----  [OUT]
2020/08/31 14:57:56:185

Connecting Started...

<<<----  [OUT]
2020/08/31 14:57:58:228

I can't connect with the passive [192.168.100.113/5000] error_code:10061 !

<<<----  [OUT]
2020/08/31 14:58:00:716

Connecting Started...

<<<----  [OUT]
2020/08/31 14:58:02:751

I can't connect with the passive [192.168.100.113/5000] error_code:10061 !

<<<----  [OUT]
2020/08/31 14:58:05:231

Connecting Started...

<<<----  [OUT]
2020/08/31 14:58:07:272

I can't connect with the passive [192.168.100.113/5000] error_code:10061 !

<<<----  [OUT]
2020/08/31 14:58:09:762

Connecting Started...

<<<----  [OUT]
2020/08/31 14:58:11:808

I can't connect with the passive [192.168.100.113/5000] error_code:10061 !

<<<----  [OUT]
2020/08/31 14:58:14:294

Connecting Started...

<<<----  [OUT]
2020/08/31 14:58:16:331

I can't connect with the passive [192.168.100.113/5000] error_code:10061 !

<<<----  [OUT]
2020/08/31 14:58:18:810

Connecting Started...

<<<----  [OUT]
2020/08/31 14:58:20:855

I can't connect with the passive [192.168.100.113/5000] error_code:10061 !

<<<----  [OUT]
2020/08/31 14:58:23:342

Connecting Started...

<<<----  [OUT]
2020/08/31 14:58:25:387

I can't connect with the passive [192.168.100.113/5000] error_code:10061 !

<<<----  [OUT]
2020/08/31 14:58:27:872

Connecting Started...

<<<----  [OUT]
2020/08/31 14:58:29:923

I can't connect with the passive [192.168.100.113/5000] error_code:10061 !

<<<----  [OUT]
2020/08/31 14:58:32:404

Connecting Started...

<<<----  [OUT]
2020/08/31 14:58:34:440

I can't connect with the passive [192.168.100.113/5000] error_code:10061 !

<<<----  [OUT]
2020/08/31 14:58:36:920

Connecting Started...

<<<----  [OUT]
2020/08/31 14:58:38:955

I can't connect with the passive [192.168.100.113/5000] error_code:10061 !

<<<----  [OUT]
2020/08/31 14:58:41:436

Connecting Started...

<<<----  [OUT]
2020/08/31 14:58:43:482

I can't connect with the passive [192.168.100.113/5000] error_code:10061 !

<<<----  [OUT]
2020/08/31 14:58:45:966

Connecting Started...

<<<----  [OUT]
2020/08/31 14:58:48:003

I can't connect with the passive [192.168.100.113/5000] error_code:10061 !

<<<----  [OUT]
2020/08/31 14:58:50:481

Connecting Started...

<<<----  [OUT]
2020/08/31 14:58:52:525

I can't connect with the passive [192.168.100.113/5000] error_code:10061 !

<<<----  [OUT]
2020/08/31 14:58:55:012

Connecting Started...

<<<----  [OUT]
2020/08/31 14:58:57:049

I can't connect with the passive [192.168.100.113/5000] error_code:10061 !

<<<----  [OUT]
2020/08/31 14:58:59:529

Connecting Started...

<<<----  [OUT]
2020/08/31 14:59:01:564

I can't connect with the passive [192.168.100.113/5000] error_code:10061 !

<<<----  [OUT]
2020/08/31 14:59:04:043

Connecting Started...

<<<----  [OUT]
2020/08/31 14:59:06:089

I can't connect with the passive [192.168.100.113/5000] error_code:10061 !

<<<----  [OUT]
2020/08/31 14:59:08:576

Connecting Started...

<<<----  [OUT]
2020/08/31 14:59:10:616

I can't connect with the passive [192.168.100.113/5000] error_code:10061 !

<<<----  [OUT]
2020/08/31 14:59:13:106

Connecting Started...

<<<----  [OUT]
2020/08/31 14:59:15:143

I can't connect with the passive [192.168.100.113/5000] error_code:10061 !

<<<----  [OUT]
2020/08/31 14:59:17:622

Connecting Started...

<<<----  [OUT]
2020/08/31 14:59:19:655

I can't connect with the passive [192.168.100.113/5000] error_code:10061 !

<<<----  [OUT]
2020/08/31 14:59:22:138

Connecting Started...

<<<----  [OUT]
2020/08/31 14:59:24:172

I can't connect with the passive [192.168.100.113/5000] error_code:10061 !

<<<----  [OUT]
2020/08/31 14:59:26:653

Connecting Started...

<<<----  [OUT]
2020/08/31 14:59:28:701

I can't connect with the passive [192.168.100.113/5000] error_code:10061 !

<<<----  [OUT]
2020/08/31 14:59:31:186

Connecting Started...

<<<----  [OUT]
2020/08/31 14:59:33:221

I can't connect with the passive [192.168.100.113/5000] error_code:10061 !

<<<----  [OUT]
2020/08/31 14:59:35:699

Connecting Started...

<<<----  [OUT]
2020/08/31 14:59:37:747

I can't connect with the passive [192.168.100.113/5000] error_code:10061 !

<<<----  [OUT]
2020/08/31 14:59:40:231

Connecting Started...

<<<----  [OUT]
2020/08/31 14:59:42:278

I can't connect with the passive [192.168.100.113/5000] error_code:10061 !

<<<----  [OUT]
2020/08/31 14:59:44:762

Connecting Started...

<<<----  [OUT]
2020/08/31 14:59:46:806

I can't connect with the passive [192.168.100.113/5000] error_code:10061 !

<<<----  [OUT]
2020/08/31 14:59:49:293

Connecting Started...

<<<----  [OUT]
2020/08/31 14:59:51:336

I can't connect with the passive [192.168.100.113/5000] error_code:10061 !

<<<----  [OUT]
2020/08/31 14:59:53:825

Connecting Started...

<<<----  [OUT]
2020/08/31 14:59:55:868

I can't connect with the passive [192.168.100.113/5000] error_code:10061 !

<<<----  [OUT]
2020/08/31 14:59:58:356

Connecting Started...
