
<<<----  [OUT]
2020/08/31 11:45:15:824

---------------------------------------------------------------------
// FA : Start Log ...


<<<----  [OUT]
2020/08/31 11:45:15:827

//-------------------------------------------------------------
Property Information

   Driver Type [HSMS]
   Driver Mode [ACTIVE]
   IP    [192.168.100.113]
   Port  [5000]
//-------------------------------------------------------------


<<<----  [OUT]
2020/08/31 11:45:16:428

Auto-Start Started ... (Active)

<<<----  [OUT]
2020/08/31 11:45:16:519

Auto-Start Started ...  Waiting Stop-Connection.

<<<----  [OUT]
2020/08/31 11:45:16:519

Auto-Start Started ...  Waiting Open-Socket.

<<<----  [OUT]
2020/08/31 11:45:16:551

Socket Open Started...

<<<----  [OUT]
2020/08/31 11:45:16:551

Socket Open Completed...

<<<----  [OUT]
2020/08/31 11:45:16:551

Connecting Started...

<<<----  [OUT]
2020/08/31 11:45:16:610

Auto-Start Completed ...  (Active)

<<<----  [OUT]
2020/08/31 11:45:18:586

I can't connect with the passive [192.168.100.113/5000] error_code:10061 !

<<<----  [OUT]
2020/08/31 11:45:21:075

Connecting Started...

<<<----  [OUT]
2020/08/31 11:45:23:116

I can't connect with the passive [192.168.100.113/5000] error_code:10061 !

<<<----  [OUT]
2020/08/31 11:45:25:607

Connecting Started...

<<<----  [OUT]
2020/08/31 11:45:27:648

I can't connect with the passive [192.168.100.113/5000] error_code:10061 !

<<<----  [OUT]
2020/08/31 11:45:30:138

Connecting Started...

<<<----  [OUT]
2020/08/31 11:45:32:172

I can't connect with the passive [192.168.100.113/5000] error_code:10061 !

<<<----  [OUT]
2020/08/31 11:45:34:653

Connecting Started...

<<<----  [OUT]
2020/08/31 11:45:36:690

I can't connect with the passive [192.168.100.113/5000] error_code:10061 !

<<<----  [OUT]
2020/08/31 11:45:39:168

Connecting Started...

<<<----  [OUT]
2020/08/31 11:45:41:211

I can't connect with the passive [192.168.100.113/5000] error_code:10061 !

<<<----  [OUT]
2020/08/31 11:45:43:701

Connecting Started...

<<<----  [OUT]
2020/08/31 11:45:45:754

I can't connect with the passive [192.168.100.113/5000] error_code:10061 !

<<<----  [OUT]
2020/08/31 11:45:48:231

Connecting Started...

<<<----  [OUT]
2020/08/31 11:45:50:283

I can't connect with the passive [192.168.100.113/5000] error_code:10061 !

<<<----  [OUT]
2020/08/31 11:45:52:762

Connecting Started...

<<<----  [OUT]
2020/08/31 11:45:54:797

I can't connect with the passive [192.168.100.113/5000] error_code:10061 !

<<<----  [OUT]
2020/08/31 11:45:57:278

Connecting Started...

<<<----  [OUT]
2020/08/31 11:45:59:329

I can't connect with the passive [192.168.100.113/5000] error_code:10061 !

<<<----  [OUT]
2020/08/31 11:46:01:811

Connecting Started...

<<<----  [OUT]
2020/08/31 11:46:03:850

I can't connect with the passive [192.168.100.113/5000] error_code:10061 !

<<<----  [OUT]
2020/08/31 11:46:06:341

Connecting Started...

<<<----  [OUT]
2020/08/31 11:46:08:387

I can't connect with the passive [192.168.100.113/5000] error_code:10061 !

<<<----  [OUT]
2020/08/31 11:46:10:872

Connecting Started...

<<<----  [OUT]
2020/08/31 11:46:12:919

I can't connect with the passive [192.168.100.113/5000] error_code:10061 !

<<<----  [OUT]
2020/08/31 11:46:15:403

Connecting Started...

<<<----  [OUT]
2020/08/31 11:46:17:444

I can't connect with the passive [192.168.100.113/5000] error_code:10061 !

<<<----  [OUT]
2020/08/31 11:46:19:934

Connecting Started...

<<<----  [OUT]
2020/08/31 11:46:21:985

I can't connect with the passive [192.168.100.113/5000] error_code:10061 !

<<<----  [OUT]
2020/08/31 11:46:24:466

Connecting Started...

<<<----  [OUT]
2020/08/31 11:46:26:518

I can't connect with the passive [192.168.100.113/5000] error_code:10061 !

<<<----  [OUT]
2020/08/31 11:46:28:997

Connecting Started...

<<<----  [OUT]
2020/08/31 11:46:31:048

I can't connect with the passive [192.168.100.113/5000] error_code:10061 !

<<<----  [OUT]
2020/08/31 11:46:33:529

Connecting Started...

<<<----  [OUT]
2020/08/31 11:46:35:574

I can't connect with the passive [192.168.100.113/5000] error_code:10061 !

<<<----  [OUT]
2020/08/31 11:46:38:059

Connecting Started...

<<<----  [OUT]
2020/08/31 11:46:40:099

I can't connect with the passive [192.168.100.113/5000] error_code:10061 !

<<<----  [OUT]
2020/08/31 11:46:42:591

Connecting Started...

<<<----  [OUT]
2020/08/31 11:46:44:636

I can't connect with the passive [192.168.100.113/5000] error_code:10061 !

<<<----  [OUT]
2020/08/31 11:46:47:122

Connecting Started...

<<<----  [OUT]
2020/08/31 11:46:49:160

I can't connect with the passive [192.168.100.113/5000] error_code:10061 !

<<<----  [OUT]
2020/08/31 11:46:51:638

Connecting Started...

<<<----  [OUT]
2020/08/31 11:46:53:690

I can't connect with the passive [192.168.100.113/5000] error_code:10061 !

<<<----  [OUT]
2020/08/31 11:46:56:169

Connecting Started...

<<<----  [OUT]
2020/08/31 11:46:58:220

I can't connect with the passive [192.168.100.113/5000] error_code:10061 !

<<<----  [OUT]
2020/08/31 11:47:00:700

Connecting Started...

<<<----  [OUT]
2020/08/31 11:47:02:733

I can't connect with the passive [192.168.100.113/5000] error_code:10061 !

<<<----  [OUT]
2020/08/31 11:47:05:215

Connecting Started...

<<<----  [OUT]
2020/08/31 11:47:07:262

I can't connect with the passive [192.168.100.113/5000] error_code:10061 !

<<<----  [OUT]
2020/08/31 11:47:09:748

Connecting Started...

<<<----  [OUT]
2020/08/31 11:47:11:792

I can't connect with the passive [192.168.100.113/5000] error_code:10061 !

<<<----  [OUT]
2020/08/31 11:47:14:278

Connecting Started...

<<<----  [OUT]
2020/08/31 11:47:16:316

I can't connect with the passive [192.168.100.113/5000] error_code:10061 !

<<<----  [OUT]
2020/08/31 11:47:18:795

Connecting Started...

<<<----  [OUT]
2020/08/31 11:47:20:839

I can't connect with the passive [192.168.100.113/5000] error_code:10061 !

<<<----  [OUT]
2020/08/31 11:47:23:325

Connecting Started...

<<<----  [OUT]
2020/08/31 11:47:25:370

I can't connect with the passive [192.168.100.113/5000] error_code:10061 !

<<<----  [OUT]
2020/08/31 11:47:27:856

Connecting Started...

<<<----  [OUT]
2020/08/31 11:47:29:894

I can't connect with the passive [192.168.100.113/5000] error_code:10061 !

<<<----  [OUT]
2020/08/31 11:47:32:372

Connecting Started...

<<<----  [OUT]
2020/08/31 11:47:34:404

I can't connect with the passive [192.168.100.113/5000] error_code:10061 !

<<<----  [OUT]
2020/08/31 11:47:36:888

Connecting Started...

<<<----  [OUT]
2020/08/31 11:47:38:934

I can't connect with the passive [192.168.100.113/5000] error_code:10061 !

<<<----  [OUT]
2020/08/31 11:47:41:420

Connecting Started...

<<<----  [OUT]
2020/08/31 11:47:43:464

I can't connect with the passive [192.168.100.113/5000] error_code:10061 !

<<<----  [OUT]
2020/08/31 11:47:45:951

Connecting Started...

<<<----  [OUT]
2020/08/31 11:47:47:994

I can't connect with the passive [192.168.100.113/5000] error_code:10061 !

<<<----  [OUT]
2020/08/31 11:47:50:482

Connecting Started...

<<<----  [OUT]
2020/08/31 11:47:52:523

I can't connect with the passive [192.168.100.113/5000] error_code:10061 !

<<<----  [OUT]
2020/08/31 11:47:55:012

Connecting Started...

<<<----  [OUT]
2020/08/31 11:47:57:043

I can't connect with the passive [192.168.100.113/5000] error_code:10061 !

<<<----  [OUT]
2020/08/31 11:47:59:529

Connecting Started...

<<<----  [OUT]
2020/08/31 11:48:01:572

I can't connect with the passive [192.168.100.113/5000] error_code:10061 !

<<<----  [OUT]
2020/08/31 11:48:04:059

Connecting Started...

<<<----  [OUT]
2020/08/31 11:48:06:090

I can't connect with the passive [192.168.100.113/5000] error_code:10061 !

<<<----  [OUT]
2020/08/31 11:48:08:576

Connecting Started...

<<<----  [OUT]
2020/08/31 11:48:10:621

I can't connect with the passive [192.168.100.113/5000] error_code:10061 !

<<<----  [OUT]
2020/08/31 11:48:13:107

Connecting Started...

<<<----  [OUT]
2020/08/31 11:48:15:148

I can't connect with the passive [192.168.100.113/5000] error_code:10061 !

<<<----  [OUT]
2020/08/31 11:48:17:638

Connecting Started...

<<<----  [OUT]
2020/08/31 11:48:19:681

I can't connect with the passive [192.168.100.113/5000] error_code:10061 !

<<<----  [OUT]
2020/08/31 11:48:22:169

Connecting Started...

<<<----  [OUT]
2020/08/31 11:48:24:209

I can't connect with the passive [192.168.100.113/5000] error_code:10061 !

<<<----  [OUT]
2020/08/31 11:48:26:701

Connecting Started...

<<<----  [OUT]
2020/08/31 11:48:28:741

I can't connect with the passive [192.168.100.113/5000] error_code:10061 !

<<<----  [OUT]
2020/08/31 11:48:31:232

Connecting Started...

<<<----  [OUT]
2020/08/31 11:48:33:273

I can't connect with the passive [192.168.100.113/5000] error_code:10061 !

<<<----  [OUT]
2020/08/31 11:48:35:763

Connecting Started...

<<<----  [OUT]
2020/08/31 11:48:37:803

I can't connect with the passive [192.168.100.113/5000] error_code:10061 !

<<<----  [OUT]
2020/08/31 11:48:40:293

Connecting Started...

<<<----  [OUT]
2020/08/31 11:48:42:329

I can't connect with the passive [192.168.100.113/5000] error_code:10061 !

<<<----  [OUT]
2020/08/31 11:48:44:809

Connecting Started...

<<<----  [OUT]
2020/08/31 11:48:46:848

I can't connect with the passive [192.168.100.113/5000] error_code:10061 !

<<<----  [OUT]
2020/08/31 11:48:49:325

Connecting Started...

<<<----  [OUT]
2020/08/31 11:48:51:376

I can't connect with the passive [192.168.100.113/5000] error_code:10061 !

<<<----  [OUT]
2020/08/31 11:48:53:857

Connecting Started...

<<<----  [OUT]
2020/08/31 11:48:55:900

I can't connect with the passive [192.168.100.113/5000] error_code:10061 !

<<<----  [OUT]
2020/08/31 11:48:58:388

Connecting Started...

<<<----  [OUT]
2020/08/31 11:49:00:420

I can't connect with the passive [192.168.100.113/5000] error_code:10061 !

<<<----  [OUT]
2020/08/31 11:49:02:903

Connecting Started...

<<<----  [OUT]
2020/08/31 11:49:04:937

I can't connect with the passive [192.168.100.113/5000] error_code:10061 !

<<<----  [OUT]
2020/08/31 11:49:07:419

Connecting Started...

<<<----  [OUT]
2020/08/31 11:49:09:459

I can't connect with the passive [192.168.100.113/5000] error_code:10061 !

<<<----  [OUT]
2020/08/31 11:49:11:950

Connecting Started...

<<<----  [OUT]
2020/08/31 11:49:13:991

I can't connect with the passive [192.168.100.113/5000] error_code:10061 !

<<<----  [OUT]
2020/08/31 11:49:16:482

Connecting Started...

<<<----  [OUT]
2020/08/31 11:49:18:517

I can't connect with the passive [192.168.100.113/5000] error_code:10061 !

<<<----  [OUT]
2020/08/31 11:49:20:997

Connecting Started...

<<<----  [OUT]
2020/08/31 11:49:23:028

I can't connect with the passive [192.168.100.113/5000] error_code:10061 !

<<<----  [OUT]
2020/08/31 11:49:25:513

Connecting Started...

<<<----  [OUT]
2020/08/31 11:49:27:551

I can't connect with the passive [192.168.100.113/5000] error_code:10061 !

<<<----  [OUT]
2020/08/31 11:49:30:029

Connecting Started...

<<<----  [OUT]
2020/08/31 11:49:32:065

I can't connect with the passive [192.168.100.113/5000] error_code:10061 !

<<<----  [OUT]
2020/08/31 11:49:34:543

Connecting Started...

<<<----  [OUT]
2020/08/31 11:49:36:580

I can't connect with the passive [192.168.100.113/5000] error_code:10061 !

<<<----  [OUT]
2020/08/31 11:49:39:060

Connecting Started...

<<<----  [OUT]
2020/08/31 11:49:41:099

I can't connect with the passive [192.168.100.113/5000] error_code:10061 !

<<<----  [OUT]
2020/08/31 11:49:43:575

Connecting Started...

<<<----  [OUT]
2020/08/31 11:49:45:612

I can't connect with the passive [192.168.100.113/5000] error_code:10061 !

<<<----  [OUT]
2020/08/31 11:49:48:091

Connecting Started...

<<<----  [OUT]
2020/08/31 11:49:50:132

I can't connect with the passive [192.168.100.113/5000] error_code:10061 !

<<<----  [OUT]
2020/08/31 11:49:52:623

Connecting Started...

<<<----  [OUT]
2020/08/31 11:49:54:660

I can't connect with the passive [192.168.100.113/5000] error_code:10061 !

<<<----  [OUT]
2020/08/31 11:49:57:139

Connecting Started...

<<<----  [OUT]
2020/08/31 11:49:59:184

I can't connect with the passive [192.168.100.113/5000] error_code:10061 !

<<<----  [OUT]
2020/08/31 11:50:01:669

Connecting Started...

<<<----  [OUT]
2020/08/31 11:50:03:701

I can't connect with the passive [192.168.100.113/5000] error_code:10061 !

<<<----  [OUT]
2020/08/31 11:50:06:186

Connecting Started...

<<<----  [OUT]
2020/08/31 11:50:08:220

I can't connect with the passive [192.168.100.113/5000] error_code:10061 !

<<<----  [OUT]
2020/08/31 11:50:10:700

Connecting Started...

<<<----  [OUT]
2020/08/31 11:50:12:756

I can't connect with the passive [192.168.100.113/5000] error_code:10061 !

<<<----  [OUT]
2020/08/31 11:50:15:246

Connecting Started...

<<<----  [OUT]
2020/08/31 11:50:17:283

I can't connect with the passive [192.168.100.113/5000] error_code:10061 !

<<<----  [OUT]
2020/08/31 11:50:19:763

Connecting Started...

<<<----  [OUT]
2020/08/31 11:50:21:810

I can't connect with the passive [192.168.100.113/5000] error_code:10061 !

<<<----  [OUT]
2020/08/31 11:50:24:295

Connecting Started...

<<<----  [OUT]
2020/08/31 11:50:26:336

I can't connect with the passive [192.168.100.113/5000] error_code:10061 !

<<<----  [OUT]
2020/08/31 11:50:28:826

Connecting Started...

<<<----  [OUT]
2020/08/31 11:50:30:867

I can't connect with the passive [192.168.100.113/5000] error_code:10061 !

<<<----  [OUT]
2020/08/31 11:50:33:356

Connecting Started...

<<<----  [OUT]
2020/08/31 11:50:35:402

I can't connect with the passive [192.168.100.113/5000] error_code:10061 !

<<<----  [OUT]
2020/08/31 11:50:37:888

Connecting Started...

<<<----  [OUT]
2020/08/31 11:50:39:923

I can't connect with the passive [192.168.100.113/5000] error_code:10061 !

<<<----  [OUT]
2020/08/31 11:50:42:403

Connecting Started...

<<<----  [OUT]
2020/08/31 11:50:44:447

I can't connect with the passive [192.168.100.113/5000] error_code:10061 !

<<<----  [OUT]
2020/08/31 11:50:46:936

Connecting Started...

<<<----  [OUT]
2020/08/31 11:50:48:981

I can't connect with the passive [192.168.100.113/5000] error_code:10061 !

<<<----  [OUT]
2020/08/31 11:50:51:467

Connecting Started...

<<<----  [OUT]
2020/08/31 11:50:53:507

I can't connect with the passive [192.168.100.113/5000] error_code:10061 !

<<<----  [OUT]
2020/08/31 11:50:55:996

Connecting Started...

<<<----  [OUT]
2020/08/31 11:50:58:032

I can't connect with the passive [192.168.100.113/5000] error_code:10061 !

<<<----  [OUT]
2020/08/31 11:51:00:512

Connecting Started...

<<<----  [OUT]
2020/08/31 11:51:02:555

I can't connect with the passive [192.168.100.113/5000] error_code:10061 !

<<<----  [OUT]
2020/08/31 11:51:05:044

Connecting Started...

<<<----  [OUT]
2020/08/31 11:51:07:089

I can't connect with the passive [192.168.100.113/5000] error_code:10061 !

<<<----  [OUT]
2020/08/31 11:51:09:576

Connecting Started...

<<<----  [OUT]
2020/08/31 11:51:11:629

I can't connect with the passive [192.168.100.113/5000] error_code:10061 !

<<<----  [OUT]
2020/08/31 11:51:14:106

Connecting Started...

<<<----  [OUT]
2020/08/31 11:51:16:145

I can't connect with the passive [192.168.100.113/5000] error_code:10061 !

<<<----  [OUT]
2020/08/31 11:51:18:622

Connecting Started...

<<<----  [OUT]
2020/08/31 11:51:20:659

I can't connect with the passive [192.168.100.113/5000] error_code:10061 !

<<<----  [OUT]
2020/08/31 11:51:23:138

Connecting Started...

<<<----  [OUT]
2020/08/31 11:51:25:175

I can't connect with the passive [192.168.100.113/5000] error_code:10061 !

<<<----  [OUT]
2020/08/31 11:51:27:654

Connecting Started...

<<<----  [OUT]
2020/08/31 11:51:29:700

I can't connect with the passive [192.168.100.113/5000] error_code:10061 !

<<<----  [OUT]
2020/08/31 11:51:32:185

Connecting Started...

<<<----  [OUT]
2020/08/31 11:51:34:228

I can't connect with the passive [192.168.100.113/5000] error_code:10061 !

<<<----  [OUT]
2020/08/31 11:51:36:715

Connecting Started...

<<<----  [OUT]
2020/08/31 11:51:38:762

I can't connect with the passive [192.168.100.113/5000] error_code:10061 !

<<<----  [OUT]
2020/08/31 11:51:41:246

Connecting Started...

<<<----  [OUT]
2020/08/31 11:51:43:280

I can't connect with the passive [192.168.100.113/5000] error_code:10061 !

<<<----  [OUT]
2020/08/31 11:51:45:763

Connecting Started...

<<<----  [OUT]
2020/08/31 11:51:47:806

I can't connect with the passive [192.168.100.113/5000] error_code:10061 !

<<<----  [OUT]
2020/08/31 11:51:50:293

Connecting Started...

<<<----  [OUT]
2020/08/31 11:51:52:335

I can't connect with the passive [192.168.100.113/5000] error_code:10061 !

<<<----  [OUT]
2020/08/31 11:51:54:825

Connecting Started...

<<<----  [OUT]
2020/08/31 11:51:56:875

I can't connect with the passive [192.168.100.113/5000] error_code:10061 !

<<<----  [OUT]
2020/08/31 11:51:59:357

Connecting Started...

<<<----  [OUT]
2020/08/31 11:52:01:394

I can't connect with the passive [192.168.100.113/5000] error_code:10061 !

<<<----  [OUT]
2020/08/31 11:52:03:872

Connecting Started...

<<<----  [OUT]
2020/08/31 11:52:05:912

I can't connect with the passive [192.168.100.113/5000] error_code:10061 !

<<<----  [OUT]
2020/08/31 11:52:08:403

Connecting Started...

<<<----  [OUT]
2020/08/31 11:52:10:448

I can't connect with the passive [192.168.100.113/5000] error_code:10061 !

<<<----  [OUT]
2020/08/31 11:52:12:936

Connecting Started...

<<<----  [OUT]
2020/08/31 11:52:14:967

I can't connect with the passive [192.168.100.113/5000] error_code:10061 !

<<<----  [OUT]
2020/08/31 11:52:17:450

Connecting Started...

<<<----  [OUT]
2020/08/31 11:52:19:486

I can't connect with the passive [192.168.100.113/5000] error_code:10061 !

<<<----  [OUT]
2020/08/31 11:52:21:965

Connecting Started...

<<<----  [OUT]
2020/08/31 11:52:24:010

I can't connect with the passive [192.168.100.113/5000] error_code:10061 !

<<<----  [OUT]
2020/08/31 11:52:26:497

Connecting Started...

<<<----  [OUT]
2020/08/31 11:52:28:534

I can't connect with the passive [192.168.100.113/5000] error_code:10061 !

<<<----  [OUT]
2020/08/31 11:52:31:013

Connecting Started...

<<<----  [OUT]
2020/08/31 11:52:33:053

I can't connect with the passive [192.168.100.113/5000] error_code:10061 !

<<<----  [OUT]
2020/08/31 11:52:35:543

Connecting Started...

<<<----  [OUT]
2020/08/31 11:52:37:594

I can't connect with the passive [192.168.100.113/5000] error_code:10061 !

<<<----  [OUT]
2020/08/31 11:52:40:075

Connecting Started...

<<<----  [OUT]
2020/08/31 11:52:42:119

I can't connect with the passive [192.168.100.113/5000] error_code:10061 !

<<<----  [OUT]
2020/08/31 11:52:44:606

Connecting Started...

<<<----  [OUT]
2020/08/31 11:52:46:652

I can't connect with the passive [192.168.100.113/5000] error_code:10061 !

<<<----  [OUT]
2020/08/31 11:52:49:138

Connecting Started...

<<<----  [OUT]
2020/08/31 11:52:51:185

I can't connect with the passive [192.168.100.113/5000] error_code:10061 !

<<<----  [OUT]
2020/08/31 11:52:53:670

Connecting Started...

<<<----  [OUT]
2020/08/31 11:52:55:708

I can't connect with the passive [192.168.100.113/5000] error_code:10061 !

<<<----  [OUT]
2020/08/31 11:52:58:186

Connecting Started...

<<<----  [OUT]
2020/08/31 11:53:00:220

I can't connect with the passive [192.168.100.113/5000] error_code:10061 !

<<<----  [OUT]
2020/08/31 11:53:02:701

Connecting Started...

<<<----  [OUT]
2020/08/31 11:53:04:743

I can't connect with the passive [192.168.100.113/5000] error_code:10061 !

<<<----  [OUT]
2020/08/31 11:53:07:231

Connecting Started...

<<<----  [OUT]
2020/08/31 11:53:09:273

I can't connect with the passive [192.168.100.113/5000] error_code:10061 !

<<<----  [OUT]
2020/08/31 11:53:11:762

Connecting Started...

<<<----  [OUT]
2020/08/31 11:53:13:806

I can't connect with the passive [192.168.100.113/5000] error_code:10061 !

<<<----  [OUT]
2020/08/31 11:53:16:294

Connecting Started...

<<<----  [OUT]
2020/08/31 11:53:18:333

I can't connect with the passive [192.168.100.113/5000] error_code:10061 !

<<<----  [OUT]
2020/08/31 11:53:20:810

Connecting Started...

<<<----  [OUT]
2020/08/31 11:53:22:850

I can't connect with the passive [192.168.100.113/5000] error_code:10061 !

<<<----  [OUT]
2020/08/31 11:53:25:341

Connecting Started...

<<<----  [OUT]
2020/08/31 11:53:27:377

I can't connect with the passive [192.168.100.113/5000] error_code:10061 !

<<<----  [OUT]
2020/08/31 11:53:29:856

Connecting Started...

<<<----  [OUT]
2020/08/31 11:53:31:895

I can't connect with the passive [192.168.100.113/5000] error_code:10061 !

<<<----  [OUT]
2020/08/31 11:53:34:373

Connecting Started...

<<<----  [OUT]
2020/08/31 11:53:36:416

I can't connect with the passive [192.168.100.113/5000] error_code:10061 !

<<<----  [OUT]
2020/08/31 11:53:38:903

Connecting Started...

<<<----  [OUT]
2020/08/31 11:53:40:940

I can't connect with the passive [192.168.100.113/5000] error_code:10061 !

<<<----  [OUT]
2020/08/31 11:53:43:420

Connecting Started...

<<<----  [OUT]
2020/08/31 11:53:45:454

I can't connect with the passive [192.168.100.113/5000] error_code:10061 !

<<<----  [OUT]
2020/08/31 11:53:47:936

Connecting Started...

<<<----  [OUT]
2020/08/31 11:53:49:984

I can't connect with the passive [192.168.100.113/5000] error_code:10061 !

<<<----  [OUT]
2020/08/31 11:53:52:466

Connecting Started...

<<<----  [OUT]
2020/08/31 11:53:54:498

I can't connect with the passive [192.168.100.113/5000] error_code:10061 !

<<<----  [OUT]
2020/08/31 11:53:56:981

Connecting Started...

<<<----  [OUT]
2020/08/31 11:53:59:017

I can't connect with the passive [192.168.100.113/5000] error_code:10061 !

<<<----  [OUT]
2020/08/31 11:54:01:498

Connecting Started...

<<<----  [OUT]
2020/08/31 11:54:03:537

I can't connect with the passive [192.168.100.113/5000] error_code:10061 !

<<<----  [OUT]
2020/08/31 11:54:06:028

Connecting Started...

<<<----  [OUT]
2020/08/31 11:54:08:060

I can't connect with the passive [192.168.100.113/5000] error_code:10061 !

<<<----  [OUT]
2020/08/31 11:54:10:544

Connecting Started...

<<<----  [OUT]
2020/08/31 11:54:12:578

I can't connect with the passive [192.168.100.113/5000] error_code:10061 !

<<<----  [OUT]
2020/08/31 11:54:15:059

Connecting Started...

<<<----  [OUT]
2020/08/31 11:54:17:097

I can't connect with the passive [192.168.100.113/5000] error_code:10061 !

<<<----  [OUT]
2020/08/31 11:54:19:576

Connecting Started...

<<<----  [OUT]
2020/08/31 11:54:21:617

I can't connect with the passive [192.168.100.113/5000] error_code:10061 !

<<<----  [OUT]
2020/08/31 11:54:24:106

Connecting Started...

<<<----  [OUT]
2020/08/31 11:54:26:147

I can't connect with the passive [192.168.100.113/5000] error_code:10061 !

<<<----  [OUT]
2020/08/31 11:54:28:639

Connecting Started...

<<<----  [OUT]
2020/08/31 11:54:30:679

I can't connect with the passive [192.168.100.113/5000] error_code:10061 !

<<<----  [OUT]
2020/08/31 11:54:33:169

Connecting Started...

<<<----  [OUT]
2020/08/31 11:54:35:211

I can't connect with the passive [192.168.100.113/5000] error_code:10061 !

<<<----  [OUT]
2020/08/31 11:54:37:701

Connecting Started...

<<<----  [OUT]
2020/08/31 11:54:39:739

I can't connect with the passive [192.168.100.113/5000] error_code:10061 !

<<<----  [OUT]
2020/08/31 11:54:42:217

Connecting Started...

<<<----  [OUT]
2020/08/31 11:54:44:261

I can't connect with the passive [192.168.100.113/5000] error_code:10061 !

<<<----  [OUT]
2020/08/31 11:54:46:746

Connecting Started...

<<<----  [OUT]
2020/08/31 11:54:48:798

I can't connect with the passive [192.168.100.113/5000] error_code:10061 !

<<<----  [OUT]
2020/08/31 11:54:51:279

Connecting Started...

<<<----  [OUT]
2020/08/31 11:54:53:310

I can't connect with the passive [192.168.100.113/5000] error_code:10061 !

<<<----  [OUT]
2020/08/31 11:54:55:794

Connecting Started...

<<<----  [OUT]
2020/08/31 11:54:57:837

I can't connect with the passive [192.168.100.113/5000] error_code:10061 !

<<<----  [OUT]
2020/08/31 11:55:00:325

Connecting Started...

<<<----  [OUT]
2020/08/31 11:55:02:347

I can't connect with the passive [192.168.100.113/5000] error_code:10061 !

<<<----  [OUT]
2020/08/31 11:55:04:826

Connecting Started...

<<<----  [OUT]
2020/08/31 11:55:06:872

I can't connect with the passive [192.168.100.113/5000] error_code:10061 !

<<<----  [OUT]
2020/08/31 11:55:09:356

Connecting Started...

<<<----  [OUT]
2020/08/31 11:55:11:392

I can't connect with the passive [192.168.100.113/5000] error_code:10061 !

<<<----  [OUT]
2020/08/31 11:55:13:872

Connecting Started...

<<<----  [OUT]
2020/08/31 11:55:15:918

I can't connect with the passive [192.168.100.113/5000] error_code:10061 !

<<<----  [OUT]
2020/08/31 11:55:18:404

Connecting Started...

<<<----  [OUT]
2020/08/31 11:55:20:443

I can't connect with the passive [192.168.100.113/5000] error_code:10061 !

<<<----  [OUT]
2020/08/31 11:55:22:935

Connecting Started...

<<<----  [OUT]
2020/08/31 11:55:24:981

I can't connect with the passive [192.168.100.113/5000] error_code:10061 !

<<<----  [OUT]
2020/08/31 11:55:27:466

Connecting Started...

<<<----  [OUT]
2020/08/31 11:55:29:513

I can't connect with the passive [192.168.100.113/5000] error_code:10061 !

<<<----  [OUT]
2020/08/31 11:55:31:997

Connecting Started...

<<<----  [OUT]
2020/08/31 11:55:34:040

I can't connect with the passive [192.168.100.113/5000] error_code:10061 !

<<<----  [OUT]
2020/08/31 11:55:36:529

Connecting Started...

<<<----  [OUT]
2020/08/31 11:55:38:569

I can't connect with the passive [192.168.100.113/5000] error_code:10061 !

<<<----  [OUT]
2020/08/31 11:55:41:060

Connecting Started...

<<<----  [OUT]
2020/08/31 11:55:43:101

I can't connect with the passive [192.168.100.113/5000] error_code:10061 !

<<<----  [OUT]
2020/08/31 11:55:45:591

Connecting Started...

<<<----  [OUT]
2020/08/31 11:55:47:640

I can't connect with the passive [192.168.100.113/5000] error_code:10061 !

<<<----  [OUT]
2020/08/31 11:55:50:122

Connecting Started...

<<<----  [OUT]
2020/08/31 11:55:52:164

I can't connect with the passive [192.168.100.113/5000] error_code:10061 !

<<<----  [OUT]
2020/08/31 11:55:54:654

Connecting Started...

<<<----  [OUT]
2020/08/31 11:55:56:686

I can't connect with the passive [192.168.100.113/5000] error_code:10061 !

<<<----  [OUT]
2020/08/31 11:55:59:169

Connecting Started...

<<<----  [OUT]
2020/08/31 11:56:01:215

I can't connect with the passive [192.168.100.113/5000] error_code:10061 !

<<<----  [OUT]
2020/08/31 11:56:03:701

Connecting Started...

<<<----  [OUT]
2020/08/31 11:56:05:744

I can't connect with the passive [192.168.100.113/5000] error_code:10061 !

<<<----  [OUT]
2020/08/31 11:56:08:231

Connecting Started...

<<<----  [OUT]
2020/08/31 11:56:10:275

I can't connect with the passive [192.168.100.113/5000] error_code:10061 !

<<<----  [OUT]
2020/08/31 11:56:12:764

Connecting Started...

<<<----  [OUT]
2020/08/31 11:56:14:807

I can't connect with the passive [192.168.100.113/5000] error_code:10061 !

<<<----  [OUT]
2020/08/31 11:56:17:293

Connecting Started...

<<<----  [OUT]
2020/08/31 11:56:19:323

I can't connect with the passive [192.168.100.113/5000] error_code:10061 !

<<<----  [OUT]
2020/08/31 11:56:21:809

Connecting Started...

<<<----  [OUT]
2020/08/31 11:56:23:852

I can't connect with the passive [192.168.100.113/5000] error_code:10061 !

<<<----  [OUT]
2020/08/31 11:56:26:340

Connecting Started...

<<<----  [OUT]
2020/08/31 11:56:28:386

I can't connect with the passive [192.168.100.113/5000] error_code:10061 !

<<<----  [OUT]
2020/08/31 11:56:30:872

Connecting Started...

<<<----  [OUT]
2020/08/31 11:56:32:920

I can't connect with the passive [192.168.100.113/5000] error_code:10061 !

<<<----  [OUT]
2020/08/31 11:56:35:403

Connecting Started...

<<<----  [OUT]
2020/08/31 11:56:37:447

I can't connect with the passive [192.168.100.113/5000] error_code:10061 !

<<<----  [OUT]
2020/08/31 11:56:39:934

Connecting Started...

<<<----  [OUT]
2020/08/31 11:56:41:984

I can't connect with the passive [192.168.100.113/5000] error_code:10061 !

<<<----  [OUT]
2020/08/31 11:56:44:467

Connecting Started...

<<<----  [OUT]
2020/08/31 11:56:46:507

I can't connect with the passive [192.168.100.113/5000] error_code:10061 !

<<<----  [OUT]
2020/08/31 11:56:48:997

Connecting Started...

<<<----  [OUT]
2020/08/31 11:56:51:031

I can't connect with the passive [192.168.100.113/5000] error_code:10061 !

<<<----  [OUT]
2020/08/31 11:56:53:514

Connecting Started...

<<<----  [OUT]
2020/08/31 11:56:55:545

I can't connect with the passive [192.168.100.113/5000] error_code:10061 !

<<<----  [OUT]
2020/08/31 11:56:58:028

Connecting Started...

<<<----  [OUT]
2020/08/31 11:57:00:072

I can't connect with the passive [192.168.100.113/5000] error_code:10061 !

<<<----  [OUT]
2020/08/31 11:57:02:560

Connecting Started...

<<<----  [OUT]
2020/08/31 11:57:04:606

I can't connect with the passive [192.168.100.113/5000] error_code:10061 !

<<<----  [OUT]
2020/08/31 11:57:07:090

Connecting Started...

<<<----  [OUT]
2020/08/31 11:57:09:123

I can't connect with the passive [192.168.100.113/5000] error_code:10061 !

<<<----  [OUT]
2020/08/31 11:57:11:606

Connecting Started...

<<<----  [OUT]
2020/08/31 11:57:13:647

I can't connect with the passive [192.168.100.113/5000] error_code:10061 !

<<<----  [OUT]
2020/08/31 11:57:16:138

Connecting Started...

<<<----  [OUT]
2020/08/31 11:57:18:184

I can't connect with the passive [192.168.100.113/5000] error_code:10061 !

<<<----  [OUT]
2020/08/31 11:57:20:670

Connecting Started...

<<<----  [OUT]
2020/08/31 11:57:22:717

I can't connect with the passive [192.168.100.113/5000] error_code:10061 !

<<<----  [OUT]
2020/08/31 11:57:25:200

Connecting Started...

<<<----  [OUT]
2020/08/31 11:57:27:245

I can't connect with the passive [192.168.100.113/5000] error_code:10061 !

<<<----  [OUT]
2020/08/31 11:57:29:733

Connecting Started...

<<<----  [OUT]
2020/08/31 11:57:31:764

I can't connect with the passive [192.168.100.113/5000] error_code:10061 !

<<<----  [OUT]
2020/08/31 11:57:34:248

Connecting Started...

<<<----  [OUT]
2020/08/31 11:57:36:287

I can't connect with the passive [192.168.100.113/5000] error_code:10061 !

<<<----  [OUT]
2020/08/31 11:57:38:779

Connecting Started...

<<<----  [OUT]
2020/08/31 11:57:40:808

I can't connect with the passive [192.168.100.113/5000] error_code:10061 !

<<<----  [OUT]
2020/08/31 11:57:43:294

Connecting Started...

<<<----  [OUT]
2020/08/31 11:57:45:329

I can't connect with the passive [192.168.100.113/5000] error_code:10061 !

<<<----  [OUT]
2020/08/31 11:57:47:810

Connecting Started...

<<<----  [OUT]
2020/08/31 11:57:49:855

I can't connect with the passive [192.168.100.113/5000] error_code:10061 !

<<<----  [OUT]
2020/08/31 11:57:52:341

Connecting Started...

<<<----  [OUT]
2020/08/31 11:57:54:379

I can't connect with the passive [192.168.100.113/5000] error_code:10061 !

<<<----  [OUT]
2020/08/31 11:57:56:856

Connecting Started...

<<<----  [OUT]
2020/08/31 11:57:58:908

I can't connect with the passive [192.168.100.113/5000] error_code:10061 !

<<<----  [OUT]
2020/08/31 11:58:01:388

Connecting Started...

<<<----  [OUT]
2020/08/31 11:58:03:412

I can't connect with the passive [192.168.100.113/5000] error_code:10061 !

<<<----  [OUT]
2020/08/31 11:58:05:887

Connecting Started...

<<<----  [OUT]
2020/08/31 11:58:07:923

I can't connect with the passive [192.168.100.113/5000] error_code:10061 !

<<<----  [OUT]
2020/08/31 11:58:10:404

Connecting Started...

<<<----  [OUT]
2020/08/31 11:58:12:445

I can't connect with the passive [192.168.100.113/5000] error_code:10061 !

<<<----  [OUT]
2020/08/31 11:58:14:935

Connecting Started...

<<<----  [OUT]
2020/08/31 11:58:16:980

I can't connect with the passive [192.168.100.113/5000] error_code:10061 !

<<<----  [OUT]
2020/08/31 11:58:19:467

Connecting Started...

<<<----  [OUT]
2020/08/31 11:58:21:496

I can't connect with the passive [192.168.100.113/5000] error_code:10061 !

<<<----  [OUT]
2020/08/31 11:58:23:983

Connecting Started...

<<<----  [OUT]
2020/08/31 11:58:26:028

I can't connect with the passive [192.168.100.113/5000] error_code:10061 !

<<<----  [OUT]
2020/08/31 11:58:28:512

Connecting Started...

<<<----  [OUT]
2020/08/31 11:58:30:559

I can't connect with the passive [192.168.100.113/5000] error_code:10061 !

<<<----  [OUT]
2020/08/31 11:58:33:044

Connecting Started...

<<<----  [OUT]
2020/08/31 11:58:35:078

I can't connect with the passive [192.168.100.113/5000] error_code:10061 !

<<<----  [OUT]
2020/08/31 11:58:37:560

Connecting Started...

<<<----  [OUT]
2020/08/31 11:58:39:598

I can't connect with the passive [192.168.100.113/5000] error_code:10061 !

<<<----  [OUT]
2020/08/31 11:58:42:075

Connecting Started...

<<<----  [OUT]
2020/08/31 11:58:44:127

I can't connect with the passive [192.168.100.113/5000] error_code:10061 !

<<<----  [OUT]
2020/08/31 11:58:46:606

Connecting Started...

<<<----  [OUT]
2020/08/31 11:58:48:636

I can't connect with the passive [192.168.100.113/5000] error_code:10061 !

<<<----  [OUT]
2020/08/31 11:58:51:123

Connecting Started...

<<<----  [OUT]
2020/08/31 11:58:53:176

I can't connect with the passive [192.168.100.113/5000] error_code:10061 !

<<<----  [OUT]
2020/08/31 11:58:55:653

Connecting Started...

<<<----  [OUT]
2020/08/31 11:58:57:698

I can't connect with the passive [192.168.100.113/5000] error_code:10061 !

<<<----  [OUT]
2020/08/31 11:59:00:185

Connecting Started...

<<<----  [OUT]
2020/08/31 11:59:02:217

I can't connect with the passive [192.168.100.113/5000] error_code:10061 !

<<<----  [OUT]
2020/08/31 11:59:04:700

Connecting Started...

<<<----  [OUT]
2020/08/31 11:59:06:751

I can't connect with the passive [192.168.100.113/5000] error_code:10061 !

<<<----  [OUT]
2020/08/31 11:59:09:232

Connecting Started...

<<<----  [OUT]
2020/08/31 11:59:11:269

I can't connect with the passive [192.168.100.113/5000] error_code:10061 !

<<<----  [OUT]
2020/08/31 11:59:13:747

Connecting Started...

<<<----  [OUT]
2020/08/31 11:59:15:788

I can't connect with the passive [192.168.100.113/5000] error_code:10061 !

<<<----  [OUT]
2020/08/31 11:59:18:278

Connecting Started...

<<<----  [OUT]
2020/08/31 11:59:20:318

I can't connect with the passive [192.168.100.113/5000] error_code:10061 !

<<<----  [OUT]
2020/08/31 11:59:22:794

Connecting Started...

<<<----  [OUT]
2020/08/31 11:59:24:843

I can't connect with the passive [192.168.100.113/5000] error_code:10061 !

<<<----  [OUT]
2020/08/31 11:59:27:325

Connecting Started...

<<<----  [OUT]
2020/08/31 11:59:29:364

I can't connect with the passive [192.168.100.113/5000] error_code:10061 !

<<<----  [OUT]
2020/08/31 11:59:31:840

Connecting Started...

<<<----  [OUT]
2020/08/31 11:59:33:882

I can't connect with the passive [192.168.100.113/5000] error_code:10061 !

<<<----  [OUT]
2020/08/31 11:59:36:372

Connecting Started...

<<<----  [OUT]
2020/08/31 11:59:38:414

I can't connect with the passive [192.168.100.113/5000] error_code:10061 !

<<<----  [OUT]
2020/08/31 11:59:40:903

Connecting Started...

<<<----  [OUT]
2020/08/31 11:59:42:949

I can't connect with the passive [192.168.100.113/5000] error_code:10061 !

<<<----  [OUT]
2020/08/31 11:59:45:435

Connecting Started...

<<<----  [OUT]
2020/08/31 11:59:47:488

I can't connect with the passive [192.168.100.113/5000] error_code:10061 !

<<<----  [OUT]
2020/08/31 11:59:49:967

Connecting Started...

<<<----  [OUT]
2020/08/31 11:59:52:005

I can't connect with the passive [192.168.100.113/5000] error_code:10061 !

<<<----  [OUT]
2020/08/31 11:59:54:482

Connecting Started...

<<<----  [OUT]
2020/08/31 11:59:56:522

I can't connect with the passive [192.168.100.113/5000] error_code:10061 !

<<<----  [OUT]
2020/08/31 11:59:59:013

Connecting Started...
