
<<<----  [OUT]
2020/08/31 18:00:01:069

I can't connect with the passive [192.168.100.113/5000] error_code:10061 !

<<<----  [OUT]
2020/08/31 18:00:03:544

Connecting Started...

<<<----  [OUT]
2020/08/31 18:00:05:583

I can't connect with the passive [192.168.100.113/5000] error_code:10061 !

<<<----  [OUT]
2020/08/31 18:00:08:061

Connecting Started...

<<<----  [OUT]
2020/08/31 18:00:10:099

I can't connect with the passive [192.168.100.113/5000] error_code:10061 !

<<<----  [OUT]
2020/08/31 18:00:12:575

Connecting Started...

<<<----  [OUT]
2020/08/31 18:00:14:617

I can't connect with the passive [192.168.100.113/5000] error_code:10061 !

<<<----  [OUT]
2020/08/31 18:00:17:108

Connecting Started...

<<<----  [OUT]
2020/08/31 18:00:19:160

I can't connect with the passive [192.168.100.113/5000] error_code:10061 !

<<<----  [OUT]
2020/08/31 18:00:21:638

Connecting Started...

<<<----  [OUT]
2020/08/31 18:00:23:681

I can't connect with the passive [192.168.100.113/5000] error_code:10061 !

<<<----  [OUT]
2020/08/31 18:00:26:171

Connecting Started...

<<<----  [OUT]
2020/08/31 18:00:28:212

I can't connect with the passive [192.168.100.113/5000] error_code:10061 !

<<<----  [OUT]
2020/08/31 18:00:30:702

Connecting Started...

<<<----  [OUT]
2020/08/31 18:00:32:754

I can't connect with the passive [192.168.100.113/5000] error_code:10061 !

<<<----  [OUT]
2020/08/31 18:00:35:232

Connecting Started...

<<<----  [OUT]
2020/08/31 18:00:37:265

I can't connect with the passive [192.168.100.113/5000] error_code:10061 !

<<<----  [OUT]
2020/08/31 18:00:39:749

Connecting Started...

<<<----  [OUT]
2020/08/31 18:00:41:779

I can't connect with the passive [192.168.100.113/5000] error_code:10061 !

<<<----  [OUT]
2020/08/31 18:00:44:264

Connecting Started...

<<<----  [OUT]
2020/08/31 18:00:46:316

I can't connect with the passive [192.168.100.113/5000] error_code:10061 !

<<<----  [OUT]
2020/08/31 18:00:48:794

Connecting Started...

<<<----  [OUT]
2020/08/31 18:00:50:844

I can't connect with the passive [192.168.100.113/5000] error_code:10061 !

<<<----  [OUT]
2020/08/31 18:00:53:327

Connecting Started...

<<<----  [OUT]
2020/08/31 18:00:55:368

I can't connect with the passive [192.168.100.113/5000] error_code:10061 !

<<<----  [OUT]
2020/08/31 18:00:57:857

Connecting Started...

<<<----  [OUT]
2020/08/31 18:00:59:907

I can't connect with the passive [192.168.100.113/5000] error_code:10061 !

<<<----  [OUT]
2020/08/31 18:01:02:388

Connecting Started...

<<<----  [OUT]
2020/08/31 18:01:04:424

I can't connect with the passive [192.168.100.113/5000] error_code:10061 !

<<<----  [OUT]
2020/08/31 18:01:06:904

Connecting Started...

<<<----  [OUT]
2020/08/31 18:01:08:951

I can't connect with the passive [192.168.100.113/5000] error_code:10061 !

<<<----  [OUT]
2020/08/31 18:01:11:436

Connecting Started...

<<<----  [OUT]
2020/08/31 18:01:13:487

I can't connect with the passive [192.168.100.113/5000] error_code:10061 !

<<<----  [OUT]
2020/08/31 18:01:15:968

Connecting Started...

<<<----  [OUT]
2020/08/31 18:01:18:012

I can't connect with the passive [192.168.100.113/5000] error_code:10061 !

<<<----  [OUT]
2020/08/31 18:01:20:498

Connecting Started...

<<<----  [OUT]
2020/08/31 18:01:22:544

I can't connect with the passive [192.168.100.113/5000] error_code:10061 !

<<<----  [OUT]
2020/08/31 18:01:25:030

Connecting Started...

<<<----  [OUT]
2020/08/31 18:01:27:070

I can't connect with the passive [192.168.100.113/5000] error_code:10061 !

<<<----  [OUT]
2020/08/31 18:01:29:560

Connecting Started...

<<<----  [OUT]
2020/08/31 18:01:31:597

I can't connect with the passive [192.168.100.113/5000] error_code:10061 !

<<<----  [OUT]
2020/08/31 18:01:34:077

Connecting Started...

<<<----  [OUT]
2020/08/31 18:01:36:123

I can't connect with the passive [192.168.100.113/5000] error_code:10061 !

<<<----  [OUT]
2020/08/31 18:01:38:607

Connecting Started...

<<<----  [OUT]
2020/08/31 18:01:40:665

I can't connect with the passive [192.168.100.113/5000] error_code:10061 !

<<<----  [OUT]
2020/08/31 18:01:43:154

Connecting Started...

<<<----  [OUT]
2020/08/31 18:01:45:202

I can't connect with the passive [192.168.100.113/5000] error_code:10061 !

<<<----  [OUT]
2020/08/31 18:01:47:686

Connecting Started...

<<<----  [OUT]
2020/08/31 18:01:49:730

I can't connect with the passive [192.168.100.113/5000] error_code:10061 !

<<<----  [OUT]
2020/08/31 18:01:52:218

Connecting Started...

<<<----  [OUT]
2020/08/31 18:01:54:268

I can't connect with the passive [192.168.100.113/5000] error_code:10061 !

<<<----  [OUT]
2020/08/31 18:01:56:749

Connecting Started...

<<<----  [OUT]
2020/08/31 18:01:58:800

I can't connect with the passive [192.168.100.113/5000] error_code:10061 !

<<<----  [OUT]
2020/08/31 18:02:01:280

Connecting Started...

<<<----  [OUT]
2020/08/31 18:02:03:321

I can't connect with the passive [192.168.100.113/5000] error_code:10061 !

<<<----  [OUT]
2020/08/31 18:02:05:812

Connecting Started...

<<<----  [OUT]
2020/08/31 18:02:07:850

I can't connect with the passive [192.168.100.113/5000] error_code:10061 !

<<<----  [OUT]
2020/08/31 18:02:10:326

Connecting Started...

<<<----  [OUT]
2020/08/31 18:02:12:373

I can't connect with the passive [192.168.100.113/5000] error_code:10061 !

<<<----  [OUT]
2020/08/31 18:02:14:858

Connecting Started...

<<<----  [OUT]
2020/08/31 18:02:16:893

I can't connect with the passive [192.168.100.113/5000] error_code:10061 !

<<<----  [OUT]
2020/08/31 18:02:19:373

Connecting Started...

<<<----  [OUT]
2020/08/31 18:02:21:404

I can't connect with the passive [192.168.100.113/5000] error_code:10061 !

<<<----  [OUT]
2020/08/31 18:02:23:888

Connecting Started...

<<<----  [OUT]
2020/08/31 18:02:25:938

I can't connect with the passive [192.168.100.113/5000] error_code:10061 !

<<<----  [OUT]
2020/08/31 18:02:28:420

Connecting Started...

<<<----  [OUT]
2020/08/31 18:02:30:459

I can't connect with the passive [192.168.100.113/5000] error_code:10061 !

<<<----  [OUT]
2020/08/31 18:02:32:935

Connecting Started...

<<<----  [OUT]
2020/08/31 18:02:34:990

I can't connect with the passive [192.168.100.113/5000] error_code:10061 !

<<<----  [OUT]
2020/08/31 18:02:37:467

Connecting Started...

<<<----  [OUT]
2020/08/31 18:02:39:505

I can't connect with the passive [192.168.100.113/5000] error_code:10061 !

<<<----  [OUT]
2020/08/31 18:02:41:982

Connecting Started...

<<<----  [OUT]
2020/08/31 18:02:44:032

I can't connect with the passive [192.168.100.113/5000] error_code:10061 !

<<<----  [OUT]
2020/08/31 18:02:46:515

Connecting Started...

<<<----  [OUT]
2020/08/31 18:02:48:563

I can't connect with the passive [192.168.100.113/5000] error_code:10061 !

<<<----  [OUT]
2020/08/31 18:02:51:045

Connecting Started...

<<<----  [OUT]
2020/08/31 18:02:53:096

I can't connect with the passive [192.168.100.113/5000] error_code:10061 !

<<<----  [OUT]
2020/08/31 18:02:55:576

Connecting Started...

<<<----  [OUT]
2020/08/31 18:02:57:613

I can't connect with the passive [192.168.100.113/5000] error_code:10061 !

<<<----  [OUT]
2020/08/31 18:03:00:092

Connecting Started...

<<<----  [OUT]
2020/08/31 18:03:02:142

I can't connect with the passive [192.168.100.113/5000] error_code:10061 !

<<<----  [OUT]
2020/08/31 18:03:04:623

Connecting Started...

<<<----  [OUT]
2020/08/31 18:03:06:674

I can't connect with the passive [192.168.100.113/5000] error_code:10061 !

<<<----  [OUT]
2020/08/31 18:03:09:154

Connecting Started...

<<<----  [OUT]
2020/08/31 18:03:11:192

I can't connect with the passive [192.168.100.113/5000] error_code:10061 !

<<<----  [OUT]
2020/08/31 18:03:13:670

Connecting Started...

<<<----  [OUT]
2020/08/31 18:03:15:723

I can't connect with the passive [192.168.100.113/5000] error_code:10061 !

<<<----  [OUT]
2020/08/31 18:03:18:202

Connecting Started...

<<<----  [OUT]
2020/08/31 18:03:20:240

I can't connect with the passive [192.168.100.113/5000] error_code:10061 !

<<<----  [OUT]
2020/08/31 18:03:22:718

Connecting Started...

<<<----  [OUT]
2020/08/31 18:03:24:752

I can't connect with the passive [192.168.100.113/5000] error_code:10061 !

<<<----  [OUT]
2020/08/31 18:03:27:232

Connecting Started...

<<<----  [OUT]
2020/08/31 18:03:29:277

I can't connect with the passive [192.168.100.113/5000] error_code:10061 !

<<<----  [OUT]
2020/08/31 18:03:31:764

Connecting Started...

<<<----  [OUT]
2020/08/31 18:03:33:809

I can't connect with the passive [192.168.100.113/5000] error_code:10061 !

<<<----  [OUT]
2020/08/31 18:03:36:296

Connecting Started...

<<<----  [OUT]
2020/08/31 18:03:38:343

I can't connect with the passive [192.168.100.113/5000] error_code:10061 !

<<<----  [OUT]
2020/08/31 18:03:40:826

Connecting Started...

<<<----  [OUT]
2020/08/31 18:03:42:861

I can't connect with the passive [192.168.100.113/5000] error_code:10061 !

<<<----  [OUT]
2020/08/31 18:03:45:343

Connecting Started...

<<<----  [OUT]
2020/08/31 18:03:47:386

I can't connect with the passive [192.168.100.113/5000] error_code:10061 !

<<<----  [OUT]
2020/08/31 18:03:49:873

Connecting Started...

<<<----  [OUT]
2020/08/31 18:03:51:911

I can't connect with the passive [192.168.100.113/5000] error_code:10061 !

<<<----  [OUT]
2020/08/31 18:03:54:389

Connecting Started...

<<<----  [OUT]
2020/08/31 18:03:56:435

I can't connect with the passive [192.168.100.113/5000] error_code:10061 !

<<<----  [OUT]
2020/08/31 18:03:58:920

Connecting Started...

<<<----  [OUT]
2020/08/31 18:04:00:971

I can't connect with the passive [192.168.100.113/5000] error_code:10061 !

<<<----  [OUT]
2020/08/31 18:04:03:451

Connecting Started...

<<<----  [OUT]
2020/08/31 18:04:05:505

I can't connect with the passive [192.168.100.113/5000] error_code:10061 !

<<<----  [OUT]
2020/08/31 18:04:07:982

Connecting Started...

<<<----  [OUT]
2020/08/31 18:04:10:029

I can't connect with the passive [192.168.100.113/5000] error_code:10061 !

<<<----  [OUT]
2020/08/31 18:04:12:514

Connecting Started...

<<<----  [OUT]
2020/08/31 18:04:14:547

I can't connect with the passive [192.168.100.113/5000] error_code:10061 !

<<<----  [OUT]
2020/08/31 18:04:17:029

Connecting Started...

<<<----  [OUT]
2020/08/31 18:04:19:076

I can't connect with the passive [192.168.100.113/5000] error_code:10061 !

<<<----  [OUT]
2020/08/31 18:04:21:561

Connecting Started...

<<<----  [OUT]
2020/08/31 18:04:23:593

I can't connect with the passive [192.168.100.113/5000] error_code:10061 !

<<<----  [OUT]
2020/08/31 18:04:26:076

Connecting Started...

<<<----  [OUT]
2020/08/31 18:04:28:123

I can't connect with the passive [192.168.100.113/5000] error_code:10061 !

<<<----  [OUT]
2020/08/31 18:04:30:607

Connecting Started...

<<<----  [OUT]
2020/08/31 18:04:32:662

I can't connect with the passive [192.168.100.113/5000] error_code:10061 !

<<<----  [OUT]
2020/08/31 18:04:35:139

Connecting Started...

<<<----  [OUT]
2020/08/31 18:04:37:189

I can't connect with the passive [192.168.100.113/5000] error_code:10061 !

<<<----  [OUT]
2020/08/31 18:04:39:669

Connecting Started...

<<<----  [OUT]
2020/08/31 18:04:41:715

I can't connect with the passive [192.168.100.113/5000] error_code:10061 !

<<<----  [OUT]
2020/08/31 18:04:44:202

Connecting Started...

<<<----  [OUT]
2020/08/31 18:04:46:246

I can't connect with the passive [192.168.100.113/5000] error_code:10061 !

<<<----  [OUT]
2020/08/31 18:04:48:732

Connecting Started...

<<<----  [OUT]
2020/08/31 18:04:50:769

I can't connect with the passive [192.168.100.113/5000] error_code:10061 !

<<<----  [OUT]
2020/08/31 18:04:53:249

Connecting Started...

<<<----  [OUT]
2020/08/31 18:04:55:301

I can't connect with the passive [192.168.100.113/5000] error_code:10061 !

<<<----  [OUT]
2020/08/31 18:04:57:779

Connecting Started...

<<<----  [OUT]
2020/08/31 18:04:59:815

I can't connect with the passive [192.168.100.113/5000] error_code:10061 !

<<<----  [OUT]
2020/08/31 18:05:02:296

Connecting Started...

<<<----  [OUT]
2020/08/31 18:05:04:337

I can't connect with the passive [192.168.100.113/5000] error_code:10061 !

<<<----  [OUT]
2020/08/31 18:05:06:826

Connecting Started...

<<<----  [OUT]
2020/08/31 18:05:08:878

I can't connect with the passive [192.168.100.113/5000] error_code:10061 !

<<<----  [OUT]
2020/08/31 18:05:11:357

Connecting Started...

<<<----  [OUT]
2020/08/31 18:05:13:400

I can't connect with the passive [192.168.100.113/5000] error_code:10061 !

<<<----  [OUT]
2020/08/31 18:05:15:888

Connecting Started...

<<<----  [OUT]
2020/08/31 18:05:17:924

I can't connect with the passive [192.168.100.113/5000] error_code:10061 !

<<<----  [OUT]
2020/08/31 18:05:20:405

Connecting Started...

<<<----  [OUT]
2020/08/31 18:05:22:450

I can't connect with the passive [192.168.100.113/5000] error_code:10061 !

<<<----  [OUT]
2020/08/31 18:05:24:935

Connecting Started...

<<<----  [OUT]
2020/08/31 18:05:26:983

I can't connect with the passive [192.168.100.113/5000] error_code:10061 !

<<<----  [OUT]
2020/08/31 18:05:29:468

Connecting Started...

<<<----  [OUT]
2020/08/31 18:05:31:523

I can't connect with the passive [192.168.100.113/5000] error_code:10061 !

<<<----  [OUT]
2020/08/31 18:05:34:015

Connecting Started...

<<<----  [OUT]
2020/08/31 18:05:36:050

I can't connect with the passive [192.168.100.113/5000] error_code:10061 !

<<<----  [OUT]
2020/08/31 18:05:38:530

Connecting Started...

<<<----  [OUT]
2020/08/31 18:05:40:579

I can't connect with the passive [192.168.100.113/5000] error_code:10061 !

<<<----  [OUT]
2020/08/31 18:05:43:062

Connecting Started...

<<<----  [OUT]
2020/08/31 18:05:45:110

I can't connect with the passive [192.168.100.113/5000] error_code:10061 !

<<<----  [OUT]
2020/08/31 18:05:47:593

Connecting Started...

<<<----  [OUT]
2020/08/31 18:05:49:626

I can't connect with the passive [192.168.100.113/5000] error_code:10061 !

<<<----  [OUT]
2020/08/31 18:05:52:107

Connecting Started...

<<<----  [OUT]
2020/08/31 18:05:54:159

I can't connect with the passive [192.168.100.113/5000] error_code:10061 !

<<<----  [OUT]
2020/08/31 18:05:56:639

Connecting Started...

<<<----  [OUT]
2020/08/31 18:05:58:676

I can't connect with the passive [192.168.100.113/5000] error_code:10061 !

<<<----  [OUT]
2020/08/31 18:06:01:154

Connecting Started...

<<<----  [OUT]
2020/08/31 18:06:03:197

I can't connect with the passive [192.168.100.113/5000] error_code:10061 !

<<<----  [OUT]
2020/08/31 18:06:05:685

Connecting Started...

<<<----  [OUT]
2020/08/31 18:06:07:735

I can't connect with the passive [192.168.100.113/5000] error_code:10061 !

<<<----  [OUT]
2020/08/31 18:06:10:217

Connecting Started...

<<<----  [OUT]
2020/08/31 18:06:12:258

I can't connect with the passive [192.168.100.113/5000] error_code:10061 !

<<<----  [OUT]
2020/08/31 18:06:14:749

Connecting Started...

<<<----  [OUT]
2020/08/31 18:06:16:788

I can't connect with the passive [192.168.100.113/5000] error_code:10061 !

<<<----  [OUT]
2020/08/31 18:06:19:279

Connecting Started...

<<<----  [OUT]
2020/08/31 18:06:21:318

I can't connect with the passive [192.168.100.113/5000] error_code:10061 !

<<<----  [OUT]
2020/08/31 18:06:23:795

Connecting Started...

<<<----  [OUT]
2020/08/31 18:06:25:843

I can't connect with the passive [192.168.100.113/5000] error_code:10061 !

<<<----  [OUT]
2020/08/31 18:06:28:326

Connecting Started...

<<<----  [OUT]
2020/08/31 18:06:30:370

I can't connect with the passive [192.168.100.113/5000] error_code:10061 !

<<<----  [OUT]
2020/08/31 18:06:32:859

Connecting Started...

<<<----  [OUT]
2020/08/31 18:06:34:896

I can't connect with the passive [192.168.100.113/5000] error_code:10061 !

<<<----  [OUT]
2020/08/31 18:06:37:372

Connecting Started...

<<<----  [OUT]
2020/08/31 18:06:39:418

I can't connect with the passive [192.168.100.113/5000] error_code:10061 !

<<<----  [OUT]
2020/08/31 18:06:41:905

Connecting Started...

<<<----  [OUT]
2020/08/31 18:06:43:962

I can't connect with the passive [192.168.100.113/5000] error_code:10061 !

<<<----  [OUT]
2020/08/31 18:06:46:452

Connecting Started...

<<<----  [OUT]
2020/08/31 18:06:48:503

I can't connect with the passive [192.168.100.113/5000] error_code:10061 !

<<<----  [OUT]
2020/08/31 18:06:50:982

Connecting Started...

<<<----  [OUT]
2020/08/31 18:06:53:017

I can't connect with the passive [192.168.100.113/5000] error_code:10061 !

<<<----  [OUT]
2020/08/31 18:06:55:499

Connecting Started...

<<<----  [OUT]
2020/08/31 18:06:57:545

I can't connect with the passive [192.168.100.113/5000] error_code:10061 !

<<<----  [OUT]
2020/08/31 18:07:00:030

Connecting Started...

<<<----  [OUT]
2020/08/31 18:07:02:076

I can't connect with the passive [192.168.100.113/5000] error_code:10061 !

<<<----  [OUT]
2020/08/31 18:07:04:561

Connecting Started...

<<<----  [OUT]
2020/08/31 18:07:06:610

I can't connect with the passive [192.168.100.113/5000] error_code:10061 !

<<<----  [OUT]
2020/08/31 18:07:09:093

Connecting Started...

<<<----  [OUT]
2020/08/31 18:07:11:140

I can't connect with the passive [192.168.100.113/5000] error_code:10061 !

<<<----  [OUT]
2020/08/31 18:07:13:623

Connecting Started...

<<<----  [OUT]
2020/08/31 18:07:15:660

I can't connect with the passive [192.168.100.113/5000] error_code:10061 !

<<<----  [OUT]
2020/08/31 18:07:18:139

Connecting Started...

<<<----  [OUT]
2020/08/31 18:07:20:178

I can't connect with the passive [192.168.100.113/5000] error_code:10061 !

<<<----  [OUT]
2020/08/31 18:07:22:654

Connecting Started...

<<<----  [OUT]
2020/08/31 18:07:24:687

I can't connect with the passive [192.168.100.113/5000] error_code:10061 !

<<<----  [OUT]
2020/08/31 18:07:27:169

Connecting Started...

<<<----  [OUT]
2020/08/31 18:07:29:223

I can't connect with the passive [192.168.100.113/5000] error_code:10061 !

<<<----  [OUT]
2020/08/31 18:07:31:701

Connecting Started...

<<<----  [OUT]
2020/08/31 18:07:33:752

I can't connect with the passive [192.168.100.113/5000] error_code:10061 !

<<<----  [OUT]
2020/08/31 18:07:36:232

Connecting Started...

<<<----  [OUT]
2020/08/31 18:07:38:272

I can't connect with the passive [192.168.100.113/5000] error_code:10061 !

<<<----  [OUT]
2020/08/31 18:07:40:748

Connecting Started...

<<<----  [OUT]
2020/08/31 18:07:42:798

I can't connect with the passive [192.168.100.113/5000] error_code:10061 !

<<<----  [OUT]
2020/08/31 18:07:45:280

Connecting Started...

<<<----  [OUT]
2020/08/31 18:07:47:326

I can't connect with the passive [192.168.100.113/5000] error_code:10061 !

<<<----  [OUT]
2020/08/31 18:07:49:811

Connecting Started...

<<<----  [OUT]
2020/08/31 18:07:51:864

I can't connect with the passive [192.168.100.113/5000] error_code:10061 !

<<<----  [OUT]
2020/08/31 18:07:54:342

Connecting Started...

<<<----  [OUT]
2020/08/31 18:07:56:380

I can't connect with the passive [192.168.100.113/5000] error_code:10061 !

<<<----  [OUT]
2020/08/31 18:07:58:858

Connecting Started...

<<<----  [OUT]
2020/08/31 18:08:00:899

I can't connect with the passive [192.168.100.113/5000] error_code:10061 !

<<<----  [OUT]
2020/08/31 18:08:03:390

Connecting Started...

<<<----  [OUT]
2020/08/31 18:08:05:437

I can't connect with the passive [192.168.100.113/5000] error_code:10061 !

<<<----  [OUT]
2020/08/31 18:08:07:920

Connecting Started...

<<<----  [OUT]
2020/08/31 18:08:09:970

I can't connect with the passive [192.168.100.113/5000] error_code:10061 !

<<<----  [OUT]
2020/08/31 18:08:12:451

Connecting Started...

<<<----  [OUT]
2020/08/31 18:08:14:503

I can't connect with the passive [192.168.100.113/5000] error_code:10061 !

<<<----  [OUT]
2020/08/31 18:08:16:982

Connecting Started...

<<<----  [OUT]
2020/08/31 18:08:19:014

I can't connect with the passive [192.168.100.113/5000] error_code:10061 !

<<<----  [OUT]
2020/08/31 18:08:21:499

Connecting Started...

<<<----  [OUT]
2020/08/31 18:08:23:541

I can't connect with the passive [192.168.100.113/5000] error_code:10061 !

<<<----  [OUT]
2020/08/31 18:08:26:029

Connecting Started...

<<<----  [OUT]
2020/08/31 18:08:28:078

I can't connect with the passive [192.168.100.113/5000] error_code:10061 !

<<<----  [OUT]
2020/08/31 18:08:30:561

Connecting Started...

<<<----  [OUT]
2020/08/31 18:08:32:596

I can't connect with the passive [192.168.100.113/5000] error_code:10061 !

<<<----  [OUT]
2020/08/31 18:08:35:076

Connecting Started...

<<<----  [OUT]
2020/08/31 18:08:37:115

I can't connect with the passive [192.168.100.113/5000] error_code:10061 !

<<<----  [OUT]
2020/08/31 18:08:39:593

Connecting Started...

<<<----  [OUT]
2020/08/31 18:08:41:644

I can't connect with the passive [192.168.100.113/5000] error_code:10061 !

<<<----  [OUT]
2020/08/31 18:08:44:124

Connecting Started...

<<<----  [OUT]
2020/08/31 18:08:46:172

I can't connect with the passive [192.168.100.113/5000] error_code:10061 !

<<<----  [OUT]
2020/08/31 18:08:48:654

Connecting Started...

<<<----  [OUT]
2020/08/31 18:08:50:689

I can't connect with the passive [192.168.100.113/5000] error_code:10061 !

<<<----  [OUT]
2020/08/31 18:08:53:170

Connecting Started...

<<<----  [OUT]
2020/08/31 18:08:55:213

I can't connect with the passive [192.168.100.113/5000] error_code:10061 !

<<<----  [OUT]
2020/08/31 18:08:57:702

Connecting Started...

<<<----  [OUT]
2020/08/31 18:08:59:732

I can't connect with the passive [192.168.100.113/5000] error_code:10061 !

<<<----  [OUT]
2020/08/31 18:09:02:217

Connecting Started...

<<<----  [OUT]
2020/08/31 18:09:04:272

I can't connect with the passive [192.168.100.113/5000] error_code:10061 !

<<<----  [OUT]
2020/08/31 18:09:06:748

Connecting Started...

<<<----  [OUT]
2020/08/31 18:09:08:793

I can't connect with the passive [192.168.100.113/5000] error_code:10061 !

<<<----  [OUT]
2020/08/31 18:09:11:280

Connecting Started...

<<<----  [OUT]
2020/08/31 18:09:13:335

I can't connect with the passive [192.168.100.113/5000] error_code:10061 !

<<<----  [OUT]
2020/08/31 18:09:15:826

Connecting Started...

<<<----  [OUT]
2020/08/31 18:09:17:881

I can't connect with the passive [192.168.100.113/5000] error_code:10061 !

<<<----  [OUT]
2020/08/31 18:09:20:357

Connecting Started...

<<<----  [OUT]
2020/08/31 18:09:22:395

I can't connect with the passive [192.168.100.113/5000] error_code:10061 !

<<<----  [OUT]
2020/08/31 18:09:24:874

Connecting Started...

<<<----  [OUT]
2020/08/31 18:09:26:923

I can't connect with the passive [192.168.100.113/5000] error_code:10061 !

<<<----  [OUT]
2020/08/31 18:09:29:404

Connecting Started...

<<<----  [OUT]
2020/08/31 18:09:31:446

I can't connect with the passive [192.168.100.113/5000] error_code:10061 !

<<<----  [OUT]
2020/08/31 18:09:33:935

Connecting Started...

<<<----  [OUT]
2020/08/31 18:09:35:973

I can't connect with the passive [192.168.100.113/5000] error_code:10061 !

<<<----  [OUT]
2020/08/31 18:09:38:451

Connecting Started...

<<<----  [OUT]
2020/08/31 18:09:40:478

I can't connect with the passive [192.168.100.113/5000] error_code:10061 !

<<<----  [OUT]
2020/08/31 18:09:42:966

Connecting Started...

<<<----  [OUT]
2020/08/31 18:09:45:001

I can't connect with the passive [192.168.100.113/5000] error_code:10061 !

<<<----  [OUT]
2020/08/31 18:09:47:482

Connecting Started...

<<<----  [OUT]
2020/08/31 18:09:49:524

I can't connect with the passive [192.168.100.113/5000] error_code:10061 !

<<<----  [OUT]
2020/08/31 18:09:52:014

Connecting Started...

<<<----  [OUT]
2020/08/31 18:09:54:051

I can't connect with the passive [192.168.100.113/5000] error_code:10061 !

<<<----  [OUT]
2020/08/31 18:09:56:530

Connecting Started...

<<<----  [OUT]
2020/08/31 18:09:58:561

I can't connect with the passive [192.168.100.113/5000] error_code:10061 !

<<<----  [OUT]
2020/08/31 18:10:01:045

Connecting Started...

<<<----  [OUT]
2020/08/31 18:10:03:090

I can't connect with the passive [192.168.100.113/5000] error_code:10061 !

<<<----  [OUT]
2020/08/31 18:10:05:577

Connecting Started...

<<<----  [OUT]
2020/08/31 18:10:07:621

I can't connect with the passive [192.168.100.113/5000] error_code:10061 !

<<<----  [OUT]
2020/08/31 18:10:10:108

Connecting Started...

<<<----  [OUT]
2020/08/31 18:10:12:150

I can't connect with the passive [192.168.100.113/5000] error_code:10061 !

<<<----  [OUT]
2020/08/31 18:10:14:640

Connecting Started...

<<<----  [OUT]
2020/08/31 18:10:16:670

I can't connect with the passive [192.168.100.113/5000] error_code:10061 !

<<<----  [OUT]
2020/08/31 18:10:19:154

Connecting Started...

<<<----  [OUT]
2020/08/31 18:10:21:206

I can't connect with the passive [192.168.100.113/5000] error_code:10061 !

<<<----  [OUT]
2020/08/31 18:10:23:686

Connecting Started...

<<<----  [OUT]
2020/08/31 18:10:25:726

I can't connect with the passive [192.168.100.113/5000] error_code:10061 !

<<<----  [OUT]
2020/08/31 18:10:28:217

Connecting Started...

<<<----  [OUT]
2020/08/31 18:10:30:252

I can't connect with the passive [192.168.100.113/5000] error_code:10061 !

<<<----  [OUT]
2020/08/31 18:10:32:733

Connecting Started...

<<<----  [OUT]
2020/08/31 18:10:34:785

I can't connect with the passive [192.168.100.113/5000] error_code:10061 !

<<<----  [OUT]
2020/08/31 18:10:37:263

Connecting Started...

<<<----  [OUT]
2020/08/31 18:10:39:312

I can't connect with the passive [192.168.100.113/5000] error_code:10061 !

<<<----  [OUT]
2020/08/31 18:10:41:795

Connecting Started...

<<<----  [OUT]
2020/08/31 18:10:43:838

I can't connect with the passive [192.168.100.113/5000] error_code:10061 !

<<<----  [OUT]
2020/08/31 18:10:46:326

Connecting Started...

<<<----  [OUT]
2020/08/31 18:10:48:376

I can't connect with the passive [192.168.100.113/5000] error_code:10061 !

<<<----  [OUT]
2020/08/31 18:10:50:858

Connecting Started...

<<<----  [OUT]
2020/08/31 18:10:52:907

I can't connect with the passive [192.168.100.113/5000] error_code:10061 !

<<<----  [OUT]
2020/08/31 18:10:55:390

Connecting Started...

<<<----  [OUT]
2020/08/31 18:10:57:442

I can't connect with the passive [192.168.100.113/5000] error_code:10061 !

<<<----  [OUT]
2020/08/31 18:10:59:920

Connecting Started...

<<<----  [OUT]
2020/08/31 18:11:01:964

I can't connect with the passive [192.168.100.113/5000] error_code:10061 !

<<<----  [OUT]
2020/08/31 18:11:04:452

Connecting Started...

<<<----  [OUT]
2020/08/31 18:11:06:505

I can't connect with the passive [192.168.100.113/5000] error_code:10061 !

<<<----  [OUT]
2020/08/31 18:11:08:983

Connecting Started...

<<<----  [OUT]
2020/08/31 18:11:11:034

I can't connect with the passive [192.168.100.113/5000] error_code:10061 !

<<<----  [OUT]
2020/08/31 18:11:13:514

Connecting Started...

<<<----  [OUT]
2020/08/31 18:11:15:567

I can't connect with the passive [192.168.100.113/5000] error_code:10061 !

<<<----  [OUT]
2020/08/31 18:11:18:046

Connecting Started...

<<<----  [OUT]
2020/08/31 18:11:20:079

I can't connect with the passive [192.168.100.113/5000] error_code:10061 !

<<<----  [OUT]
2020/08/31 18:11:22:560

Connecting Started...

<<<----  [OUT]
2020/08/31 18:11:24:593

I can't connect with the passive [192.168.100.113/5000] error_code:10061 !

<<<----  [OUT]
2020/08/31 18:11:27:076

Connecting Started...

<<<----  [OUT]
2020/08/31 18:11:29:120

I can't connect with the passive [192.168.100.113/5000] error_code:10061 !

<<<----  [OUT]
2020/08/31 18:11:31:607

Connecting Started...

<<<----  [OUT]
2020/08/31 18:11:33:651

I can't connect with the passive [192.168.100.113/5000] error_code:10061 !

<<<----  [OUT]
2020/08/31 18:11:36:139

Connecting Started...

<<<----  [OUT]
2020/08/31 18:11:38:184

I can't connect with the passive [192.168.100.113/5000] error_code:10061 !

<<<----  [OUT]
2020/08/31 18:11:40:670

Connecting Started...

<<<----  [OUT]
2020/08/31 18:11:42:706

I can't connect with the passive [192.168.100.113/5000] error_code:10061 !

<<<----  [OUT]
2020/08/31 18:11:45:186

Connecting Started...

<<<----  [OUT]
2020/08/31 18:11:47:235

I can't connect with the passive [192.168.100.113/5000] error_code:10061 !

<<<----  [OUT]
2020/08/31 18:11:49:716

Connecting Started...

<<<----  [OUT]
2020/08/31 18:11:51:743

I can't connect with the passive [192.168.100.113/5000] error_code:10061 !

<<<----  [OUT]
2020/08/31 18:11:54:233

Connecting Started...

<<<----  [OUT]
2020/08/31 18:11:56:275

I can't connect with the passive [192.168.100.113/5000] error_code:10061 !

<<<----  [OUT]
2020/08/31 18:11:58:763

Connecting Started...

<<<----  [OUT]
2020/08/31 18:12:00:810

I can't connect with the passive [192.168.100.113/5000] error_code:10061 !

<<<----  [OUT]
2020/08/31 18:12:03:296

Connecting Started...

<<<----  [OUT]
2020/08/31 18:12:05:339

I can't connect with the passive [192.168.100.113/5000] error_code:10061 !

<<<----  [OUT]
2020/08/31 18:12:07:827

Connecting Started...

<<<----  [OUT]
2020/08/31 18:12:09:879

I can't connect with the passive [192.168.100.113/5000] error_code:10061 !

<<<----  [OUT]
2020/08/31 18:12:12:358

Connecting Started...

<<<----  [OUT]
2020/08/31 18:12:14:416

I can't connect with the passive [192.168.100.113/5000] error_code:10061 !

<<<----  [OUT]
2020/08/31 18:12:16:905

Connecting Started...

<<<----  [OUT]
2020/08/31 18:12:18:953

I can't connect with the passive [192.168.100.113/5000] error_code:10061 !

<<<----  [OUT]
2020/08/31 18:12:21:437

Connecting Started...

<<<----  [OUT]
2020/08/31 18:12:23:480

I can't connect with the passive [192.168.100.113/5000] error_code:10061 !

<<<----  [OUT]
2020/08/31 18:12:25:966

Connecting Started...

<<<----  [OUT]
2020/08/31 18:12:28:013

I can't connect with the passive [192.168.100.113/5000] error_code:10061 !

<<<----  [OUT]
2020/08/31 18:12:30:498

Connecting Started...

<<<----  [OUT]
2020/08/31 18:12:46:042

I can't connect with the passive [192.168.100.113/5000] error_code:10060 !

<<<----  [OUT]
2020/08/31 18:12:48:529

Connecting Started...

<<<----  [OUT]
2020/08/31 18:13:09:563

I can't connect with the passive [192.168.100.113/5000] error_code:10060 !

<<<----  [OUT]
2020/08/31 18:13:12:045

Connecting Started...

<<<----  [OUT]
2020/08/31 18:13:33:077

I can't connect with the passive [192.168.100.113/5000] error_code:10060 !

<<<----  [OUT]
2020/08/31 18:13:35:560

Connecting Started...

<<<----  [OUT]
2020/08/31 18:13:56:596

I can't connect with the passive [192.168.100.113/5000] error_code:10060 !

<<<----  [OUT]
2020/08/31 18:13:59:075

Connecting Started...

<<<----  [OUT]
2020/08/31 18:14:20:116

I can't connect with the passive [192.168.100.113/5000] error_code:10060 !

<<<----  [OUT]
2020/08/31 18:14:22:609

Connecting Started...

<<<----  [OUT]
2020/08/31 18:14:43:647

I can't connect with the passive [192.168.100.113/5000] error_code:10060 !

<<<----  [OUT]
2020/08/31 18:14:46:139

Connecting Started...

<<<----  [OUT]
2020/08/31 18:15:07:185

I can't connect with the passive [192.168.100.113/5000] error_code:10060 !

<<<----  [OUT]
2020/08/31 18:15:09:670

Connecting Started...

<<<----  [OUT]
2020/08/31 18:15:30:690

I can't connect with the passive [192.168.100.113/5000] error_code:10060 !

<<<----  [OUT]
2020/08/31 18:15:33:170

Connecting Started...

<<<----  [OUT]
2020/08/31 18:15:54:211

I can't connect with the passive [192.168.100.113/5000] error_code:10060 !

<<<----  [OUT]
2020/08/31 18:15:56:701

Connecting Started...

<<<----  [OUT]
2020/08/31 18:16:17:758

I can't connect with the passive [192.168.100.113/5000] error_code:10060 !

<<<----  [OUT]
2020/08/31 18:16:20:249

Connecting Started...

<<<----  [OUT]
2020/08/31 18:16:41:288

I can't connect with the passive [192.168.100.113/5000] error_code:10060 !

<<<----  [OUT]
2020/08/31 18:16:43:780

Connecting Started...

<<<----  [OUT]
2020/08/31 18:17:04:827

I can't connect with the passive [192.168.100.113/5000] error_code:10060 !

<<<----  [OUT]
2020/08/31 18:17:07:311

Connecting Started...

<<<----  [OUT]
2020/08/31 18:17:28:348

I can't connect with the passive [192.168.100.113/5000] error_code:10060 !

<<<----  [OUT]
2020/08/31 18:17:30:827

Connecting Started...

<<<----  [OUT]
2020/08/31 18:17:51:858

I can't connect with the passive [192.168.100.113/5000] error_code:10060 !

<<<----  [OUT]
2020/08/31 18:17:54:341

Connecting Started...

<<<----  [OUT]
2020/08/31 18:18:15:370

I can't connect with the passive [192.168.100.113/5000] error_code:10060 !

<<<----  [OUT]
2020/08/31 18:18:17:859

Connecting Started...

<<<----  [OUT]
2020/08/31 18:18:38:890

I can't connect with the passive [192.168.100.113/5000] error_code:10060 !

<<<----  [OUT]
2020/08/31 18:18:41:373

Connecting Started...

<<<----  [OUT]
2020/08/31 18:19:02:401

I can't connect with the passive [192.168.100.113/5000] error_code:10060 !

<<<----  [OUT]
2020/08/31 18:19:04:890

Connecting Started...

<<<----  [OUT]
2020/08/31 18:19:25:938

I can't connect with the passive [192.168.100.113/5000] error_code:10060 !

<<<----  [OUT]
2020/08/31 18:19:28:420

Connecting Started...

<<<----  [OUT]
2020/08/31 18:19:49:446

I can't connect with the passive [192.168.100.113/5000] error_code:10060 !

<<<----  [OUT]
2020/08/31 18:19:51:935

Connecting Started...

<<<----  [OUT]
2020/08/31 18:20:12:971

I can't connect with the passive [192.168.100.113/5000] error_code:10060 !

<<<----  [OUT]
2020/08/31 18:20:15:451

Connecting Started...

<<<----  [OUT]
2020/08/31 18:20:36:495

I can't connect with the passive [192.168.100.113/5000] error_code:10060 !

<<<----  [OUT]
2020/08/31 18:20:38:982

Connecting Started...

<<<----  [OUT]
2020/08/31 18:21:00:049

I can't connect with the passive [192.168.100.113/5000] error_code:10060 !

<<<----  [OUT]
2020/08/31 18:21:02:530

Connecting Started...

<<<----  [OUT]
2020/08/31 18:21:23:562

I can't connect with the passive [192.168.100.113/5000] error_code:10060 !

<<<----  [OUT]
2020/08/31 18:21:26:045

Connecting Started...

<<<----  [OUT]
2020/08/31 18:21:47:084

I can't connect with the passive [192.168.100.113/5000] error_code:10060 !

<<<----  [OUT]
2020/08/31 18:21:49:562

Connecting Started...

<<<----  [OUT]
2020/08/31 18:22:10:603

I can't connect with the passive [192.168.100.113/5000] error_code:10060 !

<<<----  [OUT]
2020/08/31 18:22:13:092

Connecting Started...

<<<----  [OUT]
2020/08/31 18:22:34:125

I can't connect with the passive [192.168.100.113/5000] error_code:10060 !

<<<----  [OUT]
2020/08/31 18:22:36:608

Connecting Started...

<<<----  [OUT]
2020/08/31 18:22:57:651

I can't connect with the passive [192.168.100.113/5000] error_code:10060 !

<<<----  [OUT]
2020/08/31 18:23:00:139

Connecting Started...

<<<----  [OUT]
2020/08/31 18:23:21:177

I can't connect with the passive [192.168.100.113/5000] error_code:10060 !

<<<----  [OUT]
2020/08/31 18:23:23:654

Connecting Started...

<<<----  [OUT]
2020/08/31 18:23:44:700

I can't connect with the passive [192.168.100.113/5000] error_code:10060 !

<<<----  [OUT]
2020/08/31 18:23:47:185

Connecting Started...

<<<----  [OUT]
2020/08/31 18:24:08:228

I can't connect with the passive [192.168.100.113/5000] error_code:10060 !

<<<----  [OUT]
2020/08/31 18:24:10:717

Connecting Started...

<<<----  [OUT]
2020/08/31 18:24:31:758

I can't connect with the passive [192.168.100.113/5000] error_code:10060 !

<<<----  [OUT]
2020/08/31 18:24:34:248

Connecting Started...

<<<----  [OUT]
2020/08/31 18:24:55:266

I can't connect with the passive [192.168.100.113/5000] error_code:10060 !

<<<----  [OUT]
2020/08/31 18:24:57:747

Connecting Started...

<<<----  [OUT]
2020/08/31 18:25:18:785

I can't connect with the passive [192.168.100.113/5000] error_code:10060 !

<<<----  [OUT]
2020/08/31 18:25:21:263

Connecting Started...

<<<----  [OUT]
2020/08/31 18:25:42:299

I can't connect with the passive [192.168.100.113/5000] error_code:10060 !

<<<----  [OUT]
2020/08/31 18:25:44:779

Connecting Started...

<<<----  [OUT]
2020/08/31 18:26:05:816

I can't connect with the passive [192.168.100.113/5000] error_code:10060 !

<<<----  [OUT]
2020/08/31 18:26:08:295

Connecting Started...

<<<----  [OUT]
2020/08/31 18:26:29:330

I can't connect with the passive [192.168.100.113/5000] error_code:10060 !

<<<----  [OUT]
2020/08/31 18:26:31:811

Connecting Started...

<<<----  [OUT]
2020/08/31 18:26:52:860

I can't connect with the passive [192.168.100.113/5000] error_code:10060 !

<<<----  [OUT]
2020/08/31 18:26:55:343

Connecting Started...

<<<----  [OUT]
2020/08/31 18:27:16:391

I can't connect with the passive [192.168.100.113/5000] error_code:10060 !

<<<----  [OUT]
2020/08/31 18:27:18:873

Connecting Started...

<<<----  [OUT]
2020/08/31 18:27:39:916

I can't connect with the passive [192.168.100.113/5000] error_code:10060 !

<<<----  [OUT]
2020/08/31 18:27:42:405

Connecting Started...

<<<----  [OUT]
2020/08/31 18:28:03:445

I can't connect with the passive [192.168.100.113/5000] error_code:10060 !

<<<----  [OUT]
2020/08/31 18:28:05:935

Connecting Started...

<<<----  [OUT]
2020/08/31 18:28:26:975

I can't connect with the passive [192.168.100.113/5000] error_code:10060 !

<<<----  [OUT]
2020/08/31 18:28:29:452

Connecting Started...

<<<----  [OUT]
2020/08/31 18:28:50:509

I can't connect with the passive [192.168.100.113/5000] error_code:10060 !

<<<----  [OUT]
2020/08/31 18:28:52:998

Connecting Started...

<<<----  [OUT]
2020/08/31 18:29:14:039

I can't connect with the passive [192.168.100.113/5000] error_code:10060 !

<<<----  [OUT]
2020/08/31 18:29:16:529

Connecting Started...

<<<----  [OUT]
2020/08/31 18:29:37:584

I can't connect with the passive [192.168.100.113/5000] error_code:10060 !

<<<----  [OUT]
2020/08/31 18:29:40:061

Connecting Started...

<<<----  [OUT]
2020/08/31 18:30:01:084

I can't connect with the passive [192.168.100.113/5000] error_code:10060 !

<<<----  [OUT]
2020/08/31 18:30:03:562

Connecting Started...

<<<----  [OUT]
2020/08/31 18:30:24:598

I can't connect with the passive [192.168.100.113/5000] error_code:10060 !

<<<----  [OUT]
2020/08/31 18:30:27:077

Connecting Started...

<<<----  [OUT]
2020/08/31 18:30:48:120

I can't connect with the passive [192.168.100.113/5000] error_code:10060 !

<<<----  [OUT]
2020/08/31 18:30:50:607

Connecting Started...

<<<----  [OUT]
2020/08/31 18:31:11:640

I can't connect with the passive [192.168.100.113/5000] error_code:10060 !

<<<----  [OUT]
2020/08/31 18:31:14:124

Connecting Started...

<<<----  [OUT]
2020/08/31 18:31:35:173

I can't connect with the passive [192.168.100.113/5000] error_code:10060 !

<<<----  [OUT]
2020/08/31 18:31:37:654

Connecting Started...

<<<----  [OUT]
2020/08/31 18:31:58:685

I can't connect with the passive [192.168.100.113/5000] error_code:10060 !

<<<----  [OUT]
2020/08/31 18:32:01:170

Connecting Started...

<<<----  [OUT]
2020/08/31 18:32:22:210

I can't connect with the passive [192.168.100.113/5000] error_code:10060 !

<<<----  [OUT]
2020/08/31 18:32:24:701

Connecting Started...

<<<----  [OUT]
2020/08/31 18:32:45:733

I can't connect with the passive [192.168.100.113/5000] error_code:10060 !

<<<----  [OUT]
2020/08/31 18:32:48:217

Connecting Started...

<<<----  [OUT]
2020/08/31 18:33:09:259

I can't connect with the passive [192.168.100.113/5000] error_code:10060 !

<<<----  [OUT]
2020/08/31 18:33:11:748

Connecting Started...

<<<----  [OUT]
2020/08/31 18:33:32:794

I can't connect with the passive [192.168.100.113/5000] error_code:10060 !

<<<----  [OUT]
2020/08/31 18:33:35:280

Connecting Started...

<<<----  [OUT]
2020/08/31 18:33:56:319

I can't connect with the passive [192.168.100.113/5000] error_code:10060 !

<<<----  [OUT]
2020/08/31 18:33:58:812

Connecting Started...

<<<----  [OUT]
2020/08/31 18:34:19:829

I can't connect with the passive [192.168.100.113/5000] error_code:10060 !

<<<----  [OUT]
2020/08/31 18:34:22:311

Connecting Started...

<<<----  [OUT]
2020/08/31 18:34:43:343

I can't connect with the passive [192.168.100.113/5000] error_code:10060 !

<<<----  [OUT]
2020/08/31 18:34:45:827

Connecting Started...

<<<----  [OUT]
2020/08/31 18:35:06:858

I can't connect with the passive [192.168.100.113/5000] error_code:10060 !

<<<----  [OUT]
2020/08/31 18:35:09:342

Connecting Started...

<<<----  [OUT]
2020/08/31 18:35:30:385

I can't connect with the passive [192.168.100.113/5000] error_code:10060 !

<<<----  [OUT]
2020/08/31 18:35:32:873

Connecting Started...

<<<----  [OUT]
2020/08/31 18:35:53:925

I can't connect with the passive [192.168.100.113/5000] error_code:10060 !

<<<----  [OUT]
2020/08/31 18:35:56:404

Connecting Started...

<<<----  [OUT]
2020/08/31 18:36:17:445

I can't connect with the passive [192.168.100.113/5000] error_code:10060 !

<<<----  [OUT]
2020/08/31 18:36:19:935

Connecting Started...

<<<----  [OUT]
2020/08/31 18:36:40:961

I can't connect with the passive [192.168.100.113/5000] error_code:10060 !

<<<----  [OUT]
2020/08/31 18:36:43:451

Connecting Started...

<<<----  [OUT]
2020/08/31 18:37:04:505

I can't connect with the passive [192.168.100.113/5000] error_code:10060 !

<<<----  [OUT]
2020/08/31 18:37:06:983

Connecting Started...

<<<----  [OUT]
2020/08/31 18:37:28:032

I can't connect with the passive [192.168.100.113/5000] error_code:10060 !

<<<----  [OUT]
2020/08/31 18:37:30:514

Connecting Started...

<<<----  [OUT]
2020/08/31 18:37:51:555

I can't connect with the passive [192.168.100.113/5000] error_code:10060 !

<<<----  [OUT]
2020/08/31 18:37:54:045

Connecting Started...

<<<----  [OUT]
2020/08/31 18:38:15:093

I can't connect with the passive [192.168.100.113/5000] error_code:10060 !

<<<----  [OUT]
2020/08/31 18:38:17:576

Connecting Started...

<<<----  [OUT]
2020/08/31 18:38:38:607

I can't connect with the passive [192.168.100.113/5000] error_code:10060 !

<<<----  [OUT]
2020/08/31 18:38:41:093

Connecting Started...

<<<----  [OUT]
2020/08/31 18:39:02:122

I can't connect with the passive [192.168.100.113/5000] error_code:10060 !

<<<----  [OUT]
2020/08/31 18:39:04:607

Connecting Started...

<<<----  [OUT]
2020/08/31 18:39:25:648

I can't connect with the passive [192.168.100.113/5000] error_code:10060 !

<<<----  [OUT]
2020/08/31 18:39:28:138

Connecting Started...

<<<----  [OUT]
2020/08/31 18:39:49:172

I can't connect with the passive [192.168.100.113/5000] error_code:10060 !

<<<----  [OUT]
2020/08/31 18:39:51:654

Connecting Started...

<<<----  [OUT]
2020/08/31 18:40:12:686

I can't connect with the passive [192.168.100.113/5000] error_code:10060 !

<<<----  [OUT]
2020/08/31 18:40:15:170

Connecting Started...

<<<----  [OUT]
2020/08/31 18:40:36:205

I can't connect with the passive [192.168.100.113/5000] error_code:10060 !

<<<----  [OUT]
2020/08/31 18:40:38:687

Connecting Started...

<<<----  [OUT]
2020/08/31 18:40:59:722

I can't connect with the passive [192.168.100.113/5000] error_code:10060 !

<<<----  [OUT]
2020/08/31 18:41:02:201

Connecting Started...

<<<----  [OUT]
2020/08/31 18:41:23:234

I can't connect with the passive [192.168.100.113/5000] error_code:10060 !

<<<----  [OUT]
2020/08/31 18:41:25:718

Connecting Started...

<<<----  [OUT]
2020/08/31 18:41:46:763

I can't connect with the passive [192.168.100.113/5000] error_code:10060 !

<<<----  [OUT]
2020/08/31 18:41:49:249

Connecting Started...

<<<----  [OUT]
2020/08/31 18:42:10:301

I can't connect with the passive [192.168.100.113/5000] error_code:10060 !

<<<----  [OUT]
2020/08/31 18:42:12:780

Connecting Started...

<<<----  [OUT]
2020/08/31 18:42:33:817

I can't connect with the passive [192.168.100.113/5000] error_code:10060 !

<<<----  [OUT]
2020/08/31 18:42:36:296

Connecting Started...

<<<----  [OUT]
2020/08/31 18:42:57:339

I can't connect with the passive [192.168.100.113/5000] error_code:10060 !

<<<----  [OUT]
2020/08/31 18:42:59:826

Connecting Started...

<<<----  [OUT]
2020/08/31 18:43:20:868

I can't connect with the passive [192.168.100.113/5000] error_code:10060 !

<<<----  [OUT]
2020/08/31 18:43:23:357

Connecting Started...

<<<----  [OUT]
2020/08/31 18:43:44:401

I can't connect with the passive [192.168.100.113/5000] error_code:10060 !

<<<----  [OUT]
2020/08/31 18:43:46:888

Connecting Started...

<<<----  [OUT]
2020/08/31 18:44:07:926

I can't connect with the passive [192.168.100.113/5000] error_code:10060 !

<<<----  [OUT]
2020/08/31 18:44:10:404

Connecting Started...

<<<----  [OUT]
2020/08/31 18:44:31:436

I can't connect with the passive [192.168.100.113/5000] error_code:10060 !

<<<----  [OUT]
2020/08/31 18:44:33:921

Connecting Started...

<<<----  [OUT]
2020/08/31 18:44:54:951

I can't connect with the passive [192.168.100.113/5000] error_code:10060 !

<<<----  [OUT]
2020/08/31 18:44:57:437

Connecting Started...

<<<----  [OUT]
2020/08/31 18:45:18:484

I can't connect with the passive [192.168.100.113/5000] error_code:10060 !

<<<----  [OUT]
2020/08/31 18:45:20:967

Connecting Started...

<<<----  [OUT]
2020/08/31 18:45:42:009

I can't connect with the passive [192.168.100.113/5000] error_code:10060 !

<<<----  [OUT]
2020/08/31 18:45:44:498

Connecting Started...

<<<----  [OUT]
2020/08/31 18:46:05:508

I can't connect with the passive [192.168.100.113/5000] error_code:10060 !

<<<----  [OUT]
2020/08/31 18:46:07:998

Connecting Started...

<<<----  [OUT]
2020/08/31 18:46:29:023

I can't connect with the passive [192.168.100.113/5000] error_code:10060 !

<<<----  [OUT]
2020/08/31 18:46:31:514

Connecting Started...

<<<----  [OUT]
2020/08/31 18:46:52:539

I can't connect with the passive [192.168.100.113/5000] error_code:10060 !

<<<----  [OUT]
2020/08/31 18:46:55:030

Connecting Started...

<<<----  [OUT]
2020/08/31 18:47:16:063

I can't connect with the passive [192.168.100.113/5000] error_code:10060 !

<<<----  [OUT]
2020/08/31 18:47:18:545

Connecting Started...

<<<----  [OUT]
2020/08/31 18:47:39:587

I can't connect with the passive [192.168.100.113/5000] error_code:10060 !

<<<----  [OUT]
2020/08/31 18:47:42:077

Connecting Started...

<<<----  [OUT]
2020/08/31 18:48:03:113

I can't connect with the passive [192.168.100.113/5000] error_code:10060 !

<<<----  [OUT]
2020/08/31 18:48:05:592

Connecting Started...

<<<----  [OUT]
2020/08/31 18:48:26:629

I can't connect with the passive [192.168.100.113/5000] error_code:10060 !

<<<----  [OUT]
2020/08/31 18:48:29:108

Connecting Started...

<<<----  [OUT]
2020/08/31 18:48:50:153

I can't connect with the passive [192.168.100.113/5000] error_code:10060 !

<<<----  [OUT]
2020/08/31 18:48:52:638

Connecting Started...

<<<----  [OUT]
2020/08/31 18:49:13:693

I can't connect with the passive [192.168.100.113/5000] error_code:10060 !

<<<----  [OUT]
2020/08/31 18:49:16:171

Connecting Started...

<<<----  [OUT]
2020/08/31 18:49:37:200

I can't connect with the passive [192.168.100.113/5000] error_code:10060 !

<<<----  [OUT]
2020/08/31 18:49:39:685

Connecting Started...

<<<----  [OUT]
2020/08/31 18:50:00:716

I can't connect with the passive [192.168.100.113/5000] error_code:10060 !

<<<----  [OUT]
2020/08/31 18:50:03:202

Connecting Started...

<<<----  [OUT]
2020/08/31 18:50:24:244

I can't connect with the passive [192.168.100.113/5000] error_code:10060 !

<<<----  [OUT]
2020/08/31 18:50:26:732

Connecting Started...

<<<----  [OUT]
2020/08/31 18:50:47:763

I can't connect with the passive [192.168.100.113/5000] error_code:10060 !

<<<----  [OUT]
2020/08/31 18:50:50:248

Connecting Started...

<<<----  [OUT]
2020/08/31 18:51:11:274

I can't connect with the passive [192.168.100.113/5000] error_code:10060 !

<<<----  [OUT]
2020/08/31 18:51:13:764

Connecting Started...

<<<----  [OUT]
2020/08/31 18:51:34:794

I can't connect with the passive [192.168.100.113/5000] error_code:10060 !

<<<----  [OUT]
2020/08/31 18:51:37:279

Connecting Started...

<<<----  [OUT]
2020/08/31 18:51:58:307

I can't connect with the passive [192.168.100.113/5000] error_code:10060 !

<<<----  [OUT]
2020/08/31 18:52:00:795

Connecting Started...

<<<----  [OUT]
2020/08/31 18:52:21:844

I can't connect with the passive [192.168.100.113/5000] error_code:10060 !

<<<----  [OUT]
2020/08/31 18:52:24:327

Connecting Started...

<<<----  [OUT]
2020/08/31 18:52:45:364

I can't connect with the passive [192.168.100.113/5000] error_code:10060 !

<<<----  [OUT]
2020/08/31 18:52:47:842

Connecting Started...

<<<----  [OUT]
2020/08/31 18:53:08:874

I can't connect with the passive [192.168.100.113/5000] error_code:10060 !

<<<----  [OUT]
2020/08/31 18:53:11:358

Connecting Started...

<<<----  [OUT]
2020/08/31 18:53:32:396

I can't connect with the passive [192.168.100.113/5000] error_code:10060 !

<<<----  [OUT]
2020/08/31 18:53:34:872

Connecting Started...

<<<----  [OUT]
2020/08/31 18:53:55:902

I can't connect with the passive [192.168.100.113/5000] error_code:10060 !

<<<----  [OUT]
2020/08/31 18:53:58:388

Connecting Started...

<<<----  [OUT]
2020/08/31 18:54:19:416

I can't connect with the passive [192.168.100.113/5000] error_code:10060 !

<<<----  [OUT]
2020/08/31 18:54:21:905

Connecting Started...

<<<----  [OUT]
2020/08/31 18:54:42:943

I can't connect with the passive [192.168.100.113/5000] error_code:10060 !

<<<----  [OUT]
2020/08/31 18:54:45:420

Connecting Started...

<<<----  [OUT]
2020/08/31 18:55:06:442

I can't connect with the passive [192.168.100.113/5000] error_code:10060 !

<<<----  [OUT]
2020/08/31 18:55:08:921

Connecting Started...

<<<----  [OUT]
2020/08/31 18:55:29:958

I can't connect with the passive [192.168.100.113/5000] error_code:10060 !

<<<----  [OUT]
2020/08/31 18:55:32:435

Connecting Started...

<<<----  [OUT]
2020/08/31 18:55:53:491

I can't connect with the passive [192.168.100.113/5000] error_code:10060 !

<<<----  [OUT]
2020/08/31 18:55:55:983

Connecting Started...

<<<----  [OUT]
2020/08/31 18:56:17:018

I can't connect with the passive [192.168.100.113/5000] error_code:10060 !

<<<----  [OUT]
2020/08/31 18:56:19:498

Connecting Started...

<<<----  [OUT]
2020/08/31 18:56:40:530

I can't connect with the passive [192.168.100.113/5000] error_code:10060 !

<<<----  [OUT]
2020/08/31 18:56:43:013

Connecting Started...

<<<----  [OUT]
2020/08/31 18:57:04:055

I can't connect with the passive [192.168.100.113/5000] error_code:10060 !

<<<----  [OUT]
2020/08/31 18:57:06:545

Connecting Started...

<<<----  [OUT]
2020/08/31 18:57:27:582

I can't connect with the passive [192.168.100.113/5000] error_code:10060 !

<<<----  [OUT]
2020/08/31 18:57:30:060

Connecting Started...

<<<----  [OUT]
2020/08/31 18:57:51:107

I can't connect with the passive [192.168.100.113/5000] error_code:10060 !

<<<----  [OUT]
2020/08/31 18:57:53:591

Connecting Started...

<<<----  [OUT]
2020/08/31 18:58:14:617

I can't connect with the passive [192.168.100.113/5000] error_code:10060 !

<<<----  [OUT]
2020/08/31 18:58:17:108

Connecting Started...

<<<----  [OUT]
2020/08/31 18:58:38:160

I can't connect with the passive [192.168.100.113/5000] error_code:10060 !

<<<----  [OUT]
2020/08/31 18:58:40:639

Connecting Started...

<<<----  [OUT]
2020/08/31 18:59:01:666

I can't connect with the passive [192.168.100.113/5000] error_code:10060 !

<<<----  [OUT]
2020/08/31 18:59:04:155

Connecting Started...

<<<----  [OUT]
2020/08/31 18:59:25:180

I can't connect with the passive [192.168.100.113/5000] error_code:10060 !

<<<----  [OUT]
2020/08/31 18:59:27:670

Connecting Started...

<<<----  [OUT]
2020/08/31 18:59:48:706

I can't connect with the passive [192.168.100.113/5000] error_code:10060 !

<<<----  [OUT]
2020/08/31 18:59:51:186

Connecting Started...
