
<<<----  [OUT]
2020/08/31 01:18:34:159

---------------------------------------------------------------------
// FA : Start Log ...


<<<----  [OUT]
2020/08/31 01:18:34:162

//-------------------------------------------------------------
Property Information

   Driver Type [HSMS]
   Driver Mode [ACTIVE]
   IP    [192.168.100.113]
   Port  [5000]
//-------------------------------------------------------------


<<<----  [OUT]
2020/08/31 01:18:34:764

Auto-Start Started ... (Active)

<<<----  [OUT]
2020/08/31 01:18:34:855

Auto-Start Started ...  Waiting Stop-Connection.

<<<----  [OUT]
2020/08/31 01:18:34:855

Auto-Start Started ...  Waiting Open-Socket.

<<<----  [OUT]
2020/08/31 01:18:34:885

Socket Open Started...

<<<----  [OUT]
2020/08/31 01:18:34:885

Socket Open Completed...

<<<----  [OUT]
2020/08/31 01:18:34:885

Connecting Started...

<<<----  [OUT]
2020/08/31 01:18:34:945

Auto-Start Completed ...  (Active)

<<<----  [OUT]
2020/08/31 01:18:36:928

I can't connect with the passive [192.168.100.113/5000] error_code:10061 !

<<<----  [OUT]
2020/08/31 01:18:39:418

Connecting Started...

<<<----  [OUT]
2020/08/31 01:18:41:450

I can't connect with the passive [192.168.100.113/5000] error_code:10061 !

<<<----  [OUT]
2020/08/31 01:18:43:934

Connecting Started...

<<<----  [OUT]
2020/08/31 01:18:45:978

I can't connect with the passive [192.168.100.113/5000] error_code:10061 !

<<<----  [OUT]
2020/08/31 01:18:48:465

Connecting Started...

<<<----  [OUT]
2020/08/31 01:18:50:504

I can't connect with the passive [192.168.100.113/5000] error_code:10061 !

<<<----  [OUT]
2020/08/31 01:18:52:981

Connecting Started...

<<<----  [OUT]
2020/08/31 01:18:55:023

I can't connect with the passive [192.168.100.113/5000] error_code:10061 !

<<<----  [OUT]
2020/08/31 01:18:57:512

Connecting Started...

<<<----  [OUT]
2020/08/31 01:18:59:561

I can't connect with the passive [192.168.100.113/5000] error_code:10061 !

<<<----  [OUT]
2020/08/31 01:19:02:045

Connecting Started...

<<<----  [OUT]
2020/08/31 01:19:04:093

I can't connect with the passive [192.168.100.113/5000] error_code:10061 !

<<<----  [OUT]
2020/08/31 01:19:06:576

Connecting Started...

<<<----  [OUT]
2020/08/31 01:19:08:623

I can't connect with the passive [192.168.100.113/5000] error_code:10061 !

<<<----  [OUT]
2020/08/31 01:19:11:106

Connecting Started...

<<<----  [OUT]
2020/08/31 01:19:13:156

I can't connect with the passive [192.168.100.113/5000] error_code:10061 !

<<<----  [OUT]
2020/08/31 01:19:15:639

Connecting Started...

<<<----  [OUT]
2020/08/31 01:19:17:677

I can't connect with the passive [192.168.100.113/5000] error_code:10061 !

<<<----  [OUT]
2020/08/31 01:19:20:153

Connecting Started...

<<<----  [OUT]
2020/08/31 01:19:22:198

I can't connect with the passive [192.168.100.113/5000] error_code:10061 !

<<<----  [OUT]
2020/08/31 01:19:24:684

Connecting Started...

<<<----  [OUT]
2020/08/31 01:19:26:726

I can't connect with the passive [192.168.100.113/5000] error_code:10061 !

<<<----  [OUT]
2020/08/31 01:19:29:217

Connecting Started...

<<<----  [OUT]
2020/08/31 01:19:31:251

I can't connect with the passive [192.168.100.113/5000] error_code:10061 !

<<<----  [OUT]
2020/08/31 01:19:33:732

Connecting Started...

<<<----  [OUT]
2020/08/31 01:19:35:767

I can't connect with the passive [192.168.100.113/5000] error_code:10061 !

<<<----  [OUT]
2020/08/31 01:19:38:247

Connecting Started...

<<<----  [OUT]
2020/08/31 01:19:40:287

I can't connect with the passive [192.168.100.113/5000] error_code:10061 !

<<<----  [OUT]
2020/08/31 01:19:42:779

Connecting Started...

<<<----  [OUT]
2020/08/31 01:19:44:816

I can't connect with the passive [192.168.100.113/5000] error_code:10061 !

<<<----  [OUT]
2020/08/31 01:19:47:295

Connecting Started...

<<<----  [OUT]
2020/08/31 01:19:49:333

I can't connect with the passive [192.168.100.113/5000] error_code:10061 !

<<<----  [OUT]
2020/08/31 01:19:51:811

Connecting Started...

<<<----  [OUT]
2020/08/31 01:19:53:861

I can't connect with the passive [192.168.100.113/5000] error_code:10061 !

<<<----  [OUT]
2020/08/31 01:25:47:721

---------------------------------------------------------------------
// FA : Start Log ...


<<<----  [OUT]
2020/08/31 01:25:47:725

//-------------------------------------------------------------
Property Information

   Driver Type [HSMS]
   Driver Mode [ACTIVE]
   IP    [192.168.100.113]
   Port  [5000]
//-------------------------------------------------------------


<<<----  [OUT]
2020/08/31 01:25:48:328

Auto-Start Started ... (Active)

<<<----  [OUT]
2020/08/31 01:25:48:418

Auto-Start Started ...  Waiting Stop-Connection.

<<<----  [OUT]
2020/08/31 01:25:48:418

Auto-Start Started ...  Waiting Open-Socket.

<<<----  [OUT]
2020/08/31 01:25:48:450

Socket Open Started...

<<<----  [OUT]
2020/08/31 01:25:48:450

Socket Open Completed...

<<<----  [OUT]
2020/08/31 01:25:48:450

Connecting Started...

<<<----  [OUT]
2020/08/31 01:25:48:509

Auto-Start Completed ...  (Active)

<<<----  [OUT]
2020/08/31 01:25:50:499

I can't connect with the passive [192.168.100.113/5000] error_code:10061 !

<<<----  [OUT]
2020/08/31 01:25:52:982

Connecting Started...

<<<----  [OUT]
2020/08/31 01:25:55:024

I can't connect with the passive [192.168.100.113/5000] error_code:10061 !

<<<----  [OUT]
2020/08/31 01:25:57:513

Connecting Started...

<<<----  [OUT]
2020/08/31 01:25:59:561

I can't connect with the passive [192.168.100.113/5000] error_code:10061 !

<<<----  [OUT]
2020/08/31 01:26:02:044

Connecting Started...

<<<----  [OUT]
2020/08/31 01:26:04:092

I can't connect with the passive [192.168.100.113/5000] error_code:10061 !

<<<----  [OUT]
2020/08/31 01:26:06:575

Connecting Started...

<<<----  [OUT]
2020/08/31 01:26:08:627

I can't connect with the passive [192.168.100.113/5000] error_code:10061 !

<<<----  [OUT]
2020/08/31 01:26:11:107

Connecting Started...

<<<----  [OUT]
2020/08/31 01:26:13:163

I can't connect with the passive [192.168.100.113/5000] error_code:10061 !

<<<----  [OUT]
2020/08/31 01:26:15:654

Connecting Started...

<<<----  [OUT]
2020/08/31 01:26:17:695

I can't connect with the passive [192.168.100.113/5000] error_code:10061 !

<<<----  [OUT]
2020/08/31 01:26:20:184

Connecting Started...

<<<----  [OUT]
2020/08/31 01:26:22:236

I can't connect with the passive [192.168.100.113/5000] error_code:10061 !

<<<----  [OUT]
2020/08/31 01:26:24:715

Connecting Started...

<<<----  [OUT]
2020/08/31 01:26:26:758

I can't connect with the passive [192.168.100.113/5000] error_code:10061 !

<<<----  [OUT]
2020/08/31 01:26:29:248

Connecting Started...

<<<----  [OUT]
2020/08/31 01:26:31:286

I can't connect with the passive [192.168.100.113/5000] error_code:10061 !

<<<----  [OUT]
2020/08/31 01:26:33:763

Connecting Started...

<<<----  [OUT]
2020/08/31 01:26:35:801

I can't connect with the passive [192.168.100.113/5000] error_code:10061 !
