
<<<----  [OUT]
2020/08/25 07:00:05:319
Linktest.req
00 00 00 0A FF FF 00 00 00 05 00 00 11 98 

---->>>  [IN ]
2020/08/25 07:00:05:320
Linktest.rsp
00 00 00 0A FF FF 00 00 00 06 00 00 11 98 

<<<----  [OUT]
2020/08/25 07:00:15:336
Linktest.req
00 00 00 0A FF FF 00 00 00 05 00 00 11 99 

---->>>  [IN ]
2020/08/25 07:00:15:337
Linktest.rsp
00 00 00 0A FF FF 00 00 00 06 00 00 11 99 

<<<----  [OUT]
2020/08/25 07:00:25:350
Linktest.req
00 00 00 0A FF FF 00 00 00 05 00 00 11 9A 

---->>>  [IN ]
2020/08/25 07:00:25:351
Linktest.rsp
00 00 00 0A FF FF 00 00 00 06 00 00 11 9A 

<<<----  [OUT]
2020/08/25 07:00:35:363
Linktest.req
00 00 00 0A FF FF 00 00 00 05 00 00 11 9B 

---->>>  [IN ]
2020/08/25 07:00:35:364
Linktest.rsp
00 00 00 0A FF FF 00 00 00 06 00 00 11 9B 

---->>>  [IN ]
2020/08/25 07:00:42:117
Linktest.req
00 00 00 0A FF FF 00 00 00 05 80 00 03 EF 

<<<----  [OUT]
2020/08/25 07:00:42:117
Linktest.rsp
00 00 00 0A FF FF 00 00 00 06 80 00 03 EF 

<<<----  [OUT]
2020/08/25 07:00:45:371
Linktest.req
00 00 00 0A FF FF 00 00 00 05 00 00 11 9C 

---->>>  [IN ]
2020/08/25 07:00:45:372
Linktest.rsp
00 00 00 0A FF FF 00 00 00 06 00 00 11 9C 

<<<----  [OUT]
2020/08/25 07:00:55:381
Linktest.req
00 00 00 0A FF FF 00 00 00 05 00 00 11 9D 

---->>>  [IN ]
2020/08/25 07:00:55:382
Linktest.rsp
00 00 00 0A FF FF 00 00 00 06 00 00 11 9D 

<<<----  [OUT]
2020/08/25 07:01:05:395
Linktest.req
00 00 00 0A FF FF 00 00 00 05 00 00 11 9E 

---->>>  [IN ]
2020/08/25 07:01:05:396
Linktest.rsp
00 00 00 0A FF FF 00 00 00 06 00 00 11 9E 

<<<----  [OUT]
2020/08/25 07:01:15:409
Linktest.req
00 00 00 0A FF FF 00 00 00 05 00 00 11 9F 

---->>>  [IN ]
2020/08/25 07:01:15:410
Linktest.rsp
00 00 00 0A FF FF 00 00 00 06 00 00 11 9F 

<<<----  [OUT]
2020/08/25 07:01:25:398
Linktest.req
00 00 00 0A FF FF 00 00 00 05 00 00 11 A0 

---->>>  [IN ]
2020/08/25 07:01:25:399
Linktest.rsp
00 00 00 0A FF FF 00 00 00 06 00 00 11 A0 

<<<----  [OUT]
2020/08/25 07:01:35:416
Linktest.req
00 00 00 0A FF FF 00 00 00 05 00 00 11 A1 

---->>>  [IN ]
2020/08/25 07:01:35:417
Linktest.rsp
00 00 00 0A FF FF 00 00 00 06 00 00 11 A1 

---->>>  [IN ]
2020/08/25 07:01:42:120
Linktest.req
00 00 00 0A FF FF 00 00 00 05 80 00 03 F0 

<<<----  [OUT]
2020/08/25 07:01:42:120
Linktest.rsp
00 00 00 0A FF FF 00 00 00 06 80 00 03 F0 

<<<----  [OUT]
2020/08/25 07:01:45:436
Linktest.req
00 00 00 0A FF FF 00 00 00 05 00 00 11 A2 

---->>>  [IN ]
2020/08/25 07:01:45:437
Linktest.rsp
00 00 00 0A FF FF 00 00 00 06 00 00 11 A2 

<<<----  [OUT]
2020/08/25 07:01:55:452
Linktest.req
00 00 00 0A FF FF 00 00 00 05 00 00 11 A3 

---->>>  [IN ]
2020/08/25 07:01:55:453
Linktest.rsp
00 00 00 0A FF FF 00 00 00 06 00 00 11 A3 

<<<----  [OUT]
2020/08/25 07:02:05:470
Linktest.req
00 00 00 0A FF FF 00 00 00 05 00 00 11 A4 

---->>>  [IN ]
2020/08/25 07:02:05:471
Linktest.rsp
00 00 00 0A FF FF 00 00 00 06 00 00 11 A4 

<<<----  [OUT]
2020/08/25 07:02:15:489
Linktest.req
00 00 00 0A FF FF 00 00 00 05 00 00 11 A5 

---->>>  [IN ]
2020/08/25 07:02:15:490
Linktest.rsp
00 00 00 0A FF FF 00 00 00 06 00 00 11 A5 

<<<----  [OUT]
2020/08/25 07:02:25:505
Linktest.req
00 00 00 0A FF FF 00 00 00 05 00 00 11 A6 

---->>>  [IN ]
2020/08/25 07:02:25:506
Linktest.rsp
00 00 00 0A FF FF 00 00 00 06 00 00 11 A6 

<<<----  [OUT]
2020/08/25 07:02:35:519
Linktest.req
00 00 00 0A FF FF 00 00 00 05 00 00 11 A7 

---->>>  [IN ]
2020/08/25 07:02:35:520
Linktest.rsp
00 00 00 0A FF FF 00 00 00 06 00 00 11 A7 

---->>>  [IN ]
2020/08/25 07:02:42:115
Linktest.req
00 00 00 0A FF FF 00 00 00 05 80 00 03 F1 

<<<----  [OUT]
2020/08/25 07:02:42:115
Linktest.rsp
00 00 00 0A FF FF 00 00 00 06 80 00 03 F1 

<<<----  [OUT]
2020/08/25 07:02:45:531
Linktest.req
00 00 00 0A FF FF 00 00 00 05 00 00 11 A8 

---->>>  [IN ]
2020/08/25 07:02:45:532
Linktest.rsp
00 00 00 0A FF FF 00 00 00 06 00 00 11 A8 

<<<----  [OUT]
2020/08/25 07:02:55:544
Linktest.req
00 00 00 0A FF FF 00 00 00 05 00 00 11 A9 

---->>>  [IN ]
2020/08/25 07:02:55:545
Linktest.rsp
00 00 00 0A FF FF 00 00 00 06 00 00 11 A9 

<<<----  [OUT]
2020/08/25 07:03:05:558
Linktest.req
00 00 00 0A FF FF 00 00 00 05 00 00 11 AA 

---->>>  [IN ]
2020/08/25 07:03:05:559
Linktest.rsp
00 00 00 0A FF FF 00 00 00 06 00 00 11 AA 

<<<----  [OUT]
2020/08/25 07:03:15:566
Linktest.req
00 00 00 0A FF FF 00 00 00 05 00 00 11 AB 

---->>>  [IN ]
2020/08/25 07:03:15:567
Linktest.rsp
00 00 00 0A FF FF 00 00 00 06 00 00 11 AB 

<<<----  [OUT]
2020/08/25 07:03:25:578
Linktest.req
00 00 00 0A FF FF 00 00 00 05 00 00 11 AC 

---->>>  [IN ]
2020/08/25 07:03:25:579
Linktest.rsp
00 00 00 0A FF FF 00 00 00 06 00 00 11 AC 

<<<----  [OUT]
2020/08/25 07:03:35:594
Linktest.req
00 00 00 0A FF FF 00 00 00 05 00 00 11 AD 

---->>>  [IN ]
2020/08/25 07:03:35:595
Linktest.rsp
00 00 00 0A FF FF 00 00 00 06 00 00 11 AD 

---->>>  [IN ]
2020/08/25 07:03:42:116
Linktest.req
00 00 00 0A FF FF 00 00 00 05 80 00 03 F2 

<<<----  [OUT]
2020/08/25 07:03:42:117
Linktest.rsp
00 00 00 0A FF FF 00 00 00 06 80 00 03 F2 

<<<----  [OUT]
2020/08/25 07:03:45:603
Linktest.req
00 00 00 0A FF FF 00 00 00 05 00 00 11 AE 

---->>>  [IN ]
2020/08/25 07:03:45:604
Linktest.rsp
00 00 00 0A FF FF 00 00 00 06 00 00 11 AE 

<<<----  [OUT]
2020/08/25 07:03:55:619
Linktest.req
00 00 00 0A FF FF 00 00 00 05 00 00 11 AF 

---->>>  [IN ]
2020/08/25 07:03:55:620
Linktest.rsp
00 00 00 0A FF FF 00 00 00 06 00 00 11 AF 

<<<----  [OUT]
2020/08/25 07:04:05:635
Linktest.req
00 00 00 0A FF FF 00 00 00 05 00 00 11 B0 

---->>>  [IN ]
2020/08/25 07:04:05:636
Linktest.rsp
00 00 00 0A FF FF 00 00 00 06 00 00 11 B0 

<<<----  [OUT]
2020/08/25 07:04:15:650
Linktest.req
00 00 00 0A FF FF 00 00 00 05 00 00 11 B1 

---->>>  [IN ]
2020/08/25 07:04:15:651
Linktest.rsp
00 00 00 0A FF FF 00 00 00 06 00 00 11 B1 

<<<----  [OUT]
2020/08/25 07:04:25:669
Linktest.req
00 00 00 0A FF FF 00 00 00 05 00 00 11 B2 

---->>>  [IN ]
2020/08/25 07:04:25:670
Linktest.rsp
00 00 00 0A FF FF 00 00 00 06 00 00 11 B2 

<<<----  [OUT]
2020/08/25 07:04:35:688
Linktest.req
00 00 00 0A FF FF 00 00 00 05 00 00 11 B3 

---->>>  [IN ]
2020/08/25 07:04:35:689
Linktest.rsp
00 00 00 0A FF FF 00 00 00 06 00 00 11 B3 

---->>>  [IN ]
2020/08/25 07:04:42:117
Linktest.req
00 00 00 0A FF FF 00 00 00 05 80 00 03 F3 

<<<----  [OUT]
2020/08/25 07:04:42:117
Linktest.rsp
00 00 00 0A FF FF 00 00 00 06 80 00 03 F3 

<<<----  [OUT]
2020/08/25 07:04:45:704
Linktest.req
00 00 00 0A FF FF 00 00 00 05 00 00 11 B4 

---->>>  [IN ]
2020/08/25 07:04:45:705
Linktest.rsp
00 00 00 0A FF FF 00 00 00 06 00 00 11 B4 

<<<----  [OUT]
2020/08/25 07:04:55:719
Linktest.req
00 00 00 0A FF FF 00 00 00 05 00 00 11 B5 

---->>>  [IN ]
2020/08/25 07:04:55:720
Linktest.rsp
00 00 00 0A FF FF 00 00 00 06 00 00 11 B5 

<<<----  [OUT]
2020/08/25 07:05:05:737
Linktest.req
00 00 00 0A FF FF 00 00 00 05 00 00 11 B6 

---->>>  [IN ]
2020/08/25 07:05:05:738
Linktest.rsp
00 00 00 0A FF FF 00 00 00 06 00 00 11 B6 

<<<----  [OUT]
2020/08/25 07:05:15:756
Linktest.req
00 00 00 0A FF FF 00 00 00 05 00 00 11 B7 

---->>>  [IN ]
2020/08/25 07:05:15:757
Linktest.rsp
00 00 00 0A FF FF 00 00 00 06 00 00 11 B7 

<<<----  [OUT]
2020/08/25 07:05:25:774
Linktest.req
00 00 00 0A FF FF 00 00 00 05 00 00 11 B8 

---->>>  [IN ]
2020/08/25 07:05:25:775
Linktest.rsp
00 00 00 0A FF FF 00 00 00 06 00 00 11 B8 

<<<----  [OUT]
2020/08/25 07:05:35:786
Linktest.req
00 00 00 0A FF FF 00 00 00 05 00 00 11 B9 

---->>>  [IN ]
2020/08/25 07:05:35:787
Linktest.rsp
00 00 00 0A FF FF 00 00 00 06 00 00 11 B9 

---->>>  [IN ]
2020/08/25 07:05:42:116
Linktest.req
00 00 00 0A FF FF 00 00 00 05 80 00 03 F4 

<<<----  [OUT]
2020/08/25 07:05:42:116
Linktest.rsp
00 00 00 0A FF FF 00 00 00 06 80 00 03 F4 

<<<----  [OUT]
2020/08/25 07:05:45:803
Linktest.req
00 00 00 0A FF FF 00 00 00 05 00 00 11 BA 

---->>>  [IN ]
2020/08/25 07:05:45:804
Linktest.rsp
00 00 00 0A FF FF 00 00 00 06 00 00 11 BA 

<<<----  [OUT]
2020/08/25 07:05:55:820
Linktest.req
00 00 00 0A FF FF 00 00 00 05 00 00 11 BB 

---->>>  [IN ]
2020/08/25 07:05:55:821
Linktest.rsp
00 00 00 0A FF FF 00 00 00 06 00 00 11 BB 

<<<----  [OUT]
2020/08/25 07:06:05:834
Linktest.req
00 00 00 0A FF FF 00 00 00 05 00 00 11 BC 

---->>>  [IN ]
2020/08/25 07:06:05:835
Linktest.rsp
00 00 00 0A FF FF 00 00 00 06 00 00 11 BC 

<<<----  [OUT]
2020/08/25 07:06:15:848
Linktest.req
00 00 00 0A FF FF 00 00 00 05 00 00 11 BD 

---->>>  [IN ]
2020/08/25 07:06:15:849
Linktest.rsp
00 00 00 0A FF FF 00 00 00 06 00 00 11 BD 

<<<----  [OUT]
2020/08/25 07:06:25:866
Linktest.req
00 00 00 0A FF FF 00 00 00 05 00 00 11 BE 

---->>>  [IN ]
2020/08/25 07:06:25:867
Linktest.rsp
00 00 00 0A FF FF 00 00 00 06 00 00 11 BE 

<<<----  [OUT]
2020/08/25 07:06:35:884
Linktest.req
00 00 00 0A FF FF 00 00 00 05 00 00 11 BF 

---->>>  [IN ]
2020/08/25 07:06:35:885
Linktest.rsp
00 00 00 0A FF FF 00 00 00 06 00 00 11 BF 

---->>>  [IN ]
2020/08/25 07:06:42:115
Linktest.req
00 00 00 0A FF FF 00 00 00 05 80 00 03 F5 

<<<----  [OUT]
2020/08/25 07:06:42:115
Linktest.rsp
00 00 00 0A FF FF 00 00 00 06 80 00 03 F5 

<<<----  [OUT]
2020/08/25 07:06:45:899
Linktest.req
00 00 00 0A FF FF 00 00 00 05 00 00 11 C0 

---->>>  [IN ]
2020/08/25 07:06:45:900
Linktest.rsp
00 00 00 0A FF FF 00 00 00 06 00 00 11 C0 

<<<----  [OUT]
2020/08/25 07:06:55:910
Linktest.req
00 00 00 0A FF FF 00 00 00 05 00 00 11 C1 

---->>>  [IN ]
2020/08/25 07:06:55:911
Linktest.rsp
00 00 00 0A FF FF 00 00 00 06 00 00 11 C1 

<<<----  [OUT]
2020/08/25 07:07:05:918
Linktest.req
00 00 00 0A FF FF 00 00 00 05 00 00 11 C2 

---->>>  [IN ]
2020/08/25 07:07:05:919
Linktest.rsp
00 00 00 0A FF FF 00 00 00 06 00 00 11 C2 

<<<----  [OUT]
2020/08/25 07:07:15:924
Linktest.req
00 00 00 0A FF FF 00 00 00 05 00 00 11 C3 

---->>>  [IN ]
2020/08/25 07:07:15:925
Linktest.rsp
00 00 00 0A FF FF 00 00 00 06 00 00 11 C3 

<<<----  [OUT]
2020/08/25 07:07:25:935
Linktest.req
00 00 00 0A FF FF 00 00 00 05 00 00 11 C4 

---->>>  [IN ]
2020/08/25 07:07:25:936
Linktest.rsp
00 00 00 0A FF FF 00 00 00 06 00 00 11 C4 

<<<----  [OUT]
2020/08/25 07:07:35:944
Linktest.req
00 00 00 0A FF FF 00 00 00 05 00 00 11 C5 

---->>>  [IN ]
2020/08/25 07:07:35:945
Linktest.rsp
00 00 00 0A FF FF 00 00 00 06 00 00 11 C5 

---->>>  [IN ]
2020/08/25 07:07:42:117
Linktest.req
00 00 00 0A FF FF 00 00 00 05 80 00 03 F6 

<<<----  [OUT]
2020/08/25 07:07:42:117
Linktest.rsp
00 00 00 0A FF FF 00 00 00 06 80 00 03 F6 

<<<----  [OUT]
2020/08/25 07:07:45:954
Linktest.req
00 00 00 0A FF FF 00 00 00 05 00 00 11 C6 

---->>>  [IN ]
2020/08/25 07:07:45:955
Linktest.rsp
00 00 00 0A FF FF 00 00 00 06 00 00 11 C6 

<<<----  [OUT]
2020/08/25 07:07:55:969
Linktest.req
00 00 00 0A FF FF 00 00 00 05 00 00 11 C7 

---->>>  [IN ]
2020/08/25 07:07:55:970
Linktest.rsp
00 00 00 0A FF FF 00 00 00 06 00 00 11 C7 

<<<----  [OUT]
2020/08/25 07:08:05:981
Linktest.req
00 00 00 0A FF FF 00 00 00 05 00 00 11 C8 

---->>>  [IN ]
2020/08/25 07:08:05:982
Linktest.rsp
00 00 00 0A FF FF 00 00 00 06 00 00 11 C8 

<<<----  [OUT]
2020/08/25 07:08:15:997
Linktest.req
00 00 00 0A FF FF 00 00 00 05 00 00 11 C9 

---->>>  [IN ]
2020/08/25 07:08:15:998
Linktest.rsp
00 00 00 0A FF FF 00 00 00 06 00 00 11 C9 

<<<----  [OUT]
2020/08/25 07:08:26:014
Linktest.req
00 00 00 0A FF FF 00 00 00 05 00 00 11 CA 

---->>>  [IN ]
2020/08/25 07:08:26:015
Linktest.rsp
00 00 00 0A FF FF 00 00 00 06 00 00 11 CA 

<<<----  [OUT]
2020/08/25 07:08:36:030
Linktest.req
00 00 00 0A FF FF 00 00 00 05 00 00 11 CB 

---->>>  [IN ]
2020/08/25 07:08:36:031
Linktest.rsp
00 00 00 0A FF FF 00 00 00 06 00 00 11 CB 

---->>>  [IN ]
2020/08/25 07:08:42:115
Linktest.req
00 00 00 0A FF FF 00 00 00 05 80 00 03 F7 

<<<----  [OUT]
2020/08/25 07:08:42:115
Linktest.rsp
00 00 00 0A FF FF 00 00 00 06 80 00 03 F7 

<<<----  [OUT]
2020/08/25 07:08:46:047
Linktest.req
00 00 00 0A FF FF 00 00 00 05 00 00 11 CC 

---->>>  [IN ]
2020/08/25 07:08:46:048
Linktest.rsp
00 00 00 0A FF FF 00 00 00 06 00 00 11 CC 

<<<----  [OUT]
2020/08/25 07:08:56:052
Linktest.req
00 00 00 0A FF FF 00 00 00 05 00 00 11 CD 

---->>>  [IN ]
2020/08/25 07:08:56:053
Linktest.rsp
00 00 00 0A FF FF 00 00 00 06 00 00 11 CD 

<<<----  [OUT]
2020/08/25 07:09:06:067
Linktest.req
00 00 00 0A FF FF 00 00 00 05 00 00 11 CE 

---->>>  [IN ]
2020/08/25 07:09:06:068
Linktest.rsp
00 00 00 0A FF FF 00 00 00 06 00 00 11 CE 

<<<----  [OUT]
2020/08/25 07:09:16:081
Linktest.req
00 00 00 0A FF FF 00 00 00 05 00 00 11 CF 

---->>>  [IN ]
2020/08/25 07:09:16:082
Linktest.rsp
00 00 00 0A FF FF 00 00 00 06 00 00 11 CF 

<<<----  [OUT]
2020/08/25 07:09:26:093
Linktest.req
00 00 00 0A FF FF 00 00 00 05 00 00 11 D0 

---->>>  [IN ]
2020/08/25 07:09:26:094
Linktest.rsp
00 00 00 0A FF FF 00 00 00 06 00 00 11 D0 

<<<----  [OUT]
2020/08/25 07:09:36:101
Linktest.req
00 00 00 0A FF FF 00 00 00 05 00 00 11 D1 

---->>>  [IN ]
2020/08/25 07:09:36:102
Linktest.rsp
00 00 00 0A FF FF 00 00 00 06 00 00 11 D1 

---->>>  [IN ]
2020/08/25 07:09:42:114
Linktest.req
00 00 00 0A FF FF 00 00 00 05 80 00 03 F8 

<<<----  [OUT]
2020/08/25 07:09:42:114
Linktest.rsp
00 00 00 0A FF FF 00 00 00 06 80 00 03 F8 

<<<----  [OUT]
2020/08/25 07:09:46:114
Linktest.req
00 00 00 0A FF FF 00 00 00 05 00 00 11 D2 

---->>>  [IN ]
2020/08/25 07:09:46:115
Linktest.rsp
00 00 00 0A FF FF 00 00 00 06 00 00 11 D2 

<<<----  [OUT]
2020/08/25 07:09:56:125
Linktest.req
00 00 00 0A FF FF 00 00 00 05 00 00 11 D3 

---->>>  [IN ]
2020/08/25 07:09:56:126
Linktest.rsp
00 00 00 0A FF FF 00 00 00 06 00 00 11 D3 

<<<----  [OUT]
2020/08/25 07:10:06:137
Linktest.req
00 00 00 0A FF FF 00 00 00 05 00 00 11 D4 

---->>>  [IN ]
2020/08/25 07:10:06:138
Linktest.rsp
00 00 00 0A FF FF 00 00 00 06 00 00 11 D4 

<<<----  [OUT]
2020/08/25 07:10:16:150
Linktest.req
00 00 00 0A FF FF 00 00 00 05 00 00 11 D5 

---->>>  [IN ]
2020/08/25 07:10:16:151
Linktest.rsp
00 00 00 0A FF FF 00 00 00 06 00 00 11 D5 

<<<----  [OUT]
2020/08/25 07:10:26:159
Linktest.req
00 00 00 0A FF FF 00 00 00 05 00 00 11 D6 

---->>>  [IN ]
2020/08/25 07:10:26:160
Linktest.rsp
00 00 00 0A FF FF 00 00 00 06 00 00 11 D6 

<<<----  [OUT]
2020/08/25 07:10:36:172
Linktest.req
00 00 00 0A FF FF 00 00 00 05 00 00 11 D7 

---->>>  [IN ]
2020/08/25 07:10:36:173
Linktest.rsp
00 00 00 0A FF FF 00 00 00 06 00 00 11 D7 

---->>>  [IN ]
2020/08/25 07:10:42:115
Linktest.req
00 00 00 0A FF FF 00 00 00 05 80 00 03 F9 

<<<----  [OUT]
2020/08/25 07:10:42:115
Linktest.rsp
00 00 00 0A FF FF 00 00 00 06 80 00 03 F9 

<<<----  [OUT]
2020/08/25 07:10:46:188
Linktest.req
00 00 00 0A FF FF 00 00 00 05 00 00 11 D8 

---->>>  [IN ]
2020/08/25 07:10:46:189
Linktest.rsp
00 00 00 0A FF FF 00 00 00 06 00 00 11 D8 

<<<----  [OUT]
2020/08/25 07:10:56:196
Linktest.req
00 00 00 0A FF FF 00 00 00 05 00 00 11 D9 

---->>>  [IN ]
2020/08/25 07:10:56:197
Linktest.rsp
00 00 00 0A FF FF 00 00 00 06 00 00 11 D9 

<<<----  [OUT]
2020/08/25 07:11:06:207
Linktest.req
00 00 00 0A FF FF 00 00 00 05 00 00 11 DA 

---->>>  [IN ]
2020/08/25 07:11:06:208
Linktest.rsp
00 00 00 0A FF FF 00 00 00 06 00 00 11 DA 

<<<----  [OUT]
2020/08/25 07:11:16:206
Linktest.req
00 00 00 0A FF FF 00 00 00 05 00 00 11 DB 

---->>>  [IN ]
2020/08/25 07:11:16:207
Linktest.rsp
00 00 00 0A FF FF 00 00 00 06 00 00 11 DB 

<<<----  [OUT]
2020/08/25 07:11:26:208
Linktest.req
00 00 00 0A FF FF 00 00 00 05 00 00 11 DC 

---->>>  [IN ]
2020/08/25 07:11:26:209
Linktest.rsp
00 00 00 0A FF FF 00 00 00 06 00 00 11 DC 

<<<----  [OUT]
2020/08/25 07:11:36:223
Linktest.req
00 00 00 0A FF FF 00 00 00 05 00 00 11 DD 

---->>>  [IN ]
2020/08/25 07:11:36:224
Linktest.rsp
00 00 00 0A FF FF 00 00 00 06 00 00 11 DD 

---->>>  [IN ]
2020/08/25 07:11:42:115
Linktest.req
00 00 00 0A FF FF 00 00 00 05 80 00 03 FA 

<<<----  [OUT]
2020/08/25 07:11:42:115
Linktest.rsp
00 00 00 0A FF FF 00 00 00 06 80 00 03 FA 

<<<----  [OUT]
2020/08/25 07:11:46:239
Linktest.req
00 00 00 0A FF FF 00 00 00 05 00 00 11 DE 

---->>>  [IN ]
2020/08/25 07:11:46:240
Linktest.rsp
00 00 00 0A FF FF 00 00 00 06 00 00 11 DE 

<<<----  [OUT]
2020/08/25 07:11:56:255
Linktest.req
00 00 00 0A FF FF 00 00 00 05 00 00 11 DF 

---->>>  [IN ]
2020/08/25 07:11:56:256
Linktest.rsp
00 00 00 0A FF FF 00 00 00 06 00 00 11 DF 

<<<----  [OUT]
2020/08/25 07:12:06:268
Linktest.req
00 00 00 0A FF FF 00 00 00 05 00 00 11 E0 

---->>>  [IN ]
2020/08/25 07:12:06:269
Linktest.rsp
00 00 00 0A FF FF 00 00 00 06 00 00 11 E0 

<<<----  [OUT]
2020/08/25 07:12:16:284
Linktest.req
00 00 00 0A FF FF 00 00 00 05 00 00 11 E1 

---->>>  [IN ]
2020/08/25 07:12:16:285
Linktest.rsp
00 00 00 0A FF FF 00 00 00 06 00 00 11 E1 

<<<----  [OUT]
2020/08/25 07:12:26:302
Linktest.req
00 00 00 0A FF FF 00 00 00 05 00 00 11 E2 

---->>>  [IN ]
2020/08/25 07:12:26:303
Linktest.rsp
00 00 00 0A FF FF 00 00 00 06 00 00 11 E2 

<<<----  [OUT]
2020/08/25 07:12:36:320
Linktest.req
00 00 00 0A FF FF 00 00 00 05 00 00 11 E3 

---->>>  [IN ]
2020/08/25 07:12:36:321
Linktest.rsp
00 00 00 0A FF FF 00 00 00 06 00 00 11 E3 

---->>>  [IN ]
2020/08/25 07:12:42:118
Linktest.req
00 00 00 0A FF FF 00 00 00 05 80 00 03 FB 

<<<----  [OUT]
2020/08/25 07:12:42:118
Linktest.rsp
00 00 00 0A FF FF 00 00 00 06 80 00 03 FB 

<<<----  [OUT]
2020/08/25 07:12:46:338
Linktest.req
00 00 00 0A FF FF 00 00 00 05 00 00 11 E4 

---->>>  [IN ]
2020/08/25 07:12:46:339
Linktest.rsp
00 00 00 0A FF FF 00 00 00 06 00 00 11 E4 

<<<----  [OUT]
2020/08/25 07:12:56:353
Linktest.req
00 00 00 0A FF FF 00 00 00 05 00 00 11 E5 

---->>>  [IN ]
2020/08/25 07:12:56:354
Linktest.rsp
00 00 00 0A FF FF 00 00 00 06 00 00 11 E5 

<<<----  [OUT]
2020/08/25 07:13:06:370
Linktest.req
00 00 00 0A FF FF 00 00 00 05 00 00 11 E6 

---->>>  [IN ]
2020/08/25 07:13:06:371
Linktest.rsp
00 00 00 0A FF FF 00 00 00 06 00 00 11 E6 

<<<----  [OUT]
2020/08/25 07:13:16:385
Linktest.req
00 00 00 0A FF FF 00 00 00 05 00 00 11 E7 

---->>>  [IN ]
2020/08/25 07:13:16:386
Linktest.rsp
00 00 00 0A FF FF 00 00 00 06 00 00 11 E7 

<<<----  [OUT]
2020/08/25 07:13:26:403
Linktest.req
00 00 00 0A FF FF 00 00 00 05 00 00 11 E8 

---->>>  [IN ]
2020/08/25 07:13:26:404
Linktest.rsp
00 00 00 0A FF FF 00 00 00 06 00 00 11 E8 

<<<----  [OUT]
2020/08/25 07:13:36:422
Linktest.req
00 00 00 0A FF FF 00 00 00 05 00 00 11 E9 

---->>>  [IN ]
2020/08/25 07:13:36:423
Linktest.rsp
00 00 00 0A FF FF 00 00 00 06 00 00 11 E9 

---->>>  [IN ]
2020/08/25 07:13:42:116
Linktest.req
00 00 00 0A FF FF 00 00 00 05 80 00 03 FC 

<<<----  [OUT]
2020/08/25 07:13:42:116
Linktest.rsp
00 00 00 0A FF FF 00 00 00 06 80 00 03 FC 

<<<----  [OUT]
2020/08/25 07:13:46:441
Linktest.req
00 00 00 0A FF FF 00 00 00 05 00 00 11 EA 

---->>>  [IN ]
2020/08/25 07:13:46:442
Linktest.rsp
00 00 00 0A FF FF 00 00 00 06 00 00 11 EA 

<<<----  [OUT]
2020/08/25 07:13:56:457
Linktest.req
00 00 00 0A FF FF 00 00 00 05 00 00 11 EB 

---->>>  [IN ]
2020/08/25 07:13:56:458
Linktest.rsp
00 00 00 0A FF FF 00 00 00 06 00 00 11 EB 

<<<----  [OUT]
2020/08/25 07:14:06:472
Linktest.req
00 00 00 0A FF FF 00 00 00 05 00 00 11 EC 

---->>>  [IN ]
2020/08/25 07:14:06:473
Linktest.rsp
00 00 00 0A FF FF 00 00 00 06 00 00 11 EC 

<<<----  [OUT]
2020/08/25 07:14:16:479
Linktest.req
00 00 00 0A FF FF 00 00 00 05 00 00 11 ED 

---->>>  [IN ]
2020/08/25 07:14:16:480
Linktest.rsp
00 00 00 0A FF FF 00 00 00 06 00 00 11 ED 

<<<----  [OUT]
2020/08/25 07:14:26:487
Linktest.req
00 00 00 0A FF FF 00 00 00 05 00 00 11 EE 

---->>>  [IN ]
2020/08/25 07:14:26:488
Linktest.rsp
00 00 00 0A FF FF 00 00 00 06 00 00 11 EE 

<<<----  [OUT]
2020/08/25 07:14:36:497
Linktest.req
00 00 00 0A FF FF 00 00 00 05 00 00 11 EF 

---->>>  [IN ]
2020/08/25 07:14:36:498
Linktest.rsp
00 00 00 0A FF FF 00 00 00 06 00 00 11 EF 

---->>>  [IN ]
2020/08/25 07:14:42:117
Linktest.req
00 00 00 0A FF FF 00 00 00 05 80 00 03 FD 

<<<----  [OUT]
2020/08/25 07:14:42:117
Linktest.rsp
00 00 00 0A FF FF 00 00 00 06 80 00 03 FD 

<<<----  [OUT]
2020/08/25 07:14:46:508
Linktest.req
00 00 00 0A FF FF 00 00 00 05 00 00 11 F0 

---->>>  [IN ]
2020/08/25 07:14:46:509
Linktest.rsp
00 00 00 0A FF FF 00 00 00 06 00 00 11 F0 

<<<----  [OUT]
2020/08/25 07:14:56:522
Linktest.req
00 00 00 0A FF FF 00 00 00 05 00 00 11 F1 

---->>>  [IN ]
2020/08/25 07:14:56:523
Linktest.rsp
00 00 00 0A FF FF 00 00 00 06 00 00 11 F1 

<<<----  [OUT]
2020/08/25 07:15:06:543
Linktest.req
00 00 00 0A FF FF 00 00 00 05 00 00 11 F2 

---->>>  [IN ]
2020/08/25 07:15:06:544
Linktest.rsp
00 00 00 0A FF FF 00 00 00 06 00 00 11 F2 

<<<----  [OUT]
2020/08/25 07:15:16:562
Linktest.req
00 00 00 0A FF FF 00 00 00 05 00 00 11 F3 

---->>>  [IN ]
2020/08/25 07:15:16:563
Linktest.rsp
00 00 00 0A FF FF 00 00 00 06 00 00 11 F3 

<<<----  [OUT]
2020/08/25 07:15:26:580
Linktest.req
00 00 00 0A FF FF 00 00 00 05 00 00 11 F4 

---->>>  [IN ]
2020/08/25 07:15:26:581
Linktest.rsp
00 00 00 0A FF FF 00 00 00 06 00 00 11 F4 

<<<----  [OUT]
2020/08/25 07:15:36:598
Linktest.req
00 00 00 0A FF FF 00 00 00 05 00 00 11 F5 

---->>>  [IN ]
2020/08/25 07:15:36:599
Linktest.rsp
00 00 00 0A FF FF 00 00 00 06 00 00 11 F5 

---->>>  [IN ]
2020/08/25 07:15:42:116
Linktest.req
00 00 00 0A FF FF 00 00 00 05 80 00 03 FE 

<<<----  [OUT]
2020/08/25 07:15:42:116
Linktest.rsp
00 00 00 0A FF FF 00 00 00 06 80 00 03 FE 

<<<----  [OUT]
2020/08/25 07:15:46:614
Linktest.req
00 00 00 0A FF FF 00 00 00 05 00 00 11 F6 

---->>>  [IN ]
2020/08/25 07:15:46:615
Linktest.rsp
00 00 00 0A FF FF 00 00 00 06 00 00 11 F6 

<<<----  [OUT]
2020/08/25 07:15:56:628
Linktest.req
00 00 00 0A FF FF 00 00 00 05 00 00 11 F7 

---->>>  [IN ]
2020/08/25 07:15:56:629
Linktest.rsp
00 00 00 0A FF FF 00 00 00 06 00 00 11 F7 

<<<----  [OUT]
2020/08/25 07:16:06:616
Linktest.req
00 00 00 0A FF FF 00 00 00 05 00 00 11 F8 

---->>>  [IN ]
2020/08/25 07:16:06:617
Linktest.rsp
00 00 00 0A FF FF 00 00 00 06 00 00 11 F8 

<<<----  [OUT]
2020/08/25 07:16:16:636
Linktest.req
00 00 00 0A FF FF 00 00 00 05 00 00 11 F9 

---->>>  [IN ]
2020/08/25 07:16:16:637
Linktest.rsp
00 00 00 0A FF FF 00 00 00 06 00 00 11 F9 

<<<----  [OUT]
2020/08/25 07:16:26:654
Linktest.req
00 00 00 0A FF FF 00 00 00 05 00 00 11 FA 

---->>>  [IN ]
2020/08/25 07:16:26:655
Linktest.rsp
00 00 00 0A FF FF 00 00 00 06 00 00 11 FA 

<<<----  [OUT]
2020/08/25 07:16:36:666
Linktest.req
00 00 00 0A FF FF 00 00 00 05 00 00 11 FB 

---->>>  [IN ]
2020/08/25 07:16:36:667
Linktest.rsp
00 00 00 0A FF FF 00 00 00 06 00 00 11 FB 

---->>>  [IN ]
2020/08/25 07:16:42:111
Linktest.req
00 00 00 0A FF FF 00 00 00 05 80 00 03 FF 

<<<----  [OUT]
2020/08/25 07:16:42:111
Linktest.rsp
00 00 00 0A FF FF 00 00 00 06 80 00 03 FF 

<<<----  [OUT]
2020/08/25 07:16:46:685
Linktest.req
00 00 00 0A FF FF 00 00 00 05 00 00 11 FC 

---->>>  [IN ]
2020/08/25 07:16:46:686
Linktest.rsp
00 00 00 0A FF FF 00 00 00 06 00 00 11 FC 

<<<----  [OUT]
2020/08/25 07:16:56:705
Linktest.req
00 00 00 0A FF FF 00 00 00 05 00 00 11 FD 

---->>>  [IN ]
2020/08/25 07:16:56:706
Linktest.rsp
00 00 00 0A FF FF 00 00 00 06 00 00 11 FD 

<<<----  [OUT]
2020/08/25 07:17:06:695
Linktest.req
00 00 00 0A FF FF 00 00 00 05 00 00 11 FE 

---->>>  [IN ]
2020/08/25 07:17:06:696
Linktest.rsp
00 00 00 0A FF FF 00 00 00 06 00 00 11 FE 

<<<----  [OUT]
2020/08/25 07:17:16:714
Linktest.req
00 00 00 0A FF FF 00 00 00 05 00 00 11 FF 

---->>>  [IN ]
2020/08/25 07:17:16:715
Linktest.rsp
00 00 00 0A FF FF 00 00 00 06 00 00 11 FF 

<<<----  [OUT]
2020/08/25 07:17:26:734
Linktest.req
00 00 00 0A FF FF 00 00 00 05 00 00 12 00 

---->>>  [IN ]
2020/08/25 07:17:26:735
Linktest.rsp
00 00 00 0A FF FF 00 00 00 06 00 00 12 00 

<<<----  [OUT]
2020/08/25 07:17:36:752
Linktest.req
00 00 00 0A FF FF 00 00 00 05 00 00 12 01 

---->>>  [IN ]
2020/08/25 07:17:36:753
Linktest.rsp
00 00 00 0A FF FF 00 00 00 06 00 00 12 01 

---->>>  [IN ]
2020/08/25 07:17:42:116
Linktest.req
00 00 00 0A FF FF 00 00 00 05 80 00 04 00 

<<<----  [OUT]
2020/08/25 07:17:42:116
Linktest.rsp
00 00 00 0A FF FF 00 00 00 06 80 00 04 00 

<<<----  [OUT]
2020/08/25 07:17:46:767
Linktest.req
00 00 00 0A FF FF 00 00 00 05 00 00 12 02 

---->>>  [IN ]
2020/08/25 07:17:46:767
Linktest.rsp
00 00 00 0A FF FF 00 00 00 06 00 00 12 02 

<<<----  [OUT]
2020/08/25 07:17:56:782
Linktest.req
00 00 00 0A FF FF 00 00 00 05 00 00 12 03 

---->>>  [IN ]
2020/08/25 07:17:56:783
Linktest.rsp
00 00 00 0A FF FF 00 00 00 06 00 00 12 03 

<<<----  [OUT]
2020/08/25 07:18:06:798
Linktest.req
00 00 00 0A FF FF 00 00 00 05 00 00 12 04 

---->>>  [IN ]
2020/08/25 07:18:06:799
Linktest.rsp
00 00 00 0A FF FF 00 00 00 06 00 00 12 04 

<<<----  [OUT]
2020/08/25 07:18:16:816
Linktest.req
00 00 00 0A FF FF 00 00 00 05 00 00 12 05 

---->>>  [IN ]
2020/08/25 07:18:16:817
Linktest.rsp
00 00 00 0A FF FF 00 00 00 06 00 00 12 05 

<<<----  [OUT]
2020/08/25 07:18:26:831
Linktest.req
00 00 00 0A FF FF 00 00 00 05 00 00 12 06 

---->>>  [IN ]
2020/08/25 07:18:26:832
Linktest.rsp
00 00 00 0A FF FF 00 00 00 06 00 00 12 06 

<<<----  [OUT]
2020/08/25 07:18:36:846
Linktest.req
00 00 00 0A FF FF 00 00 00 05 00 00 12 07 

---->>>  [IN ]
2020/08/25 07:18:36:847
Linktest.rsp
00 00 00 0A FF FF 00 00 00 06 00 00 12 07 

---->>>  [IN ]
2020/08/25 07:18:42:117
Linktest.req
00 00 00 0A FF FF 00 00 00 05 80 00 04 01 

<<<----  [OUT]
2020/08/25 07:18:42:117
Linktest.rsp
00 00 00 0A FF FF 00 00 00 06 80 00 04 01 

<<<----  [OUT]
2020/08/25 07:18:46:864
Linktest.req
00 00 00 0A FF FF 00 00 00 05 00 00 12 08 

---->>>  [IN ]
2020/08/25 07:18:46:865
Linktest.rsp
00 00 00 0A FF FF 00 00 00 06 00 00 12 08 

<<<----  [OUT]
2020/08/25 07:18:56:867
Linktest.req
00 00 00 0A FF FF 00 00 00 05 00 00 12 09 

---->>>  [IN ]
2020/08/25 07:18:56:868
Linktest.rsp
00 00 00 0A FF FF 00 00 00 06 00 00 12 09 

<<<----  [OUT]
2020/08/25 07:19:06:887
Linktest.req
00 00 00 0A FF FF 00 00 00 05 00 00 12 0A 

---->>>  [IN ]
2020/08/25 07:19:06:887
Linktest.rsp
00 00 00 0A FF FF 00 00 00 06 00 00 12 0A 

<<<----  [OUT]
2020/08/25 07:19:16:900
Linktest.req
00 00 00 0A FF FF 00 00 00 05 00 00 12 0B 

---->>>  [IN ]
2020/08/25 07:19:16:901
Linktest.rsp
00 00 00 0A FF FF 00 00 00 06 00 00 12 0B 

<<<----  [OUT]
2020/08/25 07:19:26:916
Linktest.req
00 00 00 0A FF FF 00 00 00 05 00 00 12 0C 

---->>>  [IN ]
2020/08/25 07:19:26:917
Linktest.rsp
00 00 00 0A FF FF 00 00 00 06 00 00 12 0C 

<<<----  [OUT]
2020/08/25 07:19:36:925
Linktest.req
00 00 00 0A FF FF 00 00 00 05 00 00 12 0D 

---->>>  [IN ]
2020/08/25 07:19:36:926
Linktest.rsp
00 00 00 0A FF FF 00 00 00 06 00 00 12 0D 

---->>>  [IN ]
2020/08/25 07:19:42:115
Linktest.req
00 00 00 0A FF FF 00 00 00 05 80 00 04 02 

<<<----  [OUT]
2020/08/25 07:19:42:115
Linktest.rsp
00 00 00 0A FF FF 00 00 00 06 80 00 04 02 

<<<----  [OUT]
2020/08/25 07:19:46:940
Linktest.req
00 00 00 0A FF FF 00 00 00 05 00 00 12 0E 

---->>>  [IN ]
2020/08/25 07:19:46:941
Linktest.rsp
00 00 00 0A FF FF 00 00 00 06 00 00 12 0E 

<<<----  [OUT]
2020/08/25 07:19:56:957
Linktest.req
00 00 00 0A FF FF 00 00 00 05 00 00 12 0F 

---->>>  [IN ]
2020/08/25 07:19:56:958
Linktest.rsp
00 00 00 0A FF FF 00 00 00 06 00 00 12 0F 

<<<----  [OUT]
2020/08/25 07:20:06:975
Linktest.req
00 00 00 0A FF FF 00 00 00 05 00 00 12 10 

---->>>  [IN ]
2020/08/25 07:20:06:976
Linktest.rsp
00 00 00 0A FF FF 00 00 00 06 00 00 12 10 

<<<----  [OUT]
2020/08/25 07:20:16:994
Linktest.req
00 00 00 0A FF FF 00 00 00 05 00 00 12 11 

---->>>  [IN ]
2020/08/25 07:20:16:995
Linktest.rsp
00 00 00 0A FF FF 00 00 00 06 00 00 12 11 

<<<----  [OUT]
2020/08/25 07:20:27:011
Linktest.req
00 00 00 0A FF FF 00 00 00 05 00 00 12 12 

---->>>  [IN ]
2020/08/25 07:20:27:012
Linktest.rsp
00 00 00 0A FF FF 00 00 00 06 00 00 12 12 

<<<----  [OUT]
2020/08/25 07:20:37:029
Linktest.req
00 00 00 0A FF FF 00 00 00 05 00 00 12 13 

---->>>  [IN ]
2020/08/25 07:20:37:030
Linktest.rsp
00 00 00 0A FF FF 00 00 00 06 00 00 12 13 

---->>>  [IN ]
2020/08/25 07:20:42:114
Linktest.req
00 00 00 0A FF FF 00 00 00 05 80 00 04 03 

<<<----  [OUT]
2020/08/25 07:20:42:114
Linktest.rsp
00 00 00 0A FF FF 00 00 00 06 80 00 04 03 

<<<----  [OUT]
2020/08/25 07:20:47:045
Linktest.req
00 00 00 0A FF FF 00 00 00 05 00 00 12 14 

---->>>  [IN ]
2020/08/25 07:20:47:046
Linktest.rsp
00 00 00 0A FF FF 00 00 00 06 00 00 12 14 

<<<----  [OUT]
2020/08/25 07:20:57:064
Linktest.req
00 00 00 0A FF FF 00 00 00 05 00 00 12 15 

---->>>  [IN ]
2020/08/25 07:20:57:065
Linktest.rsp
00 00 00 0A FF FF 00 00 00 06 00 00 12 15 

<<<----  [OUT]
2020/08/25 07:21:07:083
Linktest.req
00 00 00 0A FF FF 00 00 00 05 00 00 12 16 

---->>>  [IN ]
2020/08/25 07:21:07:083
Linktest.rsp
00 00 00 0A FF FF 00 00 00 06 00 00 12 16 

<<<----  [OUT]
2020/08/25 07:21:17:101
Linktest.req
00 00 00 0A FF FF 00 00 00 05 00 00 12 17 

---->>>  [IN ]
2020/08/25 07:21:17:102
Linktest.rsp
00 00 00 0A FF FF 00 00 00 06 00 00 12 17 

<<<----  [OUT]
2020/08/25 07:21:27:119
Linktest.req
00 00 00 0A FF FF 00 00 00 05 00 00 12 18 

---->>>  [IN ]
2020/08/25 07:21:27:120
Linktest.rsp
00 00 00 0A FF FF 00 00 00 06 00 00 12 18 

<<<----  [OUT]
2020/08/25 07:21:37:134
Linktest.req
00 00 00 0A FF FF 00 00 00 05 00 00 12 19 

---->>>  [IN ]
2020/08/25 07:21:37:134
Linktest.rsp
00 00 00 0A FF FF 00 00 00 06 00 00 12 19 

---->>>  [IN ]
2020/08/25 07:21:42:117
Linktest.req
00 00 00 0A FF FF 00 00 00 05 80 00 04 04 

<<<----  [OUT]
2020/08/25 07:21:42:117
Linktest.rsp
00 00 00 0A FF FF 00 00 00 06 80 00 04 04 

<<<----  [OUT]
2020/08/25 07:21:47:148
Linktest.req
00 00 00 0A FF FF 00 00 00 05 00 00 12 1A 

---->>>  [IN ]
2020/08/25 07:21:47:149
Linktest.rsp
00 00 00 0A FF FF 00 00 00 06 00 00 12 1A 

<<<----  [OUT]
2020/08/25 07:21:57:167
Linktest.req
00 00 00 0A FF FF 00 00 00 05 00 00 12 1B 

---->>>  [IN ]
2020/08/25 07:21:57:168
Linktest.rsp
00 00 00 0A FF FF 00 00 00 06 00 00 12 1B 

<<<----  [OUT]
2020/08/25 07:22:07:183
Linktest.req
00 00 00 0A FF FF 00 00 00 05 00 00 12 1C 

---->>>  [IN ]
2020/08/25 07:22:07:184
Linktest.rsp
00 00 00 0A FF FF 00 00 00 06 00 00 12 1C 

<<<----  [OUT]
2020/08/25 07:22:17:199
Linktest.req
00 00 00 0A FF FF 00 00 00 05 00 00 12 1D 

---->>>  [IN ]
2020/08/25 07:22:17:200
Linktest.rsp
00 00 00 0A FF FF 00 00 00 06 00 00 12 1D 

<<<----  [OUT]
2020/08/25 07:22:27:217
Linktest.req
00 00 00 0A FF FF 00 00 00 05 00 00 12 1E 

---->>>  [IN ]
2020/08/25 07:22:27:218
Linktest.rsp
00 00 00 0A FF FF 00 00 00 06 00 00 12 1E 

<<<----  [OUT]
2020/08/25 07:22:37:235
Linktest.req
00 00 00 0A FF FF 00 00 00 05 00 00 12 1F 

---->>>  [IN ]
2020/08/25 07:22:37:236
Linktest.rsp
00 00 00 0A FF FF 00 00 00 06 00 00 12 1F 

---->>>  [IN ]
2020/08/25 07:22:42:112
Linktest.req
00 00 00 0A FF FF 00 00 00 05 80 00 04 05 

<<<----  [OUT]
2020/08/25 07:22:42:112
Linktest.rsp
00 00 00 0A FF FF 00 00 00 06 80 00 04 05 

<<<----  [OUT]
2020/08/25 07:22:47:250
Linktest.req
00 00 00 0A FF FF 00 00 00 05 00 00 12 20 

---->>>  [IN ]
2020/08/25 07:22:47:251
Linktest.rsp
00 00 00 0A FF FF 00 00 00 06 00 00 12 20 

<<<----  [OUT]
2020/08/25 07:22:57:267
Linktest.req
00 00 00 0A FF FF 00 00 00 05 00 00 12 21 

---->>>  [IN ]
2020/08/25 07:22:57:268
Linktest.rsp
00 00 00 0A FF FF 00 00 00 06 00 00 12 21 

<<<----  [OUT]
2020/08/25 07:23:07:284
Linktest.req
00 00 00 0A FF FF 00 00 00 05 00 00 12 22 

---->>>  [IN ]
2020/08/25 07:23:07:285
Linktest.rsp
00 00 00 0A FF FF 00 00 00 06 00 00 12 22 

<<<----  [OUT]
2020/08/25 07:23:17:298
Linktest.req
00 00 00 0A FF FF 00 00 00 05 00 00 12 23 

---->>>  [IN ]
2020/08/25 07:23:17:299
Linktest.rsp
00 00 00 0A FF FF 00 00 00 06 00 00 12 23 

<<<----  [OUT]
2020/08/25 07:23:27:312
Linktest.req
00 00 00 0A FF FF 00 00 00 05 00 00 12 24 

---->>>  [IN ]
2020/08/25 07:23:27:313
Linktest.rsp
00 00 00 0A FF FF 00 00 00 06 00 00 12 24 

<<<----  [OUT]
2020/08/25 07:23:37:326
Linktest.req
00 00 00 0A FF FF 00 00 00 05 00 00 12 25 

---->>>  [IN ]
2020/08/25 07:23:37:327
Linktest.rsp
00 00 00 0A FF FF 00 00 00 06 00 00 12 25 

---->>>  [IN ]
2020/08/25 07:23:42:114
Linktest.req
00 00 00 0A FF FF 00 00 00 05 80 00 04 06 

<<<----  [OUT]
2020/08/25 07:23:42:114
Linktest.rsp
00 00 00 0A FF FF 00 00 00 06 80 00 04 06 

<<<----  [OUT]
2020/08/25 07:23:47:338
Linktest.req
00 00 00 0A FF FF 00 00 00 05 00 00 12 26 

---->>>  [IN ]
2020/08/25 07:23:47:339
Linktest.rsp
00 00 00 0A FF FF 00 00 00 06 00 00 12 26 

<<<----  [OUT]
2020/08/25 07:23:57:354
Linktest.req
00 00 00 0A FF FF 00 00 00 05 00 00 12 27 

---->>>  [IN ]
2020/08/25 07:23:57:355
Linktest.rsp
00 00 00 0A FF FF 00 00 00 06 00 00 12 27 

<<<----  [OUT]
2020/08/25 07:24:07:367
Linktest.req
00 00 00 0A FF FF 00 00 00 05 00 00 12 28 

---->>>  [IN ]
2020/08/25 07:24:07:368
Linktest.rsp
00 00 00 0A FF FF 00 00 00 06 00 00 12 28 

<<<----  [OUT]
2020/08/25 07:24:17:383
Linktest.req
00 00 00 0A FF FF 00 00 00 05 00 00 12 29 

---->>>  [IN ]
2020/08/25 07:24:17:384
Linktest.rsp
00 00 00 0A FF FF 00 00 00 06 00 00 12 29 

<<<----  [OUT]
2020/08/25 07:24:27:402
Linktest.req
00 00 00 0A FF FF 00 00 00 05 00 00 12 2A 

---->>>  [IN ]
2020/08/25 07:24:27:403
Linktest.rsp
00 00 00 0A FF FF 00 00 00 06 00 00 12 2A 

<<<----  [OUT]
2020/08/25 07:24:37:420
Linktest.req
00 00 00 0A FF FF 00 00 00 05 00 00 12 2B 

---->>>  [IN ]
2020/08/25 07:24:37:421
Linktest.rsp
00 00 00 0A FF FF 00 00 00 06 00 00 12 2B 

---->>>  [IN ]
2020/08/25 07:24:42:112
Linktest.req
00 00 00 0A FF FF 00 00 00 05 80 00 04 07 

<<<----  [OUT]
2020/08/25 07:24:42:112
Linktest.rsp
00 00 00 0A FF FF 00 00 00 06 80 00 04 07 

<<<----  [OUT]
2020/08/25 07:24:47:435
Linktest.req
00 00 00 0A FF FF 00 00 00 05 00 00 12 2C 

---->>>  [IN ]
2020/08/25 07:24:47:436
Linktest.rsp
00 00 00 0A FF FF 00 00 00 06 00 00 12 2C 

<<<----  [OUT]
2020/08/25 07:24:57:454
Linktest.req
00 00 00 0A FF FF 00 00 00 05 00 00 12 2D 

---->>>  [IN ]
2020/08/25 07:24:57:455
Linktest.rsp
00 00 00 0A FF FF 00 00 00 06 00 00 12 2D 

<<<----  [OUT]
2020/08/25 07:25:07:472
Linktest.req
00 00 00 0A FF FF 00 00 00 05 00 00 12 2E 

---->>>  [IN ]
2020/08/25 07:25:07:473
Linktest.rsp
00 00 00 0A FF FF 00 00 00 06 00 00 12 2E 

<<<----  [OUT]
2020/08/25 07:25:17:461
Linktest.req
00 00 00 0A FF FF 00 00 00 05 00 00 12 2F 

---->>>  [IN ]
2020/08/25 07:25:17:462
Linktest.rsp
00 00 00 0A FF FF 00 00 00 06 00 00 12 2F 

<<<----  [OUT]
2020/08/25 07:25:27:479
Linktest.req
00 00 00 0A FF FF 00 00 00 05 00 00 12 30 

---->>>  [IN ]
2020/08/25 07:25:27:480
Linktest.rsp
00 00 00 0A FF FF 00 00 00 06 00 00 12 30 

<<<----  [OUT]
2020/08/25 07:25:37:497
Linktest.req
00 00 00 0A FF FF 00 00 00 05 00 00 12 31 

---->>>  [IN ]
2020/08/25 07:25:37:497
Linktest.rsp
00 00 00 0A FF FF 00 00 00 06 00 00 12 31 

---->>>  [IN ]
2020/08/25 07:25:42:116
Linktest.req
00 00 00 0A FF FF 00 00 00 05 80 00 04 08 

<<<----  [OUT]
2020/08/25 07:25:42:116
Linktest.rsp
00 00 00 0A FF FF 00 00 00 06 80 00 04 08 

<<<----  [OUT]
2020/08/25 07:25:47:512
Linktest.req
00 00 00 0A FF FF 00 00 00 05 00 00 12 32 

---->>>  [IN ]
2020/08/25 07:25:47:513
Linktest.rsp
00 00 00 0A FF FF 00 00 00 06 00 00 12 32 

<<<----  [OUT]
2020/08/25 07:25:57:526
Linktest.req
00 00 00 0A FF FF 00 00 00 05 00 00 12 33 

---->>>  [IN ]
2020/08/25 07:25:57:527
Linktest.rsp
00 00 00 0A FF FF 00 00 00 06 00 00 12 33 

<<<----  [OUT]
2020/08/25 07:26:07:541
Linktest.req
00 00 00 0A FF FF 00 00 00 05 00 00 12 34 

---->>>  [IN ]
2020/08/25 07:26:07:542
Linktest.rsp
00 00 00 0A FF FF 00 00 00 06 00 00 12 34 

<<<----  [OUT]
2020/08/25 07:26:17:552
Linktest.req
00 00 00 0A FF FF 00 00 00 05 00 00 12 35 

---->>>  [IN ]
2020/08/25 07:26:17:553
Linktest.rsp
00 00 00 0A FF FF 00 00 00 06 00 00 12 35 

<<<----  [OUT]
2020/08/25 07:26:27:565
Linktest.req
00 00 00 0A FF FF 00 00 00 05 00 00 12 36 

---->>>  [IN ]
2020/08/25 07:26:27:566
Linktest.rsp
00 00 00 0A FF FF 00 00 00 06 00 00 12 36 

<<<----  [OUT]
2020/08/25 07:26:37:573
Linktest.req
00 00 00 0A FF FF 00 00 00 05 00 00 12 37 

---->>>  [IN ]
2020/08/25 07:26:37:574
Linktest.rsp
00 00 00 0A FF FF 00 00 00 06 00 00 12 37 

---->>>  [IN ]
2020/08/25 07:26:42:113
Linktest.req
00 00 00 0A FF FF 00 00 00 05 80 00 04 09 

<<<----  [OUT]
2020/08/25 07:26:42:113
Linktest.rsp
00 00 00 0A FF FF 00 00 00 06 80 00 04 09 

<<<----  [OUT]
2020/08/25 07:26:47:584
Linktest.req
00 00 00 0A FF FF 00 00 00 05 00 00 12 38 

---->>>  [IN ]
2020/08/25 07:26:47:585
Linktest.rsp
00 00 00 0A FF FF 00 00 00 06 00 00 12 38 

<<<----  [OUT]
2020/08/25 07:26:57:600
Linktest.req
00 00 00 0A FF FF 00 00 00 05 00 00 12 39 

---->>>  [IN ]
2020/08/25 07:26:57:601
Linktest.rsp
00 00 00 0A FF FF 00 00 00 06 00 00 12 39 

<<<----  [OUT]
2020/08/25 07:27:07:615
Linktest.req
00 00 00 0A FF FF 00 00 00 05 00 00 12 3A 

---->>>  [IN ]
2020/08/25 07:27:07:616
Linktest.rsp
00 00 00 0A FF FF 00 00 00 06 00 00 12 3A 

<<<----  [OUT]
2020/08/25 07:27:17:628
Linktest.req
00 00 00 0A FF FF 00 00 00 05 00 00 12 3B 

---->>>  [IN ]
2020/08/25 07:27:17:629
Linktest.rsp
00 00 00 0A FF FF 00 00 00 06 00 00 12 3B 

<<<----  [OUT]
2020/08/25 07:27:27:643
Linktest.req
00 00 00 0A FF FF 00 00 00 05 00 00 12 3C 

---->>>  [IN ]
2020/08/25 07:27:27:644
Linktest.rsp
00 00 00 0A FF FF 00 00 00 06 00 00 12 3C 

<<<----  [OUT]
2020/08/25 07:27:37:661
Linktest.req
00 00 00 0A FF FF 00 00 00 05 00 00 12 3D 

---->>>  [IN ]
2020/08/25 07:27:37:662
Linktest.rsp
00 00 00 0A FF FF 00 00 00 06 00 00 12 3D 

---->>>  [IN ]
2020/08/25 07:27:42:115
Linktest.req
00 00 00 0A FF FF 00 00 00 05 80 00 04 0A 

<<<----  [OUT]
2020/08/25 07:27:42:115
Linktest.rsp
00 00 00 0A FF FF 00 00 00 06 80 00 04 0A 

<<<----  [OUT]
2020/08/25 07:27:47:674
Linktest.req
00 00 00 0A FF FF 00 00 00 05 00 00 12 3E 

---->>>  [IN ]
2020/08/25 07:27:47:675
Linktest.rsp
00 00 00 0A FF FF 00 00 00 06 00 00 12 3E 

<<<----  [OUT]
2020/08/25 07:27:57:688
Linktest.req
00 00 00 0A FF FF 00 00 00 05 00 00 12 3F 

---->>>  [IN ]
2020/08/25 07:27:57:689
Linktest.rsp
00 00 00 0A FF FF 00 00 00 06 00 00 12 3F 

<<<----  [OUT]
2020/08/25 07:28:07:700
Linktest.req
00 00 00 0A FF FF 00 00 00 05 00 00 12 40 

---->>>  [IN ]
2020/08/25 07:28:07:701
Linktest.rsp
00 00 00 0A FF FF 00 00 00 06 00 00 12 40 

<<<----  [OUT]
2020/08/25 07:28:17:714
Linktest.req
00 00 00 0A FF FF 00 00 00 05 00 00 12 41 

---->>>  [IN ]
2020/08/25 07:28:17:715
Linktest.rsp
00 00 00 0A FF FF 00 00 00 06 00 00 12 41 

<<<----  [OUT]
2020/08/25 07:28:27:730
Linktest.req
00 00 00 0A FF FF 00 00 00 05 00 00 12 42 

---->>>  [IN ]
2020/08/25 07:28:27:731
Linktest.rsp
00 00 00 0A FF FF 00 00 00 06 00 00 12 42 

<<<----  [OUT]
2020/08/25 07:28:37:743
Linktest.req
00 00 00 0A FF FF 00 00 00 05 00 00 12 43 

---->>>  [IN ]
2020/08/25 07:28:37:744
Linktest.rsp
00 00 00 0A FF FF 00 00 00 06 00 00 12 43 

---->>>  [IN ]
2020/08/25 07:28:42:116
Linktest.req
00 00 00 0A FF FF 00 00 00 05 80 00 04 0B 

<<<----  [OUT]
2020/08/25 07:28:42:116
Linktest.rsp
00 00 00 0A FF FF 00 00 00 06 80 00 04 0B 

<<<----  [OUT]
2020/08/25 07:28:47:754
Linktest.req
00 00 00 0A FF FF 00 00 00 05 00 00 12 44 

---->>>  [IN ]
2020/08/25 07:28:47:755
Linktest.rsp
00 00 00 0A FF FF 00 00 00 06 00 00 12 44 

<<<----  [OUT]
2020/08/25 07:28:57:766
Linktest.req
00 00 00 0A FF FF 00 00 00 05 00 00 12 45 

---->>>  [IN ]
2020/08/25 07:28:57:767
Linktest.rsp
00 00 00 0A FF FF 00 00 00 06 00 00 12 45 

<<<----  [OUT]
2020/08/25 07:29:07:785
Linktest.req
00 00 00 0A FF FF 00 00 00 05 00 00 12 46 

---->>>  [IN ]
2020/08/25 07:29:07:786
Linktest.rsp
00 00 00 0A FF FF 00 00 00 06 00 00 12 46 

<<<----  [OUT]
2020/08/25 07:29:17:802
Linktest.req
00 00 00 0A FF FF 00 00 00 05 00 00 12 47 

---->>>  [IN ]
2020/08/25 07:29:17:803
Linktest.rsp
00 00 00 0A FF FF 00 00 00 06 00 00 12 47 

<<<----  [OUT]
2020/08/25 07:29:27:789
Linktest.req
00 00 00 0A FF FF 00 00 00 05 00 00 12 48 

---->>>  [IN ]
2020/08/25 07:29:27:790
Linktest.rsp
00 00 00 0A FF FF 00 00 00 06 00 00 12 48 

<<<----  [OUT]
2020/08/25 07:29:37:807
Linktest.req
00 00 00 0A FF FF 00 00 00 05 00 00 12 49 

---->>>  [IN ]
2020/08/25 07:29:37:808
Linktest.rsp
00 00 00 0A FF FF 00 00 00 06 00 00 12 49 

---->>>  [IN ]
2020/08/25 07:29:42:118
Linktest.req
00 00 00 0A FF FF 00 00 00 05 80 00 04 0C 

<<<----  [OUT]
2020/08/25 07:29:42:118
Linktest.rsp
00 00 00 0A FF FF 00 00 00 06 80 00 04 0C 

<<<----  [OUT]
2020/08/25 07:29:47:822
Linktest.req
00 00 00 0A FF FF 00 00 00 05 00 00 12 4A 

---->>>  [IN ]
2020/08/25 07:29:47:823
Linktest.rsp
00 00 00 0A FF FF 00 00 00 06 00 00 12 4A 

<<<----  [OUT]
2020/08/25 07:29:57:835
Linktest.req
00 00 00 0A FF FF 00 00 00 05 00 00 12 4B 

---->>>  [IN ]
2020/08/25 07:29:57:836
Linktest.rsp
00 00 00 0A FF FF 00 00 00 06 00 00 12 4B 

<<<----  [OUT]
2020/08/25 07:30:07:848
Linktest.req
00 00 00 0A FF FF 00 00 00 05 00 00 12 4C 

---->>>  [IN ]
2020/08/25 07:30:07:849
Linktest.rsp
00 00 00 0A FF FF 00 00 00 06 00 00 12 4C 

<<<----  [OUT]
2020/08/25 07:30:17:861
Linktest.req
00 00 00 0A FF FF 00 00 00 05 00 00 12 4D 

---->>>  [IN ]
2020/08/25 07:30:17:862
Linktest.rsp
00 00 00 0A FF FF 00 00 00 06 00 00 12 4D 

<<<----  [OUT]
2020/08/25 07:30:27:876
Linktest.req
00 00 00 0A FF FF 00 00 00 05 00 00 12 4E 

---->>>  [IN ]
2020/08/25 07:30:27:877
Linktest.rsp
00 00 00 0A FF FF 00 00 00 06 00 00 12 4E 

<<<----  [OUT]
2020/08/25 07:30:37:890
Linktest.req
00 00 00 0A FF FF 00 00 00 05 00 00 12 4F 

---->>>  [IN ]
2020/08/25 07:30:37:891
Linktest.rsp
00 00 00 0A FF FF 00 00 00 06 00 00 12 4F 

---->>>  [IN ]
2020/08/25 07:30:42:117
Linktest.req
00 00 00 0A FF FF 00 00 00 05 80 00 04 0D 

<<<----  [OUT]
2020/08/25 07:30:42:117
Linktest.rsp
00 00 00 0A FF FF 00 00 00 06 80 00 04 0D 

<<<----  [OUT]
2020/08/25 07:30:47:906
Linktest.req
00 00 00 0A FF FF 00 00 00 05 00 00 12 50 

---->>>  [IN ]
2020/08/25 07:30:47:907
Linktest.rsp
00 00 00 0A FF FF 00 00 00 06 00 00 12 50 

<<<----  [OUT]
2020/08/25 07:30:57:917
Linktest.req
00 00 00 0A FF FF 00 00 00 05 00 00 12 51 

---->>>  [IN ]
2020/08/25 07:30:57:918
Linktest.rsp
00 00 00 0A FF FF 00 00 00 06 00 00 12 51 

<<<----  [OUT]
2020/08/25 07:31:07:928
Linktest.req
00 00 00 0A FF FF 00 00 00 05 00 00 12 52 

---->>>  [IN ]
2020/08/25 07:31:07:929
Linktest.rsp
00 00 00 0A FF FF 00 00 00 06 00 00 12 52 

<<<----  [OUT]
2020/08/25 07:31:17:936
Linktest.req
00 00 00 0A FF FF 00 00 00 05 00 00 12 53 

---->>>  [IN ]
2020/08/25 07:31:17:937
Linktest.rsp
00 00 00 0A FF FF 00 00 00 06 00 00 12 53 

<<<----  [OUT]
2020/08/25 07:31:27:948
Linktest.req
00 00 00 0A FF FF 00 00 00 05 00 00 12 54 

---->>>  [IN ]
2020/08/25 07:31:27:949
Linktest.rsp
00 00 00 0A FF FF 00 00 00 06 00 00 12 54 

<<<----  [OUT]
2020/08/25 07:31:37:959
Linktest.req
00 00 00 0A FF FF 00 00 00 05 00 00 12 55 

---->>>  [IN ]
2020/08/25 07:31:37:960
Linktest.rsp
00 00 00 0A FF FF 00 00 00 06 00 00 12 55 

---->>>  [IN ]
2020/08/25 07:31:42:113
Linktest.req
00 00 00 0A FF FF 00 00 00 05 80 00 04 0E 

<<<----  [OUT]
2020/08/25 07:31:42:113
Linktest.rsp
00 00 00 0A FF FF 00 00 00 06 80 00 04 0E 

<<<----  [OUT]
2020/08/25 07:31:47:970
Linktest.req
00 00 00 0A FF FF 00 00 00 05 00 00 12 56 

---->>>  [IN ]
2020/08/25 07:31:47:971
Linktest.rsp
00 00 00 0A FF FF 00 00 00 06 00 00 12 56 

<<<----  [OUT]
2020/08/25 07:31:57:987
Linktest.req
00 00 00 0A FF FF 00 00 00 05 00 00 12 57 

---->>>  [IN ]
2020/08/25 07:31:57:988
Linktest.rsp
00 00 00 0A FF FF 00 00 00 06 00 00 12 57 

<<<----  [OUT]
2020/08/25 07:32:07:977
Linktest.req
00 00 00 0A FF FF 00 00 00 05 00 00 12 58 

---->>>  [IN ]
2020/08/25 07:32:07:978
Linktest.rsp
00 00 00 0A FF FF 00 00 00 06 00 00 12 58 

<<<----  [OUT]
2020/08/25 07:32:17:995
Linktest.req
00 00 00 0A FF FF 00 00 00 05 00 00 12 59 

---->>>  [IN ]
2020/08/25 07:32:17:996
Linktest.rsp
00 00 00 0A FF FF 00 00 00 06 00 00 12 59 

<<<----  [OUT]
2020/08/25 07:32:28:012
Linktest.req
00 00 00 0A FF FF 00 00 00 05 00 00 12 5A 

---->>>  [IN ]
2020/08/25 07:32:28:013
Linktest.rsp
00 00 00 0A FF FF 00 00 00 06 00 00 12 5A 

<<<----  [OUT]
2020/08/25 07:32:38:029
Linktest.req
00 00 00 0A FF FF 00 00 00 05 00 00 12 5B 

---->>>  [IN ]
2020/08/25 07:32:38:030
Linktest.rsp
00 00 00 0A FF FF 00 00 00 06 00 00 12 5B 

---->>>  [IN ]
2020/08/25 07:32:42:118
Linktest.req
00 00 00 0A FF FF 00 00 00 05 80 00 04 0F 

<<<----  [OUT]
2020/08/25 07:32:42:118
Linktest.rsp
00 00 00 0A FF FF 00 00 00 06 80 00 04 0F 

<<<----  [OUT]
2020/08/25 07:32:48:044
Linktest.req
00 00 00 0A FF FF 00 00 00 05 00 00 12 5C 

---->>>  [IN ]
2020/08/25 07:32:48:045
Linktest.rsp
00 00 00 0A FF FF 00 00 00 06 00 00 12 5C 

<<<----  [OUT]
2020/08/25 07:32:58:057
Linktest.req
00 00 00 0A FF FF 00 00 00 05 00 00 12 5D 

---->>>  [IN ]
2020/08/25 07:32:58:058
Linktest.rsp
00 00 00 0A FF FF 00 00 00 06 00 00 12 5D 

<<<----  [OUT]
2020/08/25 07:33:08:070
Linktest.req
00 00 00 0A FF FF 00 00 00 05 00 00 12 5E 

---->>>  [IN ]
2020/08/25 07:33:08:071
Linktest.rsp
00 00 00 0A FF FF 00 00 00 06 00 00 12 5E 

<<<----  [OUT]
2020/08/25 07:33:18:084
Linktest.req
00 00 00 0A FF FF 00 00 00 05 00 00 12 5F 

---->>>  [IN ]
2020/08/25 07:33:18:085
Linktest.rsp
00 00 00 0A FF FF 00 00 00 06 00 00 12 5F 

<<<----  [OUT]
2020/08/25 07:33:28:102
Linktest.req
00 00 00 0A FF FF 00 00 00 05 00 00 12 60 

---->>>  [IN ]
2020/08/25 07:33:28:103
Linktest.rsp
00 00 00 0A FF FF 00 00 00 06 00 00 12 60 

<<<----  [OUT]
2020/08/25 07:33:38:116
Linktest.req
00 00 00 0A FF FF 00 00 00 05 00 00 12 61 

---->>>  [IN ]
2020/08/25 07:33:38:117
Linktest.rsp
00 00 00 0A FF FF 00 00 00 06 00 00 12 61 

---->>>  [IN ]
2020/08/25 07:33:42:118
Linktest.req
00 00 00 0A FF FF 00 00 00 05 80 00 04 10 

<<<----  [OUT]
2020/08/25 07:33:42:118
Linktest.rsp
00 00 00 0A FF FF 00 00 00 06 80 00 04 10 

<<<----  [OUT]
2020/08/25 07:33:48:129
Linktest.req
00 00 00 0A FF FF 00 00 00 05 00 00 12 62 

---->>>  [IN ]
2020/08/25 07:33:48:130
Linktest.rsp
00 00 00 0A FF FF 00 00 00 06 00 00 12 62 

<<<----  [OUT]
2020/08/25 07:33:58:145
Linktest.req
00 00 00 0A FF FF 00 00 00 05 00 00 12 63 

---->>>  [IN ]
2020/08/25 07:33:58:146
Linktest.rsp
00 00 00 0A FF FF 00 00 00 06 00 00 12 63 

<<<----  [OUT]
2020/08/25 07:34:08:156
Linktest.req
00 00 00 0A FF FF 00 00 00 05 00 00 12 64 

---->>>  [IN ]
2020/08/25 07:34:08:157
Linktest.rsp
00 00 00 0A FF FF 00 00 00 06 00 00 12 64 

<<<----  [OUT]
2020/08/25 07:34:18:170
Linktest.req
00 00 00 0A FF FF 00 00 00 05 00 00 12 65 

---->>>  [IN ]
2020/08/25 07:34:18:171
Linktest.rsp
00 00 00 0A FF FF 00 00 00 06 00 00 12 65 

<<<----  [OUT]
2020/08/25 07:34:28:185
Linktest.req
00 00 00 0A FF FF 00 00 00 05 00 00 12 66 

---->>>  [IN ]
2020/08/25 07:34:28:186
Linktest.rsp
00 00 00 0A FF FF 00 00 00 06 00 00 12 66 

<<<----  [OUT]
2020/08/25 07:34:38:201
Linktest.req
00 00 00 0A FF FF 00 00 00 05 00 00 12 67 

---->>>  [IN ]
2020/08/25 07:34:38:202
Linktest.rsp
00 00 00 0A FF FF 00 00 00 06 00 00 12 67 

---->>>  [IN ]
2020/08/25 07:34:42:113
Linktest.req
00 00 00 0A FF FF 00 00 00 05 80 00 04 11 

<<<----  [OUT]
2020/08/25 07:34:42:113
Linktest.rsp
00 00 00 0A FF FF 00 00 00 06 80 00 04 11 

<<<----  [OUT]
2020/08/25 07:34:48:218
Linktest.req
00 00 00 0A FF FF 00 00 00 05 00 00 12 68 

---->>>  [IN ]
2020/08/25 07:34:48:219
Linktest.rsp
00 00 00 0A FF FF 00 00 00 06 00 00 12 68 

<<<----  [OUT]
2020/08/25 07:34:58:236
Linktest.req
00 00 00 0A FF FF 00 00 00 05 00 00 12 69 

---->>>  [IN ]
2020/08/25 07:34:58:237
Linktest.rsp
00 00 00 0A FF FF 00 00 00 06 00 00 12 69 

<<<----  [OUT]
2020/08/25 07:35:08:253
Linktest.req
00 00 00 0A FF FF 00 00 00 05 00 00 12 6A 

---->>>  [IN ]
2020/08/25 07:35:08:254
Linktest.rsp
00 00 00 0A FF FF 00 00 00 06 00 00 12 6A 

<<<----  [OUT]
2020/08/25 07:35:18:267
Linktest.req
00 00 00 0A FF FF 00 00 00 05 00 00 12 6B 

---->>>  [IN ]
2020/08/25 07:35:18:268
Linktest.rsp
00 00 00 0A FF FF 00 00 00 06 00 00 12 6B 

<<<----  [OUT]
2020/08/25 07:35:28:283
Linktest.req
00 00 00 0A FF FF 00 00 00 05 00 00 12 6C 

---->>>  [IN ]
2020/08/25 07:35:28:284
Linktest.rsp
00 00 00 0A FF FF 00 00 00 06 00 00 12 6C 

<<<----  [OUT]
2020/08/25 07:35:38:295
Linktest.req
00 00 00 0A FF FF 00 00 00 05 00 00 12 6D 

---->>>  [IN ]
2020/08/25 07:35:38:296
Linktest.rsp
00 00 00 0A FF FF 00 00 00 06 00 00 12 6D 

---->>>  [IN ]
2020/08/25 07:35:42:116
Linktest.req
00 00 00 0A FF FF 00 00 00 05 80 00 04 12 

<<<----  [OUT]
2020/08/25 07:35:42:116
Linktest.rsp
00 00 00 0A FF FF 00 00 00 06 80 00 04 12 

<<<----  [OUT]
2020/08/25 07:35:48:309
Linktest.req
00 00 00 0A FF FF 00 00 00 05 00 00 12 6E 

---->>>  [IN ]
2020/08/25 07:35:48:310
Linktest.rsp
00 00 00 0A FF FF 00 00 00 06 00 00 12 6E 

<<<----  [OUT]
2020/08/25 07:35:58:323
Linktest.req
00 00 00 0A FF FF 00 00 00 05 00 00 12 6F 

---->>>  [IN ]
2020/08/25 07:35:58:324
Linktest.rsp
00 00 00 0A FF FF 00 00 00 06 00 00 12 6F 

<<<----  [OUT]
2020/08/25 07:36:08:340
Linktest.req
00 00 00 0A FF FF 00 00 00 05 00 00 12 70 

---->>>  [IN ]
2020/08/25 07:36:08:341
Linktest.rsp
00 00 00 0A FF FF 00 00 00 06 00 00 12 70 

<<<----  [OUT]
2020/08/25 07:36:18:356
Linktest.req
00 00 00 0A FF FF 00 00 00 05 00 00 12 71 

---->>>  [IN ]
2020/08/25 07:36:18:357
Linktest.rsp
00 00 00 0A FF FF 00 00 00 06 00 00 12 71 

<<<----  [OUT]
2020/08/25 07:36:28:373
Linktest.req
00 00 00 0A FF FF 00 00 00 05 00 00 12 72 

---->>>  [IN ]
2020/08/25 07:36:28:374
Linktest.rsp
00 00 00 0A FF FF 00 00 00 06 00 00 12 72 

<<<----  [OUT]
2020/08/25 07:36:38:386
Linktest.req
00 00 00 0A FF FF 00 00 00 05 00 00 12 73 

---->>>  [IN ]
2020/08/25 07:36:38:387
Linktest.rsp
00 00 00 0A FF FF 00 00 00 06 00 00 12 73 

---->>>  [IN ]
2020/08/25 07:36:42:117
Linktest.req
00 00 00 0A FF FF 00 00 00 05 80 00 04 13 

<<<----  [OUT]
2020/08/25 07:36:42:117
Linktest.rsp
00 00 00 0A FF FF 00 00 00 06 80 00 04 13 

<<<----  [OUT]
2020/08/25 07:36:48:400
Linktest.req
00 00 00 0A FF FF 00 00 00 05 00 00 12 74 

---->>>  [IN ]
2020/08/25 07:36:48:401
Linktest.rsp
00 00 00 0A FF FF 00 00 00 06 00 00 12 74 

<<<----  [OUT]
2020/08/25 07:36:58:415
Linktest.req
00 00 00 0A FF FF 00 00 00 05 00 00 12 75 

---->>>  [IN ]
2020/08/25 07:36:58:416
Linktest.rsp
00 00 00 0A FF FF 00 00 00 06 00 00 12 75 

<<<----  [OUT]
2020/08/25 07:37:08:433
Linktest.req
00 00 00 0A FF FF 00 00 00 05 00 00 12 76 

---->>>  [IN ]
2020/08/25 07:37:08:434
Linktest.rsp
00 00 00 0A FF FF 00 00 00 06 00 00 12 76 

<<<----  [OUT]
2020/08/25 07:37:18:452
Linktest.req
00 00 00 0A FF FF 00 00 00 05 00 00 12 77 

---->>>  [IN ]
2020/08/25 07:37:18:453
Linktest.rsp
00 00 00 0A FF FF 00 00 00 06 00 00 12 77 

<<<----  [OUT]
2020/08/25 07:37:28:470
Linktest.req
00 00 00 0A FF FF 00 00 00 05 00 00 12 78 

---->>>  [IN ]
2020/08/25 07:37:28:471
Linktest.rsp
00 00 00 0A FF FF 00 00 00 06 00 00 12 78 

<<<----  [OUT]
2020/08/25 07:37:38:485
Linktest.req
00 00 00 0A FF FF 00 00 00 05 00 00 12 79 

---->>>  [IN ]
2020/08/25 07:37:38:487
Linktest.rsp
00 00 00 0A FF FF 00 00 00 06 00 00 12 79 

---->>>  [IN ]
2020/08/25 07:37:42:115
Linktest.req
00 00 00 0A FF FF 00 00 00 05 80 00 04 14 

<<<----  [OUT]
2020/08/25 07:37:42:115
Linktest.rsp
00 00 00 0A FF FF 00 00 00 06 80 00 04 14 

<<<----  [OUT]
2020/08/25 07:37:48:501
Linktest.req
00 00 00 0A FF FF 00 00 00 05 00 00 12 7A 

---->>>  [IN ]
2020/08/25 07:37:48:502
Linktest.rsp
00 00 00 0A FF FF 00 00 00 06 00 00 12 7A 

<<<----  [OUT]
2020/08/25 07:37:58:515
Linktest.req
00 00 00 0A FF FF 00 00 00 05 00 00 12 7B 

---->>>  [IN ]
2020/08/25 07:37:58:516
Linktest.rsp
00 00 00 0A FF FF 00 00 00 06 00 00 12 7B 

<<<----  [OUT]
2020/08/25 07:38:08:532
Linktest.req
00 00 00 0A FF FF 00 00 00 05 00 00 12 7C 

---->>>  [IN ]
2020/08/25 07:38:08:533
Linktest.rsp
00 00 00 0A FF FF 00 00 00 06 00 00 12 7C 

<<<----  [OUT]
2020/08/25 07:38:18:551
Linktest.req
00 00 00 0A FF FF 00 00 00 05 00 00 12 7D 

---->>>  [IN ]
2020/08/25 07:38:18:552
Linktest.rsp
00 00 00 0A FF FF 00 00 00 06 00 00 12 7D 

<<<----  [OUT]
2020/08/25 07:38:28:563
Linktest.req
00 00 00 0A FF FF 00 00 00 05 00 00 12 7E 

---->>>  [IN ]
2020/08/25 07:38:28:564
Linktest.rsp
00 00 00 0A FF FF 00 00 00 06 00 00 12 7E 

<<<----  [OUT]
2020/08/25 07:38:38:576
Linktest.req
00 00 00 0A FF FF 00 00 00 05 00 00 12 7F 

---->>>  [IN ]
2020/08/25 07:38:38:577
Linktest.rsp
00 00 00 0A FF FF 00 00 00 06 00 00 12 7F 

---->>>  [IN ]
2020/08/25 07:38:42:113
Linktest.req
00 00 00 0A FF FF 00 00 00 05 80 00 04 15 

<<<----  [OUT]
2020/08/25 07:38:42:113
Linktest.rsp
00 00 00 0A FF FF 00 00 00 06 80 00 04 15 

<<<----  [OUT]
2020/08/25 07:38:48:587
Linktest.req
00 00 00 0A FF FF 00 00 00 05 00 00 12 80 

---->>>  [IN ]
2020/08/25 07:38:48:588
Linktest.rsp
00 00 00 0A FF FF 00 00 00 06 00 00 12 80 

<<<----  [OUT]
2020/08/25 07:38:58:602
Linktest.req
00 00 00 0A FF FF 00 00 00 05 00 00 12 81 

---->>>  [IN ]
2020/08/25 07:38:58:603
Linktest.rsp
00 00 00 0A FF FF 00 00 00 06 00 00 12 81 

<<<----  [OUT]
2020/08/25 07:39:08:619
Linktest.req
00 00 00 0A FF FF 00 00 00 05 00 00 12 82 

---->>>  [IN ]
2020/08/25 07:39:08:620
Linktest.rsp
00 00 00 0A FF FF 00 00 00 06 00 00 12 82 

<<<----  [OUT]
2020/08/25 07:39:18:638
Linktest.req
00 00 00 0A FF FF 00 00 00 05 00 00 12 83 

---->>>  [IN ]
2020/08/25 07:39:18:639
Linktest.rsp
00 00 00 0A FF FF 00 00 00 06 00 00 12 83 

<<<----  [OUT]
2020/08/25 07:39:28:648
Linktest.req
00 00 00 0A FF FF 00 00 00 05 00 00 12 84 

---->>>  [IN ]
2020/08/25 07:39:28:648
Linktest.rsp
00 00 00 0A FF FF 00 00 00 06 00 00 12 84 

<<<----  [OUT]
2020/08/25 07:39:38:659
Linktest.req
00 00 00 0A FF FF 00 00 00 05 00 00 12 85 

---->>>  [IN ]
2020/08/25 07:39:38:660
Linktest.rsp
00 00 00 0A FF FF 00 00 00 06 00 00 12 85 

---->>>  [IN ]
2020/08/25 07:39:42:116
Linktest.req
00 00 00 0A FF FF 00 00 00 05 80 00 04 16 

<<<----  [OUT]
2020/08/25 07:39:42:116
Linktest.rsp
00 00 00 0A FF FF 00 00 00 06 80 00 04 16 

<<<----  [OUT]
2020/08/25 07:39:48:676
Linktest.req
00 00 00 0A FF FF 00 00 00 05 00 00 12 86 

---->>>  [IN ]
2020/08/25 07:39:48:676
Linktest.rsp
00 00 00 0A FF FF 00 00 00 06 00 00 12 86 

<<<----  [OUT]
2020/08/25 07:39:58:683
Linktest.req
00 00 00 0A FF FF 00 00 00 05 00 00 12 87 

---->>>  [IN ]
2020/08/25 07:39:58:684
Linktest.rsp
00 00 00 0A FF FF 00 00 00 06 00 00 12 87 

<<<----  [OUT]
2020/08/25 07:40:08:700
Linktest.req
00 00 00 0A FF FF 00 00 00 05 00 00 12 88 

---->>>  [IN ]
2020/08/25 07:40:08:701
Linktest.rsp
00 00 00 0A FF FF 00 00 00 06 00 00 12 88 

<<<----  [OUT]
2020/08/25 07:40:18:713
Linktest.req
00 00 00 0A FF FF 00 00 00 05 00 00 12 89 

---->>>  [IN ]
2020/08/25 07:40:18:714
Linktest.rsp
00 00 00 0A FF FF 00 00 00 06 00 00 12 89 

<<<----  [OUT]
2020/08/25 07:40:28:727
Linktest.req
00 00 00 0A FF FF 00 00 00 05 00 00 12 8A 

---->>>  [IN ]
2020/08/25 07:40:28:728
Linktest.rsp
00 00 00 0A FF FF 00 00 00 06 00 00 12 8A 

<<<----  [OUT]
2020/08/25 07:40:38:743
Linktest.req
00 00 00 0A FF FF 00 00 00 05 00 00 12 8B 

---->>>  [IN ]
2020/08/25 07:40:38:744
Linktest.rsp
00 00 00 0A FF FF 00 00 00 06 00 00 12 8B 

---->>>  [IN ]
2020/08/25 07:40:42:114
Linktest.req
00 00 00 0A FF FF 00 00 00 05 80 00 04 17 

<<<----  [OUT]
2020/08/25 07:40:42:114
Linktest.rsp
00 00 00 0A FF FF 00 00 00 06 80 00 04 17 

<<<----  [OUT]
2020/08/25 07:40:48:756
Linktest.req
00 00 00 0A FF FF 00 00 00 05 00 00 12 8C 

---->>>  [IN ]
2020/08/25 07:40:48:757
Linktest.rsp
00 00 00 0A FF FF 00 00 00 06 00 00 12 8C 

<<<----  [OUT]
2020/08/25 07:40:58:771
Linktest.req
00 00 00 0A FF FF 00 00 00 05 00 00 12 8D 

---->>>  [IN ]
2020/08/25 07:40:58:772
Linktest.rsp
00 00 00 0A FF FF 00 00 00 06 00 00 12 8D 

<<<----  [OUT]
2020/08/25 07:41:08:786
Linktest.req
00 00 00 0A FF FF 00 00 00 05 00 00 12 8E 

---->>>  [IN ]
2020/08/25 07:41:08:787
Linktest.rsp
00 00 00 0A FF FF 00 00 00 06 00 00 12 8E 

<<<----  [OUT]
2020/08/25 07:41:18:802
Linktest.req
00 00 00 0A FF FF 00 00 00 05 00 00 12 8F 

---->>>  [IN ]
2020/08/25 07:41:18:803
Linktest.rsp
00 00 00 0A FF FF 00 00 00 06 00 00 12 8F 

<<<----  [OUT]
2020/08/25 07:41:28:816
Linktest.req
00 00 00 0A FF FF 00 00 00 05 00 00 12 90 

---->>>  [IN ]
2020/08/25 07:41:28:817
Linktest.rsp
00 00 00 0A FF FF 00 00 00 06 00 00 12 90 

<<<----  [OUT]
2020/08/25 07:41:38:833
Linktest.req
00 00 00 0A FF FF 00 00 00 05 00 00 12 91 

---->>>  [IN ]
2020/08/25 07:41:38:834
Linktest.rsp
00 00 00 0A FF FF 00 00 00 06 00 00 12 91 

---->>>  [IN ]
2020/08/25 07:41:42:115
Linktest.req
00 00 00 0A FF FF 00 00 00 05 80 00 04 18 

<<<----  [OUT]
2020/08/25 07:41:42:115
Linktest.rsp
00 00 00 0A FF FF 00 00 00 06 80 00 04 18 

<<<----  [OUT]
2020/08/25 07:41:48:848
Linktest.req
00 00 00 0A FF FF 00 00 00 05 00 00 12 92 

---->>>  [IN ]
2020/08/25 07:41:48:849
Linktest.rsp
00 00 00 0A FF FF 00 00 00 06 00 00 12 92 

<<<----  [OUT]
2020/08/25 07:41:58:860
Linktest.req
00 00 00 0A FF FF 00 00 00 05 00 00 12 93 

---->>>  [IN ]
2020/08/25 07:41:58:861
Linktest.rsp
00 00 00 0A FF FF 00 00 00 06 00 00 12 93 

<<<----  [OUT]
2020/08/25 07:42:08:879
Linktest.req
00 00 00 0A FF FF 00 00 00 05 00 00 12 94 

---->>>  [IN ]
2020/08/25 07:42:08:880
Linktest.rsp
00 00 00 0A FF FF 00 00 00 06 00 00 12 94 

<<<----  [OUT]
2020/08/25 07:42:18:894
Linktest.req
00 00 00 0A FF FF 00 00 00 05 00 00 12 95 

---->>>  [IN ]
2020/08/25 07:42:18:895
Linktest.rsp
00 00 00 0A FF FF 00 00 00 06 00 00 12 95 

<<<----  [OUT]
2020/08/25 07:42:28:912
Linktest.req
00 00 00 0A FF FF 00 00 00 05 00 00 12 96 

---->>>  [IN ]
2020/08/25 07:42:28:913
Linktest.rsp
00 00 00 0A FF FF 00 00 00 06 00 00 12 96 

<<<----  [OUT]
2020/08/25 07:42:38:928
Linktest.req
00 00 00 0A FF FF 00 00 00 05 00 00 12 97 

---->>>  [IN ]
2020/08/25 07:42:38:929
Linktest.rsp
00 00 00 0A FF FF 00 00 00 06 00 00 12 97 

---->>>  [IN ]
2020/08/25 07:42:42:114
Linktest.req
00 00 00 0A FF FF 00 00 00 05 80 00 04 19 

<<<----  [OUT]
2020/08/25 07:42:42:114
Linktest.rsp
00 00 00 0A FF FF 00 00 00 06 80 00 04 19 

<<<----  [OUT]
2020/08/25 07:42:48:944
Linktest.req
00 00 00 0A FF FF 00 00 00 05 00 00 12 98 

---->>>  [IN ]
2020/08/25 07:42:48:945
Linktest.rsp
00 00 00 0A FF FF 00 00 00 06 00 00 12 98 

<<<----  [OUT]
2020/08/25 07:42:58:957
Linktest.req
00 00 00 0A FF FF 00 00 00 05 00 00 12 99 

---->>>  [IN ]
2020/08/25 07:42:58:958
Linktest.rsp
00 00 00 0A FF FF 00 00 00 06 00 00 12 99 

<<<----  [OUT]
2020/08/25 07:43:08:973
Linktest.req
00 00 00 0A FF FF 00 00 00 05 00 00 12 9A 

---->>>  [IN ]
2020/08/25 07:43:08:974
Linktest.rsp
00 00 00 0A FF FF 00 00 00 06 00 00 12 9A 

<<<----  [OUT]
2020/08/25 07:43:18:988
Linktest.req
00 00 00 0A FF FF 00 00 00 05 00 00 12 9B 

---->>>  [IN ]
2020/08/25 07:43:18:989
Linktest.rsp
00 00 00 0A FF FF 00 00 00 06 00 00 12 9B 

<<<----  [OUT]
2020/08/25 07:43:29:004
Linktest.req
00 00 00 0A FF FF 00 00 00 05 00 00 12 9C 

---->>>  [IN ]
2020/08/25 07:43:29:005
Linktest.rsp
00 00 00 0A FF FF 00 00 00 06 00 00 12 9C 

<<<----  [OUT]
2020/08/25 07:43:39:020
Linktest.req
00 00 00 0A FF FF 00 00 00 05 00 00 12 9D 

---->>>  [IN ]
2020/08/25 07:43:39:021
Linktest.rsp
00 00 00 0A FF FF 00 00 00 06 00 00 12 9D 

---->>>  [IN ]
2020/08/25 07:43:42:111
Linktest.req
00 00 00 0A FF FF 00 00 00 05 80 00 04 1A 

<<<----  [OUT]
2020/08/25 07:43:42:111
Linktest.rsp
00 00 00 0A FF FF 00 00 00 06 80 00 04 1A 

<<<----  [OUT]
2020/08/25 07:43:49:037
Linktest.req
00 00 00 0A FF FF 00 00 00 05 00 00 12 9E 

---->>>  [IN ]
2020/08/25 07:43:49:038
Linktest.rsp
00 00 00 0A FF FF 00 00 00 06 00 00 12 9E 

<<<----  [OUT]
2020/08/25 07:43:59:052
Linktest.req
00 00 00 0A FF FF 00 00 00 05 00 00 12 9F 

---->>>  [IN ]
2020/08/25 07:43:59:053
Linktest.rsp
00 00 00 0A FF FF 00 00 00 06 00 00 12 9F 

<<<----  [OUT]
2020/08/25 07:44:09:065
Linktest.req
00 00 00 0A FF FF 00 00 00 05 00 00 12 A0 

---->>>  [IN ]
2020/08/25 07:44:09:066
Linktest.rsp
00 00 00 0A FF FF 00 00 00 06 00 00 12 A0 

<<<----  [OUT]
2020/08/25 07:44:19:076
Linktest.req
00 00 00 0A FF FF 00 00 00 05 00 00 12 A1 

---->>>  [IN ]
2020/08/25 07:44:19:077
Linktest.rsp
00 00 00 0A FF FF 00 00 00 06 00 00 12 A1 

<<<----  [OUT]
2020/08/25 07:44:29:091
Linktest.req
00 00 00 0A FF FF 00 00 00 05 00 00 12 A2 

---->>>  [IN ]
2020/08/25 07:44:29:092
Linktest.rsp
00 00 00 0A FF FF 00 00 00 06 00 00 12 A2 

<<<----  [OUT]
2020/08/25 07:44:39:108
Linktest.req
00 00 00 0A FF FF 00 00 00 05 00 00 12 A3 

---->>>  [IN ]
2020/08/25 07:44:39:109
Linktest.rsp
00 00 00 0A FF FF 00 00 00 06 00 00 12 A3 

---->>>  [IN ]
2020/08/25 07:44:42:112
Linktest.req
00 00 00 0A FF FF 00 00 00 05 80 00 04 1B 

<<<----  [OUT]
2020/08/25 07:44:42:112
Linktest.rsp
00 00 00 0A FF FF 00 00 00 06 80 00 04 1B 

<<<----  [OUT]
2020/08/25 07:44:49:122
Linktest.req
00 00 00 0A FF FF 00 00 00 05 00 00 12 A4 

---->>>  [IN ]
2020/08/25 07:44:49:123
Linktest.rsp
00 00 00 0A FF FF 00 00 00 06 00 00 12 A4 

<<<----  [OUT]
2020/08/25 07:44:59:140
Linktest.req
00 00 00 0A FF FF 00 00 00 05 00 00 12 A5 

---->>>  [IN ]
2020/08/25 07:44:59:141
Linktest.rsp
00 00 00 0A FF FF 00 00 00 06 00 00 12 A5 

<<<----  [OUT]
2020/08/25 07:45:09:158
Linktest.req
00 00 00 0A FF FF 00 00 00 05 00 00 12 A6 

---->>>  [IN ]
2020/08/25 07:45:09:159
Linktest.rsp
00 00 00 0A FF FF 00 00 00 06 00 00 12 A6 

<<<----  [OUT]
2020/08/25 07:45:19:173
Linktest.req
00 00 00 0A FF FF 00 00 00 05 00 00 12 A7 

---->>>  [IN ]
2020/08/25 07:45:19:174
Linktest.rsp
00 00 00 0A FF FF 00 00 00 06 00 00 12 A7 

<<<----  [OUT]
2020/08/25 07:45:29:184
Linktest.req
00 00 00 0A FF FF 00 00 00 05 00 00 12 A8 

---->>>  [IN ]
2020/08/25 07:45:29:185
Linktest.rsp
00 00 00 0A FF FF 00 00 00 06 00 00 12 A8 

<<<----  [OUT]
2020/08/25 07:45:39:200
Linktest.req
00 00 00 0A FF FF 00 00 00 05 00 00 12 A9 

---->>>  [IN ]
2020/08/25 07:45:39:201
Linktest.rsp
00 00 00 0A FF FF 00 00 00 06 00 00 12 A9 

---->>>  [IN ]
2020/08/25 07:45:42:111
Linktest.req
00 00 00 0A FF FF 00 00 00 05 80 00 04 1C 

<<<----  [OUT]
2020/08/25 07:45:42:111
Linktest.rsp
00 00 00 0A FF FF 00 00 00 06 80 00 04 1C 

<<<----  [OUT]
2020/08/25 07:45:49:216
Linktest.req
00 00 00 0A FF FF 00 00 00 05 00 00 12 AA 

---->>>  [IN ]
2020/08/25 07:45:49:217
Linktest.rsp
00 00 00 0A FF FF 00 00 00 06 00 00 12 AA 

<<<----  [OUT]
2020/08/25 07:45:59:231
Linktest.req
00 00 00 0A FF FF 00 00 00 05 00 00 12 AB 

---->>>  [IN ]
2020/08/25 07:45:59:232
Linktest.rsp
00 00 00 0A FF FF 00 00 00 06 00 00 12 AB 

<<<----  [OUT]
2020/08/25 07:46:09:248
Linktest.req
00 00 00 0A FF FF 00 00 00 05 00 00 12 AC 

---->>>  [IN ]
2020/08/25 07:46:09:249
Linktest.rsp
00 00 00 0A FF FF 00 00 00 06 00 00 12 AC 

<<<----  [OUT]
2020/08/25 07:46:19:266
Linktest.req
00 00 00 0A FF FF 00 00 00 05 00 00 12 AD 

---->>>  [IN ]
2020/08/25 07:46:19:267
Linktest.rsp
00 00 00 0A FF FF 00 00 00 06 00 00 12 AD 

<<<----  [OUT]
2020/08/25 07:46:29:283
Linktest.req
00 00 00 0A FF FF 00 00 00 05 00 00 12 AE 

---->>>  [IN ]
2020/08/25 07:46:29:284
Linktest.rsp
00 00 00 0A FF FF 00 00 00 06 00 00 12 AE 

<<<----  [OUT]
2020/08/25 07:46:39:299
Linktest.req
00 00 00 0A FF FF 00 00 00 05 00 00 12 AF 

---->>>  [IN ]
2020/08/25 07:46:39:300
Linktest.rsp
00 00 00 0A FF FF 00 00 00 06 00 00 12 AF 

---->>>  [IN ]
2020/08/25 07:46:42:115
Linktest.req
00 00 00 0A FF FF 00 00 00 05 80 00 04 1D 

<<<----  [OUT]
2020/08/25 07:46:42:115
Linktest.rsp
00 00 00 0A FF FF 00 00 00 06 80 00 04 1D 

<<<----  [OUT]
2020/08/25 07:46:49:318
Linktest.req
00 00 00 0A FF FF 00 00 00 05 00 00 12 B0 

---->>>  [IN ]
2020/08/25 07:46:49:319
Linktest.rsp
00 00 00 0A FF FF 00 00 00 06 00 00 12 B0 

<<<----  [OUT]
2020/08/25 07:46:59:337
Linktest.req
00 00 00 0A FF FF 00 00 00 05 00 00 12 B1 

---->>>  [IN ]
2020/08/25 07:46:59:338
Linktest.rsp
00 00 00 0A FF FF 00 00 00 06 00 00 12 B1 

<<<----  [OUT]
2020/08/25 07:47:09:353
Linktest.req
00 00 00 0A FF FF 00 00 00 05 00 00 12 B2 

---->>>  [IN ]
2020/08/25 07:47:09:354
Linktest.rsp
00 00 00 0A FF FF 00 00 00 06 00 00 12 B2 

<<<----  [OUT]
2020/08/25 07:47:19:366
Linktest.req
00 00 00 0A FF FF 00 00 00 05 00 00 12 B3 

---->>>  [IN ]
2020/08/25 07:47:19:367
Linktest.rsp
00 00 00 0A FF FF 00 00 00 06 00 00 12 B3 

<<<----  [OUT]
2020/08/25 07:47:29:377
Linktest.req
00 00 00 0A FF FF 00 00 00 05 00 00 12 B4 

---->>>  [IN ]
2020/08/25 07:47:29:378
Linktest.rsp
00 00 00 0A FF FF 00 00 00 06 00 00 12 B4 

<<<----  [OUT]
2020/08/25 07:47:39:388
Linktest.req
00 00 00 0A FF FF 00 00 00 05 00 00 12 B5 

---->>>  [IN ]
2020/08/25 07:47:39:389
Linktest.rsp
00 00 00 0A FF FF 00 00 00 06 00 00 12 B5 

---->>>  [IN ]
2020/08/25 07:47:42:111
Linktest.req
00 00 00 0A FF FF 00 00 00 05 80 00 04 1E 

<<<----  [OUT]
2020/08/25 07:47:42:111
Linktest.rsp
00 00 00 0A FF FF 00 00 00 06 80 00 04 1E 

<<<----  [OUT]
2020/08/25 07:47:49:401
Linktest.req
00 00 00 0A FF FF 00 00 00 05 00 00 12 B6 

---->>>  [IN ]
2020/08/25 07:47:49:402
Linktest.rsp
00 00 00 0A FF FF 00 00 00 06 00 00 12 B6 

<<<----  [OUT]
2020/08/25 07:47:59:417
Linktest.req
00 00 00 0A FF FF 00 00 00 05 00 00 12 B7 

---->>>  [IN ]
2020/08/25 07:47:59:418
Linktest.rsp
00 00 00 0A FF FF 00 00 00 06 00 00 12 B7 

<<<----  [OUT]
2020/08/25 07:48:09:430
Linktest.req
00 00 00 0A FF FF 00 00 00 05 00 00 12 B8 

---->>>  [IN ]
2020/08/25 07:48:09:431
Linktest.rsp
00 00 00 0A FF FF 00 00 00 06 00 00 12 B8 

<<<----  [OUT]
2020/08/25 07:48:19:436
Linktest.req
00 00 00 0A FF FF 00 00 00 05 00 00 12 B9 

---->>>  [IN ]
2020/08/25 07:48:19:437
Linktest.rsp
00 00 00 0A FF FF 00 00 00 06 00 00 12 B9 

<<<----  [OUT]
2020/08/25 07:48:29:445
Linktest.req
00 00 00 0A FF FF 00 00 00 05 00 00 12 BA 

---->>>  [IN ]
2020/08/25 07:48:29:446
Linktest.rsp
00 00 00 0A FF FF 00 00 00 06 00 00 12 BA 

<<<----  [OUT]
2020/08/25 07:48:39:461
Linktest.req
00 00 00 0A FF FF 00 00 00 05 00 00 12 BB 

---->>>  [IN ]
2020/08/25 07:48:39:462
Linktest.rsp
00 00 00 0A FF FF 00 00 00 06 00 00 12 BB 

---->>>  [IN ]
2020/08/25 07:48:42:116
Linktest.req
00 00 00 0A FF FF 00 00 00 05 80 00 04 1F 

<<<----  [OUT]
2020/08/25 07:48:42:116
Linktest.rsp
00 00 00 0A FF FF 00 00 00 06 80 00 04 1F 

<<<----  [OUT]
2020/08/25 07:48:49:471
Linktest.req
00 00 00 0A FF FF 00 00 00 05 00 00 12 BC 

---->>>  [IN ]
2020/08/25 07:48:49:472
Linktest.rsp
00 00 00 0A FF FF 00 00 00 06 00 00 12 BC 

<<<----  [OUT]
2020/08/25 07:48:59:482
Linktest.req
00 00 00 0A FF FF 00 00 00 05 00 00 12 BD 

---->>>  [IN ]
2020/08/25 07:48:59:483
Linktest.rsp
00 00 00 0A FF FF 00 00 00 06 00 00 12 BD 

<<<----  [OUT]
2020/08/25 07:49:09:497
Linktest.req
00 00 00 0A FF FF 00 00 00 05 00 00 12 BE 

---->>>  [IN ]
2020/08/25 07:49:09:498
Linktest.rsp
00 00 00 0A FF FF 00 00 00 06 00 00 12 BE 

<<<----  [OUT]
2020/08/25 07:49:19:513
Linktest.req
00 00 00 0A FF FF 00 00 00 05 00 00 12 BF 

---->>>  [IN ]
2020/08/25 07:49:19:514
Linktest.rsp
00 00 00 0A FF FF 00 00 00 06 00 00 12 BF 

<<<----  [OUT]
2020/08/25 07:49:29:526
Linktest.req
00 00 00 0A FF FF 00 00 00 05 00 00 12 C0 

---->>>  [IN ]
2020/08/25 07:49:29:527
Linktest.rsp
00 00 00 0A FF FF 00 00 00 06 00 00 12 C0 

<<<----  [OUT]
2020/08/25 07:49:39:539
Linktest.req
00 00 00 0A FF FF 00 00 00 05 00 00 12 C1 

---->>>  [IN ]
2020/08/25 07:49:39:540
Linktest.rsp
00 00 00 0A FF FF 00 00 00 06 00 00 12 C1 

---->>>  [IN ]
2020/08/25 07:49:42:114
Linktest.req
00 00 00 0A FF FF 00 00 00 05 80 00 04 20 

<<<----  [OUT]
2020/08/25 07:49:42:114
Linktest.rsp
00 00 00 0A FF FF 00 00 00 06 80 00 04 20 

<<<----  [OUT]
2020/08/25 07:49:49:559
Linktest.req
00 00 00 0A FF FF 00 00 00 05 00 00 12 C2 

---->>>  [IN ]
2020/08/25 07:49:49:560
Linktest.rsp
00 00 00 0A FF FF 00 00 00 06 00 00 12 C2 

<<<----  [OUT]
2020/08/25 07:49:59:578
Linktest.req
00 00 00 0A FF FF 00 00 00 05 00 00 12 C3 

---->>>  [IN ]
2020/08/25 07:49:59:578
Linktest.rsp
00 00 00 0A FF FF 00 00 00 06 00 00 12 C3 

<<<----  [OUT]
2020/08/25 07:50:09:596
Linktest.req
00 00 00 0A FF FF 00 00 00 05 00 00 12 C4 

---->>>  [IN ]
2020/08/25 07:50:09:596
Linktest.rsp
00 00 00 0A FF FF 00 00 00 06 00 00 12 C4 

<<<----  [OUT]
2020/08/25 07:50:19:611
Linktest.req
00 00 00 0A FF FF 00 00 00 05 00 00 12 C5 

---->>>  [IN ]
2020/08/25 07:50:19:612
Linktest.rsp
00 00 00 0A FF FF 00 00 00 06 00 00 12 C5 

<<<----  [OUT]
2020/08/25 07:50:29:626
Linktest.req
00 00 00 0A FF FF 00 00 00 05 00 00 12 C6 

---->>>  [IN ]
2020/08/25 07:50:29:627
Linktest.rsp
00 00 00 0A FF FF 00 00 00 06 00 00 12 C6 

<<<----  [OUT]
2020/08/25 07:50:39:644
Linktest.req
00 00 00 0A FF FF 00 00 00 05 00 00 12 C7 

---->>>  [IN ]
2020/08/25 07:50:39:645
Linktest.rsp
00 00 00 0A FF FF 00 00 00 06 00 00 12 C7 

---->>>  [IN ]
2020/08/25 07:50:42:116
Linktest.req
00 00 00 0A FF FF 00 00 00 05 80 00 04 21 

<<<----  [OUT]
2020/08/25 07:50:42:116
Linktest.rsp
00 00 00 0A FF FF 00 00 00 06 80 00 04 21 

<<<----  [OUT]
2020/08/25 07:50:49:661
Linktest.req
00 00 00 0A FF FF 00 00 00 05 00 00 12 C8 

---->>>  [IN ]
2020/08/25 07:50:49:662
Linktest.rsp
00 00 00 0A FF FF 00 00 00 06 00 00 12 C8 

<<<----  [OUT]
2020/08/25 07:50:59:648
Linktest.req
00 00 00 0A FF FF 00 00 00 05 00 00 12 C9 

---->>>  [IN ]
2020/08/25 07:50:59:649
Linktest.rsp
00 00 00 0A FF FF 00 00 00 06 00 00 12 C9 

<<<----  [OUT]
2020/08/25 07:51:09:667
Linktest.req
00 00 00 0A FF FF 00 00 00 05 00 00 12 CA 

---->>>  [IN ]
2020/08/25 07:51:09:668
Linktest.rsp
00 00 00 0A FF FF 00 00 00 06 00 00 12 CA 

<<<----  [OUT]
2020/08/25 07:51:19:683
Linktest.req
00 00 00 0A FF FF 00 00 00 05 00 00 12 CB 

---->>>  [IN ]
2020/08/25 07:51:19:684
Linktest.rsp
00 00 00 0A FF FF 00 00 00 06 00 00 12 CB 

<<<----  [OUT]
2020/08/25 07:51:29:703
Linktest.req
00 00 00 0A FF FF 00 00 00 05 00 00 12 CC 

---->>>  [IN ]
2020/08/25 07:51:29:704
Linktest.rsp
00 00 00 0A FF FF 00 00 00 06 00 00 12 CC 

<<<----  [OUT]
2020/08/25 07:51:39:720
Linktest.req
00 00 00 0A FF FF 00 00 00 05 00 00 12 CD 

---->>>  [IN ]
2020/08/25 07:51:39:721
Linktest.rsp
00 00 00 0A FF FF 00 00 00 06 00 00 12 CD 

---->>>  [IN ]
2020/08/25 07:51:42:113
Linktest.req
00 00 00 0A FF FF 00 00 00 05 80 00 04 22 

<<<----  [OUT]
2020/08/25 07:51:42:113
Linktest.rsp
00 00 00 0A FF FF 00 00 00 06 80 00 04 22 

<<<----  [OUT]
2020/08/25 07:51:49:735
Linktest.req
00 00 00 0A FF FF 00 00 00 05 00 00 12 CE 

---->>>  [IN ]
2020/08/25 07:51:49:736
Linktest.rsp
00 00 00 0A FF FF 00 00 00 06 00 00 12 CE 

<<<----  [OUT]
2020/08/25 07:51:59:746
Linktest.req
00 00 00 0A FF FF 00 00 00 05 00 00 12 CF 

---->>>  [IN ]
2020/08/25 07:51:59:747
Linktest.rsp
00 00 00 0A FF FF 00 00 00 06 00 00 12 CF 

<<<----  [OUT]
2020/08/25 07:52:09:761
Linktest.req
00 00 00 0A FF FF 00 00 00 05 00 00 12 D0 

---->>>  [IN ]
2020/08/25 07:52:09:762
Linktest.rsp
00 00 00 0A FF FF 00 00 00 06 00 00 12 D0 

<<<----  [OUT]
2020/08/25 07:52:19:776
Linktest.req
00 00 00 0A FF FF 00 00 00 05 00 00 12 D1 

---->>>  [IN ]
2020/08/25 07:52:19:777
Linktest.rsp
00 00 00 0A FF FF 00 00 00 06 00 00 12 D1 

<<<----  [OUT]
2020/08/25 07:52:29:792
Linktest.req
00 00 00 0A FF FF 00 00 00 05 00 00 12 D2 

---->>>  [IN ]
2020/08/25 07:52:29:793
Linktest.rsp
00 00 00 0A FF FF 00 00 00 06 00 00 12 D2 

<<<----  [OUT]
2020/08/25 07:52:39:803
Linktest.req
00 00 00 0A FF FF 00 00 00 05 00 00 12 D3 

---->>>  [IN ]
2020/08/25 07:52:39:804
Linktest.rsp
00 00 00 0A FF FF 00 00 00 06 00 00 12 D3 

---->>>  [IN ]
2020/08/25 07:52:42:110
Linktest.req
00 00 00 0A FF FF 00 00 00 05 80 00 04 23 

<<<----  [OUT]
2020/08/25 07:52:42:110
Linktest.rsp
00 00 00 0A FF FF 00 00 00 06 80 00 04 23 

<<<----  [OUT]
2020/08/25 07:52:49:814
Linktest.req
00 00 00 0A FF FF 00 00 00 05 00 00 12 D4 

---->>>  [IN ]
2020/08/25 07:52:49:815
Linktest.rsp
00 00 00 0A FF FF 00 00 00 06 00 00 12 D4 

<<<----  [OUT]
2020/08/25 07:52:59:825
Linktest.req
00 00 00 0A FF FF 00 00 00 05 00 00 12 D5 

---->>>  [IN ]
2020/08/25 07:52:59:825
Linktest.rsp
00 00 00 0A FF FF 00 00 00 06 00 00 12 D5 

<<<----  [OUT]
2020/08/25 07:53:09:841
Linktest.req
00 00 00 0A FF FF 00 00 00 05 00 00 12 D6 

---->>>  [IN ]
2020/08/25 07:53:09:842
Linktest.rsp
00 00 00 0A FF FF 00 00 00 06 00 00 12 D6 

<<<----  [OUT]
2020/08/25 07:53:19:854
Linktest.req
00 00 00 0A FF FF 00 00 00 05 00 00 12 D7 

---->>>  [IN ]
2020/08/25 07:53:19:855
Linktest.rsp
00 00 00 0A FF FF 00 00 00 06 00 00 12 D7 

<<<----  [OUT]
2020/08/25 07:53:29:869
Linktest.req
00 00 00 0A FF FF 00 00 00 05 00 00 12 D8 

---->>>  [IN ]
2020/08/25 07:53:29:870
Linktest.rsp
00 00 00 0A FF FF 00 00 00 06 00 00 12 D8 

<<<----  [OUT]
2020/08/25 07:53:39:879
Linktest.req
00 00 00 0A FF FF 00 00 00 05 00 00 12 D9 

---->>>  [IN ]
2020/08/25 07:53:39:880
Linktest.rsp
00 00 00 0A FF FF 00 00 00 06 00 00 12 D9 

---->>>  [IN ]
2020/08/25 07:53:42:117
Linktest.req
00 00 00 0A FF FF 00 00 00 05 80 00 04 24 

<<<----  [OUT]
2020/08/25 07:53:42:117
Linktest.rsp
00 00 00 0A FF FF 00 00 00 06 80 00 04 24 

<<<----  [OUT]
2020/08/25 07:53:49:892
Linktest.req
00 00 00 0A FF FF 00 00 00 05 00 00 12 DA 

---->>>  [IN ]
2020/08/25 07:53:49:893
Linktest.rsp
00 00 00 0A FF FF 00 00 00 06 00 00 12 DA 

<<<----  [OUT]
2020/08/25 07:53:59:908
Linktest.req
00 00 00 0A FF FF 00 00 00 05 00 00 12 DB 

---->>>  [IN ]
2020/08/25 07:53:59:909
Linktest.rsp
00 00 00 0A FF FF 00 00 00 06 00 00 12 DB 

<<<----  [OUT]
2020/08/25 07:54:09:898
Linktest.req
00 00 00 0A FF FF 00 00 00 05 00 00 12 DC 

---->>>  [IN ]
2020/08/25 07:54:09:899
Linktest.rsp
00 00 00 0A FF FF 00 00 00 06 00 00 12 DC 

<<<----  [OUT]
2020/08/25 07:54:19:916
Linktest.req
00 00 00 0A FF FF 00 00 00 05 00 00 12 DD 

---->>>  [IN ]
2020/08/25 07:54:19:917
Linktest.rsp
00 00 00 0A FF FF 00 00 00 06 00 00 12 DD 

<<<----  [OUT]
2020/08/25 07:54:29:935
Linktest.req
00 00 00 0A FF FF 00 00 00 05 00 00 12 DE 

---->>>  [IN ]
2020/08/25 07:54:29:936
Linktest.rsp
00 00 00 0A FF FF 00 00 00 06 00 00 12 DE 

<<<----  [OUT]
2020/08/25 07:54:39:954
Linktest.req
00 00 00 0A FF FF 00 00 00 05 00 00 12 DF 

---->>>  [IN ]
2020/08/25 07:54:39:955
Linktest.rsp
00 00 00 0A FF FF 00 00 00 06 00 00 12 DF 

---->>>  [IN ]
2020/08/25 07:54:42:114
Linktest.req
00 00 00 0A FF FF 00 00 00 05 80 00 04 25 

<<<----  [OUT]
2020/08/25 07:54:42:114
Linktest.rsp
00 00 00 0A FF FF 00 00 00 06 80 00 04 25 

<<<----  [OUT]
2020/08/25 07:54:49:972
Linktest.req
00 00 00 0A FF FF 00 00 00 05 00 00 12 E0 

---->>>  [IN ]
2020/08/25 07:54:49:973
Linktest.rsp
00 00 00 0A FF FF 00 00 00 06 00 00 12 E0 

<<<----  [OUT]
2020/08/25 07:54:59:991
Linktest.req
00 00 00 0A FF FF 00 00 00 05 00 00 12 E1 

---->>>  [IN ]
2020/08/25 07:54:59:992
Linktest.rsp
00 00 00 0A FF FF 00 00 00 06 00 00 12 E1 

<<<----  [OUT]
2020/08/25 07:55:10:008
Linktest.req
00 00 00 0A FF FF 00 00 00 05 00 00 12 E2 

---->>>  [IN ]
2020/08/25 07:55:10:009
Linktest.rsp
00 00 00 0A FF FF 00 00 00 06 00 00 12 E2 

<<<----  [OUT]
2020/08/25 07:55:20:028
Linktest.req
00 00 00 0A FF FF 00 00 00 05 00 00 12 E3 

---->>>  [IN ]
2020/08/25 07:55:20:029
Linktest.rsp
00 00 00 0A FF FF 00 00 00 06 00 00 12 E3 

<<<----  [OUT]
2020/08/25 07:55:30:044
Linktest.req
00 00 00 0A FF FF 00 00 00 05 00 00 12 E4 

---->>>  [IN ]
2020/08/25 07:55:30:044
Linktest.rsp
00 00 00 0A FF FF 00 00 00 06 00 00 12 E4 

<<<----  [OUT]
2020/08/25 07:55:40:060
Linktest.req
00 00 00 0A FF FF 00 00 00 05 00 00 12 E5 

---->>>  [IN ]
2020/08/25 07:55:40:063
Linktest.rsp
00 00 00 0A FF FF 00 00 00 06 00 00 12 E5 

---->>>  [IN ]
2020/08/25 07:55:42:115
Linktest.req
00 00 00 0A FF FF 00 00 00 05 80 00 04 26 

<<<----  [OUT]
2020/08/25 07:55:42:115
Linktest.rsp
00 00 00 0A FF FF 00 00 00 06 80 00 04 26 

<<<----  [OUT]
2020/08/25 07:55:50:082
Linktest.req
00 00 00 0A FF FF 00 00 00 05 00 00 12 E6 

---->>>  [IN ]
2020/08/25 07:55:50:082
Linktest.rsp
00 00 00 0A FF FF 00 00 00 06 00 00 12 E6 

<<<----  [OUT]
2020/08/25 07:56:00:070
Linktest.req
00 00 00 0A FF FF 00 00 00 05 00 00 12 E7 

---->>>  [IN ]
2020/08/25 07:56:00:071
Linktest.rsp
00 00 00 0A FF FF 00 00 00 06 00 00 12 E7 

<<<----  [OUT]
2020/08/25 07:56:10:090
Linktest.req
00 00 00 0A FF FF 00 00 00 05 00 00 12 E8 

---->>>  [IN ]
2020/08/25 07:56:10:091
Linktest.rsp
00 00 00 0A FF FF 00 00 00 06 00 00 12 E8 

<<<----  [OUT]
2020/08/25 07:56:20:108
Linktest.req
00 00 00 0A FF FF 00 00 00 05 00 00 12 E9 

---->>>  [IN ]
2020/08/25 07:56:20:109
Linktest.rsp
00 00 00 0A FF FF 00 00 00 06 00 00 12 E9 

<<<----  [OUT]
2020/08/25 07:56:30:124
Linktest.req
00 00 00 0A FF FF 00 00 00 05 00 00 12 EA 

---->>>  [IN ]
2020/08/25 07:56:30:125
Linktest.rsp
00 00 00 0A FF FF 00 00 00 06 00 00 12 EA 

<<<----  [OUT]
2020/08/25 07:56:40:140
Linktest.req
00 00 00 0A FF FF 00 00 00 05 00 00 12 EB 

---->>>  [IN ]
2020/08/25 07:56:40:141
Linktest.rsp
00 00 00 0A FF FF 00 00 00 06 00 00 12 EB 

---->>>  [IN ]
2020/08/25 07:56:42:113
Linktest.req
00 00 00 0A FF FF 00 00 00 05 80 00 04 27 

<<<----  [OUT]
2020/08/25 07:56:42:113
Linktest.rsp
00 00 00 0A FF FF 00 00 00 06 80 00 04 27 

<<<----  [OUT]
2020/08/25 07:56:50:158
Linktest.req
00 00 00 0A FF FF 00 00 00 05 00 00 12 EC 

---->>>  [IN ]
2020/08/25 07:56:50:159
Linktest.rsp
00 00 00 0A FF FF 00 00 00 06 00 00 12 EC 

<<<----  [OUT]
2020/08/25 07:57:00:173
Linktest.req
00 00 00 0A FF FF 00 00 00 05 00 00 12 ED 

---->>>  [IN ]
2020/08/25 07:57:00:174
Linktest.rsp
00 00 00 0A FF FF 00 00 00 06 00 00 12 ED 

<<<----  [OUT]
2020/08/25 07:57:10:189
Linktest.req
00 00 00 0A FF FF 00 00 00 05 00 00 12 EE 

---->>>  [IN ]
2020/08/25 07:57:10:190
Linktest.rsp
00 00 00 0A FF FF 00 00 00 06 00 00 12 EE 

<<<----  [OUT]
2020/08/25 07:57:20:209
Linktest.req
00 00 00 0A FF FF 00 00 00 05 00 00 12 EF 

---->>>  [IN ]
2020/08/25 07:57:20:210
Linktest.rsp
00 00 00 0A FF FF 00 00 00 06 00 00 12 EF 

<<<----  [OUT]
2020/08/25 07:57:30:227
Linktest.req
00 00 00 0A FF FF 00 00 00 05 00 00 12 F0 

---->>>  [IN ]
2020/08/25 07:57:30:227
Linktest.rsp
00 00 00 0A FF FF 00 00 00 06 00 00 12 F0 

<<<----  [OUT]
2020/08/25 07:57:40:243
Linktest.req
00 00 00 0A FF FF 00 00 00 05 00 00 12 F1 

---->>>  [IN ]
2020/08/25 07:57:40:244
Linktest.rsp
00 00 00 0A FF FF 00 00 00 06 00 00 12 F1 

---->>>  [IN ]
2020/08/25 07:57:42:112
Linktest.req
00 00 00 0A FF FF 00 00 00 05 80 00 04 28 

<<<----  [OUT]
2020/08/25 07:57:42:113
Linktest.rsp
00 00 00 0A FF FF 00 00 00 06 80 00 04 28 

<<<----  [OUT]
2020/08/25 07:57:50:259
Linktest.req
00 00 00 0A FF FF 00 00 00 05 00 00 12 F2 

---->>>  [IN ]
2020/08/25 07:57:50:260
Linktest.rsp
00 00 00 0A FF FF 00 00 00 06 00 00 12 F2 

<<<----  [OUT]
2020/08/25 07:58:00:276
Linktest.req
00 00 00 0A FF FF 00 00 00 05 00 00 12 F3 

---->>>  [IN ]
2020/08/25 07:58:00:277
Linktest.rsp
00 00 00 0A FF FF 00 00 00 06 00 00 12 F3 

<<<----  [OUT]
2020/08/25 07:58:10:293
Linktest.req
00 00 00 0A FF FF 00 00 00 05 00 00 12 F4 

---->>>  [IN ]
2020/08/25 07:58:10:294
Linktest.rsp
00 00 00 0A FF FF 00 00 00 06 00 00 12 F4 

<<<----  [OUT]
2020/08/25 07:58:20:310
Linktest.req
00 00 00 0A FF FF 00 00 00 05 00 00 12 F5 

---->>>  [IN ]
2020/08/25 07:58:20:311
Linktest.rsp
00 00 00 0A FF FF 00 00 00 06 00 00 12 F5 

<<<----  [OUT]
2020/08/25 07:58:30:324
Linktest.req
00 00 00 0A FF FF 00 00 00 05 00 00 12 F6 

---->>>  [IN ]
2020/08/25 07:58:30:325
Linktest.rsp
00 00 00 0A FF FF 00 00 00 06 00 00 12 F6 

<<<----  [OUT]
2020/08/25 07:58:40:338
Linktest.req
00 00 00 0A FF FF 00 00 00 05 00 00 12 F7 

---->>>  [IN ]
2020/08/25 07:58:40:339
Linktest.rsp
00 00 00 0A FF FF 00 00 00 06 00 00 12 F7 

---->>>  [IN ]
2020/08/25 07:58:42:111
Linktest.req
00 00 00 0A FF FF 00 00 00 05 80 00 04 29 

<<<----  [OUT]
2020/08/25 07:58:42:111
Linktest.rsp
00 00 00 0A FF FF 00 00 00 06 80 00 04 29 

<<<----  [OUT]
2020/08/25 07:58:50:348
Linktest.req
00 00 00 0A FF FF 00 00 00 05 00 00 12 F8 

---->>>  [IN ]
2020/08/25 07:58:50:349
Linktest.rsp
00 00 00 0A FF FF 00 00 00 06 00 00 12 F8 

<<<----  [OUT]
2020/08/25 07:59:00:361
Linktest.req
00 00 00 0A FF FF 00 00 00 05 00 00 12 F9 

---->>>  [IN ]
2020/08/25 07:59:00:362
Linktest.rsp
00 00 00 0A FF FF 00 00 00 06 00 00 12 F9 

<<<----  [OUT]
2020/08/25 07:59:10:375
Linktest.req
00 00 00 0A FF FF 00 00 00 05 00 00 12 FA 

---->>>  [IN ]
2020/08/25 07:59:10:376
Linktest.rsp
00 00 00 0A FF FF 00 00 00 06 00 00 12 FA 

<<<----  [OUT]
2020/08/25 07:59:20:380
Linktest.req
00 00 00 0A FF FF 00 00 00 05 00 00 12 FB 

---->>>  [IN ]
2020/08/25 07:59:20:381
Linktest.rsp
00 00 00 0A FF FF 00 00 00 06 00 00 12 FB 

<<<----  [OUT]
2020/08/25 07:59:30:395
Linktest.req
00 00 00 0A FF FF 00 00 00 05 00 00 12 FC 

---->>>  [IN ]
2020/08/25 07:59:30:396
Linktest.rsp
00 00 00 0A FF FF 00 00 00 06 00 00 12 FC 

<<<----  [OUT]
2020/08/25 07:59:40:405
Linktest.req
00 00 00 0A FF FF 00 00 00 05 00 00 12 FD 

---->>>  [IN ]
2020/08/25 07:59:40:406
Linktest.rsp
00 00 00 0A FF FF 00 00 00 06 00 00 12 FD 

---->>>  [IN ]
2020/08/25 07:59:42:112
Linktest.req
00 00 00 0A FF FF 00 00 00 05 80 00 04 2A 

<<<----  [OUT]
2020/08/25 07:59:42:112
Linktest.rsp
00 00 00 0A FF FF 00 00 00 06 80 00 04 2A 

<<<----  [OUT]
2020/08/25 07:59:50:413
Linktest.req
00 00 00 0A FF FF 00 00 00 05 00 00 12 FE 

---->>>  [IN ]
2020/08/25 07:59:50:414
Linktest.rsp
00 00 00 0A FF FF 00 00 00 06 00 00 12 FE 
