
<<<----  [OUT]
2020/08/25 08:00:00:426
Linktest.req
00 00 00 0A FF FF 00 00 00 05 00 00 12 FF 

---->>>  [IN ]
2020/08/25 08:00:00:427
Linktest.rsp
00 00 00 0A FF FF 00 00 00 06 00 00 12 FF 

<<<----  [OUT]
2020/08/25 08:00:10:439
Linktest.req
00 00 00 0A FF FF 00 00 00 05 00 00 13 00 

---->>>  [IN ]
2020/08/25 08:00:10:439
Linktest.rsp
00 00 00 0A FF FF 00 00 00 06 00 00 13 00 

<<<----  [OUT]
2020/08/25 08:00:20:444
Linktest.req
00 00 00 0A FF FF 00 00 00 05 00 00 13 01 

---->>>  [IN ]
2020/08/25 08:00:20:445
Linktest.rsp
00 00 00 0A FF FF 00 00 00 06 00 00 13 01 

<<<----  [OUT]
2020/08/25 08:00:30:459
Linktest.req
00 00 00 0A FF FF 00 00 00 05 00 00 13 02 

---->>>  [IN ]
2020/08/25 08:00:30:460
Linktest.rsp
00 00 00 0A FF FF 00 00 00 06 00 00 13 02 

<<<----  [OUT]
2020/08/25 08:00:40:475
Linktest.req
00 00 00 0A FF FF 00 00 00 05 00 00 13 03 

---->>>  [IN ]
2020/08/25 08:00:40:476
Linktest.rsp
00 00 00 0A FF FF 00 00 00 06 00 00 13 03 

---->>>  [IN ]
2020/08/25 08:00:42:115
Linktest.req
00 00 00 0A FF FF 00 00 00 05 80 00 04 2B 

<<<----  [OUT]
2020/08/25 08:00:42:115
Linktest.rsp
00 00 00 0A FF FF 00 00 00 06 80 00 04 2B 

<<<----  [OUT]
2020/08/25 08:00:50:493
Linktest.req
00 00 00 0A FF FF 00 00 00 05 00 00 13 04 

---->>>  [IN ]
2020/08/25 08:00:50:494
Linktest.rsp
00 00 00 0A FF FF 00 00 00 06 00 00 13 04 

<<<----  [OUT]
2020/08/25 08:01:00:510
Linktest.req
00 00 00 0A FF FF 00 00 00 05 00 00 13 05 

---->>>  [IN ]
2020/08/25 08:01:00:511
Linktest.rsp
00 00 00 0A FF FF 00 00 00 06 00 00 13 05 

<<<----  [OUT]
2020/08/25 08:01:10:528
Linktest.req
00 00 00 0A FF FF 00 00 00 05 00 00 13 06 

---->>>  [IN ]
2020/08/25 08:01:10:529
Linktest.rsp
00 00 00 0A FF FF 00 00 00 06 00 00 13 06 

<<<----  [OUT]
2020/08/25 08:01:20:539
Linktest.req
00 00 00 0A FF FF 00 00 00 05 00 00 13 07 

---->>>  [IN ]
2020/08/25 08:01:20:540
Linktest.rsp
00 00 00 0A FF FF 00 00 00 06 00 00 13 07 

<<<----  [OUT]
2020/08/25 08:01:30:557
Linktest.req
00 00 00 0A FF FF 00 00 00 05 00 00 13 08 

---->>>  [IN ]
2020/08/25 08:01:30:558
Linktest.rsp
00 00 00 0A FF FF 00 00 00 06 00 00 13 08 

<<<----  [OUT]
2020/08/25 08:01:40:570
Linktest.req
00 00 00 0A FF FF 00 00 00 05 00 00 13 09 

---->>>  [IN ]
2020/08/25 08:01:40:571
Linktest.rsp
00 00 00 0A FF FF 00 00 00 06 00 00 13 09 

---->>>  [IN ]
2020/08/25 08:01:42:115
Linktest.req
00 00 00 0A FF FF 00 00 00 05 80 00 04 2C 

<<<----  [OUT]
2020/08/25 08:01:42:115
Linktest.rsp
00 00 00 0A FF FF 00 00 00 06 80 00 04 2C 

<<<----  [OUT]
2020/08/25 08:01:50:588
Linktest.req
00 00 00 0A FF FF 00 00 00 05 00 00 13 0A 

---->>>  [IN ]
2020/08/25 08:01:50:589
Linktest.rsp
00 00 00 0A FF FF 00 00 00 06 00 00 13 0A 

<<<----  [OUT]
2020/08/25 08:02:00:606
Linktest.req
00 00 00 0A FF FF 00 00 00 05 00 00 13 0B 

---->>>  [IN ]
2020/08/25 08:02:00:607
Linktest.rsp
00 00 00 0A FF FF 00 00 00 06 00 00 13 0B 

<<<----  [OUT]
2020/08/25 08:02:10:620
Linktest.req
00 00 00 0A FF FF 00 00 00 05 00 00 13 0C 

---->>>  [IN ]
2020/08/25 08:02:10:621
Linktest.rsp
00 00 00 0A FF FF 00 00 00 06 00 00 13 0C 

<<<----  [OUT]
2020/08/25 08:02:20:631
Linktest.req
00 00 00 0A FF FF 00 00 00 05 00 00 13 0D 

---->>>  [IN ]
2020/08/25 08:02:20:632
Linktest.rsp
00 00 00 0A FF FF 00 00 00 06 00 00 13 0D 

<<<----  [OUT]
2020/08/25 08:02:30:645
Linktest.req
00 00 00 0A FF FF 00 00 00 05 00 00 13 0E 

---->>>  [IN ]
2020/08/25 08:02:30:646
Linktest.rsp
00 00 00 0A FF FF 00 00 00 06 00 00 13 0E 

<<<----  [OUT]
2020/08/25 08:02:40:661
Linktest.req
00 00 00 0A FF FF 00 00 00 05 00 00 13 0F 

---->>>  [IN ]
2020/08/25 08:02:40:662
Linktest.rsp
00 00 00 0A FF FF 00 00 00 06 00 00 13 0F 

---->>>  [IN ]
2020/08/25 08:02:42:112
Linktest.req
00 00 00 0A FF FF 00 00 00 05 80 00 04 2D 

<<<----  [OUT]
2020/08/25 08:02:42:112
Linktest.rsp
00 00 00 0A FF FF 00 00 00 06 80 00 04 2D 

<<<----  [OUT]
2020/08/25 08:02:50:674
Linktest.req
00 00 00 0A FF FF 00 00 00 05 00 00 13 10 

---->>>  [IN ]
2020/08/25 08:02:50:675
Linktest.rsp
00 00 00 0A FF FF 00 00 00 06 00 00 13 10 

<<<----  [OUT]
2020/08/25 08:03:00:690
Linktest.req
00 00 00 0A FF FF 00 00 00 05 00 00 13 11 

---->>>  [IN ]
2020/08/25 08:03:00:691
Linktest.rsp
00 00 00 0A FF FF 00 00 00 06 00 00 13 11 

<<<----  [OUT]
2020/08/25 08:03:10:701
Linktest.req
00 00 00 0A FF FF 00 00 00 05 00 00 13 12 

---->>>  [IN ]
2020/08/25 08:03:10:701
Linktest.rsp
00 00 00 0A FF FF 00 00 00 06 00 00 13 12 

<<<----  [OUT]
2020/08/25 08:03:20:717
Linktest.req
00 00 00 0A FF FF 00 00 00 05 00 00 13 13 

---->>>  [IN ]
2020/08/25 08:03:20:718
Linktest.rsp
00 00 00 0A FF FF 00 00 00 06 00 00 13 13 

<<<----  [OUT]
2020/08/25 08:03:30:733
Linktest.req
00 00 00 0A FF FF 00 00 00 05 00 00 13 14 

---->>>  [IN ]
2020/08/25 08:03:30:734
Linktest.rsp
00 00 00 0A FF FF 00 00 00 06 00 00 13 14 

<<<----  [OUT]
2020/08/25 08:03:40:748
Linktest.req
00 00 00 0A FF FF 00 00 00 05 00 00 13 15 

---->>>  [IN ]
2020/08/25 08:03:40:749
Linktest.rsp
00 00 00 0A FF FF 00 00 00 06 00 00 13 15 

---->>>  [IN ]
2020/08/25 08:03:42:115
Linktest.req
00 00 00 0A FF FF 00 00 00 05 80 00 04 2E 

<<<----  [OUT]
2020/08/25 08:03:42:115
Linktest.rsp
00 00 00 0A FF FF 00 00 00 06 80 00 04 2E 

<<<----  [OUT]
2020/08/25 08:03:50:758
Linktest.req
00 00 00 0A FF FF 00 00 00 05 00 00 13 16 

---->>>  [IN ]
2020/08/25 08:03:50:759
Linktest.rsp
00 00 00 0A FF FF 00 00 00 06 00 00 13 16 

<<<----  [OUT]
2020/08/25 08:04:00:770
Linktest.req
00 00 00 0A FF FF 00 00 00 05 00 00 13 17 

---->>>  [IN ]
2020/08/25 08:04:00:771
Linktest.rsp
00 00 00 0A FF FF 00 00 00 06 00 00 13 17 

<<<----  [OUT]
2020/08/25 08:04:10:784
Linktest.req
00 00 00 0A FF FF 00 00 00 05 00 00 13 18 

---->>>  [IN ]
2020/08/25 08:04:10:785
Linktest.rsp
00 00 00 0A FF FF 00 00 00 06 00 00 13 18 

<<<----  [OUT]
2020/08/25 08:04:20:798
Linktest.req
00 00 00 0A FF FF 00 00 00 05 00 00 13 19 

---->>>  [IN ]
2020/08/25 08:04:20:799
Linktest.rsp
00 00 00 0A FF FF 00 00 00 06 00 00 13 19 

<<<----  [OUT]
2020/08/25 08:04:30:814
Linktest.req
00 00 00 0A FF FF 00 00 00 05 00 00 13 1A 

---->>>  [IN ]
2020/08/25 08:04:30:815
Linktest.rsp
00 00 00 0A FF FF 00 00 00 06 00 00 13 1A 

<<<----  [OUT]
2020/08/25 08:04:40:833
Linktest.req
00 00 00 0A FF FF 00 00 00 05 00 00 13 1B 

---->>>  [IN ]
2020/08/25 08:04:40:834
Linktest.rsp
00 00 00 0A FF FF 00 00 00 06 00 00 13 1B 

---->>>  [IN ]
2020/08/25 08:04:42:112
Linktest.req
00 00 00 0A FF FF 00 00 00 05 80 00 04 2F 

<<<----  [OUT]
2020/08/25 08:04:42:112
Linktest.rsp
00 00 00 0A FF FF 00 00 00 06 80 00 04 2F 

<<<----  [OUT]
2020/08/25 08:04:50:843
Linktest.req
00 00 00 0A FF FF 00 00 00 05 00 00 13 1C 

---->>>  [IN ]
2020/08/25 08:04:50:844
Linktest.rsp
00 00 00 0A FF FF 00 00 00 06 00 00 13 1C 

<<<----  [OUT]
2020/08/25 08:05:00:856
Linktest.req
00 00 00 0A FF FF 00 00 00 05 00 00 13 1D 

---->>>  [IN ]
2020/08/25 08:05:00:857
Linktest.rsp
00 00 00 0A FF FF 00 00 00 06 00 00 13 1D 

<<<----  [OUT]
2020/08/25 08:05:10:872
Linktest.req
00 00 00 0A FF FF 00 00 00 05 00 00 13 1E 

---->>>  [IN ]
2020/08/25 08:05:10:873
Linktest.rsp
00 00 00 0A FF FF 00 00 00 06 00 00 13 1E 

<<<----  [OUT]
2020/08/25 08:05:20:883
Linktest.req
00 00 00 0A FF FF 00 00 00 05 00 00 13 1F 

---->>>  [IN ]
2020/08/25 08:05:20:884
Linktest.rsp
00 00 00 0A FF FF 00 00 00 06 00 00 13 1F 

<<<----  [OUT]
2020/08/25 08:05:30:898
Linktest.req
00 00 00 0A FF FF 00 00 00 05 00 00 13 20 

---->>>  [IN ]
2020/08/25 08:05:30:900
Linktest.rsp
00 00 00 0A FF FF 00 00 00 06 00 00 13 20 

<<<----  [OUT]
2020/08/25 08:05:40:915
Linktest.req
00 00 00 0A FF FF 00 00 00 05 00 00 13 21 

---->>>  [IN ]
2020/08/25 08:05:40:916
Linktest.rsp
00 00 00 0A FF FF 00 00 00 06 00 00 13 21 

---->>>  [IN ]
2020/08/25 08:05:42:112
Linktest.req
00 00 00 0A FF FF 00 00 00 05 80 00 04 30 

<<<----  [OUT]
2020/08/25 08:05:42:112
Linktest.rsp
00 00 00 0A FF FF 00 00 00 06 80 00 04 30 

<<<----  [OUT]
2020/08/25 08:05:50:932
Linktest.req
00 00 00 0A FF FF 00 00 00 05 00 00 13 22 

---->>>  [IN ]
2020/08/25 08:05:50:933
Linktest.rsp
00 00 00 0A FF FF 00 00 00 06 00 00 13 22 

<<<----  [OUT]
2020/08/25 08:06:00:947
Linktest.req
00 00 00 0A FF FF 00 00 00 05 00 00 13 23 

---->>>  [IN ]
2020/08/25 08:06:00:948
Linktest.rsp
00 00 00 0A FF FF 00 00 00 06 00 00 13 23 

<<<----  [OUT]
2020/08/25 08:06:10:964
Linktest.req
00 00 00 0A FF FF 00 00 00 05 00 00 13 24 

---->>>  [IN ]
2020/08/25 08:06:10:965
Linktest.rsp
00 00 00 0A FF FF 00 00 00 06 00 00 13 24 

<<<----  [OUT]
2020/08/25 08:06:20:980
Linktest.req
00 00 00 0A FF FF 00 00 00 05 00 00 13 25 

---->>>  [IN ]
2020/08/25 08:06:20:981
Linktest.rsp
00 00 00 0A FF FF 00 00 00 06 00 00 13 25 

<<<----  [OUT]
2020/08/25 08:06:30:996
Linktest.req
00 00 00 0A FF FF 00 00 00 05 00 00 13 26 

---->>>  [IN ]
2020/08/25 08:06:30:997
Linktest.rsp
00 00 00 0A FF FF 00 00 00 06 00 00 13 26 

<<<----  [OUT]
2020/08/25 08:06:41:013
Linktest.req
00 00 00 0A FF FF 00 00 00 05 00 00 13 27 

---->>>  [IN ]
2020/08/25 08:06:41:014
Linktest.rsp
00 00 00 0A FF FF 00 00 00 06 00 00 13 27 

---->>>  [IN ]
2020/08/25 08:06:42:109
Linktest.req
00 00 00 0A FF FF 00 00 00 05 80 00 04 31 

<<<----  [OUT]
2020/08/25 08:06:42:110
Linktest.rsp
00 00 00 0A FF FF 00 00 00 06 80 00 04 31 

<<<----  [OUT]
2020/08/25 08:06:51:032
Linktest.req
00 00 00 0A FF FF 00 00 00 05 00 00 13 28 

---->>>  [IN ]
2020/08/25 08:06:51:033
Linktest.rsp
00 00 00 0A FF FF 00 00 00 06 00 00 13 28 

<<<----  [OUT]
2020/08/25 08:07:01:046
Linktest.req
00 00 00 0A FF FF 00 00 00 05 00 00 13 29 

---->>>  [IN ]
2020/08/25 08:07:01:047
Linktest.rsp
00 00 00 0A FF FF 00 00 00 06 00 00 13 29 

<<<----  [OUT]
2020/08/25 08:07:11:058
Linktest.req
00 00 00 0A FF FF 00 00 00 05 00 00 13 2A 

---->>>  [IN ]
2020/08/25 08:07:11:059
Linktest.rsp
00 00 00 0A FF FF 00 00 00 06 00 00 13 2A 

<<<----  [OUT]
2020/08/25 08:07:21:070
Linktest.req
00 00 00 0A FF FF 00 00 00 05 00 00 13 2B 

---->>>  [IN ]
2020/08/25 08:07:21:071
Linktest.rsp
00 00 00 0A FF FF 00 00 00 06 00 00 13 2B 

<<<----  [OUT]
2020/08/25 08:07:31:083
Linktest.req
00 00 00 0A FF FF 00 00 00 05 00 00 13 2C 

---->>>  [IN ]
2020/08/25 08:07:31:084
Linktest.rsp
00 00 00 0A FF FF 00 00 00 06 00 00 13 2C 

<<<----  [OUT]
2020/08/25 08:07:41:099
Linktest.req
00 00 00 0A FF FF 00 00 00 05 00 00 13 2D 

---->>>  [IN ]
2020/08/25 08:07:41:100
Linktest.rsp
00 00 00 0A FF FF 00 00 00 06 00 00 13 2D 

---->>>  [IN ]
2020/08/25 08:07:42:113
Linktest.req
00 00 00 0A FF FF 00 00 00 05 80 00 04 32 

<<<----  [OUT]
2020/08/25 08:07:42:113
Linktest.rsp
00 00 00 0A FF FF 00 00 00 06 80 00 04 32 

<<<----  [OUT]
2020/08/25 08:07:51:113
Linktest.req
00 00 00 0A FF FF 00 00 00 05 00 00 13 2E 

---->>>  [IN ]
2020/08/25 08:07:51:114
Linktest.rsp
00 00 00 0A FF FF 00 00 00 06 00 00 13 2E 

<<<----  [OUT]
2020/08/25 08:08:01:126
Linktest.req
00 00 00 0A FF FF 00 00 00 05 00 00 13 2F 

---->>>  [IN ]
2020/08/25 08:08:01:127
Linktest.rsp
00 00 00 0A FF FF 00 00 00 06 00 00 13 2F 

<<<----  [OUT]
2020/08/25 08:08:11:137
Linktest.req
00 00 00 0A FF FF 00 00 00 05 00 00 13 30 

---->>>  [IN ]
2020/08/25 08:08:11:138
Linktest.rsp
00 00 00 0A FF FF 00 00 00 06 00 00 13 30 

<<<----  [OUT]
2020/08/25 08:08:21:151
Linktest.req
00 00 00 0A FF FF 00 00 00 05 00 00 13 31 

---->>>  [IN ]
2020/08/25 08:08:21:152
Linktest.rsp
00 00 00 0A FF FF 00 00 00 06 00 00 13 31 

<<<----  [OUT]
2020/08/25 08:08:31:165
Linktest.req
00 00 00 0A FF FF 00 00 00 05 00 00 13 32 

---->>>  [IN ]
2020/08/25 08:08:31:166
Linktest.rsp
00 00 00 0A FF FF 00 00 00 06 00 00 13 32 

<<<----  [OUT]
2020/08/25 08:08:41:177
Linktest.req
00 00 00 0A FF FF 00 00 00 05 00 00 13 33 

---->>>  [IN ]
2020/08/25 08:08:41:178
Linktest.rsp
00 00 00 0A FF FF 00 00 00 06 00 00 13 33 

---->>>  [IN ]
2020/08/25 08:08:42:117
Linktest.req
00 00 00 0A FF FF 00 00 00 05 80 00 04 33 

<<<----  [OUT]
2020/08/25 08:08:42:117
Linktest.rsp
00 00 00 0A FF FF 00 00 00 06 80 00 04 33 

<<<----  [OUT]
2020/08/25 08:08:51:184
Linktest.req
00 00 00 0A FF FF 00 00 00 05 00 00 13 34 

---->>>  [IN ]
2020/08/25 08:08:51:185
Linktest.rsp
00 00 00 0A FF FF 00 00 00 06 00 00 13 34 

<<<----  [OUT]
2020/08/25 08:09:01:194
Linktest.req
00 00 00 0A FF FF 00 00 00 05 00 00 13 35 

---->>>  [IN ]
2020/08/25 08:09:01:195
Linktest.rsp
00 00 00 0A FF FF 00 00 00 06 00 00 13 35 

<<<----  [OUT]
2020/08/25 08:09:11:208
Linktest.req
00 00 00 0A FF FF 00 00 00 05 00 00 13 36 

---->>>  [IN ]
2020/08/25 08:09:11:209
Linktest.rsp
00 00 00 0A FF FF 00 00 00 06 00 00 13 36 

<<<----  [OUT]
2020/08/25 08:09:21:218
Linktest.req
00 00 00 0A FF FF 00 00 00 05 00 00 13 37 

---->>>  [IN ]
2020/08/25 08:09:21:219
Linktest.rsp
00 00 00 0A FF FF 00 00 00 06 00 00 13 37 

<<<----  [OUT]
2020/08/25 08:09:31:231
Linktest.req
00 00 00 0A FF FF 00 00 00 05 00 00 13 38 

---->>>  [IN ]
2020/08/25 08:09:31:232
Linktest.rsp
00 00 00 0A FF FF 00 00 00 06 00 00 13 38 

<<<----  [OUT]
2020/08/25 08:09:41:242
Linktest.req
00 00 00 0A FF FF 00 00 00 05 00 00 13 39 

---->>>  [IN ]
2020/08/25 08:09:41:243
Linktest.rsp
00 00 00 0A FF FF 00 00 00 06 00 00 13 39 

---->>>  [IN ]
2020/08/25 08:09:42:110
Linktest.req
00 00 00 0A FF FF 00 00 00 05 80 00 04 34 

<<<----  [OUT]
2020/08/25 08:09:42:110
Linktest.rsp
00 00 00 0A FF FF 00 00 00 06 80 00 04 34 

<<<----  [OUT]
2020/08/25 08:09:51:256
Linktest.req
00 00 00 0A FF FF 00 00 00 05 00 00 13 3A 

---->>>  [IN ]
2020/08/25 08:09:51:256
Linktest.rsp
00 00 00 0A FF FF 00 00 00 06 00 00 13 3A 

<<<----  [OUT]
2020/08/25 08:10:01:270
Linktest.req
00 00 00 0A FF FF 00 00 00 05 00 00 13 3B 

---->>>  [IN ]
2020/08/25 08:10:01:271
Linktest.rsp
00 00 00 0A FF FF 00 00 00 06 00 00 13 3B 

<<<----  [OUT]
2020/08/25 08:10:11:282
Linktest.req
00 00 00 0A FF FF 00 00 00 05 00 00 13 3C 

---->>>  [IN ]
2020/08/25 08:10:11:283
Linktest.rsp
00 00 00 0A FF FF 00 00 00 06 00 00 13 3C 

<<<----  [OUT]
2020/08/25 08:10:21:298
Linktest.req
00 00 00 0A FF FF 00 00 00 05 00 00 13 3D 

---->>>  [IN ]
2020/08/25 08:10:21:299
Linktest.rsp
00 00 00 0A FF FF 00 00 00 06 00 00 13 3D 

<<<----  [OUT]
2020/08/25 08:10:31:311
Linktest.req
00 00 00 0A FF FF 00 00 00 05 00 00 13 3E 

---->>>  [IN ]
2020/08/25 08:10:31:312
Linktest.rsp
00 00 00 0A FF FF 00 00 00 06 00 00 13 3E 

<<<----  [OUT]
2020/08/25 08:10:41:321
Linktest.req
00 00 00 0A FF FF 00 00 00 05 00 00 13 3F 

---->>>  [IN ]
2020/08/25 08:10:41:322
Linktest.rsp
00 00 00 0A FF FF 00 00 00 06 00 00 13 3F 

---->>>  [IN ]
2020/08/25 08:10:42:113
Linktest.req
00 00 00 0A FF FF 00 00 00 05 80 00 04 35 

<<<----  [OUT]
2020/08/25 08:10:42:113
Linktest.rsp
00 00 00 0A FF FF 00 00 00 06 80 00 04 35 

<<<----  [OUT]
2020/08/25 08:10:51:335
Linktest.req
00 00 00 0A FF FF 00 00 00 05 00 00 13 40 

---->>>  [IN ]
2020/08/25 08:10:51:336
Linktest.rsp
00 00 00 0A FF FF 00 00 00 06 00 00 13 40 

<<<----  [OUT]
2020/08/25 08:11:01:353
Linktest.req
00 00 00 0A FF FF 00 00 00 05 00 00 13 41 

---->>>  [IN ]
2020/08/25 08:11:01:354
Linktest.rsp
00 00 00 0A FF FF 00 00 00 06 00 00 13 41 

<<<----  [OUT]
2020/08/25 08:11:11:370
Linktest.req
00 00 00 0A FF FF 00 00 00 05 00 00 13 42 

---->>>  [IN ]
2020/08/25 08:11:11:371
Linktest.rsp
00 00 00 0A FF FF 00 00 00 06 00 00 13 42 

<<<----  [OUT]
2020/08/25 08:11:21:389
Linktest.req
00 00 00 0A FF FF 00 00 00 05 00 00 13 43 

---->>>  [IN ]
2020/08/25 08:11:21:390
Linktest.rsp
00 00 00 0A FF FF 00 00 00 06 00 00 13 43 

<<<----  [OUT]
2020/08/25 08:11:31:396
Linktest.req
00 00 00 0A FF FF 00 00 00 05 00 00 13 44 

---->>>  [IN ]
2020/08/25 08:11:31:397
Linktest.rsp
00 00 00 0A FF FF 00 00 00 06 00 00 13 44 

<<<----  [OUT]
2020/08/25 08:11:41:410
Linktest.req
00 00 00 0A FF FF 00 00 00 05 00 00 13 45 

---->>>  [IN ]
2020/08/25 08:11:41:411
Linktest.rsp
00 00 00 0A FF FF 00 00 00 06 00 00 13 45 

---->>>  [IN ]
2020/08/25 08:11:42:116
Linktest.req
00 00 00 0A FF FF 00 00 00 05 80 00 04 36 

<<<----  [OUT]
2020/08/25 08:11:42:116
Linktest.rsp
00 00 00 0A FF FF 00 00 00 06 80 00 04 36 

<<<----  [OUT]
2020/08/25 08:11:51:421
Linktest.req
00 00 00 0A FF FF 00 00 00 05 00 00 13 46 

---->>>  [IN ]
2020/08/25 08:11:51:422
Linktest.rsp
00 00 00 0A FF FF 00 00 00 06 00 00 13 46 

<<<----  [OUT]
2020/08/25 08:12:01:433
Linktest.req
00 00 00 0A FF FF 00 00 00 05 00 00 13 47 

---->>>  [IN ]
2020/08/25 08:12:01:434
Linktest.rsp
00 00 00 0A FF FF 00 00 00 06 00 00 13 47 

<<<----  [OUT]
2020/08/25 08:12:11:448
Linktest.req
00 00 00 0A FF FF 00 00 00 05 00 00 13 48 

---->>>  [IN ]
2020/08/25 08:12:11:449
Linktest.rsp
00 00 00 0A FF FF 00 00 00 06 00 00 13 48 

<<<----  [OUT]
2020/08/25 08:12:21:460
Linktest.req
00 00 00 0A FF FF 00 00 00 05 00 00 13 49 

---->>>  [IN ]
2020/08/25 08:12:21:461
Linktest.rsp
00 00 00 0A FF FF 00 00 00 06 00 00 13 49 

<<<----  [OUT]
2020/08/25 08:12:31:477
Linktest.req
00 00 00 0A FF FF 00 00 00 05 00 00 13 4A 

---->>>  [IN ]
2020/08/25 08:12:31:478
Linktest.rsp
00 00 00 0A FF FF 00 00 00 06 00 00 13 4A 

<<<----  [OUT]
2020/08/25 08:12:41:492
Linktest.req
00 00 00 0A FF FF 00 00 00 05 00 00 13 4B 

---->>>  [IN ]
2020/08/25 08:12:41:493
Linktest.rsp
00 00 00 0A FF FF 00 00 00 06 00 00 13 4B 

---->>>  [IN ]
2020/08/25 08:12:42:112
Linktest.req
00 00 00 0A FF FF 00 00 00 05 80 00 04 37 

<<<----  [OUT]
2020/08/25 08:12:42:112
Linktest.rsp
00 00 00 0A FF FF 00 00 00 06 80 00 04 37 

<<<----  [OUT]
2020/08/25 08:12:51:510
Linktest.req
00 00 00 0A FF FF 00 00 00 05 00 00 13 4C 

---->>>  [IN ]
2020/08/25 08:12:51:511
Linktest.rsp
00 00 00 0A FF FF 00 00 00 06 00 00 13 4C 

<<<----  [OUT]
2020/08/25 08:13:01:526
Linktest.req
00 00 00 0A FF FF 00 00 00 05 00 00 13 4D 

---->>>  [IN ]
2020/08/25 08:13:01:527
Linktest.rsp
00 00 00 0A FF FF 00 00 00 06 00 00 13 4D 

<<<----  [OUT]
2020/08/25 08:13:11:543
Linktest.req
00 00 00 0A FF FF 00 00 00 05 00 00 13 4E 

---->>>  [IN ]
2020/08/25 08:13:11:544
Linktest.rsp
00 00 00 0A FF FF 00 00 00 06 00 00 13 4E 

<<<----  [OUT]
2020/08/25 08:13:21:558
Linktest.req
00 00 00 0A FF FF 00 00 00 05 00 00 13 4F 

---->>>  [IN ]
2020/08/25 08:13:21:559
Linktest.rsp
00 00 00 0A FF FF 00 00 00 06 00 00 13 4F 

<<<----  [OUT]
2020/08/25 08:13:31:575
Linktest.req
00 00 00 0A FF FF 00 00 00 05 00 00 13 50 

---->>>  [IN ]
2020/08/25 08:13:31:576
Linktest.rsp
00 00 00 0A FF FF 00 00 00 06 00 00 13 50 

<<<----  [OUT]
2020/08/25 08:13:41:592
Linktest.req
00 00 00 0A FF FF 00 00 00 05 00 00 13 51 

---->>>  [IN ]
2020/08/25 08:13:41:593
Linktest.rsp
00 00 00 0A FF FF 00 00 00 06 00 00 13 51 

---->>>  [IN ]
2020/08/25 08:13:42:109
Linktest.req
00 00 00 0A FF FF 00 00 00 05 80 00 04 38 

<<<----  [OUT]
2020/08/25 08:13:42:109
Linktest.rsp
00 00 00 0A FF FF 00 00 00 06 80 00 04 38 

<<<----  [OUT]
2020/08/25 08:13:51:610
Linktest.req
00 00 00 0A FF FF 00 00 00 05 00 00 13 52 

---->>>  [IN ]
2020/08/25 08:13:51:611
Linktest.rsp
00 00 00 0A FF FF 00 00 00 06 00 00 13 52 

<<<----  [OUT]
2020/08/25 08:14:01:623
Linktest.req
00 00 00 0A FF FF 00 00 00 05 00 00 13 53 

---->>>  [IN ]
2020/08/25 08:14:01:624
Linktest.rsp
00 00 00 0A FF FF 00 00 00 06 00 00 13 53 

<<<----  [OUT]
2020/08/25 08:14:11:634
Linktest.req
00 00 00 0A FF FF 00 00 00 05 00 00 13 54 

---->>>  [IN ]
2020/08/25 08:14:11:635
Linktest.rsp
00 00 00 0A FF FF 00 00 00 06 00 00 13 54 

<<<----  [OUT]
2020/08/25 08:14:21:644
Linktest.req
00 00 00 0A FF FF 00 00 00 05 00 00 13 55 

---->>>  [IN ]
2020/08/25 08:14:21:645
Linktest.rsp
00 00 00 0A FF FF 00 00 00 06 00 00 13 55 

<<<----  [OUT]
2020/08/25 08:14:31:655
Linktest.req
00 00 00 0A FF FF 00 00 00 05 00 00 13 56 

---->>>  [IN ]
2020/08/25 08:14:31:656
Linktest.rsp
00 00 00 0A FF FF 00 00 00 06 00 00 13 56 

<<<----  [OUT]
2020/08/25 08:14:41:670
Linktest.req
00 00 00 0A FF FF 00 00 00 05 00 00 13 57 

---->>>  [IN ]
2020/08/25 08:14:41:671
Linktest.rsp
00 00 00 0A FF FF 00 00 00 06 00 00 13 57 

---->>>  [IN ]
2020/08/25 08:14:42:116
Linktest.req
00 00 00 0A FF FF 00 00 00 05 80 00 04 39 

<<<----  [OUT]
2020/08/25 08:14:42:116
Linktest.rsp
00 00 00 0A FF FF 00 00 00 06 80 00 04 39 

<<<----  [OUT]
2020/08/25 08:14:51:686
Linktest.req
00 00 00 0A FF FF 00 00 00 05 00 00 13 58 

---->>>  [IN ]
2020/08/25 08:14:51:687
Linktest.rsp
00 00 00 0A FF FF 00 00 00 06 00 00 13 58 

<<<----  [OUT]
2020/08/25 08:15:01:704
Linktest.req
00 00 00 0A FF FF 00 00 00 05 00 00 13 59 

---->>>  [IN ]
2020/08/25 08:15:01:705
Linktest.rsp
00 00 00 0A FF FF 00 00 00 06 00 00 13 59 

<<<----  [OUT]
2020/08/25 08:15:11:717
Linktest.req
00 00 00 0A FF FF 00 00 00 05 00 00 13 5A 

---->>>  [IN ]
2020/08/25 08:15:11:718
Linktest.rsp
00 00 00 0A FF FF 00 00 00 06 00 00 13 5A 

<<<----  [OUT]
2020/08/25 08:15:21:729
Linktest.req
00 00 00 0A FF FF 00 00 00 05 00 00 13 5B 

---->>>  [IN ]
2020/08/25 08:15:21:730
Linktest.rsp
00 00 00 0A FF FF 00 00 00 06 00 00 13 5B 

<<<----  [OUT]
2020/08/25 08:15:31:742
Linktest.req
00 00 00 0A FF FF 00 00 00 05 00 00 13 5C 

---->>>  [IN ]
2020/08/25 08:15:31:743
Linktest.rsp
00 00 00 0A FF FF 00 00 00 06 00 00 13 5C 

<<<----  [OUT]
2020/08/25 08:15:41:759
Linktest.req
00 00 00 0A FF FF 00 00 00 05 00 00 13 5D 

---->>>  [IN ]
2020/08/25 08:15:41:760
Linktest.rsp
00 00 00 0A FF FF 00 00 00 06 00 00 13 5D 

---->>>  [IN ]
2020/08/25 08:15:42:116
Linktest.req
00 00 00 0A FF FF 00 00 00 05 80 00 04 3A 

<<<----  [OUT]
2020/08/25 08:15:42:116
Linktest.rsp
00 00 00 0A FF FF 00 00 00 06 80 00 04 3A 

<<<----  [OUT]
2020/08/25 08:15:51:774
Linktest.req
00 00 00 0A FF FF 00 00 00 05 00 00 13 5E 

---->>>  [IN ]
2020/08/25 08:15:51:775
Linktest.rsp
00 00 00 0A FF FF 00 00 00 06 00 00 13 5E 

<<<----  [OUT]
2020/08/25 08:16:01:795
Linktest.req
00 00 00 0A FF FF 00 00 00 05 00 00 13 5F 

---->>>  [IN ]
2020/08/25 08:16:01:796
Linktest.rsp
00 00 00 0A FF FF 00 00 00 06 00 00 13 5F 

<<<----  [OUT]
2020/08/25 08:16:11:811
Linktest.req
00 00 00 0A FF FF 00 00 00 05 00 00 13 60 

---->>>  [IN ]
2020/08/25 08:16:11:812
Linktest.rsp
00 00 00 0A FF FF 00 00 00 06 00 00 13 60 

<<<----  [OUT]
2020/08/25 08:16:21:828
Linktest.req
00 00 00 0A FF FF 00 00 00 05 00 00 13 61 

---->>>  [IN ]
2020/08/25 08:16:21:829
Linktest.rsp
00 00 00 0A FF FF 00 00 00 06 00 00 13 61 

<<<----  [OUT]
2020/08/25 08:16:31:846
Linktest.req
00 00 00 0A FF FF 00 00 00 05 00 00 13 62 

---->>>  [IN ]
2020/08/25 08:16:31:847
Linktest.rsp
00 00 00 0A FF FF 00 00 00 06 00 00 13 62 

<<<----  [OUT]
2020/08/25 08:16:41:864
Linktest.req
00 00 00 0A FF FF 00 00 00 05 00 00 13 63 

---->>>  [IN ]
2020/08/25 08:16:41:864
Linktest.rsp
00 00 00 0A FF FF 00 00 00 06 00 00 13 63 

---->>>  [IN ]
2020/08/25 08:16:42:110
Linktest.req
00 00 00 0A FF FF 00 00 00 05 80 00 04 3B 

<<<----  [OUT]
2020/08/25 08:16:42:110
Linktest.rsp
00 00 00 0A FF FF 00 00 00 06 80 00 04 3B 

<<<----  [OUT]
2020/08/25 08:16:51:851
Linktest.req
00 00 00 0A FF FF 00 00 00 05 00 00 13 64 

---->>>  [IN ]
2020/08/25 08:16:51:852
Linktest.rsp
00 00 00 0A FF FF 00 00 00 06 00 00 13 64 

<<<----  [OUT]
2020/08/25 08:17:01:869
Linktest.req
00 00 00 0A FF FF 00 00 00 05 00 00 13 65 

---->>>  [IN ]
2020/08/25 08:17:01:870
Linktest.rsp
00 00 00 0A FF FF 00 00 00 06 00 00 13 65 

<<<----  [OUT]
2020/08/25 08:17:11:889
Linktest.req
00 00 00 0A FF FF 00 00 00 05 00 00 13 66 

---->>>  [IN ]
2020/08/25 08:17:11:890
Linktest.rsp
00 00 00 0A FF FF 00 00 00 06 00 00 13 66 

<<<----  [OUT]
2020/08/25 08:17:21:909
Linktest.req
00 00 00 0A FF FF 00 00 00 05 00 00 13 67 

---->>>  [IN ]
2020/08/25 08:17:21:910
Linktest.rsp
00 00 00 0A FF FF 00 00 00 06 00 00 13 67 

<<<----  [OUT]
2020/08/25 08:17:31:927
Linktest.req
00 00 00 0A FF FF 00 00 00 05 00 00 13 68 

---->>>  [IN ]
2020/08/25 08:17:31:928
Linktest.rsp
00 00 00 0A FF FF 00 00 00 06 00 00 13 68 

<<<----  [OUT]
2020/08/25 08:17:41:939
Linktest.req
00 00 00 0A FF FF 00 00 00 05 00 00 13 69 

---->>>  [IN ]
2020/08/25 08:17:41:940
Linktest.rsp
00 00 00 0A FF FF 00 00 00 06 00 00 13 69 

---->>>  [IN ]
2020/08/25 08:17:42:115
Linktest.req
00 00 00 0A FF FF 00 00 00 05 80 00 04 3C 

<<<----  [OUT]
2020/08/25 08:17:42:115
Linktest.rsp
00 00 00 0A FF FF 00 00 00 06 80 00 04 3C 

<<<----  [OUT]
2020/08/25 08:17:51:955
Linktest.req
00 00 00 0A FF FF 00 00 00 05 00 00 13 6A 

---->>>  [IN ]
2020/08/25 08:17:51:956
Linktest.rsp
00 00 00 0A FF FF 00 00 00 06 00 00 13 6A 

<<<----  [OUT]
2020/08/25 08:18:01:968
Linktest.req
00 00 00 0A FF FF 00 00 00 05 00 00 13 6B 

---->>>  [IN ]
2020/08/25 08:18:01:969
Linktest.rsp
00 00 00 0A FF FF 00 00 00 06 00 00 13 6B 

<<<----  [OUT]
2020/08/25 08:18:11:983
Linktest.req
00 00 00 0A FF FF 00 00 00 05 00 00 13 6C 

---->>>  [IN ]
2020/08/25 08:18:11:984
Linktest.rsp
00 00 00 0A FF FF 00 00 00 06 00 00 13 6C 

<<<----  [OUT]
2020/08/25 08:18:21:998
Linktest.req
00 00 00 0A FF FF 00 00 00 05 00 00 13 6D 

---->>>  [IN ]
2020/08/25 08:18:21:999
Linktest.rsp
00 00 00 0A FF FF 00 00 00 06 00 00 13 6D 

<<<----  [OUT]
2020/08/25 08:18:32:013
Linktest.req
00 00 00 0A FF FF 00 00 00 05 00 00 13 6E 

---->>>  [IN ]
2020/08/25 08:18:32:014
Linktest.rsp
00 00 00 0A FF FF 00 00 00 06 00 00 13 6E 

<<<----  [OUT]
2020/08/25 08:18:42:031
Linktest.req
00 00 00 0A FF FF 00 00 00 05 00 00 13 6F 

---->>>  [IN ]
2020/08/25 08:18:42:032
Linktest.rsp
00 00 00 0A FF FF 00 00 00 06 00 00 13 6F 

---->>>  [IN ]
2020/08/25 08:18:42:117
Linktest.req
00 00 00 0A FF FF 00 00 00 05 80 00 04 3D 

<<<----  [OUT]
2020/08/25 08:18:42:117
Linktest.rsp
00 00 00 0A FF FF 00 00 00 06 80 00 04 3D 

<<<----  [OUT]
2020/08/25 08:18:52:046
Linktest.req
00 00 00 0A FF FF 00 00 00 05 00 00 13 70 

---->>>  [IN ]
2020/08/25 08:18:52:047
Linktest.rsp
00 00 00 0A FF FF 00 00 00 06 00 00 13 70 

<<<----  [OUT]
2020/08/25 08:19:02:064
Linktest.req
00 00 00 0A FF FF 00 00 00 05 00 00 13 71 

---->>>  [IN ]
2020/08/25 08:19:02:065
Linktest.rsp
00 00 00 0A FF FF 00 00 00 06 00 00 13 71 

<<<----  [OUT]
2020/08/25 08:19:12:080
Linktest.req
00 00 00 0A FF FF 00 00 00 05 00 00 13 72 

---->>>  [IN ]
2020/08/25 08:19:12:081
Linktest.rsp
00 00 00 0A FF FF 00 00 00 06 00 00 13 72 

<<<----  [OUT]
2020/08/25 08:19:22:099
Linktest.req
00 00 00 0A FF FF 00 00 00 05 00 00 13 73 

---->>>  [IN ]
2020/08/25 08:19:22:104
Linktest.rsp
00 00 00 0A FF FF 00 00 00 06 00 00 13 73 

<<<----  [OUT]
2020/08/25 08:19:32:120
Linktest.req
00 00 00 0A FF FF 00 00 00 05 00 00 13 74 

---->>>  [IN ]
2020/08/25 08:19:32:121
Linktest.rsp
00 00 00 0A FF FF 00 00 00 06 00 00 13 74 

---->>>  [IN ]
2020/08/25 08:19:42:111
Linktest.req
00 00 00 0A FF FF 00 00 00 05 80 00 04 3E 

<<<----  [OUT]
2020/08/25 08:19:42:111
Linktest.rsp
00 00 00 0A FF FF 00 00 00 06 80 00 04 3E 

<<<----  [OUT]
2020/08/25 08:19:42:139
Linktest.req
00 00 00 0A FF FF 00 00 00 05 00 00 13 75 

---->>>  [IN ]
2020/08/25 08:19:42:161
Linktest.rsp
00 00 00 0A FF FF 00 00 00 06 00 00 13 75 

<<<----  [OUT]
2020/08/25 08:19:52:183
Linktest.req
00 00 00 0A FF FF 00 00 00 05 00 00 13 76 

---->>>  [IN ]
2020/08/25 08:19:52:184
Linktest.rsp
00 00 00 0A FF FF 00 00 00 06 00 00 13 76 

<<<----  [OUT]
2020/08/25 08:20:02:202
Linktest.req
00 00 00 0A FF FF 00 00 00 05 00 00 13 77 

---->>>  [IN ]
2020/08/25 08:20:02:203
Linktest.rsp
00 00 00 0A FF FF 00 00 00 06 00 00 13 77 

<<<----  [OUT]
2020/08/25 08:20:12:222
Linktest.req
00 00 00 0A FF FF 00 00 00 05 00 00 13 78 

---->>>  [IN ]
2020/08/25 08:20:12:224
Linktest.rsp
00 00 00 0A FF FF 00 00 00 06 00 00 13 78 

<<<----  [OUT]
2020/08/25 08:20:22:243
Linktest.req
00 00 00 0A FF FF 00 00 00 05 00 00 13 79 

---->>>  [IN ]
2020/08/25 08:20:22:244
Linktest.rsp
00 00 00 0A FF FF 00 00 00 06 00 00 13 79 

<<<----  [OUT]
2020/08/25 08:20:32:258
Linktest.req
00 00 00 0A FF FF 00 00 00 05 00 00 13 7A 

---->>>  [IN ]
2020/08/25 08:20:32:259
Linktest.rsp
00 00 00 0A FF FF 00 00 00 06 00 00 13 7A 

---->>>  [IN ]
2020/08/25 08:20:42:114
Linktest.req
00 00 00 0A FF FF 00 00 00 05 80 00 04 3F 

<<<----  [OUT]
2020/08/25 08:20:42:114
Linktest.rsp
00 00 00 0A FF FF 00 00 00 06 80 00 04 3F 

<<<----  [OUT]
2020/08/25 08:20:42:277
Linktest.req
00 00 00 0A FF FF 00 00 00 05 00 00 13 7B 

---->>>  [IN ]
2020/08/25 08:20:42:278
Linktest.rsp
00 00 00 0A FF FF 00 00 00 06 00 00 13 7B 

<<<----  [OUT]
2020/08/25 08:20:52:283
Linktest.req
00 00 00 0A FF FF 00 00 00 05 00 00 13 7C 

---->>>  [IN ]
2020/08/25 08:20:52:283
Linktest.rsp
00 00 00 0A FF FF 00 00 00 06 00 00 13 7C 

<<<----  [OUT]
2020/08/25 08:21:02:295
Linktest.req
00 00 00 0A FF FF 00 00 00 05 00 00 13 7D 

---->>>  [IN ]
2020/08/25 08:21:02:296
Linktest.rsp
00 00 00 0A FF FF 00 00 00 06 00 00 13 7D 

<<<----  [OUT]
2020/08/25 08:21:12:308
Linktest.req
00 00 00 0A FF FF 00 00 00 05 00 00 13 7E 

---->>>  [IN ]
2020/08/25 08:21:12:309
Linktest.rsp
00 00 00 0A FF FF 00 00 00 06 00 00 13 7E 

<<<----  [OUT]
2020/08/25 08:21:22:324
Linktest.req
00 00 00 0A FF FF 00 00 00 05 00 00 13 7F 

---->>>  [IN ]
2020/08/25 08:21:22:325
Linktest.rsp
00 00 00 0A FF FF 00 00 00 06 00 00 13 7F 

<<<----  [OUT]
2020/08/25 08:21:32:337
Linktest.req
00 00 00 0A FF FF 00 00 00 05 00 00 13 80 

---->>>  [IN ]
2020/08/25 08:21:32:338
Linktest.rsp
00 00 00 0A FF FF 00 00 00 06 00 00 13 80 

---->>>  [IN ]
2020/08/25 08:21:42:116
Linktest.req
00 00 00 0A FF FF 00 00 00 05 80 00 04 40 

<<<----  [OUT]
2020/08/25 08:21:42:116
Linktest.rsp
00 00 00 0A FF FF 00 00 00 06 80 00 04 40 

<<<----  [OUT]
2020/08/25 08:21:42:354
Linktest.req
00 00 00 0A FF FF 00 00 00 05 00 00 13 81 

---->>>  [IN ]
2020/08/25 08:21:42:355
Linktest.rsp
00 00 00 0A FF FF 00 00 00 06 00 00 13 81 

<<<----  [OUT]
2020/08/25 08:21:52:372
Linktest.req
00 00 00 0A FF FF 00 00 00 05 00 00 13 82 

---->>>  [IN ]
2020/08/25 08:21:52:373
Linktest.rsp
00 00 00 0A FF FF 00 00 00 06 00 00 13 82 

<<<----  [OUT]
2020/08/25 08:22:02:392
Linktest.req
00 00 00 0A FF FF 00 00 00 05 00 00 13 83 

---->>>  [IN ]
2020/08/25 08:22:02:393
Linktest.rsp
00 00 00 0A FF FF 00 00 00 06 00 00 13 83 
