
<<<----  [OUT]
2020/08/25 02:00:00:290
Linktest.req
00 00 00 0A FF FF 00 00 00 05 00 00 0A 92 

---->>>  [IN ]
2020/08/25 02:00:00:291
Linktest.rsp
00 00 00 0A FF FF 00 00 00 06 00 00 0A 92 

<<<----  [OUT]
2020/08/25 02:00:10:308
Linktest.req
00 00 00 0A FF FF 00 00 00 05 00 00 0A 93 

---->>>  [IN ]
2020/08/25 02:00:10:309
Linktest.rsp
00 00 00 0A FF FF 00 00 00 06 00 00 0A 93 

<<<----  [OUT]
2020/08/25 02:00:20:325
Linktest.req
00 00 00 0A FF FF 00 00 00 05 00 00 0A 94 

---->>>  [IN ]
2020/08/25 02:00:20:325
Linktest.rsp
00 00 00 0A FF FF 00 00 00 06 00 00 0A 94 

<<<----  [OUT]
2020/08/25 02:00:30:338
Linktest.req
00 00 00 0A FF FF 00 00 00 05 00 00 0A 95 

---->>>  [IN ]
2020/08/25 02:00:30:339
Linktest.rsp
00 00 00 0A FF FF 00 00 00 06 00 00 0A 95 

<<<----  [OUT]
2020/08/25 02:00:40:352
Linktest.req
00 00 00 0A FF FF 00 00 00 05 00 00 0A 96 

---->>>  [IN ]
2020/08/25 02:00:40:353
Linktest.rsp
00 00 00 0A FF FF 00 00 00 06 00 00 0A 96 

---->>>  [IN ]
2020/08/25 02:00:42:043
Linktest.req
00 00 00 0A FF FF 00 00 00 05 80 00 02 C3 

<<<----  [OUT]
2020/08/25 02:00:42:043
Linktest.rsp
00 00 00 0A FF FF 00 00 00 06 80 00 02 C3 

<<<----  [OUT]
2020/08/25 02:00:50:368
Linktest.req
00 00 00 0A FF FF 00 00 00 05 00 00 0A 97 

---->>>  [IN ]
2020/08/25 02:00:50:369
Linktest.rsp
00 00 00 0A FF FF 00 00 00 06 00 00 0A 97 

<<<----  [OUT]
2020/08/25 02:01:00:381
Linktest.req
00 00 00 0A FF FF 00 00 00 05 00 00 0A 98 

---->>>  [IN ]
2020/08/25 02:01:00:381
Linktest.rsp
00 00 00 0A FF FF 00 00 00 06 00 00 0A 98 

<<<----  [OUT]
2020/08/25 02:01:10:398
Linktest.req
00 00 00 0A FF FF 00 00 00 05 00 00 0A 99 

---->>>  [IN ]
2020/08/25 02:01:10:399
Linktest.rsp
00 00 00 0A FF FF 00 00 00 06 00 00 0A 99 

<<<----  [OUT]
2020/08/25 02:01:20:418
Linktest.req
00 00 00 0A FF FF 00 00 00 05 00 00 0A 9A 

---->>>  [IN ]
2020/08/25 02:01:20:419
Linktest.rsp
00 00 00 0A FF FF 00 00 00 06 00 00 0A 9A 

<<<----  [OUT]
2020/08/25 02:01:30:437
Linktest.req
00 00 00 0A FF FF 00 00 00 05 00 00 0A 9B 

---->>>  [IN ]
2020/08/25 02:01:30:438
Linktest.rsp
00 00 00 0A FF FF 00 00 00 06 00 00 0A 9B 

<<<----  [OUT]
2020/08/25 02:01:40:456
Linktest.req
00 00 00 0A FF FF 00 00 00 05 00 00 0A 9C 

---->>>  [IN ]
2020/08/25 02:01:40:457
Linktest.rsp
00 00 00 0A FF FF 00 00 00 06 00 00 0A 9C 

---->>>  [IN ]
2020/08/25 02:01:42:047
Linktest.req
00 00 00 0A FF FF 00 00 00 05 80 00 02 C4 

<<<----  [OUT]
2020/08/25 02:01:42:047
Linktest.rsp
00 00 00 0A FF FF 00 00 00 06 80 00 02 C4 

<<<----  [OUT]
2020/08/25 02:01:50:474
Linktest.req
00 00 00 0A FF FF 00 00 00 05 00 00 0A 9D 

---->>>  [IN ]
2020/08/25 02:01:50:475
Linktest.rsp
00 00 00 0A FF FF 00 00 00 06 00 00 0A 9D 

<<<----  [OUT]
2020/08/25 02:02:00:492
Linktest.req
00 00 00 0A FF FF 00 00 00 05 00 00 0A 9E 

---->>>  [IN ]
2020/08/25 02:02:00:493
Linktest.rsp
00 00 00 0A FF FF 00 00 00 06 00 00 0A 9E 

<<<----  [OUT]
2020/08/25 02:02:10:508
Linktest.req
00 00 00 0A FF FF 00 00 00 05 00 00 0A 9F 

---->>>  [IN ]
2020/08/25 02:02:10:509
Linktest.rsp
00 00 00 0A FF FF 00 00 00 06 00 00 0A 9F 

<<<----  [OUT]
2020/08/25 02:02:20:523
Linktest.req
00 00 00 0A FF FF 00 00 00 05 00 00 0A A0 

---->>>  [IN ]
2020/08/25 02:02:20:524
Linktest.rsp
00 00 00 0A FF FF 00 00 00 06 00 00 0A A0 

<<<----  [OUT]
2020/08/25 02:02:30:536
Linktest.req
00 00 00 0A FF FF 00 00 00 05 00 00 0A A1 

---->>>  [IN ]
2020/08/25 02:02:30:537
Linktest.rsp
00 00 00 0A FF FF 00 00 00 06 00 00 0A A1 

<<<----  [OUT]
2020/08/25 02:02:40:551
Linktest.req
00 00 00 0A FF FF 00 00 00 05 00 00 0A A2 

---->>>  [IN ]
2020/08/25 02:02:40:551
Linktest.rsp
00 00 00 0A FF FF 00 00 00 06 00 00 0A A2 

---->>>  [IN ]
2020/08/25 02:02:42:050
Linktest.req
00 00 00 0A FF FF 00 00 00 05 80 00 02 C5 

<<<----  [OUT]
2020/08/25 02:02:42:050
Linktest.rsp
00 00 00 0A FF FF 00 00 00 06 80 00 02 C5 

<<<----  [OUT]
2020/08/25 02:02:50:563
Linktest.req
00 00 00 0A FF FF 00 00 00 05 00 00 0A A3 

---->>>  [IN ]
2020/08/25 02:02:50:564
Linktest.rsp
00 00 00 0A FF FF 00 00 00 06 00 00 0A A3 

<<<----  [OUT]
2020/08/25 02:03:00:574
Linktest.req
00 00 00 0A FF FF 00 00 00 05 00 00 0A A4 

---->>>  [IN ]
2020/08/25 02:03:00:575
Linktest.rsp
00 00 00 0A FF FF 00 00 00 06 00 00 0A A4 

<<<----  [OUT]
2020/08/25 02:03:10:588
Linktest.req
00 00 00 0A FF FF 00 00 00 05 00 00 0A A5 

---->>>  [IN ]
2020/08/25 02:03:10:589
Linktest.rsp
00 00 00 0A FF FF 00 00 00 06 00 00 0A A5 

<<<----  [OUT]
2020/08/25 02:03:20:599
Linktest.req
00 00 00 0A FF FF 00 00 00 05 00 00 0A A6 

---->>>  [IN ]
2020/08/25 02:03:20:600
Linktest.rsp
00 00 00 0A FF FF 00 00 00 06 00 00 0A A6 

<<<----  [OUT]
2020/08/25 02:03:30:610
Linktest.req
00 00 00 0A FF FF 00 00 00 05 00 00 0A A7 

---->>>  [IN ]
2020/08/25 02:03:30:611
Linktest.rsp
00 00 00 0A FF FF 00 00 00 06 00 00 0A A7 

<<<----  [OUT]
2020/08/25 02:03:40:628
Linktest.req
00 00 00 0A FF FF 00 00 00 05 00 00 0A A8 

---->>>  [IN ]
2020/08/25 02:03:40:629
Linktest.rsp
00 00 00 0A FF FF 00 00 00 06 00 00 0A A8 

---->>>  [IN ]
2020/08/25 02:03:42:044
Linktest.req
00 00 00 0A FF FF 00 00 00 05 80 00 02 C6 

<<<----  [OUT]
2020/08/25 02:03:42:044
Linktest.rsp
00 00 00 0A FF FF 00 00 00 06 80 00 02 C6 

<<<----  [OUT]
2020/08/25 02:03:50:644
Linktest.req
00 00 00 0A FF FF 00 00 00 05 00 00 0A A9 

---->>>  [IN ]
2020/08/25 02:03:50:645
Linktest.rsp
00 00 00 0A FF FF 00 00 00 06 00 00 0A A9 

<<<----  [OUT]
2020/08/25 02:04:00:657
Linktest.req
00 00 00 0A FF FF 00 00 00 05 00 00 0A AA 

---->>>  [IN ]
2020/08/25 02:04:00:658
Linktest.rsp
00 00 00 0A FF FF 00 00 00 06 00 00 0A AA 

<<<----  [OUT]
2020/08/25 02:04:10:675
Linktest.req
00 00 00 0A FF FF 00 00 00 05 00 00 0A AB 

---->>>  [IN ]
2020/08/25 02:04:10:676
Linktest.rsp
00 00 00 0A FF FF 00 00 00 06 00 00 0A AB 

<<<----  [OUT]
2020/08/25 02:04:20:690
Linktest.req
00 00 00 0A FF FF 00 00 00 05 00 00 0A AC 

---->>>  [IN ]
2020/08/25 02:04:20:691
Linktest.rsp
00 00 00 0A FF FF 00 00 00 06 00 00 0A AC 

<<<----  [OUT]
2020/08/25 02:04:30:702
Linktest.req
00 00 00 0A FF FF 00 00 00 05 00 00 0A AD 

---->>>  [IN ]
2020/08/25 02:04:30:703
Linktest.rsp
00 00 00 0A FF FF 00 00 00 06 00 00 0A AD 

<<<----  [OUT]
2020/08/25 02:04:40:710
Linktest.req
00 00 00 0A FF FF 00 00 00 05 00 00 0A AE 

---->>>  [IN ]
2020/08/25 02:04:40:711
Linktest.rsp
00 00 00 0A FF FF 00 00 00 06 00 00 0A AE 

---->>>  [IN ]
2020/08/25 02:04:42:043
Linktest.req
00 00 00 0A FF FF 00 00 00 05 80 00 02 C7 

<<<----  [OUT]
2020/08/25 02:04:42:043
Linktest.rsp
00 00 00 0A FF FF 00 00 00 06 80 00 02 C7 

<<<----  [OUT]
2020/08/25 02:04:50:725
Linktest.req
00 00 00 0A FF FF 00 00 00 05 00 00 0A AF 

---->>>  [IN ]
2020/08/25 02:04:50:726
Linktest.rsp
00 00 00 0A FF FF 00 00 00 06 00 00 0A AF 

<<<----  [OUT]
2020/08/25 02:05:00:734
Linktest.req
00 00 00 0A FF FF 00 00 00 05 00 00 0A B0 

---->>>  [IN ]
2020/08/25 02:05:00:735
Linktest.rsp
00 00 00 0A FF FF 00 00 00 06 00 00 0A B0 

<<<----  [OUT]
2020/08/25 02:05:10:744
Linktest.req
00 00 00 0A FF FF 00 00 00 05 00 00 0A B1 

---->>>  [IN ]
2020/08/25 02:05:10:745
Linktest.rsp
00 00 00 0A FF FF 00 00 00 06 00 00 0A B1 

<<<----  [OUT]
2020/08/25 02:05:20:756
Linktest.req
00 00 00 0A FF FF 00 00 00 05 00 00 0A B2 

---->>>  [IN ]
2020/08/25 02:05:20:757
Linktest.rsp
00 00 00 0A FF FF 00 00 00 06 00 00 0A B2 

<<<----  [OUT]
2020/08/25 02:05:30:768
Linktest.req
00 00 00 0A FF FF 00 00 00 05 00 00 0A B3 

---->>>  [IN ]
2020/08/25 02:05:30:769
Linktest.rsp
00 00 00 0A FF FF 00 00 00 06 00 00 0A B3 

<<<----  [OUT]
2020/08/25 02:05:40:780
Linktest.req
00 00 00 0A FF FF 00 00 00 05 00 00 0A B4 

---->>>  [IN ]
2020/08/25 02:05:40:781
Linktest.rsp
00 00 00 0A FF FF 00 00 00 06 00 00 0A B4 

---->>>  [IN ]
2020/08/25 02:05:42:044
Linktest.req
00 00 00 0A FF FF 00 00 00 05 80 00 02 C8 

<<<----  [OUT]
2020/08/25 02:05:42:044
Linktest.rsp
00 00 00 0A FF FF 00 00 00 06 80 00 02 C8 

<<<----  [OUT]
2020/08/25 02:05:50:796
Linktest.req
00 00 00 0A FF FF 00 00 00 05 00 00 0A B5 

---->>>  [IN ]
2020/08/25 02:05:50:797
Linktest.rsp
00 00 00 0A FF FF 00 00 00 06 00 00 0A B5 

<<<----  [OUT]
2020/08/25 02:06:00:809
Linktest.req
00 00 00 0A FF FF 00 00 00 05 00 00 0A B6 

---->>>  [IN ]
2020/08/25 02:06:00:810
Linktest.rsp
00 00 00 0A FF FF 00 00 00 06 00 00 0A B6 

<<<----  [OUT]
2020/08/25 02:06:10:823
Linktest.req
00 00 00 0A FF FF 00 00 00 05 00 00 0A B7 

---->>>  [IN ]
2020/08/25 02:06:10:824
Linktest.rsp
00 00 00 0A FF FF 00 00 00 06 00 00 0A B7 

<<<----  [OUT]
2020/08/25 02:06:20:840
Linktest.req
00 00 00 0A FF FF 00 00 00 05 00 00 0A B8 

---->>>  [IN ]
2020/08/25 02:06:20:841
Linktest.rsp
00 00 00 0A FF FF 00 00 00 06 00 00 0A B8 

<<<----  [OUT]
2020/08/25 02:06:30:855
Linktest.req
00 00 00 0A FF FF 00 00 00 05 00 00 0A B9 

---->>>  [IN ]
2020/08/25 02:06:30:856
Linktest.rsp
00 00 00 0A FF FF 00 00 00 06 00 00 0A B9 

<<<----  [OUT]
2020/08/25 02:06:40:873
Linktest.req
00 00 00 0A FF FF 00 00 00 05 00 00 0A BA 

---->>>  [IN ]
2020/08/25 02:06:40:874
Linktest.rsp
00 00 00 0A FF FF 00 00 00 06 00 00 0A BA 

---->>>  [IN ]
2020/08/25 02:06:42:046
Linktest.req
00 00 00 0A FF FF 00 00 00 05 80 00 02 C9 

<<<----  [OUT]
2020/08/25 02:06:42:046
Linktest.rsp
00 00 00 0A FF FF 00 00 00 06 80 00 02 C9 

<<<----  [OUT]
2020/08/25 02:06:50:881
Linktest.req
00 00 00 0A FF FF 00 00 00 05 00 00 0A BB 

---->>>  [IN ]
2020/08/25 02:06:50:882
Linktest.rsp
00 00 00 0A FF FF 00 00 00 06 00 00 0A BB 

<<<----  [OUT]
2020/08/25 02:07:00:899
Linktest.req
00 00 00 0A FF FF 00 00 00 05 00 00 0A BC 

---->>>  [IN ]
2020/08/25 02:07:00:900
Linktest.rsp
00 00 00 0A FF FF 00 00 00 06 00 00 0A BC 

<<<----  [OUT]
2020/08/25 02:07:10:915
Linktest.req
00 00 00 0A FF FF 00 00 00 05 00 00 0A BD 

---->>>  [IN ]
2020/08/25 02:07:10:916
Linktest.rsp
00 00 00 0A FF FF 00 00 00 06 00 00 0A BD 

<<<----  [OUT]
2020/08/25 02:07:20:926
Linktest.req
00 00 00 0A FF FF 00 00 00 05 00 00 0A BE 

---->>>  [IN ]
2020/08/25 02:07:20:927
Linktest.rsp
00 00 00 0A FF FF 00 00 00 06 00 00 0A BE 

<<<----  [OUT]
2020/08/25 02:07:30:938
Linktest.req
00 00 00 0A FF FF 00 00 00 05 00 00 0A BF 

---->>>  [IN ]
2020/08/25 02:07:30:939
Linktest.rsp
00 00 00 0A FF FF 00 00 00 06 00 00 0A BF 

<<<----  [OUT]
2020/08/25 02:07:40:955
Linktest.req
00 00 00 0A FF FF 00 00 00 05 00 00 0A C0 

---->>>  [IN ]
2020/08/25 02:07:40:956
Linktest.rsp
00 00 00 0A FF FF 00 00 00 06 00 00 0A C0 

---->>>  [IN ]
2020/08/25 02:07:42:043
Linktest.req
00 00 00 0A FF FF 00 00 00 05 80 00 02 CA 

<<<----  [OUT]
2020/08/25 02:07:42:043
Linktest.rsp
00 00 00 0A FF FF 00 00 00 06 80 00 02 CA 

<<<----  [OUT]
2020/08/25 02:07:50:967
Linktest.req
00 00 00 0A FF FF 00 00 00 05 00 00 0A C1 

---->>>  [IN ]
2020/08/25 02:07:50:968
Linktest.rsp
00 00 00 0A FF FF 00 00 00 06 00 00 0A C1 

<<<----  [OUT]
2020/08/25 02:08:00:978
Linktest.req
00 00 00 0A FF FF 00 00 00 05 00 00 0A C2 

---->>>  [IN ]
2020/08/25 02:08:00:979
Linktest.rsp
00 00 00 0A FF FF 00 00 00 06 00 00 0A C2 

<<<----  [OUT]
2020/08/25 02:08:10:992
Linktest.req
00 00 00 0A FF FF 00 00 00 05 00 00 0A C3 

---->>>  [IN ]
2020/08/25 02:08:10:993
Linktest.rsp
00 00 00 0A FF FF 00 00 00 06 00 00 0A C3 

<<<----  [OUT]
2020/08/25 02:08:21:007
Linktest.req
00 00 00 0A FF FF 00 00 00 05 00 00 0A C4 

---->>>  [IN ]
2020/08/25 02:08:21:008
Linktest.rsp
00 00 00 0A FF FF 00 00 00 06 00 00 0A C4 

<<<----  [OUT]
2020/08/25 02:08:31:023
Linktest.req
00 00 00 0A FF FF 00 00 00 05 00 00 0A C5 

---->>>  [IN ]
2020/08/25 02:08:31:024
Linktest.rsp
00 00 00 0A FF FF 00 00 00 06 00 00 0A C5 

<<<----  [OUT]
2020/08/25 02:08:41:035
Linktest.req
00 00 00 0A FF FF 00 00 00 05 00 00 0A C6 

---->>>  [IN ]
2020/08/25 02:08:41:036
Linktest.rsp
00 00 00 0A FF FF 00 00 00 06 00 00 0A C6 

---->>>  [IN ]
2020/08/25 02:08:42:045
Linktest.req
00 00 00 0A FF FF 00 00 00 05 80 00 02 CB 

<<<----  [OUT]
2020/08/25 02:08:42:045
Linktest.rsp
00 00 00 0A FF FF 00 00 00 06 80 00 02 CB 

<<<----  [OUT]
2020/08/25 02:08:51:049
Linktest.req
00 00 00 0A FF FF 00 00 00 05 00 00 0A C7 

---->>>  [IN ]
2020/08/25 02:08:51:050
Linktest.rsp
00 00 00 0A FF FF 00 00 00 06 00 00 0A C7 

<<<----  [OUT]
2020/08/25 02:09:01:064
Linktest.req
00 00 00 0A FF FF 00 00 00 05 00 00 0A C8 

---->>>  [IN ]
2020/08/25 02:09:01:065
Linktest.rsp
00 00 00 0A FF FF 00 00 00 06 00 00 0A C8 

<<<----  [OUT]
2020/08/25 02:09:11:081
Linktest.req
00 00 00 0A FF FF 00 00 00 05 00 00 0A C9 

---->>>  [IN ]
2020/08/25 02:09:11:082
Linktest.rsp
00 00 00 0A FF FF 00 00 00 06 00 00 0A C9 

<<<----  [OUT]
2020/08/25 02:09:21:098
Linktest.req
00 00 00 0A FF FF 00 00 00 05 00 00 0A CA 

---->>>  [IN ]
2020/08/25 02:09:21:099
Linktest.rsp
00 00 00 0A FF FF 00 00 00 06 00 00 0A CA 

<<<----  [OUT]
2020/08/25 02:09:31:113
Linktest.req
00 00 00 0A FF FF 00 00 00 05 00 00 0A CB 

---->>>  [IN ]
2020/08/25 02:09:31:114
Linktest.rsp
00 00 00 0A FF FF 00 00 00 06 00 00 0A CB 

<<<----  [OUT]
2020/08/25 02:09:41:125
Linktest.req
00 00 00 0A FF FF 00 00 00 05 00 00 0A CC 

---->>>  [IN ]
2020/08/25 02:09:41:126
Linktest.rsp
00 00 00 0A FF FF 00 00 00 06 00 00 0A CC 

---->>>  [IN ]
2020/08/25 02:09:42:046
Linktest.req
00 00 00 0A FF FF 00 00 00 05 80 00 02 CC 

<<<----  [OUT]
2020/08/25 02:09:42:046
Linktest.rsp
00 00 00 0A FF FF 00 00 00 06 80 00 02 CC 

<<<----  [OUT]
2020/08/25 02:09:51:143
Linktest.req
00 00 00 0A FF FF 00 00 00 05 00 00 0A CD 

---->>>  [IN ]
2020/08/25 02:09:51:144
Linktest.rsp
00 00 00 0A FF FF 00 00 00 06 00 00 0A CD 

<<<----  [OUT]
2020/08/25 02:10:01:156
Linktest.req
00 00 00 0A FF FF 00 00 00 05 00 00 0A CE 

---->>>  [IN ]
2020/08/25 02:10:01:157
Linktest.rsp
00 00 00 0A FF FF 00 00 00 06 00 00 0A CE 

<<<----  [OUT]
2020/08/25 02:10:11:168
Linktest.req
00 00 00 0A FF FF 00 00 00 05 00 00 0A CF 

---->>>  [IN ]
2020/08/25 02:10:11:169
Linktest.rsp
00 00 00 0A FF FF 00 00 00 06 00 00 0A CF 

<<<----  [OUT]
2020/08/25 02:10:21:180
Linktest.req
00 00 00 0A FF FF 00 00 00 05 00 00 0A D0 

---->>>  [IN ]
2020/08/25 02:10:21:181
Linktest.rsp
00 00 00 0A FF FF 00 00 00 06 00 00 0A D0 

<<<----  [OUT]
2020/08/25 02:10:31:194
Linktest.req
00 00 00 0A FF FF 00 00 00 05 00 00 0A D1 

---->>>  [IN ]
2020/08/25 02:10:31:195
Linktest.rsp
00 00 00 0A FF FF 00 00 00 06 00 00 0A D1 

<<<----  [OUT]
2020/08/25 02:10:41:205
Linktest.req
00 00 00 0A FF FF 00 00 00 05 00 00 0A D2 

---->>>  [IN ]
2020/08/25 02:10:41:206
Linktest.rsp
00 00 00 0A FF FF 00 00 00 06 00 00 0A D2 

---->>>  [IN ]
2020/08/25 02:10:42:046
Linktest.req
00 00 00 0A FF FF 00 00 00 05 80 00 02 CD 

<<<----  [OUT]
2020/08/25 02:10:42:046
Linktest.rsp
00 00 00 0A FF FF 00 00 00 06 80 00 02 CD 

<<<----  [OUT]
2020/08/25 02:10:51:218
Linktest.req
00 00 00 0A FF FF 00 00 00 05 00 00 0A D3 

---->>>  [IN ]
2020/08/25 02:10:51:219
Linktest.rsp
00 00 00 0A FF FF 00 00 00 06 00 00 0A D3 

<<<----  [OUT]
2020/08/25 02:11:01:232
Linktest.req
00 00 00 0A FF FF 00 00 00 05 00 00 0A D4 

---->>>  [IN ]
2020/08/25 02:11:01:233
Linktest.rsp
00 00 00 0A FF FF 00 00 00 06 00 00 0A D4 

<<<----  [OUT]
2020/08/25 02:11:11:250
Linktest.req
00 00 00 0A FF FF 00 00 00 05 00 00 0A D5 

---->>>  [IN ]
2020/08/25 02:11:11:251
Linktest.rsp
00 00 00 0A FF FF 00 00 00 06 00 00 0A D5 

<<<----  [OUT]
2020/08/25 02:11:21:267
Linktest.req
00 00 00 0A FF FF 00 00 00 05 00 00 0A D6 

---->>>  [IN ]
2020/08/25 02:11:21:268
Linktest.rsp
00 00 00 0A FF FF 00 00 00 06 00 00 0A D6 

<<<----  [OUT]
2020/08/25 02:11:31:278
Linktest.req
00 00 00 0A FF FF 00 00 00 05 00 00 0A D7 

---->>>  [IN ]
2020/08/25 02:11:31:279
Linktest.rsp
00 00 00 0A FF FF 00 00 00 06 00 00 0A D7 

<<<----  [OUT]
2020/08/25 02:11:41:288
Linktest.req
00 00 00 0A FF FF 00 00 00 05 00 00 0A D8 

---->>>  [IN ]
2020/08/25 02:11:41:289
Linktest.rsp
00 00 00 0A FF FF 00 00 00 06 00 00 0A D8 

---->>>  [IN ]
2020/08/25 02:11:42:046
Linktest.req
00 00 00 0A FF FF 00 00 00 05 80 00 02 CE 

<<<----  [OUT]
2020/08/25 02:11:42:046
Linktest.rsp
00 00 00 0A FF FF 00 00 00 06 80 00 02 CE 

<<<----  [OUT]
2020/08/25 02:11:51:297
Linktest.req
00 00 00 0A FF FF 00 00 00 05 00 00 0A D9 

---->>>  [IN ]
2020/08/25 02:11:51:298
Linktest.rsp
00 00 00 0A FF FF 00 00 00 06 00 00 0A D9 

<<<----  [OUT]
2020/08/25 02:12:01:308
Linktest.req
00 00 00 0A FF FF 00 00 00 05 00 00 0A DA 

---->>>  [IN ]
2020/08/25 02:12:01:309
Linktest.rsp
00 00 00 0A FF FF 00 00 00 06 00 00 0A DA 

<<<----  [OUT]
2020/08/25 02:12:11:320
Linktest.req
00 00 00 0A FF FF 00 00 00 05 00 00 0A DB 

---->>>  [IN ]
2020/08/25 02:12:11:321
Linktest.rsp
00 00 00 0A FF FF 00 00 00 06 00 00 0A DB 

<<<----  [OUT]
2020/08/25 02:12:21:330
Linktest.req
00 00 00 0A FF FF 00 00 00 05 00 00 0A DC 

---->>>  [IN ]
2020/08/25 02:12:21:331
Linktest.rsp
00 00 00 0A FF FF 00 00 00 06 00 00 0A DC 

<<<----  [OUT]
2020/08/25 02:12:31:338
Linktest.req
00 00 00 0A FF FF 00 00 00 05 00 00 0A DD 

---->>>  [IN ]
2020/08/25 02:12:31:339
Linktest.rsp
00 00 00 0A FF FF 00 00 00 06 00 00 0A DD 

<<<----  [OUT]
2020/08/25 02:12:41:353
Linktest.req
00 00 00 0A FF FF 00 00 00 05 00 00 0A DE 

---->>>  [IN ]
2020/08/25 02:12:41:354
Linktest.rsp
00 00 00 0A FF FF 00 00 00 06 00 00 0A DE 

---->>>  [IN ]
2020/08/25 02:12:42:044
Linktest.req
00 00 00 0A FF FF 00 00 00 05 80 00 02 CF 

<<<----  [OUT]
2020/08/25 02:12:42:044
Linktest.rsp
00 00 00 0A FF FF 00 00 00 06 80 00 02 CF 

<<<----  [OUT]
2020/08/25 02:12:51:361
Linktest.req
00 00 00 0A FF FF 00 00 00 05 00 00 0A DF 

---->>>  [IN ]
2020/08/25 02:12:51:362
Linktest.rsp
00 00 00 0A FF FF 00 00 00 06 00 00 0A DF 

<<<----  [OUT]
2020/08/25 02:13:01:375
Linktest.req
00 00 00 0A FF FF 00 00 00 05 00 00 0A E0 

---->>>  [IN ]
2020/08/25 02:13:01:376
Linktest.rsp
00 00 00 0A FF FF 00 00 00 06 00 00 0A E0 

<<<----  [OUT]
2020/08/25 02:13:11:389
Linktest.req
00 00 00 0A FF FF 00 00 00 05 00 00 0A E1 

---->>>  [IN ]
2020/08/25 02:13:11:390
Linktest.rsp
00 00 00 0A FF FF 00 00 00 06 00 00 0A E1 

<<<----  [OUT]
2020/08/25 02:13:21:402
Linktest.req
00 00 00 0A FF FF 00 00 00 05 00 00 0A E2 

---->>>  [IN ]
2020/08/25 02:13:21:403
Linktest.rsp
00 00 00 0A FF FF 00 00 00 06 00 00 0A E2 

<<<----  [OUT]
2020/08/25 02:13:31:415
Linktest.req
00 00 00 0A FF FF 00 00 00 05 00 00 0A E3 

---->>>  [IN ]
2020/08/25 02:13:31:416
Linktest.rsp
00 00 00 0A FF FF 00 00 00 06 00 00 0A E3 

<<<----  [OUT]
2020/08/25 02:13:41:425
Linktest.req
00 00 00 0A FF FF 00 00 00 05 00 00 0A E4 

---->>>  [IN ]
2020/08/25 02:13:41:426
Linktest.rsp
00 00 00 0A FF FF 00 00 00 06 00 00 0A E4 

---->>>  [IN ]
2020/08/25 02:13:42:049
Linktest.req
00 00 00 0A FF FF 00 00 00 05 80 00 02 D0 

<<<----  [OUT]
2020/08/25 02:13:42:049
Linktest.rsp
00 00 00 0A FF FF 00 00 00 06 80 00 02 D0 

<<<----  [OUT]
2020/08/25 02:13:51:439
Linktest.req
00 00 00 0A FF FF 00 00 00 05 00 00 0A E5 

---->>>  [IN ]
2020/08/25 02:13:51:440
Linktest.rsp
00 00 00 0A FF FF 00 00 00 06 00 00 0A E5 

<<<----  [OUT]
2020/08/25 02:14:01:448
Linktest.req
00 00 00 0A FF FF 00 00 00 05 00 00 0A E6 

---->>>  [IN ]
2020/08/25 02:14:01:449
Linktest.rsp
00 00 00 0A FF FF 00 00 00 06 00 00 0A E6 

<<<----  [OUT]
2020/08/25 02:14:11:455
Linktest.req
00 00 00 0A FF FF 00 00 00 05 00 00 0A E7 

---->>>  [IN ]
2020/08/25 02:14:11:456
Linktest.rsp
00 00 00 0A FF FF 00 00 00 06 00 00 0A E7 

<<<----  [OUT]
2020/08/25 02:14:21:468
Linktest.req
00 00 00 0A FF FF 00 00 00 05 00 00 0A E8 

---->>>  [IN ]
2020/08/25 02:14:21:469
Linktest.rsp
00 00 00 0A FF FF 00 00 00 06 00 00 0A E8 

<<<----  [OUT]
2020/08/25 02:14:31:482
Linktest.req
00 00 00 0A FF FF 00 00 00 05 00 00 0A E9 

---->>>  [IN ]
2020/08/25 02:14:31:483
Linktest.rsp
00 00 00 0A FF FF 00 00 00 06 00 00 0A E9 

<<<----  [OUT]
2020/08/25 02:14:41:498
Linktest.req
00 00 00 0A FF FF 00 00 00 05 00 00 0A EA 

---->>>  [IN ]
2020/08/25 02:14:41:499
Linktest.rsp
00 00 00 0A FF FF 00 00 00 06 00 00 0A EA 

---->>>  [IN ]
2020/08/25 02:14:42:045
Linktest.req
00 00 00 0A FF FF 00 00 00 05 80 00 02 D1 

<<<----  [OUT]
2020/08/25 02:14:42:045
Linktest.rsp
00 00 00 0A FF FF 00 00 00 06 80 00 02 D1 

<<<----  [OUT]
2020/08/25 02:14:51:513
Linktest.req
00 00 00 0A FF FF 00 00 00 05 00 00 0A EB 

---->>>  [IN ]
2020/08/25 02:14:51:514
Linktest.rsp
00 00 00 0A FF FF 00 00 00 06 00 00 0A EB 

<<<----  [OUT]
2020/08/25 02:15:01:525
Linktest.req
00 00 00 0A FF FF 00 00 00 05 00 00 0A EC 

---->>>  [IN ]
2020/08/25 02:15:01:526
Linktest.rsp
00 00 00 0A FF FF 00 00 00 06 00 00 0A EC 

<<<----  [OUT]
2020/08/25 02:15:11:534
Linktest.req
00 00 00 0A FF FF 00 00 00 05 00 00 0A ED 

---->>>  [IN ]
2020/08/25 02:15:11:535
Linktest.rsp
00 00 00 0A FF FF 00 00 00 06 00 00 0A ED 

<<<----  [OUT]
2020/08/25 02:15:21:549
Linktest.req
00 00 00 0A FF FF 00 00 00 05 00 00 0A EE 

---->>>  [IN ]
2020/08/25 02:15:21:550
Linktest.rsp
00 00 00 0A FF FF 00 00 00 06 00 00 0A EE 

<<<----  [OUT]
2020/08/25 02:15:31:562
Linktest.req
00 00 00 0A FF FF 00 00 00 05 00 00 0A EF 

---->>>  [IN ]
2020/08/25 02:15:31:563
Linktest.rsp
00 00 00 0A FF FF 00 00 00 06 00 00 0A EF 

<<<----  [OUT]
2020/08/25 02:15:41:575
Linktest.req
00 00 00 0A FF FF 00 00 00 05 00 00 0A F0 

---->>>  [IN ]
2020/08/25 02:15:41:576
Linktest.rsp
00 00 00 0A FF FF 00 00 00 06 00 00 0A F0 

---->>>  [IN ]
2020/08/25 02:15:42:049
Linktest.req
00 00 00 0A FF FF 00 00 00 05 80 00 02 D2 

<<<----  [OUT]
2020/08/25 02:15:42:049
Linktest.rsp
00 00 00 0A FF FF 00 00 00 06 80 00 02 D2 

<<<----  [OUT]
2020/08/25 02:15:51:585
Linktest.req
00 00 00 0A FF FF 00 00 00 05 00 00 0A F1 

---->>>  [IN ]
2020/08/25 02:15:51:586
Linktest.rsp
00 00 00 0A FF FF 00 00 00 06 00 00 0A F1 

<<<----  [OUT]
2020/08/25 02:16:01:596
Linktest.req
00 00 00 0A FF FF 00 00 00 05 00 00 0A F2 

---->>>  [IN ]
2020/08/25 02:16:01:597
Linktest.rsp
00 00 00 0A FF FF 00 00 00 06 00 00 0A F2 

<<<----  [OUT]
2020/08/25 02:16:11:612
Linktest.req
00 00 00 0A FF FF 00 00 00 05 00 00 0A F3 

---->>>  [IN ]
2020/08/25 02:16:11:613
Linktest.rsp
00 00 00 0A FF FF 00 00 00 06 00 00 0A F3 

<<<----  [OUT]
2020/08/25 02:16:21:624
Linktest.req
00 00 00 0A FF FF 00 00 00 05 00 00 0A F4 

---->>>  [IN ]
2020/08/25 02:16:21:625
Linktest.rsp
00 00 00 0A FF FF 00 00 00 06 00 00 0A F4 

<<<----  [OUT]
2020/08/25 02:16:31:635
Linktest.req
00 00 00 0A FF FF 00 00 00 05 00 00 0A F5 

---->>>  [IN ]
2020/08/25 02:16:31:636
Linktest.rsp
00 00 00 0A FF FF 00 00 00 06 00 00 0A F5 

<<<----  [OUT]
2020/08/25 02:16:41:644
Linktest.req
00 00 00 0A FF FF 00 00 00 05 00 00 0A F6 

---->>>  [IN ]
2020/08/25 02:16:41:645
Linktest.rsp
00 00 00 0A FF FF 00 00 00 06 00 00 0A F6 

---->>>  [IN ]
2020/08/25 02:16:42:045
Linktest.req
00 00 00 0A FF FF 00 00 00 05 80 00 02 D3 

<<<----  [OUT]
2020/08/25 02:16:42:045
Linktest.rsp
00 00 00 0A FF FF 00 00 00 06 80 00 02 D3 

<<<----  [OUT]
2020/08/25 02:16:51:656
Linktest.req
00 00 00 0A FF FF 00 00 00 05 00 00 0A F7 

---->>>  [IN ]
2020/08/25 02:16:51:657
Linktest.rsp
00 00 00 0A FF FF 00 00 00 06 00 00 0A F7 

<<<----  [OUT]
2020/08/25 02:17:01:671
Linktest.req
00 00 00 0A FF FF 00 00 00 05 00 00 0A F8 

---->>>  [IN ]
2020/08/25 02:17:01:672
Linktest.rsp
00 00 00 0A FF FF 00 00 00 06 00 00 0A F8 

<<<----  [OUT]
2020/08/25 02:17:11:689
Linktest.req
00 00 00 0A FF FF 00 00 00 05 00 00 0A F9 

---->>>  [IN ]
2020/08/25 02:17:11:690
Linktest.rsp
00 00 00 0A FF FF 00 00 00 06 00 00 0A F9 

<<<----  [OUT]
2020/08/25 02:17:21:707
Linktest.req
00 00 00 0A FF FF 00 00 00 05 00 00 0A FA 

---->>>  [IN ]
2020/08/25 02:17:21:708
Linktest.rsp
00 00 00 0A FF FF 00 00 00 06 00 00 0A FA 

<<<----  [OUT]
2020/08/25 02:17:31:725
Linktest.req
00 00 00 0A FF FF 00 00 00 05 00 00 0A FB 

---->>>  [IN ]
2020/08/25 02:17:31:726
Linktest.rsp
00 00 00 0A FF FF 00 00 00 06 00 00 0A FB 

<<<----  [OUT]
2020/08/25 02:17:41:744
Linktest.req
00 00 00 0A FF FF 00 00 00 05 00 00 0A FC 

---->>>  [IN ]
2020/08/25 02:17:41:745
Linktest.rsp
00 00 00 0A FF FF 00 00 00 06 00 00 0A FC 

---->>>  [IN ]
2020/08/25 02:17:42:044
Linktest.req
00 00 00 0A FF FF 00 00 00 05 80 00 02 D4 

<<<----  [OUT]
2020/08/25 02:17:42:045
Linktest.rsp
00 00 00 0A FF FF 00 00 00 06 80 00 02 D4 

<<<----  [OUT]
2020/08/25 02:17:51:763
Linktest.req
00 00 00 0A FF FF 00 00 00 05 00 00 0A FD 

---->>>  [IN ]
2020/08/25 02:17:51:764
Linktest.rsp
00 00 00 0A FF FF 00 00 00 06 00 00 0A FD 

<<<----  [OUT]
2020/08/25 02:18:01:782
Linktest.req
00 00 00 0A FF FF 00 00 00 05 00 00 0A FE 

---->>>  [IN ]
2020/08/25 02:18:01:783
Linktest.rsp
00 00 00 0A FF FF 00 00 00 06 00 00 0A FE 

<<<----  [OUT]
2020/08/25 02:18:11:798
Linktest.req
00 00 00 0A FF FF 00 00 00 05 00 00 0A FF 

---->>>  [IN ]
2020/08/25 02:18:11:799
Linktest.rsp
00 00 00 0A FF FF 00 00 00 06 00 00 0A FF 

<<<----  [OUT]
2020/08/25 02:18:21:813
Linktest.req
00 00 00 0A FF FF 00 00 00 05 00 00 0B 00 

---->>>  [IN ]
2020/08/25 02:18:21:814
Linktest.rsp
00 00 00 0A FF FF 00 00 00 06 00 00 0B 00 

<<<----  [OUT]
2020/08/25 02:18:31:825
Linktest.req
00 00 00 0A FF FF 00 00 00 05 00 00 0B 01 

---->>>  [IN ]
2020/08/25 02:18:31:826
Linktest.rsp
00 00 00 0A FF FF 00 00 00 06 00 00 0B 01 

<<<----  [OUT]
2020/08/25 02:18:41:840
Linktest.req
00 00 00 0A FF FF 00 00 00 05 00 00 0B 02 

---->>>  [IN ]
2020/08/25 02:18:41:841
Linktest.rsp
00 00 00 0A FF FF 00 00 00 06 00 00 0B 02 

---->>>  [IN ]
2020/08/25 02:18:42:045
Linktest.req
00 00 00 0A FF FF 00 00 00 05 80 00 02 D5 

<<<----  [OUT]
2020/08/25 02:18:42:045
Linktest.rsp
00 00 00 0A FF FF 00 00 00 06 80 00 02 D5 

<<<----  [OUT]
2020/08/25 02:18:51:854
Linktest.req
00 00 00 0A FF FF 00 00 00 05 00 00 0B 03 

---->>>  [IN ]
2020/08/25 02:18:51:855
Linktest.rsp
00 00 00 0A FF FF 00 00 00 06 00 00 0B 03 

<<<----  [OUT]
2020/08/25 02:19:01:869
Linktest.req
00 00 00 0A FF FF 00 00 00 05 00 00 0B 04 

---->>>  [IN ]
2020/08/25 02:19:01:870
Linktest.rsp
00 00 00 0A FF FF 00 00 00 06 00 00 0B 04 

<<<----  [OUT]
2020/08/25 02:19:11:881
Linktest.req
00 00 00 0A FF FF 00 00 00 05 00 00 0B 05 

---->>>  [IN ]
2020/08/25 02:19:11:882
Linktest.rsp
00 00 00 0A FF FF 00 00 00 06 00 00 0B 05 

<<<----  [OUT]
2020/08/25 02:19:21:896
Linktest.req
00 00 00 0A FF FF 00 00 00 05 00 00 0B 06 

---->>>  [IN ]
2020/08/25 02:19:21:897
Linktest.rsp
00 00 00 0A FF FF 00 00 00 06 00 00 0B 06 

<<<----  [OUT]
2020/08/25 02:19:31:913
Linktest.req
00 00 00 0A FF FF 00 00 00 05 00 00 0B 07 

---->>>  [IN ]
2020/08/25 02:19:31:914
Linktest.rsp
00 00 00 0A FF FF 00 00 00 06 00 00 0B 07 

<<<----  [OUT]
2020/08/25 02:19:41:930
Linktest.req
00 00 00 0A FF FF 00 00 00 05 00 00 0B 08 

---->>>  [IN ]
2020/08/25 02:19:41:931
Linktest.rsp
00 00 00 0A FF FF 00 00 00 06 00 00 0B 08 

---->>>  [IN ]
2020/08/25 02:19:42:044
Linktest.req
00 00 00 0A FF FF 00 00 00 05 80 00 02 D6 

<<<----  [OUT]
2020/08/25 02:19:42:044
Linktest.rsp
00 00 00 0A FF FF 00 00 00 06 80 00 02 D6 

<<<----  [OUT]
2020/08/25 02:19:51:943
Linktest.req
00 00 00 0A FF FF 00 00 00 05 00 00 0B 09 

---->>>  [IN ]
2020/08/25 02:19:51:944
Linktest.rsp
00 00 00 0A FF FF 00 00 00 06 00 00 0B 09 

<<<----  [OUT]
2020/08/25 02:20:01:954
Linktest.req
00 00 00 0A FF FF 00 00 00 05 00 00 0B 0A 

---->>>  [IN ]
2020/08/25 02:20:01:955
Linktest.rsp
00 00 00 0A FF FF 00 00 00 06 00 00 0B 0A 

<<<----  [OUT]
2020/08/25 02:20:11:969
Linktest.req
00 00 00 0A FF FF 00 00 00 05 00 00 0B 0B 

---->>>  [IN ]
2020/08/25 02:20:11:970
Linktest.rsp
00 00 00 0A FF FF 00 00 00 06 00 00 0B 0B 

<<<----  [OUT]
2020/08/25 02:20:21:983
Linktest.req
00 00 00 0A FF FF 00 00 00 05 00 00 0B 0C 

---->>>  [IN ]
2020/08/25 02:20:21:984
Linktest.rsp
00 00 00 0A FF FF 00 00 00 06 00 00 0B 0C 

<<<----  [OUT]
2020/08/25 02:20:32:000
Linktest.req
00 00 00 0A FF FF 00 00 00 05 00 00 0B 0D 

---->>>  [IN ]
2020/08/25 02:20:32:001
Linktest.rsp
00 00 00 0A FF FF 00 00 00 06 00 00 0B 0D 

<<<----  [OUT]
2020/08/25 02:20:42:014
Linktest.req
00 00 00 0A FF FF 00 00 00 05 00 00 0B 0E 

---->>>  [IN ]
2020/08/25 02:20:42:015
Linktest.rsp
00 00 00 0A FF FF 00 00 00 06 00 00 0B 0E 

---->>>  [IN ]
2020/08/25 02:20:42:058
Linktest.req
00 00 00 0A FF FF 00 00 00 05 80 00 02 D7 

<<<----  [OUT]
2020/08/25 02:20:42:058
Linktest.rsp
00 00 00 0A FF FF 00 00 00 06 80 00 02 D7 

<<<----  [OUT]
2020/08/25 02:20:52:034
Linktest.req
00 00 00 0A FF FF 00 00 00 05 00 00 0B 0F 

---->>>  [IN ]
2020/08/25 02:20:52:035
Linktest.rsp
00 00 00 0A FF FF 00 00 00 06 00 00 0B 0F 

<<<----  [OUT]
2020/08/25 02:21:02:049
Linktest.req
00 00 00 0A FF FF 00 00 00 05 00 00 0B 10 

---->>>  [IN ]
2020/08/25 02:21:02:050
Linktest.rsp
00 00 00 0A FF FF 00 00 00 06 00 00 0B 10 

<<<----  [OUT]
2020/08/25 02:21:12:063
Linktest.req
00 00 00 0A FF FF 00 00 00 05 00 00 0B 11 

---->>>  [IN ]
2020/08/25 02:21:12:064
Linktest.rsp
00 00 00 0A FF FF 00 00 00 06 00 00 0B 11 

<<<----  [OUT]
2020/08/25 02:21:22:080
Linktest.req
00 00 00 0A FF FF 00 00 00 05 00 00 0B 12 

---->>>  [IN ]
2020/08/25 02:21:22:081
Linktest.rsp
00 00 00 0A FF FF 00 00 00 06 00 00 0B 12 

<<<----  [OUT]
2020/08/25 02:21:32:093
Linktest.req
00 00 00 0A FF FF 00 00 00 05 00 00 0B 13 

---->>>  [IN ]
2020/08/25 02:21:32:094
Linktest.rsp
00 00 00 0A FF FF 00 00 00 06 00 00 0B 13 

---->>>  [IN ]
2020/08/25 02:21:42:060
Linktest.req
00 00 00 0A FF FF 00 00 00 05 80 00 02 D8 

<<<----  [OUT]
2020/08/25 02:21:42:060
Linktest.rsp
00 00 00 0A FF FF 00 00 00 06 80 00 02 D8 

<<<----  [OUT]
2020/08/25 02:21:42:104
Linktest.req
00 00 00 0A FF FF 00 00 00 05 00 00 0B 14 

---->>>  [IN ]
2020/08/25 02:21:42:112
Linktest.rsp
00 00 00 0A FF FF 00 00 00 06 00 00 0B 14 

<<<----  [OUT]
2020/08/25 02:21:52:129
Linktest.req
00 00 00 0A FF FF 00 00 00 05 00 00 0B 15 

---->>>  [IN ]
2020/08/25 02:21:52:130
Linktest.rsp
00 00 00 0A FF FF 00 00 00 06 00 00 0B 15 

<<<----  [OUT]
2020/08/25 02:22:02:143
Linktest.req
00 00 00 0A FF FF 00 00 00 05 00 00 0B 16 

---->>>  [IN ]
2020/08/25 02:22:02:144
Linktest.rsp
00 00 00 0A FF FF 00 00 00 06 00 00 0B 16 

<<<----  [OUT]
2020/08/25 02:22:12:158
Linktest.req
00 00 00 0A FF FF 00 00 00 05 00 00 0B 17 

---->>>  [IN ]
2020/08/25 02:22:12:159
Linktest.rsp
00 00 00 0A FF FF 00 00 00 06 00 00 0B 17 

<<<----  [OUT]
2020/08/25 02:22:22:174
Linktest.req
00 00 00 0A FF FF 00 00 00 05 00 00 0B 18 

---->>>  [IN ]
2020/08/25 02:22:22:175
Linktest.rsp
00 00 00 0A FF FF 00 00 00 06 00 00 0B 18 

<<<----  [OUT]
2020/08/25 02:22:32:185
Linktest.req
00 00 00 0A FF FF 00 00 00 05 00 00 0B 19 

---->>>  [IN ]
2020/08/25 02:22:32:186
Linktest.rsp
00 00 00 0A FF FF 00 00 00 06 00 00 0B 19 

---->>>  [IN ]
2020/08/25 02:22:42:060
Linktest.req
00 00 00 0A FF FF 00 00 00 05 80 00 02 D9 

<<<----  [OUT]
2020/08/25 02:22:42:060
Linktest.rsp
00 00 00 0A FF FF 00 00 00 06 80 00 02 D9 

<<<----  [OUT]
2020/08/25 02:22:42:201
Linktest.req
00 00 00 0A FF FF 00 00 00 05 00 00 0B 1A 

---->>>  [IN ]
2020/08/25 02:22:42:202
Linktest.rsp
00 00 00 0A FF FF 00 00 00 06 00 00 0B 1A 

<<<----  [OUT]
2020/08/25 02:22:52:213
Linktest.req
00 00 00 0A FF FF 00 00 00 05 00 00 0B 1B 

---->>>  [IN ]
2020/08/25 02:22:52:214
Linktest.rsp
00 00 00 0A FF FF 00 00 00 06 00 00 0B 1B 

<<<----  [OUT]
2020/08/25 02:23:02:224
Linktest.req
00 00 00 0A FF FF 00 00 00 05 00 00 0B 1C 

---->>>  [IN ]
2020/08/25 02:23:02:225
Linktest.rsp
00 00 00 0A FF FF 00 00 00 06 00 00 0B 1C 

<<<----  [OUT]
2020/08/25 02:23:12:237
Linktest.req
00 00 00 0A FF FF 00 00 00 05 00 00 0B 1D 

---->>>  [IN ]
2020/08/25 02:23:12:238
Linktest.rsp
00 00 00 0A FF FF 00 00 00 06 00 00 0B 1D 

<<<----  [OUT]
2020/08/25 02:23:22:251
Linktest.req
00 00 00 0A FF FF 00 00 00 05 00 00 0B 1E 

---->>>  [IN ]
2020/08/25 02:23:22:252
Linktest.rsp
00 00 00 0A FF FF 00 00 00 06 00 00 0B 1E 

<<<----  [OUT]
2020/08/25 02:23:32:268
Linktest.req
00 00 00 0A FF FF 00 00 00 05 00 00 0B 1F 

---->>>  [IN ]
2020/08/25 02:23:32:269
Linktest.rsp
00 00 00 0A FF FF 00 00 00 06 00 00 0B 1F 

---->>>  [IN ]
2020/08/25 02:23:42:062
Linktest.req
00 00 00 0A FF FF 00 00 00 05 80 00 02 DA 

<<<----  [OUT]
2020/08/25 02:23:42:062
Linktest.rsp
00 00 00 0A FF FF 00 00 00 06 80 00 02 DA 

<<<----  [OUT]
2020/08/25 02:23:42:282
Linktest.req
00 00 00 0A FF FF 00 00 00 05 00 00 0B 20 

---->>>  [IN ]
2020/08/25 02:23:42:283
Linktest.rsp
00 00 00 0A FF FF 00 00 00 06 00 00 0B 20 

<<<----  [OUT]
2020/08/25 02:23:52:294
Linktest.req
00 00 00 0A FF FF 00 00 00 05 00 00 0B 21 

---->>>  [IN ]
2020/08/25 02:23:52:295
Linktest.rsp
00 00 00 0A FF FF 00 00 00 06 00 00 0B 21 

<<<----  [OUT]
2020/08/25 02:24:02:305
Linktest.req
00 00 00 0A FF FF 00 00 00 05 00 00 0B 22 

---->>>  [IN ]
2020/08/25 02:24:02:306
Linktest.rsp
00 00 00 0A FF FF 00 00 00 06 00 00 0B 22 

<<<----  [OUT]
2020/08/25 02:24:12:316
Linktest.req
00 00 00 0A FF FF 00 00 00 05 00 00 0B 23 

---->>>  [IN ]
2020/08/25 02:24:12:317
Linktest.rsp
00 00 00 0A FF FF 00 00 00 06 00 00 0B 23 

<<<----  [OUT]
2020/08/25 02:24:22:332
Linktest.req
00 00 00 0A FF FF 00 00 00 05 00 00 0B 24 

---->>>  [IN ]
2020/08/25 02:24:22:333
Linktest.rsp
00 00 00 0A FF FF 00 00 00 06 00 00 0B 24 

<<<----  [OUT]
2020/08/25 02:24:32:342
Linktest.req
00 00 00 0A FF FF 00 00 00 05 00 00 0B 25 

---->>>  [IN ]
2020/08/25 02:24:32:343
Linktest.rsp
00 00 00 0A FF FF 00 00 00 06 00 00 0B 25 

---->>>  [IN ]
2020/08/25 02:24:42:063
Linktest.req
00 00 00 0A FF FF 00 00 00 05 80 00 02 DB 

<<<----  [OUT]
2020/08/25 02:24:42:063
Linktest.rsp
00 00 00 0A FF FF 00 00 00 06 80 00 02 DB 

<<<----  [OUT]
2020/08/25 02:24:42:353
Linktest.req
00 00 00 0A FF FF 00 00 00 05 00 00 0B 26 

---->>>  [IN ]
2020/08/25 02:24:42:354
Linktest.rsp
00 00 00 0A FF FF 00 00 00 06 00 00 0B 26 

<<<----  [OUT]
2020/08/25 02:24:52:365
Linktest.req
00 00 00 0A FF FF 00 00 00 05 00 00 0B 27 

---->>>  [IN ]
2020/08/25 02:24:52:366
Linktest.rsp
00 00 00 0A FF FF 00 00 00 06 00 00 0B 27 

<<<----  [OUT]
2020/08/25 02:25:02:377
Linktest.req
00 00 00 0A FF FF 00 00 00 05 00 00 0B 28 

---->>>  [IN ]
2020/08/25 02:25:02:378
Linktest.rsp
00 00 00 0A FF FF 00 00 00 06 00 00 0B 28 

<<<----  [OUT]
2020/08/25 02:25:12:388
Linktest.req
00 00 00 0A FF FF 00 00 00 05 00 00 0B 29 

---->>>  [IN ]
2020/08/25 02:25:12:389
Linktest.rsp
00 00 00 0A FF FF 00 00 00 06 00 00 0B 29 

<<<----  [OUT]
2020/08/25 02:25:22:402
Linktest.req
00 00 00 0A FF FF 00 00 00 05 00 00 0B 2A 

---->>>  [IN ]
2020/08/25 02:25:22:403
Linktest.rsp
00 00 00 0A FF FF 00 00 00 06 00 00 0B 2A 

<<<----  [OUT]
2020/08/25 02:25:32:414
Linktest.req
00 00 00 0A FF FF 00 00 00 05 00 00 0B 2B 

---->>>  [IN ]
2020/08/25 02:25:32:415
Linktest.rsp
00 00 00 0A FF FF 00 00 00 06 00 00 0B 2B 

---->>>  [IN ]
2020/08/25 02:25:42:058
Linktest.req
00 00 00 0A FF FF 00 00 00 05 80 00 02 DC 

<<<----  [OUT]
2020/08/25 02:25:42:058
Linktest.rsp
00 00 00 0A FF FF 00 00 00 06 80 00 02 DC 

<<<----  [OUT]
2020/08/25 02:25:42:426
Linktest.req
00 00 00 0A FF FF 00 00 00 05 00 00 0B 2C 

---->>>  [IN ]
2020/08/25 02:25:42:427
Linktest.rsp
00 00 00 0A FF FF 00 00 00 06 00 00 0B 2C 

<<<----  [OUT]
2020/08/25 02:25:52:436
Linktest.req
00 00 00 0A FF FF 00 00 00 05 00 00 0B 2D 

---->>>  [IN ]
2020/08/25 02:25:52:437
Linktest.rsp
00 00 00 0A FF FF 00 00 00 06 00 00 0B 2D 

<<<----  [OUT]
2020/08/25 02:26:02:450
Linktest.req
00 00 00 0A FF FF 00 00 00 05 00 00 0B 2E 

---->>>  [IN ]
2020/08/25 02:26:02:451
Linktest.rsp
00 00 00 0A FF FF 00 00 00 06 00 00 0B 2E 

<<<----  [OUT]
2020/08/25 02:26:12:461
Linktest.req
00 00 00 0A FF FF 00 00 00 05 00 00 0B 2F 

---->>>  [IN ]
2020/08/25 02:26:12:462
Linktest.rsp
00 00 00 0A FF FF 00 00 00 06 00 00 0B 2F 

<<<----  [OUT]
2020/08/25 02:26:22:480
Linktest.req
00 00 00 0A FF FF 00 00 00 05 00 00 0B 30 

---->>>  [IN ]
2020/08/25 02:26:22:480
Linktest.rsp
00 00 00 0A FF FF 00 00 00 06 00 00 0B 30 

<<<----  [OUT]
2020/08/25 02:26:32:495
Linktest.req
00 00 00 0A FF FF 00 00 00 05 00 00 0B 31 

---->>>  [IN ]
2020/08/25 02:26:32:496
Linktest.rsp
00 00 00 0A FF FF 00 00 00 06 00 00 0B 31 

---->>>  [IN ]
2020/08/25 02:26:42:060
Linktest.req
00 00 00 0A FF FF 00 00 00 05 80 00 02 DD 

<<<----  [OUT]
2020/08/25 02:26:42:060
Linktest.rsp
00 00 00 0A FF FF 00 00 00 06 80 00 02 DD 

<<<----  [OUT]
2020/08/25 02:26:42:507
Linktest.req
00 00 00 0A FF FF 00 00 00 05 00 00 0B 32 

---->>>  [IN ]
2020/08/25 02:26:42:508
Linktest.rsp
00 00 00 0A FF FF 00 00 00 06 00 00 0B 32 

<<<----  [OUT]
2020/08/25 02:26:52:521
Linktest.req
00 00 00 0A FF FF 00 00 00 05 00 00 0B 33 

---->>>  [IN ]
2020/08/25 02:26:52:522
Linktest.rsp
00 00 00 0A FF FF 00 00 00 06 00 00 0B 33 

<<<----  [OUT]
2020/08/25 02:27:02:537
Linktest.req
00 00 00 0A FF FF 00 00 00 05 00 00 0B 34 

---->>>  [IN ]
2020/08/25 02:27:02:538
Linktest.rsp
00 00 00 0A FF FF 00 00 00 06 00 00 0B 34 

<<<----  [OUT]
2020/08/25 02:27:12:555
Linktest.req
00 00 00 0A FF FF 00 00 00 05 00 00 0B 35 

---->>>  [IN ]
2020/08/25 02:27:12:556
Linktest.rsp
00 00 00 0A FF FF 00 00 00 06 00 00 0B 35 

<<<----  [OUT]
2020/08/25 02:27:22:574
Linktest.req
00 00 00 0A FF FF 00 00 00 05 00 00 0B 36 

---->>>  [IN ]
2020/08/25 02:27:22:575
Linktest.rsp
00 00 00 0A FF FF 00 00 00 06 00 00 0B 36 

<<<----  [OUT]
2020/08/25 02:27:32:589
Linktest.req
00 00 00 0A FF FF 00 00 00 05 00 00 0B 37 

---->>>  [IN ]
2020/08/25 02:27:32:590
Linktest.rsp
00 00 00 0A FF FF 00 00 00 06 00 00 0B 37 

---->>>  [IN ]
2020/08/25 02:27:42:063
Linktest.req
00 00 00 0A FF FF 00 00 00 05 80 00 02 DE 

<<<----  [OUT]
2020/08/25 02:27:42:063
Linktest.rsp
00 00 00 0A FF FF 00 00 00 06 80 00 02 DE 

<<<----  [OUT]
2020/08/25 02:27:42:599
Linktest.req
00 00 00 0A FF FF 00 00 00 05 00 00 0B 38 

---->>>  [IN ]
2020/08/25 02:27:42:600
Linktest.rsp
00 00 00 0A FF FF 00 00 00 06 00 00 0B 38 

<<<----  [OUT]
2020/08/25 02:27:52:617
Linktest.req
00 00 00 0A FF FF 00 00 00 05 00 00 0B 39 

---->>>  [IN ]
2020/08/25 02:27:52:618
Linktest.rsp
00 00 00 0A FF FF 00 00 00 06 00 00 0B 39 

<<<----  [OUT]
2020/08/25 02:28:02:629
Linktest.req
00 00 00 0A FF FF 00 00 00 05 00 00 0B 3A 

---->>>  [IN ]
2020/08/25 02:28:02:630
Linktest.rsp
00 00 00 0A FF FF 00 00 00 06 00 00 0B 3A 

<<<----  [OUT]
2020/08/25 02:28:12:645
Linktest.req
00 00 00 0A FF FF 00 00 00 05 00 00 0B 3B 

---->>>  [IN ]
2020/08/25 02:28:12:646
Linktest.rsp
00 00 00 0A FF FF 00 00 00 06 00 00 0B 3B 

<<<----  [OUT]
2020/08/25 02:28:22:659
Linktest.req
00 00 00 0A FF FF 00 00 00 05 00 00 0B 3C 

---->>>  [IN ]
2020/08/25 02:28:22:660
Linktest.rsp
00 00 00 0A FF FF 00 00 00 06 00 00 0B 3C 

<<<----  [OUT]
2020/08/25 02:28:32:675
Linktest.req
00 00 00 0A FF FF 00 00 00 05 00 00 0B 3D 

---->>>  [IN ]
2020/08/25 02:28:32:676
Linktest.rsp
00 00 00 0A FF FF 00 00 00 06 00 00 0B 3D 

---->>>  [IN ]
2020/08/25 02:28:42:071
Linktest.req
00 00 00 0A FF FF 00 00 00 05 80 00 02 DF 

<<<----  [OUT]
2020/08/25 02:28:42:071
Linktest.rsp
00 00 00 0A FF FF 00 00 00 06 80 00 02 DF 

<<<----  [OUT]
2020/08/25 02:28:42:689
Linktest.req
00 00 00 0A FF FF 00 00 00 05 00 00 0B 3E 

---->>>  [IN ]
2020/08/25 02:28:42:690
Linktest.rsp
00 00 00 0A FF FF 00 00 00 06 00 00 0B 3E 

<<<----  [OUT]
2020/08/25 02:28:52:706
Linktest.req
00 00 00 0A FF FF 00 00 00 05 00 00 0B 3F 

---->>>  [IN ]
2020/08/25 02:28:52:707
Linktest.rsp
00 00 00 0A FF FF 00 00 00 06 00 00 0B 3F 

<<<----  [OUT]
2020/08/25 02:29:02:724
Linktest.req
00 00 00 0A FF FF 00 00 00 05 00 00 0B 40 

---->>>  [IN ]
2020/08/25 02:29:02:725
Linktest.rsp
00 00 00 0A FF FF 00 00 00 06 00 00 0B 40 

<<<----  [OUT]
2020/08/25 02:29:12:740
Linktest.req
00 00 00 0A FF FF 00 00 00 05 00 00 0B 41 

---->>>  [IN ]
2020/08/25 02:29:12:741
Linktest.rsp
00 00 00 0A FF FF 00 00 00 06 00 00 0B 41 

<<<----  [OUT]
2020/08/25 02:29:22:756
Linktest.req
00 00 00 0A FF FF 00 00 00 05 00 00 0B 42 

---->>>  [IN ]
2020/08/25 02:29:22:757
Linktest.rsp
00 00 00 0A FF FF 00 00 00 06 00 00 0B 42 

<<<----  [OUT]
2020/08/25 02:29:32:767
Linktest.req
00 00 00 0A FF FF 00 00 00 05 00 00 0B 43 

---->>>  [IN ]
2020/08/25 02:29:32:768
Linktest.rsp
00 00 00 0A FF FF 00 00 00 06 00 00 0B 43 

---->>>  [IN ]
2020/08/25 02:29:42:074
Linktest.req
00 00 00 0A FF FF 00 00 00 05 80 00 02 E0 

<<<----  [OUT]
2020/08/25 02:29:42:074
Linktest.rsp
00 00 00 0A FF FF 00 00 00 06 80 00 02 E0 

<<<----  [OUT]
2020/08/25 02:29:42:782
Linktest.req
00 00 00 0A FF FF 00 00 00 05 00 00 0B 44 

---->>>  [IN ]
2020/08/25 02:29:42:783
Linktest.rsp
00 00 00 0A FF FF 00 00 00 06 00 00 0B 44 

<<<----  [OUT]
2020/08/25 02:29:52:797
Linktest.req
00 00 00 0A FF FF 00 00 00 05 00 00 0B 45 

---->>>  [IN ]
2020/08/25 02:29:52:798
Linktest.rsp
00 00 00 0A FF FF 00 00 00 06 00 00 0B 45 

<<<----  [OUT]
2020/08/25 02:30:02:813
Linktest.req
00 00 00 0A FF FF 00 00 00 05 00 00 0B 46 

---->>>  [IN ]
2020/08/25 02:30:02:814
Linktest.rsp
00 00 00 0A FF FF 00 00 00 06 00 00 0B 46 

<<<----  [OUT]
2020/08/25 02:30:12:828
Linktest.req
00 00 00 0A FF FF 00 00 00 05 00 00 0B 47 

---->>>  [IN ]
2020/08/25 02:30:12:829
Linktest.rsp
00 00 00 0A FF FF 00 00 00 06 00 00 0B 47 

<<<----  [OUT]
2020/08/25 02:30:22:844
Linktest.req
00 00 00 0A FF FF 00 00 00 05 00 00 0B 48 

---->>>  [IN ]
2020/08/25 02:30:22:845
Linktest.rsp
00 00 00 0A FF FF 00 00 00 06 00 00 0B 48 

<<<----  [OUT]
2020/08/25 02:30:32:855
Linktest.req
00 00 00 0A FF FF 00 00 00 05 00 00 0B 49 

---->>>  [IN ]
2020/08/25 02:30:32:856
Linktest.rsp
00 00 00 0A FF FF 00 00 00 06 00 00 0B 49 

---->>>  [IN ]
2020/08/25 02:30:42:077
Linktest.req
00 00 00 0A FF FF 00 00 00 05 80 00 02 E1 

<<<----  [OUT]
2020/08/25 02:30:42:077
Linktest.rsp
00 00 00 0A FF FF 00 00 00 06 80 00 02 E1 

<<<----  [OUT]
2020/08/25 02:30:42:871
Linktest.req
00 00 00 0A FF FF 00 00 00 05 00 00 0B 4A 

---->>>  [IN ]
2020/08/25 02:30:42:872
Linktest.rsp
00 00 00 0A FF FF 00 00 00 06 00 00 0B 4A 

<<<----  [OUT]
2020/08/25 02:30:52:889
Linktest.req
00 00 00 0A FF FF 00 00 00 05 00 00 0B 4B 

---->>>  [IN ]
2020/08/25 02:30:52:890
Linktest.rsp
00 00 00 0A FF FF 00 00 00 06 00 00 0B 4B 

<<<----  [OUT]
2020/08/25 02:31:02:907
Linktest.req
00 00 00 0A FF FF 00 00 00 05 00 00 0B 4C 

---->>>  [IN ]
2020/08/25 02:31:02:908
Linktest.rsp
00 00 00 0A FF FF 00 00 00 06 00 00 0B 4C 

<<<----  [OUT]
2020/08/25 02:31:12:924
Linktest.req
00 00 00 0A FF FF 00 00 00 05 00 00 0B 4D 

---->>>  [IN ]
2020/08/25 02:31:12:925
Linktest.rsp
00 00 00 0A FF FF 00 00 00 06 00 00 0B 4D 

<<<----  [OUT]
2020/08/25 02:31:22:941
Linktest.req
00 00 00 0A FF FF 00 00 00 05 00 00 0B 4E 

---->>>  [IN ]
2020/08/25 02:31:22:942
Linktest.rsp
00 00 00 0A FF FF 00 00 00 06 00 00 0B 4E 

<<<----  [OUT]
2020/08/25 02:31:32:956
Linktest.req
00 00 00 0A FF FF 00 00 00 05 00 00 0B 4F 

---->>>  [IN ]
2020/08/25 02:31:32:957
Linktest.rsp
00 00 00 0A FF FF 00 00 00 06 00 00 0B 4F 

---->>>  [IN ]
2020/08/25 02:31:42:078
Linktest.req
00 00 00 0A FF FF 00 00 00 05 80 00 02 E2 

<<<----  [OUT]
2020/08/25 02:31:42:078
Linktest.rsp
00 00 00 0A FF FF 00 00 00 06 80 00 02 E2 

<<<----  [OUT]
2020/08/25 02:31:42:970
Linktest.req
00 00 00 0A FF FF 00 00 00 05 00 00 0B 50 

---->>>  [IN ]
2020/08/25 02:31:42:971
Linktest.rsp
00 00 00 0A FF FF 00 00 00 06 00 00 0B 50 

<<<----  [OUT]
2020/08/25 02:31:52:982
Linktest.req
00 00 00 0A FF FF 00 00 00 05 00 00 0B 51 

---->>>  [IN ]
2020/08/25 02:31:52:983
Linktest.rsp
00 00 00 0A FF FF 00 00 00 06 00 00 0B 51 

<<<----  [OUT]
2020/08/25 02:32:02:999
Linktest.req
00 00 00 0A FF FF 00 00 00 05 00 00 0B 52 

---->>>  [IN ]
2020/08/25 02:32:03:000
Linktest.rsp
00 00 00 0A FF FF 00 00 00 06 00 00 0B 52 

<<<----  [OUT]
2020/08/25 02:32:13:016
Linktest.req
00 00 00 0A FF FF 00 00 00 05 00 00 0B 53 

---->>>  [IN ]
2020/08/25 02:32:13:017
Linktest.rsp
00 00 00 0A FF FF 00 00 00 06 00 00 0B 53 

<<<----  [OUT]
2020/08/25 02:32:23:034
Linktest.req
00 00 00 0A FF FF 00 00 00 05 00 00 0B 54 

---->>>  [IN ]
2020/08/25 02:32:23:035
Linktest.rsp
00 00 00 0A FF FF 00 00 00 06 00 00 0B 54 

<<<----  [OUT]
2020/08/25 02:32:33:053
Linktest.req
00 00 00 0A FF FF 00 00 00 05 00 00 0B 55 

---->>>  [IN ]
2020/08/25 02:32:33:054
Linktest.rsp
00 00 00 0A FF FF 00 00 00 06 00 00 0B 55 

---->>>  [IN ]
2020/08/25 02:32:42:078
Linktest.req
00 00 00 0A FF FF 00 00 00 05 80 00 02 E3 

<<<----  [OUT]
2020/08/25 02:32:42:078
Linktest.rsp
00 00 00 0A FF FF 00 00 00 06 80 00 02 E3 

<<<----  [OUT]
2020/08/25 02:32:43:069
Linktest.req
00 00 00 0A FF FF 00 00 00 05 00 00 0B 56 

---->>>  [IN ]
2020/08/25 02:32:43:070
Linktest.rsp
00 00 00 0A FF FF 00 00 00 06 00 00 0B 56 

<<<----  [OUT]
2020/08/25 02:32:53:083
Linktest.req
00 00 00 0A FF FF 00 00 00 05 00 00 0B 57 

---->>>  [IN ]
2020/08/25 02:32:53:084
Linktest.rsp
00 00 00 0A FF FF 00 00 00 06 00 00 0B 57 

<<<----  [OUT]
2020/08/25 02:33:03:097
Linktest.req
00 00 00 0A FF FF 00 00 00 05 00 00 0B 58 

---->>>  [IN ]
2020/08/25 02:33:03:098
Linktest.rsp
00 00 00 0A FF FF 00 00 00 06 00 00 0B 58 

<<<----  [OUT]
2020/08/25 02:33:13:111
Linktest.req
00 00 00 0A FF FF 00 00 00 05 00 00 0B 59 

---->>>  [IN ]
2020/08/25 02:33:13:112
Linktest.rsp
00 00 00 0A FF FF 00 00 00 06 00 00 0B 59 

<<<----  [OUT]
2020/08/25 02:33:23:123
Linktest.req
00 00 00 0A FF FF 00 00 00 05 00 00 0B 5A 

---->>>  [IN ]
2020/08/25 02:33:23:124
Linktest.rsp
00 00 00 0A FF FF 00 00 00 06 00 00 0B 5A 

<<<----  [OUT]
2020/08/25 02:33:33:142
Linktest.req
00 00 00 0A FF FF 00 00 00 05 00 00 0B 5B 

---->>>  [IN ]
2020/08/25 02:33:33:143
Linktest.rsp
00 00 00 0A FF FF 00 00 00 06 00 00 0B 5B 

---->>>  [IN ]
2020/08/25 02:33:42:074
Linktest.req
00 00 00 0A FF FF 00 00 00 05 80 00 02 E4 

<<<----  [OUT]
2020/08/25 02:33:42:074
Linktest.rsp
00 00 00 0A FF FF 00 00 00 06 80 00 02 E4 

<<<----  [OUT]
2020/08/25 02:33:43:155
Linktest.req
00 00 00 0A FF FF 00 00 00 05 00 00 0B 5C 

---->>>  [IN ]
2020/08/25 02:33:43:156
Linktest.rsp
00 00 00 0A FF FF 00 00 00 06 00 00 0B 5C 

<<<----  [OUT]
2020/08/25 02:33:53:172
Linktest.req
00 00 00 0A FF FF 00 00 00 05 00 00 0B 5D 

---->>>  [IN ]
2020/08/25 02:33:53:173
Linktest.rsp
00 00 00 0A FF FF 00 00 00 06 00 00 0B 5D 

<<<----  [OUT]
2020/08/25 02:34:03:188
Linktest.req
00 00 00 0A FF FF 00 00 00 05 00 00 0B 5E 

---->>>  [IN ]
2020/08/25 02:34:03:189
Linktest.rsp
00 00 00 0A FF FF 00 00 00 06 00 00 0B 5E 

<<<----  [OUT]
2020/08/25 02:34:13:205
Linktest.req
00 00 00 0A FF FF 00 00 00 05 00 00 0B 5F 

---->>>  [IN ]
2020/08/25 02:34:13:206
Linktest.rsp
00 00 00 0A FF FF 00 00 00 06 00 00 0B 5F 

<<<----  [OUT]
2020/08/25 02:34:23:225
Linktest.req
00 00 00 0A FF FF 00 00 00 05 00 00 0B 60 

---->>>  [IN ]
2020/08/25 02:34:23:226
Linktest.rsp
00 00 00 0A FF FF 00 00 00 06 00 00 0B 60 

<<<----  [OUT]
2020/08/25 02:34:33:245
Linktest.req
00 00 00 0A FF FF 00 00 00 05 00 00 0B 61 

---->>>  [IN ]
2020/08/25 02:34:33:246
Linktest.rsp
00 00 00 0A FF FF 00 00 00 06 00 00 0B 61 

---->>>  [IN ]
2020/08/25 02:34:42:077
Linktest.req
00 00 00 0A FF FF 00 00 00 05 80 00 02 E5 

<<<----  [OUT]
2020/08/25 02:34:42:077
Linktest.rsp
00 00 00 0A FF FF 00 00 00 06 80 00 02 E5 

<<<----  [OUT]
2020/08/25 02:34:43:263
Linktest.req
00 00 00 0A FF FF 00 00 00 05 00 00 0B 62 

---->>>  [IN ]
2020/08/25 02:34:43:264
Linktest.rsp
00 00 00 0A FF FF 00 00 00 06 00 00 0B 62 

<<<----  [OUT]
2020/08/25 02:34:53:279
Linktest.req
00 00 00 0A FF FF 00 00 00 05 00 00 0B 63 

---->>>  [IN ]
2020/08/25 02:34:53:280
Linktest.rsp
00 00 00 0A FF FF 00 00 00 06 00 00 0B 63 

<<<----  [OUT]
2020/08/25 02:35:03:294
Linktest.req
00 00 00 0A FF FF 00 00 00 05 00 00 0B 64 

---->>>  [IN ]
2020/08/25 02:35:03:295
Linktest.rsp
00 00 00 0A FF FF 00 00 00 06 00 00 0B 64 

<<<----  [OUT]
2020/08/25 02:35:13:306
Linktest.req
00 00 00 0A FF FF 00 00 00 05 00 00 0B 65 

---->>>  [IN ]
2020/08/25 02:35:13:307
Linktest.rsp
00 00 00 0A FF FF 00 00 00 06 00 00 0B 65 

<<<----  [OUT]
2020/08/25 02:35:23:323
Linktest.req
00 00 00 0A FF FF 00 00 00 05 00 00 0B 66 

---->>>  [IN ]
2020/08/25 02:35:23:324
Linktest.rsp
00 00 00 0A FF FF 00 00 00 06 00 00 0B 66 

<<<----  [OUT]
2020/08/25 02:35:33:334
Linktest.req
00 00 00 0A FF FF 00 00 00 05 00 00 0B 67 

---->>>  [IN ]
2020/08/25 02:35:33:335
Linktest.rsp
00 00 00 0A FF FF 00 00 00 06 00 00 0B 67 

---->>>  [IN ]
2020/08/25 02:35:42:079
Linktest.req
00 00 00 0A FF FF 00 00 00 05 80 00 02 E6 

<<<----  [OUT]
2020/08/25 02:35:42:079
Linktest.rsp
00 00 00 0A FF FF 00 00 00 06 80 00 02 E6 

<<<----  [OUT]
2020/08/25 02:35:43:346
Linktest.req
00 00 00 0A FF FF 00 00 00 05 00 00 0B 68 

---->>>  [IN ]
2020/08/25 02:35:43:347
Linktest.rsp
00 00 00 0A FF FF 00 00 00 06 00 00 0B 68 

<<<----  [OUT]
2020/08/25 02:35:53:358
Linktest.req
00 00 00 0A FF FF 00 00 00 05 00 00 0B 69 

---->>>  [IN ]
2020/08/25 02:35:53:359
Linktest.rsp
00 00 00 0A FF FF 00 00 00 06 00 00 0B 69 

<<<----  [OUT]
2020/08/25 02:36:03:368
Linktest.req
00 00 00 0A FF FF 00 00 00 05 00 00 0B 6A 

---->>>  [IN ]
2020/08/25 02:36:03:369
Linktest.rsp
00 00 00 0A FF FF 00 00 00 06 00 00 0B 6A 

<<<----  [OUT]
2020/08/25 02:36:13:380
Linktest.req
00 00 00 0A FF FF 00 00 00 05 00 00 0B 6B 

---->>>  [IN ]
2020/08/25 02:36:13:381
Linktest.rsp
00 00 00 0A FF FF 00 00 00 06 00 00 0B 6B 

<<<----  [OUT]
2020/08/25 02:36:23:392
Linktest.req
00 00 00 0A FF FF 00 00 00 05 00 00 0B 6C 

---->>>  [IN ]
2020/08/25 02:36:23:393
Linktest.rsp
00 00 00 0A FF FF 00 00 00 06 00 00 0B 6C 

<<<----  [OUT]
2020/08/25 02:36:33:405
Linktest.req
00 00 00 0A FF FF 00 00 00 05 00 00 0B 6D 

---->>>  [IN ]
2020/08/25 02:36:33:406
Linktest.rsp
00 00 00 0A FF FF 00 00 00 06 00 00 0B 6D 

---->>>  [IN ]
2020/08/25 02:36:42:074
Linktest.req
00 00 00 0A FF FF 00 00 00 05 80 00 02 E7 

<<<----  [OUT]
2020/08/25 02:36:42:074
Linktest.rsp
00 00 00 0A FF FF 00 00 00 06 80 00 02 E7 

<<<----  [OUT]
2020/08/25 02:36:43:423
Linktest.req
00 00 00 0A FF FF 00 00 00 05 00 00 0B 6E 

---->>>  [IN ]
2020/08/25 02:36:43:424
Linktest.rsp
00 00 00 0A FF FF 00 00 00 06 00 00 0B 6E 

<<<----  [OUT]
2020/08/25 02:36:53:438
Linktest.req
00 00 00 0A FF FF 00 00 00 05 00 00 0B 6F 

---->>>  [IN ]
2020/08/25 02:36:53:439
Linktest.rsp
00 00 00 0A FF FF 00 00 00 06 00 00 0B 6F 

<<<----  [OUT]
2020/08/25 02:37:03:452
Linktest.req
00 00 00 0A FF FF 00 00 00 05 00 00 0B 70 

---->>>  [IN ]
2020/08/25 02:37:03:453
Linktest.rsp
00 00 00 0A FF FF 00 00 00 06 00 00 0B 70 

<<<----  [OUT]
2020/08/25 02:37:13:468
Linktest.req
00 00 00 0A FF FF 00 00 00 05 00 00 0B 71 

---->>>  [IN ]
2020/08/25 02:37:13:469
Linktest.rsp
00 00 00 0A FF FF 00 00 00 06 00 00 0B 71 

<<<----  [OUT]
2020/08/25 02:37:23:485
Linktest.req
00 00 00 0A FF FF 00 00 00 05 00 00 0B 72 

---->>>  [IN ]
2020/08/25 02:37:23:486
Linktest.rsp
00 00 00 0A FF FF 00 00 00 06 00 00 0B 72 

<<<----  [OUT]
2020/08/25 02:37:33:502
Linktest.req
00 00 00 0A FF FF 00 00 00 05 00 00 0B 73 

---->>>  [IN ]
2020/08/25 02:37:33:503
Linktest.rsp
00 00 00 0A FF FF 00 00 00 06 00 00 0B 73 

---->>>  [IN ]
2020/08/25 02:37:42:075
Linktest.req
00 00 00 0A FF FF 00 00 00 05 80 00 02 E8 

<<<----  [OUT]
2020/08/25 02:37:42:075
Linktest.rsp
00 00 00 0A FF FF 00 00 00 06 80 00 02 E8 

<<<----  [OUT]
2020/08/25 02:37:43:517
Linktest.req
00 00 00 0A FF FF 00 00 00 05 00 00 0B 74 

---->>>  [IN ]
2020/08/25 02:37:43:518
Linktest.rsp
00 00 00 0A FF FF 00 00 00 06 00 00 0B 74 

<<<----  [OUT]
2020/08/25 02:37:53:534
Linktest.req
00 00 00 0A FF FF 00 00 00 05 00 00 0B 75 

---->>>  [IN ]
2020/08/25 02:37:53:535
Linktest.rsp
00 00 00 0A FF FF 00 00 00 06 00 00 0B 75 

<<<----  [OUT]
2020/08/25 02:38:03:544
Linktest.req
00 00 00 0A FF FF 00 00 00 05 00 00 0B 76 

---->>>  [IN ]
2020/08/25 02:38:03:545
Linktest.rsp
00 00 00 0A FF FF 00 00 00 06 00 00 0B 76 

<<<----  [OUT]
2020/08/25 02:38:13:560
Linktest.req
00 00 00 0A FF FF 00 00 00 05 00 00 0B 77 

---->>>  [IN ]
2020/08/25 02:38:13:561
Linktest.rsp
00 00 00 0A FF FF 00 00 00 06 00 00 0B 77 

<<<----  [OUT]
2020/08/25 02:38:23:573
Linktest.req
00 00 00 0A FF FF 00 00 00 05 00 00 0B 78 

---->>>  [IN ]
2020/08/25 02:38:23:574
Linktest.rsp
00 00 00 0A FF FF 00 00 00 06 00 00 0B 78 

<<<----  [OUT]
2020/08/25 02:38:33:584
Linktest.req
00 00 00 0A FF FF 00 00 00 05 00 00 0B 79 

---->>>  [IN ]
2020/08/25 02:38:33:585
Linktest.rsp
00 00 00 0A FF FF 00 00 00 06 00 00 0B 79 

---->>>  [IN ]
2020/08/25 02:38:42:076
Linktest.req
00 00 00 0A FF FF 00 00 00 05 80 00 02 E9 

<<<----  [OUT]
2020/08/25 02:38:42:076
Linktest.rsp
00 00 00 0A FF FF 00 00 00 06 80 00 02 E9 

<<<----  [OUT]
2020/08/25 02:38:43:599
Linktest.req
00 00 00 0A FF FF 00 00 00 05 00 00 0B 7A 

---->>>  [IN ]
2020/08/25 02:38:43:600
Linktest.rsp
00 00 00 0A FF FF 00 00 00 06 00 00 0B 7A 

<<<----  [OUT]
2020/08/25 02:38:53:609
Linktest.req
00 00 00 0A FF FF 00 00 00 05 00 00 0B 7B 

---->>>  [IN ]
2020/08/25 02:38:53:610
Linktest.rsp
00 00 00 0A FF FF 00 00 00 06 00 00 0B 7B 

<<<----  [OUT]
2020/08/25 02:39:03:623
Linktest.req
00 00 00 0A FF FF 00 00 00 05 00 00 0B 7C 

---->>>  [IN ]
2020/08/25 02:39:03:623
Linktest.rsp
00 00 00 0A FF FF 00 00 00 06 00 00 0B 7C 

<<<----  [OUT]
2020/08/25 02:39:13:638
Linktest.req
00 00 00 0A FF FF 00 00 00 05 00 00 0B 7D 

---->>>  [IN ]
2020/08/25 02:39:13:639
Linktest.rsp
00 00 00 0A FF FF 00 00 00 06 00 00 0B 7D 

<<<----  [OUT]
2020/08/25 02:39:23:656
Linktest.req
00 00 00 0A FF FF 00 00 00 05 00 00 0B 7E 

---->>>  [IN ]
2020/08/25 02:39:23:657
Linktest.rsp
00 00 00 0A FF FF 00 00 00 06 00 00 0B 7E 

<<<----  [OUT]
2020/08/25 02:39:33:673
Linktest.req
00 00 00 0A FF FF 00 00 00 05 00 00 0B 7F 

---->>>  [IN ]
2020/08/25 02:39:33:674
Linktest.rsp
00 00 00 0A FF FF 00 00 00 06 00 00 0B 7F 

---->>>  [IN ]
2020/08/25 02:39:42:074
Linktest.req
00 00 00 0A FF FF 00 00 00 05 80 00 02 EA 

<<<----  [OUT]
2020/08/25 02:39:42:074
Linktest.rsp
00 00 00 0A FF FF 00 00 00 06 80 00 02 EA 

<<<----  [OUT]
2020/08/25 02:39:43:692
Linktest.req
00 00 00 0A FF FF 00 00 00 05 00 00 0B 80 

---->>>  [IN ]
2020/08/25 02:39:43:693
Linktest.rsp
00 00 00 0A FF FF 00 00 00 06 00 00 0B 80 

<<<----  [OUT]
2020/08/25 02:39:53:705
Linktest.req
00 00 00 0A FF FF 00 00 00 05 00 00 0B 81 

---->>>  [IN ]
2020/08/25 02:39:53:706
Linktest.rsp
00 00 00 0A FF FF 00 00 00 06 00 00 0B 81 

<<<----  [OUT]
2020/08/25 02:40:03:718
Linktest.req
00 00 00 0A FF FF 00 00 00 05 00 00 0B 82 

---->>>  [IN ]
2020/08/25 02:40:03:719
Linktest.rsp
00 00 00 0A FF FF 00 00 00 06 00 00 0B 82 

<<<----  [OUT]
2020/08/25 02:40:13:733
Linktest.req
00 00 00 0A FF FF 00 00 00 05 00 00 0B 83 

---->>>  [IN ]
2020/08/25 02:40:13:734
Linktest.rsp
00 00 00 0A FF FF 00 00 00 06 00 00 0B 83 

<<<----  [OUT]
2020/08/25 02:40:23:746
Linktest.req
00 00 00 0A FF FF 00 00 00 05 00 00 0B 84 

---->>>  [IN ]
2020/08/25 02:40:23:747
Linktest.rsp
00 00 00 0A FF FF 00 00 00 06 00 00 0B 84 

<<<----  [OUT]
2020/08/25 02:40:33:756
Linktest.req
00 00 00 0A FF FF 00 00 00 05 00 00 0B 85 

---->>>  [IN ]
2020/08/25 02:40:33:757
Linktest.rsp
00 00 00 0A FF FF 00 00 00 06 00 00 0B 85 

---->>>  [IN ]
2020/08/25 02:40:42:073
Linktest.req
00 00 00 0A FF FF 00 00 00 05 80 00 02 EB 

<<<----  [OUT]
2020/08/25 02:40:42:073
Linktest.rsp
00 00 00 0A FF FF 00 00 00 06 80 00 02 EB 

<<<----  [OUT]
2020/08/25 02:40:43:771
Linktest.req
00 00 00 0A FF FF 00 00 00 05 00 00 0B 86 

---->>>  [IN ]
2020/08/25 02:40:43:772
Linktest.rsp
00 00 00 0A FF FF 00 00 00 06 00 00 0B 86 

<<<----  [OUT]
2020/08/25 02:40:53:789
Linktest.req
00 00 00 0A FF FF 00 00 00 05 00 00 0B 87 

---->>>  [IN ]
2020/08/25 02:40:53:790
Linktest.rsp
00 00 00 0A FF FF 00 00 00 06 00 00 0B 87 

<<<----  [OUT]
2020/08/25 02:41:03:801
Linktest.req
00 00 00 0A FF FF 00 00 00 05 00 00 0B 88 

---->>>  [IN ]
2020/08/25 02:41:03:802
Linktest.rsp
00 00 00 0A FF FF 00 00 00 06 00 00 0B 88 

<<<----  [OUT]
2020/08/25 02:41:13:812
Linktest.req
00 00 00 0A FF FF 00 00 00 05 00 00 0B 89 

---->>>  [IN ]
2020/08/25 02:41:13:813
Linktest.rsp
00 00 00 0A FF FF 00 00 00 06 00 00 0B 89 

<<<----  [OUT]
2020/08/25 02:41:23:828
Linktest.req
00 00 00 0A FF FF 00 00 00 05 00 00 0B 8A 

---->>>  [IN ]
2020/08/25 02:41:23:828
Linktest.rsp
00 00 00 0A FF FF 00 00 00 06 00 00 0B 8A 

<<<----  [OUT]
2020/08/25 02:41:33:839
Linktest.req
00 00 00 0A FF FF 00 00 00 05 00 00 0B 8B 

---->>>  [IN ]
2020/08/25 02:41:33:840
Linktest.rsp
00 00 00 0A FF FF 00 00 00 06 00 00 0B 8B 

---->>>  [IN ]
2020/08/25 02:41:42:077
Linktest.req
00 00 00 0A FF FF 00 00 00 05 80 00 02 EC 

<<<----  [OUT]
2020/08/25 02:41:42:077
Linktest.rsp
00 00 00 0A FF FF 00 00 00 06 80 00 02 EC 

<<<----  [OUT]
2020/08/25 02:41:43:849
Linktest.req
00 00 00 0A FF FF 00 00 00 05 00 00 0B 8C 

---->>>  [IN ]
2020/08/25 02:41:43:850
Linktest.rsp
00 00 00 0A FF FF 00 00 00 06 00 00 0B 8C 

<<<----  [OUT]
2020/08/25 02:41:53:865
Linktest.req
00 00 00 0A FF FF 00 00 00 05 00 00 0B 8D 

---->>>  [IN ]
2020/08/25 02:41:53:866
Linktest.rsp
00 00 00 0A FF FF 00 00 00 06 00 00 0B 8D 

<<<----  [OUT]
2020/08/25 02:42:03:878
Linktest.req
00 00 00 0A FF FF 00 00 00 05 00 00 0B 8E 

---->>>  [IN ]
2020/08/25 02:42:03:879
Linktest.rsp
00 00 00 0A FF FF 00 00 00 06 00 00 0B 8E 

<<<----  [OUT]
2020/08/25 02:42:13:876
Linktest.req
00 00 00 0A FF FF 00 00 00 05 00 00 0B 8F 

---->>>  [IN ]
2020/08/25 02:42:13:877
Linktest.rsp
00 00 00 0A FF FF 00 00 00 06 00 00 0B 8F 

<<<----  [OUT]
2020/08/25 02:42:23:891
Linktest.req
00 00 00 0A FF FF 00 00 00 05 00 00 0B 90 

---->>>  [IN ]
2020/08/25 02:42:23:892
Linktest.rsp
00 00 00 0A FF FF 00 00 00 06 00 00 0B 90 

<<<----  [OUT]
2020/08/25 02:42:33:902
Linktest.req
00 00 00 0A FF FF 00 00 00 05 00 00 0B 91 

---->>>  [IN ]
2020/08/25 02:42:33:903
Linktest.rsp
00 00 00 0A FF FF 00 00 00 06 00 00 0B 91 

---->>>  [IN ]
2020/08/25 02:42:42:079
Linktest.req
00 00 00 0A FF FF 00 00 00 05 80 00 02 ED 

<<<----  [OUT]
2020/08/25 02:42:42:079
Linktest.rsp
00 00 00 0A FF FF 00 00 00 06 80 00 02 ED 

<<<----  [OUT]
2020/08/25 02:42:43:912
Linktest.req
00 00 00 0A FF FF 00 00 00 05 00 00 0B 92 

---->>>  [IN ]
2020/08/25 02:42:43:913
Linktest.rsp
00 00 00 0A FF FF 00 00 00 06 00 00 0B 92 

<<<----  [OUT]
2020/08/25 02:42:53:926
Linktest.req
00 00 00 0A FF FF 00 00 00 05 00 00 0B 93 

---->>>  [IN ]
2020/08/25 02:42:53:927
Linktest.rsp
00 00 00 0A FF FF 00 00 00 06 00 00 0B 93 

<<<----  [OUT]
2020/08/25 02:43:03:939
Linktest.req
00 00 00 0A FF FF 00 00 00 05 00 00 0B 94 

---->>>  [IN ]
2020/08/25 02:43:03:940
Linktest.rsp
00 00 00 0A FF FF 00 00 00 06 00 00 0B 94 

<<<----  [OUT]
2020/08/25 02:43:13:950
Linktest.req
00 00 00 0A FF FF 00 00 00 05 00 00 0B 95 

---->>>  [IN ]
2020/08/25 02:43:13:951
Linktest.rsp
00 00 00 0A FF FF 00 00 00 06 00 00 0B 95 

<<<----  [OUT]
2020/08/25 02:43:23:967
Linktest.req
00 00 00 0A FF FF 00 00 00 05 00 00 0B 96 

---->>>  [IN ]
2020/08/25 02:43:23:968
Linktest.rsp
00 00 00 0A FF FF 00 00 00 06 00 00 0B 96 

<<<----  [OUT]
2020/08/25 02:43:33:983
Linktest.req
00 00 00 0A FF FF 00 00 00 05 00 00 0B 97 

---->>>  [IN ]
2020/08/25 02:43:33:984
Linktest.rsp
00 00 00 0A FF FF 00 00 00 06 00 00 0B 97 

---->>>  [IN ]
2020/08/25 02:43:42:073
Linktest.req
00 00 00 0A FF FF 00 00 00 05 80 00 02 EE 

<<<----  [OUT]
2020/08/25 02:43:42:073
Linktest.rsp
00 00 00 0A FF FF 00 00 00 06 80 00 02 EE 

<<<----  [OUT]
2020/08/25 02:43:44:002
Linktest.req
00 00 00 0A FF FF 00 00 00 05 00 00 0B 98 

---->>>  [IN ]
2020/08/25 02:43:44:003
Linktest.rsp
00 00 00 0A FF FF 00 00 00 06 00 00 0B 98 

<<<----  [OUT]
2020/08/25 02:43:54:020
Linktest.req
00 00 00 0A FF FF 00 00 00 05 00 00 0B 99 

---->>>  [IN ]
2020/08/25 02:43:54:021
Linktest.rsp
00 00 00 0A FF FF 00 00 00 06 00 00 0B 99 

<<<----  [OUT]
2020/08/25 02:44:04:034
Linktest.req
00 00 00 0A FF FF 00 00 00 05 00 00 0B 9A 

---->>>  [IN ]
2020/08/25 02:44:04:035
Linktest.rsp
00 00 00 0A FF FF 00 00 00 06 00 00 0B 9A 

<<<----  [OUT]
2020/08/25 02:44:14:051
Linktest.req
00 00 00 0A FF FF 00 00 00 05 00 00 0B 9B 

---->>>  [IN ]
2020/08/25 02:44:14:052
Linktest.rsp
00 00 00 0A FF FF 00 00 00 06 00 00 0B 9B 

<<<----  [OUT]
2020/08/25 02:44:24:068
Linktest.req
00 00 00 0A FF FF 00 00 00 05 00 00 0B 9C 

---->>>  [IN ]
2020/08/25 02:44:24:069
Linktest.rsp
00 00 00 0A FF FF 00 00 00 06 00 00 0B 9C 

<<<----  [OUT]
2020/08/25 02:44:34:085
Linktest.req
00 00 00 0A FF FF 00 00 00 05 00 00 0B 9D 

---->>>  [IN ]
2020/08/25 02:44:34:086
Linktest.rsp
00 00 00 0A FF FF 00 00 00 06 00 00 0B 9D 

---->>>  [IN ]
2020/08/25 02:44:42:077
Linktest.req
00 00 00 0A FF FF 00 00 00 05 80 00 02 EF 

<<<----  [OUT]
2020/08/25 02:44:42:077
Linktest.rsp
00 00 00 0A FF FF 00 00 00 06 80 00 02 EF 

<<<----  [OUT]
2020/08/25 02:44:44:098
Linktest.req
00 00 00 0A FF FF 00 00 00 05 00 00 0B 9E 

---->>>  [IN ]
2020/08/25 02:44:44:099
Linktest.rsp
00 00 00 0A FF FF 00 00 00 06 00 00 0B 9E 

<<<----  [OUT]
2020/08/25 02:44:54:115
Linktest.req
00 00 00 0A FF FF 00 00 00 05 00 00 0B 9F 

---->>>  [IN ]
2020/08/25 02:44:54:116
Linktest.rsp
00 00 00 0A FF FF 00 00 00 06 00 00 0B 9F 

<<<----  [OUT]
2020/08/25 02:45:04:135
Linktest.req
00 00 00 0A FF FF 00 00 00 05 00 00 0B A0 

---->>>  [IN ]
2020/08/25 02:45:04:136
Linktest.rsp
00 00 00 0A FF FF 00 00 00 06 00 00 0B A0 

<<<----  [OUT]
2020/08/25 02:45:14:152
Linktest.req
00 00 00 0A FF FF 00 00 00 05 00 00 0B A1 

---->>>  [IN ]
2020/08/25 02:45:14:153
Linktest.rsp
00 00 00 0A FF FF 00 00 00 06 00 00 0B A1 

<<<----  [OUT]
2020/08/25 02:45:24:170
Linktest.req
00 00 00 0A FF FF 00 00 00 05 00 00 0B A2 

---->>>  [IN ]
2020/08/25 02:45:24:171
Linktest.rsp
00 00 00 0A FF FF 00 00 00 06 00 00 0B A2 

<<<----  [OUT]
2020/08/25 02:45:34:185
Linktest.req
00 00 00 0A FF FF 00 00 00 05 00 00 0B A3 

---->>>  [IN ]
2020/08/25 02:45:34:186
Linktest.rsp
00 00 00 0A FF FF 00 00 00 06 00 00 0B A3 

---->>>  [IN ]
2020/08/25 02:45:42:076
Linktest.req
00 00 00 0A FF FF 00 00 00 05 80 00 02 F0 

<<<----  [OUT]
2020/08/25 02:45:42:076
Linktest.rsp
00 00 00 0A FF FF 00 00 00 06 80 00 02 F0 

<<<----  [OUT]
2020/08/25 02:45:44:201
Linktest.req
00 00 00 0A FF FF 00 00 00 05 00 00 0B A4 

---->>>  [IN ]
2020/08/25 02:45:44:202
Linktest.rsp
00 00 00 0A FF FF 00 00 00 06 00 00 0B A4 

<<<----  [OUT]
2020/08/25 02:45:54:214
Linktest.req
00 00 00 0A FF FF 00 00 00 05 00 00 0B A5 

---->>>  [IN ]
2020/08/25 02:45:54:215
Linktest.rsp
00 00 00 0A FF FF 00 00 00 06 00 00 0B A5 

<<<----  [OUT]
2020/08/25 02:46:04:229
Linktest.req
00 00 00 0A FF FF 00 00 00 05 00 00 0B A6 

---->>>  [IN ]
2020/08/25 02:46:04:230
Linktest.rsp
00 00 00 0A FF FF 00 00 00 06 00 00 0B A6 

<<<----  [OUT]
2020/08/25 02:46:14:241
Linktest.req
00 00 00 0A FF FF 00 00 00 05 00 00 0B A7 

---->>>  [IN ]
2020/08/25 02:46:14:242
Linktest.rsp
00 00 00 0A FF FF 00 00 00 06 00 00 0B A7 

<<<----  [OUT]
2020/08/25 02:46:24:253
Linktest.req
00 00 00 0A FF FF 00 00 00 05 00 00 0B A8 

---->>>  [IN ]
2020/08/25 02:46:24:254
Linktest.rsp
00 00 00 0A FF FF 00 00 00 06 00 00 0B A8 

<<<----  [OUT]
2020/08/25 02:46:34:265
Linktest.req
00 00 00 0A FF FF 00 00 00 05 00 00 0B A9 

---->>>  [IN ]
2020/08/25 02:46:34:266
Linktest.rsp
00 00 00 0A FF FF 00 00 00 06 00 00 0B A9 

---->>>  [IN ]
2020/08/25 02:46:42:074
Linktest.req
00 00 00 0A FF FF 00 00 00 05 80 00 02 F1 

<<<----  [OUT]
2020/08/25 02:46:42:074
Linktest.rsp
00 00 00 0A FF FF 00 00 00 06 80 00 02 F1 

<<<----  [OUT]
2020/08/25 02:46:44:273
Linktest.req
00 00 00 0A FF FF 00 00 00 05 00 00 0B AA 

---->>>  [IN ]
2020/08/25 02:46:44:274
Linktest.rsp
00 00 00 0A FF FF 00 00 00 06 00 00 0B AA 

<<<----  [OUT]
2020/08/25 02:46:54:282
Linktest.req
00 00 00 0A FF FF 00 00 00 05 00 00 0B AB 

---->>>  [IN ]
2020/08/25 02:46:54:283
Linktest.rsp
00 00 00 0A FF FF 00 00 00 06 00 00 0B AB 

<<<----  [OUT]
2020/08/25 02:47:04:293
Linktest.req
00 00 00 0A FF FF 00 00 00 05 00 00 0B AC 

---->>>  [IN ]
2020/08/25 02:47:04:294
Linktest.rsp
00 00 00 0A FF FF 00 00 00 06 00 00 0B AC 

<<<----  [OUT]
2020/08/25 02:47:14:306
Linktest.req
00 00 00 0A FF FF 00 00 00 05 00 00 0B AD 

---->>>  [IN ]
2020/08/25 02:47:14:307
Linktest.rsp
00 00 00 0A FF FF 00 00 00 06 00 00 0B AD 

<<<----  [OUT]
2020/08/25 02:47:24:322
Linktest.req
00 00 00 0A FF FF 00 00 00 05 00 00 0B AE 

---->>>  [IN ]
2020/08/25 02:47:24:323
Linktest.rsp
00 00 00 0A FF FF 00 00 00 06 00 00 0B AE 

<<<----  [OUT]
2020/08/25 02:47:34:337
Linktest.req
00 00 00 0A FF FF 00 00 00 05 00 00 0B AF 

---->>>  [IN ]
2020/08/25 02:47:34:338
Linktest.rsp
00 00 00 0A FF FF 00 00 00 06 00 00 0B AF 

---->>>  [IN ]
2020/08/25 02:47:42:076
Linktest.req
00 00 00 0A FF FF 00 00 00 05 80 00 02 F2 

<<<----  [OUT]
2020/08/25 02:47:42:076
Linktest.rsp
00 00 00 0A FF FF 00 00 00 06 80 00 02 F2 

<<<----  [OUT]
2020/08/25 02:47:44:352
Linktest.req
00 00 00 0A FF FF 00 00 00 05 00 00 0B B0 

---->>>  [IN ]
2020/08/25 02:47:44:353
Linktest.rsp
00 00 00 0A FF FF 00 00 00 06 00 00 0B B0 

<<<----  [OUT]
2020/08/25 02:47:54:366
Linktest.req
00 00 00 0A FF FF 00 00 00 05 00 00 0B B1 

---->>>  [IN ]
2020/08/25 02:47:54:367
Linktest.rsp
00 00 00 0A FF FF 00 00 00 06 00 00 0B B1 

<<<----  [OUT]
2020/08/25 02:48:04:383
Linktest.req
00 00 00 0A FF FF 00 00 00 05 00 00 0B B2 

---->>>  [IN ]
2020/08/25 02:48:04:384
Linktest.rsp
00 00 00 0A FF FF 00 00 00 06 00 00 0B B2 

<<<----  [OUT]
2020/08/25 02:48:14:393
Linktest.req
00 00 00 0A FF FF 00 00 00 05 00 00 0B B3 

---->>>  [IN ]
2020/08/25 02:48:14:394
Linktest.rsp
00 00 00 0A FF FF 00 00 00 06 00 00 0B B3 

<<<----  [OUT]
2020/08/25 02:48:24:408
Linktest.req
00 00 00 0A FF FF 00 00 00 05 00 00 0B B4 

---->>>  [IN ]
2020/08/25 02:48:24:409
Linktest.rsp
00 00 00 0A FF FF 00 00 00 06 00 00 0B B4 

<<<----  [OUT]
2020/08/25 02:48:34:428
Linktest.req
00 00 00 0A FF FF 00 00 00 05 00 00 0B B5 

---->>>  [IN ]
2020/08/25 02:48:34:429
Linktest.rsp
00 00 00 0A FF FF 00 00 00 06 00 00 0B B5 

---->>>  [IN ]
2020/08/25 02:48:42:077
Linktest.req
00 00 00 0A FF FF 00 00 00 05 80 00 02 F3 

<<<----  [OUT]
2020/08/25 02:48:42:077
Linktest.rsp
00 00 00 0A FF FF 00 00 00 06 80 00 02 F3 

<<<----  [OUT]
2020/08/25 02:48:44:447
Linktest.req
00 00 00 0A FF FF 00 00 00 05 00 00 0B B6 

---->>>  [IN ]
2020/08/25 02:48:44:448
Linktest.rsp
00 00 00 0A FF FF 00 00 00 06 00 00 0B B6 

<<<----  [OUT]
2020/08/25 02:48:54:463
Linktest.req
00 00 00 0A FF FF 00 00 00 05 00 00 0B B7 

---->>>  [IN ]
2020/08/25 02:48:54:464
Linktest.rsp
00 00 00 0A FF FF 00 00 00 06 00 00 0B B7 

<<<----  [OUT]
2020/08/25 02:49:04:479
Linktest.req
00 00 00 0A FF FF 00 00 00 05 00 00 0B B8 

---->>>  [IN ]
2020/08/25 02:49:04:480
Linktest.rsp
00 00 00 0A FF FF 00 00 00 06 00 00 0B B8 

<<<----  [OUT]
2020/08/25 02:49:14:499
Linktest.req
00 00 00 0A FF FF 00 00 00 05 00 00 0B B9 

---->>>  [IN ]
2020/08/25 02:49:14:500
Linktest.rsp
00 00 00 0A FF FF 00 00 00 06 00 00 0B B9 

<<<----  [OUT]
2020/08/25 02:49:24:519
Linktest.req
00 00 00 0A FF FF 00 00 00 05 00 00 0B BA 

---->>>  [IN ]
2020/08/25 02:49:24:520
Linktest.rsp
00 00 00 0A FF FF 00 00 00 06 00 00 0B BA 

<<<----  [OUT]
2020/08/25 02:49:34:534
Linktest.req
00 00 00 0A FF FF 00 00 00 05 00 00 0B BB 

---->>>  [IN ]
2020/08/25 02:49:34:535
Linktest.rsp
00 00 00 0A FF FF 00 00 00 06 00 00 0B BB 

---->>>  [IN ]
2020/08/25 02:49:42:079
Linktest.req
00 00 00 0A FF FF 00 00 00 05 80 00 02 F4 

<<<----  [OUT]
2020/08/25 02:49:42:079
Linktest.rsp
00 00 00 0A FF FF 00 00 00 06 80 00 02 F4 

<<<----  [OUT]
2020/08/25 02:49:44:551
Linktest.req
00 00 00 0A FF FF 00 00 00 05 00 00 0B BC 

---->>>  [IN ]
2020/08/25 02:49:44:552
Linktest.rsp
00 00 00 0A FF FF 00 00 00 06 00 00 0B BC 

<<<----  [OUT]
2020/08/25 02:49:54:539
Linktest.req
00 00 00 0A FF FF 00 00 00 05 00 00 0B BD 

---->>>  [IN ]
2020/08/25 02:49:54:540
Linktest.rsp
00 00 00 0A FF FF 00 00 00 06 00 00 0B BD 

<<<----  [OUT]
2020/08/25 02:50:04:554
Linktest.req
00 00 00 0A FF FF 00 00 00 05 00 00 0B BE 

---->>>  [IN ]
2020/08/25 02:50:04:555
Linktest.rsp
00 00 00 0A FF FF 00 00 00 06 00 00 0B BE 

<<<----  [OUT]
2020/08/25 02:50:14:570
Linktest.req
00 00 00 0A FF FF 00 00 00 05 00 00 0B BF 

---->>>  [IN ]
2020/08/25 02:50:14:571
Linktest.rsp
00 00 00 0A FF FF 00 00 00 06 00 00 0B BF 

<<<----  [OUT]
2020/08/25 02:50:24:584
Linktest.req
00 00 00 0A FF FF 00 00 00 05 00 00 0B C0 

---->>>  [IN ]
2020/08/25 02:50:24:585
Linktest.rsp
00 00 00 0A FF FF 00 00 00 06 00 00 0B C0 

<<<----  [OUT]
2020/08/25 02:50:34:597
Linktest.req
00 00 00 0A FF FF 00 00 00 05 00 00 0B C1 

---->>>  [IN ]
2020/08/25 02:50:34:598
Linktest.rsp
00 00 00 0A FF FF 00 00 00 06 00 00 0B C1 

---->>>  [IN ]
2020/08/25 02:50:42:076
Linktest.req
00 00 00 0A FF FF 00 00 00 05 80 00 02 F5 

<<<----  [OUT]
2020/08/25 02:50:42:076
Linktest.rsp
00 00 00 0A FF FF 00 00 00 06 80 00 02 F5 

<<<----  [OUT]
2020/08/25 02:50:44:615
Linktest.req
00 00 00 0A FF FF 00 00 00 05 00 00 0B C2 

---->>>  [IN ]
2020/08/25 02:50:44:616
Linktest.rsp
00 00 00 0A FF FF 00 00 00 06 00 00 0B C2 

<<<----  [OUT]
2020/08/25 02:50:54:631
Linktest.req
00 00 00 0A FF FF 00 00 00 05 00 00 0B C3 

---->>>  [IN ]
2020/08/25 02:50:54:632
Linktest.rsp
00 00 00 0A FF FF 00 00 00 06 00 00 0B C3 

<<<----  [OUT]
2020/08/25 02:51:04:648
Linktest.req
00 00 00 0A FF FF 00 00 00 05 00 00 0B C4 

---->>>  [IN ]
2020/08/25 02:51:04:649
Linktest.rsp
00 00 00 0A FF FF 00 00 00 06 00 00 0B C4 

<<<----  [OUT]
2020/08/25 02:51:14:664
Linktest.req
00 00 00 0A FF FF 00 00 00 05 00 00 0B C5 

---->>>  [IN ]
2020/08/25 02:51:14:665
Linktest.rsp
00 00 00 0A FF FF 00 00 00 06 00 00 0B C5 

<<<----  [OUT]
2020/08/25 02:51:24:679
Linktest.req
00 00 00 0A FF FF 00 00 00 05 00 00 0B C6 

---->>>  [IN ]
2020/08/25 02:51:24:680
Linktest.rsp
00 00 00 0A FF FF 00 00 00 06 00 00 0B C6 

<<<----  [OUT]
2020/08/25 02:51:34:695
Linktest.req
00 00 00 0A FF FF 00 00 00 05 00 00 0B C7 

---->>>  [IN ]
2020/08/25 02:51:34:696
Linktest.rsp
00 00 00 0A FF FF 00 00 00 06 00 00 0B C7 

---->>>  [IN ]
2020/08/25 02:51:42:076
Linktest.req
00 00 00 0A FF FF 00 00 00 05 80 00 02 F6 

<<<----  [OUT]
2020/08/25 02:51:42:076
Linktest.rsp
00 00 00 0A FF FF 00 00 00 06 80 00 02 F6 

<<<----  [OUT]
2020/08/25 02:51:44:705
Linktest.req
00 00 00 0A FF FF 00 00 00 05 00 00 0B C8 

---->>>  [IN ]
2020/08/25 02:51:44:706
Linktest.rsp
00 00 00 0A FF FF 00 00 00 06 00 00 0B C8 

<<<----  [OUT]
2020/08/25 02:51:54:718
Linktest.req
00 00 00 0A FF FF 00 00 00 05 00 00 0B C9 

---->>>  [IN ]
2020/08/25 02:51:54:719
Linktest.rsp
00 00 00 0A FF FF 00 00 00 06 00 00 0B C9 

<<<----  [OUT]
2020/08/25 02:52:04:732
Linktest.req
00 00 00 0A FF FF 00 00 00 05 00 00 0B CA 

---->>>  [IN ]
2020/08/25 02:52:04:733
Linktest.rsp
00 00 00 0A FF FF 00 00 00 06 00 00 0B CA 

<<<----  [OUT]
2020/08/25 02:52:14:750
Linktest.req
00 00 00 0A FF FF 00 00 00 05 00 00 0B CB 

---->>>  [IN ]
2020/08/25 02:52:14:751
Linktest.rsp
00 00 00 0A FF FF 00 00 00 06 00 00 0B CB 

<<<----  [OUT]
2020/08/25 02:52:24:767
Linktest.req
00 00 00 0A FF FF 00 00 00 05 00 00 0B CC 

---->>>  [IN ]
2020/08/25 02:52:24:768
Linktest.rsp
00 00 00 0A FF FF 00 00 00 06 00 00 0B CC 

<<<----  [OUT]
2020/08/25 02:52:34:786
Linktest.req
00 00 00 0A FF FF 00 00 00 05 00 00 0B CD 

---->>>  [IN ]
2020/08/25 02:52:34:787
Linktest.rsp
00 00 00 0A FF FF 00 00 00 06 00 00 0B CD 

---->>>  [IN ]
2020/08/25 02:52:42:078
Linktest.req
00 00 00 0A FF FF 00 00 00 05 80 00 02 F7 

<<<----  [OUT]
2020/08/25 02:52:42:078
Linktest.rsp
00 00 00 0A FF FF 00 00 00 06 80 00 02 F7 

<<<----  [OUT]
2020/08/25 02:52:44:804
Linktest.req
00 00 00 0A FF FF 00 00 00 05 00 00 0B CE 

---->>>  [IN ]
2020/08/25 02:52:44:805
Linktest.rsp
00 00 00 0A FF FF 00 00 00 06 00 00 0B CE 

<<<----  [OUT]
2020/08/25 02:52:54:823
Linktest.req
00 00 00 0A FF FF 00 00 00 05 00 00 0B CF 

---->>>  [IN ]
2020/08/25 02:52:54:823
Linktest.rsp
00 00 00 0A FF FF 00 00 00 06 00 00 0B CF 

<<<----  [OUT]
2020/08/25 02:53:04:839
Linktest.req
00 00 00 0A FF FF 00 00 00 05 00 00 0B D0 

---->>>  [IN ]
2020/08/25 02:53:04:840
Linktest.rsp
00 00 00 0A FF FF 00 00 00 06 00 00 0B D0 

<<<----  [OUT]
2020/08/25 02:53:14:858
Linktest.req
00 00 00 0A FF FF 00 00 00 05 00 00 0B D1 

---->>>  [IN ]
2020/08/25 02:53:14:859
Linktest.rsp
00 00 00 0A FF FF 00 00 00 06 00 00 0B D1 

<<<----  [OUT]
2020/08/25 02:53:24:877
Linktest.req
00 00 00 0A FF FF 00 00 00 05 00 00 0B D2 

---->>>  [IN ]
2020/08/25 02:53:24:878
Linktest.rsp
00 00 00 0A FF FF 00 00 00 06 00 00 0B D2 

<<<----  [OUT]
2020/08/25 02:53:34:888
Linktest.req
00 00 00 0A FF FF 00 00 00 05 00 00 0B D3 

---->>>  [IN ]
2020/08/25 02:53:34:889
Linktest.rsp
00 00 00 0A FF FF 00 00 00 06 00 00 0B D3 

---->>>  [IN ]
2020/08/25 02:53:42:077
Linktest.req
00 00 00 0A FF FF 00 00 00 05 80 00 02 F8 

<<<----  [OUT]
2020/08/25 02:53:42:077
Linktest.rsp
00 00 00 0A FF FF 00 00 00 06 80 00 02 F8 

<<<----  [OUT]
2020/08/25 02:53:44:905
Linktest.req
00 00 00 0A FF FF 00 00 00 05 00 00 0B D4 

---->>>  [IN ]
2020/08/25 02:53:44:906
Linktest.rsp
00 00 00 0A FF FF 00 00 00 06 00 00 0B D4 

<<<----  [OUT]
2020/08/25 02:53:54:918
Linktest.req
00 00 00 0A FF FF 00 00 00 05 00 00 0B D5 

---->>>  [IN ]
2020/08/25 02:53:54:919
Linktest.rsp
00 00 00 0A FF FF 00 00 00 06 00 00 0B D5 

<<<----  [OUT]
2020/08/25 02:54:04:933
Linktest.req
00 00 00 0A FF FF 00 00 00 05 00 00 0B D6 

---->>>  [IN ]
2020/08/25 02:54:04:934
Linktest.rsp
00 00 00 0A FF FF 00 00 00 06 00 00 0B D6 

<<<----  [OUT]
2020/08/25 02:54:14:945
Linktest.req
00 00 00 0A FF FF 00 00 00 05 00 00 0B D7 

---->>>  [IN ]
2020/08/25 02:54:14:947
Linktest.rsp
00 00 00 0A FF FF 00 00 00 06 00 00 0B D7 

<<<----  [OUT]
2020/08/25 02:54:24:953
Linktest.req
00 00 00 0A FF FF 00 00 00 05 00 00 0B D8 

---->>>  [IN ]
2020/08/25 02:54:24:954
Linktest.rsp
00 00 00 0A FF FF 00 00 00 06 00 00 0B D8 

<<<----  [OUT]
2020/08/25 02:54:34:966
Linktest.req
00 00 00 0A FF FF 00 00 00 05 00 00 0B D9 

---->>>  [IN ]
2020/08/25 02:54:34:967
Linktest.rsp
00 00 00 0A FF FF 00 00 00 06 00 00 0B D9 

---->>>  [IN ]
2020/08/25 02:54:42:075
Linktest.req
00 00 00 0A FF FF 00 00 00 05 80 00 02 F9 

<<<----  [OUT]
2020/08/25 02:54:42:075
Linktest.rsp
00 00 00 0A FF FF 00 00 00 06 80 00 02 F9 

<<<----  [OUT]
2020/08/25 02:54:44:974
Linktest.req
00 00 00 0A FF FF 00 00 00 05 00 00 0B DA 

---->>>  [IN ]
2020/08/25 02:54:44:975
Linktest.rsp
00 00 00 0A FF FF 00 00 00 06 00 00 0B DA 

<<<----  [OUT]
2020/08/25 02:54:54:986
Linktest.req
00 00 00 0A FF FF 00 00 00 05 00 00 0B DB 

---->>>  [IN ]
2020/08/25 02:54:54:987
Linktest.rsp
00 00 00 0A FF FF 00 00 00 06 00 00 0B DB 

<<<----  [OUT]
2020/08/25 02:55:04:996
Linktest.req
00 00 00 0A FF FF 00 00 00 05 00 00 0B DC 

---->>>  [IN ]
2020/08/25 02:55:04:997
Linktest.rsp
00 00 00 0A FF FF 00 00 00 06 00 00 0B DC 

<<<----  [OUT]
2020/08/25 02:55:15:009
Linktest.req
00 00 00 0A FF FF 00 00 00 05 00 00 0B DD 

---->>>  [IN ]
2020/08/25 02:55:15:010
Linktest.rsp
00 00 00 0A FF FF 00 00 00 06 00 00 0B DD 

<<<----  [OUT]
2020/08/25 02:55:25:016
Linktest.req
00 00 00 0A FF FF 00 00 00 05 00 00 0B DE 

---->>>  [IN ]
2020/08/25 02:55:25:017
Linktest.rsp
00 00 00 0A FF FF 00 00 00 06 00 00 0B DE 

<<<----  [OUT]
2020/08/25 02:55:35:030
Linktest.req
00 00 00 0A FF FF 00 00 00 05 00 00 0B DF 

---->>>  [IN ]
2020/08/25 02:55:35:031
Linktest.rsp
00 00 00 0A FF FF 00 00 00 06 00 00 0B DF 

---->>>  [IN ]
2020/08/25 02:55:42:078
Linktest.req
00 00 00 0A FF FF 00 00 00 05 80 00 02 FA 

<<<----  [OUT]
2020/08/25 02:55:42:078
Linktest.rsp
00 00 00 0A FF FF 00 00 00 06 80 00 02 FA 

<<<----  [OUT]
2020/08/25 02:55:45:044
Linktest.req
00 00 00 0A FF FF 00 00 00 05 00 00 0B E0 

---->>>  [IN ]
2020/08/25 02:55:45:045
Linktest.rsp
00 00 00 0A FF FF 00 00 00 06 00 00 0B E0 

<<<----  [OUT]
2020/08/25 02:55:55:061
Linktest.req
00 00 00 0A FF FF 00 00 00 05 00 00 0B E1 

---->>>  [IN ]
2020/08/25 02:55:55:062
Linktest.rsp
00 00 00 0A FF FF 00 00 00 06 00 00 0B E1 

<<<----  [OUT]
2020/08/25 02:56:05:076
Linktest.req
00 00 00 0A FF FF 00 00 00 05 00 00 0B E2 

---->>>  [IN ]
2020/08/25 02:56:05:077
Linktest.rsp
00 00 00 0A FF FF 00 00 00 06 00 00 0B E2 

<<<----  [OUT]
2020/08/25 02:56:15:088
Linktest.req
00 00 00 0A FF FF 00 00 00 05 00 00 0B E3 

---->>>  [IN ]
2020/08/25 02:56:15:089
Linktest.rsp
00 00 00 0A FF FF 00 00 00 06 00 00 0B E3 

<<<----  [OUT]
2020/08/25 02:56:25:102
Linktest.req
00 00 00 0A FF FF 00 00 00 05 00 00 0B E4 

---->>>  [IN ]
2020/08/25 02:56:25:103
Linktest.rsp
00 00 00 0A FF FF 00 00 00 06 00 00 0B E4 

<<<----  [OUT]
2020/08/25 02:56:35:110
Linktest.req
00 00 00 0A FF FF 00 00 00 05 00 00 0B E5 

---->>>  [IN ]
2020/08/25 02:56:35:111
Linktest.rsp
00 00 00 0A FF FF 00 00 00 06 00 00 0B E5 

---->>>  [IN ]
2020/08/25 02:56:42:072
Linktest.req
00 00 00 0A FF FF 00 00 00 05 80 00 02 FB 

<<<----  [OUT]
2020/08/25 02:56:42:072
Linktest.rsp
00 00 00 0A FF FF 00 00 00 06 80 00 02 FB 

<<<----  [OUT]
2020/08/25 02:56:45:117
Linktest.req
00 00 00 0A FF FF 00 00 00 05 00 00 0B E6 

---->>>  [IN ]
2020/08/25 02:56:45:118
Linktest.rsp
00 00 00 0A FF FF 00 00 00 06 00 00 0B E6 

<<<----  [OUT]
2020/08/25 02:56:55:133
Linktest.req
00 00 00 0A FF FF 00 00 00 05 00 00 0B E7 

---->>>  [IN ]
2020/08/25 02:56:55:134
Linktest.rsp
00 00 00 0A FF FF 00 00 00 06 00 00 0B E7 

<<<----  [OUT]
2020/08/25 02:57:05:153
Linktest.req
00 00 00 0A FF FF 00 00 00 05 00 00 0B E8 

---->>>  [IN ]
2020/08/25 02:57:05:154
Linktest.rsp
00 00 00 0A FF FF 00 00 00 06 00 00 0B E8 

<<<----  [OUT]
2020/08/25 02:57:15:170
Linktest.req
00 00 00 0A FF FF 00 00 00 05 00 00 0B E9 

---->>>  [IN ]
2020/08/25 02:57:15:171
Linktest.rsp
00 00 00 0A FF FF 00 00 00 06 00 00 0B E9 

<<<----  [OUT]
2020/08/25 02:57:25:184
Linktest.req
00 00 00 0A FF FF 00 00 00 05 00 00 0B EA 

---->>>  [IN ]
2020/08/25 02:57:25:185
Linktest.rsp
00 00 00 0A FF FF 00 00 00 06 00 00 0B EA 

<<<----  [OUT]
2020/08/25 02:57:35:195
Linktest.req
00 00 00 0A FF FF 00 00 00 05 00 00 0B EB 

---->>>  [IN ]
2020/08/25 02:57:35:196
Linktest.rsp
00 00 00 0A FF FF 00 00 00 06 00 00 0B EB 

---->>>  [IN ]
2020/08/25 02:57:42:073
Linktest.req
00 00 00 0A FF FF 00 00 00 05 80 00 02 FC 

<<<----  [OUT]
2020/08/25 02:57:42:073
Linktest.rsp
00 00 00 0A FF FF 00 00 00 06 80 00 02 FC 

<<<----  [OUT]
2020/08/25 02:57:45:209
Linktest.req
00 00 00 0A FF FF 00 00 00 05 00 00 0B EC 

---->>>  [IN ]
2020/08/25 02:57:45:210
Linktest.rsp
00 00 00 0A FF FF 00 00 00 06 00 00 0B EC 

<<<----  [OUT]
2020/08/25 02:57:55:224
Linktest.req
00 00 00 0A FF FF 00 00 00 05 00 00 0B ED 

---->>>  [IN ]
2020/08/25 02:57:55:225
Linktest.rsp
00 00 00 0A FF FF 00 00 00 06 00 00 0B ED 

<<<----  [OUT]
2020/08/25 02:58:05:245
Linktest.req
00 00 00 0A FF FF 00 00 00 05 00 00 0B EE 

---->>>  [IN ]
2020/08/25 02:58:05:246
Linktest.rsp
00 00 00 0A FF FF 00 00 00 06 00 00 0B EE 

<<<----  [OUT]
2020/08/25 02:58:15:259
Linktest.req
00 00 00 0A FF FF 00 00 00 05 00 00 0B EF 

---->>>  [IN ]
2020/08/25 02:58:15:260
Linktest.rsp
00 00 00 0A FF FF 00 00 00 06 00 00 0B EF 

<<<----  [OUT]
2020/08/25 02:58:25:275
Linktest.req
00 00 00 0A FF FF 00 00 00 05 00 00 0B F0 

---->>>  [IN ]
2020/08/25 02:58:25:276
Linktest.rsp
00 00 00 0A FF FF 00 00 00 06 00 00 0B F0 

<<<----  [OUT]
2020/08/25 02:58:35:288
Linktest.req
00 00 00 0A FF FF 00 00 00 05 00 00 0B F1 

---->>>  [IN ]
2020/08/25 02:58:35:289
Linktest.rsp
00 00 00 0A FF FF 00 00 00 06 00 00 0B F1 

---->>>  [IN ]
2020/08/25 02:58:42:076
Linktest.req
00 00 00 0A FF FF 00 00 00 05 80 00 02 FD 

<<<----  [OUT]
2020/08/25 02:58:42:076
Linktest.rsp
00 00 00 0A FF FF 00 00 00 06 80 00 02 FD 

<<<----  [OUT]
2020/08/25 02:58:45:301
Linktest.req
00 00 00 0A FF FF 00 00 00 05 00 00 0B F2 

---->>>  [IN ]
2020/08/25 02:58:45:302
Linktest.rsp
00 00 00 0A FF FF 00 00 00 06 00 00 0B F2 

<<<----  [OUT]
2020/08/25 02:58:55:316
Linktest.req
00 00 00 0A FF FF 00 00 00 05 00 00 0B F3 

---->>>  [IN ]
2020/08/25 02:58:55:317
Linktest.rsp
00 00 00 0A FF FF 00 00 00 06 00 00 0B F3 

<<<----  [OUT]
2020/08/25 02:59:05:332
Linktest.req
00 00 00 0A FF FF 00 00 00 05 00 00 0B F4 

---->>>  [IN ]
2020/08/25 02:59:05:333
Linktest.rsp
00 00 00 0A FF FF 00 00 00 06 00 00 0B F4 

<<<----  [OUT]
2020/08/25 02:59:15:349
Linktest.req
00 00 00 0A FF FF 00 00 00 05 00 00 0B F5 

---->>>  [IN ]
2020/08/25 02:59:15:350
Linktest.rsp
00 00 00 0A FF FF 00 00 00 06 00 00 0B F5 

<<<----  [OUT]
2020/08/25 02:59:25:362
Linktest.req
00 00 00 0A FF FF 00 00 00 05 00 00 0B F6 

---->>>  [IN ]
2020/08/25 02:59:25:363
Linktest.rsp
00 00 00 0A FF FF 00 00 00 06 00 00 0B F6 

<<<----  [OUT]
2020/08/25 02:59:35:376
Linktest.req
00 00 00 0A FF FF 00 00 00 05 00 00 0B F7 

---->>>  [IN ]
2020/08/25 02:59:35:377
Linktest.rsp
00 00 00 0A FF FF 00 00 00 06 00 00 0B F7 

---->>>  [IN ]
2020/08/25 02:59:42:076
Linktest.req
00 00 00 0A FF FF 00 00 00 05 80 00 02 FE 

<<<----  [OUT]
2020/08/25 02:59:42:076
Linktest.rsp
00 00 00 0A FF FF 00 00 00 06 80 00 02 FE 

<<<----  [OUT]
2020/08/25 02:59:45:393
Linktest.req
00 00 00 0A FF FF 00 00 00 05 00 00 0B F8 

---->>>  [IN ]
2020/08/25 02:59:45:394
Linktest.rsp
00 00 00 0A FF FF 00 00 00 06 00 00 0B F8 

<<<----  [OUT]
2020/08/25 02:59:55:408
Linktest.req
00 00 00 0A FF FF 00 00 00 05 00 00 0B F9 

---->>>  [IN ]
2020/08/25 02:59:55:409
Linktest.rsp
00 00 00 0A FF FF 00 00 00 06 00 00 0B F9 
