
<<<----  [OUT]
2020/08/25 05:00:05:526
Linktest.req
00 00 00 0A FF FF 00 00 00 05 00 00 0E C9 

---->>>  [IN ]
2020/08/25 05:00:05:527
Linktest.rsp
00 00 00 0A FF FF 00 00 00 06 00 00 0E C9 

<<<----  [OUT]
2020/08/25 05:00:15:541
Linktest.req
00 00 00 0A FF FF 00 00 00 05 00 00 0E CA 

---->>>  [IN ]
2020/08/25 05:00:15:542
Linktest.rsp
00 00 00 0A FF FF 00 00 00 06 00 00 0E CA 

<<<----  [OUT]
2020/08/25 05:00:25:556
Linktest.req
00 00 00 0A FF FF 00 00 00 05 00 00 0E CB 

---->>>  [IN ]
2020/08/25 05:00:25:557
Linktest.rsp
00 00 00 0A FF FF 00 00 00 06 00 00 0E CB 

<<<----  [OUT]
2020/08/25 05:00:35:566
Linktest.req
00 00 00 0A FF FF 00 00 00 05 00 00 0E CC 

---->>>  [IN ]
2020/08/25 05:00:35:567
Linktest.rsp
00 00 00 0A FF FF 00 00 00 06 00 00 0E CC 

---->>>  [IN ]
2020/08/25 05:00:42:101
Linktest.req
00 00 00 0A FF FF 00 00 00 05 80 00 03 77 

<<<----  [OUT]
2020/08/25 05:00:42:101
Linktest.rsp
00 00 00 0A FF FF 00 00 00 06 80 00 03 77 

<<<----  [OUT]
2020/08/25 05:00:45:580
Linktest.req
00 00 00 0A FF FF 00 00 00 05 00 00 0E CD 

---->>>  [IN ]
2020/08/25 05:00:45:581
Linktest.rsp
00 00 00 0A FF FF 00 00 00 06 00 00 0E CD 

<<<----  [OUT]
2020/08/25 05:00:55:588
Linktest.req
00 00 00 0A FF FF 00 00 00 05 00 00 0E CE 

---->>>  [IN ]
2020/08/25 05:00:55:589
Linktest.rsp
00 00 00 0A FF FF 00 00 00 06 00 00 0E CE 

<<<----  [OUT]
2020/08/25 05:01:05:599
Linktest.req
00 00 00 0A FF FF 00 00 00 05 00 00 0E CF 

---->>>  [IN ]
2020/08/25 05:01:05:600
Linktest.rsp
00 00 00 0A FF FF 00 00 00 06 00 00 0E CF 

<<<----  [OUT]
2020/08/25 05:01:15:603
Linktest.req
00 00 00 0A FF FF 00 00 00 05 00 00 0E D0 

---->>>  [IN ]
2020/08/25 05:01:15:604
Linktest.rsp
00 00 00 0A FF FF 00 00 00 06 00 00 0E D0 

<<<----  [OUT]
2020/08/25 05:01:25:620
Linktest.req
00 00 00 0A FF FF 00 00 00 05 00 00 0E D1 

---->>>  [IN ]
2020/08/25 05:01:25:621
Linktest.rsp
00 00 00 0A FF FF 00 00 00 06 00 00 0E D1 

<<<----  [OUT]
2020/08/25 05:01:35:630
Linktest.req
00 00 00 0A FF FF 00 00 00 05 00 00 0E D2 

---->>>  [IN ]
2020/08/25 05:01:35:631
Linktest.rsp
00 00 00 0A FF FF 00 00 00 06 00 00 0E D2 

---->>>  [IN ]
2020/08/25 05:01:42:099
Linktest.req
00 00 00 0A FF FF 00 00 00 05 80 00 03 78 

<<<----  [OUT]
2020/08/25 05:01:42:099
Linktest.rsp
00 00 00 0A FF FF 00 00 00 06 80 00 03 78 

<<<----  [OUT]
2020/08/25 05:01:45:639
Linktest.req
00 00 00 0A FF FF 00 00 00 05 00 00 0E D3 

---->>>  [IN ]
2020/08/25 05:01:45:640
Linktest.rsp
00 00 00 0A FF FF 00 00 00 06 00 00 0E D3 

<<<----  [OUT]
2020/08/25 05:01:55:652
Linktest.req
00 00 00 0A FF FF 00 00 00 05 00 00 0E D4 

---->>>  [IN ]
2020/08/25 05:01:55:653
Linktest.rsp
00 00 00 0A FF FF 00 00 00 06 00 00 0E D4 

<<<----  [OUT]
2020/08/25 05:02:05:659
Linktest.req
00 00 00 0A FF FF 00 00 00 05 00 00 0E D5 

---->>>  [IN ]
2020/08/25 05:02:05:660
Linktest.rsp
00 00 00 0A FF FF 00 00 00 06 00 00 0E D5 

<<<----  [OUT]
2020/08/25 05:02:15:671
Linktest.req
00 00 00 0A FF FF 00 00 00 05 00 00 0E D6 

---->>>  [IN ]
2020/08/25 05:02:15:671
Linktest.rsp
00 00 00 0A FF FF 00 00 00 06 00 00 0E D6 

<<<----  [OUT]
2020/08/25 05:02:25:686
Linktest.req
00 00 00 0A FF FF 00 00 00 05 00 00 0E D7 

---->>>  [IN ]
2020/08/25 05:02:25:687
Linktest.rsp
00 00 00 0A FF FF 00 00 00 06 00 00 0E D7 

<<<----  [OUT]
2020/08/25 05:02:35:702
Linktest.req
00 00 00 0A FF FF 00 00 00 05 00 00 0E D8 

---->>>  [IN ]
2020/08/25 05:02:35:703
Linktest.rsp
00 00 00 0A FF FF 00 00 00 06 00 00 0E D8 

---->>>  [IN ]
2020/08/25 05:02:42:102
Linktest.req
00 00 00 0A FF FF 00 00 00 05 80 00 03 79 

<<<----  [OUT]
2020/08/25 05:02:42:102
Linktest.rsp
00 00 00 0A FF FF 00 00 00 06 80 00 03 79 

<<<----  [OUT]
2020/08/25 05:02:45:717
Linktest.req
00 00 00 0A FF FF 00 00 00 05 00 00 0E D9 

---->>>  [IN ]
2020/08/25 05:02:45:718
Linktest.rsp
00 00 00 0A FF FF 00 00 00 06 00 00 0E D9 

<<<----  [OUT]
2020/08/25 05:02:55:733
Linktest.req
00 00 00 0A FF FF 00 00 00 05 00 00 0E DA 

---->>>  [IN ]
2020/08/25 05:02:55:734
Linktest.rsp
00 00 00 0A FF FF 00 00 00 06 00 00 0E DA 

<<<----  [OUT]
2020/08/25 05:03:05:750
Linktest.req
00 00 00 0A FF FF 00 00 00 05 00 00 0E DB 

---->>>  [IN ]
2020/08/25 05:03:05:751
Linktest.rsp
00 00 00 0A FF FF 00 00 00 06 00 00 0E DB 

<<<----  [OUT]
2020/08/25 05:03:15:765
Linktest.req
00 00 00 0A FF FF 00 00 00 05 00 00 0E DC 

---->>>  [IN ]
2020/08/25 05:03:15:766
Linktest.rsp
00 00 00 0A FF FF 00 00 00 06 00 00 0E DC 

<<<----  [OUT]
2020/08/25 05:03:25:774
Linktest.req
00 00 00 0A FF FF 00 00 00 05 00 00 0E DD 

---->>>  [IN ]
2020/08/25 05:03:25:775
Linktest.rsp
00 00 00 0A FF FF 00 00 00 06 00 00 0E DD 

<<<----  [OUT]
2020/08/25 05:03:35:783
Linktest.req
00 00 00 0A FF FF 00 00 00 05 00 00 0E DE 

---->>>  [IN ]
2020/08/25 05:03:35:784
Linktest.rsp
00 00 00 0A FF FF 00 00 00 06 00 00 0E DE 

---->>>  [IN ]
2020/08/25 05:03:42:104
Linktest.req
00 00 00 0A FF FF 00 00 00 05 80 00 03 7A 

<<<----  [OUT]
2020/08/25 05:03:42:104
Linktest.rsp
00 00 00 0A FF FF 00 00 00 06 80 00 03 7A 

<<<----  [OUT]
2020/08/25 05:03:45:797
Linktest.req
00 00 00 0A FF FF 00 00 00 05 00 00 0E DF 

---->>>  [IN ]
2020/08/25 05:03:45:798
Linktest.rsp
00 00 00 0A FF FF 00 00 00 06 00 00 0E DF 

<<<----  [OUT]
2020/08/25 05:03:55:810
Linktest.req
00 00 00 0A FF FF 00 00 00 05 00 00 0E E0 

---->>>  [IN ]
2020/08/25 05:03:55:811
Linktest.rsp
00 00 00 0A FF FF 00 00 00 06 00 00 0E E0 

<<<----  [OUT]
2020/08/25 05:04:05:822
Linktest.req
00 00 00 0A FF FF 00 00 00 05 00 00 0E E1 

---->>>  [IN ]
2020/08/25 05:04:05:823
Linktest.rsp
00 00 00 0A FF FF 00 00 00 06 00 00 0E E1 

<<<----  [OUT]
2020/08/25 05:04:15:828
Linktest.req
00 00 00 0A FF FF 00 00 00 05 00 00 0E E2 

---->>>  [IN ]
2020/08/25 05:04:15:829
Linktest.rsp
00 00 00 0A FF FF 00 00 00 06 00 00 0E E2 

<<<----  [OUT]
2020/08/25 05:04:25:840
Linktest.req
00 00 00 0A FF FF 00 00 00 05 00 00 0E E3 

---->>>  [IN ]
2020/08/25 05:04:25:841
Linktest.rsp
00 00 00 0A FF FF 00 00 00 06 00 00 0E E3 

<<<----  [OUT]
2020/08/25 05:04:35:845
Linktest.req
00 00 00 0A FF FF 00 00 00 05 00 00 0E E4 

---->>>  [IN ]
2020/08/25 05:04:35:846
Linktest.rsp
00 00 00 0A FF FF 00 00 00 06 00 00 0E E4 

---->>>  [IN ]
2020/08/25 05:04:42:104
Linktest.req
00 00 00 0A FF FF 00 00 00 05 80 00 03 7B 

<<<----  [OUT]
2020/08/25 05:04:42:104
Linktest.rsp
00 00 00 0A FF FF 00 00 00 06 80 00 03 7B 

<<<----  [OUT]
2020/08/25 05:04:45:858
Linktest.req
00 00 00 0A FF FF 00 00 00 05 00 00 0E E5 

---->>>  [IN ]
2020/08/25 05:04:45:858
Linktest.rsp
00 00 00 0A FF FF 00 00 00 06 00 00 0E E5 

<<<----  [OUT]
2020/08/25 05:04:55:872
Linktest.req
00 00 00 0A FF FF 00 00 00 05 00 00 0E E6 

---->>>  [IN ]
2020/08/25 05:04:55:873
Linktest.rsp
00 00 00 0A FF FF 00 00 00 06 00 00 0E E6 

<<<----  [OUT]
2020/08/25 05:05:05:886
Linktest.req
00 00 00 0A FF FF 00 00 00 05 00 00 0E E7 

---->>>  [IN ]
2020/08/25 05:05:05:887
Linktest.rsp
00 00 00 0A FF FF 00 00 00 06 00 00 0E E7 

<<<----  [OUT]
2020/08/25 05:05:15:893
Linktest.req
00 00 00 0A FF FF 00 00 00 05 00 00 0E E8 

---->>>  [IN ]
2020/08/25 05:05:15:894
Linktest.rsp
00 00 00 0A FF FF 00 00 00 06 00 00 0E E8 

<<<----  [OUT]
2020/08/25 05:05:25:907
Linktest.req
00 00 00 0A FF FF 00 00 00 05 00 00 0E E9 

---->>>  [IN ]
2020/08/25 05:05:25:908
Linktest.rsp
00 00 00 0A FF FF 00 00 00 06 00 00 0E E9 

<<<----  [OUT]
2020/08/25 05:05:35:920
Linktest.req
00 00 00 0A FF FF 00 00 00 05 00 00 0E EA 

---->>>  [IN ]
2020/08/25 05:05:35:921
Linktest.rsp
00 00 00 0A FF FF 00 00 00 06 00 00 0E EA 

---->>>  [IN ]
2020/08/25 05:05:42:100
Linktest.req
00 00 00 0A FF FF 00 00 00 05 80 00 03 7C 

<<<----  [OUT]
2020/08/25 05:05:42:100
Linktest.rsp
00 00 00 0A FF FF 00 00 00 06 80 00 03 7C 

<<<----  [OUT]
2020/08/25 05:05:45:936
Linktest.req
00 00 00 0A FF FF 00 00 00 05 00 00 0E EB 

---->>>  [IN ]
2020/08/25 05:05:45:937
Linktest.rsp
00 00 00 0A FF FF 00 00 00 06 00 00 0E EB 

<<<----  [OUT]
2020/08/25 05:05:55:949
Linktest.req
00 00 00 0A FF FF 00 00 00 05 00 00 0E EC 

---->>>  [IN ]
2020/08/25 05:05:55:950
Linktest.rsp
00 00 00 0A FF FF 00 00 00 06 00 00 0E EC 

<<<----  [OUT]
2020/08/25 05:06:05:963
Linktest.req
00 00 00 0A FF FF 00 00 00 05 00 00 0E ED 

---->>>  [IN ]
2020/08/25 05:06:05:964
Linktest.rsp
00 00 00 0A FF FF 00 00 00 06 00 00 0E ED 

<<<----  [OUT]
2020/08/25 05:06:15:973
Linktest.req
00 00 00 0A FF FF 00 00 00 05 00 00 0E EE 

---->>>  [IN ]
2020/08/25 05:06:15:974
Linktest.rsp
00 00 00 0A FF FF 00 00 00 06 00 00 0E EE 

<<<----  [OUT]
2020/08/25 05:06:25:987
Linktest.req
00 00 00 0A FF FF 00 00 00 05 00 00 0E EF 

---->>>  [IN ]
2020/08/25 05:06:25:987
Linktest.rsp
00 00 00 0A FF FF 00 00 00 06 00 00 0E EF 

<<<----  [OUT]
2020/08/25 05:06:35:999
Linktest.req
00 00 00 0A FF FF 00 00 00 05 00 00 0E F0 

---->>>  [IN ]
2020/08/25 05:06:36:000
Linktest.rsp
00 00 00 0A FF FF 00 00 00 06 00 00 0E F0 

---->>>  [IN ]
2020/08/25 05:06:42:103
Linktest.req
00 00 00 0A FF FF 00 00 00 05 80 00 03 7D 

<<<----  [OUT]
2020/08/25 05:06:42:103
Linktest.rsp
00 00 00 0A FF FF 00 00 00 06 80 00 03 7D 

<<<----  [OUT]
2020/08/25 05:06:46:012
Linktest.req
00 00 00 0A FF FF 00 00 00 05 00 00 0E F1 

---->>>  [IN ]
2020/08/25 05:06:46:013
Linktest.rsp
00 00 00 0A FF FF 00 00 00 06 00 00 0E F1 

<<<----  [OUT]
2020/08/25 05:06:56:028
Linktest.req
00 00 00 0A FF FF 00 00 00 05 00 00 0E F2 

---->>>  [IN ]
2020/08/25 05:06:56:029
Linktest.rsp
00 00 00 0A FF FF 00 00 00 06 00 00 0E F2 

<<<----  [OUT]
2020/08/25 05:07:06:041
Linktest.req
00 00 00 0A FF FF 00 00 00 05 00 00 0E F3 

---->>>  [IN ]
2020/08/25 05:07:06:042
Linktest.rsp
00 00 00 0A FF FF 00 00 00 06 00 00 0E F3 

<<<----  [OUT]
2020/08/25 05:07:16:059
Linktest.req
00 00 00 0A FF FF 00 00 00 05 00 00 0E F4 

---->>>  [IN ]
2020/08/25 05:07:16:060
Linktest.rsp
00 00 00 0A FF FF 00 00 00 06 00 00 0E F4 

<<<----  [OUT]
2020/08/25 05:07:26:073
Linktest.req
00 00 00 0A FF FF 00 00 00 05 00 00 0E F5 

---->>>  [IN ]
2020/08/25 05:07:26:074
Linktest.rsp
00 00 00 0A FF FF 00 00 00 06 00 00 0E F5 

<<<----  [OUT]
2020/08/25 05:07:36:090
Linktest.req
00 00 00 0A FF FF 00 00 00 05 00 00 0E F6 

---->>>  [IN ]
2020/08/25 05:07:36:091
Linktest.rsp
00 00 00 0A FF FF 00 00 00 06 00 00 0E F6 

---->>>  [IN ]
2020/08/25 05:07:42:100
Linktest.req
00 00 00 0A FF FF 00 00 00 05 80 00 03 7E 

<<<----  [OUT]
2020/08/25 05:07:42:100
Linktest.rsp
00 00 00 0A FF FF 00 00 00 06 80 00 03 7E 

<<<----  [OUT]
2020/08/25 05:07:46:110
Linktest.req
00 00 00 0A FF FF 00 00 00 05 00 00 0E F7 

---->>>  [IN ]
2020/08/25 05:07:46:111
Linktest.rsp
00 00 00 0A FF FF 00 00 00 06 00 00 0E F7 

<<<----  [OUT]
2020/08/25 05:07:56:128
Linktest.req
00 00 00 0A FF FF 00 00 00 05 00 00 0E F8 

---->>>  [IN ]
2020/08/25 05:07:56:129
Linktest.rsp
00 00 00 0A FF FF 00 00 00 06 00 00 0E F8 

<<<----  [OUT]
2020/08/25 05:08:06:139
Linktest.req
00 00 00 0A FF FF 00 00 00 05 00 00 0E F9 

---->>>  [IN ]
2020/08/25 05:08:06:139
Linktest.rsp
00 00 00 0A FF FF 00 00 00 06 00 00 0E F9 

<<<----  [OUT]
2020/08/25 05:08:16:152
Linktest.req
00 00 00 0A FF FF 00 00 00 05 00 00 0E FA 

---->>>  [IN ]
2020/08/25 05:08:16:153
Linktest.rsp
00 00 00 0A FF FF 00 00 00 06 00 00 0E FA 

<<<----  [OUT]
2020/08/25 05:08:26:164
Linktest.req
00 00 00 0A FF FF 00 00 00 05 00 00 0E FB 

---->>>  [IN ]
2020/08/25 05:08:26:165
Linktest.rsp
00 00 00 0A FF FF 00 00 00 06 00 00 0E FB 

<<<----  [OUT]
2020/08/25 05:08:36:182
Linktest.req
00 00 00 0A FF FF 00 00 00 05 00 00 0E FC 

---->>>  [IN ]
2020/08/25 05:08:36:182
Linktest.rsp
00 00 00 0A FF FF 00 00 00 06 00 00 0E FC 

---->>>  [IN ]
2020/08/25 05:08:42:105
Linktest.req
00 00 00 0A FF FF 00 00 00 05 80 00 03 7F 

<<<----  [OUT]
2020/08/25 05:08:42:105
Linktest.rsp
00 00 00 0A FF FF 00 00 00 06 80 00 03 7F 

<<<----  [OUT]
2020/08/25 05:08:46:198
Linktest.req
00 00 00 0A FF FF 00 00 00 05 00 00 0E FD 

---->>>  [IN ]
2020/08/25 05:08:46:199
Linktest.rsp
00 00 00 0A FF FF 00 00 00 06 00 00 0E FD 

<<<----  [OUT]
2020/08/25 05:08:56:214
Linktest.req
00 00 00 0A FF FF 00 00 00 05 00 00 0E FE 

---->>>  [IN ]
2020/08/25 05:08:56:215
Linktest.rsp
00 00 00 0A FF FF 00 00 00 06 00 00 0E FE 

<<<----  [OUT]
2020/08/25 05:09:06:225
Linktest.req
00 00 00 0A FF FF 00 00 00 05 00 00 0E FF 

---->>>  [IN ]
2020/08/25 05:09:06:226
Linktest.rsp
00 00 00 0A FF FF 00 00 00 06 00 00 0E FF 

<<<----  [OUT]
2020/08/25 05:09:16:242
Linktest.req
00 00 00 0A FF FF 00 00 00 05 00 00 0F 00 

---->>>  [IN ]
2020/08/25 05:09:16:243
Linktest.rsp
00 00 00 0A FF FF 00 00 00 06 00 00 0F 00 

<<<----  [OUT]
2020/08/25 05:09:26:256
Linktest.req
00 00 00 0A FF FF 00 00 00 05 00 00 0F 01 

---->>>  [IN ]
2020/08/25 05:09:26:257
Linktest.rsp
00 00 00 0A FF FF 00 00 00 06 00 00 0F 01 

<<<----  [OUT]
2020/08/25 05:09:36:268
Linktest.req
00 00 00 0A FF FF 00 00 00 05 00 00 0F 02 

---->>>  [IN ]
2020/08/25 05:09:36:269
Linktest.rsp
00 00 00 0A FF FF 00 00 00 06 00 00 0F 02 

---->>>  [IN ]
2020/08/25 05:09:42:100
Linktest.req
00 00 00 0A FF FF 00 00 00 05 80 00 03 80 

<<<----  [OUT]
2020/08/25 05:09:42:100
Linktest.rsp
00 00 00 0A FF FF 00 00 00 06 80 00 03 80 

<<<----  [OUT]
2020/08/25 05:09:46:281
Linktest.req
00 00 00 0A FF FF 00 00 00 05 00 00 0F 03 

---->>>  [IN ]
2020/08/25 05:09:46:282
Linktest.rsp
00 00 00 0A FF FF 00 00 00 06 00 00 0F 03 

<<<----  [OUT]
2020/08/25 05:09:56:294
Linktest.req
00 00 00 0A FF FF 00 00 00 05 00 00 0F 04 

---->>>  [IN ]
2020/08/25 05:09:56:295
Linktest.rsp
00 00 00 0A FF FF 00 00 00 06 00 00 0F 04 

<<<----  [OUT]
2020/08/25 05:10:06:305
Linktest.req
00 00 00 0A FF FF 00 00 00 05 00 00 0F 05 

---->>>  [IN ]
2020/08/25 05:10:06:306
Linktest.rsp
00 00 00 0A FF FF 00 00 00 06 00 00 0F 05 

<<<----  [OUT]
2020/08/25 05:10:16:317
Linktest.req
00 00 00 0A FF FF 00 00 00 05 00 00 0F 06 

---->>>  [IN ]
2020/08/25 05:10:16:317
Linktest.rsp
00 00 00 0A FF FF 00 00 00 06 00 00 0F 06 

<<<----  [OUT]
2020/08/25 05:10:26:331
Linktest.req
00 00 00 0A FF FF 00 00 00 05 00 00 0F 07 

---->>>  [IN ]
2020/08/25 05:10:26:332
Linktest.rsp
00 00 00 0A FF FF 00 00 00 06 00 00 0F 07 

<<<----  [OUT]
2020/08/25 05:10:36:340
Linktest.req
00 00 00 0A FF FF 00 00 00 05 00 00 0F 08 

---->>>  [IN ]
2020/08/25 05:10:36:340
Linktest.rsp
00 00 00 0A FF FF 00 00 00 06 00 00 0F 08 

---->>>  [IN ]
2020/08/25 05:10:42:104
Linktest.req
00 00 00 0A FF FF 00 00 00 05 80 00 03 81 

<<<----  [OUT]
2020/08/25 05:10:42:104
Linktest.rsp
00 00 00 0A FF FF 00 00 00 06 80 00 03 81 

<<<----  [OUT]
2020/08/25 05:10:46:351
Linktest.req
00 00 00 0A FF FF 00 00 00 05 00 00 0F 09 

---->>>  [IN ]
2020/08/25 05:10:46:352
Linktest.rsp
00 00 00 0A FF FF 00 00 00 06 00 00 0F 09 

<<<----  [OUT]
2020/08/25 05:10:56:365
Linktest.req
00 00 00 0A FF FF 00 00 00 05 00 00 0F 0A 

---->>>  [IN ]
2020/08/25 05:10:56:366
Linktest.rsp
00 00 00 0A FF FF 00 00 00 06 00 00 0F 0A 

<<<----  [OUT]
2020/08/25 05:11:06:378
Linktest.req
00 00 00 0A FF FF 00 00 00 05 00 00 0F 0B 

---->>>  [IN ]
2020/08/25 05:11:06:379
Linktest.rsp
00 00 00 0A FF FF 00 00 00 06 00 00 0F 0B 

<<<----  [OUT]
2020/08/25 05:11:16:393
Linktest.req
00 00 00 0A FF FF 00 00 00 05 00 00 0F 0C 

---->>>  [IN ]
2020/08/25 05:11:16:394
Linktest.rsp
00 00 00 0A FF FF 00 00 00 06 00 00 0F 0C 

<<<----  [OUT]
2020/08/25 05:11:26:412
Linktest.req
00 00 00 0A FF FF 00 00 00 05 00 00 0F 0D 

---->>>  [IN ]
2020/08/25 05:11:26:413
Linktest.rsp
00 00 00 0A FF FF 00 00 00 06 00 00 0F 0D 

<<<----  [OUT]
2020/08/25 05:11:36:430
Linktest.req
00 00 00 0A FF FF 00 00 00 05 00 00 0F 0E 

---->>>  [IN ]
2020/08/25 05:11:36:431
Linktest.rsp
00 00 00 0A FF FF 00 00 00 06 00 00 0F 0E 

---->>>  [IN ]
2020/08/25 05:11:42:102
Linktest.req
00 00 00 0A FF FF 00 00 00 05 80 00 03 82 

<<<----  [OUT]
2020/08/25 05:11:42:102
Linktest.rsp
00 00 00 0A FF FF 00 00 00 06 80 00 03 82 

<<<----  [OUT]
2020/08/25 05:11:46:443
Linktest.req
00 00 00 0A FF FF 00 00 00 05 00 00 0F 0F 

---->>>  [IN ]
2020/08/25 05:11:46:444
Linktest.rsp
00 00 00 0A FF FF 00 00 00 06 00 00 0F 0F 

<<<----  [OUT]
2020/08/25 05:11:56:452
Linktest.req
00 00 00 0A FF FF 00 00 00 05 00 00 0F 10 

---->>>  [IN ]
2020/08/25 05:11:56:453
Linktest.rsp
00 00 00 0A FF FF 00 00 00 06 00 00 0F 10 

<<<----  [OUT]
2020/08/25 05:12:06:467
Linktest.req
00 00 00 0A FF FF 00 00 00 05 00 00 0F 11 

---->>>  [IN ]
2020/08/25 05:12:06:468
Linktest.rsp
00 00 00 0A FF FF 00 00 00 06 00 00 0F 11 

<<<----  [OUT]
2020/08/25 05:12:16:478
Linktest.req
00 00 00 0A FF FF 00 00 00 05 00 00 0F 12 

---->>>  [IN ]
2020/08/25 05:12:16:479
Linktest.rsp
00 00 00 0A FF FF 00 00 00 06 00 00 0F 12 

<<<----  [OUT]
2020/08/25 05:12:26:496
Linktest.req
00 00 00 0A FF FF 00 00 00 05 00 00 0F 13 

---->>>  [IN ]
2020/08/25 05:12:26:497
Linktest.rsp
00 00 00 0A FF FF 00 00 00 06 00 00 0F 13 

<<<----  [OUT]
2020/08/25 05:12:36:510
Linktest.req
00 00 00 0A FF FF 00 00 00 05 00 00 0F 14 

---->>>  [IN ]
2020/08/25 05:12:36:511
Linktest.rsp
00 00 00 0A FF FF 00 00 00 06 00 00 0F 14 

---->>>  [IN ]
2020/08/25 05:12:42:101
Linktest.req
00 00 00 0A FF FF 00 00 00 05 80 00 03 83 

<<<----  [OUT]
2020/08/25 05:12:42:101
Linktest.rsp
00 00 00 0A FF FF 00 00 00 06 80 00 03 83 

<<<----  [OUT]
2020/08/25 05:12:46:527
Linktest.req
00 00 00 0A FF FF 00 00 00 05 00 00 0F 15 

---->>>  [IN ]
2020/08/25 05:12:46:528
Linktest.rsp
00 00 00 0A FF FF 00 00 00 06 00 00 0F 15 

<<<----  [OUT]
2020/08/25 05:12:56:545
Linktest.req
00 00 00 0A FF FF 00 00 00 05 00 00 0F 16 

---->>>  [IN ]
2020/08/25 05:12:56:546
Linktest.rsp
00 00 00 0A FF FF 00 00 00 06 00 00 0F 16 

<<<----  [OUT]
2020/08/25 05:13:06:561
Linktest.req
00 00 00 0A FF FF 00 00 00 05 00 00 0F 17 

---->>>  [IN ]
2020/08/25 05:13:06:562
Linktest.rsp
00 00 00 0A FF FF 00 00 00 06 00 00 0F 17 

<<<----  [OUT]
2020/08/25 05:13:16:576
Linktest.req
00 00 00 0A FF FF 00 00 00 05 00 00 0F 18 

---->>>  [IN ]
2020/08/25 05:13:16:577
Linktest.rsp
00 00 00 0A FF FF 00 00 00 06 00 00 0F 18 

<<<----  [OUT]
2020/08/25 05:13:26:589
Linktest.req
00 00 00 0A FF FF 00 00 00 05 00 00 0F 19 

---->>>  [IN ]
2020/08/25 05:13:26:590
Linktest.rsp
00 00 00 0A FF FF 00 00 00 06 00 00 0F 19 

<<<----  [OUT]
2020/08/25 05:13:36:606
Linktest.req
00 00 00 0A FF FF 00 00 00 05 00 00 0F 1A 

---->>>  [IN ]
2020/08/25 05:13:36:607
Linktest.rsp
00 00 00 0A FF FF 00 00 00 06 00 00 0F 1A 

---->>>  [IN ]
2020/08/25 05:13:42:099
Linktest.req
00 00 00 0A FF FF 00 00 00 05 80 00 03 84 

<<<----  [OUT]
2020/08/25 05:13:42:099
Linktest.rsp
00 00 00 0A FF FF 00 00 00 06 80 00 03 84 

<<<----  [OUT]
2020/08/25 05:13:46:623
Linktest.req
00 00 00 0A FF FF 00 00 00 05 00 00 0F 1B 

---->>>  [IN ]
2020/08/25 05:13:46:624
Linktest.rsp
00 00 00 0A FF FF 00 00 00 06 00 00 0F 1B 

<<<----  [OUT]
2020/08/25 05:13:56:638
Linktest.req
00 00 00 0A FF FF 00 00 00 05 00 00 0F 1C 

---->>>  [IN ]
2020/08/25 05:13:56:639
Linktest.rsp
00 00 00 0A FF FF 00 00 00 06 00 00 0F 1C 

<<<----  [OUT]
2020/08/25 05:14:06:650
Linktest.req
00 00 00 0A FF FF 00 00 00 05 00 00 0F 1D 

---->>>  [IN ]
2020/08/25 05:14:06:651
Linktest.rsp
00 00 00 0A FF FF 00 00 00 06 00 00 0F 1D 

<<<----  [OUT]
2020/08/25 05:14:16:666
Linktest.req
00 00 00 0A FF FF 00 00 00 05 00 00 0F 1E 

---->>>  [IN ]
2020/08/25 05:14:16:667
Linktest.rsp
00 00 00 0A FF FF 00 00 00 06 00 00 0F 1E 

<<<----  [OUT]
2020/08/25 05:14:26:682
Linktest.req
00 00 00 0A FF FF 00 00 00 05 00 00 0F 1F 

---->>>  [IN ]
2020/08/25 05:14:26:683
Linktest.rsp
00 00 00 0A FF FF 00 00 00 06 00 00 0F 1F 

<<<----  [OUT]
2020/08/25 05:14:36:696
Linktest.req
00 00 00 0A FF FF 00 00 00 05 00 00 0F 20 

---->>>  [IN ]
2020/08/25 05:14:36:697
Linktest.rsp
00 00 00 0A FF FF 00 00 00 06 00 00 0F 20 

---->>>  [IN ]
2020/08/25 05:14:42:099
Linktest.req
00 00 00 0A FF FF 00 00 00 05 80 00 03 85 

<<<----  [OUT]
2020/08/25 05:14:42:099
Linktest.rsp
00 00 00 0A FF FF 00 00 00 06 80 00 03 85 

<<<----  [OUT]
2020/08/25 05:14:46:712
Linktest.req
00 00 00 0A FF FF 00 00 00 05 00 00 0F 21 

---->>>  [IN ]
2020/08/25 05:14:46:713
Linktest.rsp
00 00 00 0A FF FF 00 00 00 06 00 00 0F 21 

<<<----  [OUT]
2020/08/25 05:14:56:726
Linktest.req
00 00 00 0A FF FF 00 00 00 05 00 00 0F 22 

---->>>  [IN ]
2020/08/25 05:14:56:727
Linktest.rsp
00 00 00 0A FF FF 00 00 00 06 00 00 0F 22 

<<<----  [OUT]
2020/08/25 05:15:06:740
Linktest.req
00 00 00 0A FF FF 00 00 00 05 00 00 0F 23 

---->>>  [IN ]
2020/08/25 05:15:06:741
Linktest.rsp
00 00 00 0A FF FF 00 00 00 06 00 00 0F 23 

<<<----  [OUT]
2020/08/25 05:15:16:756
Linktest.req
00 00 00 0A FF FF 00 00 00 05 00 00 0F 24 

---->>>  [IN ]
2020/08/25 05:15:16:757
Linktest.rsp
00 00 00 0A FF FF 00 00 00 06 00 00 0F 24 

<<<----  [OUT]
2020/08/25 05:15:26:767
Linktest.req
00 00 00 0A FF FF 00 00 00 05 00 00 0F 25 

---->>>  [IN ]
2020/08/25 05:15:26:768
Linktest.rsp
00 00 00 0A FF FF 00 00 00 06 00 00 0F 25 

<<<----  [OUT]
2020/08/25 05:15:36:779
Linktest.req
00 00 00 0A FF FF 00 00 00 05 00 00 0F 26 

---->>>  [IN ]
2020/08/25 05:15:36:780
Linktest.rsp
00 00 00 0A FF FF 00 00 00 06 00 00 0F 26 

---->>>  [IN ]
2020/08/25 05:15:42:102
Linktest.req
00 00 00 0A FF FF 00 00 00 05 80 00 03 86 

<<<----  [OUT]
2020/08/25 05:15:42:102
Linktest.rsp
00 00 00 0A FF FF 00 00 00 06 80 00 03 86 

<<<----  [OUT]
2020/08/25 05:15:46:796
Linktest.req
00 00 00 0A FF FF 00 00 00 05 00 00 0F 27 

---->>>  [IN ]
2020/08/25 05:15:46:797
Linktest.rsp
00 00 00 0A FF FF 00 00 00 06 00 00 0F 27 

<<<----  [OUT]
2020/08/25 05:15:56:803
Linktest.req
00 00 00 0A FF FF 00 00 00 05 00 00 0F 28 

---->>>  [IN ]
2020/08/25 05:15:56:804
Linktest.rsp
00 00 00 0A FF FF 00 00 00 06 00 00 0F 28 

<<<----  [OUT]
2020/08/25 05:16:06:818
Linktest.req
00 00 00 0A FF FF 00 00 00 05 00 00 0F 29 

---->>>  [IN ]
2020/08/25 05:16:06:819
Linktest.rsp
00 00 00 0A FF FF 00 00 00 06 00 00 0F 29 

<<<----  [OUT]
2020/08/25 05:16:16:828
Linktest.req
00 00 00 0A FF FF 00 00 00 05 00 00 0F 2A 

---->>>  [IN ]
2020/08/25 05:16:16:829
Linktest.rsp
00 00 00 0A FF FF 00 00 00 06 00 00 0F 2A 

<<<----  [OUT]
2020/08/25 05:16:26:841
Linktest.req
00 00 00 0A FF FF 00 00 00 05 00 00 0F 2B 

---->>>  [IN ]
2020/08/25 05:16:26:842
Linktest.rsp
00 00 00 0A FF FF 00 00 00 06 00 00 0F 2B 

<<<----  [OUT]
2020/08/25 05:16:36:853
Linktest.req
00 00 00 0A FF FF 00 00 00 05 00 00 0F 2C 

---->>>  [IN ]
2020/08/25 05:16:36:854
Linktest.rsp
00 00 00 0A FF FF 00 00 00 06 00 00 0F 2C 

---->>>  [IN ]
2020/08/25 05:16:42:099
Linktest.req
00 00 00 0A FF FF 00 00 00 05 80 00 03 87 

<<<----  [OUT]
2020/08/25 05:16:42:099
Linktest.rsp
00 00 00 0A FF FF 00 00 00 06 80 00 03 87 

<<<----  [OUT]
2020/08/25 05:16:46:857
Linktest.req
00 00 00 0A FF FF 00 00 00 05 00 00 0F 2D 

---->>>  [IN ]
2020/08/25 05:16:46:859
Linktest.rsp
00 00 00 0A FF FF 00 00 00 06 00 00 0F 2D 

<<<----  [OUT]
2020/08/25 05:16:56:881
Linktest.req
00 00 00 0A FF FF 00 00 00 05 00 00 0F 2E 

---->>>  [IN ]
2020/08/25 05:16:56:882
Linktest.rsp
00 00 00 0A FF FF 00 00 00 06 00 00 0F 2E 

<<<----  [OUT]
2020/08/25 05:17:06:899
Linktest.req
00 00 00 0A FF FF 00 00 00 05 00 00 0F 2F 

---->>>  [IN ]
2020/08/25 05:17:06:900
Linktest.rsp
00 00 00 0A FF FF 00 00 00 06 00 00 0F 2F 

<<<----  [OUT]
2020/08/25 05:17:16:918
Linktest.req
00 00 00 0A FF FF 00 00 00 05 00 00 0F 30 

---->>>  [IN ]
2020/08/25 05:17:16:919
Linktest.rsp
00 00 00 0A FF FF 00 00 00 06 00 00 0F 30 

<<<----  [OUT]
2020/08/25 05:17:26:936
Linktest.req
00 00 00 0A FF FF 00 00 00 05 00 00 0F 31 

---->>>  [IN ]
2020/08/25 05:17:26:937
Linktest.rsp
00 00 00 0A FF FF 00 00 00 06 00 00 0F 31 

<<<----  [OUT]
2020/08/25 05:17:36:952
Linktest.req
00 00 00 0A FF FF 00 00 00 05 00 00 0F 32 

---->>>  [IN ]
2020/08/25 05:17:36:953
Linktest.rsp
00 00 00 0A FF FF 00 00 00 06 00 00 0F 32 

---->>>  [IN ]
2020/08/25 05:17:42:100
Linktest.req
00 00 00 0A FF FF 00 00 00 05 80 00 03 88 

<<<----  [OUT]
2020/08/25 05:17:42:100
Linktest.rsp
00 00 00 0A FF FF 00 00 00 06 80 00 03 88 

<<<----  [OUT]
2020/08/25 05:17:46:970
Linktest.req
00 00 00 0A FF FF 00 00 00 05 00 00 0F 33 

---->>>  [IN ]
2020/08/25 05:17:46:971
Linktest.rsp
00 00 00 0A FF FF 00 00 00 06 00 00 0F 33 

<<<----  [OUT]
2020/08/25 05:17:56:987
Linktest.req
00 00 00 0A FF FF 00 00 00 05 00 00 0F 34 

---->>>  [IN ]
2020/08/25 05:17:56:987
Linktest.rsp
00 00 00 0A FF FF 00 00 00 06 00 00 0F 34 

<<<----  [OUT]
2020/08/25 05:18:07:002
Linktest.req
00 00 00 0A FF FF 00 00 00 05 00 00 0F 35 

---->>>  [IN ]
2020/08/25 05:18:07:003
Linktest.rsp
00 00 00 0A FF FF 00 00 00 06 00 00 0F 35 

<<<----  [OUT]
2020/08/25 05:18:17:020
Linktest.req
00 00 00 0A FF FF 00 00 00 05 00 00 0F 36 

---->>>  [IN ]
2020/08/25 05:18:17:021
Linktest.rsp
00 00 00 0A FF FF 00 00 00 06 00 00 0F 36 

<<<----  [OUT]
2020/08/25 05:18:27:037
Linktest.req
00 00 00 0A FF FF 00 00 00 05 00 00 0F 37 

---->>>  [IN ]
2020/08/25 05:18:27:038
Linktest.rsp
00 00 00 0A FF FF 00 00 00 06 00 00 0F 37 

<<<----  [OUT]
2020/08/25 05:18:37:052
Linktest.req
00 00 00 0A FF FF 00 00 00 05 00 00 0F 38 

---->>>  [IN ]
2020/08/25 05:18:37:053
Linktest.rsp
00 00 00 0A FF FF 00 00 00 06 00 00 0F 38 

---->>>  [IN ]
2020/08/25 05:18:42:103
Linktest.req
00 00 00 0A FF FF 00 00 00 05 80 00 03 89 

<<<----  [OUT]
2020/08/25 05:18:42:103
Linktest.rsp
00 00 00 0A FF FF 00 00 00 06 80 00 03 89 

<<<----  [OUT]
2020/08/25 05:18:47:063
Linktest.req
00 00 00 0A FF FF 00 00 00 05 00 00 0F 39 

---->>>  [IN ]
2020/08/25 05:18:47:064
Linktest.rsp
00 00 00 0A FF FF 00 00 00 06 00 00 0F 39 

<<<----  [OUT]
2020/08/25 05:18:57:075
Linktest.req
00 00 00 0A FF FF 00 00 00 05 00 00 0F 3A 

---->>>  [IN ]
2020/08/25 05:18:57:076
Linktest.rsp
00 00 00 0A FF FF 00 00 00 06 00 00 0F 3A 

<<<----  [OUT]
2020/08/25 05:19:07:091
Linktest.req
00 00 00 0A FF FF 00 00 00 05 00 00 0F 3B 

---->>>  [IN ]
2020/08/25 05:19:07:092
Linktest.rsp
00 00 00 0A FF FF 00 00 00 06 00 00 0F 3B 

<<<----  [OUT]
2020/08/25 05:19:17:109
Linktest.req
00 00 00 0A FF FF 00 00 00 05 00 00 0F 3C 

---->>>  [IN ]
2020/08/25 05:19:17:110
Linktest.rsp
00 00 00 0A FF FF 00 00 00 06 00 00 0F 3C 

<<<----  [OUT]
2020/08/25 05:19:27:128
Linktest.req
00 00 00 0A FF FF 00 00 00 05 00 00 0F 3D 

---->>>  [IN ]
2020/08/25 05:19:27:129
Linktest.rsp
00 00 00 0A FF FF 00 00 00 06 00 00 0F 3D 

<<<----  [OUT]
2020/08/25 05:19:37:143
Linktest.req
00 00 00 0A FF FF 00 00 00 05 00 00 0F 3E 

---->>>  [IN ]
2020/08/25 05:19:37:144
Linktest.rsp
00 00 00 0A FF FF 00 00 00 06 00 00 0F 3E 

---->>>  [IN ]
2020/08/25 05:19:42:103
Linktest.req
00 00 00 0A FF FF 00 00 00 05 80 00 03 8A 

<<<----  [OUT]
2020/08/25 05:19:42:103
Linktest.rsp
00 00 00 0A FF FF 00 00 00 06 80 00 03 8A 

<<<----  [OUT]
2020/08/25 05:19:47:159
Linktest.req
00 00 00 0A FF FF 00 00 00 05 00 00 0F 3F 

---->>>  [IN ]
2020/08/25 05:19:47:160
Linktest.rsp
00 00 00 0A FF FF 00 00 00 06 00 00 0F 3F 

<<<----  [OUT]
2020/08/25 05:19:57:170
Linktest.req
00 00 00 0A FF FF 00 00 00 05 00 00 0F 40 

---->>>  [IN ]
2020/08/25 05:19:57:171
Linktest.rsp
00 00 00 0A FF FF 00 00 00 06 00 00 0F 40 

<<<----  [OUT]
2020/08/25 05:20:07:189
Linktest.req
00 00 00 0A FF FF 00 00 00 05 00 00 0F 41 

---->>>  [IN ]
2020/08/25 05:20:07:190
Linktest.rsp
00 00 00 0A FF FF 00 00 00 06 00 00 0F 41 

<<<----  [OUT]
2020/08/25 05:20:17:204
Linktest.req
00 00 00 0A FF FF 00 00 00 05 00 00 0F 42 

---->>>  [IN ]
2020/08/25 05:20:17:205
Linktest.rsp
00 00 00 0A FF FF 00 00 00 06 00 00 0F 42 

<<<----  [OUT]
2020/08/25 05:20:27:218
Linktest.req
00 00 00 0A FF FF 00 00 00 05 00 00 0F 43 

---->>>  [IN ]
2020/08/25 05:20:27:219
Linktest.rsp
00 00 00 0A FF FF 00 00 00 06 00 00 0F 43 

<<<----  [OUT]
2020/08/25 05:20:37:232
Linktest.req
00 00 00 0A FF FF 00 00 00 05 00 00 0F 44 

---->>>  [IN ]
2020/08/25 05:20:37:233
Linktest.rsp
00 00 00 0A FF FF 00 00 00 06 00 00 0F 44 

---->>>  [IN ]
2020/08/25 05:20:42:103
Linktest.req
00 00 00 0A FF FF 00 00 00 05 80 00 03 8B 

<<<----  [OUT]
2020/08/25 05:20:42:103
Linktest.rsp
00 00 00 0A FF FF 00 00 00 06 80 00 03 8B 

<<<----  [OUT]
2020/08/25 05:20:47:248
Linktest.req
00 00 00 0A FF FF 00 00 00 05 00 00 0F 45 

---->>>  [IN ]
2020/08/25 05:20:47:249
Linktest.rsp
00 00 00 0A FF FF 00 00 00 06 00 00 0F 45 

<<<----  [OUT]
2020/08/25 05:20:57:263
Linktest.req
00 00 00 0A FF FF 00 00 00 05 00 00 0F 46 

---->>>  [IN ]
2020/08/25 05:20:57:264
Linktest.rsp
00 00 00 0A FF FF 00 00 00 06 00 00 0F 46 

<<<----  [OUT]
2020/08/25 05:21:07:275
Linktest.req
00 00 00 0A FF FF 00 00 00 05 00 00 0F 47 

---->>>  [IN ]
2020/08/25 05:21:07:276
Linktest.rsp
00 00 00 0A FF FF 00 00 00 06 00 00 0F 47 

<<<----  [OUT]
2020/08/25 05:21:17:287
Linktest.req
00 00 00 0A FF FF 00 00 00 05 00 00 0F 48 

---->>>  [IN ]
2020/08/25 05:21:17:288
Linktest.rsp
00 00 00 0A FF FF 00 00 00 06 00 00 0F 48 

<<<----  [OUT]
2020/08/25 05:21:27:300
Linktest.req
00 00 00 0A FF FF 00 00 00 05 00 00 0F 49 

---->>>  [IN ]
2020/08/25 05:21:27:302
Linktest.rsp
00 00 00 0A FF FF 00 00 00 06 00 00 0F 49 

<<<----  [OUT]
2020/08/25 05:21:37:318
Linktest.req
00 00 00 0A FF FF 00 00 00 05 00 00 0F 4A 

---->>>  [IN ]
2020/08/25 05:21:37:319
Linktest.rsp
00 00 00 0A FF FF 00 00 00 06 00 00 0F 4A 

---->>>  [IN ]
2020/08/25 05:21:42:101
Linktest.req
00 00 00 0A FF FF 00 00 00 05 80 00 03 8C 

<<<----  [OUT]
2020/08/25 05:21:42:101
Linktest.rsp
00 00 00 0A FF FF 00 00 00 06 80 00 03 8C 

<<<----  [OUT]
2020/08/25 05:21:47:331
Linktest.req
00 00 00 0A FF FF 00 00 00 05 00 00 0F 4B 

---->>>  [IN ]
2020/08/25 05:21:47:332
Linktest.rsp
00 00 00 0A FF FF 00 00 00 06 00 00 0F 4B 

<<<----  [OUT]
2020/08/25 05:21:57:346
Linktest.req
00 00 00 0A FF FF 00 00 00 05 00 00 0F 4C 

---->>>  [IN ]
2020/08/25 05:21:57:347
Linktest.rsp
00 00 00 0A FF FF 00 00 00 06 00 00 0F 4C 

<<<----  [OUT]
2020/08/25 05:22:07:359
Linktest.req
00 00 00 0A FF FF 00 00 00 05 00 00 0F 4D 

---->>>  [IN ]
2020/08/25 05:22:07:360
Linktest.rsp
00 00 00 0A FF FF 00 00 00 06 00 00 0F 4D 

<<<----  [OUT]
2020/08/25 05:22:17:379
Linktest.req
00 00 00 0A FF FF 00 00 00 05 00 00 0F 4E 

---->>>  [IN ]
2020/08/25 05:22:17:380
Linktest.rsp
00 00 00 0A FF FF 00 00 00 06 00 00 0F 4E 

<<<----  [OUT]
2020/08/25 05:22:27:367
Linktest.req
00 00 00 0A FF FF 00 00 00 05 00 00 0F 4F 

---->>>  [IN ]
2020/08/25 05:22:27:368
Linktest.rsp
00 00 00 0A FF FF 00 00 00 06 00 00 0F 4F 

<<<----  [OUT]
2020/08/25 05:22:37:384
Linktest.req
00 00 00 0A FF FF 00 00 00 05 00 00 0F 50 

---->>>  [IN ]
2020/08/25 05:22:37:385
Linktest.rsp
00 00 00 0A FF FF 00 00 00 06 00 00 0F 50 

---->>>  [IN ]
2020/08/25 05:22:42:102
Linktest.req
00 00 00 0A FF FF 00 00 00 05 80 00 03 8D 

<<<----  [OUT]
2020/08/25 05:22:42:102
Linktest.rsp
00 00 00 0A FF FF 00 00 00 06 80 00 03 8D 

<<<----  [OUT]
2020/08/25 05:22:47:398
Linktest.req
00 00 00 0A FF FF 00 00 00 05 00 00 0F 51 

---->>>  [IN ]
2020/08/25 05:22:47:399
Linktest.rsp
00 00 00 0A FF FF 00 00 00 06 00 00 0F 51 

<<<----  [OUT]
2020/08/25 05:22:57:411
Linktest.req
00 00 00 0A FF FF 00 00 00 05 00 00 0F 52 

---->>>  [IN ]
2020/08/25 05:22:57:412
Linktest.rsp
00 00 00 0A FF FF 00 00 00 06 00 00 0F 52 

<<<----  [OUT]
2020/08/25 05:23:07:428
Linktest.req
00 00 00 0A FF FF 00 00 00 05 00 00 0F 53 

---->>>  [IN ]
2020/08/25 05:23:07:429
Linktest.rsp
00 00 00 0A FF FF 00 00 00 06 00 00 0F 53 

<<<----  [OUT]
2020/08/25 05:23:17:445
Linktest.req
00 00 00 0A FF FF 00 00 00 05 00 00 0F 54 

---->>>  [IN ]
2020/08/25 05:23:17:446
Linktest.rsp
00 00 00 0A FF FF 00 00 00 06 00 00 0F 54 

<<<----  [OUT]
2020/08/25 05:23:27:458
Linktest.req
00 00 00 0A FF FF 00 00 00 05 00 00 0F 55 

---->>>  [IN ]
2020/08/25 05:23:27:459
Linktest.rsp
00 00 00 0A FF FF 00 00 00 06 00 00 0F 55 

<<<----  [OUT]
2020/08/25 05:23:37:475
Linktest.req
00 00 00 0A FF FF 00 00 00 05 00 00 0F 56 

---->>>  [IN ]
2020/08/25 05:23:37:476
Linktest.rsp
00 00 00 0A FF FF 00 00 00 06 00 00 0F 56 

---->>>  [IN ]
2020/08/25 05:23:42:101
Linktest.req
00 00 00 0A FF FF 00 00 00 05 80 00 03 8E 

<<<----  [OUT]
2020/08/25 05:23:42:101
Linktest.rsp
00 00 00 0A FF FF 00 00 00 06 80 00 03 8E 

<<<----  [OUT]
2020/08/25 05:23:47:492
Linktest.req
00 00 00 0A FF FF 00 00 00 05 00 00 0F 57 

---->>>  [IN ]
2020/08/25 05:23:47:493
Linktest.rsp
00 00 00 0A FF FF 00 00 00 06 00 00 0F 57 

<<<----  [OUT]
2020/08/25 05:23:57:503
Linktest.req
00 00 00 0A FF FF 00 00 00 05 00 00 0F 58 

---->>>  [IN ]
2020/08/25 05:23:57:504
Linktest.rsp
00 00 00 0A FF FF 00 00 00 06 00 00 0F 58 

<<<----  [OUT]
2020/08/25 05:24:07:521
Linktest.req
00 00 00 0A FF FF 00 00 00 05 00 00 0F 59 

---->>>  [IN ]
2020/08/25 05:24:07:522
Linktest.rsp
00 00 00 0A FF FF 00 00 00 06 00 00 0F 59 

<<<----  [OUT]
2020/08/25 05:24:17:533
Linktest.req
00 00 00 0A FF FF 00 00 00 05 00 00 0F 5A 

---->>>  [IN ]
2020/08/25 05:24:17:534
Linktest.rsp
00 00 00 0A FF FF 00 00 00 06 00 00 0F 5A 

<<<----  [OUT]
2020/08/25 05:24:27:545
Linktest.req
00 00 00 0A FF FF 00 00 00 05 00 00 0F 5B 

---->>>  [IN ]
2020/08/25 05:24:27:546
Linktest.rsp
00 00 00 0A FF FF 00 00 00 06 00 00 0F 5B 

<<<----  [OUT]
2020/08/25 05:24:37:558
Linktest.req
00 00 00 0A FF FF 00 00 00 05 00 00 0F 5C 

---->>>  [IN ]
2020/08/25 05:24:37:559
Linktest.rsp
00 00 00 0A FF FF 00 00 00 06 00 00 0F 5C 

---->>>  [IN ]
2020/08/25 05:24:42:099
Linktest.req
00 00 00 0A FF FF 00 00 00 05 80 00 03 8F 

<<<----  [OUT]
2020/08/25 05:24:42:099
Linktest.rsp
00 00 00 0A FF FF 00 00 00 06 80 00 03 8F 

<<<----  [OUT]
2020/08/25 05:24:47:571
Linktest.req
00 00 00 0A FF FF 00 00 00 05 00 00 0F 5D 

---->>>  [IN ]
2020/08/25 05:24:47:572
Linktest.rsp
00 00 00 0A FF FF 00 00 00 06 00 00 0F 5D 

<<<----  [OUT]
2020/08/25 05:24:57:586
Linktest.req
00 00 00 0A FF FF 00 00 00 05 00 00 0F 5E 

---->>>  [IN ]
2020/08/25 05:24:57:587
Linktest.rsp
00 00 00 0A FF FF 00 00 00 06 00 00 0F 5E 

<<<----  [OUT]
2020/08/25 05:25:07:604
Linktest.req
00 00 00 0A FF FF 00 00 00 05 00 00 0F 5F 

---->>>  [IN ]
2020/08/25 05:25:07:605
Linktest.rsp
00 00 00 0A FF FF 00 00 00 06 00 00 0F 5F 

<<<----  [OUT]
2020/08/25 05:25:17:619
Linktest.req
00 00 00 0A FF FF 00 00 00 05 00 00 0F 60 

---->>>  [IN ]
2020/08/25 05:25:17:620
Linktest.rsp
00 00 00 0A FF FF 00 00 00 06 00 00 0F 60 

<<<----  [OUT]
2020/08/25 05:25:27:636
Linktest.req
00 00 00 0A FF FF 00 00 00 05 00 00 0F 61 

---->>>  [IN ]
2020/08/25 05:25:27:637
Linktest.rsp
00 00 00 0A FF FF 00 00 00 06 00 00 0F 61 

<<<----  [OUT]
2020/08/25 05:25:37:655
Linktest.req
00 00 00 0A FF FF 00 00 00 05 00 00 0F 62 

---->>>  [IN ]
2020/08/25 05:25:37:656
Linktest.rsp
00 00 00 0A FF FF 00 00 00 06 00 00 0F 62 

---->>>  [IN ]
2020/08/25 05:25:42:102
Linktest.req
00 00 00 0A FF FF 00 00 00 05 80 00 03 90 

<<<----  [OUT]
2020/08/25 05:25:42:103
Linktest.rsp
00 00 00 0A FF FF 00 00 00 06 80 00 03 90 

<<<----  [OUT]
2020/08/25 05:25:47:672
Linktest.req
00 00 00 0A FF FF 00 00 00 05 00 00 0F 63 

---->>>  [IN ]
2020/08/25 05:25:47:673
Linktest.rsp
00 00 00 0A FF FF 00 00 00 06 00 00 0F 63 

<<<----  [OUT]
2020/08/25 05:25:57:691
Linktest.req
00 00 00 0A FF FF 00 00 00 05 00 00 0F 64 

---->>>  [IN ]
2020/08/25 05:25:57:692
Linktest.rsp
00 00 00 0A FF FF 00 00 00 06 00 00 0F 64 

<<<----  [OUT]
2020/08/25 05:26:07:704
Linktest.req
00 00 00 0A FF FF 00 00 00 05 00 00 0F 65 

---->>>  [IN ]
2020/08/25 05:26:07:705
Linktest.rsp
00 00 00 0A FF FF 00 00 00 06 00 00 0F 65 

<<<----  [OUT]
2020/08/25 05:26:17:721
Linktest.req
00 00 00 0A FF FF 00 00 00 05 00 00 0F 66 

---->>>  [IN ]
2020/08/25 05:26:17:722
Linktest.rsp
00 00 00 0A FF FF 00 00 00 06 00 00 0F 66 

<<<----  [OUT]
2020/08/25 05:26:27:737
Linktest.req
00 00 00 0A FF FF 00 00 00 05 00 00 0F 67 

---->>>  [IN ]
2020/08/25 05:26:27:737
Linktest.rsp
00 00 00 0A FF FF 00 00 00 06 00 00 0F 67 

<<<----  [OUT]
2020/08/25 05:26:37:753
Linktest.req
00 00 00 0A FF FF 00 00 00 05 00 00 0F 68 

---->>>  [IN ]
2020/08/25 05:26:37:754
Linktest.rsp
00 00 00 0A FF FF 00 00 00 06 00 00 0F 68 

---->>>  [IN ]
2020/08/25 05:26:42:101
Linktest.req
00 00 00 0A FF FF 00 00 00 05 80 00 03 91 

<<<----  [OUT]
2020/08/25 05:26:42:101
Linktest.rsp
00 00 00 0A FF FF 00 00 00 06 80 00 03 91 

<<<----  [OUT]
2020/08/25 05:26:47:742
Linktest.req
00 00 00 0A FF FF 00 00 00 05 00 00 0F 69 

---->>>  [IN ]
2020/08/25 05:26:47:743
Linktest.rsp
00 00 00 0A FF FF 00 00 00 06 00 00 0F 69 

<<<----  [OUT]
2020/08/25 05:26:57:760
Linktest.req
00 00 00 0A FF FF 00 00 00 05 00 00 0F 6A 

---->>>  [IN ]
2020/08/25 05:26:57:761
Linktest.rsp
00 00 00 0A FF FF 00 00 00 06 00 00 0F 6A 

<<<----  [OUT]
2020/08/25 05:27:07:777
Linktest.req
00 00 00 0A FF FF 00 00 00 05 00 00 0F 6B 

---->>>  [IN ]
2020/08/25 05:27:07:778
Linktest.rsp
00 00 00 0A FF FF 00 00 00 06 00 00 0F 6B 

<<<----  [OUT]
2020/08/25 05:27:17:793
Linktest.req
00 00 00 0A FF FF 00 00 00 05 00 00 0F 6C 

---->>>  [IN ]
2020/08/25 05:27:17:794
Linktest.rsp
00 00 00 0A FF FF 00 00 00 06 00 00 0F 6C 

<<<----  [OUT]
2020/08/25 05:27:27:806
Linktest.req
00 00 00 0A FF FF 00 00 00 05 00 00 0F 6D 

---->>>  [IN ]
2020/08/25 05:27:27:807
Linktest.rsp
00 00 00 0A FF FF 00 00 00 06 00 00 0F 6D 

<<<----  [OUT]
2020/08/25 05:27:37:822
Linktest.req
00 00 00 0A FF FF 00 00 00 05 00 00 0F 6E 

---->>>  [IN ]
2020/08/25 05:27:37:823
Linktest.rsp
00 00 00 0A FF FF 00 00 00 06 00 00 0F 6E 

---->>>  [IN ]
2020/08/25 05:27:42:102
Linktest.req
00 00 00 0A FF FF 00 00 00 05 80 00 03 92 

<<<----  [OUT]
2020/08/25 05:27:42:102
Linktest.rsp
00 00 00 0A FF FF 00 00 00 06 80 00 03 92 

<<<----  [OUT]
2020/08/25 05:27:47:840
Linktest.req
00 00 00 0A FF FF 00 00 00 05 00 00 0F 6F 

---->>>  [IN ]
2020/08/25 05:27:47:841
Linktest.rsp
00 00 00 0A FF FF 00 00 00 06 00 00 0F 6F 

<<<----  [OUT]
2020/08/25 05:27:57:853
Linktest.req
00 00 00 0A FF FF 00 00 00 05 00 00 0F 70 

---->>>  [IN ]
2020/08/25 05:27:57:854
Linktest.rsp
00 00 00 0A FF FF 00 00 00 06 00 00 0F 70 

<<<----  [OUT]
2020/08/25 05:28:07:872
Linktest.req
00 00 00 0A FF FF 00 00 00 05 00 00 0F 71 

---->>>  [IN ]
2020/08/25 05:28:07:873
Linktest.rsp
00 00 00 0A FF FF 00 00 00 06 00 00 0F 71 

<<<----  [OUT]
2020/08/25 05:28:17:888
Linktest.req
00 00 00 0A FF FF 00 00 00 05 00 00 0F 72 

---->>>  [IN ]
2020/08/25 05:28:17:888
Linktest.rsp
00 00 00 0A FF FF 00 00 00 06 00 00 0F 72 

<<<----  [OUT]
2020/08/25 05:28:27:906
Linktest.req
00 00 00 0A FF FF 00 00 00 05 00 00 0F 73 

---->>>  [IN ]
2020/08/25 05:28:27:907
Linktest.rsp
00 00 00 0A FF FF 00 00 00 06 00 00 0F 73 

<<<----  [OUT]
2020/08/25 05:28:37:924
Linktest.req
00 00 00 0A FF FF 00 00 00 05 00 00 0F 74 

---->>>  [IN ]
2020/08/25 05:28:37:925
Linktest.rsp
00 00 00 0A FF FF 00 00 00 06 00 00 0F 74 

---->>>  [IN ]
2020/08/25 05:28:42:103
Linktest.req
00 00 00 0A FF FF 00 00 00 05 80 00 03 93 

<<<----  [OUT]
2020/08/25 05:28:42:103
Linktest.rsp
00 00 00 0A FF FF 00 00 00 06 80 00 03 93 

<<<----  [OUT]
2020/08/25 05:28:47:938
Linktest.req
00 00 00 0A FF FF 00 00 00 05 00 00 0F 75 

---->>>  [IN ]
2020/08/25 05:28:47:939
Linktest.rsp
00 00 00 0A FF FF 00 00 00 06 00 00 0F 75 

<<<----  [OUT]
2020/08/25 05:28:57:952
Linktest.req
00 00 00 0A FF FF 00 00 00 05 00 00 0F 76 

---->>>  [IN ]
2020/08/25 05:28:57:953
Linktest.rsp
00 00 00 0A FF FF 00 00 00 06 00 00 0F 76 

<<<----  [OUT]
2020/08/25 05:29:07:968
Linktest.req
00 00 00 0A FF FF 00 00 00 05 00 00 0F 77 

---->>>  [IN ]
2020/08/25 05:29:07:969
Linktest.rsp
00 00 00 0A FF FF 00 00 00 06 00 00 0F 77 

<<<----  [OUT]
2020/08/25 05:29:17:985
Linktest.req
00 00 00 0A FF FF 00 00 00 05 00 00 0F 78 

---->>>  [IN ]
2020/08/25 05:29:17:986
Linktest.rsp
00 00 00 0A FF FF 00 00 00 06 00 00 0F 78 

<<<----  [OUT]
2020/08/25 05:29:28:003
Linktest.req
00 00 00 0A FF FF 00 00 00 05 00 00 0F 79 

---->>>  [IN ]
2020/08/25 05:29:28:004
Linktest.rsp
00 00 00 0A FF FF 00 00 00 06 00 00 0F 79 

<<<----  [OUT]
2020/08/25 05:29:38:020
Linktest.req
00 00 00 0A FF FF 00 00 00 05 00 00 0F 7A 

---->>>  [IN ]
2020/08/25 05:29:38:021
Linktest.rsp
00 00 00 0A FF FF 00 00 00 06 00 00 0F 7A 

---->>>  [IN ]
2020/08/25 05:29:42:102
Linktest.req
00 00 00 0A FF FF 00 00 00 05 80 00 03 94 

<<<----  [OUT]
2020/08/25 05:29:42:102
Linktest.rsp
00 00 00 0A FF FF 00 00 00 06 80 00 03 94 

<<<----  [OUT]
2020/08/25 05:29:48:007
Linktest.req
00 00 00 0A FF FF 00 00 00 05 00 00 0F 7B 

---->>>  [IN ]
2020/08/25 05:29:48:008
Linktest.rsp
00 00 00 0A FF FF 00 00 00 06 00 00 0F 7B 

<<<----  [OUT]
2020/08/25 05:29:58:025
Linktest.req
00 00 00 0A FF FF 00 00 00 05 00 00 0F 7C 

---->>>  [IN ]
2020/08/25 05:29:58:026
Linktest.rsp
00 00 00 0A FF FF 00 00 00 06 00 00 0F 7C 

<<<----  [OUT]
2020/08/25 05:30:08:044
Linktest.req
00 00 00 0A FF FF 00 00 00 05 00 00 0F 7D 

---->>>  [IN ]
2020/08/25 05:30:08:045
Linktest.rsp
00 00 00 0A FF FF 00 00 00 06 00 00 0F 7D 

<<<----  [OUT]
2020/08/25 05:30:18:056
Linktest.req
00 00 00 0A FF FF 00 00 00 05 00 00 0F 7E 

---->>>  [IN ]
2020/08/25 05:30:18:057
Linktest.rsp
00 00 00 0A FF FF 00 00 00 06 00 00 0F 7E 

<<<----  [OUT]
2020/08/25 05:30:28:071
Linktest.req
00 00 00 0A FF FF 00 00 00 05 00 00 0F 7F 

---->>>  [IN ]
2020/08/25 05:30:28:072
Linktest.rsp
00 00 00 0A FF FF 00 00 00 06 00 00 0F 7F 

<<<----  [OUT]
2020/08/25 05:30:38:088
Linktest.req
00 00 00 0A FF FF 00 00 00 05 00 00 0F 80 

---->>>  [IN ]
2020/08/25 05:30:38:089
Linktest.rsp
00 00 00 0A FF FF 00 00 00 06 00 00 0F 80 

---->>>  [IN ]
2020/08/25 05:30:42:102
Linktest.req
00 00 00 0A FF FF 00 00 00 05 80 00 03 95 

<<<----  [OUT]
2020/08/25 05:30:42:102
Linktest.rsp
00 00 00 0A FF FF 00 00 00 06 80 00 03 95 

<<<----  [OUT]
2020/08/25 05:30:48:104
Linktest.req
00 00 00 0A FF FF 00 00 00 05 00 00 0F 81 

---->>>  [IN ]
2020/08/25 05:30:48:105
Linktest.rsp
00 00 00 0A FF FF 00 00 00 06 00 00 0F 81 

<<<----  [OUT]
2020/08/25 05:30:58:117
Linktest.req
00 00 00 0A FF FF 00 00 00 05 00 00 0F 82 

---->>>  [IN ]
2020/08/25 05:30:58:118
Linktest.rsp
00 00 00 0A FF FF 00 00 00 06 00 00 0F 82 

<<<----  [OUT]
2020/08/25 05:31:08:130
Linktest.req
00 00 00 0A FF FF 00 00 00 05 00 00 0F 83 

---->>>  [IN ]
2020/08/25 05:31:08:131
Linktest.rsp
00 00 00 0A FF FF 00 00 00 06 00 00 0F 83 

<<<----  [OUT]
2020/08/25 05:31:18:142
Linktest.req
00 00 00 0A FF FF 00 00 00 05 00 00 0F 84 

---->>>  [IN ]
2020/08/25 05:31:18:143
Linktest.rsp
00 00 00 0A FF FF 00 00 00 06 00 00 0F 84 

<<<----  [OUT]
2020/08/25 05:31:28:157
Linktest.req
00 00 00 0A FF FF 00 00 00 05 00 00 0F 85 

---->>>  [IN ]
2020/08/25 05:31:28:158
Linktest.rsp
00 00 00 0A FF FF 00 00 00 06 00 00 0F 85 

<<<----  [OUT]
2020/08/25 05:31:38:176
Linktest.req
00 00 00 0A FF FF 00 00 00 05 00 00 0F 86 

---->>>  [IN ]
2020/08/25 05:31:38:177
Linktest.rsp
00 00 00 0A FF FF 00 00 00 06 00 00 0F 86 

---->>>  [IN ]
2020/08/25 05:31:42:103
Linktest.req
00 00 00 0A FF FF 00 00 00 05 80 00 03 96 

<<<----  [OUT]
2020/08/25 05:31:42:104
Linktest.rsp
00 00 00 0A FF FF 00 00 00 06 80 00 03 96 

<<<----  [OUT]
2020/08/25 05:31:48:193
Linktest.req
00 00 00 0A FF FF 00 00 00 05 00 00 0F 87 

---->>>  [IN ]
2020/08/25 05:31:48:194
Linktest.rsp
00 00 00 0A FF FF 00 00 00 06 00 00 0F 87 

<<<----  [OUT]
2020/08/25 05:31:58:210
Linktest.req
00 00 00 0A FF FF 00 00 00 05 00 00 0F 88 

---->>>  [IN ]
2020/08/25 05:31:58:211
Linktest.rsp
00 00 00 0A FF FF 00 00 00 06 00 00 0F 88 

<<<----  [OUT]
2020/08/25 05:32:08:229
Linktest.req
00 00 00 0A FF FF 00 00 00 05 00 00 0F 89 

---->>>  [IN ]
2020/08/25 05:32:08:230
Linktest.rsp
00 00 00 0A FF FF 00 00 00 06 00 00 0F 89 

<<<----  [OUT]
2020/08/25 05:32:18:247
Linktest.req
00 00 00 0A FF FF 00 00 00 05 00 00 0F 8A 

---->>>  [IN ]
2020/08/25 05:32:18:248
Linktest.rsp
00 00 00 0A FF FF 00 00 00 06 00 00 0F 8A 

<<<----  [OUT]
2020/08/25 05:32:28:264
Linktest.req
00 00 00 0A FF FF 00 00 00 05 00 00 0F 8B 

---->>>  [IN ]
2020/08/25 05:32:28:265
Linktest.rsp
00 00 00 0A FF FF 00 00 00 06 00 00 0F 8B 

<<<----  [OUT]
2020/08/25 05:32:38:280
Linktest.req
00 00 00 0A FF FF 00 00 00 05 00 00 0F 8C 

---->>>  [IN ]
2020/08/25 05:32:38:281
Linktest.rsp
00 00 00 0A FF FF 00 00 00 06 00 00 0F 8C 

---->>>  [IN ]
2020/08/25 05:32:42:105
Linktest.req
00 00 00 0A FF FF 00 00 00 05 80 00 03 97 

<<<----  [OUT]
2020/08/25 05:32:42:105
Linktest.rsp
00 00 00 0A FF FF 00 00 00 06 80 00 03 97 

<<<----  [OUT]
2020/08/25 05:32:48:299
Linktest.req
00 00 00 0A FF FF 00 00 00 05 00 00 0F 8D 

---->>>  [IN ]
2020/08/25 05:32:48:300
Linktest.rsp
00 00 00 0A FF FF 00 00 00 06 00 00 0F 8D 

<<<----  [OUT]
2020/08/25 05:32:58:316
Linktest.req
00 00 00 0A FF FF 00 00 00 05 00 00 0F 8E 

---->>>  [IN ]
2020/08/25 05:32:58:317
Linktest.rsp
00 00 00 0A FF FF 00 00 00 06 00 00 0F 8E 

<<<----  [OUT]
2020/08/25 05:33:08:329
Linktest.req
00 00 00 0A FF FF 00 00 00 05 00 00 0F 8F 

---->>>  [IN ]
2020/08/25 05:33:08:329
Linktest.rsp
00 00 00 0A FF FF 00 00 00 06 00 00 0F 8F 

<<<----  [OUT]
2020/08/25 05:33:18:345
Linktest.req
00 00 00 0A FF FF 00 00 00 05 00 00 0F 90 

---->>>  [IN ]
2020/08/25 05:33:18:346
Linktest.rsp
00 00 00 0A FF FF 00 00 00 06 00 00 0F 90 

<<<----  [OUT]
2020/08/25 05:33:28:358
Linktest.req
00 00 00 0A FF FF 00 00 00 05 00 00 0F 91 

---->>>  [IN ]
2020/08/25 05:33:28:359
Linktest.rsp
00 00 00 0A FF FF 00 00 00 06 00 00 0F 91 

<<<----  [OUT]
2020/08/25 05:33:38:365
Linktest.req
00 00 00 0A FF FF 00 00 00 05 00 00 0F 92 

---->>>  [IN ]
2020/08/25 05:33:38:366
Linktest.rsp
00 00 00 0A FF FF 00 00 00 06 00 00 0F 92 

---->>>  [IN ]
2020/08/25 05:33:42:101
Linktest.req
00 00 00 0A FF FF 00 00 00 05 80 00 03 98 

<<<----  [OUT]
2020/08/25 05:33:42:101
Linktest.rsp
00 00 00 0A FF FF 00 00 00 06 80 00 03 98 

<<<----  [OUT]
2020/08/25 05:33:48:378
Linktest.req
00 00 00 0A FF FF 00 00 00 05 00 00 0F 93 

---->>>  [IN ]
2020/08/25 05:33:48:379
Linktest.rsp
00 00 00 0A FF FF 00 00 00 06 00 00 0F 93 

<<<----  [OUT]
2020/08/25 05:33:58:367
Linktest.req
00 00 00 0A FF FF 00 00 00 05 00 00 0F 94 

---->>>  [IN ]
2020/08/25 05:33:58:368
Linktest.rsp
00 00 00 0A FF FF 00 00 00 06 00 00 0F 94 

<<<----  [OUT]
2020/08/25 05:34:08:384
Linktest.req
00 00 00 0A FF FF 00 00 00 05 00 00 0F 95 

---->>>  [IN ]
2020/08/25 05:34:08:385
Linktest.rsp
00 00 00 0A FF FF 00 00 00 06 00 00 0F 95 

<<<----  [OUT]
2020/08/25 05:34:18:405
Linktest.req
00 00 00 0A FF FF 00 00 00 05 00 00 0F 96 

---->>>  [IN ]
2020/08/25 05:34:18:406
Linktest.rsp
00 00 00 0A FF FF 00 00 00 06 00 00 0F 96 

<<<----  [OUT]
2020/08/25 05:34:28:422
Linktest.req
00 00 00 0A FF FF 00 00 00 05 00 00 0F 97 

---->>>  [IN ]
2020/08/25 05:34:28:423
Linktest.rsp
00 00 00 0A FF FF 00 00 00 06 00 00 0F 97 

<<<----  [OUT]
2020/08/25 05:34:38:436
Linktest.req
00 00 00 0A FF FF 00 00 00 05 00 00 0F 98 

---->>>  [IN ]
2020/08/25 05:34:38:437
Linktest.rsp
00 00 00 0A FF FF 00 00 00 06 00 00 0F 98 

---->>>  [IN ]
2020/08/25 05:34:42:100
Linktest.req
00 00 00 0A FF FF 00 00 00 05 80 00 03 99 

<<<----  [OUT]
2020/08/25 05:34:42:100
Linktest.rsp
00 00 00 0A FF FF 00 00 00 06 80 00 03 99 

<<<----  [OUT]
2020/08/25 05:34:48:455
Linktest.req
00 00 00 0A FF FF 00 00 00 05 00 00 0F 99 

---->>>  [IN ]
2020/08/25 05:34:48:456
Linktest.rsp
00 00 00 0A FF FF 00 00 00 06 00 00 0F 99 

<<<----  [OUT]
2020/08/25 05:34:58:469
Linktest.req
00 00 00 0A FF FF 00 00 00 05 00 00 0F 9A 

---->>>  [IN ]
2020/08/25 05:34:58:470
Linktest.rsp
00 00 00 0A FF FF 00 00 00 06 00 00 0F 9A 

<<<----  [OUT]
2020/08/25 05:35:08:478
Linktest.req
00 00 00 0A FF FF 00 00 00 05 00 00 0F 9B 

---->>>  [IN ]
2020/08/25 05:35:08:479
Linktest.rsp
00 00 00 0A FF FF 00 00 00 06 00 00 0F 9B 

<<<----  [OUT]
2020/08/25 05:35:18:495
Linktest.req
00 00 00 0A FF FF 00 00 00 05 00 00 0F 9C 

---->>>  [IN ]
2020/08/25 05:35:18:496
Linktest.rsp
00 00 00 0A FF FF 00 00 00 06 00 00 0F 9C 

<<<----  [OUT]
2020/08/25 05:35:28:508
Linktest.req
00 00 00 0A FF FF 00 00 00 05 00 00 0F 9D 

---->>>  [IN ]
2020/08/25 05:35:28:509
Linktest.rsp
00 00 00 0A FF FF 00 00 00 06 00 00 0F 9D 

<<<----  [OUT]
2020/08/25 05:35:38:526
Linktest.req
00 00 00 0A FF FF 00 00 00 05 00 00 0F 9E 

---->>>  [IN ]
2020/08/25 05:35:38:527
Linktest.rsp
00 00 00 0A FF FF 00 00 00 06 00 00 0F 9E 

---->>>  [IN ]
2020/08/25 05:35:42:114
Linktest.req
00 00 00 0A FF FF 00 00 00 05 80 00 03 9A 

<<<----  [OUT]
2020/08/25 05:35:42:114
Linktest.rsp
00 00 00 0A FF FF 00 00 00 06 80 00 03 9A 

<<<----  [OUT]
2020/08/25 05:35:48:540
Linktest.req
00 00 00 0A FF FF 00 00 00 05 00 00 0F 9F 

---->>>  [IN ]
2020/08/25 05:35:48:541
Linktest.rsp
00 00 00 0A FF FF 00 00 00 06 00 00 0F 9F 

<<<----  [OUT]
2020/08/25 05:35:58:555
Linktest.req
00 00 00 0A FF FF 00 00 00 05 00 00 0F A0 

---->>>  [IN ]
2020/08/25 05:35:58:556
Linktest.rsp
00 00 00 0A FF FF 00 00 00 06 00 00 0F A0 

<<<----  [OUT]
2020/08/25 05:36:08:569
Linktest.req
00 00 00 0A FF FF 00 00 00 05 00 00 0F A1 

---->>>  [IN ]
2020/08/25 05:36:08:570
Linktest.rsp
00 00 00 0A FF FF 00 00 00 06 00 00 0F A1 

<<<----  [OUT]
2020/08/25 05:36:18:585
Linktest.req
00 00 00 0A FF FF 00 00 00 05 00 00 0F A2 

---->>>  [IN ]
2020/08/25 05:36:18:586
Linktest.rsp
00 00 00 0A FF FF 00 00 00 06 00 00 0F A2 

<<<----  [OUT]
2020/08/25 05:36:28:597
Linktest.req
00 00 00 0A FF FF 00 00 00 05 00 00 0F A3 

---->>>  [IN ]
2020/08/25 05:36:28:598
Linktest.rsp
00 00 00 0A FF FF 00 00 00 06 00 00 0F A3 

<<<----  [OUT]
2020/08/25 05:36:38:612
Linktest.req
00 00 00 0A FF FF 00 00 00 05 00 00 0F A4 

---->>>  [IN ]
2020/08/25 05:36:38:613
Linktest.rsp
00 00 00 0A FF FF 00 00 00 06 00 00 0F A4 

---->>>  [IN ]
2020/08/25 05:36:42:119
Linktest.req
00 00 00 0A FF FF 00 00 00 05 80 00 03 9B 

<<<----  [OUT]
2020/08/25 05:36:42:119
Linktest.rsp
00 00 00 0A FF FF 00 00 00 06 80 00 03 9B 

<<<----  [OUT]
2020/08/25 05:36:48:627
Linktest.req
00 00 00 0A FF FF 00 00 00 05 00 00 0F A5 

---->>>  [IN ]
2020/08/25 05:36:48:628
Linktest.rsp
00 00 00 0A FF FF 00 00 00 06 00 00 0F A5 

<<<----  [OUT]
2020/08/25 05:36:58:643
Linktest.req
00 00 00 0A FF FF 00 00 00 05 00 00 0F A6 

---->>>  [IN ]
2020/08/25 05:36:58:644
Linktest.rsp
00 00 00 0A FF FF 00 00 00 06 00 00 0F A6 

<<<----  [OUT]
2020/08/25 05:37:08:656
Linktest.req
00 00 00 0A FF FF 00 00 00 05 00 00 0F A7 

---->>>  [IN ]
2020/08/25 05:37:08:657
Linktest.rsp
00 00 00 0A FF FF 00 00 00 06 00 00 0F A7 

<<<----  [OUT]
2020/08/25 05:37:18:671
Linktest.req
00 00 00 0A FF FF 00 00 00 05 00 00 0F A8 

---->>>  [IN ]
2020/08/25 05:37:18:672
Linktest.rsp
00 00 00 0A FF FF 00 00 00 06 00 00 0F A8 

<<<----  [OUT]
2020/08/25 05:37:28:689
Linktest.req
00 00 00 0A FF FF 00 00 00 05 00 00 0F A9 

---->>>  [IN ]
2020/08/25 05:37:28:690
Linktest.rsp
00 00 00 0A FF FF 00 00 00 06 00 00 0F A9 

<<<----  [OUT]
2020/08/25 05:37:38:679
Linktest.req
00 00 00 0A FF FF 00 00 00 05 00 00 0F AA 

---->>>  [IN ]
2020/08/25 05:37:38:680
Linktest.rsp
00 00 00 0A FF FF 00 00 00 06 00 00 0F AA 

---->>>  [IN ]
2020/08/25 05:37:42:116
Linktest.req
00 00 00 0A FF FF 00 00 00 05 80 00 03 9C 

<<<----  [OUT]
2020/08/25 05:37:42:116
Linktest.rsp
00 00 00 0A FF FF 00 00 00 06 80 00 03 9C 

<<<----  [OUT]
2020/08/25 05:37:48:696
Linktest.req
00 00 00 0A FF FF 00 00 00 05 00 00 0F AB 

---->>>  [IN ]
2020/08/25 05:37:48:697
Linktest.rsp
00 00 00 0A FF FF 00 00 00 06 00 00 0F AB 

<<<----  [OUT]
2020/08/25 05:37:58:715
Linktest.req
00 00 00 0A FF FF 00 00 00 05 00 00 0F AC 

---->>>  [IN ]
2020/08/25 05:37:58:716
Linktest.rsp
00 00 00 0A FF FF 00 00 00 06 00 00 0F AC 

<<<----  [OUT]
2020/08/25 05:38:08:733
Linktest.req
00 00 00 0A FF FF 00 00 00 05 00 00 0F AD 

---->>>  [IN ]
2020/08/25 05:38:08:734
Linktest.rsp
00 00 00 0A FF FF 00 00 00 06 00 00 0F AD 

<<<----  [OUT]
2020/08/25 05:38:18:750
Linktest.req
00 00 00 0A FF FF 00 00 00 05 00 00 0F AE 

---->>>  [IN ]
2020/08/25 05:38:18:751
Linktest.rsp
00 00 00 0A FF FF 00 00 00 06 00 00 0F AE 

<<<----  [OUT]
2020/08/25 05:38:28:765
Linktest.req
00 00 00 0A FF FF 00 00 00 05 00 00 0F AF 

---->>>  [IN ]
2020/08/25 05:38:28:766
Linktest.rsp
00 00 00 0A FF FF 00 00 00 06 00 00 0F AF 

<<<----  [OUT]
2020/08/25 05:38:38:784
Linktest.req
00 00 00 0A FF FF 00 00 00 05 00 00 0F B0 

---->>>  [IN ]
2020/08/25 05:38:38:785
Linktest.rsp
00 00 00 0A FF FF 00 00 00 06 00 00 0F B0 

---->>>  [IN ]
2020/08/25 05:38:42:115
Linktest.req
00 00 00 0A FF FF 00 00 00 05 80 00 03 9D 

<<<----  [OUT]
2020/08/25 05:38:42:115
Linktest.rsp
00 00 00 0A FF FF 00 00 00 06 80 00 03 9D 

<<<----  [OUT]
2020/08/25 05:38:48:797
Linktest.req
00 00 00 0A FF FF 00 00 00 05 00 00 0F B1 

---->>>  [IN ]
2020/08/25 05:38:48:798
Linktest.rsp
00 00 00 0A FF FF 00 00 00 06 00 00 0F B1 

<<<----  [OUT]
2020/08/25 05:38:58:814
Linktest.req
00 00 00 0A FF FF 00 00 00 05 00 00 0F B2 

---->>>  [IN ]
2020/08/25 05:38:58:815
Linktest.rsp
00 00 00 0A FF FF 00 00 00 06 00 00 0F B2 

<<<----  [OUT]
2020/08/25 05:39:08:824
Linktest.req
00 00 00 0A FF FF 00 00 00 05 00 00 0F B3 

---->>>  [IN ]
2020/08/25 05:39:08:825
Linktest.rsp
00 00 00 0A FF FF 00 00 00 06 00 00 0F B3 

<<<----  [OUT]
2020/08/25 05:39:18:838
Linktest.req
00 00 00 0A FF FF 00 00 00 05 00 00 0F B4 

---->>>  [IN ]
2020/08/25 05:39:18:839
Linktest.rsp
00 00 00 0A FF FF 00 00 00 06 00 00 0F B4 

<<<----  [OUT]
2020/08/25 05:39:28:850
Linktest.req
00 00 00 0A FF FF 00 00 00 05 00 00 0F B5 

---->>>  [IN ]
2020/08/25 05:39:28:851
Linktest.rsp
00 00 00 0A FF FF 00 00 00 06 00 00 0F B5 

<<<----  [OUT]
2020/08/25 05:39:38:860
Linktest.req
00 00 00 0A FF FF 00 00 00 05 00 00 0F B6 

---->>>  [IN ]
2020/08/25 05:39:38:861
Linktest.rsp
00 00 00 0A FF FF 00 00 00 06 00 00 0F B6 

---->>>  [IN ]
2020/08/25 05:39:42:120
Linktest.req
00 00 00 0A FF FF 00 00 00 05 80 00 03 9E 

<<<----  [OUT]
2020/08/25 05:39:42:120
Linktest.rsp
00 00 00 0A FF FF 00 00 00 06 80 00 03 9E 

<<<----  [OUT]
2020/08/25 05:39:48:874
Linktest.req
00 00 00 0A FF FF 00 00 00 05 00 00 0F B7 

---->>>  [IN ]
2020/08/25 05:39:48:875
Linktest.rsp
00 00 00 0A FF FF 00 00 00 06 00 00 0F B7 

<<<----  [OUT]
2020/08/25 05:39:58:890
Linktest.req
00 00 00 0A FF FF 00 00 00 05 00 00 0F B8 

---->>>  [IN ]
2020/08/25 05:39:58:890
Linktest.rsp
00 00 00 0A FF FF 00 00 00 06 00 00 0F B8 

<<<----  [OUT]
2020/08/25 05:40:08:907
Linktest.req
00 00 00 0A FF FF 00 00 00 05 00 00 0F B9 

---->>>  [IN ]
2020/08/25 05:40:08:908
Linktest.rsp
00 00 00 0A FF FF 00 00 00 06 00 00 0F B9 

<<<----  [OUT]
2020/08/25 05:40:18:917
Linktest.req
00 00 00 0A FF FF 00 00 00 05 00 00 0F BA 

---->>>  [IN ]
2020/08/25 05:40:18:918
Linktest.rsp
00 00 00 0A FF FF 00 00 00 06 00 00 0F BA 

<<<----  [OUT]
2020/08/25 05:40:28:936
Linktest.req
00 00 00 0A FF FF 00 00 00 05 00 00 0F BB 

---->>>  [IN ]
2020/08/25 05:40:28:937
Linktest.rsp
00 00 00 0A FF FF 00 00 00 06 00 00 0F BB 

<<<----  [OUT]
2020/08/25 05:40:38:950
Linktest.req
00 00 00 0A FF FF 00 00 00 05 00 00 0F BC 

---->>>  [IN ]
2020/08/25 05:40:38:951
Linktest.rsp
00 00 00 0A FF FF 00 00 00 06 00 00 0F BC 

---->>>  [IN ]
2020/08/25 05:40:42:118
Linktest.req
00 00 00 0A FF FF 00 00 00 05 80 00 03 9F 

<<<----  [OUT]
2020/08/25 05:40:42:118
Linktest.rsp
00 00 00 0A FF FF 00 00 00 06 80 00 03 9F 

<<<----  [OUT]
2020/08/25 05:40:48:965
Linktest.req
00 00 00 0A FF FF 00 00 00 05 00 00 0F BD 

---->>>  [IN ]
2020/08/25 05:40:48:966
Linktest.rsp
00 00 00 0A FF FF 00 00 00 06 00 00 0F BD 

<<<----  [OUT]
2020/08/25 05:40:58:980
Linktest.req
00 00 00 0A FF FF 00 00 00 05 00 00 0F BE 

---->>>  [IN ]
2020/08/25 05:40:58:981
Linktest.rsp
00 00 00 0A FF FF 00 00 00 06 00 00 0F BE 

<<<----  [OUT]
2020/08/25 05:41:08:994
Linktest.req
00 00 00 0A FF FF 00 00 00 05 00 00 0F BF 

---->>>  [IN ]
2020/08/25 05:41:08:995
Linktest.rsp
00 00 00 0A FF FF 00 00 00 06 00 00 0F BF 

<<<----  [OUT]
2020/08/25 05:41:19:005
Linktest.req
00 00 00 0A FF FF 00 00 00 05 00 00 0F C0 

---->>>  [IN ]
2020/08/25 05:41:19:006
Linktest.rsp
00 00 00 0A FF FF 00 00 00 06 00 00 0F C0 

<<<----  [OUT]
2020/08/25 05:41:29:017
Linktest.req
00 00 00 0A FF FF 00 00 00 05 00 00 0F C1 

---->>>  [IN ]
2020/08/25 05:41:29:018
Linktest.rsp
00 00 00 0A FF FF 00 00 00 06 00 00 0F C1 

<<<----  [OUT]
2020/08/25 05:41:39:023
Linktest.req
00 00 00 0A FF FF 00 00 00 05 00 00 0F C2 

---->>>  [IN ]
2020/08/25 05:41:39:024
Linktest.rsp
00 00 00 0A FF FF 00 00 00 06 00 00 0F C2 

---->>>  [IN ]
2020/08/25 05:41:42:115
Linktest.req
00 00 00 0A FF FF 00 00 00 05 80 00 03 A0 

<<<----  [OUT]
2020/08/25 05:41:42:115
Linktest.rsp
00 00 00 0A FF FF 00 00 00 06 80 00 03 A0 

<<<----  [OUT]
2020/08/25 05:41:49:029
Linktest.req
00 00 00 0A FF FF 00 00 00 05 00 00 0F C3 

---->>>  [IN ]
2020/08/25 05:41:49:030
Linktest.rsp
00 00 00 0A FF FF 00 00 00 06 00 00 0F C3 

<<<----  [OUT]
2020/08/25 05:41:59:042
Linktest.req
00 00 00 0A FF FF 00 00 00 05 00 00 0F C4 

---->>>  [IN ]
2020/08/25 05:41:59:043
Linktest.rsp
00 00 00 0A FF FF 00 00 00 06 00 00 0F C4 

<<<----  [OUT]
2020/08/25 05:42:09:042
Linktest.req
00 00 00 0A FF FF 00 00 00 05 00 00 0F C5 

---->>>  [IN ]
2020/08/25 05:42:09:043
Linktest.rsp
00 00 00 0A FF FF 00 00 00 06 00 00 0F C5 

<<<----  [OUT]
2020/08/25 05:42:19:059
Linktest.req
00 00 00 0A FF FF 00 00 00 05 00 00 0F C6 

---->>>  [IN ]
2020/08/25 05:42:19:060
Linktest.rsp
00 00 00 0A FF FF 00 00 00 06 00 00 0F C6 

<<<----  [OUT]
2020/08/25 05:42:29:075
Linktest.req
00 00 00 0A FF FF 00 00 00 05 00 00 0F C7 

---->>>  [IN ]
2020/08/25 05:42:29:076
Linktest.rsp
00 00 00 0A FF FF 00 00 00 06 00 00 0F C7 

<<<----  [OUT]
2020/08/25 05:42:39:091
Linktest.req
00 00 00 0A FF FF 00 00 00 05 00 00 0F C8 

---->>>  [IN ]
2020/08/25 05:42:39:092
Linktest.rsp
00 00 00 0A FF FF 00 00 00 06 00 00 0F C8 

---->>>  [IN ]
2020/08/25 05:42:42:117
Linktest.req
00 00 00 0A FF FF 00 00 00 05 80 00 03 A1 

<<<----  [OUT]
2020/08/25 05:42:42:117
Linktest.rsp
00 00 00 0A FF FF 00 00 00 06 80 00 03 A1 

<<<----  [OUT]
2020/08/25 05:42:49:103
Linktest.req
00 00 00 0A FF FF 00 00 00 05 00 00 0F C9 

---->>>  [IN ]
2020/08/25 05:42:49:104
Linktest.rsp
00 00 00 0A FF FF 00 00 00 06 00 00 0F C9 

<<<----  [OUT]
2020/08/25 05:42:59:112
Linktest.req
00 00 00 0A FF FF 00 00 00 05 00 00 0F CA 

---->>>  [IN ]
2020/08/25 05:42:59:113
Linktest.rsp
00 00 00 0A FF FF 00 00 00 06 00 00 0F CA 

<<<----  [OUT]
2020/08/25 05:43:09:127
Linktest.req
00 00 00 0A FF FF 00 00 00 05 00 00 0F CB 

---->>>  [IN ]
2020/08/25 05:43:09:128
Linktest.rsp
00 00 00 0A FF FF 00 00 00 06 00 00 0F CB 

<<<----  [OUT]
2020/08/25 05:43:19:143
Linktest.req
00 00 00 0A FF FF 00 00 00 05 00 00 0F CC 

---->>>  [IN ]
2020/08/25 05:43:19:144
Linktest.rsp
00 00 00 0A FF FF 00 00 00 06 00 00 0F CC 

<<<----  [OUT]
2020/08/25 05:43:29:158
Linktest.req
00 00 00 0A FF FF 00 00 00 05 00 00 0F CD 

---->>>  [IN ]
2020/08/25 05:43:29:159
Linktest.rsp
00 00 00 0A FF FF 00 00 00 06 00 00 0F CD 

<<<----  [OUT]
2020/08/25 05:43:39:170
Linktest.req
00 00 00 0A FF FF 00 00 00 05 00 00 0F CE 

---->>>  [IN ]
2020/08/25 05:43:39:171
Linktest.rsp
00 00 00 0A FF FF 00 00 00 06 00 00 0F CE 

---->>>  [IN ]
2020/08/25 05:43:42:119
Linktest.req
00 00 00 0A FF FF 00 00 00 05 80 00 03 A2 

<<<----  [OUT]
2020/08/25 05:43:42:120
Linktest.rsp
00 00 00 0A FF FF 00 00 00 06 80 00 03 A2 

<<<----  [OUT]
2020/08/25 05:43:49:180
Linktest.req
00 00 00 0A FF FF 00 00 00 05 00 00 0F CF 

---->>>  [IN ]
2020/08/25 05:43:49:181
Linktest.rsp
00 00 00 0A FF FF 00 00 00 06 00 00 0F CF 

<<<----  [OUT]
2020/08/25 05:43:59:194
Linktest.req
00 00 00 0A FF FF 00 00 00 05 00 00 0F D0 

---->>>  [IN ]
2020/08/25 05:43:59:195
Linktest.rsp
00 00 00 0A FF FF 00 00 00 06 00 00 0F D0 

<<<----  [OUT]
2020/08/25 05:44:09:211
Linktest.req
00 00 00 0A FF FF 00 00 00 05 00 00 0F D1 

---->>>  [IN ]
2020/08/25 05:44:09:212
Linktest.rsp
00 00 00 0A FF FF 00 00 00 06 00 00 0F D1 

<<<----  [OUT]
2020/08/25 05:44:19:229
Linktest.req
00 00 00 0A FF FF 00 00 00 05 00 00 0F D2 

---->>>  [IN ]
2020/08/25 05:44:19:230
Linktest.rsp
00 00 00 0A FF FF 00 00 00 06 00 00 0F D2 

<<<----  [OUT]
2020/08/25 05:44:29:246
Linktest.req
00 00 00 0A FF FF 00 00 00 05 00 00 0F D3 

---->>>  [IN ]
2020/08/25 05:44:29:247
Linktest.rsp
00 00 00 0A FF FF 00 00 00 06 00 00 0F D3 

<<<----  [OUT]
2020/08/25 05:44:39:264
Linktest.req
00 00 00 0A FF FF 00 00 00 05 00 00 0F D4 

---->>>  [IN ]
2020/08/25 05:44:39:265
Linktest.rsp
00 00 00 0A FF FF 00 00 00 06 00 00 0F D4 

---->>>  [IN ]
2020/08/25 05:44:42:122
Linktest.req
00 00 00 0A FF FF 00 00 00 05 80 00 03 A3 

<<<----  [OUT]
2020/08/25 05:44:42:122
Linktest.rsp
00 00 00 0A FF FF 00 00 00 06 80 00 03 A3 

<<<----  [OUT]
2020/08/25 05:44:49:278
Linktest.req
00 00 00 0A FF FF 00 00 00 05 00 00 0F D5 

---->>>  [IN ]
2020/08/25 05:44:49:279
Linktest.rsp
00 00 00 0A FF FF 00 00 00 06 00 00 0F D5 

<<<----  [OUT]
2020/08/25 05:44:59:297
Linktest.req
00 00 00 0A FF FF 00 00 00 05 00 00 0F D6 

---->>>  [IN ]
2020/08/25 05:44:59:298
Linktest.rsp
00 00 00 0A FF FF 00 00 00 06 00 00 0F D6 

<<<----  [OUT]
2020/08/25 05:45:09:314
Linktest.req
00 00 00 0A FF FF 00 00 00 05 00 00 0F D7 

---->>>  [IN ]
2020/08/25 05:45:09:315
Linktest.rsp
00 00 00 0A FF FF 00 00 00 06 00 00 0F D7 

<<<----  [OUT]
2020/08/25 05:45:19:329
Linktest.req
00 00 00 0A FF FF 00 00 00 05 00 00 0F D8 

---->>>  [IN ]
2020/08/25 05:45:19:330
Linktest.rsp
00 00 00 0A FF FF 00 00 00 06 00 00 0F D8 

<<<----  [OUT]
2020/08/25 05:45:29:339
Linktest.req
00 00 00 0A FF FF 00 00 00 05 00 00 0F D9 

---->>>  [IN ]
2020/08/25 05:45:29:340
Linktest.rsp
00 00 00 0A FF FF 00 00 00 06 00 00 0F D9 

<<<----  [OUT]
2020/08/25 05:45:39:355
Linktest.req
00 00 00 0A FF FF 00 00 00 05 00 00 0F DA 

---->>>  [IN ]
2020/08/25 05:45:39:356
Linktest.rsp
00 00 00 0A FF FF 00 00 00 06 00 00 0F DA 

---->>>  [IN ]
2020/08/25 05:45:42:116
Linktest.req
00 00 00 0A FF FF 00 00 00 05 80 00 03 A4 

<<<----  [OUT]
2020/08/25 05:45:42:116
Linktest.rsp
00 00 00 0A FF FF 00 00 00 06 80 00 03 A4 

<<<----  [OUT]
2020/08/25 05:45:49:357
Linktest.req
00 00 00 0A FF FF 00 00 00 05 00 00 0F DB 

---->>>  [IN ]
2020/08/25 05:45:49:358
Linktest.rsp
00 00 00 0A FF FF 00 00 00 06 00 00 0F DB 

<<<----  [OUT]
2020/08/25 05:45:59:372
Linktest.req
00 00 00 0A FF FF 00 00 00 05 00 00 0F DC 

---->>>  [IN ]
2020/08/25 05:45:59:373
Linktest.rsp
00 00 00 0A FF FF 00 00 00 06 00 00 0F DC 

<<<----  [OUT]
2020/08/25 05:46:09:385
Linktest.req
00 00 00 0A FF FF 00 00 00 05 00 00 0F DD 

---->>>  [IN ]
2020/08/25 05:46:09:386
Linktest.rsp
00 00 00 0A FF FF 00 00 00 06 00 00 0F DD 

<<<----  [OUT]
2020/08/25 05:46:19:403
Linktest.req
00 00 00 0A FF FF 00 00 00 05 00 00 0F DE 

---->>>  [IN ]
2020/08/25 05:46:19:404
Linktest.rsp
00 00 00 0A FF FF 00 00 00 06 00 00 0F DE 

<<<----  [OUT]
2020/08/25 05:46:29:422
Linktest.req
00 00 00 0A FF FF 00 00 00 05 00 00 0F DF 

---->>>  [IN ]
2020/08/25 05:46:29:423
Linktest.rsp
00 00 00 0A FF FF 00 00 00 06 00 00 0F DF 

<<<----  [OUT]
2020/08/25 05:46:39:435
Linktest.req
00 00 00 0A FF FF 00 00 00 05 00 00 0F E0 

---->>>  [IN ]
2020/08/25 05:46:39:436
Linktest.rsp
00 00 00 0A FF FF 00 00 00 06 00 00 0F E0 

---->>>  [IN ]
2020/08/25 05:46:42:115
Linktest.req
00 00 00 0A FF FF 00 00 00 05 80 00 03 A5 

<<<----  [OUT]
2020/08/25 05:46:42:115
Linktest.rsp
00 00 00 0A FF FF 00 00 00 06 80 00 03 A5 

<<<----  [OUT]
2020/08/25 05:46:49:443
Linktest.req
00 00 00 0A FF FF 00 00 00 05 00 00 0F E1 

---->>>  [IN ]
2020/08/25 05:46:49:444
Linktest.rsp
00 00 00 0A FF FF 00 00 00 06 00 00 0F E1 

<<<----  [OUT]
2020/08/25 05:46:59:455
Linktest.req
00 00 00 0A FF FF 00 00 00 05 00 00 0F E2 

---->>>  [IN ]
2020/08/25 05:46:59:456
Linktest.rsp
00 00 00 0A FF FF 00 00 00 06 00 00 0F E2 

<<<----  [OUT]
2020/08/25 05:47:09:445
Linktest.req
00 00 00 0A FF FF 00 00 00 05 00 00 0F E3 

---->>>  [IN ]
2020/08/25 05:47:09:446
Linktest.rsp
00 00 00 0A FF FF 00 00 00 06 00 00 0F E3 

<<<----  [OUT]
2020/08/25 05:47:19:461
Linktest.req
00 00 00 0A FF FF 00 00 00 05 00 00 0F E4 

---->>>  [IN ]
2020/08/25 05:47:19:462
Linktest.rsp
00 00 00 0A FF FF 00 00 00 06 00 00 0F E4 

<<<----  [OUT]
2020/08/25 05:47:29:474
Linktest.req
00 00 00 0A FF FF 00 00 00 05 00 00 0F E5 

---->>>  [IN ]
2020/08/25 05:47:29:475
Linktest.rsp
00 00 00 0A FF FF 00 00 00 06 00 00 0F E5 

<<<----  [OUT]
2020/08/25 05:47:39:486
Linktest.req
00 00 00 0A FF FF 00 00 00 05 00 00 0F E6 

---->>>  [IN ]
2020/08/25 05:47:39:487
Linktest.rsp
00 00 00 0A FF FF 00 00 00 06 00 00 0F E6 

---->>>  [IN ]
2020/08/25 05:47:42:120
Linktest.req
00 00 00 0A FF FF 00 00 00 05 80 00 03 A6 

<<<----  [OUT]
2020/08/25 05:47:42:120
Linktest.rsp
00 00 00 0A FF FF 00 00 00 06 80 00 03 A6 

<<<----  [OUT]
2020/08/25 05:47:49:505
Linktest.req
00 00 00 0A FF FF 00 00 00 05 00 00 0F E7 

---->>>  [IN ]
2020/08/25 05:47:49:506
Linktest.rsp
00 00 00 0A FF FF 00 00 00 06 00 00 0F E7 

<<<----  [OUT]
2020/08/25 05:47:59:493
Linktest.req
00 00 00 0A FF FF 00 00 00 05 00 00 0F E8 

---->>>  [IN ]
2020/08/25 05:47:59:494
Linktest.rsp
00 00 00 0A FF FF 00 00 00 06 00 00 0F E8 

<<<----  [OUT]
2020/08/25 05:48:09:508
Linktest.req
00 00 00 0A FF FF 00 00 00 05 00 00 0F E9 

---->>>  [IN ]
2020/08/25 05:48:09:509
Linktest.rsp
00 00 00 0A FF FF 00 00 00 06 00 00 0F E9 

<<<----  [OUT]
2020/08/25 05:48:19:523
Linktest.req
00 00 00 0A FF FF 00 00 00 05 00 00 0F EA 

---->>>  [IN ]
2020/08/25 05:48:19:524
Linktest.rsp
00 00 00 0A FF FF 00 00 00 06 00 00 0F EA 

<<<----  [OUT]
2020/08/25 05:48:29:541
Linktest.req
00 00 00 0A FF FF 00 00 00 05 00 00 0F EB 

---->>>  [IN ]
2020/08/25 05:48:29:542
Linktest.rsp
00 00 00 0A FF FF 00 00 00 06 00 00 0F EB 

<<<----  [OUT]
2020/08/25 05:48:39:556
Linktest.req
00 00 00 0A FF FF 00 00 00 05 00 00 0F EC 

---->>>  [IN ]
2020/08/25 05:48:39:557
Linktest.rsp
00 00 00 0A FF FF 00 00 00 06 00 00 0F EC 

---->>>  [IN ]
2020/08/25 05:48:42:115
Linktest.req
00 00 00 0A FF FF 00 00 00 05 80 00 03 A7 

<<<----  [OUT]
2020/08/25 05:48:42:115
Linktest.rsp
00 00 00 0A FF FF 00 00 00 06 80 00 03 A7 

<<<----  [OUT]
2020/08/25 05:48:49:568
Linktest.req
00 00 00 0A FF FF 00 00 00 05 00 00 0F ED 

---->>>  [IN ]
2020/08/25 05:48:49:569
Linktest.rsp
00 00 00 0A FF FF 00 00 00 06 00 00 0F ED 

<<<----  [OUT]
2020/08/25 05:48:59:585
Linktest.req
00 00 00 0A FF FF 00 00 00 05 00 00 0F EE 

---->>>  [IN ]
2020/08/25 05:48:59:586
Linktest.rsp
00 00 00 0A FF FF 00 00 00 06 00 00 0F EE 

<<<----  [OUT]
2020/08/25 05:49:09:601
Linktest.req
00 00 00 0A FF FF 00 00 00 05 00 00 0F EF 

---->>>  [IN ]
2020/08/25 05:49:09:602
Linktest.rsp
00 00 00 0A FF FF 00 00 00 06 00 00 0F EF 

<<<----  [OUT]
2020/08/25 05:49:19:616
Linktest.req
00 00 00 0A FF FF 00 00 00 05 00 00 0F F0 

---->>>  [IN ]
2020/08/25 05:49:19:617
Linktest.rsp
00 00 00 0A FF FF 00 00 00 06 00 00 0F F0 

<<<----  [OUT]
2020/08/25 05:49:29:628
Linktest.req
00 00 00 0A FF FF 00 00 00 05 00 00 0F F1 

---->>>  [IN ]
2020/08/25 05:49:29:629
Linktest.rsp
00 00 00 0A FF FF 00 00 00 06 00 00 0F F1 

<<<----  [OUT]
2020/08/25 05:49:39:640
Linktest.req
00 00 00 0A FF FF 00 00 00 05 00 00 0F F2 

---->>>  [IN ]
2020/08/25 05:49:39:640
Linktest.rsp
00 00 00 0A FF FF 00 00 00 06 00 00 0F F2 

---->>>  [IN ]
2020/08/25 05:49:42:115
Linktest.req
00 00 00 0A FF FF 00 00 00 05 80 00 03 A8 

<<<----  [OUT]
2020/08/25 05:49:42:115
Linktest.rsp
00 00 00 0A FF FF 00 00 00 06 80 00 03 A8 

<<<----  [OUT]
2020/08/25 05:49:49:656
Linktest.req
00 00 00 0A FF FF 00 00 00 05 00 00 0F F3 

---->>>  [IN ]
2020/08/25 05:49:49:657
Linktest.rsp
00 00 00 0A FF FF 00 00 00 06 00 00 0F F3 

<<<----  [OUT]
2020/08/25 05:49:59:673
Linktest.req
00 00 00 0A FF FF 00 00 00 05 00 00 0F F4 

---->>>  [IN ]
2020/08/25 05:49:59:674
Linktest.rsp
00 00 00 0A FF FF 00 00 00 06 00 00 0F F4 

<<<----  [OUT]
2020/08/25 05:50:09:687
Linktest.req
00 00 00 0A FF FF 00 00 00 05 00 00 0F F5 

---->>>  [IN ]
2020/08/25 05:50:09:688
Linktest.rsp
00 00 00 0A FF FF 00 00 00 06 00 00 0F F5 

<<<----  [OUT]
2020/08/25 05:50:19:698
Linktest.req
00 00 00 0A FF FF 00 00 00 05 00 00 0F F6 

---->>>  [IN ]
2020/08/25 05:50:19:699
Linktest.rsp
00 00 00 0A FF FF 00 00 00 06 00 00 0F F6 

<<<----  [OUT]
2020/08/25 05:50:29:714
Linktest.req
00 00 00 0A FF FF 00 00 00 05 00 00 0F F7 

---->>>  [IN ]
2020/08/25 05:50:29:716
Linktest.rsp
00 00 00 0A FF FF 00 00 00 06 00 00 0F F7 

<<<----  [OUT]
2020/08/25 05:50:39:728
Linktest.req
00 00 00 0A FF FF 00 00 00 05 00 00 0F F8 

---->>>  [IN ]
2020/08/25 05:50:39:729
Linktest.rsp
00 00 00 0A FF FF 00 00 00 06 00 00 0F F8 

---->>>  [IN ]
2020/08/25 05:50:42:120
Linktest.req
00 00 00 0A FF FF 00 00 00 05 80 00 03 A9 

<<<----  [OUT]
2020/08/25 05:50:42:120
Linktest.rsp
00 00 00 0A FF FF 00 00 00 06 80 00 03 A9 

<<<----  [OUT]
2020/08/25 05:50:49:745
Linktest.req
00 00 00 0A FF FF 00 00 00 05 00 00 0F F9 

---->>>  [IN ]
2020/08/25 05:50:49:746
Linktest.rsp
00 00 00 0A FF FF 00 00 00 06 00 00 0F F9 

<<<----  [OUT]
2020/08/25 05:50:59:760
Linktest.req
00 00 00 0A FF FF 00 00 00 05 00 00 0F FA 

---->>>  [IN ]
2020/08/25 05:50:59:761
Linktest.rsp
00 00 00 0A FF FF 00 00 00 06 00 00 0F FA 

<<<----  [OUT]
2020/08/25 05:51:09:774
Linktest.req
00 00 00 0A FF FF 00 00 00 05 00 00 0F FB 

---->>>  [IN ]
2020/08/25 05:51:09:775
Linktest.rsp
00 00 00 0A FF FF 00 00 00 06 00 00 0F FB 

<<<----  [OUT]
2020/08/25 05:51:19:787
Linktest.req
00 00 00 0A FF FF 00 00 00 05 00 00 0F FC 

---->>>  [IN ]
2020/08/25 05:51:19:788
Linktest.rsp
00 00 00 0A FF FF 00 00 00 06 00 00 0F FC 

<<<----  [OUT]
2020/08/25 05:51:29:795
Linktest.req
00 00 00 0A FF FF 00 00 00 05 00 00 0F FD 

---->>>  [IN ]
2020/08/25 05:51:29:796
Linktest.rsp
00 00 00 0A FF FF 00 00 00 06 00 00 0F FD 

<<<----  [OUT]
2020/08/25 05:51:39:809
Linktest.req
00 00 00 0A FF FF 00 00 00 05 00 00 0F FE 

---->>>  [IN ]
2020/08/25 05:51:39:810
Linktest.rsp
00 00 00 0A FF FF 00 00 00 06 00 00 0F FE 

---->>>  [IN ]
2020/08/25 05:51:42:116
Linktest.req
00 00 00 0A FF FF 00 00 00 05 80 00 03 AA 

<<<----  [OUT]
2020/08/25 05:51:42:116
Linktest.rsp
00 00 00 0A FF FF 00 00 00 06 80 00 03 AA 

<<<----  [OUT]
2020/08/25 05:51:49:824
Linktest.req
00 00 00 0A FF FF 00 00 00 05 00 00 0F FF 

---->>>  [IN ]
2020/08/25 05:51:49:825
Linktest.rsp
00 00 00 0A FF FF 00 00 00 06 00 00 0F FF 

<<<----  [OUT]
2020/08/25 05:51:59:837
Linktest.req
00 00 00 0A FF FF 00 00 00 05 00 00 10 00 

---->>>  [IN ]
2020/08/25 05:51:59:838
Linktest.rsp
00 00 00 0A FF FF 00 00 00 06 00 00 10 00 

<<<----  [OUT]
2020/08/25 05:52:09:851
Linktest.req
00 00 00 0A FF FF 00 00 00 05 00 00 10 01 

---->>>  [IN ]
2020/08/25 05:52:09:852
Linktest.rsp
00 00 00 0A FF FF 00 00 00 06 00 00 10 01 

<<<----  [OUT]
2020/08/25 05:52:19:864
Linktest.req
00 00 00 0A FF FF 00 00 00 05 00 00 10 02 

---->>>  [IN ]
2020/08/25 05:52:19:865
Linktest.rsp
00 00 00 0A FF FF 00 00 00 06 00 00 10 02 

<<<----  [OUT]
2020/08/25 05:52:29:852
Linktest.req
00 00 00 0A FF FF 00 00 00 05 00 00 10 03 

---->>>  [IN ]
2020/08/25 05:52:29:853
Linktest.rsp
00 00 00 0A FF FF 00 00 00 06 00 00 10 03 

<<<----  [OUT]
2020/08/25 05:52:39:865
Linktest.req
00 00 00 0A FF FF 00 00 00 05 00 00 10 04 

---->>>  [IN ]
2020/08/25 05:52:39:866
Linktest.rsp
00 00 00 0A FF FF 00 00 00 06 00 00 10 04 

---->>>  [IN ]
2020/08/25 05:52:42:116
Linktest.req
00 00 00 0A FF FF 00 00 00 05 80 00 03 AB 

<<<----  [OUT]
2020/08/25 05:52:42:116
Linktest.rsp
00 00 00 0A FF FF 00 00 00 06 80 00 03 AB 

<<<----  [OUT]
2020/08/25 05:52:49:876
Linktest.req
00 00 00 0A FF FF 00 00 00 05 00 00 10 05 

---->>>  [IN ]
2020/08/25 05:52:49:877
Linktest.rsp
00 00 00 0A FF FF 00 00 00 06 00 00 10 05 

<<<----  [OUT]
2020/08/25 05:52:59:882
Linktest.req
00 00 00 0A FF FF 00 00 00 05 00 00 10 06 

---->>>  [IN ]
2020/08/25 05:52:59:883
Linktest.rsp
00 00 00 0A FF FF 00 00 00 06 00 00 10 06 

<<<----  [OUT]
2020/08/25 05:53:09:897
Linktest.req
00 00 00 0A FF FF 00 00 00 05 00 00 10 07 

---->>>  [IN ]
2020/08/25 05:53:09:898
Linktest.rsp
00 00 00 0A FF FF 00 00 00 06 00 00 10 07 

<<<----  [OUT]
2020/08/25 05:53:19:911
Linktest.req
00 00 00 0A FF FF 00 00 00 05 00 00 10 08 

---->>>  [IN ]
2020/08/25 05:53:19:912
Linktest.rsp
00 00 00 0A FF FF 00 00 00 06 00 00 10 08 

<<<----  [OUT]
2020/08/25 05:53:29:919
Linktest.req
00 00 00 0A FF FF 00 00 00 05 00 00 10 09 

---->>>  [IN ]
2020/08/25 05:53:29:920
Linktest.rsp
00 00 00 0A FF FF 00 00 00 06 00 00 10 09 

<<<----  [OUT]
2020/08/25 05:53:39:930
Linktest.req
00 00 00 0A FF FF 00 00 00 05 00 00 10 0A 

---->>>  [IN ]
2020/08/25 05:53:39:931
Linktest.rsp
00 00 00 0A FF FF 00 00 00 06 00 00 10 0A 

---->>>  [IN ]
2020/08/25 05:53:42:115
Linktest.req
00 00 00 0A FF FF 00 00 00 05 80 00 03 AC 

<<<----  [OUT]
2020/08/25 05:53:42:115
Linktest.rsp
00 00 00 0A FF FF 00 00 00 06 80 00 03 AC 

<<<----  [OUT]
2020/08/25 05:53:49:945
Linktest.req
00 00 00 0A FF FF 00 00 00 05 00 00 10 0B 

---->>>  [IN ]
2020/08/25 05:53:49:946
Linktest.rsp
00 00 00 0A FF FF 00 00 00 06 00 00 10 0B 

<<<----  [OUT]
2020/08/25 05:53:59:956
Linktest.req
00 00 00 0A FF FF 00 00 00 05 00 00 10 0C 

---->>>  [IN ]
2020/08/25 05:53:59:957
Linktest.rsp
00 00 00 0A FF FF 00 00 00 06 00 00 10 0C 

<<<----  [OUT]
2020/08/25 05:54:09:967
Linktest.req
00 00 00 0A FF FF 00 00 00 05 00 00 10 0D 

---->>>  [IN ]
2020/08/25 05:54:09:968
Linktest.rsp
00 00 00 0A FF FF 00 00 00 06 00 00 10 0D 

<<<----  [OUT]
2020/08/25 05:54:19:979
Linktest.req
00 00 00 0A FF FF 00 00 00 05 00 00 10 0E 

---->>>  [IN ]
2020/08/25 05:54:19:980
Linktest.rsp
00 00 00 0A FF FF 00 00 00 06 00 00 10 0E 

<<<----  [OUT]
2020/08/25 05:54:29:987
Linktest.req
00 00 00 0A FF FF 00 00 00 05 00 00 10 0F 

---->>>  [IN ]
2020/08/25 05:54:29:988
Linktest.rsp
00 00 00 0A FF FF 00 00 00 06 00 00 10 0F 

<<<----  [OUT]
2020/08/25 05:54:40:004
Linktest.req
00 00 00 0A FF FF 00 00 00 05 00 00 10 10 

---->>>  [IN ]
2020/08/25 05:54:40:005
Linktest.rsp
00 00 00 0A FF FF 00 00 00 06 00 00 10 10 

---->>>  [IN ]
2020/08/25 05:54:42:115
Linktest.req
00 00 00 0A FF FF 00 00 00 05 80 00 03 AD 

<<<----  [OUT]
2020/08/25 05:54:42:115
Linktest.rsp
00 00 00 0A FF FF 00 00 00 06 80 00 03 AD 

<<<----  [OUT]
2020/08/25 05:54:50:014
Linktest.req
00 00 00 0A FF FF 00 00 00 05 00 00 10 11 

---->>>  [IN ]
2020/08/25 05:54:50:014
Linktest.rsp
00 00 00 0A FF FF 00 00 00 06 00 00 10 11 

<<<----  [OUT]
2020/08/25 05:55:00:026
Linktest.req
00 00 00 0A FF FF 00 00 00 05 00 00 10 12 

---->>>  [IN ]
2020/08/25 05:55:00:027
Linktest.rsp
00 00 00 0A FF FF 00 00 00 06 00 00 10 12 

<<<----  [OUT]
2020/08/25 05:55:10:039
Linktest.req
00 00 00 0A FF FF 00 00 00 05 00 00 10 13 

---->>>  [IN ]
2020/08/25 05:55:10:040
Linktest.rsp
00 00 00 0A FF FF 00 00 00 06 00 00 10 13 

<<<----  [OUT]
2020/08/25 05:55:20:044
Linktest.req
00 00 00 0A FF FF 00 00 00 05 00 00 10 14 

---->>>  [IN ]
2020/08/25 05:55:20:045
Linktest.rsp
00 00 00 0A FF FF 00 00 00 06 00 00 10 14 

<<<----  [OUT]
2020/08/25 05:55:30:052
Linktest.req
00 00 00 0A FF FF 00 00 00 05 00 00 10 15 

---->>>  [IN ]
2020/08/25 05:55:30:053
Linktest.rsp
00 00 00 0A FF FF 00 00 00 06 00 00 10 15 

<<<----  [OUT]
2020/08/25 05:55:40:061
Linktest.req
00 00 00 0A FF FF 00 00 00 05 00 00 10 16 

---->>>  [IN ]
2020/08/25 05:55:40:062
Linktest.rsp
00 00 00 0A FF FF 00 00 00 06 00 00 10 16 

---->>>  [IN ]
2020/08/25 05:55:42:120
Linktest.req
00 00 00 0A FF FF 00 00 00 05 80 00 03 AE 

<<<----  [OUT]
2020/08/25 05:55:42:120
Linktest.rsp
00 00 00 0A FF FF 00 00 00 06 80 00 03 AE 

<<<----  [OUT]
2020/08/25 05:55:50:069
Linktest.req
00 00 00 0A FF FF 00 00 00 05 00 00 10 17 

---->>>  [IN ]
2020/08/25 05:55:50:070
Linktest.rsp
00 00 00 0A FF FF 00 00 00 06 00 00 10 17 

<<<----  [OUT]
2020/08/25 05:56:00:082
Linktest.req
00 00 00 0A FF FF 00 00 00 05 00 00 10 18 

---->>>  [IN ]
2020/08/25 05:56:00:083
Linktest.rsp
00 00 00 0A FF FF 00 00 00 06 00 00 10 18 

<<<----  [OUT]
2020/08/25 05:56:10:093
Linktest.req
00 00 00 0A FF FF 00 00 00 05 00 00 10 19 

---->>>  [IN ]
2020/08/25 05:56:10:094
Linktest.rsp
00 00 00 0A FF FF 00 00 00 06 00 00 10 19 

<<<----  [OUT]
2020/08/25 05:56:20:107
Linktest.req
00 00 00 0A FF FF 00 00 00 05 00 00 10 1A 

---->>>  [IN ]
2020/08/25 05:56:20:108
Linktest.rsp
00 00 00 0A FF FF 00 00 00 06 00 00 10 1A 

<<<----  [OUT]
2020/08/25 05:56:30:120
Linktest.req
00 00 00 0A FF FF 00 00 00 05 00 00 10 1B 

---->>>  [IN ]
2020/08/25 05:56:30:121
Linktest.rsp
00 00 00 0A FF FF 00 00 00 06 00 00 10 1B 

<<<----  [OUT]
2020/08/25 05:56:40:130
Linktest.req
00 00 00 0A FF FF 00 00 00 05 00 00 10 1C 

---->>>  [IN ]
2020/08/25 05:56:40:131
Linktest.rsp
00 00 00 0A FF FF 00 00 00 06 00 00 10 1C 

---->>>  [IN ]
2020/08/25 05:56:42:117
Linktest.req
00 00 00 0A FF FF 00 00 00 05 80 00 03 AF 

<<<----  [OUT]
2020/08/25 05:56:42:117
Linktest.rsp
00 00 00 0A FF FF 00 00 00 06 80 00 03 AF 

<<<----  [OUT]
2020/08/25 05:56:50:141
Linktest.req
00 00 00 0A FF FF 00 00 00 05 00 00 10 1D 

---->>>  [IN ]
2020/08/25 05:56:50:142
Linktest.rsp
00 00 00 0A FF FF 00 00 00 06 00 00 10 1D 

<<<----  [OUT]
2020/08/25 05:57:00:142
Linktest.req
00 00 00 0A FF FF 00 00 00 05 00 00 10 1E 

---->>>  [IN ]
2020/08/25 05:57:00:143
Linktest.rsp
00 00 00 0A FF FF 00 00 00 06 00 00 10 1E 

<<<----  [OUT]
2020/08/25 05:57:10:152
Linktest.req
00 00 00 0A FF FF 00 00 00 05 00 00 10 1F 

---->>>  [IN ]
2020/08/25 05:57:10:153
Linktest.rsp
00 00 00 0A FF FF 00 00 00 06 00 00 10 1F 

<<<----  [OUT]
2020/08/25 05:57:20:166
Linktest.req
00 00 00 0A FF FF 00 00 00 05 00 00 10 20 

---->>>  [IN ]
2020/08/25 05:57:20:167
Linktest.rsp
00 00 00 0A FF FF 00 00 00 06 00 00 10 20 

<<<----  [OUT]
2020/08/25 05:57:30:181
Linktest.req
00 00 00 0A FF FF 00 00 00 05 00 00 10 21 

---->>>  [IN ]
2020/08/25 05:57:30:182
Linktest.rsp
00 00 00 0A FF FF 00 00 00 06 00 00 10 21 

<<<----  [OUT]
2020/08/25 05:57:40:200
Linktest.req
00 00 00 0A FF FF 00 00 00 05 00 00 10 22 

---->>>  [IN ]
2020/08/25 05:57:40:201
Linktest.rsp
00 00 00 0A FF FF 00 00 00 06 00 00 10 22 

---->>>  [IN ]
2020/08/25 05:57:42:119
Linktest.req
00 00 00 0A FF FF 00 00 00 05 80 00 03 B0 

<<<----  [OUT]
2020/08/25 05:57:42:119
Linktest.rsp
00 00 00 0A FF FF 00 00 00 06 80 00 03 B0 

<<<----  [OUT]
2020/08/25 05:57:50:215
Linktest.req
00 00 00 0A FF FF 00 00 00 05 00 00 10 23 

---->>>  [IN ]
2020/08/25 05:57:50:216
Linktest.rsp
00 00 00 0A FF FF 00 00 00 06 00 00 10 23 

<<<----  [OUT]
2020/08/25 05:58:00:230
Linktest.req
00 00 00 0A FF FF 00 00 00 05 00 00 10 24 

---->>>  [IN ]
2020/08/25 05:58:00:231
Linktest.rsp
00 00 00 0A FF FF 00 00 00 06 00 00 10 24 

<<<----  [OUT]
2020/08/25 05:58:10:245
Linktest.req
00 00 00 0A FF FF 00 00 00 05 00 00 10 25 

---->>>  [IN ]
2020/08/25 05:58:10:246
Linktest.rsp
00 00 00 0A FF FF 00 00 00 06 00 00 10 25 

<<<----  [OUT]
2020/08/25 05:58:20:255
Linktest.req
00 00 00 0A FF FF 00 00 00 05 00 00 10 26 

---->>>  [IN ]
2020/08/25 05:58:20:256
Linktest.rsp
00 00 00 0A FF FF 00 00 00 06 00 00 10 26 

<<<----  [OUT]
2020/08/25 05:58:30:269
Linktest.req
00 00 00 0A FF FF 00 00 00 05 00 00 10 27 

---->>>  [IN ]
2020/08/25 05:58:30:270
Linktest.rsp
00 00 00 0A FF FF 00 00 00 06 00 00 10 27 

<<<----  [OUT]
2020/08/25 05:58:40:282
Linktest.req
00 00 00 0A FF FF 00 00 00 05 00 00 10 28 

---->>>  [IN ]
2020/08/25 05:58:40:283
Linktest.rsp
00 00 00 0A FF FF 00 00 00 06 00 00 10 28 

---->>>  [IN ]
2020/08/25 05:58:42:114
Linktest.req
00 00 00 0A FF FF 00 00 00 05 80 00 03 B1 

<<<----  [OUT]
2020/08/25 05:58:42:114
Linktest.rsp
00 00 00 0A FF FF 00 00 00 06 80 00 03 B1 

<<<----  [OUT]
2020/08/25 05:58:50:296
Linktest.req
00 00 00 0A FF FF 00 00 00 05 00 00 10 29 

---->>>  [IN ]
2020/08/25 05:58:50:297
Linktest.rsp
00 00 00 0A FF FF 00 00 00 06 00 00 10 29 

<<<----  [OUT]
2020/08/25 05:59:00:307
Linktest.req
00 00 00 0A FF FF 00 00 00 05 00 00 10 2A 

---->>>  [IN ]
2020/08/25 05:59:00:308
Linktest.rsp
00 00 00 0A FF FF 00 00 00 06 00 00 10 2A 

<<<----  [OUT]
2020/08/25 05:59:10:320
Linktest.req
00 00 00 0A FF FF 00 00 00 05 00 00 10 2B 

---->>>  [IN ]
2020/08/25 05:59:10:321
Linktest.rsp
00 00 00 0A FF FF 00 00 00 06 00 00 10 2B 

<<<----  [OUT]
2020/08/25 05:59:20:334
Linktest.req
00 00 00 0A FF FF 00 00 00 05 00 00 10 2C 

---->>>  [IN ]
2020/08/25 05:59:20:335
Linktest.rsp
00 00 00 0A FF FF 00 00 00 06 00 00 10 2C 

<<<----  [OUT]
2020/08/25 05:59:30:352
Linktest.req
00 00 00 0A FF FF 00 00 00 05 00 00 10 2D 

---->>>  [IN ]
2020/08/25 05:59:30:353
Linktest.rsp
00 00 00 0A FF FF 00 00 00 06 00 00 10 2D 

<<<----  [OUT]
2020/08/25 05:59:40:368
Linktest.req
00 00 00 0A FF FF 00 00 00 05 00 00 10 2E 

---->>>  [IN ]
2020/08/25 05:59:40:369
Linktest.rsp
00 00 00 0A FF FF 00 00 00 06 00 00 10 2E 

---->>>  [IN ]
2020/08/25 05:59:42:115
Linktest.req
00 00 00 0A FF FF 00 00 00 05 80 00 03 B2 

<<<----  [OUT]
2020/08/25 05:59:42:115
Linktest.rsp
00 00 00 0A FF FF 00 00 00 06 80 00 03 B2 

<<<----  [OUT]
2020/08/25 05:59:50:383
Linktest.req
00 00 00 0A FF FF 00 00 00 05 00 00 10 2F 

---->>>  [IN ]
2020/08/25 05:59:50:384
Linktest.rsp
00 00 00 0A FF FF 00 00 00 06 00 00 10 2F 
