
<<<----  [OUT]
2021/10/21 18:21:23:301

---------------------------------------------------------------------
// FA : Start Log ...


<<<----  [OUT]
2021/10/21 18:21:23:315

//-------------------------------------------------------------
Property Information

   Driver Type [HSMS]
   Driver Mode [ACTIVE]
   IP    [192.168.100.113]
   Port  [5000]
//-------------------------------------------------------------


<<<----  [OUT]
2021/10/21 18:21:23:917

Auto-Start Started ... (Active)

<<<----  [OUT]
2021/10/21 18:21:24:008

Auto-Start Started ...  Waiting Stop-Connection.

<<<----  [OUT]
2021/10/21 18:21:24:008

Auto-Start Started ...  Waiting Open-Socket.

<<<----  [OUT]
2021/10/21 18:21:24:028

Socket Open Started...

<<<----  [OUT]
2021/10/21 18:21:24:028

Socket Open Completed...

<<<----  [OUT]
2021/10/21 18:21:24:028

Connecting Started...

<<<----  [OUT]
2021/10/21 18:21:24:098

Auto-Start Completed ...  (Active)

<<<----  [OUT]
2021/10/21 18:21:45:062

I can't connect with the passive [192.168.100.113/5000] error_code:10060 !

<<<----  [OUT]
2021/10/21 18:21:47:542

Connecting Started...

<<<----  [OUT]
2021/10/21 18:22:08:583

I can't connect with the passive [192.168.100.113/5000] error_code:10060 !

<<<----  [OUT]
2021/10/21 18:22:11:073

Connecting Started...

<<<----  [OUT]
2021/10/21 18:22:32:093

I can't connect with the passive [192.168.100.113/5000] error_code:10060 !

<<<----  [OUT]
2021/10/21 18:22:34:574

Connecting Started...

<<<----  [OUT]
2021/10/21 18:22:55:606

I can't connect with the passive [192.168.100.113/5000] error_code:10060 !

<<<----  [OUT]
2021/10/21 18:22:58:089

Connecting Started...

<<<----  [OUT]
2021/10/21 18:23:19:124

I can't connect with the passive [192.168.100.113/5000] error_code:10060 !

<<<----  [OUT]
2021/10/21 18:23:21:604

Connecting Started...

<<<----  [OUT]
2021/10/21 18:23:42:654

I can't connect with the passive [192.168.100.113/5000] error_code:10060 !

<<<----  [OUT]
2021/10/21 18:23:45:136

Connecting Started...

<<<----  [OUT]
2021/10/21 18:24:06:188

I can't connect with the passive [192.168.100.113/5000] error_code:10060 !

<<<----  [OUT]
2021/10/21 18:24:08:668

Connecting Started...

<<<----  [OUT]
2021/10/21 18:24:29:713

I can't connect with the passive [192.168.100.113/5000] error_code:10060 !

<<<----  [OUT]
2021/10/21 18:24:32:199

Connecting Started...

<<<----  [OUT]
2021/10/21 18:24:53:205

I can't connect with the passive [192.168.100.113/5000] error_code:10060 !

<<<----  [OUT]
2021/10/21 18:24:55:682

Connecting Started...

<<<----  [OUT]
2021/10/21 18:25:16:719

I can't connect with the passive [192.168.100.113/5000] error_code:10060 !

<<<----  [OUT]
2021/10/21 18:25:19:198

Connecting Started...

<<<----  [OUT]
2021/10/21 18:25:40:248

I can't connect with the passive [192.168.100.113/5000] error_code:10060 !

<<<----  [OUT]
2021/10/21 18:25:42:730

Connecting Started...

<<<----  [OUT]
2021/10/21 18:26:03:768

I can't connect with the passive [192.168.100.113/5000] error_code:10060 !

<<<----  [OUT]
2021/10/21 18:26:06:246

Connecting Started...

<<<----  [OUT]
2021/10/21 18:26:27:278

I can't connect with the passive [192.168.100.113/5000] error_code:10060 !

<<<----  [OUT]
2021/10/21 18:26:29:761

Connecting Started...

<<<----  [OUT]
2021/10/21 18:26:50:817

I can't connect with the passive [192.168.100.113/5000] error_code:10060 !

<<<----  [OUT]
2021/10/21 18:26:53:308

Connecting Started...

<<<----  [OUT]
2021/10/21 18:27:14:335

I can't connect with the passive [192.168.100.113/5000] error_code:10060 !

<<<----  [OUT]
2021/10/21 18:27:16:823

Connecting Started...

<<<----  [OUT]
2021/10/21 18:27:37:872

I can't connect with the passive [192.168.100.113/5000] error_code:10060 !

<<<----  [OUT]
2021/10/21 18:27:40:354

Connecting Started...

<<<----  [OUT]
2021/10/21 18:28:01:401

I can't connect with the passive [192.168.100.113/5000] error_code:10060 !

<<<----  [OUT]
2021/10/21 18:28:03:886

Connecting Started...

<<<----  [OUT]
2021/10/21 18:28:24:940

I can't connect with the passive [192.168.100.113/5000] error_code:10060 !

<<<----  [OUT]
2021/10/21 18:28:27:418

Connecting Started...

<<<----  [OUT]
2021/10/21 18:32:09:778

---------------------------------------------------------------------
// FA : Start Log ...


<<<----  [OUT]
2021/10/21 18:32:09:786

//-------------------------------------------------------------
Property Information

   Driver Type [HSMS]
   Driver Mode [ACTIVE]
   IP    [192.168.100.113]
   Port  [5000]
//-------------------------------------------------------------


<<<----  [OUT]
2021/10/21 18:32:10:388

Auto-Start Started ... (Active)

<<<----  [OUT]
2021/10/21 18:32:10:478

Auto-Start Started ...  Waiting Stop-Connection.

<<<----  [OUT]
2021/10/21 18:32:10:478

Auto-Start Started ...  Waiting Open-Socket.

<<<----  [OUT]
2021/10/21 18:32:10:504

Socket Open Started...

<<<----  [OUT]
2021/10/21 18:32:10:504

Socket Open Completed...

<<<----  [OUT]
2021/10/21 18:32:10:504

Connecting Started...

<<<----  [OUT]
2021/10/21 18:32:10:569

Auto-Start Completed ...  (Active)

<<<----  [OUT]
2021/10/21 18:32:31:526

I can't connect with the passive [192.168.100.113/5000] error_code:10060 !

<<<----  [OUT]
2021/10/21 18:32:34:010

Connecting Started...

<<<----  [OUT]
2021/10/21 18:32:55:042

I can't connect with the passive [192.168.100.113/5000] error_code:10060 !

<<<----  [OUT]
2021/10/21 18:32:57:526

Connecting Started...

<<<----  [OUT]
2021/10/21 18:33:18:549

I can't connect with the passive [192.168.100.113/5000] error_code:10060 !

<<<----  [OUT]
2021/10/21 18:33:21:027

Connecting Started...

<<<----  [OUT]
2021/10/21 18:33:42:082

I can't connect with the passive [192.168.100.113/5000] error_code:10060 !

<<<----  [OUT]
2021/10/21 18:33:44:574

Connecting Started...

<<<----  [OUT]
2021/10/21 18:34:05:606

I can't connect with the passive [192.168.100.113/5000] error_code:10060 !

<<<----  [OUT]
2021/10/21 18:34:08:090

Connecting Started...

<<<----  [OUT]
2021/10/21 18:34:29:141

I can't connect with the passive [192.168.100.113/5000] error_code:10060 !

<<<----  [OUT]
2021/10/21 18:34:31:620

Connecting Started...

<<<----  [OUT]
2021/10/21 18:34:52:662

I can't connect with the passive [192.168.100.113/5000] error_code:10060 !

<<<----  [OUT]
2021/10/21 18:34:55:151

Connecting Started...

<<<----  [OUT]
2021/10/21 18:35:16:183

I can't connect with the passive [192.168.100.113/5000] error_code:10060 !

<<<----  [OUT]
2021/10/21 18:35:18:668

Connecting Started...

<<<----  [OUT]
2021/10/21 18:35:39:706

I can't connect with the passive [192.168.100.113/5000] error_code:10060 !

<<<----  [OUT]
2021/10/21 18:35:42:183

Connecting Started...

<<<----  [OUT]
2021/10/21 18:36:03:228

I can't connect with the passive [192.168.100.113/5000] error_code:10060 !

<<<----  [OUT]
2021/10/21 18:36:05:714

Connecting Started...

<<<----  [OUT]
2021/10/21 18:36:26:751

I can't connect with the passive [192.168.100.113/5000] error_code:10060 !

<<<----  [OUT]
2021/10/21 18:36:29:230

Connecting Started...

<<<----  [OUT]
2021/10/21 18:36:50:269

I can't connect with the passive [192.168.100.113/5000] error_code:10060 !

<<<----  [OUT]
2021/10/21 18:36:52:745

Connecting Started...

<<<----  [OUT]
2021/10/21 18:37:13:782

I can't connect with the passive [192.168.100.113/5000] error_code:10060 !

<<<----  [OUT]
2021/10/21 18:37:16:260

Connecting Started...

<<<----  [OUT]
2021/10/21 18:37:37:311

I can't connect with the passive [192.168.100.113/5000] error_code:10060 !

<<<----  [OUT]
2021/10/21 18:37:39:792

Connecting Started...

<<<----  [OUT]
2021/10/21 18:38:00:824

I can't connect with the passive [192.168.100.113/5000] error_code:10060 !

<<<----  [OUT]
2021/10/21 18:38:03:309

Connecting Started...

<<<----  [OUT]
2021/10/21 18:38:24:350

I can't connect with the passive [192.168.100.113/5000] error_code:10060 !

<<<----  [OUT]
2021/10/21 18:38:26:838

Connecting Started...

<<<----  [OUT]
2021/10/21 18:38:47:882

I can't connect with the passive [192.168.100.113/5000] error_code:10060 !

<<<----  [OUT]
2021/10/21 18:38:50:369

Connecting Started...

<<<----  [OUT]
2021/10/21 18:39:11:413

I can't connect with the passive [192.168.100.113/5000] error_code:10060 !

<<<----  [OUT]
2021/10/21 18:39:13:902

Connecting Started...

<<<----  [OUT]
2021/10/21 18:39:34:950

I can't connect with the passive [192.168.100.113/5000] error_code:10060 !

<<<----  [OUT]
2021/10/21 18:39:37:433

Connecting Started...

<<<----  [OUT]
2021/10/21 18:39:58:463

I can't connect with the passive [192.168.100.113/5000] error_code:10060 !

<<<----  [OUT]
2021/10/21 18:40:00:949

Connecting Started...

<<<----  [OUT]
2021/10/21 18:40:21:990

I can't connect with the passive [192.168.100.113/5000] error_code:10060 !

<<<----  [OUT]
2021/10/21 18:40:24:481

Connecting Started...

<<<----  [OUT]
2021/10/21 18:40:45:531

I can't connect with the passive [192.168.100.113/5000] error_code:10060 !

<<<----  [OUT]
2021/10/21 18:40:48:011

Connecting Started...

<<<----  [OUT]
2021/10/21 18:41:09:039

I can't connect with the passive [192.168.100.113/5000] error_code:10060 !

<<<----  [OUT]
2021/10/21 18:41:11:527

Connecting Started...

<<<----  [OUT]
2021/10/21 18:41:32:563

I can't connect with the passive [192.168.100.113/5000] error_code:10060 !

<<<----  [OUT]
2021/10/21 18:41:35:043

Connecting Started...

<<<----  [OUT]
2021/10/21 18:41:56:086

I can't connect with the passive [192.168.100.113/5000] error_code:10060 !

<<<----  [OUT]
2021/10/21 18:41:58:573

Connecting Started...

<<<----  [OUT]
2021/10/21 18:42:19:606

I can't connect with the passive [192.168.100.113/5000] error_code:10060 !

<<<----  [OUT]
2021/10/21 18:42:22:089

Connecting Started...

<<<----  [OUT]
2021/10/21 18:42:43:126

I can't connect with the passive [192.168.100.113/5000] error_code:10060 !

<<<----  [OUT]
2021/10/21 18:42:45:605

Connecting Started...

<<<----  [OUT]
2021/10/21 18:43:06:641

I can't connect with the passive [192.168.100.113/5000] error_code:10060 !

<<<----  [OUT]
2021/10/21 18:43:09:121

Connecting Started...

<<<----  [OUT]
2021/10/21 18:43:30:140

I can't connect with the passive [192.168.100.113/5000] error_code:10060 !

<<<----  [OUT]
2021/10/21 18:43:32:621

Connecting Started...

<<<----  [OUT]
2021/10/21 18:43:53:653

I can't connect with the passive [192.168.100.113/5000] error_code:10060 !

<<<----  [OUT]
2021/10/21 18:43:56:136

Connecting Started...

<<<----  [OUT]
2021/10/21 18:44:17:185

I can't connect with the passive [192.168.100.113/5000] error_code:10060 !

<<<----  [OUT]
2021/10/21 18:44:19:667

Connecting Started...

<<<----  [OUT]
2021/10/21 18:44:40:692

I can't connect with the passive [192.168.100.113/5000] error_code:10060 !

<<<----  [OUT]
2021/10/21 18:44:43:182

Connecting Started...

<<<----  [OUT]
2021/10/21 18:45:04:225

I can't connect with the passive [192.168.100.113/5000] error_code:10060 !

<<<----  [OUT]
2021/10/21 18:45:06:715

Connecting Started...

<<<----  [OUT]
2021/10/21 18:45:27:745

I can't connect with the passive [192.168.100.113/5000] error_code:10060 !

<<<----  [OUT]
2021/10/21 18:45:30:229

Connecting Started...

<<<----  [OUT]
2021/10/21 18:45:51:276

I can't connect with the passive [192.168.100.113/5000] error_code:10060 !

<<<----  [OUT]
2021/10/21 18:45:53:761

Connecting Started...

<<<----  [OUT]
2021/10/21 18:46:14:797

I can't connect with the passive [192.168.100.113/5000] error_code:10060 !

<<<----  [OUT]
2021/10/21 18:46:17:276

Connecting Started...

<<<----  [OUT]
2021/10/21 18:46:38:308

I can't connect with the passive [192.168.100.113/5000] error_code:10060 !

<<<----  [OUT]
2021/10/21 18:46:40:791

Connecting Started...

<<<----  [OUT]
2021/10/21 18:47:01:831

I can't connect with the passive [192.168.100.113/5000] error_code:10060 !

<<<----  [OUT]
2021/10/21 18:47:04:307

Connecting Started...

<<<----  [OUT]
2021/10/21 18:47:25:361

I can't connect with the passive [192.168.100.113/5000] error_code:10060 !

<<<----  [OUT]
2021/10/21 18:47:27:838

Connecting Started...

<<<----  [OUT]
2021/10/21 18:47:48:881

I can't connect with the passive [192.168.100.113/5000] error_code:10060 !

<<<----  [OUT]
2021/10/21 18:47:51:369

Connecting Started...

<<<----  [OUT]
2021/10/21 18:48:12:409

I can't connect with the passive [192.168.100.113/5000] error_code:10060 !

<<<----  [OUT]
2021/10/21 18:48:14:885

Connecting Started...

<<<----  [OUT]
2021/10/21 18:48:35:928

I can't connect with the passive [192.168.100.113/5000] error_code:10060 !

<<<----  [OUT]
2021/10/21 18:48:38:417

Connecting Started...

<<<----  [OUT]
2021/10/21 18:48:59:452

I can't connect with the passive [192.168.100.113/5000] error_code:10060 !

<<<----  [OUT]
2021/10/21 18:49:01:933

Connecting Started...

<<<----  [OUT]
2021/10/21 18:49:22:961

I can't connect with the passive [192.168.100.113/5000] error_code:10060 !

<<<----  [OUT]
2021/10/21 18:49:25:448

Connecting Started...

<<<----  [OUT]
2021/10/21 18:49:46:496

I can't connect with the passive [192.168.100.113/5000] error_code:10060 !

<<<----  [OUT]
2021/10/21 18:49:48:980

Connecting Started...

<<<----  [OUT]
2021/10/21 18:50:10:015

I can't connect with the passive [192.168.100.113/5000] error_code:10060 !

<<<----  [OUT]
2021/10/21 18:50:12:496

Connecting Started...

<<<----  [OUT]
2021/10/21 18:50:33:547

I can't connect with the passive [192.168.100.113/5000] error_code:10060 !

<<<----  [OUT]
2021/10/21 18:50:36:026

Connecting Started...

<<<----  [OUT]
2021/10/21 18:50:57:073

I can't connect with the passive [192.168.100.113/5000] error_code:10060 !

<<<----  [OUT]
2021/10/21 18:50:59:558

Connecting Started...

<<<----  [OUT]
2021/10/21 18:51:20:581

I can't connect with the passive [192.168.100.113/5000] error_code:10060 !

<<<----  [OUT]
2021/10/21 18:51:23:057

Connecting Started...

<<<----  [OUT]
2021/10/21 18:51:44:101

I can't connect with the passive [192.168.100.113/5000] error_code:10060 !

<<<----  [OUT]
2021/10/21 18:51:46:589

Connecting Started...

<<<----  [OUT]
2021/10/21 18:52:07:634

I can't connect with the passive [192.168.100.113/5000] error_code:10060 !

<<<----  [OUT]
2021/10/21 18:52:10:120

Connecting Started...

<<<----  [OUT]
2021/10/21 18:52:31:170

I can't connect with the passive [192.168.100.113/5000] error_code:10060 !

<<<----  [OUT]
2021/10/21 18:52:33:651

Connecting Started...

<<<----  [OUT]
2021/10/21 18:52:54:702

I can't connect with the passive [192.168.100.113/5000] error_code:10060 !

<<<----  [OUT]
2021/10/21 18:52:57:183

Connecting Started...

<<<----  [OUT]
2021/10/21 18:53:18:218

I can't connect with the passive [192.168.100.113/5000] error_code:10060 !

<<<----  [OUT]
2021/10/21 18:53:20:699

Connecting Started...

<<<----  [OUT]
2021/10/21 18:53:41:750

I can't connect with the passive [192.168.100.113/5000] error_code:10060 !

<<<----  [OUT]
2021/10/21 18:53:44:229

Connecting Started...

<<<----  [OUT]
2021/10/21 18:54:05:279

I can't connect with the passive [192.168.100.113/5000] error_code:10060 !

<<<----  [OUT]
2021/10/21 18:54:07:762

Connecting Started...

<<<----  [OUT]
2021/10/21 18:54:28:810

I can't connect with the passive [192.168.100.113/5000] error_code:10060 !

<<<----  [OUT]
2021/10/21 18:54:31:292

Connecting Started...

<<<----  [OUT]
2021/10/21 18:54:52:323

I can't connect with the passive [192.168.100.113/5000] error_code:10060 !

<<<----  [OUT]
2021/10/21 18:54:54:808

Connecting Started...

<<<----  [OUT]
2021/10/21 18:55:15:836

I can't connect with the passive [192.168.100.113/5000] error_code:10060 !

<<<----  [OUT]
2021/10/21 18:55:18:323

Connecting Started...

<<<----  [OUT]
2021/10/21 18:55:39:365

I can't connect with the passive [192.168.100.113/5000] error_code:10060 !

<<<----  [OUT]
2021/10/21 18:55:41:854

Connecting Started...

<<<----  [OUT]
2021/10/21 18:56:02:912

I can't connect with the passive [192.168.100.113/5000] error_code:10060 !

<<<----  [OUT]
2021/10/21 18:56:05:402

Connecting Started...

<<<----  [OUT]
2021/10/21 18:56:26:438

I can't connect with the passive [192.168.100.113/5000] error_code:10060 !

<<<----  [OUT]
2021/10/21 18:56:28:918

Connecting Started...

<<<----  [OUT]
2021/10/21 18:56:49:951

I can't connect with the passive [192.168.100.113/5000] error_code:10060 !

<<<----  [OUT]
2021/10/21 18:56:52:433

Connecting Started...

<<<----  [OUT]
2021/10/21 18:57:13:466

I can't connect with the passive [192.168.100.113/5000] error_code:10060 !

<<<----  [OUT]
2021/10/21 18:57:15:948

Connecting Started...

<<<----  [OUT]
2021/10/21 18:57:36:990

I can't connect with the passive [192.168.100.113/5000] error_code:10060 !

<<<----  [OUT]
2021/10/21 18:57:39:480

Connecting Started...

<<<----  [OUT]
2021/10/21 18:58:00:520

I can't connect with the passive [192.168.100.113/5000] error_code:10060 !

<<<----  [OUT]
2021/10/21 18:58:03:011

Connecting Started...

<<<----  [OUT]
2021/10/21 18:58:24:050

I can't connect with the passive [192.168.100.113/5000] error_code:10060 !

<<<----  [OUT]
2021/10/21 18:58:26:526

Connecting Started...

<<<----  [OUT]
2021/10/21 18:58:47:570

I can't connect with the passive [192.168.100.113/5000] error_code:10060 !

<<<----  [OUT]
2021/10/21 18:58:50:058

Connecting Started...

<<<----  [OUT]
2021/10/21 18:59:11:072

I can't connect with the passive [192.168.100.113/5000] error_code:10060 !

<<<----  [OUT]
2021/10/21 18:59:13:558

Connecting Started...

<<<----  [OUT]
2021/10/21 18:59:34:602

I can't connect with the passive [192.168.100.113/5000] error_code:10060 !

<<<----  [OUT]
2021/10/21 18:59:37:089

Connecting Started...

<<<----  [OUT]
2021/10/21 18:59:58:131

I can't connect with the passive [192.168.100.113/5000] error_code:10060 !
