
<<<----  [OUT]
2020/08/27 19:00:01:088

I can't connect with the passive [192.168.100.113/5000] error_code:10061 !

<<<----  [OUT]
2020/08/27 19:00:03:576

Connecting Started...

<<<----  [OUT]
2020/08/27 19:00:05:606

I can't connect with the passive [192.168.100.113/5000] error_code:10061 !

<<<----  [OUT]
2020/08/27 19:00:08:092

Connecting Started...

<<<----  [OUT]
2020/08/27 19:00:10:124

I can't connect with the passive [192.168.100.113/5000] error_code:10061 !

<<<----  [OUT]
2020/08/27 19:00:12:608

Connecting Started...

<<<----  [OUT]
2020/08/27 19:00:14:643

I can't connect with the passive [192.168.100.113/5000] error_code:10061 !

<<<----  [OUT]
2020/08/27 19:00:17:122

Connecting Started...

<<<----  [OUT]
2020/08/27 19:00:19:162

I can't connect with the passive [192.168.100.113/5000] error_code:10061 !

<<<----  [OUT]
2020/08/27 19:00:21:653

Connecting Started...

<<<----  [OUT]
2020/08/27 19:00:23:696

I can't connect with the passive [192.168.100.113/5000] error_code:10061 !

<<<----  [OUT]
2020/08/27 19:00:26:184

Connecting Started...

<<<----  [OUT]
2020/08/27 19:00:28:217

I can't connect with the passive [192.168.100.113/5000] error_code:10061 !

<<<----  [OUT]
2020/08/27 19:00:30:701

Connecting Started...

<<<----  [OUT]
2020/08/27 19:00:32:735

I can't connect with the passive [192.168.100.113/5000] error_code:10061 !

<<<----  [OUT]
2020/08/27 19:00:35:215

Connecting Started...

<<<----  [OUT]
2020/08/27 19:00:37:254

I can't connect with the passive [192.168.100.113/5000] error_code:10061 !

<<<----  [OUT]
2020/08/27 19:00:39:732

Connecting Started...

<<<----  [OUT]
2020/08/27 19:00:41:772

I can't connect with the passive [192.168.100.113/5000] error_code:10061 !

<<<----  [OUT]
2020/08/27 19:00:44:264

Connecting Started...

<<<----  [OUT]
2020/08/27 19:00:46:296

I can't connect with the passive [192.168.100.113/5000] error_code:10061 !

<<<----  [OUT]
2020/08/27 19:00:48:778

Connecting Started...

<<<----  [OUT]
2020/08/27 19:00:50:814

I can't connect with the passive [192.168.100.113/5000] error_code:10061 !

<<<----  [OUT]
2020/08/27 19:00:53:295

Connecting Started...

<<<----  [OUT]
2020/08/27 19:00:55:332

I can't connect with the passive [192.168.100.113/5000] error_code:10061 !

<<<----  [OUT]
2020/08/27 19:00:57:810

Connecting Started...

<<<----  [OUT]
2020/08/27 19:00:59:850

I can't connect with the passive [192.168.100.113/5000] error_code:10061 !

<<<----  [OUT]
2020/08/27 19:01:02:342

Connecting Started...

<<<----  [OUT]
2020/08/27 19:01:04:383

I can't connect with the passive [192.168.100.113/5000] error_code:10061 !

<<<----  [OUT]
2020/08/27 19:01:06:871

Connecting Started...

<<<----  [OUT]
2020/08/27 19:01:08:901

I can't connect with the passive [192.168.100.113/5000] error_code:10061 !

<<<----  [OUT]
2020/08/27 19:01:11:388

Connecting Started...

<<<----  [OUT]
2020/08/27 19:01:13:420

I can't connect with the passive [192.168.100.113/5000] error_code:10061 !

<<<----  [OUT]
2020/08/27 19:01:15:903

Connecting Started...

<<<----  [OUT]
2020/08/27 19:01:17:938

I can't connect with the passive [192.168.100.113/5000] error_code:10061 !

<<<----  [OUT]
2020/08/27 19:01:20:419

Connecting Started...

<<<----  [OUT]
2020/08/27 19:01:22:456

I can't connect with the passive [192.168.100.113/5000] error_code:10061 !

<<<----  [OUT]
2020/08/27 19:01:24:935

Connecting Started...

<<<----  [OUT]
2020/08/27 19:01:26:975

I can't connect with the passive [192.168.100.113/5000] error_code:10061 !

<<<----  [OUT]
2020/08/27 19:01:29:466

Connecting Started...

<<<----  [OUT]
2020/08/27 19:01:31:494

I can't connect with the passive [192.168.100.113/5000] error_code:10061 !

<<<----  [OUT]
2020/08/27 19:01:33:982

Connecting Started...

<<<----  [OUT]
2020/08/27 19:01:36:013

I can't connect with the passive [192.168.100.113/5000] error_code:10061 !

<<<----  [OUT]
2020/08/27 19:01:38:497

Connecting Started...

<<<----  [OUT]
2020/08/27 19:01:40:531

I can't connect with the passive [192.168.100.113/5000] error_code:10061 !

<<<----  [OUT]
2020/08/27 19:01:43:013

Connecting Started...

<<<----  [OUT]
2020/08/27 19:01:45:049

I can't connect with the passive [192.168.100.113/5000] error_code:10061 !

<<<----  [OUT]
2020/08/27 19:01:47:529

Connecting Started...

<<<----  [OUT]
2020/08/27 19:01:49:567

I can't connect with the passive [192.168.100.113/5000] error_code:10061 !

<<<----  [OUT]
2020/08/27 19:01:52:045

Connecting Started...

<<<----  [OUT]
2020/08/27 19:01:54:085

I can't connect with the passive [192.168.100.113/5000] error_code:10061 !

<<<----  [OUT]
2020/08/27 19:01:56:575

Connecting Started...

<<<----  [OUT]
2020/08/27 19:01:58:609

I can't connect with the passive [192.168.100.113/5000] error_code:10061 !

<<<----  [OUT]
2020/08/27 19:02:01:090

Connecting Started...

<<<----  [OUT]
2020/08/27 19:02:03:128

I can't connect with the passive [192.168.100.113/5000] error_code:10061 !

<<<----  [OUT]
2020/08/27 19:02:05:607

Connecting Started...

<<<----  [OUT]
2020/08/27 19:02:07:647

I can't connect with the passive [192.168.100.113/5000] error_code:10061 !

<<<----  [OUT]
2020/08/27 19:02:10:137

Connecting Started...

<<<----  [OUT]
2020/08/27 19:02:12:180

I can't connect with the passive [192.168.100.113/5000] error_code:10061 !

<<<----  [OUT]
2020/08/27 19:02:14:670

Connecting Started...

<<<----  [OUT]
2020/08/27 19:02:16:714

I can't connect with the passive [192.168.100.113/5000] error_code:10061 !

<<<----  [OUT]
2020/08/27 19:02:19:201

Connecting Started...

<<<----  [OUT]
2020/08/27 19:02:21:234

I can't connect with the passive [192.168.100.113/5000] error_code:10061 !

<<<----  [OUT]
2020/08/27 19:02:23:717

Connecting Started...

<<<----  [OUT]
2020/08/27 19:02:25:756

I can't connect with the passive [192.168.100.113/5000] error_code:10061 !

<<<----  [OUT]
2020/08/27 19:02:28:231

Connecting Started...

<<<----  [OUT]
2020/08/27 19:02:30:261

I can't connect with the passive [192.168.100.113/5000] error_code:10061 !

<<<----  [OUT]
2020/08/27 19:02:32:748

Connecting Started...

<<<----  [OUT]
2020/08/27 19:02:34:779

I can't connect with the passive [192.168.100.113/5000] error_code:10061 !

<<<----  [OUT]
2020/08/27 19:02:37:263

Connecting Started...

<<<----  [OUT]
2020/08/27 19:02:39:297

I can't connect with the passive [192.168.100.113/5000] error_code:10061 !

<<<----  [OUT]
2020/08/27 19:02:41:778

Connecting Started...

<<<----  [OUT]
2020/08/27 19:02:43:816

I can't connect with the passive [192.168.100.113/5000] error_code:10061 !

<<<----  [OUT]
2020/08/27 19:02:46:294

Connecting Started...

<<<----  [OUT]
2020/08/27 19:02:48:336

I can't connect with the passive [192.168.100.113/5000] error_code:10061 !

<<<----  [OUT]
2020/08/27 19:02:50:824

Connecting Started...

<<<----  [OUT]
2020/08/27 19:02:52:855

I can't connect with the passive [192.168.100.113/5000] error_code:10061 !

<<<----  [OUT]
2020/08/27 19:02:55:340

Connecting Started...

<<<----  [OUT]
2020/08/27 19:02:57:375

I can't connect with the passive [192.168.100.113/5000] error_code:10061 !

<<<----  [OUT]
2020/08/27 19:02:59:857

Connecting Started...

<<<----  [OUT]
2020/08/27 19:03:01:896

I can't connect with the passive [192.168.100.113/5000] error_code:10061 !

<<<----  [OUT]
2020/08/27 19:03:04:372

Connecting Started...

<<<----  [OUT]
2020/08/27 19:03:06:414

I can't connect with the passive [192.168.100.113/5000] error_code:10061 !

<<<----  [OUT]
2020/08/27 19:03:08:904

Connecting Started...

<<<----  [OUT]
2020/08/27 19:03:10:933

I can't connect with the passive [192.168.100.113/5000] error_code:10061 !

<<<----  [OUT]
2020/08/27 19:03:13:420

Connecting Started...

<<<----  [OUT]
2020/08/27 19:03:15:451

I can't connect with the passive [192.168.100.113/5000] error_code:10061 !

<<<----  [OUT]
2020/08/27 19:03:17:934

Connecting Started...

<<<----  [OUT]
2020/08/27 19:03:19:969

I can't connect with the passive [192.168.100.113/5000] error_code:10061 !

<<<----  [OUT]
2020/08/27 19:03:22:451

Connecting Started...

<<<----  [OUT]
2020/08/27 19:03:24:486

I can't connect with the passive [192.168.100.113/5000] error_code:10061 !

<<<----  [OUT]
2020/08/27 19:03:26:967

Connecting Started...

<<<----  [OUT]
2020/08/27 19:03:29:005

I can't connect with the passive [192.168.100.113/5000] error_code:10061 !

<<<----  [OUT]
2020/08/27 19:03:31:481

Connecting Started...

<<<----  [OUT]
2020/08/27 19:03:33:508

I can't connect with the passive [192.168.100.113/5000] error_code:10061 !

<<<----  [OUT]
2020/08/27 19:03:35:997

Connecting Started...

<<<----  [OUT]
2020/08/27 19:03:38:030

I can't connect with the passive [192.168.100.113/5000] error_code:10061 !

<<<----  [OUT]
2020/08/27 19:03:40:513

Connecting Started...

<<<----  [OUT]
2020/08/27 19:03:42:549

I can't connect with the passive [192.168.100.113/5000] error_code:10061 !

<<<----  [OUT]
2020/08/27 19:03:45:028

Connecting Started...

<<<----  [OUT]
2020/08/27 19:03:47:070

I can't connect with the passive [192.168.100.113/5000] error_code:10061 !

<<<----  [OUT]
2020/08/27 19:03:49:559

Connecting Started...

<<<----  [OUT]
2020/08/27 19:03:51:589

I can't connect with the passive [192.168.100.113/5000] error_code:10061 !

<<<----  [OUT]
2020/08/27 19:03:54:076

Connecting Started...

<<<----  [OUT]
2020/08/27 19:03:56:109

I can't connect with the passive [192.168.100.113/5000] error_code:10061 !

<<<----  [OUT]
2020/08/27 19:03:58:591

Connecting Started...

<<<----  [OUT]
2020/08/27 19:04:00:627

I can't connect with the passive [192.168.100.113/5000] error_code:10061 !

<<<----  [OUT]
2020/08/27 19:04:03:107

Connecting Started...

<<<----  [OUT]
2020/08/27 19:04:05:146

I can't connect with the passive [192.168.100.113/5000] error_code:10061 !

<<<----  [OUT]
2020/08/27 19:04:07:623

Connecting Started...

<<<----  [OUT]
2020/08/27 19:04:09:663

I can't connect with the passive [192.168.100.113/5000] error_code:10061 !

<<<----  [OUT]
2020/08/27 19:04:12:154

Connecting Started...

<<<----  [OUT]
2020/08/27 19:04:14:197

I can't connect with the passive [192.168.100.113/5000] error_code:10061 !

<<<----  [OUT]
2020/08/27 19:04:16:685

Connecting Started...

<<<----  [OUT]
2020/08/27 19:04:18:719

I can't connect with the passive [192.168.100.113/5000] error_code:10061 !

<<<----  [OUT]
2020/08/27 19:04:21:201

Connecting Started...

<<<----  [OUT]
2020/08/27 19:04:23:243

I can't connect with the passive [192.168.100.113/5000] error_code:10061 !

<<<----  [OUT]
2020/08/27 19:04:25:731

Connecting Started...

<<<----  [OUT]
2020/08/27 19:04:27:777

I can't connect with the passive [192.168.100.113/5000] error_code:10061 !

<<<----  [OUT]
2020/08/27 19:04:30:263

Connecting Started...

<<<----  [OUT]
2020/08/27 19:04:32:307

I can't connect with the passive [192.168.100.113/5000] error_code:10061 !

<<<----  [OUT]
2020/08/27 19:04:34:794

Connecting Started...

<<<----  [OUT]
2020/08/27 19:04:36:834

I can't connect with the passive [192.168.100.113/5000] error_code:10061 !

<<<----  [OUT]
2020/08/27 19:04:39:326

Connecting Started...

<<<----  [OUT]
2020/08/27 19:04:41:367

I can't connect with the passive [192.168.100.113/5000] error_code:10061 !

<<<----  [OUT]
2020/08/27 19:04:43:857

Connecting Started...

<<<----  [OUT]
2020/08/27 19:04:45:913

I can't connect with the passive [192.168.100.113/5000] error_code:10061 !

<<<----  [OUT]
2020/08/27 19:04:48:404

Connecting Started...

<<<----  [OUT]
2020/08/27 19:04:50:443

I can't connect with the passive [192.168.100.113/5000] error_code:10061 !

<<<----  [OUT]
2020/08/27 19:04:52:920

Connecting Started...

<<<----  [OUT]
2020/08/27 19:04:54:970

I can't connect with the passive [192.168.100.113/5000] error_code:10061 !

<<<----  [OUT]
2020/08/27 19:04:57:450

Connecting Started...

<<<----  [OUT]
2020/08/27 19:04:59:489

I can't connect with the passive [192.168.100.113/5000] error_code:10061 !

<<<----  [OUT]
2020/08/27 19:05:01:967

Connecting Started...

<<<----  [OUT]
2020/08/27 19:05:04:003

I can't connect with the passive [192.168.100.113/5000] error_code:10061 !

<<<----  [OUT]
2020/08/27 19:05:06:481

Connecting Started...

<<<----  [OUT]
2020/08/27 19:05:08:527

I can't connect with the passive [192.168.100.113/5000] error_code:10061 !

<<<----  [OUT]
2020/08/27 19:05:11:014

Connecting Started...

<<<----  [OUT]
2020/08/27 19:05:13:068

I can't connect with the passive [192.168.100.113/5000] error_code:10061 !

<<<----  [OUT]
2020/08/27 19:05:15:559

Connecting Started...

<<<----  [OUT]
2020/08/27 19:05:17:609

I can't connect with the passive [192.168.100.113/5000] error_code:10061 !

<<<----  [OUT]
2020/08/27 19:05:20:090

Connecting Started...

<<<----  [OUT]
2020/08/27 19:05:22:138

I can't connect with the passive [192.168.100.113/5000] error_code:10061 !

<<<----  [OUT]
2020/08/27 19:05:24:622

Connecting Started...

<<<----  [OUT]
2020/08/27 19:05:26:668

I can't connect with the passive [192.168.100.113/5000] error_code:10061 !

<<<----  [OUT]
2020/08/27 19:05:29:154

Connecting Started...

<<<----  [OUT]
2020/08/27 19:05:31:195

I can't connect with the passive [192.168.100.113/5000] error_code:10061 !

<<<----  [OUT]
2020/08/27 19:05:33:685

Connecting Started...

<<<----  [OUT]
2020/08/27 19:05:35:732

I can't connect with the passive [192.168.100.113/5000] error_code:10061 !

<<<----  [OUT]
2020/08/27 19:05:38:216

Connecting Started...

<<<----  [OUT]
2020/08/27 19:05:40:250

I can't connect with the passive [192.168.100.113/5000] error_code:10061 !

<<<----  [OUT]
2020/08/27 19:05:42:732

Connecting Started...

<<<----  [OUT]
2020/08/27 19:05:44:773

I can't connect with the passive [192.168.100.113/5000] error_code:10061 !

<<<----  [OUT]
2020/08/27 19:05:47:264

Connecting Started...

<<<----  [OUT]
2020/08/27 19:05:49:290

I can't connect with the passive [192.168.100.113/5000] error_code:10061 !

<<<----  [OUT]
2020/08/27 19:05:51:779

Connecting Started...

<<<----  [OUT]
2020/08/27 19:05:53:820

I can't connect with the passive [192.168.100.113/5000] error_code:10061 !

<<<----  [OUT]
2020/08/27 19:05:56:310

Connecting Started...

<<<----  [OUT]
2020/08/27 19:05:58:362

I can't connect with the passive [192.168.100.113/5000] error_code:10061 !

<<<----  [OUT]
2020/08/27 19:06:00:840

Connecting Started...

<<<----  [OUT]
2020/08/27 19:06:02:888

I can't connect with the passive [192.168.100.113/5000] error_code:10061 !

<<<----  [OUT]
2020/08/27 19:06:05:371

Connecting Started...

<<<----  [OUT]
2020/08/27 19:06:07:408

I can't connect with the passive [192.168.100.113/5000] error_code:10061 !

<<<----  [OUT]
2020/08/27 19:06:09:887

Connecting Started...

<<<----  [OUT]
2020/08/27 19:06:11:918

I can't connect with the passive [192.168.100.113/5000] error_code:10061 !

<<<----  [OUT]
2020/08/27 19:06:14:404

Connecting Started...

<<<----  [OUT]
2020/08/27 19:06:16:460

I can't connect with the passive [192.168.100.113/5000] error_code:10061 !

<<<----  [OUT]
2020/08/27 19:06:18:950

Connecting Started...

<<<----  [OUT]
2020/08/27 19:06:20:988

I can't connect with the passive [192.168.100.113/5000] error_code:10061 !

<<<----  [OUT]
2020/08/27 19:06:23:466

Connecting Started...

<<<----  [OUT]
2020/08/27 19:06:25:509

I can't connect with the passive [192.168.100.113/5000] error_code:10061 !

<<<----  [OUT]
2020/08/27 19:06:27:997

Connecting Started...

<<<----  [OUT]
2020/08/27 19:06:30:052

I can't connect with the passive [192.168.100.113/5000] error_code:10061 !

<<<----  [OUT]
2020/08/27 19:06:32:529

Connecting Started...

<<<----  [OUT]
2020/08/27 19:06:34:575

I can't connect with the passive [192.168.100.113/5000] error_code:10061 !

<<<----  [OUT]
2020/08/27 19:06:37:060

Connecting Started...

<<<----  [OUT]
2020/08/27 19:06:39:112

I can't connect with the passive [192.168.100.113/5000] error_code:10061 !

<<<----  [OUT]
2020/08/27 19:06:41:591

Connecting Started...

<<<----  [OUT]
2020/08/27 19:06:43:645

I can't connect with the passive [192.168.100.113/5000] error_code:10061 !

<<<----  [OUT]
2020/08/27 19:06:46:122

Connecting Started...

<<<----  [OUT]
2020/08/27 19:06:48:166

I can't connect with the passive [192.168.100.113/5000] error_code:10061 !

<<<----  [OUT]
2020/08/27 19:06:50:654

Connecting Started...

<<<----  [OUT]
2020/08/27 19:06:52:706

I can't connect with the passive [192.168.100.113/5000] error_code:10061 !

<<<----  [OUT]
2020/08/27 19:06:55:184

Connecting Started...

<<<----  [OUT]
2020/08/27 19:06:57:233

I can't connect with the passive [192.168.100.113/5000] error_code:10061 !

<<<----  [OUT]
2020/08/27 19:06:59:717

Connecting Started...

<<<----  [OUT]
2020/08/27 19:07:01:763

I can't connect with the passive [192.168.100.113/5000] error_code:10061 !

<<<----  [OUT]
2020/08/27 19:07:04:248

Connecting Started...

<<<----  [OUT]
2020/08/27 19:07:06:293

I can't connect with the passive [192.168.100.113/5000] error_code:10061 !

<<<----  [OUT]
2020/08/27 19:07:08:779

Connecting Started...

<<<----  [OUT]
2020/08/27 19:07:10:835

I can't connect with the passive [192.168.100.113/5000] error_code:10061 !

<<<----  [OUT]
2020/08/27 19:07:13:325

Connecting Started...

<<<----  [OUT]
2020/08/27 19:07:15:367

I can't connect with the passive [192.168.100.113/5000] error_code:10061 !

<<<----  [OUT]
2020/08/27 19:07:17:858

Connecting Started...

<<<----  [OUT]
2020/08/27 19:07:19:900

I can't connect with the passive [192.168.100.113/5000] error_code:10061 !

<<<----  [OUT]
2020/08/27 19:07:22:389

Connecting Started...

<<<----  [OUT]
2020/08/27 19:07:24:421

I can't connect with the passive [192.168.100.113/5000] error_code:10061 !

<<<----  [OUT]
2020/08/27 19:07:26:904

Connecting Started...

<<<----  [OUT]
2020/08/27 19:07:28:961

I can't connect with the passive [192.168.100.113/5000] error_code:10061 !

<<<----  [OUT]
2020/08/27 19:07:31:451

Connecting Started...

<<<----  [OUT]
2020/08/27 19:07:33:509

I can't connect with the passive [192.168.100.113/5000] error_code:10061 !

<<<----  [OUT]
2020/08/27 19:07:35:998

Connecting Started...

<<<----  [OUT]
2020/08/27 19:07:38:041

I can't connect with the passive [192.168.100.113/5000] error_code:10061 !

<<<----  [OUT]
2020/08/27 19:07:40:529

Connecting Started...

<<<----  [OUT]
2020/08/27 19:07:42:573

I can't connect with the passive [192.168.100.113/5000] error_code:10061 !

<<<----  [OUT]
2020/08/27 19:07:45:060

Connecting Started...

<<<----  [OUT]
2020/08/27 19:07:47:111

I can't connect with the passive [192.168.100.113/5000] error_code:10061 !

<<<----  [OUT]
2020/08/27 19:07:49:591

Connecting Started...

<<<----  [OUT]
2020/08/27 19:07:51:634

I can't connect with the passive [192.168.100.113/5000] error_code:10061 !

<<<----  [OUT]
2020/08/27 19:07:54:123

Connecting Started...

<<<----  [OUT]
2020/08/27 19:07:56:179

I can't connect with the passive [192.168.100.113/5000] error_code:10061 !

<<<----  [OUT]
2020/08/27 19:07:58:668

Connecting Started...

<<<----  [OUT]
2020/08/27 19:08:00:709

I can't connect with the passive [192.168.100.113/5000] error_code:10061 !

<<<----  [OUT]
2020/08/27 19:08:03:201

Connecting Started...

<<<----  [OUT]
2020/08/27 19:08:05:245

I can't connect with the passive [192.168.100.113/5000] error_code:10061 !

<<<----  [OUT]
2020/08/27 19:08:07:731

Connecting Started...

<<<----  [OUT]
2020/08/27 19:08:09:782

I can't connect with the passive [192.168.100.113/5000] error_code:10061 !

<<<----  [OUT]
2020/08/27 19:08:12:262

Connecting Started...

<<<----  [OUT]
2020/08/27 19:08:14:309

I can't connect with the passive [192.168.100.113/5000] error_code:10061 !

<<<----  [OUT]
2020/08/27 19:08:16:794

Connecting Started...

<<<----  [OUT]
2020/08/27 19:08:18:836

I can't connect with the passive [192.168.100.113/5000] error_code:10061 !

<<<----  [OUT]
2020/08/27 19:08:21:326

Connecting Started...

<<<----  [OUT]
2020/08/27 19:08:23:374

I can't connect with the passive [192.168.100.113/5000] error_code:10061 !

<<<----  [OUT]
2020/08/27 19:08:25:857

Connecting Started...

<<<----  [OUT]
2020/08/27 19:08:27:898

I can't connect with the passive [192.168.100.113/5000] error_code:10061 !

<<<----  [OUT]
2020/08/27 19:08:30:389

Connecting Started...

<<<----  [OUT]
2020/08/27 19:08:32:426

I can't connect with the passive [192.168.100.113/5000] error_code:10061 !

<<<----  [OUT]
2020/08/27 19:08:34:903

Connecting Started...

<<<----  [OUT]
2020/08/27 19:08:36:947

I can't connect with the passive [192.168.100.113/5000] error_code:10061 !

<<<----  [OUT]
2020/08/27 19:08:39:434

Connecting Started...

<<<----  [OUT]
2020/08/27 19:08:41:484

I can't connect with the passive [192.168.100.113/5000] error_code:10061 !

<<<----  [OUT]
2020/08/27 19:08:43:965

Connecting Started...

<<<----  [OUT]
2020/08/27 19:08:46:017

I can't connect with the passive [192.168.100.113/5000] error_code:10061 !

<<<----  [OUT]
2020/08/27 19:08:48:497

Connecting Started...

<<<----  [OUT]
2020/08/27 19:08:50:547

I can't connect with the passive [192.168.100.113/5000] error_code:10061 !

<<<----  [OUT]
2020/08/27 19:08:53:028

Connecting Started...

<<<----  [OUT]
2020/08/27 19:08:55:080

I can't connect with the passive [192.168.100.113/5000] error_code:10061 !

<<<----  [OUT]
2020/08/27 19:08:57:559

Connecting Started...

<<<----  [OUT]
2020/08/27 19:08:59:586

I can't connect with the passive [192.168.100.113/5000] error_code:10061 !

<<<----  [OUT]
2020/08/27 19:09:02:076

Connecting Started...

<<<----  [OUT]
2020/08/27 19:09:04:124

I can't connect with the passive [192.168.100.113/5000] error_code:10061 !

<<<----  [OUT]
2020/08/27 19:09:06:606

Connecting Started...

<<<----  [OUT]
2020/08/27 19:09:08:651

I can't connect with the passive [192.168.100.113/5000] error_code:10061 !

<<<----  [OUT]
2020/08/27 19:09:11:139

Connecting Started...

<<<----  [OUT]
2020/08/27 19:09:13:191

I can't connect with the passive [192.168.100.113/5000] error_code:10061 !

<<<----  [OUT]
2020/08/27 19:09:15:669

Connecting Started...

<<<----  [OUT]
2020/08/27 19:09:17:710

I can't connect with the passive [192.168.100.113/5000] error_code:10061 !

<<<----  [OUT]
2020/08/27 19:09:20:200

Connecting Started...

<<<----  [OUT]
2020/08/27 19:09:22:245

I can't connect with the passive [192.168.100.113/5000] error_code:10061 !

<<<----  [OUT]
2020/08/27 19:09:24:732

Connecting Started...

<<<----  [OUT]
2020/08/27 19:09:26:782

I can't connect with the passive [192.168.100.113/5000] error_code:10061 !

<<<----  [OUT]
2020/08/27 19:09:29:263

Connecting Started...

<<<----  [OUT]
2020/08/27 19:09:31:316

I can't connect with the passive [192.168.100.113/5000] error_code:10061 !

<<<----  [OUT]
2020/08/27 19:09:33:795

Connecting Started...

<<<----  [OUT]
2020/08/27 19:09:35:840

I can't connect with the passive [192.168.100.113/5000] error_code:10061 !

<<<----  [OUT]
2020/08/27 19:09:38:325

Connecting Started...

<<<----  [OUT]
2020/08/27 19:09:40:371

I can't connect with the passive [192.168.100.113/5000] error_code:10061 !

<<<----  [OUT]
2020/08/27 19:09:42:857

Connecting Started...

<<<----  [OUT]
2020/08/27 19:09:44:894

I can't connect with the passive [192.168.100.113/5000] error_code:10061 !

<<<----  [OUT]
2020/08/27 19:09:47:373

Connecting Started...

<<<----  [OUT]
2020/08/27 19:09:49:415

I can't connect with the passive [192.168.100.113/5000] error_code:10061 !

<<<----  [OUT]
2020/08/27 19:09:51:903

Connecting Started...

<<<----  [OUT]
2020/08/27 19:09:53:935

I can't connect with the passive [192.168.100.113/5000] error_code:10061 !

<<<----  [OUT]
2020/08/27 19:09:56:420

Connecting Started...

<<<----  [OUT]
2020/08/27 19:09:58:453

I can't connect with the passive [192.168.100.113/5000] error_code:10061 !

<<<----  [OUT]
2020/08/27 19:10:00:934

Connecting Started...

<<<----  [OUT]
2020/08/27 19:10:02:971

I can't connect with the passive [192.168.100.113/5000] error_code:10061 !

<<<----  [OUT]
2020/08/27 19:10:05:449

Connecting Started...

<<<----  [OUT]
2020/08/27 19:10:07:489

I can't connect with the passive [192.168.100.113/5000] error_code:10061 !

<<<----  [OUT]
2020/08/27 19:10:09:966

Connecting Started...

<<<----  [OUT]
2020/08/27 19:10:12:008

I can't connect with the passive [192.168.100.113/5000] error_code:10061 !

<<<----  [OUT]
2020/08/27 19:10:14:498

Connecting Started...

<<<----  [OUT]
2020/08/27 19:10:16:541

I can't connect with the passive [192.168.100.113/5000] error_code:10061 !

<<<----  [OUT]
2020/08/27 19:10:19:028

Connecting Started...

<<<----  [OUT]
2020/08/27 19:10:21:059

I can't connect with the passive [192.168.100.113/5000] error_code:10061 !

<<<----  [OUT]
2020/08/27 19:10:23:544

Connecting Started...

<<<----  [OUT]
2020/08/27 19:10:25:577

I can't connect with the passive [192.168.100.113/5000] error_code:10061 !

<<<----  [OUT]
2020/08/27 19:10:28:060

Connecting Started...

<<<----  [OUT]
2020/08/27 19:10:30:095

I can't connect with the passive [192.168.100.113/5000] error_code:10061 !

<<<----  [OUT]
2020/08/27 19:10:32:576

Connecting Started...

<<<----  [OUT]
2020/08/27 19:10:34:612

I can't connect with the passive [192.168.100.113/5000] error_code:10061 !

<<<----  [OUT]
2020/08/27 19:10:37:092

Connecting Started...

<<<----  [OUT]
2020/08/27 19:10:39:130

I can't connect with the passive [192.168.100.113/5000] error_code:10061 !

<<<----  [OUT]
2020/08/27 19:10:41:606

Connecting Started...

<<<----  [OUT]
2020/08/27 19:10:43:634

I can't connect with the passive [192.168.100.113/5000] error_code:10061 !

<<<----  [OUT]
2020/08/27 19:10:46:122

Connecting Started...

<<<----  [OUT]
2020/08/27 19:10:48:155

I can't connect with the passive [192.168.100.113/5000] error_code:10061 !

<<<----  [OUT]
2020/08/27 19:10:50:638

Connecting Started...

<<<----  [OUT]
2020/08/27 19:10:52:674

I can't connect with the passive [192.168.100.113/5000] error_code:10061 !

<<<----  [OUT]
2020/08/27 19:10:55:154

Connecting Started...

<<<----  [OUT]
2020/08/27 19:10:57:192

I can't connect with the passive [192.168.100.113/5000] error_code:10061 !

<<<----  [OUT]
2020/08/27 19:10:59:668

Connecting Started...

<<<----  [OUT]
2020/08/27 19:11:01:710

I can't connect with the passive [192.168.100.113/5000] error_code:10061 !

<<<----  [OUT]
2020/08/27 19:11:04:200

Connecting Started...

<<<----  [OUT]
2020/08/27 19:11:06:243

I can't connect with the passive [192.168.100.113/5000] error_code:10061 !

<<<----  [OUT]
2020/08/27 19:11:08:731

Connecting Started...

<<<----  [OUT]
2020/08/27 19:11:10:761

I can't connect with the passive [192.168.100.113/5000] error_code:10061 !

<<<----  [OUT]
2020/08/27 19:11:13:247

Connecting Started...

<<<----  [OUT]
2020/08/27 19:11:15:279

I can't connect with the passive [192.168.100.113/5000] error_code:10061 !

<<<----  [OUT]
2020/08/27 19:11:17:762

Connecting Started...

<<<----  [OUT]
2020/08/27 19:11:19:797

I can't connect with the passive [192.168.100.113/5000] error_code:10061 !

<<<----  [OUT]
2020/08/27 19:11:22:279

Connecting Started...

<<<----  [OUT]
2020/08/27 19:11:24:316

I can't connect with the passive [192.168.100.113/5000] error_code:10061 !

<<<----  [OUT]
2020/08/27 19:11:26:794

Connecting Started...

<<<----  [OUT]
2020/08/27 19:11:28:835

I can't connect with the passive [192.168.100.113/5000] error_code:10061 !

<<<----  [OUT]
2020/08/27 19:11:31:326

Connecting Started...

<<<----  [OUT]
2020/08/27 19:11:33:353

I can't connect with the passive [192.168.100.113/5000] error_code:10061 !

<<<----  [OUT]
2020/08/27 19:11:35:841

Connecting Started...

<<<----  [OUT]
2020/08/27 19:11:37:871

I can't connect with the passive [192.168.100.113/5000] error_code:10061 !

<<<----  [OUT]
2020/08/27 19:11:40:357

Connecting Started...

<<<----  [OUT]
2020/08/27 19:11:42:390

I can't connect with the passive [192.168.100.113/5000] error_code:10061 !

<<<----  [OUT]
2020/08/27 19:11:44:872

Connecting Started...

<<<----  [OUT]
2020/08/27 19:11:46:908

I can't connect with the passive [192.168.100.113/5000] error_code:10061 !

<<<----  [OUT]
2020/08/27 19:11:49:389

Connecting Started...

<<<----  [OUT]
2020/08/27 19:11:51:426

I can't connect with the passive [192.168.100.113/5000] error_code:10061 !

<<<----  [OUT]
2020/08/27 19:11:53:904

Connecting Started...

<<<----  [OUT]
2020/08/27 19:11:55:945

I can't connect with the passive [192.168.100.113/5000] error_code:10061 !

<<<----  [OUT]
2020/08/27 19:11:58:434

Connecting Started...

<<<----  [OUT]
2020/08/27 19:12:00:463

I can't connect with the passive [192.168.100.113/5000] error_code:10061 !

<<<----  [OUT]
2020/08/27 19:12:02:950

Connecting Started...

<<<----  [OUT]
2020/08/27 19:12:04:982

I can't connect with the passive [192.168.100.113/5000] error_code:10061 !

<<<----  [OUT]
2020/08/27 19:12:07:465

Connecting Started...

<<<----  [OUT]
2020/08/27 19:12:09:501

I can't connect with the passive [192.168.100.113/5000] error_code:10061 !

<<<----  [OUT]
2020/08/27 19:12:11:982

Connecting Started...

<<<----  [OUT]
2020/08/27 19:12:14:019

I can't connect with the passive [192.168.100.113/5000] error_code:10061 !

<<<----  [OUT]
2020/08/27 19:12:16:497

Connecting Started...

<<<----  [OUT]
2020/08/27 19:12:18:537

I can't connect with the passive [192.168.100.113/5000] error_code:10061 !

<<<----  [OUT]
2020/08/27 19:12:21:012

Connecting Started...

<<<----  [OUT]
2020/08/27 19:12:23:040

I can't connect with the passive [192.168.100.113/5000] error_code:10061 !

<<<----  [OUT]
2020/08/27 19:12:25:529

Connecting Started...

<<<----  [OUT]
2020/08/27 19:12:27:559

I can't connect with the passive [192.168.100.113/5000] error_code:10061 !

<<<----  [OUT]
2020/08/27 19:12:30:045

Connecting Started...

<<<----  [OUT]
2020/08/27 19:12:32:077

I can't connect with the passive [192.168.100.113/5000] error_code:10061 !

<<<----  [OUT]
2020/08/27 19:12:34:561

Connecting Started...

<<<----  [OUT]
2020/08/27 19:12:36:596

I can't connect with the passive [192.168.100.113/5000] error_code:10061 !

<<<----  [OUT]
2020/08/27 19:12:39:076

Connecting Started...

<<<----  [OUT]
2020/08/27 19:12:41:114

I can't connect with the passive [192.168.100.113/5000] error_code:10061 !

<<<----  [OUT]
2020/08/27 19:12:43:592

Connecting Started...

<<<----  [OUT]
2020/08/27 19:12:45:633

I can't connect with the passive [192.168.100.113/5000] error_code:10061 !

<<<----  [OUT]
2020/08/27 19:12:48:122

Connecting Started...

<<<----  [OUT]
2020/08/27 19:12:50:153

I can't connect with the passive [192.168.100.113/5000] error_code:10061 !

<<<----  [OUT]
2020/08/27 19:12:52:637

Connecting Started...

<<<----  [OUT]
2020/08/27 19:12:54:677

I can't connect with the passive [192.168.100.113/5000] error_code:10061 !

<<<----  [OUT]
2020/08/27 19:12:57:153

Connecting Started...

<<<----  [OUT]
2020/08/27 19:12:59:197

I can't connect with the passive [192.168.100.113/5000] error_code:10061 !

<<<----  [OUT]
2020/08/27 19:13:01:685

Connecting Started...

<<<----  [OUT]
2020/08/27 19:13:03:730

I can't connect with the passive [192.168.100.113/5000] error_code:10061 !

<<<----  [OUT]
2020/08/27 19:13:06:215

Connecting Started...

<<<----  [OUT]
2020/08/27 19:13:08:248

I can't connect with the passive [192.168.100.113/5000] error_code:10061 !

<<<----  [OUT]
2020/08/27 19:13:10:732

Connecting Started...

<<<----  [OUT]
2020/08/27 19:13:12:767

I can't connect with the passive [192.168.100.113/5000] error_code:10061 !

<<<----  [OUT]
2020/08/27 19:13:15:248

Connecting Started...

<<<----  [OUT]
2020/08/27 19:13:17:286

I can't connect with the passive [192.168.100.113/5000] error_code:10061 !

<<<----  [OUT]
2020/08/27 19:13:19:763

Connecting Started...

<<<----  [OUT]
2020/08/27 19:13:21:804

I can't connect with the passive [192.168.100.113/5000] error_code:10061 !

<<<----  [OUT]
2020/08/27 19:13:24:295

Connecting Started...

<<<----  [OUT]
2020/08/27 19:13:26:337

I can't connect with the passive [192.168.100.113/5000] error_code:10061 !

<<<----  [OUT]
2020/08/27 19:13:28:825

Connecting Started...

<<<----  [OUT]
2020/08/27 19:13:30:856

I can't connect with the passive [192.168.100.113/5000] error_code:10061 !

<<<----  [OUT]
2020/08/27 19:13:33:342

Connecting Started...

<<<----  [OUT]
2020/08/27 19:13:35:375

I can't connect with the passive [192.168.100.113/5000] error_code:10061 !

<<<----  [OUT]
2020/08/27 19:13:37:857

Connecting Started...

<<<----  [OUT]
2020/08/27 19:13:39:895

I can't connect with the passive [192.168.100.113/5000] error_code:10061 !

<<<----  [OUT]
2020/08/27 19:13:42:371

Connecting Started...

<<<----  [OUT]
2020/08/27 19:13:44:400

I can't connect with the passive [192.168.100.113/5000] error_code:10061 !

<<<----  [OUT]
2020/08/27 19:13:46:887

Connecting Started...

<<<----  [OUT]
2020/08/27 19:13:48:919

I can't connect with the passive [192.168.100.113/5000] error_code:10061 !

<<<----  [OUT]
2020/08/27 19:13:51:403

Connecting Started...

<<<----  [OUT]
2020/08/27 19:13:53:437

I can't connect with the passive [192.168.100.113/5000] error_code:10061 !

<<<----  [OUT]
2020/08/27 19:13:55:918

Connecting Started...

<<<----  [OUT]
2020/08/27 19:13:57:955

I can't connect with the passive [192.168.100.113/5000] error_code:10061 !

<<<----  [OUT]
2020/08/27 19:14:00:434

Connecting Started...

<<<----  [OUT]
2020/08/27 19:14:02:473

I can't connect with the passive [192.168.100.113/5000] error_code:10061 !

<<<----  [OUT]
2020/08/27 19:14:04:950

Connecting Started...

<<<----  [OUT]
2020/08/27 19:14:06:992

I can't connect with the passive [192.168.100.113/5000] error_code:10061 !

<<<----  [OUT]
2020/08/27 19:14:09:481

Connecting Started...

<<<----  [OUT]
2020/08/27 19:14:11:510

I can't connect with the passive [192.168.100.113/5000] error_code:10061 !

<<<----  [OUT]
2020/08/27 19:14:13:998

Connecting Started...

<<<----  [OUT]
2020/08/27 19:14:16:027

I can't connect with the passive [192.168.100.113/5000] error_code:10061 !

<<<----  [OUT]
2020/08/27 19:14:18:514

Connecting Started...

<<<----  [OUT]
2020/08/27 19:14:20:545

I can't connect with the passive [192.168.100.113/5000] error_code:10061 !

<<<----  [OUT]
2020/08/27 19:14:23:028

Connecting Started...

<<<----  [OUT]
2020/08/27 19:14:25:063

I can't connect with the passive [192.168.100.113/5000] error_code:10061 !

<<<----  [OUT]
2020/08/27 19:14:27:544

Connecting Started...

<<<----  [OUT]
2020/08/27 19:14:29:581

I can't connect with the passive [192.168.100.113/5000] error_code:10061 !

<<<----  [OUT]
2020/08/27 19:14:32:061

Connecting Started...

<<<----  [OUT]
2020/08/27 19:14:34:100

I can't connect with the passive [192.168.100.113/5000] error_code:10061 !

<<<----  [OUT]
2020/08/27 19:14:36:591

Connecting Started...

<<<----  [OUT]
2020/08/27 19:14:38:633

I can't connect with the passive [192.168.100.113/5000] error_code:10061 !

<<<----  [OUT]
2020/08/27 19:14:41:122

Connecting Started...

<<<----  [OUT]
2020/08/27 19:14:43:152

I can't connect with the passive [192.168.100.113/5000] error_code:10061 !

<<<----  [OUT]
2020/08/27 19:14:45:637

Connecting Started...

<<<----  [OUT]
2020/08/27 19:14:47:670

I can't connect with the passive [192.168.100.113/5000] error_code:10061 !

<<<----  [OUT]
2020/08/27 19:14:50:153

Connecting Started...

<<<----  [OUT]
2020/08/27 19:14:52:188

I can't connect with the passive [192.168.100.113/5000] error_code:10061 !

<<<----  [OUT]
2020/08/27 19:14:54:670

Connecting Started...

<<<----  [OUT]
2020/08/27 19:14:56:706

I can't connect with the passive [192.168.100.113/5000] error_code:10061 !

<<<----  [OUT]
2020/08/27 19:14:59:184

Connecting Started...

<<<----  [OUT]
2020/08/27 19:15:01:225

I can't connect with the passive [192.168.100.113/5000] error_code:10061 !

<<<----  [OUT]
2020/08/27 19:15:03:716

Connecting Started...

<<<----  [OUT]
2020/08/27 19:15:05:757

I can't connect with the passive [192.168.100.113/5000] error_code:10061 !

<<<----  [OUT]
2020/08/27 19:15:08:248

Connecting Started...

<<<----  [OUT]
2020/08/27 19:15:10:290

I can't connect with the passive [192.168.100.113/5000] error_code:10061 !

<<<----  [OUT]
2020/08/27 19:15:12:778

Connecting Started...

<<<----  [OUT]
2020/08/27 19:15:14:811

I can't connect with the passive [192.168.100.113/5000] error_code:10061 !

<<<----  [OUT]
2020/08/27 19:15:17:294

Connecting Started...

<<<----  [OUT]
2020/08/27 19:15:19:329

I can't connect with the passive [192.168.100.113/5000] error_code:10061 !

<<<----  [OUT]
2020/08/27 19:15:21:810

Connecting Started...

<<<----  [OUT]
2020/08/27 19:15:23:848

I can't connect with the passive [192.168.100.113/5000] error_code:10061 !

<<<----  [OUT]
2020/08/27 19:15:26:325

Connecting Started...

<<<----  [OUT]
2020/08/27 19:15:47:358

I can't connect with the passive [192.168.100.113/5000] error_code:10060 !

<<<----  [OUT]
2020/08/27 19:15:49:841

Connecting Started...

<<<----  [OUT]
2020/08/27 19:16:10:870

I can't connect with the passive [192.168.100.113/5000] error_code:10060 !

<<<----  [OUT]
2020/08/27 19:16:13:357

Connecting Started...

<<<----  [OUT]
2020/08/27 19:16:34:377

I can't connect with the passive [192.168.100.113/5000] error_code:10060 !

<<<----  [OUT]
2020/08/27 19:16:36:857

Connecting Started...

<<<----  [OUT]
2020/08/27 19:16:57:898

I can't connect with the passive [192.168.100.113/5000] error_code:10060 !

<<<----  [OUT]
2020/08/27 19:17:00:387

Connecting Started...

<<<----  [OUT]
2020/08/27 19:17:21:424

I can't connect with the passive [192.168.100.113/5000] error_code:10060 !

<<<----  [OUT]
2020/08/27 19:17:23:904

Connecting Started...

<<<----  [OUT]
2020/08/27 19:17:44:947

I can't connect with the passive [192.168.100.113/5000] error_code:10060 !

<<<----  [OUT]
2020/08/27 19:17:47:435

Connecting Started...

<<<----  [OUT]
2020/08/27 19:18:08:475

I can't connect with the passive [192.168.100.113/5000] error_code:10060 !

<<<----  [OUT]
2020/08/27 19:18:10:965

Connecting Started...

<<<----  [OUT]
2020/08/27 19:18:31:999

I can't connect with the passive [192.168.100.113/5000] error_code:10060 !

<<<----  [OUT]
2020/08/27 19:18:34:481

Connecting Started...

<<<----  [OUT]
2020/08/27 19:18:55:510

I can't connect with the passive [192.168.100.113/5000] error_code:10060 !

<<<----  [OUT]
2020/08/27 19:18:57:998

Connecting Started...

<<<----  [OUT]
2020/08/27 19:19:19:044

I can't connect with the passive [192.168.100.113/5000] error_code:10060 !

<<<----  [OUT]
2020/08/27 19:19:21:529

Connecting Started...

<<<----  [OUT]
2020/08/27 19:19:42:565

I can't connect with the passive [192.168.100.113/5000] error_code:10060 !

<<<----  [OUT]
2020/08/27 19:19:45:044

Connecting Started...

<<<----  [OUT]
2020/08/27 19:20:06:074

I can't connect with the passive [192.168.100.113/5000] error_code:10060 !

<<<----  [OUT]
2020/08/27 19:20:08:560

Connecting Started...

<<<----  [OUT]
2020/08/27 19:20:29:609

I can't connect with the passive [192.168.100.113/5000] error_code:10060 !

<<<----  [OUT]
2020/08/27 19:20:32:092

Connecting Started...

<<<----  [OUT]
2020/08/27 19:20:53:116

I can't connect with the passive [192.168.100.113/5000] error_code:10060 !

<<<----  [OUT]
2020/08/27 19:20:55:606

Connecting Started...

<<<----  [OUT]
2020/08/27 19:21:16:645

I can't connect with the passive [192.168.100.113/5000] error_code:10060 !

<<<----  [OUT]
2020/08/27 19:21:19:122

Connecting Started...

<<<----  [OUT]
2020/08/27 19:21:40:170

I can't connect with the passive [192.168.100.113/5000] error_code:10060 !

<<<----  [OUT]
2020/08/27 19:21:42:654

Connecting Started...

<<<----  [OUT]
2020/08/27 19:22:03:680

I can't connect with the passive [192.168.100.113/5000] error_code:10060 !

<<<----  [OUT]
2020/08/27 19:22:06:168

Connecting Started...

<<<----  [OUT]
2020/08/27 19:22:27:197

I can't connect with the passive [192.168.100.113/5000] error_code:10060 !

<<<----  [OUT]
2020/08/27 19:22:29:686

Connecting Started...

<<<----  [OUT]
2020/08/27 19:22:50:724

I can't connect with the passive [192.168.100.113/5000] error_code:10060 !

<<<----  [OUT]
2020/08/27 19:22:53:201

Connecting Started...

<<<----  [OUT]
2020/08/27 19:23:14:237

I can't connect with the passive [192.168.100.113/5000] error_code:10060 !

<<<----  [OUT]
2020/08/27 19:23:16:716

Connecting Started...

<<<----  [OUT]
2020/08/27 19:23:37:759

I can't connect with the passive [192.168.100.113/5000] error_code:10060 !

<<<----  [OUT]
2020/08/27 19:23:40:247

Connecting Started...

<<<----  [OUT]
2020/08/27 19:24:01:298

I can't connect with the passive [192.168.100.113/5000] error_code:10060 !

<<<----  [OUT]
2020/08/27 19:24:03:778

Connecting Started...

<<<----  [OUT]
2020/08/27 19:24:24:816

I can't connect with the passive [192.168.100.113/5000] error_code:10060 !

<<<----  [OUT]
2020/08/27 19:24:27:294

Connecting Started...

<<<----  [OUT]
2020/08/27 19:24:48:340

I can't connect with the passive [192.168.100.113/5000] error_code:10060 !

<<<----  [OUT]
2020/08/27 19:24:50:826

Connecting Started...

<<<----  [OUT]
2020/08/27 19:25:11:876

I can't connect with the passive [192.168.100.113/5000] error_code:10060 !

<<<----  [OUT]
2020/08/27 19:25:14:356

Connecting Started...

<<<----  [OUT]
2020/08/27 19:25:35:397

I can't connect with the passive [192.168.100.113/5000] error_code:10060 !

<<<----  [OUT]
2020/08/27 19:25:37:888

Connecting Started...

<<<----  [OUT]
2020/08/27 19:25:58:923

I can't connect with the passive [192.168.100.113/5000] error_code:10060 !

<<<----  [OUT]
2020/08/27 19:26:01:404

Connecting Started...

<<<----  [OUT]
2020/08/27 19:26:22:433

I can't connect with the passive [192.168.100.113/5000] error_code:10060 !

<<<----  [OUT]
2020/08/27 19:26:24:920

Connecting Started...

<<<----  [OUT]
2020/08/27 19:26:45:957

I can't connect with the passive [192.168.100.113/5000] error_code:10060 !

<<<----  [OUT]
2020/08/27 19:26:48:436

Connecting Started...

<<<----  [OUT]
2020/08/27 19:27:09:469

I can't connect with the passive [192.168.100.113/5000] error_code:10060 !

<<<----  [OUT]
2020/08/27 19:27:11:950

Connecting Started...

<<<----  [OUT]
2020/08/27 19:27:32:980

I can't connect with the passive [192.168.100.113/5000] error_code:10060 !

<<<----  [OUT]
2020/08/27 19:27:35:466

Connecting Started...

<<<----  [OUT]
2020/08/27 19:27:56:502

I can't connect with the passive [192.168.100.113/5000] error_code:10060 !

<<<----  [OUT]
2020/08/27 19:27:58:981

Connecting Started...

<<<----  [OUT]
2020/08/27 19:28:20:017

I can't connect with the passive [192.168.100.113/5000] error_code:10060 !

<<<----  [OUT]
2020/08/27 19:28:22:497

Connecting Started...

<<<----  [OUT]
2020/08/27 19:28:43:552

I can't connect with the passive [192.168.100.113/5000] error_code:10060 !

<<<----  [OUT]
2020/08/27 19:28:46:028

Connecting Started...

<<<----  [OUT]
2020/08/27 19:29:07:068

I can't connect with the passive [192.168.100.113/5000] error_code:10060 !

<<<----  [OUT]
2020/08/27 19:29:09:560

Connecting Started...

<<<----  [OUT]
2020/08/27 19:29:30:608

I can't connect with the passive [192.168.100.113/5000] error_code:10060 !

<<<----  [OUT]
2020/08/27 19:29:33:091

Connecting Started...

<<<----  [OUT]
2020/08/27 19:29:54:138

I can't connect with the passive [192.168.100.113/5000] error_code:10060 !

<<<----  [OUT]
2020/08/27 19:29:56:623

Connecting Started...

<<<----  [OUT]
2020/08/27 19:30:17:645

I can't connect with the passive [192.168.100.113/5000] error_code:10060 !

<<<----  [OUT]
2020/08/27 19:30:20:122

Connecting Started...

<<<----  [OUT]
2020/08/27 19:30:41:161

I can't connect with the passive [192.168.100.113/5000] error_code:10060 !

<<<----  [OUT]
2020/08/27 19:30:43:639

Connecting Started...

<<<----  [OUT]
2020/08/27 19:31:04:679

I can't connect with the passive [192.168.100.113/5000] error_code:10060 !

<<<----  [OUT]
2020/08/27 19:31:07:170

Connecting Started...

<<<----  [OUT]
2020/08/27 19:31:28:203

I can't connect with the passive [192.168.100.113/5000] error_code:10060 !

<<<----  [OUT]
2020/08/27 19:31:30:684

Connecting Started...

<<<----  [OUT]
2020/08/27 19:31:51:718

I can't connect with the passive [192.168.100.113/5000] error_code:10060 !

<<<----  [OUT]
2020/08/27 19:31:54:200

Connecting Started...

<<<----  [OUT]
2020/08/27 19:32:15:249

I can't connect with the passive [192.168.100.113/5000] error_code:10060 !

<<<----  [OUT]
2020/08/27 19:32:17:732

Connecting Started...

<<<----  [OUT]
2020/08/27 19:32:38:773

I can't connect with the passive [192.168.100.113/5000] error_code:10060 !

<<<----  [OUT]
2020/08/27 19:32:41:262

Connecting Started...

<<<----  [OUT]
2020/08/27 19:33:02:286

I can't connect with the passive [192.168.100.113/5000] error_code:10060 !

<<<----  [OUT]
2020/08/27 19:33:04:764

Connecting Started...

<<<----  [OUT]
2020/08/27 19:33:25:802

I can't connect with the passive [192.168.100.113/5000] error_code:10060 !

<<<----  [OUT]
2020/08/27 19:33:28:278

Connecting Started...

<<<----  [OUT]
2020/08/27 19:33:49:324

I can't connect with the passive [192.168.100.113/5000] error_code:10060 !

<<<----  [OUT]
2020/08/27 19:33:51:811

Connecting Started...

<<<----  [OUT]
2020/08/27 19:34:12:854

I can't connect with the passive [192.168.100.113/5000] error_code:10060 !

<<<----  [OUT]
2020/08/27 19:34:15:342

Connecting Started...

<<<----  [OUT]
2020/08/27 19:34:36:383

I can't connect with the passive [192.168.100.113/5000] error_code:10060 !

<<<----  [OUT]
2020/08/27 19:34:38:873

Connecting Started...

<<<----  [OUT]
2020/08/27 19:34:59:925

I can't connect with the passive [192.168.100.113/5000] error_code:10060 !

<<<----  [OUT]
2020/08/27 19:35:02:404

Connecting Started...

<<<----  [OUT]
2020/08/27 19:35:23:435

I can't connect with the passive [192.168.100.113/5000] error_code:10060 !

<<<----  [OUT]
2020/08/27 19:35:25:920

Connecting Started...

<<<----  [OUT]
2020/08/27 19:35:46:954

I can't connect with the passive [192.168.100.113/5000] error_code:10060 !

<<<----  [OUT]
2020/08/27 19:35:49:435

Connecting Started...

<<<----  [OUT]
2020/08/27 19:36:10:468

I can't connect with the passive [192.168.100.113/5000] error_code:10060 !

<<<----  [OUT]
2020/08/27 19:36:12:951

Connecting Started...

<<<----  [OUT]
2020/08/27 19:36:33:983

I can't connect with the passive [192.168.100.113/5000] error_code:10060 !

<<<----  [OUT]
2020/08/27 19:36:36:465

Connecting Started...

<<<----  [OUT]
2020/08/27 19:36:57:512

I can't connect with the passive [192.168.100.113/5000] error_code:10060 !

<<<----  [OUT]
2020/08/27 19:36:59:997

Connecting Started...

<<<----  [OUT]
2020/08/27 19:37:21:032

I can't connect with the passive [192.168.100.113/5000] error_code:10060 !

<<<----  [OUT]
2020/08/27 19:37:23:513

Connecting Started...

<<<----  [OUT]
2020/08/27 19:37:44:560

I can't connect with the passive [192.168.100.113/5000] error_code:10060 !

<<<----  [OUT]
2020/08/27 19:37:47:044

Connecting Started...

<<<----  [OUT]
2020/08/27 19:38:08:087

I can't connect with the passive [192.168.100.113/5000] error_code:10060 !

<<<----  [OUT]
2020/08/27 19:38:10:576

Connecting Started...

<<<----  [OUT]
2020/08/27 19:38:31:618

I can't connect with the passive [192.168.100.113/5000] error_code:10060 !

<<<----  [OUT]
2020/08/27 19:38:34:107

Connecting Started...

<<<----  [OUT]
2020/08/27 19:38:55:139

I can't connect with the passive [192.168.100.113/5000] error_code:10060 !

<<<----  [OUT]
2020/08/27 19:38:57:622

Connecting Started...

<<<----  [OUT]
2020/08/27 19:39:18:653

I can't connect with the passive [192.168.100.113/5000] error_code:10060 !

<<<----  [OUT]
2020/08/27 19:39:21:138

Connecting Started...

<<<----  [OUT]
2020/08/27 19:39:42:178

I can't connect with the passive [192.168.100.113/5000] error_code:10060 !

<<<----  [OUT]
2020/08/27 19:39:44:668

Connecting Started...

<<<----  [OUT]
2020/08/27 19:40:05:709

I can't connect with the passive [192.168.100.113/5000] error_code:10060 !

<<<----  [OUT]
2020/08/27 19:40:08:200

Connecting Started...

<<<----  [OUT]
2020/08/27 19:40:29:229

I can't connect with the passive [192.168.100.113/5000] error_code:10060 !

<<<----  [OUT]
2020/08/27 19:40:31:716

Connecting Started...

<<<----  [OUT]
2020/08/27 19:40:52:766

I can't connect with the passive [192.168.100.113/5000] error_code:10060 !

<<<----  [OUT]
2020/08/27 19:40:55:247

Connecting Started...

<<<----  [OUT]
2020/08/27 19:41:16:287

I can't connect with the passive [192.168.100.113/5000] error_code:10060 !

<<<----  [OUT]
2020/08/27 19:41:18:779

Connecting Started...

<<<----  [OUT]
2020/08/27 19:41:39:825

I can't connect with the passive [192.168.100.113/5000] error_code:10060 !

<<<----  [OUT]
2020/08/27 19:41:42:310

Connecting Started...

<<<----  [OUT]
2020/08/27 19:42:03:345

I can't connect with the passive [192.168.100.113/5000] error_code:10060 !

<<<----  [OUT]
2020/08/27 19:42:05:826

Connecting Started...

<<<----  [OUT]
2020/08/27 19:42:26:859

I can't connect with the passive [192.168.100.113/5000] error_code:10060 !

<<<----  [OUT]
2020/08/27 19:42:29:342

Connecting Started...

<<<----  [OUT]
2020/08/27 19:42:50:371

I can't connect with the passive [192.168.100.113/5000] error_code:10060 !

<<<----  [OUT]
2020/08/27 19:42:52:856

Connecting Started...

<<<----  [OUT]
2020/08/27 19:43:13:894

I can't connect with the passive [192.168.100.113/5000] error_code:10060 !

<<<----  [OUT]
2020/08/27 19:43:16:373

Connecting Started...

<<<----  [OUT]
2020/08/27 19:43:37:410

I can't connect with the passive [192.168.100.113/5000] error_code:10060 !

<<<----  [OUT]
2020/08/27 19:43:39:887

Connecting Started...

<<<----  [OUT]
2020/08/27 19:44:00:930

I can't connect with the passive [192.168.100.113/5000] error_code:10060 !

<<<----  [OUT]
2020/08/27 19:44:03:420

Connecting Started...

<<<----  [OUT]
2020/08/27 19:44:24:462

I can't connect with the passive [192.168.100.113/5000] error_code:10060 !

<<<----  [OUT]
2020/08/27 19:44:26:950

Connecting Started...

<<<----  [OUT]
2020/08/27 19:44:47:986

I can't connect with the passive [192.168.100.113/5000] error_code:10060 !

<<<----  [OUT]
2020/08/27 19:44:50:466

Connecting Started...

<<<----  [OUT]
2020/08/27 19:45:11:522

I can't connect with the passive [192.168.100.113/5000] error_code:10060 !

<<<----  [OUT]
2020/08/27 19:45:14:013

Connecting Started...

<<<----  [OUT]
2020/08/27 19:45:35:034

I can't connect with the passive [192.168.100.113/5000] error_code:10060 !

<<<----  [OUT]
2020/08/27 19:45:37:513

Connecting Started...

<<<----  [OUT]
2020/08/27 19:45:58:546

I can't connect with the passive [192.168.100.113/5000] error_code:10060 !

<<<----  [OUT]
2020/08/27 19:46:01:028

Connecting Started...

<<<----  [OUT]
2020/08/27 19:46:22:065

I can't connect with the passive [192.168.100.113/5000] error_code:10060 !

<<<----  [OUT]
2020/08/27 19:46:24:545

Connecting Started...

<<<----  [OUT]
2020/08/27 19:46:45:574

I can't connect with the passive [192.168.100.113/5000] error_code:10060 !

<<<----  [OUT]
2020/08/27 19:46:48:059

Connecting Started...

<<<----  [OUT]
2020/08/27 19:47:09:093

I can't connect with the passive [192.168.100.113/5000] error_code:10060 !

<<<----  [OUT]
2020/08/27 19:47:11:576

Connecting Started...

<<<----  [OUT]
2020/08/27 19:47:32:608

I can't connect with the passive [192.168.100.113/5000] error_code:10060 !

<<<----  [OUT]
2020/08/27 19:47:35:092

Connecting Started...

<<<----  [OUT]
2020/08/27 19:47:56:121

I can't connect with the passive [192.168.100.113/5000] error_code:10060 !

<<<----  [OUT]
2020/08/27 19:47:58:607

Connecting Started...

<<<----  [OUT]
2020/08/27 19:48:19:647

I can't connect with the passive [192.168.100.113/5000] error_code:10060 !

<<<----  [OUT]
2020/08/27 19:48:22:138

Connecting Started...

<<<----  [OUT]
2020/08/27 19:48:43:164

I can't connect with the passive [192.168.100.113/5000] error_code:10060 !

<<<----  [OUT]
2020/08/27 19:48:45:653

Connecting Started...

<<<----  [OUT]
2020/08/27 19:49:06:681

I can't connect with the passive [192.168.100.113/5000] error_code:10060 !

<<<----  [OUT]
2020/08/27 19:49:09:170

Connecting Started...

<<<----  [OUT]
2020/08/27 19:49:30:216

I can't connect with the passive [192.168.100.113/5000] error_code:10060 !

<<<----  [OUT]
2020/08/27 19:49:32:700

Connecting Started...

<<<----  [OUT]
2020/08/27 19:49:53:746

I can't connect with the passive [192.168.100.113/5000] error_code:10060 !

<<<----  [OUT]
2020/08/27 19:49:56:232

Connecting Started...

<<<----  [OUT]
2020/08/27 19:50:17:268

I can't connect with the passive [192.168.100.113/5000] error_code:10060 !

<<<----  [OUT]
2020/08/27 19:50:19:748

Connecting Started...

<<<----  [OUT]
2020/08/27 19:50:40:797

I can't connect with the passive [192.168.100.113/5000] error_code:10060 !

<<<----  [OUT]
2020/08/27 19:50:43:278

Connecting Started...

<<<----  [OUT]
2020/08/27 19:51:04:310

I can't connect with the passive [192.168.100.113/5000] error_code:10060 !

<<<----  [OUT]
2020/08/27 19:51:06:794

Connecting Started...

<<<----  [OUT]
2020/08/27 19:51:27:844

I can't connect with the passive [192.168.100.113/5000] error_code:10060 !

<<<----  [OUT]
2020/08/27 19:51:30:325

Connecting Started...

<<<----  [OUT]
2020/08/27 19:51:51:363

I can't connect with the passive [192.168.100.113/5000] error_code:10060 !

<<<----  [OUT]
2020/08/27 19:51:53:841

Connecting Started...

<<<----  [OUT]
2020/08/27 19:52:14:879

I can't connect with the passive [192.168.100.113/5000] error_code:10060 !

<<<----  [OUT]
2020/08/27 19:52:17:356

Connecting Started...

<<<----  [OUT]
2020/08/27 19:52:38:386

I can't connect with the passive [192.168.100.113/5000] error_code:10060 !

<<<----  [OUT]
2020/08/27 19:52:40:872

Connecting Started...

<<<----  [OUT]
2020/08/27 19:53:01:910

I can't connect with the passive [192.168.100.113/5000] error_code:10060 !

<<<----  [OUT]
2020/08/27 19:53:04:388

Connecting Started...

<<<----  [OUT]
2020/08/27 19:53:25:431

I can't connect with the passive [192.168.100.113/5000] error_code:10060 !

<<<----  [OUT]
2020/08/27 19:53:27:919

Connecting Started...

<<<----  [OUT]
2020/08/27 19:53:48:961

I can't connect with the passive [192.168.100.113/5000] error_code:10060 !

<<<----  [OUT]
2020/08/27 19:53:51:451

Connecting Started...

<<<----  [OUT]
2020/08/27 19:54:12:487

I can't connect with the passive [192.168.100.113/5000] error_code:10060 !

<<<----  [OUT]
2020/08/27 19:54:14:966

Connecting Started...

<<<----  [OUT]
2020/08/27 19:54:36:006

I can't connect with the passive [192.168.100.113/5000] error_code:10060 !

<<<----  [OUT]
2020/08/27 19:54:38:497

Connecting Started...

<<<----  [OUT]
2020/08/27 19:54:59:550

I can't connect with the passive [192.168.100.113/5000] error_code:10060 !

<<<----  [OUT]
2020/08/27 19:55:02:029

Connecting Started...

<<<----  [OUT]
2020/08/27 19:55:23:073

I can't connect with the passive [192.168.100.113/5000] error_code:10060 !

<<<----  [OUT]
2020/08/27 19:55:25:560

Connecting Started...

<<<----  [OUT]
2020/08/27 19:55:46:599

I can't connect with the passive [192.168.100.113/5000] error_code:10060 !

<<<----  [OUT]
2020/08/27 19:55:49:076

Connecting Started...

<<<----  [OUT]
2020/08/27 19:56:10:116

I can't connect with the passive [192.168.100.113/5000] error_code:10060 !

<<<----  [OUT]
2020/08/27 19:56:12:607

Connecting Started...

<<<----  [OUT]
2020/08/27 19:56:33:653

I can't connect with the passive [192.168.100.113/5000] error_code:10060 !

<<<----  [OUT]
2020/08/27 19:56:36:139

Connecting Started...

<<<----  [OUT]
2020/08/27 19:56:57:193

I can't connect with the passive [192.168.100.113/5000] error_code:10060 !

<<<----  [OUT]
2020/08/27 19:56:59:670

Connecting Started...

<<<----  [OUT]
2020/08/27 19:57:20:719

I can't connect with the passive [192.168.100.113/5000] error_code:10060 !

<<<----  [OUT]
2020/08/27 19:57:23:200

Connecting Started...

<<<----  [OUT]
2020/08/27 19:57:44:234

I can't connect with the passive [192.168.100.113/5000] error_code:10060 !

<<<----  [OUT]
2020/08/27 19:57:46:716

Connecting Started...

<<<----  [OUT]
2020/08/27 19:58:07:748

I can't connect with the passive [192.168.100.113/5000] error_code:10060 !

<<<----  [OUT]
2020/08/27 19:58:10:231

Connecting Started...

<<<----  [OUT]
2020/08/27 19:58:31:254

I can't connect with the passive [192.168.100.113/5000] error_code:10060 !

<<<----  [OUT]
2020/08/27 19:58:33:732

Connecting Started...

<<<----  [OUT]
2020/08/27 19:58:54:762

I can't connect with the passive [192.168.100.113/5000] error_code:10060 !

<<<----  [OUT]
2020/08/27 19:58:57:248

Connecting Started...

<<<----  [OUT]
2020/08/27 19:59:18:296

I can't connect with the passive [192.168.100.113/5000] error_code:10060 !

<<<----  [OUT]
2020/08/27 19:59:20:778

Connecting Started...

<<<----  [OUT]
2020/08/27 19:59:41:812

I can't connect with the passive [192.168.100.113/5000] error_code:10060 !

<<<----  [OUT]
2020/08/27 19:59:44:295

Connecting Started...
