   

//------------------------------------------------------------------------
2022/07/28 16:54:43:824         START   

2022/07/28 16:54:43:826      Connect to Serial 
Com Port: 2 
Baud Rate: 9600 
Data Bit: 8 
Parity Bit: 1 
Stop Bit: 1 
Terminal String : Byte Count 
Terminal String : [<CR><LF>] 
Initialize RS-232 Complete 

2022/07/28 16:55:48:342      INIT Started...
2022/07/28 16:55:56:580      INIT Completed (1)
2022/07/28 16:55:58:933      GOTO.POS Started...
2022/07/28 16:55:59:164      GOTO.POS Completed (1)
2022/07/28 16:56:07:052      GOTO.POS Started...
2022/07/28 16:56:08:328      GOTO.POS Aborted (-11)
2022/07/28 16:56:15:818      GOTO.POS Started...
2022/07/28 16:56:16:394      GOTO.POS Completed (1)
2022/07/28 16:56:22:819      GOTO.POS Started...
2022/07/28 16:56:24:045      GOTO.POS Aborted (-11)
2022/07/28 16:56:27:198      GOTO.POS Started...
2022/07/28 16:56:27:384      GOTO.POS Completed (1)
2022/07/28 16:56:33:451      GOTO.POS Started...
2022/07/28 16:56:34:699      GOTO.POS Aborted (-11)
2022/07/28 16:56:36:782      GOTO.POS Started...
2022/07/28 16:56:37:042      GOTO.POS Completed (1)
