
<<<----  [OUT]
2020/09/11 09:19:03:621

---------------------------------------------------------------------
// FA : Start Log ...


<<<----  [OUT]
2020/09/11 09:19:03:625

//-------------------------------------------------------------
Property Information

   Driver Type [HSMS]
   Driver Mode [ACTIVE]
   IP    [192.168.100.113]
   Port  [5000]
//-------------------------------------------------------------


<<<----  [OUT]
2020/09/11 09:19:04:226

Auto-Start Started ... (Active)

<<<----  [OUT]
2020/09/11 09:19:04:317

Auto-Start Started ...  Waiting Stop-Connection.

<<<----  [OUT]
2020/09/11 09:19:04:317

Auto-Start Started ...  Waiting Open-Socket.

<<<----  [OUT]
2020/09/11 09:19:04:347

Socket Open Started...

<<<----  [OUT]
2020/09/11 09:19:04:347

Socket Open Completed...

<<<----  [OUT]
2020/09/11 09:19:04:347

Connecting Started...

<<<----  [OUT]
2020/09/11 09:19:04:407

Auto-Start Completed ...  (Active)

<<<----  [OUT]
2020/09/11 09:19:06:401

I can't connect with the passive [192.168.100.113/5000] error_code:10061 !

<<<----  [OUT]
2020/09/11 09:19:08:886

Connecting Started...

<<<----  [OUT]
2020/09/11 09:19:10:929

I can't connect with the passive [192.168.100.113/5000] error_code:10061 !

<<<----  [OUT]
2020/09/11 09:19:13:418

Connecting Started...

<<<----  [OUT]
2020/09/11 09:19:15:460

I can't connect with the passive [192.168.100.113/5000] error_code:10061 !

<<<----  [OUT]
2020/09/11 09:19:17:949

Connecting Started...

<<<----  [OUT]
2020/09/11 09:19:20:007

I can't connect with the passive [192.168.100.113/5000] error_code:10061 !

<<<----  [OUT]
2020/09/11 09:19:22:495

Connecting Started...

<<<----  [OUT]
2020/09/11 09:19:24:533

I can't connect with the passive [192.168.100.113/5000] error_code:10061 !

<<<----  [OUT]
2020/09/11 09:19:27:012

Connecting Started...

<<<----  [OUT]
2020/09/11 09:19:29:056

I can't connect with the passive [192.168.100.113/5000] error_code:10061 !

<<<----  [OUT]
2020/09/11 09:19:31:543

Connecting Started...

<<<----  [OUT]
2020/09/11 09:19:33:592

I can't connect with the passive [192.168.100.113/5000] error_code:10061 !

<<<----  [OUT]
2020/09/11 09:19:36:073

Connecting Started...

<<<----  [OUT]
2020/09/11 09:19:38:116

I can't connect with the passive [192.168.100.113/5000] error_code:10061 !

<<<----  [OUT]
2020/09/11 09:19:40:606

Connecting Started...

<<<----  [OUT]
2020/09/11 09:19:42:659

I can't connect with the passive [192.168.100.113/5000] error_code:10061 !

<<<----  [OUT]
2020/09/11 09:19:45:137

Connecting Started...

<<<----  [OUT]
2020/09/11 09:19:47:179

I can't connect with the passive [192.168.100.113/5000] error_code:10061 !

<<<----  [OUT]
2020/09/11 09:19:49:667

Connecting Started...

<<<----  [OUT]
2020/09/11 09:19:51:710

I can't connect with the passive [192.168.100.113/5000] error_code:10061 !

<<<----  [OUT]
2020/09/11 09:19:54:198

Connecting Started...

<<<----  [OUT]
2020/09/11 09:19:56:228

I can't connect with the passive [192.168.100.113/5000] error_code:10061 !

<<<----  [OUT]
2020/09/11 09:19:58:715

Connecting Started...

<<<----  [OUT]
2020/09/11 09:20:00:756

I can't connect with the passive [192.168.100.113/5000] error_code:10061 !

<<<----  [OUT]
2020/09/11 09:20:03:246

Connecting Started...

<<<----  [OUT]
2020/09/11 09:20:05:279

I can't connect with the passive [192.168.100.113/5000] error_code:10061 !

<<<----  [OUT]
2020/09/11 09:20:07:762

Connecting Started...

<<<----  [OUT]
2020/09/11 09:20:09:800

I can't connect with the passive [192.168.100.113/5000] error_code:10061 !

<<<----  [OUT]
2020/09/11 09:20:12:277

Connecting Started...

<<<----  [OUT]
2020/09/11 09:20:14:311

I can't connect with the passive [192.168.100.113/5000] error_code:10061 !

<<<----  [OUT]
2020/09/11 09:20:16:792

Connecting Started...

<<<----  [OUT]
2020/09/11 09:20:18:844

I can't connect with the passive [192.168.100.113/5000] error_code:10061 !

<<<----  [OUT]
2020/09/11 09:20:21:323

Connecting Started...

<<<----  [OUT]
2020/09/11 09:20:23:362

I can't connect with the passive [192.168.100.113/5000] error_code:10061 !

<<<----  [OUT]
2020/09/11 09:20:25:840

Connecting Started...

<<<----  [OUT]
2020/09/11 09:20:27:871

I can't connect with the passive [192.168.100.113/5000] error_code:10061 !

<<<----  [OUT]
2020/09/11 09:20:30:356

Connecting Started...

<<<----  [OUT]
2020/09/11 09:20:32:401

I can't connect with the passive [192.168.100.113/5000] error_code:10061 !

<<<----  [OUT]
2020/09/11 09:20:34:885

Connecting Started...

<<<----  [OUT]
2020/09/11 09:20:36:933

I can't connect with the passive [192.168.100.113/5000] error_code:10061 !

<<<----  [OUT]
2020/09/11 09:20:39:417

Connecting Started...

<<<----  [OUT]
2020/09/11 09:20:41:462

I can't connect with the passive [192.168.100.113/5000] error_code:10061 !

<<<----  [OUT]
2020/09/11 09:20:43:949

Connecting Started...

<<<----  [OUT]
2020/09/11 09:20:45:993

I can't connect with the passive [192.168.100.113/5000] error_code:10061 !

<<<----  [OUT]
2020/09/11 09:20:48:480

Connecting Started...

<<<----  [OUT]
2020/09/11 09:20:50:530

I can't connect with the passive [192.168.100.113/5000] error_code:10061 !

<<<----  [OUT]
2020/09/11 09:20:53:011

Connecting Started...

<<<----  [OUT]
2020/09/11 09:20:55:052

I can't connect with the passive [192.168.100.113/5000] error_code:10061 !

<<<----  [OUT]
2020/09/11 09:20:57:543

Connecting Started...

<<<----  [OUT]
2020/09/11 09:20:59:577

I can't connect with the passive [192.168.100.113/5000] error_code:10061 !

<<<----  [OUT]
2020/09/11 09:21:02:058

Connecting Started...

<<<----  [OUT]
2020/09/11 09:21:04:106

I can't connect with the passive [192.168.100.113/5000] error_code:10061 !

<<<----  [OUT]
2020/09/11 09:21:06:589

Connecting Started...

<<<----  [OUT]
2020/09/11 09:21:08:623

I can't connect with the passive [192.168.100.113/5000] error_code:10061 !

<<<----  [OUT]
2020/09/11 09:21:11:106

Connecting Started...

<<<----  [OUT]
2020/09/11 09:21:13:144

I can't connect with the passive [192.168.100.113/5000] error_code:10061 !

<<<----  [OUT]
2020/09/11 09:21:15:622

Connecting Started...

<<<----  [OUT]
2020/09/11 09:21:17:673

I can't connect with the passive [192.168.100.113/5000] error_code:10061 !

<<<----  [OUT]
2020/09/11 09:21:20:151

Connecting Started...

<<<----  [OUT]
2020/09/11 09:21:22:198

I can't connect with the passive [192.168.100.113/5000] error_code:10061 !

<<<----  [OUT]
2020/09/11 09:21:24:682

Connecting Started...

<<<----  [OUT]
2020/09/11 09:21:26:727

I can't connect with the passive [192.168.100.113/5000] error_code:10061 !

<<<----  [OUT]
2020/09/11 09:21:29:214

Connecting Started...

<<<----  [OUT]
2020/09/11 09:21:31:270

I can't connect with the passive [192.168.100.113/5000] error_code:10061 !

<<<----  [OUT]
2020/09/11 09:21:33:761

Connecting Started...

<<<----  [OUT]
2020/09/11 09:21:35:804

I can't connect with the passive [192.168.100.113/5000] error_code:10061 !

<<<----  [OUT]
2020/09/11 09:21:38:293

Connecting Started...

<<<----  [OUT]
2020/09/11 09:21:40:330

I can't connect with the passive [192.168.100.113/5000] error_code:10061 !

<<<----  [OUT]
2020/09/11 09:21:42:809

Connecting Started...

<<<----  [OUT]
2020/09/11 09:21:44:841

I can't connect with the passive [192.168.100.113/5000] error_code:10061 !

<<<----  [OUT]
2020/09/11 09:21:47:325

Connecting Started...

<<<----  [OUT]
2020/09/11 09:21:49:363

I can't connect with the passive [192.168.100.113/5000] error_code:10061 !

<<<----  [OUT]
2020/09/11 09:21:51:840

Connecting Started...

<<<----  [OUT]
2020/09/11 09:21:53:874

I can't connect with the passive [192.168.100.113/5000] error_code:10061 !

<<<----  [OUT]
2020/09/11 09:21:56:355

Connecting Started...

<<<----  [OUT]
2020/09/11 09:21:58:389

I can't connect with the passive [192.168.100.113/5000] error_code:10061 !

<<<----  [OUT]
2020/09/11 09:22:00:870

Connecting Started...

<<<----  [OUT]
2020/09/11 09:22:02:908

I can't connect with the passive [192.168.100.113/5000] error_code:10061 !

<<<----  [OUT]
2020/09/11 09:22:05:385

Connecting Started...

<<<----  [OUT]
2020/09/11 09:22:07:419

I can't connect with the passive [192.168.100.113/5000] error_code:10061 !

<<<----  [OUT]
2020/09/11 09:22:09:901

Connecting Started...

<<<----  [OUT]
2020/09/11 09:22:11:943

I can't connect with the passive [192.168.100.113/5000] error_code:10061 !

<<<----  [OUT]
2020/09/11 09:22:14:433

Connecting Started...

<<<----  [OUT]
2020/09/11 09:22:16:464

I can't connect with the passive [192.168.100.113/5000] error_code:10061 !

<<<----  [OUT]
2020/09/11 09:22:18:948

Connecting Started...

<<<----  [OUT]
2020/09/11 09:22:20:981

I can't connect with the passive [192.168.100.113/5000] error_code:10061 !

<<<----  [OUT]
2020/09/11 09:22:23:464

Connecting Started...

<<<----  [OUT]
2020/09/11 09:22:25:505

I can't connect with the passive [192.168.100.113/5000] error_code:10061 !

<<<----  [OUT]
2020/09/11 09:22:27:995

Connecting Started...

<<<----  [OUT]
2020/09/11 09:22:30:026

I can't connect with the passive [192.168.100.113/5000] error_code:10061 !

<<<----  [OUT]
2020/09/11 09:22:32:511

Connecting Started...

<<<----  [OUT]
2020/09/11 09:22:34:555

I can't connect with the passive [192.168.100.113/5000] error_code:10061 !

<<<----  [OUT]
2020/09/11 09:22:37:042

Connecting Started...

<<<----  [OUT]
2020/09/11 09:22:39:081

I can't connect with the passive [192.168.100.113/5000] error_code:10061 !

<<<----  [OUT]
2020/09/11 09:22:41:558

Connecting Started...

<<<----  [OUT]
2020/09/11 09:22:43:606

I can't connect with the passive [192.168.100.113/5000] error_code:10061 !

<<<----  [OUT]
2020/09/11 09:22:46:090

Connecting Started...

<<<----  [OUT]
2020/09/11 09:22:48:127

I can't connect with the passive [192.168.100.113/5000] error_code:10061 !

<<<----  [OUT]
2020/09/11 09:22:50:604

Connecting Started...

<<<----  [OUT]
2020/09/11 09:22:52:650

I can't connect with the passive [192.168.100.113/5000] error_code:10061 !

<<<----  [OUT]
2020/09/11 09:22:55:136

Connecting Started...

<<<----  [OUT]
2020/09/11 09:22:57:191

I can't connect with the passive [192.168.100.113/5000] error_code:10061 !

<<<----  [OUT]
2020/09/11 09:22:59:667

Connecting Started...

<<<----  [OUT]
2020/09/11 09:23:01:702

I can't connect with the passive [192.168.100.113/5000] error_code:10061 !

<<<----  [OUT]
2020/09/11 09:23:04:184

Connecting Started...

<<<----  [OUT]
2020/09/11 09:23:06:228

I can't connect with the passive [192.168.100.113/5000] error_code:10061 !

<<<----  [OUT]
2020/09/11 09:23:08:715

Connecting Started...

<<<----  [OUT]
2020/09/11 09:23:10:753

I can't connect with the passive [192.168.100.113/5000] error_code:10061 !

<<<----  [OUT]
2020/09/11 09:23:13:230

Connecting Started...

<<<----  [OUT]
2020/09/11 09:23:15:264

I can't connect with the passive [192.168.100.113/5000] error_code:10061 !

<<<----  [OUT]
2020/09/11 09:23:17:746

Connecting Started...

<<<----  [OUT]
2020/09/11 09:23:19:786

I can't connect with the passive [192.168.100.113/5000] error_code:10061 !

<<<----  [OUT]
2020/09/11 09:23:22:278

Connecting Started...

<<<----  [OUT]
2020/09/11 09:23:24:310

I can't connect with the passive [192.168.100.113/5000] error_code:10061 !

<<<----  [OUT]
2020/09/11 09:23:26:792

Connecting Started...

<<<----  [OUT]
2020/09/11 09:23:28:828

I can't connect with the passive [192.168.100.113/5000] error_code:10061 !

<<<----  [OUT]
2020/09/11 09:23:31:309

Connecting Started...

<<<----  [OUT]
2020/09/11 09:23:33:348

I can't connect with the passive [192.168.100.113/5000] error_code:10061 !

<<<----  [OUT]
2020/09/11 09:23:35:839

Connecting Started...

<<<----  [OUT]
2020/09/11 09:23:37:878

I can't connect with the passive [192.168.100.113/5000] error_code:10061 !

<<<----  [OUT]
2020/09/11 09:23:40:355

Connecting Started...

<<<----  [OUT]
2020/09/11 09:23:42:397

I can't connect with the passive [192.168.100.113/5000] error_code:10061 !

<<<----  [OUT]
2020/09/11 09:23:44:887

Connecting Started...

<<<----  [OUT]
2020/09/11 09:23:46:930

I can't connect with the passive [192.168.100.113/5000] error_code:10061 !

<<<----  [OUT]
2020/09/11 09:23:49:417

Connecting Started...

<<<----  [OUT]
2020/09/11 09:23:51:457

I can't connect with the passive [192.168.100.113/5000] error_code:10061 !

<<<----  [OUT]
2020/09/11 09:23:53:933

Connecting Started...

<<<----  [OUT]
2020/09/11 09:23:55:973

I can't connect with the passive [192.168.100.113/5000] error_code:10061 !

<<<----  [OUT]
2020/09/11 09:23:58:449

Connecting Started...

<<<----  [OUT]
2020/09/11 09:24:00:496

I can't connect with the passive [192.168.100.113/5000] error_code:10061 !

<<<----  [OUT]
2020/09/11 09:24:02:980

Connecting Started...

<<<----  [OUT]
2020/09/11 09:24:05:025

I can't connect with the passive [192.168.100.113/5000] error_code:10061 !

<<<----  [OUT]
2020/09/11 09:24:07:511

Connecting Started...

<<<----  [OUT]
2020/09/11 09:24:09:558

I can't connect with the passive [192.168.100.113/5000] error_code:10061 !

<<<----  [OUT]
2020/09/11 09:24:12:043

Connecting Started...

<<<----  [OUT]
2020/09/11 09:24:14:097

I can't connect with the passive [192.168.100.113/5000] error_code:10061 !

<<<----  [OUT]
2020/09/11 09:24:16:573

Connecting Started...

<<<----  [OUT]
2020/09/11 09:24:18:617

I can't connect with the passive [192.168.100.113/5000] error_code:10061 !

<<<----  [OUT]
2020/09/11 09:24:21:104

Connecting Started...

<<<----  [OUT]
2020/09/11 09:24:23:141

I can't connect with the passive [192.168.100.113/5000] error_code:10061 !

<<<----  [OUT]
2020/09/11 09:24:25:621

Connecting Started...

<<<----  [OUT]
2020/09/11 09:24:27:663

I can't connect with the passive [192.168.100.113/5000] error_code:10061 !

<<<----  [OUT]
2020/09/11 09:24:30:152

Connecting Started...

<<<----  [OUT]
2020/09/11 09:24:32:190

I can't connect with the passive [192.168.100.113/5000] error_code:10061 !

<<<----  [OUT]
2020/09/11 09:24:34:667

Connecting Started...

<<<----  [OUT]
2020/09/11 09:24:36:711

I can't connect with the passive [192.168.100.113/5000] error_code:10061 !

<<<----  [OUT]
2020/09/11 09:24:39:198

Connecting Started...

<<<----  [OUT]
2020/09/11 09:24:41:227

I can't connect with the passive [192.168.100.113/5000] error_code:10061 !

<<<----  [OUT]
2020/09/11 09:24:43:715

Connecting Started...

<<<----  [OUT]
2020/09/11 09:24:45:750

I can't connect with the passive [192.168.100.113/5000] error_code:10061 !

<<<----  [OUT]
2020/09/11 09:24:48:231

Connecting Started...

<<<----  [OUT]
2020/09/11 09:24:50:269

I can't connect with the passive [192.168.100.113/5000] error_code:10061 !

<<<----  [OUT]
2020/09/11 09:24:52:745

Connecting Started...

<<<----  [OUT]
2020/09/11 09:24:54:777

I can't connect with the passive [192.168.100.113/5000] error_code:10061 !

<<<----  [OUT]
2020/09/11 09:24:57:261

Connecting Started...

<<<----  [OUT]
2020/09/11 09:24:59:299

I can't connect with the passive [192.168.100.113/5000] error_code:10061 !

<<<----  [OUT]
2020/09/11 09:25:01:777

Connecting Started...

<<<----  [OUT]
2020/09/11 09:25:03:817

I can't connect with the passive [192.168.100.113/5000] error_code:10061 !

<<<----  [OUT]
2020/09/11 09:25:06:307

Connecting Started...

<<<----  [OUT]
2020/09/11 09:25:08:338

I can't connect with the passive [192.168.100.113/5000] error_code:10061 !

<<<----  [OUT]
2020/09/11 09:25:10:823

Connecting Started...

<<<----  [OUT]
2020/09/11 09:25:12:869

I can't connect with the passive [192.168.100.113/5000] error_code:10061 !

<<<----  [OUT]
2020/09/11 09:25:15:354

Connecting Started...

<<<----  [OUT]
2020/09/11 09:25:17:397

I can't connect with the passive [192.168.100.113/5000] error_code:10061 !

<<<----  [OUT]
2020/09/11 09:25:19:886

Connecting Started...

<<<----  [OUT]
2020/09/11 09:25:21:926

I can't connect with the passive [192.168.100.113/5000] error_code:10061 !

<<<----  [OUT]
2020/09/11 09:25:24:402

Connecting Started...

<<<----  [OUT]
2020/09/11 09:25:26:451

I can't connect with the passive [192.168.100.113/5000] error_code:10061 !

<<<----  [OUT]
2020/09/11 09:25:28:934

Connecting Started...

<<<----  [OUT]
2020/09/11 09:25:30:974

I can't connect with the passive [192.168.100.113/5000] error_code:10061 !

<<<----  [OUT]
2020/09/11 09:25:33:465

Connecting Started...

<<<----  [OUT]
2020/09/11 09:25:35:502

I can't connect with the passive [192.168.100.113/5000] error_code:10061 !

<<<----  [OUT]
2020/09/11 09:25:37:980

Connecting Started...

<<<----  [OUT]
2020/09/11 09:25:40:011

I can't connect with the passive [192.168.100.113/5000] error_code:10061 !

<<<----  [OUT]
2020/09/11 09:25:42:495

Connecting Started...

<<<----  [OUT]
2020/09/11 09:25:44:537

I can't connect with the passive [192.168.100.113/5000] error_code:10061 !

<<<----  [OUT]
2020/09/11 09:25:47:028

Connecting Started...

<<<----  [OUT]
2020/09/11 09:25:49:082

I can't connect with the passive [192.168.100.113/5000] error_code:10061 !

<<<----  [OUT]
2020/09/11 09:25:51:558

Connecting Started...

<<<----  [OUT]
2020/09/11 09:25:53:591

I can't connect with the passive [192.168.100.113/5000] error_code:10061 !

<<<----  [OUT]
2020/09/11 09:25:56:073

Connecting Started...

<<<----  [OUT]
2020/09/11 09:25:58:108

I can't connect with the passive [192.168.100.113/5000] error_code:10061 !

<<<----  [OUT]
2020/09/11 09:26:00:590

Connecting Started...

<<<----  [OUT]
2020/09/11 09:26:02:631

I can't connect with the passive [192.168.100.113/5000] error_code:10061 !

<<<----  [OUT]
2020/09/11 09:26:05:120

Connecting Started...

<<<----  [OUT]
2020/09/11 09:26:07:158

I can't connect with the passive [192.168.100.113/5000] error_code:10061 !

<<<----  [OUT]
2020/09/11 09:26:09:636

Connecting Started...

<<<----  [OUT]
2020/09/11 09:26:11:675

I can't connect with the passive [192.168.100.113/5000] error_code:10061 !

<<<----  [OUT]
2020/09/11 09:26:14:152

Connecting Started...

<<<----  [OUT]
2020/09/11 09:26:16:187

I can't connect with the passive [192.168.100.113/5000] error_code:10061 !

<<<----  [OUT]
2020/09/11 09:26:18:667

Connecting Started...

<<<----  [OUT]
2020/09/11 09:26:20:702

I can't connect with the passive [192.168.100.113/5000] error_code:10061 !

<<<----  [OUT]
2020/09/11 09:26:23:183

Connecting Started...

<<<----  [OUT]
2020/09/11 09:26:25:221

I can't connect with the passive [192.168.100.113/5000] error_code:10061 !

<<<----  [OUT]
2020/09/11 09:26:27:700

Connecting Started...

<<<----  [OUT]
2020/09/11 09:26:29:735

I can't connect with the passive [192.168.100.113/5000] error_code:10061 !

<<<----  [OUT]
2020/09/11 09:26:32:215

Connecting Started...

<<<----  [OUT]
2020/09/11 09:26:34:250

I can't connect with the passive [192.168.100.113/5000] error_code:10061 !

<<<----  [OUT]
2020/09/11 09:26:36:731

Connecting Started...

<<<----  [OUT]
2020/09/11 09:26:38:781

I can't connect with the passive [192.168.100.113/5000] error_code:10061 !

<<<----  [OUT]
2020/09/11 09:26:41:261

Connecting Started...

<<<----  [OUT]
2020/09/11 09:26:43:296

I can't connect with the passive [192.168.100.113/5000] error_code:10061 !

<<<----  [OUT]
2020/09/11 09:26:45:777

Connecting Started...

<<<----  [OUT]
2020/09/11 09:26:47:820

I can't connect with the passive [192.168.100.113/5000] error_code:10061 !

<<<----  [OUT]
2020/09/11 09:26:50:308

Connecting Started...

<<<----  [OUT]
2020/09/11 09:26:52:333

I can't connect with the passive [192.168.100.113/5000] error_code:10061 !

<<<----  [OUT]
2020/09/11 09:26:54:824

Connecting Started...

<<<----  [OUT]
2020/09/11 09:26:56:859

I can't connect with the passive [192.168.100.113/5000] error_code:10061 !

<<<----  [OUT]
2020/09/11 09:26:59:339

Connecting Started...

<<<----  [OUT]
2020/09/11 09:27:01:378

I can't connect with the passive [192.168.100.113/5000] error_code:10061 !

<<<----  [OUT]
2020/09/11 09:27:03:855

Connecting Started...

<<<----  [OUT]
2020/09/11 09:27:05:900

I can't connect with the passive [192.168.100.113/5000] error_code:10061 !

<<<----  [OUT]
2020/09/11 09:27:08:387

Connecting Started...

<<<----  [OUT]
2020/09/11 09:27:10:418

I can't connect with the passive [192.168.100.113/5000] error_code:10061 !

<<<----  [OUT]
2020/09/11 09:27:12:903

Connecting Started...

<<<----  [OUT]
2020/09/11 09:27:14:940

I can't connect with the passive [192.168.100.113/5000] error_code:10061 !

<<<----  [OUT]
2020/09/11 09:27:17:418

Connecting Started...

<<<----  [OUT]
2020/09/11 09:27:19:448

I can't connect with the passive [192.168.100.113/5000] error_code:10061 !

<<<----  [OUT]
2020/09/11 09:27:21:933

Connecting Started...

<<<----  [OUT]
2020/09/11 09:27:23:969

I can't connect with the passive [192.168.100.113/5000] error_code:10061 !

<<<----  [OUT]
2020/09/11 09:27:26:449

Connecting Started...

<<<----  [OUT]
2020/09/11 09:27:28:481

I can't connect with the passive [192.168.100.113/5000] error_code:10061 !

<<<----  [OUT]
2020/09/11 09:27:30:965

Connecting Started...

<<<----  [OUT]
2020/09/11 09:27:33:004

I can't connect with the passive [192.168.100.113/5000] error_code:10061 !

<<<----  [OUT]
2020/09/11 09:27:35:496

Connecting Started...

<<<----  [OUT]
2020/09/11 09:27:37:543

I can't connect with the passive [192.168.100.113/5000] error_code:10061 !

<<<----  [OUT]
2020/09/11 09:27:40:026

Connecting Started...

<<<----  [OUT]
2020/09/11 09:27:42:067

I can't connect with the passive [192.168.100.113/5000] error_code:10061 !

<<<----  [OUT]
2020/09/11 09:27:44:558

Connecting Started...

<<<----  [OUT]
2020/09/11 09:27:46:606

I can't connect with the passive [192.168.100.113/5000] error_code:10061 !

<<<----  [OUT]
2020/09/11 09:27:49:090

Connecting Started...

<<<----  [OUT]
2020/09/11 09:27:51:131

I can't connect with the passive [192.168.100.113/5000] error_code:10061 !

<<<----  [OUT]
2020/09/11 09:27:53:620

Connecting Started...

<<<----  [OUT]
2020/09/11 09:27:55:660

I can't connect with the passive [192.168.100.113/5000] error_code:10061 !

<<<----  [OUT]
2020/09/11 09:27:58:152

Connecting Started...

<<<----  [OUT]
2020/09/11 09:28:00:193

I can't connect with the passive [192.168.100.113/5000] error_code:10061 !

<<<----  [OUT]
2020/09/11 09:28:02:683

Connecting Started...

<<<----  [OUT]
2020/09/11 09:28:04:719

I can't connect with the passive [192.168.100.113/5000] error_code:10061 !

<<<----  [OUT]
2020/09/11 09:28:07:199

Connecting Started...

<<<----  [OUT]
2020/09/11 09:28:09:241

I can't connect with the passive [192.168.100.113/5000] error_code:10061 !

<<<----  [OUT]
2020/09/11 09:28:11:729

Connecting Started...

<<<----  [OUT]
2020/09/11 09:28:13:764

I can't connect with the passive [192.168.100.113/5000] error_code:10061 !

<<<----  [OUT]
2020/09/11 09:28:16:245

Connecting Started...

<<<----  [OUT]
2020/09/11 09:28:18:285

I can't connect with the passive [192.168.100.113/5000] error_code:10061 !

<<<----  [OUT]
2020/09/11 09:28:20:760

Connecting Started...

<<<----  [OUT]
2020/09/11 09:28:22:798

I can't connect with the passive [192.168.100.113/5000] error_code:10061 !

<<<----  [OUT]
2020/09/11 09:28:25:276

Connecting Started...

<<<----  [OUT]
2020/09/11 09:28:27:309

I can't connect with the passive [192.168.100.113/5000] error_code:10061 !

<<<----  [OUT]
2020/09/11 09:28:29:792

Connecting Started...

<<<----  [OUT]
2020/09/11 09:28:31:834

I can't connect with the passive [192.168.100.113/5000] error_code:10061 !

<<<----  [OUT]
2020/09/11 09:28:34:324

Connecting Started...

<<<----  [OUT]
2020/09/11 09:28:36:374

I can't connect with the passive [192.168.100.113/5000] error_code:10061 !

<<<----  [OUT]
2020/09/11 09:28:38:856

Connecting Started...

<<<----  [OUT]
2020/09/11 09:28:40:905

I can't connect with the passive [192.168.100.113/5000] error_code:10061 !

<<<----  [OUT]
2020/09/11 09:28:43:386

Connecting Started...

<<<----  [OUT]
2020/09/11 09:28:45:425

I can't connect with the passive [192.168.100.113/5000] error_code:10061 !

<<<----  [OUT]
2020/09/11 09:28:47:903

Connecting Started...

<<<----  [OUT]
2020/09/11 09:28:49:958

I can't connect with the passive [192.168.100.113/5000] error_code:10061 !

<<<----  [OUT]
2020/09/11 09:28:52:450

Connecting Started...

<<<----  [OUT]
2020/09/11 09:28:54:501

I can't connect with the passive [192.168.100.113/5000] error_code:10061 !

<<<----  [OUT]
2020/09/11 09:28:56:980

Connecting Started...

<<<----  [OUT]
2020/09/11 09:28:59:023

I can't connect with the passive [192.168.100.113/5000] error_code:10061 !

<<<----  [OUT]
2020/09/11 09:29:01:511

Connecting Started...

<<<----  [OUT]
2020/09/11 09:29:03:552

I can't connect with the passive [192.168.100.113/5000] error_code:10061 !

<<<----  [OUT]
2020/09/11 09:29:06:042

Connecting Started...

<<<----  [OUT]
2020/09/11 09:29:08:079

I can't connect with the passive [192.168.100.113/5000] error_code:10061 !

<<<----  [OUT]
2020/09/11 09:29:10:558

Connecting Started...

<<<----  [OUT]
2020/09/11 09:29:12:606

I can't connect with the passive [192.168.100.113/5000] error_code:10061 !

<<<----  [OUT]
2020/09/11 09:29:15:090

Connecting Started...

<<<----  [OUT]
2020/09/11 09:29:17:125

I can't connect with the passive [192.168.100.113/5000] error_code:10061 !

<<<----  [OUT]
2020/09/11 09:29:19:606

Connecting Started...

<<<----  [OUT]
2020/09/11 09:29:21:636

I can't connect with the passive [192.168.100.113/5000] error_code:10061 !

<<<----  [OUT]
2020/09/11 09:29:24:120

Connecting Started...

<<<----  [OUT]
2020/09/11 09:29:26:165

I can't connect with the passive [192.168.100.113/5000] error_code:10061 !

<<<----  [OUT]
2020/09/11 09:29:28:652

Connecting Started...

<<<----  [OUT]
2020/09/11 09:29:30:697

I can't connect with the passive [192.168.100.113/5000] error_code:10061 !

<<<----  [OUT]
2020/09/11 09:29:33:183

Connecting Started...

<<<----  [OUT]
2020/09/11 09:29:35:235

I can't connect with the passive [192.168.100.113/5000] error_code:10061 !

<<<----  [OUT]
2020/09/11 09:29:37:713

Connecting Started...

<<<----  [OUT]
2020/09/11 09:29:39:753

I can't connect with the passive [192.168.100.113/5000] error_code:10061 !

<<<----  [OUT]
2020/09/11 09:29:42:230

Connecting Started...

<<<----  [OUT]
2020/09/11 09:29:44:265

I can't connect with the passive [192.168.100.113/5000] error_code:10061 !

<<<----  [OUT]
2020/09/11 09:29:46:745

Connecting Started...

<<<----  [OUT]
2020/09/11 09:29:48:790

I can't connect with the passive [192.168.100.113/5000] error_code:10061 !

<<<----  [OUT]
2020/09/11 09:29:51:277

Connecting Started...

<<<----  [OUT]
2020/09/11 09:29:53:317

I can't connect with the passive [192.168.100.113/5000] error_code:10061 !

<<<----  [OUT]
2020/09/11 09:29:55:809

Connecting Started...

<<<----  [OUT]
2020/09/11 09:29:57:855

I can't connect with the passive [192.168.100.113/5000] error_code:10061 !

<<<----  [OUT]
2020/09/11 09:30:00:340

Connecting Started...

<<<----  [OUT]
2020/09/11 09:30:02:393

I can't connect with the passive [192.168.100.113/5000] error_code:10061 !

<<<----  [OUT]
2020/09/11 09:30:04:871

Connecting Started...

<<<----  [OUT]
2020/09/11 09:30:06:925

I can't connect with the passive [192.168.100.113/5000] error_code:10061 !

<<<----  [OUT]
2020/09/11 09:30:09:403

Connecting Started...

<<<----  [OUT]
2020/09/11 09:30:11:446

I can't connect with the passive [192.168.100.113/5000] error_code:10061 !

<<<----  [OUT]
2020/09/11 09:30:13:933

Connecting Started...

<<<----  [OUT]
2020/09/11 09:30:15:965

I can't connect with the passive [192.168.100.113/5000] error_code:10061 !

<<<----  [OUT]
2020/09/11 09:30:18:449

Connecting Started...

<<<----  [OUT]
2020/09/11 09:30:20:480

I can't connect with the passive [192.168.100.113/5000] error_code:10061 !

<<<----  [OUT]
2020/09/11 09:30:22:963

Connecting Started...

<<<----  [OUT]
2020/09/11 09:30:25:012

I can't connect with the passive [192.168.100.113/5000] error_code:10061 !

<<<----  [OUT]
2020/09/11 09:30:27:496

Connecting Started...

<<<----  [OUT]
2020/09/11 09:30:29:539

I can't connect with the passive [192.168.100.113/5000] error_code:10061 !

<<<----  [OUT]
2020/09/11 09:30:32:026

Connecting Started...

<<<----  [OUT]
2020/09/11 09:30:34:071

I can't connect with the passive [192.168.100.113/5000] error_code:10061 !

<<<----  [OUT]
2020/09/11 09:30:36:557

Connecting Started...

<<<----  [OUT]
2020/09/11 09:30:38:604

I can't connect with the passive [192.168.100.113/5000] error_code:10061 !

<<<----  [OUT]
2020/09/11 09:30:41:089

Connecting Started...

<<<----  [OUT]
2020/09/11 09:30:43:122

I can't connect with the passive [192.168.100.113/5000] error_code:10061 !

<<<----  [OUT]
2020/09/11 09:30:45:605

Connecting Started...

<<<----  [OUT]
2020/09/11 09:30:47:640

I can't connect with the passive [192.168.100.113/5000] error_code:10061 !

<<<----  [OUT]
2020/09/11 09:30:50:120

Connecting Started...

<<<----  [OUT]
2020/09/11 09:30:52:152

I can't connect with the passive [192.168.100.113/5000] error_code:10061 !

<<<----  [OUT]
2020/09/11 09:30:54:636

Connecting Started...

<<<----  [OUT]
2020/09/11 09:30:56:676

I can't connect with the passive [192.168.100.113/5000] error_code:10061 !

<<<----  [OUT]
2020/09/11 09:30:59:167

Connecting Started...

<<<----  [OUT]
2020/09/11 09:31:01:208

I can't connect with the passive [192.168.100.113/5000] error_code:10061 !

<<<----  [OUT]
2020/09/11 09:31:03:699

Connecting Started...

<<<----  [OUT]
2020/09/11 09:31:05:735

I can't connect with the passive [192.168.100.113/5000] error_code:10061 !

<<<----  [OUT]
2020/09/11 09:31:08:214

Connecting Started...

<<<----  [OUT]
2020/09/11 09:31:10:253

I can't connect with the passive [192.168.100.113/5000] error_code:10061 !

<<<----  [OUT]
2020/09/11 09:31:12:731

Connecting Started...

<<<----  [OUT]
2020/09/11 09:31:14:772

I can't connect with the passive [192.168.100.113/5000] error_code:10061 !

<<<----  [OUT]
2020/09/11 09:31:17:261

Connecting Started...

<<<----  [OUT]
2020/09/11 09:31:19:312

I can't connect with the passive [192.168.100.113/5000] error_code:10061 !

<<<----  [OUT]
2020/09/11 09:31:21:793

Connecting Started...

<<<----  [OUT]
2020/09/11 09:31:23:832

I can't connect with the passive [192.168.100.113/5000] error_code:10061 !

<<<----  [OUT]
2020/09/11 09:31:26:309

Connecting Started...

<<<----  [OUT]
2020/09/11 09:31:28:346

I can't connect with the passive [192.168.100.113/5000] error_code:10061 !

<<<----  [OUT]
2020/09/11 09:31:30:823

Connecting Started...

<<<----  [OUT]
2020/09/11 09:31:32:854

I can't connect with the passive [192.168.100.113/5000] error_code:10061 !

<<<----  [OUT]
2020/09/11 09:31:35:340

Connecting Started...

<<<----  [OUT]
2020/09/11 09:31:37:393

I can't connect with the passive [192.168.100.113/5000] error_code:10061 !

<<<----  [OUT]
2020/09/11 09:31:39:870

Connecting Started...

<<<----  [OUT]
2020/09/11 09:31:41:917

I can't connect with the passive [192.168.100.113/5000] error_code:10061 !

<<<----  [OUT]
2020/09/11 09:31:44:402

Connecting Started...

<<<----  [OUT]
2020/09/11 09:31:46:437

I can't connect with the passive [192.168.100.113/5000] error_code:10061 !

<<<----  [OUT]
2020/09/11 09:31:48:917

Connecting Started...

<<<----  [OUT]
2020/09/11 09:31:50:961

I can't connect with the passive [192.168.100.113/5000] error_code:10061 !

<<<----  [OUT]
2020/09/11 09:31:53:449

Connecting Started...

<<<----  [OUT]
2020/09/11 09:31:55:481

I can't connect with the passive [192.168.100.113/5000] error_code:10061 !

<<<----  [OUT]
2020/09/11 09:31:57:965

Connecting Started...

<<<----  [OUT]
2020/09/11 09:32:00:002

I can't connect with the passive [192.168.100.113/5000] error_code:10061 !

<<<----  [OUT]
2020/09/11 09:32:02:480

Connecting Started...

<<<----  [OUT]
2020/09/11 09:32:04:519

I can't connect with the passive [192.168.100.113/5000] error_code:10061 !

<<<----  [OUT]
2020/09/11 09:32:06:995

Connecting Started...

<<<----  [OUT]
2020/09/11 09:32:09:046

I can't connect with the passive [192.168.100.113/5000] error_code:10061 !

<<<----  [OUT]
2020/09/11 09:32:11:527

Connecting Started...

<<<----  [OUT]
2020/09/11 09:32:13:565

I can't connect with the passive [192.168.100.113/5000] error_code:10061 !

<<<----  [OUT]
2020/09/11 09:32:16:042

Connecting Started...

<<<----  [OUT]
2020/09/11 09:32:18:077

I can't connect with the passive [192.168.100.113/5000] error_code:10061 !

<<<----  [OUT]
2020/09/11 09:32:20:558

Connecting Started...

<<<----  [OUT]
2020/09/11 09:32:22:593

I can't connect with the passive [192.168.100.113/5000] error_code:10061 !

<<<----  [OUT]
2020/09/11 09:32:25:074

Connecting Started...

<<<----  [OUT]
2020/09/11 09:32:27:127

I can't connect with the passive [192.168.100.113/5000] error_code:10061 !

<<<----  [OUT]
2020/09/11 09:32:29:606

Connecting Started...

<<<----  [OUT]
2020/09/11 09:32:31:637

I can't connect with the passive [192.168.100.113/5000] error_code:10061 !

<<<----  [OUT]
2020/09/11 09:32:34:122

Connecting Started...

<<<----  [OUT]
2020/09/11 09:32:36:155

I can't connect with the passive [192.168.100.113/5000] error_code:10061 !

<<<----  [OUT]
2020/09/11 09:32:38:636

Connecting Started...

<<<----  [OUT]
2020/09/11 09:32:40:679

I can't connect with the passive [192.168.100.113/5000] error_code:10061 !

<<<----  [OUT]
2020/09/11 09:32:43:168

Connecting Started...

<<<----  [OUT]
2020/09/11 09:32:45:219

I can't connect with the passive [192.168.100.113/5000] error_code:10061 !

<<<----  [OUT]
2020/09/11 09:32:47:699

Connecting Started...

<<<----  [OUT]
2020/09/11 09:32:49:739

I can't connect with the passive [192.168.100.113/5000] error_code:10061 !

<<<----  [OUT]
2020/09/11 09:32:52:230

Connecting Started...

<<<----  [OUT]
2020/09/11 09:32:54:266

I can't connect with the passive [192.168.100.113/5000] error_code:10061 !

<<<----  [OUT]
2020/09/11 09:32:56:746

Connecting Started...

<<<----  [OUT]
2020/09/11 09:32:58:789

I can't connect with the passive [192.168.100.113/5000] error_code:10061 !

<<<----  [OUT]
2020/09/11 09:33:01:276

Connecting Started...

<<<----  [OUT]
2020/09/11 09:33:03:316

I can't connect with the passive [192.168.100.113/5000] error_code:10061 !

<<<----  [OUT]
2020/09/11 09:33:05:792

Connecting Started...

<<<----  [OUT]
2020/09/11 09:33:07:836

I can't connect with the passive [192.168.100.113/5000] error_code:10061 !

<<<----  [OUT]
2020/09/11 09:33:10:323

Connecting Started...

<<<----  [OUT]
2020/09/11 09:33:12:362

I can't connect with the passive [192.168.100.113/5000] error_code:10061 !

<<<----  [OUT]
2020/09/11 09:33:14:840

Connecting Started...

<<<----  [OUT]
2020/09/11 09:33:16:869

I can't connect with the passive [192.168.100.113/5000] error_code:10061 !

<<<----  [OUT]
2020/09/11 09:33:19:355

Connecting Started...

<<<----  [OUT]
2020/09/11 09:33:21:399

I can't connect with the passive [192.168.100.113/5000] error_code:10061 !

<<<----  [OUT]
2020/09/11 09:33:23:887

Connecting Started...

<<<----  [OUT]
2020/09/11 09:33:25:933

I can't connect with the passive [192.168.100.113/5000] error_code:10061 !

<<<----  [OUT]
2020/09/11 09:33:28:418

Connecting Started...

<<<----  [OUT]
2020/09/11 09:33:30:460

I can't connect with the passive [192.168.100.113/5000] error_code:10061 !

<<<----  [OUT]
2020/09/11 09:33:32:949

Connecting Started...

<<<----  [OUT]
2020/09/11 09:33:34:998

I can't connect with the passive [192.168.100.113/5000] error_code:10061 !

<<<----  [OUT]
2020/09/11 09:33:37:479

Connecting Started...

<<<----  [OUT]
2020/09/11 09:33:39:526

I can't connect with the passive [192.168.100.113/5000] error_code:10061 !

<<<----  [OUT]
2020/09/11 09:33:42:012

Connecting Started...

<<<----  [OUT]
2020/09/11 09:33:44:066

I can't connect with the passive [192.168.100.113/5000] error_code:10061 !

<<<----  [OUT]
2020/09/11 09:33:46:542

Connecting Started...

<<<----  [OUT]
2020/09/11 09:33:48:587

I can't connect with the passive [192.168.100.113/5000] error_code:10061 !

<<<----  [OUT]
2020/09/11 09:33:51:074

Connecting Started...

<<<----  [OUT]
2020/09/11 09:33:53:126

I can't connect with the passive [192.168.100.113/5000] error_code:10061 !

<<<----  [OUT]
2020/09/11 09:33:55:606

Connecting Started...

<<<----  [OUT]
2020/09/11 09:33:57:653

I can't connect with the passive [192.168.100.113/5000] error_code:10061 !

<<<----  [OUT]
2020/09/11 09:34:00:136

Connecting Started...

<<<----  [OUT]
2020/09/11 09:34:02:183

I can't connect with the passive [192.168.100.113/5000] error_code:10061 !

<<<----  [OUT]
2020/09/11 09:34:04:668

Connecting Started...

<<<----  [OUT]
2020/09/11 09:34:06:713

I can't connect with the passive [192.168.100.113/5000] error_code:10061 !

<<<----  [OUT]
2020/09/11 09:34:09:198

Connecting Started...

<<<----  [OUT]
2020/09/11 09:34:11:241

I can't connect with the passive [192.168.100.113/5000] error_code:10061 !

<<<----  [OUT]
2020/09/11 09:34:13:730

Connecting Started...

<<<----  [OUT]
2020/09/11 09:34:15:766

I can't connect with the passive [192.168.100.113/5000] error_code:10061 !

<<<----  [OUT]
2020/09/11 09:34:18:245

Connecting Started...

<<<----  [OUT]
2020/09/11 09:34:20:287

I can't connect with the passive [192.168.100.113/5000] error_code:10061 !

<<<----  [OUT]
2020/09/11 09:34:22:777

Connecting Started...

<<<----  [OUT]
2020/09/11 09:34:24:814

I can't connect with the passive [192.168.100.113/5000] error_code:10061 !

<<<----  [OUT]
2020/09/11 09:34:27:292

Connecting Started...

<<<----  [OUT]
2020/09/11 09:34:29:344

I can't connect with the passive [192.168.100.113/5000] error_code:10061 !

<<<----  [OUT]
2020/09/11 09:34:31:824

Connecting Started...

<<<----  [OUT]
2020/09/11 09:34:33:868

I can't connect with the passive [192.168.100.113/5000] error_code:10061 !

<<<----  [OUT]
2020/09/11 09:34:36:355

Connecting Started...

<<<----  [OUT]
2020/09/11 09:34:38:401

I can't connect with the passive [192.168.100.113/5000] error_code:10061 !

<<<----  [OUT]
2020/09/11 09:34:40:887

Connecting Started...

<<<----  [OUT]
2020/09/11 09:34:42:929

I can't connect with the passive [192.168.100.113/5000] error_code:10061 !

<<<----  [OUT]
2020/09/11 09:34:45:418

Connecting Started...

<<<----  [OUT]
2020/09/11 09:34:47:455

I can't connect with the passive [192.168.100.113/5000] error_code:10061 !

<<<----  [OUT]
2020/09/11 09:34:49:934

Connecting Started...

<<<----  [OUT]
2020/09/11 09:34:51:975

I can't connect with the passive [192.168.100.113/5000] error_code:10061 !

<<<----  [OUT]
2020/09/11 09:34:54:463

Connecting Started...

<<<----  [OUT]
2020/09/11 09:34:56:499

I can't connect with the passive [192.168.100.113/5000] error_code:10061 !

<<<----  [OUT]
2020/09/11 09:34:58:980

Connecting Started...

<<<----  [OUT]
2020/09/11 09:35:01:026

I can't connect with the passive [192.168.100.113/5000] error_code:10061 !

<<<----  [OUT]
2020/09/11 09:35:03:512

Connecting Started...

<<<----  [OUT]
2020/09/11 09:35:05:553

I can't connect with the passive [192.168.100.113/5000] error_code:10061 !

<<<----  [OUT]
2020/09/11 09:35:08:042

Connecting Started...

<<<----  [OUT]
2020/09/11 09:35:10:080

I can't connect with the passive [192.168.100.113/5000] error_code:10061 !

<<<----  [OUT]
2020/09/11 09:35:12:559

Connecting Started...

<<<----  [OUT]
2020/09/11 09:35:14:588

I can't connect with the passive [192.168.100.113/5000] error_code:10061 !

<<<----  [OUT]
2020/09/11 09:35:17:075

Connecting Started...

<<<----  [OUT]
2020/09/11 09:35:19:119

I can't connect with the passive [192.168.100.113/5000] error_code:10061 !

<<<----  [OUT]
2020/09/11 09:35:21:605

Connecting Started...

<<<----  [OUT]
2020/09/11 09:35:23:652

I can't connect with the passive [192.168.100.113/5000] error_code:10061 !

<<<----  [OUT]
2020/09/11 09:35:26:136

Connecting Started...

<<<----  [OUT]
2020/09/11 09:35:28:183

I can't connect with the passive [192.168.100.113/5000] error_code:10061 !

<<<----  [OUT]
2020/09/11 09:35:30:668

Connecting Started...

<<<----  [OUT]
2020/09/11 09:35:32:709

I can't connect with the passive [192.168.100.113/5000] error_code:10061 !

<<<----  [OUT]
2020/09/11 09:35:35:199

Connecting Started...

<<<----  [OUT]
2020/09/11 09:35:37:249

I can't connect with the passive [192.168.100.113/5000] error_code:10061 !

<<<----  [OUT]
2020/09/11 09:35:39:729

Connecting Started...

<<<----  [OUT]
2020/09/11 09:35:41:768

I can't connect with the passive [192.168.100.113/5000] error_code:10061 !

<<<----  [OUT]
2020/09/11 09:35:44:245

Connecting Started...

<<<----  [OUT]
2020/09/11 09:35:46:290

I can't connect with the passive [192.168.100.113/5000] error_code:10061 !

<<<----  [OUT]
2020/09/11 09:35:48:776

Connecting Started...

<<<----  [OUT]
2020/09/11 09:35:50:815

I can't connect with the passive [192.168.100.113/5000] error_code:10061 !

<<<----  [OUT]
2020/09/11 09:35:53:292

Connecting Started...

<<<----  [OUT]
2020/09/11 09:35:55:340

I can't connect with the passive [192.168.100.113/5000] error_code:10061 !

<<<----  [OUT]
2020/09/11 09:35:57:824

Connecting Started...

<<<----  [OUT]
2020/09/11 09:35:59:867

I can't connect with the passive [192.168.100.113/5000] error_code:10061 !

<<<----  [OUT]
2020/09/11 09:36:02:355

Connecting Started...

<<<----  [OUT]
2020/09/11 09:36:04:399

I can't connect with the passive [192.168.100.113/5000] error_code:10061 !

<<<----  [OUT]
2020/09/11 09:36:06:886

Connecting Started...

<<<----  [OUT]
2020/09/11 09:36:08:922

I can't connect with the passive [192.168.100.113/5000] error_code:10061 !

<<<----  [OUT]
2020/09/11 09:36:11:402

Connecting Started...

<<<----  [OUT]
2020/09/11 09:36:13:433

I can't connect with the passive [192.168.100.113/5000] error_code:10061 !

<<<----  [OUT]
2020/09/11 09:36:15:917

Connecting Started...

<<<----  [OUT]
2020/09/11 09:36:17:969

I can't connect with the passive [192.168.100.113/5000] error_code:10061 !

<<<----  [OUT]
2020/09/11 09:36:20:448

Connecting Started...

<<<----  [OUT]
2020/09/11 09:36:22:498

I can't connect with the passive [192.168.100.113/5000] error_code:10061 !

<<<----  [OUT]
2020/09/11 09:36:24:979

Connecting Started...

<<<----  [OUT]
2020/09/11 09:36:27:021

I can't connect with the passive [192.168.100.113/5000] error_code:10061 !

<<<----  [OUT]
2020/09/11 09:36:29:512

Connecting Started...

<<<----  [OUT]
2020/09/11 09:36:31:545

I can't connect with the passive [192.168.100.113/5000] error_code:10061 !

<<<----  [OUT]
2020/09/11 09:36:34:026

Connecting Started...

<<<----  [OUT]
2020/09/11 09:36:36:067

I can't connect with the passive [192.168.100.113/5000] error_code:10061 !

<<<----  [OUT]
2020/09/11 09:36:38:558

Connecting Started...

<<<----  [OUT]
2020/09/11 09:36:40:591

I can't connect with the passive [192.168.100.113/5000] error_code:10061 !

<<<----  [OUT]
2020/09/11 09:36:43:074

Connecting Started...

<<<----  [OUT]
2020/09/11 09:36:45:110

I can't connect with the passive [192.168.100.113/5000] error_code:10061 !

<<<----  [OUT]
2020/09/11 09:36:47:589

Connecting Started...

<<<----  [OUT]
2020/09/11 09:36:49:625

I can't connect with the passive [192.168.100.113/5000] error_code:10061 !

<<<----  [OUT]
2020/09/11 09:36:52:105

Connecting Started...

<<<----  [OUT]
2020/09/11 09:36:54:142

I can't connect with the passive [192.168.100.113/5000] error_code:10061 !

<<<----  [OUT]
2020/09/11 09:36:56:621

Connecting Started...

<<<----  [OUT]
2020/09/11 09:36:58:659

I can't connect with the passive [192.168.100.113/5000] error_code:10061 !

<<<----  [OUT]
2020/09/11 09:37:01:136

Connecting Started...

<<<----  [OUT]
2020/09/11 09:37:03:172

I can't connect with the passive [192.168.100.113/5000] error_code:10061 !

<<<----  [OUT]
2020/09/11 09:37:05:652

Connecting Started...

<<<----  [OUT]
2020/09/11 09:37:07:696

I can't connect with the passive [192.168.100.113/5000] error_code:10061 !

<<<----  [OUT]
2020/09/11 09:37:10:183

Connecting Started...

<<<----  [OUT]
2020/09/11 09:37:12:229

I can't connect with the passive [192.168.100.113/5000] error_code:10061 !

<<<----  [OUT]
2020/09/11 09:37:14:714

Connecting Started...

<<<----  [OUT]
2020/09/11 09:37:16:754

I can't connect with the passive [192.168.100.113/5000] error_code:10061 !

<<<----  [OUT]
2020/09/11 09:37:19:229

Connecting Started...

<<<----  [OUT]
2020/09/11 09:37:21:270

I can't connect with the passive [192.168.100.113/5000] error_code:10061 !

<<<----  [OUT]
2020/09/11 09:37:23:745

Connecting Started...

<<<----  [OUT]
2020/09/11 09:37:25:781

I can't connect with the passive [192.168.100.113/5000] error_code:10061 !

<<<----  [OUT]
2020/09/11 09:37:28:261

Connecting Started...

<<<----  [OUT]
2020/09/11 09:37:30:303

I can't connect with the passive [192.168.100.113/5000] error_code:10061 !

<<<----  [OUT]
2020/09/11 09:37:32:792

Connecting Started...

<<<----  [OUT]
2020/09/11 09:37:34:843

I can't connect with the passive [192.168.100.113/5000] error_code:10061 !

<<<----  [OUT]
2020/09/11 09:37:37:324

Connecting Started...

<<<----  [OUT]
2020/09/11 09:37:39:362

I can't connect with the passive [192.168.100.113/5000] error_code:10061 !

<<<----  [OUT]
2020/09/11 09:37:41:839

Connecting Started...

<<<----  [OUT]
2020/09/11 09:37:43:882

I can't connect with the passive [192.168.100.113/5000] error_code:10061 !

<<<----  [OUT]
2020/09/11 09:37:46:371

Connecting Started...

<<<----  [OUT]
2020/09/11 09:37:48:409

I can't connect with the passive [192.168.100.113/5000] error_code:10061 !

<<<----  [OUT]
2020/09/11 09:37:50:885

Connecting Started...

<<<----  [OUT]
2020/09/11 09:37:52:934

I can't connect with the passive [192.168.100.113/5000] error_code:10061 !

<<<----  [OUT]
2020/09/11 09:37:55:417

Connecting Started...

<<<----  [OUT]
2020/09/11 09:37:57:454

I can't connect with the passive [192.168.100.113/5000] error_code:10061 !

<<<----  [OUT]
2020/09/11 09:37:59:932

Connecting Started...

<<<----  [OUT]
2020/09/11 09:38:01:972

I can't connect with the passive [192.168.100.113/5000] error_code:10061 !

<<<----  [OUT]
2020/09/11 09:38:04:448

Connecting Started...

<<<----  [OUT]
2020/09/11 09:38:06:492

I can't connect with the passive [192.168.100.113/5000] error_code:10061 !

<<<----  [OUT]
2020/09/11 09:38:08:980

Connecting Started...

<<<----  [OUT]
2020/09/11 09:38:11:018

I can't connect with the passive [192.168.100.113/5000] error_code:10061 !

<<<----  [OUT]
2020/09/11 09:38:13:496

Connecting Started...

<<<----  [OUT]
2020/09/11 09:38:15:541

I can't connect with the passive [192.168.100.113/5000] error_code:10061 !

<<<----  [OUT]
2020/09/11 09:38:18:026

Connecting Started...

<<<----  [OUT]
2020/09/11 09:38:20:060

I can't connect with the passive [192.168.100.113/5000] error_code:10061 !

<<<----  [OUT]
2020/09/11 09:38:22:542

Connecting Started...

<<<----  [OUT]
2020/09/11 09:38:24:582

I can't connect with the passive [192.168.100.113/5000] error_code:10061 !

<<<----  [OUT]
2020/09/11 09:38:27:074

Connecting Started...

<<<----  [OUT]
2020/09/11 09:38:29:125

I can't connect with the passive [192.168.100.113/5000] error_code:10061 !

<<<----  [OUT]
2020/09/11 09:38:31:604

Connecting Started...

<<<----  [OUT]
2020/09/11 09:38:33:651

I can't connect with the passive [192.168.100.113/5000] error_code:10061 !

<<<----  [OUT]
2020/09/11 09:38:36:135

Connecting Started...

<<<----  [OUT]
2020/09/11 09:38:38:187

I can't connect with the passive [192.168.100.113/5000] error_code:10061 !

<<<----  [OUT]
2020/09/11 09:38:40:668

Connecting Started...

<<<----  [OUT]
2020/09/11 09:38:42:704

I can't connect with the passive [192.168.100.113/5000] error_code:10061 !

<<<----  [OUT]
2020/09/11 09:38:45:182

Connecting Started...

<<<----  [OUT]
2020/09/11 09:38:47:222

I can't connect with the passive [192.168.100.113/5000] error_code:10061 !

<<<----  [OUT]
2020/09/11 09:38:49:698

Connecting Started...

<<<----  [OUT]
2020/09/11 09:38:51:740

I can't connect with the passive [192.168.100.113/5000] error_code:10061 !

<<<----  [OUT]
2020/09/11 09:38:54:230

Connecting Started...

<<<----  [OUT]
2020/09/11 09:38:56:271

I can't connect with the passive [192.168.100.113/5000] error_code:10061 !

<<<----  [OUT]
2020/09/11 09:38:58:761

Connecting Started...

<<<----  [OUT]
2020/09/11 09:39:00:803

I can't connect with the passive [192.168.100.113/5000] error_code:10061 !

<<<----  [OUT]
2020/09/11 09:39:03:292

Connecting Started...

<<<----  [OUT]
2020/09/11 09:39:05:338

I can't connect with the passive [192.168.100.113/5000] error_code:10061 !

<<<----  [OUT]
2020/09/11 09:39:07:825

Connecting Started...

<<<----  [OUT]
2020/09/11 09:39:09:868

I can't connect with the passive [192.168.100.113/5000] error_code:10061 !

<<<----  [OUT]
2020/09/11 09:39:12:354

Connecting Started...

<<<----  [OUT]
2020/09/11 09:39:14:400

I can't connect with the passive [192.168.100.113/5000] error_code:10061 !

<<<----  [OUT]
2020/09/11 09:39:16:885

Connecting Started...

<<<----  [OUT]
2020/09/11 09:39:18:929

I can't connect with the passive [192.168.100.113/5000] error_code:10061 !

<<<----  [OUT]
2020/09/11 09:39:21:418

Connecting Started...

<<<----  [OUT]
2020/09/11 09:39:23:447

I can't connect with the passive [192.168.100.113/5000] error_code:10061 !

<<<----  [OUT]
2020/09/11 09:39:25:934

Connecting Started...

<<<----  [OUT]
2020/09/11 09:39:27:978

I can't connect with the passive [192.168.100.113/5000] error_code:10061 !

<<<----  [OUT]
2020/09/11 09:39:30:465

Connecting Started...

<<<----  [OUT]
2020/09/11 09:39:32:499

I can't connect with the passive [192.168.100.113/5000] error_code:10061 !

<<<----  [OUT]
2020/09/11 09:39:34:980

Connecting Started...

<<<----  [OUT]
2020/09/11 09:39:37:008

I can't connect with the passive [192.168.100.113/5000] error_code:10061 !

<<<----  [OUT]
2020/09/11 09:39:39:495

Connecting Started...

<<<----  [OUT]
2020/09/11 09:39:41:547

I can't connect with the passive [192.168.100.113/5000] error_code:10061 !

<<<----  [OUT]
2020/09/11 09:39:44:028

Connecting Started...

<<<----  [OUT]
2020/09/11 09:39:46:066

I can't connect with the passive [192.168.100.113/5000] error_code:10061 !

<<<----  [OUT]
2020/09/11 09:39:48:543

Connecting Started...

<<<----  [OUT]
2020/09/11 09:39:50:586

I can't connect with the passive [192.168.100.113/5000] error_code:10061 !

<<<----  [OUT]
2020/09/11 09:39:53:074

Connecting Started...

<<<----  [OUT]
2020/09/11 09:39:55:125

I can't connect with the passive [192.168.100.113/5000] error_code:10061 !

<<<----  [OUT]
2020/09/11 09:39:57:605

Connecting Started...

<<<----  [OUT]
2020/09/11 09:39:59:649

I can't connect with the passive [192.168.100.113/5000] error_code:10061 !

<<<----  [OUT]
2020/09/11 09:40:02:137

Connecting Started...

<<<----  [OUT]
2020/09/11 09:40:04:177

I can't connect with the passive [192.168.100.113/5000] error_code:10061 !

<<<----  [OUT]
2020/09/11 09:40:06:667

Connecting Started...

<<<----  [OUT]
2020/09/11 09:40:08:712

I can't connect with the passive [192.168.100.113/5000] error_code:10061 !

<<<----  [OUT]
2020/09/11 09:40:11:198

Connecting Started...

<<<----  [OUT]
2020/09/11 09:40:13:245

I can't connect with the passive [192.168.100.113/5000] error_code:10061 !

<<<----  [OUT]
2020/09/11 09:40:15:729

Connecting Started...

<<<----  [OUT]
2020/09/11 09:40:17:768

I can't connect with the passive [192.168.100.113/5000] error_code:10061 !

<<<----  [OUT]
2020/09/11 09:40:20:245

Connecting Started...

<<<----  [OUT]
2020/09/11 09:40:22:285

I can't connect with the passive [192.168.100.113/5000] error_code:10061 !

<<<----  [OUT]
2020/09/11 09:40:24:777

Connecting Started...

<<<----  [OUT]
2020/09/11 09:40:26:817

I can't connect with the passive [192.168.100.113/5000] error_code:10061 !

<<<----  [OUT]
2020/09/11 09:40:29:308

Connecting Started...

<<<----  [OUT]
2020/09/11 09:40:31:328

I can't connect with the passive [192.168.100.113/5000] error_code:10061 !

<<<----  [OUT]
2020/09/11 09:40:33:808

Connecting Started...

<<<----  [OUT]
2020/09/11 09:40:35:844

I can't connect with the passive [192.168.100.113/5000] error_code:10061 !

<<<----  [OUT]
2020/09/11 09:40:38:323

Connecting Started...

<<<----  [OUT]
2020/09/11 09:40:40:363

I can't connect with the passive [192.168.100.113/5000] error_code:10061 !

<<<----  [OUT]
2020/09/11 09:40:42:841

Connecting Started...

<<<----  [OUT]
2020/09/11 09:40:44:881

I can't connect with the passive [192.168.100.113/5000] error_code:10061 !

<<<----  [OUT]
2020/09/11 09:40:47:370

Connecting Started...

<<<----  [OUT]
2020/09/11 09:40:49:417

I can't connect with the passive [192.168.100.113/5000] error_code:10061 !

<<<----  [OUT]
2020/09/11 09:40:51:902

Connecting Started...

<<<----  [OUT]
2020/09/11 09:40:53:946

I can't connect with the passive [192.168.100.113/5000] error_code:10061 !

<<<----  [OUT]
2020/09/11 09:40:56:432

Connecting Started...

<<<----  [OUT]
2020/09/11 09:40:58:484

I can't connect with the passive [192.168.100.113/5000] error_code:10061 !

<<<----  [OUT]
2020/09/11 09:41:00:965

Connecting Started...

<<<----  [OUT]
2020/09/11 09:41:03:007

I can't connect with the passive [192.168.100.113/5000] error_code:10061 !

<<<----  [OUT]
2020/09/11 09:41:05:496

Connecting Started...

<<<----  [OUT]
2020/09/11 09:41:07:541

I can't connect with the passive [192.168.100.113/5000] error_code:10061 !

<<<----  [OUT]
2020/09/11 09:41:10:027

Connecting Started...

<<<----  [OUT]
2020/09/11 09:41:12:060

I can't connect with the passive [192.168.100.113/5000] error_code:10061 !

<<<----  [OUT]
2020/09/11 09:41:14:542

Connecting Started...

<<<----  [OUT]
2020/09/11 09:41:16:590

I can't connect with the passive [192.168.100.113/5000] error_code:10061 !

<<<----  [OUT]
2020/09/11 09:41:19:074

Connecting Started...

<<<----  [OUT]
2020/09/11 09:41:21:122

I can't connect with the passive [192.168.100.113/5000] error_code:10061 !

<<<----  [OUT]
2020/09/11 09:41:23:604

Connecting Started...

<<<----  [OUT]
2020/09/11 09:41:25:641

I can't connect with the passive [192.168.100.113/5000] error_code:10061 !

<<<----  [OUT]
2020/09/11 09:41:28:120

Connecting Started...

<<<----  [OUT]
2020/09/11 09:41:30:151

I can't connect with the passive [192.168.100.113/5000] error_code:10061 !

<<<----  [OUT]
2020/09/11 09:41:32:636

Connecting Started...

<<<----  [OUT]
2020/09/11 09:41:34:682

I can't connect with the passive [192.168.100.113/5000] error_code:10061 !

<<<----  [OUT]
2020/09/11 09:41:37:167

Connecting Started...

<<<----  [OUT]
2020/09/11 09:41:39:227

I can't connect with the passive [192.168.100.113/5000] error_code:10061 !

<<<----  [OUT]
2020/09/11 09:41:41:714

Connecting Started...

<<<----  [OUT]
2020/09/11 09:41:43:763

I can't connect with the passive [192.168.100.113/5000] error_code:10061 !

<<<----  [OUT]
2020/09/11 09:41:46:245

Connecting Started...

<<<----  [OUT]
2020/09/11 09:41:48:297

I can't connect with the passive [192.168.100.113/5000] error_code:10061 !

<<<----  [OUT]
2020/09/11 09:41:50:777

Connecting Started...

<<<----  [OUT]
2020/09/11 09:41:52:825

I can't connect with the passive [192.168.100.113/5000] error_code:10061 !

<<<----  [OUT]
2020/09/11 09:41:55:308

Connecting Started...

<<<----  [OUT]
2020/09/11 09:41:57:351

I can't connect with the passive [192.168.100.113/5000] error_code:10061 !

<<<----  [OUT]
2020/09/11 09:41:59:839

Connecting Started...

<<<----  [OUT]
2020/09/11 09:42:01:882

I can't connect with the passive [192.168.100.113/5000] error_code:10061 !

<<<----  [OUT]
2020/09/11 09:42:04:370

Connecting Started...

<<<----  [OUT]
2020/09/11 09:42:06:408

I can't connect with the passive [192.168.100.113/5000] error_code:10061 !

<<<----  [OUT]
2020/09/11 09:42:08:886

Connecting Started...

<<<----  [OUT]
2020/09/11 09:42:10:913

I can't connect with the passive [192.168.100.113/5000] error_code:10061 !

<<<----  [OUT]
2020/09/11 09:42:13:401

Connecting Started...

<<<----  [OUT]
2020/09/11 09:42:15:449

I can't connect with the passive [192.168.100.113/5000] error_code:10061 !

<<<----  [OUT]
2020/09/11 09:42:17:933

Connecting Started...

<<<----  [OUT]
2020/09/11 09:42:19:976

I can't connect with the passive [192.168.100.113/5000] error_code:10061 !

<<<----  [OUT]
2020/09/11 09:42:22:465

Connecting Started...

<<<----  [OUT]
2020/09/11 09:42:24:513

I can't connect with the passive [192.168.100.113/5000] error_code:10061 !

<<<----  [OUT]
2020/09/11 09:42:26:995

Connecting Started...

<<<----  [OUT]
2020/09/11 09:42:29:045

I can't connect with the passive [192.168.100.113/5000] error_code:10061 !

<<<----  [OUT]
2020/09/11 09:42:31:527

Connecting Started...

<<<----  [OUT]
2020/09/11 09:42:33:564

I can't connect with the passive [192.168.100.113/5000] error_code:10061 !

<<<----  [OUT]
2020/09/11 09:42:36:043

Connecting Started...

<<<----  [OUT]
2020/09/11 09:42:38:084

I can't connect with the passive [192.168.100.113/5000] error_code:10061 !

<<<----  [OUT]
2020/09/11 09:42:40:573

Connecting Started...

<<<----  [OUT]
2020/09/11 09:42:42:611

I can't connect with the passive [192.168.100.113/5000] error_code:10061 !

<<<----  [OUT]
2020/09/11 09:42:45:090

Connecting Started...

<<<----  [OUT]
2020/09/11 09:42:47:134

I can't connect with the passive [192.168.100.113/5000] error_code:10061 !

<<<----  [OUT]
2020/09/11 09:42:49:620

Connecting Started...

<<<----  [OUT]
2020/09/11 09:42:51:675

I can't connect with the passive [192.168.100.113/5000] error_code:10061 !

<<<----  [OUT]
2020/09/11 09:42:54:151

Connecting Started...

<<<----  [OUT]
2020/09/11 09:42:56:196

I can't connect with the passive [192.168.100.113/5000] error_code:10061 !

<<<----  [OUT]
2020/09/11 09:42:58:683

Connecting Started...

<<<----  [OUT]
2020/09/11 09:43:00:722

I can't connect with the passive [192.168.100.113/5000] error_code:10061 !

<<<----  [OUT]
2020/09/11 09:43:03:198

Connecting Started...

<<<----  [OUT]
2020/09/11 09:43:05:242

I can't connect with the passive [192.168.100.113/5000] error_code:10061 !

<<<----  [OUT]
2020/09/11 09:43:07:730

Connecting Started...

<<<----  [OUT]
2020/09/11 09:43:09:784

I can't connect with the passive [192.168.100.113/5000] error_code:10061 !

<<<----  [OUT]
2020/09/11 09:43:12:262

Connecting Started...

<<<----  [OUT]
2020/09/11 09:43:14:310

I can't connect with the passive [192.168.100.113/5000] error_code:10061 !

<<<----  [OUT]
2020/09/11 09:43:16:792

Connecting Started...

<<<----  [OUT]
2020/09/11 09:43:18:839

I can't connect with the passive [192.168.100.113/5000] error_code:10061 !

<<<----  [OUT]
2020/09/11 09:43:21:325

Connecting Started...

<<<----  [OUT]
2020/09/11 09:43:23:374

I can't connect with the passive [192.168.100.113/5000] error_code:10061 !

<<<----  [OUT]
2020/09/11 09:43:25:855

Connecting Started...

<<<----  [OUT]
2020/09/11 09:43:27:896

I can't connect with the passive [192.168.100.113/5000] error_code:10061 !

<<<----  [OUT]
2020/09/11 09:43:30:387

Connecting Started...

<<<----  [OUT]
2020/09/11 09:43:32:428

I can't connect with the passive [192.168.100.113/5000] error_code:10061 !

<<<----  [OUT]
2020/09/11 09:43:34:918

Connecting Started...

<<<----  [OUT]
2020/09/11 09:43:36:965

I can't connect with the passive [192.168.100.113/5000] error_code:10061 !

<<<----  [OUT]
2020/09/11 09:43:39:448

Connecting Started...

<<<----  [OUT]
2020/09/11 09:43:41:489

I can't connect with the passive [192.168.100.113/5000] error_code:10061 !

<<<----  [OUT]
2020/09/11 09:43:43:980

Connecting Started...

<<<----  [OUT]
2020/09/11 09:43:46:026

I can't connect with the passive [192.168.100.113/5000] error_code:10061 !

<<<----  [OUT]
2020/09/11 09:43:48:512

Connecting Started...

<<<----  [OUT]
2020/09/11 09:43:50:556

I can't connect with the passive [192.168.100.113/5000] error_code:10061 !

<<<----  [OUT]
2020/09/11 09:43:53:043

Connecting Started...

<<<----  [OUT]
2020/09/11 09:43:55:082

I can't connect with the passive [192.168.100.113/5000] error_code:10061 !

<<<----  [OUT]
2020/09/11 09:43:57:573

Connecting Started...

<<<----  [OUT]
2020/09/11 09:43:59:615

I can't connect with the passive [192.168.100.113/5000] error_code:10061 !

<<<----  [OUT]
2020/09/11 09:44:02:105

Connecting Started...

<<<----  [OUT]
2020/09/11 09:44:04:142

I can't connect with the passive [192.168.100.113/5000] error_code:10061 !

<<<----  [OUT]
2020/09/11 09:44:06:621

Connecting Started...

<<<----  [OUT]
2020/09/11 09:44:08:674

I can't connect with the passive [192.168.100.113/5000] error_code:10061 !

<<<----  [OUT]
2020/09/11 09:44:11:151

Connecting Started...

<<<----  [OUT]
2020/09/11 09:44:13:203

I can't connect with the passive [192.168.100.113/5000] error_code:10061 !

<<<----  [OUT]
2020/09/11 09:44:15:683

Connecting Started...

<<<----  [OUT]
2020/09/11 09:44:17:732

I can't connect with the passive [192.168.100.113/5000] error_code:10061 !

<<<----  [OUT]
2020/09/11 09:44:20:215

Connecting Started...

<<<----  [OUT]
2020/09/11 09:44:22:260

I can't connect with the passive [192.168.100.113/5000] error_code:10061 !

<<<----  [OUT]
2020/09/11 09:44:24:746

Connecting Started...

<<<----  [OUT]
2020/09/11 09:44:26:778

I can't connect with the passive [192.168.100.113/5000] error_code:10061 !

<<<----  [OUT]
2020/09/11 09:44:29:261

Connecting Started...

<<<----  [OUT]
2020/09/11 09:44:31:300

I can't connect with the passive [192.168.100.113/5000] error_code:10061 !

<<<----  [OUT]
2020/09/11 09:44:33:777

Connecting Started...

<<<----  [OUT]
2020/09/11 09:44:35:824

I can't connect with the passive [192.168.100.113/5000] error_code:10061 !

<<<----  [OUT]
2020/09/11 09:44:38:308

Connecting Started...

<<<----  [OUT]
2020/09/11 09:44:40:346

I can't connect with the passive [192.168.100.113/5000] error_code:10061 !

<<<----  [OUT]
2020/09/11 09:44:42:825

Connecting Started...

<<<----  [OUT]
2020/09/11 09:44:44:858

I can't connect with the passive [192.168.100.113/5000] error_code:10061 !

<<<----  [OUT]
2020/09/11 09:44:47:339

Connecting Started...

<<<----  [OUT]
2020/09/11 09:44:49:383

I can't connect with the passive [192.168.100.113/5000] error_code:10061 !

<<<----  [OUT]
2020/09/11 09:44:51:871

Connecting Started...

<<<----  [OUT]
2020/09/11 09:44:53:921

I can't connect with the passive [192.168.100.113/5000] error_code:10061 !

<<<----  [OUT]
2020/09/11 09:44:56:402

Connecting Started...

<<<----  [OUT]
2020/09/11 09:44:58:427

I can't connect with the passive [192.168.100.113/5000] error_code:10061 !

<<<----  [OUT]
2020/09/11 09:45:00:917

Connecting Started...

<<<----  [OUT]
2020/09/11 09:45:02:966

I can't connect with the passive [192.168.100.113/5000] error_code:10061 !

<<<----  [OUT]
2020/09/11 09:45:05:448

Connecting Started...

<<<----  [OUT]
2020/09/11 09:45:07:492

I can't connect with the passive [192.168.100.113/5000] error_code:10061 !

<<<----  [OUT]
2020/09/11 09:45:09:980

Connecting Started...

<<<----  [OUT]
2020/09/11 09:45:12:019

I can't connect with the passive [192.168.100.113/5000] error_code:10061 !

<<<----  [OUT]
2020/09/11 09:45:14:495

Connecting Started...

<<<----  [OUT]
2020/09/11 09:45:16:540

I can't connect with the passive [192.168.100.113/5000] error_code:10061 !

<<<----  [OUT]
2020/09/11 09:45:19:027

Connecting Started...

<<<----  [OUT]
2020/09/11 09:45:21:070

I can't connect with the passive [192.168.100.113/5000] error_code:10061 !

<<<----  [OUT]
2020/09/11 09:45:23:558

Connecting Started...

<<<----  [OUT]
2020/09/11 09:45:25:585

I can't connect with the passive [192.168.100.113/5000] error_code:10061 !

<<<----  [OUT]
2020/09/11 09:45:28:073

Connecting Started...

<<<----  [OUT]
2020/09/11 09:45:30:121

I can't connect with the passive [192.168.100.113/5000] error_code:10061 !

<<<----  [OUT]
2020/09/11 09:45:32:604

Connecting Started...

<<<----  [OUT]
2020/09/11 09:45:34:630

I can't connect with the passive [192.168.100.113/5000] error_code:10061 !

<<<----  [OUT]
2020/09/11 09:45:37:120

Connecting Started...

<<<----  [OUT]
2020/09/11 09:45:39:174

I can't connect with the passive [192.168.100.113/5000] error_code:10061 !

<<<----  [OUT]
2020/09/11 09:45:41:651

Connecting Started...

<<<----  [OUT]
2020/09/11 09:45:43:689

I can't connect with the passive [192.168.100.113/5000] error_code:10061 !

<<<----  [OUT]
2020/09/11 09:45:46:168

Connecting Started...

<<<----  [OUT]
2020/09/11 09:45:48:193

I can't connect with the passive [192.168.100.113/5000] error_code:10061 !

<<<----  [OUT]
2020/09/11 09:45:50:684

Connecting Started...

<<<----  [OUT]
2020/09/11 09:45:52:731

I can't connect with the passive [192.168.100.113/5000] error_code:10061 !

<<<----  [OUT]
2020/09/11 09:45:55:214

Connecting Started...

<<<----  [OUT]
2020/09/11 09:45:57:258

I can't connect with the passive [192.168.100.113/5000] error_code:10061 !

<<<----  [OUT]
2020/09/11 09:45:59:746

Connecting Started...

<<<----  [OUT]
2020/09/11 09:46:01:796

I can't connect with the passive [192.168.100.113/5000] error_code:10061 !

<<<----  [OUT]
2020/09/11 09:46:04:277

Connecting Started...

<<<----  [OUT]
2020/09/11 09:46:06:311

I can't connect with the passive [192.168.100.113/5000] error_code:10061 !

<<<----  [OUT]
2020/09/11 09:46:08:792

Connecting Started...

<<<----  [OUT]
2020/09/11 09:46:10:832

I can't connect with the passive [192.168.100.113/5000] error_code:10061 !

<<<----  [OUT]
2020/09/11 09:46:13:323

Connecting Started...

<<<----  [OUT]
2020/09/11 09:46:15:371

I can't connect with the passive [192.168.100.113/5000] error_code:10061 !

<<<----  [OUT]
2020/09/11 09:46:17:854

Connecting Started...

<<<----  [OUT]
2020/09/11 09:46:19:902

I can't connect with the passive [192.168.100.113/5000] error_code:10061 !

<<<----  [OUT]
2020/09/11 09:46:22:387

Connecting Started...

<<<----  [OUT]
2020/09/11 09:46:24:432

I can't connect with the passive [192.168.100.113/5000] error_code:10061 !

<<<----  [OUT]
2020/09/11 09:46:26:917

Connecting Started...

<<<----  [OUT]
2020/09/11 09:46:28:969

I can't connect with the passive [192.168.100.113/5000] error_code:10061 !

<<<----  [OUT]
2020/09/11 09:46:31:449

Connecting Started...

<<<----  [OUT]
2020/09/11 09:46:33:481

I can't connect with the passive [192.168.100.113/5000] error_code:10061 !

<<<----  [OUT]
2020/09/11 09:46:35:965

Connecting Started...

<<<----  [OUT]
2020/09/11 09:46:38:009

I can't connect with the passive [192.168.100.113/5000] error_code:10061 !

<<<----  [OUT]
2020/09/11 09:46:40:495

Connecting Started...

<<<----  [OUT]
2020/09/11 09:46:42:538

I can't connect with the passive [192.168.100.113/5000] error_code:10061 !

<<<----  [OUT]
2020/09/11 09:46:45:028

Connecting Started...

<<<----  [OUT]
2020/09/11 09:46:47:079

I can't connect with the passive [192.168.100.113/5000] error_code:10061 !

<<<----  [OUT]
2020/09/11 09:46:49:558

Connecting Started...

<<<----  [OUT]
2020/09/11 09:46:51:609

I can't connect with the passive [192.168.100.113/5000] error_code:10061 !

<<<----  [OUT]
2020/09/11 09:46:54:089

Connecting Started...

<<<----  [OUT]
2020/09/11 09:46:56:133

I can't connect with the passive [192.168.100.113/5000] error_code:10061 !

<<<----  [OUT]
2020/09/11 09:46:58:620

Connecting Started...

<<<----  [OUT]
2020/09/11 09:47:00:655

I can't connect with the passive [192.168.100.113/5000] error_code:10061 !

<<<----  [OUT]
2020/09/11 09:47:03:135

Connecting Started...

<<<----  [OUT]
2020/09/11 09:47:05:178

I can't connect with the passive [192.168.100.113/5000] error_code:10061 !

<<<----  [OUT]
2020/09/11 09:47:07:668

Connecting Started...

<<<----  [OUT]
2020/09/11 09:47:09:710

I can't connect with the passive [192.168.100.113/5000] error_code:10061 !

<<<----  [OUT]
2020/09/11 09:47:12:199

Connecting Started...

<<<----  [OUT]
2020/09/11 09:47:14:239

I can't connect with the passive [192.168.100.113/5000] error_code:10061 !

<<<----  [OUT]
2020/09/11 09:47:16:729

Connecting Started...

<<<----  [OUT]
2020/09/11 09:47:18:772

I can't connect with the passive [192.168.100.113/5000] error_code:10061 !

<<<----  [OUT]
2020/09/11 09:47:21:261

Connecting Started...

<<<----  [OUT]
2020/09/11 09:47:23:305

I can't connect with the passive [192.168.100.113/5000] error_code:10061 !

<<<----  [OUT]
2020/09/11 09:47:25:793

Connecting Started...

<<<----  [OUT]
2020/09/11 09:47:27:826

I can't connect with the passive [192.168.100.113/5000] error_code:10061 !

<<<----  [OUT]
2020/09/11 09:47:30:308

Connecting Started...

<<<----  [OUT]
2020/09/11 09:47:32:354

I can't connect with the passive [192.168.100.113/5000] error_code:10061 !

<<<----  [OUT]
2020/09/11 09:47:34:839

Connecting Started...

<<<----  [OUT]
2020/09/11 09:47:36:882

I can't connect with the passive [192.168.100.113/5000] error_code:10061 !

<<<----  [OUT]
2020/09/11 09:47:39:370

Connecting Started...

<<<----  [OUT]
2020/09/11 09:47:41:407

I can't connect with the passive [192.168.100.113/5000] error_code:10061 !

<<<----  [OUT]
2020/09/11 09:47:43:887

Connecting Started...

<<<----  [OUT]
2020/09/11 09:47:45:932

I can't connect with the passive [192.168.100.113/5000] error_code:10061 !

<<<----  [OUT]
2020/09/11 09:47:48:417

Connecting Started...

<<<----  [OUT]
2020/09/11 09:47:50:462

I can't connect with the passive [192.168.100.113/5000] error_code:10061 !

<<<----  [OUT]
2020/09/11 09:47:52:949

Connecting Started...

<<<----  [OUT]
2020/09/11 09:47:54:977

I can't connect with the passive [192.168.100.113/5000] error_code:10061 !

<<<----  [OUT]
2020/09/11 09:47:57:464

Connecting Started...

<<<----  [OUT]
2020/09/11 09:47:59:498

I can't connect with the passive [192.168.100.113/5000] error_code:10061 !

<<<----  [OUT]
2020/09/11 09:48:01:981

Connecting Started...

<<<----  [OUT]
2020/09/11 09:48:04:013

I can't connect with the passive [192.168.100.113/5000] error_code:10061 !

<<<----  [OUT]
2020/09/11 09:48:06:495

Connecting Started...

<<<----  [OUT]
2020/09/11 09:48:08:533

I can't connect with the passive [192.168.100.113/5000] error_code:10061 !

<<<----  [OUT]
2020/09/11 09:48:11:011

Connecting Started...

<<<----  [OUT]
2020/09/11 09:48:13:052

I can't connect with the passive [192.168.100.113/5000] error_code:10061 !

<<<----  [OUT]
2020/09/11 09:48:15:542

Connecting Started...

<<<----  [OUT]
2020/09/11 09:48:17:591

I can't connect with the passive [192.168.100.113/5000] error_code:10061 !

<<<----  [OUT]
2020/09/11 09:48:20:073

Connecting Started...

<<<----  [OUT]
2020/09/11 09:48:22:120

I can't connect with the passive [192.168.100.113/5000] error_code:10061 !

<<<----  [OUT]
2020/09/11 09:48:24:605

Connecting Started...

<<<----  [OUT]
2020/09/11 09:48:26:661

I can't connect with the passive [192.168.100.113/5000] error_code:10061 !

<<<----  [OUT]
2020/09/11 09:48:29:152

Connecting Started...

<<<----  [OUT]
2020/09/11 09:48:31:193

I can't connect with the passive [192.168.100.113/5000] error_code:10061 !

<<<----  [OUT]
2020/09/11 09:48:33:684

Connecting Started...

<<<----  [OUT]
2020/09/11 09:48:35:731

I can't connect with the passive [192.168.100.113/5000] error_code:10061 !

<<<----  [OUT]
2020/09/11 09:48:38:214

Connecting Started...

<<<----  [OUT]
2020/09/11 09:48:40:255

I can't connect with the passive [192.168.100.113/5000] error_code:10061 !

<<<----  [OUT]
2020/09/11 09:48:42:746

Connecting Started...

<<<----  [OUT]
2020/09/11 09:48:44:768

I can't connect with the passive [192.168.100.113/5000] error_code:10061 !

<<<----  [OUT]
2020/09/11 09:48:47:245

Connecting Started...

<<<----  [OUT]
2020/09/11 09:48:49:287

I can't connect with the passive [192.168.100.113/5000] error_code:10061 !

<<<----  [OUT]
2020/09/11 09:48:51:777

Connecting Started...

<<<----  [OUT]
2020/09/11 09:48:53:807

I can't connect with the passive [192.168.100.113/5000] error_code:10061 !

<<<----  [OUT]
2020/09/11 09:48:56:293

Connecting Started...

<<<----  [OUT]
2020/09/11 09:48:58:347

I can't connect with the passive [192.168.100.113/5000] error_code:10061 !

<<<----  [OUT]
2020/09/11 09:49:00:824

Connecting Started...

<<<----  [OUT]
2020/09/11 09:49:02:871

I can't connect with the passive [192.168.100.113/5000] error_code:10061 !

<<<----  [OUT]
2020/09/11 09:49:05:354

Connecting Started...

<<<----  [OUT]
2020/09/11 09:49:07:394

I can't connect with the passive [192.168.100.113/5000] error_code:10061 !

<<<----  [OUT]
2020/09/11 09:49:09:870

Connecting Started...

<<<----  [OUT]
2020/09/11 09:49:11:913

I can't connect with the passive [192.168.100.113/5000] error_code:10061 !

<<<----  [OUT]
2020/09/11 09:49:14:403

Connecting Started...

<<<----  [OUT]
2020/09/11 09:49:16:446

I can't connect with the passive [192.168.100.113/5000] error_code:10061 !

<<<----  [OUT]
2020/09/11 09:49:18:933

Connecting Started...

<<<----  [OUT]
2020/09/11 09:49:20:975

I can't connect with the passive [192.168.100.113/5000] error_code:10061 !

<<<----  [OUT]
2020/09/11 09:49:23:464

Connecting Started...

<<<----  [OUT]
2020/09/11 09:49:25:499

I can't connect with the passive [192.168.100.113/5000] error_code:10061 !

<<<----  [OUT]
2020/09/11 09:49:27:980

Connecting Started...

<<<----  [OUT]
2020/09/11 09:49:30:027

I can't connect with the passive [192.168.100.113/5000] error_code:10061 !

<<<----  [OUT]
2020/09/11 09:49:32:511

Connecting Started...

<<<----  [OUT]
2020/09/11 09:49:34:542

I can't connect with the passive [192.168.100.113/5000] error_code:10061 !

<<<----  [OUT]
2020/09/11 09:49:37:027

Connecting Started...

<<<----  [OUT]
2020/09/11 09:49:39:068

I can't connect with the passive [192.168.100.113/5000] error_code:10061 !

<<<----  [OUT]
2020/09/11 09:49:41:557

Connecting Started...

<<<----  [OUT]
2020/09/11 09:49:43:587

I can't connect with the passive [192.168.100.113/5000] error_code:10061 !

<<<----  [OUT]
2020/09/11 09:49:46:074

Connecting Started...

<<<----  [OUT]
2020/09/11 09:49:48:108

I can't connect with the passive [192.168.100.113/5000] error_code:10061 !

<<<----  [OUT]
2020/09/11 09:49:50:589

Connecting Started...

<<<----  [OUT]
2020/09/11 09:49:52:634

I can't connect with the passive [192.168.100.113/5000] error_code:10061 !

<<<----  [OUT]
2020/09/11 09:49:55:121

Connecting Started...

<<<----  [OUT]
2020/09/11 09:49:57:154

I can't connect with the passive [192.168.100.113/5000] error_code:10061 !

<<<----  [OUT]
2020/09/11 09:49:59:636

Connecting Started...

<<<----  [OUT]
2020/09/11 09:50:01:681

I can't connect with the passive [192.168.100.113/5000] error_code:10061 !

<<<----  [OUT]
2020/09/11 09:50:04:167

Connecting Started...

<<<----  [OUT]
2020/09/11 09:50:06:202

I can't connect with the passive [192.168.100.113/5000] error_code:10061 !

<<<----  [OUT]
2020/09/11 09:50:08:684

Connecting Started...

<<<----  [OUT]
2020/09/11 09:50:10:722

I can't connect with the passive [192.168.100.113/5000] error_code:10061 !

<<<----  [OUT]
2020/09/11 09:50:13:199

Connecting Started...

<<<----  [OUT]
2020/09/11 09:50:15:233

I can't connect with the passive [192.168.100.113/5000] error_code:10061 !

<<<----  [OUT]
2020/09/11 09:50:17:713

Connecting Started...

<<<----  [OUT]
2020/09/11 09:50:19:764

I can't connect with the passive [192.168.100.113/5000] error_code:10061 !

<<<----  [OUT]
2020/09/11 09:50:22:246

Connecting Started...

<<<----  [OUT]
2020/09/11 09:50:24:284

I can't connect with the passive [192.168.100.113/5000] error_code:10061 !

<<<----  [OUT]
2020/09/11 09:50:26:760

Connecting Started...

<<<----  [OUT]
2020/09/11 09:50:28:806

I can't connect with the passive [192.168.100.113/5000] error_code:10061 !

<<<----  [OUT]
2020/09/11 09:50:31:292

Connecting Started...

<<<----  [OUT]
2020/09/11 09:50:33:340

I can't connect with the passive [192.168.100.113/5000] error_code:10061 !

<<<----  [OUT]
2020/09/11 09:50:35:824

Connecting Started...

<<<----  [OUT]
2020/09/11 09:50:37:861

I can't connect with the passive [192.168.100.113/5000] error_code:10061 !

<<<----  [OUT]
2020/09/11 09:50:40:340

Connecting Started...

<<<----  [OUT]
2020/09/11 09:50:42:379

I can't connect with the passive [192.168.100.113/5000] error_code:10061 !

<<<----  [OUT]
2020/09/11 09:50:44:855

Connecting Started...

<<<----  [OUT]
2020/09/11 09:50:46:898

I can't connect with the passive [192.168.100.113/5000] error_code:10061 !

<<<----  [OUT]
2020/09/11 09:50:49:387

Connecting Started...

<<<----  [OUT]
2020/09/11 09:50:51:426

I can't connect with the passive [192.168.100.113/5000] error_code:10061 !

<<<----  [OUT]
2020/09/11 09:50:53:917

Connecting Started...

<<<----  [OUT]
2020/09/11 09:50:55:957

I can't connect with the passive [192.168.100.113/5000] error_code:10061 !

<<<----  [OUT]
2020/09/11 09:50:58:450

Connecting Started...

<<<----  [OUT]
2020/09/11 09:51:00:494

I can't connect with the passive [192.168.100.113/5000] error_code:10061 !

<<<----  [OUT]
2020/09/11 09:51:02:979

Connecting Started...

<<<----  [OUT]
2020/09/11 09:51:05:023

I can't connect with the passive [192.168.100.113/5000] error_code:10061 !

<<<----  [OUT]
2020/09/11 09:51:07:510

Connecting Started...

<<<----  [OUT]
2020/09/11 09:51:09:544

I can't connect with the passive [192.168.100.113/5000] error_code:10061 !

<<<----  [OUT]
2020/09/11 09:51:12:026

Connecting Started...

<<<----  [OUT]
2020/09/11 09:51:14:056

I can't connect with the passive [192.168.100.113/5000] error_code:10061 !

<<<----  [OUT]
2020/09/11 09:51:16:542

Connecting Started...

<<<----  [OUT]
2020/09/11 09:51:18:583

I can't connect with the passive [192.168.100.113/5000] error_code:10061 !

<<<----  [OUT]
2020/09/11 09:51:21:073

Connecting Started...

<<<----  [OUT]
2020/09/11 09:51:23:110

I can't connect with the passive [192.168.100.113/5000] error_code:10061 !

<<<----  [OUT]
2020/09/11 09:51:25:590

Connecting Started...

<<<----  [OUT]
2020/09/11 09:51:27:624

I can't connect with the passive [192.168.100.113/5000] error_code:10061 !

<<<----  [OUT]
2020/09/11 09:51:30:105

Connecting Started...

<<<----  [OUT]
2020/09/11 09:51:32:146

I can't connect with the passive [192.168.100.113/5000] error_code:10061 !

<<<----  [OUT]
2020/09/11 09:51:34:636

Connecting Started...

<<<----  [OUT]
2020/09/11 09:51:36:682

I can't connect with the passive [192.168.100.113/5000] error_code:10061 !

<<<----  [OUT]
2020/09/11 09:51:39:167

Connecting Started...

<<<----  [OUT]
2020/09/11 09:51:41:195

I can't connect with the passive [192.168.100.113/5000] error_code:10061 !

<<<----  [OUT]
2020/09/11 09:51:43:684

Connecting Started...

<<<----  [OUT]
2020/09/11 09:51:45:723

I can't connect with the passive [192.168.100.113/5000] error_code:10061 !

<<<----  [OUT]
2020/09/11 09:51:48:213

Connecting Started...

<<<----  [OUT]
2020/09/11 09:51:50:261

I can't connect with the passive [192.168.100.113/5000] error_code:10061 !

<<<----  [OUT]
2020/09/11 09:51:52:745

Connecting Started...

<<<----  [OUT]
2020/09/11 09:51:54:791

I can't connect with the passive [192.168.100.113/5000] error_code:10061 !

<<<----  [OUT]
2020/09/11 09:51:57:277

Connecting Started...

<<<----  [OUT]
2020/09/11 09:51:59:311

I can't connect with the passive [192.168.100.113/5000] error_code:10061 !

<<<----  [OUT]
2020/09/11 09:52:01:793

Connecting Started...

<<<----  [OUT]
2020/09/11 09:52:03:835

I can't connect with the passive [192.168.100.113/5000] error_code:10061 !

<<<----  [OUT]
2020/09/11 09:52:06:324

Connecting Started...

<<<----  [OUT]
2020/09/11 09:52:08:359

I can't connect with the passive [192.168.100.113/5000] error_code:10061 !

<<<----  [OUT]
2020/09/11 09:52:10:840

Connecting Started...

<<<----  [OUT]
2020/09/11 09:52:12:877

I can't connect with the passive [192.168.100.113/5000] error_code:10061 !

<<<----  [OUT]
2020/09/11 09:52:15:356

Connecting Started...

<<<----  [OUT]
2020/09/11 09:52:17:397

I can't connect with the passive [192.168.100.113/5000] error_code:10061 !

<<<----  [OUT]
2020/09/11 09:52:19:887

Connecting Started...

<<<----  [OUT]
2020/09/11 09:52:21:921

I can't connect with the passive [192.168.100.113/5000] error_code:10061 !

<<<----  [OUT]
2020/09/11 09:52:24:402

Connecting Started...

<<<----  [OUT]
2020/09/11 09:52:26:432

I can't connect with the passive [192.168.100.113/5000] error_code:10061 !

<<<----  [OUT]
2020/09/11 09:52:28:918

Connecting Started...

<<<----  [OUT]
2020/09/11 09:52:30:957

I can't connect with the passive [192.168.100.113/5000] error_code:10061 !

<<<----  [OUT]
2020/09/11 09:52:33:433

Connecting Started...

<<<----  [OUT]
2020/09/11 09:52:35:481

I can't connect with the passive [192.168.100.113/5000] error_code:10061 !

<<<----  [OUT]
2020/09/11 09:52:37:964

Connecting Started...

<<<----  [OUT]
2020/09/11 09:52:39:995

I can't connect with the passive [192.168.100.113/5000] error_code:10061 !

<<<----  [OUT]
2020/09/11 09:52:42:480

Connecting Started...

<<<----  [OUT]
2020/09/11 09:52:44:522

I can't connect with the passive [192.168.100.113/5000] error_code:10061 !

<<<----  [OUT]
2020/09/11 09:52:47:012

Connecting Started...

<<<----  [OUT]
2020/09/11 09:52:49:058

I can't connect with the passive [192.168.100.113/5000] error_code:10061 !

<<<----  [OUT]
2020/09/11 09:52:51:542

Connecting Started...

<<<----  [OUT]
2020/09/11 09:52:53:581

I can't connect with the passive [192.168.100.113/5000] error_code:10061 !

<<<----  [OUT]
2020/09/11 09:52:56:059

Connecting Started...

<<<----  [OUT]
2020/09/11 09:52:58:110

I can't connect with the passive [192.168.100.113/5000] error_code:10061 !

<<<----  [OUT]
2020/09/11 09:53:00:589

Connecting Started...

<<<----  [OUT]
2020/09/11 09:53:02:626

I can't connect with the passive [192.168.100.113/5000] error_code:10061 !

<<<----  [OUT]
2020/09/11 09:53:05:106

Connecting Started...

<<<----  [OUT]
2020/09/11 09:53:07:142

I can't connect with the passive [192.168.100.113/5000] error_code:10061 !

<<<----  [OUT]
2020/09/11 09:53:09:620

Connecting Started...

<<<----  [OUT]
2020/09/11 09:53:11:659

I can't connect with the passive [192.168.100.113/5000] error_code:10061 !

<<<----  [OUT]
2020/09/11 09:53:14:136

Connecting Started...

<<<----  [OUT]
2020/09/11 09:53:16:176

I can't connect with the passive [192.168.100.113/5000] error_code:10061 !

<<<----  [OUT]
2020/09/11 09:53:18:667

Connecting Started...

<<<----  [OUT]
2020/09/11 09:53:20:694

I can't connect with the passive [192.168.100.113/5000] error_code:10061 !

<<<----  [OUT]
2020/09/11 09:53:23:182

Connecting Started...

<<<----  [OUT]
2020/09/11 09:53:25:209

I can't connect with the passive [192.168.100.113/5000] error_code:10061 !

<<<----  [OUT]
2020/09/11 09:53:27:698

Connecting Started...

<<<----  [OUT]
2020/09/11 09:53:29:740

I can't connect with the passive [192.168.100.113/5000] error_code:10061 !

<<<----  [OUT]
2020/09/11 09:53:32:229

Connecting Started...

<<<----  [OUT]
2020/09/11 09:53:34:262

I can't connect with the passive [192.168.100.113/5000] error_code:10061 !

<<<----  [OUT]
2020/09/11 09:53:36:745

Connecting Started...

<<<----  [OUT]
2020/09/11 09:53:38:793

I can't connect with the passive [192.168.100.113/5000] error_code:10061 !

<<<----  [OUT]
2020/09/11 09:53:41:277

Connecting Started...

<<<----  [OUT]
2020/09/11 09:53:43:309

I can't connect with the passive [192.168.100.113/5000] error_code:10061 !

<<<----  [OUT]
2020/09/11 09:53:45:793

Connecting Started...

<<<----  [OUT]
2020/09/11 09:53:47:830

I can't connect with the passive [192.168.100.113/5000] error_code:10061 !

<<<----  [OUT]
2020/09/11 09:53:50:308

Connecting Started...

<<<----  [OUT]
2020/09/11 09:53:52:349

I can't connect with the passive [192.168.100.113/5000] error_code:10061 !

<<<----  [OUT]
2020/09/11 09:53:54:840

Connecting Started...

<<<----  [OUT]
2020/09/11 09:53:56:881

I can't connect with the passive [192.168.100.113/5000] error_code:10061 !

<<<----  [OUT]
2020/09/11 09:53:59:371

Connecting Started...

<<<----  [OUT]
2020/09/11 09:54:01:403

I can't connect with the passive [192.168.100.113/5000] error_code:10061 !

<<<----  [OUT]
2020/09/11 09:54:03:887

Connecting Started...

<<<----  [OUT]
2020/09/11 09:54:05:933

I can't connect with the passive [192.168.100.113/5000] error_code:10061 !

<<<----  [OUT]
2020/09/11 09:54:08:417

Connecting Started...

<<<----  [OUT]
2020/09/11 09:54:10:460

I can't connect with the passive [192.168.100.113/5000] error_code:10061 !

<<<----  [OUT]
2020/09/11 09:54:12:948

Connecting Started...

<<<----  [OUT]
2020/09/11 09:54:14:987

I can't connect with the passive [192.168.100.113/5000] error_code:10061 !

<<<----  [OUT]
2020/09/11 09:54:17:465

Connecting Started...

<<<----  [OUT]
2020/09/11 09:54:19:504

I can't connect with the passive [192.168.100.113/5000] error_code:10061 !

<<<----  [OUT]
2020/09/11 09:54:21:979

Connecting Started...

<<<----  [OUT]
2020/09/11 09:54:24:019

I can't connect with the passive [192.168.100.113/5000] error_code:10061 !

<<<----  [OUT]
2020/09/11 09:54:26:495

Connecting Started...

<<<----  [OUT]
2020/09/11 09:54:28:541

I can't connect with the passive [192.168.100.113/5000] error_code:10061 !

<<<----  [OUT]
2020/09/11 09:54:31:027

Connecting Started...

<<<----  [OUT]
2020/09/11 09:54:33:072

I can't connect with the passive [192.168.100.113/5000] error_code:10061 !

<<<----  [OUT]
2020/09/11 09:54:35:558

Connecting Started...

<<<----  [OUT]
2020/09/11 09:54:37:597

I can't connect with the passive [192.168.100.113/5000] error_code:10061 !

<<<----  [OUT]
2020/09/11 09:54:40:074

Connecting Started...

<<<----  [OUT]
2020/09/11 09:54:42:099

I can't connect with the passive [192.168.100.113/5000] error_code:10061 !

<<<----  [OUT]
2020/09/11 09:54:44:589

Connecting Started...

<<<----  [OUT]
2020/09/11 09:54:46:644

I can't connect with the passive [192.168.100.113/5000] error_code:10061 !

<<<----  [OUT]
2020/09/11 09:54:49:119

Connecting Started...

<<<----  [OUT]
2020/09/11 09:54:51:169

I can't connect with the passive [192.168.100.113/5000] error_code:10061 !

<<<----  [OUT]
2020/09/11 09:54:53:652

Connecting Started...

<<<----  [OUT]
2020/09/11 09:54:55:691

I can't connect with the passive [192.168.100.113/5000] error_code:10061 !

<<<----  [OUT]
2020/09/11 09:54:58:167

Connecting Started...

<<<----  [OUT]
2020/09/11 09:55:00:204

I can't connect with the passive [192.168.100.113/5000] error_code:10061 !

<<<----  [OUT]
2020/09/11 09:55:02:683

Connecting Started...

<<<----  [OUT]
2020/09/11 09:55:04:733

I can't connect with the passive [192.168.100.113/5000] error_code:10061 !

<<<----  [OUT]
2020/09/11 09:55:07:214

Connecting Started...

<<<----  [OUT]
2020/09/11 09:55:09:264

I can't connect with the passive [192.168.100.113/5000] error_code:10061 !

<<<----  [OUT]
2020/09/11 09:55:11:745

Connecting Started...

<<<----  [OUT]
2020/09/11 09:55:13:797

I can't connect with the passive [192.168.100.113/5000] error_code:10061 !

<<<----  [OUT]
2020/09/11 09:55:16:276

Connecting Started...

<<<----  [OUT]
2020/09/11 09:55:18:325

I can't connect with the passive [192.168.100.113/5000] error_code:10061 !

<<<----  [OUT]
2020/09/11 09:55:20:808

Connecting Started...

<<<----  [OUT]
2020/09/11 09:55:22:862

I can't connect with the passive [192.168.100.113/5000] error_code:10061 !

<<<----  [OUT]
2020/09/11 09:55:25:339

Connecting Started...

<<<----  [OUT]
2020/09/11 09:55:27:391

I can't connect with the passive [192.168.100.113/5000] error_code:10061 !

<<<----  [OUT]
2020/09/11 09:55:29:870

Connecting Started...

<<<----  [OUT]
2020/09/11 09:55:31:918

I can't connect with the passive [192.168.100.113/5000] error_code:10061 !

<<<----  [OUT]
2020/09/11 09:55:34:402

Connecting Started...

<<<----  [OUT]
2020/09/11 09:55:36:450

I can't connect with the passive [192.168.100.113/5000] error_code:10061 !

<<<----  [OUT]
2020/09/11 09:55:38:932

Connecting Started...

<<<----  [OUT]
2020/09/11 09:55:40:984

I can't connect with the passive [192.168.100.113/5000] error_code:10061 !

<<<----  [OUT]
2020/09/11 09:55:43:464

Connecting Started...

<<<----  [OUT]
2020/09/11 09:55:45:510

I can't connect with the passive [192.168.100.113/5000] error_code:10061 !

<<<----  [OUT]
2020/09/11 09:55:47:996

Connecting Started...

<<<----  [OUT]
2020/09/11 09:55:50:048

I can't connect with the passive [192.168.100.113/5000] error_code:10061 !

<<<----  [OUT]
2020/09/11 09:55:52:527

Connecting Started...

<<<----  [OUT]
2020/09/11 09:55:54:563

I can't connect with the passive [192.168.100.113/5000] error_code:10061 !

<<<----  [OUT]
2020/09/11 09:55:57:042

Connecting Started...

<<<----  [OUT]
2020/09/11 09:55:59:095

I can't connect with the passive [192.168.100.113/5000] error_code:10061 !

<<<----  [OUT]
2020/09/11 09:56:01:575

Connecting Started...

<<<----  [OUT]
2020/09/11 09:56:03:607

I can't connect with the passive [192.168.100.113/5000] error_code:10061 !

<<<----  [OUT]
2020/09/11 09:56:06:090

Connecting Started...

<<<----  [OUT]
2020/09/11 09:56:08:148

I can't connect with the passive [192.168.100.113/5000] error_code:10061 !

<<<----  [OUT]
2020/09/11 09:56:10:636

Connecting Started...

<<<----  [OUT]
2020/09/11 09:56:12:688

I can't connect with the passive [192.168.100.113/5000] error_code:10061 !

<<<----  [OUT]
2020/09/11 09:56:15:168

Connecting Started...

<<<----  [OUT]
2020/09/11 09:56:17:221

I can't connect with the passive [192.168.100.113/5000] error_code:10061 !

<<<----  [OUT]
2020/09/11 09:56:19:698

Connecting Started...

<<<----  [OUT]
2020/09/11 09:56:21:748

I can't connect with the passive [192.168.100.113/5000] error_code:10061 !

<<<----  [OUT]
2020/09/11 09:56:24:230

Connecting Started...

<<<----  [OUT]
2020/09/11 09:56:26:270

I can't connect with the passive [192.168.100.113/5000] error_code:10061 !

<<<----  [OUT]
2020/09/11 09:56:28:745

Connecting Started...

<<<----  [OUT]
2020/09/11 09:56:30:783

I can't connect with the passive [192.168.100.113/5000] error_code:10061 !

<<<----  [OUT]
2020/09/11 09:56:33:261

Connecting Started...

<<<----  [OUT]
2020/09/11 09:56:35:293

I can't connect with the passive [192.168.100.113/5000] error_code:10061 !

<<<----  [OUT]
2020/09/11 09:56:37:777

Connecting Started...

<<<----  [OUT]
2020/09/11 09:56:39:829

I can't connect with the passive [192.168.100.113/5000] error_code:10061 !

<<<----  [OUT]
2020/09/11 09:56:42:309

Connecting Started...

<<<----  [OUT]
2020/09/11 09:56:44:354

I can't connect with the passive [192.168.100.113/5000] error_code:10061 !

<<<----  [OUT]
2020/09/11 09:56:46:839

Connecting Started...

<<<----  [OUT]
2020/09/11 09:56:48:881

I can't connect with the passive [192.168.100.113/5000] error_code:10061 !

<<<----  [OUT]
2020/09/11 09:56:51:370

Connecting Started...

<<<----  [OUT]
2020/09/11 09:56:53:424

I can't connect with the passive [192.168.100.113/5000] error_code:10061 !

<<<----  [OUT]
2020/09/11 09:56:55:902

Connecting Started...

<<<----  [OUT]
2020/09/11 09:56:57:945

I can't connect with the passive [192.168.100.113/5000] error_code:10061 !

<<<----  [OUT]
2020/09/11 09:57:00:432

Connecting Started...

<<<----  [OUT]
2020/09/11 09:57:02:482

I can't connect with the passive [192.168.100.113/5000] error_code:10061 !

<<<----  [OUT]
2020/09/11 09:57:04:965

Connecting Started...

<<<----  [OUT]
2020/09/11 09:57:07:008

I can't connect with the passive [192.168.100.113/5000] error_code:10061 !

<<<----  [OUT]
2020/09/11 09:57:09:496

Connecting Started...

<<<----  [OUT]
2020/09/11 09:57:11:520

I can't connect with the passive [192.168.100.113/5000] error_code:10061 !

<<<----  [OUT]
2020/09/11 09:57:13:995

Connecting Started...

<<<----  [OUT]
2020/09/11 09:57:16:040

I can't connect with the passive [192.168.100.113/5000] error_code:10061 !

<<<----  [OUT]
2020/09/11 09:57:18:526

Connecting Started...

<<<----  [OUT]
2020/09/11 09:57:20:572

I can't connect with the passive [192.168.100.113/5000] error_code:10061 !

<<<----  [OUT]
2020/09/11 09:57:23:058

Connecting Started...

<<<----  [OUT]
2020/09/11 09:57:25:096

I can't connect with the passive [192.168.100.113/5000] error_code:10061 !

<<<----  [OUT]
2020/09/11 09:57:27:574

Connecting Started...

<<<----  [OUT]
2020/09/11 09:57:29:606

I can't connect with the passive [192.168.100.113/5000] error_code:10061 !

<<<----  [OUT]
2020/09/11 09:57:32:089

Connecting Started...

<<<----  [OUT]
2020/09/11 09:57:34:132

I can't connect with the passive [192.168.100.113/5000] error_code:10061 !

<<<----  [OUT]
2020/09/11 09:57:36:621

Connecting Started...

<<<----  [OUT]
2020/09/11 09:57:38:668

I can't connect with the passive [192.168.100.113/5000] error_code:10061 !

<<<----  [OUT]
2020/09/11 09:57:41:152

Connecting Started...

<<<----  [OUT]
2020/09/11 09:57:43:190

I can't connect with the passive [192.168.100.113/5000] error_code:10061 !

<<<----  [OUT]
2020/09/11 09:57:45:668

Connecting Started...

<<<----  [OUT]
2020/09/11 09:57:47:708

I can't connect with the passive [192.168.100.113/5000] error_code:10061 !

<<<----  [OUT]
2020/09/11 09:57:50:199

Connecting Started...

<<<----  [OUT]
2020/09/11 09:57:52:249

I can't connect with the passive [192.168.100.113/5000] error_code:10061 !

<<<----  [OUT]
2020/09/11 09:57:54:731

Connecting Started...

<<<----  [OUT]
2020/09/11 09:57:56:768

I can't connect with the passive [192.168.100.113/5000] error_code:10061 !

<<<----  [OUT]
2020/09/11 09:57:59:246

Connecting Started...

<<<----  [OUT]
2020/09/11 09:58:01:262

I can't connect with the passive [192.168.100.113/5000] error_code:10061 !

<<<----  [OUT]
2020/09/11 09:58:03:745

Connecting Started...

<<<----  [OUT]
2020/09/11 09:58:05:775

I can't connect with the passive [192.168.100.113/5000] error_code:10061 !

<<<----  [OUT]
2020/09/11 09:58:08:262

Connecting Started...

<<<----  [OUT]
2020/09/11 09:58:10:302

I can't connect with the passive [192.168.100.113/5000] error_code:10061 !

<<<----  [OUT]
2020/09/11 09:58:12:793

Connecting Started...

<<<----  [OUT]
2020/09/11 09:58:14:832

I can't connect with the passive [192.168.100.113/5000] error_code:10061 !

<<<----  [OUT]
2020/09/11 09:58:17:325

Connecting Started...

<<<----  [OUT]
2020/09/11 09:58:19:373

I can't connect with the passive [192.168.100.113/5000] error_code:10061 !

<<<----  [OUT]
2020/09/11 09:58:21:854

Connecting Started...

<<<----  [OUT]
2020/09/11 09:58:23:890

I can't connect with the passive [192.168.100.113/5000] error_code:10061 !

<<<----  [OUT]
2020/09/11 09:58:26:372

Connecting Started...

<<<----  [OUT]
2020/09/11 09:58:28:413

I can't connect with the passive [192.168.100.113/5000] error_code:10061 !

<<<----  [OUT]
2020/09/11 09:58:30:901

Connecting Started...

<<<----  [OUT]
2020/09/11 09:58:32:939

I can't connect with the passive [192.168.100.113/5000] error_code:10061 !

<<<----  [OUT]
2020/09/11 09:58:35:418

Connecting Started...

<<<----  [OUT]
2020/09/11 09:58:37:467

I can't connect with the passive [192.168.100.113/5000] error_code:10061 !

<<<----  [OUT]
2020/09/11 09:58:39:948

Connecting Started...

<<<----  [OUT]
2020/09/11 09:58:41:993

I can't connect with the passive [192.168.100.113/5000] error_code:10061 !

<<<----  [OUT]
2020/09/11 09:58:44:480

Connecting Started...

<<<----  [OUT]
2020/09/11 09:58:46:528

I can't connect with the passive [192.168.100.113/5000] error_code:10061 !

<<<----  [OUT]
2020/09/11 09:58:49:011

Connecting Started...

<<<----  [OUT]
2020/09/11 09:58:51:065

I can't connect with the passive [192.168.100.113/5000] error_code:10061 !

<<<----  [OUT]
2020/09/11 09:58:53:543

Connecting Started...

<<<----  [OUT]
2020/09/11 09:58:55:576

I can't connect with the passive [192.168.100.113/5000] error_code:10061 !

<<<----  [OUT]
2020/09/11 09:58:58:059

Connecting Started...

<<<----  [OUT]
2020/09/11 09:59:00:108

I can't connect with the passive [192.168.100.113/5000] error_code:10061 !

<<<----  [OUT]
2020/09/11 09:59:02:589

Connecting Started...

<<<----  [OUT]
2020/09/11 09:59:04:634

I can't connect with the passive [192.168.100.113/5000] error_code:10061 !

<<<----  [OUT]
2020/09/11 09:59:07:120

Connecting Started...

<<<----  [OUT]
2020/09/11 09:59:09:160

I can't connect with the passive [192.168.100.113/5000] error_code:10061 !

<<<----  [OUT]
2020/09/11 09:59:11:636

Connecting Started...

<<<----  [OUT]
2020/09/11 09:59:13:676

I can't connect with the passive [192.168.100.113/5000] error_code:10061 !

<<<----  [OUT]
2020/09/11 09:59:16:152

Connecting Started...

<<<----  [OUT]
2020/09/11 09:59:18:192

I can't connect with the passive [192.168.100.113/5000] error_code:10061 !

<<<----  [OUT]
2020/09/11 09:59:20:684

Connecting Started...

<<<----  [OUT]
2020/09/11 09:59:22:733

I can't connect with the passive [192.168.100.113/5000] error_code:10061 !

<<<----  [OUT]
2020/09/11 09:59:25:215

Connecting Started...

<<<----  [OUT]
2020/09/11 09:59:27:258

I can't connect with the passive [192.168.100.113/5000] error_code:10061 !

<<<----  [OUT]
2020/09/11 09:59:29:745

Connecting Started...

<<<----  [OUT]
2020/09/11 09:59:31:787

I can't connect with the passive [192.168.100.113/5000] error_code:10061 !

<<<----  [OUT]
2020/09/11 09:59:34:277

Connecting Started...

<<<----  [OUT]
2020/09/11 09:59:36:323

I can't connect with the passive [192.168.100.113/5000] error_code:10061 !

<<<----  [OUT]
2020/09/11 09:59:38:809

Connecting Started...

<<<----  [OUT]
2020/09/11 09:59:40:843

I can't connect with the passive [192.168.100.113/5000] error_code:10061 !

<<<----  [OUT]
2020/09/11 09:59:43:323

Connecting Started...

<<<----  [OUT]
2020/09/11 09:59:45:369

I can't connect with the passive [192.168.100.113/5000] error_code:10061 !

<<<----  [OUT]
2020/09/11 09:59:47:854

Connecting Started...

<<<----  [OUT]
2020/09/11 09:59:49:895

I can't connect with the passive [192.168.100.113/5000] error_code:10061 !

<<<----  [OUT]
2020/09/11 09:59:52:386

Connecting Started...

<<<----  [OUT]
2020/09/11 09:59:54:425

I can't connect with the passive [192.168.100.113/5000] error_code:10061 !

<<<----  [OUT]
2020/09/11 09:59:56:901

Connecting Started...

<<<----  [OUT]
2020/09/11 09:59:58:945

I can't connect with the passive [192.168.100.113/5000] error_code:10061 !
