
<<<----  [OUT]
2021/09/22 22:35:55:570

---------------------------------------------------------------------
// FA : Start Log ...


<<<----  [OUT]
2021/09/22 22:35:55:579

//-------------------------------------------------------------
Property Information

   Driver Type [HSMS]
   Driver Mode [ACTIVE]
   IP    [192.168.100.113]
   Port  [5000]
//-------------------------------------------------------------


<<<----  [OUT]
2021/09/22 22:35:56:181

Auto-Start Started ... (Active)

<<<----  [OUT]
2021/09/22 22:35:56:272

Auto-Start Started ...  Waiting Stop-Connection.

<<<----  [OUT]
2021/09/22 22:35:56:272

Auto-Start Started ...  Waiting Open-Socket.

<<<----  [OUT]
2021/09/22 22:35:56:297

Socket Open Started...

<<<----  [OUT]
2021/09/22 22:35:56:297

Socket Open Completed...

<<<----  [OUT]
2021/09/22 22:35:56:297

Connecting Started...

<<<----  [OUT]
2021/09/22 22:35:56:362

Auto-Start Completed ...  (Active)
