
<<<----  [OUT]
2020/11/03 23:07:45:627

---------------------------------------------------------------------
// FA : Start Log ...


<<<----  [OUT]
2020/11/03 23:07:45:630

//-------------------------------------------------------------
Property Information

   Driver Type [HSMS]
   Driver Mode [ACTIVE]
   IP    [192.168.100.113]
   Port  [5000]
//-------------------------------------------------------------


<<<----  [OUT]
2020/11/03 23:07:46:233

Auto-Start Started ... (Active)

<<<----  [OUT]
2020/11/03 23:07:46:324

Auto-Start Started ...  Waiting Stop-Connection.

<<<----  [OUT]
2020/11/03 23:07:46:324

Auto-Start Started ...  Waiting Open-Socket.

<<<----  [OUT]
2020/11/03 23:07:46:352

Socket Open Started...

<<<----  [OUT]
2020/11/03 23:07:46:352

Socket Open Completed...

<<<----  [OUT]
2020/11/03 23:07:46:352

Connecting Started...

<<<----  [OUT]
2020/11/03 23:07:46:414

Auto-Start Completed ...  (Active)

<<<----  [OUT]
2020/11/03 23:07:48:437

I can't connect with the passive [192.168.100.113/5000] error_code:10061 !

<<<----  [OUT]
2020/11/03 23:07:50:917

Connecting Started...

<<<----  [OUT]
2020/11/03 23:07:52:976

I can't connect with the passive [192.168.100.113/5000] error_code:10061 !

<<<----  [OUT]
2020/11/03 23:07:55:463

Connecting Started...

<<<----  [OUT]
2020/11/03 23:07:57:523

I can't connect with the passive [192.168.100.113/5000] error_code:10061 !

<<<----  [OUT]
2020/11/03 23:08:00:010

Connecting Started...

<<<----  [OUT]
2020/11/03 23:08:02:055

I can't connect with the passive [192.168.100.113/5000] error_code:10061 !

<<<----  [OUT]
2020/11/03 23:08:04:543

Connecting Started...

<<<----  [OUT]
2020/11/03 23:08:06:598

I can't connect with the passive [192.168.100.113/5000] error_code:10061 !

<<<----  [OUT]
2020/11/03 23:08:09:089

Connecting Started...

<<<----  [OUT]
2020/11/03 23:08:11:152

I can't connect with the passive [192.168.100.113/5000] error_code:10061 !

<<<----  [OUT]
2020/11/03 23:08:13:636

Connecting Started...

<<<----  [OUT]
2020/11/03 23:08:15:688

I can't connect with the passive [192.168.100.113/5000] error_code:10061 !

<<<----  [OUT]
2020/11/03 23:08:18:167

Connecting Started...

<<<----  [OUT]
2020/11/03 23:08:20:218

I can't connect with the passive [192.168.100.113/5000] error_code:10061 !

<<<----  [OUT]
2020/11/03 23:08:22:700

Connecting Started...

<<<----  [OUT]
2020/11/03 23:08:24:752

I can't connect with the passive [192.168.100.113/5000] error_code:10061 !

<<<----  [OUT]
2020/11/03 23:08:27:229

Connecting Started...

<<<----  [OUT]
2020/11/03 23:08:29:289

I can't connect with the passive [192.168.100.113/5000] error_code:10061 !

<<<----  [OUT]
2020/11/03 23:08:31:777

Connecting Started...

<<<----  [OUT]
2020/11/03 23:08:33:842

I can't connect with the passive [192.168.100.113/5000] error_code:10061 !

<<<----  [OUT]
2020/11/03 23:08:36:324

Connecting Started...

<<<----  [OUT]
2020/11/03 23:08:38:373

I can't connect with the passive [192.168.100.113/5000] error_code:10061 !

<<<----  [OUT]
2020/11/03 23:08:40:854

Connecting Started...

<<<----  [OUT]
2020/11/03 23:08:42:897

I can't connect with the passive [192.168.100.113/5000] error_code:10061 !

<<<----  [OUT]
2020/11/03 23:08:45:387

Connecting Started...

<<<----  [OUT]
2020/11/03 23:08:47:440

I can't connect with the passive [192.168.100.113/5000] error_code:10061 !

<<<----  [OUT]
2020/11/03 23:08:49:918

Connecting Started...

<<<----  [OUT]
2020/11/03 23:08:51:976

I can't connect with the passive [192.168.100.113/5000] error_code:10061 !

<<<----  [OUT]
2020/11/03 23:08:54:463

Connecting Started...

<<<----  [OUT]
2020/11/03 23:08:56:527

I can't connect with the passive [192.168.100.113/5000] error_code:10061 !

<<<----  [OUT]
2020/11/03 23:08:59:011

Connecting Started...

<<<----  [OUT]
2020/11/03 23:09:01:058

I can't connect with the passive [192.168.100.113/5000] error_code:10061 !

<<<----  [OUT]
2020/11/03 23:09:03:543

Connecting Started...

<<<----  [OUT]
2020/11/03 23:09:05:591

I can't connect with the passive [192.168.100.113/5000] error_code:10061 !

<<<----  [OUT]
2020/11/03 23:09:08:073

Connecting Started...

<<<----  [OUT]
2020/11/03 23:09:10:139

I can't connect with the passive [192.168.100.113/5000] error_code:10061 !

<<<----  [OUT]
2020/11/03 23:09:12:621

Connecting Started...

<<<----  [OUT]
2020/11/03 23:09:14:668

I can't connect with the passive [192.168.100.113/5000] error_code:10061 !

<<<----  [OUT]
2020/11/03 23:09:17:151

Connecting Started...

<<<----  [OUT]
2020/11/03 23:09:19:210

I can't connect with the passive [192.168.100.113/5000] error_code:10061 !

<<<----  [OUT]
2020/11/03 23:09:21:699

Connecting Started...

<<<----  [OUT]
2020/11/03 23:09:23:755

I can't connect with the passive [192.168.100.113/5000] error_code:10061 !

<<<----  [OUT]
2020/11/03 23:09:26:244

Connecting Started...

<<<----  [OUT]
2020/11/03 23:09:28:281

I can't connect with the passive [192.168.100.113/5000] error_code:10061 !

<<<----  [OUT]
2020/11/03 23:09:30:761

Connecting Started...

<<<----  [OUT]
2020/11/03 23:09:32:806

I can't connect with the passive [192.168.100.113/5000] error_code:10061 !

<<<----  [OUT]
2020/11/03 23:09:35:292

Connecting Started...

<<<----  [OUT]
2020/11/03 23:09:37:335

I can't connect with the passive [192.168.100.113/5000] error_code:10061 !

<<<----  [OUT]
2020/11/03 23:09:39:823

Connecting Started...

<<<----  [OUT]
2020/11/03 23:09:41:870

I can't connect with the passive [192.168.100.113/5000] error_code:10061 !

<<<----  [OUT]
2020/11/03 23:09:44:354

Connecting Started...

<<<----  [OUT]
2020/11/03 23:09:46:390

I can't connect with the passive [192.168.100.113/5000] error_code:10061 !

<<<----  [OUT]
2020/11/03 23:09:48:871

Connecting Started...

<<<----  [OUT]
2020/11/03 23:09:50:920

I can't connect with the passive [192.168.100.113/5000] error_code:10061 !

<<<----  [OUT]
2020/11/03 23:09:53:402

Connecting Started...

<<<----  [OUT]
2020/11/03 23:09:55:453

I can't connect with the passive [192.168.100.113/5000] error_code:10061 !

<<<----  [OUT]
2020/11/03 23:09:57:933

Connecting Started...

<<<----  [OUT]
2020/11/03 23:09:59:981

I can't connect with the passive [192.168.100.113/5000] error_code:10061 !

<<<----  [OUT]
2020/11/03 23:10:02:464

Connecting Started...

<<<----  [OUT]
2020/11/03 23:10:04:520

I can't connect with the passive [192.168.100.113/5000] error_code:10061 !

<<<----  [OUT]
2020/11/03 23:10:07:012

Connecting Started...

<<<----  [OUT]
2020/11/03 23:10:09:065

I can't connect with the passive [192.168.100.113/5000] error_code:10061 !

<<<----  [OUT]
2020/11/03 23:10:11:541

Connecting Started...

<<<----  [OUT]
2020/11/03 23:10:13:595

I can't connect with the passive [192.168.100.113/5000] error_code:10061 !

<<<----  [OUT]
2020/11/03 23:10:16:074

Connecting Started...

<<<----  [OUT]
2020/11/03 23:10:18:111

I can't connect with the passive [192.168.100.113/5000] error_code:10061 !

<<<----  [OUT]
2020/11/03 23:10:20:588

Connecting Started...

<<<----  [OUT]
2020/11/03 23:10:22:627

I can't connect with the passive [192.168.100.113/5000] error_code:10061 !

<<<----  [OUT]
2020/11/03 23:10:25:105

Connecting Started...

<<<----  [OUT]
2020/11/03 23:10:27:154

I can't connect with the passive [192.168.100.113/5000] error_code:10061 !

<<<----  [OUT]
2020/11/03 23:10:29:635

Connecting Started...

<<<----  [OUT]
2020/11/03 23:10:31:693

I can't connect with the passive [192.168.100.113/5000] error_code:10061 !

<<<----  [OUT]
2020/11/03 23:10:34:182

Connecting Started...

<<<----  [OUT]
2020/11/03 23:10:36:217

I can't connect with the passive [192.168.100.113/5000] error_code:10061 !

<<<----  [OUT]
2020/11/03 23:10:38:698

Connecting Started...

<<<----  [OUT]
2020/11/03 23:10:40:747

I can't connect with the passive [192.168.100.113/5000] error_code:10061 !

<<<----  [OUT]
2020/11/03 23:10:43:230

Connecting Started...

<<<----  [OUT]
2020/11/03 23:10:45:266

I can't connect with the passive [192.168.100.113/5000] error_code:10061 !

<<<----  [OUT]
2020/11/03 23:10:47:745

Connecting Started...

<<<----  [OUT]
2020/11/03 23:10:49:784

I can't connect with the passive [192.168.100.113/5000] error_code:10061 !

<<<----  [OUT]
2020/11/03 23:10:52:262

Connecting Started...

<<<----  [OUT]
2020/11/03 23:10:54:303

I can't connect with the passive [192.168.100.113/5000] error_code:10061 !

<<<----  [OUT]
2020/11/03 23:10:56:792

Connecting Started...

<<<----  [OUT]
2020/11/03 23:10:58:852

I can't connect with the passive [192.168.100.113/5000] error_code:10061 !

<<<----  [OUT]
2020/11/03 23:11:01:339

Connecting Started...

<<<----  [OUT]
2020/11/03 23:11:03:398

I can't connect with the passive [192.168.100.113/5000] error_code:10061 !

<<<----  [OUT]
2020/11/03 23:11:05:885

Connecting Started...

<<<----  [OUT]
2020/11/03 23:11:07:945

I can't connect with the passive [192.168.100.113/5000] error_code:10061 !

<<<----  [OUT]
2020/11/03 23:11:10:433

Connecting Started...

<<<----  [OUT]
2020/11/03 23:11:12:487

I can't connect with the passive [192.168.100.113/5000] error_code:10061 !

<<<----  [OUT]
2020/11/03 23:11:14:965

Connecting Started...

<<<----  [OUT]
2020/11/03 23:11:17:016

I can't connect with the passive [192.168.100.113/5000] error_code:10061 !

<<<----  [OUT]
2020/11/03 23:11:19:496

Connecting Started...

<<<----  [OUT]
2020/11/03 23:11:21:552

I can't connect with the passive [192.168.100.113/5000] error_code:10061 !

<<<----  [OUT]
2020/11/03 23:11:24:043

Connecting Started...

<<<----  [OUT]
2020/11/03 23:11:26:093

I can't connect with the passive [192.168.100.113/5000] error_code:10061 !

<<<----  [OUT]
2020/11/03 23:11:28:572

Connecting Started...

<<<----  [OUT]
2020/11/03 23:11:30:626

I can't connect with the passive [192.168.100.113/5000] error_code:10061 !

<<<----  [OUT]
2020/11/03 23:11:33:104

Connecting Started...

<<<----  [OUT]
2020/11/03 23:11:35:149

I can't connect with the passive [192.168.100.113/5000] error_code:10061 !

<<<----  [OUT]
2020/11/03 23:11:37:635

Connecting Started...

<<<----  [OUT]
2020/11/03 23:11:39:677

I can't connect with the passive [192.168.100.113/5000] error_code:10061 !

<<<----  [OUT]
2020/11/03 23:11:42:167

Connecting Started...

<<<----  [OUT]
2020/11/03 23:11:44:219

I can't connect with the passive [192.168.100.113/5000] error_code:10061 !

<<<----  [OUT]
2020/11/03 23:11:46:699

Connecting Started...

<<<----  [OUT]
2020/11/03 23:11:48:740

I can't connect with the passive [192.168.100.113/5000] error_code:10061 !

<<<----  [OUT]
2020/11/03 23:11:51:229

Connecting Started...

<<<----  [OUT]
2020/11/03 23:11:53:279

I can't connect with the passive [192.168.100.113/5000] error_code:10061 !

<<<----  [OUT]
2020/11/03 23:11:55:761

Connecting Started...

<<<----  [OUT]
2020/11/03 23:11:57:819

I can't connect with the passive [192.168.100.113/5000] error_code:10061 !

<<<----  [OUT]
2020/11/03 23:12:00:308

Connecting Started...

<<<----  [OUT]
2020/11/03 23:12:02:359

I can't connect with the passive [192.168.100.113/5000] error_code:10061 !

<<<----  [OUT]
2020/11/03 23:12:04:840

Connecting Started...

<<<----  [OUT]
2020/11/03 23:12:06:889

I can't connect with the passive [192.168.100.113/5000] error_code:10061 !

<<<----  [OUT]
2020/11/03 23:12:09:370

Connecting Started...

<<<----  [OUT]
2020/11/03 23:12:11:412

I can't connect with the passive [192.168.100.113/5000] error_code:10061 !

<<<----  [OUT]
2020/11/03 23:12:13:902

Connecting Started...

<<<----  [OUT]
2020/11/03 23:12:15:935

I can't connect with the passive [192.168.100.113/5000] error_code:10061 !

<<<----  [OUT]
2020/11/03 23:12:18:416

Connecting Started...

<<<----  [OUT]
2020/11/03 23:12:20:466

I can't connect with the passive [192.168.100.113/5000] error_code:10061 !

<<<----  [OUT]
2020/11/03 23:12:22:948

Connecting Started...

<<<----  [OUT]
2020/11/03 23:12:24:999

I can't connect with the passive [192.168.100.113/5000] error_code:10061 !

<<<----  [OUT]
2020/11/03 23:12:27:479

Connecting Started...

<<<----  [OUT]
2020/11/03 23:12:29:520

I can't connect with the passive [192.168.100.113/5000] error_code:10061 !

<<<----  [OUT]
2020/11/03 23:12:32:012

Connecting Started...

<<<----  [OUT]
2020/11/03 23:12:34:075

I can't connect with the passive [192.168.100.113/5000] error_code:10061 !

<<<----  [OUT]
2020/11/03 23:12:36:558

Connecting Started...

<<<----  [OUT]
2020/11/03 23:12:38:605

I can't connect with the passive [192.168.100.113/5000] error_code:10061 !

<<<----  [OUT]
2020/11/03 23:12:41:090

Connecting Started...

<<<----  [OUT]
2020/11/03 23:12:43:146

I can't connect with the passive [192.168.100.113/5000] error_code:10061 !

<<<----  [OUT]
2020/11/03 23:12:45:637

Connecting Started...

<<<----  [OUT]
2020/11/03 23:12:47:682

I can't connect with the passive [192.168.100.113/5000] error_code:10061 !

<<<----  [OUT]
2020/11/03 23:12:50:166

Connecting Started...

<<<----  [OUT]
2020/11/03 23:12:52:213

I can't connect with the passive [192.168.100.113/5000] error_code:10061 !

<<<----  [OUT]
2020/11/03 23:24:59:241

---------------------------------------------------------------------
// FA : Start Log ...


<<<----  [OUT]
2020/11/03 23:24:59:244

//-------------------------------------------------------------
Property Information

   Driver Type [HSMS]
   Driver Mode [ACTIVE]
   IP    [192.168.100.113]
   Port  [5000]
//-------------------------------------------------------------


<<<----  [OUT]
2020/11/03 23:24:59:845

Auto-Start Started ... (Active)

<<<----  [OUT]
2020/11/03 23:24:59:937

Auto-Start Started ...  Waiting Stop-Connection.

<<<----  [OUT]
2020/11/03 23:24:59:937

Auto-Start Started ...  Waiting Open-Socket.

<<<----  [OUT]
2020/11/03 23:24:59:968

Socket Open Started...

<<<----  [OUT]
2020/11/03 23:24:59:968

Socket Open Completed...

<<<----  [OUT]
2020/11/03 23:24:59:968

Connecting Started...

<<<----  [OUT]
2020/11/03 23:25:00:028

Auto-Start Completed ...  (Active)

<<<----  [OUT]
2020/11/03 23:25:02:041

I can't connect with the passive [192.168.100.113/5000] error_code:10061 !

<<<----  [OUT]
2020/11/03 23:25:04:526

Connecting Started...

<<<----  [OUT]
2020/11/03 23:25:06:584

I can't connect with the passive [192.168.100.113/5000] error_code:10061 !

<<<----  [OUT]
2020/11/03 23:25:09:074

Connecting Started...

<<<----  [OUT]
2020/11/03 23:25:11:133

I can't connect with the passive [192.168.100.113/5000] error_code:10061 !

<<<----  [OUT]
2020/11/03 23:25:13:621

Connecting Started...

<<<----  [OUT]
2020/11/03 23:25:15:657

I can't connect with the passive [192.168.100.113/5000] error_code:10061 !

<<<----  [OUT]
2020/11/03 23:25:18:136

Connecting Started...

<<<----  [OUT]
2020/11/03 23:25:20:173

I can't connect with the passive [192.168.100.113/5000] error_code:10061 !

<<<----  [OUT]
2020/11/03 23:25:22:651

Connecting Started...

<<<----  [OUT]
2020/11/03 23:25:24:710

I can't connect with the passive [192.168.100.113/5000] error_code:10061 !

<<<----  [OUT]
2020/11/03 23:25:27:199

Connecting Started...

<<<----  [OUT]
2020/11/03 23:25:29:240

I can't connect with the passive [192.168.100.113/5000] error_code:10061 !

<<<----  [OUT]
2020/11/03 23:25:31:729

Connecting Started...

<<<----  [OUT]
2020/11/03 23:25:33:785

I can't connect with the passive [192.168.100.113/5000] error_code:10061 !

<<<----  [OUT]
2020/11/03 23:25:36:261

Connecting Started...

<<<----  [OUT]
2020/11/03 23:25:38:299

I can't connect with the passive [192.168.100.113/5000] error_code:10061 !

<<<----  [OUT]
2020/11/03 23:25:40:777

Connecting Started...

<<<----  [OUT]
2020/11/03 23:25:42:834

I can't connect with the passive [192.168.100.113/5000] error_code:10061 !

<<<----  [OUT]
2020/11/03 23:25:45:323

Connecting Started...

<<<----  [OUT]
2020/11/03 23:25:47:366

I can't connect with the passive [192.168.100.113/5000] error_code:10061 !

<<<----  [OUT]
2020/11/03 23:25:49:855

Connecting Started...

<<<----  [OUT]
2020/11/03 23:25:51:917

I can't connect with the passive [192.168.100.113/5000] error_code:10061 !

<<<----  [OUT]
2020/11/03 23:25:54:402

Connecting Started...

<<<----  [OUT]
2020/11/03 23:25:56:436

I can't connect with the passive [192.168.100.113/5000] error_code:10061 !

<<<----  [OUT]
2020/11/03 23:25:58:917

Connecting Started...

<<<----  [OUT]
2020/11/03 23:26:00:969

I can't connect with the passive [192.168.100.113/5000] error_code:10061 !

<<<----  [OUT]
2020/11/03 23:26:03:449

Connecting Started...

<<<----  [OUT]
2020/11/03 23:26:05:492

I can't connect with the passive [192.168.100.113/5000] error_code:10061 !

<<<----  [OUT]
2020/11/03 23:26:07:980

Connecting Started...

<<<----  [OUT]
2020/11/03 23:26:10:021

I can't connect with the passive [192.168.100.113/5000] error_code:10061 !

<<<----  [OUT]
2020/11/03 23:26:12:511

Connecting Started...

<<<----  [OUT]
2020/11/03 23:26:14:559

I can't connect with the passive [192.168.100.113/5000] error_code:10061 !

<<<----  [OUT]
2020/11/03 23:26:17:043

Connecting Started...

<<<----  [OUT]
2020/11/03 23:26:19:086

I can't connect with the passive [192.168.100.113/5000] error_code:10061 !

<<<----  [OUT]
2020/11/03 23:26:21:574

Connecting Started...

<<<----  [OUT]
2020/11/03 23:26:23:612

I can't connect with the passive [192.168.100.113/5000] error_code:10061 !

<<<----  [OUT]
2020/11/03 23:26:26:089

Connecting Started...

<<<----  [OUT]
2020/11/03 23:26:28:130

I can't connect with the passive [192.168.100.113/5000] error_code:10061 !

<<<----  [OUT]
2020/11/03 23:26:30:620

Connecting Started...

<<<----  [OUT]
2020/11/03 23:26:32:677

I can't connect with the passive [192.168.100.113/5000] error_code:10061 !

<<<----  [OUT]
2020/11/03 23:26:35:167

Connecting Started...

<<<----  [OUT]
2020/11/03 23:26:37:208

I can't connect with the passive [192.168.100.113/5000] error_code:10061 !

<<<----  [OUT]
2020/11/03 23:26:39:699

Connecting Started...

<<<----  [OUT]
2020/11/03 23:26:41:743

I can't connect with the passive [192.168.100.113/5000] error_code:10061 !

<<<----  [OUT]
2020/11/03 23:26:44:230

Connecting Started...

<<<----  [OUT]
2020/11/03 23:26:46:259

I can't connect with the passive [192.168.100.113/5000] error_code:10061 !

<<<----  [OUT]
2020/11/03 23:26:48:745

Connecting Started...

<<<----  [OUT]
2020/11/03 23:26:50:791

I can't connect with the passive [192.168.100.113/5000] error_code:10061 !

<<<----  [OUT]
2020/11/03 23:26:53:277

Connecting Started...

<<<----  [OUT]
2020/11/03 23:26:55:317

I can't connect with the passive [192.168.100.113/5000] error_code:10061 !

<<<----  [OUT]
2020/11/03 23:26:57:808

Connecting Started...

<<<----  [OUT]
2020/11/03 23:26:59:850

I can't connect with the passive [192.168.100.113/5000] error_code:10061 !

<<<----  [OUT]
2020/11/03 23:27:02:340

Connecting Started...

<<<----  [OUT]
2020/11/03 23:27:04:388

I can't connect with the passive [192.168.100.113/5000] error_code:10061 !

<<<----  [OUT]
2020/11/03 23:27:06:870

Connecting Started...

<<<----  [OUT]
2020/11/03 23:27:08:925

I can't connect with the passive [192.168.100.113/5000] error_code:10061 !

<<<----  [OUT]
2020/11/03 23:27:11:401

Connecting Started...

<<<----  [OUT]
2020/11/03 23:27:13:445

I can't connect with the passive [192.168.100.113/5000] error_code:10061 !

<<<----  [OUT]
2020/11/03 23:27:15:933

Connecting Started...

<<<----  [OUT]
2020/11/03 23:27:17:986

I can't connect with the passive [192.168.100.113/5000] error_code:10061 !

<<<----  [OUT]
2020/11/03 23:27:20:463

Connecting Started...

<<<----  [OUT]
2020/11/03 23:27:22:501

I can't connect with the passive [192.168.100.113/5000] error_code:10061 !

<<<----  [OUT]
2020/11/03 23:27:24:980

Connecting Started...

<<<----  [OUT]
2020/11/03 23:27:27:018

I can't connect with the passive [192.168.100.113/5000] error_code:10061 !

<<<----  [OUT]
2020/11/03 23:27:29:494

Connecting Started...

<<<----  [OUT]
2020/11/03 23:27:31:540

I can't connect with the passive [192.168.100.113/5000] error_code:10061 !

<<<----  [OUT]
2020/11/03 23:27:34:027

Connecting Started...

<<<----  [OUT]
2020/11/03 23:27:36:065

I can't connect with the passive [192.168.100.113/5000] error_code:10061 !

<<<----  [OUT]
2020/11/03 23:27:38:542

Connecting Started...

<<<----  [OUT]
2020/11/03 23:27:40:587

I can't connect with the passive [192.168.100.113/5000] error_code:10061 !

<<<----  [OUT]
2020/11/03 23:27:43:074

Connecting Started...

<<<----  [OUT]
2020/11/03 23:27:45:117

I can't connect with the passive [192.168.100.113/5000] error_code:10061 !

<<<----  [OUT]
2020/11/03 23:27:47:604

Connecting Started...

<<<----  [OUT]
2020/11/03 23:27:49:657

I can't connect with the passive [192.168.100.113/5000] error_code:10061 !

<<<----  [OUT]
2020/11/03 23:27:52:137

Connecting Started...

<<<----  [OUT]
2020/11/03 23:27:54:187

I can't connect with the passive [192.168.100.113/5000] error_code:10061 !

<<<----  [OUT]
2020/11/03 23:27:56:667

Connecting Started...

<<<----  [OUT]
2020/11/03 23:27:58:692

I can't connect with the passive [192.168.100.113/5000] error_code:10061 !

<<<----  [OUT]
2020/11/03 23:28:01:184

Connecting Started...

<<<----  [OUT]
2020/11/03 23:28:03:235

I can't connect with the passive [192.168.100.113/5000] error_code:10061 !

<<<----  [OUT]
2020/11/03 23:28:05:715

Connecting Started...

<<<----  [OUT]
2020/11/03 23:28:07:777

I can't connect with the passive [192.168.100.113/5000] error_code:10061 !

<<<----  [OUT]
2020/11/03 23:28:10:260

Connecting Started...

<<<----  [OUT]
2020/11/03 23:28:12:314

I can't connect with the passive [192.168.100.113/5000] error_code:10061 !

<<<----  [OUT]
2020/11/03 23:28:14:792

Connecting Started...

<<<----  [OUT]
2020/11/03 23:28:16:835

I can't connect with the passive [192.168.100.113/5000] error_code:10061 !

<<<----  [OUT]
2020/11/03 23:28:19:323

Connecting Started...

<<<----  [OUT]
2020/11/03 23:28:21:377

I can't connect with the passive [192.168.100.113/5000] error_code:10061 !

<<<----  [OUT]
2020/11/03 23:28:23:855

Connecting Started...

<<<----  [OUT]
2020/11/03 23:28:25:898

I can't connect with the passive [192.168.100.113/5000] error_code:10061 !

<<<----  [OUT]
2020/11/03 23:28:28:387

Connecting Started...

<<<----  [OUT]
2020/11/03 23:28:30:431

I can't connect with the passive [192.168.100.113/5000] error_code:10061 !

<<<----  [OUT]
2020/11/03 23:28:32:918

Connecting Started...

<<<----  [OUT]
2020/11/03 23:28:34:960

I can't connect with the passive [192.168.100.113/5000] error_code:10061 !

<<<----  [OUT]
2020/11/03 23:28:37:449

Connecting Started...

<<<----  [OUT]
2020/11/03 23:28:39:497

I can't connect with the passive [192.168.100.113/5000] error_code:10061 !

<<<----  [OUT]
2020/11/03 23:28:41:980

Connecting Started...

<<<----  [OUT]
2020/11/03 23:28:44:044

I can't connect with the passive [192.168.100.113/5000] error_code:10061 !

<<<----  [OUT]
2020/11/03 23:28:46:527

Connecting Started...

<<<----  [OUT]
2020/11/03 23:28:48:590

I can't connect with the passive [192.168.100.113/5000] error_code:10061 !

<<<----  [OUT]
2020/11/03 23:28:51:073

Connecting Started...

<<<----  [OUT]
2020/11/03 23:28:53:116

I can't connect with the passive [192.168.100.113/5000] error_code:10061 !

<<<----  [OUT]
2020/11/03 23:28:55:604

Connecting Started...

<<<----  [OUT]
2020/11/03 23:28:57:655

I can't connect with the passive [192.168.100.113/5000] error_code:10061 !

<<<----  [OUT]
2020/11/03 23:29:00:136

Connecting Started...

<<<----  [OUT]
2020/11/03 23:29:02:188

I can't connect with the passive [192.168.100.113/5000] error_code:10061 !

<<<----  [OUT]
2020/11/03 23:29:04:668

Connecting Started...

<<<----  [OUT]
2020/11/03 23:29:06:712

I can't connect with the passive [192.168.100.113/5000] error_code:10061 !

<<<----  [OUT]
2020/11/03 23:29:09:199

Connecting Started...

<<<----  [OUT]
2020/11/03 23:29:11:249

I can't connect with the passive [192.168.100.113/5000] error_code:10061 !

<<<----  [OUT]
2020/11/03 23:29:13:731

Connecting Started...

<<<----  [OUT]
2020/11/03 23:29:15:780

I can't connect with the passive [192.168.100.113/5000] error_code:10061 !

<<<----  [OUT]
2020/11/03 23:29:18:261

Connecting Started...

<<<----  [OUT]
2020/11/03 23:29:20:312

I can't connect with the passive [192.168.100.113/5000] error_code:10061 !

<<<----  [OUT]
2020/11/03 23:29:22:792

Connecting Started...

<<<----  [OUT]
2020/11/03 23:29:24:843

I can't connect with the passive [192.168.100.113/5000] error_code:10061 !

<<<----  [OUT]
2020/11/03 23:29:27:323

Connecting Started...

<<<----  [OUT]
2020/11/03 23:29:29:373

I can't connect with the passive [192.168.100.113/5000] error_code:10061 !

<<<----  [OUT]
2020/11/03 23:29:31:855

Connecting Started...

<<<----  [OUT]
2020/11/03 23:29:33:900

I can't connect with the passive [192.168.100.113/5000] error_code:10061 !

<<<----  [OUT]
2020/11/03 23:29:36:386

Connecting Started...

<<<----  [OUT]
2020/11/03 23:29:38:422

I can't connect with the passive [192.168.100.113/5000] error_code:10061 !

<<<----  [OUT]
2020/11/03 23:29:40:901

Connecting Started...

<<<----  [OUT]
2020/11/03 23:29:42:942

I can't connect with the passive [192.168.100.113/5000] error_code:10061 !

<<<----  [OUT]
2020/11/03 23:29:45:432

Connecting Started...

<<<----  [OUT]
2020/11/03 23:29:47:475

I can't connect with the passive [192.168.100.113/5000] error_code:10061 !

<<<----  [OUT]
2020/11/03 23:29:49:964

Connecting Started...

<<<----  [OUT]
2020/11/03 23:29:52:035

I can't connect with the passive [192.168.100.113/5000] error_code:10061 !

<<<----  [OUT]
2020/11/03 23:29:54:526

Connecting Started...

<<<----  [OUT]
2020/11/03 23:29:56:584

I can't connect with the passive [192.168.100.113/5000] error_code:10061 !

<<<----  [OUT]
2020/11/03 23:29:59:072

Connecting Started...

<<<----  [OUT]
2020/11/03 23:30:01:112

I can't connect with the passive [192.168.100.113/5000] error_code:10061 !

<<<----  [OUT]
2020/11/03 23:30:03:588

Connecting Started...

<<<----  [OUT]
2020/11/03 23:30:05:643

I can't connect with the passive [192.168.100.113/5000] error_code:10061 !

<<<----  [OUT]
2020/11/03 23:30:08:120

Connecting Started...

<<<----  [OUT]
2020/11/03 23:30:10:172

I can't connect with the passive [192.168.100.113/5000] error_code:10061 !

<<<----  [OUT]
2020/11/03 23:30:12:652

Connecting Started...

<<<----  [OUT]
2020/11/03 23:30:14:711

I can't connect with the passive [192.168.100.113/5000] error_code:10061 !

<<<----  [OUT]
2020/11/03 23:30:17:198

Connecting Started...

<<<----  [OUT]
2020/11/03 23:30:19:247

I can't connect with the passive [192.168.100.113/5000] error_code:10061 !

<<<----  [OUT]
2020/11/03 23:30:21:729

Connecting Started...

<<<----  [OUT]
2020/11/03 23:30:23:794

I can't connect with the passive [192.168.100.113/5000] error_code:10061 !

<<<----  [OUT]
2020/11/03 23:30:26:276

Connecting Started...

<<<----  [OUT]
2020/11/03 23:30:28:329

I can't connect with the passive [192.168.100.113/5000] error_code:10061 !

<<<----  [OUT]
2020/11/03 23:30:30:809

Connecting Started...

<<<----  [OUT]
2020/11/03 23:30:32:868

I can't connect with the passive [192.168.100.113/5000] error_code:10061 !

<<<----  [OUT]
2020/11/03 23:30:35:354

Connecting Started...

<<<----  [OUT]
2020/11/03 23:30:37:418

I can't connect with the passive [192.168.100.113/5000] error_code:10061 !

<<<----  [OUT]
2020/11/03 23:30:39:901

Connecting Started...

<<<----  [OUT]
2020/11/03 23:30:41:953

I can't connect with the passive [192.168.100.113/5000] error_code:10061 !

<<<----  [OUT]
2020/11/03 23:30:44:432

Connecting Started...

<<<----  [OUT]
2020/11/03 23:30:46:472

I can't connect with the passive [192.168.100.113/5000] error_code:10061 !

<<<----  [OUT]
2020/11/03 23:30:48:948

Connecting Started...

<<<----  [OUT]
2020/11/03 23:30:51:003

I can't connect with the passive [192.168.100.113/5000] error_code:10061 !

<<<----  [OUT]
2020/11/03 23:30:53:480

Connecting Started...

<<<----  [OUT]
2020/11/03 23:30:55:535

I can't connect with the passive [192.168.100.113/5000] error_code:10061 !

<<<----  [OUT]
2020/11/03 23:30:58:026

Connecting Started...

<<<----  [OUT]
2020/11/03 23:31:00:076

I can't connect with the passive [192.168.100.113/5000] error_code:10061 !

<<<----  [OUT]
2020/11/03 23:31:02:559

Connecting Started...

<<<----  [OUT]
2020/11/03 23:31:04:609

I can't connect with the passive [192.168.100.113/5000] error_code:10061 !

<<<----  [OUT]
2020/11/03 23:31:07:089

Connecting Started...

<<<----  [OUT]
2020/11/03 23:31:09:158

I can't connect with the passive [192.168.100.113/5000] error_code:10061 !

<<<----  [OUT]
2020/11/03 23:31:11:636

Connecting Started...

<<<----  [OUT]
2020/11/03 23:31:13:698

I can't connect with the passive [192.168.100.113/5000] error_code:10061 !

<<<----  [OUT]
2020/11/03 23:31:16:183

Connecting Started...

<<<----  [OUT]
2020/11/03 23:31:18:244

I can't connect with the passive [192.168.100.113/5000] error_code:10061 !

<<<----  [OUT]
2020/11/03 23:31:20:729

Connecting Started...

<<<----  [OUT]
2020/11/03 23:31:22:788

I can't connect with the passive [192.168.100.113/5000] error_code:10061 !

<<<----  [OUT]
2020/11/03 23:31:25:277

Connecting Started...

<<<----  [OUT]
2020/11/03 23:31:27:333

I can't connect with the passive [192.168.100.113/5000] error_code:10061 !

<<<----  [OUT]
2020/11/03 23:31:29:824

Connecting Started...

<<<----  [OUT]
2020/11/03 23:31:31:880

I can't connect with the passive [192.168.100.113/5000] error_code:10061 !

<<<----  [OUT]
2020/11/03 23:31:34:370

Connecting Started...

<<<----  [OUT]
2020/11/03 23:31:36:418

I can't connect with the passive [192.168.100.113/5000] error_code:10061 !

<<<----  [OUT]
2020/11/03 23:31:38:902

Connecting Started...

<<<----  [OUT]
2020/11/03 23:31:40:945

I can't connect with the passive [192.168.100.113/5000] error_code:10061 !

<<<----  [OUT]
2020/11/03 23:31:43:432

Connecting Started...

<<<----  [OUT]
2020/11/03 23:31:45:473

I can't connect with the passive [192.168.100.113/5000] error_code:10061 !

<<<----  [OUT]
2020/11/03 23:31:47:964

Connecting Started...

<<<----  [OUT]
2020/11/03 23:31:50:010

I can't connect with the passive [192.168.100.113/5000] error_code:10061 !

<<<----  [OUT]
2020/11/03 23:31:52:496

Connecting Started...

<<<----  [OUT]
2020/11/03 23:31:54:547

I can't connect with the passive [192.168.100.113/5000] error_code:10061 !

<<<----  [OUT]
2020/11/03 23:31:57:027

Connecting Started...

<<<----  [OUT]
2020/11/03 23:31:59:059

I can't connect with the passive [192.168.100.113/5000] error_code:10061 !

<<<----  [OUT]
2020/11/03 23:32:01:542

Connecting Started...

<<<----  [OUT]
2020/11/03 23:32:03:586

I can't connect with the passive [192.168.100.113/5000] error_code:10061 !

<<<----  [OUT]
2020/11/03 23:32:06:073

Connecting Started...

<<<----  [OUT]
2020/11/03 23:32:08:123

I can't connect with the passive [192.168.100.113/5000] error_code:10061 !

<<<----  [OUT]
2020/11/03 23:32:10:604

Connecting Started...

<<<----  [OUT]
2020/11/03 23:32:12:655

I can't connect with the passive [192.168.100.113/5000] error_code:10061 !

<<<----  [OUT]
2020/11/03 23:32:15:136

Connecting Started...

<<<----  [OUT]
2020/11/03 23:32:17:186

I can't connect with the passive [192.168.100.113/5000] error_code:10061 !

<<<----  [OUT]
2020/11/03 23:32:19:666

Connecting Started...

<<<----  [OUT]
2020/11/03 23:32:21:716

I can't connect with the passive [192.168.100.113/5000] error_code:10061 !

<<<----  [OUT]
2020/11/03 23:32:24:198

Connecting Started...

<<<----  [OUT]
2020/11/03 23:32:26:254

I can't connect with the passive [192.168.100.113/5000] error_code:10061 !

<<<----  [OUT]
2020/11/03 23:32:28:745

Connecting Started...

<<<----  [OUT]
2020/11/03 23:32:30:781

I can't connect with the passive [192.168.100.113/5000] error_code:10061 !

<<<----  [OUT]
2020/11/03 23:32:33:261

Connecting Started...

<<<----  [OUT]
2020/11/03 23:32:35:310

I can't connect with the passive [192.168.100.113/5000] error_code:10061 !

<<<----  [OUT]
2020/11/03 23:32:37:793

Connecting Started...

<<<----  [OUT]
2020/11/03 23:32:39:844

I can't connect with the passive [192.168.100.113/5000] error_code:10061 !

<<<----  [OUT]
2020/11/03 23:32:42:323

Connecting Started...

<<<----  [OUT]
2020/11/03 23:32:44:366

I can't connect with the passive [192.168.100.113/5000] error_code:10061 !

<<<----  [OUT]
2020/11/03 23:32:46:855

Connecting Started...

<<<----  [OUT]
2020/11/03 23:32:48:898

I can't connect with the passive [192.168.100.113/5000] error_code:10061 !

<<<----  [OUT]
2020/11/03 23:32:51:387

Connecting Started...

<<<----  [OUT]
2020/11/03 23:32:53:449

I can't connect with the passive [192.168.100.113/5000] error_code:10061 !

<<<----  [OUT]
2020/11/03 23:32:55:934

Connecting Started...

<<<----  [OUT]
2020/11/03 23:32:57:972

I can't connect with the passive [192.168.100.113/5000] error_code:10061 !

<<<----  [OUT]
2020/11/03 23:33:00:447

Connecting Started...

<<<----  [OUT]
2020/11/03 23:33:02:497

I can't connect with the passive [192.168.100.113/5000] error_code:10061 !

<<<----  [OUT]
2020/11/03 23:33:04:979

Connecting Started...

<<<----  [OUT]
2020/11/03 23:33:07:035

I can't connect with the passive [192.168.100.113/5000] error_code:10061 !

<<<----  [OUT]
2020/11/03 23:33:09:511

Connecting Started...

<<<----  [OUT]
2020/11/03 23:33:11:565

I can't connect with the passive [192.168.100.113/5000] error_code:10061 !

<<<----  [OUT]
2020/11/03 23:33:14:042

Connecting Started...

<<<----  [OUT]
2020/11/03 23:33:16:070

I can't connect with the passive [192.168.100.113/5000] error_code:10061 !

<<<----  [OUT]
2020/11/03 23:33:18:558

Connecting Started...

<<<----  [OUT]
2020/11/03 23:33:20:607

I can't connect with the passive [192.168.100.113/5000] error_code:10061 !

<<<----  [OUT]
2020/11/03 23:33:23:089

Connecting Started...

<<<----  [OUT]
2020/11/03 23:33:25:135

I can't connect with the passive [192.168.100.113/5000] error_code:10061 !

<<<----  [OUT]
2020/11/03 23:33:27:620

Connecting Started...

<<<----  [OUT]
2020/11/03 23:33:29:679

I can't connect with the passive [192.168.100.113/5000] error_code:10061 !

<<<----  [OUT]
2020/11/03 23:33:32:168

Connecting Started...

<<<----  [OUT]
2020/11/03 23:33:34:214

I can't connect with the passive [192.168.100.113/5000] error_code:10061 !

<<<----  [OUT]
2020/11/03 23:33:36:698

Connecting Started...

<<<----  [OUT]
2020/11/03 23:33:38:744

I can't connect with the passive [192.168.100.113/5000] error_code:10061 !

<<<----  [OUT]
2020/11/03 23:33:41:229

Connecting Started...

<<<----  [OUT]
2020/11/03 23:33:43:279

I can't connect with the passive [192.168.100.113/5000] error_code:10061 !

<<<----  [OUT]
2020/11/03 23:33:45:762

Connecting Started...

<<<----  [OUT]
2020/11/03 23:33:47:818

I can't connect with the passive [192.168.100.113/5000] error_code:10061 !

<<<----  [OUT]
2020/11/03 23:33:50:307

Connecting Started...

<<<----  [OUT]
2020/11/03 23:33:52:359

I can't connect with the passive [192.168.100.113/5000] error_code:10061 !

<<<----  [OUT]
2020/11/03 23:33:54:838

Connecting Started...

<<<----  [OUT]
2020/11/03 23:33:56:894

I can't connect with the passive [192.168.100.113/5000] error_code:10061 !

<<<----  [OUT]
2020/11/03 23:33:59:370

Connecting Started...

<<<----  [OUT]
2020/11/03 23:34:01:412

I can't connect with the passive [192.168.100.113/5000] error_code:10061 !

<<<----  [OUT]
2020/11/03 23:34:03:901

Connecting Started...

<<<----  [OUT]
2020/11/03 23:34:05:962

I can't connect with the passive [192.168.100.113/5000] error_code:10061 !

<<<----  [OUT]
2020/11/03 23:34:08:449

Connecting Started...

<<<----  [OUT]
2020/11/03 23:34:10:499

I can't connect with the passive [192.168.100.113/5000] error_code:10061 !

<<<----  [OUT]
2020/11/03 23:34:12:980

Connecting Started...

<<<----  [OUT]
2020/11/03 23:34:15:034

I can't connect with the passive [192.168.100.113/5000] error_code:10061 !

<<<----  [OUT]
2020/11/03 23:34:17:511

Connecting Started...

<<<----  [OUT]
2020/11/03 23:34:19:569

I can't connect with the passive [192.168.100.113/5000] error_code:10061 !

<<<----  [OUT]
2020/11/03 23:34:22:057

Connecting Started...

<<<----  [OUT]
2020/11/03 23:34:24:120

I can't connect with the passive [192.168.100.113/5000] error_code:10061 !

<<<----  [OUT]
2020/11/03 23:34:26:605

Connecting Started...

<<<----  [OUT]
2020/11/03 23:34:28:653

I can't connect with the passive [192.168.100.113/5000] error_code:10061 !

<<<----  [OUT]
2020/11/03 23:34:31:136

Connecting Started...

<<<----  [OUT]
2020/11/03 23:34:33:200

I can't connect with the passive [192.168.100.113/5000] error_code:10061 !

<<<----  [OUT]
2020/11/03 23:34:35:682

Connecting Started...

<<<----  [OUT]
2020/11/03 23:34:37:740

I can't connect with the passive [192.168.100.113/5000] error_code:10061 !

<<<----  [OUT]
2020/11/03 23:34:40:230

Connecting Started...

<<<----  [OUT]
2020/11/03 23:34:42:277

I can't connect with the passive [192.168.100.113/5000] error_code:10061 !

<<<----  [OUT]
2020/11/03 23:34:44:762

Connecting Started...

<<<----  [OUT]
2020/11/03 23:34:46:796

I can't connect with the passive [192.168.100.113/5000] error_code:10061 !

<<<----  [OUT]
2020/11/03 23:34:49:276

Connecting Started...

<<<----  [OUT]
2020/11/03 23:34:51:321

I can't connect with the passive [192.168.100.113/5000] error_code:10061 !

<<<----  [OUT]
2020/11/03 23:34:53:807

Connecting Started...

<<<----  [OUT]
2020/11/03 23:34:55:862

I can't connect with the passive [192.168.100.113/5000] error_code:10061 !

<<<----  [OUT]
2020/11/03 23:34:58:339

Connecting Started...

<<<----  [OUT]
2020/11/03 23:35:00:386

I can't connect with the passive [192.168.100.113/5000] error_code:10061 !

<<<----  [OUT]
2020/11/03 23:35:02:869

Connecting Started...

<<<----  [OUT]
2020/11/03 23:35:04:914

I can't connect with the passive [192.168.100.113/5000] error_code:10061 !

<<<----  [OUT]
2020/11/03 23:35:07:401

Connecting Started...

<<<----  [OUT]
2020/11/03 23:35:09:466

I can't connect with the passive [192.168.100.113/5000] error_code:10061 !

<<<----  [OUT]
2020/11/03 23:35:11:949

Connecting Started...

<<<----  [OUT]
2020/11/03 23:35:14:014

I can't connect with the passive [192.168.100.113/5000] error_code:10061 !

<<<----  [OUT]
2020/11/03 23:35:16:496

Connecting Started...

<<<----  [OUT]
2020/11/03 23:35:18:542

I can't connect with the passive [192.168.100.113/5000] error_code:10061 !

<<<----  [OUT]
2020/11/03 23:35:21:027

Connecting Started...

<<<----  [OUT]
2020/11/03 23:35:23:084

I can't connect with the passive [192.168.100.113/5000] error_code:10061 !

<<<----  [OUT]
2020/11/03 23:35:25:574

Connecting Started...

<<<----  [OUT]
2020/11/03 23:35:27:624

I can't connect with the passive [192.168.100.113/5000] error_code:10061 !

<<<----  [OUT]
2020/11/03 23:35:30:105

Connecting Started...

<<<----  [OUT]
2020/11/03 23:35:32:149

I can't connect with the passive [192.168.100.113/5000] error_code:10061 !

<<<----  [OUT]
2020/11/03 23:35:34:635

Connecting Started...

<<<----  [OUT]
2020/11/03 23:35:36:670

I can't connect with the passive [192.168.100.113/5000] error_code:10061 !

<<<----  [OUT]
2020/11/03 23:35:39:152

Connecting Started...

<<<----  [OUT]
2020/11/03 23:35:41:194

I can't connect with the passive [192.168.100.113/5000] error_code:10061 !

<<<----  [OUT]
2020/11/03 23:35:43:682

Connecting Started...

<<<----  [OUT]
2020/11/03 23:35:45:718

I can't connect with the passive [192.168.100.113/5000] error_code:10061 !

<<<----  [OUT]
2020/11/03 23:35:48:198

Connecting Started...

<<<----  [OUT]
2020/11/03 23:35:50:246

I can't connect with the passive [192.168.100.113/5000] error_code:10061 !

<<<----  [OUT]
2020/11/03 23:35:52:730

Connecting Started...

<<<----  [OUT]
2020/11/03 23:35:54:771

I can't connect with the passive [192.168.100.113/5000] error_code:10061 !

<<<----  [OUT]
2020/11/03 23:35:57:261

Connecting Started...

<<<----  [OUT]
2020/11/03 23:35:59:312

I can't connect with the passive [192.168.100.113/5000] error_code:10061 !

<<<----  [OUT]
2020/11/03 23:36:01:793

Connecting Started...

<<<----  [OUT]
2020/11/03 23:36:03:844

I can't connect with the passive [192.168.100.113/5000] error_code:10061 !

<<<----  [OUT]
2020/11/03 23:36:06:323

Connecting Started...

<<<----  [OUT]
2020/11/03 23:36:08:366

I can't connect with the passive [192.168.100.113/5000] error_code:10061 !

<<<----  [OUT]
2020/11/03 23:36:10:855

Connecting Started...

<<<----  [OUT]
2020/11/03 23:36:12:914

I can't connect with the passive [192.168.100.113/5000] error_code:10061 !

<<<----  [OUT]
2020/11/03 23:36:15:402

Connecting Started...

<<<----  [OUT]
2020/11/03 23:36:17:446

I can't connect with the passive [192.168.100.113/5000] error_code:10061 !

<<<----  [OUT]
2020/11/03 23:36:19:932

Connecting Started...

<<<----  [OUT]
2020/11/03 23:36:21:997

I can't connect with the passive [192.168.100.113/5000] error_code:10061 !

<<<----  [OUT]
2020/11/03 23:36:24:479

Connecting Started...

<<<----  [OUT]
2020/11/03 23:36:26:537

I can't connect with the passive [192.168.100.113/5000] error_code:10061 !

<<<----  [OUT]
2020/11/03 23:36:29:026

Connecting Started...

<<<----  [OUT]
2020/11/03 23:36:31:057

I can't connect with the passive [192.168.100.113/5000] error_code:10061 !

<<<----  [OUT]
2020/11/03 23:36:33:543

Connecting Started...

<<<----  [OUT]
2020/11/03 23:36:35:585

I can't connect with the passive [192.168.100.113/5000] error_code:10061 !

<<<----  [OUT]
2020/11/03 23:36:38:073

Connecting Started...

<<<----  [OUT]
2020/11/03 23:36:40:133

I can't connect with the passive [192.168.100.113/5000] error_code:10061 !

<<<----  [OUT]
2020/11/03 23:36:42:620

Connecting Started...

<<<----  [OUT]
2020/11/03 23:36:44:671

I can't connect with the passive [192.168.100.113/5000] error_code:10061 !

<<<----  [OUT]
2020/11/03 23:36:47:152

Connecting Started...

<<<----  [OUT]
2020/11/03 23:36:49:196

I can't connect with the passive [192.168.100.113/5000] error_code:10061 !

<<<----  [OUT]
2020/11/03 23:36:51:683

Connecting Started...

<<<----  [OUT]
2020/11/03 23:36:53:751

I can't connect with the passive [192.168.100.113/5000] error_code:10061 !

<<<----  [OUT]
2020/11/03 23:36:56:229

Connecting Started...

<<<----  [OUT]
2020/11/03 23:36:58:291

I can't connect with the passive [192.168.100.113/5000] error_code:10061 !

<<<----  [OUT]
2020/11/03 23:37:00:776

Connecting Started...

<<<----  [OUT]
2020/11/03 23:37:02:828

I can't connect with the passive [192.168.100.113/5000] error_code:10061 !

<<<----  [OUT]
2020/11/03 23:37:05:307

Connecting Started...

<<<----  [OUT]
2020/11/03 23:37:07:364

I can't connect with the passive [192.168.100.113/5000] error_code:10061 !

<<<----  [OUT]
2020/11/03 23:37:09:856

Connecting Started...

<<<----  [OUT]
2020/11/03 23:37:11:903

I can't connect with the passive [192.168.100.113/5000] error_code:10061 !

<<<----  [OUT]
2020/11/03 23:37:14:385

Connecting Started...

<<<----  [OUT]
2020/11/03 23:37:16:426

I can't connect with the passive [192.168.100.113/5000] error_code:10061 !

<<<----  [OUT]
2020/11/03 23:37:18:917

Connecting Started...

<<<----  [OUT]
2020/11/03 23:37:20:977

I can't connect with the passive [192.168.100.113/5000] error_code:10061 !

<<<----  [OUT]
2020/11/03 23:37:23:463

Connecting Started...

<<<----  [OUT]
2020/11/03 23:37:25:517

I can't connect with the passive [192.168.100.113/5000] error_code:10061 !

<<<----  [OUT]
2020/11/03 23:37:27:995

Connecting Started...

<<<----  [OUT]
2020/11/03 23:37:30:047

I can't connect with the passive [192.168.100.113/5000] error_code:10061 !

<<<----  [OUT]
2020/11/03 23:37:32:526

Connecting Started...

<<<----  [OUT]
2020/11/03 23:37:34:556

I can't connect with the passive [192.168.100.113/5000] error_code:10061 !

<<<----  [OUT]
2020/11/03 23:37:37:042

Connecting Started...

<<<----  [OUT]
2020/11/03 23:37:39:084

I can't connect with the passive [192.168.100.113/5000] error_code:10061 !

<<<----  [OUT]
2020/11/03 23:37:41:573

Connecting Started...

<<<----  [OUT]
2020/11/03 23:37:43:612

I can't connect with the passive [192.168.100.113/5000] error_code:10061 !

<<<----  [OUT]
2020/11/03 23:37:46:090

Connecting Started...

<<<----  [OUT]
2020/11/03 23:37:48:141

I can't connect with the passive [192.168.100.113/5000] error_code:10061 !

<<<----  [OUT]
2020/11/03 23:37:50:621

Connecting Started...

<<<----  [OUT]
2020/11/03 23:37:52:657

I can't connect with the passive [192.168.100.113/5000] error_code:10061 !

<<<----  [OUT]
2020/11/03 23:37:55:137

Connecting Started...

<<<----  [OUT]
2020/11/03 23:37:57:165

I can't connect with the passive [192.168.100.113/5000] error_code:10061 !

<<<----  [OUT]
2020/11/03 23:37:59:651

Connecting Started...

<<<----  [OUT]
2020/11/03 23:38:01:700

I can't connect with the passive [192.168.100.113/5000] error_code:10061 !

<<<----  [OUT]
2020/11/03 23:38:04:183

Connecting Started...

<<<----  [OUT]
2020/11/03 23:38:06:224

I can't connect with the passive [192.168.100.113/5000] error_code:10061 !

<<<----  [OUT]
2020/11/03 23:38:08:714

Connecting Started...

<<<----  [OUT]
2020/11/03 23:38:10:744

I can't connect with the passive [192.168.100.113/5000] error_code:10061 !

<<<----  [OUT]
2020/11/03 23:38:13:230

Connecting Started...

<<<----  [OUT]
2020/11/03 23:38:15:274

I can't connect with the passive [192.168.100.113/5000] error_code:10061 !

<<<----  [OUT]
2020/11/03 23:38:17:760

Connecting Started...

<<<----  [OUT]
2020/11/03 23:38:19:800

I can't connect with the passive [192.168.100.113/5000] error_code:10061 !

<<<----  [OUT]
2020/11/03 23:38:22:276

Connecting Started...

<<<----  [OUT]
2020/11/03 23:38:24:315

I can't connect with the passive [192.168.100.113/5000] error_code:10061 !

<<<----  [OUT]
2020/11/03 23:38:26:792

Connecting Started...

<<<----  [OUT]
2020/11/03 23:38:28:844

I can't connect with the passive [192.168.100.113/5000] error_code:10061 !

<<<----  [OUT]
2020/11/03 23:38:31:324

Connecting Started...

<<<----  [OUT]
2020/11/03 23:38:33:375

I can't connect with the passive [192.168.100.113/5000] error_code:10061 !

<<<----  [OUT]
2020/11/03 23:38:35:855

Connecting Started...

<<<----  [OUT]
2020/11/03 23:38:37:900

I can't connect with the passive [192.168.100.113/5000] error_code:10061 !

<<<----  [OUT]
2020/11/03 23:38:40:386

Connecting Started...

<<<----  [OUT]
2020/11/03 23:38:42:433

I can't connect with the passive [192.168.100.113/5000] error_code:10061 !

<<<----  [OUT]
2020/11/03 23:38:44:917

Connecting Started...

<<<----  [OUT]
2020/11/03 23:38:46:958

I can't connect with the passive [192.168.100.113/5000] error_code:10061 !

<<<----  [OUT]
2020/11/03 23:38:49:448

Connecting Started...

<<<----  [OUT]
2020/11/03 23:38:51:486

I can't connect with the passive [192.168.100.113/5000] error_code:10061 !

<<<----  [OUT]
2020/11/03 23:38:53:963

Connecting Started...

<<<----  [OUT]
2020/11/03 23:38:56:000

I can't connect with the passive [192.168.100.113/5000] error_code:10061 !

<<<----  [OUT]
2020/11/03 23:38:58:480

Connecting Started...

<<<----  [OUT]
2020/11/03 23:39:00:521

I can't connect with the passive [192.168.100.113/5000] error_code:10061 !

<<<----  [OUT]
2020/11/03 23:39:03:011

Connecting Started...

<<<----  [OUT]
2020/11/03 23:39:05:052

I can't connect with the passive [192.168.100.113/5000] error_code:10061 !

<<<----  [OUT]
2020/11/03 23:39:07:542

Connecting Started...

<<<----  [OUT]
2020/11/03 23:39:09:573

I can't connect with the passive [192.168.100.113/5000] error_code:10061 !

<<<----  [OUT]
2020/11/03 23:39:12:057

Connecting Started...

<<<----  [OUT]
2020/11/03 23:39:14:090

I can't connect with the passive [192.168.100.113/5000] error_code:10061 !

<<<----  [OUT]
2020/11/03 23:39:16:574

Connecting Started...

<<<----  [OUT]
2020/11/03 23:39:18:621

I can't connect with the passive [192.168.100.113/5000] error_code:10061 !

<<<----  [OUT]
2020/11/03 23:39:21:104

Connecting Started...

<<<----  [OUT]
2020/11/03 23:39:23:157

I can't connect with the passive [192.168.100.113/5000] error_code:10061 !

<<<----  [OUT]
2020/11/03 23:39:25:636

Connecting Started...

<<<----  [OUT]
2020/11/03 23:39:27:691

I can't connect with the passive [192.168.100.113/5000] error_code:10061 !

<<<----  [OUT]
2020/11/03 23:39:30:167

Connecting Started...

<<<----  [OUT]
2020/11/03 23:39:32:197

I can't connect with the passive [192.168.100.113/5000] error_code:10061 !

<<<----  [OUT]
2020/11/03 23:39:34:683

Connecting Started...

<<<----  [OUT]
2020/11/03 23:39:36:721

I can't connect with the passive [192.168.100.113/5000] error_code:10061 !

<<<----  [OUT]
2020/11/03 23:39:39:198

Connecting Started...

<<<----  [OUT]
2020/11/03 23:39:41:245

I can't connect with the passive [192.168.100.113/5000] error_code:10061 !

<<<----  [OUT]
2020/11/03 23:39:43:730

Connecting Started...

<<<----  [OUT]
2020/11/03 23:39:45:768

I can't connect with the passive [192.168.100.113/5000] error_code:10061 !

<<<----  [OUT]
2020/11/03 23:39:48:245

Connecting Started...

<<<----  [OUT]
2020/11/03 23:39:50:301

I can't connect with the passive [192.168.100.113/5000] error_code:10061 !

<<<----  [OUT]
2020/11/03 23:39:52:792

Connecting Started...

<<<----  [OUT]
2020/11/03 23:39:54:860

I can't connect with the passive [192.168.100.113/5000] error_code:10061 !

<<<----  [OUT]
2020/11/03 23:39:57:340

Connecting Started...

<<<----  [OUT]
2020/11/03 23:39:59:397

I can't connect with the passive [192.168.100.113/5000] error_code:10061 !

<<<----  [OUT]
2020/11/03 23:40:01:886

Connecting Started...

<<<----  [OUT]
2020/11/03 23:40:03:929

I can't connect with the passive [192.168.100.113/5000] error_code:10061 !

<<<----  [OUT]
2020/11/03 23:40:06:418

Connecting Started...

<<<----  [OUT]
2020/11/03 23:40:08:480

I can't connect with the passive [192.168.100.113/5000] error_code:10061 !

<<<----  [OUT]
2020/11/03 23:40:10:964

Connecting Started...

<<<----  [OUT]
2020/11/03 23:40:12:995

I can't connect with the passive [192.168.100.113/5000] error_code:10061 !

<<<----  [OUT]
2020/11/03 23:40:15:480

Connecting Started...

<<<----  [OUT]
2020/11/03 23:40:17:522

I can't connect with the passive [192.168.100.113/5000] error_code:10061 !

<<<----  [OUT]
2020/11/03 23:40:20:010

Connecting Started...

<<<----  [OUT]
2020/11/03 23:40:22:064

I can't connect with the passive [192.168.100.113/5000] error_code:10061 !

<<<----  [OUT]
2020/11/03 23:40:24:542

Connecting Started...

<<<----  [OUT]
2020/11/03 23:40:26:579

I can't connect with the passive [192.168.100.113/5000] error_code:10061 !

<<<----  [OUT]
2020/11/03 23:40:29:057

Connecting Started...

<<<----  [OUT]
2020/11/03 23:40:31:100

I can't connect with the passive [192.168.100.113/5000] error_code:10061 !

<<<----  [OUT]
2020/11/03 23:40:33:590

Connecting Started...

<<<----  [OUT]
2020/11/03 23:40:35:659

I can't connect with the passive [192.168.100.113/5000] error_code:10061 !

<<<----  [OUT]
2020/11/03 23:40:38:137

Connecting Started...

<<<----  [OUT]
2020/11/03 23:40:40:196

I can't connect with the passive [192.168.100.113/5000] error_code:10061 !

<<<----  [OUT]
2020/11/03 23:40:42:684

Connecting Started...

<<<----  [OUT]
2020/11/03 23:40:44:742

I can't connect with the passive [192.168.100.113/5000] error_code:10061 !

<<<----  [OUT]
2020/11/03 23:40:47:230

Connecting Started...

<<<----  [OUT]
2020/11/03 23:40:49:295

I can't connect with the passive [192.168.100.113/5000] error_code:10061 !

<<<----  [OUT]
2020/11/03 23:40:51:776

Connecting Started...

<<<----  [OUT]
2020/11/03 23:40:53:833

I can't connect with the passive [192.168.100.113/5000] error_code:10061 !

<<<----  [OUT]
2020/11/03 23:40:56:324

Connecting Started...

<<<----  [OUT]
2020/11/03 23:40:58:383

I can't connect with the passive [192.168.100.113/5000] error_code:10061 !

<<<----  [OUT]
2020/11/03 23:41:00:870

Connecting Started...

<<<----  [OUT]
2020/11/03 23:41:02:920

I can't connect with the passive [192.168.100.113/5000] error_code:10061 !

<<<----  [OUT]
2020/11/03 23:41:05:402

Connecting Started...

<<<----  [OUT]
2020/11/03 23:41:07:449

I can't connect with the passive [192.168.100.113/5000] error_code:10061 !

<<<----  [OUT]
2020/11/03 23:41:09:934

Connecting Started...

<<<----  [OUT]
2020/11/03 23:41:11:998

I can't connect with the passive [192.168.100.113/5000] error_code:10061 !

<<<----  [OUT]
2020/11/03 23:41:14:481

Connecting Started...

<<<----  [OUT]
2020/11/03 23:41:16:519

I can't connect with the passive [192.168.100.113/5000] error_code:10061 !

<<<----  [OUT]
2020/11/03 23:41:18:995

Connecting Started...

<<<----  [OUT]
2020/11/03 23:41:21:045

I can't connect with the passive [192.168.100.113/5000] error_code:10061 !

<<<----  [OUT]
2020/11/03 23:41:23:528

Connecting Started...

<<<----  [OUT]
2020/11/03 23:41:25:600

I can't connect with the passive [192.168.100.113/5000] error_code:10061 !

<<<----  [OUT]
2020/11/03 23:41:28:089

Connecting Started...

<<<----  [OUT]
2020/11/03 23:41:30:137

I can't connect with the passive [192.168.100.113/5000] error_code:10061 !

<<<----  [OUT]
2020/11/03 23:41:32:621

Connecting Started...

<<<----  [OUT]
2020/11/03 23:41:34:672

I can't connect with the passive [192.168.100.113/5000] error_code:10061 !

<<<----  [OUT]
2020/11/03 23:41:37:152

Connecting Started...

<<<----  [OUT]
2020/11/03 23:41:39:189

I can't connect with the passive [192.168.100.113/5000] error_code:10061 !

<<<----  [OUT]
2020/11/03 23:41:41:667

Connecting Started...

<<<----  [OUT]
2020/11/03 23:41:43:722

I can't connect with the passive [192.168.100.113/5000] error_code:10061 !

<<<----  [OUT]
2020/11/03 23:41:46:199

Connecting Started...

<<<----  [OUT]
2020/11/03 23:41:48:241

I can't connect with the passive [192.168.100.113/5000] error_code:10061 !

<<<----  [OUT]
2020/11/03 23:41:50:729

Connecting Started...

<<<----  [OUT]
2020/11/03 23:41:52:799

I can't connect with the passive [192.168.100.113/5000] error_code:10061 !

<<<----  [OUT]
2020/11/03 23:41:55:276

Connecting Started...

<<<----  [OUT]
2020/11/03 23:41:57:321

I can't connect with the passive [192.168.100.113/5000] error_code:10061 !

<<<----  [OUT]
2020/11/03 23:41:59:809

Connecting Started...

<<<----  [OUT]
2020/11/03 23:42:01:837

I can't connect with the passive [192.168.100.113/5000] error_code:10061 !

<<<----  [OUT]
2020/11/03 23:42:04:324

Connecting Started...

<<<----  [OUT]
2020/11/03 23:42:06:383

I can't connect with the passive [192.168.100.113/5000] error_code:10061 !

<<<----  [OUT]
2020/11/03 23:42:08:870

Connecting Started...

<<<----  [OUT]
2020/11/03 23:42:10:906

I can't connect with the passive [192.168.100.113/5000] error_code:10061 !

<<<----  [OUT]
2020/11/03 23:42:13:386

Connecting Started...

<<<----  [OUT]
2020/11/03 23:42:15:423

I can't connect with the passive [192.168.100.113/5000] error_code:10061 !

<<<----  [OUT]
2020/11/03 23:42:17:902

Connecting Started...

<<<----  [OUT]
2020/11/03 23:42:19:971

I can't connect with the passive [192.168.100.113/5000] error_code:10061 !

<<<----  [OUT]
2020/11/03 23:42:22:449

Connecting Started...

<<<----  [OUT]
2020/11/03 23:42:24:500

I can't connect with the passive [192.168.100.113/5000] error_code:10061 !

<<<----  [OUT]
2020/11/03 23:42:26:979

Connecting Started...

<<<----  [OUT]
2020/11/03 23:42:29:041

I can't connect with the passive [192.168.100.113/5000] error_code:10061 !

<<<----  [OUT]
2020/11/03 23:42:31:526

Connecting Started...

<<<----  [OUT]
2020/11/03 23:42:33:594

I can't connect with the passive [192.168.100.113/5000] error_code:10061 !

<<<----  [OUT]
2020/11/03 23:42:36:073

Connecting Started...

<<<----  [OUT]
2020/11/03 23:42:38:136

I can't connect with the passive [192.168.100.113/5000] error_code:10061 !

<<<----  [OUT]
2020/11/03 23:42:40:621

Connecting Started...

<<<----  [OUT]
2020/11/03 23:42:42:674

I can't connect with the passive [192.168.100.113/5000] error_code:10061 !

<<<----  [OUT]
2020/11/03 23:42:45:152

Connecting Started...

<<<----  [OUT]
2020/11/03 23:42:47:203

I can't connect with the passive [192.168.100.113/5000] error_code:10061 !

<<<----  [OUT]
2020/11/03 23:42:49:683

Connecting Started...

<<<----  [OUT]
2020/11/03 23:42:51:736

I can't connect with the passive [192.168.100.113/5000] error_code:10061 !

<<<----  [OUT]
2020/11/03 23:42:54:213

Connecting Started...

<<<----  [OUT]
2020/11/03 23:42:56:247

I can't connect with the passive [192.168.100.113/5000] error_code:10061 !

<<<----  [OUT]
2020/11/03 23:42:58:730

Connecting Started...

<<<----  [OUT]
2020/11/03 23:43:00:774

I can't connect with the passive [192.168.100.113/5000] error_code:10061 !

<<<----  [OUT]
2020/11/03 23:43:03:262

Connecting Started...

<<<----  [OUT]
2020/11/03 23:43:05:321

I can't connect with the passive [192.168.100.113/5000] error_code:10061 !

<<<----  [OUT]
2020/11/03 23:43:07:808

Connecting Started...

<<<----  [OUT]
2020/11/03 23:43:09:866

I can't connect with the passive [192.168.100.113/5000] error_code:10061 !

<<<----  [OUT]
2020/11/03 23:43:12:356

Connecting Started...

<<<----  [OUT]
2020/11/03 23:43:14:400

I can't connect with the passive [192.168.100.113/5000] error_code:10061 !

<<<----  [OUT]
2020/11/03 23:43:16:886

Connecting Started...

<<<----  [OUT]
2020/11/03 23:43:18:915

I can't connect with the passive [192.168.100.113/5000] error_code:10061 !

<<<----  [OUT]
2020/11/03 23:43:21:401

Connecting Started...

<<<----  [OUT]
2020/11/03 23:43:23:437

I can't connect with the passive [192.168.100.113/5000] error_code:10061 !

<<<----  [OUT]
2020/11/03 23:43:25:916

Connecting Started...

<<<----  [OUT]
2020/11/03 23:43:27:971

I can't connect with the passive [192.168.100.113/5000] error_code:10061 !

<<<----  [OUT]
2020/11/03 23:43:30:448

Connecting Started...

<<<----  [OUT]
2020/11/03 23:43:32:487

I can't connect with the passive [192.168.100.113/5000] error_code:10061 !

<<<----  [OUT]
2020/11/03 23:43:34:963

Connecting Started...

<<<----  [OUT]
2020/11/03 23:43:37:007

I can't connect with the passive [192.168.100.113/5000] error_code:10061 !

<<<----  [OUT]
2020/11/03 23:43:39:495

Connecting Started...

<<<----  [OUT]
2020/11/03 23:43:41:533

I can't connect with the passive [192.168.100.113/5000] error_code:10061 !

<<<----  [OUT]
2020/11/03 23:43:44:011

Connecting Started...

<<<----  [OUT]
2020/11/03 23:43:46:048

I can't connect with the passive [192.168.100.113/5000] error_code:10061 !

<<<----  [OUT]
2020/11/03 23:43:48:526

Connecting Started...

<<<----  [OUT]
2020/11/03 23:43:50:575

I can't connect with the passive [192.168.100.113/5000] error_code:10061 !

<<<----  [OUT]
2020/11/03 23:43:53:058

Connecting Started...

<<<----  [OUT]
2020/11/03 23:43:55:113

I can't connect with the passive [192.168.100.113/5000] error_code:10061 !

<<<----  [OUT]
2020/11/03 23:43:57:606

Connecting Started...

<<<----  [OUT]
2020/11/03 23:43:59:658

I can't connect with the passive [192.168.100.113/5000] error_code:10061 !

<<<----  [OUT]
2020/11/03 23:44:02:137

Connecting Started...

<<<----  [OUT]
2020/11/03 23:44:04:174

I can't connect with the passive [192.168.100.113/5000] error_code:10061 !

<<<----  [OUT]
2020/11/03 23:44:06:651

Connecting Started...

<<<----  [OUT]
2020/11/03 23:44:08:688

I can't connect with the passive [192.168.100.113/5000] error_code:10061 !

<<<----  [OUT]
2020/11/03 23:44:11:167

Connecting Started...

<<<----  [OUT]
2020/11/03 23:44:13:211

I can't connect with the passive [192.168.100.113/5000] error_code:10061 !

<<<----  [OUT]
2020/11/03 23:44:15:699

Connecting Started...

<<<----  [OUT]
2020/11/03 23:44:17:742

I can't connect with the passive [192.168.100.113/5000] error_code:10061 !

<<<----  [OUT]
2020/11/03 23:44:20:230

Connecting Started...

<<<----  [OUT]
2020/11/03 23:44:22:290

I can't connect with the passive [192.168.100.113/5000] error_code:10061 !

<<<----  [OUT]
2020/11/03 23:44:24:776

Connecting Started...

<<<----  [OUT]
2020/11/03 23:44:26:821

I can't connect with the passive [192.168.100.113/5000] error_code:10061 !

<<<----  [OUT]
2020/11/03 23:44:29:308

Connecting Started...

<<<----  [OUT]
2020/11/03 23:44:31:353

I can't connect with the passive [192.168.100.113/5000] error_code:10061 !

<<<----  [OUT]
2020/11/03 23:44:33:839

Connecting Started...

<<<----  [OUT]
2020/11/03 23:44:35:881

I can't connect with the passive [192.168.100.113/5000] error_code:10061 !

<<<----  [OUT]
2020/11/03 23:44:38:370

Connecting Started...

<<<----  [OUT]
2020/11/03 23:44:40:425

I can't connect with the passive [192.168.100.113/5000] error_code:10061 !

<<<----  [OUT]
2020/11/03 23:44:42:902

Connecting Started...

<<<----  [OUT]
2020/11/03 23:44:44:950

I can't connect with the passive [192.168.100.113/5000] error_code:10061 !

<<<----  [OUT]
2020/11/03 23:44:47:433

Connecting Started...

<<<----  [OUT]
2020/11/03 23:44:49:483

I can't connect with the passive [192.168.100.113/5000] error_code:10061 !

<<<----  [OUT]
2020/11/03 23:44:51:964

Connecting Started...

<<<----  [OUT]
2020/11/03 23:44:54:023

I can't connect with the passive [192.168.100.113/5000] error_code:10061 !

<<<----  [OUT]
2020/11/03 23:44:56:510

Connecting Started...

<<<----  [OUT]
2020/11/03 23:44:58:573

I can't connect with the passive [192.168.100.113/5000] error_code:10061 !

<<<----  [OUT]
2020/11/03 23:45:01:057

Connecting Started...

<<<----  [OUT]
2020/11/03 23:45:03:112

I can't connect with the passive [192.168.100.113/5000] error_code:10061 !

<<<----  [OUT]
2020/11/03 23:45:05:589

Connecting Started...

<<<----  [OUT]
2020/11/03 23:45:07:656

I can't connect with the passive [192.168.100.113/5000] error_code:10061 !

<<<----  [OUT]
2020/11/03 23:45:10:137

Connecting Started...

<<<----  [OUT]
2020/11/03 23:45:12:183

I can't connect with the passive [192.168.100.113/5000] error_code:10061 !

<<<----  [OUT]
2020/11/03 23:45:14:667

Connecting Started...

<<<----  [OUT]
2020/11/03 23:45:16:725

I can't connect with the passive [192.168.100.113/5000] error_code:10061 !

<<<----  [OUT]
2020/11/03 23:45:19:214

Connecting Started...

<<<----  [OUT]
2020/11/03 23:45:21:278

I can't connect with the passive [192.168.100.113/5000] error_code:10061 !

<<<----  [OUT]
2020/11/03 23:45:23:761

Connecting Started...

<<<----  [OUT]
2020/11/03 23:45:25:825

I can't connect with the passive [192.168.100.113/5000] error_code:10061 !

<<<----  [OUT]
2020/11/03 23:45:28:307

Connecting Started...

<<<----  [OUT]
2020/11/03 23:45:30:352

I can't connect with the passive [192.168.100.113/5000] error_code:10061 !

<<<----  [OUT]
2020/11/03 23:45:32:839

Connecting Started...

<<<----  [OUT]
2020/11/03 23:45:34:888

I can't connect with the passive [192.168.100.113/5000] error_code:10061 !

<<<----  [OUT]
2020/11/03 23:45:37:370

Connecting Started...

<<<----  [OUT]
2020/11/03 23:45:39:415

I can't connect with the passive [192.168.100.113/5000] error_code:10061 !

<<<----  [OUT]
2020/11/03 23:45:41:901

Connecting Started...

<<<----  [OUT]
2020/11/03 23:45:43:950

I can't connect with the passive [192.168.100.113/5000] error_code:10061 !

<<<----  [OUT]
2020/11/03 23:45:46:432

Connecting Started...

<<<----  [OUT]
2020/11/03 23:45:48:495

I can't connect with the passive [192.168.100.113/5000] error_code:10061 !

<<<----  [OUT]
2020/11/03 23:45:50:981

Connecting Started...

<<<----  [OUT]
2020/11/03 23:45:53:043

I can't connect with the passive [192.168.100.113/5000] error_code:10061 !

<<<----  [OUT]
2020/11/03 23:45:55:527

Connecting Started...

<<<----  [OUT]
2020/11/03 23:45:57:569

I can't connect with the passive [192.168.100.113/5000] error_code:10061 !

<<<----  [OUT]
2020/11/03 23:46:00:057

Connecting Started...

<<<----  [OUT]
2020/11/03 23:46:02:102

I can't connect with the passive [192.168.100.113/5000] error_code:10061 !

<<<----  [OUT]
2020/11/03 23:46:04:588

Connecting Started...

<<<----  [OUT]
2020/11/03 23:46:06:630

I can't connect with the passive [192.168.100.113/5000] error_code:10061 !

<<<----  [OUT]
2020/11/03 23:46:09:120

Connecting Started...

<<<----  [OUT]
2020/11/03 23:46:11:176

I can't connect with the passive [192.168.100.113/5000] error_code:10061 !

<<<----  [OUT]
2020/11/03 23:46:13:668

Connecting Started...

<<<----  [OUT]
2020/11/03 23:46:15:711

I can't connect with the passive [192.168.100.113/5000] error_code:10061 !

<<<----  [OUT]
2020/11/03 23:46:18:198

Connecting Started...

<<<----  [OUT]
2020/11/03 23:46:20:253

I can't connect with the passive [192.168.100.113/5000] error_code:10061 !

<<<----  [OUT]
2020/11/03 23:46:22:731

Connecting Started...

<<<----  [OUT]
2020/11/03 23:46:24:786

I can't connect with the passive [192.168.100.113/5000] error_code:10061 !

<<<----  [OUT]
2020/11/03 23:46:27:278

Connecting Started...

<<<----  [OUT]
2020/11/03 23:46:29:336

I can't connect with the passive [192.168.100.113/5000] error_code:10061 !

<<<----  [OUT]
2020/11/03 23:46:31:824

Connecting Started...

<<<----  [OUT]
2020/11/03 23:46:33:879

I can't connect with the passive [192.168.100.113/5000] error_code:10061 !

<<<----  [OUT]
2020/11/03 23:46:36:370

Connecting Started...

<<<----  [OUT]
2020/11/03 23:46:38:428

I can't connect with the passive [192.168.100.113/5000] error_code:10061 !

<<<----  [OUT]
2020/11/03 23:46:40:917

Connecting Started...

<<<----  [OUT]
2020/11/03 23:46:42:961

I can't connect with the passive [192.168.100.113/5000] error_code:10061 !

<<<----  [OUT]
2020/11/03 23:46:45:449

Connecting Started...

<<<----  [OUT]
2020/11/03 23:46:47:485

I can't connect with the passive [192.168.100.113/5000] error_code:10061 !

<<<----  [OUT]
2020/11/03 23:46:49:965

Connecting Started...

<<<----  [OUT]
2020/11/03 23:46:52:010

I can't connect with the passive [192.168.100.113/5000] error_code:10061 !

<<<----  [OUT]
2020/11/03 23:46:54:496

Connecting Started...

<<<----  [OUT]
2020/11/03 23:46:56:543

I can't connect with the passive [192.168.100.113/5000] error_code:10061 !

<<<----  [OUT]
2020/11/03 23:46:59:027

Connecting Started...

<<<----  [OUT]
2020/11/03 23:47:01:062

I can't connect with the passive [192.168.100.113/5000] error_code:10061 !

<<<----  [OUT]
2020/11/03 23:47:03:543

Connecting Started...

<<<----  [OUT]
2020/11/03 23:47:05:586

I can't connect with the passive [192.168.100.113/5000] error_code:10061 !

<<<----  [OUT]
2020/11/03 23:47:08:072

Connecting Started...

<<<----  [OUT]
2020/11/03 23:47:10:133

I can't connect with the passive [192.168.100.113/5000] error_code:10061 !

<<<----  [OUT]
2020/11/03 23:47:12:620

Connecting Started...

<<<----  [OUT]
2020/11/03 23:47:14:690

I can't connect with the passive [192.168.100.113/5000] error_code:10061 !

<<<----  [OUT]
2020/11/03 23:47:17:168

Connecting Started...

<<<----  [OUT]
2020/11/03 23:47:19:244

I can't connect with the passive [192.168.100.113/5000] error_code:10061 !

<<<----  [OUT]
2020/11/03 23:47:21:730

Connecting Started...

<<<----  [OUT]
2020/11/03 23:47:23:802

I can't connect with the passive [192.168.100.113/5000] error_code:10061 !

<<<----  [OUT]
2020/11/03 23:47:26:293

Connecting Started...

<<<----  [OUT]
2020/11/03 23:47:28:353

I can't connect with the passive [192.168.100.113/5000] error_code:10061 !

<<<----  [OUT]
2020/11/03 23:47:30:840

Connecting Started...

<<<----  [OUT]
2020/11/03 23:47:32:904

I can't connect with the passive [192.168.100.113/5000] error_code:10061 !

<<<----  [OUT]
2020/11/03 23:47:35:386

Connecting Started...

<<<----  [OUT]
2020/11/03 23:47:37:438

I can't connect with the passive [192.168.100.113/5000] error_code:10061 !

<<<----  [OUT]
2020/11/03 23:47:39:918

Connecting Started...

<<<----  [OUT]
2020/11/03 23:47:41:963

I can't connect with the passive [192.168.100.113/5000] error_code:10061 !

<<<----  [OUT]
2020/11/03 23:47:44:449

Connecting Started...

<<<----  [OUT]
2020/11/03 23:47:46:490

I can't connect with the passive [192.168.100.113/5000] error_code:10061 !

<<<----  [OUT]
2020/11/03 23:47:48:979

Connecting Started...

<<<----  [OUT]
2020/11/03 23:47:51:041

I can't connect with the passive [192.168.100.113/5000] error_code:10061 !

<<<----  [OUT]
2020/11/03 23:47:53:526

Connecting Started...

<<<----  [OUT]
2020/11/03 23:47:55:578

I can't connect with the passive [192.168.100.113/5000] error_code:10061 !

<<<----  [OUT]
2020/11/03 23:47:58:058

Connecting Started...

<<<----  [OUT]
2020/11/03 23:48:00:115

I can't connect with the passive [192.168.100.113/5000] error_code:10061 !

<<<----  [OUT]
2020/11/03 23:48:02:605

Connecting Started...

<<<----  [OUT]
2020/11/03 23:48:04:671

I can't connect with the passive [192.168.100.113/5000] error_code:10061 !

<<<----  [OUT]
2020/11/03 23:48:07:152

Connecting Started...

<<<----  [OUT]
2020/11/03 23:48:09:217

I can't connect with the passive [192.168.100.113/5000] error_code:10061 !

<<<----  [OUT]
2020/11/03 23:48:11:698

Connecting Started...

<<<----  [OUT]
2020/11/03 23:48:13:765

I can't connect with the passive [192.168.100.113/5000] error_code:10061 !

<<<----  [OUT]
2020/11/03 23:48:16:245

Connecting Started...

<<<----  [OUT]
2020/11/03 23:48:18:296

I can't connect with the passive [192.168.100.113/5000] error_code:10061 !

<<<----  [OUT]
2020/11/03 23:48:20:777

Connecting Started...

<<<----  [OUT]
2020/11/03 23:48:22:813

I can't connect with the passive [192.168.100.113/5000] error_code:10061 !

<<<----  [OUT]
2020/11/03 23:48:25:292

Connecting Started...

<<<----  [OUT]
2020/11/03 23:48:27:347

I can't connect with the passive [192.168.100.113/5000] error_code:10061 !

<<<----  [OUT]
2020/11/03 23:48:29:823

Connecting Started...

<<<----  [OUT]
2020/11/03 23:48:31:856

I can't connect with the passive [192.168.100.113/5000] error_code:10061 !

<<<----  [OUT]
2020/11/03 23:48:34:339

Connecting Started...

<<<----  [OUT]
2020/11/03 23:48:36:397

I can't connect with the passive [192.168.100.113/5000] error_code:10061 !

<<<----  [OUT]
2020/11/03 23:48:38:887

Connecting Started...

<<<----  [OUT]
2020/11/03 23:48:40:935

I can't connect with the passive [192.168.100.113/5000] error_code:10061 !

<<<----  [OUT]
2020/11/03 23:48:43:417

Connecting Started...

<<<----  [OUT]
2020/11/03 23:48:45:450

I can't connect with the passive [192.168.100.113/5000] error_code:10061 !

<<<----  [OUT]
2020/11/03 23:48:47:934

Connecting Started...

<<<----  [OUT]
2020/11/03 23:48:49:975

I can't connect with the passive [192.168.100.113/5000] error_code:10061 !

<<<----  [OUT]
2020/11/03 23:48:52:464

Connecting Started...

<<<----  [OUT]
2020/11/03 23:48:54:518

I can't connect with the passive [192.168.100.113/5000] error_code:10061 !

<<<----  [OUT]
2020/11/03 23:48:56:995

Connecting Started...

<<<----  [OUT]
2020/11/03 23:48:59:056

I can't connect with the passive [192.168.100.113/5000] error_code:10061 !

<<<----  [OUT]
2020/11/03 23:49:01:543

Connecting Started...

<<<----  [OUT]
2020/11/03 23:49:03:599

I can't connect with the passive [192.168.100.113/5000] error_code:10061 !

<<<----  [OUT]
2020/11/03 23:49:06:090

Connecting Started...

<<<----  [OUT]
2020/11/03 23:49:08:145

I can't connect with the passive [192.168.100.113/5000] error_code:10061 !

<<<----  [OUT]
2020/11/03 23:49:10:636

Connecting Started...

<<<----  [OUT]
2020/11/03 23:49:12:684

I can't connect with the passive [192.168.100.113/5000] error_code:10061 !

<<<----  [OUT]
2020/11/03 23:49:15:167

Connecting Started...

<<<----  [OUT]
2020/11/03 23:49:17:215

I can't connect with the passive [192.168.100.113/5000] error_code:10061 !

<<<----  [OUT]
2020/11/03 23:49:19:699

Connecting Started...

<<<----  [OUT]
2020/11/03 23:49:21:726

I can't connect with the passive [192.168.100.113/5000] error_code:10061 !

<<<----  [OUT]
2020/11/03 23:49:24:214

Connecting Started...

<<<----  [OUT]
2020/11/03 23:49:26:252

I can't connect with the passive [192.168.100.113/5000] error_code:10061 !

<<<----  [OUT]
2020/11/03 23:49:28:729

Connecting Started...

<<<----  [OUT]
2020/11/03 23:49:30:767

I can't connect with the passive [192.168.100.113/5000] error_code:10061 !

<<<----  [OUT]
2020/11/03 23:49:33:245

Connecting Started...

<<<----  [OUT]
2020/11/03 23:49:35:289

I can't connect with the passive [192.168.100.113/5000] error_code:10061 !

<<<----  [OUT]
2020/11/03 23:49:37:777

Connecting Started...

<<<----  [OUT]
2020/11/03 23:49:39:816

I can't connect with the passive [192.168.100.113/5000] error_code:10061 !

<<<----  [OUT]
2020/11/03 23:49:42:292

Connecting Started...

<<<----  [OUT]
2020/11/03 23:49:44:327

I can't connect with the passive [192.168.100.113/5000] error_code:10061 !

<<<----  [OUT]
2020/11/03 23:49:46:807

Connecting Started...

<<<----  [OUT]
2020/11/03 23:49:48:852

I can't connect with the passive [192.168.100.113/5000] error_code:10061 !

<<<----  [OUT]
2020/11/03 23:49:51:340

Connecting Started...

<<<----  [OUT]
2020/11/03 23:49:53:386

I can't connect with the passive [192.168.100.113/5000] error_code:10061 !

<<<----  [OUT]
2020/11/03 23:49:55:871

Connecting Started...

<<<----  [OUT]
2020/11/03 23:49:57:914

I can't connect with the passive [192.168.100.113/5000] error_code:10061 !

<<<----  [OUT]
2020/11/03 23:50:00:402

Connecting Started...

<<<----  [OUT]
2020/11/03 23:50:02:446

I can't connect with the passive [192.168.100.113/5000] error_code:10061 !

<<<----  [OUT]
2020/11/03 23:50:04:932

Connecting Started...

<<<----  [OUT]
2020/11/03 23:50:06:986

I can't connect with the passive [192.168.100.113/5000] error_code:10061 !

<<<----  [OUT]
2020/11/03 23:50:09:464

Connecting Started...

<<<----  [OUT]
2020/11/03 23:50:11:509

I can't connect with the passive [192.168.100.113/5000] error_code:10061 !

<<<----  [OUT]
2020/11/03 23:50:13:995

Connecting Started...

<<<----  [OUT]
2020/11/03 23:50:16:043

I can't connect with the passive [192.168.100.113/5000] error_code:10061 !

<<<----  [OUT]
2020/11/03 23:50:18:527

Connecting Started...

<<<----  [OUT]
2020/11/03 23:50:20:570

I can't connect with the passive [192.168.100.113/5000] error_code:10061 !

<<<----  [OUT]
2020/11/03 23:50:23:057

Connecting Started...

<<<----  [OUT]
2020/11/03 23:50:25:104

I can't connect with the passive [192.168.100.113/5000] error_code:10061 !

<<<----  [OUT]
2020/11/03 23:50:27:589

Connecting Started...

<<<----  [OUT]
2020/11/03 23:50:29:633

I can't connect with the passive [192.168.100.113/5000] error_code:10061 !

<<<----  [OUT]
2020/11/03 23:50:32:120

Connecting Started...

<<<----  [OUT]
2020/11/03 23:50:34:170

I can't connect with the passive [192.168.100.113/5000] error_code:10061 !

<<<----  [OUT]
2020/11/03 23:50:36:651

Connecting Started...

<<<----  [OUT]
2020/11/03 23:50:38:700

I can't connect with the passive [192.168.100.113/5000] error_code:10061 !

<<<----  [OUT]
2020/11/03 23:50:41:183

Connecting Started...

<<<----  [OUT]
2020/11/03 23:50:43:228

I can't connect with the passive [192.168.100.113/5000] error_code:10061 !

<<<----  [OUT]
2020/11/03 23:50:45:715

Connecting Started...

<<<----  [OUT]
2020/11/03 23:50:47:758

I can't connect with the passive [192.168.100.113/5000] error_code:10061 !

<<<----  [OUT]
2020/11/03 23:50:50:246

Connecting Started...

<<<----  [OUT]
2020/11/03 23:50:52:293

I can't connect with the passive [192.168.100.113/5000] error_code:10061 !

<<<----  [OUT]
2020/11/03 23:50:54:776

Connecting Started...

<<<----  [OUT]
2020/11/03 23:56:43:843

---------------------------------------------------------------------
// FA : Start Log ...


<<<----  [OUT]
2020/11/03 23:56:43:846

//-------------------------------------------------------------
Property Information

   Driver Type [HSMS]
   Driver Mode [ACTIVE]
   IP    [192.168.100.113]
   Port  [5000]
//-------------------------------------------------------------


<<<----  [OUT]
2020/11/03 23:56:44:448

Auto-Start Started ... (Active)

<<<----  [OUT]
2020/11/03 23:56:44:539

Auto-Start Started ...  Waiting Stop-Connection.

<<<----  [OUT]
2020/11/03 23:56:44:539

Auto-Start Started ...  Waiting Open-Socket.

<<<----  [OUT]
2020/11/03 23:56:44:569

Socket Open Started...

<<<----  [OUT]
2020/11/03 23:56:44:569

Socket Open Completed...

<<<----  [OUT]
2020/11/03 23:56:44:569

Connecting Started...

<<<----  [OUT]
2020/11/03 23:56:44:630

Auto-Start Completed ...  (Active)

<<<----  [OUT]
2020/11/03 23:56:46:642

I can't connect with the passive [192.168.100.113/5000] error_code:10061 !

<<<----  [OUT]
2020/11/03 23:56:49:121

Connecting Started...

<<<----  [OUT]
2020/11/03 23:56:51:183

I can't connect with the passive [192.168.100.113/5000] error_code:10061 !

<<<----  [OUT]
2020/11/03 23:56:53:667

Connecting Started...

<<<----  [OUT]
2020/11/03 23:56:55:715

I can't connect with the passive [192.168.100.113/5000] error_code:10061 !

<<<----  [OUT]
2020/11/03 23:56:58:198

Connecting Started...

<<<----  [OUT]
2020/11/03 23:57:00:236

I can't connect with the passive [192.168.100.113/5000] error_code:10061 !

<<<----  [OUT]
2020/11/03 23:57:02:715

Connecting Started...

<<<----  [OUT]
2020/11/03 23:57:04:763

I can't connect with the passive [192.168.100.113/5000] error_code:10061 !

<<<----  [OUT]
2020/11/03 23:57:07:246

Connecting Started...

<<<----  [OUT]
2020/11/03 23:57:09:303

I can't connect with the passive [192.168.100.113/5000] error_code:10061 !

<<<----  [OUT]
2020/11/03 23:57:11:792

Connecting Started...

<<<----  [OUT]
2020/11/03 23:57:13:853

I can't connect with the passive [192.168.100.113/5000] error_code:10061 !

<<<----  [OUT]
2020/11/03 23:57:16:339

Connecting Started...

<<<----  [OUT]
2020/11/03 23:57:18:390

I can't connect with the passive [192.168.100.113/5000] error_code:10061 !

<<<----  [OUT]
2020/11/03 23:57:20:871

Connecting Started...

<<<----  [OUT]
2020/11/03 23:57:22:923

I can't connect with the passive [192.168.100.113/5000] error_code:10061 !

<<<----  [OUT]
2020/11/03 23:57:25:402

Connecting Started...

<<<----  [OUT]
2020/11/03 23:57:27:451

I can't connect with the passive [192.168.100.113/5000] error_code:10061 !

<<<----  [OUT]
2020/11/03 23:57:29:934

Connecting Started...

<<<----  [OUT]
2020/11/03 23:57:31:989

I can't connect with the passive [192.168.100.113/5000] error_code:10061 !

<<<----  [OUT]
2020/11/03 23:57:34:480

Connecting Started...

<<<----  [OUT]
2020/11/03 23:57:36:537

I can't connect with the passive [192.168.100.113/5000] error_code:10061 !

<<<----  [OUT]
2020/11/03 23:57:39:027

Connecting Started...

<<<----  [OUT]
2020/11/03 23:57:41:070

I can't connect with the passive [192.168.100.113/5000] error_code:10061 !

<<<----  [OUT]
2020/11/03 23:57:43:557

Connecting Started...

<<<----  [OUT]
2020/11/03 23:57:45:602

I can't connect with the passive [192.168.100.113/5000] error_code:10061 !

<<<----  [OUT]
2020/11/03 23:57:48:090

Connecting Started...

<<<----  [OUT]
2020/11/03 23:57:50:146

I can't connect with the passive [192.168.100.113/5000] error_code:10061 !

<<<----  [OUT]
2020/11/03 23:57:52:637

Connecting Started...

<<<----  [OUT]
2020/11/03 23:57:54:697

I can't connect with the passive [192.168.100.113/5000] error_code:10061 !

<<<----  [OUT]
2020/11/03 23:57:57:183

Connecting Started...

<<<----  [OUT]
2020/11/03 23:57:59:237

I can't connect with the passive [192.168.100.113/5000] error_code:10061 !

<<<----  [OUT]
2020/11/03 23:58:01:714

Connecting Started...

<<<----  [OUT]
2020/11/03 23:58:03:741

I can't connect with the passive [192.168.100.113/5000] error_code:10061 !

<<<----  [OUT]
2020/11/03 23:58:06:230

Connecting Started...

<<<----  [OUT]
2020/11/03 23:58:08:258

I can't connect with the passive [192.168.100.113/5000] error_code:10061 !

<<<----  [OUT]
2020/11/03 23:58:10:745

Connecting Started...

<<<----  [OUT]
2020/11/03 23:58:12:800

I can't connect with the passive [192.168.100.113/5000] error_code:10061 !

<<<----  [OUT]
2020/11/03 23:58:15:276

Connecting Started...

<<<----  [OUT]
2020/11/03 23:58:17:312

I can't connect with the passive [192.168.100.113/5000] error_code:10061 !

<<<----  [OUT]
2020/11/03 23:58:19:791

Connecting Started...

<<<----  [OUT]
2020/11/03 23:58:21:856

I can't connect with the passive [192.168.100.113/5000] error_code:10061 !

<<<----  [OUT]
2020/11/03 23:58:24:338

Connecting Started...

<<<----  [OUT]
2020/11/03 23:58:26:383

I can't connect with the passive [192.168.100.113/5000] error_code:10061 !

<<<----  [OUT]
2020/11/03 23:58:28:870

Connecting Started...

<<<----  [OUT]
2020/11/03 23:58:30:918

I can't connect with the passive [192.168.100.113/5000] error_code:10061 !

<<<----  [OUT]
2020/11/03 23:58:33:402

Connecting Started...

<<<----  [OUT]
2020/11/03 23:58:35:449

I can't connect with the passive [192.168.100.113/5000] error_code:10061 !

<<<----  [OUT]
2020/11/03 23:58:37:934

Connecting Started...

<<<----  [OUT]
2020/11/03 23:58:39:980

I can't connect with the passive [192.168.100.113/5000] error_code:10061 !

<<<----  [OUT]
2020/11/03 23:58:42:464

Connecting Started...

<<<----  [OUT]
2020/11/03 23:58:44:520

I can't connect with the passive [192.168.100.113/5000] error_code:10061 !

<<<----  [OUT]
2020/11/03 23:58:47:011

Connecting Started...

<<<----  [OUT]
2020/11/03 23:58:49:065

I can't connect with the passive [192.168.100.113/5000] error_code:10061 !

<<<----  [OUT]
2020/11/03 23:58:51:541

Connecting Started...

<<<----  [OUT]
2020/11/03 23:58:53:603

I can't connect with the passive [192.168.100.113/5000] error_code:10061 !

<<<----  [OUT]
2020/11/03 23:58:56:088

Connecting Started...

<<<----  [OUT]
2020/11/03 23:58:58:140

I can't connect with the passive [192.168.100.113/5000] error_code:10061 !

<<<----  [OUT]
2020/11/03 23:59:00:621

Connecting Started...

<<<----  [OUT]
2020/11/03 23:59:02:673

I can't connect with the passive [192.168.100.113/5000] error_code:10061 !

<<<----  [OUT]
2020/11/03 23:59:05:151

Connecting Started...

<<<----  [OUT]
2020/11/03 23:59:07:198

I can't connect with the passive [192.168.100.113/5000] error_code:10061 !

<<<----  [OUT]
2020/11/03 23:59:09:682

Connecting Started...

<<<----  [OUT]
2020/11/03 23:59:11:730

I can't connect with the passive [192.168.100.113/5000] error_code:10061 !

<<<----  [OUT]
2020/11/03 23:59:14:214

Connecting Started...

<<<----  [OUT]
2020/11/03 23:59:16:273

I can't connect with the passive [192.168.100.113/5000] error_code:10061 !

<<<----  [OUT]
2020/11/03 23:59:18:760

Connecting Started...

<<<----  [OUT]
2020/11/03 23:59:20:813

I can't connect with the passive [192.168.100.113/5000] error_code:10061 !

<<<----  [OUT]
2020/11/03 23:59:23:292

Connecting Started...

<<<----  [OUT]
2020/11/03 23:59:25:340

I can't connect with the passive [192.168.100.113/5000] error_code:10061 !

<<<----  [OUT]
2020/11/03 23:59:27:824

Connecting Started...

<<<----  [OUT]
2020/11/03 23:59:29:868

I can't connect with the passive [192.168.100.113/5000] error_code:10061 !

<<<----  [OUT]
2020/11/03 23:59:32:355

Connecting Started...

<<<----  [OUT]
2020/11/03 23:59:34:407

I can't connect with the passive [192.168.100.113/5000] error_code:10061 !

<<<----  [OUT]
2020/11/03 23:59:36:887

Connecting Started...

<<<----  [OUT]
2020/11/03 23:59:38:929

I can't connect with the passive [192.168.100.113/5000] error_code:10061 !

<<<----  [OUT]
2020/11/03 23:59:41:417

Connecting Started...

<<<----  [OUT]
2020/11/03 23:59:43:468

I can't connect with the passive [192.168.100.113/5000] error_code:10061 !

<<<----  [OUT]
2020/11/03 23:59:45:949

Connecting Started...

<<<----  [OUT]
2020/11/03 23:59:48:008

I can't connect with the passive [192.168.100.113/5000] error_code:10061 !

<<<----  [OUT]
2020/11/03 23:59:50:496

Connecting Started...

<<<----  [OUT]
2020/11/03 23:59:52:561

I can't connect with the passive [192.168.100.113/5000] error_code:10061 !

<<<----  [OUT]
2020/11/03 23:59:55:042

Connecting Started...

<<<----  [OUT]
2020/11/03 23:59:57:104

I can't connect with the passive [192.168.100.113/5000] error_code:10061 !

<<<----  [OUT]
2020/11/03 23:59:59:589

Connecting Started...
