
<<<----  [OUT]
2020/11/03 18:59:12:159

---------------------------------------------------------------------
// FA : Start Log ...


<<<----  [OUT]
2020/11/03 18:59:12:162

//-------------------------------------------------------------
Property Information

   Driver Type [HSMS]
   Driver Mode [ACTIVE]
   IP    [192.168.100.113]
   Port  [5000]
//-------------------------------------------------------------


<<<----  [OUT]
2020/11/03 18:59:12:764

Auto-Start Started ... (Active)

<<<----  [OUT]
2020/11/03 18:59:12:855

Auto-Start Started ...  Waiting Stop-Connection.

<<<----  [OUT]
2020/11/03 18:59:12:855

Auto-Start Started ...  Waiting Open-Socket.

<<<----  [OUT]
2020/11/03 18:59:12:885

Socket Open Started...

<<<----  [OUT]
2020/11/03 18:59:12:885

Socket Open Completed...

<<<----  [OUT]
2020/11/03 18:59:12:885

Connecting Started...

<<<----  [OUT]
2020/11/03 18:59:12:946

Auto-Start Completed ...  (Active)

<<<----  [OUT]
2020/11/03 18:59:14:943

I can't connect with the passive [192.168.100.113/5000] error_code:10061 !

<<<----  [OUT]
2020/11/03 18:59:17:433

Connecting Started...

<<<----  [OUT]
2020/11/03 18:59:19:483

I can't connect with the passive [192.168.100.113/5000] error_code:10061 !

<<<----  [OUT]
2020/11/03 18:59:21:964

Connecting Started...

<<<----  [OUT]
2020/11/03 18:59:24:012

I can't connect with the passive [192.168.100.113/5000] error_code:10061 !

<<<----  [OUT]
2020/11/03 18:59:26:495

Connecting Started...

<<<----  [OUT]
2020/11/03 18:59:28:552

I can't connect with the passive [192.168.100.113/5000] error_code:10061 !

<<<----  [OUT]
2020/11/03 18:59:31:042

Connecting Started...

<<<----  [OUT]
2020/11/03 18:59:33:083

I can't connect with the passive [192.168.100.113/5000] error_code:10061 !

<<<----  [OUT]
2020/11/03 18:59:35:573

Connecting Started...

<<<----  [OUT]
2020/11/03 18:59:37:615

I can't connect with the passive [192.168.100.113/5000] error_code:10061 !

<<<----  [OUT]
2020/11/03 18:59:40:104

Connecting Started...

<<<----  [OUT]
2020/11/03 18:59:42:151

I can't connect with the passive [192.168.100.113/5000] error_code:10061 !

<<<----  [OUT]
2020/11/03 18:59:44:637

Connecting Started...

<<<----  [OUT]
2020/11/03 18:59:46:689

I can't connect with the passive [192.168.100.113/5000] error_code:10061 !

<<<----  [OUT]
2020/11/03 18:59:49:167

Connecting Started...

<<<----  [OUT]
2020/11/03 18:59:51:231

I can't connect with the passive [192.168.100.113/5000] error_code:10061 !

<<<----  [OUT]
2020/11/03 18:59:53:715

Connecting Started...

<<<----  [OUT]
2020/11/03 18:59:55:760

I can't connect with the passive [192.168.100.113/5000] error_code:10061 !

<<<----  [OUT]
2020/11/03 18:59:58:246

Connecting Started...
