
<<<----  [OUT]
2020/11/03 21:30:25:719

---------------------------------------------------------------------
// FA : Start Log ...


<<<----  [OUT]
2020/11/03 21:30:25:723

//-------------------------------------------------------------
Property Information

   Driver Type [HSMS]
   Driver Mode [ACTIVE]
   IP    [192.168.100.113]
   Port  [5000]
//-------------------------------------------------------------


<<<----  [OUT]
2020/11/03 21:30:26:324

Auto-Start Started ... (Active)

<<<----  [OUT]
2020/11/03 21:30:26:415

Auto-Start Started ...  Waiting Stop-Connection.

<<<----  [OUT]
2020/11/03 21:30:26:415

Auto-Start Started ...  Waiting Open-Socket.

<<<----  [OUT]
2020/11/03 21:30:26:445

Socket Open Started...

<<<----  [OUT]
2020/11/03 21:30:26:445

Socket Open Completed...

<<<----  [OUT]
2020/11/03 21:30:26:445

Connecting Started...

<<<----  [OUT]
2020/11/03 21:30:26:506

Auto-Start Completed ...  (Active)

<<<----  [OUT]
2020/11/03 21:30:28:487

I can't connect with the passive [192.168.100.113/5000] error_code:10061 !

<<<----  [OUT]
2020/11/03 21:30:30:964

Connecting Started...

<<<----  [OUT]
2020/11/03 21:30:33:013

I can't connect with the passive [192.168.100.113/5000] error_code:10061 !

<<<----  [OUT]
2020/11/03 21:30:35:496

Connecting Started...

<<<----  [OUT]
2020/11/03 21:30:37:548

I can't connect with the passive [192.168.100.113/5000] error_code:10061 !

<<<----  [OUT]
2020/11/03 21:30:40:027

Connecting Started...

<<<----  [OUT]
2020/11/03 21:30:42:070

I can't connect with the passive [192.168.100.113/5000] error_code:10061 !

<<<----  [OUT]
2020/11/03 21:30:44:558

Connecting Started...

<<<----  [OUT]
2020/11/03 21:30:46:617

I can't connect with the passive [192.168.100.113/5000] error_code:10061 !

<<<----  [OUT]
2020/11/03 21:30:49:106

Connecting Started...

<<<----  [OUT]
2020/11/03 21:30:51:159

I can't connect with the passive [192.168.100.113/5000] error_code:10061 !

<<<----  [OUT]
2020/11/03 21:30:53:635

Connecting Started...

<<<----  [OUT]
2020/11/03 21:30:55:682

I can't connect with the passive [192.168.100.113/5000] error_code:10061 !

<<<----  [OUT]
2020/11/03 21:30:58:166

Connecting Started...

<<<----  [OUT]
2020/11/03 21:31:00:226

I can't connect with the passive [192.168.100.113/5000] error_code:10061 !

<<<----  [OUT]
2020/11/03 21:31:02:714

Connecting Started...

<<<----  [OUT]
2020/11/03 21:31:04:774

I can't connect with the passive [192.168.100.113/5000] error_code:10061 !

<<<----  [OUT]
2020/11/03 21:31:07:261

Connecting Started...

<<<----  [OUT]
2020/11/03 21:31:09:304

I can't connect with the passive [192.168.100.113/5000] error_code:10061 !

<<<----  [OUT]
2020/11/03 21:31:11:793

Connecting Started...

<<<----  [OUT]
2020/11/03 21:31:13:853

I can't connect with the passive [192.168.100.113/5000] error_code:10061 !

<<<----  [OUT]
2020/11/03 21:31:16:339

Connecting Started...

<<<----  [OUT]
2020/11/03 21:31:18:386

I can't connect with the passive [192.168.100.113/5000] error_code:10061 !

<<<----  [OUT]
2020/11/03 21:31:20:870

Connecting Started...

<<<----  [OUT]
2020/11/03 21:31:22:909

I can't connect with the passive [192.168.100.113/5000] error_code:10061 !

<<<----  [OUT]
2020/11/03 21:31:25:387

Connecting Started...

<<<----  [OUT]
2020/11/03 21:31:27:436

I can't connect with the passive [192.168.100.113/5000] error_code:10061 !

<<<----  [OUT]
2020/11/03 21:31:29:918

Connecting Started...

<<<----  [OUT]
2020/11/03 21:31:31:973

I can't connect with the passive [192.168.100.113/5000] error_code:10061 !

<<<----  [OUT]
2020/11/03 21:31:34:463

Connecting Started...

<<<----  [OUT]
2020/11/03 21:31:36:496

I can't connect with the passive [192.168.100.113/5000] error_code:10061 !

<<<----  [OUT]
2020/11/03 21:31:38:979

Connecting Started...

<<<----  [OUT]
2020/11/03 21:31:41:029

I can't connect with the passive [192.168.100.113/5000] error_code:10061 !

<<<----  [OUT]
2020/11/03 21:31:43:510

Connecting Started...

<<<----  [OUT]
2020/11/03 21:31:45:599

I can't connect with the passive [192.168.100.113/5000] error_code:10061 !

<<<----  [OUT]
2020/11/03 21:31:48:089

Connecting Started...

<<<----  [OUT]
2020/11/03 21:31:50:135

I can't connect with the passive [192.168.100.113/5000] error_code:10061 !

<<<----  [OUT]
2020/11/03 21:31:52:621

Connecting Started...

<<<----  [OUT]
2020/11/03 21:31:54:673

I can't connect with the passive [192.168.100.113/5000] error_code:10061 !

<<<----  [OUT]
2020/11/03 21:31:57:151

Connecting Started...

<<<----  [OUT]
2020/11/03 21:31:59:198

I can't connect with the passive [192.168.100.113/5000] error_code:10061 !

<<<----  [OUT]
2020/11/03 21:32:01:683

Connecting Started...

<<<----  [OUT]
2020/11/03 21:32:03:737

I can't connect with the passive [192.168.100.113/5000] error_code:10061 !

<<<----  [OUT]
2020/11/03 21:32:06:214

Connecting Started...

<<<----  [OUT]
2020/11/03 21:32:08:257

I can't connect with the passive [192.168.100.113/5000] error_code:10061 !

<<<----  [OUT]
2020/11/03 21:32:10:744

Connecting Started...

<<<----  [OUT]
2020/11/03 21:32:12:795

I can't connect with the passive [192.168.100.113/5000] error_code:10061 !

<<<----  [OUT]
2020/11/03 21:32:15:277

Connecting Started...

<<<----  [OUT]
2020/11/03 21:32:17:338

I can't connect with the passive [192.168.100.113/5000] error_code:10061 !

<<<----  [OUT]
2020/11/03 21:32:19:823

Connecting Started...

<<<----  [OUT]
2020/11/03 21:32:21:869

I can't connect with the passive [192.168.100.113/5000] error_code:10061 !

<<<----  [OUT]
2020/11/03 21:32:24:355

Connecting Started...

<<<----  [OUT]
2020/11/03 21:32:26:400

I can't connect with the passive [192.168.100.113/5000] error_code:10061 !

<<<----  [OUT]
2020/11/03 21:32:28:887

Connecting Started...

<<<----  [OUT]
2020/11/03 21:32:30:951

I can't connect with the passive [192.168.100.113/5000] error_code:10061 !

<<<----  [OUT]
2020/11/03 21:32:33:433

Connecting Started...

<<<----  [OUT]
2020/11/03 21:32:35:484

I can't connect with the passive [192.168.100.113/5000] error_code:10061 !

<<<----  [OUT]
2020/11/03 21:32:37:964

Connecting Started...

<<<----  [OUT]
2020/11/03 21:32:40:025

I can't connect with the passive [192.168.100.113/5000] error_code:10061 !

<<<----  [OUT]
2020/11/03 21:32:42:512

Connecting Started...

<<<----  [OUT]
2020/11/03 21:32:44:570

I can't connect with the passive [192.168.100.113/5000] error_code:10061 !

<<<----  [OUT]
2020/11/03 21:32:47:059

Connecting Started...

<<<----  [OUT]
2020/11/03 21:32:49:106

I can't connect with the passive [192.168.100.113/5000] error_code:10061 !

<<<----  [OUT]
2020/11/03 21:32:51:589

Connecting Started...

<<<----  [OUT]
2020/11/03 21:32:53:627

I can't connect with the passive [192.168.100.113/5000] error_code:10061 !

<<<----  [OUT]
2020/11/03 21:32:56:105

Connecting Started...

<<<----  [OUT]
2020/11/03 21:32:58:166

I can't connect with the passive [192.168.100.113/5000] error_code:10061 !

<<<----  [OUT]
2020/11/03 21:33:00:652

Connecting Started...

<<<----  [OUT]
2020/11/03 21:33:02:705

I can't connect with the passive [192.168.100.113/5000] error_code:10061 !

<<<----  [OUT]
2020/11/03 21:33:05:183

Connecting Started...

<<<----  [OUT]
2020/11/03 21:33:07:224

I can't connect with the passive [192.168.100.113/5000] error_code:10061 !

<<<----  [OUT]
2020/11/03 21:33:09:714

Connecting Started...

<<<----  [OUT]
2020/11/03 21:33:11:763

I can't connect with the passive [192.168.100.113/5000] error_code:10061 !

<<<----  [OUT]
2020/11/03 21:33:14:245

Connecting Started...

<<<----  [OUT]
2020/11/03 21:33:16:308

I can't connect with the passive [192.168.100.113/5000] error_code:10061 !

<<<----  [OUT]
2020/11/03 21:33:18:793

Connecting Started...

<<<----  [OUT]
2020/11/03 21:33:20:844

I can't connect with the passive [192.168.100.113/5000] error_code:10061 !

<<<----  [OUT]
2020/11/03 21:33:23:325

Connecting Started...

<<<----  [OUT]
2020/11/03 21:33:25:383

I can't connect with the passive [192.168.100.113/5000] error_code:10061 !

<<<----  [OUT]
2020/11/03 21:33:27:870

Connecting Started...

<<<----  [OUT]
2020/11/03 21:33:29:922

I can't connect with the passive [192.168.100.113/5000] error_code:10061 !

<<<----  [OUT]
2020/11/03 21:33:32:401

Connecting Started...

<<<----  [OUT]
2020/11/03 21:33:34:453

I can't connect with the passive [192.168.100.113/5000] error_code:10061 !

<<<----  [OUT]
2020/11/03 21:33:36:933

Connecting Started...

<<<----  [OUT]
2020/11/03 21:33:38:998

I can't connect with the passive [192.168.100.113/5000] error_code:10061 !

<<<----  [OUT]
2020/11/03 21:33:41:480

Connecting Started...

<<<----  [OUT]
2020/11/03 21:33:43:537

I can't connect with the passive [192.168.100.113/5000] error_code:10061 !

<<<----  [OUT]
2020/11/03 21:33:46:027

Connecting Started...

<<<----  [OUT]
2020/11/03 21:33:48:087

I can't connect with the passive [192.168.100.113/5000] error_code:10061 !

<<<----  [OUT]
2020/11/03 21:33:50:573

Connecting Started...

<<<----  [OUT]
2020/11/03 21:33:52:615

I can't connect with the passive [192.168.100.113/5000] error_code:10061 !

<<<----  [OUT]
2020/11/03 21:33:55:104

Connecting Started...

<<<----  [OUT]
2020/11/03 21:33:57:140

I can't connect with the passive [192.168.100.113/5000] error_code:10061 !

<<<----  [OUT]
2020/11/03 21:33:59:619

Connecting Started...

<<<----  [OUT]
2020/11/03 21:34:01:669

I can't connect with the passive [192.168.100.113/5000] error_code:10061 !

<<<----  [OUT]
2020/11/03 21:34:04:151

Connecting Started...

<<<----  [OUT]
2020/11/03 21:34:06:196

I can't connect with the passive [192.168.100.113/5000] error_code:10061 !

<<<----  [OUT]
2020/11/03 21:34:08:682

Connecting Started...

<<<----  [OUT]
2020/11/03 21:34:10:726

I can't connect with the passive [192.168.100.113/5000] error_code:10061 !

<<<----  [OUT]
2020/11/03 21:34:13:215

Connecting Started...

<<<----  [OUT]
2020/11/03 21:34:15:271

I can't connect with the passive [192.168.100.113/5000] error_code:10061 !

<<<----  [OUT]
2020/11/03 21:34:17:762

Connecting Started...

<<<----  [OUT]
2020/11/03 21:34:19:810

I can't connect with the passive [192.168.100.113/5000] error_code:10061 !

<<<----  [OUT]
2020/11/03 21:34:22:293

Connecting Started...

<<<----  [OUT]
2020/11/03 21:34:24:340

I can't connect with the passive [192.168.100.113/5000] error_code:10061 !

<<<----  [OUT]
2020/11/03 21:34:26:824

Connecting Started...

<<<----  [OUT]
2020/11/03 21:34:28:855

I can't connect with the passive [192.168.100.113/5000] error_code:10061 !

<<<----  [OUT]
2020/11/03 21:34:31:340

Connecting Started...

<<<----  [OUT]
2020/11/03 21:34:33:387

I can't connect with the passive [192.168.100.113/5000] error_code:10061 !

<<<----  [OUT]
2020/11/03 21:34:35:870

Connecting Started...

<<<----  [OUT]
2020/11/03 21:34:37:914

I can't connect with the passive [192.168.100.113/5000] error_code:10061 !

<<<----  [OUT]
2020/11/03 21:34:40:402

Connecting Started...

<<<----  [OUT]
2020/11/03 21:34:42:468

I can't connect with the passive [192.168.100.113/5000] error_code:10061 !

<<<----  [OUT]
2020/11/03 21:34:44:948

Connecting Started...

<<<----  [OUT]
2020/11/03 21:34:47:016

I can't connect with the passive [192.168.100.113/5000] error_code:10061 !

<<<----  [OUT]
2020/11/03 21:34:49:496

Connecting Started...

<<<----  [OUT]
2020/11/03 21:34:51:557

I can't connect with the passive [192.168.100.113/5000] error_code:10061 !

<<<----  [OUT]
2020/11/03 21:34:54:043

Connecting Started...

<<<----  [OUT]
2020/11/03 21:34:56:112

I can't connect with the passive [192.168.100.113/5000] error_code:10061 !

<<<----  [OUT]
2020/11/03 21:34:58:589

Connecting Started...

<<<----  [OUT]
2020/11/03 21:35:00:653

I can't connect with the passive [192.168.100.113/5000] error_code:10061 !

<<<----  [OUT]
2020/11/03 21:35:03:136

Connecting Started...

<<<----  [OUT]
2020/11/03 21:35:05:192

I can't connect with the passive [192.168.100.113/5000] error_code:10061 !

<<<----  [OUT]
2020/11/03 21:35:07:682

Connecting Started...

<<<----  [OUT]
2020/11/03 21:35:09:729

I can't connect with the passive [192.168.100.113/5000] error_code:10061 !

<<<----  [OUT]
2020/11/03 21:35:12:213

Connecting Started...

<<<----  [OUT]
2020/11/03 21:35:14:284

I can't connect with the passive [192.168.100.113/5000] error_code:10061 !

<<<----  [OUT]
2020/11/03 21:35:16:761

Connecting Started...

<<<----  [OUT]
2020/11/03 21:35:18:821

I can't connect with the passive [192.168.100.113/5000] error_code:10061 !

<<<----  [OUT]
2020/11/03 21:35:21:307

Connecting Started...

<<<----  [OUT]
2020/11/03 21:35:23:352

I can't connect with the passive [192.168.100.113/5000] error_code:10061 !

<<<----  [OUT]
2020/11/03 21:35:25:840

Connecting Started...

<<<----  [OUT]
2020/11/03 21:35:27:905

I can't connect with the passive [192.168.100.113/5000] error_code:10061 !

<<<----  [OUT]
2020/11/03 21:35:30:385

Connecting Started...

<<<----  [OUT]
2020/11/03 21:35:32:443

I can't connect with the passive [192.168.100.113/5000] error_code:10061 !

<<<----  [OUT]
2020/11/03 21:35:34:934

Connecting Started...

<<<----  [OUT]
2020/11/03 21:35:36:975

I can't connect with the passive [192.168.100.113/5000] error_code:10061 !

<<<----  [OUT]
2020/11/03 21:35:39:464

Connecting Started...

<<<----  [OUT]
2020/11/03 21:35:41:521

I can't connect with the passive [192.168.100.113/5000] error_code:10061 !

<<<----  [OUT]
2020/11/03 21:35:44:010

Connecting Started...

<<<----  [OUT]
2020/11/03 21:35:46:071

I can't connect with the passive [192.168.100.113/5000] error_code:10061 !

<<<----  [OUT]
2020/11/03 21:35:48:557

Connecting Started...

<<<----  [OUT]
2020/11/03 21:35:50:614

I can't connect with the passive [192.168.100.113/5000] error_code:10061 !

<<<----  [OUT]
2020/11/03 21:35:53:105

Connecting Started...

<<<----  [OUT]
2020/11/03 21:35:55:159

I can't connect with the passive [192.168.100.113/5000] error_code:10061 !

<<<----  [OUT]
2020/11/03 21:35:57:636

Connecting Started...

<<<----  [OUT]
2020/11/03 21:35:59:680

I can't connect with the passive [192.168.100.113/5000] error_code:10061 !

<<<----  [OUT]
2020/11/03 21:36:02:168

Connecting Started...

<<<----  [OUT]
2020/11/03 21:36:04:214

I can't connect with the passive [192.168.100.113/5000] error_code:10061 !

<<<----  [OUT]
2020/11/03 21:36:06:698

Connecting Started...

<<<----  [OUT]
2020/11/03 21:36:08:740

I can't connect with the passive [192.168.100.113/5000] error_code:10061 !

<<<----  [OUT]
2020/11/03 21:36:11:230

Connecting Started...

<<<----  [OUT]
2020/11/03 21:36:13:281

I can't connect with the passive [192.168.100.113/5000] error_code:10061 !

<<<----  [OUT]
2020/11/03 21:36:15:760

Connecting Started...

<<<----  [OUT]
2020/11/03 21:36:17:808

I can't connect with the passive [192.168.100.113/5000] error_code:10061 !

<<<----  [OUT]
2020/11/03 21:36:20:293

Connecting Started...

<<<----  [OUT]
2020/11/03 21:36:22:334

I can't connect with the passive [192.168.100.113/5000] error_code:10061 !

<<<----  [OUT]
2020/11/03 21:36:24:823

Connecting Started...

<<<----  [OUT]
2020/11/03 21:36:26:882

I can't connect with the passive [192.168.100.113/5000] error_code:10061 !

<<<----  [OUT]
2020/11/03 21:36:29:371

Connecting Started...

<<<----  [OUT]
2020/11/03 21:36:31:435

I can't connect with the passive [192.168.100.113/5000] error_code:10061 !

<<<----  [OUT]
2020/11/03 21:36:33:917

Connecting Started...

<<<----  [OUT]
2020/11/03 21:36:35:962

I can't connect with the passive [192.168.100.113/5000] error_code:10061 !

<<<----  [OUT]
2020/11/03 21:36:38:449

Connecting Started...

<<<----  [OUT]
2020/11/03 21:36:40:509

I can't connect with the passive [192.168.100.113/5000] error_code:10061 !

<<<----  [OUT]
2020/11/03 21:36:42:996

Connecting Started...

<<<----  [OUT]
2020/11/03 21:36:45:048

I can't connect with the passive [192.168.100.113/5000] error_code:10061 !

<<<----  [OUT]
2020/11/03 21:36:47:527

Connecting Started...

<<<----  [OUT]
2020/11/03 21:36:49:591

I can't connect with the passive [192.168.100.113/5000] error_code:10061 !

<<<----  [OUT]
2020/11/03 21:36:52:074

Connecting Started...

<<<----  [OUT]
2020/11/03 21:36:54:128

I can't connect with the passive [192.168.100.113/5000] error_code:10061 !

<<<----  [OUT]
2020/11/03 21:36:56:605

Connecting Started...

<<<----  [OUT]
2020/11/03 21:36:58:670

I can't connect with the passive [192.168.100.113/5000] error_code:10061 !

<<<----  [OUT]
2020/11/03 21:37:01:151

Connecting Started...

<<<----  [OUT]
2020/11/03 21:37:03:212

I can't connect with the passive [192.168.100.113/5000] error_code:10061 !

<<<----  [OUT]
2020/11/03 21:37:05:699

Connecting Started...

<<<----  [OUT]
2020/11/03 21:37:07:753

I can't connect with the passive [192.168.100.113/5000] error_code:10061 !

<<<----  [OUT]
2020/11/03 21:37:10:230

Connecting Started...

<<<----  [OUT]
2020/11/03 21:37:12:277

I can't connect with the passive [192.168.100.113/5000] error_code:10061 !

<<<----  [OUT]
2020/11/03 21:37:14:760

Connecting Started...

<<<----  [OUT]
2020/11/03 21:37:16:810

I can't connect with the passive [192.168.100.113/5000] error_code:10061 !

<<<----  [OUT]
2020/11/03 21:37:19:292

Connecting Started...

<<<----  [OUT]
2020/11/03 21:37:21:338

I can't connect with the passive [192.168.100.113/5000] error_code:10061 !

<<<----  [OUT]
2020/11/03 21:37:23:823

Connecting Started...

<<<----  [OUT]
2020/11/03 21:37:25:872

I can't connect with the passive [192.168.100.113/5000] error_code:10061 !

<<<----  [OUT]
2020/11/03 21:37:28:354

Connecting Started...

<<<----  [OUT]
2020/11/03 21:37:30:392

I can't connect with the passive [192.168.100.113/5000] error_code:10061 !

<<<----  [OUT]
2020/11/03 21:37:32:871

Connecting Started...

<<<----  [OUT]
2020/11/03 21:37:34:912

I can't connect with the passive [192.168.100.113/5000] error_code:10061 !

<<<----  [OUT]
2020/11/03 21:37:37:401

Connecting Started...

<<<----  [OUT]
2020/11/03 21:37:39:453

I can't connect with the passive [192.168.100.113/5000] error_code:10061 !

<<<----  [OUT]
2020/11/03 21:37:41:934

Connecting Started...

<<<----  [OUT]
2020/11/03 21:37:43:983

I can't connect with the passive [192.168.100.113/5000] error_code:10061 !

<<<----  [OUT]
2020/11/03 21:37:46:465

Connecting Started...

<<<----  [OUT]
2020/11/03 21:37:48:520

I can't connect with the passive [192.168.100.113/5000] error_code:10061 !

<<<----  [OUT]
2020/11/03 21:37:51:012

Connecting Started...

<<<----  [OUT]
2020/11/03 21:37:53:058

I can't connect with the passive [192.168.100.113/5000] error_code:10061 !

<<<----  [OUT]
2020/11/03 21:37:55:541

Connecting Started...

<<<----  [OUT]
2020/11/03 21:37:57:587

I can't connect with the passive [192.168.100.113/5000] error_code:10061 !

<<<----  [OUT]
2020/11/03 21:38:00:073

Connecting Started...

<<<----  [OUT]
2020/11/03 21:38:02:124

I can't connect with the passive [192.168.100.113/5000] error_code:10061 !

<<<----  [OUT]
2020/11/03 21:38:04:605

Connecting Started...

<<<----  [OUT]
2020/11/03 21:38:06:646

I can't connect with the passive [192.168.100.113/5000] error_code:10061 !

<<<----  [OUT]
2020/11/03 21:38:09:136

Connecting Started...

<<<----  [OUT]
2020/11/03 21:38:11:178

I can't connect with the passive [192.168.100.113/5000] error_code:10061 !

<<<----  [OUT]
2020/11/03 21:38:13:667

Connecting Started...

<<<----  [OUT]
2020/11/03 21:38:15:716

I can't connect with the passive [192.168.100.113/5000] error_code:10061 !

<<<----  [OUT]
2020/11/03 21:38:18:198

Connecting Started...

<<<----  [OUT]
2020/11/03 21:38:20:250

I can't connect with the passive [192.168.100.113/5000] error_code:10061 !

<<<----  [OUT]
2020/11/03 21:38:22:731

Connecting Started...

<<<----  [OUT]
2020/11/03 21:38:24:783

I can't connect with the passive [192.168.100.113/5000] error_code:10061 !

<<<----  [OUT]
2020/11/03 21:38:27:261

Connecting Started...

<<<----  [OUT]
2020/11/03 21:38:29:309

I can't connect with the passive [192.168.100.113/5000] error_code:10061 !

<<<----  [OUT]
2020/11/03 21:38:31:793

Connecting Started...

<<<----  [OUT]
2020/11/03 21:38:33:834

I can't connect with the passive [192.168.100.113/5000] error_code:10061 !

<<<----  [OUT]
2020/11/03 21:38:36:324

Connecting Started...

<<<----  [OUT]
2020/11/03 21:38:38:372

I can't connect with the passive [192.168.100.113/5000] error_code:10061 !

<<<----  [OUT]
2020/11/03 21:38:40:855

Connecting Started...

<<<----  [OUT]
2020/11/03 21:38:42:905

I can't connect with the passive [192.168.100.113/5000] error_code:10061 !

<<<----  [OUT]
2020/11/03 21:38:45:385

Connecting Started...

<<<----  [OUT]
2020/11/03 21:38:47:442

I can't connect with the passive [192.168.100.113/5000] error_code:10061 !

<<<----  [OUT]
2020/11/03 21:38:49:932

Connecting Started...

<<<----  [OUT]
2020/11/03 21:38:51:968

I can't connect with the passive [192.168.100.113/5000] error_code:10061 !

<<<----  [OUT]
2020/11/03 21:38:54:448

Connecting Started...

<<<----  [OUT]
2020/11/03 21:38:56:494

I can't connect with the passive [192.168.100.113/5000] error_code:10061 !

<<<----  [OUT]
2020/11/03 21:38:58:979

Connecting Started...

<<<----  [OUT]
2020/11/03 21:39:01:011

I can't connect with the passive [192.168.100.113/5000] error_code:10061 !

<<<----  [OUT]
2020/11/03 21:39:03:495

Connecting Started...

<<<----  [OUT]
2020/11/03 21:39:05:542

I can't connect with the passive [192.168.100.113/5000] error_code:10061 !

<<<----  [OUT]
2020/11/03 21:39:08:028

Connecting Started...

<<<----  [OUT]
2020/11/03 21:39:10:081

I can't connect with the passive [192.168.100.113/5000] error_code:10061 !

<<<----  [OUT]
2020/11/03 21:39:12:558

Connecting Started...

<<<----  [OUT]
2020/11/03 21:39:14:613

I can't connect with the passive [192.168.100.113/5000] error_code:10061 !

<<<----  [OUT]
2020/11/03 21:39:17:089

Connecting Started...

<<<----  [OUT]
2020/11/03 21:39:19:133

I can't connect with the passive [192.168.100.113/5000] error_code:10061 !

<<<----  [OUT]
2020/11/03 21:39:21:621

Connecting Started...

<<<----  [OUT]
2020/11/03 21:39:23:681

I can't connect with the passive [192.168.100.113/5000] error_code:10061 !

<<<----  [OUT]
2020/11/03 21:39:26:168

Connecting Started...

<<<----  [OUT]
2020/11/03 21:39:28:234

I can't connect with the passive [192.168.100.113/5000] error_code:10061 !

<<<----  [OUT]
2020/11/03 21:39:30:713

Connecting Started...

<<<----  [OUT]
2020/11/03 21:39:32:764

I can't connect with the passive [192.168.100.113/5000] error_code:10061 !

<<<----  [OUT]
2020/11/03 21:39:35:246

Connecting Started...

<<<----  [OUT]
2020/11/03 21:39:37:287

I can't connect with the passive [192.168.100.113/5000] error_code:10061 !

<<<----  [OUT]
2020/11/03 21:39:39:776

Connecting Started...

<<<----  [OUT]
2020/11/03 21:39:41:827

I can't connect with the passive [192.168.100.113/5000] error_code:10061 !

<<<----  [OUT]
2020/11/03 21:39:44:309

Connecting Started...

<<<----  [OUT]
2020/11/03 21:39:46:356

I can't connect with the passive [192.168.100.113/5000] error_code:10061 !

<<<----  [OUT]
2020/11/03 21:39:48:839

Connecting Started...

<<<----  [OUT]
2020/11/03 21:39:50:903

I can't connect with the passive [192.168.100.113/5000] error_code:10061 !

<<<----  [OUT]
2020/11/03 21:39:53:386

Connecting Started...

<<<----  [OUT]
2020/11/03 21:39:55:437

I can't connect with the passive [192.168.100.113/5000] error_code:10061 !

<<<----  [OUT]
2020/11/03 21:39:57:916

Connecting Started...

<<<----  [OUT]
2020/11/03 21:39:59:971

I can't connect with the passive [192.168.100.113/5000] error_code:10061 !

<<<----  [OUT]
2020/11/03 21:40:02:449

Connecting Started...

<<<----  [OUT]
2020/11/03 21:40:04:488

I can't connect with the passive [192.168.100.113/5000] error_code:10061 !

<<<----  [OUT]
2020/11/03 21:40:06:964

Connecting Started...

<<<----  [OUT]
2020/11/03 21:40:08:999

I can't connect with the passive [192.168.100.113/5000] error_code:10061 !

<<<----  [OUT]
2020/11/03 21:40:11:479

Connecting Started...

<<<----  [OUT]
2020/11/03 21:40:13:525

I can't connect with the passive [192.168.100.113/5000] error_code:10061 !

<<<----  [OUT]
2020/11/03 21:40:16:010

Connecting Started...

<<<----  [OUT]
2020/11/03 21:40:18:052

I can't connect with the passive [192.168.100.113/5000] error_code:10061 !

<<<----  [OUT]
2020/11/03 21:40:20:542

Connecting Started...

<<<----  [OUT]
2020/11/03 21:40:22:591

I can't connect with the passive [192.168.100.113/5000] error_code:10061 !

<<<----  [OUT]
2020/11/03 21:40:25:074

Connecting Started...

<<<----  [OUT]
2020/11/03 21:40:27:143

I can't connect with the passive [192.168.100.113/5000] error_code:10061 !

<<<----  [OUT]
2020/11/03 21:40:29:620

Connecting Started...

<<<----  [OUT]
2020/11/03 21:40:31:676

I can't connect with the passive [192.168.100.113/5000] error_code:10061 !

<<<----  [OUT]
2020/11/03 21:40:34:166

Connecting Started...

<<<----  [OUT]
2020/11/03 21:40:36:219

I can't connect with the passive [192.168.100.113/5000] error_code:10061 !

<<<----  [OUT]
2020/11/03 21:40:38:699

Connecting Started...

<<<----  [OUT]
2020/11/03 21:40:40:738

I can't connect with the passive [192.168.100.113/5000] error_code:10061 !

<<<----  [OUT]
2020/11/03 21:40:43:214

Connecting Started...

<<<----  [OUT]
2020/11/03 21:40:45:252

I can't connect with the passive [192.168.100.113/5000] error_code:10061 !

<<<----  [OUT]
2020/11/03 21:40:47:729

Connecting Started...

<<<----  [OUT]
2020/11/03 21:40:49:766

I can't connect with the passive [192.168.100.113/5000] error_code:10061 !

<<<----  [OUT]
2020/11/03 21:40:52:246

Connecting Started...

<<<----  [OUT]
2020/11/03 21:40:54:286

I can't connect with the passive [192.168.100.113/5000] error_code:10061 !

<<<----  [OUT]
2020/11/03 21:40:56:776

Connecting Started...

<<<----  [OUT]
2020/11/03 21:40:58:821

I can't connect with the passive [192.168.100.113/5000] error_code:10061 !

<<<----  [OUT]
2020/11/03 21:41:01:309

Connecting Started...

<<<----  [OUT]
2020/11/03 21:41:03:357

I can't connect with the passive [192.168.100.113/5000] error_code:10061 !

<<<----  [OUT]
2020/11/03 21:41:05:840

Connecting Started...

<<<----  [OUT]
2020/11/03 21:41:07:886

I can't connect with the passive [192.168.100.113/5000] error_code:10061 !

<<<----  [OUT]
2020/11/03 21:41:10:371

Connecting Started...

<<<----  [OUT]
2020/11/03 21:41:12:404

I can't connect with the passive [192.168.100.113/5000] error_code:10061 !

<<<----  [OUT]
2020/11/03 21:41:14:885

Connecting Started...

<<<----  [OUT]
2020/11/03 21:41:16:925

I can't connect with the passive [192.168.100.113/5000] error_code:10061 !

<<<----  [OUT]
2020/11/03 21:41:19:402

Connecting Started...

<<<----  [OUT]
2020/11/03 21:41:21:442

I can't connect with the passive [192.168.100.113/5000] error_code:10061 !

<<<----  [OUT]
2020/11/03 21:41:23:933

Connecting Started...

<<<----  [OUT]
2020/11/03 21:41:25:978

I can't connect with the passive [192.168.100.113/5000] error_code:10061 !

<<<----  [OUT]
2020/11/03 21:41:28:464

Connecting Started...

<<<----  [OUT]
2020/11/03 21:41:30:499

I can't connect with the passive [192.168.100.113/5000] error_code:10061 !

<<<----  [OUT]
2020/11/03 21:41:32:979

Connecting Started...

<<<----  [OUT]
2020/11/03 21:41:35:024

I can't connect with the passive [192.168.100.113/5000] error_code:10061 !

<<<----  [OUT]
2020/11/03 21:41:37:510

Connecting Started...

<<<----  [OUT]
2020/11/03 21:41:39:557

I can't connect with the passive [192.168.100.113/5000] error_code:10061 !

<<<----  [OUT]
2020/11/03 21:41:42:042

Connecting Started...

<<<----  [OUT]
2020/11/03 21:41:44:081

I can't connect with the passive [192.168.100.113/5000] error_code:10061 !

<<<----  [OUT]
2020/11/03 21:41:46:558

Connecting Started...

<<<----  [OUT]
2020/11/03 21:41:48:609

I can't connect with the passive [192.168.100.113/5000] error_code:10061 !

<<<----  [OUT]
2020/11/03 21:41:51:089

Connecting Started...

<<<----  [OUT]
2020/11/03 21:41:53:122

I can't connect with the passive [192.168.100.113/5000] error_code:10061 !

<<<----  [OUT]
2020/11/03 21:41:55:604

Connecting Started...

<<<----  [OUT]
2020/11/03 21:41:57:651

I can't connect with the passive [192.168.100.113/5000] error_code:10061 !

<<<----  [OUT]
2020/11/03 21:42:00:136

Connecting Started...

<<<----  [OUT]
2020/11/03 21:42:02:186

I can't connect with the passive [192.168.100.113/5000] error_code:10061 !

<<<----  [OUT]
2020/11/03 21:42:04:666

Connecting Started...

<<<----  [OUT]
2020/11/03 21:42:06:714

I can't connect with the passive [192.168.100.113/5000] error_code:10061 !

<<<----  [OUT]
2020/11/03 21:42:09:198

Connecting Started...

<<<----  [OUT]
2020/11/03 21:42:11:237

I can't connect with the passive [192.168.100.113/5000] error_code:10061 !

<<<----  [OUT]
2020/11/03 21:42:13:713

Connecting Started...

<<<----  [OUT]
2020/11/03 21:42:15:754

I can't connect with the passive [192.168.100.113/5000] error_code:10061 !

<<<----  [OUT]
2020/11/03 21:42:18:245

Connecting Started...

<<<----  [OUT]
2020/11/03 21:42:20:274

I can't connect with the passive [192.168.100.113/5000] error_code:10061 !

<<<----  [OUT]
2020/11/03 21:42:22:761

Connecting Started...

<<<----  [OUT]
2020/11/03 21:42:24:818

I can't connect with the passive [192.168.100.113/5000] error_code:10061 !

<<<----  [OUT]
2020/11/03 21:42:27:308

Connecting Started...

<<<----  [OUT]
2020/11/03 21:42:29:375

I can't connect with the passive [192.168.100.113/5000] error_code:10061 !

<<<----  [OUT]
2020/11/03 21:42:31:855

Connecting Started...

<<<----  [OUT]
2020/11/03 21:42:33:901

I can't connect with the passive [192.168.100.113/5000] error_code:10061 !

<<<----  [OUT]
2020/11/03 21:42:36:386

Connecting Started...

<<<----  [OUT]
2020/11/03 21:42:38:433

I can't connect with the passive [192.168.100.113/5000] error_code:10061 !

<<<----  [OUT]
2020/11/03 21:42:40:918

Connecting Started...

<<<----  [OUT]
2020/11/03 21:42:42:970

I can't connect with the passive [192.168.100.113/5000] error_code:10061 !

<<<----  [OUT]
2020/11/03 21:42:45:449

Connecting Started...

<<<----  [OUT]
2020/11/03 21:42:47:502

I can't connect with the passive [192.168.100.113/5000] error_code:10061 !

<<<----  [OUT]
2020/11/03 21:42:49:980

Connecting Started...

<<<----  [OUT]
2020/11/03 21:42:52:030

I can't connect with the passive [192.168.100.113/5000] error_code:10061 !

<<<----  [OUT]
2020/11/03 21:42:54:511

Connecting Started...

<<<----  [OUT]
2020/11/03 21:42:56:552

I can't connect with the passive [192.168.100.113/5000] error_code:10061 !

<<<----  [OUT]
2020/11/03 21:42:59:042

Connecting Started...

<<<----  [OUT]
2020/11/03 21:43:01:101

I can't connect with the passive [192.168.100.113/5000] error_code:10061 !

<<<----  [OUT]
2020/11/03 21:43:03:590

Connecting Started...

<<<----  [OUT]
2020/11/03 21:43:05:653

I can't connect with the passive [192.168.100.113/5000] error_code:10061 !

<<<----  [OUT]
2020/11/03 21:43:08:137

Connecting Started...

<<<----  [OUT]
2020/11/03 21:43:10:189

I can't connect with the passive [192.168.100.113/5000] error_code:10061 !

<<<----  [OUT]
2020/11/03 21:43:12:668

Connecting Started...

<<<----  [OUT]
2020/11/03 21:43:14:728

I can't connect with the passive [192.168.100.113/5000] error_code:10061 !

<<<----  [OUT]
2020/11/03 21:43:17:214

Connecting Started...

<<<----  [OUT]
2020/11/03 21:43:19:248

I can't connect with the passive [192.168.100.113/5000] error_code:10061 !

<<<----  [OUT]
2020/11/03 21:43:21:729

Connecting Started...

<<<----  [OUT]
2020/11/03 21:43:23:778

I can't connect with the passive [192.168.100.113/5000] error_code:10061 !

<<<----  [OUT]
2020/11/03 21:43:26:260

Connecting Started...

<<<----  [OUT]
2020/11/03 21:43:28:318

I can't connect with the passive [192.168.100.113/5000] error_code:10061 !

<<<----  [OUT]
2020/11/03 21:43:30:808

Connecting Started...

<<<----  [OUT]
2020/11/03 21:43:32:847

I can't connect with the passive [192.168.100.113/5000] error_code:10061 !

<<<----  [OUT]
2020/11/03 21:43:35:323

Connecting Started...

<<<----  [OUT]
2020/11/03 21:43:37:361

I can't connect with the passive [192.168.100.113/5000] error_code:10061 !

<<<----  [OUT]
2020/11/03 21:43:39:840

Connecting Started...

<<<----  [OUT]
2020/11/03 21:43:41:889

I can't connect with the passive [192.168.100.113/5000] error_code:10061 !

<<<----  [OUT]
2020/11/03 21:43:44:371

Connecting Started...

<<<----  [OUT]
2020/11/03 21:43:46:425

I can't connect with the passive [192.168.100.113/5000] error_code:10061 !

<<<----  [OUT]
2020/11/03 21:43:48:901

Connecting Started...

<<<----  [OUT]
2020/11/03 21:43:50:948

I can't connect with the passive [192.168.100.113/5000] error_code:10061 !

<<<----  [OUT]
2020/11/03 21:43:53:432

Connecting Started...

<<<----  [OUT]
2020/11/03 21:43:55:481

I can't connect with the passive [192.168.100.113/5000] error_code:10061 !

<<<----  [OUT]
2020/11/03 21:43:57:965

Connecting Started...

<<<----  [OUT]
2020/11/03 21:44:00:010

I can't connect with the passive [192.168.100.113/5000] error_code:10061 !

<<<----  [OUT]
2020/11/03 21:44:02:495

Connecting Started...

<<<----  [OUT]
2020/11/03 21:44:04:538

I can't connect with the passive [192.168.100.113/5000] error_code:10061 !

<<<----  [OUT]
2020/11/03 21:44:07:026

Connecting Started...

<<<----  [OUT]
2020/11/03 21:44:09:061

I can't connect with the passive [192.168.100.113/5000] error_code:10061 !

<<<----  [OUT]
2020/11/03 21:44:11:542

Connecting Started...

<<<----  [OUT]
2020/11/03 21:44:13:604

I can't connect with the passive [192.168.100.113/5000] error_code:10061 !

<<<----  [OUT]
2020/11/03 21:44:16:089

Connecting Started...

<<<----  [OUT]
2020/11/03 21:44:18:135

I can't connect with the passive [192.168.100.113/5000] error_code:10061 !

<<<----  [OUT]
2020/11/03 21:44:20:621

Connecting Started...

<<<----  [OUT]
2020/11/03 21:44:22:679

I can't connect with the passive [192.168.100.113/5000] error_code:10061 !

<<<----  [OUT]
2020/11/03 21:44:25:168

Connecting Started...

<<<----  [OUT]
2020/11/03 21:44:27:223

I can't connect with the passive [192.168.100.113/5000] error_code:10061 !

<<<----  [OUT]
2020/11/03 21:44:29:714

Connecting Started...

<<<----  [OUT]
2020/11/03 21:44:31:772

I can't connect with the passive [192.168.100.113/5000] error_code:10061 !

<<<----  [OUT]
2020/11/03 21:44:34:262

Connecting Started...

<<<----  [OUT]
2020/11/03 21:44:36:300

I can't connect with the passive [192.168.100.113/5000] error_code:10061 !

<<<----  [OUT]
2020/11/03 21:44:38:777

Connecting Started...

<<<----  [OUT]
2020/11/03 21:44:40:827

I can't connect with the passive [192.168.100.113/5000] error_code:10061 !

<<<----  [OUT]
2020/11/03 21:44:43:307

Connecting Started...

<<<----  [OUT]
2020/11/03 21:44:45:357

I can't connect with the passive [192.168.100.113/5000] error_code:10061 !

<<<----  [OUT]
2020/11/03 21:44:47:839

Connecting Started...

<<<----  [OUT]
2020/11/03 21:44:49:893

I can't connect with the passive [192.168.100.113/5000] error_code:10061 !

<<<----  [OUT]
2020/11/03 21:44:52:371

Connecting Started...

<<<----  [OUT]
2020/11/03 21:44:54:407

I can't connect with the passive [192.168.100.113/5000] error_code:10061 !

<<<----  [OUT]
2020/11/03 21:44:56:886

Connecting Started...

<<<----  [OUT]
2020/11/03 21:44:58:920

I can't connect with the passive [192.168.100.113/5000] error_code:10061 !

<<<----  [OUT]
2020/11/03 21:45:01:401

Connecting Started...

<<<----  [OUT]
2020/11/03 21:45:03:439

I can't connect with the passive [192.168.100.113/5000] error_code:10061 !

<<<----  [OUT]
2020/11/03 21:45:05:918

Connecting Started...

<<<----  [OUT]
2020/11/03 21:45:07:968

I can't connect with the passive [192.168.100.113/5000] error_code:10061 !

<<<----  [OUT]
2020/11/03 21:45:10:448

Connecting Started...

<<<----  [OUT]
2020/11/03 21:45:12:486

I can't connect with the passive [192.168.100.113/5000] error_code:10061 !

<<<----  [OUT]
2020/11/03 21:45:14:964

Connecting Started...

<<<----  [OUT]
2020/11/03 21:45:17:013

I can't connect with the passive [192.168.100.113/5000] error_code:10061 !

<<<----  [OUT]
2020/11/03 21:45:19:496

Connecting Started...

<<<----  [OUT]
2020/11/03 21:45:21:538

I can't connect with the passive [192.168.100.113/5000] error_code:10061 !

<<<----  [OUT]
2020/11/03 21:45:24:027

Connecting Started...

<<<----  [OUT]
2020/11/03 21:45:26:078

I can't connect with the passive [192.168.100.113/5000] error_code:10061 !

<<<----  [OUT]
2020/11/03 21:45:28:557

Connecting Started...

<<<----  [OUT]
2020/11/03 21:45:30:615

I can't connect with the passive [192.168.100.113/5000] error_code:10061 !

<<<----  [OUT]
2020/11/03 21:45:33:104

Connecting Started...

<<<----  [OUT]
2020/11/03 21:45:35:149

I can't connect with the passive [192.168.100.113/5000] error_code:10061 !

<<<----  [OUT]
2020/11/03 21:45:37:635

Connecting Started...

<<<----  [OUT]
2020/11/03 21:45:39:679

I can't connect with the passive [192.168.100.113/5000] error_code:10061 !

<<<----  [OUT]
2020/11/03 21:45:42:167

Connecting Started...

<<<----  [OUT]
2020/11/03 21:45:44:215

I can't connect with the passive [192.168.100.113/5000] error_code:10061 !

<<<----  [OUT]
2020/11/03 21:45:46:699

Connecting Started...

<<<----  [OUT]
2020/11/03 21:45:48:735

I can't connect with the passive [192.168.100.113/5000] error_code:10061 !

<<<----  [OUT]
2020/11/03 21:45:51:214

Connecting Started...

<<<----  [OUT]
2020/11/03 21:45:53:260

I can't connect with the passive [192.168.100.113/5000] error_code:10061 !

<<<----  [OUT]
2020/11/03 21:45:55:745

Connecting Started...

<<<----  [OUT]
2020/11/03 21:45:57:788

I can't connect with the passive [192.168.100.113/5000] error_code:10061 !

<<<----  [OUT]
2020/11/03 21:46:00:277

Connecting Started...

<<<----  [OUT]
2020/11/03 21:46:02:328

I can't connect with the passive [192.168.100.113/5000] error_code:10061 !

<<<----  [OUT]
2020/11/03 21:46:04:809

Connecting Started...

<<<----  [OUT]
2020/11/03 21:46:06:844

I can't connect with the passive [192.168.100.113/5000] error_code:10061 !

<<<----  [OUT]
2020/11/03 21:46:09:324

Connecting Started...

<<<----  [OUT]
2020/11/03 21:46:11:367

I can't connect with the passive [192.168.100.113/5000] error_code:10061 !

<<<----  [OUT]
2020/11/03 21:46:13:854

Connecting Started...

<<<----  [OUT]
2020/11/03 21:46:15:891

I can't connect with the passive [192.168.100.113/5000] error_code:10061 !

<<<----  [OUT]
2020/11/03 21:46:18:370

Connecting Started...

<<<----  [OUT]
2020/11/03 21:46:20:420

I can't connect with the passive [192.168.100.113/5000] error_code:10061 !

<<<----  [OUT]
2020/11/03 21:46:22:902

Connecting Started...

<<<----  [OUT]
2020/11/03 21:46:24:952

I can't connect with the passive [192.168.100.113/5000] error_code:10061 !

<<<----  [OUT]
2020/11/03 21:46:27:432

Connecting Started...

<<<----  [OUT]
2020/11/03 21:46:29:485

I can't connect with the passive [192.168.100.113/5000] error_code:10061 !

<<<----  [OUT]
2020/11/03 21:46:31:965

Connecting Started...

<<<----  [OUT]
2020/11/03 21:46:34:012

I can't connect with the passive [192.168.100.113/5000] error_code:10061 !

<<<----  [OUT]
2020/11/03 21:46:36:496

Connecting Started...

<<<----  [OUT]
2020/11/03 21:46:38:551

I can't connect with the passive [192.168.100.113/5000] error_code:10061 !

<<<----  [OUT]
2020/11/03 21:46:41:042

Connecting Started...

<<<----  [OUT]
2020/11/03 21:46:43:088

I can't connect with the passive [192.168.100.113/5000] error_code:10061 !

<<<----  [OUT]
2020/11/03 21:46:45:574

Connecting Started...

<<<----  [OUT]
2020/11/03 21:46:47:631

I can't connect with the passive [192.168.100.113/5000] error_code:10061 !

<<<----  [OUT]
2020/11/03 21:46:50:119

Connecting Started...

<<<----  [OUT]
2020/11/03 21:46:52:160

I can't connect with the passive [192.168.100.113/5000] error_code:10061 !

<<<----  [OUT]
2020/11/03 21:46:54:651

Connecting Started...

<<<----  [OUT]
2020/11/03 21:46:56:699

I can't connect with the passive [192.168.100.113/5000] error_code:10061 !

<<<----  [OUT]
2020/11/03 21:46:59:182

Connecting Started...

<<<----  [OUT]
2020/11/03 21:47:01:247

I can't connect with the passive [192.168.100.113/5000] error_code:10061 !

<<<----  [OUT]
2020/11/03 21:47:03:730

Connecting Started...

<<<----  [OUT]
2020/11/03 21:47:05:789

I can't connect with the passive [192.168.100.113/5000] error_code:10061 !

<<<----  [OUT]
2020/11/03 21:47:08:277

Connecting Started...

<<<----  [OUT]
2020/11/03 21:47:10:336

I can't connect with the passive [192.168.100.113/5000] error_code:10061 !

<<<----  [OUT]
2020/11/03 21:47:12:823

Connecting Started...

<<<----  [OUT]
2020/11/03 21:47:14:869

I can't connect with the passive [192.168.100.113/5000] error_code:10061 !

<<<----  [OUT]
2020/11/03 21:47:17:355

Connecting Started...

<<<----  [OUT]
2020/11/03 21:47:19:393

I can't connect with the passive [192.168.100.113/5000] error_code:10061 !

<<<----  [OUT]
2020/11/03 21:47:21:870

Connecting Started...

<<<----  [OUT]
2020/11/03 21:47:23:930

I can't connect with the passive [192.168.100.113/5000] error_code:10061 !

<<<----  [OUT]
2020/11/03 21:47:26:418

Connecting Started...

<<<----  [OUT]
2020/11/03 21:47:28:470

I can't connect with the passive [192.168.100.113/5000] error_code:10061 !

<<<----  [OUT]
2020/11/03 21:47:30:949

Connecting Started...

<<<----  [OUT]
2020/11/03 21:47:33:001

I can't connect with the passive [192.168.100.113/5000] error_code:10061 !

<<<----  [OUT]
2020/11/03 21:47:35:479

Connecting Started...

<<<----  [OUT]
2020/11/03 21:47:37:519

I can't connect with the passive [192.168.100.113/5000] error_code:10061 !

<<<----  [OUT]
2020/11/03 21:47:39:995

Connecting Started...

<<<----  [OUT]
2020/11/03 21:47:42:050

I can't connect with the passive [192.168.100.113/5000] error_code:10061 !

<<<----  [OUT]
2020/11/03 21:47:44:526

Connecting Started...

<<<----  [OUT]
2020/11/03 21:47:46:586

I can't connect with the passive [192.168.100.113/5000] error_code:10061 !

<<<----  [OUT]
2020/11/03 21:47:49:073

Connecting Started...

<<<----  [OUT]
2020/11/03 21:47:51:132

I can't connect with the passive [192.168.100.113/5000] error_code:10061 !

<<<----  [OUT]
2020/11/03 21:47:53:620

Connecting Started...

<<<----  [OUT]
2020/11/03 21:47:55:671

I can't connect with the passive [192.168.100.113/5000] error_code:10061 !

<<<----  [OUT]
2020/11/03 21:47:58:153

Connecting Started...

<<<----  [OUT]
2020/11/03 21:48:00:203

I can't connect with the passive [192.168.100.113/5000] error_code:10061 !

<<<----  [OUT]
2020/11/03 21:48:02:682

Connecting Started...

<<<----  [OUT]
2020/11/03 21:48:04:722

I can't connect with the passive [192.168.100.113/5000] error_code:10061 !

<<<----  [OUT]
2020/11/03 21:48:07:199

Connecting Started...

<<<----  [OUT]
2020/11/03 21:48:09:257

I can't connect with the passive [192.168.100.113/5000] error_code:10061 !

<<<----  [OUT]
2020/11/03 21:48:11:745

Connecting Started...

<<<----  [OUT]
2020/11/03 21:48:13:801

I can't connect with the passive [192.168.100.113/5000] error_code:10061 !

<<<----  [OUT]
2020/11/03 21:48:16:292

Connecting Started...

<<<----  [OUT]
2020/11/03 21:48:18:343

I can't connect with the passive [192.168.100.113/5000] error_code:10061 !

<<<----  [OUT]
2020/11/03 21:48:20:823

Connecting Started...

<<<----  [OUT]
2020/11/03 21:48:22:864

I can't connect with the passive [192.168.100.113/5000] error_code:10061 !

<<<----  [OUT]
2020/11/03 21:48:25:355

Connecting Started...

<<<----  [OUT]
2020/11/03 21:48:27:397

I can't connect with the passive [192.168.100.113/5000] error_code:10061 !

<<<----  [OUT]
2020/11/03 21:48:29:887

Connecting Started...

<<<----  [OUT]
2020/11/03 21:48:31:952

I can't connect with the passive [192.168.100.113/5000] error_code:10061 !

<<<----  [OUT]
2020/11/03 21:48:34:434

Connecting Started...

<<<----  [OUT]
2020/11/03 21:48:36:486

I can't connect with the passive [192.168.100.113/5000] error_code:10061 !

<<<----  [OUT]
2020/11/03 21:48:38:964

Connecting Started...

<<<----  [OUT]
2020/11/03 21:48:41:016

I can't connect with the passive [192.168.100.113/5000] error_code:10061 !

<<<----  [OUT]
2020/11/03 21:48:43:494

Connecting Started...

<<<----  [OUT]
2020/11/03 21:48:45:554

I can't connect with the passive [192.168.100.113/5000] error_code:10061 !

<<<----  [OUT]
2020/11/03 21:48:48:042

Connecting Started...

<<<----  [OUT]
2020/11/03 21:48:50:102

I can't connect with the passive [192.168.100.113/5000] error_code:10061 !

<<<----  [OUT]
2020/11/03 21:48:52:590

Connecting Started...

<<<----  [OUT]
2020/11/03 21:48:54:644

I can't connect with the passive [192.168.100.113/5000] error_code:10061 !

<<<----  [OUT]
2020/11/03 21:48:57:136

Connecting Started...

<<<----  [OUT]
2020/11/03 21:48:59:192

I can't connect with the passive [192.168.100.113/5000] error_code:10061 !

<<<----  [OUT]
2020/11/03 21:49:01:683

Connecting Started...

<<<----  [OUT]
2020/11/03 21:49:03:738

I can't connect with the passive [192.168.100.113/5000] error_code:10061 !

<<<----  [OUT]
2020/11/03 21:49:06:230

Connecting Started...

<<<----  [OUT]
2020/11/03 21:49:08:273

I can't connect with the passive [192.168.100.113/5000] error_code:10061 !

<<<----  [OUT]
2020/11/03 21:49:10:761

Connecting Started...

<<<----  [OUT]
2020/11/03 21:49:12:809

I can't connect with the passive [192.168.100.113/5000] error_code:10061 !

<<<----  [OUT]
2020/11/03 21:49:15:291

Connecting Started...

<<<----  [OUT]
2020/11/03 21:49:17:354

I can't connect with the passive [192.168.100.113/5000] error_code:10061 !

<<<----  [OUT]
2020/11/03 21:49:19:838

Connecting Started...

<<<----  [OUT]
2020/11/03 21:49:21:882

I can't connect with the passive [192.168.100.113/5000] error_code:10061 !

<<<----  [OUT]
2020/11/03 21:49:24:371

Connecting Started...

<<<----  [OUT]
2020/11/03 21:49:26:425

I can't connect with the passive [192.168.100.113/5000] error_code:10061 !

<<<----  [OUT]
2020/11/03 21:49:28:901

Connecting Started...

<<<----  [OUT]
2020/11/03 21:49:30:965

I can't connect with the passive [192.168.100.113/5000] error_code:10061 !

<<<----  [OUT]
2020/11/03 21:49:33:449

Connecting Started...

<<<----  [OUT]
2020/11/03 21:49:35:497

I can't connect with the passive [192.168.100.113/5000] error_code:10061 !

<<<----  [OUT]
2020/11/03 21:49:37:980

Connecting Started...

<<<----  [OUT]
2020/11/03 21:49:40:036

I can't connect with the passive [192.168.100.113/5000] error_code:10061 !

<<<----  [OUT]
2020/11/03 21:49:42:526

Connecting Started...

<<<----  [OUT]
2020/11/03 21:49:44:580

I can't connect with the passive [192.168.100.113/5000] error_code:10061 !

<<<----  [OUT]
2020/11/03 21:49:47:059

Connecting Started...

<<<----  [OUT]
2020/11/03 21:49:49:107

I can't connect with the passive [192.168.100.113/5000] error_code:10061 !

<<<----  [OUT]
2020/11/03 21:49:51:588

Connecting Started...

<<<----  [OUT]
2020/11/03 21:49:53:636

I can't connect with the passive [192.168.100.113/5000] error_code:10061 !

<<<----  [OUT]
2020/11/03 21:49:56:120

Connecting Started...

<<<----  [OUT]
2020/11/03 21:49:58:156

I can't connect with the passive [192.168.100.113/5000] error_code:10061 !

<<<----  [OUT]
2020/11/03 21:50:00:635

Connecting Started...

<<<----  [OUT]
2020/11/03 21:50:02:675

I can't connect with the passive [192.168.100.113/5000] error_code:10061 !

<<<----  [OUT]
2020/11/03 21:50:05:152

Connecting Started...

<<<----  [OUT]
2020/11/03 21:50:07:207

I can't connect with the passive [192.168.100.113/5000] error_code:10061 !

<<<----  [OUT]
2020/11/03 21:50:09:682

Connecting Started...

<<<----  [OUT]
2020/11/03 21:50:11:732

I can't connect with the passive [192.168.100.113/5000] error_code:10061 !

<<<----  [OUT]
2020/11/03 21:50:14:215

Connecting Started...

<<<----  [OUT]
2020/11/03 21:50:16:272

I can't connect with the passive [192.168.100.113/5000] error_code:10061 !

<<<----  [OUT]
2020/11/03 21:50:18:761

Connecting Started...

<<<----  [OUT]
2020/11/03 21:50:20:802

I can't connect with the passive [192.168.100.113/5000] error_code:10061 !

<<<----  [OUT]
2020/11/03 21:50:23:293

Connecting Started...

<<<----  [OUT]
2020/11/03 21:50:25:341

I can't connect with the passive [192.168.100.113/5000] error_code:10061 !

<<<----  [OUT]
2020/11/03 21:50:27:822

Connecting Started...

<<<----  [OUT]
2020/11/03 21:50:29:872

I can't connect with the passive [192.168.100.113/5000] error_code:10061 !

<<<----  [OUT]
2020/11/03 21:50:32:354

Connecting Started...

<<<----  [OUT]
2020/11/03 21:50:34:406

I can't connect with the passive [192.168.100.113/5000] error_code:10061 !

<<<----  [OUT]
2020/11/03 21:50:36:886

Connecting Started...

<<<----  [OUT]
2020/11/03 21:50:38:940

I can't connect with the passive [192.168.100.113/5000] error_code:10061 !

<<<----  [OUT]
2020/11/03 21:50:41:417

Connecting Started...

<<<----  [OUT]
2020/11/03 21:50:43:476

I can't connect with the passive [192.168.100.113/5000] error_code:10061 !

<<<----  [OUT]
2020/11/03 21:50:45:964

Connecting Started...

<<<----  [OUT]
2020/11/03 21:50:48:021

I can't connect with the passive [192.168.100.113/5000] error_code:10061 !

<<<----  [OUT]
2020/11/03 21:50:50:512

Connecting Started...

<<<----  [OUT]
2020/11/03 21:50:52:546

I can't connect with the passive [192.168.100.113/5000] error_code:10061 !

<<<----  [OUT]
2020/11/03 21:50:55:027

Connecting Started...

<<<----  [OUT]
2020/11/03 21:50:57:083

I can't connect with the passive [192.168.100.113/5000] error_code:10061 !

<<<----  [OUT]
2020/11/03 21:50:59:574

Connecting Started...

<<<----  [OUT]
2020/11/03 21:51:01:634

I can't connect with the passive [192.168.100.113/5000] error_code:10061 !

<<<----  [OUT]
2020/11/03 21:51:04:119

Connecting Started...

<<<----  [OUT]
2020/11/03 21:51:06:184

I can't connect with the passive [192.168.100.113/5000] error_code:10061 !

<<<----  [OUT]
2020/11/03 21:51:08:666

Connecting Started...

<<<----  [OUT]
2020/11/03 21:51:10:733

I can't connect with the passive [192.168.100.113/5000] error_code:10061 !

<<<----  [OUT]
2020/11/03 21:51:13:213

Connecting Started...

<<<----  [OUT]
2020/11/03 21:51:15:274

I can't connect with the passive [192.168.100.113/5000] error_code:10061 !

<<<----  [OUT]
2020/11/03 21:51:17:761

Connecting Started...

<<<----  [OUT]
2020/11/03 21:51:19:814

I can't connect with the passive [192.168.100.113/5000] error_code:10061 !

<<<----  [OUT]
2020/11/03 21:51:22:292

Connecting Started...

<<<----  [OUT]
2020/11/03 21:51:24:345

I can't connect with the passive [192.168.100.113/5000] error_code:10061 !

<<<----  [OUT]
2020/11/03 21:51:26:824

Connecting Started...

<<<----  [OUT]
2020/11/03 21:51:28:884

I can't connect with the passive [192.168.100.113/5000] error_code:10061 !

<<<----  [OUT]
2020/11/03 21:51:31:370

Connecting Started...

<<<----  [OUT]
2020/11/03 21:51:33:429

I can't connect with the passive [192.168.100.113/5000] error_code:10061 !

<<<----  [OUT]
2020/11/03 21:51:35:917

Connecting Started...

<<<----  [OUT]
2020/11/03 21:51:37:955

I can't connect with the passive [192.168.100.113/5000] error_code:10061 !

<<<----  [OUT]
2020/11/03 21:51:40:434

Connecting Started...

<<<----  [OUT]
2020/11/03 21:51:42:488

I can't connect with the passive [192.168.100.113/5000] error_code:10061 !

<<<----  [OUT]
2020/11/03 21:51:44:964

Connecting Started...

<<<----  [OUT]
2020/11/03 21:51:47:019

I can't connect with the passive [192.168.100.113/5000] error_code:10061 !

<<<----  [OUT]
2020/11/03 21:51:49:496

Connecting Started...

<<<----  [OUT]
2020/11/03 21:51:51:538

I can't connect with the passive [192.168.100.113/5000] error_code:10061 !

<<<----  [OUT]
2020/11/03 21:51:54:026

Connecting Started...

<<<----  [OUT]
2020/11/03 21:51:56:070

I can't connect with the passive [192.168.100.113/5000] error_code:10061 !

<<<----  [OUT]
2020/11/03 21:51:58:557

Connecting Started...

<<<----  [OUT]
2020/11/03 21:52:00:599

I can't connect with the passive [192.168.100.113/5000] error_code:10061 !

<<<----  [OUT]
2020/11/03 21:52:03:090

Connecting Started...

<<<----  [OUT]
2020/11/03 21:52:05:138

I can't connect with the passive [192.168.100.113/5000] error_code:10061 !

<<<----  [OUT]
2020/11/03 21:52:07:621

Connecting Started...

<<<----  [OUT]
2020/11/03 21:52:09:646

I can't connect with the passive [192.168.100.113/5000] error_code:10061 !

<<<----  [OUT]
2020/11/03 21:52:12:136

Connecting Started...

<<<----  [OUT]
2020/11/03 21:52:14:186

I can't connect with the passive [192.168.100.113/5000] error_code:10061 !

<<<----  [OUT]
2020/11/03 21:52:16:667

Connecting Started...

<<<----  [OUT]
2020/11/03 21:52:18:704

I can't connect with the passive [192.168.100.113/5000] error_code:10061 !

<<<----  [OUT]
2020/11/03 21:52:21:184

Connecting Started...

<<<----  [OUT]
2020/11/03 21:52:23:216

I can't connect with the passive [192.168.100.113/5000] error_code:10061 !

<<<----  [OUT]
2020/11/03 21:52:25:698

Connecting Started...

<<<----  [OUT]
2020/11/03 21:52:27:746

I can't connect with the passive [192.168.100.113/5000] error_code:10061 !

<<<----  [OUT]
2020/11/03 21:52:30:229

Connecting Started...

<<<----  [OUT]
2020/11/03 21:52:32:277

I can't connect with the passive [192.168.100.113/5000] error_code:10061 !

<<<----  [OUT]
2020/11/03 21:52:34:760

Connecting Started...

<<<----  [OUT]
2020/11/03 21:52:36:808

I can't connect with the passive [192.168.100.113/5000] error_code:10061 !

<<<----  [OUT]
2020/11/03 21:52:39:292

Connecting Started...

<<<----  [OUT]
2020/11/03 21:52:41:332

I can't connect with the passive [192.168.100.113/5000] error_code:10061 !

<<<----  [OUT]
2020/11/03 21:52:43:808

Connecting Started...

<<<----  [OUT]
2020/11/03 21:52:45:854

I can't connect with the passive [192.168.100.113/5000] error_code:10061 !

<<<----  [OUT]
2020/11/03 21:52:48:339

Connecting Started...

<<<----  [OUT]
2020/11/03 21:52:50:385

I can't connect with the passive [192.168.100.113/5000] error_code:10061 !

<<<----  [OUT]
2020/11/03 21:52:52:871

Connecting Started...

<<<----  [OUT]
2020/11/03 21:52:54:915

I can't connect with the passive [192.168.100.113/5000] error_code:10061 !

<<<----  [OUT]
2020/11/03 21:52:57:402

Connecting Started...

<<<----  [OUT]
2020/11/03 21:52:59:443

I can't connect with the passive [192.168.100.113/5000] error_code:10061 !

<<<----  [OUT]
2020/11/03 21:53:01:933

Connecting Started...

<<<----  [OUT]
2020/11/03 21:53:03:973

I can't connect with the passive [192.168.100.113/5000] error_code:10061 !

<<<----  [OUT]
2020/11/03 21:53:06:463

Connecting Started...

<<<----  [OUT]
2020/11/03 21:53:08:509

I can't connect with the passive [192.168.100.113/5000] error_code:10061 !

<<<----  [OUT]
2020/11/03 21:53:10:996

Connecting Started...

<<<----  [OUT]
2020/11/03 21:53:13:039

I can't connect with the passive [192.168.100.113/5000] error_code:10061 !

<<<----  [OUT]
2020/11/03 21:53:15:527

Connecting Started...

<<<----  [OUT]
2020/11/03 21:53:17:566

I can't connect with the passive [192.168.100.113/5000] error_code:10061 !

<<<----  [OUT]
2020/11/03 21:53:20:042

Connecting Started...

<<<----  [OUT]
2020/11/03 21:53:22:090

I can't connect with the passive [192.168.100.113/5000] error_code:10061 !

<<<----  [OUT]
2020/11/03 21:53:24:574

Connecting Started...

<<<----  [OUT]
2020/11/03 21:53:26:621

I can't connect with the passive [192.168.100.113/5000] error_code:10061 !

<<<----  [OUT]
2020/11/03 21:53:29:105

Connecting Started...

<<<----  [OUT]
2020/11/03 21:53:31:142

I can't connect with the passive [192.168.100.113/5000] error_code:10061 !

<<<----  [OUT]
2020/11/03 21:53:33:620

Connecting Started...

<<<----  [OUT]
2020/11/03 21:53:35:662

I can't connect with the passive [192.168.100.113/5000] error_code:10061 !

<<<----  [OUT]
2020/11/03 21:53:38:151

Connecting Started...
