
<<<----  [OUT]
2020/11/03 22:10:03:099

---------------------------------------------------------------------
// FA : Start Log ...


<<<----  [OUT]
2020/11/03 22:10:03:103

//-------------------------------------------------------------
Property Information

   Driver Type [HSMS]
   Driver Mode [ACTIVE]
   IP    [192.168.100.113]
   Port  [5000]
//-------------------------------------------------------------


<<<----  [OUT]
2020/11/03 22:10:03:705

Auto-Start Started ... (Active)

<<<----  [OUT]
2020/11/03 22:10:03:795

Auto-Start Started ...  Waiting Stop-Connection.

<<<----  [OUT]
2020/11/03 22:10:03:795

Auto-Start Started ...  Waiting Open-Socket.

<<<----  [OUT]
2020/11/03 22:10:03:825

Socket Open Started...

<<<----  [OUT]
2020/11/03 22:10:03:825

Socket Open Completed...

<<<----  [OUT]
2020/11/03 22:10:03:825

Connecting Started...

<<<----  [OUT]
2020/11/03 22:10:03:886

Auto-Start Completed ...  (Active)

<<<----  [OUT]
2020/11/03 22:10:05:891

I can't connect with the passive [192.168.100.113/5000] error_code:10061 !

<<<----  [OUT]
2020/11/03 22:10:08:370

Connecting Started...

<<<----  [OUT]
2020/11/03 22:10:10:437

I can't connect with the passive [192.168.100.113/5000] error_code:10061 !

<<<----  [OUT]
2020/11/03 22:10:12:918

Connecting Started...

<<<----  [OUT]
2020/11/03 22:10:14:969

I can't connect with the passive [192.168.100.113/5000] error_code:10061 !

<<<----  [OUT]
2020/11/03 22:10:17:448

Connecting Started...

<<<----  [OUT]
2020/11/03 22:10:19:500

I can't connect with the passive [192.168.100.113/5000] error_code:10061 !

<<<----  [OUT]
2020/11/03 22:10:21:979

Connecting Started...

<<<----  [OUT]
2020/11/03 22:10:24:030

I can't connect with the passive [192.168.100.113/5000] error_code:10061 !

<<<----  [OUT]
2020/11/03 22:10:26:512

Connecting Started...

<<<----  [OUT]
2020/11/03 22:10:28:561

I can't connect with the passive [192.168.100.113/5000] error_code:10061 !

<<<----  [OUT]
2020/11/03 22:10:31:041

Connecting Started...

<<<----  [OUT]
2020/11/03 22:10:33:094

I can't connect with the passive [192.168.100.113/5000] error_code:10061 !

<<<----  [OUT]
2020/11/03 22:10:35:573

Connecting Started...

<<<----  [OUT]
2020/11/03 22:10:37:617

I can't connect with the passive [192.168.100.113/5000] error_code:10061 !

<<<----  [OUT]
2020/11/03 22:10:40:105

Connecting Started...

<<<----  [OUT]
2020/11/03 22:10:42:154

I can't connect with the passive [192.168.100.113/5000] error_code:10061 !

<<<----  [OUT]
2020/11/03 22:10:44:635

Connecting Started...

<<<----  [OUT]
2020/11/03 22:10:46:680

I can't connect with the passive [192.168.100.113/5000] error_code:10061 !

<<<----  [OUT]
2020/11/03 22:10:49:167

Connecting Started...

<<<----  [OUT]
2020/11/03 22:10:51:223

I can't connect with the passive [192.168.100.113/5000] error_code:10061 !

<<<----  [OUT]
2020/11/03 22:10:53:715

Connecting Started...

<<<----  [OUT]
2020/11/03 22:10:55:790

I can't connect with the passive [192.168.100.113/5000] error_code:10061 !

<<<----  [OUT]
2020/11/03 22:10:58:276

Connecting Started...

<<<----  [OUT]
2020/11/03 22:11:00:337

I can't connect with the passive [192.168.100.113/5000] error_code:10061 !

<<<----  [OUT]
2020/11/03 22:11:02:824

Connecting Started...

<<<----  [OUT]
2020/11/03 22:11:04:884

I can't connect with the passive [192.168.100.113/5000] error_code:10061 !

<<<----  [OUT]
2020/11/03 22:11:07:369

Connecting Started...

<<<----  [OUT]
2020/11/03 22:11:09:430

I can't connect with the passive [192.168.100.113/5000] error_code:10061 !

<<<----  [OUT]
2020/11/03 22:11:11:917

Connecting Started...

<<<----  [OUT]
2020/11/03 22:11:13:979

I can't connect with the passive [192.168.100.113/5000] error_code:10061 !

<<<----  [OUT]
2020/11/03 22:11:16:464

Connecting Started...

<<<----  [OUT]
2020/11/03 22:11:18:520

I can't connect with the passive [192.168.100.113/5000] error_code:10061 !

<<<----  [OUT]
2020/11/03 22:11:21:012

Connecting Started...

<<<----  [OUT]
2020/11/03 22:11:23:043

I can't connect with the passive [192.168.100.113/5000] error_code:10061 !

<<<----  [OUT]
2020/11/03 22:11:25:526

Connecting Started...

<<<----  [OUT]
2020/11/03 22:11:27:573

I can't connect with the passive [192.168.100.113/5000] error_code:10061 !

<<<----  [OUT]
2020/11/03 22:11:30:058

Connecting Started...

<<<----  [OUT]
2020/11/03 22:11:32:098

I can't connect with the passive [192.168.100.113/5000] error_code:10061 !

<<<----  [OUT]
2020/11/03 22:11:34:589

Connecting Started...

<<<----  [OUT]
2020/11/03 22:11:36:641

I can't connect with the passive [192.168.100.113/5000] error_code:10061 !

<<<----  [OUT]
2020/11/03 22:11:39:119

Connecting Started...

<<<----  [OUT]
2020/11/03 22:11:41:158

I can't connect with the passive [192.168.100.113/5000] error_code:10061 !

<<<----  [OUT]
2020/11/03 22:11:43:635

Connecting Started...

<<<----  [OUT]
2020/11/03 22:11:45:690

I can't connect with the passive [192.168.100.113/5000] error_code:10061 !

<<<----  [OUT]
2020/11/03 22:11:48:166

Connecting Started...

<<<----  [OUT]
2020/11/03 22:11:50:215

I can't connect with the passive [192.168.100.113/5000] error_code:10061 !

<<<----  [OUT]
2020/11/03 22:11:52:698

Connecting Started...

<<<----  [OUT]
2020/11/03 22:11:54:761

I can't connect with the passive [192.168.100.113/5000] error_code:10061 !

<<<----  [OUT]
2020/11/03 22:11:57:245

Connecting Started...

<<<----  [OUT]
2020/11/03 22:11:59:292

I can't connect with the passive [192.168.100.113/5000] error_code:10061 !

<<<----  [OUT]
2020/11/03 22:12:01:776

Connecting Started...

<<<----  [OUT]
2020/11/03 22:12:03:814

I can't connect with the passive [192.168.100.113/5000] error_code:10061 !

<<<----  [OUT]
2020/11/03 22:12:06:292

Connecting Started...

<<<----  [OUT]
2020/11/03 22:12:08:345

I can't connect with the passive [192.168.100.113/5000] error_code:10061 !

<<<----  [OUT]
2020/11/03 22:12:10:824

Connecting Started...

<<<----  [OUT]
2020/11/03 22:12:12:877

I can't connect with the passive [192.168.100.113/5000] error_code:10061 !

<<<----  [OUT]
2020/11/03 22:12:15:355

Connecting Started...

<<<----  [OUT]
2020/11/03 22:12:17:412

I can't connect with the passive [192.168.100.113/5000] error_code:10061 !

<<<----  [OUT]
2020/11/03 22:12:19:901

Connecting Started...

<<<----  [OUT]
2020/11/03 22:12:21:952

I can't connect with the passive [192.168.100.113/5000] error_code:10061 !

<<<----  [OUT]
2020/11/03 22:12:24:432

Connecting Started...

<<<----  [OUT]
2020/11/03 22:12:26:485

I can't connect with the passive [192.168.100.113/5000] error_code:10061 !

<<<----  [OUT]
2020/11/03 22:12:28:964

Connecting Started...

<<<----  [OUT]
2020/11/03 22:12:31:025

I can't connect with the passive [192.168.100.113/5000] error_code:10061 !

<<<----  [OUT]
2020/11/03 22:12:33:510

Connecting Started...

<<<----  [OUT]
2020/11/03 22:12:35:572

I can't connect with the passive [192.168.100.113/5000] error_code:10061 !

<<<----  [OUT]
2020/11/03 22:12:38:057

Connecting Started...

<<<----  [OUT]
2020/11/03 22:12:40:121

I can't connect with the passive [192.168.100.113/5000] error_code:10061 !

<<<----  [OUT]
2020/11/03 22:12:42:604

Connecting Started...

<<<----  [OUT]
2020/11/03 22:12:44:666

I can't connect with the passive [192.168.100.113/5000] error_code:10061 !

<<<----  [OUT]
2020/11/03 22:12:47:151

Connecting Started...

<<<----  [OUT]
2020/11/03 22:12:49:202

I can't connect with the passive [192.168.100.113/5000] error_code:10061 !

<<<----  [OUT]
2020/11/03 22:12:51:684

Connecting Started...

<<<----  [OUT]
2020/11/03 22:12:53:723

I can't connect with the passive [192.168.100.113/5000] error_code:10061 !

<<<----  [OUT]
2020/11/03 22:12:56:214

Connecting Started...

<<<----  [OUT]
2020/11/03 22:12:58:278

I can't connect with the passive [192.168.100.113/5000] error_code:10061 !

<<<----  [OUT]
2020/11/03 22:13:00:760

Connecting Started...

<<<----  [OUT]
2020/11/03 22:13:02:809

I can't connect with the passive [192.168.100.113/5000] error_code:10061 !

<<<----  [OUT]
2020/11/03 22:13:05:293

Connecting Started...

<<<----  [OUT]
2020/11/03 22:13:07:337

I can't connect with the passive [192.168.100.113/5000] error_code:10061 !

<<<----  [OUT]
2020/11/03 22:13:09:823

Connecting Started...

<<<----  [OUT]
2020/11/03 22:13:11:885

I can't connect with the passive [192.168.100.113/5000] error_code:10061 !

<<<----  [OUT]
2020/11/03 22:13:14:371

Connecting Started...

<<<----  [OUT]
2020/11/03 22:13:16:425

I can't connect with the passive [192.168.100.113/5000] error_code:10061 !

<<<----  [OUT]
2020/11/03 22:13:18:901

Connecting Started...

<<<----  [OUT]
2020/11/03 22:13:20:959

I can't connect with the passive [192.168.100.113/5000] error_code:10061 !

<<<----  [OUT]
2020/11/03 22:13:23:449

Connecting Started...

<<<----  [OUT]
2020/11/03 22:13:25:503

I can't connect with the passive [192.168.100.113/5000] error_code:10061 !

<<<----  [OUT]
2020/11/03 22:13:27:980

Connecting Started...

<<<----  [OUT]
2020/11/03 22:13:30:015

I can't connect with the passive [192.168.100.113/5000] error_code:10061 !

<<<----  [OUT]
2020/11/03 22:13:32:495

Connecting Started...

<<<----  [OUT]
2020/11/03 22:13:34:537

I can't connect with the passive [192.168.100.113/5000] error_code:10061 !

<<<----  [OUT]
2020/11/03 22:13:37:027

Connecting Started...

<<<----  [OUT]
2020/11/03 22:13:39:068

I can't connect with the passive [192.168.100.113/5000] error_code:10061 !

<<<----  [OUT]
2020/11/03 22:13:41:557

Connecting Started...

<<<----  [OUT]
2020/11/03 22:13:43:589

I can't connect with the passive [192.168.100.113/5000] error_code:10061 !

<<<----  [OUT]
2020/11/03 22:13:46:074

Connecting Started...

<<<----  [OUT]
2020/11/03 22:13:48:121

I can't connect with the passive [192.168.100.113/5000] error_code:10061 !

<<<----  [OUT]
2020/11/03 22:13:50:604

Connecting Started...

<<<----  [OUT]
2020/11/03 22:13:52:662

I can't connect with the passive [192.168.100.113/5000] error_code:10061 !

<<<----  [OUT]
2020/11/03 22:13:55:152

Connecting Started...

<<<----  [OUT]
2020/11/03 22:13:57:207

I can't connect with the passive [192.168.100.113/5000] error_code:10061 !

<<<----  [OUT]
2020/11/03 22:13:59:698

Connecting Started...

<<<----  [OUT]
2020/11/03 22:14:01:744

I can't connect with the passive [192.168.100.113/5000] error_code:10061 !

<<<----  [OUT]
2020/11/03 22:14:04:230

Connecting Started...

<<<----  [OUT]
2020/11/03 22:14:06:286

I can't connect with the passive [192.168.100.113/5000] error_code:10061 !

<<<----  [OUT]
2020/11/03 22:14:08:777

Connecting Started...

<<<----  [OUT]
2020/11/03 22:14:10:831

I can't connect with the passive [192.168.100.113/5000] error_code:10061 !

<<<----  [OUT]
2020/11/03 22:14:13:308

Connecting Started...

<<<----  [OUT]
2020/11/03 22:14:15:373

I can't connect with the passive [192.168.100.113/5000] error_code:10061 !

<<<----  [OUT]
2020/11/03 22:14:17:854

Connecting Started...

<<<----  [OUT]
2020/11/03 22:14:19:910

I can't connect with the passive [192.168.100.113/5000] error_code:10061 !

<<<----  [OUT]
2020/11/03 22:14:22:385

Connecting Started...

<<<----  [OUT]
2020/11/03 22:14:24:430

I can't connect with the passive [192.168.100.113/5000] error_code:10061 !

<<<----  [OUT]
2020/11/03 22:14:26:918

Connecting Started...

<<<----  [OUT]
2020/11/03 22:14:28:959

I can't connect with the passive [192.168.100.113/5000] error_code:10061 !

<<<----  [OUT]
2020/11/03 22:14:31:449

Connecting Started...

<<<----  [OUT]
2020/11/03 22:14:33:502

I can't connect with the passive [192.168.100.113/5000] error_code:10061 !

<<<----  [OUT]
2020/11/03 22:14:35:980

Connecting Started...

<<<----  [OUT]
2020/11/03 22:14:38:022

I can't connect with the passive [192.168.100.113/5000] error_code:10061 !

<<<----  [OUT]
2020/11/03 22:14:40:511

Connecting Started...

<<<----  [OUT]
2020/11/03 22:14:42:562

I can't connect with the passive [192.168.100.113/5000] error_code:10061 !

<<<----  [OUT]
2020/11/03 22:14:45:043

Connecting Started...

<<<----  [OUT]
2020/11/03 22:14:47:096

I can't connect with the passive [192.168.100.113/5000] error_code:10061 !

<<<----  [OUT]
2020/11/03 22:14:49:573

Connecting Started...

<<<----  [OUT]
2020/11/03 22:14:51:617

I can't connect with the passive [192.168.100.113/5000] error_code:10061 !

<<<----  [OUT]
2020/11/03 22:14:54:105

Connecting Started...

<<<----  [OUT]
2020/11/03 22:14:56:168

I can't connect with the passive [192.168.100.113/5000] error_code:10061 !

<<<----  [OUT]
2020/11/03 22:14:58:652

Connecting Started...

<<<----  [OUT]
2020/11/03 22:15:00:721

I can't connect with the passive [192.168.100.113/5000] error_code:10061 !

<<<----  [OUT]
2020/11/03 22:15:03:199

Connecting Started...

<<<----  [OUT]
2020/11/03 22:15:05:246

I can't connect with the passive [192.168.100.113/5000] error_code:10061 !

<<<----  [OUT]
2020/11/03 22:15:07:730

Connecting Started...

<<<----  [OUT]
2020/11/03 22:15:09:771

I can't connect with the passive [192.168.100.113/5000] error_code:10061 !

<<<----  [OUT]
2020/11/03 22:15:12:261

Connecting Started...

<<<----  [OUT]
2020/11/03 22:15:14:318

I can't connect with the passive [192.168.100.113/5000] error_code:10061 !

<<<----  [OUT]
2020/11/03 22:15:16:809

Connecting Started...

<<<----  [OUT]
2020/11/03 22:15:18:865

I can't connect with the passive [192.168.100.113/5000] error_code:10061 !

<<<----  [OUT]
2020/11/03 22:15:21:354

Connecting Started...

<<<----  [OUT]
2020/11/03 22:15:23:406

I can't connect with the passive [192.168.100.113/5000] error_code:10061 !

<<<----  [OUT]
2020/11/03 22:15:25:885

Connecting Started...

<<<----  [OUT]
2020/11/03 22:15:27:941

I can't connect with the passive [192.168.100.113/5000] error_code:10061 !

<<<----  [OUT]
2020/11/03 22:15:30:416

Connecting Started...

<<<----  [OUT]
2020/11/03 22:15:32:470

I can't connect with the passive [192.168.100.113/5000] error_code:10061 !

<<<----  [OUT]
2020/11/03 22:15:34:948

Connecting Started...

<<<----  [OUT]
2020/11/03 22:15:36:996

I can't connect with the passive [192.168.100.113/5000] error_code:10061 !

<<<----  [OUT]
2020/11/03 22:15:39:479

Connecting Started...

<<<----  [OUT]
2020/11/03 22:15:41:521

I can't connect with the passive [192.168.100.113/5000] error_code:10061 !

<<<----  [OUT]
2020/11/03 22:15:44:011

Connecting Started...

<<<----  [OUT]
2020/11/03 22:15:46:061

I can't connect with the passive [192.168.100.113/5000] error_code:10061 !

<<<----  [OUT]
2020/11/03 22:15:48:543

Connecting Started...

<<<----  [OUT]
2020/11/03 22:15:50:593

I can't connect with the passive [192.168.100.113/5000] error_code:10061 !

<<<----  [OUT]
2020/11/03 22:15:53:073

Connecting Started...

<<<----  [OUT]
2020/11/03 22:15:55:119

I can't connect with the passive [192.168.100.113/5000] error_code:10061 !

<<<----  [OUT]
2020/11/03 22:15:57:606

Connecting Started...

<<<----  [OUT]
2020/11/03 22:15:59:658

I can't connect with the passive [192.168.100.113/5000] error_code:10061 !

<<<----  [OUT]
2020/11/03 22:16:02:136

Connecting Started...

<<<----  [OUT]
2020/11/03 22:16:04:187

I can't connect with the passive [192.168.100.113/5000] error_code:10061 !

<<<----  [OUT]
2020/11/03 22:16:06:666

Connecting Started...

<<<----  [OUT]
2020/11/03 22:16:08:710

I can't connect with the passive [192.168.100.113/5000] error_code:10061 !

<<<----  [OUT]
2020/11/03 22:16:11:199

Connecting Started...

<<<----  [OUT]
2020/11/03 22:16:13:243

I can't connect with the passive [192.168.100.113/5000] error_code:10061 !

<<<----  [OUT]
2020/11/03 22:16:15:730

Connecting Started...

<<<----  [OUT]
2020/11/03 22:16:17:783

I can't connect with the passive [192.168.100.113/5000] error_code:10061 !

<<<----  [OUT]
2020/11/03 22:16:20:261

Connecting Started...

<<<----  [OUT]
2020/11/03 22:16:22:305

I can't connect with the passive [192.168.100.113/5000] error_code:10061 !

<<<----  [OUT]
2020/11/03 22:16:24:793

Connecting Started...

<<<----  [OUT]
2020/11/03 22:16:26:832

I can't connect with the passive [192.168.100.113/5000] error_code:10061 !

<<<----  [OUT]
2020/11/03 22:16:29:324

Connecting Started...

<<<----  [OUT]
2020/11/03 22:16:31:368

I can't connect with the passive [192.168.100.113/5000] error_code:10061 !

<<<----  [OUT]
2020/11/03 22:16:33:856

Connecting Started...

<<<----  [OUT]
2020/11/03 22:16:35:905

I can't connect with the passive [192.168.100.113/5000] error_code:10061 !

<<<----  [OUT]
2020/11/03 22:16:38:387

Connecting Started...

<<<----  [OUT]
2020/11/03 22:16:40:419

I can't connect with the passive [192.168.100.113/5000] error_code:10061 !

<<<----  [OUT]
2020/11/03 22:16:42:901

Connecting Started...

<<<----  [OUT]
2020/11/03 22:16:44:927

I can't connect with the passive [192.168.100.113/5000] error_code:10061 !

<<<----  [OUT]
2020/11/03 22:16:47:416

Connecting Started...

<<<----  [OUT]
2020/11/03 22:16:49:465

I can't connect with the passive [192.168.100.113/5000] error_code:10061 !

<<<----  [OUT]
2020/11/03 22:16:51:949

Connecting Started...

<<<----  [OUT]
2020/11/03 22:16:53:991

I can't connect with the passive [192.168.100.113/5000] error_code:10061 !

<<<----  [OUT]
2020/11/03 22:16:56:479

Connecting Started...

<<<----  [OUT]
2020/11/03 22:16:58:520

I can't connect with the passive [192.168.100.113/5000] error_code:10061 !

<<<----  [OUT]
2020/11/03 22:17:01:011

Connecting Started...

<<<----  [OUT]
2020/11/03 22:17:03:041

I can't connect with the passive [192.168.100.113/5000] error_code:10061 !

<<<----  [OUT]
2020/11/03 22:17:05:527

Connecting Started...

<<<----  [OUT]
2020/11/03 22:17:07:569

I can't connect with the passive [192.168.100.113/5000] error_code:10061 !

<<<----  [OUT]
2020/11/03 22:17:10:057

Connecting Started...

<<<----  [OUT]
2020/11/03 22:17:12:114

I can't connect with the passive [192.168.100.113/5000] error_code:10061 !

<<<----  [OUT]
2020/11/03 22:17:14:604

Connecting Started...

<<<----  [OUT]
2020/11/03 22:17:16:648

I can't connect with the passive [192.168.100.113/5000] error_code:10061 !

<<<----  [OUT]
2020/11/03 22:17:19:137

Connecting Started...

<<<----  [OUT]
2020/11/03 22:17:21:183

I can't connect with the passive [192.168.100.113/5000] error_code:10061 !

<<<----  [OUT]
2020/11/03 22:17:23:667

Connecting Started...

<<<----  [OUT]
2020/11/03 22:17:25:718

I can't connect with the passive [192.168.100.113/5000] error_code:10061 !

<<<----  [OUT]
2020/11/03 22:17:28:198

Connecting Started...

<<<----  [OUT]
2020/11/03 22:17:30:247

I can't connect with the passive [192.168.100.113/5000] error_code:10061 !

<<<----  [OUT]
2020/11/03 22:17:32:730

Connecting Started...

<<<----  [OUT]
2020/11/03 22:17:34:786

I can't connect with the passive [192.168.100.113/5000] error_code:10061 !

<<<----  [OUT]
2020/11/03 22:17:37:277

Connecting Started...

<<<----  [OUT]
2020/11/03 22:17:39:327

I can't connect with the passive [192.168.100.113/5000] error_code:10061 !

<<<----  [OUT]
2020/11/03 22:17:41:808

Connecting Started...

<<<----  [OUT]
2020/11/03 22:17:43:863

I can't connect with the passive [192.168.100.113/5000] error_code:10061 !

<<<----  [OUT]
2020/11/03 22:17:46:354

Connecting Started...

<<<----  [OUT]
2020/11/03 22:17:48:394

I can't connect with the passive [192.168.100.113/5000] error_code:10061 !

<<<----  [OUT]
2020/11/03 22:17:50:886

Connecting Started...

<<<----  [OUT]
2020/11/03 22:17:52:929

I can't connect with the passive [192.168.100.113/5000] error_code:10061 !

<<<----  [OUT]
2020/11/03 22:17:55:418

Connecting Started...

<<<----  [OUT]
2020/11/03 22:17:57:460

I can't connect with the passive [192.168.100.113/5000] error_code:10061 !

<<<----  [OUT]
2020/11/03 22:17:59:947

Connecting Started...

<<<----  [OUT]
2020/11/03 22:18:01:992

I can't connect with the passive [192.168.100.113/5000] error_code:10061 !

<<<----  [OUT]
2020/11/03 22:18:04:479

Connecting Started...

<<<----  [OUT]
2020/11/03 22:18:06:526

I can't connect with the passive [192.168.100.113/5000] error_code:10061 !

<<<----  [OUT]
2020/11/03 22:18:09:011

Connecting Started...

<<<----  [OUT]
2020/11/03 22:18:11:059

I can't connect with the passive [192.168.100.113/5000] error_code:10061 !

<<<----  [OUT]
2020/11/03 22:18:13:542

Connecting Started...

<<<----  [OUT]
2020/11/03 22:18:15:605

I can't connect with the passive [192.168.100.113/5000] error_code:10061 !

<<<----  [OUT]
2020/11/03 22:18:18:089

Connecting Started...

<<<----  [OUT]
2020/11/03 22:18:20:144

I can't connect with the passive [192.168.100.113/5000] error_code:10061 !

<<<----  [OUT]
2020/11/03 22:18:22:620

Connecting Started...

<<<----  [OUT]
2020/11/03 22:18:24:673

I can't connect with the passive [192.168.100.113/5000] error_code:10061 !

<<<----  [OUT]
2020/11/03 22:18:27:151

Connecting Started...

<<<----  [OUT]
2020/11/03 22:18:29:213

I can't connect with the passive [192.168.100.113/5000] error_code:10061 !

<<<----  [OUT]
2020/11/03 22:18:31:699

Connecting Started...

<<<----  [OUT]
2020/11/03 22:18:33:752

I can't connect with the passive [192.168.100.113/5000] error_code:10061 !

<<<----  [OUT]
2020/11/03 22:18:36:230

Connecting Started...

<<<----  [OUT]
2020/11/03 22:18:38:288

I can't connect with the passive [192.168.100.113/5000] error_code:10061 !

<<<----  [OUT]
2020/11/03 22:18:40:776

Connecting Started...

<<<----  [OUT]
2020/11/03 22:18:42:838

I can't connect with the passive [192.168.100.113/5000] error_code:10061 !

<<<----  [OUT]
2020/11/03 22:18:45:323

Connecting Started...

<<<----  [OUT]
2020/11/03 22:18:47:375

I can't connect with the passive [192.168.100.113/5000] error_code:10061 !

<<<----  [OUT]
2020/11/03 22:18:49:855

Connecting Started...

<<<----  [OUT]
2020/11/03 22:18:51:901

I can't connect with the passive [192.168.100.113/5000] error_code:10061 !

<<<----  [OUT]
2020/11/03 22:18:54:385

Connecting Started...

<<<----  [OUT]
2020/11/03 22:18:56:437

I can't connect with the passive [192.168.100.113/5000] error_code:10061 !

<<<----  [OUT]
2020/11/03 22:18:58:917

Connecting Started...

<<<----  [OUT]
2020/11/03 22:19:00:977

I can't connect with the passive [192.168.100.113/5000] error_code:10061 !

<<<----  [OUT]
2020/11/03 22:19:03:465

Connecting Started...

<<<----  [OUT]
2020/11/03 22:19:05:535

I can't connect with the passive [192.168.100.113/5000] error_code:10061 !

<<<----  [OUT]
2020/11/03 22:19:08:028

Connecting Started...

<<<----  [OUT]
2020/11/03 22:19:10:088

I can't connect with the passive [192.168.100.113/5000] error_code:10061 !

<<<----  [OUT]
2020/11/03 22:19:12:573

Connecting Started...

<<<----  [OUT]
2020/11/03 22:19:14:635

I can't connect with the passive [192.168.100.113/5000] error_code:10061 !

<<<----  [OUT]
2020/11/03 22:19:17:121

Connecting Started...

<<<----  [OUT]
2020/11/03 22:19:19:173

I can't connect with the passive [192.168.100.113/5000] error_code:10061 !

<<<----  [OUT]
2020/11/03 22:19:21:652

Connecting Started...

<<<----  [OUT]
2020/11/03 22:19:23:679

I can't connect with the passive [192.168.100.113/5000] error_code:10061 !

<<<----  [OUT]
2020/11/03 22:19:26:168

Connecting Started...

<<<----  [OUT]
2020/11/03 22:19:28:221

I can't connect with the passive [192.168.100.113/5000] error_code:10061 !

<<<----  [OUT]
2020/11/03 22:19:30:699

Connecting Started...

<<<----  [OUT]
2020/11/03 22:19:32:743

I can't connect with the passive [192.168.100.113/5000] error_code:10061 !

<<<----  [OUT]
2020/11/03 22:19:35:230

Connecting Started...

<<<----  [OUT]
2020/11/03 22:19:37:266

I can't connect with the passive [192.168.100.113/5000] error_code:10061 !

<<<----  [OUT]
2020/11/03 22:19:39:746

Connecting Started...

<<<----  [OUT]
2020/11/03 22:19:41:800

I can't connect with the passive [192.168.100.113/5000] error_code:10061 !

<<<----  [OUT]
2020/11/03 22:19:44:277

Connecting Started...

<<<----  [OUT]
2020/11/03 22:19:46:341

I can't connect with the passive [192.168.100.113/5000] error_code:10061 !

<<<----  [OUT]
2020/11/03 22:19:48:823

Connecting Started...

<<<----  [OUT]
2020/11/03 22:19:50:876

I can't connect with the passive [192.168.100.113/5000] error_code:10061 !

<<<----  [OUT]
2020/11/03 22:19:53:355

Connecting Started...

<<<----  [OUT]
2020/11/03 22:19:55:408

I can't connect with the passive [192.168.100.113/5000] error_code:10061 !

<<<----  [OUT]
2020/11/03 22:19:57:886

Connecting Started...

<<<----  [OUT]
2020/11/03 22:19:59:936

I can't connect with the passive [192.168.100.113/5000] error_code:10061 !

<<<----  [OUT]
2020/11/03 22:20:02:417

Connecting Started...

<<<----  [OUT]
2020/11/03 22:20:04:455

I can't connect with the passive [192.168.100.113/5000] error_code:10061 !

<<<----  [OUT]
2020/11/03 22:20:06:933

Connecting Started...

<<<----  [OUT]
2020/11/03 22:20:08:985

I can't connect with the passive [192.168.100.113/5000] error_code:10061 !

<<<----  [OUT]
2020/11/03 22:20:11:465

Connecting Started...

<<<----  [OUT]
2020/11/03 22:20:13:524

I can't connect with the passive [192.168.100.113/5000] error_code:10061 !

<<<----  [OUT]
2020/11/03 22:20:16:012

Connecting Started...

<<<----  [OUT]
2020/11/03 22:20:18:052

I can't connect with the passive [192.168.100.113/5000] error_code:10061 !

<<<----  [OUT]
2020/11/03 22:20:20:542

Connecting Started...

<<<----  [OUT]
2020/11/03 22:20:22:599

I can't connect with the passive [192.168.100.113/5000] error_code:10061 !

<<<----  [OUT]
2020/11/03 22:20:25:090

Connecting Started...

<<<----  [OUT]
2020/11/03 22:20:27:139

I can't connect with the passive [192.168.100.113/5000] error_code:10061 !

<<<----  [OUT]
2020/11/03 22:20:29:620

Connecting Started...

<<<----  [OUT]
2020/11/03 22:20:31:674

I can't connect with the passive [192.168.100.113/5000] error_code:10061 !

<<<----  [OUT]
2020/11/03 22:20:34:152

Connecting Started...

<<<----  [OUT]
2020/11/03 22:20:36:202

I can't connect with the passive [192.168.100.113/5000] error_code:10061 !

<<<----  [OUT]
2020/11/03 22:20:38:682

Connecting Started...

<<<----  [OUT]
2020/11/03 22:20:40:735

I can't connect with the passive [192.168.100.113/5000] error_code:10061 !

<<<----  [OUT]
2020/11/03 22:20:43:215

Connecting Started...

<<<----  [OUT]
2020/11/03 22:20:45:278

I can't connect with the passive [192.168.100.113/5000] error_code:10061 !

<<<----  [OUT]
2020/11/03 22:20:47:762

Connecting Started...

<<<----  [OUT]
2020/11/03 22:20:49:821

I can't connect with the passive [192.168.100.113/5000] error_code:10061 !

<<<----  [OUT]
2020/11/03 22:20:52:308

Connecting Started...

<<<----  [OUT]
2020/11/03 22:20:54:354

I can't connect with the passive [192.168.100.113/5000] error_code:10061 !

<<<----  [OUT]
2020/11/03 22:20:56:839

Connecting Started...

<<<----  [OUT]
2020/11/03 22:20:58:887

I can't connect with the passive [192.168.100.113/5000] error_code:10061 !

<<<----  [OUT]
2020/11/03 22:21:01:371

Connecting Started...

<<<----  [OUT]
2020/11/03 22:21:03:423

I can't connect with the passive [192.168.100.113/5000] error_code:10061 !

<<<----  [OUT]
2020/11/03 22:21:05:900

Connecting Started...

<<<----  [OUT]
2020/11/03 22:21:07:941

I can't connect with the passive [192.168.100.113/5000] error_code:10061 !

<<<----  [OUT]
2020/11/03 22:21:10:416

Connecting Started...

<<<----  [OUT]
2020/11/03 22:21:12:467

I can't connect with the passive [192.168.100.113/5000] error_code:10061 !

<<<----  [OUT]
2020/11/03 22:21:14:948

Connecting Started...

<<<----  [OUT]
2020/11/03 22:21:17:005

I can't connect with the passive [192.168.100.113/5000] error_code:10061 !

<<<----  [OUT]
2020/11/03 22:21:19:496

Connecting Started...

<<<----  [OUT]
2020/11/03 22:21:21:534

I can't connect with the passive [192.168.100.113/5000] error_code:10061 !

<<<----  [OUT]
2020/11/03 22:21:24:011

Connecting Started...

<<<----  [OUT]
2020/11/03 22:21:26:063

I can't connect with the passive [192.168.100.113/5000] error_code:10061 !

<<<----  [OUT]
2020/11/03 22:21:28:543

Connecting Started...

<<<----  [OUT]
2020/11/03 22:21:30:577

I can't connect with the passive [192.168.100.113/5000] error_code:10061 !

<<<----  [OUT]
2020/11/03 22:21:33:058

Connecting Started...

<<<----  [OUT]
2020/11/03 22:21:35:110

I can't connect with the passive [192.168.100.113/5000] error_code:10061 !

<<<----  [OUT]
2020/11/03 22:21:37:588

Connecting Started...

<<<----  [OUT]
2020/11/03 22:21:39:629

I can't connect with the passive [192.168.100.113/5000] error_code:10061 !

<<<----  [OUT]
2020/11/03 22:21:42:120

Connecting Started...

<<<----  [OUT]
2020/11/03 22:21:44:176

I can't connect with the passive [192.168.100.113/5000] error_code:10061 !

<<<----  [OUT]
2020/11/03 22:21:46:668

Connecting Started...

<<<----  [OUT]
2020/11/03 22:21:48:725

I can't connect with the passive [192.168.100.113/5000] error_code:10061 !

<<<----  [OUT]
2020/11/03 22:21:51:215

Connecting Started...

<<<----  [OUT]
2020/11/03 22:21:53:267

I can't connect with the passive [192.168.100.113/5000] error_code:10061 !

<<<----  [OUT]
2020/11/03 22:21:55:745

Connecting Started...

<<<----  [OUT]
2020/11/03 22:21:57:784

I can't connect with the passive [192.168.100.113/5000] error_code:10061 !

<<<----  [OUT]
2020/11/03 22:22:00:261

Connecting Started...

<<<----  [OUT]
2020/11/03 22:22:02:310

I can't connect with the passive [192.168.100.113/5000] error_code:10061 !

<<<----  [OUT]
2020/11/03 22:22:04:793

Connecting Started...

<<<----  [OUT]
2020/11/03 22:22:06:846

I can't connect with the passive [192.168.100.113/5000] error_code:10061 !

<<<----  [OUT]
2020/11/03 22:22:09:323

Connecting Started...

<<<----  [OUT]
2020/11/03 22:22:11:383

I can't connect with the passive [192.168.100.113/5000] error_code:10061 !

<<<----  [OUT]
2020/11/03 22:22:13:869

Connecting Started...

<<<----  [OUT]
2020/11/03 22:22:15:920

I can't connect with the passive [192.168.100.113/5000] error_code:10061 !

<<<----  [OUT]
2020/11/03 22:22:18:402

Connecting Started...

<<<----  [OUT]
2020/11/03 22:22:20:456

I can't connect with the passive [192.168.100.113/5000] error_code:10061 !

<<<----  [OUT]
2020/11/03 22:22:22:932

Connecting Started...

<<<----  [OUT]
2020/11/03 22:22:24:983

I can't connect with the passive [192.168.100.113/5000] error_code:10061 !

<<<----  [OUT]
2020/11/03 22:22:27:463

Connecting Started...

<<<----  [OUT]
2020/11/03 22:22:29:511

I can't connect with the passive [192.168.100.113/5000] error_code:10061 !

<<<----  [OUT]
2020/11/03 22:22:31:995

Connecting Started...

<<<----  [OUT]
2020/11/03 22:22:34:044

I can't connect with the passive [192.168.100.113/5000] error_code:10061 !

<<<----  [OUT]
2020/11/03 22:22:36:526

Connecting Started...

<<<----  [OUT]
2020/11/03 22:22:38:564

I can't connect with the passive [192.168.100.113/5000] error_code:10061 !

<<<----  [OUT]
2020/11/03 22:22:41:042

Connecting Started...

<<<----  [OUT]
2020/11/03 22:22:43:088

I can't connect with the passive [192.168.100.113/5000] error_code:10061 !

<<<----  [OUT]
2020/11/03 22:22:45:574

Connecting Started...

<<<----  [OUT]
2020/11/03 22:22:47:622

I can't connect with the passive [192.168.100.113/5000] error_code:10061 !

<<<----  [OUT]
2020/11/03 22:22:50:105

Connecting Started...

<<<----  [OUT]
2020/11/03 22:22:52:145

I can't connect with the passive [192.168.100.113/5000] error_code:10061 !

<<<----  [OUT]
2020/11/03 22:22:54:635

Connecting Started...

<<<----  [OUT]
2020/11/03 22:22:56:687

I can't connect with the passive [192.168.100.113/5000] error_code:10061 !

<<<----  [OUT]
2020/11/03 22:22:59:167

Connecting Started...

<<<----  [OUT]
2020/11/03 22:23:01:216

I can't connect with the passive [192.168.100.113/5000] error_code:10061 !

<<<----  [OUT]
2020/11/03 22:23:03:699

Connecting Started...

<<<----  [OUT]
2020/11/03 22:23:05:762

I can't connect with the passive [192.168.100.113/5000] error_code:10061 !

<<<----  [OUT]
2020/11/03 22:23:08:246

Connecting Started...

<<<----  [OUT]
2020/11/03 22:23:10:308

I can't connect with the passive [192.168.100.113/5000] error_code:10061 !

<<<----  [OUT]
2020/11/03 22:23:12:792

Connecting Started...

<<<----  [OUT]
2020/11/03 22:23:14:848

I can't connect with the passive [192.168.100.113/5000] error_code:10061 !

<<<----  [OUT]
2020/11/03 22:23:17:339

Connecting Started...

<<<----  [OUT]
2020/11/03 22:23:19:392

I can't connect with the passive [192.168.100.113/5000] error_code:10061 !

<<<----  [OUT]
2020/11/03 22:23:21:870

Connecting Started...

<<<----  [OUT]
2020/11/03 22:23:23:911

I can't connect with the passive [192.168.100.113/5000] error_code:10061 !

<<<----  [OUT]
2020/11/03 22:23:26:402

Connecting Started...

<<<----  [OUT]
2020/11/03 22:23:28:456

I can't connect with the passive [192.168.100.113/5000] error_code:10061 !

<<<----  [OUT]
2020/11/03 22:23:30:932

Connecting Started...

<<<----  [OUT]
2020/11/03 22:23:32:975

I can't connect with the passive [192.168.100.113/5000] error_code:10061 !

<<<----  [OUT]
2020/11/03 22:23:35:464

Connecting Started...

<<<----  [OUT]
2020/11/03 22:23:37:505

I can't connect with the passive [192.168.100.113/5000] error_code:10061 !

<<<----  [OUT]
2020/11/03 22:23:39:995

Connecting Started...

<<<----  [OUT]
2020/11/03 22:23:42:053

I can't connect with the passive [192.168.100.113/5000] error_code:10061 !

<<<----  [OUT]
2020/11/03 22:23:44:542

Connecting Started...

<<<----  [OUT]
2020/11/03 22:23:46:610

I can't connect with the passive [192.168.100.113/5000] error_code:10061 !

<<<----  [OUT]
2020/11/03 22:23:49:090

Connecting Started...

<<<----  [OUT]
2020/11/03 22:23:51:141

I can't connect with the passive [192.168.100.113/5000] error_code:10061 !

<<<----  [OUT]
2020/11/03 22:23:53:620

Connecting Started...

<<<----  [OUT]
2020/11/03 22:23:55:663

I can't connect with the passive [192.168.100.113/5000] error_code:10061 !

<<<----  [OUT]
2020/11/03 22:23:58:152

Connecting Started...

<<<----  [OUT]
2020/11/03 22:24:00:197

I can't connect with the passive [192.168.100.113/5000] error_code:10061 !

<<<----  [OUT]
2020/11/03 22:24:02:683

Connecting Started...

<<<----  [OUT]
2020/11/03 22:24:04:731

I can't connect with the passive [192.168.100.113/5000] error_code:10061 !

<<<----  [OUT]
2020/11/03 22:24:07:214

Connecting Started...

<<<----  [OUT]
2020/11/03 22:24:09:270

I can't connect with the passive [192.168.100.113/5000] error_code:10061 !

<<<----  [OUT]
2020/11/03 22:24:11:760

Connecting Started...

<<<----  [OUT]
2020/11/03 22:24:13:822

I can't connect with the passive [192.168.100.113/5000] error_code:10061 !

<<<----  [OUT]
2020/11/03 22:24:16:308

Connecting Started...

<<<----  [OUT]
2020/11/03 22:24:18:358

I can't connect with the passive [192.168.100.113/5000] error_code:10061 !

<<<----  [OUT]
2020/11/03 22:24:20:839

Connecting Started...

<<<----  [OUT]
2020/11/03 22:24:22:889

I can't connect with the passive [192.168.100.113/5000] error_code:10061 !

<<<----  [OUT]
2020/11/03 22:24:25:370

Connecting Started...

<<<----  [OUT]
2020/11/03 22:24:27:430

I can't connect with the passive [192.168.100.113/5000] error_code:10061 !

<<<----  [OUT]
2020/11/03 22:24:29:917

Connecting Started...

<<<----  [OUT]
2020/11/03 22:24:31:976

I can't connect with the passive [192.168.100.113/5000] error_code:10061 !

<<<----  [OUT]
2020/11/03 22:24:34:464

Connecting Started...

<<<----  [OUT]
2020/11/03 22:24:36:508

I can't connect with the passive [192.168.100.113/5000] error_code:10061 !

<<<----  [OUT]
2020/11/03 22:24:38:994

Connecting Started...

<<<----  [OUT]
2020/11/03 22:24:41:037

I can't connect with the passive [192.168.100.113/5000] error_code:10061 !

<<<----  [OUT]
2020/11/03 22:24:43:526

Connecting Started...

<<<----  [OUT]
2020/11/03 22:24:45:582

I can't connect with the passive [192.168.100.113/5000] error_code:10061 !

<<<----  [OUT]
2020/11/03 22:24:48:073

Connecting Started...

<<<----  [OUT]
2020/11/03 22:24:50:129

I can't connect with the passive [192.168.100.113/5000] error_code:10061 !

<<<----  [OUT]
2020/11/03 22:24:52:620

Connecting Started...

<<<----  [OUT]
2020/11/03 22:24:54:678

I can't connect with the passive [192.168.100.113/5000] error_code:10061 !

<<<----  [OUT]
2020/11/03 22:24:57:168

Connecting Started...

<<<----  [OUT]
2020/11/03 22:24:59:199

I can't connect with the passive [192.168.100.113/5000] error_code:10061 !

<<<----  [OUT]
2020/11/03 22:25:01:682

Connecting Started...

<<<----  [OUT]
2020/11/03 22:25:03:736

I can't connect with the passive [192.168.100.113/5000] error_code:10061 !

<<<----  [OUT]
2020/11/03 22:25:06:215

Connecting Started...

<<<----  [OUT]
2020/11/03 22:25:08:258

I can't connect with the passive [192.168.100.113/5000] error_code:10061 !

<<<----  [OUT]
2020/11/03 22:25:10:745

Connecting Started...

<<<----  [OUT]
2020/11/03 22:25:12:802

I can't connect with the passive [192.168.100.113/5000] error_code:10061 !

<<<----  [OUT]
2020/11/03 22:25:15:291

Connecting Started...

<<<----  [OUT]
2020/11/03 22:25:17:342

I can't connect with the passive [192.168.100.113/5000] error_code:10061 !

<<<----  [OUT]
2020/11/03 22:25:19:824

Connecting Started...

<<<----  [OUT]
2020/11/03 22:25:21:890

I can't connect with the passive [192.168.100.113/5000] error_code:10061 !

<<<----  [OUT]
2020/11/03 22:25:24:370

Connecting Started...

<<<----  [OUT]
2020/11/03 22:25:26:397

I can't connect with the passive [192.168.100.113/5000] error_code:10061 !

<<<----  [OUT]
2020/11/03 22:25:28:885

Connecting Started...

<<<----  [OUT]
2020/11/03 22:25:30:937

I can't connect with the passive [192.168.100.113/5000] error_code:10061 !

<<<----  [OUT]
2020/11/03 22:25:33:417

Connecting Started...

<<<----  [OUT]
2020/11/03 22:25:35:463

I can't connect with the passive [192.168.100.113/5000] error_code:10061 !

<<<----  [OUT]
2020/11/03 22:25:37:949

Connecting Started...

<<<----  [OUT]
2020/11/03 22:25:40:004

I can't connect with the passive [192.168.100.113/5000] error_code:10061 !

<<<----  [OUT]
2020/11/03 22:25:42:496

Connecting Started...

<<<----  [OUT]
2020/11/03 22:25:44:544

I can't connect with the passive [192.168.100.113/5000] error_code:10061 !

<<<----  [OUT]
2020/11/03 22:25:47:027

Connecting Started...

<<<----  [OUT]
2020/11/03 22:25:49:069

I can't connect with the passive [192.168.100.113/5000] error_code:10061 !

<<<----  [OUT]
2020/11/03 22:25:51:559

Connecting Started...

<<<----  [OUT]
2020/11/03 22:25:53:608

I can't connect with the passive [192.168.100.113/5000] error_code:10061 !

<<<----  [OUT]
2020/11/03 22:25:56:088

Connecting Started...

<<<----  [OUT]
2020/11/03 22:25:58:132

I can't connect with the passive [192.168.100.113/5000] error_code:10061 !

<<<----  [OUT]
2020/11/03 22:26:00:620

Connecting Started...

<<<----  [OUT]
2020/11/03 22:26:02:661

I can't connect with the passive [192.168.100.113/5000] error_code:10061 !

<<<----  [OUT]
2020/11/03 22:26:05:152

Connecting Started...

<<<----  [OUT]
2020/11/03 22:26:07:188

I can't connect with the passive [192.168.100.113/5000] error_code:10061 !

<<<----  [OUT]
2020/11/03 22:26:09:666

Connecting Started...

<<<----  [OUT]
2020/11/03 22:26:11:726

I can't connect with the passive [192.168.100.113/5000] error_code:10061 !

<<<----  [OUT]
2020/11/03 22:26:14:214

Connecting Started...

<<<----  [OUT]
2020/11/03 22:26:16:276

I can't connect with the passive [192.168.100.113/5000] error_code:10061 !

<<<----  [OUT]
2020/11/03 22:26:18:761

Connecting Started...

<<<----  [OUT]
2020/11/03 22:26:20:799

I can't connect with the passive [192.168.100.113/5000] error_code:10061 !

<<<----  [OUT]
2020/11/03 22:26:23:277

Connecting Started...

<<<----  [OUT]
2020/11/03 22:26:25:323

I can't connect with the passive [192.168.100.113/5000] error_code:10061 !

<<<----  [OUT]
2020/11/03 22:26:27:809

Connecting Started...

<<<----  [OUT]
2020/11/03 22:26:29:863

I can't connect with the passive [192.168.100.113/5000] error_code:10061 !

<<<----  [OUT]
2020/11/03 22:26:32:354

Connecting Started...

<<<----  [OUT]
2020/11/03 22:26:34:408

I can't connect with the passive [192.168.100.113/5000] error_code:10061 !

<<<----  [OUT]
2020/11/03 22:26:36:886

Connecting Started...

<<<----  [OUT]
2020/11/03 22:26:38:916

I can't connect with the passive [192.168.100.113/5000] error_code:10061 !

<<<----  [OUT]
2020/11/03 22:26:41:402

Connecting Started...

<<<----  [OUT]
2020/11/03 22:26:43:457

I can't connect with the passive [192.168.100.113/5000] error_code:10061 !

<<<----  [OUT]
2020/11/03 22:26:45:948

Connecting Started...

<<<----  [OUT]
2020/11/03 22:26:47:990

I can't connect with the passive [192.168.100.113/5000] error_code:10061 !

<<<----  [OUT]
2020/11/03 22:26:50:480

Connecting Started...

<<<----  [OUT]
2020/11/03 22:26:52:533

I can't connect with the passive [192.168.100.113/5000] error_code:10061 !

<<<----  [OUT]
2020/11/03 22:26:55:012

Connecting Started...

<<<----  [OUT]
2020/11/03 22:26:57:073

I can't connect with the passive [192.168.100.113/5000] error_code:10061 !

<<<----  [OUT]
2020/11/03 22:26:59:559

Connecting Started...

<<<----  [OUT]
2020/11/03 22:27:01:610

I can't connect with the passive [192.168.100.113/5000] error_code:10061 !

<<<----  [OUT]
2020/11/03 22:27:04:090

Connecting Started...

<<<----  [OUT]
2020/11/03 22:27:06:133

I can't connect with the passive [192.168.100.113/5000] error_code:10061 !

<<<----  [OUT]
2020/11/03 22:27:08:620

Connecting Started...

<<<----  [OUT]
2020/11/03 22:27:10:681

I can't connect with the passive [192.168.100.113/5000] error_code:10061 !

<<<----  [OUT]
2020/11/03 22:27:13:167

Connecting Started...

<<<----  [OUT]
2020/11/03 22:27:15:217

I can't connect with the passive [192.168.100.113/5000] error_code:10061 !

<<<----  [OUT]
2020/11/03 22:27:17:698

Connecting Started...

<<<----  [OUT]
2020/11/03 22:27:19:743

I can't connect with the passive [192.168.100.113/5000] error_code:10061 !

<<<----  [OUT]
2020/11/03 22:27:22:230

Connecting Started...

<<<----  [OUT]
2020/11/03 22:27:24:279

I can't connect with the passive [192.168.100.113/5000] error_code:10061 !

<<<----  [OUT]
2020/11/03 22:27:26:761

Connecting Started...

<<<----  [OUT]
2020/11/03 22:27:28:804

I can't connect with the passive [192.168.100.113/5000] error_code:10061 !

<<<----  [OUT]
2020/11/03 22:27:31:292

Connecting Started...

<<<----  [OUT]
2020/11/03 22:27:33:329

I can't connect with the passive [192.168.100.113/5000] error_code:10061 !

<<<----  [OUT]
2020/11/03 22:27:35:808

Connecting Started...

<<<----  [OUT]
2020/11/03 22:27:37:835

I can't connect with the passive [192.168.100.113/5000] error_code:10061 !

<<<----  [OUT]
2020/11/03 22:27:40:323

Connecting Started...

<<<----  [OUT]
2020/11/03 22:27:42:380

I can't connect with the passive [192.168.100.113/5000] error_code:10061 !

<<<----  [OUT]
2020/11/03 22:27:44:871

Connecting Started...

<<<----  [OUT]
2020/11/03 22:27:46:920

I can't connect with the passive [192.168.100.113/5000] error_code:10061 !

<<<----  [OUT]
2020/11/03 22:27:49:402

Connecting Started...

<<<----  [OUT]
2020/11/03 22:27:51:445

I can't connect with the passive [192.168.100.113/5000] error_code:10061 !

<<<----  [OUT]
2020/11/03 22:27:53:933

Connecting Started...

<<<----  [OUT]
2020/11/03 22:27:55:977

I can't connect with the passive [192.168.100.113/5000] error_code:10061 !

<<<----  [OUT]
2020/11/03 22:27:58:463

Connecting Started...

<<<----  [OUT]
2020/11/03 22:28:00:499

I can't connect with the passive [192.168.100.113/5000] error_code:10061 !

<<<----  [OUT]
2020/11/03 22:28:02:979

Connecting Started...

<<<----  [OUT]
2020/11/03 22:28:05:016

I can't connect with the passive [192.168.100.113/5000] error_code:10061 !

<<<----  [OUT]
2020/11/03 22:28:07:495

Connecting Started...

<<<----  [OUT]
2020/11/03 22:28:09:537

I can't connect with the passive [192.168.100.113/5000] error_code:10061 !

<<<----  [OUT]
2020/11/03 22:28:12:026

Connecting Started...

<<<----  [OUT]
2020/11/03 22:28:14:069

I can't connect with the passive [192.168.100.113/5000] error_code:10061 !

<<<----  [OUT]
2020/11/03 22:28:16:558

Connecting Started...

<<<----  [OUT]
2020/11/03 22:28:18:607

I can't connect with the passive [192.168.100.113/5000] error_code:10061 !

<<<----  [OUT]
2020/11/03 22:28:21:089

Connecting Started...

<<<----  [OUT]
2020/11/03 22:28:23:132

I can't connect with the passive [192.168.100.113/5000] error_code:10061 !

<<<----  [OUT]
2020/11/03 22:28:25:621

Connecting Started...

<<<----  [OUT]
2020/11/03 22:28:27:677

I can't connect with the passive [192.168.100.113/5000] error_code:10061 !

<<<----  [OUT]
2020/11/03 22:28:30:167

Connecting Started...

<<<----  [OUT]
2020/11/03 22:28:32:209

I can't connect with the passive [192.168.100.113/5000] error_code:10061 !

<<<----  [OUT]
2020/11/03 22:28:34:697

Connecting Started...

<<<----  [OUT]
2020/11/03 22:28:36:749

I can't connect with the passive [192.168.100.113/5000] error_code:10061 !

<<<----  [OUT]
2020/11/03 22:28:39:230

Connecting Started...

<<<----  [OUT]
2020/11/03 22:28:41:285

I can't connect with the passive [192.168.100.113/5000] error_code:10061 !

<<<----  [OUT]
2020/11/03 22:28:43:760

Connecting Started...

<<<----  [OUT]
2020/11/03 22:28:45:811

I can't connect with the passive [192.168.100.113/5000] error_code:10061 !

<<<----  [OUT]
2020/11/03 22:28:48:293

Connecting Started...

<<<----  [OUT]
2020/11/03 22:28:50:329

I can't connect with the passive [192.168.100.113/5000] error_code:10061 !

<<<----  [OUT]
2020/11/03 22:28:52:807

Connecting Started...

<<<----  [OUT]
2020/11/03 22:28:54:850

I can't connect with the passive [192.168.100.113/5000] error_code:10061 !

<<<----  [OUT]
2020/11/03 22:28:57:339

Connecting Started...

<<<----  [OUT]
2020/11/03 22:28:59:385

I can't connect with the passive [192.168.100.113/5000] error_code:10061 !

<<<----  [OUT]
2020/11/03 22:29:01:870

Connecting Started...

<<<----  [OUT]
2020/11/03 22:29:03:911

I can't connect with the passive [192.168.100.113/5000] error_code:10061 !

<<<----  [OUT]
2020/11/03 22:29:06:402

Connecting Started...

<<<----  [OUT]
2020/11/03 22:29:08:452

I can't connect with the passive [192.168.100.113/5000] error_code:10061 !

<<<----  [OUT]
2020/11/03 22:29:10:933

Connecting Started...

<<<----  [OUT]
2020/11/03 22:29:12:981

I can't connect with the passive [192.168.100.113/5000] error_code:10061 !

<<<----  [OUT]
2020/11/03 22:29:15:464

Connecting Started...

<<<----  [OUT]
2020/11/03 22:29:17:512

I can't connect with the passive [192.168.100.113/5000] error_code:10061 !

<<<----  [OUT]
2020/11/03 22:29:19:995

Connecting Started...

<<<----  [OUT]
2020/11/03 22:29:22:046

I can't connect with the passive [192.168.100.113/5000] error_code:10061 !

<<<----  [OUT]
2020/11/03 22:29:24:526

Connecting Started...

<<<----  [OUT]
2020/11/03 22:29:26:576

I can't connect with the passive [192.168.100.113/5000] error_code:10061 !

<<<----  [OUT]
2020/11/03 22:29:29:057

Connecting Started...

<<<----  [OUT]
2020/11/03 22:29:31:109

I can't connect with the passive [192.168.100.113/5000] error_code:10061 !

<<<----  [OUT]
2020/11/03 22:29:33:590

Connecting Started...

<<<----  [OUT]
2020/11/03 22:29:35:637

I can't connect with the passive [192.168.100.113/5000] error_code:10061 !

<<<----  [OUT]
2020/11/03 22:29:38:120

Connecting Started...

<<<----  [OUT]
2020/11/03 22:29:40:168

I can't connect with the passive [192.168.100.113/5000] error_code:10061 !

<<<----  [OUT]
2020/11/03 22:29:42:651

Connecting Started...

<<<----  [OUT]
2020/11/03 22:29:44:710

I can't connect with the passive [192.168.100.113/5000] error_code:10061 !

<<<----  [OUT]
2020/11/03 22:29:47:199

Connecting Started...

<<<----  [OUT]
2020/11/03 22:29:49:257

I can't connect with the passive [192.168.100.113/5000] error_code:10061 !

<<<----  [OUT]
2020/11/03 22:29:51:745

Connecting Started...

<<<----  [OUT]
2020/11/03 22:29:53:785

I can't connect with the passive [192.168.100.113/5000] error_code:10061 !

<<<----  [OUT]
2020/11/03 22:29:56:276

Connecting Started...

<<<----  [OUT]
2020/11/03 22:29:58:336

I can't connect with the passive [192.168.100.113/5000] error_code:10061 !

<<<----  [OUT]
2020/11/03 22:30:00:824

Connecting Started...

<<<----  [OUT]
2020/11/03 22:30:02:866

I can't connect with the passive [192.168.100.113/5000] error_code:10061 !

<<<----  [OUT]
2020/11/03 22:30:05:355

Connecting Started...

<<<----  [OUT]
2020/11/03 22:30:07:397

I can't connect with the passive [192.168.100.113/5000] error_code:10061 !

<<<----  [OUT]
2020/11/03 22:30:09:885

Connecting Started...

<<<----  [OUT]
2020/11/03 22:30:11:937

I can't connect with the passive [192.168.100.113/5000] error_code:10061 !

<<<----  [OUT]
2020/11/03 22:30:14:418

Connecting Started...

<<<----  [OUT]
2020/11/03 22:30:16:472

I can't connect with the passive [192.168.100.113/5000] error_code:10061 !

<<<----  [OUT]
2020/11/03 22:30:18:948

Connecting Started...

<<<----  [OUT]
2020/11/03 22:30:21:011

I can't connect with the passive [192.168.100.113/5000] error_code:10061 !

<<<----  [OUT]
2020/11/03 22:30:23:495

Connecting Started...

<<<----  [OUT]
2020/11/03 22:30:25:548

I can't connect with the passive [192.168.100.113/5000] error_code:10061 !

<<<----  [OUT]
2020/11/03 22:30:28:026

Connecting Started...

<<<----  [OUT]
2020/11/03 22:30:30:068

I can't connect with the passive [192.168.100.113/5000] error_code:10061 !

<<<----  [OUT]
2020/11/03 22:30:32:558

Connecting Started...

<<<----  [OUT]
2020/11/03 22:30:34:608

I can't connect with the passive [192.168.100.113/5000] error_code:10061 !

<<<----  [OUT]
2020/11/03 22:30:37:089

Connecting Started...

<<<----  [OUT]
2020/11/03 22:30:39:137

I can't connect with the passive [192.168.100.113/5000] error_code:10061 !

<<<----  [OUT]
2020/11/03 22:30:41:621

Connecting Started...

<<<----  [OUT]
2020/11/03 22:30:43:666

I can't connect with the passive [192.168.100.113/5000] error_code:10061 !

<<<----  [OUT]
2020/11/03 22:30:46:151

Connecting Started...

<<<----  [OUT]
2020/11/03 22:30:48:197

I can't connect with the passive [192.168.100.113/5000] error_code:10061 !

<<<----  [OUT]
2020/11/03 22:30:50:683

Connecting Started...

<<<----  [OUT]
2020/11/03 22:30:52:734

I can't connect with the passive [192.168.100.113/5000] error_code:10061 !

<<<----  [OUT]
2020/11/03 22:30:55:214

Connecting Started...

<<<----  [OUT]
2020/11/03 22:30:57:275

I can't connect with the passive [192.168.100.113/5000] error_code:10061 !

<<<----  [OUT]
2020/11/03 22:30:59:762

Connecting Started...

<<<----  [OUT]
2020/11/03 22:31:01:821

I can't connect with the passive [192.168.100.113/5000] error_code:10061 !

<<<----  [OUT]
2020/11/03 22:31:04:308

Connecting Started...

<<<----  [OUT]
2020/11/03 22:31:06:349

I can't connect with the passive [192.168.100.113/5000] error_code:10061 !

<<<----  [OUT]
2020/11/03 22:31:08:838

Connecting Started...

<<<----  [OUT]
2020/11/03 22:31:10:896

I can't connect with the passive [192.168.100.113/5000] error_code:10061 !

<<<----  [OUT]
2020/11/03 22:31:13:386

Connecting Started...

<<<----  [OUT]
2020/11/03 22:31:15:459

I can't connect with the passive [192.168.100.113/5000] error_code:10061 !

<<<----  [OUT]
2020/11/03 22:31:17:949

Connecting Started...

<<<----  [OUT]
2020/11/03 22:31:20:007

I can't connect with the passive [192.168.100.113/5000] error_code:10061 !

<<<----  [OUT]
2020/11/03 22:31:22:496

Connecting Started...

<<<----  [OUT]
2020/11/03 22:31:24:547

I can't connect with the passive [192.168.100.113/5000] error_code:10061 !

<<<----  [OUT]
2020/11/03 22:31:27:027

Connecting Started...

<<<----  [OUT]
2020/11/03 22:31:29:079

I can't connect with the passive [192.168.100.113/5000] error_code:10061 !

<<<----  [OUT]
2020/11/03 22:31:31:558

Connecting Started...

<<<----  [OUT]
2020/11/03 22:31:33:603

I can't connect with the passive [192.168.100.113/5000] error_code:10061 !

<<<----  [OUT]
2020/11/03 22:31:36:090

Connecting Started...

<<<----  [OUT]
2020/11/03 22:31:38:129

I can't connect with the passive [192.168.100.113/5000] error_code:10061 !

<<<----  [OUT]
2020/11/03 22:31:40:619

Connecting Started...

<<<----  [OUT]
2020/11/03 22:31:42:670

I can't connect with the passive [192.168.100.113/5000] error_code:10061 !

<<<----  [OUT]
2020/11/03 22:31:45:152

Connecting Started...

<<<----  [OUT]
2020/11/03 22:31:47:203

I can't connect with the passive [192.168.100.113/5000] error_code:10061 !

<<<----  [OUT]
2020/11/03 22:31:49:683

Connecting Started...

<<<----  [OUT]
2020/11/03 22:31:51:747

I can't connect with the passive [192.168.100.113/5000] error_code:10061 !

<<<----  [OUT]
2020/11/03 22:31:54:229

Connecting Started...

<<<----  [OUT]
2020/11/03 22:31:56:291

I can't connect with the passive [192.168.100.113/5000] error_code:10061 !

<<<----  [OUT]
2020/11/03 22:31:58:777

Connecting Started...

<<<----  [OUT]
2020/11/03 22:32:00:808

I can't connect with the passive [192.168.100.113/5000] error_code:10061 !

<<<----  [OUT]
2020/11/03 22:32:03:292

Connecting Started...

<<<----  [OUT]
2020/11/03 22:32:05:347

I can't connect with the passive [192.168.100.113/5000] error_code:10061 !

<<<----  [OUT]
2020/11/03 22:32:07:823

Connecting Started...

<<<----  [OUT]
2020/11/03 22:32:09:885

I can't connect with the passive [192.168.100.113/5000] error_code:10061 !

<<<----  [OUT]
2020/11/03 22:32:12:370

Connecting Started...

<<<----  [OUT]
2020/11/03 22:32:14:430

I can't connect with the passive [192.168.100.113/5000] error_code:10061 !

<<<----  [OUT]
2020/11/03 22:32:16:917

Connecting Started...

<<<----  [OUT]
2020/11/03 22:32:18:975

I can't connect with the passive [192.168.100.113/5000] error_code:10061 !

<<<----  [OUT]
2020/11/03 22:32:21:463

Connecting Started...

<<<----  [OUT]
2020/11/03 22:32:23:507

I can't connect with the passive [192.168.100.113/5000] error_code:10061 !

<<<----  [OUT]
2020/11/03 22:32:25:995

Connecting Started...

<<<----  [OUT]
2020/11/03 22:32:28:059

I can't connect with the passive [192.168.100.113/5000] error_code:10061 !

<<<----  [OUT]
2020/11/03 22:32:30:542

Connecting Started...

<<<----  [OUT]
2020/11/03 22:32:32:597

I can't connect with the passive [192.168.100.113/5000] error_code:10061 !

<<<----  [OUT]
2020/11/03 22:32:35:089

Connecting Started...

<<<----  [OUT]
2020/11/03 22:32:37:145

I can't connect with the passive [192.168.100.113/5000] error_code:10061 !

<<<----  [OUT]
2020/11/03 22:32:39:636

Connecting Started...

<<<----  [OUT]
2020/11/03 22:32:41:688

I can't connect with the passive [192.168.100.113/5000] error_code:10061 !

<<<----  [OUT]
2020/11/03 22:32:44:167

Connecting Started...

<<<----  [OUT]
2020/11/03 22:32:46:226

I can't connect with the passive [192.168.100.113/5000] error_code:10061 !

<<<----  [OUT]
2020/11/03 22:32:48:713

Connecting Started...

<<<----  [OUT]
2020/11/03 22:32:50:763

I can't connect with the passive [192.168.100.113/5000] error_code:10061 !

<<<----  [OUT]
2020/11/03 22:32:53:245

Connecting Started...

<<<----  [OUT]
2020/11/03 22:32:55:303

I can't connect with the passive [192.168.100.113/5000] error_code:10061 !

<<<----  [OUT]
2020/11/03 22:32:57:792

Connecting Started...

<<<----  [OUT]
2020/11/03 22:32:59:853

I can't connect with the passive [192.168.100.113/5000] error_code:10061 !

<<<----  [OUT]
2020/11/03 22:33:02:340

Connecting Started...

<<<----  [OUT]
2020/11/03 22:33:04:393

I can't connect with the passive [192.168.100.113/5000] error_code:10061 !

<<<----  [OUT]
2020/11/03 22:33:06:871

Connecting Started...

<<<----  [OUT]
2020/11/03 22:33:08:899

I can't connect with the passive [192.168.100.113/5000] error_code:10061 !

<<<----  [OUT]
2020/11/03 22:33:11:386

Connecting Started...

<<<----  [OUT]
2020/11/03 22:33:13:448

I can't connect with the passive [192.168.100.113/5000] error_code:10061 !

<<<----  [OUT]
2020/11/03 22:33:15:933

Connecting Started...

<<<----  [OUT]
2020/11/03 22:33:17:982

I can't connect with the passive [192.168.100.113/5000] error_code:10061 !

<<<----  [OUT]
2020/11/03 22:33:20:464

Connecting Started...

<<<----  [OUT]
2020/11/03 22:33:22:508

I can't connect with the passive [192.168.100.113/5000] error_code:10061 !

<<<----  [OUT]
2020/11/03 22:33:24:994

Connecting Started...

<<<----  [OUT]
2020/11/03 22:33:27:050

I can't connect with the passive [192.168.100.113/5000] error_code:10061 !

<<<----  [OUT]
2020/11/03 22:33:29:527

Connecting Started...

<<<----  [OUT]
2020/11/03 22:33:31:589

I can't connect with the passive [192.168.100.113/5000] error_code:10061 !

<<<----  [OUT]
2020/11/03 22:33:34:074

Connecting Started...

<<<----  [OUT]
2020/11/03 22:33:36:141

I can't connect with the passive [192.168.100.113/5000] error_code:10061 !

<<<----  [OUT]
2020/11/03 22:33:38:620

Connecting Started...

<<<----  [OUT]
2020/11/03 22:33:40:680

I can't connect with the passive [192.168.100.113/5000] error_code:10061 !

<<<----  [OUT]
2020/11/03 22:33:43:168

Connecting Started...

<<<----  [OUT]
2020/11/03 22:33:45:230

I can't connect with the passive [192.168.100.113/5000] error_code:10061 !

<<<----  [OUT]
2020/11/03 22:33:47:714

Connecting Started...

<<<----  [OUT]
2020/11/03 22:33:49:767

I can't connect with the passive [192.168.100.113/5000] error_code:10061 !

<<<----  [OUT]
2020/11/03 22:33:52:246

Connecting Started...

<<<----  [OUT]
2020/11/03 22:33:54:293

I can't connect with the passive [192.168.100.113/5000] error_code:10061 !

<<<----  [OUT]
2020/11/03 22:33:56:777

Connecting Started...

<<<----  [OUT]
2020/11/03 22:33:58:804

I can't connect with the passive [192.168.100.113/5000] error_code:10061 !

<<<----  [OUT]
2020/11/03 22:34:01:291

Connecting Started...

<<<----  [OUT]
2020/11/03 22:34:03:325

I can't connect with the passive [192.168.100.113/5000] error_code:10061 !

<<<----  [OUT]
2020/11/03 22:34:05:808

Connecting Started...

<<<----  [OUT]
2020/11/03 22:34:07:855

I can't connect with the passive [192.168.100.113/5000] error_code:10061 !

<<<----  [OUT]
2020/11/03 22:34:10:338

Connecting Started...

<<<----  [OUT]
2020/11/03 22:34:12:386

I can't connect with the passive [192.168.100.113/5000] error_code:10061 !

<<<----  [OUT]
2020/11/03 22:34:14:871

Connecting Started...

<<<----  [OUT]
2020/11/03 22:34:16:927

I can't connect with the passive [192.168.100.113/5000] error_code:10061 !

<<<----  [OUT]
2020/11/03 22:34:19:417

Connecting Started...

<<<----  [OUT]
2020/11/03 22:34:21:456

I can't connect with the passive [192.168.100.113/5000] error_code:10061 !

<<<----  [OUT]
2020/11/03 22:34:23:932

Connecting Started...

<<<----  [OUT]
2020/11/03 22:34:25:981

I can't connect with the passive [192.168.100.113/5000] error_code:10061 !

<<<----  [OUT]
2020/11/03 22:34:28:465

Connecting Started...

<<<----  [OUT]
2020/11/03 22:34:30:519

I can't connect with the passive [192.168.100.113/5000] error_code:10061 !

<<<----  [OUT]
2020/11/03 22:34:32:996

Connecting Started...

<<<----  [OUT]
2020/11/03 22:34:35:058

I can't connect with the passive [192.168.100.113/5000] error_code:10061 !

<<<----  [OUT]
2020/11/03 22:34:37:542

Connecting Started...

<<<----  [OUT]
2020/11/03 22:34:39:610

I can't connect with the passive [192.168.100.113/5000] error_code:10061 !

<<<----  [OUT]
2020/11/03 22:34:42:089

Connecting Started...

<<<----  [OUT]
2020/11/03 22:34:44:151

I can't connect with the passive [192.168.100.113/5000] error_code:10061 !

<<<----  [OUT]
2020/11/03 22:34:46:635

Connecting Started...

<<<----  [OUT]
2020/11/03 22:34:48:692

I can't connect with the passive [192.168.100.113/5000] error_code:10061 !

<<<----  [OUT]
2020/11/03 22:34:51:182

Connecting Started...

<<<----  [OUT]
2020/11/03 22:34:53:223

I can't connect with the passive [192.168.100.113/5000] error_code:10061 !

<<<----  [OUT]
2020/11/03 22:34:55:714

Connecting Started...

<<<----  [OUT]
2020/11/03 22:34:57:774

I can't connect with the passive [192.168.100.113/5000] error_code:10061 !

<<<----  [OUT]
2020/11/03 22:35:00:261

Connecting Started...

<<<----  [OUT]
2020/11/03 22:35:02:316

I can't connect with the passive [192.168.100.113/5000] error_code:10061 !

<<<----  [OUT]
2020/11/03 22:35:04:809

Connecting Started...

<<<----  [OUT]
2020/11/03 22:35:06:856

I can't connect with the passive [192.168.100.113/5000] error_code:10061 !

<<<----  [OUT]
2020/11/03 22:35:09:339

Connecting Started...
