
<<<----  [OUT]
2020/10/28 14:22:39:089

---------------------------------------------------------------------
// FA : Start Log ...


<<<----  [OUT]
2020/10/28 14:22:39:092

//-------------------------------------------------------------
Property Information

   Driver Type [HSMS]
   Driver Mode [ACTIVE]
   IP    [192.168.100.113]
   Port  [5000]
//-------------------------------------------------------------


<<<----  [OUT]
2020/10/28 14:22:39:693

Auto-Start Started ... (Active)

<<<----  [OUT]
2020/10/28 14:22:39:784

Auto-Start Started ...  Waiting Stop-Connection.

<<<----  [OUT]
2020/10/28 14:22:39:784

Auto-Start Started ...  Waiting Open-Socket.

<<<----  [OUT]
2020/10/28 14:22:39:815

Socket Open Started...

<<<----  [OUT]
2020/10/28 14:22:39:815

Socket Open Completed...

<<<----  [OUT]
2020/10/28 14:22:39:815

Connecting Started...

<<<----  [OUT]
2020/10/28 14:22:39:875

Auto-Start Completed ...  (Active)

<<<----  [OUT]
2020/10/28 14:22:41:867

I can't connect with the passive [192.168.100.113/5000] error_code:10061 !

<<<----  [OUT]
2020/10/28 14:22:44:354

Connecting Started...

<<<----  [OUT]
2020/10/28 14:22:46:389

I can't connect with the passive [192.168.100.113/5000] error_code:10061 !

<<<----  [OUT]
2020/10/28 14:22:48:871

Connecting Started...

<<<----  [OUT]
2020/10/28 14:22:50:907

I can't connect with the passive [192.168.100.113/5000] error_code:10061 !

<<<----  [OUT]
2020/10/28 14:22:53:387

Connecting Started...

<<<----  [OUT]
2020/10/28 14:22:55:425

I can't connect with the passive [192.168.100.113/5000] error_code:10061 !

<<<----  [OUT]
2020/10/28 14:22:57:903

Connecting Started...

<<<----  [OUT]
2020/10/28 14:22:59:947

I can't connect with the passive [192.168.100.113/5000] error_code:10061 !

<<<----  [OUT]
2020/10/28 14:23:02:434

Connecting Started...

<<<----  [OUT]
2020/10/28 14:23:04:479

I can't connect with the passive [192.168.100.113/5000] error_code:10061 !

<<<----  [OUT]
2020/10/28 14:23:06:963

Connecting Started...

<<<----  [OUT]
2020/10/28 14:23:09:006

I can't connect with the passive [192.168.100.113/5000] error_code:10061 !

<<<----  [OUT]
2020/10/28 14:23:11:495

Connecting Started...

<<<----  [OUT]
2020/10/28 14:23:13:545

I can't connect with the passive [192.168.100.113/5000] error_code:10061 !

<<<----  [OUT]
2020/10/28 14:23:16:027

Connecting Started...

<<<----  [OUT]
2020/10/28 14:23:18:076

I can't connect with the passive [192.168.100.113/5000] error_code:10061 !

<<<----  [OUT]
2020/10/28 14:23:20:558

Connecting Started...

<<<----  [OUT]
2020/10/28 14:23:22:616

I can't connect with the passive [192.168.100.113/5000] error_code:10061 !

<<<----  [OUT]
2020/10/28 14:23:25:105

Connecting Started...

<<<----  [OUT]
2020/10/28 14:23:27:150

I can't connect with the passive [192.168.100.113/5000] error_code:10061 !

<<<----  [OUT]
2020/10/28 14:23:29:636

Connecting Started...

<<<----  [OUT]
2020/10/28 14:23:31:684

I can't connect with the passive [192.168.100.113/5000] error_code:10061 !

<<<----  [OUT]
2020/10/28 14:23:34:168

Connecting Started...

<<<----  [OUT]
2020/10/28 14:23:36:207

I can't connect with the passive [192.168.100.113/5000] error_code:10061 !

<<<----  [OUT]
2020/10/28 14:23:38:699

Connecting Started...

<<<----  [OUT]
2020/10/28 14:23:40:733

I can't connect with the passive [192.168.100.113/5000] error_code:10061 !

<<<----  [OUT]
2020/10/28 14:23:43:214

Connecting Started...

<<<----  [OUT]
2020/10/28 14:23:45:246

I can't connect with the passive [192.168.100.113/5000] error_code:10061 !

<<<----  [OUT]
2020/10/28 14:23:47:731

Connecting Started...

<<<----  [OUT]
2020/10/28 14:23:49:765

I can't connect with the passive [192.168.100.113/5000] error_code:10061 !

<<<----  [OUT]
2020/10/28 14:23:52:245

Connecting Started...

<<<----  [OUT]
2020/10/28 14:23:54:292

I can't connect with the passive [192.168.100.113/5000] error_code:10061 !

<<<----  [OUT]
2020/10/28 14:23:56:777

Connecting Started...

<<<----  [OUT]
2020/10/28 14:23:58:822

I can't connect with the passive [192.168.100.113/5000] error_code:10061 !

<<<----  [OUT]
2020/10/28 14:24:01:307

Connecting Started...

<<<----  [OUT]
2020/10/28 14:24:03:349

I can't connect with the passive [192.168.100.113/5000] error_code:10061 !

<<<----  [OUT]
2020/10/28 14:24:05:839

Connecting Started...

<<<----  [OUT]
2020/10/28 14:24:07:895

I can't connect with the passive [192.168.100.113/5000] error_code:10061 !

<<<----  [OUT]
2020/10/28 14:24:10:387

Connecting Started...

<<<----  [OUT]
2020/10/28 14:24:12:432

I can't connect with the passive [192.168.100.113/5000] error_code:10061 !

<<<----  [OUT]
2020/10/28 14:24:14:918

Connecting Started...

<<<----  [OUT]
2020/10/28 14:24:16:931

I can't connect with the passive [192.168.100.113/5000] error_code:10061 !

<<<----  [OUT]
2020/10/28 14:24:19:417

Connecting Started...

<<<----  [OUT]
2020/10/28 14:24:40:441

I can't connect with the passive [192.168.100.113/5000] error_code:10060 !

<<<----  [OUT]
2020/10/28 14:24:42:917

Connecting Started...

<<<----  [OUT]
2020/10/28 14:25:03:949

I can't connect with the passive [192.168.100.113/5000] error_code:10060 !

<<<----  [OUT]
2020/10/28 14:25:06:433

Connecting Started...

<<<----  [OUT]
2020/10/28 14:25:27:477

I can't connect with the passive [192.168.100.113/5000] error_code:10060 !

<<<----  [OUT]
2020/10/28 14:25:29:964

Connecting Started...
