
<<<----  [OUT]
2020/10/28 10:00:00:199

Connecting Started...

<<<----  [OUT]
2020/10/28 10:00:02:227

I can't connect with the passive [192.168.100.113/5000] error_code:10061 !

<<<----  [OUT]
2020/10/28 10:00:04:714

Connecting Started...

<<<----  [OUT]
2020/10/28 10:00:06:764

I can't connect with the passive [192.168.100.113/5000] error_code:10061 !

<<<----  [OUT]
2020/10/28 10:00:09:245

Connecting Started...

<<<----  [OUT]
2020/10/28 10:00:11:303

I can't connect with the passive [192.168.100.113/5000] error_code:10061 !

<<<----  [OUT]
2020/10/28 10:00:13:792

Connecting Started...

<<<----  [OUT]
2020/10/28 10:00:15:849

I can't connect with the passive [192.168.100.113/5000] error_code:10061 !

<<<----  [OUT]
2020/10/28 10:00:18:340

Connecting Started...

<<<----  [OUT]
2020/10/28 10:00:20:388

I can't connect with the passive [192.168.100.113/5000] error_code:10061 !

<<<----  [OUT]
2020/10/28 10:00:22:870

Connecting Started...

<<<----  [OUT]
2020/10/28 10:00:24:905

I can't connect with the passive [192.168.100.113/5000] error_code:10061 !

<<<----  [OUT]
2020/10/28 10:00:27:387

Connecting Started...

<<<----  [OUT]
2020/10/28 10:00:29:418

I can't connect with the passive [192.168.100.113/5000] error_code:10061 !

<<<----  [OUT]
2020/10/28 10:00:31:903

Connecting Started...

<<<----  [OUT]
2020/10/28 10:00:33:929

I can't connect with the passive [192.168.100.113/5000] error_code:10061 !

<<<----  [OUT]
2020/10/28 10:00:36:418

Connecting Started...

<<<----  [OUT]
2020/10/28 10:00:38:438

I can't connect with the passive [192.168.100.113/5000] error_code:10061 !

<<<----  [OUT]
2020/10/28 10:00:40:917

Connecting Started...

<<<----  [OUT]
2020/10/28 10:00:42:965

I can't connect with the passive [192.168.100.113/5000] error_code:10061 !

<<<----  [OUT]
2020/10/28 10:00:45:449

Connecting Started...

<<<----  [OUT]
2020/10/28 10:00:47:475

I can't connect with the passive [192.168.100.113/5000] error_code:10061 !

<<<----  [OUT]
2020/10/28 10:00:49:963

Connecting Started...

<<<----  [OUT]
2020/10/28 10:00:52:010

I can't connect with the passive [192.168.100.113/5000] error_code:10061 !

<<<----  [OUT]
2020/10/28 10:00:54:496

Connecting Started...

<<<----  [OUT]
2020/10/28 10:00:56:525

I can't connect with the passive [192.168.100.113/5000] error_code:10061 !

<<<----  [OUT]
2020/10/28 10:00:59:010

Connecting Started...

<<<----  [OUT]
2020/10/28 10:01:01:053

I can't connect with the passive [192.168.100.113/5000] error_code:10061 !

<<<----  [OUT]
2020/10/28 10:01:03:543

Connecting Started...

<<<----  [OUT]
2020/10/28 10:01:05:584

I can't connect with the passive [192.168.100.113/5000] error_code:10061 !

<<<----  [OUT]
2020/10/28 10:01:08:074

Connecting Started...

<<<----  [OUT]
2020/10/28 10:01:10:108

I can't connect with the passive [192.168.100.113/5000] error_code:10061 !

<<<----  [OUT]
2020/10/28 10:01:12:590

Connecting Started...

<<<----  [OUT]
2020/10/28 10:01:14:616

I can't connect with the passive [192.168.100.113/5000] error_code:10061 !

<<<----  [OUT]
2020/10/28 10:01:17:106

Connecting Started...

<<<----  [OUT]
2020/10/28 10:01:19:150

I can't connect with the passive [192.168.100.113/5000] error_code:10061 !

<<<----  [OUT]
2020/10/28 10:01:21:636

Connecting Started...

<<<----  [OUT]
2020/10/28 10:01:23:668

I can't connect with the passive [192.168.100.113/5000] error_code:10061 !

<<<----  [OUT]
2020/10/28 10:01:26:152

Connecting Started...

<<<----  [OUT]
2020/10/28 10:01:28:191

I can't connect with the passive [192.168.100.113/5000] error_code:10061 !

<<<----  [OUT]
2020/10/28 10:01:30:667

Connecting Started...

<<<----  [OUT]
2020/10/28 10:01:32:698

I can't connect with the passive [192.168.100.113/5000] error_code:10061 !

<<<----  [OUT]
2020/10/28 10:01:35:183

Connecting Started...

<<<----  [OUT]
2020/10/28 10:01:37:209

I can't connect with the passive [192.168.100.113/5000] error_code:10061 !

<<<----  [OUT]
2020/10/28 10:01:39:699

Connecting Started...

<<<----  [OUT]
2020/10/28 10:01:41:741

I can't connect with the passive [192.168.100.113/5000] error_code:10061 !

<<<----  [OUT]
2020/10/28 10:01:44:230

Connecting Started...

<<<----  [OUT]
2020/10/28 10:01:46:267

I can't connect with the passive [192.168.100.113/5000] error_code:10061 !

<<<----  [OUT]
2020/10/28 10:01:48:745

Connecting Started...

<<<----  [OUT]
2020/10/28 10:01:50:777

I can't connect with the passive [192.168.100.113/5000] error_code:10061 !

<<<----  [OUT]
2020/10/28 10:01:53:261

Connecting Started...

<<<----  [OUT]
2020/10/28 10:01:55:308

I can't connect with the passive [192.168.100.113/5000] error_code:10061 !

<<<----  [OUT]
2020/10/28 10:01:57:793

Connecting Started...

<<<----  [OUT]
2020/10/28 10:01:59:840

I can't connect with the passive [192.168.100.113/5000] error_code:10061 !

<<<----  [OUT]
2020/10/28 10:02:02:324

Connecting Started...

<<<----  [OUT]
2020/10/28 10:02:04:354

I can't connect with the passive [192.168.100.113/5000] error_code:10061 !

<<<----  [OUT]
2020/10/28 10:02:06:839

Connecting Started...

<<<----  [OUT]
2020/10/28 10:02:08:885

I can't connect with the passive [192.168.100.113/5000] error_code:10061 !

<<<----  [OUT]
2020/10/28 10:02:11:370

Connecting Started...

<<<----  [OUT]
2020/10/28 10:02:13:417

I can't connect with the passive [192.168.100.113/5000] error_code:10061 !

<<<----  [OUT]
2020/10/28 10:02:15:903

Connecting Started...

<<<----  [OUT]
2020/10/28 10:02:17:948

I can't connect with the passive [192.168.100.113/5000] error_code:10061 !

<<<----  [OUT]
2020/10/28 10:02:20:434

Connecting Started...

<<<----  [OUT]
2020/10/28 10:02:22:471

I can't connect with the passive [192.168.100.113/5000] error_code:10061 !

<<<----  [OUT]
2020/10/28 10:02:24:950

Connecting Started...

<<<----  [OUT]
2020/10/28 10:02:26:985

I can't connect with the passive [192.168.100.113/5000] error_code:10061 !

<<<----  [OUT]
2020/10/28 10:02:29:463

Connecting Started...

<<<----  [OUT]
2020/10/28 10:02:31:505

I can't connect with the passive [192.168.100.113/5000] error_code:10061 !

<<<----  [OUT]
2020/10/28 10:02:33:996

Connecting Started...

<<<----  [OUT]
2020/10/28 10:02:36:032

I can't connect with the passive [192.168.100.113/5000] error_code:10061 !

<<<----  [OUT]
2020/10/28 10:02:38:510

Connecting Started...

<<<----  [OUT]
2020/10/28 10:02:40:536

I can't connect with the passive [192.168.100.113/5000] error_code:10061 !

<<<----  [OUT]
2020/10/28 10:02:43:026

Connecting Started...

<<<----  [OUT]
2020/10/28 10:02:45:069

I can't connect with the passive [192.168.100.113/5000] error_code:10061 !

<<<----  [OUT]
2020/10/28 10:02:47:557

Connecting Started...

<<<----  [OUT]
2020/10/28 10:02:49:593

I can't connect with the passive [192.168.100.113/5000] error_code:10061 !

<<<----  [OUT]
2020/10/28 10:02:52:074

Connecting Started...

<<<----  [OUT]
2020/10/28 10:02:54:114

I can't connect with the passive [192.168.100.113/5000] error_code:10061 !

<<<----  [OUT]
2020/10/28 10:02:56:606

Connecting Started...

<<<----  [OUT]
2020/10/28 10:02:58:636

I can't connect with the passive [192.168.100.113/5000] error_code:10061 !

<<<----  [OUT]
2020/10/28 10:03:01:121

Connecting Started...

<<<----  [OUT]
2020/10/28 10:03:03:176

I can't connect with the passive [192.168.100.113/5000] error_code:10061 !

<<<----  [OUT]
2020/10/28 10:03:05:667

Connecting Started...

<<<----  [OUT]
2020/10/28 10:03:07:711

I can't connect with the passive [192.168.100.113/5000] error_code:10061 !

<<<----  [OUT]
2020/10/28 10:03:10:199

Connecting Started...

<<<----  [OUT]
2020/10/28 10:03:12:247

I can't connect with the passive [192.168.100.113/5000] error_code:10061 !

<<<----  [OUT]
2020/10/28 10:03:14:729

Connecting Started...

<<<----  [OUT]
2020/10/28 10:03:16:749

I can't connect with the passive [192.168.100.113/5000] error_code:10061 !

<<<----  [OUT]
2020/10/28 10:03:19:229

Connecting Started...

<<<----  [OUT]
2020/10/28 10:03:21:278

I can't connect with the passive [192.168.100.113/5000] error_code:10061 !

<<<----  [OUT]
2020/10/28 10:03:23:760

Connecting Started...

<<<----  [OUT]
2020/10/28 10:03:25:802

I can't connect with the passive [192.168.100.113/5000] error_code:10061 !

<<<----  [OUT]
2020/10/28 10:03:28:292

Connecting Started...

<<<----  [OUT]
2020/10/28 10:03:30:334

I can't connect with the passive [192.168.100.113/5000] error_code:10061 !

<<<----  [OUT]
2020/10/28 10:03:32:823

Connecting Started...

<<<----  [OUT]
2020/10/28 10:03:34:874

I can't connect with the passive [192.168.100.113/5000] error_code:10061 !

<<<----  [OUT]
2020/10/28 10:03:37:354

Connecting Started...

<<<----  [OUT]
2020/10/28 10:03:39:387

I can't connect with the passive [192.168.100.113/5000] error_code:10061 !

<<<----  [OUT]
2020/10/28 10:03:41:871

Connecting Started...

<<<----  [OUT]
2020/10/28 10:03:43:902

I can't connect with the passive [192.168.100.113/5000] error_code:10061 !

<<<----  [OUT]
2020/10/28 10:03:46:386

Connecting Started...

<<<----  [OUT]
2020/10/28 10:03:48:426

I can't connect with the passive [192.168.100.113/5000] error_code:10061 !

<<<----  [OUT]
2020/10/28 10:03:50:918

Connecting Started...

<<<----  [OUT]
2020/10/28 10:03:52:967

I can't connect with the passive [192.168.100.113/5000] error_code:10061 !

<<<----  [OUT]
2020/10/28 10:03:55:449

Connecting Started...

<<<----  [OUT]
2020/10/28 10:03:57:500

I can't connect with the passive [192.168.100.113/5000] error_code:10061 !

<<<----  [OUT]
2020/10/28 10:03:59:980

Connecting Started...

<<<----  [OUT]
2020/10/28 10:04:02:018

I can't connect with the passive [192.168.100.113/5000] error_code:10061 !

<<<----  [OUT]
2020/10/28 10:04:04:495

Connecting Started...

<<<----  [OUT]
2020/10/28 10:04:06:543

I can't connect with the passive [192.168.100.113/5000] error_code:10061 !

<<<----  [OUT]
2020/10/28 10:04:09:027

Connecting Started...

<<<----  [OUT]
2020/10/28 10:04:11:048

I can't connect with the passive [192.168.100.113/5000] error_code:10061 !

<<<----  [OUT]
2020/10/28 10:04:13:526

Connecting Started...

<<<----  [OUT]
2020/10/28 10:04:15:555

I can't connect with the passive [192.168.100.113/5000] error_code:10061 !

<<<----  [OUT]
2020/10/28 10:04:18:042

Connecting Started...

<<<----  [OUT]
2020/10/28 10:04:20:097

I can't connect with the passive [192.168.100.113/5000] error_code:10061 !

<<<----  [OUT]
2020/10/28 10:04:22:573

Connecting Started...

<<<----  [OUT]
2020/10/28 10:04:24:615

I can't connect with the passive [192.168.100.113/5000] error_code:10061 !

<<<----  [OUT]
2020/10/28 10:04:27:105

Connecting Started...

<<<----  [OUT]
2020/10/28 10:04:29:158

I can't connect with the passive [192.168.100.113/5000] error_code:10061 !

<<<----  [OUT]
2020/10/28 10:04:31:636

Connecting Started...

<<<----  [OUT]
2020/10/28 10:04:33:669

I can't connect with the passive [192.168.100.113/5000] error_code:10061 !

<<<----  [OUT]
2020/10/28 10:04:36:151

Connecting Started...

<<<----  [OUT]
2020/10/28 10:04:38:194

I can't connect with the passive [192.168.100.113/5000] error_code:10061 !

<<<----  [OUT]
2020/10/28 10:04:40:683

Connecting Started...

<<<----  [OUT]
2020/10/28 10:04:42:711

I can't connect with the passive [192.168.100.113/5000] error_code:10061 !

<<<----  [OUT]
2020/10/28 10:04:45:198

Connecting Started...

<<<----  [OUT]
2020/10/28 10:04:47:239

I can't connect with the passive [192.168.100.113/5000] error_code:10061 !

<<<----  [OUT]
2020/10/28 10:04:49:731

Connecting Started...

<<<----  [OUT]
2020/10/28 10:04:51:773

I can't connect with the passive [192.168.100.113/5000] error_code:10061 !

<<<----  [OUT]
2020/10/28 10:04:54:261

Connecting Started...

<<<----  [OUT]
2020/10/28 10:04:56:301

I can't connect with the passive [192.168.100.113/5000] error_code:10061 !

<<<----  [OUT]
2020/10/28 10:41:41:021

---------------------------------------------------------------------
// FA : Start Log ...


<<<----  [OUT]
2020/10/28 10:41:41:024

//-------------------------------------------------------------
Property Information

   Driver Type [HSMS]
   Driver Mode [ACTIVE]
   IP    [192.168.100.113]
   Port  [5000]
//-------------------------------------------------------------


<<<----  [OUT]
2020/10/28 10:41:41:625

Auto-Start Started ... (Active)

<<<----  [OUT]
2020/10/28 10:41:41:716

Auto-Start Started ...  Waiting Stop-Connection.

<<<----  [OUT]
2020/10/28 10:41:41:716

Auto-Start Started ...  Waiting Open-Socket.

<<<----  [OUT]
2020/10/28 10:41:41:746

Socket Open Started...

<<<----  [OUT]
2020/10/28 10:41:41:746

Socket Open Completed...

<<<----  [OUT]
2020/10/28 10:41:41:746

Connecting Started...

<<<----  [OUT]
2020/10/28 10:41:41:807

Auto-Start Completed ...  (Active)

<<<----  [OUT]
2020/10/28 10:41:43:774

I can't connect with the passive [192.168.100.113/5000] error_code:10061 !

<<<----  [OUT]
2020/10/28 10:41:46:261

Connecting Started...

<<<----  [OUT]
2020/10/28 10:41:48:302

I can't connect with the passive [192.168.100.113/5000] error_code:10061 !

<<<----  [OUT]
2020/10/28 10:41:50:793

Connecting Started...

<<<----  [OUT]
2020/10/28 10:41:52:833

I can't connect with the passive [192.168.100.113/5000] error_code:10061 !

<<<----  [OUT]
2020/10/28 10:41:55:324

Connecting Started...

<<<----  [OUT]
2020/10/28 10:41:57:362

I can't connect with the passive [192.168.100.113/5000] error_code:10061 !

<<<----  [OUT]
2020/10/28 10:41:59:839

Connecting Started...

<<<----  [OUT]
2020/10/28 10:42:01:868

I can't connect with the passive [192.168.100.113/5000] error_code:10061 !

<<<----  [OUT]
2020/10/28 10:42:04:355

Connecting Started...

<<<----  [OUT]
2020/10/28 10:42:06:394

I can't connect with the passive [192.168.100.113/5000] error_code:10061 !

<<<----  [OUT]
2020/10/28 10:42:08:870

Connecting Started...

<<<----  [OUT]
2020/10/28 10:42:10:907

I can't connect with the passive [192.168.100.113/5000] error_code:10061 !

<<<----  [OUT]
2020/10/28 10:42:13:386

Connecting Started...

<<<----  [OUT]
2020/10/28 10:42:15:435

I can't connect with the passive [192.168.100.113/5000] error_code:10061 !

<<<----  [OUT]
2020/10/28 10:42:17:918

Connecting Started...

<<<----  [OUT]
2020/10/28 10:42:19:953

I can't connect with the passive [192.168.100.113/5000] error_code:10061 !

<<<----  [OUT]
2020/10/28 10:42:22:433

Connecting Started...

<<<----  [OUT]
2020/10/28 10:42:24:472

I can't connect with the passive [192.168.100.113/5000] error_code:10061 !

<<<----  [OUT]
2020/10/28 10:42:26:950

Connecting Started...

<<<----  [OUT]
2020/10/28 10:42:28:985

I can't connect with the passive [192.168.100.113/5000] error_code:10061 !

<<<----  [OUT]
2020/10/28 10:42:31:464

Connecting Started...

<<<----  [OUT]
2020/10/28 10:42:33:504

I can't connect with the passive [192.168.100.113/5000] error_code:10061 !

<<<----  [OUT]
2020/10/28 10:42:35:979

Connecting Started...

<<<----  [OUT]
2020/10/28 10:42:38:022

I can't connect with the passive [192.168.100.113/5000] error_code:10061 !

<<<----  [OUT]
2020/10/28 10:42:40:511

Connecting Started...

<<<----  [OUT]
2020/10/28 10:42:42:560

I can't connect with the passive [192.168.100.113/5000] error_code:10061 !

<<<----  [OUT]
2020/10/28 10:42:45:042

Connecting Started...

<<<----  [OUT]
2020/10/28 10:42:47:073

I can't connect with the passive [192.168.100.113/5000] error_code:10061 !

<<<----  [OUT]
2020/10/28 10:42:49:558

Connecting Started...

<<<----  [OUT]
2020/10/28 10:42:51:583

I can't connect with the passive [192.168.100.113/5000] error_code:10061 !

<<<----  [OUT]
2020/10/28 10:42:54:074

Connecting Started...

<<<----  [OUT]
2020/10/28 10:42:56:123

I can't connect with the passive [192.168.100.113/5000] error_code:10061 !

<<<----  [OUT]
2020/10/28 10:42:58:606

Connecting Started...

<<<----  [OUT]
2020/10/28 10:43:00:656

I can't connect with the passive [192.168.100.113/5000] error_code:10061 !

<<<----  [OUT]
2020/10/28 10:43:03:136

Connecting Started...

<<<----  [OUT]
2020/10/28 10:43:05:172

I can't connect with the passive [192.168.100.113/5000] error_code:10061 !

<<<----  [OUT]
2020/10/28 10:43:07:653

Connecting Started...

<<<----  [OUT]
2020/10/28 10:43:09:692

I can't connect with the passive [192.168.100.113/5000] error_code:10061 !

<<<----  [OUT]
2020/10/28 10:43:12:184

Connecting Started...

<<<----  [OUT]
2020/10/28 10:43:14:236

I can't connect with the passive [192.168.100.113/5000] error_code:10061 !

<<<----  [OUT]
2020/10/28 10:43:16:714

Connecting Started...

<<<----  [OUT]
2020/10/28 10:43:18:759

I can't connect with the passive [192.168.100.113/5000] error_code:10061 !

<<<----  [OUT]
2020/10/28 10:43:21:246

Connecting Started...

<<<----  [OUT]
2020/10/28 10:43:23:288

I can't connect with the passive [192.168.100.113/5000] error_code:10061 !

<<<----  [OUT]
2020/10/28 10:43:25:777

Connecting Started...

<<<----  [OUT]
2020/10/28 10:43:27:812

I can't connect with the passive [192.168.100.113/5000] error_code:10061 !

<<<----  [OUT]
2020/10/28 10:43:30:292

Connecting Started...

<<<----  [OUT]
2020/10/28 10:43:32:334

I can't connect with the passive [192.168.100.113/5000] error_code:10061 !

<<<----  [OUT]
2020/10/28 10:43:34:824

Connecting Started...

<<<----  [OUT]
2020/10/28 10:43:36:876

I can't connect with the passive [192.168.100.113/5000] error_code:10061 !

<<<----  [OUT]
2020/10/28 10:43:39:354

Connecting Started...

<<<----  [OUT]
2020/10/28 10:43:41:398

I can't connect with the passive [192.168.100.113/5000] error_code:10061 !

<<<----  [OUT]
2020/10/28 10:43:43:886

Connecting Started...

<<<----  [OUT]
2020/10/28 10:43:45:927

I can't connect with the passive [192.168.100.113/5000] error_code:10061 !

<<<----  [OUT]
2020/10/28 10:43:48:417

Connecting Started...

<<<----  [OUT]
2020/10/28 10:43:50:455

I can't connect with the passive [192.168.100.113/5000] error_code:10061 !

<<<----  [OUT]
2020/10/28 10:43:52:933

Connecting Started...

<<<----  [OUT]
2020/10/28 10:43:54:970

I can't connect with the passive [192.168.100.113/5000] error_code:10061 !

<<<----  [OUT]
2020/10/28 10:43:57:449

Connecting Started...

<<<----  [OUT]
2020/10/28 10:43:59:497

I can't connect with the passive [192.168.100.113/5000] error_code:10061 !

<<<----  [OUT]
2020/10/28 10:44:01:980

Connecting Started...

<<<----  [OUT]
2020/10/28 10:44:04:017

I can't connect with the passive [192.168.100.113/5000] error_code:10061 !

<<<----  [OUT]
2020/10/28 10:44:06:496

Connecting Started...

<<<----  [OUT]
2020/10/28 10:44:08:534

I can't connect with the passive [192.168.100.113/5000] error_code:10061 !

<<<----  [OUT]
2020/10/28 10:44:11:010

Connecting Started...

<<<----  [OUT]
2020/10/28 10:44:13:053

I can't connect with the passive [192.168.100.113/5000] error_code:10061 !

<<<----  [OUT]
2020/10/28 10:44:15:542

Connecting Started...

<<<----  [OUT]
2020/10/28 10:44:17:570

I can't connect with the passive [192.168.100.113/5000] error_code:10061 !

<<<----  [OUT]
2020/10/28 10:44:20:057

Connecting Started...

<<<----  [OUT]
2020/10/28 10:44:22:094

I can't connect with the passive [192.168.100.113/5000] error_code:10061 !

<<<----  [OUT]
2020/10/28 10:44:24:573

Connecting Started...

<<<----  [OUT]
2020/10/28 10:44:26:620

I can't connect with the passive [192.168.100.113/5000] error_code:10061 !

<<<----  [OUT]
2020/10/28 10:44:29:104

Connecting Started...

<<<----  [OUT]
2020/10/28 10:44:31:147

I can't connect with the passive [192.168.100.113/5000] error_code:10061 !

<<<----  [OUT]
2020/10/28 10:44:33:637

Connecting Started...

<<<----  [OUT]
2020/10/28 10:44:35:681

I can't connect with the passive [192.168.100.113/5000] error_code:10061 !

<<<----  [OUT]
2020/10/28 10:44:38:167

Connecting Started...

<<<----  [OUT]
2020/10/28 10:44:40:224

I can't connect with the passive [192.168.100.113/5000] error_code:10061 !

<<<----  [OUT]
2020/10/28 10:44:42:715

Connecting Started...

<<<----  [OUT]
2020/10/28 10:44:44:762

I can't connect with the passive [192.168.100.113/5000] error_code:10061 !

<<<----  [OUT]
2020/10/28 10:44:47:246

Connecting Started...

<<<----  [OUT]
2020/10/28 10:44:49:286

I can't connect with the passive [192.168.100.113/5000] error_code:10061 !

<<<----  [OUT]
2020/10/28 10:44:51:776

Connecting Started...

<<<----  [OUT]
2020/10/28 10:44:53:814

I can't connect with the passive [192.168.100.113/5000] error_code:10061 !

<<<----  [OUT]
2020/10/28 10:44:56:292

Connecting Started...

<<<----  [OUT]
2020/10/28 10:44:58:322

I can't connect with the passive [192.168.100.113/5000] error_code:10061 !

<<<----  [OUT]
2020/10/28 10:45:00:808

Connecting Started...

<<<----  [OUT]
2020/10/28 10:45:02:858

I can't connect with the passive [192.168.100.113/5000] error_code:10061 !

<<<----  [OUT]
2020/10/28 10:45:05:340

Connecting Started...

<<<----  [OUT]
2020/10/28 10:45:07:379

I can't connect with the passive [192.168.100.113/5000] error_code:10061 !

<<<----  [OUT]
2020/10/28 10:45:09:870

Connecting Started...

<<<----  [OUT]
2020/10/28 10:45:11:907

I can't connect with the passive [192.168.100.113/5000] error_code:10061 !

<<<----  [OUT]
2020/10/28 10:45:14:387

Connecting Started...

<<<----  [OUT]
2020/10/28 10:45:16:436

I can't connect with the passive [192.168.100.113/5000] error_code:10061 !

<<<----  [OUT]
2020/10/28 10:45:18:917

Connecting Started...

<<<----  [OUT]
2020/10/28 10:45:20:962

I can't connect with the passive [192.168.100.113/5000] error_code:10061 !

<<<----  [OUT]
2020/10/28 10:45:23:449

Connecting Started...

<<<----  [OUT]
2020/10/28 10:45:25:493

I can't connect with the passive [192.168.100.113/5000] error_code:10061 !

<<<----  [OUT]
2020/10/28 10:45:27:979

Connecting Started...

<<<----  [OUT]
2020/10/28 10:45:30:017

I can't connect with the passive [192.168.100.113/5000] error_code:10061 !

<<<----  [OUT]
2020/10/28 10:45:32:496

Connecting Started...

<<<----  [OUT]
2020/10/28 10:45:34:519

I can't connect with the passive [192.168.100.113/5000] error_code:10061 !

<<<----  [OUT]
2020/10/28 10:45:36:995

Connecting Started...

<<<----  [OUT]
2020/10/28 10:45:39:031

I can't connect with the passive [192.168.100.113/5000] error_code:10061 !

<<<----  [OUT]
2020/10/28 10:45:41:511

Connecting Started...

<<<----  [OUT]
2020/10/28 10:45:43:541

I can't connect with the passive [192.168.100.113/5000] error_code:10061 !

<<<----  [OUT]
2020/10/28 10:45:46:026

Connecting Started...

<<<----  [OUT]
2020/10/28 10:45:48:082

I can't connect with the passive [192.168.100.113/5000] error_code:10061 !

<<<----  [OUT]
2020/10/28 10:45:50:557

Connecting Started...

<<<----  [OUT]
2020/10/28 10:45:52:590

I can't connect with the passive [192.168.100.113/5000] error_code:10061 !

<<<----  [OUT]
2020/10/28 10:45:55:074

Connecting Started...

<<<----  [OUT]
2020/10/28 10:45:57:116

I can't connect with the passive [192.168.100.113/5000] error_code:10061 !

<<<----  [OUT]
2020/10/28 10:45:59:604

Connecting Started...

<<<----  [OUT]
2020/10/28 10:46:01:643

I can't connect with the passive [192.168.100.113/5000] error_code:10061 !

<<<----  [OUT]
2020/10/28 10:46:04:120

Connecting Started...

<<<----  [OUT]
2020/10/28 10:46:06:155

I can't connect with the passive [192.168.100.113/5000] error_code:10061 !

<<<----  [OUT]
2020/10/28 10:46:08:637

Connecting Started...

<<<----  [OUT]
2020/10/28 10:46:10:681

I can't connect with the passive [192.168.100.113/5000] error_code:10061 !

<<<----  [OUT]
2020/10/28 10:46:13:168

Connecting Started...

<<<----  [OUT]
2020/10/28 10:46:15:206

I can't connect with the passive [192.168.100.113/5000] error_code:10061 !

<<<----  [OUT]
2020/10/28 10:46:17:683

Connecting Started...

<<<----  [OUT]
2020/10/28 10:46:19:718

I can't connect with the passive [192.168.100.113/5000] error_code:10061 !

<<<----  [OUT]
2020/10/28 10:46:22:199

Connecting Started...

<<<----  [OUT]
2020/10/28 10:46:24:242

I can't connect with the passive [192.168.100.113/5000] error_code:10061 !

<<<----  [OUT]
2020/10/28 10:46:26:729

Connecting Started...

<<<----  [OUT]
2020/10/28 10:46:28:763

I can't connect with the passive [192.168.100.113/5000] error_code:10061 !

<<<----  [OUT]
2020/10/28 10:46:31:246

Connecting Started...

<<<----  [OUT]
2020/10/28 10:46:33:287

I can't connect with the passive [192.168.100.113/5000] error_code:10061 !

<<<----  [OUT]
2020/10/28 10:46:35:777

Connecting Started...

<<<----  [OUT]
2020/10/28 10:46:37:810

I can't connect with the passive [192.168.100.113/5000] error_code:10061 !

<<<----  [OUT]
2020/10/28 10:46:40:292

Connecting Started...

<<<----  [OUT]
2020/10/28 10:46:42:340

I can't connect with the passive [192.168.100.113/5000] error_code:10061 !

<<<----  [OUT]
2020/10/28 10:46:44:823

Connecting Started...

<<<----  [OUT]
2020/10/28 10:46:46:862

I can't connect with the passive [192.168.100.113/5000] error_code:10061 !

<<<----  [OUT]
2020/10/28 10:46:49:340

Connecting Started...

<<<----  [OUT]
2020/10/28 10:46:51:378

I can't connect with the passive [192.168.100.113/5000] error_code:10061 !

<<<----  [OUT]
2020/10/28 10:46:53:856

Connecting Started...

<<<----  [OUT]
2020/10/28 10:46:55:892

I can't connect with the passive [192.168.100.113/5000] error_code:10061 !

<<<----  [OUT]
2020/10/28 10:46:58:371

Connecting Started...

<<<----  [OUT]
2020/10/28 10:47:00:404

I can't connect with the passive [192.168.100.113/5000] error_code:10061 !

<<<----  [OUT]
2020/10/28 10:47:02:887

Connecting Started...

<<<----  [OUT]
2020/10/28 10:47:04:929

I can't connect with the passive [192.168.100.113/5000] error_code:10061 !

<<<----  [OUT]
2020/10/28 10:47:07:418

Connecting Started...

<<<----  [OUT]
2020/10/28 10:47:09:451

I can't connect with the passive [192.168.100.113/5000] error_code:10061 !

<<<----  [OUT]
2020/10/28 10:47:11:934

Connecting Started...

<<<----  [OUT]
2020/10/28 10:47:13:957

I can't connect with the passive [192.168.100.113/5000] error_code:10061 !

<<<----  [OUT]
2020/10/28 10:47:16:449

Connecting Started...

<<<----  [OUT]
2020/10/28 10:47:18:492

I can't connect with the passive [192.168.100.113/5000] error_code:10061 !

<<<----  [OUT]
2020/10/28 10:47:20:980

Connecting Started...

<<<----  [OUT]
2020/10/28 10:47:23:019

I can't connect with the passive [192.168.100.113/5000] error_code:10061 !

<<<----  [OUT]
2020/10/28 10:47:25:495

Connecting Started...

<<<----  [OUT]
2020/10/28 10:47:27:541

I can't connect with the passive [192.168.100.113/5000] error_code:10061 !

<<<----  [OUT]
2020/10/28 10:47:30:026

Connecting Started...

<<<----  [OUT]
2020/10/28 10:47:32:072

I can't connect with the passive [192.168.100.113/5000] error_code:10061 !

<<<----  [OUT]
2020/10/28 10:47:34:557

Connecting Started...

<<<----  [OUT]
2020/10/28 10:47:36:604

I can't connect with the passive [192.168.100.113/5000] error_code:10061 !

<<<----  [OUT]
2020/10/28 10:47:39:090

Connecting Started...

<<<----  [OUT]
2020/10/28 10:47:41:134

I can't connect with the passive [192.168.100.113/5000] error_code:10061 !

<<<----  [OUT]
2020/10/28 10:47:43:621

Connecting Started...

<<<----  [OUT]
2020/10/28 10:47:45:664

I can't connect with the passive [192.168.100.113/5000] error_code:10061 !

<<<----  [OUT]
2020/10/28 10:47:48:152

Connecting Started...

<<<----  [OUT]
2020/10/28 10:47:50:194

I can't connect with the passive [192.168.100.113/5000] error_code:10061 !

<<<----  [OUT]
2020/10/28 10:47:52:684

Connecting Started...

<<<----  [OUT]
2020/10/28 10:47:54:722

I can't connect with the passive [192.168.100.113/5000] error_code:10061 !

<<<----  [OUT]
2020/10/28 10:47:57:199

Connecting Started...

<<<----  [OUT]
2020/10/28 10:47:59:244

I can't connect with the passive [192.168.100.113/5000] error_code:10061 !

<<<----  [OUT]
2020/10/28 10:48:01:731

Connecting Started...

<<<----  [OUT]
2020/10/28 10:48:03:766

I can't connect with the passive [192.168.100.113/5000] error_code:10061 !

<<<----  [OUT]
2020/10/28 10:48:06:245

Connecting Started...

<<<----  [OUT]
2020/10/28 10:48:08:276

I can't connect with the passive [192.168.100.113/5000] error_code:10061 !

<<<----  [OUT]
2020/10/28 10:48:10:760

Connecting Started...

<<<----  [OUT]
2020/10/28 10:48:12:805

I can't connect with the passive [192.168.100.113/5000] error_code:10061 !

<<<----  [OUT]
2020/10/28 10:48:15:292

Connecting Started...

<<<----  [OUT]
2020/10/28 10:48:17:337

I can't connect with the passive [192.168.100.113/5000] error_code:10061 !

<<<----  [OUT]
2020/10/28 10:48:19:823

Connecting Started...

<<<----  [OUT]
2020/10/28 10:48:21:868

I can't connect with the passive [192.168.100.113/5000] error_code:10061 !

<<<----  [OUT]
2020/10/28 10:48:24:354

Connecting Started...

<<<----  [OUT]
2020/10/28 10:48:26:391

I can't connect with the passive [192.168.100.113/5000] error_code:10061 !

<<<----  [OUT]
2020/10/28 10:48:28:871

Connecting Started...

<<<----  [OUT]
2020/10/28 10:48:30:912

I can't connect with the passive [192.168.100.113/5000] error_code:10061 !

<<<----  [OUT]
2020/10/28 10:48:33:401

Connecting Started...

<<<----  [OUT]
2020/10/28 10:48:35:444

I can't connect with the passive [192.168.100.113/5000] error_code:10061 !

<<<----  [OUT]
2020/10/28 10:48:37:933

Connecting Started...

<<<----  [OUT]
2020/10/28 10:48:39:975

I can't connect with the passive [192.168.100.113/5000] error_code:10061 !

<<<----  [OUT]
2020/10/28 10:48:42:465

Connecting Started...

<<<----  [OUT]
2020/10/28 10:48:44:493

I can't connect with the passive [192.168.100.113/5000] error_code:10061 !

<<<----  [OUT]
2020/10/28 10:48:46:980

Connecting Started...

<<<----  [OUT]
2020/10/28 10:48:49:022

I can't connect with the passive [192.168.100.113/5000] error_code:10061 !

<<<----  [OUT]
2020/10/28 10:48:51:510

Connecting Started...

<<<----  [OUT]
2020/10/28 10:48:53:551

I can't connect with the passive [192.168.100.113/5000] error_code:10061 !

<<<----  [OUT]
2020/10/28 10:48:56:043

Connecting Started...

<<<----  [OUT]
2020/10/28 10:48:58:080

I can't connect with the passive [192.168.100.113/5000] error_code:10061 !

<<<----  [OUT]
2020/10/28 10:49:00:557

Connecting Started...

<<<----  [OUT]
2020/10/28 10:49:02:612

I can't connect with the passive [192.168.100.113/5000] error_code:10061 !

<<<----  [OUT]
2020/10/28 10:49:05:089

Connecting Started...

<<<----  [OUT]
2020/10/28 10:49:07:113

I can't connect with the passive [192.168.100.113/5000] error_code:10061 !

<<<----  [OUT]
2020/10/28 10:49:09:590

Connecting Started...

<<<----  [OUT]
2020/10/28 10:49:11:635

I can't connect with the passive [192.168.100.113/5000] error_code:10061 !

<<<----  [OUT]
2020/10/28 10:49:14:121

Connecting Started...

<<<----  [OUT]
2020/10/28 10:49:16:151

I can't connect with the passive [192.168.100.113/5000] error_code:10061 !

<<<----  [OUT]
2020/10/28 10:49:18:637

Connecting Started...

<<<----  [OUT]
2020/10/28 10:49:20:676

I can't connect with the passive [192.168.100.113/5000] error_code:10061 !

<<<----  [OUT]
2020/10/28 10:49:23:166

Connecting Started...

<<<----  [OUT]
2020/10/28 10:49:25:195

I can't connect with the passive [192.168.100.113/5000] error_code:10061 !

<<<----  [OUT]
2020/10/28 10:49:27:682

Connecting Started...

<<<----  [OUT]
2020/10/28 10:49:29:713

I can't connect with the passive [192.168.100.113/5000] error_code:10061 !

<<<----  [OUT]
2020/10/28 10:49:32:199

Connecting Started...

<<<----  [OUT]
2020/10/28 10:49:34:248

I can't connect with the passive [192.168.100.113/5000] error_code:10061 !

<<<----  [OUT]
2020/10/28 10:49:36:729

Connecting Started...

<<<----  [OUT]
2020/10/28 10:49:38:778

I can't connect with the passive [192.168.100.113/5000] error_code:10061 !

<<<----  [OUT]
2020/10/28 10:49:41:261

Connecting Started...

<<<----  [OUT]
2020/10/28 10:49:43:302

I can't connect with the passive [192.168.100.113/5000] error_code:10061 !

<<<----  [OUT]
2020/10/28 10:49:45:793

Connecting Started...

<<<----  [OUT]
2020/10/28 10:49:47:832

I can't connect with the passive [192.168.100.113/5000] error_code:10061 !

<<<----  [OUT]
2020/10/28 10:49:50:307

Connecting Started...

<<<----  [OUT]
2020/10/28 10:49:52:351

I can't connect with the passive [192.168.100.113/5000] error_code:10061 !

<<<----  [OUT]
2020/10/28 10:49:54:840

Connecting Started...

<<<----  [OUT]
2020/10/28 10:49:56:892

I can't connect with the passive [192.168.100.113/5000] error_code:10061 !

<<<----  [OUT]
2020/10/28 10:49:59:371

Connecting Started...

<<<----  [OUT]
2020/10/28 10:50:01:409

I can't connect with the passive [192.168.100.113/5000] error_code:10061 !

<<<----  [OUT]
2020/10/28 10:50:03:887

Connecting Started...

<<<----  [OUT]
2020/10/28 10:50:05:918

I can't connect with the passive [192.168.100.113/5000] error_code:10061 !

<<<----  [OUT]
2020/10/28 10:50:08:402

Connecting Started...

<<<----  [OUT]
2020/10/28 10:50:10:442

I can't connect with the passive [192.168.100.113/5000] error_code:10061 !

<<<----  [OUT]
2020/10/28 10:50:12:932

Connecting Started...

<<<----  [OUT]
2020/10/28 10:50:14:974

I can't connect with the passive [192.168.100.113/5000] error_code:10061 !

<<<----  [OUT]
2020/10/28 10:50:17:464

Connecting Started...

<<<----  [OUT]
2020/10/28 10:50:19:506

I can't connect with the passive [192.168.100.113/5000] error_code:10061 !

<<<----  [OUT]
2020/10/28 10:50:21:995

Connecting Started...

<<<----  [OUT]
2020/10/28 10:50:24:041

I can't connect with the passive [192.168.100.113/5000] error_code:10061 !

<<<----  [OUT]
2020/10/28 10:50:26:526

Connecting Started...

<<<----  [OUT]
2020/10/28 10:50:28:571

I can't connect with the passive [192.168.100.113/5000] error_code:10061 !

<<<----  [OUT]
2020/10/28 10:50:31:060

Connecting Started...

<<<----  [OUT]
2020/10/28 10:50:33:092

I can't connect with the passive [192.168.100.113/5000] error_code:10061 !

<<<----  [OUT]
2020/10/28 10:50:35:573

Connecting Started...

<<<----  [OUT]
2020/10/28 10:50:37:613

I can't connect with the passive [192.168.100.113/5000] error_code:10061 !

<<<----  [OUT]
2020/10/28 10:50:40:106

Connecting Started...

<<<----  [OUT]
2020/10/28 10:50:42:153

I can't connect with the passive [192.168.100.113/5000] error_code:10061 !

<<<----  [OUT]
2020/10/28 10:50:44:637

Connecting Started...

<<<----  [OUT]
2020/10/28 10:50:46:682

I can't connect with the passive [192.168.100.113/5000] error_code:10061 !

<<<----  [OUT]
2020/10/28 10:50:49:168

Connecting Started...

<<<----  [OUT]
2020/10/28 10:50:51:200

I can't connect with the passive [192.168.100.113/5000] error_code:10061 !

<<<----  [OUT]
2020/10/28 10:50:53:684

Connecting Started...

<<<----  [OUT]
2020/10/28 10:50:55:714

I can't connect with the passive [192.168.100.113/5000] error_code:10061 !

<<<----  [OUT]
2020/10/28 10:50:58:198

Connecting Started...

<<<----  [OUT]
2020/10/28 10:51:00:235

I can't connect with the passive [192.168.100.113/5000] error_code:10061 !

<<<----  [OUT]
2020/10/28 10:51:02:714

Connecting Started...

<<<----  [OUT]
2020/10/28 10:51:04:750

I can't connect with the passive [192.168.100.113/5000] error_code:10061 !

<<<----  [OUT]
2020/10/28 10:51:07:229

Connecting Started...

<<<----  [OUT]
2020/10/28 10:51:09:258

I can't connect with the passive [192.168.100.113/5000] error_code:10061 !

<<<----  [OUT]
2020/10/28 10:51:11:746

Connecting Started...

<<<----  [OUT]
2020/10/28 10:51:13:782

I can't connect with the passive [192.168.100.113/5000] error_code:10061 !

<<<----  [OUT]
2020/10/28 10:51:16:260

Connecting Started...

<<<----  [OUT]
2020/10/28 10:51:18:290

I can't connect with the passive [192.168.100.113/5000] error_code:10061 !

<<<----  [OUT]
2020/10/28 10:51:20:777

Connecting Started...

<<<----  [OUT]
2020/10/28 10:51:22:821

I can't connect with the passive [192.168.100.113/5000] error_code:10061 !

<<<----  [OUT]
2020/10/28 10:51:25:309

Connecting Started...

<<<----  [OUT]
2020/10/28 10:51:27:347

I can't connect with the passive [192.168.100.113/5000] error_code:10061 !

<<<----  [OUT]
2020/10/28 10:51:29:823

Connecting Started...

<<<----  [OUT]
2020/10/28 10:51:31:872

I can't connect with the passive [192.168.100.113/5000] error_code:10061 !

<<<----  [OUT]
2020/10/28 10:51:34:356

Connecting Started...

<<<----  [OUT]
2020/10/28 10:51:36:840

I can't connect with the passive [192.168.100.113/5000] error_code:10061 !

<<<----  [OUT]
2020/10/28 10:51:39:323

Connecting Started...

<<<----  [OUT]
2020/10/28 10:51:41:639

I can't connect with the passive [192.168.100.113/5000] error_code:10061 !

<<<----  [OUT]
2020/10/28 10:51:44:120

Connecting Started...

<<<----  [OUT]
2020/10/28 10:51:46:155

I can't connect with the passive [192.168.100.113/5000] error_code:10061 !

<<<----  [OUT]
2020/10/28 10:51:48:637

Connecting Started...

<<<----  [OUT]
2020/10/28 10:51:50:680

I can't connect with the passive [192.168.100.113/5000] error_code:10061 !

<<<----  [OUT]
2020/10/28 10:51:53:166

Connecting Started...

<<<----  [OUT]
2020/10/28 10:51:55:215

I can't connect with the passive [192.168.100.113/5000] error_code:10061 !

<<<----  [OUT]
2020/10/28 10:51:57:698

Connecting Started...

<<<----  [OUT]
2020/10/28 10:51:59:744

I can't connect with the passive [192.168.100.113/5000] error_code:10061 !

<<<----  [OUT]
2020/10/28 10:52:02:230

Connecting Started...

<<<----  [OUT]
2020/10/28 10:52:04:265

I can't connect with the passive [192.168.100.113/5000] error_code:10061 !

<<<----  [OUT]
2020/10/28 10:52:06:745

Connecting Started...

<<<----  [OUT]
2020/10/28 10:52:08:796

I can't connect with the passive [192.168.100.113/5000] error_code:10061 !

<<<----  [OUT]
2020/10/28 10:52:11:276

Connecting Started...

<<<----  [OUT]
2020/10/28 10:52:13:300

I can't connect with the passive [192.168.100.113/5000] error_code:10061 !

<<<----  [OUT]
2020/10/28 10:52:15:777

Connecting Started...

<<<----  [OUT]
2020/10/28 10:52:17:837

I can't connect with the passive [192.168.100.113/5000] error_code:10061 !

<<<----  [OUT]
2020/10/28 10:52:20:324

Connecting Started...

<<<----  [OUT]
2020/10/28 10:52:22:385

I can't connect with the passive [192.168.100.113/5000] error_code:10061 !

<<<----  [OUT]
2020/10/28 10:52:24:871

Connecting Started...

<<<----  [OUT]
2020/10/28 10:52:26:924

I can't connect with the passive [192.168.100.113/5000] error_code:10061 !

<<<----  [OUT]
2020/10/28 10:52:29:403

Connecting Started...

<<<----  [OUT]
2020/10/28 10:52:31:452

I can't connect with the passive [192.168.100.113/5000] error_code:10061 !

<<<----  [OUT]
2020/10/28 10:52:33:934

Connecting Started...

<<<----  [OUT]
2020/10/28 10:52:35:988

I can't connect with the passive [192.168.100.113/5000] error_code:10061 !

<<<----  [OUT]
2020/10/28 10:52:38:464

Connecting Started...

<<<----  [OUT]
2020/10/28 10:52:40:508

I can't connect with the passive [192.168.100.113/5000] error_code:10061 !

<<<----  [OUT]
2020/10/28 10:52:42:995

Connecting Started...

<<<----  [OUT]
2020/10/28 10:52:45:037

I can't connect with the passive [192.168.100.113/5000] error_code:10061 !

<<<----  [OUT]
2020/10/28 10:52:47:527

Connecting Started...

<<<----  [OUT]
2020/10/28 10:52:49:575

I can't connect with the passive [192.168.100.113/5000] error_code:10061 !

<<<----  [OUT]
2020/10/28 10:52:52:057

Connecting Started...

<<<----  [OUT]
2020/10/28 10:52:54:103

I can't connect with the passive [192.168.100.113/5000] error_code:10061 !

<<<----  [OUT]
2020/10/28 10:52:56:589

Connecting Started...

<<<----  [OUT]
2020/10/28 10:52:58:628

I can't connect with the passive [192.168.100.113/5000] error_code:10061 !

<<<----  [OUT]
2020/10/28 10:53:01:106

Connecting Started...

<<<----  [OUT]
2020/10/28 10:53:03:140

I can't connect with the passive [192.168.100.113/5000] error_code:10061 !

<<<----  [OUT]
2020/10/28 10:53:05:621

Connecting Started...

<<<----  [OUT]
2020/10/28 10:53:07:673

I can't connect with the passive [192.168.100.113/5000] error_code:10061 !

<<<----  [OUT]
2020/10/28 10:53:10:153

Connecting Started...

<<<----  [OUT]
2020/10/28 10:53:12:190

I can't connect with the passive [192.168.100.113/5000] error_code:10061 !

<<<----  [OUT]
2020/10/28 10:53:14:667

Connecting Started...

<<<----  [OUT]
2020/10/28 10:53:16:721

I can't connect with the passive [192.168.100.113/5000] error_code:10061 !

<<<----  [OUT]
2020/10/28 10:53:19:199

Connecting Started...

<<<----  [OUT]
2020/10/28 10:53:21:244

I can't connect with the passive [192.168.100.113/5000] error_code:10061 !

<<<----  [OUT]
2020/10/28 10:53:23:729

Connecting Started...

<<<----  [OUT]
2020/10/28 10:53:25:776

I can't connect with the passive [192.168.100.113/5000] error_code:10061 !

<<<----  [OUT]
2020/10/28 10:53:28:260

Connecting Started...

<<<----  [OUT]
2020/10/28 10:53:30:312

I can't connect with the passive [192.168.100.113/5000] error_code:10061 !

<<<----  [OUT]
2020/10/28 10:53:32:792

Connecting Started...

<<<----  [OUT]
2020/10/28 10:53:34:834

I can't connect with the passive [192.168.100.113/5000] error_code:10061 !

<<<----  [OUT]
2020/10/28 10:53:37:324

Connecting Started...

<<<----  [OUT]
2020/10/28 10:53:39:359

I can't connect with the passive [192.168.100.113/5000] error_code:10061 !

<<<----  [OUT]
2020/10/28 10:53:41:839

Connecting Started...

<<<----  [OUT]
2020/10/28 10:53:43:889

I can't connect with the passive [192.168.100.113/5000] error_code:10061 !

<<<----  [OUT]
2020/10/28 10:53:46:371

Connecting Started...

<<<----  [OUT]
2020/10/28 10:53:48:412

I can't connect with the passive [192.168.100.113/5000] error_code:10061 !

<<<----  [OUT]
2020/10/28 10:53:50:902

Connecting Started...

<<<----  [OUT]
2020/10/28 10:53:52:937

I can't connect with the passive [192.168.100.113/5000] error_code:10061 !

<<<----  [OUT]
2020/10/28 10:53:55:418

Connecting Started...

<<<----  [OUT]
2020/10/28 10:53:57:464

I can't connect with the passive [192.168.100.113/5000] error_code:10061 !

<<<----  [OUT]
2020/10/28 10:53:59:950

Connecting Started...

<<<----  [OUT]
2020/10/28 10:54:01:981

I can't connect with the passive [192.168.100.113/5000] error_code:10061 !

<<<----  [OUT]
2020/10/28 10:54:04:464

Connecting Started...

<<<----  [OUT]
2020/10/28 10:54:06:510

I can't connect with the passive [192.168.100.113/5000] error_code:10061 !

<<<----  [OUT]
2020/10/28 10:54:08:996

Connecting Started...

<<<----  [OUT]
2020/10/28 10:54:11:048

I can't connect with the passive [192.168.100.113/5000] error_code:10061 !

<<<----  [OUT]
2020/10/28 10:54:13:526

Connecting Started...

<<<----  [OUT]
2020/10/28 10:54:15:573

I can't connect with the passive [192.168.100.113/5000] error_code:10061 !

<<<----  [OUT]
2020/10/28 10:54:18:058

Connecting Started...

<<<----  [OUT]
2020/10/28 10:54:20:101

I can't connect with the passive [192.168.100.113/5000] error_code:10061 !

<<<----  [OUT]
2020/10/28 10:54:22:589

Connecting Started...

<<<----  [OUT]
2020/10/28 10:54:24:634

I can't connect with the passive [192.168.100.113/5000] error_code:10061 !

<<<----  [OUT]
2020/10/28 10:54:27:121

Connecting Started...

<<<----  [OUT]
2020/10/28 10:54:29:171

I can't connect with the passive [192.168.100.113/5000] error_code:10061 !

<<<----  [OUT]
2020/10/28 10:54:31:651

Connecting Started...

<<<----  [OUT]
2020/10/28 10:54:33:701

I can't connect with the passive [192.168.100.113/5000] error_code:10061 !

<<<----  [OUT]
2020/10/28 10:54:36:184

Connecting Started...

<<<----  [OUT]
2020/10/28 10:54:38:223

I can't connect with the passive [192.168.100.113/5000] error_code:10061 !

<<<----  [OUT]
2020/10/28 10:54:40:714

Connecting Started...

<<<----  [OUT]
2020/10/28 10:54:42:759

I can't connect with the passive [192.168.100.113/5000] error_code:10061 !

<<<----  [OUT]
2020/10/28 10:54:45:246

Connecting Started...

<<<----  [OUT]
2020/10/28 10:54:47:286

I can't connect with the passive [192.168.100.113/5000] error_code:10061 !

<<<----  [OUT]
2020/10/28 10:54:49:777

Connecting Started...

<<<----  [OUT]
2020/10/28 10:54:51:827

I can't connect with the passive [192.168.100.113/5000] error_code:10061 !

<<<----  [OUT]
2020/10/28 10:54:54:307

Connecting Started...

<<<----  [OUT]
2020/10/28 10:54:56:340

I can't connect with the passive [192.168.100.113/5000] error_code:10061 !

<<<----  [OUT]
2020/10/28 10:54:58:824

Connecting Started...

<<<----  [OUT]
2020/10/28 10:55:00:862

I can't connect with the passive [192.168.100.113/5000] error_code:10061 !

<<<----  [OUT]
2020/10/28 10:55:03:339

Connecting Started...

<<<----  [OUT]
2020/10/28 10:55:05:369

I can't connect with the passive [192.168.100.113/5000] error_code:10061 !

<<<----  [OUT]
2020/10/28 10:55:07:854

Connecting Started...

<<<----  [OUT]
2020/10/28 10:55:09:899

I can't connect with the passive [192.168.100.113/5000] error_code:10061 !

<<<----  [OUT]
2020/10/28 10:55:12:387

Connecting Started...

<<<----  [OUT]
2020/10/28 10:55:14:430

I can't connect with the passive [192.168.100.113/5000] error_code:10061 !

<<<----  [OUT]
2020/10/28 10:55:16:918

Connecting Started...

<<<----  [OUT]
2020/10/28 10:55:18:961

I can't connect with the passive [192.168.100.113/5000] error_code:10061 !

<<<----  [OUT]
2020/10/28 10:55:21:449

Connecting Started...

<<<----  [OUT]
2020/10/28 10:55:23:487

I can't connect with the passive [192.168.100.113/5000] error_code:10061 !

<<<----  [OUT]
2020/10/28 10:55:25:965

Connecting Started...

<<<----  [OUT]
2020/10/28 10:55:27:986

I can't connect with the passive [192.168.100.113/5000] error_code:10061 !

<<<----  [OUT]
2020/10/28 10:55:30:464

Connecting Started...

<<<----  [OUT]
2020/10/28 10:55:32:503

I can't connect with the passive [192.168.100.113/5000] error_code:10061 !

<<<----  [OUT]
2020/10/28 10:55:34:981

Connecting Started...

<<<----  [OUT]
2020/10/28 10:55:37:026

I can't connect with the passive [192.168.100.113/5000] error_code:10061 !

<<<----  [OUT]
2020/10/28 10:55:39:511

Connecting Started...

<<<----  [OUT]
2020/10/28 10:55:41:550

I can't connect with the passive [192.168.100.113/5000] error_code:10061 !

<<<----  [OUT]
2020/10/28 10:55:44:026

Connecting Started...

<<<----  [OUT]
2020/10/28 10:55:46:075

I can't connect with the passive [192.168.100.113/5000] error_code:10061 !

<<<----  [OUT]
2020/10/28 10:55:48:557

Connecting Started...

<<<----  [OUT]
2020/10/28 10:55:50:602

I can't connect with the passive [192.168.100.113/5000] error_code:10061 !

<<<----  [OUT]
2020/10/28 10:55:53:090

Connecting Started...

<<<----  [OUT]
2020/10/28 10:55:55:125

I can't connect with the passive [192.168.100.113/5000] error_code:10061 !

<<<----  [OUT]
2020/10/28 10:55:57:604

Connecting Started...

<<<----  [OUT]
2020/10/28 10:55:59:655

I can't connect with the passive [192.168.100.113/5000] error_code:10061 !

<<<----  [OUT]
2020/10/28 10:56:02:136

Connecting Started...

<<<----  [OUT]
2020/10/28 10:56:04:182

I can't connect with the passive [192.168.100.113/5000] error_code:10061 !

<<<----  [OUT]
2020/10/28 10:56:06:667

Connecting Started...

<<<----  [OUT]
2020/10/28 10:56:08:710

I can't connect with the passive [192.168.100.113/5000] error_code:10061 !

<<<----  [OUT]
2020/10/28 10:56:11:198

Connecting Started...

<<<----  [OUT]
2020/10/28 10:56:13:254

I can't connect with the passive [192.168.100.113/5000] error_code:10061 !

<<<----  [OUT]
2020/10/28 10:56:15:746

Connecting Started...

<<<----  [OUT]
2020/10/28 10:56:17:809

I can't connect with the passive [192.168.100.113/5000] error_code:10061 !

<<<----  [OUT]
2020/10/28 10:56:20:292

Connecting Started...

<<<----  [OUT]
2020/10/28 10:56:22:340

I can't connect with the passive [192.168.100.113/5000] error_code:10061 !

<<<----  [OUT]
2020/10/28 10:56:24:824

Connecting Started...

<<<----  [OUT]
2020/10/28 10:56:26:867

I can't connect with the passive [192.168.100.113/5000] error_code:10061 !

<<<----  [OUT]
2020/10/28 10:56:29:355

Connecting Started...

<<<----  [OUT]
2020/10/28 10:56:31:385

I can't connect with the passive [192.168.100.113/5000] error_code:10061 !

<<<----  [OUT]
2020/10/28 10:56:33:871

Connecting Started...

<<<----  [OUT]
2020/10/28 10:56:35:898

I can't connect with the passive [192.168.100.113/5000] error_code:10061 !

<<<----  [OUT]
2020/10/28 10:56:38:386

Connecting Started...

<<<----  [OUT]
2020/10/28 10:56:40:448

I can't connect with the passive [192.168.100.113/5000] error_code:10061 !

<<<----  [OUT]
2020/10/28 10:56:42:933

Connecting Started...

<<<----  [OUT]
2020/10/28 10:56:44:972

I can't connect with the passive [192.168.100.113/5000] error_code:10061 !

<<<----  [OUT]
2020/10/28 10:56:47:449

Connecting Started...

<<<----  [OUT]
2020/10/28 10:56:49:496

I can't connect with the passive [192.168.100.113/5000] error_code:10061 !

<<<----  [OUT]
2020/10/28 10:56:51:981

Connecting Started...

<<<----  [OUT]
2020/10/28 10:56:54:009

I can't connect with the passive [192.168.100.113/5000] error_code:10061 !

<<<----  [OUT]
2020/10/28 10:56:56:496

Connecting Started...

<<<----  [OUT]
2020/10/28 10:56:58:529

I can't connect with the passive [192.168.100.113/5000] error_code:10061 !

<<<----  [OUT]
2020/10/28 10:57:01:012

Connecting Started...

<<<----  [OUT]
2020/10/28 10:57:03:048

I can't connect with the passive [192.168.100.113/5000] error_code:10061 !

<<<----  [OUT]
2020/10/28 10:57:05:527

Connecting Started...

<<<----  [OUT]
2020/10/28 10:57:07:562

I can't connect with the passive [192.168.100.113/5000] error_code:10061 !

<<<----  [OUT]
2020/10/28 10:57:10:041

Connecting Started...

<<<----  [OUT]
2020/10/28 10:57:12:063

I can't connect with the passive [192.168.100.113/5000] error_code:10061 !

<<<----  [OUT]
2020/10/28 10:57:14:542

Connecting Started...

<<<----  [OUT]
2020/10/28 10:57:16:574

I can't connect with the passive [192.168.100.113/5000] error_code:10061 !

<<<----  [OUT]
2020/10/28 10:57:19:057

Connecting Started...

<<<----  [OUT]
2020/10/28 10:57:21:091

I can't connect with the passive [192.168.100.113/5000] error_code:10061 !

<<<----  [OUT]
2020/10/28 10:57:23:573

Connecting Started...

<<<----  [OUT]
2020/10/28 10:57:25:614

I can't connect with the passive [192.168.100.113/5000] error_code:10061 !

<<<----  [OUT]
2020/10/28 10:57:28:104

Connecting Started...

<<<----  [OUT]
2020/10/28 10:57:30:159

I can't connect with the passive [192.168.100.113/5000] error_code:10061 !

<<<----  [OUT]
2020/10/28 10:57:32:636

Connecting Started...

<<<----  [OUT]
2020/10/28 10:57:34:670

I can't connect with the passive [192.168.100.113/5000] error_code:10061 !

<<<----  [OUT]
2020/10/28 10:57:37:151

Connecting Started...

<<<----  [OUT]
2020/10/28 10:57:39:195

I can't connect with the passive [192.168.100.113/5000] error_code:10061 !

<<<----  [OUT]
2020/10/28 10:57:41:684

Connecting Started...

<<<----  [OUT]
2020/10/28 10:57:43:727

I can't connect with the passive [192.168.100.113/5000] error_code:10061 !

<<<----  [OUT]
2020/10/28 10:57:46:214

Connecting Started...

<<<----  [OUT]
2020/10/28 10:57:48:251

I can't connect with the passive [192.168.100.113/5000] error_code:10061 !

<<<----  [OUT]
2020/10/28 10:57:50:730

Connecting Started...

<<<----  [OUT]
2020/10/28 10:57:52:781

I can't connect with the passive [192.168.100.113/5000] error_code:10061 !

<<<----  [OUT]
2020/10/28 10:57:55:261

Connecting Started...

<<<----  [OUT]
2020/10/28 10:57:57:292

I can't connect with the passive [192.168.100.113/5000] error_code:10061 !

<<<----  [OUT]
2020/10/28 10:57:59:776

Connecting Started...

<<<----  [OUT]
2020/10/28 10:58:01:808

I can't connect with the passive [192.168.100.113/5000] error_code:10061 !

<<<----  [OUT]
2020/10/28 10:58:04:291

Connecting Started...

<<<----  [OUT]
2020/10/28 10:58:06:329

I can't connect with the passive [192.168.100.113/5000] error_code:10061 !

<<<----  [OUT]
2020/10/28 10:58:08:807

Connecting Started...

<<<----  [OUT]
2020/10/28 10:58:10:840

I can't connect with the passive [192.168.100.113/5000] error_code:10061 !

<<<----  [OUT]
2020/10/28 10:58:13:324

Connecting Started...

<<<----  [OUT]
2020/10/28 10:58:15:350

I can't connect with the passive [192.168.100.113/5000] error_code:10061 !

<<<----  [OUT]
2020/10/28 10:58:17:840

Connecting Started...

<<<----  [OUT]
2020/10/28 10:58:19:888

I can't connect with the passive [192.168.100.113/5000] error_code:10061 !

<<<----  [OUT]
2020/10/28 10:58:22:370

Connecting Started...

<<<----  [OUT]
2020/10/28 10:58:24:413

I can't connect with the passive [192.168.100.113/5000] error_code:10061 !

<<<----  [OUT]
2020/10/28 10:58:26:901

Connecting Started...

<<<----  [OUT]
2020/10/28 10:58:28:941

I can't connect with the passive [192.168.100.113/5000] error_code:10061 !

<<<----  [OUT]
2020/10/28 10:58:31:418

Connecting Started...

<<<----  [OUT]
2020/10/28 10:58:33:464

I can't connect with the passive [192.168.100.113/5000] error_code:10061 !

<<<----  [OUT]
2020/10/28 10:58:35:949

Connecting Started...

<<<----  [OUT]
2020/10/28 10:58:38:001

I can't connect with the passive [192.168.100.113/5000] error_code:10061 !

<<<----  [OUT]
2020/10/28 10:58:40:481

Connecting Started...

<<<----  [OUT]
2020/10/28 10:58:42:511

I can't connect with the passive [192.168.100.113/5000] error_code:10061 !

<<<----  [OUT]
2020/10/28 10:58:44:996

Connecting Started...

<<<----  [OUT]
2020/10/28 10:58:47:024

I can't connect with the passive [192.168.100.113/5000] error_code:10061 !

<<<----  [OUT]
2020/10/28 10:58:49:511

Connecting Started...

<<<----  [OUT]
2020/10/28 10:58:51:539

I can't connect with the passive [192.168.100.113/5000] error_code:10061 !

<<<----  [OUT]
2020/10/28 10:58:54:027

Connecting Started...

<<<----  [OUT]
2020/10/28 10:58:56:066

I can't connect with the passive [192.168.100.113/5000] error_code:10061 !

<<<----  [OUT]
2020/10/28 10:58:58:543

Connecting Started...

<<<----  [OUT]
2020/10/28 10:59:00:590

I can't connect with the passive [192.168.100.113/5000] error_code:10061 !

<<<----  [OUT]
2020/10/28 10:59:03:074

Connecting Started...

<<<----  [OUT]
2020/10/28 10:59:05:107

I can't connect with the passive [192.168.100.113/5000] error_code:10061 !

<<<----  [OUT]
2020/10/28 10:59:07:589

Connecting Started...

<<<----  [OUT]
2020/10/28 10:59:09:639

I can't connect with the passive [192.168.100.113/5000] error_code:10061 !

<<<----  [OUT]
2020/10/28 10:59:12:121

Connecting Started...

<<<----  [OUT]
2020/10/28 10:59:14:162

I can't connect with the passive [192.168.100.113/5000] error_code:10061 !

<<<----  [OUT]
2020/10/28 10:59:16:651

Connecting Started...

<<<----  [OUT]
2020/10/28 10:59:18:681

I can't connect with the passive [192.168.100.113/5000] error_code:10061 !

<<<----  [OUT]
2020/10/28 10:59:21:168

Connecting Started...

<<<----  [OUT]
2020/10/28 10:59:23:224

I can't connect with the passive [192.168.100.113/5000] error_code:10061 !

<<<----  [OUT]
2020/10/28 10:59:25:714

Connecting Started...

<<<----  [OUT]
2020/10/28 10:59:27:754

I can't connect with the passive [192.168.100.113/5000] error_code:10061 !

<<<----  [OUT]
2020/10/28 10:59:30:246

Connecting Started...

<<<----  [OUT]
2020/10/28 10:59:32:264

I can't connect with the passive [192.168.100.113/5000] error_code:10061 !

<<<----  [OUT]
2020/10/28 10:59:34:745

Connecting Started...

<<<----  [OUT]
2020/10/28 10:59:36:782

I can't connect with the passive [192.168.100.113/5000] error_code:10061 !

<<<----  [OUT]
2020/10/28 10:59:39:261

Connecting Started...

<<<----  [OUT]
2020/10/28 10:59:41:276

I can't connect with the passive [192.168.100.113/5000] error_code:10061 !

<<<----  [OUT]
2020/10/28 10:59:43:761

Connecting Started...

<<<----  [OUT]
2020/10/28 10:59:45:808

I can't connect with the passive [192.168.100.113/5000] error_code:10061 !

<<<----  [OUT]
2020/10/28 10:59:48:293

Connecting Started...

<<<----  [OUT]
2020/10/28 10:59:50:318

I can't connect with the passive [192.168.100.113/5000] error_code:10061 !

<<<----  [OUT]
2020/10/28 10:59:52:807

Connecting Started...

<<<----  [OUT]
2020/10/28 10:59:54:835

I can't connect with the passive [192.168.100.113/5000] error_code:10061 !

<<<----  [OUT]
2020/10/28 10:59:57:323

Connecting Started...

<<<----  [OUT]
2020/10/28 10:59:59:363

I can't connect with the passive [192.168.100.113/5000] error_code:10061 !
