
<<<----  [OUT]
2020/10/28 11:00:01:839

Connecting Started...

<<<----  [OUT]
2020/10/28 11:00:03:884

I can't connect with the passive [192.168.100.113/5000] error_code:10061 !

<<<----  [OUT]
2020/10/28 11:00:06:370

Connecting Started...

<<<----  [OUT]
2020/10/28 11:00:08:395

I can't connect with the passive [192.168.100.113/5000] error_code:10061 !

<<<----  [OUT]
2020/10/28 11:00:10:886

Connecting Started...

<<<----  [OUT]
2020/10/28 11:00:12:927

I can't connect with the passive [192.168.100.113/5000] error_code:10061 !

<<<----  [OUT]
2020/10/28 11:00:15:418

Connecting Started...

<<<----  [OUT]
2020/10/28 11:00:17:443

I can't connect with the passive [192.168.100.113/5000] error_code:10061 !

<<<----  [OUT]
2020/10/28 11:00:19:933

Connecting Started...

<<<----  [OUT]
2020/10/28 11:00:21:985

I can't connect with the passive [192.168.100.113/5000] error_code:10061 !

<<<----  [OUT]
2020/10/28 11:00:24:465

Connecting Started...

<<<----  [OUT]
2020/10/28 11:00:26:498

I can't connect with the passive [192.168.100.113/5000] error_code:10061 !

<<<----  [OUT]
2020/10/28 11:00:28:981

Connecting Started...

<<<----  [OUT]
2020/10/28 11:00:31:006

I can't connect with the passive [192.168.100.113/5000] error_code:10061 !

<<<----  [OUT]
2020/10/28 11:00:33:496

Connecting Started...

<<<----  [OUT]
2020/10/28 11:00:35:527

I can't connect with the passive [192.168.100.113/5000] error_code:10061 !

<<<----  [OUT]
2020/10/28 11:00:38:012

Connecting Started...

<<<----  [OUT]
2020/10/28 11:00:40:046

I can't connect with the passive [192.168.100.113/5000] error_code:10061 !

<<<----  [OUT]
2020/10/28 11:00:42:527

Connecting Started...

<<<----  [OUT]
2020/10/28 11:00:44:572

I can't connect with the passive [192.168.100.113/5000] error_code:10061 !

<<<----  [OUT]
2020/10/28 11:00:47:057

Connecting Started...

<<<----  [OUT]
2020/10/28 11:00:49:094

I can't connect with the passive [192.168.100.113/5000] error_code:10061 !

<<<----  [OUT]
2020/10/28 11:00:51:574

Connecting Started...

<<<----  [OUT]
2020/10/28 11:00:53:599

I can't connect with the passive [192.168.100.113/5000] error_code:10061 !

<<<----  [OUT]
2020/10/28 11:00:56:089

Connecting Started...

<<<----  [OUT]
2020/10/28 11:00:58:123

I can't connect with the passive [192.168.100.113/5000] error_code:10061 !

<<<----  [OUT]
2020/10/28 11:01:00:604

Connecting Started...

<<<----  [OUT]
2020/10/28 11:01:02:640

I can't connect with the passive [192.168.100.113/5000] error_code:10061 !

<<<----  [OUT]
2020/10/28 11:01:05:121

Connecting Started...

<<<----  [OUT]
2020/10/28 11:01:07:182

I can't connect with the passive [192.168.100.113/5000] error_code:10061 !

<<<----  [OUT]
2020/10/28 11:01:09:667

Connecting Started...

<<<----  [OUT]
2020/10/28 11:01:11:699

I can't connect with the passive [192.168.100.113/5000] error_code:10061 !

<<<----  [OUT]
2020/10/28 11:01:14:183

Connecting Started...

<<<----  [OUT]
2020/10/28 11:01:16:223

I can't connect with the passive [192.168.100.113/5000] error_code:10061 !

<<<----  [OUT]
2020/10/28 11:01:18:715

Connecting Started...

<<<----  [OUT]
2020/10/28 11:01:20:741

I can't connect with the passive [192.168.100.113/5000] error_code:10061 !

<<<----  [OUT]
2020/10/28 11:01:23:230

Connecting Started...

<<<----  [OUT]
2020/10/28 11:01:25:270

I can't connect with the passive [192.168.100.113/5000] error_code:10061 !

<<<----  [OUT]
2020/10/28 11:01:27:761

Connecting Started...

<<<----  [OUT]
2020/10/28 11:01:29:804

I can't connect with the passive [192.168.100.113/5000] error_code:10061 !

<<<----  [OUT]
2020/10/28 11:01:32:293

Connecting Started...

<<<----  [OUT]
2020/10/28 11:01:34:336

I can't connect with the passive [192.168.100.113/5000] error_code:10061 !

<<<----  [OUT]
2020/10/28 11:01:36:824

Connecting Started...

<<<----  [OUT]
2020/10/28 11:01:38:873

I can't connect with the passive [192.168.100.113/5000] error_code:10061 !

<<<----  [OUT]
2020/10/28 11:01:41:354

Connecting Started...

<<<----  [OUT]
2020/10/28 11:01:43:396

I can't connect with the passive [192.168.100.113/5000] error_code:10061 !

<<<----  [OUT]
2020/10/28 11:01:45:886

Connecting Started...

<<<----  [OUT]
2020/10/28 11:01:47:922

I can't connect with the passive [192.168.100.113/5000] error_code:10061 !

<<<----  [OUT]
2020/10/28 11:01:50:401

Connecting Started...

<<<----  [OUT]
2020/10/28 11:01:52:431

I can't connect with the passive [192.168.100.113/5000] error_code:10061 !

<<<----  [OUT]
2020/10/28 11:01:54:917

Connecting Started...

<<<----  [OUT]
2020/10/28 11:01:56:942

I can't connect with the passive [192.168.100.113/5000] error_code:10061 !

<<<----  [OUT]
2020/10/28 11:01:59:433

Connecting Started...

<<<----  [OUT]
2020/10/28 11:02:01:462

I can't connect with the passive [192.168.100.113/5000] error_code:10061 !

<<<----  [OUT]
2020/10/28 11:02:03:948

Connecting Started...

<<<----  [OUT]
2020/10/28 11:02:05:983

I can't connect with the passive [192.168.100.113/5000] error_code:10061 !

<<<----  [OUT]
2020/10/28 11:02:08:465

Connecting Started...

<<<----  [OUT]
2020/10/28 11:02:10:489

I can't connect with the passive [192.168.100.113/5000] error_code:10061 !

<<<----  [OUT]
2020/10/28 11:02:12:980

Connecting Started...

<<<----  [OUT]
2020/10/28 11:02:15:005

I can't connect with the passive [192.168.100.113/5000] error_code:10061 !

<<<----  [OUT]
2020/10/28 11:02:17:495

Connecting Started...

<<<----  [OUT]
2020/10/28 11:02:19:537

I can't connect with the passive [192.168.100.113/5000] error_code:10061 !

<<<----  [OUT]
2020/10/28 11:02:22:027

Connecting Started...

<<<----  [OUT]
2020/10/28 11:02:24:055

I can't connect with the passive [192.168.100.113/5000] error_code:10061 !

<<<----  [OUT]
2020/10/28 11:02:26:541

Connecting Started...

<<<----  [OUT]
2020/10/28 11:02:28:586

I can't connect with the passive [192.168.100.113/5000] error_code:10061 !

<<<----  [OUT]
2020/10/28 11:02:31:074

Connecting Started...

<<<----  [OUT]
2020/10/28 11:02:33:116

I can't connect with the passive [192.168.100.113/5000] error_code:10061 !

<<<----  [OUT]
2020/10/28 11:02:35:604

Connecting Started...

<<<----  [OUT]
2020/10/28 11:02:37:644

I can't connect with the passive [192.168.100.113/5000] error_code:10061 !

<<<----  [OUT]
2020/10/28 11:02:40:120

Connecting Started...

<<<----  [OUT]
2020/10/28 11:02:42:179

I can't connect with the passive [192.168.100.113/5000] error_code:10061 !

<<<----  [OUT]
2020/10/28 11:02:44:668

Connecting Started...

<<<----  [OUT]
2020/10/28 11:02:46:704

I can't connect with the passive [192.168.100.113/5000] error_code:10061 !

<<<----  [OUT]
2020/10/28 11:02:49:184

Connecting Started...

<<<----  [OUT]
2020/10/28 11:02:51:219

I can't connect with the passive [192.168.100.113/5000] error_code:10061 !

<<<----  [OUT]
2020/10/28 11:02:53:698

Connecting Started...

<<<----  [OUT]
2020/10/28 11:02:55:728

I can't connect with the passive [192.168.100.113/5000] error_code:10061 !

<<<----  [OUT]
2020/10/28 11:02:58:214

Connecting Started...

<<<----  [OUT]
2020/10/28 11:03:00:238

I can't connect with the passive [192.168.100.113/5000] error_code:10061 !

<<<----  [OUT]
2020/10/28 11:03:02:731

Connecting Started...

<<<----  [OUT]
2020/10/28 11:03:04:761

I can't connect with the passive [192.168.100.113/5000] error_code:10061 !

<<<----  [OUT]
2020/10/28 11:03:07:245

Connecting Started...

<<<----  [OUT]
2020/10/28 11:03:09:271

I can't connect with the passive [192.168.100.113/5000] error_code:10061 !

<<<----  [OUT]
2020/10/28 11:03:11:761

Connecting Started...

<<<----  [OUT]
2020/10/28 11:03:13:786

I can't connect with the passive [192.168.100.113/5000] error_code:10061 !

<<<----  [OUT]
2020/10/28 11:03:16:277

Connecting Started...

<<<----  [OUT]
2020/10/28 11:03:18:308

I can't connect with the passive [192.168.100.113/5000] error_code:10061 !

<<<----  [OUT]
2020/10/28 11:03:20:791

Connecting Started...

<<<----  [OUT]
2020/10/28 11:03:22:823

I can't connect with the passive [192.168.100.113/5000] error_code:10061 !

<<<----  [OUT]
2020/10/28 11:03:25:307

Connecting Started...

<<<----  [OUT]
2020/10/28 11:03:27:351

I can't connect with the passive [192.168.100.113/5000] error_code:10061 !

<<<----  [OUT]
2020/10/28 11:03:29:838

Connecting Started...

<<<----  [OUT]
2020/10/28 11:03:31:865

I can't connect with the passive [192.168.100.113/5000] error_code:10061 !

<<<----  [OUT]
2020/10/28 11:03:34:355

Connecting Started...

<<<----  [OUT]
2020/10/28 11:03:36:404

I can't connect with the passive [192.168.100.113/5000] error_code:10061 !

<<<----  [OUT]
2020/10/28 11:03:38:886

Connecting Started...

<<<----  [OUT]
2020/10/28 11:03:40:941

I can't connect with the passive [192.168.100.113/5000] error_code:10061 !

<<<----  [OUT]
2020/10/28 11:03:43:418

Connecting Started...

<<<----  [OUT]
2020/10/28 11:03:45:471

I can't connect with the passive [192.168.100.113/5000] error_code:10061 !

<<<----  [OUT]
2020/10/28 11:03:47:949

Connecting Started...

<<<----  [OUT]
2020/10/28 11:03:49:985

I can't connect with the passive [192.168.100.113/5000] error_code:10061 !

<<<----  [OUT]
2020/10/28 11:03:52:465

Connecting Started...

<<<----  [OUT]
2020/10/28 11:03:54:503

I can't connect with the passive [192.168.100.113/5000] error_code:10061 !

<<<----  [OUT]
2020/10/28 11:03:56:980

Connecting Started...

<<<----  [OUT]
2020/10/28 11:03:59:039

I can't connect with the passive [192.168.100.113/5000] error_code:10061 !

<<<----  [OUT]
2020/10/28 11:04:01:527

Connecting Started...

<<<----  [OUT]
2020/10/28 11:04:03:565

I can't connect with the passive [192.168.100.113/5000] error_code:10061 !

<<<----  [OUT]
2020/10/28 11:04:06:043

Connecting Started...

<<<----  [OUT]
2020/10/28 11:04:08:076

I can't connect with the passive [192.168.100.113/5000] error_code:10061 !

<<<----  [OUT]
2020/10/28 11:04:10:558

Connecting Started...

<<<----  [OUT]
2020/10/28 11:04:12:582

I can't connect with the passive [192.168.100.113/5000] error_code:10061 !

<<<----  [OUT]
2020/10/28 11:04:15:074

Connecting Started...

<<<----  [OUT]
2020/10/28 11:04:17:106

I can't connect with the passive [192.168.100.113/5000] error_code:10061 !

<<<----  [OUT]
2020/10/28 11:04:19:589

Connecting Started...

<<<----  [OUT]
2020/10/28 11:04:21:613

I can't connect with the passive [192.168.100.113/5000] error_code:10061 !

<<<----  [OUT]
2020/10/28 11:04:24:090

Connecting Started...

<<<----  [OUT]
2020/10/28 11:04:26:122

I can't connect with the passive [192.168.100.113/5000] error_code:10061 !

<<<----  [OUT]
2020/10/28 11:04:28:605

Connecting Started...

<<<----  [OUT]
2020/10/28 11:04:30:633

I can't connect with the passive [192.168.100.113/5000] error_code:10061 !

<<<----  [OUT]
2020/10/28 11:04:33:120

Connecting Started...

<<<----  [OUT]
2020/10/28 11:04:35:154

I can't connect with the passive [192.168.100.113/5000] error_code:10061 !

<<<----  [OUT]
2020/10/28 11:04:37:636

Connecting Started...

<<<----  [OUT]
2020/10/28 11:04:39:660

I can't connect with the passive [192.168.100.113/5000] error_code:10061 !

<<<----  [OUT]
2020/10/28 11:04:42:137

Connecting Started...

<<<----  [OUT]
2020/10/28 11:04:44:188

I can't connect with the passive [192.168.100.113/5000] error_code:10061 !

<<<----  [OUT]
2020/10/28 11:04:46:667

Connecting Started...

<<<----  [OUT]
2020/10/28 11:04:48:698

I can't connect with the passive [192.168.100.113/5000] error_code:10061 !

<<<----  [OUT]
2020/10/28 11:04:51:183

Connecting Started...

<<<----  [OUT]
2020/10/28 11:04:53:218

I can't connect with the passive [192.168.100.113/5000] error_code:10061 !

<<<----  [OUT]
2020/10/28 11:04:55:699

Connecting Started...

<<<----  [OUT]
2020/10/28 11:04:57:747

I can't connect with the passive [192.168.100.113/5000] error_code:10061 !

<<<----  [OUT]
2020/10/28 11:05:00:231

Connecting Started...

<<<----  [OUT]
2020/10/28 11:05:02:249

I can't connect with the passive [192.168.100.113/5000] error_code:10061 !

<<<----  [OUT]
2020/10/28 11:05:04:730

Connecting Started...

<<<----  [OUT]
2020/10/28 11:05:06:777

I can't connect with the passive [192.168.100.113/5000] error_code:10061 !

<<<----  [OUT]
2020/10/28 11:05:09:261

Connecting Started...

<<<----  [OUT]
2020/10/28 11:05:11:320

I can't connect with the passive [192.168.100.113/5000] error_code:10061 !

<<<----  [OUT]
2020/10/28 11:05:13:807

Connecting Started...

<<<----  [OUT]
2020/10/28 11:05:15:863

I can't connect with the passive [192.168.100.113/5000] error_code:10061 !

<<<----  [OUT]
2020/10/28 11:05:18:340

Connecting Started...

<<<----  [OUT]
2020/10/28 11:05:20:382

I can't connect with the passive [192.168.100.113/5000] error_code:10061 !

<<<----  [OUT]
2020/10/28 11:05:22:871

Connecting Started...

<<<----  [OUT]
2020/10/28 11:05:24:905

I can't connect with the passive [192.168.100.113/5000] error_code:10061 !

<<<----  [OUT]
2020/10/28 11:05:27:387

Connecting Started...

<<<----  [OUT]
2020/10/28 11:05:29:415

I can't connect with the passive [192.168.100.113/5000] error_code:10061 !

<<<----  [OUT]
2020/10/28 11:05:31:901

Connecting Started...

<<<----  [OUT]
2020/10/28 11:05:33:946

I can't connect with the passive [192.168.100.113/5000] error_code:10061 !

<<<----  [OUT]
2020/10/28 11:05:36:433

Connecting Started...

<<<----  [OUT]
2020/10/28 11:05:38:459

I can't connect with the passive [192.168.100.113/5000] error_code:10061 !

<<<----  [OUT]
2020/10/28 11:05:40:948

Connecting Started...

<<<----  [OUT]
2020/10/28 11:05:42:978

I can't connect with the passive [192.168.100.113/5000] error_code:10061 !

<<<----  [OUT]
2020/10/28 11:05:45:465

Connecting Started...

<<<----  [OUT]
2020/10/28 11:05:47:507

I can't connect with the passive [192.168.100.113/5000] error_code:10061 !

<<<----  [OUT]
2020/10/28 11:05:49:996

Connecting Started...

<<<----  [OUT]
2020/10/28 11:05:52:035

I can't connect with the passive [192.168.100.113/5000] error_code:10061 !

<<<----  [OUT]
2020/10/28 11:05:54:526

Connecting Started...

<<<----  [OUT]
2020/10/28 11:05:56:580

I can't connect with the passive [192.168.100.113/5000] error_code:10061 !

<<<----  [OUT]
2020/10/28 11:05:59:058

Connecting Started...

<<<----  [OUT]
2020/10/28 11:06:01:104

I can't connect with the passive [192.168.100.113/5000] error_code:10061 !

<<<----  [OUT]
2020/10/28 11:06:03:589

Connecting Started...

<<<----  [OUT]
2020/10/28 11:06:05:630

I can't connect with the passive [192.168.100.113/5000] error_code:10061 !

<<<----  [OUT]
2020/10/28 11:06:08:120

Connecting Started...

<<<----  [OUT]
2020/10/28 11:06:10:144

I can't connect with the passive [192.168.100.113/5000] error_code:10061 !

<<<----  [OUT]
2020/10/28 11:06:12:620

Connecting Started...

<<<----  [OUT]
2020/10/28 11:06:14:646

I can't connect with the passive [192.168.100.113/5000] error_code:10061 !

<<<----  [OUT]
2020/10/28 11:06:17:136

Connecting Started...

<<<----  [OUT]
2020/10/28 11:06:19:183

I can't connect with the passive [192.168.100.113/5000] error_code:10061 !

<<<----  [OUT]
2020/10/28 11:06:21:667

Connecting Started...

<<<----  [OUT]
2020/10/28 11:06:23:691

I can't connect with the passive [192.168.100.113/5000] error_code:10061 !

<<<----  [OUT]
2020/10/28 11:06:26:168

Connecting Started...

<<<----  [OUT]
2020/10/28 11:06:28:201

I can't connect with the passive [192.168.100.113/5000] error_code:10061 !

<<<----  [OUT]
2020/10/28 11:06:30:683

Connecting Started...

<<<----  [OUT]
2020/10/28 11:06:32:729

I can't connect with the passive [192.168.100.113/5000] error_code:10061 !

<<<----  [OUT]
2020/10/28 11:06:35:215

Connecting Started...

<<<----  [OUT]
2020/10/28 11:06:37:262

I can't connect with the passive [192.168.100.113/5000] error_code:10061 !

<<<----  [OUT]
2020/10/28 11:06:39:745

Connecting Started...

<<<----  [OUT]
2020/10/28 11:06:41:765

I can't connect with the passive [192.168.100.113/5000] error_code:10061 !

<<<----  [OUT]
2020/10/28 11:06:44:246

Connecting Started...

<<<----  [OUT]
2020/10/28 11:06:46:305

I can't connect with the passive [192.168.100.113/5000] error_code:10061 !

<<<----  [OUT]
2020/10/28 11:06:48:792

Connecting Started...

<<<----  [OUT]
2020/10/28 11:06:50:821

I can't connect with the passive [192.168.100.113/5000] error_code:10061 !

<<<----  [OUT]
2020/10/28 11:06:53:308

Connecting Started...

<<<----  [OUT]
2020/10/28 11:06:55:353

I can't connect with the passive [192.168.100.113/5000] error_code:10061 !

<<<----  [OUT]
2020/10/28 11:06:57:838

Connecting Started...

<<<----  [OUT]
2020/10/28 11:06:59:871

I can't connect with the passive [192.168.100.113/5000] error_code:10061 !

<<<----  [OUT]
2020/10/28 11:07:02:354

Connecting Started...

<<<----  [OUT]
2020/10/28 11:07:04:380

I can't connect with the passive [192.168.100.113/5000] error_code:10061 !

<<<----  [OUT]
2020/10/28 11:07:06:871

Connecting Started...

<<<----  [OUT]
2020/10/28 11:07:08:921

I can't connect with the passive [192.168.100.113/5000] error_code:10061 !

<<<----  [OUT]
2020/10/28 11:07:11:401

Connecting Started...

<<<----  [OUT]
2020/10/28 11:07:13:418

I can't connect with the passive [192.168.100.113/5000] error_code:10061 !

<<<----  [OUT]
2020/10/28 11:07:15:902

Connecting Started...

<<<----  [OUT]
2020/10/28 11:07:17:929

I can't connect with the passive [192.168.100.113/5000] error_code:10061 !

<<<----  [OUT]
2020/10/28 11:07:20:418

Connecting Started...

<<<----  [OUT]
2020/10/28 11:07:22:465

I can't connect with the passive [192.168.100.113/5000] error_code:10061 !

<<<----  [OUT]
2020/10/28 11:07:24:949

Connecting Started...

<<<----  [OUT]
2020/10/28 11:07:26:969

I can't connect with the passive [192.168.100.113/5000] error_code:10061 !

<<<----  [OUT]
2020/10/28 11:07:29:448

Connecting Started...

<<<----  [OUT]
2020/10/28 11:07:31:483

I can't connect with the passive [192.168.100.113/5000] error_code:10061 !

<<<----  [OUT]
2020/10/28 11:07:33:965

Connecting Started...

<<<----  [OUT]
2020/10/28 11:07:36:014

I can't connect with the passive [192.168.100.113/5000] error_code:10061 !

<<<----  [OUT]
2020/10/28 11:07:38:495

Connecting Started...

<<<----  [OUT]
2020/10/28 11:07:40:520

I can't connect with the passive [192.168.100.113/5000] error_code:10061 !

<<<----  [OUT]
2020/10/28 11:07:43:011

Connecting Started...

<<<----  [OUT]
2020/10/28 11:07:45:060

I can't connect with the passive [192.168.100.113/5000] error_code:10061 !

<<<----  [OUT]
2020/10/28 11:07:47:541

Connecting Started...

<<<----  [OUT]
2020/10/28 11:07:49:586

I can't connect with the passive [192.168.100.113/5000] error_code:10061 !

<<<----  [OUT]
2020/10/28 11:07:52:073

Connecting Started...

<<<----  [OUT]
2020/10/28 11:07:54:123

I can't connect with the passive [192.168.100.113/5000] error_code:10061 !

<<<----  [OUT]
2020/10/28 11:07:56:604

Connecting Started...

<<<----  [OUT]
2020/10/28 11:07:58:655

I can't connect with the passive [192.168.100.113/5000] error_code:10061 !

<<<----  [OUT]
2020/10/28 11:08:01:137

Connecting Started...

<<<----  [OUT]
2020/10/28 11:08:03:179

I can't connect with the passive [192.168.100.113/5000] error_code:10061 !

<<<----  [OUT]
2020/10/28 11:08:05:667

Connecting Started...

<<<----  [OUT]
2020/10/28 11:08:07:709

I can't connect with the passive [192.168.100.113/5000] error_code:10061 !

<<<----  [OUT]
2020/10/28 11:08:10:198

Connecting Started...

<<<----  [OUT]
2020/10/28 11:08:12:244

I can't connect with the passive [192.168.100.113/5000] error_code:10061 !

<<<----  [OUT]
2020/10/28 11:08:14:731

Connecting Started...

<<<----  [OUT]
2020/10/28 11:08:16:795

I can't connect with the passive [192.168.100.113/5000] error_code:10061 !

<<<----  [OUT]
2020/10/28 11:08:19:278

Connecting Started...

<<<----  [OUT]
2020/10/28 11:08:21:308

I can't connect with the passive [192.168.100.113/5000] error_code:10061 !

<<<----  [OUT]
2020/10/28 11:08:23:792

Connecting Started...

<<<----  [OUT]
2020/10/28 11:08:25:835

I can't connect with the passive [192.168.100.113/5000] error_code:10061 !

<<<----  [OUT]
2020/10/28 11:08:28:323

Connecting Started...

<<<----  [OUT]
2020/10/28 11:08:30:351

I can't connect with the passive [192.168.100.113/5000] error_code:10061 !

<<<----  [OUT]
2020/10/28 11:08:32:838

Connecting Started...

<<<----  [OUT]
2020/10/28 11:08:34:879

I can't connect with the passive [192.168.100.113/5000] error_code:10061 !

<<<----  [OUT]
2020/10/28 11:08:37:370

Connecting Started...

<<<----  [OUT]
2020/10/28 11:08:39:413

I can't connect with the passive [192.168.100.113/5000] error_code:10061 !

<<<----  [OUT]
2020/10/28 11:08:41:902

Connecting Started...

<<<----  [OUT]
2020/10/28 11:08:43:948

I can't connect with the passive [192.168.100.113/5000] error_code:10061 !

<<<----  [OUT]
2020/10/28 11:08:46:433

Connecting Started...

<<<----  [OUT]
2020/10/28 11:08:48:486

I can't connect with the passive [192.168.100.113/5000] error_code:10061 !

<<<----  [OUT]
2020/10/28 11:08:50:965

Connecting Started...

<<<----  [OUT]
2020/10/28 11:08:53:006

I can't connect with the passive [192.168.100.113/5000] error_code:10061 !

<<<----  [OUT]
2020/10/28 11:08:55:496

Connecting Started...

<<<----  [OUT]
2020/10/28 11:08:57:535

I can't connect with the passive [192.168.100.113/5000] error_code:10061 !

<<<----  [OUT]
2020/10/28 11:09:00:027

Connecting Started...

<<<----  [OUT]
2020/10/28 11:09:02:068

I can't connect with the passive [192.168.100.113/5000] error_code:10061 !

<<<----  [OUT]
2020/10/28 11:09:04:558

Connecting Started...

<<<----  [OUT]
2020/10/28 11:09:06:616

I can't connect with the passive [192.168.100.113/5000] error_code:10061 !

<<<----  [OUT]
2020/10/28 11:09:09:104

Connecting Started...

<<<----  [OUT]
2020/10/28 11:09:11:148

I can't connect with the passive [192.168.100.113/5000] error_code:10061 !

<<<----  [OUT]
2020/10/28 11:09:13:636

Connecting Started...

<<<----  [OUT]
2020/10/28 11:09:15:673

I can't connect with the passive [192.168.100.113/5000] error_code:10061 !

<<<----  [OUT]
2020/10/28 11:09:18:152

Connecting Started...

<<<----  [OUT]
2020/10/28 11:09:20:189

I can't connect with the passive [192.168.100.113/5000] error_code:10061 !

<<<----  [OUT]
2020/10/28 11:09:22:668

Connecting Started...

<<<----  [OUT]
2020/10/28 11:09:24:695

I can't connect with the passive [192.168.100.113/5000] error_code:10061 !

<<<----  [OUT]
2020/10/28 11:09:27:182

Connecting Started...

<<<----  [OUT]
2020/10/28 11:09:29:203

I can't connect with the passive [192.168.100.113/5000] error_code:10061 !

<<<----  [OUT]
2020/10/28 11:09:31:684

Connecting Started...

<<<----  [OUT]
2020/10/28 11:09:33:703

I can't connect with the passive [192.168.100.113/5000] error_code:10061 !

<<<----  [OUT]
2020/10/28 11:09:36:184

Connecting Started...

<<<----  [OUT]
2020/10/28 11:09:38:223

I can't connect with the passive [192.168.100.113/5000] error_code:10061 !

<<<----  [OUT]
2020/10/28 11:09:40:699

Connecting Started...

<<<----  [OUT]
2020/10/28 11:09:42:717

I can't connect with the passive [192.168.100.113/5000] error_code:10061 !

<<<----  [OUT]
2020/10/28 11:09:45:199

Connecting Started...

<<<----  [OUT]
2020/10/28 11:09:47:247

I can't connect with the passive [192.168.100.113/5000] error_code:10061 !

<<<----  [OUT]
2020/10/28 11:09:49:731

Connecting Started...

<<<----  [OUT]
2020/10/28 11:09:51:781

I can't connect with the passive [192.168.100.113/5000] error_code:10061 !

<<<----  [OUT]
2020/10/28 11:09:54:262

Connecting Started...

<<<----  [OUT]
2020/10/28 11:09:56:313

I can't connect with the passive [192.168.100.113/5000] error_code:10061 !

<<<----  [OUT]
2020/10/28 11:09:58:792

Connecting Started...

<<<----  [OUT]
2020/10/28 11:10:00:838

I can't connect with the passive [192.168.100.113/5000] error_code:10061 !

<<<----  [OUT]
2020/10/28 11:10:03:323

Connecting Started...

<<<----  [OUT]
2020/10/28 11:10:05:341

I can't connect with the passive [192.168.100.113/5000] error_code:10061 !

<<<----  [OUT]
2020/10/28 11:10:07:824

Connecting Started...

<<<----  [OUT]
2020/10/28 11:10:09:842

I can't connect with the passive [192.168.100.113/5000] error_code:10061 !

<<<----  [OUT]
2020/10/28 11:10:12:323

Connecting Started...

<<<----  [OUT]
2020/10/28 11:10:14:380

I can't connect with the passive [192.168.100.113/5000] error_code:10061 !

<<<----  [OUT]
2020/10/28 11:10:16:870

Connecting Started...

<<<----  [OUT]
2020/10/28 11:10:18:891

I can't connect with the passive [192.168.100.113/5000] error_code:10061 !

<<<----  [OUT]
2020/10/28 11:10:21:370

Connecting Started...

<<<----  [OUT]
2020/10/28 11:10:23:414

I can't connect with the passive [192.168.100.113/5000] error_code:10061 !

<<<----  [OUT]
2020/10/28 11:10:25:902

Connecting Started...

<<<----  [OUT]
2020/10/28 11:10:27:942

I can't connect with the passive [192.168.100.113/5000] error_code:10061 !

<<<----  [OUT]
2020/10/28 11:10:30:433

Connecting Started...

<<<----  [OUT]
2020/10/28 11:10:32:472

I can't connect with the passive [192.168.100.113/5000] error_code:10061 !

<<<----  [OUT]
2020/10/28 11:10:34:949

Connecting Started...

<<<----  [OUT]
2020/10/28 11:10:36:994

I can't connect with the passive [192.168.100.113/5000] error_code:10061 !

<<<----  [OUT]
2020/10/28 11:10:39:480

Connecting Started...

<<<----  [OUT]
2020/10/28 11:10:41:530

I can't connect with the passive [192.168.100.113/5000] error_code:10061 !

<<<----  [OUT]
2020/10/28 11:10:44:011

Connecting Started...

<<<----  [OUT]
2020/10/28 11:10:46:053

I can't connect with the passive [192.168.100.113/5000] error_code:10061 !

<<<----  [OUT]
2020/10/28 11:10:48:543

Connecting Started...

<<<----  [OUT]
2020/10/28 11:10:50:593

I can't connect with the passive [192.168.100.113/5000] error_code:10061 !

<<<----  [OUT]
2020/10/28 11:10:53:073

Connecting Started...

<<<----  [OUT]
2020/10/28 11:10:55:117

I can't connect with the passive [192.168.100.113/5000] error_code:10061 !

<<<----  [OUT]
2020/10/28 11:10:57:605

Connecting Started...

<<<----  [OUT]
2020/10/28 11:10:59:648

I can't connect with the passive [192.168.100.113/5000] error_code:10061 !

<<<----  [OUT]
2020/10/28 11:11:02:135

Connecting Started...

<<<----  [OUT]
2020/10/28 11:11:04:165

I can't connect with the passive [192.168.100.113/5000] error_code:10061 !

<<<----  [OUT]
2020/10/28 11:11:06:652

Connecting Started...

<<<----  [OUT]
2020/10/28 11:11:08:688

I can't connect with the passive [192.168.100.113/5000] error_code:10061 !

<<<----  [OUT]
2020/10/28 11:11:11:167

Connecting Started...

<<<----  [OUT]
2020/10/28 11:11:13:227

I can't connect with the passive [192.168.100.113/5000] error_code:10061 !

<<<----  [OUT]
2020/10/28 11:11:15:714

Connecting Started...

<<<----  [OUT]
2020/10/28 11:11:17:753

I can't connect with the passive [192.168.100.113/5000] error_code:10061 !

<<<----  [OUT]
2020/10/28 11:11:20:230

Connecting Started...

<<<----  [OUT]
2020/10/28 11:11:22:263

I can't connect with the passive [192.168.100.113/5000] error_code:10061 !

<<<----  [OUT]
2020/10/28 11:11:24:745

Connecting Started...

<<<----  [OUT]
2020/10/28 11:11:26:788

I can't connect with the passive [192.168.100.113/5000] error_code:10061 !

<<<----  [OUT]
2020/10/28 11:11:29:278

Connecting Started...

<<<----  [OUT]
2020/10/28 11:11:31:308

I can't connect with the passive [192.168.100.113/5000] error_code:10061 !

<<<----  [OUT]
2020/10/28 11:11:33:792

Connecting Started...

<<<----  [OUT]
2020/10/28 11:11:35:821

I can't connect with the passive [192.168.100.113/5000] error_code:10061 !

<<<----  [OUT]
2020/10/28 11:11:38:308

Connecting Started...

<<<----  [OUT]
2020/10/28 11:11:40:353

I can't connect with the passive [192.168.100.113/5000] error_code:10061 !

<<<----  [OUT]
2020/10/28 11:11:42:838

Connecting Started...

<<<----  [OUT]
2020/10/28 11:11:44:875

I can't connect with the passive [192.168.100.113/5000] error_code:10061 !

<<<----  [OUT]
2020/10/28 11:11:47:354

Connecting Started...

<<<----  [OUT]
2020/10/28 11:11:49:394

I can't connect with the passive [192.168.100.113/5000] error_code:10061 !

<<<----  [OUT]
2020/10/28 11:11:51:871

Connecting Started...

<<<----  [OUT]
2020/10/28 11:11:53:884

I can't connect with the passive [192.168.100.113/5000] error_code:10061 !

<<<----  [OUT]
2020/10/28 11:11:56:370

Connecting Started...

<<<----  [OUT]
2020/10/28 11:11:58:421

I can't connect with the passive [192.168.100.113/5000] error_code:10061 !

<<<----  [OUT]
2020/10/28 11:12:00:901

Connecting Started...

<<<----  [OUT]
2020/10/28 11:12:02:935

I can't connect with the passive [192.168.100.113/5000] error_code:10061 !

<<<----  [OUT]
2020/10/28 11:12:05:417

Connecting Started...

<<<----  [OUT]
2020/10/28 11:12:07:458

I can't connect with the passive [192.168.100.113/5000] error_code:10061 !

<<<----  [OUT]
2020/10/28 11:12:09:948

Connecting Started...

<<<----  [OUT]
2020/10/28 11:12:11:989

I can't connect with the passive [192.168.100.113/5000] error_code:10061 !

<<<----  [OUT]
2020/10/28 11:12:14:480

Connecting Started...

<<<----  [OUT]
2020/10/28 11:12:16:504

I can't connect with the passive [192.168.100.113/5000] error_code:10061 !

<<<----  [OUT]
2020/10/28 11:12:18:996

Connecting Started...

<<<----  [OUT]
2020/10/28 11:12:21:018

I can't connect with the passive [192.168.100.113/5000] error_code:10061 !

<<<----  [OUT]
2020/10/28 11:12:23:495

Connecting Started...

<<<----  [OUT]
2020/10/28 11:12:25:527

I can't connect with the passive [192.168.100.113/5000] error_code:10061 !

<<<----  [OUT]
2020/10/28 11:12:28:012

Connecting Started...

<<<----  [OUT]
2020/10/28 11:12:30:043

I can't connect with the passive [192.168.100.113/5000] error_code:10061 !

<<<----  [OUT]
2020/10/28 11:12:32:528

Connecting Started...

<<<----  [OUT]
2020/10/28 11:12:34:562

I can't connect with the passive [192.168.100.113/5000] error_code:10061 !

<<<----  [OUT]
2020/10/28 11:12:37:042

Connecting Started...

<<<----  [OUT]
2020/10/28 11:12:39:082

I can't connect with the passive [192.168.100.113/5000] error_code:10061 !

<<<----  [OUT]
2020/10/28 11:12:41:574

Connecting Started...

<<<----  [OUT]
2020/10/28 11:12:43:610

I can't connect with the passive [192.168.100.113/5000] error_code:10061 !

<<<----  [OUT]
2020/10/28 11:12:46:089

Connecting Started...

<<<----  [OUT]
2020/10/28 11:12:48:139

I can't connect with the passive [192.168.100.113/5000] error_code:10061 !

<<<----  [OUT]
2020/10/28 11:12:50:621

Connecting Started...

<<<----  [OUT]
2020/10/28 11:12:52:669

I can't connect with the passive [192.168.100.113/5000] error_code:10061 !

<<<----  [OUT]
2020/10/28 11:12:55:152

Connecting Started...

<<<----  [OUT]
2020/10/28 11:12:57:202

I can't connect with the passive [192.168.100.113/5000] error_code:10061 !

<<<----  [OUT]
2020/10/28 11:12:59:684

Connecting Started...

<<<----  [OUT]
2020/10/28 11:13:01:710

I can't connect with the passive [192.168.100.113/5000] error_code:10061 !

<<<----  [OUT]
2020/10/28 11:13:04:199

Connecting Started...

<<<----  [OUT]
2020/10/28 11:13:06:231

I can't connect with the passive [192.168.100.113/5000] error_code:10061 !

<<<----  [OUT]
2020/10/28 11:13:08:714

Connecting Started...

<<<----  [OUT]
2020/10/28 11:13:10:762

I can't connect with the passive [192.168.100.113/5000] error_code:10061 !

<<<----  [OUT]
2020/10/28 11:13:13:246

Connecting Started...

<<<----  [OUT]
2020/10/28 11:13:15:276

I can't connect with the passive [192.168.100.113/5000] error_code:10061 !

<<<----  [OUT]
2020/10/28 11:13:17:762

Connecting Started...

<<<----  [OUT]
2020/10/28 11:13:19:793

I can't connect with the passive [192.168.100.113/5000] error_code:10061 !

<<<----  [OUT]
2020/10/28 11:13:22:277

Connecting Started...

<<<----  [OUT]
2020/10/28 11:13:24:319

I can't connect with the passive [192.168.100.113/5000] error_code:10061 !

<<<----  [OUT]
2020/10/28 11:13:26:807

Connecting Started...

<<<----  [OUT]
2020/10/28 11:13:28:872

I can't connect with the passive [192.168.100.113/5000] error_code:10061 !

<<<----  [OUT]
2020/10/28 11:13:31:355

Connecting Started...

<<<----  [OUT]
2020/10/28 11:13:33:406

I can't connect with the passive [192.168.100.113/5000] error_code:10061 !

<<<----  [OUT]
2020/10/28 11:13:35:885

Connecting Started...

<<<----  [OUT]
2020/10/28 11:13:37:932

I can't connect with the passive [192.168.100.113/5000] error_code:10061 !

<<<----  [OUT]
2020/10/28 11:13:40:417

Connecting Started...

<<<----  [OUT]
2020/10/28 11:13:42:452

I can't connect with the passive [192.168.100.113/5000] error_code:10061 !

<<<----  [OUT]
2020/10/28 11:13:44:933

Connecting Started...

<<<----  [OUT]
2020/10/28 11:13:46:985

I can't connect with the passive [192.168.100.113/5000] error_code:10061 !

<<<----  [OUT]
2020/10/28 11:13:49:465

Connecting Started...

<<<----  [OUT]
2020/10/28 11:13:51:507

I can't connect with the passive [192.168.100.113/5000] error_code:10061 !

<<<----  [OUT]
2020/10/28 11:13:53:995

Connecting Started...

<<<----  [OUT]
2020/10/28 11:13:56:047

I can't connect with the passive [192.168.100.113/5000] error_code:10061 !

<<<----  [OUT]
2020/10/28 11:13:58:528

Connecting Started...

<<<----  [OUT]
2020/10/28 11:14:00:561

I can't connect with the passive [192.168.100.113/5000] error_code:10061 !

<<<----  [OUT]
2020/10/28 11:14:03:042

Connecting Started...

<<<----  [OUT]
2020/10/28 11:14:05:088

I can't connect with the passive [192.168.100.113/5000] error_code:10061 !

<<<----  [OUT]
2020/10/28 11:14:07:573

Connecting Started...

<<<----  [OUT]
2020/10/28 11:14:09:612

I can't connect with the passive [192.168.100.113/5000] error_code:10061 !

<<<----  [OUT]
2020/10/28 11:14:12:088

Connecting Started...

<<<----  [OUT]
2020/10/28 11:14:14:130

I can't connect with the passive [192.168.100.113/5000] error_code:10061 !

<<<----  [OUT]
2020/10/28 11:14:16:621

Connecting Started...

<<<----  [OUT]
2020/10/28 11:14:18:675

I can't connect with the passive [192.168.100.113/5000] error_code:10061 !

<<<----  [OUT]
2020/10/28 11:14:21:151

Connecting Started...

<<<----  [OUT]
2020/10/28 11:14:23:193

I can't connect with the passive [192.168.100.113/5000] error_code:10061 !

<<<----  [OUT]
2020/10/28 11:14:25:683

Connecting Started...

<<<----  [OUT]
2020/10/28 11:14:27:737

I can't connect with the passive [192.168.100.113/5000] error_code:10061 !

<<<----  [OUT]
2020/10/28 11:14:30:214

Connecting Started...

<<<----  [OUT]
2020/10/28 11:14:32:256

I can't connect with the passive [192.168.100.113/5000] error_code:10061 !

<<<----  [OUT]
2020/10/28 11:14:34:746

Connecting Started...

<<<----  [OUT]
2020/10/28 11:14:36:796

I can't connect with the passive [192.168.100.113/5000] error_code:10061 !

<<<----  [OUT]
2020/10/28 11:14:39:277

Connecting Started...

<<<----  [OUT]
2020/10/28 11:14:41:317

I can't connect with the passive [192.168.100.113/5000] error_code:10061 !

<<<----  [OUT]
2020/10/28 11:14:43:808

Connecting Started...

<<<----  [OUT]
2020/10/28 11:14:45:830

I can't connect with the passive [192.168.100.113/5000] error_code:10061 !

<<<----  [OUT]
2020/10/28 11:14:48:309

Connecting Started...

<<<----  [OUT]
2020/10/28 11:14:50:344

I can't connect with the passive [192.168.100.113/5000] error_code:10061 !

<<<----  [OUT]
2020/10/28 11:14:52:823

Connecting Started...

<<<----  [OUT]
2020/10/28 11:14:54:861

I can't connect with the passive [192.168.100.113/5000] error_code:10061 !

<<<----  [OUT]
2020/10/28 11:14:57:339

Connecting Started...

<<<----  [OUT]
2020/10/28 11:14:59:369

I can't connect with the passive [192.168.100.113/5000] error_code:10061 !

<<<----  [OUT]
2020/10/28 11:15:01:856

Connecting Started...

<<<----  [OUT]
2020/10/28 11:15:03:891

I can't connect with the passive [192.168.100.113/5000] error_code:10061 !

<<<----  [OUT]
2020/10/28 11:15:06:371

Connecting Started...

<<<----  [OUT]
2020/10/28 11:15:08:412

I can't connect with the passive [192.168.100.113/5000] error_code:10061 !

<<<----  [OUT]
2020/10/28 11:15:10:902

Connecting Started...

<<<----  [OUT]
2020/10/28 11:15:12:936

I can't connect with the passive [192.168.100.113/5000] error_code:10061 !

<<<----  [OUT]
2020/10/28 11:15:15:418

Connecting Started...

<<<----  [OUT]
2020/10/28 11:15:17:459

I can't connect with the passive [192.168.100.113/5000] error_code:10061 !

<<<----  [OUT]
2020/10/28 11:15:19:949

Connecting Started...

<<<----  [OUT]
2020/10/28 11:15:21:984

I can't connect with the passive [192.168.100.113/5000] error_code:10061 !

<<<----  [OUT]
2020/10/28 11:15:24:465

Connecting Started...

<<<----  [OUT]
2020/10/28 11:15:26:506

I can't connect with the passive [192.168.100.113/5000] error_code:10061 !

<<<----  [OUT]
2020/10/28 11:15:28:995

Connecting Started...

<<<----  [OUT]
2020/10/28 11:15:31:026

I can't connect with the passive [192.168.100.113/5000] error_code:10061 !

<<<----  [OUT]
2020/10/28 11:15:33:511

Connecting Started...

<<<----  [OUT]
2020/10/28 11:15:35:547

I can't connect with the passive [192.168.100.113/5000] error_code:10061 !

<<<----  [OUT]
2020/10/28 11:15:38:026

Connecting Started...

<<<----  [OUT]
2020/10/28 11:15:40:055

I can't connect with the passive [192.168.100.113/5000] error_code:10061 !

<<<----  [OUT]
2020/10/28 11:15:42:543

Connecting Started...

<<<----  [OUT]
2020/10/28 11:15:44:574

I can't connect with the passive [192.168.100.113/5000] error_code:10061 !

<<<----  [OUT]
2020/10/28 11:15:47:058

Connecting Started...

<<<----  [OUT]
2020/10/28 11:15:49:096

I can't connect with the passive [192.168.100.113/5000] error_code:10061 !

<<<----  [OUT]
2020/10/28 11:15:51:574

Connecting Started...

<<<----  [OUT]
2020/10/28 11:15:53:616

I can't connect with the passive [192.168.100.113/5000] error_code:10061 !

<<<----  [OUT]
2020/10/28 11:15:56:105

Connecting Started...

<<<----  [OUT]
2020/10/28 11:15:58:134

I can't connect with the passive [192.168.100.113/5000] error_code:10061 !

<<<----  [OUT]
2020/10/28 11:16:00:622

Connecting Started...

<<<----  [OUT]
2020/10/28 11:16:02:657

I can't connect with the passive [192.168.100.113/5000] error_code:10061 !

<<<----  [OUT]
2020/10/28 11:16:05:136

Connecting Started...

<<<----  [OUT]
2020/10/28 11:16:07:168

I can't connect with the passive [192.168.100.113/5000] error_code:10061 !

<<<----  [OUT]
2020/10/28 11:16:09:651

Connecting Started...

<<<----  [OUT]
2020/10/28 11:16:11:695

I can't connect with the passive [192.168.100.113/5000] error_code:10061 !

<<<----  [OUT]
2020/10/28 11:16:14:182

Connecting Started...

<<<----  [OUT]
2020/10/28 11:16:16:233

I can't connect with the passive [192.168.100.113/5000] error_code:10061 !

<<<----  [OUT]
2020/10/28 11:16:18:715

Connecting Started...

<<<----  [OUT]
2020/10/28 11:16:20:758

I can't connect with the passive [192.168.100.113/5000] error_code:10061 !

<<<----  [OUT]
2020/10/28 11:16:23:245

Connecting Started...

<<<----  [OUT]
2020/10/28 11:16:25:279

I can't connect with the passive [192.168.100.113/5000] error_code:10061 !

<<<----  [OUT]
2020/10/28 11:16:27:762

Connecting Started...

<<<----  [OUT]
2020/10/28 11:16:29:801

I can't connect with the passive [192.168.100.113/5000] error_code:10061 !

<<<----  [OUT]
2020/10/28 11:16:32:277

Connecting Started...

<<<----  [OUT]
2020/10/28 11:37:47:946

---------------------------------------------------------------------
// FA : Start Log ...


<<<----  [OUT]
2020/10/28 11:37:47:950

//-------------------------------------------------------------
Property Information

   Driver Type [HSMS]
   Driver Mode [ACTIVE]
   IP    [192.168.100.113]
   Port  [5000]
//-------------------------------------------------------------


<<<----  [OUT]
2020/10/28 11:37:48:551

Auto-Start Started ... (Active)

<<<----  [OUT]
2020/10/28 11:37:48:642

Auto-Start Started ...  Waiting Stop-Connection.

<<<----  [OUT]
2020/10/28 11:37:48:642

Auto-Start Started ...  Waiting Open-Socket.

<<<----  [OUT]
2020/10/28 11:37:48:672

Socket Open Started...

<<<----  [OUT]
2020/10/28 11:37:48:672

Socket Open Completed...

<<<----  [OUT]
2020/10/28 11:37:48:672

Connecting Started...

<<<----  [OUT]
2020/10/28 11:37:48:733

Auto-Start Completed ...  (Active)

<<<----  [OUT]
2020/10/28 11:37:50:702

I can't connect with the passive [192.168.100.113/5000] error_code:10061 !

<<<----  [OUT]
2020/10/28 11:37:53:183

Connecting Started...

<<<----  [OUT]
2020/10/28 11:37:55:229

I can't connect with the passive [192.168.100.113/5000] error_code:10061 !

<<<----  [OUT]
2020/10/28 11:37:57:714

Connecting Started...

<<<----  [OUT]
2020/10/28 11:37:59:751

I can't connect with the passive [192.168.100.113/5000] error_code:10061 !

<<<----  [OUT]
2020/10/28 11:38:02:231

Connecting Started...

<<<----  [OUT]
2020/10/28 11:38:04:261

I can't connect with the passive [192.168.100.113/5000] error_code:10061 !

<<<----  [OUT]
2020/10/28 11:38:06:744

Connecting Started...

<<<----  [OUT]
2020/10/28 11:38:08:785

I can't connect with the passive [192.168.100.113/5000] error_code:10061 !

<<<----  [OUT]
2020/10/28 11:38:11:261

Connecting Started...

<<<----  [OUT]
2020/10/28 11:38:13:307

I can't connect with the passive [192.168.100.113/5000] error_code:10061 !

<<<----  [OUT]
2020/10/28 11:38:15:792

Connecting Started...

<<<----  [OUT]
2020/10/28 11:38:17:825

I can't connect with the passive [192.168.100.113/5000] error_code:10061 !

<<<----  [OUT]
2020/10/28 11:38:20:308

Connecting Started...

<<<----  [OUT]
2020/10/28 11:38:22:344

I can't connect with the passive [192.168.100.113/5000] error_code:10061 !

<<<----  [OUT]
2020/10/28 11:38:24:824

Connecting Started...

<<<----  [OUT]
2020/10/28 11:38:26:853

I can't connect with the passive [192.168.100.113/5000] error_code:10061 !

<<<----  [OUT]
2020/10/28 11:38:29:339

Connecting Started...

<<<----  [OUT]
2020/10/28 11:38:31:377

I can't connect with the passive [192.168.100.113/5000] error_code:10061 !

<<<----  [OUT]
2020/10/28 11:38:33:855

Connecting Started...

<<<----  [OUT]
2020/10/28 11:38:35:895

I can't connect with the passive [192.168.100.113/5000] error_code:10061 !

<<<----  [OUT]
2020/10/28 11:38:38:387

Connecting Started...

<<<----  [OUT]
2020/10/28 11:38:40:427

I can't connect with the passive [192.168.100.113/5000] error_code:10061 !

<<<----  [OUT]
2020/10/28 11:38:42:918

Connecting Started...

<<<----  [OUT]
2020/10/28 11:38:44:959

I can't connect with the passive [192.168.100.113/5000] error_code:10061 !

<<<----  [OUT]
2020/10/28 11:38:47:449

Connecting Started...

<<<----  [OUT]
2020/10/28 11:38:49:480

I can't connect with the passive [192.168.100.113/5000] error_code:10061 !

<<<----  [OUT]
2020/10/28 11:38:51:964

Connecting Started...

<<<----  [OUT]
2020/10/28 11:38:54:003

I can't connect with the passive [192.168.100.113/5000] error_code:10061 !

<<<----  [OUT]
2020/10/28 11:38:56:480

Connecting Started...

<<<----  [OUT]
2020/10/28 11:38:58:522

I can't connect with the passive [192.168.100.113/5000] error_code:10061 !

<<<----  [OUT]
2020/10/28 11:39:01:011

Connecting Started...

<<<----  [OUT]
2020/10/28 11:39:03:050

I can't connect with the passive [192.168.100.113/5000] error_code:10061 !

<<<----  [OUT]
2020/10/28 11:39:05:542

Connecting Started...

<<<----  [OUT]
2020/10/28 11:39:07:586

I can't connect with the passive [192.168.100.113/5000] error_code:10061 !

<<<----  [OUT]
2020/10/28 11:39:10:073

Connecting Started...

<<<----  [OUT]
2020/10/28 11:39:12:119

I can't connect with the passive [192.168.100.113/5000] error_code:10061 !

<<<----  [OUT]
2020/10/28 11:39:14:606

Connecting Started...

<<<----  [OUT]
2020/10/28 11:39:16:644

I can't connect with the passive [192.168.100.113/5000] error_code:10061 !

<<<----  [OUT]
2020/10/28 11:39:19:121

Connecting Started...

<<<----  [OUT]
2020/10/28 11:39:21:154

I can't connect with the passive [192.168.100.113/5000] error_code:10061 !

<<<----  [OUT]
2020/10/28 11:39:23:636

Connecting Started...

<<<----  [OUT]
2020/10/28 11:39:25:677

I can't connect with the passive [192.168.100.113/5000] error_code:10061 !

<<<----  [OUT]
2020/10/28 11:39:28:167

Connecting Started...

<<<----  [OUT]
2020/10/28 11:39:30:198

I can't connect with the passive [192.168.100.113/5000] error_code:10061 !

<<<----  [OUT]
2020/10/28 11:39:32:682

Connecting Started...

<<<----  [OUT]
2020/10/28 11:39:34:718

I can't connect with the passive [192.168.100.113/5000] error_code:10061 !

<<<----  [OUT]
2020/10/28 11:39:37:198

Connecting Started...

<<<----  [OUT]
2020/10/28 11:39:39:241

I can't connect with the passive [192.168.100.113/5000] error_code:10061 !

<<<----  [OUT]
2020/10/28 11:39:41:729

Connecting Started...

<<<----  [OUT]
2020/10/28 11:39:43:763

I can't connect with the passive [192.168.100.113/5000] error_code:10061 !

<<<----  [OUT]
2020/10/28 11:39:46:245

Connecting Started...

<<<----  [OUT]
2020/10/28 11:39:48:284

I can't connect with the passive [192.168.100.113/5000] error_code:10061 !

<<<----  [OUT]
2020/10/28 11:39:50:761

Connecting Started...

<<<----  [OUT]
2020/10/28 11:39:52:803

I can't connect with the passive [192.168.100.113/5000] error_code:10061 !

<<<----  [OUT]
2020/10/28 11:39:55:292

Connecting Started...

<<<----  [OUT]
2020/10/28 11:39:57:343

I can't connect with the passive [192.168.100.113/5000] error_code:10061 !

<<<----  [OUT]
2020/10/28 11:39:59:824

Connecting Started...

<<<----  [OUT]
2020/10/28 11:40:01:853

I can't connect with the passive [192.168.100.113/5000] error_code:10061 !

<<<----  [OUT]
2020/10/28 11:40:04:340

Connecting Started...

<<<----  [OUT]
2020/10/28 11:40:06:390

I can't connect with the passive [192.168.100.113/5000] error_code:10061 !

<<<----  [OUT]
2020/10/28 11:40:08:871

Connecting Started...

<<<----  [OUT]
2020/10/28 11:40:10:912

I can't connect with the passive [192.168.100.113/5000] error_code:10061 !

<<<----  [OUT]
2020/10/28 11:40:13:401

Connecting Started...

<<<----  [OUT]
2020/10/28 11:40:15:429

I can't connect with the passive [192.168.100.113/5000] error_code:10061 !

<<<----  [OUT]
2020/10/28 11:40:17:917

Connecting Started...

<<<----  [OUT]
2020/10/28 11:40:19:959

I can't connect with the passive [192.168.100.113/5000] error_code:10061 !

<<<----  [OUT]
2020/10/28 11:40:22:449

Connecting Started...

<<<----  [OUT]
2020/10/28 11:40:24:498

I can't connect with the passive [192.168.100.113/5000] error_code:10061 !

<<<----  [OUT]
2020/10/28 11:40:26:980

Connecting Started...

<<<----  [OUT]
2020/10/28 11:40:29:010

I can't connect with the passive [192.168.100.113/5000] error_code:10061 !

<<<----  [OUT]
2020/10/28 11:40:31:496

Connecting Started...

<<<----  [OUT]
2020/10/28 11:40:33:519

I can't connect with the passive [192.168.100.113/5000] error_code:10061 !

<<<----  [OUT]
2020/10/28 11:40:35:996

Connecting Started...

<<<----  [OUT]
2020/10/28 11:40:38:053

I can't connect with the passive [192.168.100.113/5000] error_code:10061 !

<<<----  [OUT]
2020/10/28 11:40:40:543

Connecting Started...

<<<----  [OUT]
2020/10/28 11:40:42:589

I can't connect with the passive [192.168.100.113/5000] error_code:10061 !

<<<----  [OUT]
2020/10/28 11:40:45:074

Connecting Started...

<<<----  [OUT]
2020/10/28 11:40:47:127

I can't connect with the passive [192.168.100.113/5000] error_code:10061 !

<<<----  [OUT]
2020/10/28 11:40:49:606

Connecting Started...

<<<----  [OUT]
2020/10/28 11:40:51:670

I can't connect with the passive [192.168.100.113/5000] error_code:10061 !

<<<----  [OUT]
2020/10/28 11:40:54:152

Connecting Started...

<<<----  [OUT]
2020/10/28 11:40:56:185

I can't connect with the passive [192.168.100.113/5000] error_code:10061 !

<<<----  [OUT]
2020/10/28 11:40:58:667

Connecting Started...

<<<----  [OUT]
2020/10/28 11:41:00:714

I can't connect with the passive [192.168.100.113/5000] error_code:10061 !

<<<----  [OUT]
2020/10/28 11:41:03:200

Connecting Started...

<<<----  [OUT]
2020/10/28 11:41:05:249

I can't connect with the passive [192.168.100.113/5000] error_code:10061 !

<<<----  [OUT]
2020/10/28 11:41:07:729

Connecting Started...

<<<----  [OUT]
2020/10/28 11:41:09:777

I can't connect with the passive [192.168.100.113/5000] error_code:10061 !

<<<----  [OUT]
2020/10/28 11:41:12:260

Connecting Started...

<<<----  [OUT]
2020/10/28 11:41:14:304

I can't connect with the passive [192.168.100.113/5000] error_code:10061 !

<<<----  [OUT]
2020/10/28 11:41:16:792

Connecting Started...

<<<----  [OUT]
2020/10/28 11:41:18:842

I can't connect with the passive [192.168.100.113/5000] error_code:10061 !

<<<----  [OUT]
2020/10/28 11:41:21:325

Connecting Started...

<<<----  [OUT]
2020/10/28 11:41:23:353

I can't connect with the passive [192.168.100.113/5000] error_code:10061 !

<<<----  [OUT]
2020/10/28 11:41:25:840

Connecting Started...

<<<----  [OUT]
2020/10/28 11:41:27:886

I can't connect with the passive [192.168.100.113/5000] error_code:10061 !

<<<----  [OUT]
2020/10/28 11:41:30:370

Connecting Started...

<<<----  [OUT]
2020/10/28 11:41:32:420

I can't connect with the passive [192.168.100.113/5000] error_code:10061 !

<<<----  [OUT]
2020/10/28 11:41:34:901

Connecting Started...

<<<----  [OUT]
2020/10/28 11:41:36:937

I can't connect with the passive [192.168.100.113/5000] error_code:10061 !

<<<----  [OUT]
2020/10/28 11:41:39:418

Connecting Started...

<<<----  [OUT]
2020/10/28 11:41:41:471

I can't connect with the passive [192.168.100.113/5000] error_code:10061 !

<<<----  [OUT]
2020/10/28 11:41:43:949

Connecting Started...

<<<----  [OUT]
2020/10/28 11:41:45:995

I can't connect with the passive [192.168.100.113/5000] error_code:10061 !

<<<----  [OUT]
2020/10/28 11:41:48:481

Connecting Started...

<<<----  [OUT]
2020/10/28 11:41:50:533

I can't connect with the passive [192.168.100.113/5000] error_code:10061 !

<<<----  [OUT]
2020/10/28 11:41:53:011

Connecting Started...

<<<----  [OUT]
2020/10/28 11:41:55:027

I can't connect with the passive [192.168.100.113/5000] error_code:10061 !

<<<----  [OUT]
2020/10/28 11:41:57:512

Connecting Started...

<<<----  [OUT]
2020/10/28 11:41:59:563

I can't connect with the passive [192.168.100.113/5000] error_code:10061 !

<<<----  [OUT]
2020/10/28 11:42:02:041

Connecting Started...

<<<----  [OUT]
2020/10/28 11:42:04:086

I can't connect with the passive [192.168.100.113/5000] error_code:10061 !

<<<----  [OUT]
2020/10/28 11:42:06:574

Connecting Started...

<<<----  [OUT]
2020/10/28 11:42:08:624

I can't connect with the passive [192.168.100.113/5000] error_code:10061 !

<<<----  [OUT]
2020/10/28 11:42:11:105

Connecting Started...

<<<----  [OUT]
2020/10/28 11:42:13:148

I can't connect with the passive [192.168.100.113/5000] error_code:10061 !

<<<----  [OUT]
2020/10/28 11:42:15:637

Connecting Started...

<<<----  [OUT]
2020/10/28 11:42:17:677

I can't connect with the passive [192.168.100.113/5000] error_code:10061 !

<<<----  [OUT]
2020/10/28 11:42:20:167

Connecting Started...

<<<----  [OUT]
2020/10/28 11:42:22:222

I can't connect with the passive [192.168.100.113/5000] error_code:10061 !

<<<----  [OUT]
2020/10/28 11:42:24:699

Connecting Started...

<<<----  [OUT]
2020/10/28 11:42:26:733

I can't connect with the passive [192.168.100.113/5000] error_code:10061 !

<<<----  [OUT]
2020/10/28 11:42:29:215

Connecting Started...

<<<----  [OUT]
2020/10/28 11:42:31:265

I can't connect with the passive [192.168.100.113/5000] error_code:10061 !

<<<----  [OUT]
2020/10/28 11:42:33:745

Connecting Started...

<<<----  [OUT]
2020/10/28 11:42:35:781

I can't connect with the passive [192.168.100.113/5000] error_code:10061 !

<<<----  [OUT]
2020/10/28 11:42:38:261

Connecting Started...

<<<----  [OUT]
2020/10/28 11:42:40:298

I can't connect with the passive [192.168.100.113/5000] error_code:10061 !

<<<----  [OUT]
2020/10/28 11:42:42:777

Connecting Started...

<<<----  [OUT]
2020/10/28 11:42:44:813

I can't connect with the passive [192.168.100.113/5000] error_code:10061 !

<<<----  [OUT]
2020/10/28 11:42:47:291

Connecting Started...

<<<----  [OUT]
2020/10/28 11:42:49:338

I can't connect with the passive [192.168.100.113/5000] error_code:10061 !

<<<----  [OUT]
2020/10/28 11:42:51:823

Connecting Started...

<<<----  [OUT]
2020/10/28 11:42:53:878

I can't connect with the passive [192.168.100.113/5000] error_code:10061 !

<<<----  [OUT]
2020/10/28 11:42:56:355

Connecting Started...

<<<----  [OUT]
2020/10/28 11:42:58:378

I can't connect with the passive [192.168.100.113/5000] error_code:10061 !

<<<----  [OUT]
2020/10/28 11:43:00:855

Connecting Started...

<<<----  [OUT]
2020/10/28 11:43:02:892

I can't connect with the passive [192.168.100.113/5000] error_code:10061 !

<<<----  [OUT]
2020/10/28 11:43:05:370

Connecting Started...

<<<----  [OUT]
2020/10/28 11:43:07:423

I can't connect with the passive [192.168.100.113/5000] error_code:10061 !

<<<----  [OUT]
2020/10/28 11:43:09:901

Connecting Started...

<<<----  [OUT]
2020/10/28 11:43:11:951

I can't connect with the passive [192.168.100.113/5000] error_code:10061 !

<<<----  [OUT]
2020/10/28 11:43:14:434

Connecting Started...

<<<----  [OUT]
2020/10/28 11:43:16:473

I can't connect with the passive [192.168.100.113/5000] error_code:10061 !

<<<----  [OUT]
2020/10/28 11:43:18:963

Connecting Started...

<<<----  [OUT]
2020/10/28 11:43:21:021

I can't connect with the passive [192.168.100.113/5000] error_code:10061 !

<<<----  [OUT]
2020/10/28 11:43:23:512

Connecting Started...

<<<----  [OUT]
2020/10/28 11:43:25:569

I can't connect with the passive [192.168.100.113/5000] error_code:10061 !

<<<----  [OUT]
2020/10/28 11:43:28:059

Connecting Started...

<<<----  [OUT]
2020/10/28 11:43:30:102

I can't connect with the passive [192.168.100.113/5000] error_code:10061 !

<<<----  [OUT]
2020/10/28 11:43:32:589

Connecting Started...

<<<----  [OUT]
2020/10/28 11:43:34:642

I can't connect with the passive [192.168.100.113/5000] error_code:10061 !

<<<----  [OUT]
2020/10/28 11:43:37:121

Connecting Started...

<<<----  [OUT]
2020/10/28 11:43:39:162

I can't connect with the passive [192.168.100.113/5000] error_code:10061 !

<<<----  [OUT]
2020/10/28 11:43:41:651

Connecting Started...

<<<----  [OUT]
2020/10/28 11:43:43:684

I can't connect with the passive [192.168.100.113/5000] error_code:10061 !

<<<----  [OUT]
2020/10/28 11:43:46:167

Connecting Started...

<<<----  [OUT]
2020/10/28 11:43:48:191

I can't connect with the passive [192.168.100.113/5000] error_code:10061 !

<<<----  [OUT]
2020/10/28 11:43:50:668

Connecting Started...

<<<----  [OUT]
2020/10/28 11:43:52:713

I can't connect with the passive [192.168.100.113/5000] error_code:10061 !

<<<----  [OUT]
2020/10/28 11:43:55:198

Connecting Started...

<<<----  [OUT]
2020/10/28 11:43:57:237

I can't connect with the passive [192.168.100.113/5000] error_code:10061 !

<<<----  [OUT]
2020/10/28 11:43:59:714

Connecting Started...

<<<----  [OUT]
2020/10/28 11:44:01:759

I can't connect with the passive [192.168.100.113/5000] error_code:10061 !

<<<----  [OUT]
2020/10/28 11:44:04:246

Connecting Started...

<<<----  [OUT]
2020/10/28 11:44:06:290

I can't connect with the passive [192.168.100.113/5000] error_code:10061 !

<<<----  [OUT]
2020/10/28 11:44:08:776

Connecting Started...

<<<----  [OUT]
2020/10/28 11:44:10:820

I can't connect with the passive [192.168.100.113/5000] error_code:10061 !

<<<----  [OUT]
2020/10/28 11:44:13:307

Connecting Started...

<<<----  [OUT]
2020/10/28 11:44:15:338

I can't connect with the passive [192.168.100.113/5000] error_code:10061 !

<<<----  [OUT]
2020/10/28 11:44:17:823

Connecting Started...

<<<----  [OUT]
2020/10/28 11:44:19:870

I can't connect with the passive [192.168.100.113/5000] error_code:10061 !

<<<----  [OUT]
2020/10/28 11:44:22:354

Connecting Started...

<<<----  [OUT]
2020/10/28 11:44:24:406

I can't connect with the passive [192.168.100.113/5000] error_code:10061 !

<<<----  [OUT]
2020/10/28 11:44:26:886

Connecting Started...

<<<----  [OUT]
2020/10/28 11:44:28:918

I can't connect with the passive [192.168.100.113/5000] error_code:10061 !

<<<----  [OUT]
2020/10/28 11:44:31:402

Connecting Started...

<<<----  [OUT]
2020/10/28 11:44:33:437

I can't connect with the passive [192.168.100.113/5000] error_code:10061 !

<<<----  [OUT]
2020/10/28 11:44:35:917

Connecting Started...

<<<----  [OUT]
2020/10/28 11:44:37:960

I can't connect with the passive [192.168.100.113/5000] error_code:10061 !

<<<----  [OUT]
2020/10/28 11:44:40:448

Connecting Started...

<<<----  [OUT]
2020/10/28 11:44:42:480

I can't connect with the passive [192.168.100.113/5000] error_code:10061 !

<<<----  [OUT]
2020/10/28 11:44:44:965

Connecting Started...

<<<----  [OUT]
2020/10/28 11:44:46:990

I can't connect with the passive [192.168.100.113/5000] error_code:10061 !

<<<----  [OUT]
2020/10/28 11:44:49:480

Connecting Started...

<<<----  [OUT]
2020/10/28 11:44:51:517

I can't connect with the passive [192.168.100.113/5000] error_code:10061 !

<<<----  [OUT]
2020/10/28 11:44:53:996

Connecting Started...

<<<----  [OUT]
2020/10/28 11:44:56:040

I can't connect with the passive [192.168.100.113/5000] error_code:10061 !

<<<----  [OUT]
2020/10/28 11:44:58:527

Connecting Started...

<<<----  [OUT]
2020/10/28 11:45:00:568

I can't connect with the passive [192.168.100.113/5000] error_code:10061 !

<<<----  [OUT]
2020/10/28 11:45:03:058

Connecting Started...

<<<----  [OUT]
2020/10/28 11:45:05:116

I can't connect with the passive [192.168.100.113/5000] error_code:10061 !

<<<----  [OUT]
2020/10/28 11:45:07:604

Connecting Started...

<<<----  [OUT]
2020/10/28 11:45:09:648

I can't connect with the passive [192.168.100.113/5000] error_code:10061 !

<<<----  [OUT]
2020/10/28 11:45:12:136

Connecting Started...

<<<----  [OUT]
2020/10/28 11:45:14:190

I can't connect with the passive [192.168.100.113/5000] error_code:10061 !

<<<----  [OUT]
2020/10/28 11:45:16:668

Connecting Started...

<<<----  [OUT]
2020/10/28 11:45:18:709

I can't connect with the passive [192.168.100.113/5000] error_code:10061 !

<<<----  [OUT]
2020/10/28 11:45:21:199

Connecting Started...

<<<----  [OUT]
2020/10/28 11:45:23:225

I can't connect with the passive [192.168.100.113/5000] error_code:10061 !

<<<----  [OUT]
2020/10/28 11:45:25:715

Connecting Started...

<<<----  [OUT]
2020/10/28 11:45:27:751

I can't connect with the passive [192.168.100.113/5000] error_code:10061 !

<<<----  [OUT]
2020/10/28 11:45:30:230

Connecting Started...

<<<----  [OUT]
2020/10/28 11:45:32:261

I can't connect with the passive [192.168.100.113/5000] error_code:10061 !

<<<----  [OUT]
2020/10/28 11:45:34:746

Connecting Started...

<<<----  [OUT]
2020/10/28 11:45:36:768

I can't connect with the passive [192.168.100.113/5000] error_code:10061 !

<<<----  [OUT]
2020/10/28 11:45:39:247

Connecting Started...

<<<----  [OUT]
2020/10/28 11:45:41:279

I can't connect with the passive [192.168.100.113/5000] error_code:10061 !

<<<----  [OUT]
2020/10/28 11:45:43:760

Connecting Started...

<<<----  [OUT]
2020/10/28 11:45:45:780

I can't connect with the passive [192.168.100.113/5000] error_code:10061 !

<<<----  [OUT]
2020/10/28 11:45:48:260

Connecting Started...

<<<----  [OUT]
2020/10/28 11:45:50:291

I can't connect with the passive [192.168.100.113/5000] error_code:10061 !

<<<----  [OUT]
2020/10/28 11:45:52:777

Connecting Started...

<<<----  [OUT]
2020/10/28 11:45:54:806

I can't connect with the passive [192.168.100.113/5000] error_code:10061 !

<<<----  [OUT]
2020/10/28 11:45:57:293

Connecting Started...

<<<----  [OUT]
2020/10/28 11:45:59:341

I can't connect with the passive [192.168.100.113/5000] error_code:10061 !

<<<----  [OUT]
2020/10/28 11:46:01:824

Connecting Started...

<<<----  [OUT]
2020/10/28 11:46:03:861

I can't connect with the passive [192.168.100.113/5000] error_code:10061 !

<<<----  [OUT]
2020/10/28 11:46:06:340

Connecting Started...

<<<----  [OUT]
2020/10/28 11:46:08:393

I can't connect with the passive [192.168.100.113/5000] error_code:10061 !

<<<----  [OUT]
2020/10/28 11:46:10:871

Connecting Started...

<<<----  [OUT]
2020/10/28 11:46:12:891

I can't connect with the passive [192.168.100.113/5000] error_code:10061 !

<<<----  [OUT]
2020/10/28 11:46:15:371

Connecting Started...

<<<----  [OUT]
2020/10/28 11:46:17:390

I can't connect with the passive [192.168.100.113/5000] error_code:10061 !

<<<----  [OUT]
2020/10/28 11:46:19:870

Connecting Started...

<<<----  [OUT]
2020/10/28 11:46:21:911

I can't connect with the passive [192.168.100.113/5000] error_code:10061 !

<<<----  [OUT]
2020/10/28 11:46:24:401

Connecting Started...

<<<----  [OUT]
2020/10/28 11:46:26:430

I can't connect with the passive [192.168.100.113/5000] error_code:10061 !

<<<----  [OUT]
2020/10/28 11:46:28:917

Connecting Started...

<<<----  [OUT]
2020/10/28 11:46:30:972

I can't connect with the passive [192.168.100.113/5000] error_code:10061 !

<<<----  [OUT]
2020/10/28 11:46:33:449

Connecting Started...

<<<----  [OUT]
2020/10/28 11:46:35:490

I can't connect with the passive [192.168.100.113/5000] error_code:10061 !

<<<----  [OUT]
2020/10/28 11:46:37:980

Connecting Started...

<<<----  [OUT]
2020/10/28 11:46:40:042

I can't connect with the passive [192.168.100.113/5000] error_code:10061 !

<<<----  [OUT]
2020/10/28 11:46:42:526

Connecting Started...

<<<----  [OUT]
2020/10/28 11:46:44:590

I can't connect with the passive [192.168.100.113/5000] error_code:10061 !

<<<----  [OUT]
2020/10/28 11:46:47:074

Connecting Started...

<<<----  [OUT]
2020/10/28 11:46:49:107

I can't connect with the passive [192.168.100.113/5000] error_code:10061 !

<<<----  [OUT]
2020/10/28 11:46:51:589

Connecting Started...

<<<----  [OUT]
2020/10/28 11:46:53:624

I can't connect with the passive [192.168.100.113/5000] error_code:10061 !

<<<----  [OUT]
2020/10/28 11:46:56:106

Connecting Started...

<<<----  [OUT]
2020/10/28 11:46:58:128

I can't connect with the passive [192.168.100.113/5000] error_code:10061 !

<<<----  [OUT]
2020/10/28 11:47:00:606

Connecting Started...

<<<----  [OUT]
2020/10/28 11:47:02:645

I can't connect with the passive [192.168.100.113/5000] error_code:10061 !

<<<----  [OUT]
2020/10/28 11:47:05:137

Connecting Started...

<<<----  [OUT]
2020/10/28 11:47:07:182

I can't connect with the passive [192.168.100.113/5000] error_code:10061 !

<<<----  [OUT]
2020/10/28 11:47:09:668

Connecting Started...

<<<----  [OUT]
2020/10/28 11:47:11:705

I can't connect with the passive [192.168.100.113/5000] error_code:10061 !

<<<----  [OUT]
2020/10/28 11:47:14:183

Connecting Started...

<<<----  [OUT]
2020/10/28 11:47:16:236

I can't connect with the passive [192.168.100.113/5000] error_code:10061 !

<<<----  [OUT]
2020/10/28 11:47:18:714

Connecting Started...

<<<----  [OUT]
2020/10/28 11:47:20:763

I can't connect with the passive [192.168.100.113/5000] error_code:10061 !

<<<----  [OUT]
2020/10/28 11:47:23:245

Connecting Started...

<<<----  [OUT]
2020/10/28 11:47:25:290

I can't connect with the passive [192.168.100.113/5000] error_code:10061 !

<<<----  [OUT]
2020/10/28 11:47:27:776

Connecting Started...

<<<----  [OUT]
2020/10/28 11:47:29:802

I can't connect with the passive [192.168.100.113/5000] error_code:10061 !

<<<----  [OUT]
2020/10/28 11:47:32:293

Connecting Started...

<<<----  [OUT]
2020/10/28 11:47:34:315

I can't connect with the passive [192.168.100.113/5000] error_code:10061 !

<<<----  [OUT]
2020/10/28 11:47:36:792

Connecting Started...

<<<----  [OUT]
2020/10/28 11:47:38:814

I can't connect with the passive [192.168.100.113/5000] error_code:10061 !

<<<----  [OUT]
2020/10/28 11:47:41:292

Connecting Started...

<<<----  [OUT]
2020/10/28 11:47:43:325

I can't connect with the passive [192.168.100.113/5000] error_code:10061 !

<<<----  [OUT]
2020/10/28 11:47:45:807

Connecting Started...

<<<----  [OUT]
2020/10/28 11:47:47:850

I can't connect with the passive [192.168.100.113/5000] error_code:10061 !

<<<----  [OUT]
2020/10/28 11:47:50:340

Connecting Started...

<<<----  [OUT]
2020/10/28 11:47:52:384

I can't connect with the passive [192.168.100.113/5000] error_code:10061 !

<<<----  [OUT]
2020/10/28 11:47:54:870

Connecting Started...

<<<----  [OUT]
2020/10/28 11:47:56:890

I can't connect with the passive [192.168.100.113/5000] error_code:10061 !

<<<----  [OUT]
2020/10/28 11:47:59:370

Connecting Started...

<<<----  [OUT]
2020/10/28 11:48:01:402

I can't connect with the passive [192.168.100.113/5000] error_code:10061 !

<<<----  [OUT]
2020/10/28 11:48:03:887

Connecting Started...

<<<----  [OUT]
2020/10/28 11:48:05:917

I can't connect with the passive [192.168.100.113/5000] error_code:10061 !

<<<----  [OUT]
2020/10/28 11:48:08:401

Connecting Started...

<<<----  [OUT]
2020/10/28 11:48:10:441

I can't connect with the passive [192.168.100.113/5000] error_code:10061 !

<<<----  [OUT]
2020/10/28 11:48:12:916

Connecting Started...

<<<----  [OUT]
2020/10/28 11:48:14:966

I can't connect with the passive [192.168.100.113/5000] error_code:10061 !

<<<----  [OUT]
2020/10/28 11:48:17:449

Connecting Started...

<<<----  [OUT]
2020/10/28 11:48:19:513

I can't connect with the passive [192.168.100.113/5000] error_code:10061 !

<<<----  [OUT]
2020/10/28 11:48:21:995

Connecting Started...

<<<----  [OUT]
2020/10/28 11:48:24:042

I can't connect with the passive [192.168.100.113/5000] error_code:10061 !

<<<----  [OUT]
2020/10/28 11:48:26:526

Connecting Started...

<<<----  [OUT]
2020/10/28 11:48:28:554

I can't connect with the passive [192.168.100.113/5000] error_code:10061 !

<<<----  [OUT]
2020/10/28 11:48:31:042

Connecting Started...

<<<----  [OUT]
2020/10/28 11:48:33:079

I can't connect with the passive [192.168.100.113/5000] error_code:10061 !

<<<----  [OUT]
2020/10/28 11:48:35:559

Connecting Started...

<<<----  [OUT]
2020/10/28 11:48:37:606

I can't connect with the passive [192.168.100.113/5000] error_code:10061 !

<<<----  [OUT]
2020/10/28 11:48:40:090

Connecting Started...

<<<----  [OUT]
2020/10/28 11:48:42:129

I can't connect with the passive [192.168.100.113/5000] error_code:10061 !

<<<----  [OUT]
2020/10/28 11:48:44:621

Connecting Started...

<<<----  [OUT]
2020/10/28 11:48:46:656

I can't connect with the passive [192.168.100.113/5000] error_code:10061 !

<<<----  [OUT]
2020/10/28 11:48:49:137

Connecting Started...

<<<----  [OUT]
2020/10/28 11:48:51:173

I can't connect with the passive [192.168.100.113/5000] error_code:10061 !

<<<----  [OUT]
2020/10/28 11:48:53:652

Connecting Started...

<<<----  [OUT]
2020/10/28 11:48:55:697

I can't connect with the passive [192.168.100.113/5000] error_code:10061 !

<<<----  [OUT]
2020/10/28 11:48:58:182

Connecting Started...

<<<----  [OUT]
2020/10/28 11:49:00:227

I can't connect with the passive [192.168.100.113/5000] error_code:10061 !

<<<----  [OUT]
2020/10/28 11:49:02:714

Connecting Started...

<<<----  [OUT]
2020/10/28 11:49:04:750

I can't connect with the passive [192.168.100.113/5000] error_code:10061 !

<<<----  [OUT]
2020/10/28 11:49:07:229

Connecting Started...

<<<----  [OUT]
2020/10/28 11:49:09:258

I can't connect with the passive [192.168.100.113/5000] error_code:10061 !

<<<----  [OUT]
2020/10/28 11:49:11:745

Connecting Started...

<<<----  [OUT]
2020/10/28 11:49:13:776

I can't connect with the passive [192.168.100.113/5000] error_code:10061 !

<<<----  [OUT]
2020/10/28 11:49:16:262

Connecting Started...

<<<----  [OUT]
2020/10/28 11:49:18:320

I can't connect with the passive [192.168.100.113/5000] error_code:10061 !

<<<----  [OUT]
2020/10/28 11:49:20:809

Connecting Started...

<<<----  [OUT]
2020/10/28 11:49:22:847

I can't connect with the passive [192.168.100.113/5000] error_code:10061 !

<<<----  [OUT]
2020/10/28 11:49:25:324

Connecting Started...

<<<----  [OUT]
2020/10/28 11:49:27:345

I can't connect with the passive [192.168.100.113/5000] error_code:10061 !

<<<----  [OUT]
2020/10/28 11:49:29:823

Connecting Started...

<<<----  [OUT]
2020/10/28 11:49:31:881

I can't connect with the passive [192.168.100.113/5000] error_code:10061 !

<<<----  [OUT]
2020/10/28 11:49:34:370

Connecting Started...

<<<----  [OUT]
2020/10/28 11:49:36:411

I can't connect with the passive [192.168.100.113/5000] error_code:10061 !

<<<----  [OUT]
2020/10/28 11:49:38:902

Connecting Started...

<<<----  [OUT]
2020/10/28 11:49:40:929

I can't connect with the passive [192.168.100.113/5000] error_code:10061 !

<<<----  [OUT]
2020/10/28 11:49:43:416

Connecting Started...

<<<----  [OUT]
2020/10/28 11:49:45:450

I can't connect with the passive [192.168.100.113/5000] error_code:10061 !

<<<----  [OUT]
2020/10/28 11:49:47:932

Connecting Started...

<<<----  [OUT]
2020/10/28 11:49:49:979

I can't connect with the passive [192.168.100.113/5000] error_code:10061 !

<<<----  [OUT]
2020/10/28 11:49:52:464

Connecting Started...

<<<----  [OUT]
2020/10/28 11:49:54:491

I can't connect with the passive [192.168.100.113/5000] error_code:10061 !

<<<----  [OUT]
2020/10/28 11:49:56:979

Connecting Started...

<<<----  [OUT]
2020/10/28 11:49:59:009

I can't connect with the passive [192.168.100.113/5000] error_code:10061 !

<<<----  [OUT]
2020/10/28 11:50:01:495

Connecting Started...

<<<----  [OUT]
2020/10/28 11:50:03:554

I can't connect with the passive [192.168.100.113/5000] error_code:10061 !

<<<----  [OUT]
2020/10/28 11:50:06:042

Connecting Started...

<<<----  [OUT]
2020/10/28 11:50:08:087

I can't connect with the passive [192.168.100.113/5000] error_code:10061 !

<<<----  [OUT]
2020/10/28 11:50:10:573

Connecting Started...

<<<----  [OUT]
2020/10/28 11:50:12:607

I can't connect with the passive [192.168.100.113/5000] error_code:10061 !

<<<----  [OUT]
2020/10/28 11:50:15:090

Connecting Started...

<<<----  [OUT]
2020/10/28 11:50:17:132

I can't connect with the passive [192.168.100.113/5000] error_code:10061 !

<<<----  [OUT]
2020/10/28 11:50:19:620

Connecting Started...

<<<----  [OUT]
2020/10/28 11:50:21:671

I can't connect with the passive [192.168.100.113/5000] error_code:10061 !

<<<----  [OUT]
2020/10/28 11:50:24:153

Connecting Started...

<<<----  [OUT]
2020/10/28 11:50:26:180

I can't connect with the passive [192.168.100.113/5000] error_code:10061 !

<<<----  [OUT]
2020/10/28 11:50:28:668

Connecting Started...

<<<----  [OUT]
2020/10/28 11:50:30:695

I can't connect with the passive [192.168.100.113/5000] error_code:10061 !

<<<----  [OUT]
2020/10/28 11:50:33:182

Connecting Started...

<<<----  [OUT]
2020/10/28 11:50:35:212

I can't connect with the passive [192.168.100.113/5000] error_code:10061 !

<<<----  [OUT]
2020/10/28 11:50:37:699

Connecting Started...

<<<----  [OUT]
2020/10/28 11:50:39:729

I can't connect with the passive [192.168.100.113/5000] error_code:10061 !

<<<----  [OUT]
2020/10/28 11:50:42:214

Connecting Started...

<<<----  [OUT]
2020/10/28 11:50:44:249

I can't connect with the passive [192.168.100.113/5000] error_code:10061 !

<<<----  [OUT]
2020/10/28 11:50:46:729

Connecting Started...

<<<----  [OUT]
2020/10/28 11:50:48:765

I can't connect with the passive [192.168.100.113/5000] error_code:10061 !

<<<----  [OUT]
2020/10/28 11:50:51:245

Connecting Started...

<<<----  [OUT]
2020/10/28 11:50:53:279

I can't connect with the passive [192.168.100.113/5000] error_code:10061 !

<<<----  [OUT]
2020/10/28 11:50:55:762

Connecting Started...

<<<----  [OUT]
2020/10/28 11:50:57:808

I can't connect with the passive [192.168.100.113/5000] error_code:10061 !

<<<----  [OUT]
2020/10/28 11:51:00:292

Connecting Started...

<<<----  [OUT]
2020/10/28 11:51:02:347

I can't connect with the passive [192.168.100.113/5000] error_code:10061 !

<<<----  [OUT]
2020/10/28 11:51:04:823

Connecting Started...

<<<----  [OUT]
2020/10/28 11:51:06:853

I can't connect with the passive [192.168.100.113/5000] error_code:10061 !

<<<----  [OUT]
2020/10/28 11:51:09:339

Connecting Started...

<<<----  [OUT]
2020/10/28 11:51:11:359

I can't connect with the passive [192.168.100.113/5000] error_code:10061 !

<<<----  [OUT]
2020/10/28 11:51:13:840

Connecting Started...

<<<----  [OUT]
2020/10/28 11:51:15:870

I can't connect with the passive [192.168.100.113/5000] error_code:10061 !

<<<----  [OUT]
2020/10/28 11:51:18:355

Connecting Started...

<<<----  [OUT]
2020/10/28 11:51:20:381

I can't connect with the passive [192.168.100.113/5000] error_code:10061 !

<<<----  [OUT]
2020/10/28 11:51:22:871

Connecting Started...

<<<----  [OUT]
2020/10/28 11:51:24:904

I can't connect with the passive [192.168.100.113/5000] error_code:10061 !

<<<----  [OUT]
2020/10/28 11:51:27:386

Connecting Started...

<<<----  [OUT]
2020/10/28 11:51:29:417

I can't connect with the passive [192.168.100.113/5000] error_code:10061 !

<<<----  [OUT]
2020/10/28 11:51:31:903

Connecting Started...

<<<----  [OUT]
2020/10/28 11:51:33:928

I can't connect with the passive [192.168.100.113/5000] error_code:10061 !

<<<----  [OUT]
2020/10/28 11:51:36:417

Connecting Started...

<<<----  [OUT]
2020/10/28 11:51:38:456

I can't connect with the passive [192.168.100.113/5000] error_code:10061 !

<<<----  [OUT]
2020/10/28 11:51:40:933

Connecting Started...

<<<----  [OUT]
2020/10/28 11:51:42:977

I can't connect with the passive [192.168.100.113/5000] error_code:10061 !

<<<----  [OUT]
2020/10/28 11:51:45:464

Connecting Started...

<<<----  [OUT]
2020/10/28 11:51:47:513

I can't connect with the passive [192.168.100.113/5000] error_code:10061 !

<<<----  [OUT]
2020/10/28 11:51:49:995

Connecting Started...

<<<----  [OUT]
2020/10/28 11:51:52:026

I can't connect with the passive [192.168.100.113/5000] error_code:10061 !

<<<----  [OUT]
2020/10/28 11:51:54:511

Connecting Started...

<<<----  [OUT]
2020/10/28 11:51:56:544

I can't connect with the passive [192.168.100.113/5000] error_code:10061 !

<<<----  [OUT]
2020/10/28 11:51:59:027

Connecting Started...

<<<----  [OUT]
2020/10/28 11:52:01:053

I can't connect with the passive [192.168.100.113/5000] error_code:10061 !

<<<----  [OUT]
2020/10/28 11:52:03:542

Connecting Started...

<<<----  [OUT]
2020/10/28 11:52:05:596

I can't connect with the passive [192.168.100.113/5000] error_code:10061 !

<<<----  [OUT]
2020/10/28 11:52:08:073

Connecting Started...

<<<----  [OUT]
2020/10/28 11:52:10:110

I can't connect with the passive [192.168.100.113/5000] error_code:10061 !

<<<----  [OUT]
2020/10/28 11:52:12:589

Connecting Started...

<<<----  [OUT]
2020/10/28 11:52:14:637

I can't connect with the passive [192.168.100.113/5000] error_code:10061 !

<<<----  [OUT]
2020/10/28 11:52:17:121

Connecting Started...

<<<----  [OUT]
2020/10/28 11:52:19:168

I can't connect with the passive [192.168.100.113/5000] error_code:10061 !

<<<----  [OUT]
2020/10/28 11:52:21:653

Connecting Started...

<<<----  [OUT]
2020/10/28 11:52:23:698

I can't connect with the passive [192.168.100.113/5000] error_code:10061 !

<<<----  [OUT]
2020/10/28 11:52:26:182

Connecting Started...

<<<----  [OUT]
2020/10/28 11:52:28:230

I can't connect with the passive [192.168.100.113/5000] error_code:10061 !

<<<----  [OUT]
2020/10/28 11:52:30:713

Connecting Started...

<<<----  [OUT]
2020/10/28 11:52:32:754

I can't connect with the passive [192.168.100.113/5000] error_code:10061 !

<<<----  [OUT]
2020/10/28 11:52:35:245

Connecting Started...

<<<----  [OUT]
2020/10/28 11:52:37:290

I can't connect with the passive [192.168.100.113/5000] error_code:10061 !

<<<----  [OUT]
2020/10/28 11:52:39:777

Connecting Started...

<<<----  [OUT]
2020/10/28 11:52:41:820

I can't connect with the passive [192.168.100.113/5000] error_code:10061 !

<<<----  [OUT]
2020/10/28 11:52:44:309

Connecting Started...

<<<----  [OUT]
2020/10/28 11:52:46:352

I can't connect with the passive [192.168.100.113/5000] error_code:10061 !

<<<----  [OUT]
2020/10/28 11:52:48:840

Connecting Started...

<<<----  [OUT]
2020/10/28 11:52:50:866

I can't connect with the passive [192.168.100.113/5000] error_code:10061 !

<<<----  [OUT]
2020/10/28 11:52:53:356

Connecting Started...

<<<----  [OUT]
2020/10/28 11:52:55:374

I can't connect with the passive [192.168.100.113/5000] error_code:10061 !

<<<----  [OUT]
2020/10/28 11:52:57:855

Connecting Started...

<<<----  [OUT]
2020/10/28 11:52:59:886

I can't connect with the passive [192.168.100.113/5000] error_code:10061 !

<<<----  [OUT]
2020/10/28 11:53:02:370

Connecting Started...

<<<----  [OUT]
2020/10/28 11:53:04:415

I can't connect with the passive [192.168.100.113/5000] error_code:10061 !

<<<----  [OUT]
2020/10/28 11:53:06:902

Connecting Started...

<<<----  [OUT]
2020/10/28 11:53:08:920

I can't connect with the passive [192.168.100.113/5000] error_code:10061 !

<<<----  [OUT]
2020/10/28 11:53:11:402

Connecting Started...

<<<----  [OUT]
2020/10/28 11:53:13:441

I can't connect with the passive [192.168.100.113/5000] error_code:10061 !

<<<----  [OUT]
2020/10/28 11:53:15:916

Connecting Started...

<<<----  [OUT]
2020/10/28 11:53:17:969

I can't connect with the passive [192.168.100.113/5000] error_code:10061 !

<<<----  [OUT]
2020/10/28 11:53:20:448

Connecting Started...

<<<----  [OUT]
2020/10/28 11:53:22:485

I can't connect with the passive [192.168.100.113/5000] error_code:10061 !

<<<----  [OUT]
2020/10/28 11:53:24:964

Connecting Started...

<<<----  [OUT]
2020/10/28 11:53:27:007

I can't connect with the passive [192.168.100.113/5000] error_code:10061 !

<<<----  [OUT]
2020/10/28 11:53:29:495

Connecting Started...

<<<----  [OUT]
2020/10/28 11:53:31:538

I can't connect with the passive [192.168.100.113/5000] error_code:10061 !

<<<----  [OUT]
2020/10/28 11:53:34:027

Connecting Started...

<<<----  [OUT]
2020/10/28 11:53:36:068

I can't connect with the passive [192.168.100.113/5000] error_code:10061 !

<<<----  [OUT]
2020/10/28 11:53:38:559

Connecting Started...

<<<----  [OUT]
2020/10/28 11:53:40:586

I can't connect with the passive [192.168.100.113/5000] error_code:10061 !

<<<----  [OUT]
2020/10/28 11:53:43:073

Connecting Started...

<<<----  [OUT]
2020/10/28 11:53:45:089

I can't connect with the passive [192.168.100.113/5000] error_code:10061 !

<<<----  [OUT]
2020/10/28 11:53:47:574

Connecting Started...

<<<----  [OUT]
2020/10/28 11:53:49:593

I can't connect with the passive [192.168.100.113/5000] error_code:10061 !

<<<----  [OUT]
2020/10/28 11:53:52:073

Connecting Started...

<<<----  [OUT]
2020/10/28 11:53:54:104

I can't connect with the passive [192.168.100.113/5000] error_code:10061 !

<<<----  [OUT]
2020/10/28 11:53:56:589

Connecting Started...

<<<----  [OUT]
2020/10/28 11:53:58:632

I can't connect with the passive [192.168.100.113/5000] error_code:10061 !

<<<----  [OUT]
2020/10/28 11:54:01:120

Connecting Started...

<<<----  [OUT]
2020/10/28 11:54:03:164

I can't connect with the passive [192.168.100.113/5000] error_code:10061 !

<<<----  [OUT]
2020/10/28 11:54:05:652

Connecting Started...

<<<----  [OUT]
2020/10/28 11:54:07:687

I can't connect with the passive [192.168.100.113/5000] error_code:10061 !

<<<----  [OUT]
2020/10/28 11:54:10:167

Connecting Started...

<<<----  [OUT]
2020/10/28 11:54:12:210

I can't connect with the passive [192.168.100.113/5000] error_code:10061 !

<<<----  [OUT]
2020/10/28 11:54:14:699

Connecting Started...

<<<----  [OUT]
2020/10/28 11:54:16:739

I can't connect with the passive [192.168.100.113/5000] error_code:10061 !

<<<----  [OUT]
2020/10/28 11:54:19:230

Connecting Started...

<<<----  [OUT]
2020/10/28 11:54:21:288

I can't connect with the passive [192.168.100.113/5000] error_code:10061 !

<<<----  [OUT]
2020/10/28 11:54:23:777

Connecting Started...

<<<----  [OUT]
2020/10/28 11:54:25:806

I can't connect with the passive [192.168.100.113/5000] error_code:10061 !

<<<----  [OUT]
2020/10/28 11:54:28:293

Connecting Started...

<<<----  [OUT]
2020/10/28 11:54:30:308

I can't connect with the passive [192.168.100.113/5000] error_code:10061 !

<<<----  [OUT]
2020/10/28 11:54:32:792

Connecting Started...

<<<----  [OUT]
2020/10/28 11:54:34:845

I can't connect with the passive [192.168.100.113/5000] error_code:10061 !

<<<----  [OUT]
2020/10/28 11:54:37:323

Connecting Started...

<<<----  [OUT]
2020/10/28 11:54:39:350

I can't connect with the passive [192.168.100.113/5000] error_code:10061 !

<<<----  [OUT]
2020/10/28 11:54:41:839

Connecting Started...

<<<----  [OUT]
2020/10/28 11:54:43:867

I can't connect with the passive [192.168.100.113/5000] error_code:10061 !

<<<----  [OUT]
2020/10/28 11:54:46:355

Connecting Started...

<<<----  [OUT]
2020/10/28 11:54:48:382

I can't connect with the passive [192.168.100.113/5000] error_code:10061 !

<<<----  [OUT]
2020/10/28 11:54:50:871

Connecting Started...

<<<----  [OUT]
2020/10/28 11:54:52:898

I can't connect with the passive [192.168.100.113/5000] error_code:10061 !

<<<----  [OUT]
2020/10/28 11:54:55:386

Connecting Started...

<<<----  [OUT]
2020/10/28 11:54:57:404

I can't connect with the passive [192.168.100.113/5000] error_code:10061 !

<<<----  [OUT]
2020/10/28 11:54:59:886

Connecting Started...

<<<----  [OUT]
2020/10/28 11:55:01:912

I can't connect with the passive [192.168.100.113/5000] error_code:10061 !

<<<----  [OUT]
2020/10/28 11:55:04:402

Connecting Started...

<<<----  [OUT]
2020/10/28 11:55:06:433

I can't connect with the passive [192.168.100.113/5000] error_code:10061 !

<<<----  [OUT]
2020/10/28 11:55:08:916

Connecting Started...

<<<----  [OUT]
2020/10/28 11:55:10:962

I can't connect with the passive [192.168.100.113/5000] error_code:10061 !

<<<----  [OUT]
2020/10/28 11:55:13:449

Connecting Started...

<<<----  [OUT]
2020/10/28 11:55:15:483

I can't connect with the passive [192.168.100.113/5000] error_code:10061 !

<<<----  [OUT]
2020/10/28 11:55:17:965

Connecting Started...

<<<----  [OUT]
2020/10/28 11:55:19:990

I can't connect with the passive [192.168.100.113/5000] error_code:10061 !

<<<----  [OUT]
2020/10/28 11:55:22:479

Connecting Started...

<<<----  [OUT]
2020/10/28 11:55:24:529

I can't connect with the passive [192.168.100.113/5000] error_code:10061 !

<<<----  [OUT]
2020/10/28 11:55:27:011

Connecting Started...

<<<----  [OUT]
2020/10/28 11:55:29:053

I can't connect with the passive [192.168.100.113/5000] error_code:10061 !

<<<----  [OUT]
2020/10/28 11:55:31:542

Connecting Started...

<<<----  [OUT]
2020/10/28 11:55:33:571

I can't connect with the passive [192.168.100.113/5000] error_code:10061 !

<<<----  [OUT]
2020/10/28 11:55:36:059

Connecting Started...

<<<----  [OUT]
2020/10/28 11:55:38:081

I can't connect with the passive [192.168.100.113/5000] error_code:10061 !

<<<----  [OUT]
2020/10/28 11:55:40:558

Connecting Started...

<<<----  [OUT]
2020/10/28 11:55:42:607

I can't connect with the passive [192.168.100.113/5000] error_code:10061 !

<<<----  [OUT]
2020/10/28 11:55:45:090

Connecting Started...

<<<----  [OUT]
2020/10/28 11:55:47:130

I can't connect with the passive [192.168.100.113/5000] error_code:10061 !

<<<----  [OUT]
2020/10/28 11:55:49:621

Connecting Started...

<<<----  [OUT]
2020/10/28 11:55:51:654

I can't connect with the passive [192.168.100.113/5000] error_code:10061 !

<<<----  [OUT]
2020/10/28 11:55:54:136

Connecting Started...

<<<----  [OUT]
2020/10/28 11:55:56:169

I can't connect with the passive [192.168.100.113/5000] error_code:10061 !

<<<----  [OUT]
2020/10/28 11:55:58:651

Connecting Started...

<<<----  [OUT]
2020/10/28 11:56:00:681

I can't connect with the passive [192.168.100.113/5000] error_code:10061 !

<<<----  [OUT]
2020/10/28 11:56:03:167

Connecting Started...

<<<----  [OUT]
2020/10/28 11:56:05:221

I can't connect with the passive [192.168.100.113/5000] error_code:10061 !

<<<----  [OUT]
2020/10/28 11:56:07:698

Connecting Started...

<<<----  [OUT]
2020/10/28 11:56:09:734

I can't connect with the passive [192.168.100.113/5000] error_code:10061 !

<<<----  [OUT]
2020/10/28 11:56:12:214

Connecting Started...

<<<----  [OUT]
2020/10/28 11:56:14:262

I can't connect with the passive [192.168.100.113/5000] error_code:10061 !

<<<----  [OUT]
2020/10/28 11:56:16:746

Connecting Started...

<<<----  [OUT]
2020/10/28 11:56:18:798

I can't connect with the passive [192.168.100.113/5000] error_code:10061 !

<<<----  [OUT]
2020/10/28 11:56:21:276

Connecting Started...

<<<----  [OUT]
2020/10/28 11:56:23:310

I can't connect with the passive [192.168.100.113/5000] error_code:10061 !

<<<----  [OUT]
2020/10/28 11:56:25:792

Connecting Started...

<<<----  [OUT]
2020/10/28 11:56:27:846

I can't connect with the passive [192.168.100.113/5000] error_code:10061 !

<<<----  [OUT]
2020/10/28 11:56:30:324

Connecting Started...

<<<----  [OUT]
2020/10/28 11:56:32:362

I can't connect with the passive [192.168.100.113/5000] error_code:10061 !

<<<----  [OUT]
2020/10/28 11:56:34:839

Connecting Started...

<<<----  [OUT]
2020/10/28 11:56:36:892

I can't connect with the passive [192.168.100.113/5000] error_code:10061 !

<<<----  [OUT]
2020/10/28 11:56:39:370

Connecting Started...

<<<----  [OUT]
2020/10/28 11:56:41:404

I can't connect with the passive [192.168.100.113/5000] error_code:10061 !

<<<----  [OUT]
2020/10/28 11:56:43:886

Connecting Started...

<<<----  [OUT]
2020/10/28 11:56:45:937

I can't connect with the passive [192.168.100.113/5000] error_code:10061 !

<<<----  [OUT]
2020/10/28 11:56:48:417

Connecting Started...

<<<----  [OUT]
2020/10/28 11:56:50:473

I can't connect with the passive [192.168.100.113/5000] error_code:10061 !

<<<----  [OUT]
2020/10/28 11:56:52:964

Connecting Started...

<<<----  [OUT]
2020/10/28 11:56:55:000

I can't connect with the passive [192.168.100.113/5000] error_code:10061 !

<<<----  [OUT]
2020/10/28 11:56:57:480

Connecting Started...

<<<----  [OUT]
2020/10/28 11:56:59:528

I can't connect with the passive [192.168.100.113/5000] error_code:10061 !

<<<----  [OUT]
2020/10/28 11:57:02:012

Connecting Started...

<<<----  [OUT]
2020/10/28 11:57:04:050

I can't connect with the passive [192.168.100.113/5000] error_code:10061 !

<<<----  [OUT]
2020/10/28 11:57:06:527

Connecting Started...

<<<----  [OUT]
2020/10/28 11:57:08:548

I can't connect with the passive [192.168.100.113/5000] error_code:10061 !

<<<----  [OUT]
2020/10/28 11:57:11:027

Connecting Started...

<<<----  [OUT]
2020/10/28 11:57:13:064

I can't connect with the passive [192.168.100.113/5000] error_code:10061 !

<<<----  [OUT]
2020/10/28 11:57:15:543

Connecting Started...

<<<----  [OUT]
2020/10/28 11:57:17:589

I can't connect with the passive [192.168.100.113/5000] error_code:10061 !

<<<----  [OUT]
2020/10/28 11:57:20:074

Connecting Started...

<<<----  [OUT]
2020/10/28 11:57:22:109

I can't connect with the passive [192.168.100.113/5000] error_code:10061 !

<<<----  [OUT]
2020/10/28 11:57:24:589

Connecting Started...

<<<----  [OUT]
2020/10/28 11:57:26:629

I can't connect with the passive [192.168.100.113/5000] error_code:10061 !

<<<----  [OUT]
2020/10/28 11:57:29:121

Connecting Started...

<<<----  [OUT]
2020/10/28 11:57:31:136

I can't connect with the passive [192.168.100.113/5000] error_code:10061 !

<<<----  [OUT]
2020/10/28 11:57:33:621

Connecting Started...

<<<----  [OUT]
2020/10/28 11:57:35:646

I can't connect with the passive [192.168.100.113/5000] error_code:10061 !

<<<----  [OUT]
2020/10/28 11:57:38:137

Connecting Started...

<<<----  [OUT]
2020/10/28 11:57:40:173

I can't connect with the passive [192.168.100.113/5000] error_code:10061 !

<<<----  [OUT]
2020/10/28 11:57:42:651

Connecting Started...

<<<----  [OUT]
2020/10/28 11:57:44:676

I can't connect with the passive [192.168.100.113/5000] error_code:10061 !

<<<----  [OUT]
2020/10/28 11:57:47:168

Connecting Started...

<<<----  [OUT]
2020/10/28 11:57:49:224

I can't connect with the passive [192.168.100.113/5000] error_code:10061 !

<<<----  [OUT]
2020/10/28 11:57:51:715

Connecting Started...

<<<----  [OUT]
2020/10/28 11:57:53:757

I can't connect with the passive [192.168.100.113/5000] error_code:10061 !

<<<----  [OUT]
2020/10/28 11:57:56:246

Connecting Started...

<<<----  [OUT]
2020/10/28 11:57:58:287

I can't connect with the passive [192.168.100.113/5000] error_code:10061 !

<<<----  [OUT]
2020/10/28 11:58:00:776

Connecting Started...

<<<----  [OUT]
2020/10/28 11:58:02:799

I can't connect with the passive [192.168.100.113/5000] error_code:10061 !

<<<----  [OUT]
2020/10/28 11:58:05:276

Connecting Started...

<<<----  [OUT]
2020/10/28 11:58:07:320

I can't connect with the passive [192.168.100.113/5000] error_code:10061 !

<<<----  [OUT]
2020/10/28 11:58:09:807

Connecting Started...

<<<----  [OUT]
2020/10/28 11:58:11:826

I can't connect with the passive [192.168.100.113/5000] error_code:10061 !

<<<----  [OUT]
2020/10/28 11:58:14:309

Connecting Started...

<<<----  [OUT]
2020/10/28 11:58:16:354

I can't connect with the passive [192.168.100.113/5000] error_code:10061 !

<<<----  [OUT]
2020/10/28 11:58:18:840

Connecting Started...

<<<----  [OUT]
2020/10/28 11:58:20:878

I can't connect with the passive [192.168.100.113/5000] error_code:10061 !

<<<----  [OUT]
2020/10/28 11:58:23:356

Connecting Started...

<<<----  [OUT]
2020/10/28 11:58:25:412

I can't connect with the passive [192.168.100.113/5000] error_code:10061 !

<<<----  [OUT]
2020/10/28 11:58:27:901

Connecting Started...

<<<----  [OUT]
2020/10/28 11:58:29:932

I can't connect with the passive [192.168.100.113/5000] error_code:10061 !

<<<----  [OUT]
2020/10/28 11:58:32:417

Connecting Started...

<<<----  [OUT]
2020/10/28 11:58:34:440

I can't connect with the passive [192.168.100.113/5000] error_code:10061 !

<<<----  [OUT]
2020/10/28 11:58:36:917

Connecting Started...

<<<----  [OUT]
2020/10/28 11:58:38:943

I can't connect with the passive [192.168.100.113/5000] error_code:10061 !

<<<----  [OUT]
2020/10/28 11:58:41:432

Connecting Started...

<<<----  [OUT]
2020/10/28 11:58:43:461

I can't connect with the passive [192.168.100.113/5000] error_code:10061 !

<<<----  [OUT]
2020/10/28 11:58:45:948

Connecting Started...

<<<----  [OUT]
2020/10/28 11:58:47:992

I can't connect with the passive [192.168.100.113/5000] error_code:10061 !

<<<----  [OUT]
2020/10/28 11:58:50:480

Connecting Started...

<<<----  [OUT]
2020/10/28 11:58:52:523

I can't connect with the passive [192.168.100.113/5000] error_code:10061 !

<<<----  [OUT]
2020/10/28 11:58:55:012

Connecting Started...

<<<----  [OUT]
2020/10/28 11:58:57:048

I can't connect with the passive [192.168.100.113/5000] error_code:10061 !

<<<----  [OUT]
2020/10/28 11:58:59:527

Connecting Started...

<<<----  [OUT]
2020/10/28 11:59:01:566

I can't connect with the passive [192.168.100.113/5000] error_code:10061 !

<<<----  [OUT]
2020/10/28 11:59:04:058

Connecting Started...

<<<----  [OUT]
2020/10/28 11:59:06:106

I can't connect with the passive [192.168.100.113/5000] error_code:10061 !

<<<----  [OUT]
2020/10/28 11:59:08:590

Connecting Started...

<<<----  [OUT]
2020/10/28 11:59:10:617

I can't connect with the passive [192.168.100.113/5000] error_code:10061 !

<<<----  [OUT]
2020/10/28 11:59:13:106

Connecting Started...

<<<----  [OUT]
2020/10/28 11:59:15:142

I can't connect with the passive [192.168.100.113/5000] error_code:10061 !

<<<----  [OUT]
2020/10/28 11:59:17:620

Connecting Started...

<<<----  [OUT]
2020/10/28 11:59:19:644

I can't connect with the passive [192.168.100.113/5000] error_code:10061 !

<<<----  [OUT]
2020/10/28 11:59:22:121

Connecting Started...

<<<----  [OUT]
2020/10/28 11:59:24:145

I can't connect with the passive [192.168.100.113/5000] error_code:10061 !

<<<----  [OUT]
2020/10/28 11:59:26:635

Connecting Started...

<<<----  [OUT]
2020/10/28 11:59:28:674

I can't connect with the passive [192.168.100.113/5000] error_code:10061 !

<<<----  [OUT]
2020/10/28 11:59:31:151

Connecting Started...

<<<----  [OUT]
2020/10/28 11:59:33:183

I can't connect with the passive [192.168.100.113/5000] error_code:10061 !

<<<----  [OUT]
2020/10/28 11:59:35:668

Connecting Started...

<<<----  [OUT]
2020/10/28 11:59:37:720

I can't connect with the passive [192.168.100.113/5000] error_code:10061 !

<<<----  [OUT]
2020/10/28 11:59:40:199

Connecting Started...

<<<----  [OUT]
2020/10/28 11:59:42:217

I can't connect with the passive [192.168.100.113/5000] error_code:10061 !

<<<----  [OUT]
2020/10/28 11:59:44:698

Connecting Started...

<<<----  [OUT]
2020/10/28 11:59:46:730

I can't connect with the passive [192.168.100.113/5000] error_code:10061 !

<<<----  [OUT]
2020/10/28 11:59:49:215

Connecting Started...

<<<----  [OUT]
2020/10/28 11:59:51:250

I can't connect with the passive [192.168.100.113/5000] error_code:10061 !

<<<----  [OUT]
2020/10/28 11:59:53:730

Connecting Started...

<<<----  [OUT]
2020/10/28 11:59:55:745

I can't connect with the passive [192.168.100.113/5000] error_code:10061 !

<<<----  [OUT]
2020/10/28 11:59:58:229

Connecting Started...
