
<<<----  [OUT]
2021/10/06 08:34:57:295

---------------------------------------------------------------------
// FA : Start Log ...


<<<----  [OUT]
2021/10/06 08:34:57:303

//-------------------------------------------------------------
Property Information

   Driver Type [HSMS]
   Driver Mode [ACTIVE]
   IP    [192.168.100.113]
   Port  [5000]
//-------------------------------------------------------------


<<<----  [OUT]
2021/10/06 08:34:57:905

Auto-Start Started ... (Active)

<<<----  [OUT]
2021/10/06 08:34:57:996

Auto-Start Started ...  Waiting Stop-Connection.

<<<----  [OUT]
2021/10/06 08:34:57:996

Auto-Start Started ...  Waiting Open-Socket.

<<<----  [OUT]
2021/10/06 08:34:58:021

Socket Open Started...

<<<----  [OUT]
2021/10/06 08:34:58:021

Socket Open Completed...

<<<----  [OUT]
2021/10/06 08:34:58:021

Connecting Started...

<<<----  [OUT]
2021/10/06 08:34:58:088

Auto-Start Completed ...  (Active)

<<<----  [OUT]
2021/10/06 08:35:19:053

I can't connect with the passive [192.168.100.113/5000] error_code:10060 !

<<<----  [OUT]
2021/10/06 08:35:21:534

Connecting Started...

<<<----  [OUT]
2021/10/06 08:35:42:571

I can't connect with the passive [192.168.100.113/5000] error_code:10060 !

<<<----  [OUT]
2021/10/06 08:35:45:050

Connecting Started...

<<<----  [OUT]
2021/10/06 08:36:06:091

I can't connect with the passive [192.168.100.113/5000] error_code:10060 !

<<<----  [OUT]
2021/10/06 08:36:08:580

Connecting Started...

<<<----  [OUT]
2021/10/06 08:36:29:609

I can't connect with the passive [192.168.100.113/5000] error_code:10060 !

<<<----  [OUT]
2021/10/06 08:36:32:096

Connecting Started...

<<<----  [OUT]
2021/10/06 08:36:53:129

I can't connect with the passive [192.168.100.113/5000] error_code:10060 !

<<<----  [OUT]
2021/10/06 08:36:55:611

Connecting Started...

<<<----  [OUT]
2021/10/06 08:37:16:672

I can't connect with the passive [192.168.100.113/5000] error_code:10060 !

<<<----  [OUT]
2021/10/06 08:37:19:159

Connecting Started...

<<<----  [OUT]
2021/10/06 08:37:40:193

I can't connect with the passive [192.168.100.113/5000] error_code:10060 !

<<<----  [OUT]
2021/10/06 08:37:42:674

Connecting Started...

<<<----  [OUT]
2021/10/06 08:38:03:721

I can't connect with the passive [192.168.100.113/5000] error_code:10060 !

<<<----  [OUT]
2021/10/06 08:38:06:206

Connecting Started...

<<<----  [OUT]
2021/10/06 08:38:27:260

I can't connect with the passive [192.168.100.113/5000] error_code:10060 !

<<<----  [OUT]
2021/10/06 08:38:29:738

Connecting Started...

<<<----  [OUT]
2021/10/06 08:38:50:784

I can't connect with the passive [192.168.100.113/5000] error_code:10060 !

<<<----  [OUT]
2021/10/06 08:38:53:269

Connecting Started...

<<<----  [OUT]
2021/10/06 08:39:14:298

I can't connect with the passive [192.168.100.113/5000] error_code:10060 !

<<<----  [OUT]
2021/10/06 08:39:16:785

Connecting Started...

<<<----  [OUT]
2021/10/06 08:39:37:812

I can't connect with the passive [192.168.100.113/5000] error_code:10060 !

<<<----  [OUT]
2021/10/06 08:39:40:299

Connecting Started...

<<<----  [OUT]
2021/10/06 08:40:01:337

I can't connect with the passive [192.168.100.113/5000] error_code:10060 !

<<<----  [OUT]
2021/10/06 08:40:03:816

Connecting Started...

<<<----  [OUT]
2021/10/06 08:40:24:861

I can't connect with the passive [192.168.100.113/5000] error_code:10060 !

<<<----  [OUT]
2021/10/06 08:40:27:346

Connecting Started...

<<<----  [OUT]
2021/10/06 08:40:48:400

I can't connect with the passive [192.168.100.113/5000] error_code:10060 !

<<<----  [OUT]
2021/10/06 08:40:50:878

Connecting Started...

<<<----  [OUT]
2021/10/06 08:41:11:932

I can't connect with the passive [192.168.100.113/5000] error_code:10060 !

<<<----  [OUT]
2021/10/06 08:41:14:410

Connecting Started...

<<<----  [OUT]
2021/10/06 08:41:35:447

I can't connect with the passive [192.168.100.113/5000] error_code:10060 !

<<<----  [OUT]
2021/10/06 08:41:37:924

Connecting Started...

<<<----  [OUT]
2021/10/06 08:41:58:969

I can't connect with the passive [192.168.100.113/5000] error_code:10060 !

<<<----  [OUT]
2021/10/06 08:42:01:456

Connecting Started...

<<<----  [OUT]
2021/10/06 08:42:22:483

I can't connect with the passive [192.168.100.113/5000] error_code:10060 !

<<<----  [OUT]
2021/10/06 08:42:24:972

Connecting Started...

<<<----  [OUT]
2021/10/06 08:42:46:006

I can't connect with the passive [192.168.100.113/5000] error_code:10060 !

<<<----  [OUT]
2021/10/06 08:42:48:487

Connecting Started...

<<<----  [OUT]
2021/10/06 08:43:09:517

I can't connect with the passive [192.168.100.113/5000] error_code:10060 !

<<<----  [OUT]
2021/10/06 08:43:12:003

Connecting Started...

<<<----  [OUT]
2021/10/06 08:43:33:044

I can't connect with the passive [192.168.100.113/5000] error_code:10060 !

<<<----  [OUT]
2021/10/06 08:43:35:534

Connecting Started...

<<<----  [OUT]
2021/10/06 08:43:56:572

I can't connect with the passive [192.168.100.113/5000] error_code:10060 !

<<<----  [OUT]
2021/10/06 08:43:59:050

Connecting Started...

<<<----  [OUT]
2021/10/06 08:44:20:084

I can't connect with the passive [192.168.100.113/5000] error_code:10060 !

<<<----  [OUT]
2021/10/06 08:44:22:565

Connecting Started...

<<<----  [OUT]
2021/10/06 08:44:43:618

I can't connect with the passive [192.168.100.113/5000] error_code:10060 !

<<<----  [OUT]
2021/10/06 08:44:46:097

Connecting Started...

<<<----  [OUT]
2021/10/06 08:45:07:135

I can't connect with the passive [192.168.100.113/5000] error_code:10060 !

<<<----  [OUT]
2021/10/06 08:45:09:612

Connecting Started...

<<<----  [OUT]
2021/10/06 08:45:30:649

I can't connect with the passive [192.168.100.113/5000] error_code:10060 !

<<<----  [OUT]
2021/10/06 08:45:33:128

Connecting Started...

<<<----  [OUT]
2021/10/06 08:45:54:166

I can't connect with the passive [192.168.100.113/5000] error_code:10060 !

<<<----  [OUT]
2021/10/06 08:45:56:643

Connecting Started...

<<<----  [OUT]
2021/10/06 08:46:17:669

I can't connect with the passive [192.168.100.113/5000] error_code:10060 !

<<<----  [OUT]
2021/10/06 08:46:20:159

Connecting Started...

<<<----  [OUT]
2021/10/06 08:46:41:209

I can't connect with the passive [192.168.100.113/5000] error_code:10060 !

<<<----  [OUT]
2021/10/06 08:46:43:689

Connecting Started...

<<<----  [OUT]
2021/10/06 08:47:04:723

I can't connect with the passive [192.168.100.113/5000] error_code:10060 !

<<<----  [OUT]
2021/10/06 08:47:07:205

Connecting Started...

<<<----  [OUT]
2021/10/06 08:47:28:253

I can't connect with the passive [192.168.100.113/5000] error_code:10060 !

<<<----  [OUT]
2021/10/06 08:47:30:736

Connecting Started...

<<<----  [OUT]
2021/10/06 08:47:51:788

I can't connect with the passive [192.168.100.113/5000] error_code:10060 !

<<<----  [OUT]
2021/10/06 08:47:54:268

Connecting Started...

<<<----  [OUT]
2021/10/06 08:48:15:310

I can't connect with the passive [192.168.100.113/5000] error_code:10060 !

<<<----  [OUT]
2021/10/06 08:48:17:799

Connecting Started...

<<<----  [OUT]
2021/10/06 08:48:38:831

I can't connect with the passive [192.168.100.113/5000] error_code:10060 !

<<<----  [OUT]
2021/10/06 08:48:41:316

Connecting Started...

<<<----  [OUT]
2021/10/06 08:49:02:358

I can't connect with the passive [192.168.100.113/5000] error_code:10060 !

<<<----  [OUT]
2021/10/06 08:49:04:846

Connecting Started...

<<<----  [OUT]
2021/10/06 08:49:25:886

I can't connect with the passive [192.168.100.113/5000] error_code:10060 !

<<<----  [OUT]
2021/10/06 08:49:28:362

Connecting Started...

<<<----  [OUT]
2021/10/06 08:49:49:401

I can't connect with the passive [192.168.100.113/5000] error_code:10060 !

<<<----  [OUT]
2021/10/06 08:49:51:878

Connecting Started...

<<<----  [OUT]
2021/10/06 08:50:12:922

I can't connect with the passive [192.168.100.113/5000] error_code:10060 !

<<<----  [OUT]
2021/10/06 08:50:15:409

Connecting Started...

<<<----  [OUT]
2021/10/06 08:50:36:459

I can't connect with the passive [192.168.100.113/5000] error_code:10060 !

<<<----  [OUT]
2021/10/06 08:50:38:939

Connecting Started...

<<<----  [OUT]
2021/10/06 08:50:59:981

I can't connect with the passive [192.168.100.113/5000] error_code:10060 !

<<<----  [OUT]
2021/10/06 08:51:02:471

Connecting Started...

<<<----  [OUT]
2021/10/06 08:51:23:522

I can't connect with the passive [192.168.100.113/5000] error_code:10060 !

<<<----  [OUT]
2021/10/06 08:51:26:002

Connecting Started...

<<<----  [OUT]
2021/10/06 08:51:47:030

I can't connect with the passive [192.168.100.113/5000] error_code:10060 !

<<<----  [OUT]
2021/10/06 08:51:49:517

Connecting Started...

<<<----  [OUT]
2021/10/06 08:52:10:566

I can't connect with the passive [192.168.100.113/5000] error_code:10060 !

<<<----  [OUT]
2021/10/06 08:52:13:050

Connecting Started...

<<<----  [OUT]
2021/10/06 08:52:34:086

I can't connect with the passive [192.168.100.113/5000] error_code:10060 !

<<<----  [OUT]
2021/10/06 08:52:36:565

Connecting Started...

<<<----  [OUT]
2021/10/06 08:52:57:607

I can't connect with the passive [192.168.100.113/5000] error_code:10060 !

<<<----  [OUT]
2021/10/06 08:53:00:096

Connecting Started...

<<<----  [OUT]
2021/10/06 08:53:21:154

I can't connect with the passive [192.168.100.113/5000] error_code:10060 !

<<<----  [OUT]
2021/10/06 08:53:23:644

Connecting Started...

<<<----  [OUT]
2021/10/06 08:53:44:677

I can't connect with the passive [192.168.100.113/5000] error_code:10060 !

<<<----  [OUT]
2021/10/06 08:53:47:160

Connecting Started...

<<<----  [OUT]
2021/10/06 08:54:08:213

I can't connect with the passive [192.168.100.113/5000] error_code:10060 !

<<<----  [OUT]
2021/10/06 08:54:10:690

Connecting Started...

<<<----  [OUT]
2021/10/06 08:54:31:709

I can't connect with the passive [192.168.100.113/5000] error_code:10060 !

<<<----  [OUT]
2021/10/06 08:54:34:191

Connecting Started...

<<<----  [OUT]
2021/10/06 08:54:55:226

I can't connect with the passive [192.168.100.113/5000] error_code:10060 !

<<<----  [OUT]
2021/10/06 08:54:57:706

Connecting Started...

<<<----  [OUT]
2021/10/06 08:55:18:742

I can't connect with the passive [192.168.100.113/5000] error_code:10060 !

<<<----  [OUT]
2021/10/06 08:55:21:222

Connecting Started...

<<<----  [OUT]
2021/10/06 08:55:42:259

I can't connect with the passive [192.168.100.113/5000] error_code:10060 !

<<<----  [OUT]
2021/10/06 08:55:44:736

Connecting Started...

<<<----  [OUT]
2021/10/06 08:56:05:782

I can't connect with the passive [192.168.100.113/5000] error_code:10060 !

<<<----  [OUT]
2021/10/06 08:56:08:267

Connecting Started...

<<<----  [OUT]
2021/10/06 08:56:29:295

I can't connect with the passive [192.168.100.113/5000] error_code:10060 !

<<<----  [OUT]
2021/10/06 08:56:31:785

Connecting Started...

<<<----  [OUT]
2021/10/06 08:56:52:821

I can't connect with the passive [192.168.100.113/5000] error_code:10060 !

<<<----  [OUT]
2021/10/06 08:56:55:299

Connecting Started...

<<<----  [OUT]
2021/10/06 08:57:16:340

I can't connect with the passive [192.168.100.113/5000] error_code:10060 !

<<<----  [OUT]
2021/10/06 08:57:18:831

Connecting Started...

<<<----  [OUT]
2021/10/06 08:57:39:881

I can't connect with the passive [192.168.100.113/5000] error_code:10060 !

<<<----  [OUT]
2021/10/06 08:57:42:362

Connecting Started...

<<<----  [OUT]
2021/10/06 08:58:03:413

I can't connect with the passive [192.168.100.113/5000] error_code:10060 !

<<<----  [OUT]
2021/10/06 08:58:05:894

Connecting Started...

<<<----  [OUT]
2021/10/06 08:58:26:932

I can't connect with the passive [192.168.100.113/5000] error_code:10060 !

<<<----  [OUT]
2021/10/06 08:58:29:408

Connecting Started...

<<<----  [OUT]
2021/10/06 08:58:50:438

I can't connect with the passive [192.168.100.113/5000] error_code:10060 !

<<<----  [OUT]
2021/10/06 08:58:52:925

Connecting Started...

<<<----  [OUT]
2021/10/06 08:59:13:960

I can't connect with the passive [192.168.100.113/5000] error_code:10060 !

<<<----  [OUT]
2021/10/06 08:59:16:439

Connecting Started...

<<<----  [OUT]
2021/10/06 08:59:37:479

I can't connect with the passive [192.168.100.113/5000] error_code:10060 !

<<<----  [OUT]
2021/10/06 08:59:39:956

Connecting Started...
