
<<<----  [OUT]
2021/10/06 12:00:13:804

I can't connect with the passive [192.168.100.113/5000] error_code:10060 !

<<<----  [OUT]
2021/10/06 12:00:16:283

Connecting Started...

<<<----  [OUT]
2021/10/06 12:00:37:331

I can't connect with the passive [192.168.100.113/5000] error_code:10060 !

<<<----  [OUT]
2021/10/06 12:00:39:815

Connecting Started...

<<<----  [OUT]
2021/10/06 12:01:00:846

I can't connect with the passive [192.168.100.113/5000] error_code:10060 !

<<<----  [OUT]
2021/10/06 12:01:03:330

Connecting Started...

<<<----  [OUT]
2021/10/06 12:01:24:399

I can't connect with the passive [192.168.100.113/5000] error_code:10060 !

<<<----  [OUT]
2021/10/06 12:01:26:878

Connecting Started...

<<<----  [OUT]
2021/10/06 12:01:47:930

I can't connect with the passive [192.168.100.113/5000] error_code:10060 !

<<<----  [OUT]
2021/10/06 12:01:50:408

Connecting Started...

<<<----  [OUT]
2021/10/06 12:02:11:446

I can't connect with the passive [192.168.100.113/5000] error_code:10060 !

<<<----  [OUT]
2021/10/06 12:02:13:924

Connecting Started...

<<<----  [OUT]
2021/10/06 12:02:34:946

I can't connect with the passive [192.168.100.113/5000] error_code:10060 !

<<<----  [OUT]
2021/10/06 12:02:37:426

Connecting Started...

<<<----  [OUT]
2021/10/06 12:02:58:469

I can't connect with the passive [192.168.100.113/5000] error_code:10060 !

<<<----  [OUT]
2021/10/06 12:03:00:956

Connecting Started...

<<<----  [OUT]
2021/10/06 12:03:21:991

I can't connect with the passive [192.168.100.113/5000] error_code:10060 !

<<<----  [OUT]
2021/10/06 12:03:24:472

Connecting Started...

<<<----  [OUT]
2021/10/06 12:03:45:497

I can't connect with the passive [192.168.100.113/5000] error_code:10060 !

<<<----  [OUT]
2021/10/06 12:03:47:987

Connecting Started...

<<<----  [OUT]
2021/10/06 12:04:09:029

I can't connect with the passive [192.168.100.113/5000] error_code:10060 !

<<<----  [OUT]
2021/10/06 12:04:11:519

Connecting Started...

<<<----  [OUT]
2021/10/06 12:04:32:554

I can't connect with the passive [192.168.100.113/5000] error_code:10060 !

<<<----  [OUT]
2021/10/06 12:04:35:034

Connecting Started...

<<<----  [OUT]
2021/10/06 12:04:56:072

I can't connect with the passive [192.168.100.113/5000] error_code:10060 !

<<<----  [OUT]
2021/10/06 12:04:58:549

Connecting Started...

<<<----  [OUT]
2021/10/06 12:05:19:592

I can't connect with the passive [192.168.100.113/5000] error_code:10060 !

<<<----  [OUT]
2021/10/06 12:05:22:080

Connecting Started...

<<<----  [OUT]
2021/10/06 12:05:43:129

I can't connect with the passive [192.168.100.113/5000] error_code:10060 !

<<<----  [OUT]
2021/10/06 12:05:45:612

Connecting Started...

<<<----  [OUT]
2021/10/06 12:06:06:653

I can't connect with the passive [192.168.100.113/5000] error_code:10060 !

<<<----  [OUT]
2021/10/06 12:06:09:143

Connecting Started...

<<<----  [OUT]
2021/10/06 12:06:30:169

I can't connect with the passive [192.168.100.113/5000] error_code:10060 !

<<<----  [OUT]
2021/10/06 12:06:32:658

Connecting Started...

<<<----  [OUT]
2021/10/06 12:06:53:695

I can't connect with the passive [192.168.100.113/5000] error_code:10060 !

<<<----  [OUT]
2021/10/06 12:06:56:175

Connecting Started...

<<<----  [OUT]
2021/10/06 12:07:17:202

I can't connect with the passive [192.168.100.113/5000] error_code:10060 !

<<<----  [OUT]
2021/10/06 12:07:19:691

Connecting Started...

<<<----  [OUT]
2021/10/06 12:07:40:740

I can't connect with the passive [192.168.100.113/5000] error_code:10060 !

<<<----  [OUT]
2021/10/06 12:07:43:222

Connecting Started...

<<<----  [OUT]
2021/10/06 12:08:04:263

I can't connect with the passive [192.168.100.113/5000] error_code:10060 !

<<<----  [OUT]
2021/10/06 12:08:06:753

Connecting Started...

<<<----  [OUT]
2021/10/06 12:08:27:804

I can't connect with the passive [192.168.100.113/5000] error_code:10060 !

<<<----  [OUT]
2021/10/06 12:08:30:284

Connecting Started...

<<<----  [OUT]
2021/10/06 12:08:51:325

I can't connect with the passive [192.168.100.113/5000] error_code:10060 !

<<<----  [OUT]
2021/10/06 12:08:53:816

Connecting Started...

<<<----  [OUT]
2021/10/06 12:09:14:853

I can't connect with the passive [192.168.100.113/5000] error_code:10060 !

<<<----  [OUT]
2021/10/06 12:09:17:330

Connecting Started...

<<<----  [OUT]
2021/10/06 12:09:38:366

I can't connect with the passive [192.168.100.113/5000] error_code:10060 !

<<<----  [OUT]
2021/10/06 12:09:40:847

Connecting Started...

<<<----  [OUT]
2021/10/06 12:10:01:886

I can't connect with the passive [192.168.100.113/5000] error_code:10060 !

<<<----  [OUT]
2021/10/06 12:10:04:362

Connecting Started...

<<<----  [OUT]
2021/10/06 12:10:25:409

I can't connect with the passive [192.168.100.113/5000] error_code:10060 !

<<<----  [OUT]
2021/10/06 12:10:27:894

Connecting Started...

<<<----  [OUT]
2021/10/06 12:10:48:924

I can't connect with the passive [192.168.100.113/5000] error_code:10060 !

<<<----  [OUT]
2021/10/06 12:10:51:409

Connecting Started...

<<<----  [OUT]
2021/10/06 12:11:12:460

I can't connect with the passive [192.168.100.113/5000] error_code:10060 !

<<<----  [OUT]
2021/10/06 12:11:14:940

Connecting Started...

<<<----  [OUT]
2021/10/06 12:11:35:995

I can't connect with the passive [192.168.100.113/5000] error_code:10060 !

<<<----  [OUT]
2021/10/06 12:11:38:471

Connecting Started...

<<<----  [OUT]
2021/10/06 12:11:59:497

I can't connect with the passive [192.168.100.113/5000] error_code:10060 !

<<<----  [OUT]
2021/10/06 12:12:01:987

Connecting Started...

<<<----  [OUT]
2021/10/06 12:12:23:030

I can't connect with the passive [192.168.100.113/5000] error_code:10060 !

<<<----  [OUT]
2021/10/06 12:12:25:518

Connecting Started...

<<<----  [OUT]
2021/10/06 12:12:46:555

I can't connect with the passive [192.168.100.113/5000] error_code:10060 !

<<<----  [OUT]
2021/10/06 12:12:49:035

Connecting Started...

<<<----  [OUT]
2021/10/06 12:13:10:067

I can't connect with the passive [192.168.100.113/5000] error_code:10060 !

<<<----  [OUT]
2021/10/06 12:13:12:549

Connecting Started...

<<<----  [OUT]
2021/10/06 12:13:33:567

I can't connect with the passive [192.168.100.113/5000] error_code:10060 !

<<<----  [OUT]
2021/10/06 12:13:36:049

Connecting Started...

<<<----  [OUT]
2021/10/06 12:13:57:079

I can't connect with the passive [192.168.100.113/5000] error_code:10060 !

<<<----  [OUT]
2021/10/06 12:13:59:565

Connecting Started...

<<<----  [OUT]
2021/10/06 12:14:20:597

I can't connect with the passive [192.168.100.113/5000] error_code:10060 !

<<<----  [OUT]
2021/10/06 12:14:23:080

Connecting Started...

<<<----  [OUT]
2021/10/06 12:14:44:123

I can't connect with the passive [192.168.100.113/5000] error_code:10060 !

<<<----  [OUT]
2021/10/06 12:14:46:612

Connecting Started...

<<<----  [OUT]
2021/10/06 12:15:07:632

I can't connect with the passive [192.168.100.113/5000] error_code:10060 !

<<<----  [OUT]
2021/10/06 12:15:10:112

Connecting Started...

<<<----  [OUT]
2021/10/06 12:15:31:162

I can't connect with the passive [192.168.100.113/5000] error_code:10060 !

<<<----  [OUT]
2021/10/06 12:15:33:644

Connecting Started...

<<<----  [OUT]
2021/10/06 12:15:54:702

I can't connect with the passive [192.168.100.113/5000] error_code:10060 !

<<<----  [OUT]
2021/10/06 12:15:57:190

Connecting Started...

<<<----  [OUT]
2021/10/06 12:16:18:219

I can't connect with the passive [192.168.100.113/5000] error_code:10060 !

<<<----  [OUT]
2021/10/06 12:16:20:706

Connecting Started...

<<<----  [OUT]
2021/10/06 12:16:41:750

I can't connect with the passive [192.168.100.113/5000] error_code:10060 !

<<<----  [OUT]
2021/10/06 12:16:44:239

Connecting Started...

<<<----  [OUT]
2021/10/06 12:17:05:296

I can't connect with the passive [192.168.100.113/5000] error_code:10060 !

<<<----  [OUT]
2021/10/06 12:17:07:785

Connecting Started...

<<<----  [OUT]
2021/10/06 12:17:28:810

I can't connect with the passive [192.168.100.113/5000] error_code:10060 !

<<<----  [OUT]
2021/10/06 12:17:31:299

Connecting Started...

<<<----  [OUT]
2021/10/06 12:17:52:342

I can't connect with the passive [192.168.100.113/5000] error_code:10060 !

<<<----  [OUT]
2021/10/06 12:17:54:830

Connecting Started...

<<<----  [OUT]
2021/10/06 12:18:15:867

I can't connect with the passive [192.168.100.113/5000] error_code:10060 !

<<<----  [OUT]
2021/10/06 12:18:18:346

Connecting Started...

<<<----  [OUT]
2021/10/06 12:18:39:386

I can't connect with the passive [192.168.100.113/5000] error_code:10060 !

<<<----  [OUT]
2021/10/06 12:18:41:862

Connecting Started...

<<<----  [OUT]
2021/10/06 12:19:02:887

I can't connect with the passive [192.168.100.113/5000] error_code:10060 !

<<<----  [OUT]
2021/10/06 12:19:05:377

Connecting Started...

<<<----  [OUT]
2021/10/06 12:19:26:416

I can't connect with the passive [192.168.100.113/5000] error_code:10060 !

<<<----  [OUT]
2021/10/06 12:19:28:894

Connecting Started...

<<<----  [OUT]
2021/10/06 12:19:49:939

I can't connect with the passive [192.168.100.113/5000] error_code:10060 !

<<<----  [OUT]
2021/10/06 12:19:52:425

Connecting Started...

<<<----  [OUT]
2021/10/06 12:20:13:440

I can't connect with the passive [192.168.100.113/5000] error_code:10060 !

<<<----  [OUT]
2021/10/06 12:20:15:925

Connecting Started...

<<<----  [OUT]
2021/10/06 12:20:36:984

I can't connect with the passive [192.168.100.113/5000] error_code:10060 !

<<<----  [OUT]
2021/10/06 12:20:39:471

Connecting Started...

<<<----  [OUT]
2021/10/06 12:21:00:514

I can't connect with the passive [192.168.100.113/5000] error_code:10060 !

<<<----  [OUT]
2021/10/06 12:21:03:003

Connecting Started...

<<<----  [OUT]
2021/10/06 12:21:24:053

I can't connect with the passive [192.168.100.113/5000] error_code:10060 !

<<<----  [OUT]
2021/10/06 12:21:26:533

Connecting Started...

<<<----  [OUT]
2021/10/06 12:21:47:574

I can't connect with the passive [192.168.100.113/5000] error_code:10060 !

<<<----  [OUT]
2021/10/06 12:21:50:066

Connecting Started...

<<<----  [OUT]
2021/10/06 12:22:11:113

I can't connect with the passive [192.168.100.113/5000] error_code:10060 !

<<<----  [OUT]
2021/10/06 12:22:13:596

Connecting Started...

<<<----  [OUT]
2021/10/06 12:22:34:645

I can't connect with the passive [192.168.100.113/5000] error_code:10060 !

<<<----  [OUT]
2021/10/06 12:22:37:128

Connecting Started...

<<<----  [OUT]
2021/10/06 12:22:58:160

I can't connect with the passive [192.168.100.113/5000] error_code:10060 !

<<<----  [OUT]
2021/10/06 12:23:00:642

Connecting Started...

<<<----  [OUT]
2021/10/06 12:23:21:686

I can't connect with the passive [192.168.100.113/5000] error_code:10060 !

<<<----  [OUT]
2021/10/06 12:23:24:174

Connecting Started...

<<<----  [OUT]
2021/10/06 12:23:45:212

I can't connect with the passive [192.168.100.113/5000] error_code:10060 !

<<<----  [OUT]
2021/10/06 12:23:47:691

Connecting Started...

<<<----  [OUT]
2021/10/06 12:24:08:733

I can't connect with the passive [192.168.100.113/5000] error_code:10060 !

<<<----  [OUT]
2021/10/06 12:24:11:221

Connecting Started...

<<<----  [OUT]
2021/10/06 12:24:32:275

I can't connect with the passive [192.168.100.113/5000] error_code:10060 !

<<<----  [OUT]
2021/10/06 12:24:34:752

Connecting Started...

<<<----  [OUT]
2021/10/06 12:24:55:794

I can't connect with the passive [192.168.100.113/5000] error_code:10060 !

<<<----  [OUT]
2021/10/06 12:24:58:285

Connecting Started...

<<<----  [OUT]
2021/10/06 12:25:19:340

I can't connect with the passive [192.168.100.113/5000] error_code:10060 !

<<<----  [OUT]
2021/10/06 12:25:21:833

Connecting Started...

<<<----  [OUT]
2021/10/06 12:25:42:875

I can't connect with the passive [192.168.100.113/5000] error_code:10060 !

<<<----  [OUT]
2021/10/06 12:25:45:362

Connecting Started...

<<<----  [OUT]
2021/10/06 12:26:06:412

I can't connect with the passive [192.168.100.113/5000] error_code:10060 !

<<<----  [OUT]
2021/10/06 12:26:08:893

Connecting Started...

<<<----  [OUT]
2021/10/06 12:26:29:914

I can't connect with the passive [192.168.100.113/5000] error_code:10060 !

<<<----  [OUT]
2021/10/06 12:26:32:394

Connecting Started...

<<<----  [OUT]
2021/10/06 12:26:53:435

I can't connect with the passive [192.168.100.113/5000] error_code:10060 !

<<<----  [OUT]
2021/10/06 12:26:55:924

Connecting Started...

<<<----  [OUT]
2021/10/06 12:27:16:958

I can't connect with the passive [192.168.100.113/5000] error_code:10060 !

<<<----  [OUT]
2021/10/06 12:27:19:440

Connecting Started...

<<<----  [OUT]
2021/10/06 12:27:40:488

I can't connect with the passive [192.168.100.113/5000] error_code:10060 !

<<<----  [OUT]
2021/10/06 12:27:42:971

Connecting Started...

<<<----  [OUT]
2021/10/06 12:28:04:020

I can't connect with the passive [192.168.100.113/5000] error_code:10060 !

<<<----  [OUT]
2021/10/06 12:28:06:503

Connecting Started...

<<<----  [OUT]
2021/10/06 12:28:27:540

I can't connect with the passive [192.168.100.113/5000] error_code:10060 !

<<<----  [OUT]
2021/10/06 12:28:30:019

Connecting Started...

<<<----  [OUT]
2021/10/06 12:28:51:052

I can't connect with the passive [192.168.100.113/5000] error_code:10060 !

<<<----  [OUT]
2021/10/06 12:28:53:534

Connecting Started...

<<<----  [OUT]
2021/10/06 12:29:14:594

I can't connect with the passive [192.168.100.113/5000] error_code:10060 !

<<<----  [OUT]
2021/10/06 12:29:17:082

Connecting Started...

<<<----  [OUT]
2021/10/06 12:29:38:117

I can't connect with the passive [192.168.100.113/5000] error_code:10060 !

<<<----  [OUT]
2021/10/06 12:29:40:596

Connecting Started...

<<<----  [OUT]
2021/10/06 12:30:01:629

I can't connect with the passive [192.168.100.113/5000] error_code:10060 !

<<<----  [OUT]
2021/10/06 12:30:04:112

Connecting Started...

<<<----  [OUT]
2021/10/06 12:30:25:147

I can't connect with the passive [192.168.100.113/5000] error_code:10060 !

<<<----  [OUT]
2021/10/06 12:30:27:627

Connecting Started...

<<<----  [OUT]
2021/10/06 12:30:48:668

I can't connect with the passive [192.168.100.113/5000] error_code:10060 !

<<<----  [OUT]
2021/10/06 12:30:51:158

Connecting Started...

<<<----  [OUT]
2021/10/06 12:31:12:207

I can't connect with the passive [192.168.100.113/5000] error_code:10060 !

<<<----  [OUT]
2021/10/06 12:31:14:690

Connecting Started...

<<<----  [OUT]
2021/10/06 12:31:35:711

I can't connect with the passive [192.168.100.113/5000] error_code:10060 !

<<<----  [OUT]
2021/10/06 12:31:38:190

Connecting Started...

<<<----  [OUT]
2021/10/06 12:31:59:226

I can't connect with the passive [192.168.100.113/5000] error_code:10060 !

<<<----  [OUT]
2021/10/06 12:32:01:707

Connecting Started...

<<<----  [OUT]
2021/10/06 12:32:22:762

I can't connect with the passive [192.168.100.113/5000] error_code:10060 !

<<<----  [OUT]
2021/10/06 12:32:25:252

Connecting Started...

<<<----  [OUT]
2021/10/06 12:32:46:284

I can't connect with the passive [192.168.100.113/5000] error_code:10060 !

<<<----  [OUT]
2021/10/06 12:32:48:768

Connecting Started...

<<<----  [OUT]
2021/10/06 12:33:09:794

I can't connect with the passive [192.168.100.113/5000] error_code:10060 !

<<<----  [OUT]
2021/10/06 12:33:12:284

Connecting Started...

<<<----  [OUT]
2021/10/06 12:33:33:327

I can't connect with the passive [192.168.100.113/5000] error_code:10060 !

<<<----  [OUT]
2021/10/06 12:33:35:815

Connecting Started...

<<<----  [OUT]
2021/10/06 12:33:56:869

I can't connect with the passive [192.168.100.113/5000] error_code:10060 !

<<<----  [OUT]
2021/10/06 12:33:59:346

Connecting Started...

<<<----  [OUT]
2021/10/06 12:34:20:391

I can't connect with the passive [192.168.100.113/5000] error_code:10060 !

<<<----  [OUT]
2021/10/06 12:34:22:877

Connecting Started...

<<<----  [OUT]
2021/10/06 12:34:43:942

I can't connect with the passive [192.168.100.113/5000] error_code:10060 !

<<<----  [OUT]
2021/10/06 12:34:46:425

Connecting Started...

<<<----  [OUT]
2021/10/06 12:35:07:449

I can't connect with the passive [192.168.100.113/5000] error_code:10060 !

<<<----  [OUT]
2021/10/06 12:35:09:940

Connecting Started...

<<<----  [OUT]
2021/10/06 12:35:30:980

I can't connect with the passive [192.168.100.113/5000] error_code:10060 !

<<<----  [OUT]
2021/10/06 12:35:33:472

Connecting Started...

<<<----  [OUT]
2021/10/06 12:35:54:498

I can't connect with the passive [192.168.100.113/5000] error_code:10060 !

<<<----  [OUT]
2021/10/06 12:35:56:987

Connecting Started...

<<<----  [OUT]
2021/10/06 12:36:18:038

I can't connect with the passive [192.168.100.113/5000] error_code:10060 !

<<<----  [OUT]
2021/10/06 12:36:20:519

Connecting Started...

<<<----  [OUT]
2021/10/06 12:36:41:573

I can't connect with the passive [192.168.100.113/5000] error_code:10060 !

<<<----  [OUT]
2021/10/06 12:36:44:050

Connecting Started...

<<<----  [OUT]
2021/10/06 12:37:05:091

I can't connect with the passive [192.168.100.113/5000] error_code:10060 !

<<<----  [OUT]
2021/10/06 12:37:07:581

Connecting Started...

<<<----  [OUT]
2021/10/06 12:37:28:625

I can't connect with the passive [192.168.100.113/5000] error_code:10060 !

<<<----  [OUT]
2021/10/06 12:37:31:112

Connecting Started...

<<<----  [OUT]
2021/10/06 12:37:52:148

I can't connect with the passive [192.168.100.113/5000] error_code:10060 !

<<<----  [OUT]
2021/10/06 12:37:54:628

Connecting Started...

<<<----  [OUT]
2021/10/06 12:38:15:671

I can't connect with the passive [192.168.100.113/5000] error_code:10060 !

<<<----  [OUT]
2021/10/06 12:38:18:160

Connecting Started...

<<<----  [OUT]
2021/10/06 12:38:39:216

I can't connect with the passive [192.168.100.113/5000] error_code:10060 !

<<<----  [OUT]
2021/10/06 12:38:41:706

Connecting Started...

<<<----  [OUT]
2021/10/06 12:39:02:746

I can't connect with the passive [192.168.100.113/5000] error_code:10060 !

<<<----  [OUT]
2021/10/06 12:39:05:237

Connecting Started...

<<<----  [OUT]
2021/10/06 12:39:26:286

I can't connect with the passive [192.168.100.113/5000] error_code:10060 !

<<<----  [OUT]
2021/10/06 12:39:28:768

Connecting Started...

<<<----  [OUT]
2021/10/06 12:39:49:809

I can't connect with the passive [192.168.100.113/5000] error_code:10060 !

<<<----  [OUT]
2021/10/06 12:39:52:300

Connecting Started...

<<<----  [OUT]
2021/10/06 12:43:17:491

---------------------------------------------------------------------
// FA : Start Log ...


<<<----  [OUT]
2021/10/06 12:43:17:500

//-------------------------------------------------------------
Property Information

   Driver Type [HSMS]
   Driver Mode [ACTIVE]
   IP    [192.168.100.113]
   Port  [5000]
//-------------------------------------------------------------


<<<----  [OUT]
2021/10/06 12:43:18:101

Auto-Start Started ... (Active)

<<<----  [OUT]
2021/10/06 12:43:18:192

Auto-Start Started ...  Waiting Stop-Connection.

<<<----  [OUT]
2021/10/06 12:43:18:192

Auto-Start Started ...  Waiting Open-Socket.

<<<----  [OUT]
2021/10/06 12:43:18:218

Socket Open Started...

<<<----  [OUT]
2021/10/06 12:43:18:218

Socket Open Completed...

<<<----  [OUT]
2021/10/06 12:43:18:218

Connecting Started...

<<<----  [OUT]
2021/10/06 12:43:18:283

Auto-Start Completed ...  (Active)

<<<----  [OUT]
2021/10/06 12:43:39:258

I can't connect with the passive [192.168.100.113/5000] error_code:10060 !

<<<----  [OUT]
2021/10/06 12:43:41:737

Connecting Started...

<<<----  [OUT]
2021/10/06 12:44:02:763

I can't connect with the passive [192.168.100.113/5000] error_code:10060 !

<<<----  [OUT]
2021/10/06 12:44:05:253

Connecting Started...

<<<----  [OUT]
2021/10/06 12:44:26:284

I can't connect with the passive [192.168.100.113/5000] error_code:10060 !

<<<----  [OUT]
2021/10/06 12:44:28:768

Connecting Started...

<<<----  [OUT]
2021/10/06 12:44:49:808

I can't connect with the passive [192.168.100.113/5000] error_code:10060 !

<<<----  [OUT]
2021/10/06 12:44:52:299

Connecting Started...

<<<----  [OUT]
2021/10/06 12:45:13:348

I can't connect with the passive [192.168.100.113/5000] error_code:10060 !

<<<----  [OUT]
2021/10/06 12:45:15:831

Connecting Started...

<<<----  [OUT]
2021/10/06 12:45:36:883

I can't connect with the passive [192.168.100.113/5000] error_code:10060 !

<<<----  [OUT]
2021/10/06 12:45:39:363

Connecting Started...

<<<----  [OUT]
2021/10/06 12:46:00:412

I can't connect with the passive [192.168.100.113/5000] error_code:10060 !

<<<----  [OUT]
2021/10/06 12:46:02:893

Connecting Started...

<<<----  [OUT]
2021/10/06 12:46:23:945

I can't connect with the passive [192.168.100.113/5000] error_code:10060 !

<<<----  [OUT]
2021/10/06 12:46:26:424

Connecting Started...

<<<----  [OUT]
2021/10/06 12:46:47:468

I can't connect with the passive [192.168.100.113/5000] error_code:10060 !

<<<----  [OUT]
2021/10/06 12:46:49:955

Connecting Started...

<<<----  [OUT]
2021/10/06 12:47:11:003

I can't connect with the passive [192.168.100.113/5000] error_code:10060 !

<<<----  [OUT]
2021/10/06 12:47:13:487

Connecting Started...

<<<----  [OUT]
2021/10/06 12:55:46:559

---------------------------------------------------------------------
// FA : Start Log ...


<<<----  [OUT]
2021/10/06 12:55:46:574

//-------------------------------------------------------------
Property Information

   Driver Type [HSMS]
   Driver Mode [ACTIVE]
   IP    [192.168.100.113]
   Port  [5000]
//-------------------------------------------------------------


<<<----  [OUT]
2021/10/06 12:55:47:176

Auto-Start Started ... (Active)

<<<----  [OUT]
2021/10/06 12:55:47:267

Auto-Start Started ...  Waiting Stop-Connection.

<<<----  [OUT]
2021/10/06 12:55:47:267

Auto-Start Started ...  Waiting Open-Socket.

<<<----  [OUT]
2021/10/06 12:55:47:286

Socket Open Started...

<<<----  [OUT]
2021/10/06 12:55:47:286

Socket Open Completed...

<<<----  [OUT]
2021/10/06 12:55:47:286

Connecting Started...

<<<----  [OUT]
2021/10/06 12:55:47:357

Auto-Start Completed ...  (Active)

<<<----  [OUT]
2021/10/06 12:56:08:334

I can't connect with the passive [192.168.100.113/5000] error_code:10060 !

<<<----  [OUT]
2021/10/06 12:56:10:816

Connecting Started...

<<<----  [OUT]
2021/10/06 12:56:31:848

I can't connect with the passive [192.168.100.113/5000] error_code:10060 !

<<<----  [OUT]
2021/10/06 12:56:34:331

Connecting Started...

<<<----  [OUT]
2021/10/06 12:56:55:363

I can't connect with the passive [192.168.100.113/5000] error_code:10060 !

<<<----  [OUT]
2021/10/06 12:56:57:847

Connecting Started...

<<<----  [OUT]
2021/10/06 12:57:18:870

I can't connect with the passive [192.168.100.113/5000] error_code:10060 !

<<<----  [OUT]
2021/10/06 12:57:21:347

Connecting Started...

<<<----  [OUT]
2021/10/06 12:57:42:377

I can't connect with the passive [192.168.100.113/5000] error_code:10060 !

<<<----  [OUT]
2021/10/06 12:57:44:862

Connecting Started...

<<<----  [OUT]
2021/10/06 12:58:05:907

I can't connect with the passive [192.168.100.113/5000] error_code:10060 !

<<<----  [OUT]
2021/10/06 12:58:08:393

Connecting Started...

<<<----  [OUT]
2021/10/06 12:58:29:431

I can't connect with the passive [192.168.100.113/5000] error_code:10060 !

<<<----  [OUT]
2021/10/06 12:58:31:909

Connecting Started...

<<<----  [OUT]
2021/10/06 12:58:52:960

I can't connect with the passive [192.168.100.113/5000] error_code:10060 !

<<<----  [OUT]
2021/10/06 12:58:55:441

Connecting Started...

<<<----  [OUT]
2021/10/06 12:59:16:478

I can't connect with the passive [192.168.100.113/5000] error_code:10060 !

<<<----  [OUT]
2021/10/06 12:59:18:956

Connecting Started...

<<<----  [OUT]
2021/10/06 12:59:40:009

I can't connect with the passive [192.168.100.113/5000] error_code:10060 !

<<<----  [OUT]
2021/10/06 12:59:42:488

Connecting Started...
