
<<<----  [OUT]
2021/10/06 10:00:07:395

I can't connect with the passive [192.168.100.113/5000] error_code:10060 !

<<<----  [OUT]
2021/10/06 10:00:09:878

Connecting Started...

<<<----  [OUT]
2021/10/06 10:00:30:912

I can't connect with the passive [192.168.100.113/5000] error_code:10060 !

<<<----  [OUT]
2021/10/06 10:00:33:394

Connecting Started...

<<<----  [OUT]
2021/10/06 10:00:54:451

I can't connect with the passive [192.168.100.113/5000] error_code:10060 !

<<<----  [OUT]
2021/10/06 10:00:56:941

Connecting Started...

<<<----  [OUT]
2021/10/06 10:01:17:978

I can't connect with the passive [192.168.100.113/5000] error_code:10060 !

<<<----  [OUT]
2021/10/06 10:01:20:457

Connecting Started...

<<<----  [OUT]
2021/10/06 10:01:41:507

I can't connect with the passive [192.168.100.113/5000] error_code:10060 !

<<<----  [OUT]
2021/10/06 10:01:43:988

Connecting Started...

<<<----  [OUT]
2021/10/06 10:02:05:038

I can't connect with the passive [192.168.100.113/5000] error_code:10060 !

<<<----  [OUT]
2021/10/06 10:02:07:519

Connecting Started...

<<<----  [OUT]
2021/10/06 10:02:28:564

I can't connect with the passive [192.168.100.113/5000] error_code:10060 !

<<<----  [OUT]
2021/10/06 10:02:31:050

Connecting Started...

<<<----  [OUT]
2021/10/06 10:02:52:091

I can't connect with the passive [192.168.100.113/5000] error_code:10060 !

<<<----  [OUT]
2021/10/06 10:02:54:580

Connecting Started...

<<<----  [OUT]
2021/10/06 10:03:15:617

I can't connect with the passive [192.168.100.113/5000] error_code:10060 !

<<<----  [OUT]
2021/10/06 10:03:18:096

Connecting Started...

<<<----  [OUT]
2021/10/06 10:03:39:136

I can't connect with the passive [192.168.100.113/5000] error_code:10060 !

<<<----  [OUT]
2021/10/06 10:03:41:612

Connecting Started...

<<<----  [OUT]
2021/10/06 10:04:02:652

I can't connect with the passive [192.168.100.113/5000] error_code:10060 !

<<<----  [OUT]
2021/10/06 10:04:05:143

Connecting Started...

<<<----  [OUT]
2021/10/06 10:04:26:171

I can't connect with the passive [192.168.100.113/5000] error_code:10060 !

<<<----  [OUT]
2021/10/06 10:04:28:659

Connecting Started...

<<<----  [OUT]
2021/10/06 10:04:49:698

I can't connect with the passive [192.168.100.113/5000] error_code:10060 !

<<<----  [OUT]
2021/10/06 10:04:52:176

Connecting Started...

<<<----  [OUT]
2021/10/06 10:05:13:231

I can't connect with the passive [192.168.100.113/5000] error_code:10060 !

<<<----  [OUT]
2021/10/06 10:05:15:721

Connecting Started...

<<<----  [OUT]
2021/10/06 10:05:36:755

I can't connect with the passive [192.168.100.113/5000] error_code:10060 !

<<<----  [OUT]
2021/10/06 10:05:39:238

Connecting Started...

<<<----  [OUT]
2021/10/06 10:06:00:264

I can't connect with the passive [192.168.100.113/5000] error_code:10060 !

<<<----  [OUT]
2021/10/06 10:06:02:753

Connecting Started...

<<<----  [OUT]
2021/10/06 10:06:23:788

I can't connect with the passive [192.168.100.113/5000] error_code:10060 !

<<<----  [OUT]
2021/10/06 10:06:26:269

Connecting Started...

<<<----  [OUT]
2021/10/06 10:06:47:304

I can't connect with the passive [192.168.100.113/5000] error_code:10060 !

<<<----  [OUT]
2021/10/06 10:06:49:784

Connecting Started...

<<<----  [OUT]
2021/10/06 10:07:10:829

I can't connect with the passive [192.168.100.113/5000] error_code:10060 !

<<<----  [OUT]
2021/10/06 10:07:13:316

Connecting Started...

<<<----  [OUT]
2021/10/06 10:07:34:365

I can't connect with the passive [192.168.100.113/5000] error_code:10060 !

<<<----  [OUT]
2021/10/06 10:07:36:846

Connecting Started...

<<<----  [OUT]
2021/10/06 10:07:57:881

I can't connect with the passive [192.168.100.113/5000] error_code:10060 !

<<<----  [OUT]
2021/10/06 10:08:00:362

Connecting Started...

<<<----  [OUT]
2021/10/06 10:08:21:411

I can't connect with the passive [192.168.100.113/5000] error_code:10060 !

<<<----  [OUT]
2021/10/06 10:08:23:892

Connecting Started...

<<<----  [OUT]
2021/10/06 10:08:44:934

I can't connect with the passive [192.168.100.113/5000] error_code:10060 !

<<<----  [OUT]
2021/10/06 10:08:47:424

Connecting Started...

<<<----  [OUT]
2021/10/06 10:09:08:459

I can't connect with the passive [192.168.100.113/5000] error_code:10060 !

<<<----  [OUT]
2021/10/06 10:09:10:941

Connecting Started...

<<<----  [OUT]
2021/10/06 10:09:31:999

I can't connect with the passive [192.168.100.113/5000] error_code:10060 !

<<<----  [OUT]
2021/10/06 10:09:34:487

Connecting Started...

<<<----  [OUT]
2021/10/06 10:10:28:727

---------------------------------------------------------------------
// FA : Start Log ...


<<<----  [OUT]
2021/10/06 10:10:28:736

//-------------------------------------------------------------
Property Information

   Driver Type [HSMS]
   Driver Mode [ACTIVE]
   IP    [192.168.100.113]
   Port  [5000]
//-------------------------------------------------------------


<<<----  [OUT]
2021/10/06 10:10:29:339

Auto-Start Started ... (Active)

<<<----  [OUT]
2021/10/06 10:10:29:429

Auto-Start Started ...  Waiting Stop-Connection.

<<<----  [OUT]
2021/10/06 10:10:29:429

Auto-Start Started ...  Waiting Open-Socket.

<<<----  [OUT]
2021/10/06 10:10:29:453

Socket Open Started...

<<<----  [OUT]
2021/10/06 10:10:29:453

Socket Open Completed...

<<<----  [OUT]
2021/10/06 10:10:29:453

Connecting Started...

<<<----  [OUT]
2021/10/06 10:10:29:520

Auto-Start Completed ...  (Active)

<<<----  [OUT]
2021/10/06 10:10:50:512

I can't connect with the passive [192.168.100.113/5000] error_code:10060 !

<<<----  [OUT]
2021/10/06 10:10:53:003

Connecting Started...

<<<----  [OUT]
2021/10/06 10:11:14:031

I can't connect with the passive [192.168.100.113/5000] error_code:10060 !

<<<----  [OUT]
2021/10/06 10:11:16:519

Connecting Started...

<<<----  [OUT]
2021/10/06 10:11:37:553

I can't connect with the passive [192.168.100.113/5000] error_code:10060 !

<<<----  [OUT]
2021/10/06 10:11:40:035

Connecting Started...

<<<----  [OUT]
2021/10/06 10:12:01:077

I can't connect with the passive [192.168.100.113/5000] error_code:10060 !

<<<----  [OUT]
2021/10/06 10:12:03:566

Connecting Started...

<<<----  [OUT]
2021/10/06 10:12:24:597

I can't connect with the passive [192.168.100.113/5000] error_code:10060 !

<<<----  [OUT]
2021/10/06 10:12:27:082

Connecting Started...

<<<----  [OUT]
2021/10/06 10:12:48:119

I can't connect with the passive [192.168.100.113/5000] error_code:10060 !

<<<----  [OUT]
2021/10/06 10:12:50:596

Connecting Started...

<<<----  [OUT]
2021/10/06 10:13:11:629

I can't connect with the passive [192.168.100.113/5000] error_code:10060 !

<<<----  [OUT]
2021/10/06 10:13:14:112

Connecting Started...

<<<----  [OUT]
2021/10/06 10:13:35:165

I can't connect with the passive [192.168.100.113/5000] error_code:10060 !

<<<----  [OUT]
2021/10/06 10:13:37:643

Connecting Started...

<<<----  [OUT]
2021/10/06 10:13:58:673

I can't connect with the passive [192.168.100.113/5000] error_code:10060 !

<<<----  [OUT]
2021/10/06 10:14:01:158

Connecting Started...

<<<----  [OUT]
2021/10/06 10:14:22:203

I can't connect with the passive [192.168.100.113/5000] error_code:10060 !

<<<----  [OUT]
2021/10/06 10:14:24:689

Connecting Started...

<<<----  [OUT]
2021/10/06 10:14:45:726

I can't connect with the passive [192.168.100.113/5000] error_code:10060 !

<<<----  [OUT]
2021/10/06 10:14:48:205

Connecting Started...

<<<----  [OUT]
2021/10/06 10:15:09:258

I can't connect with the passive [192.168.100.113/5000] error_code:10060 !

<<<----  [OUT]
2021/10/06 10:15:11:737

Connecting Started...

<<<----  [OUT]
2021/10/06 10:15:32:763

I can't connect with the passive [192.168.100.113/5000] error_code:10060 !

<<<----  [OUT]
2021/10/06 10:15:35:252

Connecting Started...

<<<----  [OUT]
2021/10/06 10:15:56:286

I can't connect with the passive [192.168.100.113/5000] error_code:10060 !

<<<----  [OUT]
2021/10/06 10:15:58:768

Connecting Started...

<<<----  [OUT]
2021/10/06 10:16:19:816

I can't connect with the passive [192.168.100.113/5000] error_code:10060 !

<<<----  [OUT]
2021/10/06 10:16:22:299

Connecting Started...

<<<----  [OUT]
2021/10/06 10:16:43:342

I can't connect with the passive [192.168.100.113/5000] error_code:10060 !

<<<----  [OUT]
2021/10/06 10:16:45:830

Connecting Started...

<<<----  [OUT]
2021/10/06 10:17:06:873

I can't connect with the passive [192.168.100.113/5000] error_code:10060 !

<<<----  [OUT]
2021/10/06 10:17:09:363

Connecting Started...

<<<----  [OUT]
2021/10/06 10:17:30:409

I can't connect with the passive [192.168.100.113/5000] error_code:10060 !

<<<----  [OUT]
2021/10/06 10:17:32:893

Connecting Started...

<<<----  [OUT]
2021/10/06 10:17:53:930

I can't connect with the passive [192.168.100.113/5000] error_code:10060 !

<<<----  [OUT]
2021/10/06 10:17:56:408

Connecting Started...

<<<----  [OUT]
2021/10/06 10:18:17:463

I can't connect with the passive [192.168.100.113/5000] error_code:10060 !

<<<----  [OUT]
2021/10/06 10:18:19:939

Connecting Started...

<<<----  [OUT]
2021/10/06 10:18:40:974

I can't connect with the passive [192.168.100.113/5000] error_code:10060 !

<<<----  [OUT]
2021/10/06 10:18:43:456

Connecting Started...

<<<----  [OUT]
2021/10/06 10:19:04:485

I can't connect with the passive [192.168.100.113/5000] error_code:10060 !

<<<----  [OUT]
2021/10/06 10:19:06:971

Connecting Started...

<<<----  [OUT]
2021/10/06 10:19:27:996

I can't connect with the passive [192.168.100.113/5000] error_code:10060 !

<<<----  [OUT]
2021/10/06 10:19:30:487

Connecting Started...

<<<----  [OUT]
2021/10/06 10:19:51:527

I can't connect with the passive [192.168.100.113/5000] error_code:10060 !

<<<----  [OUT]
2021/10/06 10:19:54:017

Connecting Started...

<<<----  [OUT]
2021/10/06 10:20:15:062

I can't connect with the passive [192.168.100.113/5000] error_code:10060 !

<<<----  [OUT]
2021/10/06 10:20:17:550

Connecting Started...

<<<----  [OUT]
2021/10/06 10:20:38:599

I can't connect with the passive [192.168.100.113/5000] error_code:10060 !

<<<----  [OUT]
2021/10/06 10:20:41:082

Connecting Started...

<<<----  [OUT]
2021/10/06 10:21:02:106

I can't connect with the passive [192.168.100.113/5000] error_code:10060 !

<<<----  [OUT]
2021/10/06 10:21:04:596

Connecting Started...

<<<----  [OUT]
2021/10/06 10:21:25:632

I can't connect with the passive [192.168.100.113/5000] error_code:10060 !

<<<----  [OUT]
2021/10/06 10:21:28:112

Connecting Started...

<<<----  [OUT]
2021/10/06 10:21:49:144

I can't connect with the passive [192.168.100.113/5000] error_code:10060 !

<<<----  [OUT]
2021/10/06 10:21:51:627

Connecting Started...

<<<----  [OUT]
2021/10/06 10:22:12:667

I can't connect with the passive [192.168.100.113/5000] error_code:10060 !

<<<----  [OUT]
2021/10/06 10:22:15:143

Connecting Started...

<<<----  [OUT]
2021/10/06 10:22:36:182

I can't connect with the passive [192.168.100.113/5000] error_code:10060 !

<<<----  [OUT]
2021/10/06 10:22:38:659

Connecting Started...

<<<----  [OUT]
2021/10/06 10:22:59:686

I can't connect with the passive [192.168.100.113/5000] error_code:10060 !

<<<----  [OUT]
2021/10/06 10:23:02:174

Connecting Started...

<<<----  [OUT]
2021/10/06 10:23:23:224

I can't connect with the passive [192.168.100.113/5000] error_code:10060 !

<<<----  [OUT]
2021/10/06 10:23:25:705

Connecting Started...

<<<----  [OUT]
2021/10/06 10:23:46:760

I can't connect with the passive [192.168.100.113/5000] error_code:10060 !

<<<----  [OUT]
2021/10/06 10:23:49:237

Connecting Started...

<<<----  [OUT]
2021/10/06 10:24:10:271

I can't connect with the passive [192.168.100.113/5000] error_code:10060 !

<<<----  [OUT]
2021/10/06 10:24:12:754

Connecting Started...

<<<----  [OUT]
2021/10/06 10:24:33:794

I can't connect with the passive [192.168.100.113/5000] error_code:10060 !

<<<----  [OUT]
2021/10/06 10:24:36:284

Connecting Started...

<<<----  [OUT]
2021/10/06 10:24:57:321

I can't connect with the passive [192.168.100.113/5000] error_code:10060 !

<<<----  [OUT]
2021/10/06 10:24:59:800

Connecting Started...

<<<----  [OUT]
2021/10/06 10:25:20:847

I can't connect with the passive [192.168.100.113/5000] error_code:10060 !

<<<----  [OUT]
2021/10/06 10:25:23:331

Connecting Started...

<<<----  [OUT]
2021/10/06 10:25:44:385

I can't connect with the passive [192.168.100.113/5000] error_code:10060 !

<<<----  [OUT]
2021/10/06 10:25:46:863

Connecting Started...

<<<----  [OUT]
2021/10/06 10:26:07:900

I can't connect with the passive [192.168.100.113/5000] error_code:10060 !

<<<----  [OUT]
2021/10/06 10:26:10:378

Connecting Started...

<<<----  [OUT]
2021/10/06 10:26:31:406

I can't connect with the passive [192.168.100.113/5000] error_code:10060 !

<<<----  [OUT]
2021/10/06 10:26:33:894

Connecting Started...

<<<----  [OUT]
2021/10/06 10:26:54:935

I can't connect with the passive [192.168.100.113/5000] error_code:10060 !

<<<----  [OUT]
2021/10/06 10:26:57:424

Connecting Started...

<<<----  [OUT]
2021/10/06 10:27:18:455

I can't connect with the passive [192.168.100.113/5000] error_code:10060 !

<<<----  [OUT]
2021/10/06 10:27:20:940

Connecting Started...

<<<----  [OUT]
2021/10/06 10:27:42:007

I can't connect with the passive [192.168.100.113/5000] error_code:10060 !

<<<----  [OUT]
2021/10/06 10:27:44:486

Connecting Started...

<<<----  [OUT]
2021/10/06 10:28:05:522

I can't connect with the passive [192.168.100.113/5000] error_code:10060 !

<<<----  [OUT]
2021/10/06 10:28:08:003

Connecting Started...

<<<----  [OUT]
2021/10/06 10:28:29:053

I can't connect with the passive [192.168.100.113/5000] error_code:10060 !

<<<----  [OUT]
2021/10/06 10:28:31:535

Connecting Started...

<<<----  [OUT]
2021/10/06 10:28:52:571

I can't connect with the passive [192.168.100.113/5000] error_code:10060 !

<<<----  [OUT]
2021/10/06 10:28:55:049

Connecting Started...

<<<----  [OUT]
2021/10/06 10:29:16:089

I can't connect with the passive [192.168.100.113/5000] error_code:10060 !

<<<----  [OUT]
2021/10/06 10:29:18:566

Connecting Started...

<<<----  [OUT]
2021/10/06 10:29:39:608

I can't connect with the passive [192.168.100.113/5000] error_code:10060 !

<<<----  [OUT]
2021/10/06 10:29:42:097

Connecting Started...

<<<----  [OUT]
2021/10/06 10:30:03:137

I can't connect with the passive [192.168.100.113/5000] error_code:10060 !

<<<----  [OUT]
2021/10/06 10:30:05:627

Connecting Started...

<<<----  [OUT]
2021/10/06 10:30:26:679

I can't connect with the passive [192.168.100.113/5000] error_code:10060 !

<<<----  [OUT]
2021/10/06 10:30:29:158

Connecting Started...

<<<----  [OUT]
2021/10/06 10:30:50:210

I can't connect with the passive [192.168.100.113/5000] error_code:10060 !

<<<----  [OUT]
2021/10/06 10:30:52:690

Connecting Started...

<<<----  [OUT]
2021/10/06 10:31:13:730

I can't connect with the passive [192.168.100.113/5000] error_code:10060 !

<<<----  [OUT]
2021/10/06 10:31:16:222

Connecting Started...

<<<----  [OUT]
2021/10/06 10:31:37:276

I can't connect with the passive [192.168.100.113/5000] error_code:10060 !

<<<----  [OUT]
2021/10/06 10:31:39:752

Connecting Started...

<<<----  [OUT]
2021/10/06 10:32:00:800

I can't connect with the passive [192.168.100.113/5000] error_code:10060 !

<<<----  [OUT]
2021/10/06 10:32:03:283

Connecting Started...

<<<----  [OUT]
2021/10/06 10:32:24:345

I can't connect with the passive [192.168.100.113/5000] error_code:10060 !

<<<----  [OUT]
2021/10/06 10:32:26:831

Connecting Started...

<<<----  [OUT]
2021/10/06 10:32:47:867

I can't connect with the passive [192.168.100.113/5000] error_code:10060 !

<<<----  [OUT]
2021/10/06 10:32:50:345

Connecting Started...

<<<----  [OUT]
2021/10/06 10:33:11:389

I can't connect with the passive [192.168.100.113/5000] error_code:10060 !

<<<----  [OUT]
2021/10/06 10:33:13:877

Connecting Started...

<<<----  [OUT]
2021/10/06 10:33:34:916

I can't connect with the passive [192.168.100.113/5000] error_code:10060 !

<<<----  [OUT]
2021/10/06 10:33:37:393

Connecting Started...

<<<----  [OUT]
2021/10/06 10:33:58:437

I can't connect with the passive [192.168.100.113/5000] error_code:10060 !

<<<----  [OUT]
2021/10/06 10:34:00:924

Connecting Started...

<<<----  [OUT]
2021/10/06 10:34:21:959

I can't connect with the passive [192.168.100.113/5000] error_code:10060 !

<<<----  [OUT]
2021/10/06 10:34:24:441

Connecting Started...

<<<----  [OUT]
2021/10/06 10:34:45:491

I can't connect with the passive [192.168.100.113/5000] error_code:10060 !

<<<----  [OUT]
2021/10/06 10:34:47:972

Connecting Started...

<<<----  [OUT]
2021/10/06 10:35:08:998

I can't connect with the passive [192.168.100.113/5000] error_code:10060 !

<<<----  [OUT]
2021/10/06 10:35:11:488

Connecting Started...

<<<----  [OUT]
2021/10/06 10:35:32:530

I can't connect with the passive [192.168.100.113/5000] error_code:10060 !

<<<----  [OUT]
2021/10/06 10:35:35:018

Connecting Started...

<<<----  [OUT]
2021/10/06 10:35:56:078

I can't connect with the passive [192.168.100.113/5000] error_code:10060 !

<<<----  [OUT]
2021/10/06 10:35:58:565

Connecting Started...

<<<----  [OUT]
2021/10/06 10:36:19:605

I can't connect with the passive [192.168.100.113/5000] error_code:10060 !

<<<----  [OUT]
2021/10/06 10:36:22:097

Connecting Started...

<<<----  [OUT]
2021/10/06 10:36:43:136

I can't connect with the passive [192.168.100.113/5000] error_code:10060 !

<<<----  [OUT]
2021/10/06 10:36:45:613

Connecting Started...

<<<----  [OUT]
2021/10/06 10:37:06:633

I can't connect with the passive [192.168.100.113/5000] error_code:10060 !

<<<----  [OUT]
2021/10/06 10:37:09:112

Connecting Started...

<<<----  [OUT]
2021/10/06 10:37:30:144

I can't connect with the passive [192.168.100.113/5000] error_code:10060 !

<<<----  [OUT]
2021/10/06 10:37:32:628

Connecting Started...

<<<----  [OUT]
2021/10/06 10:37:53:676

I can't connect with the passive [192.168.100.113/5000] error_code:10060 !

<<<----  [OUT]
2021/10/06 10:37:56:160

Connecting Started...

<<<----  [OUT]
2021/10/06 10:38:17:200

I can't connect with the passive [192.168.100.113/5000] error_code:10060 !

<<<----  [OUT]
2021/10/06 10:38:19:690

Connecting Started...

<<<----  [OUT]
2021/10/06 10:38:40:711

I can't connect with the passive [192.168.100.113/5000] error_code:10060 !

<<<----  [OUT]
2021/10/06 10:38:43:190

Connecting Started...

<<<----  [OUT]
2021/10/06 10:39:04:246

I can't connect with the passive [192.168.100.113/5000] error_code:10060 !

<<<----  [OUT]
2021/10/06 10:39:06:738

Connecting Started...

<<<----  [OUT]
2021/10/06 10:39:27:790

I can't connect with the passive [192.168.100.113/5000] error_code:10060 !

<<<----  [OUT]
2021/10/06 10:39:30:268

Connecting Started...

<<<----  [OUT]
2021/10/06 10:39:51:320

I can't connect with the passive [192.168.100.113/5000] error_code:10060 !

<<<----  [OUT]
2021/10/06 10:39:53:799

Connecting Started...

<<<----  [OUT]
2021/10/06 10:40:14:847

I can't connect with the passive [192.168.100.113/5000] error_code:10060 !

<<<----  [OUT]
2021/10/06 10:40:17:331

Connecting Started...

<<<----  [OUT]
2021/10/06 10:40:38:363

I can't connect with the passive [192.168.100.113/5000] error_code:10060 !

<<<----  [OUT]
2021/10/06 10:40:40:846

Connecting Started...

<<<----  [OUT]
2021/10/06 10:41:01:897

I can't connect with the passive [192.168.100.113/5000] error_code:10060 !

<<<----  [OUT]
2021/10/06 10:41:04:377

Connecting Started...

<<<----  [OUT]
2021/10/06 10:41:25:413

I can't connect with the passive [192.168.100.113/5000] error_code:10060 !

<<<----  [OUT]
2021/10/06 10:41:27:894

Connecting Started...

<<<----  [OUT]
2021/10/06 10:41:48:925

I can't connect with the passive [192.168.100.113/5000] error_code:10060 !

<<<----  [OUT]
2021/10/06 10:41:51:409

Connecting Started...

<<<----  [OUT]
2021/10/06 10:42:12:430

I can't connect with the passive [192.168.100.113/5000] error_code:10060 !

<<<----  [OUT]
2021/10/06 10:42:14:910

Connecting Started...

<<<----  [OUT]
2021/10/06 10:42:35:958

I can't connect with the passive [192.168.100.113/5000] error_code:10060 !

<<<----  [OUT]
2021/10/06 10:42:38:440

Connecting Started...

<<<----  [OUT]
2021/10/06 10:42:59:455

I can't connect with the passive [192.168.100.113/5000] error_code:10060 !

<<<----  [OUT]
2021/10/06 10:43:01:940

Connecting Started...

<<<----  [OUT]
2021/10/06 10:43:23:004

I can't connect with the passive [192.168.100.113/5000] error_code:10060 !

<<<----  [OUT]
2021/10/06 10:43:25:486

Connecting Started...

<<<----  [OUT]
2021/10/06 10:43:46:527

I can't connect with the passive [192.168.100.113/5000] error_code:10060 !

<<<----  [OUT]
2021/10/06 10:43:49:018

Connecting Started...

<<<----  [OUT]
2021/10/06 10:44:10:068

I can't connect with the passive [192.168.100.113/5000] error_code:10060 !

<<<----  [OUT]
2021/10/06 10:44:12:550

Connecting Started...

<<<----  [OUT]
2021/10/06 10:44:33:602

I can't connect with the passive [192.168.100.113/5000] error_code:10060 !

<<<----  [OUT]
2021/10/06 10:44:36:080

Connecting Started...

<<<----  [OUT]
2021/10/06 10:44:57:124

I can't connect with the passive [192.168.100.113/5000] error_code:10060 !

<<<----  [OUT]
2021/10/06 10:44:59:611

Connecting Started...

<<<----  [OUT]
2021/10/06 10:45:20:675

I can't connect with the passive [192.168.100.113/5000] error_code:10060 !

<<<----  [OUT]
2021/10/06 10:45:23:158

Connecting Started...

<<<----  [OUT]
2021/10/06 10:45:44:209

I can't connect with the passive [192.168.100.113/5000] error_code:10060 !

<<<----  [OUT]
2021/10/06 10:45:46:690

Connecting Started...

<<<----  [OUT]
2021/10/06 10:46:07:742

I can't connect with the passive [192.168.100.113/5000] error_code:10060 !

<<<----  [OUT]
2021/10/06 10:46:10:221

Connecting Started...

<<<----  [OUT]
2021/10/06 10:46:31:265

I can't connect with the passive [192.168.100.113/5000] error_code:10060 !

<<<----  [OUT]
2021/10/06 10:46:33:753

Connecting Started...

<<<----  [OUT]
2021/10/06 10:46:54:775

I can't connect with the passive [192.168.100.113/5000] error_code:10060 !

<<<----  [OUT]
2021/10/06 10:46:57:252

Connecting Started...

<<<----  [OUT]
2021/10/06 10:47:18:286

I can't connect with the passive [192.168.100.113/5000] error_code:10060 !

<<<----  [OUT]
2021/10/06 10:47:20:769

Connecting Started...

<<<----  [OUT]
2021/10/06 10:47:41:805

I can't connect with the passive [192.168.100.113/5000] error_code:10060 !

<<<----  [OUT]
2021/10/06 10:47:44:283

Connecting Started...

<<<----  [OUT]
2021/10/06 10:48:05:330

I can't connect with the passive [192.168.100.113/5000] error_code:10060 !

<<<----  [OUT]
2021/10/06 10:48:07:815

Connecting Started...

<<<----  [OUT]
2021/10/06 10:48:28:869

I can't connect with the passive [192.168.100.113/5000] error_code:10060 !

<<<----  [OUT]
2021/10/06 10:48:31:347

Connecting Started...

<<<----  [OUT]
2021/10/06 10:48:52:374

I can't connect with the passive [192.168.100.113/5000] error_code:10060 !

<<<----  [OUT]
2021/10/06 10:48:54:862

Connecting Started...

<<<----  [OUT]
2021/10/06 10:49:15:894

I can't connect with the passive [192.168.100.113/5000] error_code:10060 !

<<<----  [OUT]
2021/10/06 10:49:18:378

Connecting Started...

<<<----  [OUT]
2021/10/06 10:49:39:420

I can't connect with the passive [192.168.100.113/5000] error_code:10060 !

<<<----  [OUT]
2021/10/06 10:49:41:909

Connecting Started...

<<<----  [OUT]
2021/10/06 10:50:02:957

I can't connect with the passive [192.168.100.113/5000] error_code:10060 !

<<<----  [OUT]
2021/10/06 10:50:05:440

Connecting Started...

<<<----  [OUT]
2021/10/06 10:50:26:478

I can't connect with the passive [192.168.100.113/5000] error_code:10060 !

<<<----  [OUT]
2021/10/06 10:50:28:956

Connecting Started...

<<<----  [OUT]
2021/10/06 10:50:49:993

I can't connect with the passive [192.168.100.113/5000] error_code:10060 !

<<<----  [OUT]
2021/10/06 10:50:52:472

Connecting Started...

<<<----  [OUT]
2021/10/06 10:51:13:509

I can't connect with the passive [192.168.100.113/5000] error_code:10060 !

<<<----  [OUT]
2021/10/06 10:51:15:988

Connecting Started...

<<<----  [OUT]
2021/10/06 10:51:37:020

I can't connect with the passive [192.168.100.113/5000] error_code:10060 !

<<<----  [OUT]
2021/10/06 10:51:39:503

Connecting Started...

<<<----  [OUT]
2021/10/06 10:52:00:541

I can't connect with the passive [192.168.100.113/5000] error_code:10060 !

<<<----  [OUT]
2021/10/06 10:52:03:018

Connecting Started...

<<<----  [OUT]
2021/10/06 10:52:24:057

I can't connect with the passive [192.168.100.113/5000] error_code:10060 !

<<<----  [OUT]
2021/10/06 10:52:26:533

Connecting Started...

<<<----  [OUT]
2021/10/06 10:52:47:569

I can't connect with the passive [192.168.100.113/5000] error_code:10060 !

<<<----  [OUT]
2021/10/06 10:52:50:050

Connecting Started...

<<<----  [OUT]
2021/10/06 10:53:11:087

I can't connect with the passive [192.168.100.113/5000] error_code:10060 !

<<<----  [OUT]
2021/10/06 10:53:13:565

Connecting Started...

<<<----  [OUT]
2021/10/06 10:53:34:609

I can't connect with the passive [192.168.100.113/5000] error_code:10060 !

<<<----  [OUT]
2021/10/06 10:53:37:097

Connecting Started...

<<<----  [OUT]
2021/10/06 10:53:58:147

I can't connect with the passive [192.168.100.113/5000] error_code:10060 !

<<<----  [OUT]
2021/10/06 10:54:00:628

Connecting Started...

<<<----  [OUT]
2021/10/06 10:54:21:663

I can't connect with the passive [192.168.100.113/5000] error_code:10060 !

<<<----  [OUT]
2021/10/06 10:54:24:144

Connecting Started...

<<<----  [OUT]
2021/10/06 10:54:45:178

I can't connect with the passive [192.168.100.113/5000] error_code:10060 !

<<<----  [OUT]
2021/10/06 10:54:47:659

Connecting Started...

<<<----  [OUT]
2021/10/06 10:55:08:710

I can't connect with the passive [192.168.100.113/5000] error_code:10060 !

<<<----  [OUT]
2021/10/06 10:55:11:190

Connecting Started...

<<<----  [OUT]
2021/10/06 10:55:32:218

I can't connect with the passive [192.168.100.113/5000] error_code:10060 !

<<<----  [OUT]
2021/10/06 10:55:34:705

Connecting Started...

<<<----  [OUT]
2021/10/06 10:55:55:745

I can't connect with the passive [192.168.100.113/5000] error_code:10060 !

<<<----  [OUT]
2021/10/06 10:55:58:221

Connecting Started...

<<<----  [OUT]
2021/10/06 10:56:19:253

I can't connect with the passive [192.168.100.113/5000] error_code:10060 !

<<<----  [OUT]
2021/10/06 10:56:21:737

Connecting Started...

<<<----  [OUT]
2021/10/06 10:56:42:771

I can't connect with the passive [192.168.100.113/5000] error_code:10060 !

<<<----  [OUT]
2021/10/06 10:56:45:252

Connecting Started...

<<<----  [OUT]
2021/10/06 10:57:06:299

I can't connect with the passive [192.168.100.113/5000] error_code:10060 !

<<<----  [OUT]
2021/10/06 10:57:08:784

Connecting Started...

<<<----  [OUT]
2021/10/06 10:57:29:834

I can't connect with the passive [192.168.100.113/5000] error_code:10060 !

<<<----  [OUT]
2021/10/06 10:57:32:315

Connecting Started...

<<<----  [OUT]
2021/10/06 10:57:53:365

I can't connect with the passive [192.168.100.113/5000] error_code:10060 !

<<<----  [OUT]
2021/10/06 10:57:55:846

Connecting Started...

<<<----  [OUT]
2021/10/06 10:58:16:887

I can't connect with the passive [192.168.100.113/5000] error_code:10060 !

<<<----  [OUT]
2021/10/06 10:58:19:377

Connecting Started...

<<<----  [OUT]
2021/10/06 10:58:40:420

I can't connect with the passive [192.168.100.113/5000] error_code:10060 !

<<<----  [OUT]
2021/10/06 10:58:42:909

Connecting Started...

<<<----  [OUT]
2021/10/06 10:59:03:960

I can't connect with the passive [192.168.100.113/5000] error_code:10060 !

<<<----  [OUT]
2021/10/06 10:59:06:441

Connecting Started...

<<<----  [OUT]
2021/10/06 10:59:27:479

I can't connect with the passive [192.168.100.113/5000] error_code:10060 !

<<<----  [OUT]
2021/10/06 10:59:29:956

Connecting Started...

<<<----  [OUT]
2021/10/06 10:59:50:997

I can't connect with the passive [192.168.100.113/5000] error_code:10060 !

<<<----  [OUT]
2021/10/06 10:59:53:487

Connecting Started...
