
<<<----  [OUT]
2021/10/06 23:33:49:829

---------------------------------------------------------------------
// FA : Start Log ...


<<<----  [OUT]
2021/10/06 23:33:49:837

//-------------------------------------------------------------
Property Information

   Driver Type [HSMS]
   Driver Mode [ACTIVE]
   IP    [192.168.100.113]
   Port  [5000]
//-------------------------------------------------------------


<<<----  [OUT]
2021/10/06 23:33:50:438

Auto-Start Started ... (Active)

<<<----  [OUT]
2021/10/06 23:33:50:529

Auto-Start Started ...  Waiting Stop-Connection.

<<<----  [OUT]
2021/10/06 23:33:50:529

Auto-Start Started ...  Waiting Open-Socket.

<<<----  [OUT]
2021/10/06 23:33:50:555

Socket Open Started...

<<<----  [OUT]
2021/10/06 23:33:50:555

Socket Open Completed...

<<<----  [OUT]
2021/10/06 23:33:50:555

Connecting Started...

<<<----  [OUT]
2021/10/06 23:33:50:620

Auto-Start Completed ...  (Active)

<<<----  [OUT]
2021/10/06 23:34:11:577

I can't connect with the passive [192.168.100.113/5000] error_code:10060 !

<<<----  [OUT]
2021/10/06 23:34:14:064

Connecting Started...

<<<----  [OUT]
2021/10/06 23:34:35:116

I can't connect with the passive [192.168.100.113/5000] error_code:10060 !

<<<----  [OUT]
2021/10/06 23:34:37:597

Connecting Started...

<<<----  [OUT]
2021/10/06 23:34:58:641

I can't connect with the passive [192.168.100.113/5000] error_code:10060 !

<<<----  [OUT]
2021/10/06 23:35:01:128

Connecting Started...

<<<----  [OUT]
2021/10/06 23:35:22:157

I can't connect with the passive [192.168.100.113/5000] error_code:10060 !

<<<----  [OUT]
2021/10/06 23:35:24:643

Connecting Started...

<<<----  [OUT]
2021/10/06 23:35:45:680

I can't connect with the passive [192.168.100.113/5000] error_code:10060 !

<<<----  [OUT]
2021/10/06 23:35:48:159

Connecting Started...

<<<----  [OUT]
2021/10/06 23:36:09:205

I can't connect with the passive [192.168.100.113/5000] error_code:10060 !

<<<----  [OUT]
2021/10/06 23:36:11:691

Connecting Started...

<<<----  [OUT]
2021/10/06 23:36:32:718

I can't connect with the passive [192.168.100.113/5000] error_code:10060 !

<<<----  [OUT]
2021/10/06 23:36:35:206

Connecting Started...

<<<----  [OUT]
2021/10/06 23:36:56:248

I can't connect with the passive [192.168.100.113/5000] error_code:10060 !

<<<----  [OUT]
2021/10/06 23:36:58:738

Connecting Started...

<<<----  [OUT]
2021/10/06 23:37:19:776

I can't connect with the passive [192.168.100.113/5000] error_code:10060 !

<<<----  [OUT]
2021/10/06 23:37:22:253

Connecting Started...

<<<----  [OUT]
2021/10/06 23:37:43:294

I can't connect with the passive [192.168.100.113/5000] error_code:10060 !

<<<----  [OUT]
2021/10/06 23:37:45:783

Connecting Started...

<<<----  [OUT]
2021/10/06 23:38:06:830

I can't connect with the passive [192.168.100.113/5000] error_code:10060 !

<<<----  [OUT]
2021/10/06 23:38:09:315

Connecting Started...

<<<----  [OUT]
2021/10/06 23:38:30:363

I can't connect with the passive [192.168.100.113/5000] error_code:10060 !

<<<----  [OUT]
2021/10/06 23:38:32:847

Connecting Started...

<<<----  [OUT]
2021/10/06 23:38:53:868

I can't connect with the passive [192.168.100.113/5000] error_code:10060 !

<<<----  [OUT]
2021/10/06 23:38:56:347

Connecting Started...

<<<----  [OUT]
2021/10/06 23:39:17:389

I can't connect with the passive [192.168.100.113/5000] error_code:10060 !

<<<----  [OUT]
2021/10/06 23:39:19:877

Connecting Started...

<<<----  [OUT]
2021/10/06 23:39:40:916

I can't connect with the passive [192.168.100.113/5000] error_code:10060 !

<<<----  [OUT]
2021/10/06 23:39:43:394

Connecting Started...

<<<----  [OUT]
2021/10/06 23:40:04:440

I can't connect with the passive [192.168.100.113/5000] error_code:10060 !

<<<----  [OUT]
2021/10/06 23:40:06:926

Connecting Started...

<<<----  [OUT]
2021/10/06 23:40:27:961

I can't connect with the passive [192.168.100.113/5000] error_code:10060 !

<<<----  [OUT]
2021/10/06 23:40:30:441

Connecting Started...

<<<----  [OUT]
2021/10/06 23:40:51:503

I can't connect with the passive [192.168.100.113/5000] error_code:10060 !

<<<----  [OUT]
2021/10/06 23:40:53:987

Connecting Started...

<<<----  [OUT]
2021/10/06 23:41:15:020

I can't connect with the passive [192.168.100.113/5000] error_code:10060 !

<<<----  [OUT]
2021/10/06 23:41:17:502

Connecting Started...

<<<----  [OUT]
2021/10/06 23:41:38:526

I can't connect with the passive [192.168.100.113/5000] error_code:10060 !

<<<----  [OUT]
2021/10/06 23:41:41:002

Connecting Started...

<<<----  [OUT]
2021/10/06 23:42:02:048

I can't connect with the passive [192.168.100.113/5000] error_code:10060 !

<<<----  [OUT]
2021/10/06 23:42:04:533

Connecting Started...

<<<----  [OUT]
2021/10/06 23:42:25:568

I can't connect with the passive [192.168.100.113/5000] error_code:10060 !

<<<----  [OUT]
2021/10/06 23:42:28:049

Connecting Started...

<<<----  [OUT]
2021/10/06 23:42:49:094

I can't connect with the passive [192.168.100.113/5000] error_code:10060 !

<<<----  [OUT]
2021/10/06 23:42:51:581

Connecting Started...

<<<----  [OUT]
2021/10/06 23:43:12:625

I can't connect with the passive [192.168.100.113/5000] error_code:10060 !

<<<----  [OUT]
2021/10/06 23:43:15:112

Connecting Started...

<<<----  [OUT]
2021/10/06 23:43:36:134

I can't connect with the passive [192.168.100.113/5000] error_code:10060 !

<<<----  [OUT]
2021/10/06 23:43:38:611

Connecting Started...

<<<----  [OUT]
2021/10/06 23:43:59:653

I can't connect with the passive [192.168.100.113/5000] error_code:10060 !

<<<----  [OUT]
2021/10/06 23:44:02:142

Connecting Started...

<<<----  [OUT]
2021/10/06 23:44:23:187

I can't connect with the passive [192.168.100.113/5000] error_code:10060 !

<<<----  [OUT]
2021/10/06 23:44:25:674

Connecting Started...

<<<----  [OUT]
2021/10/06 23:44:46:709

I can't connect with the passive [192.168.100.113/5000] error_code:10060 !

<<<----  [OUT]
2021/10/06 23:44:49:190

Connecting Started...

<<<----  [OUT]
2021/10/06 23:45:10:224

I can't connect with the passive [192.168.100.113/5000] error_code:10060 !

<<<----  [OUT]
2021/10/06 23:45:12:706

Connecting Started...

<<<----  [OUT]
2021/10/06 23:45:33:734

I can't connect with the passive [192.168.100.113/5000] error_code:10060 !

<<<----  [OUT]
2021/10/06 23:45:36:222

Connecting Started...

<<<----  [OUT]
2021/10/06 23:45:57:249

I can't connect with the passive [192.168.100.113/5000] error_code:10060 !

<<<----  [OUT]
2021/10/06 23:45:59:738

Connecting Started...

<<<----  [OUT]
2021/10/06 23:46:20:791

I can't connect with the passive [192.168.100.113/5000] error_code:10060 !

<<<----  [OUT]
2021/10/06 23:46:23:268

Connecting Started...

<<<----  [OUT]
2021/10/06 23:46:44:308

I can't connect with the passive [192.168.100.113/5000] error_code:10060 !

<<<----  [OUT]
2021/10/06 23:46:46:784

Connecting Started...

<<<----  [OUT]
2021/10/06 23:47:07:819

I can't connect with the passive [192.168.100.113/5000] error_code:10060 !

<<<----  [OUT]
2021/10/06 23:47:10:300

Connecting Started...

<<<----  [OUT]
2021/10/06 23:47:31:334

I can't connect with the passive [192.168.100.113/5000] error_code:10060 !

<<<----  [OUT]
2021/10/06 23:47:33:815

Connecting Started...

<<<----  [OUT]
2021/10/06 23:47:54:869

I can't connect with the passive [192.168.100.113/5000] error_code:10060 !

<<<----  [OUT]
2021/10/06 23:47:57:346

Connecting Started...

<<<----  [OUT]
2021/10/06 23:48:18:390

I can't connect with the passive [192.168.100.113/5000] error_code:10060 !

<<<----  [OUT]
2021/10/06 23:48:20:877

Connecting Started...

<<<----  [OUT]
2021/10/06 23:48:41:905

I can't connect with the passive [192.168.100.113/5000] error_code:10060 !

<<<----  [OUT]
2021/10/06 23:48:44:394

Connecting Started...

<<<----  [OUT]
2021/10/06 23:49:05:441

I can't connect with the passive [192.168.100.113/5000] error_code:10060 !

<<<----  [OUT]
2021/10/06 23:49:07:925

Connecting Started...

<<<----  [OUT]
2021/10/06 23:49:28:949

I can't connect with the passive [192.168.100.113/5000] error_code:10060 !

<<<----  [OUT]
2021/10/06 23:49:31:440

Connecting Started...

<<<----  [OUT]
2021/10/06 23:49:52:479

I can't connect with the passive [192.168.100.113/5000] error_code:10060 !

<<<----  [OUT]
2021/10/06 23:49:54:955

Connecting Started...

<<<----  [OUT]
2021/10/06 23:51:35:975

---------------------------------------------------------------------
// FA : Start Log ...


<<<----  [OUT]
2021/10/06 23:51:35:990

//-------------------------------------------------------------
Property Information

   Driver Type [HSMS]
   Driver Mode [ACTIVE]
   IP    [192.168.100.113]
   Port  [5000]
//-------------------------------------------------------------


<<<----  [OUT]
2021/10/06 23:51:36:592

Auto-Start Started ... (Active)

<<<----  [OUT]
2021/10/06 23:51:36:682

Auto-Start Started ...  Waiting Stop-Connection.

<<<----  [OUT]
2021/10/06 23:51:36:682

Auto-Start Started ...  Waiting Open-Socket.

<<<----  [OUT]
2021/10/06 23:51:36:701

Socket Open Started...

<<<----  [OUT]
2021/10/06 23:51:36:701

Socket Open Completed...

<<<----  [OUT]
2021/10/06 23:51:36:701

Connecting Started...

<<<----  [OUT]
2021/10/06 23:51:36:773

Auto-Start Completed ...  (Active)

<<<----  [OUT]
2021/10/06 23:51:57:753

I can't connect with the passive [192.168.100.113/5000] error_code:10060 !

<<<----  [OUT]
2021/10/06 23:52:00:236

Connecting Started...

<<<----  [OUT]
2021/10/06 23:52:21:287

I can't connect with the passive [192.168.100.113/5000] error_code:10060 !

<<<----  [OUT]
2021/10/06 23:52:23:769

Connecting Started...

<<<----  [OUT]
2021/10/06 23:52:44:812

I can't connect with the passive [192.168.100.113/5000] error_code:10060 !

<<<----  [OUT]
2021/10/06 23:52:47:299

Connecting Started...

<<<----  [OUT]
2021/10/06 23:53:08:346

I can't connect with the passive [192.168.100.113/5000] error_code:10060 !

<<<----  [OUT]
2021/10/06 23:53:10:830

Connecting Started...

<<<----  [OUT]
2021/10/06 23:53:31:875

I can't connect with the passive [192.168.100.113/5000] error_code:10060 !

<<<----  [OUT]
2021/10/06 23:53:34:362

Connecting Started...

<<<----  [OUT]
2021/10/06 23:53:55:407

I can't connect with the passive [192.168.100.113/5000] error_code:10060 !

<<<----  [OUT]
2021/10/06 23:53:57:893

Connecting Started...

<<<----  [OUT]
2021/10/06 23:54:18:940

I can't connect with the passive [192.168.100.113/5000] error_code:10060 !

<<<----  [OUT]
2021/10/06 23:54:21:425

Connecting Started...

<<<----  [OUT]
2021/10/06 23:54:42:453

I can't connect with the passive [192.168.100.113/5000] error_code:10060 !

<<<----  [OUT]
2021/10/06 23:54:44:940

Connecting Started...

<<<----  [OUT]
2021/10/06 23:55:05:972

I can't connect with the passive [192.168.100.113/5000] error_code:10060 !

<<<----  [OUT]
2021/10/06 23:55:08:456

Connecting Started...

<<<----  [OUT]
2021/10/06 23:55:29:503

I can't connect with the passive [192.168.100.113/5000] error_code:10060 !

<<<----  [OUT]
2021/10/06 23:55:31:987

Connecting Started...

<<<----  [OUT]
2021/10/06 23:55:53:009

I can't connect with the passive [192.168.100.113/5000] error_code:10060 !

<<<----  [OUT]
2021/10/06 23:55:55:488

Connecting Started...

<<<----  [OUT]
2021/10/06 23:56:16:503

I can't connect with the passive [192.168.100.113/5000] error_code:10060 !

<<<----  [OUT]
2021/10/06 23:56:18:988

Connecting Started...

<<<----  [OUT]
2021/10/06 23:56:40:027

I can't connect with the passive [192.168.100.113/5000] error_code:10060 !

<<<----  [OUT]
2021/10/06 23:56:42:503

Connecting Started...

<<<----  [OUT]
2021/10/06 23:57:03:552

I can't connect with the passive [192.168.100.113/5000] error_code:10060 !

<<<----  [OUT]
2021/10/06 23:57:06:034

Connecting Started...

<<<----  [OUT]
2021/10/06 23:57:27:098

I can't connect with the passive [192.168.100.113/5000] error_code:10060 !

<<<----  [OUT]
2021/10/06 23:57:29:581

Connecting Started...

<<<----  [OUT]
2021/10/06 23:57:50:628

I can't connect with the passive [192.168.100.113/5000] error_code:10060 !

<<<----  [OUT]
2021/10/06 23:57:53:111

Connecting Started...

<<<----  [OUT]
2021/10/06 23:58:14:163

I can't connect with the passive [192.168.100.113/5000] error_code:10060 !

<<<----  [OUT]
2021/10/06 23:58:16:644

Connecting Started...

<<<----  [OUT]
2021/10/06 23:58:37:673

I can't connect with the passive [192.168.100.113/5000] error_code:10060 !

<<<----  [OUT]
2021/10/06 23:58:40:159

Connecting Started...

<<<----  [OUT]
2021/10/06 23:59:01:197

I can't connect with the passive [192.168.100.113/5000] error_code:10060 !

<<<----  [OUT]
2021/10/06 23:59:03:675

Connecting Started...

<<<----  [OUT]
2021/10/06 23:59:24:710

I can't connect with the passive [192.168.100.113/5000] error_code:10060 !

<<<----  [OUT]
2021/10/06 23:59:27:191

Connecting Started...

<<<----  [OUT]
2021/10/06 23:59:48:238

I can't connect with the passive [192.168.100.113/5000] error_code:10060 !

<<<----  [OUT]
2021/10/06 23:59:50:721

Connecting Started...
