
<<<----  [OUT]
2021/10/06 16:17:59:998

---------------------------------------------------------------------
// FA : Start Log ...


<<<----  [OUT]
2021/10/06 16:18:00:008

//-------------------------------------------------------------
Property Information

   Driver Type [HSMS]
   Driver Mode [ACTIVE]
   IP    [192.168.100.113]
   Port  [5000]
//-------------------------------------------------------------


<<<----  [OUT]
2021/10/06 16:18:00:609

Auto-Start Started ... (Active)

<<<----  [OUT]
2021/10/06 16:18:00:700

Auto-Start Started ...  Waiting Stop-Connection.

<<<----  [OUT]
2021/10/06 16:18:00:700

Auto-Start Started ...  Waiting Open-Socket.

<<<----  [OUT]
2021/10/06 16:18:00:724

Socket Open Started...

<<<----  [OUT]
2021/10/06 16:18:00:724

Socket Open Completed...

<<<----  [OUT]
2021/10/06 16:18:00:724

Connecting Started...

<<<----  [OUT]
2021/10/06 16:18:00:791

Auto-Start Completed ...  (Active)

<<<----  [OUT]
2021/10/06 16:18:21:758

I can't connect with the passive [192.168.100.113/5000] error_code:10060 !

<<<----  [OUT]
2021/10/06 16:18:24:236

Connecting Started...

<<<----  [OUT]
2021/10/06 16:18:45:282

I can't connect with the passive [192.168.100.113/5000] error_code:10060 !

<<<----  [OUT]
2021/10/06 16:18:47:768

Connecting Started...

<<<----  [OUT]
2021/10/06 16:19:08:798

I can't connect with the passive [192.168.100.113/5000] error_code:10060 !

<<<----  [OUT]
2021/10/06 16:19:11:283

Connecting Started...

<<<----  [OUT]
2021/10/06 16:19:32:313

I can't connect with the passive [192.168.100.113/5000] error_code:10060 !

<<<----  [OUT]
2021/10/06 16:19:34:800

Connecting Started...

<<<----  [OUT]
2021/10/06 16:19:55:847

I can't connect with the passive [192.168.100.113/5000] error_code:10060 !

<<<----  [OUT]
2021/10/06 16:19:58:331

Connecting Started...

<<<----  [OUT]
2021/10/06 16:20:19:366

I can't connect with the passive [192.168.100.113/5000] error_code:10060 !

<<<----  [OUT]
2021/10/06 16:20:21:847

Connecting Started...

<<<----  [OUT]
2021/10/06 16:20:42:894

I can't connect with the passive [192.168.100.113/5000] error_code:10060 !

<<<----  [OUT]
2021/10/06 16:20:45:379

Connecting Started...

<<<----  [OUT]
2021/10/06 16:21:06:413

I can't connect with the passive [192.168.100.113/5000] error_code:10060 !

<<<----  [OUT]
2021/10/06 16:21:08:893

Connecting Started...

<<<----  [OUT]
2021/10/06 16:21:29:941

I can't connect with the passive [192.168.100.113/5000] error_code:10060 !

<<<----  [OUT]
2021/10/06 16:21:32:424

Connecting Started...

<<<----  [OUT]
2021/10/06 16:21:53:467

I can't connect with the passive [192.168.100.113/5000] error_code:10060 !

<<<----  [OUT]
2021/10/06 16:21:55:955

Connecting Started...

<<<----  [OUT]
2021/10/06 16:22:16:987

I can't connect with the passive [192.168.100.113/5000] error_code:10060 !

<<<----  [OUT]
2021/10/06 16:22:19:472

Connecting Started...

<<<----  [OUT]
2021/10/06 16:22:40:523

I can't connect with the passive [192.168.100.113/5000] error_code:10060 !

<<<----  [OUT]
2021/10/06 16:22:43:003

Connecting Started...

<<<----  [OUT]
2021/10/06 16:23:04:047

I can't connect with the passive [192.168.100.113/5000] error_code:10060 !

<<<----  [OUT]
2021/10/06 16:23:06:533

Connecting Started...

<<<----  [OUT]
2021/10/06 16:23:27:564

I can't connect with the passive [192.168.100.113/5000] error_code:10060 !

<<<----  [OUT]
2021/10/06 16:23:30:049

Connecting Started...

<<<----  [OUT]
2021/10/06 16:23:51:083

I can't connect with the passive [192.168.100.113/5000] error_code:10060 !

<<<----  [OUT]
2021/10/06 16:23:53:566

Connecting Started...

<<<----  [OUT]
2021/10/06 16:24:14:603

I can't connect with the passive [192.168.100.113/5000] error_code:10060 !

<<<----  [OUT]
2021/10/06 16:24:17:081

Connecting Started...

<<<----  [OUT]
2021/10/06 16:24:38:117

I can't connect with the passive [192.168.100.113/5000] error_code:10060 !

<<<----  [OUT]
2021/10/06 16:24:40:597

Connecting Started...

<<<----  [OUT]
2021/10/06 16:25:01:642

I can't connect with the passive [192.168.100.113/5000] error_code:10060 !

<<<----  [OUT]
2021/10/06 16:25:04:127

Connecting Started...

<<<----  [OUT]
2021/10/06 16:25:25:165

I can't connect with the passive [192.168.100.113/5000] error_code:10060 !

<<<----  [OUT]
2021/10/06 16:25:27:642

Connecting Started...

<<<----  [OUT]
2021/10/06 16:25:48:674

I can't connect with the passive [192.168.100.113/5000] error_code:10060 !

<<<----  [OUT]
2021/10/06 16:25:51:159

Connecting Started...

<<<----  [OUT]
2021/10/06 16:26:12:196

I can't connect with the passive [192.168.100.113/5000] error_code:10060 !

<<<----  [OUT]
2021/10/06 16:26:14:674

Connecting Started...

<<<----  [OUT]
2021/10/06 16:26:35:722

I can't connect with the passive [192.168.100.113/5000] error_code:10060 !

<<<----  [OUT]
2021/10/06 16:26:38:205

Connecting Started...

<<<----  [OUT]
2021/10/06 16:26:59:236

I can't connect with the passive [192.168.100.113/5000] error_code:10060 !

<<<----  [OUT]
2021/10/06 16:27:01:721

Connecting Started...

<<<----  [OUT]
2021/10/06 16:27:22:768

I can't connect with the passive [192.168.100.113/5000] error_code:10060 !

<<<----  [OUT]
2021/10/06 16:27:25:253

Connecting Started...

<<<----  [OUT]
2021/10/06 16:27:46:307

I can't connect with the passive [192.168.100.113/5000] error_code:10060 !

<<<----  [OUT]
2021/10/06 16:27:48:783

Connecting Started...

<<<----  [OUT]
2021/10/06 16:28:09:814

I can't connect with the passive [192.168.100.113/5000] error_code:10060 !

<<<----  [OUT]
2021/10/06 16:28:12:300

Connecting Started...

<<<----  [OUT]
2021/10/06 16:28:33:335

I can't connect with the passive [192.168.100.113/5000] error_code:10060 !

<<<----  [OUT]
2021/10/06 16:28:35:814

Connecting Started...

<<<----  [OUT]
2021/10/06 16:28:56:871

I can't connect with the passive [192.168.100.113/5000] error_code:10060 !

<<<----  [OUT]
2021/10/06 16:28:59:362

Connecting Started...

<<<----  [OUT]
2021/10/06 16:29:20:385

I can't connect with the passive [192.168.100.113/5000] error_code:10060 !

<<<----  [OUT]
2021/10/06 16:29:22:862

Connecting Started...

<<<----  [OUT]
2021/10/06 16:29:43:908

I can't connect with the passive [192.168.100.113/5000] error_code:10060 !

<<<----  [OUT]
2021/10/06 16:29:46:394

Connecting Started...

<<<----  [OUT]
2021/10/06 16:30:07:444

I can't connect with the passive [192.168.100.113/5000] error_code:10060 !

<<<----  [OUT]
2021/10/06 16:30:09:924

Connecting Started...

<<<----  [OUT]
2021/10/06 16:30:30:978

I can't connect with the passive [192.168.100.113/5000] error_code:10060 !

<<<----  [OUT]
2021/10/06 16:30:33:457

Connecting Started...

<<<----  [OUT]
2021/10/06 16:30:54:490

I can't connect with the passive [192.168.100.113/5000] error_code:10060 !

<<<----  [OUT]
2021/10/06 16:30:56:971

Connecting Started...

<<<----  [OUT]
2021/10/06 16:31:17:994

I can't connect with the passive [192.168.100.113/5000] error_code:10060 !

<<<----  [OUT]
2021/10/06 16:31:20:472

Connecting Started...

<<<----  [OUT]
2021/10/06 16:31:41:517

I can't connect with the passive [192.168.100.113/5000] error_code:10060 !

<<<----  [OUT]
2021/10/06 16:31:44:002

Connecting Started...

<<<----  [OUT]
2021/10/06 16:32:05:039

I can't connect with the passive [192.168.100.113/5000] error_code:10060 !

<<<----  [OUT]
2021/10/06 16:32:07:517

Connecting Started...

<<<----  [OUT]
2021/10/06 16:32:28:547

I can't connect with the passive [192.168.100.113/5000] error_code:10060 !

<<<----  [OUT]
2021/10/06 16:32:31:034

Connecting Started...

<<<----  [OUT]
2021/10/06 16:32:52:063

I can't connect with the passive [192.168.100.113/5000] error_code:10060 !

<<<----  [OUT]
2021/10/06 16:32:54:549

Connecting Started...

<<<----  [OUT]
2021/10/06 16:33:15:590

I can't connect with the passive [192.168.100.113/5000] error_code:10060 !

<<<----  [OUT]
2021/10/06 16:33:18:081

Connecting Started...

<<<----  [OUT]
2021/10/06 16:33:39:132

I can't connect with the passive [192.168.100.113/5000] error_code:10060 !

<<<----  [OUT]
2021/10/06 16:33:41:613

Connecting Started...

<<<----  [OUT]
2021/10/06 16:34:02:651

I can't connect with the passive [192.168.100.113/5000] error_code:10060 !

<<<----  [OUT]
2021/10/06 16:34:05:127

Connecting Started...

<<<----  [OUT]
2021/10/06 16:34:26:168

I can't connect with the passive [192.168.100.113/5000] error_code:10060 !

<<<----  [OUT]
2021/10/06 16:34:28:659

Connecting Started...

<<<----  [OUT]
2021/10/06 16:34:49:699

I can't connect with the passive [192.168.100.113/5000] error_code:10060 !

<<<----  [OUT]
2021/10/06 16:34:52:191

Connecting Started...

<<<----  [OUT]
2021/10/06 16:35:13:225

I can't connect with the passive [192.168.100.113/5000] error_code:10060 !

<<<----  [OUT]
2021/10/06 16:35:15:705

Connecting Started...

<<<----  [OUT]
2021/10/06 16:35:36:750

I can't connect with the passive [192.168.100.113/5000] error_code:10060 !

<<<----  [OUT]
2021/10/06 16:35:39:236

Connecting Started...

<<<----  [OUT]
2021/10/06 16:36:00:287

I can't connect with the passive [192.168.100.113/5000] error_code:10060 !

<<<----  [OUT]
2021/10/06 16:36:02:768

Connecting Started...

<<<----  [OUT]
2021/10/06 16:36:23:812

I can't connect with the passive [192.168.100.113/5000] error_code:10060 !

<<<----  [OUT]
2021/10/06 16:36:26:299

Connecting Started...

<<<----  [OUT]
2021/10/06 16:36:47:326

I can't connect with the passive [192.168.100.113/5000] error_code:10060 !

<<<----  [OUT]
2021/10/06 16:36:49:814

Connecting Started...

<<<----  [OUT]
2021/10/06 16:37:10:862

I can't connect with the passive [192.168.100.113/5000] error_code:10060 !

<<<----  [OUT]
2021/10/06 16:37:13:347

Connecting Started...

<<<----  [OUT]
2021/10/06 16:37:34:382

I can't connect with the passive [192.168.100.113/5000] error_code:10060 !

<<<----  [OUT]
2021/10/06 16:37:36:862

Connecting Started...

<<<----  [OUT]
2021/10/06 16:37:57:899

I can't connect with the passive [192.168.100.113/5000] error_code:10060 !

<<<----  [OUT]
2021/10/06 16:38:00:379

Connecting Started...

<<<----  [OUT]
2021/10/06 16:38:21:429

I can't connect with the passive [192.168.100.113/5000] error_code:10060 !

<<<----  [OUT]
2021/10/06 16:38:23:909

Connecting Started...

<<<----  [OUT]
2021/10/06 16:38:44:960

I can't connect with the passive [192.168.100.113/5000] error_code:10060 !

<<<----  [OUT]
2021/10/06 16:38:47:441

Connecting Started...

<<<----  [OUT]
2021/10/06 16:39:08:494

I can't connect with the passive [192.168.100.113/5000] error_code:10060 !

<<<----  [OUT]
2021/10/06 16:39:10:971

Connecting Started...

<<<----  [OUT]
2021/10/06 16:39:32:020

I can't connect with the passive [192.168.100.113/5000] error_code:10060 !

<<<----  [OUT]
2021/10/06 16:39:34:502

Connecting Started...

<<<----  [OUT]
2021/10/06 16:39:55:526

I can't connect with the passive [192.168.100.113/5000] error_code:10060 !

<<<----  [OUT]
2021/10/06 16:39:58:003

Connecting Started...

<<<----  [OUT]
2021/10/06 16:40:19:041

I can't connect with the passive [192.168.100.113/5000] error_code:10060 !

<<<----  [OUT]
2021/10/06 16:40:21:519

Connecting Started...

<<<----  [OUT]
2021/10/06 16:40:42:546

I can't connect with the passive [192.168.100.113/5000] error_code:10060 !

<<<----  [OUT]
2021/10/06 16:40:45:033

Connecting Started...

<<<----  [OUT]
2021/10/06 16:41:06:087

I can't connect with the passive [192.168.100.113/5000] error_code:10060 !

<<<----  [OUT]
2021/10/06 16:41:08:565

Connecting Started...

<<<----  [OUT]
2021/10/06 16:41:29:610

I can't connect with the passive [192.168.100.113/5000] error_code:10060 !

<<<----  [OUT]
2021/10/06 16:41:32:095

Connecting Started...

<<<----  [OUT]
2021/10/06 16:41:53:122

I can't connect with the passive [192.168.100.113/5000] error_code:10060 !

<<<----  [OUT]
2021/10/06 16:41:55:612

Connecting Started...

<<<----  [OUT]
2021/10/06 16:42:16:660

I can't connect with the passive [192.168.100.113/5000] error_code:10060 !

<<<----  [OUT]
2021/10/06 16:42:19:143

Connecting Started...

<<<----  [OUT]
2021/10/06 16:42:40:167

I can't connect with the passive [192.168.100.113/5000] error_code:10060 !

<<<----  [OUT]
2021/10/06 16:42:42:643

Connecting Started...

<<<----  [OUT]
2021/10/06 16:43:03:676

I can't connect with the passive [192.168.100.113/5000] error_code:10060 !

<<<----  [OUT]
2021/10/06 16:43:06:159

Connecting Started...

<<<----  [OUT]
2021/10/06 16:43:27:208

I can't connect with the passive [192.168.100.113/5000] error_code:10060 !

<<<----  [OUT]
2021/10/06 16:43:29:690

Connecting Started...

<<<----  [OUT]
2021/10/06 16:43:50:753

I can't connect with the passive [192.168.100.113/5000] error_code:10060 !

<<<----  [OUT]
2021/10/06 16:43:53:237

Connecting Started...

<<<----  [OUT]
2021/10/06 16:44:14:292

I can't connect with the passive [192.168.100.113/5000] error_code:10060 !

<<<----  [OUT]
2021/10/06 16:44:16:785

Connecting Started...

<<<----  [OUT]
2021/10/06 16:44:37:803

I can't connect with the passive [192.168.100.113/5000] error_code:10060 !

<<<----  [OUT]
2021/10/06 16:44:40:284

Connecting Started...

<<<----  [OUT]
2021/10/06 16:45:01:301

I can't connect with the passive [192.168.100.113/5000] error_code:10060 !

<<<----  [OUT]
2021/10/06 16:45:03:784

Connecting Started...

<<<----  [OUT]
2021/10/06 16:45:24:825

I can't connect with the passive [192.168.100.113/5000] error_code:10060 !

<<<----  [OUT]
2021/10/06 16:45:27:315

Connecting Started...

<<<----  [OUT]
2021/10/06 16:45:48:382

I can't connect with the passive [192.168.100.113/5000] error_code:10060 !

<<<----  [OUT]
2021/10/06 16:45:50:861

Connecting Started...

<<<----  [OUT]
2021/10/06 16:46:11:904

I can't connect with the passive [192.168.100.113/5000] error_code:10060 !

<<<----  [OUT]
2021/10/06 16:46:14:393

Connecting Started...

<<<----  [OUT]
2021/10/06 16:46:35:425

I can't connect with the passive [192.168.100.113/5000] error_code:10060 !

<<<----  [OUT]
2021/10/06 16:46:37:909

Connecting Started...

<<<----  [OUT]
2021/10/06 16:46:58:935

I can't connect with the passive [192.168.100.113/5000] error_code:10060 !

<<<----  [OUT]
2021/10/06 16:47:01:425

Connecting Started...

<<<----  [OUT]
2021/10/06 16:47:22:468

I can't connect with the passive [192.168.100.113/5000] error_code:10060 !

<<<----  [OUT]
2021/10/06 16:47:24:955

Connecting Started...

<<<----  [OUT]
2021/10/06 16:47:45:994

I can't connect with the passive [192.168.100.113/5000] error_code:10060 !

<<<----  [OUT]
2021/10/06 16:47:48:472

Connecting Started...

<<<----  [OUT]
2021/10/06 16:48:09:529

I can't connect with the passive [192.168.100.113/5000] error_code:10060 !

<<<----  [OUT]
2021/10/06 16:48:12:017

Connecting Started...

<<<----  [OUT]
2021/10/06 16:48:33:065

I can't connect with the passive [192.168.100.113/5000] error_code:10060 !

<<<----  [OUT]
2021/10/06 16:48:35:549

Connecting Started...

<<<----  [OUT]
2021/10/06 16:48:56:591

I can't connect with the passive [192.168.100.113/5000] error_code:10060 !

<<<----  [OUT]
2021/10/06 16:48:59:081

Connecting Started...

<<<----  [OUT]
2021/10/06 16:49:20:130

I can't connect with the passive [192.168.100.113/5000] error_code:10060 !

<<<----  [OUT]
2021/10/06 16:49:22:612

Connecting Started...

<<<----  [OUT]
2021/10/06 16:49:43:649

I can't connect with the passive [192.168.100.113/5000] error_code:10060 !

<<<----  [OUT]
2021/10/06 16:49:46:129

Connecting Started...

<<<----  [OUT]
2021/10/06 16:50:07:184

I can't connect with the passive [192.168.100.113/5000] error_code:10060 !

<<<----  [OUT]
2021/10/06 16:50:09:675

Connecting Started...

<<<----  [OUT]
2021/10/06 16:50:30:716

I can't connect with the passive [192.168.100.113/5000] error_code:10060 !

<<<----  [OUT]
2021/10/06 16:50:33:206

Connecting Started...

<<<----  [OUT]
2021/10/06 16:50:54:236

I can't connect with the passive [192.168.100.113/5000] error_code:10060 !

<<<----  [OUT]
2021/10/06 16:50:56:721

Connecting Started...

<<<----  [OUT]
2021/10/06 16:51:17:762

I can't connect with the passive [192.168.100.113/5000] error_code:10060 !

<<<----  [OUT]
2021/10/06 16:51:20:252

Connecting Started...

<<<----  [OUT]
2021/10/06 16:51:41:289

I can't connect with the passive [192.168.100.113/5000] error_code:10060 !

<<<----  [OUT]
2021/10/06 16:51:43:769

Connecting Started...

<<<----  [OUT]
2021/10/06 16:52:04:813

I can't connect with the passive [192.168.100.113/5000] error_code:10060 !

<<<----  [OUT]
2021/10/06 16:52:07:299

Connecting Started...

<<<----  [OUT]
2021/10/06 16:52:28:332

I can't connect with the passive [192.168.100.113/5000] error_code:10060 !

<<<----  [OUT]
2021/10/06 16:52:30:814

Connecting Started...

<<<----  [OUT]
2021/10/06 16:52:51:843

I can't connect with the passive [192.168.100.113/5000] error_code:10060 !

<<<----  [OUT]
2021/10/06 16:52:54:331

Connecting Started...

<<<----  [OUT]
2021/10/06 16:53:15:376

I can't connect with the passive [192.168.100.113/5000] error_code:10060 !

<<<----  [OUT]
2021/10/06 16:53:17:861

Connecting Started...

<<<----  [OUT]
2021/10/06 16:53:38:889

I can't connect with the passive [192.168.100.113/5000] error_code:10060 !

<<<----  [OUT]
2021/10/06 16:53:41:378

Connecting Started...

<<<----  [OUT]
2021/10/06 16:54:02:428

I can't connect with the passive [192.168.100.113/5000] error_code:10060 !

<<<----  [OUT]
2021/10/06 16:54:04:910

Connecting Started...

<<<----  [OUT]
2021/10/06 16:54:25:933

I can't connect with the passive [192.168.100.113/5000] error_code:10060 !

<<<----  [OUT]
2021/10/06 16:54:28:425

Connecting Started...

<<<----  [OUT]
2021/10/06 16:54:49:466

I can't connect with the passive [192.168.100.113/5000] error_code:10060 !

<<<----  [OUT]
2021/10/06 16:54:51:956

Connecting Started...

<<<----  [OUT]
2021/10/06 16:55:12:995

I can't connect with the passive [192.168.100.113/5000] error_code:10060 !

<<<----  [OUT]
2021/10/06 16:55:15:471

Connecting Started...

<<<----  [OUT]
2021/10/06 16:55:36:497

I can't connect with the passive [192.168.100.113/5000] error_code:10060 !

<<<----  [OUT]
2021/10/06 16:55:38:987

Connecting Started...

<<<----  [OUT]
2021/10/06 16:56:00:033

I can't connect with the passive [192.168.100.113/5000] error_code:10060 !

<<<----  [OUT]
2021/10/06 16:56:02:519

Connecting Started...

<<<----  [OUT]
2021/10/06 16:56:23:561

I can't connect with the passive [192.168.100.113/5000] error_code:10060 !

<<<----  [OUT]
2021/10/06 16:56:26:049

Connecting Started...

<<<----  [OUT]
2021/10/06 16:56:47:092

I can't connect with the passive [192.168.100.113/5000] error_code:10060 !

<<<----  [OUT]
2021/10/06 16:56:49:580

Connecting Started...

<<<----  [OUT]
2021/10/06 16:57:10:615

I can't connect with the passive [192.168.100.113/5000] error_code:10060 !

<<<----  [OUT]
2021/10/06 16:57:13:097

Connecting Started...

<<<----  [OUT]
2021/10/06 16:57:34:139

I can't connect with the passive [192.168.100.113/5000] error_code:10060 !

<<<----  [OUT]
2021/10/06 16:57:36:627

Connecting Started...

<<<----  [OUT]
2021/10/06 16:57:57:679

I can't connect with the passive [192.168.100.113/5000] error_code:10060 !

<<<----  [OUT]
2021/10/06 16:58:00:158

Connecting Started...

<<<----  [OUT]
2021/10/06 16:58:21:193

I can't connect with the passive [192.168.100.113/5000] error_code:10060 !

<<<----  [OUT]
2021/10/06 16:58:23:674

Connecting Started...

<<<----  [OUT]
2021/10/06 16:58:44:696

I can't connect with the passive [192.168.100.113/5000] error_code:10060 !

<<<----  [OUT]
2021/10/06 16:58:47:174

Connecting Started...

<<<----  [OUT]
2021/10/06 16:59:08:214

I can't connect with the passive [192.168.100.113/5000] error_code:10060 !

<<<----  [OUT]
2021/10/06 16:59:10:705

Connecting Started...

<<<----  [OUT]
2021/10/06 16:59:31:734

I can't connect with the passive [192.168.100.113/5000] error_code:10060 !

<<<----  [OUT]
2021/10/06 16:59:34:222

Connecting Started...

<<<----  [OUT]
2021/10/06 16:59:55:246

I can't connect with the passive [192.168.100.113/5000] error_code:10060 !

<<<----  [OUT]
2021/10/06 16:59:57:737

Connecting Started...
