
<<<----  [OUT]
2021/10/06 09:00:00:996

I can't connect with the passive [192.168.100.113/5000] error_code:10060 !

<<<----  [OUT]
2021/10/06 09:00:03:486

Connecting Started...

<<<----  [OUT]
2021/10/06 09:00:24:541

I can't connect with the passive [192.168.100.113/5000] error_code:10060 !

<<<----  [OUT]
2021/10/06 09:00:27:018

Connecting Started...

<<<----  [OUT]
2021/10/06 09:00:48:042

I can't connect with the passive [192.168.100.113/5000] error_code:10060 !

<<<----  [OUT]
2021/10/06 09:00:50:534

Connecting Started...

<<<----  [OUT]
2021/10/06 09:01:11:560

I can't connect with the passive [192.168.100.113/5000] error_code:10060 !

<<<----  [OUT]
2021/10/06 09:01:14:050

Connecting Started...

<<<----  [OUT]
2021/10/06 09:01:35:079

I can't connect with the passive [192.168.100.113/5000] error_code:10060 !

<<<----  [OUT]
2021/10/06 09:01:37:566

Connecting Started...

<<<----  [OUT]
2021/10/06 09:01:58:592

I can't connect with the passive [192.168.100.113/5000] error_code:10060 !

<<<----  [OUT]
2021/10/06 09:02:01:081

Connecting Started...

<<<----  [OUT]
2021/10/06 09:02:22:112

I can't connect with the passive [192.168.100.113/5000] error_code:10060 !

<<<----  [OUT]
2021/10/06 09:02:24:597

Connecting Started...

<<<----  [OUT]
2021/10/06 09:02:45:633

I can't connect with the passive [192.168.100.113/5000] error_code:10060 !

<<<----  [OUT]
2021/10/06 09:02:48:112

Connecting Started...

<<<----  [OUT]
2021/10/06 09:03:09:158

I can't connect with the passive [192.168.100.113/5000] error_code:10060 !

<<<----  [OUT]
2021/10/06 09:03:11:644

Connecting Started...

<<<----  [OUT]
2021/10/06 09:03:32:693

I can't connect with the passive [192.168.100.113/5000] error_code:10060 !

<<<----  [OUT]
2021/10/06 09:03:35:174

Connecting Started...

<<<----  [OUT]
2021/10/06 09:03:56:206

I can't connect with the passive [192.168.100.113/5000] error_code:10060 !

<<<----  [OUT]
2021/10/06 09:03:58:689

Connecting Started...

<<<----  [OUT]
2021/10/06 09:04:19:738

I can't connect with the passive [192.168.100.113/5000] error_code:10060 !

<<<----  [OUT]
2021/10/06 09:04:22:222

Connecting Started...

<<<----  [OUT]
2021/10/06 09:04:43:248

I can't connect with the passive [192.168.100.113/5000] error_code:10060 !

<<<----  [OUT]
2021/10/06 09:04:45:737

Connecting Started...

<<<----  [OUT]
2021/10/06 09:05:06:778

I can't connect with the passive [192.168.100.113/5000] error_code:10060 !

<<<----  [OUT]
2021/10/06 09:05:09:269

Connecting Started...

<<<----  [OUT]
2021/10/06 09:05:30:323

I can't connect with the passive [192.168.100.113/5000] error_code:10060 !

<<<----  [OUT]
2021/10/06 09:05:32:799

Connecting Started...

<<<----  [OUT]
2021/10/06 09:05:53:830

I can't connect with the passive [192.168.100.113/5000] error_code:10060 !

<<<----  [OUT]
2021/10/06 09:05:56:315

Connecting Started...

<<<----  [OUT]
2021/10/06 09:06:17:354

I can't connect with the passive [192.168.100.113/5000] error_code:10060 !

<<<----  [OUT]
2021/10/06 09:06:19:830

Connecting Started...

<<<----  [OUT]
2021/10/06 09:06:40:871

I can't connect with the passive [192.168.100.113/5000] error_code:10060 !

<<<----  [OUT]
2021/10/06 09:06:43:361

Connecting Started...

<<<----  [OUT]
2021/10/06 09:07:04:392

I can't connect with the passive [192.168.100.113/5000] error_code:10060 !

<<<----  [OUT]
2021/10/06 09:07:06:878

Connecting Started...

<<<----  [OUT]
2021/10/06 09:07:27:909

I can't connect with the passive [192.168.100.113/5000] error_code:10060 !

<<<----  [OUT]
2021/10/06 09:07:30:392

Connecting Started...

<<<----  [OUT]
2021/10/06 09:07:51:426

I can't connect with the passive [192.168.100.113/5000] error_code:10060 !

<<<----  [OUT]
2021/10/06 09:07:53:908

Connecting Started...

<<<----  [OUT]
2021/10/06 09:08:14:946

I can't connect with the passive [192.168.100.113/5000] error_code:10060 !

<<<----  [OUT]
2021/10/06 09:08:17:425

Connecting Started...

<<<----  [OUT]
2021/10/06 09:08:38:467

I can't connect with the passive [192.168.100.113/5000] error_code:10060 !

<<<----  [OUT]
2021/10/06 09:08:40:956

Connecting Started...

<<<----  [OUT]
2021/10/06 09:09:02:015

I can't connect with the passive [192.168.100.113/5000] error_code:10060 !

<<<----  [OUT]
2021/10/06 09:09:04:503

Connecting Started...

<<<----  [OUT]
2021/10/06 09:09:25:549

I can't connect with the passive [192.168.100.113/5000] error_code:10060 !

<<<----  [OUT]
2021/10/06 09:09:28:034

Connecting Started...

<<<----  [OUT]
2021/10/06 09:09:49:082

I can't connect with the passive [192.168.100.113/5000] error_code:10060 !

<<<----  [OUT]
2021/10/06 09:09:51:566

Connecting Started...

<<<----  [OUT]
2021/10/06 09:10:12:610

I can't connect with the passive [192.168.100.113/5000] error_code:10060 !

<<<----  [OUT]
2021/10/06 09:10:15:096

Connecting Started...

<<<----  [OUT]
2021/10/06 09:10:36:129

I can't connect with the passive [192.168.100.113/5000] error_code:10060 !

<<<----  [OUT]
2021/10/06 09:10:38:612

Connecting Started...

<<<----  [OUT]
2021/10/06 09:10:59:634

I can't connect with the passive [192.168.100.113/5000] error_code:10060 !

<<<----  [OUT]
2021/10/06 09:11:02:112

Connecting Started...

<<<----  [OUT]
2021/10/06 09:11:23:146

I can't connect with the passive [192.168.100.113/5000] error_code:10060 !

<<<----  [OUT]
2021/10/06 09:11:25:627

Connecting Started...

<<<----  [OUT]
2021/10/06 09:11:46:655

I can't connect with the passive [192.168.100.113/5000] error_code:10060 !

<<<----  [OUT]
2021/10/06 09:11:49:142

Connecting Started...

<<<----  [OUT]
2021/10/06 09:12:10:177

I can't connect with the passive [192.168.100.113/5000] error_code:10060 !

<<<----  [OUT]
2021/10/06 09:12:12:659

Connecting Started...

<<<----  [OUT]
2021/10/06 09:12:33:707

I can't connect with the passive [192.168.100.113/5000] error_code:10060 !

<<<----  [OUT]
2021/10/06 09:12:36:190

Connecting Started...

<<<----  [OUT]
2021/10/06 09:12:57:238

I can't connect with the passive [192.168.100.113/5000] error_code:10060 !

<<<----  [OUT]
2021/10/06 09:12:59:722

Connecting Started...

<<<----  [OUT]
2021/10/06 09:13:20:762

I can't connect with the passive [192.168.100.113/5000] error_code:10060 !

<<<----  [OUT]
2021/10/06 09:13:23:252

Connecting Started...

<<<----  [OUT]
2021/10/06 09:13:44:298

I can't connect with the passive [192.168.100.113/5000] error_code:10060 !

<<<----  [OUT]
2021/10/06 09:13:46:785

Connecting Started...

<<<----  [OUT]
2021/10/06 09:14:07:822

I can't connect with the passive [192.168.100.113/5000] error_code:10060 !

<<<----  [OUT]
2021/10/06 09:14:10:300

Connecting Started...

<<<----  [OUT]
2021/10/06 09:14:31:363

I can't connect with the passive [192.168.100.113/5000] error_code:10060 !

<<<----  [OUT]
2021/10/06 09:14:33:847

Connecting Started...

<<<----  [OUT]
2021/10/06 09:14:54:881

I can't connect with the passive [192.168.100.113/5000] error_code:10060 !

<<<----  [OUT]
2021/10/06 09:14:57:362

Connecting Started...

<<<----  [OUT]
2021/10/06 09:15:18:391

I can't connect with the passive [192.168.100.113/5000] error_code:10060 !

<<<----  [OUT]
2021/10/06 09:15:20:877

Connecting Started...

<<<----  [OUT]
2021/10/06 09:15:41:922

I can't connect with the passive [192.168.100.113/5000] error_code:10060 !

<<<----  [OUT]
2021/10/06 09:15:44:408

Connecting Started...

<<<----  [OUT]
2021/10/06 09:16:05:458

I can't connect with the passive [192.168.100.113/5000] error_code:10060 !

<<<----  [OUT]
2021/10/06 09:16:07:940

Connecting Started...

<<<----  [OUT]
2021/10/06 09:16:28:997

I can't connect with the passive [192.168.100.113/5000] error_code:10060 !

<<<----  [OUT]
2021/10/06 09:16:31:487

Connecting Started...

<<<----  [OUT]
2021/10/06 09:16:52:513

I can't connect with the passive [192.168.100.113/5000] error_code:10060 !

<<<----  [OUT]
2021/10/06 09:16:55:004

Connecting Started...

<<<----  [OUT]
2021/10/06 09:17:16:022

I can't connect with the passive [192.168.100.113/5000] error_code:10060 !

<<<----  [OUT]
2021/10/06 09:17:18:502

Connecting Started...

<<<----  [OUT]
2021/10/06 09:17:39:536

I can't connect with the passive [192.168.100.113/5000] error_code:10060 !

<<<----  [OUT]
2021/10/06 09:17:42:019

Connecting Started...

<<<----  [OUT]
2021/10/06 09:18:03:069

I can't connect with the passive [192.168.100.113/5000] error_code:10060 !

<<<----  [OUT]
2021/10/06 09:18:05:550

Connecting Started...

<<<----  [OUT]
2021/10/06 09:18:26:567

I can't connect with the passive [192.168.100.113/5000] error_code:10060 !

<<<----  [OUT]
2021/10/06 09:18:29:049

Connecting Started...

<<<----  [OUT]
2021/10/06 09:18:50:095

I can't connect with the passive [192.168.100.113/5000] error_code:10060 !

<<<----  [OUT]
2021/10/06 09:18:52:580

Connecting Started...

<<<----  [OUT]
2021/10/06 09:19:13:632

I can't connect with the passive [192.168.100.113/5000] error_code:10060 !

<<<----  [OUT]
2021/10/06 09:19:16:112

Connecting Started...

<<<----  [OUT]
2021/10/06 09:19:37:148

I can't connect with the passive [192.168.100.113/5000] error_code:10060 !

<<<----  [OUT]
2021/10/06 09:19:39:628

Connecting Started...

<<<----  [OUT]
2021/10/06 09:20:00:676

I can't connect with the passive [192.168.100.113/5000] error_code:10060 !

<<<----  [OUT]
2021/10/06 09:20:03:159

Connecting Started...

<<<----  [OUT]
2021/10/06 09:20:24:213

I can't connect with the passive [192.168.100.113/5000] error_code:10060 !

<<<----  [OUT]
2021/10/06 09:20:26:690

Connecting Started...

<<<----  [OUT]
2021/10/06 09:20:47:735

I can't connect with the passive [192.168.100.113/5000] error_code:10060 !

<<<----  [OUT]
2021/10/06 09:20:50:221

Connecting Started...

<<<----  [OUT]
2021/10/06 09:21:11:248

I can't connect with the passive [192.168.100.113/5000] error_code:10060 !

<<<----  [OUT]
2021/10/06 09:21:13:737

Connecting Started...

<<<----  [OUT]
2021/10/06 09:21:34:781

I can't connect with the passive [192.168.100.113/5000] error_code:10060 !

<<<----  [OUT]
2021/10/06 09:21:37:269

Connecting Started...

<<<----  [OUT]
2021/10/06 09:21:58:291

I can't connect with the passive [192.168.100.113/5000] error_code:10060 !

<<<----  [OUT]
2021/10/06 09:22:00:769

Connecting Started...

<<<----  [OUT]
2021/10/06 09:22:21:831

I can't connect with the passive [192.168.100.113/5000] error_code:10060 !

<<<----  [OUT]
2021/10/06 09:22:24:315

Connecting Started...

<<<----  [OUT]
2021/10/06 09:22:45:339

I can't connect with the passive [192.168.100.113/5000] error_code:10060 !

<<<----  [OUT]
2021/10/06 09:22:47:814

Connecting Started...

<<<----  [OUT]
2021/10/06 09:23:08:859

I can't connect with the passive [192.168.100.113/5000] error_code:10060 !

<<<----  [OUT]
2021/10/06 09:23:11:345

Connecting Started...

<<<----  [OUT]
2021/10/06 09:23:32:397

I can't connect with the passive [192.168.100.113/5000] error_code:10060 !

<<<----  [OUT]
2021/10/06 09:23:34:879

Connecting Started...

<<<----  [OUT]
2021/10/06 09:23:55:913

I can't connect with the passive [192.168.100.113/5000] error_code:10060 !

<<<----  [OUT]
2021/10/06 09:23:58:393

Connecting Started...

<<<----  [OUT]
2021/10/06 09:24:19:435

I can't connect with the passive [192.168.100.113/5000] error_code:10060 !

<<<----  [OUT]
2021/10/06 09:24:21:924

Connecting Started...

<<<----  [OUT]
2021/10/06 09:24:42:951

I can't connect with the passive [192.168.100.113/5000] error_code:10060 !

<<<----  [OUT]
2021/10/06 09:24:45:441

Connecting Started...

<<<----  [OUT]
2021/10/06 09:25:06:490

I can't connect with the passive [192.168.100.113/5000] error_code:10060 !

<<<----  [OUT]
2021/10/06 09:25:08:971

Connecting Started...

<<<----  [OUT]
2021/10/06 09:25:30:000

I can't connect with the passive [192.168.100.113/5000] error_code:10060 !

<<<----  [OUT]
2021/10/06 09:25:32:488

Connecting Started...

<<<----  [OUT]
2021/10/06 09:25:53:535

I can't connect with the passive [192.168.100.113/5000] error_code:10060 !

<<<----  [OUT]
2021/10/06 09:25:56:019

Connecting Started...

<<<----  [OUT]
2021/10/06 09:26:17:059

I can't connect with the passive [192.168.100.113/5000] error_code:10060 !

<<<----  [OUT]
2021/10/06 09:26:19:549

Connecting Started...

<<<----  [OUT]
2021/10/06 09:26:40:587

I can't connect with the passive [192.168.100.113/5000] error_code:10060 !

<<<----  [OUT]
2021/10/06 09:26:43:064

Connecting Started...

<<<----  [OUT]
2021/10/06 09:27:04:092

I can't connect with the passive [192.168.100.113/5000] error_code:10060 !

<<<----  [OUT]
2021/10/06 09:27:06:581

Connecting Started...

<<<----  [OUT]
2021/10/06 09:27:27:624

I can't connect with the passive [192.168.100.113/5000] error_code:10060 !

<<<----  [OUT]
2021/10/06 09:27:30:111

Connecting Started...

<<<----  [OUT]
2021/10/06 09:32:03:147

---------------------------------------------------------------------
// FA : Start Log ...


<<<----  [OUT]
2021/10/06 09:32:03:163

//-------------------------------------------------------------
Property Information

   Driver Type [HSMS]
   Driver Mode [ACTIVE]
   IP    [192.168.100.113]
   Port  [5000]
//-------------------------------------------------------------


<<<----  [OUT]
2021/10/06 09:32:03:764

Auto-Start Started ... (Active)

<<<----  [OUT]
2021/10/06 09:32:03:855

Auto-Start Started ...  Waiting Stop-Connection.

<<<----  [OUT]
2021/10/06 09:32:03:855

Auto-Start Started ...  Waiting Open-Socket.

<<<----  [OUT]
2021/10/06 09:32:03:873

Socket Open Started...

<<<----  [OUT]
2021/10/06 09:32:03:873

Socket Open Completed...

<<<----  [OUT]
2021/10/06 09:32:03:873

Connecting Started...

<<<----  [OUT]
2021/10/06 09:32:03:946

Auto-Start Completed ...  (Active)

<<<----  [OUT]
2021/10/06 09:32:24:920

I can't connect with the passive [192.168.100.113/5000] error_code:10060 !

<<<----  [OUT]
2021/10/06 09:32:27:408

Connecting Started...

<<<----  [OUT]
2021/10/06 09:32:48:441

I can't connect with the passive [192.168.100.113/5000] error_code:10060 !

<<<----  [OUT]
2021/10/06 09:32:50:925

Connecting Started...

<<<----  [OUT]
2021/10/06 09:33:11:962

I can't connect with the passive [192.168.100.113/5000] error_code:10060 !

<<<----  [OUT]
2021/10/06 09:33:14:439

Connecting Started...

<<<----  [OUT]
2021/10/06 09:33:35:477

I can't connect with the passive [192.168.100.113/5000] error_code:10060 !

<<<----  [OUT]
2021/10/06 09:33:37:955

Connecting Started...

<<<----  [OUT]
2021/10/06 09:33:58:999

I can't connect with the passive [192.168.100.113/5000] error_code:10060 !

<<<----  [OUT]
2021/10/06 09:34:01:486

Connecting Started...

<<<----  [OUT]
2021/10/06 09:34:22:544

I can't connect with the passive [192.168.100.113/5000] error_code:10060 !

<<<----  [OUT]
2021/10/06 09:34:25:033

Connecting Started...

<<<----  [OUT]
2021/10/06 09:47:07:798

---------------------------------------------------------------------
// FA : Start Log ...


<<<----  [OUT]
2021/10/06 09:47:07:815

//-------------------------------------------------------------
Property Information

   Driver Type [HSMS]
   Driver Mode [ACTIVE]
   IP    [192.168.100.113]
   Port  [5000]
//-------------------------------------------------------------


<<<----  [OUT]
2021/10/06 09:47:08:417

Auto-Start Started ... (Active)

<<<----  [OUT]
2021/10/06 09:47:08:508

Auto-Start Started ...  Waiting Stop-Connection.

<<<----  [OUT]
2021/10/06 09:47:08:508

Auto-Start Started ...  Waiting Open-Socket.

<<<----  [OUT]
2021/10/06 09:47:08:524

Socket Open Started...

<<<----  [OUT]
2021/10/06 09:47:08:524

Socket Open Completed...

<<<----  [OUT]
2021/10/06 09:47:08:524

Connecting Started...

<<<----  [OUT]
2021/10/06 09:47:08:598

Auto-Start Completed ...  (Active)

<<<----  [OUT]
2021/10/06 09:47:29:554

I can't connect with the passive [192.168.100.113/5000] error_code:10060 !

<<<----  [OUT]
2021/10/06 09:47:32:035

Connecting Started...

<<<----  [OUT]
2021/10/06 09:47:53:083

I can't connect with the passive [192.168.100.113/5000] error_code:10060 !

<<<----  [OUT]
2021/10/06 09:47:55:566

Connecting Started...

<<<----  [OUT]
2021/10/06 09:48:16:614

I can't connect with the passive [192.168.100.113/5000] error_code:10060 !

<<<----  [OUT]
2021/10/06 09:48:19:096

Connecting Started...

<<<----  [OUT]
2021/10/06 09:48:40:133

I can't connect with the passive [192.168.100.113/5000] error_code:10060 !

<<<----  [OUT]
2021/10/06 09:48:42:613

Connecting Started...

<<<----  [OUT]
2021/10/06 09:49:03:659

I can't connect with the passive [192.168.100.113/5000] error_code:10060 !

<<<----  [OUT]
2021/10/06 09:49:06:142

Connecting Started...

<<<----  [OUT]
2021/10/06 09:49:27:172

I can't connect with the passive [192.168.100.113/5000] error_code:10060 !

<<<----  [OUT]
2021/10/06 09:49:29:660

Connecting Started...

<<<----  [OUT]
2021/10/06 09:49:50:685

I can't connect with the passive [192.168.100.113/5000] error_code:10060 !

<<<----  [OUT]
2021/10/06 09:49:53:174

Connecting Started...

<<<----  [OUT]
2021/10/06 09:54:16:365

---------------------------------------------------------------------
// FA : Start Log ...


<<<----  [OUT]
2021/10/06 09:54:16:375

//-------------------------------------------------------------
Property Information

   Driver Type [HSMS]
   Driver Mode [ACTIVE]
   IP    [192.168.100.113]
   Port  [5000]
//-------------------------------------------------------------


<<<----  [OUT]
2021/10/06 09:54:16:977

Auto-Start Started ... (Active)

<<<----  [OUT]
2021/10/06 09:54:17:068

Auto-Start Started ...  Waiting Stop-Connection.

<<<----  [OUT]
2021/10/06 09:54:17:068

Auto-Start Started ...  Waiting Open-Socket.

<<<----  [OUT]
2021/10/06 09:54:17:092

Socket Open Started...

<<<----  [OUT]
2021/10/06 09:54:17:092

Socket Open Completed...

<<<----  [OUT]
2021/10/06 09:54:17:092

Connecting Started...

<<<----  [OUT]
2021/10/06 09:54:17:159

Auto-Start Completed ...  (Active)

<<<----  [OUT]
2021/10/06 09:54:38:122

I can't connect with the passive [192.168.100.113/5000] error_code:10060 !

<<<----  [OUT]
2021/10/06 09:54:40:613

Connecting Started...

<<<----  [OUT]
2021/10/06 09:55:01:636

I can't connect with the passive [192.168.100.113/5000] error_code:10060 !

<<<----  [OUT]
2021/10/06 09:55:04:111

Connecting Started...

<<<----  [OUT]
2021/10/06 09:55:25:151

I can't connect with the passive [192.168.100.113/5000] error_code:10060 !

<<<----  [OUT]
2021/10/06 09:55:27:628

Connecting Started...

<<<----  [OUT]
2021/10/06 09:55:48:665

I can't connect with the passive [192.168.100.113/5000] error_code:10060 !

<<<----  [OUT]
2021/10/06 09:55:51:142

Connecting Started...

<<<----  [OUT]
2021/10/06 09:56:12:169

I can't connect with the passive [192.168.100.113/5000] error_code:10060 !

<<<----  [OUT]
2021/10/06 09:56:14:658

Connecting Started...

<<<----  [OUT]
2021/10/06 09:56:35:716

I can't connect with the passive [192.168.100.113/5000] error_code:10060 !

<<<----  [OUT]
2021/10/06 09:56:38:205

Connecting Started...

<<<----  [OUT]
2021/10/06 09:56:59:245

I can't connect with the passive [192.168.100.113/5000] error_code:10060 !

<<<----  [OUT]
2021/10/06 09:57:01:722

Connecting Started...

<<<----  [OUT]
2021/10/06 09:57:22:758

I can't connect with the passive [192.168.100.113/5000] error_code:10060 !

<<<----  [OUT]
2021/10/06 09:57:25:237

Connecting Started...

<<<----  [OUT]
2021/10/06 09:57:46:274

I can't connect with the passive [192.168.100.113/5000] error_code:10060 !

<<<----  [OUT]
2021/10/06 09:57:48:753

Connecting Started...

<<<----  [OUT]
2021/10/06 09:58:09:792

I can't connect with the passive [192.168.100.113/5000] error_code:10060 !

<<<----  [OUT]
2021/10/06 09:58:12:269

Connecting Started...

<<<----  [OUT]
2021/10/06 09:58:33:298

I can't connect with the passive [192.168.100.113/5000] error_code:10060 !

<<<----  [OUT]
2021/10/06 09:58:35:783

Connecting Started...

<<<----  [OUT]
2021/10/06 09:58:56:829

I can't connect with the passive [192.168.100.113/5000] error_code:10060 !

<<<----  [OUT]
2021/10/06 09:58:59:316

Connecting Started...

<<<----  [OUT]
2021/10/06 09:59:20:342

I can't connect with the passive [192.168.100.113/5000] error_code:10060 !

<<<----  [OUT]
2021/10/06 09:59:22:831

Connecting Started...

<<<----  [OUT]
2021/10/06 09:59:43:878

I can't connect with the passive [192.168.100.113/5000] error_code:10060 !

<<<----  [OUT]
2021/10/06 09:59:46:361

Connecting Started...
