
<<<----  [OUT]
2021/10/06 20:09:49:714

---------------------------------------------------------------------
// FA : Start Log ...


<<<----  [OUT]
2021/10/06 20:09:49:722

//-------------------------------------------------------------
Property Information

   Driver Type [HSMS]
   Driver Mode [ACTIVE]
   IP    [192.168.100.113]
   Port  [5000]
//-------------------------------------------------------------


<<<----  [OUT]
2021/10/06 20:09:50:324

Auto-Start Started ... (Active)

<<<----  [OUT]
2021/10/06 20:09:50:414

Auto-Start Started ...  Waiting Stop-Connection.

<<<----  [OUT]
2021/10/06 20:09:50:414

Auto-Start Started ...  Waiting Open-Socket.

<<<----  [OUT]
2021/10/06 20:09:50:440

Socket Open Started...

<<<----  [OUT]
2021/10/06 20:09:50:440

Socket Open Completed...

<<<----  [OUT]
2021/10/06 20:09:50:440

Connecting Started...

<<<----  [OUT]
2021/10/06 20:09:50:505

Auto-Start Completed ...  (Active)

<<<----  [OUT]
2021/10/06 20:10:11:474

I can't connect with the passive [192.168.100.113/5000] error_code:10060 !

<<<----  [OUT]
2021/10/06 20:10:13:956

Connecting Started...

<<<----  [OUT]
2021/10/06 20:10:35:008

I can't connect with the passive [192.168.100.113/5000] error_code:10060 !

<<<----  [OUT]
2021/10/06 20:10:37:487

Connecting Started...

<<<----  [OUT]
2021/10/06 20:10:58:531

I can't connect with the passive [192.168.100.113/5000] error_code:10060 !

<<<----  [OUT]
2021/10/06 20:11:01:018

Connecting Started...

<<<----  [OUT]
2021/10/06 20:11:22:061

I can't connect with the passive [192.168.100.113/5000] error_code:10060 !

<<<----  [OUT]
2021/10/06 20:11:24:550

Connecting Started...

<<<----  [OUT]
2021/10/06 20:11:45:577

I can't connect with the passive [192.168.100.113/5000] error_code:10060 !

<<<----  [OUT]
2021/10/06 20:11:48:065

Connecting Started...

<<<----  [OUT]
2021/10/06 20:12:09:127

I can't connect with the passive [192.168.100.113/5000] error_code:10060 !

<<<----  [OUT]
2021/10/06 20:12:11:611

Connecting Started...

<<<----  [OUT]
2021/10/06 20:12:32:660

I can't connect with the passive [192.168.100.113/5000] error_code:10060 !

<<<----  [OUT]
2021/10/06 20:12:35:143

Connecting Started...

<<<----  [OUT]
2021/10/06 20:12:56:188

I can't connect with the passive [192.168.100.113/5000] error_code:10060 !

<<<----  [OUT]
2021/10/06 20:12:58:675

Connecting Started...

<<<----  [OUT]
2021/10/06 20:13:19:733

I can't connect with the passive [192.168.100.113/5000] error_code:10060 !

<<<----  [OUT]
2021/10/06 20:13:22:222

Connecting Started...

<<<----  [OUT]
2021/10/06 20:13:43:257

I can't connect with the passive [192.168.100.113/5000] error_code:10060 !

<<<----  [OUT]
2021/10/06 20:13:45:738

Connecting Started...

<<<----  [OUT]
2021/10/06 20:14:06:775

I can't connect with the passive [192.168.100.113/5000] error_code:10060 !

<<<----  [OUT]
2021/10/06 20:14:09:252

Connecting Started...

<<<----  [OUT]
2021/10/06 20:14:30:304

I can't connect with the passive [192.168.100.113/5000] error_code:10060 !

<<<----  [OUT]
2021/10/06 20:14:32:783

Connecting Started...

<<<----  [OUT]
2021/10/06 20:14:53:819

I can't connect with the passive [192.168.100.113/5000] error_code:10060 !

<<<----  [OUT]
2021/10/06 20:14:56:299

Connecting Started...

<<<----  [OUT]
2021/10/06 20:15:17:343

I can't connect with the passive [192.168.100.113/5000] error_code:10060 !

<<<----  [OUT]
2021/10/06 20:15:19:831

Connecting Started...

<<<----  [OUT]
2021/10/06 20:15:40:862

I can't connect with the passive [192.168.100.113/5000] error_code:10060 !

<<<----  [OUT]
2021/10/06 20:15:43:347

Connecting Started...

<<<----  [OUT]
2021/10/06 20:16:04:377

I can't connect with the passive [192.168.100.113/5000] error_code:10060 !

<<<----  [OUT]
2021/10/06 20:16:06:862

Connecting Started...

<<<----  [OUT]
2021/10/06 20:16:27:923

I can't connect with the passive [192.168.100.113/5000] error_code:10060 !

<<<----  [OUT]
2021/10/06 20:16:30:408

Connecting Started...

<<<----  [OUT]
2021/10/06 20:16:51:449

I can't connect with the passive [192.168.100.113/5000] error_code:10060 !

<<<----  [OUT]
2021/10/06 20:16:53:941

Connecting Started...

<<<----  [OUT]
2021/10/06 20:17:14:982

I can't connect with the passive [192.168.100.113/5000] error_code:10060 !

<<<----  [OUT]
2021/10/06 20:17:17:472

Connecting Started...

<<<----  [OUT]
2021/10/06 20:17:38:517

I can't connect with the passive [192.168.100.113/5000] error_code:10060 !

<<<----  [OUT]
2021/10/06 20:17:41:003

Connecting Started...

<<<----  [OUT]
2021/10/06 20:18:02:023

I can't connect with the passive [192.168.100.113/5000] error_code:10060 !

<<<----  [OUT]
2021/10/06 20:18:04:503

Connecting Started...

<<<----  [OUT]
2021/10/06 20:18:25:542

I can't connect with the passive [192.168.100.113/5000] error_code:10060 !

<<<----  [OUT]
2021/10/06 20:18:28:018

Connecting Started...

<<<----  [OUT]
2021/10/06 20:18:49:054

I can't connect with the passive [192.168.100.113/5000] error_code:10060 !

<<<----  [OUT]
2021/10/06 20:18:51:534

Connecting Started...

<<<----  [OUT]
2021/10/06 20:19:12:571

I can't connect with the passive [192.168.100.113/5000] error_code:10060 !

<<<----  [OUT]
2021/10/06 20:19:15:049

Connecting Started...

<<<----  [OUT]
2021/10/06 20:19:36:097

I can't connect with the passive [192.168.100.113/5000] error_code:10060 !

<<<----  [OUT]
2021/10/06 20:19:38:582

Connecting Started...

<<<----  [OUT]
2021/10/06 20:19:59:607

I can't connect with the passive [192.168.100.113/5000] error_code:10060 !

<<<----  [OUT]
2021/10/06 20:20:02:097

Connecting Started...

<<<----  [OUT]
2021/10/06 20:20:23:136

I can't connect with the passive [192.168.100.113/5000] error_code:10060 !

<<<----  [OUT]
2021/10/06 20:20:25:612

Connecting Started...

<<<----  [OUT]
2021/10/06 20:20:46:659

I can't connect with the passive [192.168.100.113/5000] error_code:10060 !

<<<----  [OUT]
2021/10/06 20:20:49:143

Connecting Started...

<<<----  [OUT]
2021/10/06 20:21:10:181

I can't connect with the passive [192.168.100.113/5000] error_code:10060 !

<<<----  [OUT]
2021/10/06 20:21:12:658

Connecting Started...

<<<----  [OUT]
2021/10/06 20:21:33:693

I can't connect with the passive [192.168.100.113/5000] error_code:10060 !

<<<----  [OUT]
2021/10/06 20:21:36:174

Connecting Started...

<<<----  [OUT]
2021/10/06 20:21:57:224

I can't connect with the passive [192.168.100.113/5000] error_code:10060 !

<<<----  [OUT]
2021/10/06 20:21:59:706

Connecting Started...

<<<----  [OUT]
2021/10/06 20:22:20:731

I can't connect with the passive [192.168.100.113/5000] error_code:10060 !

<<<----  [OUT]
2021/10/06 20:22:23:220

Connecting Started...

<<<----  [OUT]
2021/10/06 20:22:44:273

I can't connect with the passive [192.168.100.113/5000] error_code:10060 !

<<<----  [OUT]
2021/10/06 20:22:46:754

Connecting Started...

<<<----  [OUT]
2021/10/06 20:23:07:790

I can't connect with the passive [192.168.100.113/5000] error_code:10060 !

<<<----  [OUT]
2021/10/06 20:23:10:269

Connecting Started...

<<<----  [OUT]
2021/10/06 20:23:31:299

I can't connect with the passive [192.168.100.113/5000] error_code:10060 !

<<<----  [OUT]
2021/10/06 20:23:33:784

Connecting Started...

<<<----  [OUT]
2021/10/06 20:23:54:830

I can't connect with the passive [192.168.100.113/5000] error_code:10060 !

<<<----  [OUT]
2021/10/06 20:23:57:315

Connecting Started...

<<<----  [OUT]
2021/10/06 20:24:18:366

I can't connect with the passive [192.168.100.113/5000] error_code:10060 !

<<<----  [OUT]
2021/10/06 20:24:20:846

Connecting Started...

<<<----  [OUT]
2021/10/06 20:24:41:895

I can't connect with the passive [192.168.100.113/5000] error_code:10060 !

<<<----  [OUT]
2021/10/06 20:24:44:377

Connecting Started...

<<<----  [OUT]
2021/10/06 20:25:05:414

I can't connect with the passive [192.168.100.113/5000] error_code:10060 !

<<<----  [OUT]
2021/10/06 20:25:07:893

Connecting Started...

<<<----  [OUT]
2021/10/06 20:25:28:915

I can't connect with the passive [192.168.100.113/5000] error_code:10060 !

<<<----  [OUT]
2021/10/06 20:25:31:392

Connecting Started...

<<<----  [OUT]
2021/10/06 20:25:52:442

I can't connect with the passive [192.168.100.113/5000] error_code:10060 !

<<<----  [OUT]
2021/10/06 20:25:54:924

Connecting Started...

<<<----  [OUT]
2021/10/06 20:26:15:958

I can't connect with the passive [192.168.100.113/5000] error_code:10060 !

<<<----  [OUT]
2021/10/06 20:26:18:439

Connecting Started...

<<<----  [OUT]
2021/10/06 20:26:39:480

I can't connect with the passive [192.168.100.113/5000] error_code:10060 !

<<<----  [OUT]
2021/10/06 20:26:41:971

Connecting Started...

<<<----  [OUT]
2021/10/06 20:27:03:013

I can't connect with the passive [192.168.100.113/5000] error_code:10060 !

<<<----  [OUT]
2021/10/06 20:27:05:504

Connecting Started...

<<<----  [OUT]
2021/10/06 20:27:26:549

I can't connect with the passive [192.168.100.113/5000] error_code:10060 !

<<<----  [OUT]
2021/10/06 20:27:29:034

Connecting Started...

<<<----  [OUT]
2021/10/06 20:27:50:064

I can't connect with the passive [192.168.100.113/5000] error_code:10060 !

<<<----  [OUT]
2021/10/06 20:27:52:550

Connecting Started...

<<<----  [OUT]
2021/10/06 20:28:13:593

I can't connect with the passive [192.168.100.113/5000] error_code:10060 !

<<<----  [OUT]
2021/10/06 20:28:16:080

Connecting Started...

<<<----  [OUT]
2021/10/06 20:30:07:024

---------------------------------------------------------------------
// FA : Start Log ...


<<<----  [OUT]
2021/10/06 20:30:07:035

//-------------------------------------------------------------
Property Information

   Driver Type [HSMS]
   Driver Mode [ACTIVE]
   IP    [192.168.100.113]
   Port  [5000]
//-------------------------------------------------------------


<<<----  [OUT]
2021/10/06 20:30:07:636

Auto-Start Started ... (Active)

<<<----  [OUT]
2021/10/06 20:30:07:727

Auto-Start Started ...  Waiting Stop-Connection.

<<<----  [OUT]
2021/10/06 20:30:07:727

Auto-Start Started ...  Waiting Open-Socket.

<<<----  [OUT]
2021/10/06 20:30:07:750

Socket Open Started...

<<<----  [OUT]
2021/10/06 20:30:07:750

Socket Open Completed...

<<<----  [OUT]
2021/10/06 20:30:07:750

Connecting Started...

<<<----  [OUT]
2021/10/06 20:30:07:818

Auto-Start Completed ...  (Active)

<<<----  [OUT]
2021/10/06 20:30:28:785

I can't connect with the passive [192.168.100.113/5000] error_code:10060 !

<<<----  [OUT]
2021/10/06 20:30:31:268

Connecting Started...

<<<----  [OUT]
2021/10/06 20:30:52:329

I can't connect with the passive [192.168.100.113/5000] error_code:10060 !

<<<----  [OUT]
2021/10/06 20:30:54:815

Connecting Started...

<<<----  [OUT]
2021/10/06 20:31:15:856

I can't connect with the passive [192.168.100.113/5000] error_code:10060 !

<<<----  [OUT]
2021/10/06 20:31:18:347

Connecting Started...

<<<----  [OUT]
2021/10/06 20:31:39:375

I can't connect with the passive [192.168.100.113/5000] error_code:10060 !

<<<----  [OUT]
2021/10/06 20:31:41:861

Connecting Started...

<<<----  [OUT]
2021/10/06 20:32:02:906

I can't connect with the passive [192.168.100.113/5000] error_code:10060 !

<<<----  [OUT]
2021/10/06 20:32:05:392

Connecting Started...

<<<----  [OUT]
2021/10/06 20:32:26:442

I can't connect with the passive [192.168.100.113/5000] error_code:10060 !

<<<----  [OUT]
2021/10/06 20:32:28:925

Connecting Started...

<<<----  [OUT]
2021/10/06 20:32:49:956

I can't connect with the passive [192.168.100.113/5000] error_code:10060 !

<<<----  [OUT]
2021/10/06 20:32:52:441

Connecting Started...

<<<----  [OUT]
2021/10/06 20:33:13:478

I can't connect with the passive [192.168.100.113/5000] error_code:10060 !

<<<----  [OUT]
2021/10/06 20:33:15:955

Connecting Started...

<<<----  [OUT]
2021/10/06 20:33:36:995

I can't connect with the passive [192.168.100.113/5000] error_code:10060 !

<<<----  [OUT]
2021/10/06 20:33:39:471

Connecting Started...

<<<----  [OUT]
2021/10/06 20:34:00:494

I can't connect with the passive [192.168.100.113/5000] error_code:10060 !

<<<----  [OUT]
2021/10/06 20:34:02:972

Connecting Started...

<<<----  [OUT]
2021/10/06 20:34:24:021

I can't connect with the passive [192.168.100.113/5000] error_code:10060 !

<<<----  [OUT]
2021/10/06 20:34:26:503

Connecting Started...

<<<----  [OUT]
2021/10/06 20:34:47:547

I can't connect with the passive [192.168.100.113/5000] error_code:10060 !

<<<----  [OUT]
2021/10/06 20:34:50:033

Connecting Started...

<<<----  [OUT]
2021/10/06 20:35:11:072

I can't connect with the passive [192.168.100.113/5000] error_code:10060 !

<<<----  [OUT]
2021/10/06 20:35:13:549

Connecting Started...

<<<----  [OUT]
2021/10/06 20:35:34:603

I can't connect with the passive [192.168.100.113/5000] error_code:10060 !

<<<----  [OUT]
2021/10/06 20:35:37:081

Connecting Started...

<<<----  [OUT]
2021/10/06 20:35:58:131

I can't connect with the passive [192.168.100.113/5000] error_code:10060 !

<<<----  [OUT]
2021/10/06 20:36:00:612

Connecting Started...

<<<----  [OUT]
2021/10/06 20:36:21:649

I can't connect with the passive [192.168.100.113/5000] error_code:10060 !

<<<----  [OUT]
2021/10/06 20:36:24:127

Connecting Started...

<<<----  [OUT]
2021/10/06 20:36:45:169

I can't connect with the passive [192.168.100.113/5000] error_code:10060 !

<<<----  [OUT]
2021/10/06 20:36:47:660

Connecting Started...

<<<----  [OUT]
2021/10/06 20:37:08:687

I can't connect with the passive [192.168.100.113/5000] error_code:10060 !

<<<----  [OUT]
2021/10/06 20:37:11:175

Connecting Started...

<<<----  [OUT]
2021/10/06 20:37:32:211

I can't connect with the passive [192.168.100.113/5000] error_code:10060 !

<<<----  [OUT]
2021/10/06 20:37:34:691

Connecting Started...

<<<----  [OUT]
2021/10/06 20:37:55:737

I can't connect with the passive [192.168.100.113/5000] error_code:10060 !

<<<----  [OUT]
2021/10/06 20:37:58:222

Connecting Started...

<<<----  [OUT]
2021/10/06 20:38:19:269

I can't connect with the passive [192.168.100.113/5000] error_code:10060 !

<<<----  [OUT]
2021/10/06 20:38:21:752

Connecting Started...

<<<----  [OUT]
2021/10/06 20:38:42:782

I can't connect with the passive [192.168.100.113/5000] error_code:10060 !

<<<----  [OUT]
2021/10/06 20:38:45:267

Connecting Started...

<<<----  [OUT]
2021/10/06 20:39:06:301

I can't connect with the passive [192.168.100.113/5000] error_code:10060 !

<<<----  [OUT]
2021/10/06 20:39:08:783

Connecting Started...

<<<----  [OUT]
2021/10/06 20:39:29:835

I can't connect with the passive [192.168.100.113/5000] error_code:10060 !

<<<----  [OUT]
2021/10/06 20:39:32:315

Connecting Started...

<<<----  [OUT]
2021/10/06 20:39:53:368

I can't connect with the passive [192.168.100.113/5000] error_code:10060 !

<<<----  [OUT]
2021/10/06 20:39:55:846

Connecting Started...

<<<----  [OUT]
2021/10/06 20:40:16:875

I can't connect with the passive [192.168.100.113/5000] error_code:10060 !

<<<----  [OUT]
2021/10/06 20:40:19:363

Connecting Started...

<<<----  [OUT]
2021/10/06 20:40:40:402

I can't connect with the passive [192.168.100.113/5000] error_code:10060 !

<<<----  [OUT]
2021/10/06 20:40:42:894

Connecting Started...

<<<----  [OUT]
2021/10/06 20:41:03:927

I can't connect with the passive [192.168.100.113/5000] error_code:10060 !

<<<----  [OUT]
2021/10/06 20:41:06:409

Connecting Started...

<<<----  [OUT]
2021/10/06 20:41:27:452

I can't connect with the passive [192.168.100.113/5000] error_code:10060 !

<<<----  [OUT]
2021/10/06 20:41:29:941

Connecting Started...

<<<----  [OUT]
2021/10/06 20:41:50:969

I can't connect with the passive [192.168.100.113/5000] error_code:10060 !

<<<----  [OUT]
2021/10/06 20:41:53:455

Connecting Started...

<<<----  [OUT]
2021/10/06 20:42:14:499

I can't connect with the passive [192.168.100.113/5000] error_code:10060 !

<<<----  [OUT]
2021/10/06 20:42:16:987

Connecting Started...

<<<----  [OUT]
2021/10/06 20:42:38:037

I can't connect with the passive [192.168.100.113/5000] error_code:10060 !

<<<----  [OUT]
2021/10/06 20:42:40:518

Connecting Started...

<<<----  [OUT]
2021/10/06 20:43:01:560

I can't connect with the passive [192.168.100.113/5000] error_code:10060 !

<<<----  [OUT]
2021/10/06 20:43:04:050

Connecting Started...

<<<----  [OUT]
2021/10/06 20:43:25:093

I can't connect with the passive [192.168.100.113/5000] error_code:10060 !

<<<----  [OUT]
2021/10/06 20:43:27:580

Connecting Started...

<<<----  [OUT]
2021/10/06 20:43:48:614

I can't connect with the passive [192.168.100.113/5000] error_code:10060 !

<<<----  [OUT]
2021/10/06 20:43:51:096

Connecting Started...

<<<----  [OUT]
2021/10/06 20:44:12:127

I can't connect with the passive [192.168.100.113/5000] error_code:10060 !

<<<----  [OUT]
2021/10/06 20:44:14:612

Connecting Started...

<<<----  [OUT]
2021/10/06 20:44:35:654

I can't connect with the passive [192.168.100.113/5000] error_code:10060 !

<<<----  [OUT]
2021/10/06 20:44:38:144

Connecting Started...

<<<----  [OUT]
2021/10/06 20:44:59:190

I can't connect with the passive [192.168.100.113/5000] error_code:10060 !

<<<----  [OUT]
2021/10/06 20:45:01:675

Connecting Started...

<<<----  [OUT]
2021/10/06 20:45:22:691

I can't connect with the passive [192.168.100.113/5000] error_code:10060 !

<<<----  [OUT]
2021/10/06 20:45:25:175

Connecting Started...

<<<----  [OUT]
2021/10/06 20:45:46:222

I can't connect with the passive [192.168.100.113/5000] error_code:10060 !

<<<----  [OUT]
2021/10/06 20:45:48:706

Connecting Started...

<<<----  [OUT]
2021/10/06 20:46:09:747

I can't connect with the passive [192.168.100.113/5000] error_code:10060 !

<<<----  [OUT]
2021/10/06 20:46:12:237

Connecting Started...

<<<----  [OUT]
2021/10/06 20:46:33:277

I can't connect with the passive [192.168.100.113/5000] error_code:10060 !

<<<----  [OUT]
2021/10/06 20:46:35:768

Connecting Started...

<<<----  [OUT]
2021/10/06 20:46:56:791

I can't connect with the passive [192.168.100.113/5000] error_code:10060 !

<<<----  [OUT]
2021/10/06 20:46:59:267

Connecting Started...

<<<----  [OUT]
2021/10/06 20:47:20:315

I can't connect with the passive [192.168.100.113/5000] error_code:10060 !

<<<----  [OUT]
2021/10/06 20:47:22:799

Connecting Started...

<<<----  [OUT]
2021/10/06 20:47:43:850

I can't connect with the passive [192.168.100.113/5000] error_code:10060 !

<<<----  [OUT]
2021/10/06 20:47:46:331

Connecting Started...

<<<----  [OUT]
2021/10/06 20:48:07:388

I can't connect with the passive [192.168.100.113/5000] error_code:10060 !

<<<----  [OUT]
2021/10/06 20:48:09:878

Connecting Started...

<<<----  [OUT]
2021/10/06 20:49:29:205

---------------------------------------------------------------------
// FA : Start Log ...


<<<----  [OUT]
2021/10/06 20:49:29:213

//-------------------------------------------------------------
Property Information

   Driver Type [HSMS]
   Driver Mode [ACTIVE]
   IP    [192.168.100.113]
   Port  [5000]
//-------------------------------------------------------------


<<<----  [OUT]
2021/10/06 20:49:29:815

Auto-Start Started ... (Active)

<<<----  [OUT]
2021/10/06 20:49:29:905

Auto-Start Started ...  Waiting Stop-Connection.

<<<----  [OUT]
2021/10/06 20:49:29:905

Auto-Start Started ...  Waiting Open-Socket.

<<<----  [OUT]
2021/10/06 20:49:29:931

Socket Open Started...

<<<----  [OUT]
2021/10/06 20:49:29:931

Socket Open Completed...

<<<----  [OUT]
2021/10/06 20:49:29:931

Connecting Started...

<<<----  [OUT]
2021/10/06 20:49:29:996

Auto-Start Completed ...  (Active)

<<<----  [OUT]
2021/10/06 20:49:50:977

I can't connect with the passive [192.168.100.113/5000] error_code:10060 !

<<<----  [OUT]
2021/10/06 20:49:53:456

Connecting Started...

<<<----  [OUT]
2021/10/06 20:50:14:496

I can't connect with the passive [192.168.100.113/5000] error_code:10060 !

<<<----  [OUT]
2021/10/06 20:50:16:987

Connecting Started...

<<<----  [OUT]
2021/10/06 20:50:38:014

I can't connect with the passive [192.168.100.113/5000] error_code:10060 !

<<<----  [OUT]
2021/10/06 20:50:40:504

Connecting Started...

<<<----  [OUT]
2021/10/06 20:51:01:552

I can't connect with the passive [192.168.100.113/5000] error_code:10060 !

<<<----  [OUT]
2021/10/06 20:51:04:033

Connecting Started...

<<<----  [OUT]
2021/10/06 20:51:25:081

I can't connect with the passive [192.168.100.113/5000] error_code:10060 !

<<<----  [OUT]
2021/10/06 20:51:27:565

Connecting Started...

<<<----  [OUT]
2021/10/06 20:51:48:588

I can't connect with the passive [192.168.100.113/5000] error_code:10060 !

<<<----  [OUT]
2021/10/06 20:51:51:065

Connecting Started...

<<<----  [OUT]
2021/10/06 20:52:12:123

I can't connect with the passive [192.168.100.113/5000] error_code:10060 !

<<<----  [OUT]
2021/10/06 20:52:14:612

Connecting Started...

<<<----  [OUT]
2021/10/06 20:52:35:646

I can't connect with the passive [192.168.100.113/5000] error_code:10060 !

<<<----  [OUT]
2021/10/06 20:52:38:128

Connecting Started...

<<<----  [OUT]
2021/10/06 20:52:59:170

I can't connect with the passive [192.168.100.113/5000] error_code:10060 !

<<<----  [OUT]
2021/10/06 20:53:01:659

Connecting Started...

<<<----  [OUT]
2021/10/06 20:53:22:710

I can't connect with the passive [192.168.100.113/5000] error_code:10060 !

<<<----  [OUT]
2021/10/06 20:53:25:190

Connecting Started...

<<<----  [OUT]
2021/10/06 20:54:24:406

---------------------------------------------------------------------
// FA : Start Log ...


<<<----  [OUT]
2021/10/06 20:54:24:414

//-------------------------------------------------------------
Property Information

   Driver Type [HSMS]
   Driver Mode [ACTIVE]
   IP    [192.168.100.113]
   Port  [5000]
//-------------------------------------------------------------


<<<----  [OUT]
2021/10/06 20:54:25:016

Auto-Start Started ... (Active)

<<<----  [OUT]
2021/10/06 20:54:25:107

Auto-Start Started ...  Waiting Stop-Connection.

<<<----  [OUT]
2021/10/06 20:54:25:107

Auto-Start Started ...  Waiting Open-Socket.

<<<----  [OUT]
2021/10/06 20:54:25:132

Socket Open Started...

<<<----  [OUT]
2021/10/06 20:54:25:132

Socket Open Completed...

<<<----  [OUT]
2021/10/06 20:54:25:132

Connecting Started...

<<<----  [OUT]
2021/10/06 20:54:25:198

Auto-Start Completed ...  (Active)

<<<----  [OUT]
2021/10/06 20:54:46:166

I can't connect with the passive [192.168.100.113/5000] error_code:10060 !

<<<----  [OUT]
2021/10/06 20:54:48:643

Connecting Started...

<<<----  [OUT]
2021/10/06 20:55:09:691

I can't connect with the passive [192.168.100.113/5000] error_code:10060 !

<<<----  [OUT]
2021/10/06 20:55:12:175

Connecting Started...

<<<----  [OUT]
2021/10/06 20:55:33:206

I can't connect with the passive [192.168.100.113/5000] error_code:10060 !

<<<----  [OUT]
2021/10/06 20:55:35:689

Connecting Started...

<<<----  [OUT]
2021/10/06 20:55:56:737

I can't connect with the passive [192.168.100.113/5000] error_code:10060 !

<<<----  [OUT]
2021/10/06 20:55:59:221

Connecting Started...

<<<----  [OUT]
2021/10/06 20:56:20:256

I can't connect with the passive [192.168.100.113/5000] error_code:10060 !

<<<----  [OUT]
2021/10/06 20:56:22:737

Connecting Started...

<<<----  [OUT]
2021/10/06 20:56:43:787

I can't connect with the passive [192.168.100.113/5000] error_code:10060 !

<<<----  [OUT]
2021/10/06 20:56:46:268

Connecting Started...

<<<----  [OUT]
2021/10/06 20:57:07:295

I can't connect with the passive [192.168.100.113/5000] error_code:10060 !

<<<----  [OUT]
2021/10/06 20:57:09:783

Connecting Started...

<<<----  [OUT]
2021/10/06 20:57:30:826

I can't connect with the passive [192.168.100.113/5000] error_code:10060 !

<<<----  [OUT]
2021/10/06 20:57:33:315

Connecting Started...

<<<----  [OUT]
2021/10/06 20:57:54:356

I can't connect with the passive [192.168.100.113/5000] error_code:10060 !

<<<----  [OUT]
2021/10/06 20:57:56:846

Connecting Started...

<<<----  [OUT]
2021/10/06 20:58:38:401

---------------------------------------------------------------------
// FA : Start Log ...


<<<----  [OUT]
2021/10/06 20:58:38:409

//-------------------------------------------------------------
Property Information

   Driver Type [HSMS]
   Driver Mode [ACTIVE]
   IP    [192.168.100.113]
   Port  [5000]
//-------------------------------------------------------------


<<<----  [OUT]
2021/10/06 20:58:39:010

Auto-Start Started ... (Active)

<<<----  [OUT]
2021/10/06 20:58:39:101

Auto-Start Started ...  Waiting Stop-Connection.

<<<----  [OUT]
2021/10/06 20:58:39:101

Auto-Start Started ...  Waiting Open-Socket.

<<<----  [OUT]
2021/10/06 20:58:39:128

Socket Open Started...

<<<----  [OUT]
2021/10/06 20:58:39:128

Socket Open Completed...

<<<----  [OUT]
2021/10/06 20:58:39:128

Connecting Started...

<<<----  [OUT]
2021/10/06 20:58:39:192

Auto-Start Completed ...  (Active)

<<<----  [OUT]
2021/10/06 20:59:00:174

I can't connect with the passive [192.168.100.113/5000] error_code:10060 !

<<<----  [OUT]
2021/10/06 20:59:02:659

Connecting Started...

<<<----  [OUT]
2021/10/06 20:59:23:693

I can't connect with the passive [192.168.100.113/5000] error_code:10060 !

<<<----  [OUT]
2021/10/06 20:59:26:175

Connecting Started...

<<<----  [OUT]
2021/10/06 20:59:47:212

I can't connect with the passive [192.168.100.113/5000] error_code:10060 !

<<<----  [OUT]
2021/10/06 20:59:49:690

Connecting Started...
