
<<<----  [OUT]
2021/10/06 21:00:10:742

I can't connect with the passive [192.168.100.113/5000] error_code:10060 !

<<<----  [OUT]
2021/10/06 21:00:13:221

Connecting Started...

<<<----  [OUT]
2021/10/06 21:00:34:252

I can't connect with the passive [192.168.100.113/5000] error_code:10060 !

<<<----  [OUT]
2021/10/06 21:00:36:736

Connecting Started...

<<<----  [OUT]
2021/10/06 21:00:57:782

I can't connect with the passive [192.168.100.113/5000] error_code:10060 !

<<<----  [OUT]
2021/10/06 21:01:00:269

Connecting Started...

<<<----  [OUT]
2021/10/06 21:01:21:306

I can't connect with the passive [192.168.100.113/5000] error_code:10060 !

<<<----  [OUT]
2021/10/06 21:01:23:784

Connecting Started...

<<<----  [OUT]
2021/10/06 21:01:44:831

I can't connect with the passive [192.168.100.113/5000] error_code:10060 !

<<<----  [OUT]
2021/10/06 21:01:47:315

Connecting Started...

<<<----  [OUT]
2021/10/06 21:02:08:361

I can't connect with the passive [192.168.100.113/5000] error_code:10060 !

<<<----  [OUT]
2021/10/06 21:02:10:846

Connecting Started...

<<<----  [OUT]
2021/10/06 21:02:31:888

I can't connect with the passive [192.168.100.113/5000] error_code:10060 !

<<<----  [OUT]
2021/10/06 21:02:34:378

Connecting Started...

<<<----  [OUT]
2021/10/06 21:02:55:413

I can't connect with the passive [192.168.100.113/5000] error_code:10060 !

<<<----  [OUT]
2021/10/06 21:02:57:893

Connecting Started...

<<<----  [OUT]
2021/10/06 21:03:18:951

I can't connect with the passive [192.168.100.113/5000] error_code:10060 !

<<<----  [OUT]
2021/10/06 21:03:21:441

Connecting Started...

<<<----  [OUT]
2021/10/06 21:03:42:465

I can't connect with the passive [192.168.100.113/5000] error_code:10060 !

<<<----  [OUT]
2021/10/06 21:03:44:956

Connecting Started...

<<<----  [OUT]
2021/10/06 21:04:05:981

I can't connect with the passive [192.168.100.113/5000] error_code:10060 !

<<<----  [OUT]
2021/10/06 21:04:08:472

Connecting Started...

<<<----  [OUT]
2021/10/06 21:04:29:517

I can't connect with the passive [192.168.100.113/5000] error_code:10060 !

<<<----  [OUT]
2021/10/06 21:04:32:003

Connecting Started...

<<<----  [OUT]
2021/10/06 21:04:53:046

I can't connect with the passive [192.168.100.113/5000] error_code:10060 !

<<<----  [OUT]
2021/10/06 21:04:55:534

Connecting Started...

<<<----  [OUT]
2021/10/06 21:05:16:594

I can't connect with the passive [192.168.100.113/5000] error_code:10060 !

<<<----  [OUT]
2021/10/06 21:05:19:081

Connecting Started...

<<<----  [OUT]
2021/10/06 21:05:40:125

I can't connect with the passive [192.168.100.113/5000] error_code:10060 !

<<<----  [OUT]
2021/10/06 21:05:42:612

Connecting Started...

<<<----  [OUT]
2021/10/06 21:07:44:300

---------------------------------------------------------------------
// FA : Start Log ...


<<<----  [OUT]
2021/10/06 21:07:44:307

//-------------------------------------------------------------
Property Information

   Driver Type [HSMS]
   Driver Mode [ACTIVE]
   IP    [192.168.100.113]
   Port  [5000]
//-------------------------------------------------------------


<<<----  [OUT]
2021/10/06 21:07:44:910

Auto-Start Started ... (Active)

<<<----  [OUT]
2021/10/06 21:07:45:000

Auto-Start Started ...  Waiting Stop-Connection.

<<<----  [OUT]
2021/10/06 21:07:45:000

Auto-Start Started ...  Waiting Open-Socket.

<<<----  [OUT]
2021/10/06 21:07:45:026

Socket Open Started...

<<<----  [OUT]
2021/10/06 21:07:45:026

Socket Open Completed...

<<<----  [OUT]
2021/10/06 21:07:45:026

Connecting Started...

<<<----  [OUT]
2021/10/06 21:07:45:091

Auto-Start Completed ...  (Active)

<<<----  [OUT]
2021/10/06 21:08:06:078

I can't connect with the passive [192.168.100.113/5000] error_code:10060 !

<<<----  [OUT]
2021/10/06 21:08:08:565

Connecting Started...

<<<----  [OUT]
2021/10/06 21:08:29:595

I can't connect with the passive [192.168.100.113/5000] error_code:10060 !

<<<----  [OUT]
2021/10/06 21:08:32:082

Connecting Started...

<<<----  [OUT]
2021/10/06 21:08:53:131

I can't connect with the passive [192.168.100.113/5000] error_code:10060 !

<<<----  [OUT]
2021/10/06 21:08:55:613

Connecting Started...

<<<----  [OUT]
2021/10/06 21:09:16:661

I can't connect with the passive [192.168.100.113/5000] error_code:10060 !

<<<----  [OUT]
2021/10/06 21:09:19:143

Connecting Started...

<<<----  [OUT]
2021/10/06 21:09:40:177

I can't connect with the passive [192.168.100.113/5000] error_code:10060 !

<<<----  [OUT]
2021/10/06 21:09:42:658

Connecting Started...

<<<----  [OUT]
2021/10/06 21:10:03:691

I can't connect with the passive [192.168.100.113/5000] error_code:10060 !

<<<----  [OUT]
2021/10/06 21:10:06:174

Connecting Started...

<<<----  [OUT]
2021/10/06 21:10:27:210

I can't connect with the passive [192.168.100.113/5000] error_code:10060 !

<<<----  [OUT]
2021/10/06 21:10:29:691

Connecting Started...

<<<----  [OUT]
2021/10/06 21:10:50:746

I can't connect with the passive [192.168.100.113/5000] error_code:10060 !

<<<----  [OUT]
2021/10/06 21:10:53:237

Connecting Started...

<<<----  [OUT]
2021/10/06 21:11:14:276

I can't connect with the passive [192.168.100.113/5000] error_code:10060 !

<<<----  [OUT]
2021/10/06 21:11:16:753

Connecting Started...

<<<----  [OUT]
2021/10/06 21:11:37:784

I can't connect with the passive [192.168.100.113/5000] error_code:10060 !

<<<----  [OUT]
2021/10/06 21:11:40:267

Connecting Started...

<<<----  [OUT]
2021/10/06 21:12:01:329

I can't connect with the passive [192.168.100.113/5000] error_code:10060 !

<<<----  [OUT]
2021/10/06 21:12:03:814

Connecting Started...

<<<----  [OUT]
2021/10/06 21:12:24:846

I can't connect with the passive [192.168.100.113/5000] error_code:10060 !

<<<----  [OUT]
2021/10/06 21:12:27:331

Connecting Started...

<<<----  [OUT]
2021/10/06 21:12:48:379

I can't connect with the passive [192.168.100.113/5000] error_code:10060 !

<<<----  [OUT]
2021/10/06 21:12:50:863

Connecting Started...

<<<----  [OUT]
2021/10/06 21:13:11:927

I can't connect with the passive [192.168.100.113/5000] error_code:10060 !

<<<----  [OUT]
2021/10/06 21:13:14:410

Connecting Started...

<<<----  [OUT]
2021/10/06 21:13:35:456

I can't connect with the passive [192.168.100.113/5000] error_code:10060 !

<<<----  [OUT]
2021/10/06 21:13:37:941

Connecting Started...

<<<----  [OUT]
2021/10/06 21:13:58:986

I can't connect with the passive [192.168.100.113/5000] error_code:10060 !

<<<----  [OUT]
2021/10/06 21:14:01:472

Connecting Started...

<<<----  [OUT]
2021/10/06 21:14:22:504

I can't connect with the passive [192.168.100.113/5000] error_code:10060 !

<<<----  [OUT]
2021/10/06 21:14:24:987

Connecting Started...

<<<----  [OUT]
2021/10/06 21:14:46:045

I can't connect with the passive [192.168.100.113/5000] error_code:10060 !

<<<----  [OUT]
2021/10/06 21:14:48:534

Connecting Started...

<<<----  [OUT]
2021/10/06 21:16:11:212

---------------------------------------------------------------------
// FA : Start Log ...


<<<----  [OUT]
2021/10/06 21:16:11:221

//-------------------------------------------------------------
Property Information

   Driver Type [HSMS]
   Driver Mode [ACTIVE]
   IP    [192.168.100.113]
   Port  [5000]
//-------------------------------------------------------------


<<<----  [OUT]
2021/10/06 21:16:11:822

Auto-Start Started ... (Active)

<<<----  [OUT]
2021/10/06 21:16:11:913

Auto-Start Started ...  Waiting Stop-Connection.

<<<----  [OUT]
2021/10/06 21:16:11:913

Auto-Start Started ...  Waiting Open-Socket.

<<<----  [OUT]
2021/10/06 21:16:11:939

Socket Open Started...

<<<----  [OUT]
2021/10/06 21:16:11:939

Socket Open Completed...

<<<----  [OUT]
2021/10/06 21:16:11:939

Connecting Started...

<<<----  [OUT]
2021/10/06 21:16:12:004

Auto-Start Completed ...  (Active)

<<<----  [OUT]
2021/10/06 21:16:32:967

I can't connect with the passive [192.168.100.113/5000] error_code:10060 !

<<<----  [OUT]
2021/10/06 21:16:35:455

Connecting Started...

<<<----  [OUT]
2021/10/06 21:16:56:508

I can't connect with the passive [192.168.100.113/5000] error_code:10060 !

<<<----  [OUT]
2021/10/06 21:16:58:986

Connecting Started...

<<<----  [OUT]
2021/10/06 21:17:20:039

I can't connect with the passive [192.168.100.113/5000] error_code:10060 !

<<<----  [OUT]
2021/10/06 21:17:22:518

Connecting Started...

<<<----  [OUT]
2021/10/06 21:17:43:544

I can't connect with the passive [192.168.100.113/5000] error_code:10060 !

<<<----  [OUT]
2021/10/06 21:17:46:035

Connecting Started...

<<<----  [OUT]
2021/10/06 21:18:07:079

I can't connect with the passive [192.168.100.113/5000] error_code:10060 !

<<<----  [OUT]
2021/10/06 21:18:09:566

Connecting Started...

<<<----  [OUT]
2021/10/06 21:18:30:613

I can't connect with the passive [192.168.100.113/5000] error_code:10060 !

<<<----  [OUT]
2021/10/06 21:18:33:097

Connecting Started...

<<<----  [OUT]
2021/10/06 21:18:54:135

I can't connect with the passive [192.168.100.113/5000] error_code:10060 !

<<<----  [OUT]
2021/10/06 21:18:56:611

Connecting Started...

<<<----  [OUT]
2021/10/06 21:19:17:644

I can't connect with the passive [192.168.100.113/5000] error_code:10060 !

<<<----  [OUT]
2021/10/06 21:19:20:128

Connecting Started...

<<<----  [OUT]
2021/10/06 21:19:41:163

I can't connect with the passive [192.168.100.113/5000] error_code:10060 !

<<<----  [OUT]
2021/10/06 21:19:43:643

Connecting Started...

<<<----  [OUT]
2021/10/06 21:20:04:663

I can't connect with the passive [192.168.100.113/5000] error_code:10060 !

<<<----  [OUT]
2021/10/06 21:20:07:143

Connecting Started...

<<<----  [OUT]
2021/10/06 21:20:28:188

I can't connect with the passive [192.168.100.113/5000] error_code:10060 !

<<<----  [OUT]
2021/10/06 21:20:30:675

Connecting Started...

<<<----  [OUT]
2021/10/06 21:20:51:711

I can't connect with the passive [192.168.100.113/5000] error_code:10060 !

<<<----  [OUT]
2021/10/06 21:20:54:191

Connecting Started...

<<<----  [OUT]
2021/10/06 21:21:15:221

I can't connect with the passive [192.168.100.113/5000] error_code:10060 !

<<<----  [OUT]
2021/10/06 21:21:17:706

Connecting Started...

<<<----  [OUT]
2021/10/06 21:21:38:735

I can't connect with the passive [192.168.100.113/5000] error_code:10060 !

<<<----  [OUT]
2021/10/06 21:21:41:220

Connecting Started...

<<<----  [OUT]
2021/10/06 21:22:02:266

I can't connect with the passive [192.168.100.113/5000] error_code:10060 !

<<<----  [OUT]
2021/10/06 21:22:04:752

Connecting Started...

<<<----  [OUT]
2021/10/06 21:22:25:808

I can't connect with the passive [192.168.100.113/5000] error_code:10060 !

<<<----  [OUT]
2021/10/06 21:22:28:300

Connecting Started...

<<<----  [OUT]
2021/10/06 21:22:49:325

I can't connect with the passive [192.168.100.113/5000] error_code:10060 !

<<<----  [OUT]
2021/10/06 21:22:51:815

Connecting Started...

<<<----  [OUT]
2021/10/06 21:23:12:856

I can't connect with the passive [192.168.100.113/5000] error_code:10060 !

<<<----  [OUT]
2021/10/06 21:23:15:346

Connecting Started...

<<<----  [OUT]
2021/10/06 21:23:36:382

I can't connect with the passive [192.168.100.113/5000] error_code:10060 !

<<<----  [OUT]
2021/10/06 21:23:38:862

Connecting Started...

<<<----  [OUT]
2021/10/06 21:23:59:899

I can't connect with the passive [192.168.100.113/5000] error_code:10060 !

<<<----  [OUT]
2021/10/06 21:24:02:378

Connecting Started...

<<<----  [OUT]
2021/10/06 21:24:23:410

I can't connect with the passive [192.168.100.113/5000] error_code:10060 !

<<<----  [OUT]
2021/10/06 21:24:25:893

Connecting Started...

<<<----  [OUT]
2021/10/06 21:24:46:946

I can't connect with the passive [192.168.100.113/5000] error_code:10060 !

<<<----  [OUT]
2021/10/06 21:24:49:424

Connecting Started...

<<<----  [OUT]
2021/10/06 21:25:10:471

I can't connect with the passive [192.168.100.113/5000] error_code:10060 !

<<<----  [OUT]
2021/10/06 21:25:12:955

Connecting Started...

<<<----  [OUT]
2021/10/06 21:25:33:978

I can't connect with the passive [192.168.100.113/5000] error_code:10060 !

<<<----  [OUT]
2021/10/06 21:25:36:456

Connecting Started...

<<<----  [OUT]
2021/10/06 21:25:57:510

I can't connect with the passive [192.168.100.113/5000] error_code:10060 !

<<<----  [OUT]
2021/10/06 21:25:59:986

Connecting Started...

<<<----  [OUT]
2021/10/06 21:26:21:028

I can't connect with the passive [192.168.100.113/5000] error_code:10060 !

<<<----  [OUT]
2021/10/06 21:26:23:518

Connecting Started...

<<<----  [OUT]
2021/10/06 21:26:44:565

I can't connect with the passive [192.168.100.113/5000] error_code:10060 !

<<<----  [OUT]
2021/10/06 21:26:47:050

Connecting Started...

<<<----  [OUT]
2021/10/06 21:27:08:101

I can't connect with the passive [192.168.100.113/5000] error_code:10060 !

<<<----  [OUT]
2021/10/06 21:27:10:580

Connecting Started...

<<<----  [OUT]
2021/10/06 21:27:31:631

I can't connect with the passive [192.168.100.113/5000] error_code:10060 !

<<<----  [OUT]
2021/10/06 21:27:34:112

Connecting Started...

<<<----  [OUT]
2021/10/06 21:27:55:137

I can't connect with the passive [192.168.100.113/5000] error_code:10060 !

<<<----  [OUT]
2021/10/06 21:27:57:629

Connecting Started...

<<<----  [OUT]
2021/10/06 21:28:18:680

I can't connect with the passive [192.168.100.113/5000] error_code:10060 !

<<<----  [OUT]
2021/10/06 21:28:21:160

Connecting Started...

<<<----  [OUT]
2021/10/06 21:28:42:215

I can't connect with the passive [192.168.100.113/5000] error_code:10060 !

<<<----  [OUT]
2021/10/06 21:28:44:706

Connecting Started...

<<<----  [OUT]
2021/10/06 21:29:05:737

I can't connect with the passive [192.168.100.113/5000] error_code:10060 !

<<<----  [OUT]
2021/10/06 21:29:08:221

Connecting Started...

<<<----  [OUT]
2021/10/06 21:29:29:252

I can't connect with the passive [192.168.100.113/5000] error_code:10060 !

<<<----  [OUT]
2021/10/06 21:29:31:738

Connecting Started...

<<<----  [OUT]
2021/10/06 21:29:52:779

I can't connect with the passive [192.168.100.113/5000] error_code:10060 !

<<<----  [OUT]
2021/10/06 21:29:55:268

Connecting Started...

<<<----  [OUT]
2021/10/06 21:30:16:307

I can't connect with the passive [192.168.100.113/5000] error_code:10060 !

<<<----  [OUT]
2021/10/06 21:30:18:783

Connecting Started...

<<<----  [OUT]
2021/10/06 21:30:39:831

I can't connect with the passive [192.168.100.113/5000] error_code:10060 !

<<<----  [OUT]
2021/10/06 21:30:42:315

Connecting Started...

<<<----  [OUT]
2021/10/06 21:31:03:361

I can't connect with the passive [192.168.100.113/5000] error_code:10060 !

<<<----  [OUT]
2021/10/06 21:31:05:846

Connecting Started...

<<<----  [OUT]
2021/10/06 21:31:26:884

I can't connect with the passive [192.168.100.113/5000] error_code:10060 !

<<<----  [OUT]
2021/10/06 21:31:29:361

Connecting Started...

<<<----  [OUT]
2021/10/06 21:31:50:411

I can't connect with the passive [192.168.100.113/5000] error_code:10060 !

<<<----  [OUT]
2021/10/06 21:31:52:894

Connecting Started...

<<<----  [OUT]
2021/10/06 21:32:13:930

I can't connect with the passive [192.168.100.113/5000] error_code:10060 !

<<<----  [OUT]
2021/10/06 21:32:16:409

Connecting Started...

<<<----  [OUT]
2021/10/06 21:32:37:454

I can't connect with the passive [192.168.100.113/5000] error_code:10060 !

<<<----  [OUT]
2021/10/06 21:32:39:940

Connecting Started...

<<<----  [OUT]
2021/10/06 21:33:00:975

I can't connect with the passive [192.168.100.113/5000] error_code:10060 !

<<<----  [OUT]
2021/10/06 21:33:03:455

Connecting Started...

<<<----  [OUT]
2021/10/06 21:33:24:491

I can't connect with the passive [192.168.100.113/5000] error_code:10060 !

<<<----  [OUT]
2021/10/06 21:33:26:972

Connecting Started...

<<<----  [OUT]
2021/10/06 21:33:48:004

I can't connect with the passive [192.168.100.113/5000] error_code:10060 !

<<<----  [OUT]
2021/10/06 21:33:50:487

Connecting Started...

<<<----  [OUT]
2021/10/06 21:34:11:525

I can't connect with the passive [192.168.100.113/5000] error_code:10060 !

<<<----  [OUT]
2021/10/06 21:34:14:002

Connecting Started...

<<<----  [OUT]
2021/10/06 21:34:35:051

I can't connect with the passive [192.168.100.113/5000] error_code:10060 !

<<<----  [OUT]
2021/10/06 21:34:37:533

Connecting Started...

<<<----  [OUT]
2021/10/06 21:34:58:570

I can't connect with the passive [192.168.100.113/5000] error_code:10060 !

<<<----  [OUT]
2021/10/06 21:35:01:049

Connecting Started...

<<<----  [OUT]
2021/10/06 21:35:22:095

I can't connect with the passive [192.168.100.113/5000] error_code:10060 !

<<<----  [OUT]
2021/10/06 21:35:24:581

Connecting Started...

<<<----  [OUT]
2021/10/06 21:35:45:612

I can't connect with the passive [192.168.100.113/5000] error_code:10060 !

<<<----  [OUT]
2021/10/06 21:35:48:096

Connecting Started...

<<<----  [OUT]
2021/10/06 21:36:09:120

I can't connect with the passive [192.168.100.113/5000] error_code:10060 !

<<<----  [OUT]
2021/10/06 21:36:11:613

Connecting Started...

<<<----  [OUT]
2021/10/06 21:36:32:653

I can't connect with the passive [192.168.100.113/5000] error_code:10060 !

<<<----  [OUT]
2021/10/06 21:36:35:144

Connecting Started...

<<<----  [OUT]
2021/10/06 21:38:02:846

---------------------------------------------------------------------
// FA : Start Log ...


<<<----  [OUT]
2021/10/06 21:38:02:854

//-------------------------------------------------------------
Property Information

   Driver Type [HSMS]
   Driver Mode [ACTIVE]
   IP    [192.168.100.113]
   Port  [5000]
//-------------------------------------------------------------


<<<----  [OUT]
2021/10/06 21:38:03:457

Auto-Start Started ... (Active)

<<<----  [OUT]
2021/10/06 21:38:03:547

Auto-Start Started ...  Waiting Stop-Connection.

<<<----  [OUT]
2021/10/06 21:38:03:547

Auto-Start Started ...  Waiting Open-Socket.

<<<----  [OUT]
2021/10/06 21:38:03:573

Socket Open Started...

<<<----  [OUT]
2021/10/06 21:38:03:573

Socket Open Completed...

<<<----  [OUT]
2021/10/06 21:38:03:573

Connecting Started...

<<<----  [OUT]
2021/10/06 21:38:03:638

Auto-Start Completed ...  (Active)

<<<----  [OUT]
2021/10/06 21:38:24:601

I can't connect with the passive [192.168.100.113/5000] error_code:10060 !

<<<----  [OUT]
2021/10/06 21:38:27:082

Connecting Started...

<<<----  [OUT]
2021/10/06 21:38:48:104

I can't connect with the passive [192.168.100.113/5000] error_code:10060 !

<<<----  [OUT]
2021/10/06 21:38:50:582

Connecting Started...

<<<----  [OUT]
2021/10/06 21:39:11:615

I can't connect with the passive [192.168.100.113/5000] error_code:10060 !

<<<----  [OUT]
2021/10/06 21:39:14:097

Connecting Started...

<<<----  [OUT]
2021/10/06 21:39:35:139

I can't connect with the passive [192.168.100.113/5000] error_code:10060 !

<<<----  [OUT]
2021/10/06 21:39:37:627

Connecting Started...

<<<----  [OUT]
2021/10/06 21:39:58:657

I can't connect with the passive [192.168.100.113/5000] error_code:10060 !

<<<----  [OUT]
2021/10/06 21:40:01:144

Connecting Started...

<<<----  [OUT]
2021/10/06 21:40:22:154

I can't connect with the passive [192.168.100.113/5000] error_code:10060 !

<<<----  [OUT]
2021/10/06 21:40:24:643

Connecting Started...

<<<----  [OUT]
2021/10/06 21:40:45:682

I can't connect with the passive [192.168.100.113/5000] error_code:10060 !

<<<----  [OUT]
2021/10/06 21:40:48:160

Connecting Started...

<<<----  [OUT]
2021/10/06 21:41:09:207

I can't connect with the passive [192.168.100.113/5000] error_code:10060 !

<<<----  [OUT]
2021/10/06 21:41:11:691

Connecting Started...

<<<----  [OUT]
2021/10/06 21:41:32:712

I can't connect with the passive [192.168.100.113/5000] error_code:10060 !

<<<----  [OUT]
2021/10/06 21:41:35:191

Connecting Started...

<<<----  [OUT]
2021/10/06 21:41:56:234

I can't connect with the passive [192.168.100.113/5000] error_code:10060 !

<<<----  [OUT]
2021/10/06 21:41:58:722

Connecting Started...

<<<----  [OUT]
2021/10/06 21:42:19:770

I can't connect with the passive [192.168.100.113/5000] error_code:10060 !

<<<----  [OUT]
2021/10/06 21:42:22:252

Connecting Started...

<<<----  [OUT]
2021/10/06 21:42:43:291

I can't connect with the passive [192.168.100.113/5000] error_code:10060 !

<<<----  [OUT]
2021/10/06 21:42:45:769

Connecting Started...

<<<----  [OUT]
2021/10/06 21:43:06:817

I can't connect with the passive [192.168.100.113/5000] error_code:10060 !

<<<----  [OUT]
2021/10/06 21:43:09:299

Connecting Started...

<<<----  [OUT]
2021/10/06 21:43:30:325

I can't connect with the passive [192.168.100.113/5000] error_code:10060 !

<<<----  [OUT]
2021/10/06 21:43:32:814

Connecting Started...

<<<----  [OUT]
2021/10/06 21:43:53:866

I can't connect with the passive [192.168.100.113/5000] error_code:10060 !

<<<----  [OUT]
2021/10/06 21:43:56:346

Connecting Started...

<<<----  [OUT]
2021/10/06 21:44:17:391

I can't connect with the passive [192.168.100.113/5000] error_code:10060 !

<<<----  [OUT]
2021/10/06 21:44:19:878

Connecting Started...

<<<----  [OUT]
2021/10/06 21:44:40:928

I can't connect with the passive [192.168.100.113/5000] error_code:10060 !

<<<----  [OUT]
2021/10/06 21:44:43:408

Connecting Started...

<<<----  [OUT]
2021/10/06 21:46:28:596

---------------------------------------------------------------------
// FA : Start Log ...


<<<----  [OUT]
2021/10/06 21:46:28:604

//-------------------------------------------------------------
Property Information

   Driver Type [HSMS]
   Driver Mode [ACTIVE]
   IP    [192.168.100.113]
   Port  [5000]
//-------------------------------------------------------------


<<<----  [OUT]
2021/10/06 21:46:29:207

Auto-Start Started ... (Active)

<<<----  [OUT]
2021/10/06 21:46:29:297

Auto-Start Started ...  Waiting Stop-Connection.

<<<----  [OUT]
2021/10/06 21:46:29:297

Auto-Start Started ...  Waiting Open-Socket.

<<<----  [OUT]
2021/10/06 21:46:29:322

Socket Open Started...

<<<----  [OUT]
2021/10/06 21:46:29:322

Socket Open Completed...

<<<----  [OUT]
2021/10/06 21:46:29:322

Connecting Started...

<<<----  [OUT]
2021/10/06 21:46:29:388

Auto-Start Completed ...  (Active)

<<<----  [OUT]
2021/10/06 21:46:50:376

I can't connect with the passive [192.168.100.113/5000] error_code:10060 !

<<<----  [OUT]
2021/10/06 21:46:52:861

Connecting Started...

<<<----  [OUT]
2021/10/06 21:47:13:911

I can't connect with the passive [192.168.100.113/5000] error_code:10060 !

<<<----  [OUT]
2021/10/06 21:47:16:392

Connecting Started...

<<<----  [OUT]
2021/10/06 21:47:37:429

I can't connect with the passive [192.168.100.113/5000] error_code:10060 !

<<<----  [OUT]
2021/10/06 21:47:39:909

Connecting Started...

<<<----  [OUT]
2021/10/06 21:48:00:950

I can't connect with the passive [192.168.100.113/5000] error_code:10060 !

<<<----  [OUT]
2021/10/06 21:48:03:440

Connecting Started...

<<<----  [OUT]
2021/10/06 21:48:24:467

I can't connect with the passive [192.168.100.113/5000] error_code:10060 !

<<<----  [OUT]
2021/10/06 21:48:26:955

Connecting Started...

<<<----  [OUT]
2021/10/06 21:48:48:000

I can't connect with the passive [192.168.100.113/5000] error_code:10060 !

<<<----  [OUT]
2021/10/06 21:48:50:486

Connecting Started...

<<<----  [OUT]
2021/10/06 21:49:11:530

I can't connect with the passive [192.168.100.113/5000] error_code:10060 !

<<<----  [OUT]
2021/10/06 21:49:14:018

Connecting Started...

<<<----  [OUT]
2021/10/06 21:49:35:055

I can't connect with the passive [192.168.100.113/5000] error_code:10060 !

<<<----  [OUT]
2021/10/06 21:49:37:534

Connecting Started...

<<<----  [OUT]
2021/10/06 21:49:58:571

I can't connect with the passive [192.168.100.113/5000] error_code:10060 !

<<<----  [OUT]
2021/10/06 21:50:01:049

Connecting Started...

<<<----  [OUT]
2021/10/06 21:50:22:079

I can't connect with the passive [192.168.100.113/5000] error_code:10060 !

<<<----  [OUT]
2021/10/06 21:50:24:565

Connecting Started...

<<<----  [OUT]
2021/10/06 21:50:45:599

I can't connect with the passive [192.168.100.113/5000] error_code:10060 !

<<<----  [OUT]
2021/10/06 21:50:48:081

Connecting Started...

<<<----  [OUT]
2021/10/06 21:51:43:291

---------------------------------------------------------------------
// FA : Start Log ...


<<<----  [OUT]
2021/10/06 21:51:43:300

//-------------------------------------------------------------
Property Information

   Driver Type [HSMS]
   Driver Mode [ACTIVE]
   IP    [192.168.100.113]
   Port  [5000]
//-------------------------------------------------------------


<<<----  [OUT]
2021/10/06 21:51:43:901

Auto-Start Started ... (Active)

<<<----  [OUT]
2021/10/06 21:51:43:992

Auto-Start Started ...  Waiting Stop-Connection.

<<<----  [OUT]
2021/10/06 21:51:43:992

Auto-Start Started ...  Waiting Open-Socket.

<<<----  [OUT]
2021/10/06 21:51:44:017

Socket Open Started...

<<<----  [OUT]
2021/10/06 21:51:44:017

Socket Open Completed...

<<<----  [OUT]
2021/10/06 21:51:44:017

Connecting Started...

<<<----  [OUT]
2021/10/06 21:51:44:082

Auto-Start Completed ...  (Active)

<<<----  [OUT]
2021/10/06 21:52:05:070

I can't connect with the passive [192.168.100.113/5000] error_code:10060 !

<<<----  [OUT]
2021/10/06 21:52:07:550

Connecting Started...

<<<----  [OUT]
2021/10/06 21:52:28:589

I can't connect with the passive [192.168.100.113/5000] error_code:10060 !

<<<----  [OUT]
2021/10/06 21:52:31:065

Connecting Started...

<<<----  [OUT]
2021/10/06 21:52:52:122

I can't connect with the passive [192.168.100.113/5000] error_code:10060 !

<<<----  [OUT]
2021/10/06 21:52:54:613

Connecting Started...

<<<----  [OUT]
2021/10/06 21:53:15:657

I can't connect with the passive [192.168.100.113/5000] error_code:10060 !

<<<----  [OUT]
2021/10/06 21:53:18:144

Connecting Started...

<<<----  [OUT]
2021/10/06 21:53:39:181

I can't connect with the passive [192.168.100.113/5000] error_code:10060 !

<<<----  [OUT]
2021/10/06 21:53:41:658

Connecting Started...

<<<----  [OUT]
2021/10/06 21:54:02:701

I can't connect with the passive [192.168.100.113/5000] error_code:10060 !

<<<----  [OUT]
2021/10/06 21:54:05:191

Connecting Started...

<<<----  [OUT]
2021/10/06 21:54:26:223

I can't connect with the passive [192.168.100.113/5000] error_code:10060 !

<<<----  [OUT]
2021/10/06 21:54:28:705

Connecting Started...

<<<----  [OUT]
2021/10/06 21:54:49:739

I can't connect with the passive [192.168.100.113/5000] error_code:10060 !

<<<----  [OUT]
2021/10/06 21:54:52:221

Connecting Started...

<<<----  [OUT]
2021/10/06 21:55:13:262

I can't connect with the passive [192.168.100.113/5000] error_code:10060 !

<<<----  [OUT]
2021/10/06 21:55:15:752

Connecting Started...

<<<----  [OUT]
2021/10/06 21:55:36:798

I can't connect with the passive [192.168.100.113/5000] error_code:10060 !

<<<----  [OUT]
2021/10/06 21:55:39:284

Connecting Started...
