
<<<----  [OUT]
2020/08/28 19:00:20:878

I can't connect with the passive [192.168.100.113/5000] error_code:10060 !

<<<----  [OUT]
2020/08/28 19:00:23:358

Connecting Started...

<<<----  [OUT]
2020/08/28 19:00:44:403

I can't connect with the passive [192.168.100.113/5000] error_code:10060 !

<<<----  [OUT]
2020/08/28 19:00:46:888

Connecting Started...

<<<----  [OUT]
2020/08/28 19:01:07:930

I can't connect with the passive [192.168.100.113/5000] error_code:10060 !

<<<----  [OUT]
2020/08/28 19:01:10:420

Connecting Started...

<<<----  [OUT]
2020/08/28 19:01:31:447

I can't connect with the passive [192.168.100.113/5000] error_code:10060 !

<<<----  [OUT]
2020/08/28 19:01:33:934

Connecting Started...

<<<----  [OUT]
2020/08/28 19:01:54:976

I can't connect with the passive [192.168.100.113/5000] error_code:10060 !

<<<----  [OUT]
2020/08/28 19:01:57:467

Connecting Started...

<<<----  [OUT]
2020/08/28 19:02:18:504

I can't connect with the passive [192.168.100.113/5000] error_code:10060 !

<<<----  [OUT]
2020/08/28 19:02:20:982

Connecting Started...

<<<----  [OUT]
2020/08/28 19:02:42:017

I can't connect with the passive [192.168.100.113/5000] error_code:10060 !

<<<----  [OUT]
2020/08/28 19:02:44:498

Connecting Started...

<<<----  [OUT]
2020/08/28 19:03:05:522

I can't connect with the passive [192.168.100.113/5000] error_code:10060 !

<<<----  [OUT]
2020/08/28 19:03:08:013

Connecting Started...

<<<----  [OUT]
2020/08/28 19:03:29:069

I can't connect with the passive [192.168.100.113/5000] error_code:10060 !

<<<----  [OUT]
2020/08/28 19:03:31:559

Connecting Started...

<<<----  [OUT]
2020/08/28 19:03:52:602

I can't connect with the passive [192.168.100.113/5000] error_code:10060 !

<<<----  [OUT]
2020/08/28 19:03:55:091

Connecting Started...

<<<----  [OUT]
2020/08/28 19:04:16:131

I can't connect with the passive [192.168.100.113/5000] error_code:10060 !

<<<----  [OUT]
2020/08/28 19:04:18:607

Connecting Started...

<<<----  [OUT]
2020/08/28 19:04:39:632

I can't connect with the passive [192.168.100.113/5000] error_code:10060 !

<<<----  [OUT]
2020/08/28 19:04:42:122

Connecting Started...

<<<----  [OUT]
2020/08/28 19:05:03:142

I can't connect with the passive [192.168.100.113/5000] error_code:10060 !

<<<----  [OUT]
2020/08/28 19:05:05:623

Connecting Started...

<<<----  [OUT]
2020/08/28 19:05:26:659

I can't connect with the passive [192.168.100.113/5000] error_code:10060 !

<<<----  [OUT]
2020/08/28 19:05:29:138

Connecting Started...

<<<----  [OUT]
2020/08/28 19:05:50:185

I can't connect with the passive [192.168.100.113/5000] error_code:10060 !

<<<----  [OUT]
2020/08/28 19:05:52:669

Connecting Started...

<<<----  [OUT]
2020/08/28 19:06:13:718

I can't connect with the passive [192.168.100.113/5000] error_code:10060 !

<<<----  [OUT]
2020/08/28 19:06:16:200

Connecting Started...

<<<----  [OUT]
2020/08/28 19:06:37:222

I can't connect with the passive [192.168.100.113/5000] error_code:10060 !

<<<----  [OUT]
2020/08/28 19:06:39:700

Connecting Started...

<<<----  [OUT]
2020/08/28 19:07:00:761

I can't connect with the passive [192.168.100.113/5000] error_code:10060 !

<<<----  [OUT]
2020/08/28 19:07:03:247

Connecting Started...

<<<----  [OUT]
2020/08/28 19:07:24:288

I can't connect with the passive [192.168.100.113/5000] error_code:10060 !

<<<----  [OUT]
2020/08/28 19:07:26:779

Connecting Started...

<<<----  [OUT]
2020/08/28 19:07:47:814

I can't connect with the passive [192.168.100.113/5000] error_code:10060 !

<<<----  [OUT]
2020/08/28 19:07:50:294

Connecting Started...

<<<----  [OUT]
2020/08/28 19:08:11:317

I can't connect with the passive [192.168.100.113/5000] error_code:10060 !

<<<----  [OUT]
2020/08/28 19:08:13:794

Connecting Started...

<<<----  [OUT]
2020/08/28 19:08:34:840

I can't connect with the passive [192.168.100.113/5000] error_code:10060 !

<<<----  [OUT]
2020/08/28 19:08:37:325

Connecting Started...

<<<----  [OUT]
2020/08/28 19:08:58:378

I can't connect with the passive [192.168.100.113/5000] error_code:10060 !

<<<----  [OUT]
2020/08/28 19:09:00:857

Connecting Started...

<<<----  [OUT]
2020/08/28 19:09:21:895

I can't connect with the passive [192.168.100.113/5000] error_code:10060 !

<<<----  [OUT]
2020/08/28 19:09:24:372

Connecting Started...

<<<----  [OUT]
2020/08/28 19:09:45:418

I can't connect with the passive [192.168.100.113/5000] error_code:10060 !

<<<----  [OUT]
2020/08/28 19:09:47:903

Connecting Started...

<<<----  [OUT]
2020/08/28 19:10:08:937

I can't connect with the passive [192.168.100.113/5000] error_code:10060 !

<<<----  [OUT]
2020/08/28 19:10:11:420

Connecting Started...

<<<----  [OUT]
2020/08/28 19:10:32:453

I can't connect with the passive [192.168.100.113/5000] error_code:10060 !

<<<----  [OUT]
2020/08/28 19:10:34:935

Connecting Started...

<<<----  [OUT]
2020/08/28 19:10:55:953

I can't connect with the passive [192.168.100.113/5000] error_code:10060 !

<<<----  [OUT]
2020/08/28 19:10:58:435

Connecting Started...

<<<----  [OUT]
2020/08/28 19:11:19:480

I can't connect with the passive [192.168.100.113/5000] error_code:10060 !

<<<----  [OUT]
2020/08/28 19:11:21:966

Connecting Started...

<<<----  [OUT]
2020/08/28 19:11:43:003

I can't connect with the passive [192.168.100.113/5000] error_code:10060 !

<<<----  [OUT]
2020/08/28 19:11:45:481

Connecting Started...

<<<----  [OUT]
2020/08/28 19:12:06:523

I can't connect with the passive [192.168.100.113/5000] error_code:10060 !

<<<----  [OUT]
2020/08/28 19:12:09:013

Connecting Started...

<<<----  [OUT]
2020/08/28 19:12:30:074

I can't connect with the passive [192.168.100.113/5000] error_code:10060 !

<<<----  [OUT]
2020/08/28 19:12:32:560

Connecting Started...

<<<----  [OUT]
2020/08/28 19:12:53:595

I can't connect with the passive [192.168.100.113/5000] error_code:10060 !

<<<----  [OUT]
2020/08/28 19:12:56:076

Connecting Started...

<<<----  [OUT]
2020/08/28 19:13:17:121

I can't connect with the passive [192.168.100.113/5000] error_code:10060 !

<<<----  [OUT]
2020/08/28 19:13:19:607

Connecting Started...

<<<----  [OUT]
2020/08/28 19:13:40:648

I can't connect with the passive [192.168.100.113/5000] error_code:10060 !

<<<----  [OUT]
2020/08/28 19:13:43:138

Connecting Started...

<<<----  [OUT]
2020/08/28 19:42:57:245

---------------------------------------------------------------------
// FA : Start Log ...


<<<----  [OUT]
2020/08/28 19:42:57:249

//-------------------------------------------------------------
Property Information

   Driver Type [HSMS]
   Driver Mode [ACTIVE]
   IP    [192.168.100.113]
   Port  [5000]
//-------------------------------------------------------------


<<<----  [OUT]
2020/08/28 19:42:57:851

Auto-Start Started ... (Active)

<<<----  [OUT]
2020/08/28 19:42:57:942

Auto-Start Started ...  Waiting Stop-Connection.

<<<----  [OUT]
2020/08/28 19:42:57:942

Auto-Start Started ...  Waiting Open-Socket.

<<<----  [OUT]
2020/08/28 19:42:57:971

Socket Open Started...

<<<----  [OUT]
2020/08/28 19:42:57:971

Socket Open Completed...

<<<----  [OUT]
2020/08/28 19:42:57:971

Connecting Started...

<<<----  [OUT]
2020/08/28 19:42:58:032

Auto-Start Completed ...  (Active)

<<<----  [OUT]
2020/08/28 19:43:19:017

I can't connect with the passive [192.168.100.113/5000] error_code:10060 !

<<<----  [OUT]
2020/08/28 19:43:21:498

Connecting Started...

<<<----  [OUT]
2020/08/28 19:43:42:523

I can't connect with the passive [192.168.100.113/5000] error_code:10060 !

<<<----  [OUT]
2020/08/28 19:43:45:013

Connecting Started...

<<<----  [OUT]
2020/08/28 19:44:06:058

I can't connect with the passive [192.168.100.113/5000] error_code:10060 !

<<<----  [OUT]
2020/08/28 19:44:08:545

Connecting Started...

<<<----  [OUT]
2020/08/28 19:44:29:577

I can't connect with the passive [192.168.100.113/5000] error_code:10060 !

<<<----  [OUT]
2020/08/28 19:44:32:061

Connecting Started...

<<<----  [OUT]
2020/08/28 19:44:53:097

I can't connect with the passive [192.168.100.113/5000] error_code:10060 !

<<<----  [OUT]
2020/08/28 19:44:55:575

Connecting Started...

<<<----  [OUT]
2020/08/28 19:45:16:612

I can't connect with the passive [192.168.100.113/5000] error_code:10060 !

<<<----  [OUT]
2020/08/28 19:45:19:091

Connecting Started...

<<<----  [OUT]
2020/08/28 19:45:40:130

I can't connect with the passive [192.168.100.113/5000] error_code:10060 !

<<<----  [OUT]
2020/08/28 19:45:42:607

Connecting Started...

<<<----  [OUT]
2020/08/28 19:46:03:669

I can't connect with the passive [192.168.100.113/5000] error_code:10060 !

<<<----  [OUT]
2020/08/28 19:46:06:154

Connecting Started...

<<<----  [OUT]
2020/08/28 19:46:27:175

I can't connect with the passive [192.168.100.113/5000] error_code:10060 !

<<<----  [OUT]
2020/08/28 19:46:29:653

Connecting Started...

<<<----  [OUT]
2020/08/28 19:46:50:693

I can't connect with the passive [192.168.100.113/5000] error_code:10060 !

<<<----  [OUT]
2020/08/28 19:46:53:170

Connecting Started...

<<<----  [OUT]
2020/08/28 19:47:14:194

I can't connect with the passive [192.168.100.113/5000] error_code:10060 !

<<<----  [OUT]
2020/08/28 19:47:16:685

Connecting Started...

<<<----  [OUT]
2020/08/28 19:47:37:740

I can't connect with the passive [192.168.100.113/5000] error_code:10060 !

<<<----  [OUT]
2020/08/28 19:47:40:217

Connecting Started...

<<<----  [OUT]
2020/08/28 19:48:01:237

I can't connect with the passive [192.168.100.113/5000] error_code:10060 !

<<<----  [OUT]
2020/08/28 19:48:03:716

Connecting Started...

<<<----  [OUT]
2020/08/28 19:48:24:755

I can't connect with the passive [192.168.100.113/5000] error_code:10060 !

<<<----  [OUT]
2020/08/28 19:48:27:232

Connecting Started...

<<<----  [OUT]
2020/08/28 19:48:48:270

I can't connect with the passive [192.168.100.113/5000] error_code:10060 !

<<<----  [OUT]
2020/08/28 19:48:50:747

Connecting Started...

<<<----  [OUT]
2020/08/28 19:49:11:787

I can't connect with the passive [192.168.100.113/5000] error_code:10060 !

<<<----  [OUT]
2020/08/28 19:49:14:279

Connecting Started...

<<<----  [OUT]
2020/08/28 19:49:35:321

I can't connect with the passive [192.168.100.113/5000] error_code:10060 !

<<<----  [OUT]
2020/08/28 19:49:37:810

Connecting Started...

<<<----  [OUT]
2020/08/28 19:49:58:864

I can't connect with the passive [192.168.100.113/5000] error_code:10060 !

<<<----  [OUT]
2020/08/28 19:50:01:341

Connecting Started...

<<<----  [OUT]
2020/08/28 19:50:22:370

I can't connect with the passive [192.168.100.113/5000] error_code:10060 !

<<<----  [OUT]
2020/08/28 19:50:24:856

Connecting Started...

<<<----  [OUT]
2020/08/28 19:50:45:896

I can't connect with the passive [192.168.100.113/5000] error_code:10060 !

<<<----  [OUT]
2020/08/28 19:50:48:372

Connecting Started...

<<<----  [OUT]
2020/08/28 19:51:09:413

I can't connect with the passive [192.168.100.113/5000] error_code:10060 !

<<<----  [OUT]
2020/08/28 19:51:11:903

Connecting Started...

<<<----  [OUT]
2020/08/28 19:51:32:938

I can't connect with the passive [192.168.100.113/5000] error_code:10060 !

<<<----  [OUT]
2020/08/28 19:51:35:419

Connecting Started...

<<<----  [OUT]
2020/08/28 19:51:56:435

I can't connect with the passive [192.168.100.113/5000] error_code:10060 !

<<<----  [OUT]
2020/08/28 19:51:58:919

Connecting Started...

<<<----  [OUT]
2020/08/28 19:52:19:943

I can't connect with the passive [192.168.100.113/5000] error_code:10060 !

<<<----  [OUT]
2020/08/28 19:52:22:435

Connecting Started...

<<<----  [OUT]
2020/08/28 19:52:43:466

I can't connect with the passive [192.168.100.113/5000] error_code:10060 !

<<<----  [OUT]
2020/08/28 19:52:45:951

Connecting Started...

<<<----  [OUT]
2020/08/28 19:53:06:989

I can't connect with the passive [192.168.100.113/5000] error_code:10060 !

<<<----  [OUT]
2020/08/28 19:53:09:467

Connecting Started...

<<<----  [OUT]
2020/08/28 19:53:30:499

I can't connect with the passive [192.168.100.113/5000] error_code:10060 !

<<<----  [OUT]
2020/08/28 19:53:32:982

Connecting Started...
