
<<<----  [OUT]
2020/08/28 18:43:31:164

---------------------------------------------------------------------
// FA : Start Log ...


<<<----  [OUT]
2020/08/28 18:43:31:168

//-------------------------------------------------------------
Property Information

   Driver Type [HSMS]
   Driver Mode [ACTIVE]
   IP    [192.168.100.113]
   Port  [5000]
//-------------------------------------------------------------


<<<----  [OUT]
2020/08/28 18:43:31:770

Auto-Start Started ... (Active)

<<<----  [OUT]
2020/08/28 18:43:31:860

Auto-Start Started ...  Waiting Stop-Connection.

<<<----  [OUT]
2020/08/28 18:43:31:860

Auto-Start Started ...  Waiting Open-Socket.

<<<----  [OUT]
2020/08/28 18:43:31:890

Socket Open Started...

<<<----  [OUT]
2020/08/28 18:43:31:890

Socket Open Completed...

<<<----  [OUT]
2020/08/28 18:43:31:890

Connecting Started...

<<<----  [OUT]
2020/08/28 18:43:31:951

Auto-Start Completed ...  (Active)

<<<----  [OUT]
2020/08/28 18:43:52:940

I can't connect with the passive [192.168.100.113/5000] error_code:10060 !

<<<----  [OUT]
2020/08/28 18:43:55:418

Connecting Started...

<<<----  [OUT]
2020/08/28 18:44:16:448

I can't connect with the passive [192.168.100.113/5000] error_code:10060 !

<<<----  [OUT]
2020/08/28 18:44:18:935

Connecting Started...

<<<----  [OUT]
2020/08/28 18:44:39:967

I can't connect with the passive [192.168.100.113/5000] error_code:10060 !

<<<----  [OUT]
2020/08/28 18:44:42:450

Connecting Started...

<<<----  [OUT]
2020/08/28 18:45:03:478

I can't connect with the passive [192.168.100.113/5000] error_code:10060 !

<<<----  [OUT]
2020/08/28 18:45:05:966

Connecting Started...

<<<----  [OUT]
2020/08/28 18:45:27:012

I can't connect with the passive [192.168.100.113/5000] error_code:10060 !

<<<----  [OUT]
2020/08/28 18:45:29:496

Connecting Started...

<<<----  [OUT]
2020/08/28 18:45:50:536

I can't connect with the passive [192.168.100.113/5000] error_code:10060 !

<<<----  [OUT]
2020/08/28 18:45:53:014

Connecting Started...

<<<----  [OUT]
2020/08/28 18:46:14:059

I can't connect with the passive [192.168.100.113/5000] error_code:10060 !

<<<----  [OUT]
2020/08/28 18:46:16:544

Connecting Started...

<<<----  [OUT]
2020/08/28 18:46:37:599

I can't connect with the passive [192.168.100.113/5000] error_code:10060 !

<<<----  [OUT]
2020/08/28 18:46:40:076

Connecting Started...

<<<----  [OUT]
2020/08/28 18:47:01:110

I can't connect with the passive [192.168.100.113/5000] error_code:10060 !

<<<----  [OUT]
2020/08/28 18:47:03:591

Connecting Started...

<<<----  [OUT]
2020/08/28 18:47:24:626

I can't connect with the passive [192.168.100.113/5000] error_code:10060 !

<<<----  [OUT]
2020/08/28 18:47:27:107

Connecting Started...

<<<----  [OUT]
2020/08/28 18:47:48:132

I can't connect with the passive [192.168.100.113/5000] error_code:10060 !

<<<----  [OUT]
2020/08/28 18:47:50:621

Connecting Started...

<<<----  [OUT]
2020/08/28 18:48:11:671

I can't connect with the passive [192.168.100.113/5000] error_code:10060 !

<<<----  [OUT]
2020/08/28 18:48:14:153

Connecting Started...

<<<----  [OUT]
2020/08/28 18:48:35:205

I can't connect with the passive [192.168.100.113/5000] error_code:10060 !

<<<----  [OUT]
2020/08/28 18:48:37:685

Connecting Started...

<<<----  [OUT]
2020/08/28 18:48:58:709

I can't connect with the passive [192.168.100.113/5000] error_code:10060 !

<<<----  [OUT]
2020/08/28 18:49:01:200

Connecting Started...

<<<----  [OUT]
2020/08/28 18:49:22:232

I can't connect with the passive [192.168.100.113/5000] error_code:10060 !

<<<----  [OUT]
2020/08/28 18:49:24:716

Connecting Started...

<<<----  [OUT]
2020/08/28 18:49:45:758

I can't connect with the passive [192.168.100.113/5000] error_code:10060 !

<<<----  [OUT]
2020/08/28 18:49:48:248

Connecting Started...

<<<----  [OUT]
2020/08/28 18:50:09:293

I can't connect with the passive [192.168.100.113/5000] error_code:10060 !

<<<----  [OUT]
2020/08/28 18:50:11:778

Connecting Started...

<<<----  [OUT]
2020/08/28 18:50:32:822

I can't connect with the passive [192.168.100.113/5000] error_code:10060 !

<<<----  [OUT]
2020/08/28 18:50:35:309

Connecting Started...

<<<----  [OUT]
2020/08/28 18:50:56:350

I can't connect with the passive [192.168.100.113/5000] error_code:10060 !

<<<----  [OUT]
2020/08/28 18:50:58:841

Connecting Started...

<<<----  [OUT]
2020/08/28 18:51:19:895

I can't connect with the passive [192.168.100.113/5000] error_code:10060 !

<<<----  [OUT]
2020/08/28 18:51:22:373

Connecting Started...

<<<----  [OUT]
2020/08/28 18:51:43:422

I can't connect with the passive [192.168.100.113/5000] error_code:10060 !

<<<----  [OUT]
2020/08/28 18:51:45:903

Connecting Started...

<<<----  [OUT]
2020/08/28 18:52:06:958

I can't connect with the passive [192.168.100.113/5000] error_code:10060 !

<<<----  [OUT]
2020/08/28 18:52:09:435

Connecting Started...

<<<----  [OUT]
2020/08/28 18:52:30:462

I can't connect with the passive [192.168.100.113/5000] error_code:10060 !

<<<----  [OUT]
2020/08/28 18:52:32:951

Connecting Started...

<<<----  [OUT]
2020/08/28 18:52:53:995

I can't connect with the passive [192.168.100.113/5000] error_code:10060 !

<<<----  [OUT]
2020/08/28 18:52:56:482

Connecting Started...

<<<----  [OUT]
2020/08/28 18:53:17:537

I can't connect with the passive [192.168.100.113/5000] error_code:10060 !

<<<----  [OUT]
2020/08/28 18:53:20:029

Connecting Started...

<<<----  [OUT]
2020/08/28 18:53:41:066

I can't connect with the passive [192.168.100.113/5000] error_code:10060 !

<<<----  [OUT]
2020/08/28 18:53:43:544

Connecting Started...

<<<----  [OUT]
2020/08/28 18:54:04:581

I can't connect with the passive [192.168.100.113/5000] error_code:10060 !

<<<----  [OUT]
2020/08/28 18:54:07:059

Connecting Started...

<<<----  [OUT]
2020/08/28 18:54:28:097

I can't connect with the passive [192.168.100.113/5000] error_code:10060 !

<<<----  [OUT]
2020/08/28 18:54:30:575

Connecting Started...

<<<----  [OUT]
2020/08/28 18:54:51:618

I can't connect with the passive [192.168.100.113/5000] error_code:10060 !

<<<----  [OUT]
2020/08/28 18:54:54:106

Connecting Started...

<<<----  [OUT]
2020/08/28 18:55:15:147

I can't connect with the passive [192.168.100.113/5000] error_code:10060 !

<<<----  [OUT]
2020/08/28 18:55:17:638

Connecting Started...

<<<----  [OUT]
2020/08/28 18:55:38:674

I can't connect with the passive [192.168.100.113/5000] error_code:10060 !

<<<----  [OUT]
2020/08/28 18:55:41:153

Connecting Started...

<<<----  [OUT]
2020/08/28 18:56:02:192

I can't connect with the passive [192.168.100.113/5000] error_code:10060 !

<<<----  [OUT]
2020/08/28 18:56:04:669

Connecting Started...

<<<----  [OUT]
2020/08/28 18:56:25:704

I can't connect with the passive [192.168.100.113/5000] error_code:10060 !

<<<----  [OUT]
2020/08/28 18:56:28:185

Connecting Started...

<<<----  [OUT]
2020/08/28 18:56:49:222

I can't connect with the passive [192.168.100.113/5000] error_code:10060 !

<<<----  [OUT]
2020/08/28 18:56:51:701

Connecting Started...

<<<----  [OUT]
2020/08/28 18:57:12:737

I can't connect with the passive [192.168.100.113/5000] error_code:10060 !

<<<----  [OUT]
2020/08/28 18:57:15:216

Connecting Started...

<<<----  [OUT]
2020/08/28 18:57:36:260

I can't connect with the passive [192.168.100.113/5000] error_code:10060 !

<<<----  [OUT]
2020/08/28 18:57:38:747

Connecting Started...

<<<----  [OUT]
2020/08/28 18:57:59:780

I can't connect with the passive [192.168.100.113/5000] error_code:10060 !

<<<----  [OUT]
2020/08/28 18:58:02:262

Connecting Started...

<<<----  [OUT]
2020/08/28 18:58:23:284

I can't connect with the passive [192.168.100.113/5000] error_code:10060 !

<<<----  [OUT]
2020/08/28 18:58:25:764

Connecting Started...

<<<----  [OUT]
2020/08/28 18:58:46:791

I can't connect with the passive [192.168.100.113/5000] error_code:10060 !

<<<----  [OUT]
2020/08/28 18:58:49:278

Connecting Started...

<<<----  [OUT]
2020/08/28 18:59:10:323

I can't connect with the passive [192.168.100.113/5000] error_code:10060 !

<<<----  [OUT]
2020/08/28 18:59:12:810

Connecting Started...

<<<----  [OUT]
2020/08/28 18:59:33:836

I can't connect with the passive [192.168.100.113/5000] error_code:10060 !

<<<----  [OUT]
2020/08/28 18:59:36:326

Connecting Started...

<<<----  [OUT]
2020/08/28 18:59:57:362

I can't connect with the passive [192.168.100.113/5000] error_code:10060 !

<<<----  [OUT]
2020/08/28 18:59:59:841

Connecting Started...
