
<<<----  [OUT]
2020/08/28 22:09:50:675

---------------------------------------------------------------------
// FA : Start Log ...


<<<----  [OUT]
2020/08/28 22:09:50:678

//-------------------------------------------------------------
Property Information

   Driver Type [HSMS]
   Driver Mode [ACTIVE]
   IP    [192.168.100.113]
   Port  [5000]
//-------------------------------------------------------------


<<<----  [OUT]
2020/08/28 22:09:51:280

Auto-Start Started ... (Active)

<<<----  [OUT]
2020/08/28 22:09:51:370

Auto-Start Started ...  Waiting Stop-Connection.

<<<----  [OUT]
2020/08/28 22:09:51:370

Auto-Start Started ...  Waiting Open-Socket.

<<<----  [OUT]
2020/08/28 22:09:51:402

Socket Open Started...

<<<----  [OUT]
2020/08/28 22:09:51:402

Socket Open Completed...

<<<----  [OUT]
2020/08/28 22:09:51:402

Connecting Started...

<<<----  [OUT]
2020/08/28 22:09:51:461

Auto-Start Completed ...  (Active)

<<<----  [OUT]
2020/08/28 22:10:12:452

I can't connect with the passive [192.168.100.113/5000] error_code:10060 !

<<<----  [OUT]
2020/08/28 22:10:14:934

Connecting Started...

<<<----  [OUT]
2020/08/28 22:10:35:977

I can't connect with the passive [192.168.100.113/5000] error_code:10060 !

<<<----  [OUT]
2020/08/28 22:10:38:465

Connecting Started...

<<<----  [OUT]
2020/08/28 22:10:59:500

I can't connect with the passive [192.168.100.113/5000] error_code:10060 !

<<<----  [OUT]
2020/08/28 22:11:01:982

Connecting Started...

<<<----  [OUT]
2020/08/28 22:11:23:025

I can't connect with the passive [192.168.100.113/5000] error_code:10060 !

<<<----  [OUT]
2020/08/28 22:11:25:513

Connecting Started...

<<<----  [OUT]
2020/08/28 22:11:46:546

I can't connect with the passive [192.168.100.113/5000] error_code:10060 !

<<<----  [OUT]
2020/08/28 22:11:49:028

Connecting Started...

<<<----  [OUT]
2020/08/28 22:12:10:047

I can't connect with the passive [192.168.100.113/5000] error_code:10060 !

<<<----  [OUT]
2020/08/28 22:12:12:528

Connecting Started...

<<<----  [OUT]
2020/08/28 22:12:33:583

I can't connect with the passive [192.168.100.113/5000] error_code:10060 !

<<<----  [OUT]
2020/08/28 22:12:36:059

Connecting Started...

<<<----  [OUT]
2020/08/28 22:12:57:112

I can't connect with the passive [192.168.100.113/5000] error_code:10060 !

<<<----  [OUT]
2020/08/28 22:12:59:590

Connecting Started...

<<<----  [OUT]
2020/08/28 22:13:20:626

I can't connect with the passive [192.168.100.113/5000] error_code:10060 !

<<<----  [OUT]
2020/08/28 22:13:23:107

Connecting Started...

<<<----  [OUT]
2020/08/28 22:13:44:143

I can't connect with the passive [192.168.100.113/5000] error_code:10060 !

<<<----  [OUT]
2020/08/28 22:13:46:622

Connecting Started...

<<<----  [OUT]
2020/08/28 22:14:07:666

I can't connect with the passive [192.168.100.113/5000] error_code:10060 !

<<<----  [OUT]
2020/08/28 22:14:10:154

Connecting Started...

<<<----  [OUT]
2020/08/28 22:14:31:196

I can't connect with the passive [192.168.100.113/5000] error_code:10060 !

<<<----  [OUT]
2020/08/28 22:14:33:686

Connecting Started...

<<<----  [OUT]
2020/08/28 22:14:54:743

I can't connect with the passive [192.168.100.113/5000] error_code:10060 !

<<<----  [OUT]
2020/08/28 22:14:57:232

Connecting Started...

<<<----  [OUT]
2020/08/28 22:15:18:259

I can't connect with the passive [192.168.100.113/5000] error_code:10060 !

<<<----  [OUT]
2020/08/28 22:15:20:748

Connecting Started...

<<<----  [OUT]
2020/08/28 22:15:41:798

I can't connect with the passive [192.168.100.113/5000] error_code:10060 !

<<<----  [OUT]
2020/08/28 22:15:44:278

Connecting Started...

<<<----  [OUT]
2020/08/28 22:16:05:325

I can't connect with the passive [192.168.100.113/5000] error_code:10060 !

<<<----  [OUT]
2020/08/28 22:16:07:809

Connecting Started...

<<<----  [OUT]
2020/08/28 22:16:28:822

I can't connect with the passive [192.168.100.113/5000] error_code:10060 !

<<<----  [OUT]
2020/08/28 22:16:31:309

Connecting Started...

<<<----  [OUT]
2020/08/28 22:16:52:359

I can't connect with the passive [192.168.100.113/5000] error_code:10060 !

<<<----  [OUT]
2020/08/28 22:16:54:842

Connecting Started...

<<<----  [OUT]
2020/08/28 22:17:15:863

I can't connect with the passive [192.168.100.113/5000] error_code:10060 !

<<<----  [OUT]
2020/08/28 22:17:18:341

Connecting Started...

<<<----  [OUT]
2020/08/28 22:17:39:383

I can't connect with the passive [192.168.100.113/5000] error_code:10060 !

<<<----  [OUT]
2020/08/28 22:17:41:872

Connecting Started...

<<<----  [OUT]
2020/08/28 22:18:02:907

I can't connect with the passive [192.168.100.113/5000] error_code:10060 !

<<<----  [OUT]
2020/08/28 22:18:05:389

Connecting Started...

<<<----  [OUT]
2020/08/28 22:18:26:430

I can't connect with the passive [192.168.100.113/5000] error_code:10060 !

<<<----  [OUT]
2020/08/28 22:18:28:920

Connecting Started...

<<<----  [OUT]
2020/08/28 22:18:49:957

I can't connect with the passive [192.168.100.113/5000] error_code:10060 !

<<<----  [OUT]
2020/08/28 22:18:52:435

Connecting Started...

<<<----  [OUT]
2020/08/28 22:19:13:477

I can't connect with the passive [192.168.100.113/5000] error_code:10060 !

<<<----  [OUT]
2020/08/28 22:19:15:965

Connecting Started...

<<<----  [OUT]
2020/08/28 22:19:37:015

I can't connect with the passive [192.168.100.113/5000] error_code:10060 !

<<<----  [OUT]
2020/08/28 22:19:39:497

Connecting Started...

<<<----  [OUT]
2020/08/28 22:20:00:523

I can't connect with the passive [192.168.100.113/5000] error_code:10060 !

<<<----  [OUT]
2020/08/28 22:20:03:013

Connecting Started...

<<<----  [OUT]
2020/08/28 22:20:24:039

I can't connect with the passive [192.168.100.113/5000] error_code:10060 !

<<<----  [OUT]
2020/08/28 22:20:26:529

Connecting Started...

<<<----  [OUT]
2020/08/28 22:20:47:552

I can't connect with the passive [192.168.100.113/5000] error_code:10060 !

<<<----  [OUT]
2020/08/28 22:20:50:044

Connecting Started...

<<<----  [OUT]
2020/08/28 22:21:11:066

I can't connect with the passive [192.168.100.113/5000] error_code:10060 !

<<<----  [OUT]
2020/08/28 22:21:13:545

Connecting Started...

<<<----  [OUT]
2020/08/28 22:21:34:580

I can't connect with the passive [192.168.100.113/5000] error_code:10060 !

<<<----  [OUT]
2020/08/28 22:21:37:060

Connecting Started...

<<<----  [OUT]
2020/08/28 22:21:58:096

I can't connect with the passive [192.168.100.113/5000] error_code:10060 !

<<<----  [OUT]
2020/08/28 22:22:00:576

Connecting Started...

<<<----  [OUT]
2020/08/28 22:22:21:618

I can't connect with the passive [192.168.100.113/5000] error_code:10060 !

<<<----  [OUT]
2020/08/28 22:22:24:107

Connecting Started...

<<<----  [OUT]
2020/08/28 22:22:45:145

I can't connect with the passive [192.168.100.113/5000] error_code:10060 !

<<<----  [OUT]
2020/08/28 22:22:47:623

Connecting Started...

<<<----  [OUT]
2020/08/28 22:23:08:656

I can't connect with the passive [192.168.100.113/5000] error_code:10060 !

<<<----  [OUT]
2020/08/28 22:23:11:137

Connecting Started...

<<<----  [OUT]
2020/08/28 22:23:32:180

I can't connect with the passive [192.168.100.113/5000] error_code:10060 !

<<<----  [OUT]
2020/08/28 22:23:34:669

Connecting Started...

<<<----  [OUT]
2020/08/28 22:23:55:693

I can't connect with the passive [192.168.100.113/5000] error_code:10060 !

<<<----  [OUT]
2020/08/28 22:23:58:186

Connecting Started...

<<<----  [OUT]
2020/08/28 22:24:19:216

I can't connect with the passive [192.168.100.113/5000] error_code:10060 !

<<<----  [OUT]
2020/08/28 22:24:21:701

Connecting Started...

<<<----  [OUT]
2020/08/28 22:24:42:743

I can't connect with the passive [192.168.100.113/5000] error_code:10060 !

<<<----  [OUT]
2020/08/28 22:24:45:232

Connecting Started...

<<<----  [OUT]
2020/08/28 22:25:06:271

I can't connect with the passive [192.168.100.113/5000] error_code:10060 !

<<<----  [OUT]
2020/08/28 22:25:08:748

Connecting Started...

<<<----  [OUT]
2020/08/28 22:25:29:788

I can't connect with the passive [192.168.100.113/5000] error_code:10060 !

<<<----  [OUT]
2020/08/28 22:25:32:278

Connecting Started...

<<<----  [OUT]
2020/08/28 22:25:53:333

I can't connect with the passive [192.168.100.113/5000] error_code:10060 !

<<<----  [OUT]
2020/08/28 22:25:55:809

Connecting Started...

<<<----  [OUT]
2020/08/28 22:26:16:838

I can't connect with the passive [192.168.100.113/5000] error_code:10060 !

<<<----  [OUT]
2020/08/28 22:26:19:326

Connecting Started...

<<<----  [OUT]
2020/08/28 22:26:40:369

I can't connect with the passive [192.168.100.113/5000] error_code:10060 !

<<<----  [OUT]
2020/08/28 22:26:42:857

Connecting Started...

<<<----  [OUT]
2020/08/28 22:27:03:909

I can't connect with the passive [192.168.100.113/5000] error_code:10060 !

<<<----  [OUT]
2020/08/28 22:27:06:387

Connecting Started...

<<<----  [OUT]
2020/08/28 22:27:27:426

I can't connect with the passive [192.168.100.113/5000] error_code:10060 !

<<<----  [OUT]
2020/08/28 22:27:29:903

Connecting Started...

<<<----  [OUT]
2020/08/28 22:27:50:940

I can't connect with the passive [192.168.100.113/5000] error_code:10060 !

<<<----  [OUT]
2020/08/28 22:27:53:419

Connecting Started...

<<<----  [OUT]
2020/08/28 22:28:14:456

I can't connect with the passive [192.168.100.113/5000] error_code:10060 !

<<<----  [OUT]
2020/08/28 22:28:16:934

Connecting Started...

<<<----  [OUT]
2020/08/28 22:28:37:969

I can't connect with the passive [192.168.100.113/5000] error_code:10060 !

<<<----  [OUT]
2020/08/28 22:28:40:449

Connecting Started...

<<<----  [OUT]
2020/08/28 22:29:01:489

I can't connect with the passive [192.168.100.113/5000] error_code:10060 !

<<<----  [OUT]
2020/08/28 22:29:03:967

Connecting Started...

<<<----  [OUT]
2020/08/28 22:29:25:012

I can't connect with the passive [192.168.100.113/5000] error_code:10060 !

<<<----  [OUT]
2020/08/28 22:29:27:498

Connecting Started...

<<<----  [OUT]
2020/08/28 22:29:48:535

I can't connect with the passive [192.168.100.113/5000] error_code:10060 !

<<<----  [OUT]
2020/08/28 22:29:51:013

Connecting Started...

<<<----  [OUT]
2020/08/28 22:30:12:045

I can't connect with the passive [192.168.100.113/5000] error_code:10060 !

<<<----  [OUT]
2020/08/28 22:30:14:529

Connecting Started...

<<<----  [OUT]
2020/08/28 22:30:35:578

I can't connect with the passive [192.168.100.113/5000] error_code:10060 !

<<<----  [OUT]
2020/08/28 22:30:38:059

Connecting Started...

<<<----  [OUT]
2020/08/28 22:30:59:103

I can't connect with the passive [192.168.100.113/5000] error_code:10060 !

<<<----  [OUT]
2020/08/28 22:31:01:590

Connecting Started...

<<<----  [OUT]
2020/08/28 22:31:22:630

I can't connect with the passive [192.168.100.113/5000] error_code:10060 !

<<<----  [OUT]
2020/08/28 22:31:25:107

Connecting Started...

<<<----  [OUT]
2020/08/28 22:31:46:145

I can't connect with the passive [192.168.100.113/5000] error_code:10060 !

<<<----  [OUT]
2020/08/28 22:31:48:621

Connecting Started...

<<<----  [OUT]
2020/08/28 22:32:09:675

I can't connect with the passive [192.168.100.113/5000] error_code:10060 !

<<<----  [OUT]
2020/08/28 22:32:12:153

Connecting Started...

<<<----  [OUT]
2020/08/28 22:32:33:186

I can't connect with the passive [192.168.100.113/5000] error_code:10060 !

<<<----  [OUT]
2020/08/28 22:32:35:670

Connecting Started...

<<<----  [OUT]
2020/08/28 22:32:56:721

I can't connect with the passive [192.168.100.113/5000] error_code:10060 !

<<<----  [OUT]
2020/08/28 22:32:59:201

Connecting Started...

<<<----  [OUT]
2020/08/28 22:33:20:240

I can't connect with the passive [192.168.100.113/5000] error_code:10060 !

<<<----  [OUT]
2020/08/28 22:33:22:732

Connecting Started...

<<<----  [OUT]
2020/08/28 22:33:43:783

I can't connect with the passive [192.168.100.113/5000] error_code:10060 !

<<<----  [OUT]
2020/08/28 22:33:46:264

Connecting Started...

<<<----  [OUT]
2020/08/28 22:37:43:068

---------------------------------------------------------------------
// FA : Start Log ...


<<<----  [OUT]
2020/08/28 22:37:43:072

//-------------------------------------------------------------
Property Information

   Driver Type [HSMS]
   Driver Mode [ACTIVE]
   IP    [192.168.100.113]
   Port  [5000]
//-------------------------------------------------------------


<<<----  [OUT]
2020/08/28 22:37:43:673

Auto-Start Started ... (Active)

<<<----  [OUT]
2020/08/28 22:37:43:764

Auto-Start Started ...  Waiting Stop-Connection.

<<<----  [OUT]
2020/08/28 22:37:43:764

Auto-Start Started ...  Waiting Open-Socket.

<<<----  [OUT]
2020/08/28 22:37:43:794

Socket Open Started...

<<<----  [OUT]
2020/08/28 22:37:43:794

Socket Open Completed...

<<<----  [OUT]
2020/08/28 22:37:43:794

Connecting Started...

<<<----  [OUT]
2020/08/28 22:37:43:855

Auto-Start Completed ...  (Active)

<<<----  [OUT]
2020/08/28 22:38:04:830

I can't connect with the passive [192.168.100.113/5000] error_code:10060 !

<<<----  [OUT]
2020/08/28 22:38:07:310

Connecting Started...

<<<----  [OUT]
2020/08/28 22:38:28:331

I can't connect with the passive [192.168.100.113/5000] error_code:10060 !

<<<----  [OUT]
2020/08/28 22:38:30:810

Connecting Started...

<<<----  [OUT]
2020/08/28 22:38:51:836

I can't connect with the passive [192.168.100.113/5000] error_code:10060 !

<<<----  [OUT]
2020/08/28 22:38:54:326

Connecting Started...

<<<----  [OUT]
2020/08/28 22:39:15:375

I can't connect with the passive [192.168.100.113/5000] error_code:10060 !

<<<----  [OUT]
2020/08/28 22:39:17:856

Connecting Started...

<<<----  [OUT]
2020/08/28 22:39:38:902

I can't connect with the passive [192.168.100.113/5000] error_code:10060 !

<<<----  [OUT]
2020/08/28 22:39:41:388

Connecting Started...

<<<----  [OUT]
2020/08/28 22:40:02:430

I can't connect with the passive [192.168.100.113/5000] error_code:10060 !

<<<----  [OUT]
2020/08/28 22:40:04:920

Connecting Started...

<<<----  [OUT]
2020/08/28 22:40:25:979

I can't connect with the passive [192.168.100.113/5000] error_code:10060 !

<<<----  [OUT]
2020/08/28 22:40:28:466

Connecting Started...

<<<----  [OUT]
2020/08/28 22:40:49:507

I can't connect with the passive [192.168.100.113/5000] error_code:10060 !

<<<----  [OUT]
2020/08/28 22:40:51:997

Connecting Started...

<<<----  [OUT]
2020/08/28 22:41:13:044

I can't connect with the passive [192.168.100.113/5000] error_code:10060 !

<<<----  [OUT]
2020/08/28 22:41:15:528

Connecting Started...

<<<----  [OUT]
2020/08/28 22:41:36:567

I can't connect with the passive [192.168.100.113/5000] error_code:10060 !

<<<----  [OUT]
2020/08/28 22:41:39:043

Connecting Started...

<<<----  [OUT]
2020/08/28 22:42:00:064

I can't connect with the passive [192.168.100.113/5000] error_code:10060 !

<<<----  [OUT]
2020/08/28 22:42:02:544

Connecting Started...

<<<----  [OUT]
2020/08/28 22:42:23:577

I can't connect with the passive [192.168.100.113/5000] error_code:10060 !

<<<----  [OUT]
2020/08/28 22:42:26:060

Connecting Started...

<<<----  [OUT]
2020/08/28 22:42:47:087

I can't connect with the passive [192.168.100.113/5000] error_code:10060 !

<<<----  [OUT]
2020/08/28 22:42:49:575

Connecting Started...

<<<----  [OUT]
2020/08/28 22:43:10:618

I can't connect with the passive [192.168.100.113/5000] error_code:10060 !

<<<----  [OUT]
2020/08/28 22:43:13:107

Connecting Started...

<<<----  [OUT]
2020/08/28 22:43:34:124

I can't connect with the passive [192.168.100.113/5000] error_code:10060 !

<<<----  [OUT]
2020/08/28 22:43:36:606

Connecting Started...

<<<----  [OUT]
2020/08/28 22:43:57:654

I can't connect with the passive [192.168.100.113/5000] error_code:10060 !

<<<----  [OUT]
2020/08/28 22:44:00:138

Connecting Started...

<<<----  [OUT]
2020/08/28 22:44:21:173

I can't connect with the passive [192.168.100.113/5000] error_code:10060 !

<<<----  [OUT]
2020/08/28 22:44:23:654

Connecting Started...

<<<----  [OUT]
2020/08/28 22:44:44:694

I can't connect with the passive [192.168.100.113/5000] error_code:10060 !

<<<----  [OUT]
2020/08/28 22:44:47:185

Connecting Started...

<<<----  [OUT]
2020/08/28 22:45:08:224

I can't connect with the passive [192.168.100.113/5000] error_code:10060 !

<<<----  [OUT]
2020/08/28 22:45:10:700

Connecting Started...

<<<----  [OUT]
2020/08/28 22:45:31:732

I can't connect with the passive [192.168.100.113/5000] error_code:10060 !

<<<----  [OUT]
2020/08/28 22:45:34:216

Connecting Started...

<<<----  [OUT]
2020/08/28 22:45:55:250

I can't connect with the passive [192.168.100.113/5000] error_code:10060 !

<<<----  [OUT]
2020/08/28 22:45:57:733

Connecting Started...

<<<----  [OUT]
2020/08/28 22:46:18:767

I can't connect with the passive [192.168.100.113/5000] error_code:10060 !

<<<----  [OUT]
2020/08/28 22:46:21:248

Connecting Started...

<<<----  [OUT]
2020/08/28 22:46:42:299

I can't connect with the passive [192.168.100.113/5000] error_code:10060 !

<<<----  [OUT]
2020/08/28 22:46:44:779

Connecting Started...

<<<----  [OUT]
2020/08/28 22:47:05:818

I can't connect with the passive [192.168.100.113/5000] error_code:10060 !

<<<----  [OUT]
2020/08/28 22:47:08:294

Connecting Started...

<<<----  [OUT]
2020/08/28 22:47:29:316

I can't connect with the passive [192.168.100.113/5000] error_code:10060 !

<<<----  [OUT]
2020/08/28 22:47:31:794

Connecting Started...

<<<----  [OUT]
2020/08/28 22:47:52:816

I can't connect with the passive [192.168.100.113/5000] error_code:10060 !

<<<----  [OUT]
2020/08/28 22:47:55:293

Connecting Started...

<<<----  [OUT]
2020/08/28 22:48:16:343

I can't connect with the passive [192.168.100.113/5000] error_code:10060 !

<<<----  [OUT]
2020/08/28 22:48:18:826

Connecting Started...

<<<----  [OUT]
2020/08/28 22:48:39:861

I can't connect with the passive [192.168.100.113/5000] error_code:10060 !

<<<----  [OUT]
2020/08/28 22:48:42:340

Connecting Started...

<<<----  [OUT]
2020/08/28 22:49:03:387

I can't connect with the passive [192.168.100.113/5000] error_code:10060 !

<<<----  [OUT]
2020/08/28 22:49:05:873

Connecting Started...

<<<----  [OUT]
2020/08/28 22:49:26:911

I can't connect with the passive [192.168.100.113/5000] error_code:10060 !

<<<----  [OUT]
2020/08/28 22:49:29:388

Connecting Started...

<<<----  [OUT]
2020/08/28 22:49:50:438

I can't connect with the passive [192.168.100.113/5000] error_code:10060 !

<<<----  [OUT]
2020/08/28 22:49:52:919

Connecting Started...

<<<----  [OUT]
2020/08/28 22:50:13:955

I can't connect with the passive [192.168.100.113/5000] error_code:10060 !

<<<----  [OUT]
2020/08/28 22:50:16:435

Connecting Started...

<<<----  [OUT]
2020/08/28 22:50:37:466

I can't connect with the passive [192.168.100.113/5000] error_code:10060 !

<<<----  [OUT]
2020/08/28 22:50:39:951

Connecting Started...

<<<----  [OUT]
2020/08/28 22:51:00:986

I can't connect with the passive [192.168.100.113/5000] error_code:10060 !

<<<----  [OUT]
2020/08/28 22:51:03:465

Connecting Started...

<<<----  [OUT]
2020/08/28 22:51:24:497

I can't connect with the passive [192.168.100.113/5000] error_code:10060 !

<<<----  [OUT]
2020/08/28 22:51:26:982

Connecting Started...

<<<----  [OUT]
2020/08/28 22:51:48:035

I can't connect with the passive [192.168.100.113/5000] error_code:10060 !

<<<----  [OUT]
2020/08/28 22:51:50:513

Connecting Started...

<<<----  [OUT]
2020/08/28 22:52:11:555

I can't connect with the passive [192.168.100.113/5000] error_code:10060 !

<<<----  [OUT]
2020/08/28 22:52:14:044

Connecting Started...

<<<----  [OUT]
2020/08/28 22:52:35:083

I can't connect with the passive [192.168.100.113/5000] error_code:10060 !

<<<----  [OUT]
2020/08/28 22:52:37:559

Connecting Started...

<<<----  [OUT]
2020/08/28 22:52:58:587

I can't connect with the passive [192.168.100.113/5000] error_code:10060 !

<<<----  [OUT]
2020/08/28 22:53:01:075

Connecting Started...

<<<----  [OUT]
2020/08/28 22:53:22:115

I can't connect with the passive [192.168.100.113/5000] error_code:10060 !

<<<----  [OUT]
2020/08/28 22:53:24:607

Connecting Started...

<<<----  [OUT]
2020/08/28 22:53:45:647

I can't connect with the passive [192.168.100.113/5000] error_code:10060 !

<<<----  [OUT]
2020/08/28 22:53:48:139

Connecting Started...

<<<----  [OUT]
2020/08/28 22:54:09:183

I can't connect with the passive [192.168.100.113/5000] error_code:10060 !

<<<----  [OUT]
2020/08/28 22:54:11:670

Connecting Started...

<<<----  [OUT]
2020/08/28 22:54:32:710

I can't connect with the passive [192.168.100.113/5000] error_code:10060 !

<<<----  [OUT]
2020/08/28 22:54:35:200

Connecting Started...

<<<----  [OUT]
2020/08/28 22:54:56:222

I can't connect with the passive [192.168.100.113/5000] error_code:10060 !

<<<----  [OUT]
2020/08/28 22:54:58:701

Connecting Started...

<<<----  [OUT]
2020/08/28 22:55:19:734

I can't connect with the passive [192.168.100.113/5000] error_code:10060 !

<<<----  [OUT]
2020/08/28 22:55:22:216

Connecting Started...

<<<----  [OUT]
2020/08/28 22:55:43:252

I can't connect with the passive [192.168.100.113/5000] error_code:10060 !

<<<----  [OUT]
2020/08/28 22:55:45:732

Connecting Started...

<<<----  [OUT]
2020/08/28 22:56:06:768

I can't connect with the passive [192.168.100.113/5000] error_code:10060 !

<<<----  [OUT]
2020/08/28 22:56:09:248

Connecting Started...

<<<----  [OUT]
2020/08/28 22:56:30:288

I can't connect with the passive [192.168.100.113/5000] error_code:10060 !

<<<----  [OUT]
2020/08/28 22:56:32:778

Connecting Started...

<<<----  [OUT]
2020/08/28 22:56:53:811

I can't connect with the passive [192.168.100.113/5000] error_code:10060 !

<<<----  [OUT]
2020/08/28 22:56:56:293

Connecting Started...

<<<----  [OUT]
2020/08/28 22:57:17:330

I can't connect with the passive [192.168.100.113/5000] error_code:10060 !

<<<----  [OUT]
2020/08/28 22:57:19:809

Connecting Started...

<<<----  [OUT]
2020/08/28 22:57:40:849

I can't connect with the passive [192.168.100.113/5000] error_code:10060 !

<<<----  [OUT]
2020/08/28 22:57:43:324

Connecting Started...

<<<----  [OUT]
2020/08/28 22:58:04:348

I can't connect with the passive [192.168.100.113/5000] error_code:10060 !

<<<----  [OUT]
2020/08/28 22:58:06:826

Connecting Started...

<<<----  [OUT]
2020/08/28 22:58:27:876

I can't connect with the passive [192.168.100.113/5000] error_code:10060 !

<<<----  [OUT]
2020/08/28 22:58:30:357

Connecting Started...

<<<----  [OUT]
2020/08/28 22:58:51:398

I can't connect with the passive [192.168.100.113/5000] error_code:10060 !

<<<----  [OUT]
2020/08/28 22:58:53:889

Connecting Started...

<<<----  [OUT]
2020/08/28 22:59:14:933

I can't connect with the passive [192.168.100.113/5000] error_code:10060 !

<<<----  [OUT]
2020/08/28 22:59:17:420

Connecting Started...

<<<----  [OUT]
2020/08/28 22:59:38:449

I can't connect with the passive [192.168.100.113/5000] error_code:10060 !

<<<----  [OUT]
2020/08/28 22:59:40:935

Connecting Started...
