/*
COMMAND LIST ----------------------------------------

#INCLUDE   [FILE_NAME]


   #MEMORY_CHECK 
   #LINK__SEQ_ID 
   #MODULE_LINK_SERVER_REPORT_SPEED   [FAST/SLOW/VERY_SLOW] : []
   #CHANNEL_SYNCHRONIZE   [CH-NAME] [SYNC-CH]
   #SET_SIM_REAL__OBJECT   [OBJ-NAME]
   #GET_SIM_REAL__OBJECT   [OBJ-NAME]
   #CALL_FNC   SET_IO__X_OPTION


   #COMMON_LOG__INFO   [FILE-SIZE] [FILE-REF_MIN]

   #USER_LOG__START   [FILE-SIZE] [FILE-REF_MIN]
       [OBJECT_NAME1]
       // ...
       [OBJECT_NAMEn]
   #USER_LOG__END


#OBJECT_PROPERTY   [OBJ-NAME]

   // Object IO-File ...
   #OBJECT_IO_FILE   [IO-FILE]
   #OBJECT_IO_PARA   [PARA-NAME]  [PARA-DATA]

   // Object Link-File ...
   #OBJECT_LINK_FILE   [LINK-FILE]
   #OBJECT_LINK_PARA   [PARA-NAME]  [PARA-DATA]

   // Object FA-File ...
   #OBJECT_FA_FILE   [FA-FILE]
   #OBJECT_FA_SERVICE   [FA-SERVICE]

   // Object Connection ...
   #DEFINE_CONSTANT   [CONST-NAME]
   #FNC_MODE   [LOW-OBJ] [OBJ-MODE]
   #FNC_VARIABLE   [LOW-OBJ] [VAR-NAME]

   // Function Connection ...

   // int Fnc(), double Fnc(), CString Fnc() 
   #FNC_RET_INT   [FNC-NAME] [LOW-OBJ] [LOW-FNC]
   #FNC_RET_DOUBLE   [FNC-NAME] [LOW-OBJ] [LOW-FNC]
   #FNC_RET_STRING   [FNC-NAME] [LOW-OBJ] [LOW-FNC]

   // CString Fnc(int), CString Fnc(CString) 
   #FNC_RET_STRING(INT)   [FNC-NAME] [LOW-OBJ] [LOW-FNC]
   #FNC_RET_STRING(STRING)   [FNC-NAME] [LOW-OBJ] [LOW-FNC]

   // int Fnc(int,CString), int Fnc(CString,CString) 
   #FNC_RET_INT(INT,STRING)   [FNC-NAME] [LOW-OBJ] [LOW-FNC]
   #FNC_RET_INT(STRING,STRING)   [FNC-NAME] [LOW-OBJ] [LOW-FNC]
*/

#INCLUDE   D:\WORK_GITHUB\PSK\Program_Exe\PM4_STRIP-PSK\\EQP_INF\\\_METADATA__IO_INTERLOCK.inf 
#INCLUDE   D:\WORK_GITHUB\PSK\Program_Exe\PM4_STRIP-PSK\\EQP_INF\\\_METADATA__GAS_BOX.inf 
#INCLUDE   D:\WORK_GITHUB\PSK\Program_Exe\PM4_STRIP-PSK\\EQP_INF\\\_METADATA__VAC_SYS.inf 
#INCLUDE   D:\WORK_GITHUB\PSK\Program_Exe\PM4_STRIP-PSK\\EQP_INF\\\_METADATA__RF_SYS.inf 
#INCLUDE   D:\WORK_GITHUB\PSK\Program_Exe\PM4_STRIP-PSK\\EQP_INF\\\_METADATA__HEATER_SYS.inf 
#INCLUDE   D:\WORK_GITHUB\PSK\Program_Exe\PM4_STRIP-PSK\\EQP_INF\\\_METADATA__PMC_SYS.inf 
#INCLUDE   D:\WORK_GITHUB\PSK\Program_Exe\PM4_STRIP-PSK\\EQP_INF\\\_METADATA__PROC_SYS.inf 
#INCLUDE   D:\WORK_GITHUB\PSK\Program_Exe\PM4_STRIP-PSK\\EQP_INF\\\_METADATA__UTILITY_SYS.inf 

//------------------------------------------------------------------------
// Set-Sim_Real List 
//------------------------------------------------------------------------

//------------------------------------------------------------------------
// Get-Sim_Real List 
//------------------------------------------------------------------------

//------------------------------------------------------------------------
// Define List 
   ##MFC_SIZE      5
   ##PT_SIZE       6
//------------------------------------------------------------------------

//------------------------------------------------------------------------
// System Log INFO. 
//------------------------------------------------------------------------


#DIGITAL_DESCRIPTION  
// DESCRIPT_NAME   {  ITEM1  ITEM2  ...  ITEMn  }  




#OBJECT_PROPERTY     DI_GAS_BOX

/*
*/
     #DEFINE_CONSTANT   OBJ__DB_SYS   DB_SYS 
     #DEFINE_CONSTANT   CH__INTERLOCK_HEAVY_ACTIVE   DB_SYS+MON.INTERLOCK.HEAVY.ACTIVE.GAS_BOX 
     #DEFINE_CONSTANT   CH__INTERLOCK_LIGHT_ACTIVE   DB_SYS+MON.INTERLOCK.LIGHT.ACTIVE.GAS_BOX 
     #DEFINE_CONSTANT   CH__INTERLOCK_HEAVY_MESSAGE   DB_SYS+MON.INTERLOCK.HEAVY.MSG.GAS_BOX 
     #DEFINE_CONSTANT   CH__INTERLOCK_LIGHT_MESSAGE   DB_SYS+MON.INTERLOCK.LIGHT.MSG.GAS_BOX 
     #DEFINE_CONSTANT   DATA.INTERLOCK_SIZE   6 
     #DEFINE_CONSTANT   CH__CFG_USE.1   IO+cfg.Gas_Box.Door.Open 
     #DEFINE_CONSTANT   CH__DI_SENSOR.1   IO+di.Gas_Box.Door.Open 
     #DEFINE_CONSTANT   DATA.NORMAL_STATE.1   Off 
     #DEFINE_CONSTANT   DATA.ERROR_MSG.1   Gas Box의 Door가 Open 된 상태입니다. 
     #DEFINE_CONSTANT   DATA.ERROR_LEVEL.1   HEAVY 
     #DEFINE_CONSTANT   CH__CFG_USE.2   IO+cfg.Gas_Box.Exhaust.Alarm 
     #DEFINE_CONSTANT   CH__DI_SENSOR.2   IO+di.Gas_Box.Exhaust.Alarm 
     #DEFINE_CONSTANT   DATA.NORMAL_STATE.2   Off 
     #DEFINE_CONSTANT   DATA.ERROR_MSG.2   Gas Box의 Exhaust Alarm이 발생된 상태입니다. 
     #DEFINE_CONSTANT   DATA.ERROR_LEVEL.2   HEAVY 
     #DEFINE_CONSTANT   CH__CFG_USE.3   IO+cfg.Gas1.Leak.Warning 
     #DEFINE_CONSTANT   CH__DI_SENSOR.3   IO+di.Gas1.Leak.Warning 
     #DEFINE_CONSTANT   DATA.NORMAL_STATE.3   Off 
     #DEFINE_CONSTANT   DATA.ERROR_MSG.3   Gas1의 Leak Warning이 발생된 상태입니다. 
     #DEFINE_CONSTANT   DATA.ERROR_LEVEL.3   LIGHT 
     #DEFINE_CONSTANT   CH__CFG_USE.4   IO+cfg.Gas1.Leak.Alarm 
     #DEFINE_CONSTANT   CH__DI_SENSOR.4   IO+di.Gas1.Leak.Alarm 
     #DEFINE_CONSTANT   DATA.NORMAL_STATE.4   Off 
     #DEFINE_CONSTANT   DATA.ERROR_MSG.4   Gas1의 Leak Alarm이 발생된 상태입니다. 
     #DEFINE_CONSTANT   DATA.ERROR_LEVEL.4   HEAVY 
     #DEFINE_CONSTANT   CH__CFG_USE.5   IO+cfg.Gas2.Leak.Warning 
     #DEFINE_CONSTANT   CH__DI_SENSOR.5   IO+di.Gas2.Leak.Warning 
     #DEFINE_CONSTANT   DATA.NORMAL_STATE.5   Off 
     #DEFINE_CONSTANT   DATA.ERROR_MSG.5   Gas2의 Leak Warning이 발생된 상태입니다. 
     #DEFINE_CONSTANT   DATA.ERROR_LEVEL.5   LIGHT 
     #DEFINE_CONSTANT   CH__CFG_USE.6   IO+cfg.Gas2.Leak.Alarm 
     #DEFINE_CONSTANT   CH__DI_SENSOR.6   IO+di.Gas2.Leak.Alarm 
     #DEFINE_CONSTANT   DATA.NORMAL_STATE.6   Off 
     #DEFINE_CONSTANT   DATA.ERROR_MSG.6   Gas2의 Leak Alarm이 발생된 상태입니다. 
     #DEFINE_CONSTANT   DATA.ERROR_LEVEL.6   HEAVY 


#OBJECT_PROPERTY     DI_CHM

/*
*/
     #DEFINE_CONSTANT   OBJ__DB_SYS   DB_SYS 
     #DEFINE_CONSTANT   CH__INTERLOCK_HEAVY_ACTIVE   DB_SYS+MON.INTERLOCK.HEAVY.ACTIVE.CHAMBER 
     #DEFINE_CONSTANT   CH__INTERLOCK_LIGHT_ACTIVE   DB_SYS+MON.INTERLOCK.LIGHT.ACTIVE.CHAMBER 
     #DEFINE_CONSTANT   CH__INTERLOCK_HEAVY_MESSAGE   DB_SYS+MON.INTERLOCK.HEAVY.MSG.CHAMBER 
     #DEFINE_CONSTANT   CH__INTERLOCK_LIGHT_MESSAGE   DB_SYS+MON.INTERLOCK.LIGHT.MSG.CHAMBER 
     #DEFINE_CONSTANT   DATA.INTERLOCK_SIZE   11 
     #DEFINE_CONSTANT   CH__CFG_USE.1   IO+cfg.PM.Top_Lid.Open 
     #DEFINE_CONSTANT   CH__DI_SENSOR.1   IO+di.PM.Top_Lid.Open 
     #DEFINE_CONSTANT   DATA.NORMAL_STATE.1   Off 
     #DEFINE_CONSTANT   DATA.ERROR_MSG.1   Chamber Top_Lid가 Open 된 상태입니다. 
     #DEFINE_CONSTANT   DATA.ERROR_LEVEL.1   HEAVY 
     #DEFINE_CONSTANT   CH__CFG_USE.2   IO+cfg.PM.Scrubber.Alarm 
     #DEFINE_CONSTANT   CH__DI_SENSOR.2   IO+di.PM.Scrubber.Alarm 
     #DEFINE_CONSTANT   DATA.NORMAL_STATE.2   Off 
     #DEFINE_CONSTANT   DATA.ERROR_MSG.2   Scrubber Alarm이 발생 했습니다. 
     #DEFINE_CONSTANT   DATA.ERROR_LEVEL.2   HEAVY 
     #DEFINE_CONSTANT   CH__CFG_USE.3   IO+cfg.Wall.Heater.Limit.Alarm 
     #DEFINE_CONSTANT   CH__DI_SENSOR.3   IO+di.Wall.Heater.Limit.Alarm 
     #DEFINE_CONSTANT   DATA.NORMAL_STATE.3   Off 
     #DEFINE_CONSTANT   DATA.ERROR_MSG.3   Wall-Heater Limit Alarm이 발생 했습니다. 
     #DEFINE_CONSTANT   DATA.ERROR_LEVEL.3   HEAVY 
     #DEFINE_CONSTANT   CH__CFG_USE.4   IO+cfg.CH1.PCW.Alarm 
     #DEFINE_CONSTANT   CH__DI_SENSOR.4   IO+di.CH1.PCW.Alarm 
     #DEFINE_CONSTANT   DATA.NORMAL_STATE.4   Off 
     #DEFINE_CONSTANT   DATA.ERROR_MSG.4   CH1-PCW Alarm이 발생 했습니다. 
     #DEFINE_CONSTANT   DATA.ERROR_LEVEL.4   HEAVY 
     #DEFINE_CONSTANT   CH__CFG_USE.5   IO+cfg.CH2.PCW.Alarm 
     #DEFINE_CONSTANT   CH__DI_SENSOR.5   IO+di.CH2.PCW.Alarm 
     #DEFINE_CONSTANT   DATA.NORMAL_STATE.5   Off 
     #DEFINE_CONSTANT   DATA.ERROR_MSG.5   CH2-PCW Alarm이 발생 했습니다. 
     #DEFINE_CONSTANT   DATA.ERROR_LEVEL.5   HEAVY 
     #DEFINE_CONSTANT   CH__CFG_USE.6   IO+cfg.PM.Water.Leak.Alarm 
     #DEFINE_CONSTANT   CH__DI_SENSOR.6   IO+di.PM.Water.Leak.Alarm 
     #DEFINE_CONSTANT   DATA.NORMAL_STATE.6   Off 
     #DEFINE_CONSTANT   DATA.ERROR_MSG.6   Chamber Water Leak Alarm이 발생 했습니다. 
     #DEFINE_CONSTANT   DATA.ERROR_LEVEL.6   HEAVY 
     #DEFINE_CONSTANT   CH__CFG_USE.7   IO+cfg.Fire.Detector.Alarm 
     #DEFINE_CONSTANT   CH__DI_SENSOR.7   IO+di.Fire.Detector.Alarm 
     #DEFINE_CONSTANT   DATA.NORMAL_STATE.7   Off 
     #DEFINE_CONSTANT   DATA.ERROR_MSG.7   Fire Detector Alarm이 발생 했습니다. 
     #DEFINE_CONSTANT   DATA.ERROR_LEVEL.7   HEAVY 
     #DEFINE_CONSTANT   CH__CFG_USE.8   IO+cfg.ELT_Box.Cover.Warning 
     #DEFINE_CONSTANT   CH__DI_SENSOR.8   IO+di.ELT_Box.Cover.Warning 
     #DEFINE_CONSTANT   DATA.NORMAL_STATE.8   Off 
     #DEFINE_CONSTANT   DATA.ERROR_MSG.8   ELT-Box Cover Warning이 발생 했습니다. 
     #DEFINE_CONSTANT   DATA.ERROR_LEVEL.8   HEAVY 
     #DEFINE_CONSTANT   CH__CFG_USE.9   IO+cfg.ELT_Box.Fan.Alarm 
     #DEFINE_CONSTANT   CH__DI_SENSOR.9   IO+di.ELT_Box.Fan.Alarm 
     #DEFINE_CONSTANT   DATA.NORMAL_STATE.9   Off 
     #DEFINE_CONSTANT   DATA.ERROR_MSG.9   ELT-Box Fan Alarm이 발생 했습니다. 
     #DEFINE_CONSTANT   DATA.ERROR_LEVEL.9   HEAVY 
     #DEFINE_CONSTANT   CH__CFG_USE.10   IO+cfg.DNET.Fan.Alarm 
     #DEFINE_CONSTANT   CH__DI_SENSOR.10   IO+di.DNET.Fan.Alarm 
     #DEFINE_CONSTANT   DATA.NORMAL_STATE.10   Off 
     #DEFINE_CONSTANT   DATA.ERROR_MSG.10   DNet Fan Alarm이 발생 했습니다. 
     #DEFINE_CONSTANT   DATA.ERROR_LEVEL.10   HEAVY 
     #DEFINE_CONSTANT   CH__CFG_USE.11   IO+cfg.Pump.Purge_N2.Flow 
     #DEFINE_CONSTANT   CH__DI_SENSOR.11   IO+di.Pump.Purge_N2.Flow 
     #DEFINE_CONSTANT   DATA.NORMAL_STATE.11   On 
     #DEFINE_CONSTANT   DATA.ERROR_MSG.11   Pump-Purge_N2 Flow Sensor기 감지되지 않습니다. 
     #DEFINE_CONSTANT   DATA.ERROR_LEVEL.11   HEAVY 


#OBJECT_PROPERTY     DI_RF_SYS

/*
*/
     #DEFINE_CONSTANT   OBJ__DB_SYS   DB_SYS 
     #DEFINE_CONSTANT   CH__INTERLOCK_HEAVY_ACTIVE   DB_SYS+MON.INTERLOCK.HEAVY.ACTIVE.RF_SYS 
     #DEFINE_CONSTANT   CH__INTERLOCK_LIGHT_ACTIVE   DB_SYS+MON.INTERLOCK.LIGHT.ACTIVE.RF_SYS 
     #DEFINE_CONSTANT   CH__INTERLOCK_HEAVY_MESSAGE   DB_SYS+MON.INTERLOCK.HEAVY.MSG.RF_SYS 
     #DEFINE_CONSTANT   CH__INTERLOCK_LIGHT_MESSAGE   DB_SYS+MON.INTERLOCK.LIGHT.MSG.RF_SYS 
     #DEFINE_CONSTANT   DATA.INTERLOCK_SIZE   7 
     #DEFINE_CONSTANT   CH__CFG_USE.1   IO+cfg.RF1.Ready 
     #DEFINE_CONSTANT   CH__DI_SENSOR.1   IO+di.RF1.Ready 
     #DEFINE_CONSTANT   DATA.NORMAL_STATE.1   On 
     #DEFINE_CONSTANT   DATA.ERROR_MSG.1   RF1 Ready의 상태가 On이 아닙니다. 
     #DEFINE_CONSTANT   DATA.ERROR_LEVEL.1   HEAVY 
     #DEFINE_CONSTANT   CH__CFG_USE.2   IO+cfg.RF1.Alarm 
     #DEFINE_CONSTANT   CH__DI_SENSOR.2   IO+di.RF1.Alarm 
     #DEFINE_CONSTANT   DATA.NORMAL_STATE.2   Off 
     #DEFINE_CONSTANT   DATA.ERROR_MSG.2   RF1 Alarm이 발생된 상태입니다. 
     #DEFINE_CONSTANT   DATA.ERROR_LEVEL.2   HEAVY 
     #DEFINE_CONSTANT   CH__CFG_USE.3   IO+cfg.Source.Box.Cover.Open 
     #DEFINE_CONSTANT   CH__DI_SENSOR.3   IO+di.Source.Box.Cover.Open 
     #DEFINE_CONSTANT   DATA.NORMAL_STATE.3   Off 
     #DEFINE_CONSTANT   DATA.ERROR_MSG.3   Source Box의 Cover가 Open된 상태입니다. 
     #DEFINE_CONSTANT   DATA.ERROR_LEVEL.3   HEAVY 
     #DEFINE_CONSTANT   CH__CFG_USE.4   IO+cfg.Source.Box.Fan.Alarm 
     #DEFINE_CONSTANT   CH__DI_SENSOR.4   IO+di.Source.Box.Fan.Alarm 
     #DEFINE_CONSTANT   DATA.NORMAL_STATE.4   Off 
     #DEFINE_CONSTANT   DATA.ERROR_MSG.4   Source Box의 Fan이 Alarm 상태입니다. 
     #DEFINE_CONSTANT   DATA.ERROR_LEVEL.4   HEAVY 
     #DEFINE_CONSTANT   CH__CFG_USE.5   IO+cfg.RF_Gen.PCW.Alarm 
     #DEFINE_CONSTANT   CH__DI_SENSOR.5   IO+di.RF_Gen.PCW.Alarm 
     #DEFINE_CONSTANT   DATA.NORMAL_STATE.5   Off 
     #DEFINE_CONSTANT   DATA.ERROR_MSG.5   RF Generator의 PCW가 Alarm 상태입니다. 
     #DEFINE_CONSTANT   DATA.ERROR_LEVEL.5   HEAVY 
     #DEFINE_CONSTANT   CH__CFG_USE.6   IO+cfg.RF_Gen.Water_Leak.Alarm 
     #DEFINE_CONSTANT   CH__DI_SENSOR.6   IO+di.RF_Gen.Water_Leak.Alarm 
     #DEFINE_CONSTANT   DATA.NORMAL_STATE.6   Off 
     #DEFINE_CONSTANT   DATA.ERROR_MSG.6   RF Generator의 Water-Leak Alarm 상태입니다. 
     #DEFINE_CONSTANT   DATA.ERROR_LEVEL.6   HEAVY 
     #DEFINE_CONSTANT   CH__CFG_USE.7   IO+cfg.RF_Gen.Cover.Open 
     #DEFINE_CONSTANT   CH__DI_SENSOR.7   IO+di.RF_Gen.Cover.Open 
     #DEFINE_CONSTANT   DATA.NORMAL_STATE.7   Off 
     #DEFINE_CONSTANT   DATA.ERROR_MSG.7   RF Generator의 Cover가 Open된 상태입니다. 
     #DEFINE_CONSTANT   DATA.ERROR_LEVEL.7   HEAVY 


#OBJECT_PROPERTY     FNC_GAS_VLV_CTRL

/*
*/
     #DEFINE_CONSTANT   CH__CHM_PUMPING_STATE   FNC_CHM+MON.PUMPING.STATE 
     #DEFINE_CONSTANT   OBJ__GAS_VLV   PHY_GAS_VLV 
     #DEFINE_CONSTANT   OBJ.FRC_SIZE   0 
     #DEFINE_CONSTANT   OBJ.FRC1   __ 
     #DEFINE_CONSTANT   OBJ.MFC_SIZE   5 
     #DEFINE_CONSTANT   OBJ.MFC1   PHY_MFC1 
     #DEFINE_CONSTANT   OBJ.MFC2   PHY_MFC2 
     #DEFINE_CONSTANT   OBJ.MFC3   PHY_MFC3 
     #DEFINE_CONSTANT   OBJ.MFC4   PHY_MFC4 
     #DEFINE_CONSTANT   OBJ.MFC5   PHY_MFC5 


#OBJECT_PROPERTY     PHY_GAS_VLV

/*
*/
     #DEFINE_CONSTANT   DATA.N2.VLV_SUPPLY   1 
     #DEFINE_CONSTANT   CH.N2.VLV_SUPPLY.1   IO+do.PV1 
     #DEFINE_CONSTANT   DATA.MFC.VLV_PURGE   2 
     #DEFINE_CONSTANT   CH.MFC.VLV_PURGE.1   IO+do.PV1_1 
     #DEFINE_CONSTANT   CH.MFC.VLV_PURGE.2   IO+do.PV2_1 
     #DEFINE_CONSTANT   DATA.TOP_CHM.VLV_PROC   0 
     #DEFINE_CONSTANT   CH.TOP_CHM.VLV_PROC.1   __ 
     #DEFINE_CONSTANT   DATA.TOP_CHM.VLV_PURGE   2 
     #DEFINE_CONSTANT   CH.TOP_CHM.VLV_PURGE.1   IO+do.PV1_1 
     #DEFINE_CONSTANT   CH.TOP_CHM.VLV_PURGE.2   IO+do.PV2_1 
     #DEFINE_CONSTANT   DATA.SOFT_VENT_VLV.OPEN   1 
     #DEFINE_CONSTANT   CH.SOFT_VENT_VLV.OPEN.1   IO+do.PV1 
     #DEFINE_CONSTANT   DATA.SOFT_VENT_VLV.CLOSE   0 
     #DEFINE_CONSTANT   CH.SOFT_VENT_VLV.CLOSE.1   __ 
     #DEFINE_CONSTANT   DATA.FAST_VENT_VLV.OPEN   1 
     #DEFINE_CONSTANT   CH.FAST_VENT_VLV.OPEN.1   IO+do.PV1 
     #DEFINE_CONSTANT   DATA.FAST_VENT_VLV.CLOSE   0 
     #DEFINE_CONSTANT   CH.FAST_VENT_VLV.CLOSE.1   __ 


#OBJECT_PROPERTY     PHY_PT

/*
*/
     #DEFINE_CONSTANT   OBJ__DB_SYS   DB_SYS 
     #DEFINE_CONSTANT   DATA__PT_SIZE   6 
     #DEFINE_CONSTANT   CH__IO_PT.1   IO+ai.PT1.Pressure 
     #DEFINE_CONSTANT   CH__IO_PT.2   PHY_MFC1+MON.MFC.READ.INLET_PRESSURE 
     #DEFINE_CONSTANT   CH__IO_PT.3   PHY_MFC2+MON.MFC.READ.INLET_PRESSURE 
     #DEFINE_CONSTANT   CH__IO_PT.4   PHY_MFC3+MON.MFC.READ.INLET_PRESSURE 
     #DEFINE_CONSTANT   CH__IO_PT.5   PHY_MFC4+MON.MFC.READ.INLET_PRESSURE 
     #DEFINE_CONSTANT   CH__IO_PT.6   PHY_MFC5+MON.MFC.READ.INLET_PRESSURE 


#OBJECT_PROPERTY     PHY_MFC1

/*
*/
     #DEFINE_CONSTANT   OBJ__DB_SYS   DB_SYS 
     #DEFINE_CONSTANT   LINK_DATA__TYPE   HEXA 
     #DEFINE_CONSTANT   LINK_DATA__MAX_FLOW   Ox603D 
     #DEFINE_CONSTANT   LINK_DATA__MAX_DEFAULT   Ox6000 
     #DEFINE_CONSTANT   CH__IO_MFC_SET   IO+so.MFC01.SET 
     #DEFINE_CONSTANT   CH__IO_MFC_READ   IO+si.MFC01.FLOW 
     #DEFINE_CONSTANT   CH__IO_MFC_STATE   IO+si.MFC01.STATUS 
     #DEFINE_CONSTANT   CH__IO_MFC_VALVE_VOLTAGE   IO+si.MFC01.VOLTAGE 
     #DEFINE_CONSTANT   CH__IO_MFC_PRESSURE   IO+si.MFC01.PRESSURE 
     #DEFINE_CONSTANT   CH__IO_MFC_TEMPERATURE   IO+si.MFC01.TEMPERATURE 
     #DEFINE_CONSTANT   CH__IO_VLV_PURGE   IO+do.PV1_1 
     #DEFINE_CONSTANT   CH__IO_VLV_IN   NULL 
     #DEFINE_CONSTANT   CH__IO_VLV_OUT   IO+do.PV2 


#OBJECT_PROPERTY     PHY_MFC2

/*
*/
     #DEFINE_CONSTANT   OBJ__DB_SYS   DB_SYS 
     #DEFINE_CONSTANT   LINK_DATA__TYPE   HEXA 
     #DEFINE_CONSTANT   LINK_DATA__MAX_FLOW   Ox603D 
     #DEFINE_CONSTANT   LINK_DATA__MAX_DEFAULT   Ox6000 
     #DEFINE_CONSTANT   CH__IO_MFC_SET   IO+so.MFC02.SET 
     #DEFINE_CONSTANT   CH__IO_MFC_READ   IO+si.MFC02.FLOW 
     #DEFINE_CONSTANT   CH__IO_MFC_STATE   IO+si.MFC02.STATUS 
     #DEFINE_CONSTANT   CH__IO_MFC_VALVE_VOLTAGE   IO+si.MFC02.VOLTAGE 
     #DEFINE_CONSTANT   CH__IO_MFC_PRESSURE   IO+si.MFC02.PRESSURE 
     #DEFINE_CONSTANT   CH__IO_MFC_TEMPERATURE   IO+si.MFC02.TEMPERATURE 
     #DEFINE_CONSTANT   CH__IO_VLV_PURGE   IO+do.PV2_1 
     #DEFINE_CONSTANT   CH__IO_VLV_IN   NULL 
     #DEFINE_CONSTANT   CH__IO_VLV_OUT   IO+do.PV3 


#OBJECT_PROPERTY     PHY_MFC3

/*
*/
     #DEFINE_CONSTANT   OBJ__DB_SYS   DB_SYS 
     #DEFINE_CONSTANT   LINK_DATA__TYPE   HEXA 
     #DEFINE_CONSTANT   LINK_DATA__MAX_FLOW   Ox603D 
     #DEFINE_CONSTANT   LINK_DATA__MAX_DEFAULT   Ox6000 
     #DEFINE_CONSTANT   CH__IO_MFC_SET   IO+so.MFC03.SET 
     #DEFINE_CONSTANT   CH__IO_MFC_READ   IO+si.MFC03.FLOW 
     #DEFINE_CONSTANT   CH__IO_MFC_STATE   IO+si.MFC03.STATUS 
     #DEFINE_CONSTANT   CH__IO_MFC_VALVE_VOLTAGE   IO+si.MFC03.VOLTAGE 
     #DEFINE_CONSTANT   CH__IO_MFC_PRESSURE   IO+si.MFC03.PRESSURE 
     #DEFINE_CONSTANT   CH__IO_MFC_TEMPERATURE   IO+si.MFC03.TEMPERATURE 
     #DEFINE_CONSTANT   CH__IO_VLV_PURGE   NULL 
     #DEFINE_CONSTANT   CH__IO_VLV_IN   NULL 
     #DEFINE_CONSTANT   CH__IO_VLV_OUT   IO+do.PV4 


#OBJECT_PROPERTY     PHY_MFC4

/*
*/
     #DEFINE_CONSTANT   OBJ__DB_SYS   DB_SYS 
     #DEFINE_CONSTANT   LINK_DATA__TYPE   HEXA 
     #DEFINE_CONSTANT   LINK_DATA__MAX_FLOW   Ox603D 
     #DEFINE_CONSTANT   LINK_DATA__MAX_DEFAULT   Ox6000 
     #DEFINE_CONSTANT   CH__IO_MFC_SET   IO+so.MFC04.SET 
     #DEFINE_CONSTANT   CH__IO_MFC_READ   IO+si.MFC04.FLOW 
     #DEFINE_CONSTANT   CH__IO_MFC_STATE   IO+si.MFC04.STATUS 
     #DEFINE_CONSTANT   CH__IO_MFC_VALVE_VOLTAGE   IO+si.MFC04.VOLTAGE 
     #DEFINE_CONSTANT   CH__IO_MFC_PRESSURE   IO+si.MFC04.PRESSURE 
     #DEFINE_CONSTANT   CH__IO_MFC_TEMPERATURE   IO+si.MFC04.TEMPERATURE 
     #DEFINE_CONSTANT   CH__IO_VLV_PURGE   NULL 
     #DEFINE_CONSTANT   CH__IO_VLV_IN   NULL 
     #DEFINE_CONSTANT   CH__IO_VLV_OUT   IO+do.PV5 


#OBJECT_PROPERTY     PHY_MFC5

/*
*/
     #DEFINE_CONSTANT   OBJ__DB_SYS   DB_SYS 
     #DEFINE_CONSTANT   LINK_DATA__TYPE   HEXA 
     #DEFINE_CONSTANT   LINK_DATA__MAX_FLOW   Ox603D 
     #DEFINE_CONSTANT   LINK_DATA__MAX_DEFAULT   Ox6000 
     #DEFINE_CONSTANT   CH__IO_MFC_SET   IO+so.MFC05.SET 
     #DEFINE_CONSTANT   CH__IO_MFC_READ   IO+si.MFC05.FLOW 
     #DEFINE_CONSTANT   CH__IO_MFC_STATE   IO+si.MFC05.STATUS 
     #DEFINE_CONSTANT   CH__IO_MFC_VALVE_VOLTAGE   IO+si.MFC05.VOLTAGE 
     #DEFINE_CONSTANT   CH__IO_MFC_PRESSURE   IO+si.MFC05.PRESSURE 
     #DEFINE_CONSTANT   CH__IO_MFC_TEMPERATURE   IO+si.MFC05.TEMPERATURE 
     #DEFINE_CONSTANT   CH__IO_VLV_PURGE   NULL 
     #DEFINE_CONSTANT   CH__IO_VLV_IN   NULL 
     #DEFINE_CONSTANT   CH__IO_VLV_OUT   IO+do.PV6 


#OBJECT_PROPERTY     PHY_LFC

/*
*/
     #DEFINE_CONSTANT   OBJ__DB_SYS   DB_SYS 
     #DEFINE_CONSTANT   LINK_DATA__TYPE   DEC 
     #DEFINE_CONSTANT   CH__IO_LFC_SET   IO+ao.LFC1.Ratio.Set 
     #DEFINE_CONSTANT   CH__IO_LFC_READ   IO+ai.LFC1.Monitor 
     #DEFINE_CONSTANT   CH__IO_LFC_STATE   NULL 
     #DEFINE_CONSTANT   CH__IO_LFC_VALVE_VOLTAGE   NULL 
     #DEFINE_CONSTANT   CH__IO_LFC_PRESSURE   NULL 
     #DEFINE_CONSTANT   CH__IO_LFC_TEMPERATURE   NULL 
     #DEFINE_CONSTANT   CH__IO_VLV_PURGE   NULL 
     #DEFINE_CONSTANT   CH__IO_VLV_IN   NULL 
     #DEFINE_CONSTANT   CH__IO_VLV_OUT   IO+do.UPW.Vlv 
     #DEFINE_CONSTANT   DATA__3WAY_VALVE   YES 
     #DEFINE_CONSTANT   CH__3WAY_VLV.FINAL   IO+do.Vapor.3Way.Supply.Vlv 
     #DEFINE_CONSTANT   CH__3WAY_VLV.DUMP   IO+do.Vapor.3Way.Dump.Vlv 


#OBJECT_PROPERTY     PHY_VAC_VLV

/*
*/
     #DEFINE_CONSTANT   CH__DO_FR_VLV   NULL 
     #DEFINE_CONSTANT   CH__DO_FR_VAT   PHY_VAT 
     #DEFINE_CONSTANT   CH__DO_SR_VLV   IO+do.Soft.Vac.Vlv 
     #DEFINE_CONSTANT   CH__DO_EXHAUST_VLV   NULL 
     #DEFINE_CONSTANT   CH__DI_FR_OPEN_SNS   NULL 
     #DEFINE_CONSTANT   CH__DI_FR_CLOSE_SNS   NULL 
     #DEFINE_CONSTANT   CH__DI_SR_OPEN_SNS   NULL 
     #DEFINE_CONSTANT   CH__DI_SR_CLOSE_SNS   NULL 
     #DEFINE_CONSTANT   CH__DI_DRY_PUMP_POWER_SENSOR   PHY_DRY+MON.PUMP.POWER.SNS 


#OBJECT_PROPERTY     PHY_VAT

/*
*/
     #DEFINE_CONSTANT   OBJ__DB_SYS   DB_SYS 
     #DEFINE_CONSTANT   DATA.CONTROL_TYPE   IO 
     #DEFINE_CONSTANT   CH__DO_APC_CTRL_MODE   IO+so.APC.Mode.Set 
     #DEFINE_CONSTANT   CH__AO_APC_SETPOINT_DATA   IO+so.APC.SetPoint.Data 
     #DEFINE_CONSTANT   CH__DO_APC_SETPOINT_TYPE   IO+so.APC.SetPoint.Type 
     #DEFINE_CONSTANT   CH__DI_APC_STATE   IO+si.APC.Status 
     #DEFINE_CONSTANT   CH__AI_APC_PRESSURE   IO+si.APC.Pressure 
     #DEFINE_CONSTANT   CH__AI_APC_POSITION   IO+si.APC.Position 
     #DEFINE_CONSTANT   CH__DI_APC_VLV_CLOSE   IO+si.APC.Vlv.Close.Check 
     #DEFINE_CONSTANT   CH__DI_APC_VLV_OPEN   IO+si.APC.Vlv.Open.Check 
     #DEFINE_CONSTANT   CH__DI_APC_VLV_STATE   IO+si.APC.Device.Check 


#OBJECT_PROPERTY     PHY_DRY

/*
*/
     #DEFINE_CONSTANT   PUMP.CONTROL_TYPE   MANUAL 
     #DEFINE_CONSTANT   CH__DI_PUMP_POWER_SNS   NULL 
     #DEFINE_CONSTANT   CH__DI_PUMP_VAC_SNS   NULL 
     #DEFINE_CONSTANT   CH__AI_PUMP_PRESSURE_TORR   IO+ai.Pump.Line.Pressure 


#OBJECT_PROPERTY     PHY_RF_TOP

/*
*/
     #DEFINE_CONSTANT   OBJ__DB_SYS   DB_SYS 
     #DEFINE_CONSTANT   DATA.RF_FREQUENCY.ACTIVE   NO 
     #DEFINE_CONSTANT   OBJ__IO_RF   NULL 
     #DEFINE_CONSTANT   CH__RF_DO_POWER_CTRL   NULL 
     #DEFINE_CONSTANT   CH__RF_AO_SET_POWER   IO+ao.RF1.Power.Set 
     #DEFINE_CONSTANT   CH__RF_AI_FORWARD_POWER   IO+ai.RF1.Forward.Power 
     #DEFINE_CONSTANT   CH__RF_AI_REFLECT_POWER   IO+ai.RF1.Refect.Power 
     #DEFINE_CONSTANT   CH__DI_VAC_SENSOR   IO+di.CHM.VAC.Sts 
     #DEFINE_CONSTANT   CH__DI_ATM_SENSOR   IO+di.CHM.ATM.Sts 
     #DEFINE_CONSTANT   CH__DI_CHM_LID_CLOSE_SENSOR   NULL 
     #DEFINE_CONSTANT   CH__DI_CHM_LID_OPEN_SENSOR   NULL 
     #DEFINE_CONSTANT   CH__CHM_SHUTTER_STATE   DB_INF+PMC.SLOT.STATUS 
     #DEFINE_CONSTANT   CH__WAFER_STATE   DB_INF+SLOT01.STATUS 
     #DEFINE_CONSTANT   CH__INTERLOCK_ACTIVE   DB_SYS+MON.INTERLOCK.HEAVY.ACTIVE.RF_SYS 
     #DEFINE_CONSTANT   CH__INTERLOCK_MSG   DB_SYS+MON.INTERLOCK.HEAVY.MSG.RF_SYS 


#OBJECT_PROPERTY     PHY_HTR_CHUCK

/*
*/
     #DEFINE_CONSTANT   DATA.LOOP_SIZE   4 
     #DEFINE_CONSTANT   DATA__CTRL_ACTIVE.1   YES 
     #DEFINE_CONSTANT   CH__AO_TEMPERATURE_SET.1   IO+ao.Heater.Chuck1_Inner.Temp.Set 
     #DEFINE_CONSTANT   CH__AI_TEMPERATURE_READ.1   IO+si.Heater.Chuck1_Inner.PV 
     #DEFINE_CONSTANT   CH__AI_TEMPERATURE_SET.1   IO+si.Heater.Chuck1_Inner.Setpoint 
     #DEFINE_CONSTANT   CH__AI_TEMPERATURE_POWER.1   IO+si.Heater.Chuck1_Inner.Output 
     #DEFINE_CONSTANT   CH__AI_PV_OFFSET.1   NULL 
     #DEFINE_CONSTANT   CH__AI_OP_HIGH_LIMIT.1   NULL 
     #DEFINE_CONSTANT   CH__AI_OP_FORWARD.1   NULL 
     #DEFINE_CONSTANT   CH__DO_HEATER_POWER.1   IO+do.Heater.Chuck1_Inner.Pwr 
     #DEFINE_CONSTANT   CH__DI_OVER_TEMP.1   IO+di.Heater.Chuck1_Inner.OverTemp 
     #DEFINE_CONSTANT   CH__DI_HIGH_LIMIT.1   IO+di.Heater.Chuck1_Inner.LimitTemp 
     #DEFINE_CONSTANT   DATA__CTRL_ACTIVE.2   YES 
     #DEFINE_CONSTANT   CH__AO_TEMPERATURE_SET.2   IO+ao.Heater.Chuck1_Outer.Temp.Set 
     #DEFINE_CONSTANT   CH__AI_TEMPERATURE_READ.2   IO+si.Heater.Chuck1_Outer.PV 
     #DEFINE_CONSTANT   CH__AI_TEMPERATURE_SET.2   IO+si.Heater.Chuck1_Outer.Setpoint 
     #DEFINE_CONSTANT   CH__AI_TEMPERATURE_POWER.2   IO+si.Heater.Chuck1_Outer.Output 
     #DEFINE_CONSTANT   CH__AI_PV_OFFSET.2   NULL 
     #DEFINE_CONSTANT   CH__AI_OP_HIGH_LIMIT.2   NULL 
     #DEFINE_CONSTANT   CH__AI_OP_FORWARD.2   NULL 
     #DEFINE_CONSTANT   CH__DO_HEATER_POWER.2   IO+do.Heater.Chuck1_Outer.Pwr 
     #DEFINE_CONSTANT   CH__DI_OVER_TEMP.2   IO+di.Heater.Chuck1_Outer.OverTemp 
     #DEFINE_CONSTANT   CH__DI_HIGH_LIMIT.2   IO+di.Heater.Chuck1_Outer.LimitTemp 
     #DEFINE_CONSTANT   DATA__CTRL_ACTIVE.3   YES 
     #DEFINE_CONSTANT   CH__AO_TEMPERATURE_SET.3   IO+ao.Heater.Chuck2_Inner.Temp.Set 
     #DEFINE_CONSTANT   CH__AI_TEMPERATURE_READ.3   IO+si.Heater.Chuck2_Inner.PV 
     #DEFINE_CONSTANT   CH__AI_TEMPERATURE_SET.3   IO+si.Heater.Chuck2_Inner.Setpoint 
     #DEFINE_CONSTANT   CH__AI_TEMPERATURE_POWER.3   IO+si.Heater.Chuck2_Inner.Output 
     #DEFINE_CONSTANT   CH__AI_PV_OFFSET.3   NULL 
     #DEFINE_CONSTANT   CH__AI_OP_HIGH_LIMIT.3   NULL 
     #DEFINE_CONSTANT   CH__AI_OP_FORWARD.3   NULL 
     #DEFINE_CONSTANT   CH__DO_HEATER_POWER.3   IO+do.Heater.Chuck2_Inner.Pwr 
     #DEFINE_CONSTANT   CH__DI_OVER_TEMP.3   IO+di.Heater.Chuck2_Inner.OverTemp 
     #DEFINE_CONSTANT   CH__DI_HIGH_LIMIT.3   IO+di.Heater.Chuck2_Inner.LimitTemp 
     #DEFINE_CONSTANT   DATA__CTRL_ACTIVE.4   YES 
     #DEFINE_CONSTANT   CH__AO_TEMPERATURE_SET.4   IO+ao.Heater.Chuck2_Outer.Temp.Set 
     #DEFINE_CONSTANT   CH__AI_TEMPERATURE_READ.4   IO+si.Heater.Chuck2_Outer.PV 
     #DEFINE_CONSTANT   CH__AI_TEMPERATURE_SET.4   IO+si.Heater.Chuck2_Outer.Setpoint 
     #DEFINE_CONSTANT   CH__AI_TEMPERATURE_POWER.4   IO+si.Heater.Chuck2_Outer.Output 
     #DEFINE_CONSTANT   CH__AI_PV_OFFSET.4   NULL 
     #DEFINE_CONSTANT   CH__AI_OP_HIGH_LIMIT.4   NULL 
     #DEFINE_CONSTANT   CH__AI_OP_FORWARD.4   NULL 
     #DEFINE_CONSTANT   CH__DO_HEATER_POWER.4   IO+do.Heater.Chuck2_Outer.Pwr 
     #DEFINE_CONSTANT   CH__DI_OVER_TEMP.4   IO+di.Heater.Chuck2_Outer.OverTemp 
     #DEFINE_CONSTANT   CH__DI_HIGH_LIMIT.4   IO+di.Heater.Chuck2_Outer.LimitTemp 
     #DEFINE_CONSTANT   CH__SI_ALARM_STATE.HEXA   NULL 
     #DEFINE_CONSTANT   CH__SO_ALARM_RESET.HEXA   NULL 


#OBJECT_PROPERTY     PHY_HTR_WALL

/*
*/
     #DEFINE_CONSTANT   DATA.LOOP_SIZE   1 
     #DEFINE_CONSTANT   DATA__CTRL_ACTIVE.1   YES 
     #DEFINE_CONSTANT   CH__AO_TEMPERATURE_SET.1   IO+ao.Heater.Wall.Temp.Set 
     #DEFINE_CONSTANT   CH__AI_TEMPERATURE_READ.1   IO+si.Heater.Wall.PV 
     #DEFINE_CONSTANT   CH__AI_TEMPERATURE_SET.1   IO+si.Heater.Wall.Setpoint 
     #DEFINE_CONSTANT   CH__AI_TEMPERATURE_POWER.1   IO+si.Heater.Wall.Output 
     #DEFINE_CONSTANT   CH__AI_PV_OFFSET.1   NULL 
     #DEFINE_CONSTANT   CH__AI_OP_HIGH_LIMIT.1   NULL 
     #DEFINE_CONSTANT   CH__AI_OP_FORWARD.1   NULL 
     #DEFINE_CONSTANT   CH__DO_HEATER_POWER.1   IO+do.Heater.Wall.Power 
     #DEFINE_CONSTANT   CH__DI_OVER_TEMP.1   IO+di.Heater.Wall.Over.Alarm 
     #DEFINE_CONSTANT   CH__DI_HIGH_LIMIT.1   NULL 
     #DEFINE_CONSTANT   CH__SI_ALARM_STATE.HEXA   NULL 
     #DEFINE_CONSTANT   CH__SO_ALARM_RESET.HEXA   NULL 


#OBJECT_PROPERTY     PHY_HTR_VAC

/*
*/
     #DEFINE_CONSTANT   DATA.LOOP_SIZE   1 
     #DEFINE_CONSTANT   DATA__CTRL_ACTIVE.1   YES 
     #DEFINE_CONSTANT   CH__AO_TEMPERATURE_SET.1   IO+ao.Heater.Vac_Line.Temp.Set 
     #DEFINE_CONSTANT   CH__AI_TEMPERATURE_READ.1   IO+si.Heater.Vac_Line.PV 
     #DEFINE_CONSTANT   CH__AI_TEMPERATURE_SET.1   IO+si.Heater.Vac_Line.Setpoint 
     #DEFINE_CONSTANT   CH__AI_TEMPERATURE_POWER.1   IO+si.Heater.Vac_Line.Output 
     #DEFINE_CONSTANT   CH__AI_PV_OFFSET.1   NULL 
     #DEFINE_CONSTANT   CH__AI_OP_HIGH_LIMIT.1   NULL 
     #DEFINE_CONSTANT   CH__AI_OP_FORWARD.1   NULL 
     #DEFINE_CONSTANT   CH__DO_HEATER_POWER.1   IO+do.Heater.Vac_Line.Pwr 
     #DEFINE_CONSTANT   CH__DI_OVER_TEMP.1   IO+di.Heater.Vac_Line.OverTemp 
     #DEFINE_CONSTANT   CH__DI_HIGH_LIMIT.1   IO+di.Heater.Vac_Line.LimitTemp 
     #DEFINE_CONSTANT   CH__SI_ALARM_STATE.HEXA   NULL 
     #DEFINE_CONSTANT   CH__SO_ALARM_RESET.HEXA   NULL 


#OBJECT_PROPERTY     PAGE_SYSTEM_INIT

/*
*/
     #FNC_MODE   SYSTEM_INIT   OPR_PMC   SYSTEM_INIT   //   
     #FNC_MODE   SYSTEM_MAINT   OPR_PMC   SYSTEM_MAINT   //   

     #DEFINE_CONSTANT   CH.CATEGORY.LOCK   DB_ETCHER+SYS.FNC.CATEGORY 
     #DEFINE_CONSTANT   DATA.CATEGORY.LOCK   SYSTEM 
     #DEFINE_CONSTANT   CH.FNC.LOCK   DB_ETCHER+SYS.FNC.LOCK 
     #DEFINE_CONSTANT   DATA.FNC.LOCK   INIT 


#OBJECT_PROPERTY     PAGE_SYSTEM_MAINT

/*
*/
     #FNC_MODE   SYSTEM_MAINT   OPR_PMC   SYSTEM_MAINT   //   
     #FNC_MODE   SYSTEM_SETUP   OPR_PMC   SYSTEM_SETUP   //   

     #DEFINE_CONSTANT   CH.CATEGORY.LOCK   DB_ETCHER+SYS.FNC.CATEGORY 
     #DEFINE_CONSTANT   DATA.CATEGORY.LOCK   SYSTEM 
     #DEFINE_CONSTANT   CH.FNC.LOCK   DB_ETCHER+SYS.FNC.LOCK 
     #DEFINE_CONSTANT   DATA.FNC.LOCK   MAINT 


#OBJECT_PROPERTY     PAGE_CHM

/*
*/
     #FNC_MODE   PUMPING   FNC_CHM   LOW_VAC_PUMP   //   
     #FNC_MODE   VENTING   FNC_CHM   VENTING   //   
     #FNC_MODE   LEAK_CHECK   FNC_CHM   LEAK_CHECK   //   
     #FNC_MODE   PURGE   FNC_CHM   PURGE   //   

     #DEFINE_CONSTANT   CH.CATEGORY.LOCK   DB_ETCHER+SYS.FNC.CATEGORY 
     #DEFINE_CONSTANT   DATA.CATEGORY.LOCK   VAC.AREA 
     #DEFINE_CONSTANT   CH.FNC.LOCK   DB_ETCHER+SYS.FNC.LOCK 
     #DEFINE_CONSTANT   DATA.FNC.LOCK   CHM 


#OBJECT_PROPERTY     INF_PMC

/*
// EXT-FNC_MODE LIST 
OBJ_MODE__SYSTEM_INIT                     ""
OBJ_MODE__SYSTEM_MAINT                    ""
OBJ_MODE__PUMP                            ""
OBJ_MODE__VENT                            ""
OBJ_MODE__LEAK_CHECK                      ""
OBJ_MODE__AUTO_PM                         ""
OBJ_MODE__PURGE                           ""
OBJ_MODE__PICK_READY                      ""
OBJ_MODE__XPICK_READY                     ""
OBJ_MODE__PICK_COMPLETE                   ""
OBJ_MODE__XPICK_COMPLETE                  ""
OBJ_MODE__PLACE_READY                     ""
OBJ_MODE__XPLACE_READY                    ""
OBJ_MODE__PLACE_COMPLETE                  ""
OBJ_MODE__XPLACE_COMPLETE                 ""
OBJ_MODE__PRO_READY                       ""
OBJ_MODE__PRO_START                       ""
OBJ_MODE__CLN_READY                       ""
OBJ_MODE__CLN_START                       ""
OBJ_MODE__PRE_READY                       ""
OBJ_MODE__PRE_START                       ""
OBJ_MODE__MNT_READY                       ""
OBJ_MODE__MNT_START                       ""
OBJ_MODE__JOB_START_READY                 ""
OBJ_MODE__JOB_END_READY                   ""

*/
     #FNC_MODE   OBJ_MODE__SYSTEM_INIT   OPR_PMC   SYSTEM_INIT   //   
     #FNC_MODE   OBJ_MODE__SYSTEM_MAINT   OPR_PMC   SYSTEM_MAINT   //   
     #FNC_MODE   OBJ_MODE__PUMP   OPR_PMC   PUMP   //   
     #FNC_MODE   OBJ_MODE__VENT   OPR_PMC   VENT   //   
     #FNC_MODE   OBJ_MODE__LEAK_CHECK   OPR_PMC   LEAK_CHECK   //   
     #FNC_MODE   OBJ_MODE__AUTO_PM   OPR_PMC   AUTO_PM   //   
     #FNC_MODE   OBJ_MODE__PURGE   OPR_PMC   PURGE   //   
     #FNC_MODE   OBJ_MODE__PICK_READY   OPR_PMC   PICK_READY   //   
     #FNC_MODE   OBJ_MODE__XPICK_READY   OPR_PMC   PICK_X_READY   //   
     #FNC_MODE   OBJ_MODE__PICK_COMPLETE   OPR_PMC   PICK_COMPLETE   //   
     #FNC_MODE   OBJ_MODE__XPICK_COMPLETE   OPR_PMC   PICK_X_COMPLETE   //   
     #FNC_MODE   OBJ_MODE__PLACE_READY   OPR_PMC   PLACE_READY   //   
     #FNC_MODE   OBJ_MODE__XPLACE_READY   OPR_PMC   PLACE_X_READY   //   
     #FNC_MODE   OBJ_MODE__PLACE_COMPLETE   OPR_PMC   PLACE_COMPLETE   //   
     #FNC_MODE   OBJ_MODE__XPLACE_COMPLETE   OPR_PMC   PLACE_X_COMPLETE   //   
     #FNC_MODE   OBJ_MODE__PRO_READY   OPR_PMC   PRO_READY   //   
     #FNC_MODE   OBJ_MODE__PRO_START   OPR_PMC   PRO_START   //   
     #FNC_MODE   OBJ_MODE__CLN_READY   OPR_PMC   PRO_READY   //   
     #FNC_MODE   OBJ_MODE__CLN_START   OPR_PMC   PRO_START   //   
     #FNC_MODE   OBJ_MODE__PRE_READY   OPR_PMC   PRO_READY   //   
     #FNC_MODE   OBJ_MODE__PRE_START   OPR_PMC   PRO_START   //   
     #FNC_MODE   OBJ_MODE__MNT_READY   OPR_PMC   MNT_READY   //   
     #FNC_MODE   OBJ_MODE__MNT_START   OPR_PMC   PRO_START   //   
     #FNC_MODE   OBJ_MODE__JOB_START_READY   OPR_PMC   JOB_START_READY   //   
     #FNC_MODE   OBJ_MODE__JOB_END_READY   OPR_PMC   JOB_END_READY   //   


#OBJECT_PROPERTY     INF_ACTIVE_HANDOFF

/*
// EXT-FNC_MODE LIST 
OBJ_MODE__S1                              ""
OBJ_MODE__S2                              ""
OBJ_MODE__S3                              ""
OBJ_MODE__R1                              ""
OBJ_MODE__R2                              ""
OBJ_MODE__R3                              ""

*/
     #FNC_MODE   OBJ_MODE__S1   PHY_LIFT_PIN   UP   //   
     #FNC_MODE   OBJ_MODE__S2   PHY_LIFT_PIN   DOWN   //   
     #FNC_MODE   OBJ_MODE__S3   PHY_LIFT_PIN   DOWN   //   
     #FNC_MODE   OBJ_MODE__R1   PHY_LIFT_PIN   DOWN   //   
     #FNC_MODE   OBJ_MODE__R2   PHY_LIFT_PIN   UP   //   
     #FNC_MODE   OBJ_MODE__R3   PHY_LIFT_PIN   DOWN   //   
     #FNC_MODE   OBJ_MODE__INIT   FNC_SYSTEM   SYSTEM_INIT   //   

     #DEFINE_CONSTANT   OBJ__PM_SLOT   PHY_PM_SLOT 
     #DEFINE_CONSTANT   PM_SLOT.CLOSE   DOOR.CLOSE 
     #DEFINE_CONSTANT   PM_SLOT.OPEN   DOOR.OPEN 
     #DEFINE_CONSTANT   OBJ__SHUTTER   NULL 
     #DEFINE_CONSTANT   SHUTTER.CLOSE   CLOSE 
     #DEFINE_CONSTANT   SHUTTER.OPEN   OPEN 


#OBJECT_PROPERTY     OPR_PMC

/*
// EXT-FNC_MODE LIST 
OBJ_MODE__INIT                            ""
OBJ_MODE__MAINT                           ""
OBJ_MODE__PUMP                            ""
OBJ_MODE__VENT                            ""
OBJ_MODE__LEAK_CHECK                      ""
OBJ_MODE__PURGE                           ""
OBJ_MODE__PRO_READY                       ""
OBJ_MODE__PRO_START                       ""
OBJ_MODE__CLN_READY                       ""
OBJ_MODE__CLN_START                       ""
OBJ_MODE__MNT_READY                       ""
OBJ_MODE__MNT_START                       ""
OBJ_MODE__JOB_START_READY                 ""
OBJ_MODE__JOB_END_READY                   ""

*/
     #FNC_MODE   OBJ_MODE__INIT   FNC_SYSTEM   SYSTEM_INIT   //   
     #FNC_MODE   OBJ_MODE__MAINT   FNC_SYSTEM   SYSTEM_MAINT   //   
     #FNC_MODE   OBJ_MODE__TRANSFER_INIT   FNC_SYSTEM   TRANSFER_INIT   //   
     #FNC_MODE   OBJ_MODE__PUMP   FNC_CHM   LOW_VAC_PUMP   //   
     #FNC_MODE   OBJ_MODE__VENT   FNC_CHM   VENTING   //   
     #FNC_MODE   OBJ_MODE__LEAK_CHECK   FNC_CHM   LEAK_CHECK   //   
     #FNC_MODE   OBJ_MODE__PURGE   FNC_CHM   PURGE   //   
     #FNC_MODE   OBJ_MODE__PRO_READY   FNC_PROC   MAIN.READY   //   
     #FNC_MODE   OBJ_MODE__PRO_START   FNC_PROC   MAIN.START   //   
     #FNC_MODE   OBJ_MODE__CLN_READY   FNC_PROC   POST.READY   //   
     #FNC_MODE   OBJ_MODE__CLN_START   FNC_PROC   POST.START   //   
     #FNC_MODE   OBJ_MODE__MNT_READY   FNC_PROC   MANUAL.READY   //   
     #FNC_MODE   OBJ_MODE__MNT_START   FNC_PROC   MANUAL.START   //   
     #FNC_MODE   OBJ_MODE__JOB_START_READY   FNC_PROC   JOB_START.READY   //   
     #FNC_MODE   OBJ_MODE__JOB_END_READY   FNC_PROC   JOB_END.READY   //   

     #DEFINE_CONSTANT   OBJ__DB_SYS   DB_SYS 
     #DEFINE_CONSTANT   OBJ__DB_INF   DB_INF 
     #DEFINE_CONSTANT   OBJ__AUTO_PM   NULL 
     #DEFINE_CONSTANT   OBJ__LIFT_PIN   NULL 
     #DEFINE_CONSTANT   OBJ__SHUTTER   NULL 
     #DEFINE_CONSTANT   OBJ__PM_SLOT   PHY_PM_SLOT 
     #DEFINE_CONSTANT   PM_SLOT.CLOSE   DOOR.CLOSE 
     #DEFINE_CONSTANT   PM_SLOT.OPEN   DOOR.OPEN 
     #DEFINE_CONSTANT   OBJ__CHAMBER   FNC_CHM 


#OBJECT_PROPERTY     FNC_SYSTEM

/*
*/
     #DEFINE_CONSTANT   OBJ__DB_SYS   DB_SYS 
     #DEFINE_CONSTANT   OBJ__DB_INF   DB_INF 
     #DEFINE_CONSTANT   DATA.OBJ_SIZE   0 
     #DEFINE_CONSTANT   LINK_OBJ.TITLE.1   OBJ.TITLE_XX 
     #DEFINE_CONSTANT   LINK_OBJ.NAME.1   OBJ.NAME_XX 
     #DEFINE_CONSTANT   RF_GEN.OBJ_SIZE   1 
     #DEFINE_CONSTANT   RF_GEN.OBJ_TITLE.1   RF.TOP 
     #DEFINE_CONSTANT   RF_GEN.OBJ_NAME.1   PHY_RF_TOP 
     #DEFINE_CONSTANT   RF_MAT.OBJ_SIZE   0 
     #DEFINE_CONSTANT   RF_SYS.ESC_DC_SUPPLY   NULL 
     #DEFINE_CONSTANT   RF_SYS.ESC_BACK_HE   NULL 
     #DEFINE_CONSTANT   HEATER.OBJ_SIZE   2 
     #DEFINE_CONSTANT   HEATER.OBJ_TITLE.1   HEATER.CHUCK 
     #DEFINE_CONSTANT   HEATER.OBJ_NAME.1   PHY_HTR_CHUCK 
     #DEFINE_CONSTANT   HEATER.OBJ_TITLE.2   HEATER.WALL 
     #DEFINE_CONSTANT   HEATER.OBJ_NAME.2   PHY_HTR_WALL 
     #DEFINE_CONSTANT   OBJ_CHAMBER.LIFT_PIN   PHY_LIFT_PIN 
     #DEFINE_CONSTANT   OBJ_CHAMBER.DECHUCK   NULL 


#OBJECT_PROPERTY     FNC_CHM

/*
*/
     #DEFINE_CONSTANT   OBJ__DB_SYS   DB_SYS 
     #DEFINE_CONSTANT   OBJ__DB_INF   DB_INF 
     #DEFINE_CONSTANT   OBJ__PMC_LOG   FNC_PM_DATALOG 
     #DEFINE_CONSTANT   OBJ__TRANSFER   FNC_TRANSFER 
     #DEFINE_CONSTANT   OBJ__GAS_VALVE   FNC_GAS_VLV_CTRL 
     #DEFINE_CONSTANT   OBJ__VAT   PHY_VAT 
     #DEFINE_CONSTANT   OBJ__VAC_VALVE   PHY_VAC_VLV 
     #DEFINE_CONSTANT   OBJ__TURBO_PUMP   NULL 
     #DEFINE_CONSTANT   OBJ__DRY_PUMP   PHY_DRY 
     #DEFINE_CONSTANT   OBJ__ESC   NULL 
     #DEFINE_CONSTANT   CH__CHM_SHUTTER_STATE   NULL 
     #DEFINE_CONSTANT   CH__CHM_VAC_SNS   IO+di.CHM.VAC.Sts 
     #DEFINE_CONSTANT   CH__CHM_ATM_SNS   IO+di.CHM.ATM.Sts 


#OBJECT_PROPERTY     FNC_TRANSFER

/*
*/
     #DEFINE_CONSTANT   DATA.RF_SIZE   1 
     #DEFINE_CONSTANT   DATA__IO_RF_NAME.1   RF.TOP 
     #DEFINE_CONSTANT   CH__IO_RF_ON_STATUS.1   PHY_RF_TOP+MON.IO.POWER.STATE 
     #DEFINE_CONSTANT   CH__ESC_ON_STS   NULL 


#OBJECT_PROPERTY     PHY_PM_SLOT

/*
*/
     #DEFINE_CONSTANT   CH__MON_DOOR_STATE   DB_INF+PMC.SLOT.STATUS 
     #DEFINE_CONSTANT   CH__DO_DOOR_CLOSE   IO+do.PM.Slot.Vlv.Close 
     #DEFINE_CONSTANT   CH__DO_DOOR_OPEN   IO+do.PM.Slot.Vlv.Open 
     #DEFINE_CONSTANT   CH__DI_DOOR_CLOSE   IO+di.PM.Slot.Vlv.Close 
     #DEFINE_CONSTANT   CH__DI_DOOR_OPEN   IO+di.PM.Slot.Vlv.Open 
     #DEFINE_CONSTANT   DATA.RF_SIZE   1 
     #DEFINE_CONSTANT   DATA__IO_RF_NAME.1   RF.TOP 
     #DEFINE_CONSTANT   CH__IO_RF_ON_STATUS.1   PHY_RF_TOP+MON.IO.POWER.STATE 


#OBJECT_PROPERTY     MNT_PROCESS

/*
*/
     #DEFINE_CONSTANT   OBJ__DB_SYS   DB_SYS 
     #DEFINE_CONSTANT   CH__SYSTEM_LOCK   DB_SYS+SYSTEM.LOCK 
     #DEFINE_CONSTANT   CH__RCP_NAME   DB_INF+SLOT01.RECIPE 
     #DEFINE_CONSTANT   CH__RCP_ABORT_DECHUCK   DB_INF+CFG.DECHUCK.RECIPE.ABORT 
     #DEFINE_CONSTANT   OBJ__PROC   FNC_PROC 


#OBJECT_PROPERTY     FNC_PROC

/*
*/
     #DEFINE_CONSTANT   DB__SYS   DB_SYS 
     #DEFINE_CONSTANT   DB__INF   DB_INF 
     #DEFINE_CONSTANT   CH__SYSTEM_OBJ_STATUS   OPR_PMC+OBJ.STATUS 
     #DEFINE_CONSTANT   OBJ__CHM   FNC_CHM 
     #DEFINE_CONSTANT   OBJ__STEP   FNC_STEP 
     #DEFINE_CONSTANT   OBJ__PROC_LOG   FNC_PM_DATALOG 
     #DEFINE_CONSTANT   CH__STEP_TIME   FNC_STEP+RCP.STEP.TIME 
     #DEFINE_CONSTANT   CH__STEP_EXCEPTION_COMMAND   FNC_STEP+EXCEPTION.COMMAND 
     #DEFINE_CONSTANT   CH__SLOT_TITLE   DB_INF+SLOT01.TITLE 
     #DEFINE_CONSTANT   CH__SLOT_LOTID   DB_INF+SLOT01.LOTID 
     #DEFINE_CONSTANT   CH__SYS_CTRL_LOCK   DB_ETCHER+SYS.CTRL.LOCK 
     #DEFINE_CONSTANT   CH__SYS_FNC_LOCK   DB_ETCHER+SYS.FNC.LOCK 
     #DEFINE_CONSTANT   CH__SYS_STATUS   OPR_PMC+OBJ.STATUS 
     #DEFINE_CONSTANT   CH__STEP_STABLE_REQ   FNC_STEP+STEP.STABLE.REQ 
     #DEFINE_CONSTANT   CH__SHUTTER_STATE   NULL 
     #DEFINE_CONSTANT   CH__LIFT_PIN_STATE   DB_INF+LIFT_PIN.STATUS 
     #DEFINE_CONSTANT   CH__CHUCK_STATE   NULL 


#OBJECT_PROPERTY     FNC_STEP

/*
*/
     #DEFINE_CONSTANT   OBJ__DB_INF   DB_INF 
     #DEFINE_CONSTANT   OBJ__DB_SYS   DB_SYS 
     #DEFINE_CONSTANT   OBJ__LIFT_PIN   PHY_LIFT_PIN 
     #DEFINE_CONSTANT   OBJ__APC   PHY_VAT 
     #DEFINE_CONSTANT   DATA.MFC_SIZE   5 
     #DEFINE_CONSTANT   OBJ__MFC.01   PHY_MFC1 
     #DEFINE_CONSTANT   OBJ__MFC.02   PHY_MFC2 
     #DEFINE_CONSTANT   OBJ__MFC.03   PHY_MFC3 
     #DEFINE_CONSTANT   OBJ__MFC.04   PHY_MFC4 
     #DEFINE_CONSTANT   OBJ__MFC.05   PHY_MFC5 
     #DEFINE_CONSTANT   DATA.PT_SIZE   6 
     #DEFINE_CONSTANT   CH__PT_ERROR.01   PHY_PT+MON.ABORT.ACTIVE.PT.01 
     #DEFINE_CONSTANT   CH__PT_ERROR.02   PHY_PT+MON.ABORT.ACTIVE.PT.02 
     #DEFINE_CONSTANT   CH__PT_ERROR.03   PHY_PT+MON.ABORT.ACTIVE.PT.03 
     #DEFINE_CONSTANT   CH__PT_ERROR.04   PHY_PT+MON.ABORT.ACTIVE.PT.04 
     #DEFINE_CONSTANT   CH__PT_ERROR.05   PHY_PT+MON.ABORT.ACTIVE.PT.05 
     #DEFINE_CONSTANT   CH__PT_ERROR.06   PHY_PT+MON.ABORT.ACTIVE.PT.06 
     #DEFINE_CONSTANT   OBJ__RF_TOP   PHY_RF_TOP 
     #DEFINE_CONSTANT   OBJ__MATCHER   PHY_IO__MATCHER 
     #DEFINE_CONSTANT   OBJ__LFC   PHY_LFC 


#OBJECT_PROPERTY     Mng_AUTO_PM

/*
*/
     #DEFINE_CONSTANT   CH.FNC.NAME   DB_ETCHER+SYS.FNC.NAME 
     #DEFINE_CONSTANT   OBJ.CHM_CTRL   FNC_CHM 
     #DEFINE_CONSTANT   OBJ.LEAK_CHECK   FNC_CHM 
     #DEFINE_CONSTANT   OBJ.GAUGE_CHECK   Mng_GAUGE_CHECK 
     #DEFINE_CONSTANT   OBJ.VAT_CHECK   Mng_VAT_CONDUCTANCE 
     #DEFINE_CONSTANT   OBJ.MFC_CHECK   Mng_MFC_FLOW 
     #DEFINE_CONSTANT   OBJ.FRC_CHECK.SIZE   0 


#OBJECT_PROPERTY     Mng_MFC_FLOW

/*
*/
     #DEFINE_CONSTANT   OBJ.DB_SYS   DB_SYS 
     #DEFINE_CONSTANT   OBJ.DB_ETCHER   DB_ETCHER 
     #DEFINE_CONSTANT   OBJ.CHM_CTRL   FNC_CHM 
     #DEFINE_CONSTANT   OBJ.VAT_CTRL   PHY_VAT 
     #DEFINE_CONSTANT   OBJ.GAS_VALVE   FNC_GAS_VLV_CTRL 
     #DEFINE_CONSTANT   OBJ.MFC_SIZE   5 
     #DEFINE_CONSTANT   OBJ.MFC1   PHY_MFC1 
     #DEFINE_CONSTANT   OBJ.MFC2   PHY_MFC2 
     #DEFINE_CONSTANT   OBJ.MFC3   PHY_MFC3 
     #DEFINE_CONSTANT   OBJ.MFC4   PHY_MFC4 
     #DEFINE_CONSTANT   OBJ.MFC5   PHY_MFC5 
     #DEFINE_CONSTANT   CH.CHM_PRESSURE.TORR   DB_INF+CHM.PRESSURE.VALUE 
     #DEFINE_CONSTANT   CH.CHM_PRESSURE.MTORR   DB_INF+CHM.PRESSURE.mTORR 
     #DEFINE_CONSTANT   CH.ISO_VLV   IO+do.Bara.Protect.10_Torr.Vlv 
     #DEFINE_CONSTANT   CH.FNC.NAME   DB_ETCHER+SYS.FNC.NAME 
     #DEFINE_CONSTANT   CH.FNC.MSG   DB_ETCHER+SYS.FNC.MSG 
     #DEFINE_CONSTANT   CH.FNC.LOCK   DB_ETCHER+SYS.FNC.LOCK 


#OBJECT_PROPERTY     Mng_VAT_CONDUCTANCE

/*
*/
     #DEFINE_CONSTANT   OBJ.VAT_CTRL   PHY_VAT 
     #DEFINE_CONSTANT   CH.CHM_PRESSURE   DB_INF+CHM.PRESSURE.VALUE 
     #DEFINE_CONSTANT   OBJ.CHM_CTRL   FNC_CHM 
     #DEFINE_CONSTANT   OBJ.GAS_VLV   FNC_GAS_VLV_CTRL 
     #DEFINE_CONSTANT   OBJ.DB_SYS   DB_SYS 
     #DEFINE_CONSTANT   CH.FNC.NAME   DB_ETCHER+SYS.FNC.NAME 
     #DEFINE_CONSTANT   CH.FNC.MSG   DB_ETCHER+SYS.FNC.MSG 
     #DEFINE_CONSTANT   CH.FNC.LOCK   DB_ETCHER+SYS.FNC.LOCK 
     #DEFINE_CONSTANT   OBJ.MFC_SIZE   5 
     #DEFINE_CONSTANT   OBJ.MFC1   PHY_MFC1 
     #DEFINE_CONSTANT   OBJ.MFC2   PHY_MFC2 
     #DEFINE_CONSTANT   OBJ.MFC3   PHY_MFC3 
     #DEFINE_CONSTANT   OBJ.MFC4   PHY_MFC4 
     #DEFINE_CONSTANT   OBJ.MFC5   PHY_MFC5 


#OBJECT_PROPERTY     Mng_RF_CHECK

/*
*/
     #DEFINE_CONSTANT   OBJ.DB_SYS   DB_SYS 
     #DEFINE_CONSTANT   OBJ.RF_SIZE   1 
     #DEFINE_CONSTANT   OBJ.RF_TITLE.1   RF.TOP 
     #DEFINE_CONSTANT   OBJ.RF_NAME.1   PHY_RF_TOP 
     #DEFINE_CONSTANT   CH.FNC.NAME   DB_ETCHER+SYS.FNC.NAME 
     #DEFINE_CONSTANT   CH.FNC.MSG   DB_ETCHER+SYS.FNC.MSG 
     #DEFINE_CONSTANT   CH.FNC.LOCK   DB_ETCHER+SYS.FNC.LOCK 
     #DEFINE_CONSTANT   CH.VAC_IO_SENSOR   IO+di.CHM.VAC.Sts 


#OBJECT_PROPERTY     Mng_GAUGE_CHECK

/*
*/
     #DEFINE_CONSTANT   CH.CHM_PRESSURE   DB_INF+CHM.PRESSURE.VALUE 
     #DEFINE_CONSTANT   OBJ.CHM_CTRL   FNC_CHM 
     #DEFINE_CONSTANT   OBJ.GAS_VLV   FNC_GAS_VLV_CTRL 
     #DEFINE_CONSTANT   OBJ.DB_SYS   DB_SYS 
     #DEFINE_CONSTANT   CH.FNC.NAME   DB_ETCHER+SYS.FNC.NAME 
     #DEFINE_CONSTANT   CH.FNC.MSG   DB_ETCHER+SYS.FNC.MSG 
     #DEFINE_CONSTANT   CH.FNC.LOCK   DB_ETCHER+SYS.FNC.LOCK 
     #DEFINE_CONSTANT   OBJ.MFC_SIZE   5 
     #DEFINE_CONSTANT   OBJ.MFC1   PHY_MFC1 
     #DEFINE_CONSTANT   OBJ.MFC2   PHY_MFC2 
     #DEFINE_CONSTANT   OBJ.MFC3   PHY_MFC3 
     #DEFINE_CONSTANT   OBJ.MFC4   PHY_MFC4 
     #DEFINE_CONSTANT   OBJ.MFC5   PHY_MFC5 


#OBJECT_PROPERTY     PHY_CHM_IO

/*
*/
     #DEFINE_CONSTANT   OBJ__DB_INF   DB_INF 
     #DEFINE_CONSTANT   OBJ__DB_SYS   DB_SYS 
     #DEFINE_CONSTANT   CH__DI_VAC_SNS   IO+di.CHM.VAC.Sts 
     #DEFINE_CONSTANT   CH__DI_ATM_SNS   IO+di.CHM.ATM.Sts 
     #DEFINE_CONSTANT   DATA.PRC_GAUGE_SIZE   1 
     #DEFINE_CONSTANT   CH.DO_PRC_GAUGE_VLV.1   IO+do.Bara.Protect.10_Torr.Vlv 
     #DEFINE_CONSTANT   CH.AI_PRC_GAUGE_TORR.1   IO+ai.CHM.Pressure.10_Torr 
     #DEFINE_CONSTANT   CH__AI_CHM_GAUGE_TORR   IO+ai.CHM.Pressure.1000_Torr 
     #DEFINE_CONSTANT   CH__AI_FORELINE_GAUGE_TORR   IO+ai.Pump.Line.Pressure 
     #DEFINE_CONSTANT   CH__RF_TOTAL_ON_STATE   DB_INF+RF.ON.STS 
     #DEFINE_CONSTANT   DATA.RF_SIZE   1 
     #DEFINE_CONSTANT   CH__RF_ON_STATE.1   PHY_RF_TOP+MON.IO.POWER.STATE 


#OBJECT_PROPERTY     PHY_LIFT_PIN

/*
*/
     #DEFINE_CONSTANT   CH__LIFT_PIN_STATE   DB_INF+LIFT_PIN.STATUS 
     #DEFINE_CONSTANT   CH__ESC_CHUCK_STATE   NULL 
     #DEFINE_CONSTANT   DATA__ESC_CH_SIZE   0 
     #DEFINE_CONSTANT   CH__DO_TRANSFER_PIN_UP   IO+do.ESC.Pin.Up 
     #DEFINE_CONSTANT   CH__DO_TRANSFER_PIN_DOWN   IO+do.ESC.Pin.Down 
     #DEFINE_CONSTANT   CH__DO_MIDDLE_PIN_UP   IO+do.ESC.Pin.Middle 
     #DEFINE_CONSTANT   CH__DO_MIDDLE_PIN_DOWN   NULL 
     #DEFINE_CONSTANT   DATA__DI_PIN_SENSOR   NO 
     #DEFINE_CONSTANT   DATA__PIN_SIZE   3 
     #DEFINE_CONSTANT   CH__AI_PIN_POS.1   IO+ai.Pin_Pos.AMP1 
     #DEFINE_CONSTANT   CH__AI_PIN_POS.2   IO+ai.Pin_Pos.AMP2 
     #DEFINE_CONSTANT   CH__AI_PIN_POS.3   IO+ai.Pin_Pos.AMP3 


#OBJECT_PROPERTY     PHY_IO__RF_TOP   //  Object Index Error !!!

     #OBJECT_IO_PARA   COM_PORT    11 


#OBJECT_PROPERTY     PHY_IO__MATCHER

/*
*/
     #OBJECT_IO_PARA   COM_PORT    12 


#OBJECT_PROPERTY     IO

/*
*/
     #OBJECT_IO_FILE   CFG_IO__PMC_STRIP.cfg 

