
<<<----  [OUT]
2020/11/04 16:10:08:098

---------------------------------------------------------------------
// FA : Start Log ...


<<<----  [OUT]
2020/11/04 16:10:08:102

//-------------------------------------------------------------
Property Information

   Driver Type [HSMS]
   Driver Mode [ACTIVE]
   IP    [192.168.100.113]
   Port  [5000]
//-------------------------------------------------------------


<<<----  [OUT]
2020/11/04 16:10:08:703

Auto-Start Started ... (Active)

<<<----  [OUT]
2020/11/04 16:10:08:794

Auto-Start Started ...  Waiting Stop-Connection.

<<<----  [OUT]
2020/11/04 16:10:08:794

Auto-Start Started ...  Waiting Open-Socket.

<<<----  [OUT]
2020/11/04 16:10:08:824

Socket Open Started...

<<<----  [OUT]
2020/11/04 16:10:08:824

Socket Open Completed...

<<<----  [OUT]
2020/11/04 16:10:08:824

Connecting Started...

<<<----  [OUT]
2020/11/04 16:10:08:885

Auto-Start Completed ...  (Active)

<<<----  [OUT]
2020/11/04 16:10:10:876

I can't connect with the passive [192.168.100.113/5000] error_code:10061 !

<<<----  [OUT]
2020/11/04 16:10:13:355

Connecting Started...

<<<----  [OUT]
2020/11/04 16:10:15:389

I can't connect with the passive [192.168.100.113/5000] error_code:10061 !

<<<----  [OUT]
2020/11/04 16:10:17:871

Connecting Started...

<<<----  [OUT]
2020/11/04 16:10:19:916

I can't connect with the passive [192.168.100.113/5000] error_code:10061 !

<<<----  [OUT]
2020/11/04 16:10:22:403

Connecting Started...

<<<----  [OUT]
2020/11/04 16:10:24:449

I can't connect with the passive [192.168.100.113/5000] error_code:10061 !

<<<----  [OUT]
2020/11/04 16:10:26:933

Connecting Started...

<<<----  [OUT]
2020/11/04 16:10:28:973

I can't connect with the passive [192.168.100.113/5000] error_code:10061 !

<<<----  [OUT]
2020/11/04 16:10:31:463

Connecting Started...

<<<----  [OUT]
2020/11/04 16:10:33:509

I can't connect with the passive [192.168.100.113/5000] error_code:10061 !

<<<----  [OUT]
2020/11/04 16:10:35:995

Connecting Started...

<<<----  [OUT]
2020/11/04 16:10:38:035

I can't connect with the passive [192.168.100.113/5000] error_code:10061 !

<<<----  [OUT]
2020/11/04 16:10:40:511

Connecting Started...

<<<----  [OUT]
2020/11/04 16:10:42:553

I can't connect with the passive [192.168.100.113/5000] error_code:10061 !

<<<----  [OUT]
2020/11/04 16:10:45:042

Connecting Started...

<<<----  [OUT]
2020/11/04 16:10:47:095

I can't connect with the passive [192.168.100.113/5000] error_code:10061 !

<<<----  [OUT]
2020/11/04 16:10:49:574

Connecting Started...

<<<----  [OUT]
2020/11/04 16:10:51:610

I can't connect with the passive [192.168.100.113/5000] error_code:10061 !

<<<----  [OUT]
2020/11/04 16:10:54:090

Connecting Started...

<<<----  [OUT]
2020/11/04 16:10:56:130

I can't connect with the passive [192.168.100.113/5000] error_code:10061 !

<<<----  [OUT]
2020/11/04 16:10:58:621

Connecting Started...

<<<----  [OUT]
2020/11/04 16:11:00:668

I can't connect with the passive [192.168.100.113/5000] error_code:10061 !

<<<----  [OUT]
2020/11/04 16:11:03:152

Connecting Started...

<<<----  [OUT]
2020/11/04 16:11:05:195

I can't connect with the passive [192.168.100.113/5000] error_code:10061 !

<<<----  [OUT]
2020/11/04 16:11:07:682

Connecting Started...

<<<----  [OUT]
2020/11/04 16:11:09:717

I can't connect with the passive [192.168.100.113/5000] error_code:10061 !

<<<----  [OUT]
2020/11/04 16:11:12:199

Connecting Started...

<<<----  [OUT]
2020/11/04 16:11:14:239

I can't connect with the passive [192.168.100.113/5000] error_code:10061 !

<<<----  [OUT]
2020/11/04 16:11:16:730

Connecting Started...

<<<----  [OUT]
2020/11/04 16:11:18:767

I can't connect with the passive [192.168.100.113/5000] error_code:10061 !

<<<----  [OUT]
2020/11/04 16:11:21:246

Connecting Started...

<<<----  [OUT]
2020/11/04 16:11:23:286

I can't connect with the passive [192.168.100.113/5000] error_code:10061 !

<<<----  [OUT]
2020/11/04 16:11:25:776

Connecting Started...

<<<----  [OUT]
2020/11/04 16:11:27:819

I can't connect with the passive [192.168.100.113/5000] error_code:10061 !

<<<----  [OUT]
2020/11/04 16:11:30:307

Connecting Started...

<<<----  [OUT]
2020/11/04 16:11:32:346

I can't connect with the passive [192.168.100.113/5000] error_code:10061 !

<<<----  [OUT]
2020/11/04 16:11:34:824

Connecting Started...

<<<----  [OUT]
2020/11/04 16:11:36:864

I can't connect with the passive [192.168.100.113/5000] error_code:10061 !

<<<----  [OUT]
2020/11/04 16:11:39:354

Connecting Started...

<<<----  [OUT]
2020/11/04 16:11:41:388

I can't connect with the passive [192.168.100.113/5000] error_code:10061 !

<<<----  [OUT]
2020/11/04 16:11:43:870

Connecting Started...

<<<----  [OUT]
2020/11/04 16:11:45:911

I can't connect with the passive [192.168.100.113/5000] error_code:10061 !

<<<----  [OUT]
2020/11/04 16:11:48:402

Connecting Started...

<<<----  [OUT]
2020/11/04 16:11:50:442

I can't connect with the passive [192.168.100.113/5000] error_code:10061 !

<<<----  [OUT]
2020/11/04 16:11:52:933

Connecting Started...

<<<----  [OUT]
2020/11/04 16:11:54:974

I can't connect with the passive [192.168.100.113/5000] error_code:10061 !

<<<----  [OUT]
2020/11/04 16:11:57:463

Connecting Started...

<<<----  [OUT]
2020/11/04 16:11:59:502

I can't connect with the passive [192.168.100.113/5000] error_code:10061 !

<<<----  [OUT]
2020/11/04 16:12:01:979

Connecting Started...

<<<----  [OUT]
2020/11/04 16:12:04:000

I can't connect with the passive [192.168.100.113/5000] error_code:10061 !

<<<----  [OUT]
2020/11/04 16:12:06:479

Connecting Started...

<<<----  [OUT]
2020/11/04 16:12:08:520

I can't connect with the passive [192.168.100.113/5000] error_code:10061 !

<<<----  [OUT]
2020/11/04 16:12:11:011

Connecting Started...

<<<----  [OUT]
2020/11/04 16:12:13:064

I can't connect with the passive [192.168.100.113/5000] error_code:10061 !

<<<----  [OUT]
2020/11/04 16:12:15:542

Connecting Started...

<<<----  [OUT]
2020/11/04 16:12:17:585

I can't connect with the passive [192.168.100.113/5000] error_code:10061 !

<<<----  [OUT]
2020/11/04 16:12:20:074

Connecting Started...

<<<----  [OUT]
2020/11/04 16:12:22:125

I can't connect with the passive [192.168.100.113/5000] error_code:10061 !

<<<----  [OUT]
2020/11/04 16:12:24:606

Connecting Started...

<<<----  [OUT]
2020/11/04 16:12:26:657

I can't connect with the passive [192.168.100.113/5000] error_code:10061 !

<<<----  [OUT]
2020/11/04 16:12:29:137

Connecting Started...

<<<----  [OUT]
2020/11/04 16:12:31:177

I can't connect with the passive [192.168.100.113/5000] error_code:10061 !

<<<----  [OUT]
2020/11/04 16:12:33:666

Connecting Started...

<<<----  [OUT]
2020/11/04 16:12:35:693

I can't connect with the passive [192.168.100.113/5000] error_code:10061 !

<<<----  [OUT]
2020/11/04 16:12:38:183

Connecting Started...

<<<----  [OUT]
2020/11/04 16:12:40:218

I can't connect with the passive [192.168.100.113/5000] error_code:10061 !

<<<----  [OUT]
2020/11/04 16:12:42:699

Connecting Started...

<<<----  [OUT]
2020/11/04 16:12:44:742

I can't connect with the passive [192.168.100.113/5000] error_code:10061 !

<<<----  [OUT]
2020/11/04 16:12:47:229

Connecting Started...

<<<----  [OUT]
2020/11/04 16:12:49:282

I can't connect with the passive [192.168.100.113/5000] error_code:10061 !

<<<----  [OUT]
2020/11/04 16:12:51:760

Connecting Started...

<<<----  [OUT]
2020/11/04 16:12:53:798

I can't connect with the passive [192.168.100.113/5000] error_code:10061 !

<<<----  [OUT]
2020/11/04 16:12:56:277

Connecting Started...

<<<----  [OUT]
2020/11/04 16:12:58:324

I can't connect with the passive [192.168.100.113/5000] error_code:10061 !

<<<----  [OUT]
2020/11/04 16:13:00:807

Connecting Started...

<<<----  [OUT]
2020/11/04 16:13:02:859

I can't connect with the passive [192.168.100.113/5000] error_code:10061 !

<<<----  [OUT]
2020/11/04 16:13:05:340

Connecting Started...

<<<----  [OUT]
2020/11/04 16:13:07:382

I can't connect with the passive [192.168.100.113/5000] error_code:10061 !

<<<----  [OUT]
2020/11/04 16:13:09:871

Connecting Started...

<<<----  [OUT]
2020/11/04 16:13:11:906

I can't connect with the passive [192.168.100.113/5000] error_code:10061 !

<<<----  [OUT]
2020/11/04 16:13:14:387

Connecting Started...

<<<----  [OUT]
2020/11/04 16:13:16:434

I can't connect with the passive [192.168.100.113/5000] error_code:10061 !

<<<----  [OUT]
2020/11/04 16:13:18:917

Connecting Started...

<<<----  [OUT]
2020/11/04 16:13:20:950

I can't connect with the passive [192.168.100.113/5000] error_code:10061 !

<<<----  [OUT]
2020/11/04 16:13:23:433

Connecting Started...

<<<----  [OUT]
2020/11/04 16:13:25:471

I can't connect with the passive [192.168.100.113/5000] error_code:10061 !

<<<----  [OUT]
2020/11/04 16:13:27:947

Connecting Started...

<<<----  [OUT]
2020/11/04 16:13:29:991

I can't connect with the passive [192.168.100.113/5000] error_code:10061 !

<<<----  [OUT]
2020/11/04 16:13:32:479

Connecting Started...

<<<----  [OUT]
2020/11/04 16:13:34:522

I can't connect with the passive [192.168.100.113/5000] error_code:10061 !

<<<----  [OUT]
2020/11/04 16:13:37:012

Connecting Started...

<<<----  [OUT]
2020/11/04 16:13:39:050

I can't connect with the passive [192.168.100.113/5000] error_code:10061 !

<<<----  [OUT]
2020/11/04 16:13:41:526

Connecting Started...

<<<----  [OUT]
2020/11/04 16:13:43:572

I can't connect with the passive [192.168.100.113/5000] error_code:10061 !

<<<----  [OUT]
2020/11/04 16:13:46:058

Connecting Started...

<<<----  [OUT]
2020/11/04 16:13:48:101

I can't connect with the passive [192.168.100.113/5000] error_code:10061 !

<<<----  [OUT]
2020/11/04 16:13:50:590

Connecting Started...

<<<----  [OUT]
2020/11/04 16:13:52:631

I can't connect with the passive [192.168.100.113/5000] error_code:10061 !

<<<----  [OUT]
2020/11/04 16:13:55:121

Connecting Started...

<<<----  [OUT]
2020/11/04 16:13:57:171

I can't connect with the passive [192.168.100.113/5000] error_code:10061 !

<<<----  [OUT]
2020/11/04 16:13:59:651

Connecting Started...

<<<----  [OUT]
2020/11/04 16:14:01:693

I can't connect with the passive [192.168.100.113/5000] error_code:10061 !

<<<----  [OUT]
2020/11/04 16:14:04:182

Connecting Started...

<<<----  [OUT]
2020/11/04 16:14:06:217

I can't connect with the passive [192.168.100.113/5000] error_code:10061 !

<<<----  [OUT]
2020/11/04 16:14:08:699

Connecting Started...

<<<----  [OUT]
2020/11/04 16:14:10:739

I can't connect with the passive [192.168.100.113/5000] error_code:10061 !

<<<----  [OUT]
2020/11/04 16:14:13:230

Connecting Started...

<<<----  [OUT]
2020/11/04 16:14:15:268

I can't connect with the passive [192.168.100.113/5000] error_code:10061 !

<<<----  [OUT]
2020/11/04 16:14:17:746

Connecting Started...

<<<----  [OUT]
2020/11/04 16:14:19:800

I can't connect with the passive [192.168.100.113/5000] error_code:10061 !

<<<----  [OUT]
2020/11/04 16:14:22:276

Connecting Started...

<<<----  [OUT]
2020/11/04 16:14:24:318

I can't connect with the passive [192.168.100.113/5000] error_code:10061 !

<<<----  [OUT]
2020/11/04 16:14:26:808

Connecting Started...

<<<----  [OUT]
2020/11/04 16:14:28:852

I can't connect with the passive [192.168.100.113/5000] error_code:10061 !

<<<----  [OUT]
2020/11/04 16:14:31:340

Connecting Started...

<<<----  [OUT]
2020/11/04 16:14:33:378

I can't connect with the passive [192.168.100.113/5000] error_code:10061 !

<<<----  [OUT]
2020/11/04 16:14:35:856

Connecting Started...

<<<----  [OUT]
2020/11/04 16:14:37:887

I can't connect with the passive [192.168.100.113/5000] error_code:10061 !

<<<----  [OUT]
2020/11/04 16:14:40:371

Connecting Started...

<<<----  [OUT]
2020/11/04 16:14:42:408

I can't connect with the passive [192.168.100.113/5000] error_code:10061 !

<<<----  [OUT]
2020/11/04 16:14:44:886

Connecting Started...

<<<----  [OUT]
2020/11/04 16:14:46:932

I can't connect with the passive [192.168.100.113/5000] error_code:10061 !

<<<----  [OUT]
2020/11/04 16:14:49:416

Connecting Started...

<<<----  [OUT]
2020/11/04 16:14:51:456

I can't connect with the passive [192.168.100.113/5000] error_code:10061 !

<<<----  [OUT]
2020/11/04 16:14:53:932

Connecting Started...

<<<----  [OUT]
2020/11/04 16:14:55:976

I can't connect with the passive [192.168.100.113/5000] error_code:10061 !

<<<----  [OUT]
2020/11/04 16:14:58:464

Connecting Started...

<<<----  [OUT]
2020/11/04 16:15:00:504

I can't connect with the passive [192.168.100.113/5000] error_code:10061 !

<<<----  [OUT]
2020/11/04 16:15:02:996

Connecting Started...

<<<----  [OUT]
2020/11/04 16:15:05:032

I can't connect with the passive [192.168.100.113/5000] error_code:10061 !

<<<----  [OUT]
2020/11/04 16:15:07:511

Connecting Started...

<<<----  [OUT]
2020/11/04 16:15:09:570

I can't connect with the passive [192.168.100.113/5000] error_code:10061 !

<<<----  [OUT]
2020/11/04 16:15:12:057

Connecting Started...

<<<----  [OUT]
2020/11/04 16:15:14:104

I can't connect with the passive [192.168.100.113/5000] error_code:10061 !

<<<----  [OUT]
2020/11/04 16:15:16:590

Connecting Started...

<<<----  [OUT]
2020/11/04 16:15:18:629

I can't connect with the passive [192.168.100.113/5000] error_code:10061 !

<<<----  [OUT]
2020/11/04 16:15:21:121

Connecting Started...

<<<----  [OUT]
2020/11/04 16:15:23:161

I can't connect with the passive [192.168.100.113/5000] error_code:10061 !

<<<----  [OUT]
2020/11/04 16:15:25:653

Connecting Started...

<<<----  [OUT]
2020/11/04 16:15:27:689

I can't connect with the passive [192.168.100.113/5000] error_code:10061 !

<<<----  [OUT]
2020/11/04 16:15:30:166

Connecting Started...

<<<----  [OUT]
2020/11/04 16:15:32:210

I can't connect with the passive [192.168.100.113/5000] error_code:10061 !

<<<----  [OUT]
2020/11/04 16:15:34:699

Connecting Started...

<<<----  [OUT]
2020/11/04 16:15:36:732

I can't connect with the passive [192.168.100.113/5000] error_code:10061 !

<<<----  [OUT]
2020/11/04 16:15:39:214

Connecting Started...

<<<----  [OUT]
2020/11/04 16:15:41:251

I can't connect with the passive [192.168.100.113/5000] error_code:10061 !

<<<----  [OUT]
2020/11/04 16:15:43:729

Connecting Started...

<<<----  [OUT]
2020/11/04 16:15:45:765

I can't connect with the passive [192.168.100.113/5000] error_code:10061 !

<<<----  [OUT]
2020/11/04 16:15:48:245

Connecting Started...

<<<----  [OUT]
2020/11/04 16:15:50:281

I can't connect with the passive [192.168.100.113/5000] error_code:10061 !

<<<----  [OUT]
2020/11/04 16:15:52:762

Connecting Started...

<<<----  [OUT]
2020/11/04 16:15:54:791

I can't connect with the passive [192.168.100.113/5000] error_code:10061 !

<<<----  [OUT]
2020/11/04 16:15:57:278

Connecting Started...

<<<----  [OUT]
2020/11/04 16:15:59:330

I can't connect with the passive [192.168.100.113/5000] error_code:10061 !

<<<----  [OUT]
2020/11/04 16:16:01:808

Connecting Started...

<<<----  [OUT]
2020/11/04 16:16:03:850

I can't connect with the passive [192.168.100.113/5000] error_code:10061 !

<<<----  [OUT]
2020/11/04 16:16:06:339

Connecting Started...

<<<----  [OUT]
2020/11/04 16:16:08:378

I can't connect with the passive [192.168.100.113/5000] error_code:10061 !

<<<----  [OUT]
2020/11/04 16:16:10:855

Connecting Started...

<<<----  [OUT]
2020/11/04 16:16:12:892

I can't connect with the passive [192.168.100.113/5000] error_code:10061 !

<<<----  [OUT]
2020/11/04 16:16:15:371

Connecting Started...

<<<----  [OUT]
2020/11/04 16:16:17:408

I can't connect with the passive [192.168.100.113/5000] error_code:10061 !

<<<----  [OUT]
2020/11/04 16:16:19:886

Connecting Started...

<<<----  [OUT]
2020/11/04 16:16:21:928

I can't connect with the passive [192.168.100.113/5000] error_code:10061 !

<<<----  [OUT]
2020/11/04 16:16:24:418

Connecting Started...

<<<----  [OUT]
2020/11/04 16:16:26:462

I can't connect with the passive [192.168.100.113/5000] error_code:10061 !

<<<----  [OUT]
2020/11/04 16:16:28:948

Connecting Started...

<<<----  [OUT]
2020/11/04 16:16:30:987

I can't connect with the passive [192.168.100.113/5000] error_code:10061 !

<<<----  [OUT]
2020/11/04 16:16:33:465

Connecting Started...

<<<----  [OUT]
2020/11/04 16:16:35:509

I can't connect with the passive [192.168.100.113/5000] error_code:10061 !

<<<----  [OUT]
2020/11/04 16:16:37:996

Connecting Started...

<<<----  [OUT]
2020/11/04 16:16:40:038

I can't connect with the passive [192.168.100.113/5000] error_code:10061 !

<<<----  [OUT]
2020/11/04 16:16:42:528

Connecting Started...

<<<----  [OUT]
2020/11/04 16:16:44:582

I can't connect with the passive [192.168.100.113/5000] error_code:10061 !

<<<----  [OUT]
2020/11/04 16:16:47:073

Connecting Started...

<<<----  [OUT]
2020/11/04 16:16:49:120

I can't connect with the passive [192.168.100.113/5000] error_code:10061 !

<<<----  [OUT]
2020/11/04 16:16:51:604

Connecting Started...

<<<----  [OUT]
2020/11/04 16:16:53:647

I can't connect with the passive [192.168.100.113/5000] error_code:10061 !

<<<----  [OUT]
2020/11/04 16:16:56:136

Connecting Started...

<<<----  [OUT]
2020/11/04 16:16:58:173

I can't connect with the passive [192.168.100.113/5000] error_code:10061 !

<<<----  [OUT]
2020/11/04 16:17:00:651

Connecting Started...

<<<----  [OUT]
2020/11/04 16:17:02:691

I can't connect with the passive [192.168.100.113/5000] error_code:10061 !

<<<----  [OUT]
2020/11/04 16:17:05:168

Connecting Started...

<<<----  [OUT]
2020/11/04 16:17:07:207

I can't connect with the passive [192.168.100.113/5000] error_code:10061 !

<<<----  [OUT]
2020/11/04 16:17:09:683

Connecting Started...

<<<----  [OUT]
2020/11/04 16:17:11:726

I can't connect with the passive [192.168.100.113/5000] error_code:10061 !

<<<----  [OUT]
2020/11/04 16:17:14:215

Connecting Started...

<<<----  [OUT]
2020/11/04 16:17:16:259

I can't connect with the passive [192.168.100.113/5000] error_code:10061 !

<<<----  [OUT]
2020/11/04 16:17:18:746

Connecting Started...

<<<----  [OUT]
2020/11/04 16:17:20:790

I can't connect with the passive [192.168.100.113/5000] error_code:10061 !

<<<----  [OUT]
2020/11/04 16:17:23:277

Connecting Started...

<<<----  [OUT]
2020/11/04 16:17:25:326

I can't connect with the passive [192.168.100.113/5000] error_code:10061 !

<<<----  [OUT]
2020/11/04 16:17:27:809

Connecting Started...

<<<----  [OUT]
2020/11/04 16:17:29:856

I can't connect with the passive [192.168.100.113/5000] error_code:10061 !

<<<----  [OUT]
2020/11/04 16:17:32:338

Connecting Started...

<<<----  [OUT]
2020/11/04 16:17:34:388

I can't connect with the passive [192.168.100.113/5000] error_code:10061 !

<<<----  [OUT]
2020/11/04 16:17:36:870

Connecting Started...

<<<----  [OUT]
2020/11/04 16:17:38:914

I can't connect with the passive [192.168.100.113/5000] error_code:10061 !

<<<----  [OUT]
2020/11/04 16:17:41:401

Connecting Started...

<<<----  [OUT]
2020/11/04 16:17:43:434

I can't connect with the passive [192.168.100.113/5000] error_code:10061 !

<<<----  [OUT]
2020/11/04 16:17:45:917

Connecting Started...

<<<----  [OUT]
2020/11/04 16:17:47:957

I can't connect with the passive [192.168.100.113/5000] error_code:10061 !

<<<----  [OUT]
2020/11/04 16:17:50:432

Connecting Started...

<<<----  [OUT]
2020/11/04 16:17:52:471

I can't connect with the passive [192.168.100.113/5000] error_code:10061 !

<<<----  [OUT]
2020/11/04 16:17:54:949

Connecting Started...

<<<----  [OUT]
2020/11/04 16:17:56:996

I can't connect with the passive [192.168.100.113/5000] error_code:10061 !

<<<----  [OUT]
2020/11/04 16:17:59:480

Connecting Started...

<<<----  [OUT]
2020/11/04 16:18:01:517

I can't connect with the passive [192.168.100.113/5000] error_code:10061 !

<<<----  [OUT]
2020/11/04 16:18:03:995

Connecting Started...

<<<----  [OUT]
2020/11/04 16:18:06:037

I can't connect with the passive [192.168.100.113/5000] error_code:10061 !

<<<----  [OUT]
2020/11/04 16:18:08:526

Connecting Started...

<<<----  [OUT]
2020/11/04 16:18:10:575

I can't connect with the passive [192.168.100.113/5000] error_code:10061 !

<<<----  [OUT]
2020/11/04 16:18:13:059

Connecting Started...

<<<----  [OUT]
2020/11/04 16:18:15:111

I can't connect with the passive [192.168.100.113/5000] error_code:10061 !

<<<----  [OUT]
2020/11/04 16:18:17:589

Connecting Started...

<<<----  [OUT]
2020/11/04 16:18:19:619

I can't connect with the passive [192.168.100.113/5000] error_code:10061 !

<<<----  [OUT]
2020/11/04 16:18:22:105

Connecting Started...

<<<----  [OUT]
2020/11/04 16:18:24:137

I can't connect with the passive [192.168.100.113/5000] error_code:10061 !

<<<----  [OUT]
2020/11/04 16:18:26:620

Connecting Started...

<<<----  [OUT]
2020/11/04 16:18:28:658

I can't connect with the passive [192.168.100.113/5000] error_code:10061 !

<<<----  [OUT]
2020/11/04 16:18:31:136

Connecting Started...

<<<----  [OUT]
2020/11/04 16:18:33:166

I can't connect with the passive [192.168.100.113/5000] error_code:10061 !

<<<----  [OUT]
2020/11/04 16:18:35:651

Connecting Started...

<<<----  [OUT]
2020/11/04 16:18:37:683

I can't connect with the passive [192.168.100.113/5000] error_code:10061 !

<<<----  [OUT]
2020/11/04 16:18:40:167

Connecting Started...

<<<----  [OUT]
2020/11/04 16:18:42:210

I can't connect with the passive [192.168.100.113/5000] error_code:10061 !

<<<----  [OUT]
2020/11/04 16:18:44:698

Connecting Started...

<<<----  [OUT]
2020/11/04 16:18:46:740

I can't connect with the passive [192.168.100.113/5000] error_code:10061 !

<<<----  [OUT]
2020/11/04 16:18:49:229

Connecting Started...

<<<----  [OUT]
2020/11/04 16:18:51:269

I can't connect with the passive [192.168.100.113/5000] error_code:10061 !

<<<----  [OUT]
2020/11/04 16:18:53:761

Connecting Started...

<<<----  [OUT]
2020/11/04 16:18:55:799

I can't connect with the passive [192.168.100.113/5000] error_code:10061 !

<<<----  [OUT]
2020/11/04 16:18:58:277

Connecting Started...

<<<----  [OUT]
2020/11/04 16:19:00:314

I can't connect with the passive [192.168.100.113/5000] error_code:10061 !

<<<----  [OUT]
2020/11/04 16:19:02:792

Connecting Started...

<<<----  [OUT]
2020/11/04 16:19:04:843

I can't connect with the passive [192.168.100.113/5000] error_code:10061 !

<<<----  [OUT]
2020/11/04 16:19:07:324

Connecting Started...

<<<----  [OUT]
2020/11/04 16:19:09:377

I can't connect with the passive [192.168.100.113/5000] error_code:10061 !

<<<----  [OUT]
2020/11/04 16:19:11:855

Connecting Started...

<<<----  [OUT]
2020/11/04 16:19:13:883

I can't connect with the passive [192.168.100.113/5000] error_code:10061 !

<<<----  [OUT]
2020/11/04 16:19:16:370

Connecting Started...

<<<----  [OUT]
2020/11/04 16:19:18:419

I can't connect with the passive [192.168.100.113/5000] error_code:10061 !

<<<----  [OUT]
2020/11/04 16:19:20:902

Connecting Started...

<<<----  [OUT]
2020/11/04 16:19:22:943

I can't connect with the passive [192.168.100.113/5000] error_code:10061 !

<<<----  [OUT]
2020/11/04 16:19:25:432

Connecting Started...

<<<----  [OUT]
2020/11/04 16:19:27:478

I can't connect with the passive [192.168.100.113/5000] error_code:10061 !

<<<----  [OUT]
2020/11/04 16:19:29:964

Connecting Started...

<<<----  [OUT]
2020/11/04 16:19:31:997

I can't connect with the passive [192.168.100.113/5000] error_code:10061 !

<<<----  [OUT]
2020/11/04 16:19:34:479

Connecting Started...

<<<----  [OUT]
2020/11/04 16:19:36:532

I can't connect with the passive [192.168.100.113/5000] error_code:10061 !

<<<----  [OUT]
2020/11/04 16:19:39:011

Connecting Started...

<<<----  [OUT]
2020/11/04 16:19:41:050

I can't connect with the passive [192.168.100.113/5000] error_code:10061 !

<<<----  [OUT]
2020/11/04 16:19:43:527

Connecting Started...

<<<----  [OUT]
2020/11/04 16:19:45:576

I can't connect with the passive [192.168.100.113/5000] error_code:10061 !

<<<----  [OUT]
2020/11/04 16:19:48:058

Connecting Started...

<<<----  [OUT]
2020/11/04 16:19:50:103

I can't connect with the passive [192.168.100.113/5000] error_code:10061 !

<<<----  [OUT]
2020/11/04 16:19:52:590

Connecting Started...

<<<----  [OUT]
2020/11/04 16:19:54:634

I can't connect with the passive [192.168.100.113/5000] error_code:10061 !

<<<----  [OUT]
2020/11/04 16:19:57:119

Connecting Started...

<<<----  [OUT]
2020/11/04 16:19:59:159

I can't connect with the passive [192.168.100.113/5000] error_code:10061 !

<<<----  [OUT]
2020/11/04 16:20:01:635

Connecting Started...

<<<----  [OUT]
2020/11/04 16:20:03:678

I can't connect with the passive [192.168.100.113/5000] error_code:10061 !

<<<----  [OUT]
2020/11/04 16:20:06:167

Connecting Started...

<<<----  [OUT]
2020/11/04 16:20:08:204

I can't connect with the passive [192.168.100.113/5000] error_code:10061 !

<<<----  [OUT]
2020/11/04 16:20:10:682

Connecting Started...

<<<----  [OUT]
2020/11/04 16:20:12:719

I can't connect with the passive [192.168.100.113/5000] error_code:10061 !

<<<----  [OUT]
2020/11/04 16:20:15:199

Connecting Started...

<<<----  [OUT]
2020/11/04 16:20:17:245

I can't connect with the passive [192.168.100.113/5000] error_code:10061 !

<<<----  [OUT]
2020/11/04 16:20:19:729

Connecting Started...

<<<----  [OUT]
2020/11/04 16:20:21:760

I can't connect with the passive [192.168.100.113/5000] error_code:10061 !

<<<----  [OUT]
2020/11/04 16:20:24:246

Connecting Started...

<<<----  [OUT]
2020/11/04 16:20:26:282

I can't connect with the passive [192.168.100.113/5000] error_code:10061 !

<<<----  [OUT]
2020/11/04 16:20:28:762

Connecting Started...

<<<----  [OUT]
2020/11/04 16:20:30:814

I can't connect with the passive [192.168.100.113/5000] error_code:10061 !

<<<----  [OUT]
2020/11/04 16:20:33:292

Connecting Started...

<<<----  [OUT]
2020/11/04 16:20:35:342

I can't connect with the passive [192.168.100.113/5000] error_code:10061 !

<<<----  [OUT]
2020/11/04 16:20:37:823

Connecting Started...

<<<----  [OUT]
2020/11/04 16:20:39:865

I can't connect with the passive [192.168.100.113/5000] error_code:10061 !

<<<----  [OUT]
2020/11/04 16:20:42:356

Connecting Started...

<<<----  [OUT]
2020/11/04 16:20:44:408

I can't connect with the passive [192.168.100.113/5000] error_code:10061 !

<<<----  [OUT]
2020/11/04 16:20:46:886

Connecting Started...

<<<----  [OUT]
2020/11/04 16:20:48:928

I can't connect with the passive [192.168.100.113/5000] error_code:10061 !

<<<----  [OUT]
2020/11/04 16:20:51:416

Connecting Started...

<<<----  [OUT]
2020/11/04 16:20:53:467

I can't connect with the passive [192.168.100.113/5000] error_code:10061 !

<<<----  [OUT]
2020/11/04 16:20:55:948

Connecting Started...

<<<----  [OUT]
2020/11/04 16:20:57:993

I can't connect with the passive [192.168.100.113/5000] error_code:10061 !

<<<----  [OUT]
2020/11/04 16:21:00:480

Connecting Started...

<<<----  [OUT]
2020/11/04 16:21:02:532

I can't connect with the passive [192.168.100.113/5000] error_code:10061 !

<<<----  [OUT]
2020/11/04 16:21:05:012

Connecting Started...

<<<----  [OUT]
2020/11/04 16:21:07:064

I can't connect with the passive [192.168.100.113/5000] error_code:10061 !

<<<----  [OUT]
2020/11/04 16:21:09:542

Connecting Started...

<<<----  [OUT]
2020/11/04 16:21:11:583

I can't connect with the passive [192.168.100.113/5000] error_code:10061 !

<<<----  [OUT]
2020/11/04 16:21:14:073

Connecting Started...

<<<----  [OUT]
2020/11/04 16:21:16:122

I can't connect with the passive [192.168.100.113/5000] error_code:10061 !

<<<----  [OUT]
2020/11/04 16:21:18:606

Connecting Started...

<<<----  [OUT]
2020/11/04 16:21:20:652

I can't connect with the passive [192.168.100.113/5000] error_code:10061 !

<<<----  [OUT]
2020/11/04 16:21:23:136

Connecting Started...

<<<----  [OUT]
2020/11/04 16:21:25:182

I can't connect with the passive [192.168.100.113/5000] error_code:10061 !

<<<----  [OUT]
2020/11/04 16:21:27:666

Connecting Started...

<<<----  [OUT]
2020/11/04 16:21:29:686

I can't connect with the passive [192.168.100.113/5000] error_code:10061 !

<<<----  [OUT]
2020/11/04 16:21:32:167

Connecting Started...

<<<----  [OUT]
2020/11/04 16:21:34:208

I can't connect with the passive [192.168.100.113/5000] error_code:10061 !

<<<----  [OUT]
2020/11/04 16:21:36:698

Connecting Started...

<<<----  [OUT]
2020/11/04 16:21:38:744

I can't connect with the passive [192.168.100.113/5000] error_code:10061 !

<<<----  [OUT]
2020/11/04 16:21:41:230

Connecting Started...

<<<----  [OUT]
2020/11/04 16:21:43:272

I can't connect with the passive [192.168.100.113/5000] error_code:10061 !

<<<----  [OUT]
2020/11/04 16:21:45:761

Connecting Started...

<<<----  [OUT]
2020/11/04 16:21:47:809

I can't connect with the passive [192.168.100.113/5000] error_code:10061 !

<<<----  [OUT]
2020/11/04 16:21:50:293

Connecting Started...

<<<----  [OUT]
2020/11/04 16:21:52:330

I can't connect with the passive [192.168.100.113/5000] error_code:10061 !

<<<----  [OUT]
2020/11/04 16:21:54:808

Connecting Started...

<<<----  [OUT]
2020/11/04 16:21:56:838

I can't connect with the passive [192.168.100.113/5000] error_code:10061 !

<<<----  [OUT]
2020/11/04 16:21:59:323

Connecting Started...

<<<----  [OUT]
2020/11/04 16:22:01:362

I can't connect with the passive [192.168.100.113/5000] error_code:10061 !

<<<----  [OUT]
2020/11/04 16:22:03:839

Connecting Started...

<<<----  [OUT]
2020/11/04 16:22:05:883

I can't connect with the passive [192.168.100.113/5000] error_code:10061 !

<<<----  [OUT]
2020/11/04 16:22:08:370

Connecting Started...

<<<----  [OUT]
2020/11/04 16:22:10:417

I can't connect with the passive [192.168.100.113/5000] error_code:10061 !

<<<----  [OUT]
2020/11/04 16:22:12:902

Connecting Started...

<<<----  [OUT]
2020/11/04 16:22:14:940

I can't connect with the passive [192.168.100.113/5000] error_code:10061 !

<<<----  [OUT]
2020/11/04 16:22:17:416

Connecting Started...

<<<----  [OUT]
2020/11/04 16:22:19:450

I can't connect with the passive [192.168.100.113/5000] error_code:10061 !

<<<----  [OUT]
2020/11/04 16:22:21:933

Connecting Started...

<<<----  [OUT]
2020/11/04 16:22:23:976

I can't connect with the passive [192.168.100.113/5000] error_code:10061 !

<<<----  [OUT]
2020/11/04 16:22:26:463

Connecting Started...

<<<----  [OUT]
2020/11/04 16:22:28:495

I can't connect with the passive [192.168.100.113/5000] error_code:10061 !

<<<----  [OUT]
2020/11/04 16:22:30:979

Connecting Started...

<<<----  [OUT]
2020/11/04 16:22:33:017

I can't connect with the passive [192.168.100.113/5000] error_code:10061 !

<<<----  [OUT]
2020/11/04 16:22:35:495

Connecting Started...

<<<----  [OUT]
2020/11/04 16:22:37:534

I can't connect with the passive [192.168.100.113/5000] error_code:10061 !

<<<----  [OUT]
2020/11/04 16:22:40:011

Connecting Started...

<<<----  [OUT]
2020/11/04 16:22:42:051

I can't connect with the passive [192.168.100.113/5000] error_code:10061 !

<<<----  [OUT]
2020/11/04 16:22:44:527

Connecting Started...

<<<----  [OUT]
2020/11/04 16:22:46:563

I can't connect with the passive [192.168.100.113/5000] error_code:10061 !

<<<----  [OUT]
2020/11/04 16:22:49:042

Connecting Started...

<<<----  [OUT]
2020/11/04 16:22:51:078

I can't connect with the passive [192.168.100.113/5000] error_code:10061 !

<<<----  [OUT]
2020/11/04 16:22:53:558

Connecting Started...

<<<----  [OUT]
2020/11/04 16:22:55:607

I can't connect with the passive [192.168.100.113/5000] error_code:10061 !

<<<----  [OUT]
2020/11/04 16:22:58:089

Connecting Started...

<<<----  [OUT]
2020/11/04 16:23:00:131

I can't connect with the passive [192.168.100.113/5000] error_code:10061 !

<<<----  [OUT]
2020/11/04 16:23:02:621

Connecting Started...

<<<----  [OUT]
2020/11/04 16:23:04:663

I can't connect with the passive [192.168.100.113/5000] error_code:10061 !

<<<----  [OUT]
2020/11/04 16:23:07:151

Connecting Started...

<<<----  [OUT]
2020/11/04 16:23:09:188

I can't connect with the passive [192.168.100.113/5000] error_code:10061 !

<<<----  [OUT]
2020/11/04 16:23:11:667

Connecting Started...

<<<----  [OUT]
2020/11/04 16:23:13:711

I can't connect with the passive [192.168.100.113/5000] error_code:10061 !

<<<----  [OUT]
2020/11/04 16:23:16:198

Connecting Started...

<<<----  [OUT]
2020/11/04 16:23:18:238

I can't connect with the passive [192.168.100.113/5000] error_code:10061 !

<<<----  [OUT]
2020/11/04 16:23:20:714

Connecting Started...

<<<----  [OUT]
2020/11/04 16:23:22:758

I can't connect with the passive [192.168.100.113/5000] error_code:10061 !

<<<----  [OUT]
2020/11/04 16:23:25:245

Connecting Started...

<<<----  [OUT]
2020/11/04 16:23:27:281

I can't connect with the passive [192.168.100.113/5000] error_code:10061 !

<<<----  [OUT]
2020/11/04 16:23:29:761

Connecting Started...

<<<----  [OUT]
2020/11/04 16:23:31:805

I can't connect with the passive [192.168.100.113/5000] error_code:10061 !

<<<----  [OUT]
2020/11/04 16:23:34:292

Connecting Started...

<<<----  [OUT]
2020/11/04 16:23:36:330

I can't connect with the passive [192.168.100.113/5000] error_code:10061 !

<<<----  [OUT]
2020/11/04 16:23:38:808

Connecting Started...

<<<----  [OUT]
2020/11/04 16:23:40:853

I can't connect with the passive [192.168.100.113/5000] error_code:10061 !

<<<----  [OUT]
2020/11/04 16:23:43:339

Connecting Started...

<<<----  [OUT]
2020/11/04 16:23:45:372

I can't connect with the passive [192.168.100.113/5000] error_code:10061 !

<<<----  [OUT]
2020/11/04 16:23:47:855

Connecting Started...

<<<----  [OUT]
2020/11/04 16:23:49:892

I can't connect with the passive [192.168.100.113/5000] error_code:10061 !

<<<----  [OUT]
2020/11/04 16:23:52:371

Connecting Started...

<<<----  [OUT]
2020/11/04 16:23:54:408

I can't connect with the passive [192.168.100.113/5000] error_code:10061 !

<<<----  [OUT]
2020/11/04 16:23:56:885

Connecting Started...

<<<----  [OUT]
2020/11/04 16:23:58:919

I can't connect with the passive [192.168.100.113/5000] error_code:10061 !

<<<----  [OUT]
2020/11/04 16:24:01:402

Connecting Started...

<<<----  [OUT]
2020/11/04 16:24:03:443

I can't connect with the passive [192.168.100.113/5000] error_code:10061 !

<<<----  [OUT]
2020/11/04 16:24:05:932

Connecting Started...

<<<----  [OUT]
2020/11/04 16:24:07:981

I can't connect with the passive [192.168.100.113/5000] error_code:10061 !

<<<----  [OUT]
2020/11/04 16:24:10:463

Connecting Started...

<<<----  [OUT]
2020/11/04 16:24:12:502

I can't connect with the passive [192.168.100.113/5000] error_code:10061 !

<<<----  [OUT]
2020/11/04 16:24:14:980

Connecting Started...

<<<----  [OUT]
2020/11/04 16:24:17:016

I can't connect with the passive [192.168.100.113/5000] error_code:10061 !

<<<----  [OUT]
2020/11/04 16:24:19:496

Connecting Started...

<<<----  [OUT]
2020/11/04 16:24:21:536

I can't connect with the passive [192.168.100.113/5000] error_code:10061 !

<<<----  [OUT]
2020/11/04 16:24:24:026

Connecting Started...

<<<----  [OUT]
2020/11/04 16:24:26:077

I can't connect with the passive [192.168.100.113/5000] error_code:10061 !

<<<----  [OUT]
2020/11/04 16:24:28:559

Connecting Started...

<<<----  [OUT]
2020/11/04 16:24:30:593

I can't connect with the passive [192.168.100.113/5000] error_code:10061 !

<<<----  [OUT]
2020/11/04 16:24:33:073

Connecting Started...

<<<----  [OUT]
2020/11/04 16:24:35:114

I can't connect with the passive [192.168.100.113/5000] error_code:10061 !

<<<----  [OUT]
2020/11/04 16:24:37:606

Connecting Started...

<<<----  [OUT]
2020/11/04 16:24:39:644

I can't connect with the passive [192.168.100.113/5000] error_code:10061 !

<<<----  [OUT]
2020/11/04 16:24:42:121

Connecting Started...

<<<----  [OUT]
2020/11/04 16:24:44:164

I can't connect with the passive [192.168.100.113/5000] error_code:10061 !

<<<----  [OUT]
2020/11/04 16:24:46:651

Connecting Started...

<<<----  [OUT]
2020/11/04 16:24:48:691

I can't connect with the passive [192.168.100.113/5000] error_code:10061 !

<<<----  [OUT]
2020/11/04 16:24:51:166

Connecting Started...

<<<----  [OUT]
2020/11/04 16:24:53:197

I can't connect with the passive [192.168.100.113/5000] error_code:10061 !

<<<----  [OUT]
2020/11/04 16:24:55:682

Connecting Started...

<<<----  [OUT]
2020/11/04 16:24:57:731

I can't connect with the passive [192.168.100.113/5000] error_code:10061 !

<<<----  [OUT]
2020/11/04 16:25:00:214

Connecting Started...

<<<----  [OUT]
2020/11/04 16:25:02:253

I can't connect with the passive [192.168.100.113/5000] error_code:10061 !

<<<----  [OUT]
2020/11/04 16:25:04:730

Connecting Started...

<<<----  [OUT]
2020/11/04 16:25:06:776

I can't connect with the passive [192.168.100.113/5000] error_code:10061 !

<<<----  [OUT]
2020/11/04 16:25:09:261

Connecting Started...

<<<----  [OUT]
2020/11/04 16:25:11:300

I can't connect with the passive [192.168.100.113/5000] error_code:10061 !

<<<----  [OUT]
2020/11/04 16:25:13:777

Connecting Started...

<<<----  [OUT]
2020/11/04 16:25:15:809

I can't connect with the passive [192.168.100.113/5000] error_code:10061 !

<<<----  [OUT]
2020/11/04 16:25:18:292

Connecting Started...

<<<----  [OUT]
2020/11/04 16:25:20:331

I can't connect with the passive [192.168.100.113/5000] error_code:10061 !

<<<----  [OUT]
2020/11/04 16:25:22:809

Connecting Started...

<<<----  [OUT]
2020/11/04 16:25:24:846

I can't connect with the passive [192.168.100.113/5000] error_code:10061 !

<<<----  [OUT]
2020/11/04 16:25:27:323

Connecting Started...

<<<----  [OUT]
2020/11/04 16:25:29:364

I can't connect with the passive [192.168.100.113/5000] error_code:10061 !

<<<----  [OUT]
2020/11/04 16:25:31:856

Connecting Started...

<<<----  [OUT]
2020/11/04 16:25:33:901

I can't connect with the passive [192.168.100.113/5000] error_code:10061 !

<<<----  [OUT]
2020/11/04 16:25:36:386

Connecting Started...

<<<----  [OUT]
2020/11/04 16:25:38:432

I can't connect with the passive [192.168.100.113/5000] error_code:10061 !

<<<----  [OUT]
2020/11/04 16:25:40:917

Connecting Started...

<<<----  [OUT]
2020/11/04 16:25:42:960

I can't connect with the passive [192.168.100.113/5000] error_code:10061 !

<<<----  [OUT]
2020/11/04 16:25:45:449

Connecting Started...

<<<----  [OUT]
2020/11/04 16:25:47:490

I can't connect with the passive [192.168.100.113/5000] error_code:10061 !

<<<----  [OUT]
2020/11/04 16:25:49:979

Connecting Started...

<<<----  [OUT]
2020/11/04 16:25:52:021

I can't connect with the passive [192.168.100.113/5000] error_code:10061 !

<<<----  [OUT]
2020/11/04 16:25:54:510

Connecting Started...

<<<----  [OUT]
2020/11/04 16:25:56:552

I can't connect with the passive [192.168.100.113/5000] error_code:10061 !

<<<----  [OUT]
2020/11/04 16:25:59:043

Connecting Started...

<<<----  [OUT]
2020/11/04 16:26:01:084

I can't connect with the passive [192.168.100.113/5000] error_code:10061 !

<<<----  [OUT]
2020/11/04 16:26:03:574

Connecting Started...

<<<----  [OUT]
2020/11/04 16:26:05:617

I can't connect with the passive [192.168.100.113/5000] error_code:10061 !

<<<----  [OUT]
2020/11/04 16:26:08:106

Connecting Started...

<<<----  [OUT]
2020/11/04 16:26:10:157

I can't connect with the passive [192.168.100.113/5000] error_code:10061 !

<<<----  [OUT]
2020/11/04 16:26:12:636

Connecting Started...

<<<----  [OUT]
2020/11/04 16:26:14:680

I can't connect with the passive [192.168.100.113/5000] error_code:10061 !

<<<----  [OUT]
2020/11/04 16:26:17:167

Connecting Started...

<<<----  [OUT]
2020/11/04 16:26:19:207

I can't connect with the passive [192.168.100.113/5000] error_code:10061 !

<<<----  [OUT]
2020/11/04 16:26:21:698

Connecting Started...

<<<----  [OUT]
2020/11/04 16:26:23:733

I can't connect with the passive [192.168.100.113/5000] error_code:10061 !

<<<----  [OUT]
2020/11/04 16:26:26:214

Connecting Started...

<<<----  [OUT]
2020/11/04 16:26:28:249

I can't connect with the passive [192.168.100.113/5000] error_code:10061 !

<<<----  [OUT]
2020/11/04 16:26:30:730

Connecting Started...

<<<----  [OUT]
2020/11/04 16:26:32:773

I can't connect with the passive [192.168.100.113/5000] error_code:10061 !

<<<----  [OUT]
2020/11/04 16:26:35:261

Connecting Started...

<<<----  [OUT]
2020/11/04 16:26:37:305

I can't connect with the passive [192.168.100.113/5000] error_code:10061 !

<<<----  [OUT]
2020/11/04 16:26:39:791

Connecting Started...

<<<----  [OUT]
2020/11/04 16:26:41:837

I can't connect with the passive [192.168.100.113/5000] error_code:10061 !

<<<----  [OUT]
2020/11/04 16:26:44:324

Connecting Started...

<<<----  [OUT]
2020/11/04 16:26:46:366

I can't connect with the passive [192.168.100.113/5000] error_code:10061 !

<<<----  [OUT]
2020/11/04 16:26:48:856

Connecting Started...

<<<----  [OUT]
2020/11/04 16:26:50:896

I can't connect with the passive [192.168.100.113/5000] error_code:10061 !

<<<----  [OUT]
2020/11/04 16:26:53:386

Connecting Started...

<<<----  [OUT]
2020/11/04 16:26:55:429

I can't connect with the passive [192.168.100.113/5000] error_code:10061 !

<<<----  [OUT]
2020/11/04 16:26:57:916

Connecting Started...

<<<----  [OUT]
2020/11/04 16:26:59:956

I can't connect with the passive [192.168.100.113/5000] error_code:10061 !

<<<----  [OUT]
2020/11/04 16:27:02:432

Connecting Started...

<<<----  [OUT]
2020/11/04 16:27:04:480

I can't connect with the passive [192.168.100.113/5000] error_code:10061 !

<<<----  [OUT]
2020/11/04 16:27:06:963

Connecting Started...

<<<----  [OUT]
2020/11/04 16:27:09:002

I can't connect with the passive [192.168.100.113/5000] error_code:10061 !

<<<----  [OUT]
2020/11/04 16:27:46:604

---------------------------------------------------------------------
// FA : Start Log ...


<<<----  [OUT]
2020/11/04 16:27:46:608

//-------------------------------------------------------------
Property Information

   Driver Type [HSMS]
   Driver Mode [ACTIVE]
   IP    [192.168.100.113]
   Port  [5000]
//-------------------------------------------------------------


<<<----  [OUT]
2020/11/04 16:27:47:211

Auto-Start Started ... (Active)

<<<----  [OUT]
2020/11/04 16:27:47:301

Auto-Start Started ...  Waiting Stop-Connection.

<<<----  [OUT]
2020/11/04 16:27:47:301

Auto-Start Started ...  Waiting Open-Socket.

<<<----  [OUT]
2020/11/04 16:27:47:331

Socket Open Started...

<<<----  [OUT]
2020/11/04 16:27:47:331

Socket Open Completed...

<<<----  [OUT]
2020/11/04 16:27:47:332

Connecting Started...

<<<----  [OUT]
2020/11/04 16:27:47:392

Auto-Start Completed ...  (Active)

<<<----  [OUT]
2020/11/04 16:27:49:372

I can't connect with the passive [192.168.100.113/5000] error_code:10061 !

<<<----  [OUT]
2020/11/04 16:27:51:855

Connecting Started...

<<<----  [OUT]
2020/11/04 16:27:53:914

I can't connect with the passive [192.168.100.113/5000] error_code:10061 !

<<<----  [OUT]
2020/11/04 16:27:56:402

Connecting Started...

<<<----  [OUT]
2020/11/04 16:27:58:444

I can't connect with the passive [192.168.100.113/5000] error_code:10061 !

<<<----  [OUT]
2020/11/04 16:28:00:933

Connecting Started...

<<<----  [OUT]
2020/11/04 16:28:02:974

I can't connect with the passive [192.168.100.113/5000] error_code:10061 !

<<<----  [OUT]
2020/11/04 16:28:05:465

Connecting Started...

<<<----  [OUT]
2020/11/04 16:28:07:515

I can't connect with the passive [192.168.100.113/5000] error_code:10061 !

<<<----  [OUT]
2020/11/04 16:28:09:996

Connecting Started...

<<<----  [OUT]
2020/11/04 16:28:12:040

I can't connect with the passive [192.168.100.113/5000] error_code:10061 !

<<<----  [OUT]
2020/11/04 16:28:14:526

Connecting Started...

<<<----  [OUT]
2020/11/04 16:28:16:556

I can't connect with the passive [192.168.100.113/5000] error_code:10061 !

<<<----  [OUT]
2020/11/04 16:28:19:042

Connecting Started...

<<<----  [OUT]
2020/11/04 16:28:21:091

I can't connect with the passive [192.168.100.113/5000] error_code:10061 !

<<<----  [OUT]
2020/11/04 16:28:23:572

Connecting Started...

<<<----  [OUT]
2020/11/04 16:28:25:619

I can't connect with the passive [192.168.100.113/5000] error_code:10061 !

<<<----  [OUT]
2020/11/04 16:28:28:105

Connecting Started...

<<<----  [OUT]
2020/11/04 16:28:30:144

I can't connect with the passive [192.168.100.113/5000] error_code:10061 !

<<<----  [OUT]
2020/11/04 16:28:32:620

Connecting Started...

<<<----  [OUT]
2020/11/04 16:28:34:651

I can't connect with the passive [192.168.100.113/5000] error_code:10061 !

<<<----  [OUT]
2020/11/04 16:28:37:135

Connecting Started...

<<<----  [OUT]
2020/11/04 16:28:39:179

I can't connect with the passive [192.168.100.113/5000] error_code:10061 !

<<<----  [OUT]
2020/11/04 16:28:41:668

Connecting Started...

<<<----  [OUT]
2020/11/04 16:28:43:710

I can't connect with the passive [192.168.100.113/5000] error_code:10061 !

<<<----  [OUT]
2020/11/04 16:28:46:199

Connecting Started...

<<<----  [OUT]
2020/11/04 16:28:48:235

I can't connect with the passive [192.168.100.113/5000] error_code:10061 !

<<<----  [OUT]
2020/11/04 16:28:50:715

Connecting Started...

<<<----  [OUT]
2020/11/04 16:28:52:755

I can't connect with the passive [192.168.100.113/5000] error_code:10061 !

<<<----  [OUT]
2020/11/04 16:28:55:245

Connecting Started...

<<<----  [OUT]
2020/11/04 16:28:57:293

I can't connect with the passive [192.168.100.113/5000] error_code:10061 !

<<<----  [OUT]
2020/11/04 16:28:59:777

Connecting Started...

<<<----  [OUT]
2020/11/04 16:29:01:826

I can't connect with the passive [192.168.100.113/5000] error_code:10061 !

<<<----  [OUT]
2020/11/04 16:29:04:308

Connecting Started...

<<<----  [OUT]
2020/11/04 16:29:06:346

I can't connect with the passive [192.168.100.113/5000] error_code:10061 !

<<<----  [OUT]
2020/11/04 16:29:08:822

Connecting Started...

<<<----  [OUT]
2020/11/04 16:29:10:853

I can't connect with the passive [192.168.100.113/5000] error_code:10061 !

<<<----  [OUT]
2020/11/04 16:29:13:339

Connecting Started...

<<<----  [OUT]
2020/11/04 16:29:15:371

I can't connect with the passive [192.168.100.113/5000] error_code:10061 !

<<<----  [OUT]
2020/11/04 16:29:17:855

Connecting Started...

<<<----  [OUT]
2020/11/04 16:29:19:908

I can't connect with the passive [192.168.100.113/5000] error_code:10061 !

<<<----  [OUT]
2020/11/04 16:29:22:387

Connecting Started...

<<<----  [OUT]
2020/11/04 16:29:24:443

I can't connect with the passive [192.168.100.113/5000] error_code:10061 !

<<<----  [OUT]
2020/11/04 16:29:26:932

Connecting Started...

<<<----  [OUT]
2020/11/04 16:29:28:976

I can't connect with the passive [192.168.100.113/5000] error_code:10061 !

<<<----  [OUT]
2020/11/04 16:29:31:464

Connecting Started...

<<<----  [OUT]
2020/11/04 16:29:33:516

I can't connect with the passive [192.168.100.113/5000] error_code:10061 !

<<<----  [OUT]
2020/11/04 16:29:35:996

Connecting Started...

<<<----  [OUT]
2020/11/04 16:29:38:036

I can't connect with the passive [192.168.100.113/5000] error_code:10061 !

<<<----  [OUT]
2020/11/04 16:29:40:527

Connecting Started...

<<<----  [OUT]
2020/11/04 16:29:42:575

I can't connect with the passive [192.168.100.113/5000] error_code:10061 !

<<<----  [OUT]
2020/11/04 16:29:45:058

Connecting Started...

<<<----  [OUT]
2020/11/04 16:29:47:105

I can't connect with the passive [192.168.100.113/5000] error_code:10061 !

<<<----  [OUT]
2020/11/04 16:29:49:589

Connecting Started...

<<<----  [OUT]
2020/11/04 16:29:51:638

I can't connect with the passive [192.168.100.113/5000] error_code:10061 !

<<<----  [OUT]
2020/11/04 16:29:54:120

Connecting Started...

<<<----  [OUT]
2020/11/04 16:29:56:167

I can't connect with the passive [192.168.100.113/5000] error_code:10061 !

<<<----  [OUT]
2020/11/04 16:29:58:652

Connecting Started...

<<<----  [OUT]
2020/11/04 16:30:00:700

I can't connect with the passive [192.168.100.113/5000] error_code:10061 !

<<<----  [OUT]
2020/11/04 16:30:03:182

Connecting Started...

<<<----  [OUT]
2020/11/04 16:30:05:227

I can't connect with the passive [192.168.100.113/5000] error_code:10061 !

<<<----  [OUT]
2020/11/04 16:30:07:714

Connecting Started...

<<<----  [OUT]
2020/11/04 16:30:09:753

I can't connect with the passive [192.168.100.113/5000] error_code:10061 !

<<<----  [OUT]
2020/11/04 16:30:12:229

Connecting Started...

<<<----  [OUT]
2020/11/04 16:30:14:270

I can't connect with the passive [192.168.100.113/5000] error_code:10061 !

<<<----  [OUT]
2020/11/04 16:30:16:760

Connecting Started...

<<<----  [OUT]
2020/11/04 16:30:18:805

I can't connect with the passive [192.168.100.113/5000] error_code:10061 !

<<<----  [OUT]
2020/11/04 16:30:21:292

Connecting Started...

<<<----  [OUT]
2020/11/04 16:30:23:341

I can't connect with the passive [192.168.100.113/5000] error_code:10061 !

<<<----  [OUT]
2020/11/04 16:30:25:824

Connecting Started...

<<<----  [OUT]
2020/11/04 16:30:27:868

I can't connect with the passive [192.168.100.113/5000] error_code:10061 !

<<<----  [OUT]
2020/11/04 16:30:30:354

Connecting Started...

<<<----  [OUT]
2020/11/04 16:30:32:393

I can't connect with the passive [192.168.100.113/5000] error_code:10061 !

<<<----  [OUT]
2020/11/04 16:30:34:871

Connecting Started...

<<<----  [OUT]
2020/11/04 16:30:36:917

I can't connect with the passive [192.168.100.113/5000] error_code:10061 !

<<<----  [OUT]
2020/11/04 16:30:39:401

Connecting Started...

<<<----  [OUT]
2020/11/04 16:30:41:438

I can't connect with the passive [192.168.100.113/5000] error_code:10061 !

<<<----  [OUT]
2020/11/04 16:30:43:917

Connecting Started...

<<<----  [OUT]
2020/11/04 16:30:45:948

I can't connect with the passive [192.168.100.113/5000] error_code:10061 !

<<<----  [OUT]
2020/11/04 16:30:48:432

Connecting Started...

<<<----  [OUT]
2020/11/04 16:30:50:478

I can't connect with the passive [192.168.100.113/5000] error_code:10061 !

<<<----  [OUT]
2020/11/04 16:30:52:964

Connecting Started...

<<<----  [OUT]
2020/11/04 16:30:55:000

I can't connect with the passive [192.168.100.113/5000] error_code:10061 !

<<<----  [OUT]
2020/11/04 16:30:57:480

Connecting Started...

<<<----  [OUT]
2020/11/04 16:30:59:522

I can't connect with the passive [192.168.100.113/5000] error_code:10061 !

<<<----  [OUT]
2020/11/04 16:31:02:010

Connecting Started...

<<<----  [OUT]
2020/11/04 16:31:04:057

I can't connect with the passive [192.168.100.113/5000] error_code:10061 !

<<<----  [OUT]
2020/11/04 16:31:06:542

Connecting Started...

<<<----  [OUT]
2020/11/04 16:31:08:580

I can't connect with the passive [192.168.100.113/5000] error_code:10061 !

<<<----  [OUT]
2020/11/04 16:31:11:057

Connecting Started...

<<<----  [OUT]
2020/11/04 16:31:13:105

I can't connect with the passive [192.168.100.113/5000] error_code:10061 !

<<<----  [OUT]
2020/11/04 16:31:15:590

Connecting Started...

<<<----  [OUT]
2020/11/04 16:31:17:637

I can't connect with the passive [192.168.100.113/5000] error_code:10061 !

<<<----  [OUT]
2020/11/04 16:31:20:120

Connecting Started...

<<<----  [OUT]
2020/11/04 16:31:22:161

I can't connect with the passive [192.168.100.113/5000] error_code:10061 !

<<<----  [OUT]
2020/11/04 16:31:24:651

Connecting Started...

<<<----  [OUT]
2020/11/04 16:31:26:692

I can't connect with the passive [192.168.100.113/5000] error_code:10061 !

<<<----  [OUT]
2020/11/04 16:31:29:183

Connecting Started...

<<<----  [OUT]
2020/11/04 16:31:31:229

I can't connect with the passive [192.168.100.113/5000] error_code:10061 !

<<<----  [OUT]
2020/11/04 16:31:33:714

Connecting Started...

<<<----  [OUT]
2020/11/04 16:31:35:761

I can't connect with the passive [192.168.100.113/5000] error_code:10061 !

<<<----  [OUT]
2020/11/04 16:31:38:246

Connecting Started...

<<<----  [OUT]
2020/11/04 16:31:40:299

I can't connect with the passive [192.168.100.113/5000] error_code:10061 !

<<<----  [OUT]
2020/11/04 16:31:42:777

Connecting Started...

<<<----  [OUT]
2020/11/04 16:31:44:818

I can't connect with the passive [192.168.100.113/5000] error_code:10061 !

<<<----  [OUT]
2020/11/04 16:31:47:307

Connecting Started...

<<<----  [OUT]
2020/11/04 16:31:49:348

I can't connect with the passive [192.168.100.113/5000] error_code:10061 !

<<<----  [OUT]
2020/11/04 16:31:51:840

Connecting Started...

<<<----  [OUT]
2020/11/04 16:31:53:881

I can't connect with the passive [192.168.100.113/5000] error_code:10061 !

<<<----  [OUT]
2020/11/04 16:31:56:371

Connecting Started...

<<<----  [OUT]
2020/11/04 16:31:58:417

I can't connect with the passive [192.168.100.113/5000] error_code:10061 !

<<<----  [OUT]
2020/11/04 16:32:00:901

Connecting Started...

<<<----  [OUT]
2020/11/04 16:32:02:934

I can't connect with the passive [192.168.100.113/5000] error_code:10061 !

<<<----  [OUT]
2020/11/04 16:32:05:418

Connecting Started...

<<<----  [OUT]
2020/11/04 16:32:07:456

I can't connect with the passive [192.168.100.113/5000] error_code:10061 !

<<<----  [OUT]
2020/11/04 16:32:09:933

Connecting Started...

<<<----  [OUT]
2020/11/04 16:32:11:969

I can't connect with the passive [192.168.100.113/5000] error_code:10061 !

<<<----  [OUT]
2020/11/04 16:32:14:449

Connecting Started...

<<<----  [OUT]
2020/11/04 16:32:16:483

I can't connect with the passive [192.168.100.113/5000] error_code:10061 !

<<<----  [OUT]
2020/11/04 16:32:18:963

Connecting Started...

<<<----  [OUT]
2020/11/04 16:32:21:008

I can't connect with the passive [192.168.100.113/5000] error_code:10061 !

<<<----  [OUT]
2020/11/04 16:32:23:494

Connecting Started...

<<<----  [OUT]
2020/11/04 16:32:25:539

I can't connect with the passive [192.168.100.113/5000] error_code:10061 !

<<<----  [OUT]
2020/11/04 16:32:28:027

Connecting Started...

<<<----  [OUT]
2020/11/04 16:32:30:072

I can't connect with the passive [192.168.100.113/5000] error_code:10061 !

<<<----  [OUT]
2020/11/04 16:32:32:558

Connecting Started...

<<<----  [OUT]
2020/11/04 16:32:34:591

I can't connect with the passive [192.168.100.113/5000] error_code:10061 !

<<<----  [OUT]
2020/11/04 16:32:37:074

Connecting Started...

<<<----  [OUT]
2020/11/04 16:32:39:122

I can't connect with the passive [192.168.100.113/5000] error_code:10061 !

<<<----  [OUT]
2020/11/04 16:32:41:604

Connecting Started...

<<<----  [OUT]
2020/11/04 16:32:43:641

I can't connect with the passive [192.168.100.113/5000] error_code:10061 !

<<<----  [OUT]
2020/11/04 16:32:46:121

Connecting Started...

<<<----  [OUT]
2020/11/04 16:32:48:162

I can't connect with the passive [192.168.100.113/5000] error_code:10061 !

<<<----  [OUT]
2020/11/04 16:32:50:652

Connecting Started...

<<<----  [OUT]
2020/11/04 16:32:52:688

I can't connect with the passive [192.168.100.113/5000] error_code:10061 !

<<<----  [OUT]
2020/11/04 16:32:55:167

Connecting Started...

<<<----  [OUT]
2020/11/04 16:32:57:207

I can't connect with the passive [192.168.100.113/5000] error_code:10061 !

<<<----  [OUT]
2020/11/04 16:32:59:698

Connecting Started...

<<<----  [OUT]
2020/11/04 16:33:01:744

I can't connect with the passive [192.168.100.113/5000] error_code:10061 !

<<<----  [OUT]
2020/11/04 16:33:04:231

Connecting Started...

<<<----  [OUT]
2020/11/04 16:33:06:274

I can't connect with the passive [192.168.100.113/5000] error_code:10061 !

<<<----  [OUT]
2020/11/04 16:33:08:762

Connecting Started...

<<<----  [OUT]
2020/11/04 16:33:10:802

I can't connect with the passive [192.168.100.113/5000] error_code:10061 !

<<<----  [OUT]
2020/11/04 16:33:13:292

Connecting Started...

<<<----  [OUT]
2020/11/04 16:33:15:336

I can't connect with the passive [192.168.100.113/5000] error_code:10061 !

<<<----  [OUT]
2020/11/04 16:33:17:824

Connecting Started...

<<<----  [OUT]
2020/11/04 16:33:19:867

I can't connect with the passive [192.168.100.113/5000] error_code:10061 !

<<<----  [OUT]
2020/11/04 16:33:22:354

Connecting Started...

<<<----  [OUT]
2020/11/04 16:33:24:404

I can't connect with the passive [192.168.100.113/5000] error_code:10061 !

<<<----  [OUT]
2020/11/04 16:33:26:885

Connecting Started...

<<<----  [OUT]
2020/11/04 16:33:28:929

I can't connect with the passive [192.168.100.113/5000] error_code:10061 !

<<<----  [OUT]
2020/11/04 16:33:31:417

Connecting Started...

<<<----  [OUT]
2020/11/04 16:33:33:455

I can't connect with the passive [192.168.100.113/5000] error_code:10061 !

<<<----  [OUT]
2020/11/04 16:33:35:932

Connecting Started...

<<<----  [OUT]
2020/11/04 16:33:37:972

I can't connect with the passive [192.168.100.113/5000] error_code:10061 !

<<<----  [OUT]
2020/11/04 16:33:40:465

Connecting Started...

<<<----  [OUT]
2020/11/04 16:33:42:525

I can't connect with the passive [192.168.100.113/5000] error_code:10061 !

<<<----  [OUT]
2020/11/04 16:33:45:011

Connecting Started...

<<<----  [OUT]
2020/11/04 16:33:47:058

I can't connect with the passive [192.168.100.113/5000] error_code:10061 !

<<<----  [OUT]
2020/11/04 16:33:49:542

Connecting Started...

<<<----  [OUT]
2020/11/04 16:33:51:586

I can't connect with the passive [192.168.100.113/5000] error_code:10061 !

<<<----  [OUT]
2020/11/04 16:33:54:073

Connecting Started...

<<<----  [OUT]
2020/11/04 16:33:56:103

I can't connect with the passive [192.168.100.113/5000] error_code:10061 !

<<<----  [OUT]
2020/11/04 16:33:58:588

Connecting Started...

<<<----  [OUT]
2020/11/04 16:34:00:615

I can't connect with the passive [192.168.100.113/5000] error_code:10061 !

<<<----  [OUT]
2020/11/04 16:34:03:104

Connecting Started...

<<<----  [OUT]
2020/11/04 16:34:05:143

I can't connect with the passive [192.168.100.113/5000] error_code:10061 !

<<<----  [OUT]
2020/11/04 16:34:07:620

Connecting Started...

<<<----  [OUT]
2020/11/04 16:34:09:654

I can't connect with the passive [192.168.100.113/5000] error_code:10061 !

<<<----  [OUT]
2020/11/04 16:34:12:136

Connecting Started...

<<<----  [OUT]
2020/11/04 16:34:14:183

I can't connect with the passive [192.168.100.113/5000] error_code:10061 !

<<<----  [OUT]
2020/11/04 16:34:16:668

Connecting Started...

<<<----  [OUT]
2020/11/04 16:34:18:707

I can't connect with the passive [192.168.100.113/5000] error_code:10061 !

<<<----  [OUT]
2020/11/04 16:34:21:182

Connecting Started...

<<<----  [OUT]
2020/11/04 16:34:23:230

I can't connect with the passive [192.168.100.113/5000] error_code:10061 !

<<<----  [OUT]
2020/11/04 16:34:25:714

Connecting Started...

<<<----  [OUT]
2020/11/04 16:34:27:750

I can't connect with the passive [192.168.100.113/5000] error_code:10061 !

<<<----  [OUT]
2020/11/04 16:34:30:230

Connecting Started...

<<<----  [OUT]
2020/11/04 16:34:32:272

I can't connect with the passive [192.168.100.113/5000] error_code:10061 !

<<<----  [OUT]
2020/11/04 16:34:34:762

Connecting Started...

<<<----  [OUT]
2020/11/04 16:34:36:810

I can't connect with the passive [192.168.100.113/5000] error_code:10061 !

<<<----  [OUT]
2020/11/04 16:34:39:292

Connecting Started...

<<<----  [OUT]
2020/11/04 16:34:41:332

I can't connect with the passive [192.168.100.113/5000] error_code:10061 !

<<<----  [OUT]
2020/11/04 16:34:43:823

Connecting Started...

<<<----  [OUT]
2020/11/04 16:34:45:870

I can't connect with the passive [192.168.100.113/5000] error_code:10061 !

<<<----  [OUT]
2020/11/04 16:34:48:355

Connecting Started...

<<<----  [OUT]
2020/11/04 16:34:50:399

I can't connect with the passive [192.168.100.113/5000] error_code:10061 !

<<<----  [OUT]
2020/11/04 16:34:52:885

Connecting Started...

<<<----  [OUT]
2020/11/04 16:34:54:928

I can't connect with the passive [192.168.100.113/5000] error_code:10061 !

<<<----  [OUT]
2020/11/04 16:34:57:417

Connecting Started...

<<<----  [OUT]
2020/11/04 16:34:59:454

I can't connect with the passive [192.168.100.113/5000] error_code:10061 !

<<<----  [OUT]
2020/11/04 16:35:01:933

Connecting Started...

<<<----  [OUT]
2020/11/04 16:35:03:970

I can't connect with the passive [192.168.100.113/5000] error_code:10061 !

<<<----  [OUT]
2020/11/04 16:35:06:449

Connecting Started...

<<<----  [OUT]
2020/11/04 16:35:08:492

I can't connect with the passive [192.168.100.113/5000] error_code:10061 !

<<<----  [OUT]
2020/11/04 16:35:10:980

Connecting Started...

<<<----  [OUT]
2020/11/04 16:35:13:026

I can't connect with the passive [192.168.100.113/5000] error_code:10061 !

<<<----  [OUT]
2020/11/04 16:35:15:512

Connecting Started...

<<<----  [OUT]
2020/11/04 16:35:17:557

I can't connect with the passive [192.168.100.113/5000] error_code:10061 !

<<<----  [OUT]
2020/11/04 16:35:20:042

Connecting Started...

<<<----  [OUT]
2020/11/04 16:35:22:087

I can't connect with the passive [192.168.100.113/5000] error_code:10061 !

<<<----  [OUT]
2020/11/04 16:35:24:573

Connecting Started...

<<<----  [OUT]
2020/11/04 16:35:26:613

I can't connect with the passive [192.168.100.113/5000] error_code:10061 !

<<<----  [OUT]
2020/11/04 16:35:29:105

Connecting Started...

<<<----  [OUT]
2020/11/04 16:35:31:146

I can't connect with the passive [192.168.100.113/5000] error_code:10061 !

<<<----  [OUT]
2020/11/04 16:35:33:635

Connecting Started...

<<<----  [OUT]
2020/11/04 16:35:35:679

I can't connect with the passive [192.168.100.113/5000] error_code:10061 !

<<<----  [OUT]
2020/11/04 16:35:38:168

Connecting Started...

<<<----  [OUT]
2020/11/04 16:35:40:217

I can't connect with the passive [192.168.100.113/5000] error_code:10061 !

<<<----  [OUT]
2020/11/04 16:35:42:699

Connecting Started...

<<<----  [OUT]
2020/11/04 16:35:44:739

I can't connect with the passive [192.168.100.113/5000] error_code:10061 !

<<<----  [OUT]
2020/11/04 16:35:47:229

Connecting Started...

<<<----  [OUT]
2020/11/04 16:35:49:278

I can't connect with the passive [192.168.100.113/5000] error_code:10061 !

<<<----  [OUT]
2020/11/04 16:35:51:761

Connecting Started...

<<<----  [OUT]
2020/11/04 16:35:53:799

I can't connect with the passive [192.168.100.113/5000] error_code:10061 !

<<<----  [OUT]
2020/11/04 16:35:56:277

Connecting Started...

<<<----  [OUT]
2020/11/04 16:35:58:328

I can't connect with the passive [192.168.100.113/5000] error_code:10061 !

<<<----  [OUT]
2020/11/04 16:36:00:808

Connecting Started...

<<<----  [OUT]
2020/11/04 16:36:02:852

I can't connect with the passive [192.168.100.113/5000] error_code:10061 !

<<<----  [OUT]
2020/11/04 16:36:05:340

Connecting Started...

<<<----  [OUT]
2020/11/04 16:36:07:378

I can't connect with the passive [192.168.100.113/5000] error_code:10061 !

<<<----  [OUT]
2020/11/04 16:36:09:854

Connecting Started...

<<<----  [OUT]
2020/11/04 16:36:11:890

I can't connect with the passive [192.168.100.113/5000] error_code:10061 !

<<<----  [OUT]
2020/11/04 16:36:14:369

Connecting Started...

<<<----  [OUT]
2020/11/04 16:36:16:413

I can't connect with the passive [192.168.100.113/5000] error_code:10061 !

<<<----  [OUT]
2020/11/04 16:36:18:902

Connecting Started...

<<<----  [OUT]
2020/11/04 16:36:20:951

I can't connect with the passive [192.168.100.113/5000] error_code:10061 !

<<<----  [OUT]
2020/11/04 16:36:23:432

Connecting Started...

<<<----  [OUT]
2020/11/04 16:36:25:471

I can't connect with the passive [192.168.100.113/5000] error_code:10061 !

<<<----  [OUT]
2020/11/04 16:36:27:949

Connecting Started...

<<<----  [OUT]
2020/11/04 16:36:29:984

I can't connect with the passive [192.168.100.113/5000] error_code:10061 !

<<<----  [OUT]
2020/11/04 16:36:32:464

Connecting Started...

<<<----  [OUT]
2020/11/04 16:36:34:504

I can't connect with the passive [192.168.100.113/5000] error_code:10061 !

<<<----  [OUT]
2020/11/04 16:36:36:979

Connecting Started...

<<<----  [OUT]
2020/11/04 16:36:39:014

I can't connect with the passive [192.168.100.113/5000] error_code:10061 !

<<<----  [OUT]
2020/11/04 16:36:41:495

Connecting Started...

<<<----  [OUT]
2020/11/04 16:36:43:537

I can't connect with the passive [192.168.100.113/5000] error_code:10061 !

<<<----  [OUT]
2020/11/04 16:36:46:027

Connecting Started...

<<<----  [OUT]
2020/11/04 16:36:48:079

I can't connect with the passive [192.168.100.113/5000] error_code:10061 !

<<<----  [OUT]
2020/11/04 16:36:50:558

Connecting Started...

<<<----  [OUT]
2020/11/04 16:36:52:600

I can't connect with the passive [192.168.100.113/5000] error_code:10061 !

<<<----  [OUT]
2020/11/04 16:36:55:090

Connecting Started...

<<<----  [OUT]
2020/11/04 16:36:57:127

I can't connect with the passive [192.168.100.113/5000] error_code:10061 !

<<<----  [OUT]
2020/11/04 16:36:59:605

Connecting Started...

<<<----  [OUT]
2020/11/04 16:37:01:647

I can't connect with the passive [192.168.100.113/5000] error_code:10061 !

<<<----  [OUT]
2020/11/04 16:37:04:136

Connecting Started...

<<<----  [OUT]
2020/11/04 16:50:46:649

---------------------------------------------------------------------
// FA : Start Log ...


<<<----  [OUT]
2020/11/04 16:50:46:653

//-------------------------------------------------------------
Property Information

   Driver Type [HSMS]
   Driver Mode [ACTIVE]
   IP    [192.168.100.113]
   Port  [5000]
//-------------------------------------------------------------


<<<----  [OUT]
2020/11/04 16:50:47:254

Auto-Start Started ... (Active)

<<<----  [OUT]
2020/11/04 16:50:47:345

Auto-Start Started ...  Waiting Stop-Connection.

<<<----  [OUT]
2020/11/04 16:50:47:345

Auto-Start Started ...  Waiting Open-Socket.

<<<----  [OUT]
2020/11/04 16:50:47:367

Socket Open Started...

<<<----  [OUT]
2020/11/04 16:50:47:367

Socket Open Completed...

<<<----  [OUT]
2020/11/04 16:50:47:367

Connecting Started...

<<<----  [OUT]
2020/11/04 16:50:47:436

Auto-Start Completed ...  (Active)

<<<----  [OUT]
2020/11/04 16:50:49:397

I can't connect with the passive [192.168.100.113/5000] error_code:10061 !

<<<----  [OUT]
2020/11/04 16:50:51:885

Connecting Started...

<<<----  [OUT]
2020/11/04 16:50:53:932

I can't connect with the passive [192.168.100.113/5000] error_code:10061 !

<<<----  [OUT]
2020/11/04 16:50:56:417

Connecting Started...

<<<----  [OUT]
2020/11/04 16:50:58:464

I can't connect with the passive [192.168.100.113/5000] error_code:10061 !

<<<----  [OUT]
2020/11/04 16:51:00:949

Connecting Started...

<<<----  [OUT]
2020/11/04 16:51:02:988

I can't connect with the passive [192.168.100.113/5000] error_code:10061 !

<<<----  [OUT]
2020/11/04 16:51:05:480

Connecting Started...

<<<----  [OUT]
2020/11/04 16:51:07:508

I can't connect with the passive [192.168.100.113/5000] error_code:10061 !

<<<----  [OUT]
2020/11/04 16:51:09:995

Connecting Started...

<<<----  [OUT]
2020/11/04 16:51:12:030

I can't connect with the passive [192.168.100.113/5000] error_code:10061 !

<<<----  [OUT]
2020/11/04 16:51:14:512

Connecting Started...

<<<----  [OUT]
2020/11/04 16:51:16:544

I can't connect with the passive [192.168.100.113/5000] error_code:10061 !

<<<----  [OUT]
2020/11/04 16:51:19:027

Connecting Started...

<<<----  [OUT]
2020/11/04 16:51:21:057

I can't connect with the passive [192.168.100.113/5000] error_code:10061 !

<<<----  [OUT]
2020/11/04 16:51:23:543

Connecting Started...

<<<----  [OUT]
2020/11/04 16:51:25:587

I can't connect with the passive [192.168.100.113/5000] error_code:10061 !

<<<----  [OUT]
2020/11/04 16:51:28:073

Connecting Started...

<<<----  [OUT]
2020/11/04 16:51:30:114

I can't connect with the passive [192.168.100.113/5000] error_code:10061 !

<<<----  [OUT]
2020/11/04 16:51:32:605

Connecting Started...

<<<----  [OUT]
2020/11/04 16:51:34:646

I can't connect with the passive [192.168.100.113/5000] error_code:10061 !

<<<----  [OUT]
2020/11/04 16:51:37:137

Connecting Started...

<<<----  [OUT]
2020/11/04 16:51:39:183

I can't connect with the passive [192.168.100.113/5000] error_code:10061 !

<<<----  [OUT]
2020/11/04 16:51:41:667

Connecting Started...

<<<----  [OUT]
2020/11/04 16:51:43:713

I can't connect with the passive [192.168.100.113/5000] error_code:10061 !

<<<----  [OUT]
2020/11/04 16:51:46:198

Connecting Started...

<<<----  [OUT]
2020/11/04 16:51:48:243

I can't connect with the passive [192.168.100.113/5000] error_code:10061 !

<<<----  [OUT]
2020/11/04 16:51:50:730

Connecting Started...

<<<----  [OUT]
2020/11/04 16:51:52:784

I can't connect with the passive [192.168.100.113/5000] error_code:10061 !

<<<----  [OUT]
2020/11/04 16:51:55:261

Connecting Started...

<<<----  [OUT]
2020/11/04 16:51:57:304

I can't connect with the passive [192.168.100.113/5000] error_code:10061 !

<<<----  [OUT]
2020/11/04 16:51:59:793

Connecting Started...

<<<----  [OUT]
2020/11/04 16:52:01:830

I can't connect with the passive [192.168.100.113/5000] error_code:10061 !

<<<----  [OUT]
2020/11/04 16:52:04:308

Connecting Started...

<<<----  [OUT]
2020/11/04 16:52:06:355

I can't connect with the passive [192.168.100.113/5000] error_code:10061 !

<<<----  [OUT]
2020/11/04 16:52:08:839

Connecting Started...

<<<----  [OUT]
2020/11/04 16:52:10:875

I can't connect with the passive [192.168.100.113/5000] error_code:10061 !

<<<----  [OUT]
2020/11/04 16:52:13:354

Connecting Started...

<<<----  [OUT]
2020/11/04 16:52:15:394

I can't connect with the passive [192.168.100.113/5000] error_code:10061 !

<<<----  [OUT]
2020/11/04 16:52:17:870

Connecting Started...

<<<----  [OUT]
2020/11/04 16:52:19:913

I can't connect with the passive [192.168.100.113/5000] error_code:10061 !

<<<----  [OUT]
2020/11/04 16:52:22:402

Connecting Started...

<<<----  [OUT]
2020/11/04 16:52:24:451

I can't connect with the passive [192.168.100.113/5000] error_code:10061 !

<<<----  [OUT]
2020/11/04 16:52:26:932

Connecting Started...

<<<----  [OUT]
2020/11/04 16:52:28:969

I can't connect with the passive [192.168.100.113/5000] error_code:10061 !

<<<----  [OUT]
2020/11/04 16:52:31:449

Connecting Started...

<<<----  [OUT]
2020/11/04 16:52:33:485

I can't connect with the passive [192.168.100.113/5000] error_code:10061 !

<<<----  [OUT]
2020/11/04 16:52:35:964

Connecting Started...

<<<----  [OUT]
2020/11/04 16:52:38:005

I can't connect with the passive [192.168.100.113/5000] error_code:10061 !

<<<----  [OUT]
2020/11/04 16:52:40:496

Connecting Started...

<<<----  [OUT]
2020/11/04 16:52:42:535

I can't connect with the passive [192.168.100.113/5000] error_code:10061 !

<<<----  [OUT]
2020/11/04 16:52:45:027

Connecting Started...

<<<----  [OUT]
2020/11/04 16:52:47:068

I can't connect with the passive [192.168.100.113/5000] error_code:10061 !

<<<----  [OUT]
2020/11/04 16:52:49:557

Connecting Started...

<<<----  [OUT]
2020/11/04 16:52:51:608

I can't connect with the passive [192.168.100.113/5000] error_code:10061 !

<<<----  [OUT]
2020/11/04 16:52:54:088

Connecting Started...

<<<----  [OUT]
2020/11/04 16:52:56:121

I can't connect with the passive [192.168.100.113/5000] error_code:10061 !

<<<----  [OUT]
2020/11/04 16:52:58:604

Connecting Started...

<<<----  [OUT]
2020/11/04 16:53:00:643

I can't connect with the passive [192.168.100.113/5000] error_code:10061 !

<<<----  [OUT]
2020/11/04 16:53:03:120

Connecting Started...

<<<----  [OUT]
2020/11/04 16:53:05:166

I can't connect with the passive [192.168.100.113/5000] error_code:10061 !

<<<----  [OUT]
2020/11/04 16:53:07:652

Connecting Started...

<<<----  [OUT]
2020/11/04 16:53:09:697

I can't connect with the passive [192.168.100.113/5000] error_code:10061 !

<<<----  [OUT]
2020/11/04 16:53:12:183

Connecting Started...

<<<----  [OUT]
2020/11/04 16:53:14:222

I can't connect with the passive [192.168.100.113/5000] error_code:10061 !

<<<----  [OUT]
2020/11/04 16:53:16:698

Connecting Started...

<<<----  [OUT]
2020/11/04 16:53:18:735

I can't connect with the passive [192.168.100.113/5000] error_code:10061 !

<<<----  [OUT]
2020/11/04 16:53:21:215

Connecting Started...

<<<----  [OUT]
2020/11/04 16:53:23:252

I can't connect with the passive [192.168.100.113/5000] error_code:10061 !

<<<----  [OUT]
2020/11/04 16:53:25:730

Connecting Started...

<<<----  [OUT]
2020/11/04 16:53:27:766

I can't connect with the passive [192.168.100.113/5000] error_code:10061 !

<<<----  [OUT]
2020/11/04 16:53:30:246

Connecting Started...

<<<----  [OUT]
2020/11/04 16:53:32:285

I can't connect with the passive [192.168.100.113/5000] error_code:10061 !

<<<----  [OUT]
2020/11/04 16:53:34:776

Connecting Started...

<<<----  [OUT]
2020/11/04 16:53:36:818

I can't connect with the passive [192.168.100.113/5000] error_code:10061 !

<<<----  [OUT]
2020/11/04 16:53:39:309

Connecting Started...

<<<----  [OUT]
2020/11/04 16:53:41:339

I can't connect with the passive [192.168.100.113/5000] error_code:10061 !

<<<----  [OUT]
2020/11/04 16:53:43:824

Connecting Started...

<<<----  [OUT]
2020/11/04 16:53:45:859

I can't connect with the passive [192.168.100.113/5000] error_code:10061 !

<<<----  [OUT]
2020/11/04 16:53:48:338

Connecting Started...

<<<----  [OUT]
2020/11/04 16:53:50:387

I can't connect with the passive [192.168.100.113/5000] error_code:10061 !

<<<----  [OUT]
2020/11/04 16:53:52:871

Connecting Started...

<<<----  [OUT]
2020/11/04 16:53:54:902

I can't connect with the passive [192.168.100.113/5000] error_code:10061 !

<<<----  [OUT]
2020/11/04 16:53:57:386

Connecting Started...

<<<----  [OUT]
2020/11/04 16:53:59:421

I can't connect with the passive [192.168.100.113/5000] error_code:10061 !

<<<----  [OUT]
2020/11/04 16:54:01:901

Connecting Started...

<<<----  [OUT]
2020/11/04 16:54:03:945

I can't connect with the passive [192.168.100.113/5000] error_code:10061 !

<<<----  [OUT]
2020/11/04 16:54:06:432

Connecting Started...

<<<----  [OUT]
2020/11/04 16:54:08:469

I can't connect with the passive [192.168.100.113/5000] error_code:10061 !

<<<----  [OUT]
2020/11/04 16:54:10:949

Connecting Started...

<<<----  [OUT]
2020/11/04 16:54:12:987

I can't connect with the passive [192.168.100.113/5000] error_code:10061 !

<<<----  [OUT]
2020/11/04 16:54:15:465

Connecting Started...

<<<----  [OUT]
2020/11/04 16:54:17:504

I can't connect with the passive [192.168.100.113/5000] error_code:10061 !

<<<----  [OUT]
2020/11/04 16:54:19:996

Connecting Started...

<<<----  [OUT]
2020/11/04 16:54:22:040

I can't connect with the passive [192.168.100.113/5000] error_code:10061 !

<<<----  [OUT]
2020/11/04 16:54:24:527

Connecting Started...

<<<----  [OUT]
2020/11/04 16:54:26:567

I can't connect with the passive [192.168.100.113/5000] error_code:10061 !

<<<----  [OUT]
2020/11/04 16:54:29:058

Connecting Started...

<<<----  [OUT]
2020/11/04 16:54:31:090

I can't connect with the passive [192.168.100.113/5000] error_code:10061 !

<<<----  [OUT]
2020/11/04 16:54:33:574

Connecting Started...

<<<----  [OUT]
2020/11/04 16:54:35:611

I can't connect with the passive [192.168.100.113/5000] error_code:10061 !

<<<----  [OUT]
2020/11/04 16:54:38:088

Connecting Started...

<<<----  [OUT]
2020/11/04 16:54:40:125

I can't connect with the passive [192.168.100.113/5000] error_code:10061 !

<<<----  [OUT]
2020/11/04 16:54:42:605

Connecting Started...

<<<----  [OUT]
2020/11/04 16:54:44:645

I can't connect with the passive [192.168.100.113/5000] error_code:10061 !

<<<----  [OUT]
2020/11/04 16:54:47:135

Connecting Started...

<<<----  [OUT]
2020/11/04 16:54:49:169

I can't connect with the passive [192.168.100.113/5000] error_code:10061 !

<<<----  [OUT]
2020/11/04 16:54:51:651

Connecting Started...

<<<----  [OUT]
2020/11/04 16:54:53:697

I can't connect with the passive [192.168.100.113/5000] error_code:10061 !

<<<----  [OUT]
2020/11/04 16:54:56:183

Connecting Started...

<<<----  [OUT]
2020/11/04 16:54:58:222

I can't connect with the passive [192.168.100.113/5000] error_code:10061 !

<<<----  [OUT]
2020/11/04 16:55:00:699

Connecting Started...

<<<----  [OUT]
2020/11/04 16:55:02:742

I can't connect with the passive [192.168.100.113/5000] error_code:10061 !

<<<----  [OUT]
2020/11/04 16:55:05:230

Connecting Started...

<<<----  [OUT]
2020/11/04 16:55:07:264

I can't connect with the passive [192.168.100.113/5000] error_code:10061 !

<<<----  [OUT]
2020/11/04 16:55:09:745

Connecting Started...

<<<----  [OUT]
2020/11/04 16:55:11:785

I can't connect with the passive [192.168.100.113/5000] error_code:10061 !

<<<----  [OUT]
2020/11/04 16:55:14:277

Connecting Started...

<<<----  [OUT]
2020/11/04 16:55:16:321

I can't connect with the passive [192.168.100.113/5000] error_code:10061 !

<<<----  [OUT]
2020/11/04 16:55:18:809

Connecting Started...

<<<----  [OUT]
2020/11/04 16:55:20:854

I can't connect with the passive [192.168.100.113/5000] error_code:10061 !

<<<----  [OUT]
2020/11/04 16:55:23:339

Connecting Started...

<<<----  [OUT]
2020/11/04 16:55:25:386

I can't connect with the passive [192.168.100.113/5000] error_code:10061 !

<<<----  [OUT]
2020/11/04 16:55:27:869

Connecting Started...

<<<----  [OUT]
2020/11/04 16:55:29:915

I can't connect with the passive [192.168.100.113/5000] error_code:10061 !

<<<----  [OUT]
2020/11/04 16:55:32:401

Connecting Started...

<<<----  [OUT]
2020/11/04 16:55:34:450

I can't connect with the passive [192.168.100.113/5000] error_code:10061 !

<<<----  [OUT]
2020/11/04 16:55:36:933

Connecting Started...

<<<----  [OUT]
2020/11/04 16:55:38:976

I can't connect with the passive [192.168.100.113/5000] error_code:10061 !

<<<----  [OUT]
2020/11/04 16:55:41:465

Connecting Started...

<<<----  [OUT]
2020/11/04 16:55:43:512

I can't connect with the passive [192.168.100.113/5000] error_code:10061 !

<<<----  [OUT]
2020/11/04 16:55:45:996

Connecting Started...

<<<----  [OUT]
2020/11/04 16:55:48:043

I can't connect with the passive [192.168.100.113/5000] error_code:10061 !

<<<----  [OUT]
2020/11/04 16:55:50:526

Connecting Started...

<<<----  [OUT]
2020/11/04 16:55:52:550

I can't connect with the passive [192.168.100.113/5000] error_code:10061 !

<<<----  [OUT]
2020/11/04 16:55:55:027

Connecting Started...

<<<----  [OUT]
2020/11/04 16:55:57:069

I can't connect with the passive [192.168.100.113/5000] error_code:10061 !

<<<----  [OUT]
2020/11/04 16:55:59:558

Connecting Started...

<<<----  [OUT]
2020/11/04 16:56:01:605

I can't connect with the passive [192.168.100.113/5000] error_code:10061 !

<<<----  [OUT]
2020/11/04 16:56:04:089

Connecting Started...

<<<----  [OUT]
2020/11/04 16:56:06:132

I can't connect with the passive [192.168.100.113/5000] error_code:10061 !

<<<----  [OUT]
2020/11/04 16:56:08:621

Connecting Started...

<<<----  [OUT]
2020/11/04 16:56:10:662

I can't connect with the passive [192.168.100.113/5000] error_code:10061 !

<<<----  [OUT]
2020/11/04 16:56:13:152

Connecting Started...

<<<----  [OUT]
2020/11/04 16:56:15:192

I can't connect with the passive [192.168.100.113/5000] error_code:10061 !

<<<----  [OUT]
2020/11/04 16:56:17:683

Connecting Started...

<<<----  [OUT]
2020/11/04 16:56:19:719

I can't connect with the passive [192.168.100.113/5000] error_code:10061 !

<<<----  [OUT]
2020/11/04 16:56:22:198

Connecting Started...

<<<----  [OUT]
2020/11/04 16:56:24:250

I can't connect with the passive [192.168.100.113/5000] error_code:10061 !

<<<----  [OUT]
2020/11/04 16:56:26:730

Connecting Started...

<<<----  [OUT]
2020/11/04 16:56:28:771

I can't connect with the passive [192.168.100.113/5000] error_code:10061 !

<<<----  [OUT]
2020/11/04 16:56:31:261

Connecting Started...

<<<----  [OUT]
2020/11/04 16:56:33:312

I can't connect with the passive [192.168.100.113/5000] error_code:10061 !

<<<----  [OUT]
2020/11/04 16:56:35:791

Connecting Started...

<<<----  [OUT]
2020/11/04 16:56:37:830

I can't connect with the passive [192.168.100.113/5000] error_code:10061 !

<<<----  [OUT]
2020/11/04 16:56:40:307

Connecting Started...

<<<----  [OUT]
2020/11/04 16:56:42:341

I can't connect with the passive [192.168.100.113/5000] error_code:10061 !

<<<----  [OUT]
2020/11/04 16:56:44:823

Connecting Started...

<<<----  [OUT]
2020/11/04 16:56:46:870

I can't connect with the passive [192.168.100.113/5000] error_code:10061 !

<<<----  [OUT]
2020/11/04 16:56:49:354

Connecting Started...

<<<----  [OUT]
2020/11/04 16:56:51:393

I can't connect with the passive [192.168.100.113/5000] error_code:10061 !

<<<----  [OUT]
2020/11/04 16:56:53:870

Connecting Started...

<<<----  [OUT]
2020/11/04 16:56:55:903

I can't connect with the passive [192.168.100.113/5000] error_code:10061 !

<<<----  [OUT]
2020/11/04 16:56:58:385

Connecting Started...

<<<----  [OUT]
2020/11/04 16:57:00:419

I can't connect with the passive [192.168.100.113/5000] error_code:10061 !

<<<----  [OUT]
2020/11/04 16:57:02:902

Connecting Started...

<<<----  [OUT]
2020/11/04 16:57:04:940

I can't connect with the passive [192.168.100.113/5000] error_code:10061 !

<<<----  [OUT]
2020/11/04 16:57:07:417

Connecting Started...

<<<----  [OUT]
2020/11/04 16:57:09:455

I can't connect with the passive [192.168.100.113/5000] error_code:10061 !

<<<----  [OUT]
2020/11/04 16:57:11:934

Connecting Started...

<<<----  [OUT]
2020/11/04 16:57:13:969

I can't connect with the passive [192.168.100.113/5000] error_code:10061 !

<<<----  [OUT]
2020/11/04 16:57:16:449

Connecting Started...

<<<----  [OUT]
2020/11/04 16:57:18:494

I can't connect with the passive [192.168.100.113/5000] error_code:10061 !

<<<----  [OUT]
2020/11/04 16:57:20:980

Connecting Started...

<<<----  [OUT]
2020/11/04 16:57:23:033

I can't connect with the passive [192.168.100.113/5000] error_code:10061 !

<<<----  [OUT]
2020/11/04 16:57:25:510

Connecting Started...

<<<----  [OUT]
2020/11/04 16:57:27:555

I can't connect with the passive [192.168.100.113/5000] error_code:10061 !

<<<----  [OUT]
2020/11/04 16:57:30:041

Connecting Started...

<<<----  [OUT]
2020/11/04 16:57:32:078

I can't connect with the passive [192.168.100.113/5000] error_code:10061 !

<<<----  [OUT]
2020/11/04 16:57:34:557

Connecting Started...

<<<----  [OUT]
2020/11/04 16:57:36:606

I can't connect with the passive [192.168.100.113/5000] error_code:10061 !

<<<----  [OUT]
2020/11/04 16:57:39:089

Connecting Started...

<<<----  [OUT]
2020/11/04 16:57:41:131

I can't connect with the passive [192.168.100.113/5000] error_code:10061 !

<<<----  [OUT]
2020/11/04 16:57:43:620

Connecting Started...

<<<----  [OUT]
2020/11/04 16:57:45:658

I can't connect with the passive [192.168.100.113/5000] error_code:10061 !

<<<----  [OUT]
2020/11/04 16:57:48:136

Connecting Started...

<<<----  [OUT]
2020/11/04 16:57:50:185

I can't connect with the passive [192.168.100.113/5000] error_code:10061 !

<<<----  [OUT]
2020/11/04 16:57:52:668

Connecting Started...

<<<----  [OUT]
2020/11/04 16:57:54:708

I can't connect with the passive [192.168.100.113/5000] error_code:10061 !

<<<----  [OUT]
2020/11/04 16:57:57:199

Connecting Started...

<<<----  [OUT]
2020/11/04 16:57:59:247

I can't connect with the passive [192.168.100.113/5000] error_code:10061 !

<<<----  [OUT]
2020/11/04 16:58:01:731

Connecting Started...

<<<----  [OUT]
2020/11/04 16:58:03:782

I can't connect with the passive [192.168.100.113/5000] error_code:10061 !

<<<----  [OUT]
2020/11/04 16:58:06:261

Connecting Started...

<<<----  [OUT]
2020/11/04 16:58:08:296

I can't connect with the passive [192.168.100.113/5000] error_code:10061 !

<<<----  [OUT]
2020/11/04 16:58:10:777

Connecting Started...

<<<----  [OUT]
2020/11/04 16:58:12:820

I can't connect with the passive [192.168.100.113/5000] error_code:10061 !

<<<----  [OUT]
2020/11/04 16:58:15:307

Connecting Started...

<<<----  [OUT]
2020/11/04 16:58:17:354

I can't connect with the passive [192.168.100.113/5000] error_code:10061 !

<<<----  [OUT]
2020/11/04 16:58:19:838

Connecting Started...

<<<----  [OUT]
2020/11/04 16:58:21:878

I can't connect with the passive [192.168.100.113/5000] error_code:10061 !

<<<----  [OUT]
2020/11/04 16:58:24:355

Connecting Started...

<<<----  [OUT]
2020/11/04 16:58:26:400

I can't connect with the passive [192.168.100.113/5000] error_code:10061 !

<<<----  [OUT]
2020/11/04 16:58:28:885

Connecting Started...

<<<----  [OUT]
2020/11/04 16:58:30:932

I can't connect with the passive [192.168.100.113/5000] error_code:10061 !

<<<----  [OUT]
2020/11/04 16:58:33:417

Connecting Started...

<<<----  [OUT]
2020/11/04 16:58:35:466

I can't connect with the passive [192.168.100.113/5000] error_code:10061 !

<<<----  [OUT]
2020/11/04 16:58:37:949

Connecting Started...

<<<----  [OUT]
2020/11/04 16:58:39:990

I can't connect with the passive [192.168.100.113/5000] error_code:10061 !

<<<----  [OUT]
2020/11/04 16:58:42:480

Connecting Started...

<<<----  [OUT]
2020/11/04 16:58:44:528

I can't connect with the passive [192.168.100.113/5000] error_code:10061 !

<<<----  [OUT]
2020/11/04 16:58:47:012

Connecting Started...

<<<----  [OUT]
2020/11/04 16:58:49:058

I can't connect with the passive [192.168.100.113/5000] error_code:10061 !

<<<----  [OUT]
2020/11/04 16:58:51:542

Connecting Started...

<<<----  [OUT]
2020/11/04 16:58:53:581

I can't connect with the passive [192.168.100.113/5000] error_code:10061 !

<<<----  [OUT]
2020/11/04 16:58:56:058

Connecting Started...

<<<----  [OUT]
2020/11/04 16:58:58:100

I can't connect with the passive [192.168.100.113/5000] error_code:10061 !

<<<----  [OUT]
2020/11/04 16:59:00:589

Connecting Started...

<<<----  [OUT]
2020/11/04 16:59:02:632

I can't connect with the passive [192.168.100.113/5000] error_code:10061 !

<<<----  [OUT]
2020/11/04 16:59:05:121

Connecting Started...

<<<----  [OUT]
2020/11/04 16:59:07:160

I can't connect with the passive [192.168.100.113/5000] error_code:10061 !

<<<----  [OUT]
2020/11/04 16:59:09:636

Connecting Started...

<<<----  [OUT]
2020/11/04 16:59:11:673

I can't connect with the passive [192.168.100.113/5000] error_code:10061 !

<<<----  [OUT]
2020/11/04 16:59:14:151

Connecting Started...

<<<----  [OUT]
2020/11/04 16:59:16:187

I can't connect with the passive [192.168.100.113/5000] error_code:10061 !

<<<----  [OUT]
2020/11/04 16:59:18:667

Connecting Started...

<<<----  [OUT]
2020/11/04 16:59:20:713

I can't connect with the passive [192.168.100.113/5000] error_code:10061 !

<<<----  [OUT]
2020/11/04 16:59:23:198

Connecting Started...

<<<----  [OUT]
2020/11/04 16:59:25:246

I can't connect with the passive [192.168.100.113/5000] error_code:10061 !

<<<----  [OUT]
2020/11/04 16:59:27:729

Connecting Started...

<<<----  [OUT]
2020/11/04 16:59:29:772

I can't connect with the passive [192.168.100.113/5000] error_code:10061 !

<<<----  [OUT]
2020/11/04 16:59:32:260

Connecting Started...

<<<----  [OUT]
2020/11/04 16:59:34:310

I can't connect with the passive [192.168.100.113/5000] error_code:10061 !

<<<----  [OUT]
2020/11/04 16:59:36:793

Connecting Started...

<<<----  [OUT]
2020/11/04 16:59:38:829

I can't connect with the passive [192.168.100.113/5000] error_code:10061 !

<<<----  [OUT]
2020/11/04 16:59:41:307

Connecting Started...

<<<----  [OUT]
2020/11/04 16:59:43:359

I can't connect with the passive [192.168.100.113/5000] error_code:10061 !

<<<----  [OUT]
2020/11/04 16:59:45:839

Connecting Started...

<<<----  [OUT]
2020/11/04 16:59:47:886

I can't connect with the passive [192.168.100.113/5000] error_code:10061 !

<<<----  [OUT]
2020/11/04 16:59:50:371

Connecting Started...

<<<----  [OUT]
2020/11/04 16:59:52:417

I can't connect with the passive [192.168.100.113/5000] error_code:10061 !

<<<----  [OUT]
2020/11/04 16:59:54:902

Connecting Started...

<<<----  [OUT]
2020/11/04 16:59:56:943

I can't connect with the passive [192.168.100.113/5000] error_code:10061 !

<<<----  [OUT]
2020/11/04 16:59:59:433

Connecting Started...
