
<<<----  [OUT]
2020/11/04 08:00:05:284

I can't connect with the passive [192.168.100.113/5000] error_code:10060 !

<<<----  [OUT]
2020/11/04 08:00:07:760

Connecting Started...

<<<----  [OUT]
2020/11/04 08:00:28:782

I can't connect with the passive [192.168.100.113/5000] error_code:10060 !

<<<----  [OUT]
2020/11/04 08:00:31:260

Connecting Started...

<<<----  [OUT]
2020/11/04 08:00:52:305

I can't connect with the passive [192.168.100.113/5000] error_code:10060 !

<<<----  [OUT]
2020/11/04 08:00:54:793

Connecting Started...

<<<----  [OUT]
2020/11/04 08:01:15:847

I can't connect with the passive [192.168.100.113/5000] error_code:10060 !

<<<----  [OUT]
2020/11/04 08:01:18:324

Connecting Started...

<<<----  [OUT]
2020/11/04 08:01:39:371

I can't connect with the passive [192.168.100.113/5000] error_code:10060 !

<<<----  [OUT]
2020/11/04 08:01:41:855

Connecting Started...

<<<----  [OUT]
2020/11/04 08:02:02:897

I can't connect with the passive [192.168.100.113/5000] error_code:10060 !

<<<----  [OUT]
2020/11/04 08:02:05:386

Connecting Started...

<<<----  [OUT]
2020/11/04 08:02:26:424

I can't connect with the passive [192.168.100.113/5000] error_code:10060 !

<<<----  [OUT]
2020/11/04 08:02:28:902

Connecting Started...

<<<----  [OUT]
2020/11/04 08:02:49:943

I can't connect with the passive [192.168.100.113/5000] error_code:10060 !

<<<----  [OUT]
2020/11/04 08:02:52:432

Connecting Started...

<<<----  [OUT]
2020/11/04 08:03:13:462

I can't connect with the passive [192.168.100.113/5000] error_code:10060 !

<<<----  [OUT]
2020/11/04 08:03:15:948

Connecting Started...

<<<----  [OUT]
2020/11/04 08:03:36:982

I can't connect with the passive [192.168.100.113/5000] error_code:10060 !

<<<----  [OUT]
2020/11/04 08:03:39:463

Connecting Started...

<<<----  [OUT]
2020/11/04 08:04:00:503

I can't connect with the passive [192.168.100.113/5000] error_code:10060 !

<<<----  [OUT]
2020/11/04 08:04:02:979

Connecting Started...

<<<----  [OUT]
2020/11/04 08:04:24:023

I can't connect with the passive [192.168.100.113/5000] error_code:10060 !

<<<----  [OUT]
2020/11/04 08:04:26:512

Connecting Started...

<<<----  [OUT]
2020/11/04 08:04:47:560

I can't connect with the passive [192.168.100.113/5000] error_code:10060 !

<<<----  [OUT]
2020/11/04 08:04:50:042

Connecting Started...

<<<----  [OUT]
2020/11/04 08:05:11:074

I can't connect with the passive [192.168.100.113/5000] error_code:10060 !

<<<----  [OUT]
2020/11/04 08:05:13:559

Connecting Started...

<<<----  [OUT]
2020/11/04 08:05:34:589

I can't connect with the passive [192.168.100.113/5000] error_code:10060 !

<<<----  [OUT]
2020/11/04 08:05:37:073

Connecting Started...

<<<----  [OUT]
2020/11/04 08:05:58:104

I can't connect with the passive [192.168.100.113/5000] error_code:10060 !

<<<----  [OUT]
2020/11/04 08:06:00:589

Connecting Started...

<<<----  [OUT]
2020/11/04 08:06:21:626

I can't connect with the passive [192.168.100.113/5000] error_code:10060 !

<<<----  [OUT]
2020/11/04 08:06:24:104

Connecting Started...

<<<----  [OUT]
2020/11/04 08:06:45:145

I can't connect with the passive [192.168.100.113/5000] error_code:10060 !

<<<----  [OUT]
2020/11/04 08:06:47:636

Connecting Started...

<<<----  [OUT]
2020/11/04 08:07:08:684

I can't connect with the passive [192.168.100.113/5000] error_code:10060 !

<<<----  [OUT]
2020/11/04 08:07:11:167

Connecting Started...

<<<----  [OUT]
2020/11/04 08:07:32:191

I can't connect with the passive [192.168.100.113/5000] error_code:10060 !

<<<----  [OUT]
2020/11/04 08:07:34:667

Connecting Started...

<<<----  [OUT]
2020/11/04 08:07:55:724

I can't connect with the passive [192.168.100.113/5000] error_code:10060 !

<<<----  [OUT]
2020/11/04 08:07:58:215

Connecting Started...

<<<----  [OUT]
2020/11/04 08:08:19:261

I can't connect with the passive [192.168.100.113/5000] error_code:10060 !

<<<----  [OUT]
2020/11/04 08:08:21:745

Connecting Started...

<<<----  [OUT]
2020/11/04 08:08:42:788

I can't connect with the passive [192.168.100.113/5000] error_code:10060 !

<<<----  [OUT]
2020/11/04 08:08:45:277

Connecting Started...

<<<----  [OUT]
2020/11/04 08:09:06:333

I can't connect with the passive [192.168.100.113/5000] error_code:10060 !

<<<----  [OUT]
2020/11/04 08:09:08:823

Connecting Started...

<<<----  [OUT]
2020/11/04 08:09:29:854

I can't connect with the passive [192.168.100.113/5000] error_code:10060 !

<<<----  [OUT]
2020/11/04 08:09:32:339

Connecting Started...

<<<----  [OUT]
2020/11/04 08:09:53:377

I can't connect with the passive [192.168.100.113/5000] error_code:10060 !

<<<----  [OUT]
2020/11/04 08:09:55:854

Connecting Started...

<<<----  [OUT]
2020/11/04 08:10:16:899

I can't connect with the passive [192.168.100.113/5000] error_code:10060 !

<<<----  [OUT]
2020/11/04 08:10:19:386

Connecting Started...

<<<----  [OUT]
2020/11/04 08:10:40:418

I can't connect with the passive [192.168.100.113/5000] error_code:10060 !

<<<----  [OUT]
2020/11/04 08:10:42:902

Connecting Started...

<<<----  [OUT]
2020/11/04 08:11:03:955

I can't connect with the passive [192.168.100.113/5000] error_code:10060 !

<<<----  [OUT]
2020/11/04 08:11:06:433

Connecting Started...

<<<----  [OUT]
2020/11/04 08:11:27:480

I can't connect with the passive [192.168.100.113/5000] error_code:10060 !

<<<----  [OUT]
2020/11/04 08:11:29:964

Connecting Started...

<<<----  [OUT]
2020/11/04 08:11:50:997

I can't connect with the passive [192.168.100.113/5000] error_code:10060 !

<<<----  [OUT]
2020/11/04 08:11:53:480

Connecting Started...

<<<----  [OUT]
2020/11/04 08:12:14:512

I can't connect with the passive [192.168.100.113/5000] error_code:10060 !

<<<----  [OUT]
2020/11/04 08:12:16:996

Connecting Started...

<<<----  [OUT]
2020/11/04 08:12:38:039

I can't connect with the passive [192.168.100.113/5000] error_code:10060 !

<<<----  [OUT]
2020/11/04 08:12:40:527

Connecting Started...

<<<----  [OUT]
2020/11/04 08:13:01:577

I can't connect with the passive [192.168.100.113/5000] error_code:10060 !

<<<----  [OUT]
2020/11/04 08:13:04:057

Connecting Started...

<<<----  [OUT]
2020/11/04 08:13:25:102

I can't connect with the passive [192.168.100.113/5000] error_code:10060 !

<<<----  [OUT]
2020/11/04 08:13:27:589

Connecting Started...

<<<----  [OUT]
2020/11/04 08:13:48:618

I can't connect with the passive [192.168.100.113/5000] error_code:10060 !

<<<----  [OUT]
2020/11/04 08:13:51:104

Connecting Started...

<<<----  [OUT]
2020/11/04 08:14:12:144

I can't connect with the passive [192.168.100.113/5000] error_code:10060 !

<<<----  [OUT]
2020/11/04 08:14:14:619

Connecting Started...

<<<----  [OUT]
2020/11/04 08:14:35:650

I can't connect with the passive [192.168.100.113/5000] error_code:10060 !

<<<----  [OUT]
2020/11/04 08:14:38:136

Connecting Started...

<<<----  [OUT]
2020/11/04 08:14:59:177

I can't connect with the passive [192.168.100.113/5000] error_code:10060 !

<<<----  [OUT]
2020/11/04 08:15:01:668

Connecting Started...

<<<----  [OUT]
2020/11/04 08:15:22:710

I can't connect with the passive [192.168.100.113/5000] error_code:10060 !

<<<----  [OUT]
2020/11/04 08:15:25:199

Connecting Started...

<<<----  [OUT]
2020/11/04 08:15:46:230

I can't connect with the passive [192.168.100.113/5000] error_code:10060 !

<<<----  [OUT]
2020/11/04 08:15:48:714

Connecting Started...

<<<----  [OUT]
2020/11/04 08:16:09:754

I can't connect with the passive [192.168.100.113/5000] error_code:10060 !

<<<----  [OUT]
2020/11/04 08:16:12:230

Connecting Started...

<<<----  [OUT]
2020/11/04 08:16:33:275

I can't connect with the passive [192.168.100.113/5000] error_code:10060 !

<<<----  [OUT]
2020/11/04 08:16:35:761

Connecting Started...

<<<----  [OUT]
2020/11/04 08:16:56:785

I can't connect with the passive [192.168.100.113/5000] error_code:10060 !

<<<----  [OUT]
2020/11/04 08:16:59:261

Connecting Started...

<<<----  [OUT]
2020/11/04 08:17:20:303

I can't connect with the passive [192.168.100.113/5000] error_code:10060 !

<<<----  [OUT]
2020/11/04 08:17:22:792

Connecting Started...

<<<----  [OUT]
2020/11/04 08:17:43:833

I can't connect with the passive [192.168.100.113/5000] error_code:10060 !

<<<----  [OUT]
2020/11/04 08:17:46:323

Connecting Started...

<<<----  [OUT]
2020/11/04 08:18:07:368

I can't connect with the passive [192.168.100.113/5000] error_code:10060 !

<<<----  [OUT]
2020/11/04 08:18:09:855

Connecting Started...

<<<----  [OUT]
2020/11/04 08:18:30:889

I can't connect with the passive [192.168.100.113/5000] error_code:10060 !

<<<----  [OUT]
2020/11/04 08:18:33:371

Connecting Started...

<<<----  [OUT]
2020/11/04 08:18:54:400

I can't connect with the passive [192.168.100.113/5000] error_code:10060 !

<<<----  [OUT]
2020/11/04 08:18:56:885

Connecting Started...

<<<----  [OUT]
2020/11/04 08:19:17:942

I can't connect with the passive [192.168.100.113/5000] error_code:10060 !

<<<----  [OUT]
2020/11/04 08:19:20:433

Connecting Started...

<<<----  [OUT]
2020/11/04 08:19:41:476

I can't connect with the passive [192.168.100.113/5000] error_code:10060 !

<<<----  [OUT]
2020/11/04 08:19:43:964

Connecting Started...

<<<----  [OUT]
2020/11/04 08:20:05:009

I can't connect with the passive [192.168.100.113/5000] error_code:10060 !

<<<----  [OUT]
2020/11/04 08:20:07:496

Connecting Started...

<<<----  [OUT]
2020/11/04 08:20:28:534

I can't connect with the passive [192.168.100.113/5000] error_code:10060 !

<<<----  [OUT]
2020/11/04 08:20:31:012

Connecting Started...

<<<----  [OUT]
2020/11/04 08:20:52:048

I can't connect with the passive [192.168.100.113/5000] error_code:10060 !

<<<----  [OUT]
2020/11/04 08:20:54:527

Connecting Started...

<<<----  [OUT]
2020/11/04 08:21:15:545

I can't connect with the passive [192.168.100.113/5000] error_code:10060 !

<<<----  [OUT]
2020/11/04 08:21:18:026

Connecting Started...

<<<----  [OUT]
2020/11/04 08:21:39:075

I can't connect with the passive [192.168.100.113/5000] error_code:10060 !

<<<----  [OUT]
2020/11/04 08:21:41:559

Connecting Started...

<<<----  [OUT]
2020/11/04 08:22:02:588

I can't connect with the passive [192.168.100.113/5000] error_code:10060 !

<<<----  [OUT]
2020/11/04 08:22:05:073

Connecting Started...

<<<----  [OUT]
2020/11/04 08:22:26:102

I can't connect with the passive [192.168.100.113/5000] error_code:10060 !

<<<----  [OUT]
2020/11/04 08:22:28:589

Connecting Started...

<<<----  [OUT]
2020/11/04 08:22:49:641

I can't connect with the passive [192.168.100.113/5000] error_code:10060 !

<<<----  [OUT]
2020/11/04 08:22:52:121

Connecting Started...

<<<----  [OUT]
2020/11/04 08:23:13:151

I can't connect with the passive [192.168.100.113/5000] error_code:10060 !

<<<----  [OUT]
2020/11/04 08:23:15:636

Connecting Started...

<<<----  [OUT]
2020/11/04 08:23:36:680

I can't connect with the passive [192.168.100.113/5000] error_code:10060 !

<<<----  [OUT]
2020/11/04 08:23:39:166

Connecting Started...

<<<----  [OUT]
2020/11/04 08:24:00:205

I can't connect with the passive [192.168.100.113/5000] error_code:10060 !

<<<----  [OUT]
2020/11/04 08:24:02:683

Connecting Started...

<<<----  [OUT]
2020/11/04 08:24:23:709

I can't connect with the passive [192.168.100.113/5000] error_code:10060 !

<<<----  [OUT]
2020/11/04 08:24:26:198

Connecting Started...

<<<----  [OUT]
2020/11/04 08:24:47:237

I can't connect with the passive [192.168.100.113/5000] error_code:10060 !

<<<----  [OUT]
2020/11/04 08:24:49:715

Connecting Started...

<<<----  [OUT]
2020/11/04 08:25:10:756

I can't connect with the passive [192.168.100.113/5000] error_code:10060 !

<<<----  [OUT]
2020/11/04 08:25:13:246

Connecting Started...

<<<----  [OUT]
2020/11/04 08:25:34:296

I can't connect with the passive [192.168.100.113/5000] error_code:10060 !

<<<----  [OUT]
2020/11/04 08:25:36:777

Connecting Started...

<<<----  [OUT]
2020/11/04 08:25:57:842

I can't connect with the passive [192.168.100.113/5000] error_code:10060 !

<<<----  [OUT]
2020/11/04 08:26:00:323

Connecting Started...

<<<----  [OUT]
2020/11/04 08:26:21:360

I can't connect with the passive [192.168.100.113/5000] error_code:10060 !

<<<----  [OUT]
2020/11/04 08:26:23:839

Connecting Started...

<<<----  [OUT]
2020/11/04 08:26:44:876

I can't connect with the passive [192.168.100.113/5000] error_code:10060 !

<<<----  [OUT]
2020/11/04 08:26:47:355

Connecting Started...

<<<----  [OUT]
2020/11/04 08:27:08:393

I can't connect with the passive [192.168.100.113/5000] error_code:10060 !

<<<----  [OUT]
2020/11/04 08:27:10:870

Connecting Started...

<<<----  [OUT]
2020/11/04 08:27:31:913

I can't connect with the passive [192.168.100.113/5000] error_code:10060 !

<<<----  [OUT]
2020/11/04 08:27:34:401

Connecting Started...

<<<----  [OUT]
2020/11/04 08:27:55:455

I can't connect with the passive [192.168.100.113/5000] error_code:10060 !

<<<----  [OUT]
2020/11/04 08:27:57:933

Connecting Started...

<<<----  [OUT]
2020/11/04 08:27:59:987

I can't connect with the passive [192.168.100.113/5000] error_code:10061 !

<<<----  [OUT]
2020/11/04 08:28:02:463

Connecting Started...

<<<----  [OUT]
2020/11/04 08:28:04:495

I can't connect with the passive [192.168.100.113/5000] error_code:10061 !

<<<----  [OUT]
2020/11/04 08:28:06:980

Connecting Started...

<<<----  [OUT]
2020/11/04 08:28:09:031

I can't connect with the passive [192.168.100.113/5000] error_code:10061 !

<<<----  [OUT]
2020/11/04 08:28:11:510

Connecting Started...

<<<----  [OUT]
2020/11/04 08:28:13:576

I can't connect with the passive [192.168.100.113/5000] error_code:10061 !

<<<----  [OUT]
2020/11/04 08:28:16:057

Connecting Started...

<<<----  [OUT]
2020/11/04 08:28:18:122

I can't connect with the passive [192.168.100.113/5000] error_code:10061 !

<<<----  [OUT]
2020/11/04 08:28:20:604

Connecting Started...

<<<----  [OUT]
2020/11/04 08:28:22:652

I can't connect with the passive [192.168.100.113/5000] error_code:10061 !

<<<----  [OUT]
2020/11/04 08:28:25:135

Connecting Started...

<<<----  [OUT]
2020/11/04 08:28:27:201

I can't connect with the passive [192.168.100.113/5000] error_code:10061 !

<<<----  [OUT]
2020/11/04 08:28:29:684

Connecting Started...

<<<----  [OUT]
2020/11/04 08:28:31:726

I can't connect with the passive [192.168.100.113/5000] error_code:10061 !

<<<----  [OUT]
2020/11/04 08:28:34:215

Connecting Started...

<<<----  [OUT]
2020/11/04 08:28:36:277

I can't connect with the passive [192.168.100.113/5000] error_code:10061 !

<<<----  [OUT]
2020/11/04 08:28:38:760

Connecting Started...

<<<----  [OUT]
2020/11/04 08:28:40:801

I can't connect with the passive [192.168.100.113/5000] error_code:10061 !

<<<----  [OUT]
2020/11/04 08:28:43:292

Connecting Started...

<<<----  [OUT]
2020/11/04 08:28:45:325

I can't connect with the passive [192.168.100.113/5000] error_code:10061 !

<<<----  [OUT]
2020/11/04 08:28:47:808

Connecting Started...

<<<----  [OUT]
2020/11/04 08:28:49:853

I can't connect with the passive [192.168.100.113/5000] error_code:10061 !

<<<----  [OUT]
2020/11/04 08:28:52:338

Connecting Started...

<<<----  [OUT]
2020/11/04 08:28:54:377

I can't connect with the passive [192.168.100.113/5000] error_code:10061 !

<<<----  [OUT]
2020/11/04 08:28:56:855

Connecting Started...

<<<----  [OUT]
2020/11/04 08:28:58:919

I can't connect with the passive [192.168.100.113/5000] error_code:10061 !

<<<----  [OUT]
2020/11/04 08:29:01:402

Connecting Started...

<<<----  [OUT]
2020/11/04 08:29:03:463

I can't connect with the passive [192.168.100.113/5000] error_code:10061 !

<<<----  [OUT]
2020/11/04 08:29:05:948

Connecting Started...

<<<----  [OUT]
2020/11/04 08:29:08:013

I can't connect with the passive [192.168.100.113/5000] error_code:10061 !

<<<----  [OUT]
2020/11/04 08:29:10:495

Connecting Started...

<<<----  [OUT]
2020/11/04 08:29:12:557

I can't connect with the passive [192.168.100.113/5000] error_code:10061 !

<<<----  [OUT]
2020/11/04 08:29:15:041

Connecting Started...

<<<----  [OUT]
2020/11/04 08:29:17:078

I can't connect with the passive [192.168.100.113/5000] error_code:10061 !

<<<----  [OUT]
2020/11/04 08:29:19:559

Connecting Started...

<<<----  [OUT]
2020/11/04 08:29:21:614

I can't connect with the passive [192.168.100.113/5000] error_code:10061 !

<<<----  [OUT]
2020/11/04 08:29:24:105

Connecting Started...

<<<----  [OUT]
2020/11/04 08:29:26:165

I can't connect with the passive [192.168.100.113/5000] error_code:10061 !

<<<----  [OUT]
2020/11/04 08:29:28:651

Connecting Started...

<<<----  [OUT]
2020/11/04 08:29:30:687

I can't connect with the passive [192.168.100.113/5000] error_code:10061 !

<<<----  [OUT]
2020/11/04 08:29:33:167

Connecting Started...

<<<----  [OUT]
2020/11/04 08:29:35:226

I can't connect with the passive [192.168.100.113/5000] error_code:10061 !

<<<----  [OUT]
2020/11/04 08:29:37:714

Connecting Started...

<<<----  [OUT]
2020/11/04 08:29:39:779

I can't connect with the passive [192.168.100.113/5000] error_code:10061 !

<<<----  [OUT]
2020/11/04 08:29:42:262

Connecting Started...

<<<----  [OUT]
2020/11/04 08:29:44:319

I can't connect with the passive [192.168.100.113/5000] error_code:10061 !

<<<----  [OUT]
2020/11/04 08:29:46:807

Connecting Started...

<<<----  [OUT]
2020/11/04 08:29:48:864

I can't connect with the passive [192.168.100.113/5000] error_code:10061 !

<<<----  [OUT]
2020/11/04 08:29:51:355

Connecting Started...

<<<----  [OUT]
2020/11/04 08:29:53:408

I can't connect with the passive [192.168.100.113/5000] error_code:10061 !

<<<----  [OUT]
2020/11/04 08:29:55:886

Connecting Started...

<<<----  [OUT]
2020/11/04 08:29:57:931

I can't connect with the passive [192.168.100.113/5000] error_code:10061 !

<<<----  [OUT]
2020/11/04 08:30:00:417

Connecting Started...

<<<----  [OUT]
2020/11/04 08:30:02:466

I can't connect with the passive [192.168.100.113/5000] error_code:10061 !

<<<----  [OUT]
2020/11/04 08:30:04:949

Connecting Started...

<<<----  [OUT]
2020/11/04 08:30:06:999

I can't connect with the passive [192.168.100.113/5000] error_code:10061 !

<<<----  [OUT]
2020/11/04 08:30:09:479

Connecting Started...

<<<----  [OUT]
2020/11/04 08:30:11:515

I can't connect with the passive [192.168.100.113/5000] error_code:10061 !

<<<----  [OUT]
2020/11/04 08:30:13:996

Connecting Started...

<<<----  [OUT]
2020/11/04 08:30:16:049

I can't connect with the passive [192.168.100.113/5000] error_code:10061 !

<<<----  [OUT]
2020/11/04 08:30:18:527

Connecting Started...

<<<----  [OUT]
2020/11/04 08:30:20:575

I can't connect with the passive [192.168.100.113/5000] error_code:10061 !

<<<----  [OUT]
2020/11/04 08:30:23:059

Connecting Started...

<<<----  [OUT]
2020/11/04 08:30:25:110

I can't connect with the passive [192.168.100.113/5000] error_code:10061 !

<<<----  [OUT]
2020/11/04 08:30:27:588

Connecting Started...

<<<----  [OUT]
2020/11/04 08:30:29:652

I can't connect with the passive [192.168.100.113/5000] error_code:10061 !

<<<----  [OUT]
2020/11/04 08:30:32:137

Connecting Started...

<<<----  [OUT]
2020/11/04 08:30:34:191

I can't connect with the passive [192.168.100.113/5000] error_code:10061 !

<<<----  [OUT]
2020/11/04 08:30:36:668

Connecting Started...

<<<----  [OUT]
2020/11/04 08:30:38:724

I can't connect with the passive [192.168.100.113/5000] error_code:10061 !

<<<----  [OUT]
2020/11/04 08:30:41:214

Connecting Started...

<<<----  [OUT]
2020/11/04 08:30:43:284

I can't connect with the passive [192.168.100.113/5000] error_code:10061 !

<<<----  [OUT]
2020/11/04 08:30:45:761

Connecting Started...

<<<----  [OUT]
2020/11/04 08:30:47:823

I can't connect with the passive [192.168.100.113/5000] error_code:10061 !

<<<----  [OUT]
2020/11/04 08:30:50:309

Connecting Started...

<<<----  [OUT]
2020/11/04 08:30:52:379

I can't connect with the passive [192.168.100.113/5000] error_code:10061 !

<<<----  [OUT]
2020/11/04 08:30:54:871

Connecting Started...

<<<----  [OUT]
2020/11/04 08:30:56:932

I can't connect with the passive [192.168.100.113/5000] error_code:10061 !

<<<----  [OUT]
2020/11/04 08:30:59:417

Connecting Started...

<<<----  [OUT]
2020/11/04 08:31:01:464

I can't connect with the passive [192.168.100.113/5000] error_code:10061 !

<<<----  [OUT]
2020/11/04 08:31:03:949

Connecting Started...

<<<----  [OUT]
2020/11/04 08:31:06:013

I can't connect with the passive [192.168.100.113/5000] error_code:10061 !

<<<----  [OUT]
2020/11/04 08:31:08:496

Connecting Started...

<<<----  [OUT]
2020/11/04 08:31:10:546

I can't connect with the passive [192.168.100.113/5000] error_code:10061 !

<<<----  [OUT]
2020/11/04 08:31:13:026

Connecting Started...

<<<----  [OUT]
2020/11/04 08:31:15:084

I can't connect with the passive [192.168.100.113/5000] error_code:10061 !

<<<----  [OUT]
2020/11/04 08:31:17:573

Connecting Started...

<<<----  [OUT]
2020/11/04 08:31:19:628

I can't connect with the passive [192.168.100.113/5000] error_code:10061 !

<<<----  [OUT]
2020/11/04 08:31:22:104

Connecting Started...

<<<----  [OUT]
2020/11/04 08:31:24:171

I can't connect with the passive [192.168.100.113/5000] error_code:10061 !

<<<----  [OUT]
2020/11/04 08:31:26:652

Connecting Started...

<<<----  [OUT]
2020/11/04 08:31:28:708

I can't connect with the passive [192.168.100.113/5000] error_code:10061 !

<<<----  [OUT]
2020/11/04 08:31:31:199

Connecting Started...

<<<----  [OUT]
2020/11/04 08:31:33:260

I can't connect with the passive [192.168.100.113/5000] error_code:10061 !

<<<----  [OUT]
2020/11/04 08:31:35:744

Connecting Started...

<<<----  [OUT]
2020/11/04 08:31:37:809

I can't connect with the passive [192.168.100.113/5000] error_code:10061 !

<<<----  [OUT]
2020/11/04 08:31:40:292

Connecting Started...

<<<----  [OUT]
2020/11/04 08:31:42:354

I can't connect with the passive [192.168.100.113/5000] error_code:10061 !

<<<----  [OUT]
2020/11/04 08:31:44:840

Connecting Started...

<<<----  [OUT]
2020/11/04 08:31:46:872

I can't connect with the passive [192.168.100.113/5000] error_code:10061 !

<<<----  [OUT]
2020/11/04 08:31:49:355

Connecting Started...

<<<----  [OUT]
2020/11/04 08:31:51:383

I can't connect with the passive [192.168.100.113/5000] error_code:10061 !

<<<----  [OUT]
2020/11/04 08:31:53:871

Connecting Started...

<<<----  [OUT]
2020/11/04 08:31:55:898

I can't connect with the passive [192.168.100.113/5000] error_code:10061 !

<<<----  [OUT]
2020/11/04 08:31:58:387

Connecting Started...

<<<----  [OUT]
2020/11/04 08:32:00:424

I can't connect with the passive [192.168.100.113/5000] error_code:10061 !

<<<----  [OUT]
2020/11/04 08:32:02:902

Connecting Started...

<<<----  [OUT]
2020/11/04 08:32:04:962

I can't connect with the passive [192.168.100.113/5000] error_code:10061 !

<<<----  [OUT]
2020/11/04 08:32:07:449

Connecting Started...

<<<----  [OUT]
2020/11/04 08:32:09:509

I can't connect with the passive [192.168.100.113/5000] error_code:10061 !

<<<----  [OUT]
2020/11/04 08:32:11:995

Connecting Started...

<<<----  [OUT]
2020/11/04 08:32:14:061

I can't connect with the passive [192.168.100.113/5000] error_code:10061 !

<<<----  [OUT]
2020/11/04 08:32:16:543

Connecting Started...

<<<----  [OUT]
2020/11/04 08:32:18:608

I can't connect with the passive [192.168.100.113/5000] error_code:10061 !

<<<----  [OUT]
2020/11/04 08:32:21:089

Connecting Started...

<<<----  [OUT]
2020/11/04 08:32:23:145

I can't connect with the passive [192.168.100.113/5000] error_code:10061 !

<<<----  [OUT]
2020/11/04 08:32:25:637

Connecting Started...

<<<----  [OUT]
2020/11/04 08:32:27:688

I can't connect with the passive [192.168.100.113/5000] error_code:10061 !

<<<----  [OUT]
2020/11/04 08:32:30:167

Connecting Started...

<<<----  [OUT]
2020/11/04 08:32:32:215

I can't connect with the passive [192.168.100.113/5000] error_code:10061 !

<<<----  [OUT]
2020/11/04 08:32:34:698

Connecting Started...

<<<----  [OUT]
2020/11/04 08:32:36:754

I can't connect with the passive [192.168.100.113/5000] error_code:10061 !

<<<----  [OUT]
2020/11/04 08:32:39:246

Connecting Started...

<<<----  [OUT]
2020/11/04 08:32:41:298

I can't connect with the passive [192.168.100.113/5000] error_code:10061 !

<<<----  [OUT]
2020/11/04 08:32:43:777

Connecting Started...

<<<----  [OUT]
2020/11/04 08:32:45:827

I can't connect with the passive [192.168.100.113/5000] error_code:10061 !

<<<----  [OUT]
2020/11/04 08:32:48:307

Connecting Started...

<<<----  [OUT]
2020/11/04 08:32:50:362

I can't connect with the passive [192.168.100.113/5000] error_code:10061 !

<<<----  [OUT]
2020/11/04 08:32:52:838

Connecting Started...

<<<----  [OUT]
2020/11/04 08:32:54:904

I can't connect with the passive [192.168.100.113/5000] error_code:10061 !

<<<----  [OUT]
2020/11/04 08:32:57:386

Connecting Started...

<<<----  [OUT]
2020/11/04 08:32:59:435

I can't connect with the passive [192.168.100.113/5000] error_code:10061 !

<<<----  [OUT]
2020/11/04 08:33:01:918

Connecting Started...

<<<----  [OUT]
2020/11/04 08:33:03:981

I can't connect with the passive [192.168.100.113/5000] error_code:10061 !

<<<----  [OUT]
2020/11/04 08:33:06:465

Connecting Started...

<<<----  [OUT]
2020/11/04 08:33:08:532

I can't connect with the passive [192.168.100.113/5000] error_code:10061 !

<<<----  [OUT]
2020/11/04 08:33:11:011

Connecting Started...

<<<----  [OUT]
2020/11/04 08:33:13:064

I can't connect with the passive [192.168.100.113/5000] error_code:10061 !

<<<----  [OUT]
2020/11/04 08:33:15:542

Connecting Started...

<<<----  [OUT]
2020/11/04 08:33:17:580

I can't connect with the passive [192.168.100.113/5000] error_code:10061 !

<<<----  [OUT]
2020/11/04 08:33:20:058

Connecting Started...

<<<----  [OUT]
2020/11/04 08:33:22:125

I can't connect with the passive [192.168.100.113/5000] error_code:10061 !

<<<----  [OUT]
2020/11/04 08:33:24:605

Connecting Started...

<<<----  [OUT]
2020/11/04 08:33:26:644

I can't connect with the passive [192.168.100.113/5000] error_code:10061 !

<<<----  [OUT]
2020/11/04 08:33:29:120

Connecting Started...

<<<----  [OUT]
2020/11/04 08:33:31:183

I can't connect with the passive [192.168.100.113/5000] error_code:10061 !

<<<----  [OUT]
2020/11/04 08:33:33:667

Connecting Started...

<<<----  [OUT]
2020/11/04 08:33:35:736

I can't connect with the passive [192.168.100.113/5000] error_code:10061 !

<<<----  [OUT]
2020/11/04 08:33:38:213

Connecting Started...

<<<----  [OUT]
2020/11/04 08:33:40:270

I can't connect with the passive [192.168.100.113/5000] error_code:10061 !

<<<----  [OUT]
2020/11/04 08:33:42:761

Connecting Started...

<<<----  [OUT]
2020/11/04 08:33:44:823

I can't connect with the passive [192.168.100.113/5000] error_code:10061 !

<<<----  [OUT]
2020/11/04 08:33:47:308

Connecting Started...

<<<----  [OUT]
2020/11/04 08:33:49:355

I can't connect with the passive [192.168.100.113/5000] error_code:10061 !

<<<----  [OUT]
2020/11/04 08:33:51:840

Connecting Started...

<<<----  [OUT]
2020/11/04 08:33:53:875

I can't connect with the passive [192.168.100.113/5000] error_code:10061 !

<<<----  [OUT]
2020/11/04 08:33:56:355

Connecting Started...

<<<----  [OUT]
2020/11/04 08:33:58:399

I can't connect with the passive [192.168.100.113/5000] error_code:10061 !

<<<----  [OUT]
2020/11/04 08:34:00:886

Connecting Started...

<<<----  [OUT]
2020/11/04 08:34:02:923

I can't connect with the passive [192.168.100.113/5000] error_code:10061 !

<<<----  [OUT]
2020/11/04 08:34:05:401

Connecting Started...

<<<----  [OUT]
2020/11/04 08:34:07:435

I can't connect with the passive [192.168.100.113/5000] error_code:10061 !

<<<----  [OUT]
2020/11/04 08:34:09:918

Connecting Started...

<<<----  [OUT]
2020/11/04 08:34:11:966

I can't connect with the passive [192.168.100.113/5000] error_code:10061 !

<<<----  [OUT]
2020/11/04 08:34:14:448

Connecting Started...

<<<----  [OUT]
2020/11/04 08:34:16:485

I can't connect with the passive [192.168.100.113/5000] error_code:10061 !

<<<----  [OUT]
2020/11/04 08:34:18:964

Connecting Started...

<<<----  [OUT]
2020/11/04 08:34:20:993

I can't connect with the passive [192.168.100.113/5000] error_code:10061 !

<<<----  [OUT]
2020/11/04 08:34:23:480

Connecting Started...

<<<----  [OUT]
2020/11/04 08:34:25:526

I can't connect with the passive [192.168.100.113/5000] error_code:10061 !

<<<----  [OUT]
2020/11/04 08:34:28:011

Connecting Started...

<<<----  [OUT]
2020/11/04 08:34:30:052

I can't connect with the passive [192.168.100.113/5000] error_code:10061 !

<<<----  [OUT]
2020/11/04 08:34:32:543

Connecting Started...

<<<----  [OUT]
2020/11/04 08:34:34:591

I can't connect with the passive [192.168.100.113/5000] error_code:10061 !

<<<----  [OUT]
2020/11/04 08:34:37:073

Connecting Started...

<<<----  [OUT]
2020/11/04 08:34:39:109

I can't connect with the passive [192.168.100.113/5000] error_code:10061 !

<<<----  [OUT]
2020/11/04 08:34:41:588

Connecting Started...

<<<----  [OUT]
2020/11/04 08:34:43:620

I can't connect with the passive [192.168.100.113/5000] error_code:10061 !

<<<----  [OUT]
2020/11/04 08:34:46:104

Connecting Started...

<<<----  [OUT]
2020/11/04 08:34:48:140

I can't connect with the passive [192.168.100.113/5000] error_code:10061 !

<<<----  [OUT]
2020/11/04 08:34:50:619

Connecting Started...

<<<----  [OUT]
2020/11/04 08:34:52:661

I can't connect with the passive [192.168.100.113/5000] error_code:10061 !

<<<----  [OUT]
2020/11/04 08:34:55:152

Connecting Started...

<<<----  [OUT]
2020/11/04 08:34:57:198

I can't connect with the passive [192.168.100.113/5000] error_code:10061 !

<<<----  [OUT]
2020/11/04 08:34:59:682

Connecting Started...

<<<----  [OUT]
2020/11/04 08:35:01:722

I can't connect with the passive [192.168.100.113/5000] error_code:10061 !

<<<----  [OUT]
2020/11/04 08:35:04:198

Connecting Started...

<<<----  [OUT]
2020/11/04 08:35:06:238

I can't connect with the passive [192.168.100.113/5000] error_code:10061 !

<<<----  [OUT]
2020/11/04 08:35:08:714

Connecting Started...

<<<----  [OUT]
2020/11/04 08:35:10:767

I can't connect with the passive [192.168.100.113/5000] error_code:10061 !

<<<----  [OUT]
2020/11/04 08:35:13:245

Connecting Started...

<<<----  [OUT]
2020/11/04 08:35:15:295

I can't connect with the passive [192.168.100.113/5000] error_code:10061 !

<<<----  [OUT]
2020/11/04 08:35:17:776

Connecting Started...

<<<----  [OUT]
2020/11/04 08:35:19:817

I can't connect with the passive [192.168.100.113/5000] error_code:10061 !

<<<----  [OUT]
2020/11/04 08:35:22:308

Connecting Started...

<<<----  [OUT]
2020/11/04 08:35:24:350

I can't connect with the passive [192.168.100.113/5000] error_code:10061 !

<<<----  [OUT]
2020/11/04 08:35:26:840

Connecting Started...

<<<----  [OUT]
2020/11/04 08:35:28:868

I can't connect with the passive [192.168.100.113/5000] error_code:10061 !

<<<----  [OUT]
2020/11/04 08:35:31:355

Connecting Started...

<<<----  [OUT]
2020/11/04 08:35:33:402

I can't connect with the passive [192.168.100.113/5000] error_code:10061 !

<<<----  [OUT]
2020/11/04 08:35:35:887

Connecting Started...

<<<----  [OUT]
2020/11/04 08:35:37:936

I can't connect with the passive [192.168.100.113/5000] error_code:10061 !

<<<----  [OUT]
2020/11/04 08:35:40:417

Connecting Started...

<<<----  [OUT]
2020/11/04 08:35:42:454

I can't connect with the passive [192.168.100.113/5000] error_code:10061 !

<<<----  [OUT]
2020/11/04 08:35:44:933

Connecting Started...

<<<----  [OUT]
2020/11/04 08:35:46:994

I can't connect with the passive [192.168.100.113/5000] error_code:10061 !

<<<----  [OUT]
2020/11/04 08:35:49:480

Connecting Started...

<<<----  [OUT]
2020/11/04 08:35:51:544

I can't connect with the passive [192.168.100.113/5000] error_code:10061 !

<<<----  [OUT]
2020/11/04 08:35:54:027

Connecting Started...

<<<----  [OUT]
2020/11/04 08:35:56:056

I can't connect with the passive [192.168.100.113/5000] error_code:10061 !

<<<----  [OUT]
2020/11/04 08:35:58:543

Connecting Started...

<<<----  [OUT]
2020/11/04 08:36:00:585

I can't connect with the passive [192.168.100.113/5000] error_code:10061 !

<<<----  [OUT]
2020/11/04 08:36:03:073

Connecting Started...

<<<----  [OUT]
2020/11/04 08:36:05:114

I can't connect with the passive [192.168.100.113/5000] error_code:10061 !

<<<----  [OUT]
2020/11/04 08:36:07:605

Connecting Started...

<<<----  [OUT]
2020/11/04 08:36:09:651

I can't connect with the passive [192.168.100.113/5000] error_code:10061 !

<<<----  [OUT]
2020/11/04 08:36:12:136

Connecting Started...

<<<----  [OUT]
2020/11/04 08:36:14:200

I can't connect with the passive [192.168.100.113/5000] error_code:10061 !

<<<----  [OUT]
2020/11/04 08:36:16:682

Connecting Started...

<<<----  [OUT]
2020/11/04 08:36:18:747

I can't connect with the passive [192.168.100.113/5000] error_code:10061 !

<<<----  [OUT]
2020/11/04 08:36:21:230

Connecting Started...

<<<----  [OUT]
2020/11/04 08:36:23:282

I can't connect with the passive [192.168.100.113/5000] error_code:10061 !

<<<----  [OUT]
2020/11/04 08:36:25:760

Connecting Started...

<<<----  [OUT]
2020/11/04 08:36:27:804

I can't connect with the passive [192.168.100.113/5000] error_code:10061 !

<<<----  [OUT]
2020/11/04 08:36:30:293

Connecting Started...

<<<----  [OUT]
2020/11/04 08:36:32:348

I can't connect with the passive [192.168.100.113/5000] error_code:10061 !

<<<----  [OUT]
2020/11/04 08:36:34:839

Connecting Started...

<<<----  [OUT]
2020/11/04 08:36:36:891

I can't connect with the passive [192.168.100.113/5000] error_code:10061 !

<<<----  [OUT]
2020/11/04 08:36:39:371

Connecting Started...

<<<----  [OUT]
2020/11/04 08:36:41:417

I can't connect with the passive [192.168.100.113/5000] error_code:10061 !

<<<----  [OUT]
2020/11/04 08:36:43:902

Connecting Started...

<<<----  [OUT]
2020/11/04 08:36:45:931

I can't connect with the passive [192.168.100.113/5000] error_code:10061 !

<<<----  [OUT]
2020/11/04 08:36:48:416

Connecting Started...

<<<----  [OUT]
2020/11/04 08:36:50:448

I can't connect with the passive [192.168.100.113/5000] error_code:10061 !

<<<----  [OUT]
2020/11/04 08:36:52:933

Connecting Started...

<<<----  [OUT]
2020/11/04 08:36:54:979

I can't connect with the passive [192.168.100.113/5000] error_code:10061 !

<<<----  [OUT]
2020/11/04 08:36:57:463

Connecting Started...

<<<----  [OUT]
2020/11/04 08:36:59:532

I can't connect with the passive [192.168.100.113/5000] error_code:10061 !

<<<----  [OUT]
2020/11/04 08:37:02:011

Connecting Started...

<<<----  [OUT]
2020/11/04 08:37:04:075

I can't connect with the passive [192.168.100.113/5000] error_code:10061 !

<<<----  [OUT]
2020/11/04 08:37:06:558

Connecting Started...

<<<----  [OUT]
2020/11/04 08:37:08:620

I can't connect with the passive [192.168.100.113/5000] error_code:10061 !

<<<----  [OUT]
2020/11/04 08:37:11:105

Connecting Started...

<<<----  [OUT]
2020/11/04 08:37:13:163

I can't connect with the passive [192.168.100.113/5000] error_code:10061 !

<<<----  [OUT]
2020/11/04 08:37:15:651

Connecting Started...

<<<----  [OUT]
2020/11/04 08:37:17:691

I can't connect with the passive [192.168.100.113/5000] error_code:10061 !

<<<----  [OUT]
2020/11/04 08:37:20:183

Connecting Started...

<<<----  [OUT]
2020/11/04 08:37:22:238

I can't connect with the passive [192.168.100.113/5000] error_code:10061 !

<<<----  [OUT]
2020/11/04 08:37:24:729

Connecting Started...

<<<----  [OUT]
2020/11/04 08:37:26:782

I can't connect with the passive [192.168.100.113/5000] error_code:10061 !

<<<----  [OUT]
2020/11/04 08:37:29:261

Connecting Started...

<<<----  [OUT]
2020/11/04 08:37:31:308

I can't connect with the passive [192.168.100.113/5000] error_code:10061 !

<<<----  [OUT]
2020/11/04 08:37:33:792

Connecting Started...

<<<----  [OUT]
2020/11/04 08:37:35:853

I can't connect with the passive [192.168.100.113/5000] error_code:10061 !

<<<----  [OUT]
2020/11/04 08:37:38:339

Connecting Started...

<<<----  [OUT]
2020/11/04 08:37:40:387

I can't connect with the passive [192.168.100.113/5000] error_code:10061 !

<<<----  [OUT]
2020/11/04 08:37:42:870

Connecting Started...

<<<----  [OUT]
2020/11/04 08:37:44:923

I can't connect with the passive [192.168.100.113/5000] error_code:10061 !

<<<----  [OUT]
2020/11/04 08:37:47:402

Connecting Started...

<<<----  [OUT]
2020/11/04 08:37:49:468

I can't connect with the passive [192.168.100.113/5000] error_code:10061 !

<<<----  [OUT]
2020/11/04 08:37:51:948

Connecting Started...

<<<----  [OUT]
2020/11/04 08:37:54:002

I can't connect with the passive [192.168.100.113/5000] error_code:10061 !

<<<----  [OUT]
2020/11/04 08:37:56:480

Connecting Started...

<<<----  [OUT]
2020/11/04 08:37:58:532

I can't connect with the passive [192.168.100.113/5000] error_code:10061 !

<<<----  [OUT]
2020/11/04 08:38:01:010

Connecting Started...

<<<----  [OUT]
2020/11/04 08:38:03:060

I can't connect with the passive [192.168.100.113/5000] error_code:10061 !

<<<----  [OUT]
2020/11/04 08:38:05:542

Connecting Started...

<<<----  [OUT]
2020/11/04 08:38:07:612

I can't connect with the passive [192.168.100.113/5000] error_code:10061 !

<<<----  [OUT]
2020/11/04 08:38:10:089

Connecting Started...

<<<----  [OUT]
2020/11/04 08:38:12:136

I can't connect with the passive [192.168.100.113/5000] error_code:10061 !

<<<----  [OUT]
2020/11/04 08:38:14:621

Connecting Started...

<<<----  [OUT]
2020/11/04 08:38:16:672

I can't connect with the passive [192.168.100.113/5000] error_code:10061 !

<<<----  [OUT]
2020/11/04 08:38:19:151

Connecting Started...

<<<----  [OUT]
2020/11/04 08:38:21:222

I can't connect with the passive [192.168.100.113/5000] error_code:10061 !

<<<----  [OUT]
2020/11/04 08:38:23:698

Connecting Started...

<<<----  [OUT]
2020/11/04 08:38:25:764

I can't connect with the passive [192.168.100.113/5000] error_code:10061 !

<<<----  [OUT]
2020/11/04 08:38:28:245

Connecting Started...

<<<----  [OUT]
2020/11/04 08:38:30:286

I can't connect with the passive [192.168.100.113/5000] error_code:10061 !

<<<----  [OUT]
2020/11/04 08:38:32:776

Connecting Started...

<<<----  [OUT]
2020/11/04 08:38:34:849

I can't connect with the passive [192.168.100.113/5000] error_code:10061 !

<<<----  [OUT]
2020/11/04 08:38:37:340

Connecting Started...

<<<----  [OUT]
2020/11/04 08:38:39:413

I can't connect with the passive [192.168.100.113/5000] error_code:10061 !

<<<----  [OUT]
2020/11/04 08:38:41:902

Connecting Started...

<<<----  [OUT]
2020/11/04 08:38:43:964

I can't connect with the passive [192.168.100.113/5000] error_code:10061 !

<<<----  [OUT]
2020/11/04 08:38:46:449

Connecting Started...

<<<----  [OUT]
2020/11/04 08:38:48:522

I can't connect with the passive [192.168.100.113/5000] error_code:10061 !

<<<----  [OUT]
2020/11/04 08:38:51:012

Connecting Started...

<<<----  [OUT]
2020/11/04 08:38:53:081

I can't connect with the passive [192.168.100.113/5000] error_code:10061 !

<<<----  [OUT]
2020/11/04 08:38:55:558

Connecting Started...

<<<----  [OUT]
2020/11/04 08:38:57:614

I can't connect with the passive [192.168.100.113/5000] error_code:10061 !

<<<----  [OUT]
2020/11/04 08:39:00:104

Connecting Started...

<<<----  [OUT]
2020/11/04 08:39:02:133

I can't connect with the passive [192.168.100.113/5000] error_code:10061 !

<<<----  [OUT]
2020/11/04 08:39:04:621

Connecting Started...

<<<----  [OUT]
2020/11/04 08:39:06:687

I can't connect with the passive [192.168.100.113/5000] error_code:10061 !

<<<----  [OUT]
2020/11/04 08:39:09:166

Connecting Started...

<<<----  [OUT]
2020/11/04 08:39:11:213

I can't connect with the passive [192.168.100.113/5000] error_code:10061 !

<<<----  [OUT]
2020/11/04 08:39:13:698

Connecting Started...

<<<----  [OUT]
2020/11/04 08:39:15:733

I can't connect with the passive [192.168.100.113/5000] error_code:10061 !

<<<----  [OUT]
2020/11/04 08:39:18:214

Connecting Started...

<<<----  [OUT]
2020/11/04 08:39:20:263

I can't connect with the passive [192.168.100.113/5000] error_code:10061 !

<<<----  [OUT]
2020/11/04 08:39:22:745

Connecting Started...

<<<----  [OUT]
2020/11/04 08:39:24:803

I can't connect with the passive [192.168.100.113/5000] error_code:10061 !

<<<----  [OUT]
2020/11/04 08:39:27:292

Connecting Started...

<<<----  [OUT]
2020/11/04 08:39:29:349

I can't connect with the passive [192.168.100.113/5000] error_code:10061 !

<<<----  [OUT]
2020/11/04 08:39:31:839

Connecting Started...

<<<----  [OUT]
2020/11/04 08:39:33:900

I can't connect with the passive [192.168.100.113/5000] error_code:10061 !

<<<----  [OUT]
2020/11/04 08:39:36:385

Connecting Started...

<<<----  [OUT]
2020/11/04 08:39:38:447

I can't connect with the passive [192.168.100.113/5000] error_code:10061 !

<<<----  [OUT]
2020/11/04 08:39:40:933

Connecting Started...

<<<----  [OUT]
2020/11/04 08:39:43:002

I can't connect with the passive [192.168.100.113/5000] error_code:10061 !

<<<----  [OUT]
2020/11/04 08:39:45:480

Connecting Started...

<<<----  [OUT]
2020/11/04 08:39:47:526

I can't connect with the passive [192.168.100.113/5000] error_code:10061 !

<<<----  [OUT]
2020/11/04 08:39:50:011

Connecting Started...

<<<----  [OUT]
2020/11/04 08:39:52:071

I can't connect with the passive [192.168.100.113/5000] error_code:10061 !

<<<----  [OUT]
2020/11/04 08:39:54:558

Connecting Started...

<<<----  [OUT]
2020/11/04 08:39:56:598

I can't connect with the passive [192.168.100.113/5000] error_code:10061 !

<<<----  [OUT]
2020/11/04 08:39:59:090

Connecting Started...

<<<----  [OUT]
2020/11/04 08:40:01:142

I can't connect with the passive [192.168.100.113/5000] error_code:10061 !

<<<----  [OUT]
2020/11/04 08:40:03:620

Connecting Started...

<<<----  [OUT]
2020/11/04 08:40:05:682

I can't connect with the passive [192.168.100.113/5000] error_code:10061 !

<<<----  [OUT]
2020/11/04 08:40:08:167

Connecting Started...

<<<----  [OUT]
2020/11/04 08:40:10:215

I can't connect with the passive [192.168.100.113/5000] error_code:10061 !

<<<----  [OUT]
2020/11/04 08:40:12:698

Connecting Started...

<<<----  [OUT]
2020/11/04 08:40:14:746

I can't connect with the passive [192.168.100.113/5000] error_code:10061 !

<<<----  [OUT]
2020/11/04 08:40:17:229

Connecting Started...

<<<----  [OUT]
2020/11/04 08:40:19:285

I can't connect with the passive [192.168.100.113/5000] error_code:10061 !

<<<----  [OUT]
2020/11/04 08:40:21:760

Connecting Started...

<<<----  [OUT]
2020/11/04 08:40:23:834

I can't connect with the passive [192.168.100.113/5000] error_code:10061 !

<<<----  [OUT]
2020/11/04 08:40:26:324

Connecting Started...

<<<----  [OUT]
2020/11/04 08:40:28:384

I can't connect with the passive [192.168.100.113/5000] error_code:10061 !

<<<----  [OUT]
2020/11/04 08:40:30:871

Connecting Started...

<<<----  [OUT]
2020/11/04 08:40:32:937

I can't connect with the passive [192.168.100.113/5000] error_code:10061 !

<<<----  [OUT]
2020/11/04 08:40:35:417

Connecting Started...

<<<----  [OUT]
2020/11/04 08:40:37:476

I can't connect with the passive [192.168.100.113/5000] error_code:10061 !

<<<----  [OUT]
2020/11/04 08:40:39:964

Connecting Started...

<<<----  [OUT]
2020/11/04 08:40:42:025

I can't connect with the passive [192.168.100.113/5000] error_code:10061 !

<<<----  [OUT]
2020/11/04 08:40:44:510

Connecting Started...

<<<----  [OUT]
2020/11/04 08:40:46:562

I can't connect with the passive [192.168.100.113/5000] error_code:10061 !

<<<----  [OUT]
2020/11/04 08:40:49:041

Connecting Started...

<<<----  [OUT]
2020/11/04 08:40:51:104

I can't connect with the passive [192.168.100.113/5000] error_code:10061 !

<<<----  [OUT]
2020/11/04 08:40:53:588

Connecting Started...

<<<----  [OUT]
2020/11/04 08:40:55:649

I can't connect with the passive [192.168.100.113/5000] error_code:10061 !

<<<----  [OUT]
2020/11/04 08:40:58:136

Connecting Started...

<<<----  [OUT]
2020/11/04 08:41:00:157

I can't connect with the passive [192.168.100.113/5000] error_code:10061 !

<<<----  [OUT]
2020/11/04 08:41:02:637

Connecting Started...

<<<----  [OUT]
2020/11/04 08:41:04:695

I can't connect with the passive [192.168.100.113/5000] error_code:10061 !

<<<----  [OUT]
2020/11/04 08:41:07:183

Connecting Started...

<<<----  [OUT]
2020/11/04 08:41:09:241

I can't connect with the passive [192.168.100.113/5000] error_code:10061 !

<<<----  [OUT]
2020/11/04 08:41:11:731

Connecting Started...

<<<----  [OUT]
2020/11/04 08:41:13:791

I can't connect with the passive [192.168.100.113/5000] error_code:10061 !

<<<----  [OUT]
2020/11/04 08:41:16:277

Connecting Started...

<<<----  [OUT]
2020/11/04 08:41:18:315

I can't connect with the passive [192.168.100.113/5000] error_code:10061 !

<<<----  [OUT]
2020/11/04 08:41:20:791

Connecting Started...

<<<----  [OUT]
2020/11/04 08:41:22:847

I can't connect with the passive [192.168.100.113/5000] error_code:10061 !

<<<----  [OUT]
2020/11/04 08:41:25:324

Connecting Started...

<<<----  [OUT]
2020/11/04 08:41:27:386

I can't connect with the passive [192.168.100.113/5000] error_code:10061 !

<<<----  [OUT]
2020/11/04 08:41:29:871

Connecting Started...

<<<----  [OUT]
2020/11/04 08:41:31:921

I can't connect with the passive [192.168.100.113/5000] error_code:10061 !

<<<----  [OUT]
2020/11/04 08:41:34:402

Connecting Started...

<<<----  [OUT]
2020/11/04 08:41:36:477

I can't connect with the passive [192.168.100.113/5000] error_code:10061 !

<<<----  [OUT]
2020/11/04 08:41:38:964

Connecting Started...

<<<----  [OUT]
2020/11/04 08:41:41:022

I can't connect with the passive [192.168.100.113/5000] error_code:10061 !

<<<----  [OUT]
2020/11/04 08:41:43:512

Connecting Started...

<<<----  [OUT]
2020/11/04 08:41:45:553

I can't connect with the passive [192.168.100.113/5000] error_code:10061 !

<<<----  [OUT]
2020/11/04 08:41:48:043

Connecting Started...

<<<----  [OUT]
2020/11/04 08:41:50:109

I can't connect with the passive [192.168.100.113/5000] error_code:10061 !

<<<----  [OUT]
2020/11/04 08:41:52:589

Connecting Started...

<<<----  [OUT]
2020/11/04 08:41:54:639

I can't connect with the passive [192.168.100.113/5000] error_code:10061 !

<<<----  [OUT]
2020/11/04 08:41:57:120

Connecting Started...

<<<----  [OUT]
2020/11/04 08:41:59:163

I can't connect with the passive [192.168.100.113/5000] error_code:10061 !

<<<----  [OUT]
2020/11/04 08:42:01:651

Connecting Started...

<<<----  [OUT]
2020/11/04 08:42:03:713

I can't connect with the passive [192.168.100.113/5000] error_code:10061 !

<<<----  [OUT]
2020/11/04 08:42:06:198

Connecting Started...

<<<----  [OUT]
2020/11/04 08:42:08:271

I can't connect with the passive [192.168.100.113/5000] error_code:10061 !

<<<----  [OUT]
2020/11/04 08:42:10:761

Connecting Started...

<<<----  [OUT]
2020/11/04 08:42:12:830

I can't connect with the passive [192.168.100.113/5000] error_code:10061 !

<<<----  [OUT]
2020/11/04 08:42:15:309

Connecting Started...

<<<----  [OUT]
2020/11/04 08:42:17:376

I can't connect with the passive [192.168.100.113/5000] error_code:10061 !

<<<----  [OUT]
2020/11/04 08:42:19:855

Connecting Started...

<<<----  [OUT]
2020/11/04 08:42:21:932

I can't connect with the passive [192.168.100.113/5000] error_code:10061 !

<<<----  [OUT]
2020/11/04 08:42:24:416

Connecting Started...

<<<----  [OUT]
2020/11/04 08:42:26:475

I can't connect with the passive [192.168.100.113/5000] error_code:10061 !

<<<----  [OUT]
2020/11/04 08:42:28:963

Connecting Started...

<<<----  [OUT]
2020/11/04 08:42:31:014

I can't connect with the passive [192.168.100.113/5000] error_code:10061 !

<<<----  [OUT]
2020/11/04 08:42:33:495

Connecting Started...

<<<----  [OUT]
2020/11/04 08:42:35:540

I can't connect with the passive [192.168.100.113/5000] error_code:10061 !

<<<----  [OUT]
2020/11/04 08:42:38:027

Connecting Started...

<<<----  [OUT]
2020/11/04 08:42:40:075

I can't connect with the passive [192.168.100.113/5000] error_code:10061 !

<<<----  [OUT]
2020/11/04 08:42:42:558

Connecting Started...

<<<----  [OUT]
2020/11/04 08:42:44:606

I can't connect with the passive [192.168.100.113/5000] error_code:10061 !

<<<----  [OUT]
2020/11/04 08:42:47:090

Connecting Started...

<<<----  [OUT]
2020/11/04 08:42:49:122

I can't connect with the passive [192.168.100.113/5000] error_code:10061 !

<<<----  [OUT]
2020/11/04 08:42:51:604

Connecting Started...

<<<----  [OUT]
2020/11/04 08:42:53:662

I can't connect with the passive [192.168.100.113/5000] error_code:10061 !

<<<----  [OUT]
2020/11/04 08:42:56:152

Connecting Started...

<<<----  [OUT]
2020/11/04 08:42:58:222

I can't connect with the passive [192.168.100.113/5000] error_code:10061 !

<<<----  [OUT]
2020/11/04 08:43:00:698

Connecting Started...

<<<----  [OUT]
2020/11/04 08:43:02:738

I can't connect with the passive [192.168.100.113/5000] error_code:10061 !

<<<----  [OUT]
2020/11/04 08:43:05:214

Connecting Started...

<<<----  [OUT]
2020/11/04 08:43:07:270

I can't connect with the passive [192.168.100.113/5000] error_code:10061 !

<<<----  [OUT]
2020/11/04 08:43:09:761

Connecting Started...

<<<----  [OUT]
2020/11/04 08:43:11:825

I can't connect with the passive [192.168.100.113/5000] error_code:10061 !

<<<----  [OUT]
2020/11/04 08:43:14:308

Connecting Started...

<<<----  [OUT]
2020/11/04 08:43:16:337

I can't connect with the passive [192.168.100.113/5000] error_code:10061 !

<<<----  [OUT]
2020/11/04 08:43:18:823

Connecting Started...

<<<----  [OUT]
2020/11/04 08:43:20:871

I can't connect with the passive [192.168.100.113/5000] error_code:10061 !

<<<----  [OUT]
2020/11/04 08:43:23:355

Connecting Started...

<<<----  [OUT]
2020/11/04 08:43:25:414

I can't connect with the passive [192.168.100.113/5000] error_code:10061 !

<<<----  [OUT]
2020/11/04 08:43:27:901

Connecting Started...

<<<----  [OUT]
2020/11/04 08:43:29:971

I can't connect with the passive [192.168.100.113/5000] error_code:10061 !

<<<----  [OUT]
2020/11/04 08:43:32:448

Connecting Started...

<<<----  [OUT]
2020/11/04 08:43:34:513

I can't connect with the passive [192.168.100.113/5000] error_code:10061 !

<<<----  [OUT]
2020/11/04 08:43:36:994

Connecting Started...

<<<----  [OUT]
2020/11/04 08:43:39:055

I can't connect with the passive [192.168.100.113/5000] error_code:10061 !

<<<----  [OUT]
2020/11/04 08:43:41:543

Connecting Started...

<<<----  [OUT]
2020/11/04 08:43:43:611

I can't connect with the passive [192.168.100.113/5000] error_code:10061 !

<<<----  [OUT]
2020/11/04 08:43:46:089

Connecting Started...

<<<----  [OUT]
2020/11/04 08:43:48:149

I can't connect with the passive [192.168.100.113/5000] error_code:10061 !

<<<----  [OUT]
2020/11/04 08:43:50:637

Connecting Started...

<<<----  [OUT]
2020/11/04 08:43:52:677

I can't connect with the passive [192.168.100.113/5000] error_code:10061 !

<<<----  [OUT]
2020/11/04 08:43:55:168

Connecting Started...

<<<----  [OUT]
2020/11/04 08:43:57:223

I can't connect with the passive [192.168.100.113/5000] error_code:10061 !

<<<----  [OUT]
2020/11/04 08:43:59:714

Connecting Started...

<<<----  [OUT]
2020/11/04 08:44:01:758

I can't connect with the passive [192.168.100.113/5000] error_code:10061 !

<<<----  [OUT]
2020/11/04 08:44:04:245

Connecting Started...

<<<----  [OUT]
2020/11/04 08:44:06:296

I can't connect with the passive [192.168.100.113/5000] error_code:10061 !

<<<----  [OUT]
2020/11/04 08:44:08:776

Connecting Started...

<<<----  [OUT]
2020/11/04 08:44:10:837

I can't connect with the passive [192.168.100.113/5000] error_code:10061 !

<<<----  [OUT]
2020/11/04 08:44:13:323

Connecting Started...

<<<----  [OUT]
2020/11/04 08:44:15:359

I can't connect with the passive [192.168.100.113/5000] error_code:10061 !

<<<----  [OUT]
2020/11/04 08:44:17:840

Connecting Started...

<<<----  [OUT]
2020/11/04 08:44:19:889

I can't connect with the passive [192.168.100.113/5000] error_code:10061 !

<<<----  [OUT]
2020/11/04 08:44:22:370

Connecting Started...

<<<----  [OUT]
2020/11/04 08:44:24:426

I can't connect with the passive [192.168.100.113/5000] error_code:10061 !

<<<----  [OUT]
2020/11/04 08:44:26:918

Connecting Started...

<<<----  [OUT]
2020/11/04 08:44:28:990

I can't connect with the passive [192.168.100.113/5000] error_code:10061 !

<<<----  [OUT]
2020/11/04 08:44:31:479

Connecting Started...

<<<----  [OUT]
2020/11/04 08:44:33:545

I can't connect with the passive [192.168.100.113/5000] error_code:10061 !

<<<----  [OUT]
2020/11/04 08:44:36:025

Connecting Started...

<<<----  [OUT]
2020/11/04 08:44:38:088

I can't connect with the passive [192.168.100.113/5000] error_code:10061 !

<<<----  [OUT]
2020/11/04 08:44:40:573

Connecting Started...

<<<----  [OUT]
2020/11/04 08:44:42:622

I can't connect with the passive [192.168.100.113/5000] error_code:10061 !

<<<----  [OUT]
2020/11/04 08:44:45:105

Connecting Started...

<<<----  [OUT]
2020/11/04 08:44:47:152

I can't connect with the passive [192.168.100.113/5000] error_code:10061 !

<<<----  [OUT]
2020/11/04 08:44:49:636

Connecting Started...

<<<----  [OUT]
2020/11/04 08:44:51:719

I can't connect with the passive [192.168.100.113/5000] error_code:10061 !

<<<----  [OUT]
2020/11/04 08:44:54:198

Connecting Started...

<<<----  [OUT]
2020/11/04 08:44:56:253

I can't connect with the passive [192.168.100.113/5000] error_code:10061 !

<<<----  [OUT]
2020/11/04 08:44:58:730

Connecting Started...

<<<----  [OUT]
2020/11/04 08:45:00:792

I can't connect with the passive [192.168.100.113/5000] error_code:10061 !

<<<----  [OUT]
2020/11/04 08:45:03:277

Connecting Started...

<<<----  [OUT]
2020/11/04 08:45:05:329

I can't connect with the passive [192.168.100.113/5000] error_code:10061 !

<<<----  [OUT]
2020/11/04 08:45:07:809

Connecting Started...

<<<----  [OUT]
2020/11/04 08:45:09:871

I can't connect with the passive [192.168.100.113/5000] error_code:10061 !

<<<----  [OUT]
2020/11/04 08:45:12:355

Connecting Started...

<<<----  [OUT]
2020/11/04 08:45:14:408

I can't connect with the passive [192.168.100.113/5000] error_code:10061 !

<<<----  [OUT]
2020/11/04 08:45:16:885

Connecting Started...

<<<----  [OUT]
2020/11/04 08:45:18:936

I can't connect with the passive [192.168.100.113/5000] error_code:10061 !

<<<----  [OUT]
2020/11/04 08:45:21:417

Connecting Started...

<<<----  [OUT]
2020/11/04 08:45:23:452

I can't connect with the passive [192.168.100.113/5000] error_code:10061 !

<<<----  [OUT]
2020/11/04 08:45:25:933

Connecting Started...

<<<----  [OUT]
2020/11/04 08:45:27:973

I can't connect with the passive [192.168.100.113/5000] error_code:10061 !

<<<----  [OUT]
2020/11/04 08:45:30:465

Connecting Started...

<<<----  [OUT]
2020/11/04 08:45:32:499

I can't connect with the passive [192.168.100.113/5000] error_code:10061 !

<<<----  [OUT]
2020/11/04 08:45:34:979

Connecting Started...

<<<----  [OUT]
2020/11/04 08:45:37:038

I can't connect with the passive [192.168.100.113/5000] error_code:10061 !

<<<----  [OUT]
2020/11/04 08:45:39:527

Connecting Started...

<<<----  [OUT]
2020/11/04 08:45:41:569

I can't connect with the passive [192.168.100.113/5000] error_code:10061 !

<<<----  [OUT]
2020/11/04 08:45:44:058

Connecting Started...

<<<----  [OUT]
2020/11/04 08:45:46:103

I can't connect with the passive [192.168.100.113/5000] error_code:10061 !

<<<----  [OUT]
2020/11/04 08:45:48:590

Connecting Started...

<<<----  [OUT]
2020/11/04 08:45:50:618

I can't connect with the passive [192.168.100.113/5000] error_code:10061 !

<<<----  [OUT]
2020/11/04 08:45:53:105

Connecting Started...

<<<----  [OUT]
2020/11/04 08:45:55:137

I can't connect with the passive [192.168.100.113/5000] error_code:10061 !

<<<----  [OUT]
2020/11/04 08:45:57:620

Connecting Started...

<<<----  [OUT]
2020/11/04 08:45:59:653

I can't connect with the passive [192.168.100.113/5000] error_code:10061 !

<<<----  [OUT]
2020/11/04 08:46:02:135

Connecting Started...

<<<----  [OUT]
2020/11/04 08:46:04:164

I can't connect with the passive [192.168.100.113/5000] error_code:10061 !

<<<----  [OUT]
2020/11/04 08:46:06:651

Connecting Started...

<<<----  [OUT]
2020/11/04 08:46:08:678

I can't connect with the passive [192.168.100.113/5000] error_code:10061 !

<<<----  [OUT]
2020/11/04 08:46:11:167

Connecting Started...

<<<----  [OUT]
2020/11/04 08:46:13:196

I can't connect with the passive [192.168.100.113/5000] error_code:10061 !

<<<----  [OUT]
2020/11/04 08:46:15:682

Connecting Started...

<<<----  [OUT]
2020/11/04 08:46:17:720

I can't connect with the passive [192.168.100.113/5000] error_code:10061 !

<<<----  [OUT]
2020/11/04 08:46:20:198

Connecting Started...

<<<----  [OUT]
2020/11/04 08:46:22:247

I can't connect with the passive [192.168.100.113/5000] error_code:10061 !

<<<----  [OUT]
2020/11/04 08:46:24:730

Connecting Started...

<<<----  [OUT]
2020/11/04 08:46:26:784

I can't connect with the passive [192.168.100.113/5000] error_code:10061 !

<<<----  [OUT]
2020/11/04 08:46:29:261

Connecting Started...

<<<----  [OUT]
2020/11/04 08:46:31:311

I can't connect with the passive [192.168.100.113/5000] error_code:10061 !

<<<----  [OUT]
2020/11/04 08:46:33:793

Connecting Started...

<<<----  [OUT]
2020/11/04 08:46:35:834

I can't connect with the passive [192.168.100.113/5000] error_code:10061 !

<<<----  [OUT]
2020/11/04 08:46:38:323

Connecting Started...

<<<----  [OUT]
2020/11/04 08:46:40:370

I can't connect with the passive [192.168.100.113/5000] error_code:10061 !

<<<----  [OUT]
2020/11/04 08:46:42:855

Connecting Started...

<<<----  [OUT]
2020/11/04 08:46:44:894

I can't connect with the passive [192.168.100.113/5000] error_code:10061 !

<<<----  [OUT]
2020/11/04 08:46:47:369

Connecting Started...

<<<----  [OUT]
2020/11/04 08:46:49:418

I can't connect with the passive [192.168.100.113/5000] error_code:10061 !

<<<----  [OUT]
2020/11/04 08:46:51:902

Connecting Started...

<<<----  [OUT]
2020/11/04 08:46:53:939

I can't connect with the passive [192.168.100.113/5000] error_code:10061 !

<<<----  [OUT]
2020/11/04 08:46:56:418

Connecting Started...

<<<----  [OUT]
2020/11/04 08:46:58:455

I can't connect with the passive [192.168.100.113/5000] error_code:10061 !

<<<----  [OUT]
2020/11/04 08:47:00:933

Connecting Started...

<<<----  [OUT]
2020/11/04 08:47:02:971

I can't connect with the passive [192.168.100.113/5000] error_code:10061 !

<<<----  [OUT]
2020/11/04 08:47:05:449

Connecting Started...

<<<----  [OUT]
2020/11/04 08:47:07:502

I can't connect with the passive [192.168.100.113/5000] error_code:10061 !

<<<----  [OUT]
2020/11/04 08:47:09:979

Connecting Started...

<<<----  [OUT]
2020/11/04 08:47:12:026

I can't connect with the passive [192.168.100.113/5000] error_code:10061 !

<<<----  [OUT]
2020/11/04 08:47:14:511

Connecting Started...

<<<----  [OUT]
2020/11/04 08:47:16:557

I can't connect with the passive [192.168.100.113/5000] error_code:10061 !

<<<----  [OUT]
2020/11/04 08:47:19:043

Connecting Started...

<<<----  [OUT]
2020/11/04 08:47:21:081

I can't connect with the passive [192.168.100.113/5000] error_code:10061 !

<<<----  [OUT]
2020/11/04 08:47:23:559

Connecting Started...

<<<----  [OUT]
2020/11/04 08:47:25:625

I can't connect with the passive [192.168.100.113/5000] error_code:10061 !

<<<----  [OUT]
2020/11/04 08:47:28:105

Connecting Started...

<<<----  [OUT]
2020/11/04 08:47:30:153

I can't connect with the passive [192.168.100.113/5000] error_code:10061 !

<<<----  [OUT]
2020/11/04 08:47:32:636

Connecting Started...

<<<----  [OUT]
2020/11/04 08:47:34:702

I can't connect with the passive [192.168.100.113/5000] error_code:10061 !

<<<----  [OUT]
2020/11/04 08:47:37:183

Connecting Started...

<<<----  [OUT]
2020/11/04 08:47:39:241

I can't connect with the passive [192.168.100.113/5000] error_code:10061 !

<<<----  [OUT]
2020/11/04 08:47:41:730

Connecting Started...

<<<----  [OUT]
2020/11/04 08:47:43:783

I can't connect with the passive [192.168.100.113/5000] error_code:10061 !

<<<----  [OUT]
2020/11/04 08:47:46:261

Connecting Started...

<<<----  [OUT]
2020/11/04 08:47:48:306

I can't connect with the passive [192.168.100.113/5000] error_code:10061 !

<<<----  [OUT]
2020/11/04 08:47:50:793

Connecting Started...

<<<----  [OUT]
2020/11/04 08:47:52:854

I can't connect with the passive [192.168.100.113/5000] error_code:10061 !

<<<----  [OUT]
2020/11/04 08:47:55:340

Connecting Started...

<<<----  [OUT]
2020/11/04 08:47:57:395

I can't connect with the passive [192.168.100.113/5000] error_code:10061 !

<<<----  [OUT]
2020/11/04 08:47:59:886

Connecting Started...

<<<----  [OUT]
2020/11/04 08:48:01:931

I can't connect with the passive [192.168.100.113/5000] error_code:10061 !

<<<----  [OUT]
2020/11/04 08:48:04:416

Connecting Started...

<<<----  [OUT]
2020/11/04 08:48:12:490

I can't connect with the passive [192.168.100.113/5000] error_code:10060 !

<<<----  [OUT]
2020/11/04 08:48:14:980

Connecting Started...

<<<----  [OUT]
2020/11/04 08:48:36:013

I can't connect with the passive [192.168.100.113/5000] error_code:10060 !

<<<----  [OUT]
2020/11/04 08:48:38:494

Connecting Started...

<<<----  [OUT]
2020/11/04 08:48:59:527

I can't connect with the passive [192.168.100.113/5000] error_code:10060 !

<<<----  [OUT]
2020/11/04 08:49:02:010

Connecting Started...

<<<----  [OUT]
2020/11/04 08:49:23:040

I can't connect with the passive [192.168.100.113/5000] error_code:10060 !

<<<----  [OUT]
2020/11/04 08:49:25:528

Connecting Started...

<<<----  [OUT]
2020/11/04 08:49:46:567

I can't connect with the passive [192.168.100.113/5000] error_code:10060 !

<<<----  [OUT]
2020/11/04 08:49:49:058

Connecting Started...

<<<----  [OUT]
2020/11/04 08:50:10:106

I can't connect with the passive [192.168.100.113/5000] error_code:10060 !

<<<----  [OUT]
2020/11/04 08:50:12:589

Connecting Started...

<<<----  [OUT]
2020/11/04 08:50:33:649

I can't connect with the passive [192.168.100.113/5000] error_code:10060 !

<<<----  [OUT]
2020/11/04 08:50:36:136

Connecting Started...

<<<----  [OUT]
2020/11/04 08:50:57:188

I can't connect with the passive [192.168.100.113/5000] error_code:10060 !

<<<----  [OUT]
2020/11/04 08:50:59:667

Connecting Started...

<<<----  [OUT]
2020/11/04 08:51:20:723

I can't connect with the passive [192.168.100.113/5000] error_code:10060 !

<<<----  [OUT]
2020/11/04 08:51:23:214

Connecting Started...

<<<----  [OUT]
2020/11/04 08:51:44:247

I can't connect with the passive [192.168.100.113/5000] error_code:10060 !

<<<----  [OUT]
2020/11/04 08:51:46:730

Connecting Started...

<<<----  [OUT]
2020/11/04 08:52:07:764

I can't connect with the passive [192.168.100.113/5000] error_code:10060 !

<<<----  [OUT]
2020/11/04 08:52:10:245

Connecting Started...

<<<----  [OUT]
2020/11/04 08:52:31:292

I can't connect with the passive [192.168.100.113/5000] error_code:10060 !

<<<----  [OUT]
2020/11/04 08:52:33:777

Connecting Started...

<<<----  [OUT]
2020/11/04 08:52:54:802

I can't connect with the passive [192.168.100.113/5000] error_code:10060 !

<<<----  [OUT]
2020/11/04 08:52:57:293

Connecting Started...

<<<----  [OUT]
2020/11/04 08:53:18:323

I can't connect with the passive [192.168.100.113/5000] error_code:10060 !

<<<----  [OUT]
2020/11/04 08:53:20:809

Connecting Started...

<<<----  [OUT]
2020/11/04 08:53:41:848

I can't connect with the passive [192.168.100.113/5000] error_code:10060 !

<<<----  [OUT]
2020/11/04 08:53:44:339

Connecting Started...

<<<----  [OUT]
2020/11/04 08:54:05:375

I can't connect with the passive [192.168.100.113/5000] error_code:10060 !

<<<----  [OUT]
2020/11/04 08:54:07:855

Connecting Started...

<<<----  [OUT]
2020/11/04 08:54:28:892

I can't connect with the passive [192.168.100.113/5000] error_code:10060 !

<<<----  [OUT]
2020/11/04 08:54:31:370

Connecting Started...

<<<----  [OUT]
2020/11/04 08:54:52:410

I can't connect with the passive [192.168.100.113/5000] error_code:10060 !

<<<----  [OUT]
2020/11/04 08:54:54:886

Connecting Started...

<<<----  [OUT]
2020/11/04 08:54:56:937

I can't connect with the passive [192.168.100.113/5000] error_code:10061 !

<<<----  [OUT]
2020/11/04 08:54:59:417

Connecting Started...

<<<----  [OUT]
2020/11/04 08:55:01:465

I can't connect with the passive [192.168.100.113/5000] error_code:10061 !

<<<----  [OUT]
2020/11/04 08:55:03:948

Connecting Started...

<<<----  [OUT]
2020/11/04 08:55:05:992

I can't connect with the passive [192.168.100.113/5000] error_code:10061 !

<<<----  [OUT]
2020/11/04 08:55:08:480

Connecting Started...

<<<----  [OUT]
2020/11/04 08:55:10:549

I can't connect with the passive [192.168.100.113/5000] error_code:10061 !

<<<----  [OUT]
2020/11/04 08:55:13:026

Connecting Started...

<<<----  [OUT]
2020/11/04 08:55:15:073

I can't connect with the passive [192.168.100.113/5000] error_code:10061 !

<<<----  [OUT]
2020/11/04 08:55:17:558

Connecting Started...

<<<----  [OUT]
2020/11/04 08:55:19:611

I can't connect with the passive [192.168.100.113/5000] error_code:10061 !

<<<----  [OUT]
2020/11/04 08:55:22:088

Connecting Started...

<<<----  [OUT]
2020/11/04 08:55:24:139

I can't connect with the passive [192.168.100.113/5000] error_code:10061 !

<<<----  [OUT]
2020/11/04 08:55:26:620

Connecting Started...

<<<----  [OUT]
2020/11/04 08:55:28:666

I can't connect with the passive [192.168.100.113/5000] error_code:10061 !

<<<----  [OUT]
2020/11/04 08:55:31:151

Connecting Started...

<<<----  [OUT]
2020/11/04 08:55:33:192

I can't connect with the passive [192.168.100.113/5000] error_code:10061 !

<<<----  [OUT]
2020/11/04 08:55:35:683

Connecting Started...

<<<----  [OUT]
2020/11/04 08:55:37:734

I can't connect with the passive [192.168.100.113/5000] error_code:10061 !

<<<----  [OUT]
2020/11/04 08:55:40:214

Connecting Started...

<<<----  [OUT]
2020/11/04 08:55:42:271

I can't connect with the passive [192.168.100.113/5000] error_code:10061 !

<<<----  [OUT]
2020/11/04 08:55:44:761

Connecting Started...

<<<----  [OUT]
2020/11/04 08:55:46:795

I can't connect with the passive [192.168.100.113/5000] error_code:10061 !

<<<----  [OUT]
2020/11/04 08:55:49:277

Connecting Started...

<<<----  [OUT]
2020/11/04 08:55:51:328

I can't connect with the passive [192.168.100.113/5000] error_code:10061 !

<<<----  [OUT]
2020/11/04 08:55:53:808

Connecting Started...

<<<----  [OUT]
2020/11/04 08:55:55:862

I can't connect with the passive [192.168.100.113/5000] error_code:10061 !

<<<----  [OUT]
2020/11/04 08:55:58:338

Connecting Started...

<<<----  [OUT]
2020/11/04 08:56:00:390

I can't connect with the passive [192.168.100.113/5000] error_code:10061 !

<<<----  [OUT]
2020/11/04 08:56:02:871

Connecting Started...

<<<----  [OUT]
2020/11/04 08:56:04:918

I can't connect with the passive [192.168.100.113/5000] error_code:10061 !

<<<----  [OUT]
2020/11/04 08:56:07:401

Connecting Started...

<<<----  [OUT]
2020/11/04 08:56:09:464

I can't connect with the passive [192.168.100.113/5000] error_code:10061 !

<<<----  [OUT]
2020/11/04 08:56:11:948

Connecting Started...

<<<----  [OUT]
2020/11/04 08:56:14:014

I can't connect with the passive [192.168.100.113/5000] error_code:10061 !

<<<----  [OUT]
2020/11/04 08:56:16:496

Connecting Started...

<<<----  [OUT]
2020/11/04 08:56:18:569

I can't connect with the passive [192.168.100.113/5000] error_code:10061 !

<<<----  [OUT]
2020/11/04 08:56:21:059

Connecting Started...

<<<----  [OUT]
2020/11/04 08:56:23:108

I can't connect with the passive [192.168.100.113/5000] error_code:10061 !

<<<----  [OUT]
2020/11/04 08:56:25:588

Connecting Started...

<<<----  [OUT]
2020/11/04 08:56:27:651

I can't connect with the passive [192.168.100.113/5000] error_code:10061 !

<<<----  [OUT]
2020/11/04 08:56:30:136

Connecting Started...

<<<----  [OUT]
2020/11/04 08:56:32:189

I can't connect with the passive [192.168.100.113/5000] error_code:10061 !

<<<----  [OUT]
2020/11/04 08:56:34:667

Connecting Started...

<<<----  [OUT]
2020/11/04 08:56:36:712

I can't connect with the passive [192.168.100.113/5000] error_code:10061 !

<<<----  [OUT]
2020/11/04 08:56:39:198

Connecting Started...

<<<----  [OUT]
2020/11/04 08:56:41:261

I can't connect with the passive [192.168.100.113/5000] error_code:10061 !

<<<----  [OUT]
2020/11/04 08:56:43:746

Connecting Started...

<<<----  [OUT]
2020/11/04 08:56:45:806

I can't connect with the passive [192.168.100.113/5000] error_code:10061 !

<<<----  [OUT]
2020/11/04 08:56:48:293

Connecting Started...

<<<----  [OUT]
2020/11/04 08:56:50:353

I can't connect with the passive [192.168.100.113/5000] error_code:10061 !

<<<----  [OUT]
2020/11/04 08:56:52:839

Connecting Started...

<<<----  [OUT]
2020/11/04 08:56:54:901

I can't connect with the passive [192.168.100.113/5000] error_code:10061 !

<<<----  [OUT]
2020/11/04 08:56:57:386

Connecting Started...

<<<----  [OUT]
2020/11/04 08:56:59:466

I can't connect with the passive [192.168.100.113/5000] error_code:10061 !

<<<----  [OUT]
2020/11/04 08:57:01:948

Connecting Started...

<<<----  [OUT]
2020/11/04 08:57:04:010

I can't connect with the passive [192.168.100.113/5000] error_code:10061 !

<<<----  [OUT]
2020/11/04 08:57:06:495

Connecting Started...

<<<----  [OUT]
2020/11/04 08:57:08:551

I can't connect with the passive [192.168.100.113/5000] error_code:10061 !

<<<----  [OUT]
2020/11/04 08:57:11:042

Connecting Started...

<<<----  [OUT]
2020/11/04 08:57:13:093

I can't connect with the passive [192.168.100.113/5000] error_code:10061 !

<<<----  [OUT]
2020/11/04 08:57:15:573

Connecting Started...

<<<----  [OUT]
2020/11/04 08:57:17:639

I can't connect with the passive [192.168.100.113/5000] error_code:10061 !

<<<----  [OUT]
2020/11/04 08:57:20:121

Connecting Started...

<<<----  [OUT]
2020/11/04 08:57:22:162

I can't connect with the passive [192.168.100.113/5000] error_code:10061 !

<<<----  [OUT]
2020/11/04 08:57:24:652

Connecting Started...

<<<----  [OUT]
2020/11/04 08:57:26:701

I can't connect with the passive [192.168.100.113/5000] error_code:10061 !

<<<----  [OUT]
2020/11/04 08:57:29:182

Connecting Started...

<<<----  [OUT]
2020/11/04 08:57:31:229

I can't connect with the passive [192.168.100.113/5000] error_code:10061 !

<<<----  [OUT]
2020/11/04 08:57:33:715

Connecting Started...

<<<----  [OUT]
2020/11/04 08:57:35:757

I can't connect with the passive [192.168.100.113/5000] error_code:10061 !

<<<----  [OUT]
2020/11/04 08:57:38:246

Connecting Started...

<<<----  [OUT]
2020/11/04 08:57:40:285

I can't connect with the passive [192.168.100.113/5000] error_code:10061 !

<<<----  [OUT]
2020/11/04 08:57:42:761

Connecting Started...

<<<----  [OUT]
2020/11/04 08:57:44:793

I can't connect with the passive [192.168.100.113/5000] error_code:10061 !

<<<----  [OUT]
2020/11/04 08:57:47:277

Connecting Started...

<<<----  [OUT]
2020/11/04 08:57:49:322

I can't connect with the passive [192.168.100.113/5000] error_code:10061 !

<<<----  [OUT]
2020/11/04 08:57:51:807

Connecting Started...

<<<----  [OUT]
2020/11/04 08:57:53:861

I can't connect with the passive [192.168.100.113/5000] error_code:10061 !

<<<----  [OUT]
2020/11/04 08:57:56:339

Connecting Started...

<<<----  [OUT]
2020/11/04 08:57:58:373

I can't connect with the passive [192.168.100.113/5000] error_code:10061 !

<<<----  [OUT]
2020/11/04 08:58:00:855

Connecting Started...

<<<----  [OUT]
2020/11/04 08:58:02:903

I can't connect with the passive [192.168.100.113/5000] error_code:10061 !

<<<----  [OUT]
2020/11/04 08:58:05:387

Connecting Started...

<<<----  [OUT]
2020/11/04 08:58:07:427

I can't connect with the passive [192.168.100.113/5000] error_code:10061 !

<<<----  [OUT]
2020/11/04 08:58:09:918

Connecting Started...

<<<----  [OUT]
2020/11/04 08:58:11:962

I can't connect with the passive [192.168.100.113/5000] error_code:10061 !

<<<----  [OUT]
2020/11/04 08:58:14:448

Connecting Started...

<<<----  [OUT]
2020/11/04 08:58:16:489

I can't connect with the passive [192.168.100.113/5000] error_code:10061 !

<<<----  [OUT]
2020/11/04 08:58:18:980

Connecting Started...

<<<----  [OUT]
2020/11/04 08:58:21:021

I can't connect with the passive [192.168.100.113/5000] error_code:10061 !

<<<----  [OUT]
2020/11/04 08:58:23:511

Connecting Started...

<<<----  [OUT]
2020/11/04 08:58:25:557

I can't connect with the passive [192.168.100.113/5000] error_code:10061 !

<<<----  [OUT]
2020/11/04 08:58:28:042

Connecting Started...

<<<----  [OUT]
2020/11/04 08:58:30:094

I can't connect with the passive [192.168.100.113/5000] error_code:10061 !

<<<----  [OUT]
2020/11/04 08:58:32:573

Connecting Started...

<<<----  [OUT]
2020/11/04 08:58:34:627

I can't connect with the passive [192.168.100.113/5000] error_code:10061 !

<<<----  [OUT]
2020/11/04 08:58:37:104

Connecting Started...

<<<----  [OUT]
2020/11/04 08:58:39:152

I can't connect with the passive [192.168.100.113/5000] error_code:10061 !

<<<----  [OUT]
2020/11/04 08:58:41:637

Connecting Started...

<<<----  [OUT]
2020/11/04 08:58:43:688

I can't connect with the passive [192.168.100.113/5000] error_code:10061 !

<<<----  [OUT]
2020/11/04 08:58:46:168

Connecting Started...

<<<----  [OUT]
2020/11/04 08:58:48:206

I can't connect with the passive [192.168.100.113/5000] error_code:10061 !

<<<----  [OUT]
2020/11/04 08:58:50:684

Connecting Started...

<<<----  [OUT]
2020/11/04 08:58:52:722

I can't connect with the passive [192.168.100.113/5000] error_code:10061 !

<<<----  [OUT]
2020/11/04 08:58:55:199

Connecting Started...

<<<----  [OUT]
2020/11/04 08:58:57:240

I can't connect with the passive [192.168.100.113/5000] error_code:10061 !

<<<----  [OUT]
2020/11/04 08:58:59:729

Connecting Started...

<<<----  [OUT]
2020/11/04 08:59:01:774

I can't connect with the passive [192.168.100.113/5000] error_code:10061 !

<<<----  [OUT]
2020/11/04 08:59:04:260

Connecting Started...

<<<----  [OUT]
2020/11/04 08:59:06:311

I can't connect with the passive [192.168.100.113/5000] error_code:10061 !

<<<----  [OUT]
2020/11/04 08:59:08:792

Connecting Started...

<<<----  [OUT]
2020/11/04 08:59:10:859

I can't connect with the passive [192.168.100.113/5000] error_code:10061 !

<<<----  [OUT]
2020/11/04 08:59:13:339

Connecting Started...

<<<----  [OUT]
2020/11/04 08:59:15:379

I can't connect with the passive [192.168.100.113/5000] error_code:10061 !

<<<----  [OUT]
2020/11/04 08:59:17:855

Connecting Started...

<<<----  [OUT]
2020/11/04 08:59:19:910

I can't connect with the passive [192.168.100.113/5000] error_code:10061 !

<<<----  [OUT]
2020/11/04 08:59:22:401

Connecting Started...

<<<----  [OUT]
2020/11/04 08:59:24:448

I can't connect with the passive [192.168.100.113/5000] error_code:10061 !

<<<----  [OUT]
2020/11/04 08:59:26:933

Connecting Started...

<<<----  [OUT]
2020/11/04 08:59:28:992

I can't connect with the passive [192.168.100.113/5000] error_code:10061 !

<<<----  [OUT]
2020/11/04 08:59:31:480

Connecting Started...

<<<----  [OUT]
2020/11/04 08:59:33:537

I can't connect with the passive [192.168.100.113/5000] error_code:10061 !

<<<----  [OUT]
2020/11/04 08:59:36:027

Connecting Started...

<<<----  [OUT]
2020/11/04 08:59:38:063

I can't connect with the passive [192.168.100.113/5000] error_code:10061 !

<<<----  [OUT]
2020/11/04 08:59:40:541

Connecting Started...

<<<----  [OUT]
2020/11/04 08:59:42:591

I can't connect with the passive [192.168.100.113/5000] error_code:10061 !

<<<----  [OUT]
2020/11/04 08:59:45:074

Connecting Started...

<<<----  [OUT]
2020/11/04 08:59:47:123

I can't connect with the passive [192.168.100.113/5000] error_code:10061 !

<<<----  [OUT]
2020/11/04 08:59:49:605

Connecting Started...

<<<----  [OUT]
2020/11/04 08:59:51:665

I can't connect with the passive [192.168.100.113/5000] error_code:10061 !

<<<----  [OUT]
2020/11/04 08:59:54:152

Connecting Started...

<<<----  [OUT]
2020/11/04 08:59:56:192

I can't connect with the passive [192.168.100.113/5000] error_code:10061 !

<<<----  [OUT]
2020/11/04 08:59:58:684

Connecting Started...
