
<<<----  [OUT]
2020/11/04 13:00:00:137

Connecting Started...

<<<----  [OUT]
2020/11/04 13:00:02:194

I can't connect with the passive [192.168.100.113/5000] error_code:10061 !

<<<----  [OUT]
2020/11/04 13:00:04:683

Connecting Started...

<<<----  [OUT]
2020/11/04 13:00:06:735

I can't connect with the passive [192.168.100.113/5000] error_code:10061 !

<<<----  [OUT]
2020/11/04 13:00:09:214

Connecting Started...

<<<----  [OUT]
2020/11/04 13:00:11:252

I can't connect with the passive [192.168.100.113/5000] error_code:10061 !

<<<----  [OUT]
2020/11/04 13:00:13:730

Connecting Started...

<<<----  [OUT]
2020/11/04 13:00:15:775

I can't connect with the passive [192.168.100.113/5000] error_code:10061 !

<<<----  [OUT]
2020/11/04 13:00:18:260

Connecting Started...

<<<----  [OUT]
2020/11/04 13:00:20:303

I can't connect with the passive [192.168.100.113/5000] error_code:10061 !

<<<----  [OUT]
2020/11/04 13:00:22:792

Connecting Started...

<<<----  [OUT]
2020/11/04 13:00:24:844

I can't connect with the passive [192.168.100.113/5000] error_code:10061 !

<<<----  [OUT]
2020/11/04 13:00:27:324

Connecting Started...

<<<----  [OUT]
2020/11/04 13:00:29:372

I can't connect with the passive [192.168.100.113/5000] error_code:10061 !

<<<----  [OUT]
2020/11/04 13:00:31:855

Connecting Started...

<<<----  [OUT]
2020/11/04 13:00:33:892

I can't connect with the passive [192.168.100.113/5000] error_code:10061 !

<<<----  [OUT]
2020/11/04 13:00:36:370

Connecting Started...

<<<----  [OUT]
2020/11/04 13:00:38:414

I can't connect with the passive [192.168.100.113/5000] error_code:10061 !

<<<----  [OUT]
2020/11/04 13:00:40:902

Connecting Started...

<<<----  [OUT]
2020/11/04 13:00:42:950

I can't connect with the passive [192.168.100.113/5000] error_code:10061 !

<<<----  [OUT]
2020/11/04 13:00:45:434

Connecting Started...

<<<----  [OUT]
2020/11/04 13:00:47:478

I can't connect with the passive [192.168.100.113/5000] error_code:10061 !

<<<----  [OUT]
2020/11/04 13:00:49:964

Connecting Started...

<<<----  [OUT]
2020/11/04 13:00:52:014

I can't connect with the passive [192.168.100.113/5000] error_code:10061 !

<<<----  [OUT]
2020/11/04 13:00:54:495

Connecting Started...

<<<----  [OUT]
2020/11/04 13:00:56:535

I can't connect with the passive [192.168.100.113/5000] error_code:10061 !

<<<----  [OUT]
2020/11/04 13:00:59:026

Connecting Started...

<<<----  [OUT]
2020/11/04 13:01:01:072

I can't connect with the passive [192.168.100.113/5000] error_code:10061 !

<<<----  [OUT]
2020/11/04 13:01:03:558

Connecting Started...

<<<----  [OUT]
2020/11/04 13:01:05:600

I can't connect with the passive [192.168.100.113/5000] error_code:10061 !

<<<----  [OUT]
2020/11/04 13:01:08:089

Connecting Started...

<<<----  [OUT]
2020/11/04 13:01:10:138

I can't connect with the passive [192.168.100.113/5000] error_code:10061 !

<<<----  [OUT]
2020/11/04 13:01:12:621

Connecting Started...

<<<----  [OUT]
2020/11/04 13:01:14:666

I can't connect with the passive [192.168.100.113/5000] error_code:10061 !

<<<----  [OUT]
2020/11/04 13:01:17:152

Connecting Started...

<<<----  [OUT]
2020/11/04 13:01:19:200

I can't connect with the passive [192.168.100.113/5000] error_code:10061 !

<<<----  [OUT]
2020/11/04 13:01:21:684

Connecting Started...

<<<----  [OUT]
2020/11/04 13:01:23:738

I can't connect with the passive [192.168.100.113/5000] error_code:10061 !

<<<----  [OUT]
2020/11/04 13:01:26:231

Connecting Started...

<<<----  [OUT]
2020/11/04 13:01:28:263

I can't connect with the passive [192.168.100.113/5000] error_code:10061 !

<<<----  [OUT]
2020/11/04 13:01:30:745

Connecting Started...

<<<----  [OUT]
2020/11/04 13:01:32:772

I can't connect with the passive [192.168.100.113/5000] error_code:10061 !

<<<----  [OUT]
2020/11/04 13:01:35:261

Connecting Started...

<<<----  [OUT]
2020/11/04 13:01:37:305

I can't connect with the passive [192.168.100.113/5000] error_code:10061 !

<<<----  [OUT]
2020/11/04 13:01:39:791

Connecting Started...

<<<----  [OUT]
2020/11/04 13:01:41:828

I can't connect with the passive [192.168.100.113/5000] error_code:10061 !

<<<----  [OUT]
2020/11/04 13:01:44:308

Connecting Started...

<<<----  [OUT]
2020/11/04 13:01:46:349

I can't connect with the passive [192.168.100.113/5000] error_code:10061 !

<<<----  [OUT]
2020/11/04 13:01:48:838

Connecting Started...

<<<----  [OUT]
2020/11/04 13:01:50:885

I can't connect with the passive [192.168.100.113/5000] error_code:10061 !

<<<----  [OUT]
2020/11/04 13:01:53:371

Connecting Started...

<<<----  [OUT]
2020/11/04 13:01:55:416

I can't connect with the passive [192.168.100.113/5000] error_code:10061 !

<<<----  [OUT]
2020/11/04 13:01:57:901

Connecting Started...

<<<----  [OUT]
2020/11/04 13:01:59:937

I can't connect with the passive [192.168.100.113/5000] error_code:10061 !

<<<----  [OUT]
2020/11/04 13:02:02:418

Connecting Started...

<<<----  [OUT]
2020/11/04 13:02:04:472

I can't connect with the passive [192.168.100.113/5000] error_code:10061 !

<<<----  [OUT]
2020/11/04 13:02:06:949

Connecting Started...

<<<----  [OUT]
2020/11/04 13:02:09:002

I can't connect with the passive [192.168.100.113/5000] error_code:10061 !

<<<----  [OUT]
2020/11/04 13:02:11:480

Connecting Started...

<<<----  [OUT]
2020/11/04 13:02:13:523

I can't connect with the passive [192.168.100.113/5000] error_code:10061 !

<<<----  [OUT]
2020/11/04 13:02:16:012

Connecting Started...

<<<----  [OUT]
2020/11/04 13:02:18:046

I can't connect with the passive [192.168.100.113/5000] error_code:10061 !

<<<----  [OUT]
2020/11/04 13:02:20:526

Connecting Started...

<<<----  [OUT]
2020/11/04 13:02:22:568

I can't connect with the passive [192.168.100.113/5000] error_code:10061 !

<<<----  [OUT]
2020/11/04 13:02:25:058

Connecting Started...

<<<----  [OUT]
2020/11/04 13:02:27:104

I can't connect with the passive [192.168.100.113/5000] error_code:10061 !

<<<----  [OUT]
2020/11/04 13:02:29:589

Connecting Started...

<<<----  [OUT]
2020/11/04 13:02:31:630

I can't connect with the passive [192.168.100.113/5000] error_code:10061 !

<<<----  [OUT]
2020/11/04 13:02:34:120

Connecting Started...

<<<----  [OUT]
2020/11/04 13:02:36:168

I can't connect with the passive [192.168.100.113/5000] error_code:10061 !

<<<----  [OUT]
2020/11/04 13:02:38:652

Connecting Started...

<<<----  [OUT]
2020/11/04 13:02:40:699

I can't connect with the passive [192.168.100.113/5000] error_code:10061 !

<<<----  [OUT]
2020/11/04 13:02:43:182

Connecting Started...

<<<----  [OUT]
2020/11/04 13:02:45:226

I can't connect with the passive [192.168.100.113/5000] error_code:10061 !

<<<----  [OUT]
2020/11/04 13:02:47:714

Connecting Started...

<<<----  [OUT]
2020/11/04 13:02:49:760

I can't connect with the passive [192.168.100.113/5000] error_code:10061 !

<<<----  [OUT]
2020/11/04 13:02:52:246

Connecting Started...

<<<----  [OUT]
2020/11/04 13:02:54:279

I can't connect with the passive [192.168.100.113/5000] error_code:10061 !

<<<----  [OUT]
2020/11/04 13:02:56:762

Connecting Started...

<<<----  [OUT]
2020/11/04 13:02:58:807

I can't connect with the passive [192.168.100.113/5000] error_code:10061 !

<<<----  [OUT]
2020/11/04 13:03:01:291

Connecting Started...

<<<----  [OUT]
2020/11/04 13:03:03:346

I can't connect with the passive [192.168.100.113/5000] error_code:10061 !

<<<----  [OUT]
2020/11/04 13:03:05:823

Connecting Started...

<<<----  [OUT]
2020/11/04 13:03:07:879

I can't connect with the passive [192.168.100.113/5000] error_code:10061 !

<<<----  [OUT]
2020/11/04 13:03:10:370

Connecting Started...

<<<----  [OUT]
2020/11/04 13:03:12:415

I can't connect with the passive [192.168.100.113/5000] error_code:10061 !

<<<----  [OUT]
2020/11/04 13:03:14:901

Connecting Started...

<<<----  [OUT]
2020/11/04 13:03:16:940

I can't connect with the passive [192.168.100.113/5000] error_code:10061 !

<<<----  [OUT]
2020/11/04 13:03:19:417

Connecting Started...

<<<----  [OUT]
2020/11/04 13:03:21:466

I can't connect with the passive [192.168.100.113/5000] error_code:10061 !

<<<----  [OUT]
2020/11/04 13:03:23:948

Connecting Started...

<<<----  [OUT]
2020/11/04 13:03:25:979

I can't connect with the passive [192.168.100.113/5000] error_code:10061 !

<<<----  [OUT]
2020/11/04 13:03:28:465

Connecting Started...

<<<----  [OUT]
2020/11/04 13:03:30:508

I can't connect with the passive [192.168.100.113/5000] error_code:10061 !

<<<----  [OUT]
2020/11/04 13:03:32:996

Connecting Started...

<<<----  [OUT]
2020/11/04 13:03:35:032

I can't connect with the passive [192.168.100.113/5000] error_code:10061 !

<<<----  [OUT]
2020/11/04 13:03:37:511

Connecting Started...

<<<----  [OUT]
2020/11/04 13:03:39:554

I can't connect with the passive [192.168.100.113/5000] error_code:10061 !

<<<----  [OUT]
2020/11/04 13:03:42:043

Connecting Started...

<<<----  [OUT]
2020/11/04 13:03:44:093

I can't connect with the passive [192.168.100.113/5000] error_code:10061 !

<<<----  [OUT]
2020/11/04 13:03:46:573

Connecting Started...

<<<----  [OUT]
2020/11/04 13:03:48:615

I can't connect with the passive [192.168.100.113/5000] error_code:10061 !

<<<----  [OUT]
2020/11/04 13:03:51:104

Connecting Started...

<<<----  [OUT]
2020/11/04 13:03:53:148

I can't connect with the passive [192.168.100.113/5000] error_code:10061 !

<<<----  [OUT]
2020/11/04 13:03:55:635

Connecting Started...

<<<----  [OUT]
2020/11/04 13:03:57:684

I can't connect with the passive [192.168.100.113/5000] error_code:10061 !

<<<----  [OUT]
2020/11/04 13:04:00:168

Connecting Started...

<<<----  [OUT]
2020/11/04 13:04:02:199

I can't connect with the passive [192.168.100.113/5000] error_code:10061 !

<<<----  [OUT]
2020/11/04 13:04:04:682

Connecting Started...

<<<----  [OUT]
2020/11/04 13:04:06:723

I can't connect with the passive [192.168.100.113/5000] error_code:10061 !

<<<----  [OUT]
2020/11/04 13:04:09:215

Connecting Started...

<<<----  [OUT]
2020/11/04 13:04:11:260

I can't connect with the passive [192.168.100.113/5000] error_code:10061 !

<<<----  [OUT]
2020/11/04 13:04:13:745

Connecting Started...

<<<----  [OUT]
2020/11/04 13:04:15:787

I can't connect with the passive [192.168.100.113/5000] error_code:10061 !

<<<----  [OUT]
2020/11/04 13:04:18:277

Connecting Started...

<<<----  [OUT]
2020/11/04 13:04:20:324

I can't connect with the passive [192.168.100.113/5000] error_code:10061 !

<<<----  [OUT]
2020/11/04 13:04:22:809

Connecting Started...

<<<----  [OUT]
2020/11/04 13:04:24:858

I can't connect with the passive [192.168.100.113/5000] error_code:10061 !

<<<----  [OUT]
2020/11/04 13:04:27:338

Connecting Started...

<<<----  [OUT]
2020/11/04 13:04:29:388

I can't connect with the passive [192.168.100.113/5000] error_code:10061 !

<<<----  [OUT]
2020/11/04 13:04:31:869

Connecting Started...

<<<----  [OUT]
2020/11/04 13:04:33:914

I can't connect with the passive [192.168.100.113/5000] error_code:10061 !

<<<----  [OUT]
2020/11/04 13:04:36:401

Connecting Started...

<<<----  [OUT]
2020/11/04 13:04:38:441

I can't connect with the passive [192.168.100.113/5000] error_code:10061 !

<<<----  [OUT]
2020/11/04 13:04:40:917

Connecting Started...

<<<----  [OUT]
2020/11/04 13:04:42:943

I can't connect with the passive [192.168.100.113/5000] error_code:10061 !

<<<----  [OUT]
2020/11/04 13:04:45:433

Connecting Started...

<<<----  [OUT]
2020/11/04 13:04:47:475

I can't connect with the passive [192.168.100.113/5000] error_code:10061 !

<<<----  [OUT]
2020/11/04 13:04:49:965

Connecting Started...

<<<----  [OUT]
2020/11/04 13:04:52:009

I can't connect with the passive [192.168.100.113/5000] error_code:10061 !

<<<----  [OUT]
2020/11/04 13:04:54:495

Connecting Started...

<<<----  [OUT]
2020/11/04 13:04:56:548

I can't connect with the passive [192.168.100.113/5000] error_code:10061 !

<<<----  [OUT]
2020/11/04 13:04:59:027

Connecting Started...

<<<----  [OUT]
2020/11/04 13:05:01:080

I can't connect with the passive [192.168.100.113/5000] error_code:10061 !

<<<----  [OUT]
2020/11/04 13:05:03:558

Connecting Started...

<<<----  [OUT]
2020/11/04 13:05:05:609

I can't connect with the passive [192.168.100.113/5000] error_code:10061 !

<<<----  [OUT]
2020/11/04 13:05:08:089

Connecting Started...

<<<----  [OUT]
2020/11/04 13:05:10:131

I can't connect with the passive [192.168.100.113/5000] error_code:10061 !

<<<----  [OUT]
2020/11/04 13:05:12:619

Connecting Started...

<<<----  [OUT]
2020/11/04 13:05:14:665

I can't connect with the passive [192.168.100.113/5000] error_code:10061 !

<<<----  [OUT]
2020/11/04 13:05:17:152

Connecting Started...

<<<----  [OUT]
2020/11/04 13:05:19:188

I can't connect with the passive [192.168.100.113/5000] error_code:10061 !

<<<----  [OUT]
2020/11/04 13:05:21:667

Connecting Started...

<<<----  [OUT]
2020/11/04 13:05:23:713

I can't connect with the passive [192.168.100.113/5000] error_code:10061 !

<<<----  [OUT]
2020/11/04 13:05:26:199

Connecting Started...

<<<----  [OUT]
2020/11/04 13:05:28:242

I can't connect with the passive [192.168.100.113/5000] error_code:10061 !

<<<----  [OUT]
2020/11/04 13:05:30:730

Connecting Started...

<<<----  [OUT]
2020/11/04 13:05:32:776

I can't connect with the passive [192.168.100.113/5000] error_code:10061 !

<<<----  [OUT]
2020/11/04 13:05:35:261

Connecting Started...

<<<----  [OUT]
2020/11/04 13:05:37:315

I can't connect with the passive [192.168.100.113/5000] error_code:10061 !

<<<----  [OUT]
2020/11/04 13:05:39:792

Connecting Started...

<<<----  [OUT]
2020/11/04 13:05:41:837

I can't connect with the passive [192.168.100.113/5000] error_code:10061 !

<<<----  [OUT]
2020/11/04 13:05:44:324

Connecting Started...

<<<----  [OUT]
2020/11/04 13:05:46:362

I can't connect with the passive [192.168.100.113/5000] error_code:10061 !

<<<----  [OUT]
2020/11/04 13:05:48:839

Connecting Started...

<<<----  [OUT]
2020/11/04 13:05:50:867

I can't connect with the passive [192.168.100.113/5000] error_code:10061 !

<<<----  [OUT]
2020/11/04 13:05:53:355

Connecting Started...

<<<----  [OUT]
2020/11/04 13:05:55:396

I can't connect with the passive [192.168.100.113/5000] error_code:10061 !

<<<----  [OUT]
2020/11/04 13:05:57:885

Connecting Started...

<<<----  [OUT]
2020/11/04 13:05:59:926

I can't connect with the passive [192.168.100.113/5000] error_code:10061 !

<<<----  [OUT]
2020/11/04 13:06:02:417

Connecting Started...

<<<----  [OUT]
2020/11/04 13:06:04:455

I can't connect with the passive [192.168.100.113/5000] error_code:10061 !

<<<----  [OUT]
2020/11/04 13:06:06:932

Connecting Started...

<<<----  [OUT]
2020/11/04 13:06:08:991

I can't connect with the passive [192.168.100.113/5000] error_code:10061 !

<<<----  [OUT]
2020/11/04 13:06:11:479

Connecting Started...

<<<----  [OUT]
2020/11/04 13:06:13:529

I can't connect with the passive [192.168.100.113/5000] error_code:10061 !

<<<----  [OUT]
2020/11/04 13:06:16:011

Connecting Started...

<<<----  [OUT]
2020/11/04 13:06:18:045

I can't connect with the passive [192.168.100.113/5000] error_code:10061 !

<<<----  [OUT]
2020/11/04 13:06:20:526

Connecting Started...

<<<----  [OUT]
2020/11/04 13:06:22:571

I can't connect with the passive [192.168.100.113/5000] error_code:10061 !

<<<----  [OUT]
2020/11/04 13:06:25:059

Connecting Started...

<<<----  [OUT]
2020/11/04 13:06:27:108

I can't connect with the passive [192.168.100.113/5000] error_code:10061 !

<<<----  [OUT]
2020/11/04 13:06:29:589

Connecting Started...

<<<----  [OUT]
2020/11/04 13:06:31:622

I can't connect with the passive [192.168.100.113/5000] error_code:10061 !

<<<----  [OUT]
2020/11/04 13:06:34:106

Connecting Started...

<<<----  [OUT]
2020/11/04 13:06:36:156

I can't connect with the passive [192.168.100.113/5000] error_code:10061 !

<<<----  [OUT]
2020/11/04 13:06:38:636

Connecting Started...

<<<----  [OUT]
2020/11/04 13:06:40:669

I can't connect with the passive [192.168.100.113/5000] error_code:10061 !

<<<----  [OUT]
2020/11/04 13:06:43:151

Connecting Started...

<<<----  [OUT]
2020/11/04 13:06:45:199

I can't connect with the passive [192.168.100.113/5000] error_code:10061 !

<<<----  [OUT]
2020/11/04 13:06:47:682

Connecting Started...

<<<----  [OUT]
2020/11/04 13:06:49:733

I can't connect with the passive [192.168.100.113/5000] error_code:10061 !

<<<----  [OUT]
2020/11/04 13:06:52:214

Connecting Started...

<<<----  [OUT]
2020/11/04 13:06:54:271

I can't connect with the passive [192.168.100.113/5000] error_code:10061 !

<<<----  [OUT]
2020/11/04 13:06:56:761

Connecting Started...

<<<----  [OUT]
2020/11/04 13:06:58:799

I can't connect with the passive [192.168.100.113/5000] error_code:10061 !

<<<----  [OUT]
2020/11/04 13:07:01:276

Connecting Started...

<<<----  [OUT]
2020/11/04 13:07:03:318

I can't connect with the passive [192.168.100.113/5000] error_code:10061 !

<<<----  [OUT]
2020/11/04 13:07:05:808

Connecting Started...

<<<----  [OUT]
2020/11/04 13:07:07:857

I can't connect with the passive [192.168.100.113/5000] error_code:10061 !

<<<----  [OUT]
2020/11/04 13:07:10:340

Connecting Started...

<<<----  [OUT]
2020/11/04 13:07:12:386

I can't connect with the passive [192.168.100.113/5000] error_code:10061 !

<<<----  [OUT]
2020/11/04 13:07:14:871

Connecting Started...

<<<----  [OUT]
2020/11/04 13:07:16:915

I can't connect with the passive [192.168.100.113/5000] error_code:10061 !

<<<----  [OUT]
2020/11/04 13:07:19:403

Connecting Started...

<<<----  [OUT]
2020/11/04 13:07:21:446

I can't connect with the passive [192.168.100.113/5000] error_code:10061 !

<<<----  [OUT]
2020/11/04 13:07:23:932

Connecting Started...

<<<----  [OUT]
2020/11/04 13:07:25:983

I can't connect with the passive [192.168.100.113/5000] error_code:10061 !

<<<----  [OUT]
2020/11/04 13:07:28:464

Connecting Started...

<<<----  [OUT]
2020/11/04 13:07:30:496

I can't connect with the passive [192.168.100.113/5000] error_code:10061 !

<<<----  [OUT]
2020/11/04 13:07:32:979

Connecting Started...

<<<----  [OUT]
2020/11/04 13:07:35:012

I can't connect with the passive [192.168.100.113/5000] error_code:10061 !

<<<----  [OUT]
2020/11/04 13:07:37:496

Connecting Started...

<<<----  [OUT]
2020/11/04 13:07:39:545

I can't connect with the passive [192.168.100.113/5000] error_code:10061 !

<<<----  [OUT]
2020/11/04 13:07:42:026

Connecting Started...

<<<----  [OUT]
2020/11/04 13:07:44:072

I can't connect with the passive [192.168.100.113/5000] error_code:10061 !

<<<----  [OUT]
2020/11/04 13:07:46:558

Connecting Started...

<<<----  [OUT]
2020/11/04 13:07:48:610

I can't connect with the passive [192.168.100.113/5000] error_code:10061 !

<<<----  [OUT]
2020/11/04 13:07:51:089

Connecting Started...

<<<----  [OUT]
2020/11/04 13:07:53:135

I can't connect with the passive [192.168.100.113/5000] error_code:10061 !

<<<----  [OUT]
2020/11/04 13:07:55:621

Connecting Started...

<<<----  [OUT]
2020/11/04 13:07:57:670

I can't connect with the passive [192.168.100.113/5000] error_code:10061 !

<<<----  [OUT]
2020/11/04 13:08:00:151

Connecting Started...

<<<----  [OUT]
2020/11/04 13:08:02:195

I can't connect with the passive [192.168.100.113/5000] error_code:10061 !

<<<----  [OUT]
2020/11/04 13:08:04:683

Connecting Started...

<<<----  [OUT]
2020/11/04 13:08:06:736

I can't connect with the passive [192.168.100.113/5000] error_code:10061 !

<<<----  [OUT]
2020/11/04 13:08:09:214

Connecting Started...

<<<----  [OUT]
2020/11/04 13:08:11:255

I can't connect with the passive [192.168.100.113/5000] error_code:10061 !

<<<----  [OUT]
2020/11/04 13:08:13:746

Connecting Started...

<<<----  [OUT]
2020/11/04 13:08:15:779

I can't connect with the passive [192.168.100.113/5000] error_code:10061 !

<<<----  [OUT]
2020/11/04 13:08:18:260

Connecting Started...

<<<----  [OUT]
2020/11/04 13:08:20:315

I can't connect with the passive [192.168.100.113/5000] error_code:10061 !

<<<----  [OUT]
2020/11/04 13:08:22:792

Connecting Started...

<<<----  [OUT]
2020/11/04 13:08:24:834

I can't connect with the passive [192.168.100.113/5000] error_code:10061 !

<<<----  [OUT]
2020/11/04 13:08:27:323

Connecting Started...

<<<----  [OUT]
2020/11/04 13:08:29:363

I can't connect with the passive [192.168.100.113/5000] error_code:10061 !

<<<----  [OUT]
2020/11/04 13:08:31:855

Connecting Started...

<<<----  [OUT]
2020/11/04 13:08:33:888

I can't connect with the passive [192.168.100.113/5000] error_code:10061 !

<<<----  [OUT]
2020/11/04 13:08:36:370

Connecting Started...

<<<----  [OUT]
2020/11/04 13:08:38:414

I can't connect with the passive [192.168.100.113/5000] error_code:10061 !

<<<----  [OUT]
2020/11/04 13:08:40:902

Connecting Started...

<<<----  [OUT]
2020/11/04 13:08:42:946

I can't connect with the passive [192.168.100.113/5000] error_code:10061 !

<<<----  [OUT]
2020/11/04 13:08:45:434

Connecting Started...

<<<----  [OUT]
2020/11/04 13:08:47:471

I can't connect with the passive [192.168.100.113/5000] error_code:10061 !

<<<----  [OUT]
2020/11/04 13:08:49:948

Connecting Started...

<<<----  [OUT]
2020/11/04 13:08:51:988

I can't connect with the passive [192.168.100.113/5000] error_code:10061 !

<<<----  [OUT]
2020/11/04 13:08:54:480

Connecting Started...

<<<----  [OUT]
2020/11/04 13:08:56:531

I can't connect with the passive [192.168.100.113/5000] error_code:10061 !

<<<----  [OUT]
2020/11/04 13:08:59:011

Connecting Started...

<<<----  [OUT]
2020/11/04 13:09:01:050

I can't connect with the passive [192.168.100.113/5000] error_code:10061 !

<<<----  [OUT]
2020/11/04 13:09:03:526

Connecting Started...

<<<----  [OUT]
2020/11/04 13:09:05:570

I can't connect with the passive [192.168.100.113/5000] error_code:10061 !

<<<----  [OUT]
2020/11/04 13:09:08:057

Connecting Started...

<<<----  [OUT]
2020/11/04 13:09:10:099

I can't connect with the passive [192.168.100.113/5000] error_code:10061 !

<<<----  [OUT]
2020/11/04 13:09:12:590

Connecting Started...

<<<----  [OUT]
2020/11/04 13:09:14:628

I can't connect with the passive [192.168.100.113/5000] error_code:10061 !

<<<----  [OUT]
2020/11/04 13:09:17:105

Connecting Started...

<<<----  [OUT]
2020/11/04 13:09:19:155

I can't connect with the passive [192.168.100.113/5000] error_code:10061 !

<<<----  [OUT]
2020/11/04 13:09:21:637

Connecting Started...

<<<----  [OUT]
2020/11/04 13:09:23:675

I can't connect with the passive [192.168.100.113/5000] error_code:10061 !

<<<----  [OUT]
2020/11/04 13:09:26:151

Connecting Started...

<<<----  [OUT]
2020/11/04 13:09:28:195

I can't connect with the passive [192.168.100.113/5000] error_code:10061 !

<<<----  [OUT]
2020/11/04 13:09:30:684

Connecting Started...

<<<----  [OUT]
2020/11/04 13:09:32:722

I can't connect with the passive [192.168.100.113/5000] error_code:10061 !

<<<----  [OUT]
2020/11/04 13:09:35:199

Connecting Started...

<<<----  [OUT]
2020/11/04 13:09:37:235

I can't connect with the passive [192.168.100.113/5000] error_code:10061 !

<<<----  [OUT]
2020/11/04 13:09:39:714

Connecting Started...

<<<----  [OUT]
2020/11/04 13:09:41:761

I can't connect with the passive [192.168.100.113/5000] error_code:10061 !

<<<----  [OUT]
2020/11/04 13:09:44:246

Connecting Started...

<<<----  [OUT]
2020/11/04 13:09:46:271

I can't connect with the passive [192.168.100.113/5000] error_code:10061 !

<<<----  [OUT]
2020/11/04 13:09:48:761

Connecting Started...

<<<----  [OUT]
2020/11/04 13:09:50:800

I can't connect with the passive [192.168.100.113/5000] error_code:10061 !

<<<----  [OUT]
2020/11/04 13:09:53:276

Connecting Started...

<<<----  [OUT]
2020/11/04 13:09:55:337

I can't connect with the passive [192.168.100.113/5000] error_code:10061 !

<<<----  [OUT]
2020/11/04 13:09:57:824

Connecting Started...

<<<----  [OUT]
2020/11/04 13:09:59:863

I can't connect with the passive [192.168.100.113/5000] error_code:10061 !

<<<----  [OUT]
2020/11/04 13:10:02:339

Connecting Started...

<<<----  [OUT]
2020/11/04 13:10:04:391

I can't connect with the passive [192.168.100.113/5000] error_code:10061 !

<<<----  [OUT]
2020/11/04 13:10:06:871

Connecting Started...

<<<----  [OUT]
2020/11/04 13:10:08:916

I can't connect with the passive [192.168.100.113/5000] error_code:10061 !

<<<----  [OUT]
2020/11/04 13:10:11:401

Connecting Started...

<<<----  [OUT]
2020/11/04 13:10:13:442

I can't connect with the passive [192.168.100.113/5000] error_code:10061 !

<<<----  [OUT]
2020/11/04 13:10:15:933

Connecting Started...

<<<----  [OUT]
2020/11/04 13:10:17:981

I can't connect with the passive [192.168.100.113/5000] error_code:10061 !

<<<----  [OUT]
2020/11/04 13:10:20:465

Connecting Started...

<<<----  [OUT]
2020/11/04 13:10:22:503

I can't connect with the passive [192.168.100.113/5000] error_code:10061 !

<<<----  [OUT]
2020/11/04 13:10:24:980

Connecting Started...

<<<----  [OUT]
2020/11/04 13:10:27:029

I can't connect with the passive [192.168.100.113/5000] error_code:10061 !

<<<----  [OUT]
2020/11/04 13:10:29:510

Connecting Started...

<<<----  [OUT]
2020/11/04 13:10:31:555

I can't connect with the passive [192.168.100.113/5000] error_code:10061 !

<<<----  [OUT]
2020/11/04 13:10:34:041

Connecting Started...

<<<----  [OUT]
2020/11/04 13:10:36:093

I can't connect with the passive [192.168.100.113/5000] error_code:10061 !

<<<----  [OUT]
2020/11/04 13:10:38:574

Connecting Started...

<<<----  [OUT]
2020/11/04 13:10:40:618

I can't connect with the passive [192.168.100.113/5000] error_code:10061 !

<<<----  [OUT]
2020/11/04 13:10:43:105

Connecting Started...

<<<----  [OUT]
2020/11/04 13:10:45:158

I can't connect with the passive [192.168.100.113/5000] error_code:10061 !

<<<----  [OUT]
2020/11/04 13:10:47:636

Connecting Started...

<<<----  [OUT]
2020/11/04 13:10:49:658

I can't connect with the passive [192.168.100.113/5000] error_code:10061 !

<<<----  [OUT]
2020/11/04 13:10:52:137

Connecting Started...

<<<----  [OUT]
2020/11/04 13:10:54:182

I can't connect with the passive [192.168.100.113/5000] error_code:10061 !

<<<----  [OUT]
2020/11/04 13:10:56:668

Connecting Started...

<<<----  [OUT]
2020/11/04 13:10:58:706

I can't connect with the passive [192.168.100.113/5000] error_code:10061 !

<<<----  [OUT]
2020/11/04 13:11:01:184

Connecting Started...

<<<----  [OUT]
2020/11/04 13:11:03:227

I can't connect with the passive [192.168.100.113/5000] error_code:10061 !

<<<----  [OUT]
2020/11/04 13:11:05:715

Connecting Started...

<<<----  [OUT]
2020/11/04 13:11:07:753

I can't connect with the passive [192.168.100.113/5000] error_code:10061 !

<<<----  [OUT]
2020/11/04 13:11:10:231

Connecting Started...

<<<----  [OUT]
2020/11/04 13:11:12:274

I can't connect with the passive [192.168.100.113/5000] error_code:10061 !

<<<----  [OUT]
2020/11/04 13:11:14:760

Connecting Started...

<<<----  [OUT]
2020/11/04 13:11:16:803

I can't connect with the passive [192.168.100.113/5000] error_code:10061 !

<<<----  [OUT]
2020/11/04 13:11:19:291

Connecting Started...

<<<----  [OUT]
2020/11/04 13:11:21:330

I can't connect with the passive [192.168.100.113/5000] error_code:10061 !

<<<----  [OUT]
2020/11/04 13:11:23:807

Connecting Started...

<<<----  [OUT]
2020/11/04 13:11:25:840

I can't connect with the passive [192.168.100.113/5000] error_code:10061 !

<<<----  [OUT]
2020/11/04 13:11:28:324

Connecting Started...

<<<----  [OUT]
2020/11/04 13:11:30:367

I can't connect with the passive [192.168.100.113/5000] error_code:10061 !

<<<----  [OUT]
2020/11/04 13:11:32:855

Connecting Started...

<<<----  [OUT]
2020/11/04 13:11:34:891

I can't connect with the passive [192.168.100.113/5000] error_code:10061 !

<<<----  [OUT]
2020/11/04 13:11:37:371

Connecting Started...

<<<----  [OUT]
2020/11/04 13:11:39:422

I can't connect with the passive [192.168.100.113/5000] error_code:10061 !

<<<----  [OUT]
2020/11/04 13:11:41:902

Connecting Started...

<<<----  [OUT]
2020/11/04 13:11:43:938

I can't connect with the passive [192.168.100.113/5000] error_code:10061 !

<<<----  [OUT]
2020/11/04 13:11:46:418

Connecting Started...

<<<----  [OUT]
2020/11/04 13:11:48:464

I can't connect with the passive [192.168.100.113/5000] error_code:10061 !

<<<----  [OUT]
2020/11/04 13:11:50:949

Connecting Started...

<<<----  [OUT]
2020/11/04 13:11:52:986

I can't connect with the passive [192.168.100.113/5000] error_code:10061 !

<<<----  [OUT]
2020/11/04 13:11:55:465

Connecting Started...

<<<----  [OUT]
2020/11/04 13:11:57:505

I can't connect with the passive [192.168.100.113/5000] error_code:10061 !

<<<----  [OUT]
2020/11/04 13:11:59:995

Connecting Started...

<<<----  [OUT]
2020/11/04 13:12:02:027

I can't connect with the passive [192.168.100.113/5000] error_code:10061 !

<<<----  [OUT]
2020/11/04 13:12:04:510

Connecting Started...

<<<----  [OUT]
2020/11/04 13:12:06:559

I can't connect with the passive [192.168.100.113/5000] error_code:10061 !

<<<----  [OUT]
2020/11/04 13:12:09:042

Connecting Started...

<<<----  [OUT]
2020/11/04 13:12:11:087

I can't connect with the passive [192.168.100.113/5000] error_code:10061 !

<<<----  [OUT]
2020/11/04 13:12:13:573

Connecting Started...

<<<----  [OUT]
2020/11/04 13:12:15:596

I can't connect with the passive [192.168.100.113/5000] error_code:10061 !

<<<----  [OUT]
2020/11/04 13:12:18:073

Connecting Started...

<<<----  [OUT]
2020/11/04 13:12:20:114

I can't connect with the passive [192.168.100.113/5000] error_code:10061 !

<<<----  [OUT]
2020/11/04 13:12:22:604

Connecting Started...

<<<----  [OUT]
2020/11/04 13:12:24:655

I can't connect with the passive [192.168.100.113/5000] error_code:10061 !

<<<----  [OUT]
2020/11/04 13:12:27:137

Connecting Started...

<<<----  [OUT]
2020/11/04 13:12:29:186

I can't connect with the passive [192.168.100.113/5000] error_code:10061 !

<<<----  [OUT]
2020/11/04 13:12:31:667

Connecting Started...

<<<----  [OUT]
2020/11/04 13:12:33:704

I can't connect with the passive [192.168.100.113/5000] error_code:10061 !

<<<----  [OUT]
2020/11/04 13:12:36:184

Connecting Started...

<<<----  [OUT]
2020/11/04 13:12:38:222

I can't connect with the passive [192.168.100.113/5000] error_code:10061 !

<<<----  [OUT]
2020/11/04 13:12:40:698

Connecting Started...

<<<----  [OUT]
2020/11/04 13:12:42:748

I can't connect with the passive [192.168.100.113/5000] error_code:10061 !

<<<----  [OUT]
2020/11/04 13:12:45:230

Connecting Started...

<<<----  [OUT]
2020/11/04 13:12:47:275

I can't connect with the passive [192.168.100.113/5000] error_code:10061 !

<<<----  [OUT]
2020/11/04 13:12:49:761

Connecting Started...

<<<----  [OUT]
2020/11/04 13:12:51:794

I can't connect with the passive [192.168.100.113/5000] error_code:10061 !

<<<----  [OUT]
2020/11/04 13:12:54:276

Connecting Started...

<<<----  [OUT]
2020/11/04 13:12:56:322

I can't connect with the passive [192.168.100.113/5000] error_code:10061 !

<<<----  [OUT]
2020/11/04 13:12:58:807

Connecting Started...

<<<----  [OUT]
2020/11/04 13:13:00:857

I can't connect with the passive [192.168.100.113/5000] error_code:10061 !

<<<----  [OUT]
2020/11/04 13:13:03:338

Connecting Started...

<<<----  [OUT]
2020/11/04 13:13:05:377

I can't connect with the passive [192.168.100.113/5000] error_code:10061 !

<<<----  [OUT]
2020/11/04 13:13:07:855

Connecting Started...

<<<----  [OUT]
2020/11/04 13:13:09:886

I can't connect with the passive [192.168.100.113/5000] error_code:10061 !

<<<----  [OUT]
2020/11/04 13:13:12:370

Connecting Started...

<<<----  [OUT]
2020/11/04 13:13:14:421

I can't connect with the passive [192.168.100.113/5000] error_code:10061 !

<<<----  [OUT]
2020/11/04 13:13:16:902

Connecting Started...

<<<----  [OUT]
2020/11/04 13:13:18:946

I can't connect with the passive [192.168.100.113/5000] error_code:10061 !

<<<----  [OUT]
2020/11/04 13:13:21:434

Connecting Started...

<<<----  [OUT]
2020/11/04 13:13:23:478

I can't connect with the passive [192.168.100.113/5000] error_code:10061 !

<<<----  [OUT]
2020/11/04 13:13:25:964

Connecting Started...

<<<----  [OUT]
2020/11/04 13:13:27:994

I can't connect with the passive [192.168.100.113/5000] error_code:10061 !

<<<----  [OUT]
2020/11/04 13:13:30:481

Connecting Started...

<<<----  [OUT]
2020/11/04 13:13:32:526

I can't connect with the passive [192.168.100.113/5000] error_code:10061 !

<<<----  [OUT]
2020/11/04 13:13:35:012

Connecting Started...

<<<----  [OUT]
2020/11/04 13:13:37:038

I can't connect with the passive [192.168.100.113/5000] error_code:10061 !

<<<----  [OUT]
2020/11/04 13:13:39:526

Connecting Started...

<<<----  [OUT]
2020/11/04 13:13:41:572

I can't connect with the passive [192.168.100.113/5000] error_code:10061 !

<<<----  [OUT]
2020/11/04 13:13:44:058

Connecting Started...

<<<----  [OUT]
2020/11/04 13:13:46:090

I can't connect with the passive [192.168.100.113/5000] error_code:10061 !

<<<----  [OUT]
2020/11/04 13:13:48:574

Connecting Started...

<<<----  [OUT]
2020/11/04 13:13:50:616

I can't connect with the passive [192.168.100.113/5000] error_code:10061 !

<<<----  [OUT]
2020/11/04 13:13:53:105

Connecting Started...

<<<----  [OUT]
2020/11/04 13:13:55:137

I can't connect with the passive [192.168.100.113/5000] error_code:10061 !

<<<----  [OUT]
2020/11/04 13:13:57:620

Connecting Started...

<<<----  [OUT]
2020/11/04 13:13:59:667

I can't connect with the passive [192.168.100.113/5000] error_code:10061 !

<<<----  [OUT]
2020/11/04 13:14:02:151

Connecting Started...

<<<----  [OUT]
2020/11/04 13:14:04:195

I can't connect with the passive [192.168.100.113/5000] error_code:10061 !

<<<----  [OUT]
2020/11/04 13:14:06:683

Connecting Started...

<<<----  [OUT]
2020/11/04 13:14:08:741

I can't connect with the passive [192.168.100.113/5000] error_code:10061 !

<<<----  [OUT]
2020/11/04 13:14:11:231

Connecting Started...

<<<----  [OUT]
2020/11/04 13:14:13:260

I can't connect with the passive [192.168.100.113/5000] error_code:10061 !

<<<----  [OUT]
2020/11/04 13:14:15:745

Connecting Started...

<<<----  [OUT]
2020/11/04 13:14:17:796

I can't connect with the passive [192.168.100.113/5000] error_code:10061 !

<<<----  [OUT]
2020/11/04 13:14:20:277

Connecting Started...

<<<----  [OUT]
2020/11/04 13:14:22:325

I can't connect with the passive [192.168.100.113/5000] error_code:10061 !

<<<----  [OUT]
2020/11/04 13:14:24:809

Connecting Started...

<<<----  [OUT]
2020/11/04 13:14:26:851

I can't connect with the passive [192.168.100.113/5000] error_code:10061 !

<<<----  [OUT]
2020/11/04 13:14:29:338

Connecting Started...

<<<----  [OUT]
2020/11/04 13:14:31:379

I can't connect with the passive [192.168.100.113/5000] error_code:10061 !

<<<----  [OUT]
2020/11/04 13:14:33:870

Connecting Started...

<<<----  [OUT]
2020/11/04 13:14:35:922

I can't connect with the passive [192.168.100.113/5000] error_code:10061 !

<<<----  [OUT]
2020/11/04 13:14:38:402

Connecting Started...

<<<----  [OUT]
2020/11/04 13:14:40:455

I can't connect with the passive [192.168.100.113/5000] error_code:10061 !

<<<----  [OUT]
2020/11/04 13:14:42:932

Connecting Started...

<<<----  [OUT]
2020/11/04 13:14:44:971

I can't connect with the passive [192.168.100.113/5000] error_code:10061 !

<<<----  [OUT]
2020/11/04 13:14:47:448

Connecting Started...

<<<----  [OUT]
2020/11/04 13:14:49:469

I can't connect with the passive [192.168.100.113/5000] error_code:10061 !

<<<----  [OUT]
2020/11/04 13:14:51:948

Connecting Started...

<<<----  [OUT]
2020/11/04 13:14:53:997

I can't connect with the passive [192.168.100.113/5000] error_code:10061 !

<<<----  [OUT]
2020/11/04 13:14:56:481

Connecting Started...

<<<----  [OUT]
2020/11/04 13:14:58:529

I can't connect with the passive [192.168.100.113/5000] error_code:10061 !

<<<----  [OUT]
2020/11/04 13:15:01:012

Connecting Started...

<<<----  [OUT]
2020/11/04 13:15:03:053

I can't connect with the passive [192.168.100.113/5000] error_code:10061 !

<<<----  [OUT]
2020/11/04 13:15:05:541

Connecting Started...

<<<----  [OUT]
2020/11/04 13:15:07:579

I can't connect with the passive [192.168.100.113/5000] error_code:10061 !

<<<----  [OUT]
2020/11/04 13:15:10:057

Connecting Started...

<<<----  [OUT]
2020/11/04 13:15:12:095

I can't connect with the passive [192.168.100.113/5000] error_code:10061 !

<<<----  [OUT]
2020/11/04 13:15:14:574

Connecting Started...

<<<----  [OUT]
2020/11/04 13:15:16:625

I can't connect with the passive [192.168.100.113/5000] error_code:10061 !

<<<----  [OUT]
2020/11/04 13:15:19:105

Connecting Started...

<<<----  [OUT]
2020/11/04 13:15:21:136

I can't connect with the passive [192.168.100.113/5000] error_code:10061 !

<<<----  [OUT]
2020/11/04 13:15:23:620

Connecting Started...

<<<----  [OUT]
2020/11/04 13:15:25:665

I can't connect with the passive [192.168.100.113/5000] error_code:10061 !

<<<----  [OUT]
2020/11/04 13:15:28:151

Connecting Started...

<<<----  [OUT]
2020/11/04 13:15:30:197

I can't connect with the passive [192.168.100.113/5000] error_code:10061 !

<<<----  [OUT]
2020/11/04 13:15:32:682

Connecting Started...

<<<----  [OUT]
2020/11/04 13:15:34:714

I can't connect with the passive [192.168.100.113/5000] error_code:10061 !

<<<----  [OUT]
2020/11/04 13:15:37:198

Connecting Started...

<<<----  [OUT]
2020/11/04 13:15:39:236

I can't connect with the passive [192.168.100.113/5000] error_code:10061 !

<<<----  [OUT]
2020/11/04 13:15:41:714

Connecting Started...

<<<----  [OUT]
2020/11/04 13:15:43:763

I can't connect with the passive [192.168.100.113/5000] error_code:10061 !

<<<----  [OUT]
2020/11/04 13:15:46:246

Connecting Started...

<<<----  [OUT]
2020/11/04 13:15:48:294

I can't connect with the passive [192.168.100.113/5000] error_code:10061 !

<<<----  [OUT]
2020/11/04 13:15:50:778

Connecting Started...

<<<----  [OUT]
2020/11/04 13:15:52:828

I can't connect with the passive [192.168.100.113/5000] error_code:10061 !

<<<----  [OUT]
2020/11/04 13:15:55:308

Connecting Started...

<<<----  [OUT]
2020/11/04 13:15:57:341

I can't connect with the passive [192.168.100.113/5000] error_code:10061 !

<<<----  [OUT]
2020/11/04 13:15:59:825

Connecting Started...

<<<----  [OUT]
2020/11/04 13:16:01:863

I can't connect with the passive [192.168.100.113/5000] error_code:10061 !

<<<----  [OUT]
2020/11/04 13:16:04:338

Connecting Started...

<<<----  [OUT]
2020/11/04 13:16:06:358

I can't connect with the passive [192.168.100.113/5000] error_code:10061 !

<<<----  [OUT]
2020/11/04 13:16:08:838

Connecting Started...

<<<----  [OUT]
2020/11/04 13:16:10:872

I can't connect with the passive [192.168.100.113/5000] error_code:10061 !

<<<----  [OUT]
2020/11/04 13:16:13:355

Connecting Started...

<<<----  [OUT]
2020/11/04 13:16:15:411

I can't connect with the passive [192.168.100.113/5000] error_code:10061 !

<<<----  [OUT]
2020/11/04 13:16:17:902

Connecting Started...

<<<----  [OUT]
2020/11/04 13:16:19:958

I can't connect with the passive [192.168.100.113/5000] error_code:10061 !

<<<----  [OUT]
2020/11/04 13:16:22:449

Connecting Started...

<<<----  [OUT]
2020/11/04 13:16:24:494

I can't connect with the passive [192.168.100.113/5000] error_code:10061 !

<<<----  [OUT]
2020/11/04 13:16:26:979

Connecting Started...

<<<----  [OUT]
2020/11/04 13:16:29:007

I can't connect with the passive [192.168.100.113/5000] error_code:10061 !

<<<----  [OUT]
2020/11/04 13:16:31:495

Connecting Started...

<<<----  [OUT]
2020/11/04 13:16:33:529

I can't connect with the passive [192.168.100.113/5000] error_code:10061 !

<<<----  [OUT]
2020/11/04 13:16:36:012

Connecting Started...

<<<----  [OUT]
2020/11/04 13:16:38:054

I can't connect with the passive [192.168.100.113/5000] error_code:10061 !

<<<----  [OUT]
2020/11/04 13:16:40:542

Connecting Started...

<<<----  [OUT]
2020/11/04 13:16:42:586

I can't connect with the passive [192.168.100.113/5000] error_code:10061 !

<<<----  [OUT]
2020/11/04 13:16:45:074

Connecting Started...

<<<----  [OUT]
2020/11/04 13:16:47:128

I can't connect with the passive [192.168.100.113/5000] error_code:10061 !

<<<----  [OUT]
2020/11/04 13:16:49:605

Connecting Started...

<<<----  [OUT]
2020/11/04 13:16:51:649

I can't connect with the passive [192.168.100.113/5000] error_code:10061 !

<<<----  [OUT]
2020/11/04 13:16:54:136

Connecting Started...

<<<----  [OUT]
2020/11/04 13:16:56:182

I can't connect with the passive [192.168.100.113/5000] error_code:10061 !

<<<----  [OUT]
2020/11/04 13:16:58:667

Connecting Started...

<<<----  [OUT]
2020/11/04 13:17:00:713

I can't connect with the passive [192.168.100.113/5000] error_code:10061 !

<<<----  [OUT]
2020/11/04 13:17:03:198

Connecting Started...

<<<----  [OUT]
2020/11/04 13:17:05:230

I can't connect with the passive [192.168.100.113/5000] error_code:10061 !

<<<----  [OUT]
2020/11/04 13:17:07:715

Connecting Started...

<<<----  [OUT]
2020/11/04 13:17:09:756

I can't connect with the passive [192.168.100.113/5000] error_code:10061 !

<<<----  [OUT]
2020/11/04 13:17:12:245

Connecting Started...

<<<----  [OUT]
2020/11/04 13:17:14:277

I can't connect with the passive [192.168.100.113/5000] error_code:10061 !

<<<----  [OUT]
2020/11/04 13:17:16:762

Connecting Started...

<<<----  [OUT]
2020/11/04 13:17:18:812

I can't connect with the passive [192.168.100.113/5000] error_code:10061 !

<<<----  [OUT]
2020/11/04 13:17:21:292

Connecting Started...

<<<----  [OUT]
2020/11/04 13:17:23:328

I can't connect with the passive [192.168.100.113/5000] error_code:10061 !

<<<----  [OUT]
2020/11/04 13:17:25:809

Connecting Started...

<<<----  [OUT]
2020/11/04 13:17:27:849

I can't connect with the passive [192.168.100.113/5000] error_code:10061 !

<<<----  [OUT]
2020/11/04 13:17:30:339

Connecting Started...

<<<----  [OUT]
2020/11/04 13:17:32:372

I can't connect with the passive [192.168.100.113/5000] error_code:10061 !

<<<----  [OUT]
2020/11/04 13:17:34:855

Connecting Started...

<<<----  [OUT]
2020/11/04 13:17:36:891

I can't connect with the passive [192.168.100.113/5000] error_code:10061 !

<<<----  [OUT]
2020/11/04 13:17:39:371

Connecting Started...

<<<----  [OUT]
2020/11/04 13:17:41:419

I can't connect with the passive [192.168.100.113/5000] error_code:10061 !

<<<----  [OUT]
2020/11/04 13:17:43:902

Connecting Started...

<<<----  [OUT]
2020/11/04 13:17:45:961

I can't connect with the passive [192.168.100.113/5000] error_code:10061 !

<<<----  [OUT]
2020/11/04 13:17:48:449

Connecting Started...

<<<----  [OUT]
2020/11/04 13:17:50:496

I can't connect with the passive [192.168.100.113/5000] error_code:10061 !

<<<----  [OUT]
2020/11/04 13:17:52:979

Connecting Started...

<<<----  [OUT]
2020/11/04 13:17:55:019

I can't connect with the passive [192.168.100.113/5000] error_code:10061 !

<<<----  [OUT]
2020/11/04 13:17:57:511

Connecting Started...

<<<----  [OUT]
2020/11/04 13:17:59:553

I can't connect with the passive [192.168.100.113/5000] error_code:10061 !

<<<----  [OUT]
2020/11/04 13:18:02:042

Connecting Started...

<<<----  [OUT]
2020/11/04 13:18:04:084

I can't connect with the passive [192.168.100.113/5000] error_code:10061 !

<<<----  [OUT]
2020/11/04 13:18:06:573

Connecting Started...

<<<----  [OUT]
2020/11/04 13:18:08:610

I can't connect with the passive [192.168.100.113/5000] error_code:10061 !

<<<----  [OUT]
2020/11/04 13:18:11:089

Connecting Started...

<<<----  [OUT]
2020/11/04 13:18:13:132

I can't connect with the passive [192.168.100.113/5000] error_code:10061 !

<<<----  [OUT]
2020/11/04 13:18:15:620

Connecting Started...

<<<----  [OUT]
2020/11/04 13:18:17:659

I can't connect with the passive [192.168.100.113/5000] error_code:10061 !

<<<----  [OUT]
2020/11/04 13:18:20:135

Connecting Started...

<<<----  [OUT]
2020/11/04 13:18:22:163

I can't connect with the passive [192.168.100.113/5000] error_code:10061 !

<<<----  [OUT]
2020/11/04 13:18:24:651

Connecting Started...

<<<----  [OUT]
2020/11/04 13:18:26:699

I can't connect with the passive [192.168.100.113/5000] error_code:10061 !

<<<----  [OUT]
2020/11/04 13:18:29:183

Connecting Started...

<<<----  [OUT]
2020/11/04 13:18:31:211

I can't connect with the passive [192.168.100.113/5000] error_code:10061 !

<<<----  [OUT]
2020/11/04 13:18:33:699

Connecting Started...

<<<----  [OUT]
2020/11/04 13:18:35:746

I can't connect with the passive [192.168.100.113/5000] error_code:10061 !

<<<----  [OUT]
2020/11/04 13:18:38:230

Connecting Started...

<<<----  [OUT]
2020/11/04 13:18:40:277

I can't connect with the passive [192.168.100.113/5000] error_code:10061 !

<<<----  [OUT]
2020/11/04 13:18:42:761

Connecting Started...

<<<----  [OUT]
2020/11/04 13:18:44:806

I can't connect with the passive [192.168.100.113/5000] error_code:10061 !

<<<----  [OUT]
2020/11/04 13:18:47:292

Connecting Started...

<<<----  [OUT]
2020/11/04 13:18:49:326

I can't connect with the passive [192.168.100.113/5000] error_code:10061 !

<<<----  [OUT]
2020/11/04 13:18:51:808

Connecting Started...

<<<----  [OUT]
2020/11/04 13:18:53:845

I can't connect with the passive [192.168.100.113/5000] error_code:10061 !

<<<----  [OUT]
2020/11/04 13:18:56:323

Connecting Started...

<<<----  [OUT]
2020/11/04 13:18:58:366

I can't connect with the passive [192.168.100.113/5000] error_code:10061 !

<<<----  [OUT]
2020/11/04 13:19:00:854

Connecting Started...

<<<----  [OUT]
2020/11/04 13:19:02:898

I can't connect with the passive [192.168.100.113/5000] error_code:10061 !

<<<----  [OUT]
2020/11/04 13:19:05:385

Connecting Started...

<<<----  [OUT]
2020/11/04 13:19:07:430

I can't connect with the passive [192.168.100.113/5000] error_code:10061 !

<<<----  [OUT]
2020/11/04 13:19:09:916

Connecting Started...

<<<----  [OUT]
2020/11/04 13:19:11:952

I can't connect with the passive [192.168.100.113/5000] error_code:10061 !

<<<----  [OUT]
2020/11/04 13:19:14:433

Connecting Started...

<<<----  [OUT]
2020/11/04 13:19:16:476

I can't connect with the passive [192.168.100.113/5000] error_code:10061 !

<<<----  [OUT]
2020/11/04 13:19:18:965

Connecting Started...

<<<----  [OUT]
2020/11/04 13:19:21:009

I can't connect with the passive [192.168.100.113/5000] error_code:10061 !

<<<----  [OUT]
2020/11/04 13:19:23:495

Connecting Started...

<<<----  [OUT]
2020/11/04 13:19:25:541

I can't connect with the passive [192.168.100.113/5000] error_code:10061 !

<<<----  [OUT]
2020/11/04 13:19:28:026

Connecting Started...

<<<----  [OUT]
2020/11/04 13:19:30:057

I can't connect with the passive [192.168.100.113/5000] error_code:10061 !

<<<----  [OUT]
2020/11/04 13:19:32:542

Connecting Started...

<<<----  [OUT]
2020/11/04 13:19:34:582

I can't connect with the passive [192.168.100.113/5000] error_code:10061 !

<<<----  [OUT]
2020/11/04 13:19:37:073

Connecting Started...

<<<----  [OUT]
2020/11/04 13:19:39:120

I can't connect with the passive [192.168.100.113/5000] error_code:10061 !

<<<----  [OUT]
2020/11/04 13:19:41:606

Connecting Started...

<<<----  [OUT]
2020/11/04 13:19:43:638

I can't connect with the passive [192.168.100.113/5000] error_code:10061 !

<<<----  [OUT]
2020/11/04 13:19:46:119

Connecting Started...

<<<----  [OUT]
2020/11/04 13:19:48:153

I can't connect with the passive [192.168.100.113/5000] error_code:10061 !

<<<----  [OUT]
2020/11/04 13:19:50:636

Connecting Started...

<<<----  [OUT]
2020/11/04 13:19:52:683

I can't connect with the passive [192.168.100.113/5000] error_code:10061 !

<<<----  [OUT]
2020/11/04 13:19:55:167

Connecting Started...

<<<----  [OUT]
2020/11/04 13:19:57:217

I can't connect with the passive [192.168.100.113/5000] error_code:10061 !

<<<----  [OUT]
2020/11/04 13:19:59:699

Connecting Started...

<<<----  [OUT]
2020/11/04 13:20:01:734

I can't connect with the passive [192.168.100.113/5000] error_code:10061 !

<<<----  [OUT]
2020/11/04 13:20:04:215

Connecting Started...

<<<----  [OUT]
2020/11/04 13:20:06:251

I can't connect with the passive [192.168.100.113/5000] error_code:10061 !

<<<----  [OUT]
2020/11/04 13:20:08:730

Connecting Started...

<<<----  [OUT]
2020/11/04 13:20:10:785

I can't connect with the passive [192.168.100.113/5000] error_code:10061 !

<<<----  [OUT]
2020/11/04 13:20:13:261

Connecting Started...

<<<----  [OUT]
2020/11/04 13:20:15:307

I can't connect with the passive [192.168.100.113/5000] error_code:10061 !

<<<----  [OUT]
2020/11/04 13:20:17:792

Connecting Started...

<<<----  [OUT]
2020/11/04 13:20:19:826

I can't connect with the passive [192.168.100.113/5000] error_code:10061 !

<<<----  [OUT]
2020/11/04 13:20:22:308

Connecting Started...

<<<----  [OUT]
2020/11/04 13:20:24:336

I can't connect with the passive [192.168.100.113/5000] error_code:10061 !

<<<----  [OUT]
2020/11/04 13:20:26:823

Connecting Started...

<<<----  [OUT]
2020/11/04 13:20:28:861

I can't connect with the passive [192.168.100.113/5000] error_code:10061 !

<<<----  [OUT]
2020/11/04 13:20:31:339

Connecting Started...

<<<----  [OUT]
2020/11/04 13:20:33:392

I can't connect with the passive [192.168.100.113/5000] error_code:10061 !

<<<----  [OUT]
2020/11/04 13:20:35:870

Connecting Started...

<<<----  [OUT]
2020/11/04 13:20:37:912

I can't connect with the passive [192.168.100.113/5000] error_code:10061 !

<<<----  [OUT]
2020/11/04 13:20:40:402

Connecting Started...

<<<----  [OUT]
2020/11/04 13:20:42:447

I can't connect with the passive [192.168.100.113/5000] error_code:10061 !

<<<----  [OUT]
2020/11/04 13:20:44:932

Connecting Started...

<<<----  [OUT]
2020/11/04 13:20:46:968

I can't connect with the passive [192.168.100.113/5000] error_code:10061 !

<<<----  [OUT]
2020/11/04 13:20:49:448

Connecting Started...

<<<----  [OUT]
2020/11/04 13:20:51:487

I can't connect with the passive [192.168.100.113/5000] error_code:10061 !

<<<----  [OUT]
2020/11/04 13:20:53:965

Connecting Started...

<<<----  [OUT]
2020/11/04 13:20:56:014

I can't connect with the passive [192.168.100.113/5000] error_code:10061 !

<<<----  [OUT]
2020/11/04 13:20:58:495

Connecting Started...

<<<----  [OUT]
2020/11/04 13:21:00:540

I can't connect with the passive [192.168.100.113/5000] error_code:10061 !

<<<----  [OUT]
2020/11/04 13:21:03:027

Connecting Started...

<<<----  [OUT]
2020/11/04 13:21:05:087

I can't connect with the passive [192.168.100.113/5000] error_code:10061 !

<<<----  [OUT]
2020/11/04 13:21:07:574

Connecting Started...

<<<----  [OUT]
2020/11/04 13:21:09:630

I can't connect with the passive [192.168.100.113/5000] error_code:10061 !

<<<----  [OUT]
2020/11/04 13:21:12:120

Connecting Started...

<<<----  [OUT]
2020/11/04 13:21:14:153

I can't connect with the passive [192.168.100.113/5000] error_code:10061 !

<<<----  [OUT]
2020/11/04 13:21:16:636

Connecting Started...

<<<----  [OUT]
2020/11/04 13:21:18:692

I can't connect with the passive [192.168.100.113/5000] error_code:10061 !

<<<----  [OUT]
2020/11/04 13:21:21:183

Connecting Started...

<<<----  [OUT]
2020/11/04 13:21:23:213

I can't connect with the passive [192.168.100.113/5000] error_code:10061 !

<<<----  [OUT]
2020/11/04 13:21:25:699

Connecting Started...

<<<----  [OUT]
2020/11/04 13:21:27:744

I can't connect with the passive [192.168.100.113/5000] error_code:10061 !

<<<----  [OUT]
2020/11/04 13:21:30:230

Connecting Started...

<<<----  [OUT]
2020/11/04 13:21:32:276

I can't connect with the passive [192.168.100.113/5000] error_code:10061 !

<<<----  [OUT]
2020/11/04 13:21:34:761

Connecting Started...

<<<----  [OUT]
2020/11/04 13:21:36:808

I can't connect with the passive [192.168.100.113/5000] error_code:10061 !

<<<----  [OUT]
2020/11/04 13:21:39:292

Connecting Started...

<<<----  [OUT]
2020/11/04 13:21:41:336

I can't connect with the passive [192.168.100.113/5000] error_code:10061 !

<<<----  [OUT]
2020/11/04 13:21:43:824

Connecting Started...

<<<----  [OUT]
2020/11/04 13:21:45:864

I can't connect with the passive [192.168.100.113/5000] error_code:10061 !

<<<----  [OUT]
2020/11/04 13:21:48:355

Connecting Started...

<<<----  [OUT]
2020/11/04 13:21:50:403

I can't connect with the passive [192.168.100.113/5000] error_code:10061 !

<<<----  [OUT]
2020/11/04 13:21:52:886

Connecting Started...

<<<----  [OUT]
2020/11/04 13:21:54:925

I can't connect with the passive [192.168.100.113/5000] error_code:10061 !

<<<----  [OUT]
2020/11/04 13:21:57:403

Connecting Started...

<<<----  [OUT]
2020/11/04 13:21:59:430

I can't connect with the passive [192.168.100.113/5000] error_code:10061 !

<<<----  [OUT]
2020/11/04 13:22:01:917

Connecting Started...

<<<----  [OUT]
2020/11/04 13:22:03:963

I can't connect with the passive [192.168.100.113/5000] error_code:10061 !

<<<----  [OUT]
2020/11/04 13:22:06:449

Connecting Started...

<<<----  [OUT]
2020/11/04 13:22:08:491

I can't connect with the passive [192.168.100.113/5000] error_code:10061 !

<<<----  [OUT]
2020/11/04 13:22:10:979

Connecting Started...

<<<----  [OUT]
2020/11/04 13:22:13:021

I can't connect with the passive [192.168.100.113/5000] error_code:10061 !

<<<----  [OUT]
2020/11/04 13:22:15:511

Connecting Started...

<<<----  [OUT]
2020/11/04 13:22:17:570

I can't connect with the passive [192.168.100.113/5000] error_code:10061 !

<<<----  [OUT]
2020/11/04 13:22:20:058

Connecting Started...

<<<----  [OUT]
2020/11/04 13:22:22:102

I can't connect with the passive [192.168.100.113/5000] error_code:10061 !

<<<----  [OUT]
2020/11/04 13:22:24:590

Connecting Started...

<<<----  [OUT]
2020/11/04 13:22:26:640

I can't connect with the passive [192.168.100.113/5000] error_code:10061 !

<<<----  [OUT]
2020/11/04 13:22:29:121

Connecting Started...

<<<----  [OUT]
2020/11/04 13:22:31:167

I can't connect with the passive [192.168.100.113/5000] error_code:10061 !

<<<----  [OUT]
2020/11/04 13:22:33:651

Connecting Started...

<<<----  [OUT]
2020/11/04 13:22:35:692

I can't connect with the passive [192.168.100.113/5000] error_code:10061 !

<<<----  [OUT]
2020/11/04 13:22:38:183

Connecting Started...

<<<----  [OUT]
2020/11/04 13:22:40:226

I can't connect with the passive [192.168.100.113/5000] error_code:10061 !

<<<----  [OUT]
2020/11/04 13:22:42:714

Connecting Started...

<<<----  [OUT]
2020/11/04 13:22:44:763

I can't connect with the passive [192.168.100.113/5000] error_code:10061 !

<<<----  [OUT]
2020/11/04 13:22:47:245

Connecting Started...

<<<----  [OUT]
2020/11/04 13:22:49:292

I can't connect with the passive [192.168.100.113/5000] error_code:10061 !

<<<----  [OUT]
2020/11/04 13:22:51:776

Connecting Started...

<<<----  [OUT]
2020/11/04 13:22:53:814

I can't connect with the passive [192.168.100.113/5000] error_code:10061 !

<<<----  [OUT]
2020/11/04 13:22:56:292

Connecting Started...

<<<----  [OUT]
2020/11/04 13:22:58:337

I can't connect with the passive [192.168.100.113/5000] error_code:10061 !

<<<----  [OUT]
2020/11/04 13:23:00:823

Connecting Started...

<<<----  [OUT]
2020/11/04 13:23:02:871

I can't connect with the passive [192.168.100.113/5000] error_code:10061 !

<<<----  [OUT]
2020/11/04 13:23:05:354

Connecting Started...

<<<----  [OUT]
2020/11/04 13:23:07:402

I can't connect with the passive [192.168.100.113/5000] error_code:10061 !

<<<----  [OUT]
2020/11/04 13:23:09:886

Connecting Started...

<<<----  [OUT]
2020/11/04 13:23:11:923

I can't connect with the passive [192.168.100.113/5000] error_code:10061 !

<<<----  [OUT]
2020/11/04 13:23:14:402

Connecting Started...

<<<----  [OUT]
2020/11/04 13:23:16:429

I can't connect with the passive [192.168.100.113/5000] error_code:10061 !

<<<----  [OUT]
2020/11/04 13:23:18:917

Connecting Started...

<<<----  [OUT]
2020/11/04 13:23:20:956

I can't connect with the passive [192.168.100.113/5000] error_code:10061 !

<<<----  [OUT]
2020/11/04 13:23:23:433

Connecting Started...

<<<----  [OUT]
2020/11/04 13:23:44:467

I can't connect with the passive [192.168.100.113/5000] error_code:10060 !

<<<----  [OUT]
2020/11/04 13:23:46:949

Connecting Started...

<<<----  [OUT]
2020/11/04 13:24:07:986

I can't connect with the passive [192.168.100.113/5000] error_code:10060 !

<<<----  [OUT]
2020/11/04 13:24:10:464

Connecting Started...

<<<----  [OUT]
2020/11/04 13:24:31:501

I can't connect with the passive [192.168.100.113/5000] error_code:10060 !

<<<----  [OUT]
2020/11/04 13:24:33:980

Connecting Started...

<<<----  [OUT]
2020/11/04 13:24:55:014

I can't connect with the passive [192.168.100.113/5000] error_code:10060 !

<<<----  [OUT]
2020/11/04 13:24:57:496

Connecting Started...

<<<----  [OUT]
2020/11/04 13:25:18:536

I can't connect with the passive [192.168.100.113/5000] error_code:10060 !

<<<----  [OUT]
2020/11/04 13:25:21:027

Connecting Started...

<<<----  [OUT]
2020/11/04 13:25:42:062

I can't connect with the passive [192.168.100.113/5000] error_code:10060 !

<<<----  [OUT]
2020/11/04 13:25:44:541

Connecting Started...

<<<----  [OUT]
2020/11/04 13:26:05:578

I can't connect with the passive [192.168.100.113/5000] error_code:10060 !

<<<----  [OUT]
2020/11/04 13:26:08:058

Connecting Started...

<<<----  [OUT]
2020/11/04 13:26:29:106

I can't connect with the passive [192.168.100.113/5000] error_code:10060 !

<<<----  [OUT]
2020/11/04 13:26:31:589

Connecting Started...

<<<----  [OUT]
2020/11/04 13:26:52:619

I can't connect with the passive [192.168.100.113/5000] error_code:10060 !

<<<----  [OUT]
2020/11/04 13:26:55:105

Connecting Started...

<<<----  [OUT]
2020/11/04 13:27:16:140

I can't connect with the passive [192.168.100.113/5000] error_code:10060 !

<<<----  [OUT]
2020/11/04 13:27:18:621

Connecting Started...

<<<----  [OUT]
2020/11/04 13:27:39:659

I can't connect with the passive [192.168.100.113/5000] error_code:10060 !

<<<----  [OUT]
2020/11/04 13:27:42:136

Connecting Started...

<<<----  [OUT]
2020/11/04 13:28:03:181

I can't connect with the passive [192.168.100.113/5000] error_code:10060 !

<<<----  [OUT]
2020/11/04 13:28:05:668

Connecting Started...

<<<----  [OUT]
2020/11/04 13:28:26:713

I can't connect with the passive [192.168.100.113/5000] error_code:10060 !

<<<----  [OUT]
2020/11/04 13:28:29:198

Connecting Started...

<<<----  [OUT]
2020/11/04 13:28:50:230

I can't connect with the passive [192.168.100.113/5000] error_code:10060 !

<<<----  [OUT]
2020/11/04 13:28:52:713

Connecting Started...

<<<----  [OUT]
2020/11/04 13:29:13:768

I can't connect with the passive [192.168.100.113/5000] error_code:10060 !

<<<----  [OUT]
2020/11/04 13:29:16:245

Connecting Started...

<<<----  [OUT]
2020/11/04 13:29:37:283

I can't connect with the passive [192.168.100.113/5000] error_code:10060 !

<<<----  [OUT]
2020/11/04 13:29:39:761

Connecting Started...

<<<----  [OUT]
2020/11/04 13:30:00:810

I can't connect with the passive [192.168.100.113/5000] error_code:10060 !

<<<----  [OUT]
2020/11/04 13:30:03:292

Connecting Started...

<<<----  [OUT]
2020/11/04 13:30:24:338

I can't connect with the passive [192.168.100.113/5000] error_code:10060 !

<<<----  [OUT]
2020/11/04 13:30:26:823

Connecting Started...

<<<----  [OUT]
2020/11/04 13:30:47:866

I can't connect with the passive [192.168.100.113/5000] error_code:10060 !

<<<----  [OUT]
2020/11/04 13:30:50:354

Connecting Started...

<<<----  [OUT]
2020/11/04 13:31:11:395

I can't connect with the passive [192.168.100.113/5000] error_code:10060 !

<<<----  [OUT]
2020/11/04 13:31:13:886

Connecting Started...

<<<----  [OUT]
2020/11/04 13:31:34:912

I can't connect with the passive [192.168.100.113/5000] error_code:10060 !

<<<----  [OUT]
2020/11/04 13:31:37:401

Connecting Started...

<<<----  [OUT]
2020/11/04 13:31:58:421

I can't connect with the passive [192.168.100.113/5000] error_code:10060 !

<<<----  [OUT]
2020/11/04 13:32:00:901

Connecting Started...

<<<----  [OUT]
2020/11/04 13:32:21:923

I can't connect with the passive [192.168.100.113/5000] error_code:10060 !

<<<----  [OUT]
2020/11/04 13:32:24:402

Connecting Started...

<<<----  [OUT]
2020/11/04 13:32:45:449

I can't connect with the passive [192.168.100.113/5000] error_code:10060 !

<<<----  [OUT]
2020/11/04 13:32:47:934

Connecting Started...

<<<----  [OUT]
2020/11/04 13:33:08:958

I can't connect with the passive [192.168.100.113/5000] error_code:10060 !

<<<----  [OUT]
2020/11/04 13:33:11:449

Connecting Started...

<<<----  [OUT]
2020/11/04 13:33:32:492

I can't connect with the passive [192.168.100.113/5000] error_code:10060 !

<<<----  [OUT]
2020/11/04 13:33:34:980

Connecting Started...

<<<----  [OUT]
2020/11/04 13:33:56:017

I can't connect with the passive [192.168.100.113/5000] error_code:10060 !

<<<----  [OUT]
2020/11/04 13:33:58:496

Connecting Started...

<<<----  [OUT]
2020/11/04 13:34:19:531

I can't connect with the passive [192.168.100.113/5000] error_code:10060 !

<<<----  [OUT]
2020/11/04 13:34:22:011

Connecting Started...

<<<----  [OUT]
2020/11/04 13:34:43:050

I can't connect with the passive [192.168.100.113/5000] error_code:10060 !

<<<----  [OUT]
2020/11/04 13:34:45:526

Connecting Started...

<<<----  [OUT]
2020/11/04 13:35:06:559

I can't connect with the passive [192.168.100.113/5000] error_code:10060 !

<<<----  [OUT]
2020/11/04 13:35:09:042

Connecting Started...

<<<----  [OUT]
2020/11/04 13:35:30:068

I can't connect with the passive [192.168.100.113/5000] error_code:10060 !

<<<----  [OUT]
2020/11/04 13:35:32:559

Connecting Started...

<<<----  [OUT]
2020/11/04 13:35:53:598

I can't connect with the passive [192.168.100.113/5000] error_code:10060 !

<<<----  [OUT]
2020/11/04 13:35:56:090

Connecting Started...

<<<----  [OUT]
2020/11/04 13:36:17:123

I can't connect with the passive [192.168.100.113/5000] error_code:10060 !

<<<----  [OUT]
2020/11/04 13:36:19:605

Connecting Started...

<<<----  [OUT]
2020/11/04 13:36:40:653

I can't connect with the passive [192.168.100.113/5000] error_code:10060 !

<<<----  [OUT]
2020/11/04 13:36:43:136

Connecting Started...

<<<----  [OUT]
2020/11/04 13:37:04:186

I can't connect with the passive [192.168.100.113/5000] error_code:10060 !

<<<----  [OUT]
2020/11/04 13:37:06:667

Connecting Started...

<<<----  [OUT]
2020/11/04 13:37:27:708

I can't connect with the passive [192.168.100.113/5000] error_code:10060 !

<<<----  [OUT]
2020/11/04 13:37:30:199

Connecting Started...

<<<----  [OUT]
2020/11/04 13:37:51:222

I can't connect with the passive [192.168.100.113/5000] error_code:10060 !

<<<----  [OUT]
2020/11/04 13:37:53:699

Connecting Started...

<<<----  [OUT]
2020/11/04 13:38:14:720

I can't connect with the passive [192.168.100.113/5000] error_code:10060 !

<<<----  [OUT]
2020/11/04 13:38:17:199

Connecting Started...

<<<----  [OUT]
2020/11/04 13:38:38:239

I can't connect with the passive [192.168.100.113/5000] error_code:10060 !

<<<----  [OUT]
2020/11/04 13:38:40:730

Connecting Started...

<<<----  [OUT]
2020/11/04 13:39:01:774

I can't connect with the passive [192.168.100.113/5000] error_code:10060 !

<<<----  [OUT]
2020/11/04 13:39:04:262

Connecting Started...

<<<----  [OUT]
2020/11/04 13:39:25:298

I can't connect with the passive [192.168.100.113/5000] error_code:10060 !

<<<----  [OUT]
2020/11/04 13:39:27:777

Connecting Started...

<<<----  [OUT]
2020/11/04 13:39:48:833

I can't connect with the passive [192.168.100.113/5000] error_code:10060 !

<<<----  [OUT]
2020/11/04 13:39:51:323

Connecting Started...

<<<----  [OUT]
2020/11/04 13:40:12:371

I can't connect with the passive [192.168.100.113/5000] error_code:10060 !

<<<----  [OUT]
2020/11/04 13:40:14:855

Connecting Started...

<<<----  [OUT]
2020/11/04 13:40:35:885

I can't connect with the passive [192.168.100.113/5000] error_code:10060 !

<<<----  [OUT]
2020/11/04 13:40:38:371

Connecting Started...

<<<----  [OUT]
2020/11/04 13:40:59:398

I can't connect with the passive [192.168.100.113/5000] error_code:10060 !

<<<----  [OUT]
2020/11/04 13:41:01:885

Connecting Started...

<<<----  [OUT]
2020/11/04 13:41:22:923

I can't connect with the passive [192.168.100.113/5000] error_code:10060 !

<<<----  [OUT]
2020/11/04 13:41:25:401

Connecting Started...

<<<----  [OUT]
2020/11/04 13:41:46:436

I can't connect with the passive [192.168.100.113/5000] error_code:10060 !

<<<----  [OUT]
2020/11/04 13:41:48:916

Connecting Started...

<<<----  [OUT]
2020/11/04 13:42:09:960

I can't connect with the passive [192.168.100.113/5000] error_code:10060 !

<<<----  [OUT]
2020/11/04 13:42:12:448

Connecting Started...

<<<----  [OUT]
2020/11/04 13:42:33:499

I can't connect with the passive [192.168.100.113/5000] error_code:10060 !

<<<----  [OUT]
2020/11/04 13:42:35:981

Connecting Started...

<<<----  [OUT]
2020/11/04 13:42:57:014

I can't connect with the passive [192.168.100.113/5000] error_code:10060 !

<<<----  [OUT]
2020/11/04 13:42:59:495

Connecting Started...

<<<----  [OUT]
2020/11/04 13:43:20:530

I can't connect with the passive [192.168.100.113/5000] error_code:10060 !

<<<----  [OUT]
2020/11/04 13:43:23:012

Connecting Started...

<<<----  [OUT]
2020/11/04 13:43:44:050

I can't connect with the passive [192.168.100.113/5000] error_code:10060 !

<<<----  [OUT]
2020/11/04 13:43:46:526

Connecting Started...

<<<----  [OUT]
2020/11/04 13:44:07:553

I can't connect with the passive [192.168.100.113/5000] error_code:10060 !

<<<----  [OUT]
2020/11/04 13:44:10:042

Connecting Started...

<<<----  [OUT]
2020/11/04 13:44:31:074

I can't connect with the passive [192.168.100.113/5000] error_code:10060 !

<<<----  [OUT]
2020/11/04 13:44:33:557

Connecting Started...

<<<----  [OUT]
2020/11/04 13:44:54:586

I can't connect with the passive [192.168.100.113/5000] error_code:10060 !

<<<----  [OUT]
2020/11/04 13:44:57:074

Connecting Started...

<<<----  [OUT]
2020/11/04 13:45:18:117

I can't connect with the passive [192.168.100.113/5000] error_code:10060 !

<<<----  [OUT]
2020/11/04 13:45:20:605

Connecting Started...

<<<----  [OUT]
2020/11/04 13:45:41:633

I can't connect with the passive [192.168.100.113/5000] error_code:10060 !

<<<----  [OUT]
2020/11/04 13:45:44:121

Connecting Started...

<<<----  [OUT]
2020/11/04 13:46:05:139

I can't connect with the passive [192.168.100.113/5000] error_code:10060 !

<<<----  [OUT]
2020/11/04 13:46:07:621

Connecting Started...

<<<----  [OUT]
2020/11/04 13:46:28:652

I can't connect with the passive [192.168.100.113/5000] error_code:10060 !

<<<----  [OUT]
2020/11/04 13:46:31:136

Connecting Started...

<<<----  [OUT]
2020/11/04 13:46:52:188

I can't connect with the passive [192.168.100.113/5000] error_code:10060 !

<<<----  [OUT]
2020/11/04 13:46:54:667

Connecting Started...

<<<----  [OUT]
2020/11/04 13:47:15:689

I can't connect with the passive [192.168.100.113/5000] error_code:10060 !

<<<----  [OUT]
2020/11/04 13:47:18:166

Connecting Started...

<<<----  [OUT]
2020/11/04 13:47:39:197

I can't connect with the passive [192.168.100.113/5000] error_code:10060 !

<<<----  [OUT]
2020/11/04 13:47:41:683

Connecting Started...

<<<----  [OUT]
2020/11/04 13:48:02:730

I can't connect with the passive [192.168.100.113/5000] error_code:10060 !

<<<----  [OUT]
2020/11/04 13:48:05:215

Connecting Started...

<<<----  [OUT]
2020/11/04 13:48:26:263

I can't connect with the passive [192.168.100.113/5000] error_code:10060 !

<<<----  [OUT]
2020/11/04 13:48:28:746

Connecting Started...

<<<----  [OUT]
2020/11/04 13:48:49:790

I can't connect with the passive [192.168.100.113/5000] error_code:10060 !

<<<----  [OUT]
2020/11/04 13:48:52:277

Connecting Started...

<<<----  [OUT]
2020/11/04 13:49:13:311

I can't connect with the passive [192.168.100.113/5000] error_code:10060 !

<<<----  [OUT]
2020/11/04 13:49:15:793

Connecting Started...

<<<----  [OUT]
2020/11/04 13:49:36:841

I can't connect with the passive [192.168.100.113/5000] error_code:10060 !

<<<----  [OUT]
2020/11/04 13:49:39:323

Connecting Started...

<<<----  [OUT]
2020/11/04 13:50:00:346

I can't connect with the passive [192.168.100.113/5000] error_code:10060 !

<<<----  [OUT]
2020/11/04 13:50:02:823

Connecting Started...

<<<----  [OUT]
2020/11/04 13:50:23:865

I can't connect with the passive [192.168.100.113/5000] error_code:10060 !

<<<----  [OUT]
2020/11/04 13:50:26:355

Connecting Started...

<<<----  [OUT]
2020/11/04 13:50:47:394

I can't connect with the passive [192.168.100.113/5000] error_code:10060 !

<<<----  [OUT]
2020/11/04 13:50:49:869

Connecting Started...

<<<----  [OUT]
2020/11/04 13:51:10:901

I can't connect with the passive [192.168.100.113/5000] error_code:10060 !

<<<----  [OUT]
2020/11/04 13:51:13:386

Connecting Started...

<<<----  [OUT]
2020/11/04 13:51:34:415

I can't connect with the passive [192.168.100.113/5000] error_code:10060 !

<<<----  [OUT]
2020/11/04 13:51:36:902

Connecting Started...

<<<----  [OUT]
2020/11/04 13:51:57:936

I can't connect with the passive [192.168.100.113/5000] error_code:10060 !

<<<----  [OUT]
2020/11/04 13:52:00:417

Connecting Started...

<<<----  [OUT]
2020/11/04 13:52:21:444

I can't connect with the passive [192.168.100.113/5000] error_code:10060 !

<<<----  [OUT]
2020/11/04 13:52:23:932

Connecting Started...

<<<----  [OUT]
2020/11/04 13:52:44:953

I can't connect with the passive [192.168.100.113/5000] error_code:10060 !

<<<----  [OUT]
2020/11/04 13:52:47:432

Connecting Started...

<<<----  [OUT]
2020/11/04 13:53:08:476

I can't connect with the passive [192.168.100.113/5000] error_code:10060 !

<<<----  [OUT]
2020/11/04 13:53:10:964

Connecting Started...

<<<----  [OUT]
2020/11/04 13:53:32:016

I can't connect with the passive [192.168.100.113/5000] error_code:10060 !

<<<----  [OUT]
2020/11/04 13:53:34:495

Connecting Started...

<<<----  [OUT]
2020/11/04 13:53:55:526

I can't connect with the passive [192.168.100.113/5000] error_code:10060 !

<<<----  [OUT]
2020/11/04 13:53:58:010

Connecting Started...

<<<----  [OUT]
2020/11/04 13:54:19:034

I can't connect with the passive [192.168.100.113/5000] error_code:10060 !

<<<----  [OUT]
2020/11/04 13:54:21:511

Connecting Started...

<<<----  [OUT]
2020/11/04 13:54:42:558

I can't connect with the passive [192.168.100.113/5000] error_code:10060 !

<<<----  [OUT]
2020/11/04 13:54:45:043

Connecting Started...

<<<----  [OUT]
2020/11/04 13:55:06:079

I can't connect with the passive [192.168.100.113/5000] error_code:10060 !

<<<----  [OUT]
2020/11/04 13:55:08:558

Connecting Started...

<<<----  [OUT]
2020/11/04 13:55:29:585

I can't connect with the passive [192.168.100.113/5000] error_code:10060 !

<<<----  [OUT]
2020/11/04 13:55:32:074

Connecting Started...

<<<----  [OUT]
2020/11/04 13:55:53:104

I can't connect with the passive [192.168.100.113/5000] error_code:10060 !

<<<----  [OUT]
2020/11/04 13:55:55:588

Connecting Started...

<<<----  [OUT]
2020/11/04 13:56:16:624

I can't connect with the passive [192.168.100.113/5000] error_code:10060 !

<<<----  [OUT]
2020/11/04 13:56:19:104

Connecting Started...

<<<----  [OUT]
2020/11/04 13:56:40:142

I can't connect with the passive [192.168.100.113/5000] error_code:10060 !

<<<----  [OUT]
2020/11/04 13:56:42:620

Connecting Started...

<<<----  [OUT]
2020/11/04 13:57:03:662

I can't connect with the passive [192.168.100.113/5000] error_code:10060 !

<<<----  [OUT]
2020/11/04 13:57:06:153

Connecting Started...

<<<----  [OUT]
2020/11/04 13:57:27:182

I can't connect with the passive [192.168.100.113/5000] error_code:10060 !

<<<----  [OUT]
2020/11/04 13:57:29:667

Connecting Started...

<<<----  [OUT]
2020/11/04 13:57:50:689

I can't connect with the passive [192.168.100.113/5000] error_code:10060 !

<<<----  [OUT]
2020/11/04 13:57:53:167

Connecting Started...

<<<----  [OUT]
2020/11/04 13:58:14:214

I can't connect with the passive [192.168.100.113/5000] error_code:10060 !

<<<----  [OUT]
2020/11/04 13:58:16:698

Connecting Started...

<<<----  [OUT]
2020/11/04 13:58:37:736

I can't connect with the passive [192.168.100.113/5000] error_code:10060 !

<<<----  [OUT]
2020/11/04 13:58:40:214

Connecting Started...

<<<----  [OUT]
2020/11/04 13:59:01:245

I can't connect with the passive [192.168.100.113/5000] error_code:10060 !

<<<----  [OUT]
2020/11/04 13:59:03:729

Connecting Started...

<<<----  [OUT]
2020/11/04 13:59:24:760

I can't connect with the passive [192.168.100.113/5000] error_code:10060 !

<<<----  [OUT]
2020/11/04 13:59:27:245

Connecting Started...

<<<----  [OUT]
2020/11/04 13:59:48:277

I can't connect with the passive [192.168.100.113/5000] error_code:10060 !

<<<----  [OUT]
2020/11/04 13:59:50:760

Connecting Started...
