
<<<----  [OUT]
2020/11/04 03:00:14:933

I can't connect with the passive [192.168.100.113/5000] error_code:10060 !

<<<----  [OUT]
2020/11/04 03:00:17:417

Connecting Started...

<<<----  [OUT]
2020/11/04 03:00:38:441

I can't connect with the passive [192.168.100.113/5000] error_code:10060 !

<<<----  [OUT]
2020/11/04 03:00:40:918

Connecting Started...

<<<----  [OUT]
2020/11/04 03:01:01:951

I can't connect with the passive [192.168.100.113/5000] error_code:10060 !

<<<----  [OUT]
2020/11/04 03:01:04:433

Connecting Started...

<<<----  [OUT]
2020/11/04 03:01:25:491

I can't connect with the passive [192.168.100.113/5000] error_code:10060 !

<<<----  [OUT]
2020/11/04 03:01:27:980

Connecting Started...

<<<----  [OUT]
2020/11/04 03:01:49:019

I can't connect with the passive [192.168.100.113/5000] error_code:10060 !

<<<----  [OUT]
2020/11/04 03:01:51:496

Connecting Started...

<<<----  [OUT]
2020/11/04 03:02:12:536

I can't connect with the passive [192.168.100.113/5000] error_code:10060 !

<<<----  [OUT]
2020/11/04 03:02:15:025

Connecting Started...

<<<----  [OUT]
2020/11/04 03:02:36:067

I can't connect with the passive [192.168.100.113/5000] error_code:10060 !

<<<----  [OUT]
2020/11/04 03:02:38:558

Connecting Started...

<<<----  [OUT]
2020/11/04 03:02:59:607

I can't connect with the passive [192.168.100.113/5000] error_code:10060 !

<<<----  [OUT]
2020/11/04 03:03:02:090

Connecting Started...

<<<----  [OUT]
2020/11/04 03:03:23:132

I can't connect with the passive [192.168.100.113/5000] error_code:10060 !

<<<----  [OUT]
2020/11/04 03:03:25:620

Connecting Started...

<<<----  [OUT]
2020/11/04 03:03:46:656

I can't connect with the passive [192.168.100.113/5000] error_code:10060 !

<<<----  [OUT]
2020/11/04 03:03:49:137

Connecting Started...

<<<----  [OUT]
2020/11/04 03:04:10:162

I can't connect with the passive [192.168.100.113/5000] error_code:10060 !

<<<----  [OUT]
2020/11/04 03:04:12:652

Connecting Started...

<<<----  [OUT]
2020/11/04 03:04:33:696

I can't connect with the passive [192.168.100.113/5000] error_code:10060 !

<<<----  [OUT]
2020/11/04 03:04:36:183

Connecting Started...

<<<----  [OUT]
2020/11/04 03:04:57:213

I can't connect with the passive [192.168.100.113/5000] error_code:10060 !

<<<----  [OUT]
2020/11/04 03:04:59:699

Connecting Started...

<<<----  [OUT]
2020/11/04 03:05:20:736

I can't connect with the passive [192.168.100.113/5000] error_code:10060 !

<<<----  [OUT]
2020/11/04 03:05:23:214

Connecting Started...

<<<----  [OUT]
2020/11/04 03:05:44:240

I can't connect with the passive [192.168.100.113/5000] error_code:10060 !

<<<----  [OUT]
2020/11/04 03:05:46:730

Connecting Started...

<<<----  [OUT]
2020/11/04 03:06:07:774

I can't connect with the passive [192.168.100.113/5000] error_code:10060 !

<<<----  [OUT]
2020/11/04 03:06:10:261

Connecting Started...

<<<----  [OUT]
2020/11/04 03:06:31:289

I can't connect with the passive [192.168.100.113/5000] error_code:10060 !

<<<----  [OUT]
2020/11/04 03:06:33:777

Connecting Started...

<<<----  [OUT]
2020/11/04 03:06:54:827

I can't connect with the passive [192.168.100.113/5000] error_code:10060 !

<<<----  [OUT]
2020/11/04 03:06:57:309

Connecting Started...

<<<----  [OUT]
2020/11/04 03:07:18:356

I can't connect with the passive [192.168.100.113/5000] error_code:10060 !

<<<----  [OUT]
2020/11/04 03:07:20:840

Connecting Started...

<<<----  [OUT]
2020/11/04 03:07:41:880

I can't connect with the passive [192.168.100.113/5000] error_code:10060 !

<<<----  [OUT]
2020/11/04 03:07:44:371

Connecting Started...

<<<----  [OUT]
2020/11/04 03:08:05:408

I can't connect with the passive [192.168.100.113/5000] error_code:10060 !

<<<----  [OUT]
2020/11/04 03:08:07:885

Connecting Started...

<<<----  [OUT]
2020/11/04 03:08:28:915

I can't connect with the passive [192.168.100.113/5000] error_code:10060 !

<<<----  [OUT]
2020/11/04 03:08:31:402

Connecting Started...

<<<----  [OUT]
2020/11/04 03:08:52:444

I can't connect with the passive [192.168.100.113/5000] error_code:10060 !

<<<----  [OUT]
2020/11/04 03:08:54:933

Connecting Started...

<<<----  [OUT]
2020/11/04 03:09:15:970

I can't connect with the passive [192.168.100.113/5000] error_code:10060 !

<<<----  [OUT]
2020/11/04 03:09:18:449

Connecting Started...

<<<----  [OUT]
2020/11/04 03:09:39:493

I can't connect with the passive [192.168.100.113/5000] error_code:10060 !

<<<----  [OUT]
2020/11/04 03:09:41:980

Connecting Started...

<<<----  [OUT]
2020/11/04 03:10:03:031

I can't connect with the passive [192.168.100.113/5000] error_code:10060 !

<<<----  [OUT]
2020/11/04 03:10:05:512

Connecting Started...

<<<----  [OUT]
2020/11/04 03:10:26:558

I can't connect with the passive [192.168.100.113/5000] error_code:10060 !

<<<----  [OUT]
2020/11/04 03:10:29:043

Connecting Started...

<<<----  [OUT]
2020/11/04 03:10:50:074

I can't connect with the passive [192.168.100.113/5000] error_code:10060 !

<<<----  [OUT]
2020/11/04 03:10:52:558

Connecting Started...

<<<----  [OUT]
2020/11/04 03:11:13:584

I can't connect with the passive [192.168.100.113/5000] error_code:10060 !

<<<----  [OUT]
2020/11/04 03:11:16:074

Connecting Started...

<<<----  [OUT]
2020/11/04 03:11:37:122

I can't connect with the passive [192.168.100.113/5000] error_code:10060 !

<<<----  [OUT]
2020/11/04 03:11:39:605

Connecting Started...

<<<----  [OUT]
2020/11/04 03:12:00:644

I can't connect with the passive [192.168.100.113/5000] error_code:10060 !

<<<----  [OUT]
2020/11/04 03:12:03:121

Connecting Started...

<<<----  [OUT]
2020/11/04 03:12:24:160

I can't connect with the passive [192.168.100.113/5000] error_code:10060 !

<<<----  [OUT]
2020/11/04 03:12:26:652

Connecting Started...

<<<----  [OUT]
2020/11/04 03:12:47:698

I can't connect with the passive [192.168.100.113/5000] error_code:10060 !

<<<----  [OUT]
2020/11/04 03:12:50:184

Connecting Started...

<<<----  [OUT]
2020/11/04 03:13:11:237

I can't connect with the passive [192.168.100.113/5000] error_code:10060 !

<<<----  [OUT]
2020/11/04 03:13:13:715

Connecting Started...

<<<----  [OUT]
2020/11/04 03:13:34:758

I can't connect with the passive [192.168.100.113/5000] error_code:10060 !

<<<----  [OUT]
2020/11/04 03:13:37:245

Connecting Started...

<<<----  [OUT]
2020/11/04 03:13:58:276

I can't connect with the passive [192.168.100.113/5000] error_code:10060 !

<<<----  [OUT]
2020/11/04 03:14:00:761

Connecting Started...

<<<----  [OUT]
2020/11/04 03:14:21:798

I can't connect with the passive [192.168.100.113/5000] error_code:10060 !

<<<----  [OUT]
2020/11/04 03:14:24:277

Connecting Started...

<<<----  [OUT]
2020/11/04 03:14:45:332

I can't connect with the passive [192.168.100.113/5000] error_code:10060 !

<<<----  [OUT]
2020/11/04 03:14:47:807

Connecting Started...

<<<----  [OUT]
2020/11/04 03:15:08:846

I can't connect with the passive [192.168.100.113/5000] error_code:10060 !

<<<----  [OUT]
2020/11/04 03:15:11:324

Connecting Started...

<<<----  [OUT]
2020/11/04 03:15:32:370

I can't connect with the passive [192.168.100.113/5000] error_code:10060 !

<<<----  [OUT]
2020/11/04 03:15:34:855

Connecting Started...

<<<----  [OUT]
2020/11/04 03:15:55:895

I can't connect with the passive [192.168.100.113/5000] error_code:10060 !

<<<----  [OUT]
2020/11/04 03:15:58:385

Connecting Started...

<<<----  [OUT]
2020/11/04 03:16:19:430

I can't connect with the passive [192.168.100.113/5000] error_code:10060 !

<<<----  [OUT]
2020/11/04 03:16:21:918

Connecting Started...

<<<----  [OUT]
2020/11/04 03:16:42:971

I can't connect with the passive [192.168.100.113/5000] error_code:10060 !

<<<----  [OUT]
2020/11/04 03:16:45:448

Connecting Started...

<<<----  [OUT]
2020/11/04 03:17:06:466

I can't connect with the passive [192.168.100.113/5000] error_code:10060 !

<<<----  [OUT]
2020/11/04 03:17:08:949

Connecting Started...

<<<----  [OUT]
2020/11/04 03:17:29:992

I can't connect with the passive [192.168.100.113/5000] error_code:10060 !

<<<----  [OUT]
2020/11/04 03:17:32:480

Connecting Started...

<<<----  [OUT]
2020/11/04 03:17:53:518

I can't connect with the passive [192.168.100.113/5000] error_code:10060 !

<<<----  [OUT]
2020/11/04 03:17:55:996

Connecting Started...

<<<----  [OUT]
2020/11/04 03:18:17:020

I can't connect with the passive [192.168.100.113/5000] error_code:10060 !

<<<----  [OUT]
2020/11/04 03:18:19:510

Connecting Started...

<<<----  [OUT]
2020/11/04 03:18:40:548

I can't connect with the passive [192.168.100.113/5000] error_code:10060 !

<<<----  [OUT]
2020/11/04 03:18:43:026

Connecting Started...

<<<----  [OUT]
2020/11/04 03:19:04:065

I can't connect with the passive [192.168.100.113/5000] error_code:10060 !

<<<----  [OUT]
2020/11/04 03:19:06:543

Connecting Started...

<<<----  [OUT]
2020/11/04 03:19:27:597

I can't connect with the passive [192.168.100.113/5000] error_code:10060 !

<<<----  [OUT]
2020/11/04 03:19:30:073

Connecting Started...

<<<----  [OUT]
2020/11/04 03:19:51:125

I can't connect with the passive [192.168.100.113/5000] error_code:10060 !

<<<----  [OUT]
2020/11/04 03:19:53:606

Connecting Started...

<<<----  [OUT]
2020/11/04 03:20:14:629

I can't connect with the passive [192.168.100.113/5000] error_code:10060 !

<<<----  [OUT]
2020/11/04 03:20:17:120

Connecting Started...

<<<----  [OUT]
2020/11/04 03:20:38:157

I can't connect with the passive [192.168.100.113/5000] error_code:10060 !

<<<----  [OUT]
2020/11/04 03:20:40:637

Connecting Started...

<<<----  [OUT]
2020/11/04 03:21:01:678

I can't connect with the passive [192.168.100.113/5000] error_code:10060 !

<<<----  [OUT]
2020/11/04 03:21:04:167

Connecting Started...

<<<----  [OUT]
2020/11/04 03:21:25:217

I can't connect with the passive [192.168.100.113/5000] error_code:10060 !

<<<----  [OUT]
2020/11/04 03:21:27:699

Connecting Started...

<<<----  [OUT]
2020/11/04 03:21:48:735

I can't connect with the passive [192.168.100.113/5000] error_code:10060 !

<<<----  [OUT]
2020/11/04 03:21:51:214

Connecting Started...

<<<----  [OUT]
2020/11/04 03:22:12:252

I can't connect with the passive [192.168.100.113/5000] error_code:10060 !

<<<----  [OUT]
2020/11/04 03:22:14:730

Connecting Started...

<<<----  [OUT]
2020/11/04 03:22:35:756

I can't connect with the passive [192.168.100.113/5000] error_code:10060 !

<<<----  [OUT]
2020/11/04 03:22:38:246

Connecting Started...

<<<----  [OUT]
2020/11/04 03:22:59:284

I can't connect with the passive [192.168.100.113/5000] error_code:10060 !

<<<----  [OUT]
2020/11/04 03:23:01:761

Connecting Started...

<<<----  [OUT]
2020/11/04 03:23:22:809

I can't connect with the passive [192.168.100.113/5000] error_code:10060 !

<<<----  [OUT]
2020/11/04 03:23:25:293

Connecting Started...

<<<----  [OUT]
2020/11/04 03:23:46:345

I can't connect with the passive [192.168.100.113/5000] error_code:10060 !

<<<----  [OUT]
2020/11/04 03:23:48:823

Connecting Started...

<<<----  [OUT]
2020/11/04 03:24:09:864

I can't connect with the passive [192.168.100.113/5000] error_code:10060 !

<<<----  [OUT]
2020/11/04 03:24:12:354

Connecting Started...

<<<----  [OUT]
2020/11/04 03:24:33:407

I can't connect with the passive [192.168.100.113/5000] error_code:10060 !

<<<----  [OUT]
2020/11/04 03:24:35:886

Connecting Started...

<<<----  [OUT]
2020/11/04 03:24:56:934

I can't connect with the passive [192.168.100.113/5000] error_code:10060 !

<<<----  [OUT]
2020/11/04 03:24:59:418

Connecting Started...

<<<----  [OUT]
2020/11/04 03:25:20:461

I can't connect with the passive [192.168.100.113/5000] error_code:10060 !

<<<----  [OUT]
2020/11/04 03:25:22:947

Connecting Started...

<<<----  [OUT]
2020/11/04 03:25:43:987

I can't connect with the passive [192.168.100.113/5000] error_code:10060 !

<<<----  [OUT]
2020/11/04 03:25:46:464

Connecting Started...

<<<----  [OUT]
2020/11/04 03:26:07:507

I can't connect with the passive [192.168.100.113/5000] error_code:10060 !

<<<----  [OUT]
2020/11/04 03:26:09:996

Connecting Started...

<<<----  [OUT]
2020/11/04 03:26:31:035

I can't connect with the passive [192.168.100.113/5000] error_code:10060 !

<<<----  [OUT]
2020/11/04 03:26:33:526

Connecting Started...

<<<----  [OUT]
2020/11/04 03:26:54:580

I can't connect with the passive [192.168.100.113/5000] error_code:10060 !

<<<----  [OUT]
2020/11/04 03:26:57:059

Connecting Started...

<<<----  [OUT]
2020/11/04 03:27:18:106

I can't connect with the passive [192.168.100.113/5000] error_code:10060 !

<<<----  [OUT]
2020/11/04 03:27:20:590

Connecting Started...

<<<----  [OUT]
2020/11/04 03:27:22:648

I can't connect with the passive [192.168.100.113/5000] error_code:10061 !

<<<----  [OUT]
2020/11/04 03:27:25:136

Connecting Started...

<<<----  [OUT]
2020/11/04 03:27:27:191

I can't connect with the passive [192.168.100.113/5000] error_code:10061 !

<<<----  [OUT]
2020/11/04 03:27:29:684

Connecting Started...

<<<----  [OUT]
2020/11/04 03:27:31:728

I can't connect with the passive [192.168.100.113/5000] error_code:10061 !

<<<----  [OUT]
2020/11/04 03:27:34:213

Connecting Started...

<<<----  [OUT]
2020/11/04 03:27:36:243

I can't connect with the passive [192.168.100.113/5000] error_code:10061 !

<<<----  [OUT]
2020/11/04 03:27:38:729

Connecting Started...

<<<----  [OUT]
2020/11/04 03:27:40:779

I can't connect with the passive [192.168.100.113/5000] error_code:10061 !

<<<----  [OUT]
2020/11/04 03:27:43:261

Connecting Started...

<<<----  [OUT]
2020/11/04 03:27:45:312

I can't connect with the passive [192.168.100.113/5000] error_code:10061 !

<<<----  [OUT]
2020/11/04 03:27:47:793

Connecting Started...

<<<----  [OUT]
2020/11/04 03:27:49:850

I can't connect with the passive [192.168.100.113/5000] error_code:10061 !

<<<----  [OUT]
2020/11/04 03:27:52:340

Connecting Started...

<<<----  [OUT]
2020/11/04 03:27:54:396

I can't connect with the passive [192.168.100.113/5000] error_code:10061 !

<<<----  [OUT]
2020/11/04 03:27:56:887

Connecting Started...

<<<----  [OUT]
2020/11/04 03:27:58:948

I can't connect with the passive [192.168.100.113/5000] error_code:10061 !

<<<----  [OUT]
2020/11/04 03:28:01:433

Connecting Started...

<<<----  [OUT]
2020/11/04 03:28:03:462

I can't connect with the passive [192.168.100.113/5000] error_code:10061 !

<<<----  [OUT]
2020/11/04 03:28:05:948

Connecting Started...

<<<----  [OUT]
2020/11/04 03:28:07:977

I can't connect with the passive [192.168.100.113/5000] error_code:10061 !

<<<----  [OUT]
2020/11/04 03:28:10:464

Connecting Started...

<<<----  [OUT]
2020/11/04 03:28:12:506

I can't connect with the passive [192.168.100.113/5000] error_code:10061 !

<<<----  [OUT]
2020/11/04 03:28:14:994

Connecting Started...

<<<----  [OUT]
2020/11/04 03:28:17:054

I can't connect with the passive [192.168.100.113/5000] error_code:10061 !

<<<----  [OUT]
2020/11/04 03:28:19:541

Connecting Started...

<<<----  [OUT]
2020/11/04 03:28:21:614

I can't connect with the passive [192.168.100.113/5000] error_code:10061 !

<<<----  [OUT]
2020/11/04 03:28:24:105

Connecting Started...

<<<----  [OUT]
2020/11/04 03:28:26:158

I can't connect with the passive [192.168.100.113/5000] error_code:10061 !

<<<----  [OUT]
2020/11/04 03:28:28:636

Connecting Started...

<<<----  [OUT]
2020/11/04 03:28:30:675

I can't connect with the passive [192.168.100.113/5000] error_code:10061 !

<<<----  [OUT]
2020/11/04 03:28:33:152

Connecting Started...

<<<----  [OUT]
2020/11/04 03:28:35:183

I can't connect with the passive [192.168.100.113/5000] error_code:10061 !

<<<----  [OUT]
2020/11/04 03:28:37:668

Connecting Started...

<<<----  [OUT]
2020/11/04 03:28:39:709

I can't connect with the passive [192.168.100.113/5000] error_code:10061 !

<<<----  [OUT]
2020/11/04 03:28:42:199

Connecting Started...

<<<----  [OUT]
2020/11/04 03:28:44:236

I can't connect with the passive [192.168.100.113/5000] error_code:10061 !

<<<----  [OUT]
2020/11/04 03:28:46:714

Connecting Started...

<<<----  [OUT]
2020/11/04 03:28:48:776

I can't connect with the passive [192.168.100.113/5000] error_code:10061 !

<<<----  [OUT]
2020/11/04 03:28:51:260

Connecting Started...

<<<----  [OUT]
2020/11/04 03:28:53:328

I can't connect with the passive [192.168.100.113/5000] error_code:10061 !

<<<----  [OUT]
2020/11/04 03:28:55:808

Connecting Started...

<<<----  [OUT]
2020/11/04 03:28:57:867

I can't connect with the passive [192.168.100.113/5000] error_code:10061 !

<<<----  [OUT]
2020/11/04 03:29:00:354

Connecting Started...

<<<----  [OUT]
2020/11/04 03:29:02:391

I can't connect with the passive [192.168.100.113/5000] error_code:10061 !

<<<----  [OUT]
2020/11/04 03:29:04:870

Connecting Started...

<<<----  [OUT]
2020/11/04 03:29:06:927

I can't connect with the passive [192.168.100.113/5000] error_code:10061 !

<<<----  [OUT]
2020/11/04 03:29:09:417

Connecting Started...

<<<----  [OUT]
2020/11/04 03:29:11:477

I can't connect with the passive [192.168.100.113/5000] error_code:10061 !

<<<----  [OUT]
2020/11/04 03:29:13:965

Connecting Started...

<<<----  [OUT]
2020/11/04 03:29:16:007

I can't connect with the passive [192.168.100.113/5000] error_code:10061 !

<<<----  [OUT]
2020/11/04 03:29:18:495

Connecting Started...

<<<----  [OUT]
2020/11/04 03:29:20:532

I can't connect with the passive [192.168.100.113/5000] error_code:10061 !

<<<----  [OUT]
2020/11/04 03:29:23:012

Connecting Started...

<<<----  [OUT]
2020/11/04 03:29:25:070

I can't connect with the passive [192.168.100.113/5000] error_code:10061 !

<<<----  [OUT]
2020/11/04 03:29:27:557

Connecting Started...

<<<----  [OUT]
2020/11/04 03:29:29:590

I can't connect with the passive [192.168.100.113/5000] error_code:10061 !

<<<----  [OUT]
2020/11/04 03:29:32:074

Connecting Started...

<<<----  [OUT]
2020/11/04 03:29:34:126

I can't connect with the passive [192.168.100.113/5000] error_code:10061 !

<<<----  [OUT]
2020/11/04 03:29:36:605

Connecting Started...

<<<----  [OUT]
2020/11/04 03:29:38:640

I can't connect with the passive [192.168.100.113/5000] error_code:10061 !

<<<----  [OUT]
2020/11/04 03:29:41:120

Connecting Started...

<<<----  [OUT]
2020/11/04 03:29:43:174

I can't connect with the passive [192.168.100.113/5000] error_code:10061 !

<<<----  [OUT]
2020/11/04 03:29:45:652

Connecting Started...

<<<----  [OUT]
2020/11/04 03:29:47:695

I can't connect with the passive [192.168.100.113/5000] error_code:10061 !

<<<----  [OUT]
2020/11/04 03:29:50:182

Connecting Started...

<<<----  [OUT]
2020/11/04 03:29:52:225

I can't connect with the passive [192.168.100.113/5000] error_code:10061 !

<<<----  [OUT]
2020/11/04 03:29:54:714

Connecting Started...

<<<----  [OUT]
2020/11/04 03:29:56:764

I can't connect with the passive [192.168.100.113/5000] error_code:10061 !

<<<----  [OUT]
2020/11/04 03:29:59:246

Connecting Started...

<<<----  [OUT]
2020/11/04 03:30:01:281

I can't connect with the passive [192.168.100.113/5000] error_code:10061 !

<<<----  [OUT]
2020/11/04 03:30:03:762

Connecting Started...

<<<----  [OUT]
2020/11/04 03:30:05:810

I can't connect with the passive [192.168.100.113/5000] error_code:10061 !

<<<----  [OUT]
2020/11/04 03:30:08:292

Connecting Started...

<<<----  [OUT]
2020/11/04 03:30:10:336

I can't connect with the passive [192.168.100.113/5000] error_code:10061 !

<<<----  [OUT]
2020/11/04 03:30:12:823

Connecting Started...

<<<----  [OUT]
2020/11/04 03:30:14:886

I can't connect with the passive [192.168.100.113/5000] error_code:10061 !

<<<----  [OUT]
2020/11/04 03:30:17:371

Connecting Started...

<<<----  [OUT]
2020/11/04 03:30:19:436

I can't connect with the passive [192.168.100.113/5000] error_code:10061 !

<<<----  [OUT]
2020/11/04 03:30:21:917

Connecting Started...

<<<----  [OUT]
2020/11/04 03:30:23:961

I can't connect with the passive [192.168.100.113/5000] error_code:10061 !

<<<----  [OUT]
2020/11/04 03:30:26:448

Connecting Started...

<<<----  [OUT]
2020/11/04 03:30:28:489

I can't connect with the passive [192.168.100.113/5000] error_code:10061 !

<<<----  [OUT]
2020/11/04 03:30:30:980

Connecting Started...

<<<----  [OUT]
2020/11/04 03:30:33:025

I can't connect with the passive [192.168.100.113/5000] error_code:10061 !

<<<----  [OUT]
2020/11/04 03:30:35:512

Connecting Started...

<<<----  [OUT]
2020/11/04 03:30:37:567

I can't connect with the passive [192.168.100.113/5000] error_code:10061 !

<<<----  [OUT]
2020/11/04 03:30:40:058

Connecting Started...

<<<----  [OUT]
2020/11/04 03:30:42:109

I can't connect with the passive [192.168.100.113/5000] error_code:10061 !

<<<----  [OUT]
2020/11/04 03:30:44:589

Connecting Started...

<<<----  [OUT]
2020/11/04 03:30:46:620

I can't connect with the passive [192.168.100.113/5000] error_code:10061 !

<<<----  [OUT]
2020/11/04 03:30:49:104

Connecting Started...

<<<----  [OUT]
2020/11/04 03:30:51:146

I can't connect with the passive [192.168.100.113/5000] error_code:10061 !

<<<----  [OUT]
2020/11/04 03:30:53:636

Connecting Started...

<<<----  [OUT]
2020/11/04 03:30:55:676

I can't connect with the passive [192.168.100.113/5000] error_code:10061 !

<<<----  [OUT]
2020/11/04 03:30:58:167

Connecting Started...

<<<----  [OUT]
2020/11/04 03:31:00:212

I can't connect with the passive [192.168.100.113/5000] error_code:10061 !

<<<----  [OUT]
2020/11/04 03:31:02:699

Connecting Started...

<<<----  [OUT]
2020/11/04 03:31:04:732

I can't connect with the passive [192.168.100.113/5000] error_code:10061 !

<<<----  [OUT]
2020/11/04 03:31:07:214

Connecting Started...

<<<----  [OUT]
2020/11/04 03:31:09:273

I can't connect with the passive [192.168.100.113/5000] error_code:10061 !

<<<----  [OUT]
2020/11/04 03:31:11:762

Connecting Started...

<<<----  [OUT]
2020/11/04 03:31:13:808

I can't connect with the passive [192.168.100.113/5000] error_code:10061 !

<<<----  [OUT]
2020/11/04 03:31:16:292

Connecting Started...

<<<----  [OUT]
2020/11/04 03:31:18:325

I can't connect with the passive [192.168.100.113/5000] error_code:10061 !

<<<----  [OUT]
2020/11/04 03:31:20:808

Connecting Started...

<<<----  [OUT]
2020/11/04 03:31:22:844

I can't connect with the passive [192.168.100.113/5000] error_code:10061 !

<<<----  [OUT]
2020/11/04 03:31:25:323

Connecting Started...

<<<----  [OUT]
2020/11/04 03:31:27:350

I can't connect with the passive [192.168.100.113/5000] error_code:10061 !

<<<----  [OUT]
2020/11/04 03:31:29:840

Connecting Started...

<<<----  [OUT]
2020/11/04 03:31:31:899

I can't connect with the passive [192.168.100.113/5000] error_code:10061 !

<<<----  [OUT]
2020/11/04 03:31:34:386

Connecting Started...

<<<----  [OUT]
2020/11/04 03:31:36:430

I can't connect with the passive [192.168.100.113/5000] error_code:10061 !

<<<----  [OUT]
2020/11/04 03:31:38:916

Connecting Started...

<<<----  [OUT]
2020/11/04 03:31:40:953

I can't connect with the passive [192.168.100.113/5000] error_code:10061 !

<<<----  [OUT]
2020/11/04 03:31:43:432

Connecting Started...

<<<----  [OUT]
2020/11/04 03:31:45:474

I can't connect with the passive [192.168.100.113/5000] error_code:10061 !

<<<----  [OUT]
2020/11/04 03:31:47:963

Connecting Started...

<<<----  [OUT]
2020/11/04 03:31:50:004

I can't connect with the passive [192.168.100.113/5000] error_code:10061 !

<<<----  [OUT]
2020/11/04 03:31:52:495

Connecting Started...

<<<----  [OUT]
2020/11/04 03:31:54:519

I can't connect with the passive [192.168.100.113/5000] error_code:10061 !

<<<----  [OUT]
2020/11/04 03:31:56:995

Connecting Started...

<<<----  [OUT]
2020/11/04 03:31:59:030

I can't connect with the passive [192.168.100.113/5000] error_code:10061 !

<<<----  [OUT]
2020/11/04 03:32:01:511

Connecting Started...

<<<----  [OUT]
2020/11/04 03:32:03:550

I can't connect with the passive [192.168.100.113/5000] error_code:10061 !

<<<----  [OUT]
2020/11/04 03:32:06:027

Connecting Started...

<<<----  [OUT]
2020/11/04 03:32:08:074

I can't connect with the passive [192.168.100.113/5000] error_code:10061 !

<<<----  [OUT]
2020/11/04 03:32:10:559

Connecting Started...

<<<----  [OUT]
2020/11/04 03:32:12:597

I can't connect with the passive [192.168.100.113/5000] error_code:10061 !

<<<----  [OUT]
2020/11/04 03:32:15:074

Connecting Started...

<<<----  [OUT]
2020/11/04 03:32:17:122

I can't connect with the passive [192.168.100.113/5000] error_code:10061 !

<<<----  [OUT]
2020/11/04 03:32:19:606

Connecting Started...

<<<----  [OUT]
2020/11/04 03:32:21:645

I can't connect with the passive [192.168.100.113/5000] error_code:10061 !

<<<----  [OUT]
2020/11/04 03:32:24:136

Connecting Started...

<<<----  [OUT]
2020/11/04 03:32:26:182

I can't connect with the passive [192.168.100.113/5000] error_code:10061 !

<<<----  [OUT]
2020/11/04 03:32:28:666

Connecting Started...

<<<----  [OUT]
2020/11/04 03:32:30:709

I can't connect with the passive [192.168.100.113/5000] error_code:10061 !

<<<----  [OUT]
2020/11/04 03:32:33:199

Connecting Started...

<<<----  [OUT]
2020/11/04 03:32:35:246

I can't connect with the passive [192.168.100.113/5000] error_code:10061 !

<<<----  [OUT]
2020/11/04 03:32:37:730

Connecting Started...

<<<----  [OUT]
2020/11/04 03:32:39:774

I can't connect with the passive [192.168.100.113/5000] error_code:10061 !

<<<----  [OUT]
2020/11/04 03:32:42:261

Connecting Started...

<<<----  [OUT]
2020/11/04 03:32:44:327

I can't connect with the passive [192.168.100.113/5000] error_code:10061 !

<<<----  [OUT]
2020/11/04 03:32:46:809

Connecting Started...

<<<----  [OUT]
2020/11/04 03:32:48:867

I can't connect with the passive [192.168.100.113/5000] error_code:10061 !

<<<----  [OUT]
2020/11/04 03:32:51:356

Connecting Started...

<<<----  [OUT]
2020/11/04 03:32:53:409

I can't connect with the passive [192.168.100.113/5000] error_code:10061 !

<<<----  [OUT]
2020/11/04 03:32:55:887

Connecting Started...

<<<----  [OUT]
2020/11/04 03:32:57:946

I can't connect with the passive [192.168.100.113/5000] error_code:10061 !

<<<----  [OUT]
2020/11/04 03:33:00:433

Connecting Started...

<<<----  [OUT]
2020/11/04 03:33:02:483

I can't connect with the passive [192.168.100.113/5000] error_code:10061 !

<<<----  [OUT]
2020/11/04 03:33:04:964

Connecting Started...

<<<----  [OUT]
2020/11/04 03:33:07:031

I can't connect with the passive [192.168.100.113/5000] error_code:10061 !

<<<----  [OUT]
2020/11/04 03:33:09:510

Connecting Started...

<<<----  [OUT]
2020/11/04 03:33:11:573

I can't connect with the passive [192.168.100.113/5000] error_code:10061 !

<<<----  [OUT]
2020/11/04 03:33:14:057

Connecting Started...

<<<----  [OUT]
2020/11/04 03:33:16:121

I can't connect with the passive [192.168.100.113/5000] error_code:10061 !

<<<----  [OUT]
2020/11/04 03:33:18:604

Connecting Started...

<<<----  [OUT]
2020/11/04 03:33:20:673

I can't connect with the passive [192.168.100.113/5000] error_code:10061 !

<<<----  [OUT]
2020/11/04 03:33:23:152

Connecting Started...

<<<----  [OUT]
2020/11/04 03:33:25:214

I can't connect with the passive [192.168.100.113/5000] error_code:10061 !

<<<----  [OUT]
2020/11/04 03:33:27:698

Connecting Started...

<<<----  [OUT]
2020/11/04 03:33:29:719

I can't connect with the passive [192.168.100.113/5000] error_code:10061 !

<<<----  [OUT]
2020/11/04 03:33:32:199

Connecting Started...

<<<----  [OUT]
2020/11/04 03:33:34:260

I can't connect with the passive [192.168.100.113/5000] error_code:10061 !

<<<----  [OUT]
2020/11/04 03:33:36:744

Connecting Started...

<<<----  [OUT]
2020/11/04 03:33:38:790

I can't connect with the passive [192.168.100.113/5000] error_code:10061 !

<<<----  [OUT]
2020/11/04 03:33:41:276

Connecting Started...

<<<----  [OUT]
2020/11/04 03:33:43:330

I can't connect with the passive [192.168.100.113/5000] error_code:10061 !

<<<----  [OUT]
2020/11/04 03:33:45:808

Connecting Started...

<<<----  [OUT]
2020/11/04 03:33:47:847

I can't connect with the passive [192.168.100.113/5000] error_code:10061 !

<<<----  [OUT]
2020/11/04 03:33:50:324

Connecting Started...

<<<----  [OUT]
2020/11/04 03:33:52:372

I can't connect with the passive [192.168.100.113/5000] error_code:10061 !

<<<----  [OUT]
2020/11/04 03:33:54:854

Connecting Started...

<<<----  [OUT]
2020/11/04 03:33:56:922

I can't connect with the passive [192.168.100.113/5000] error_code:10061 !

<<<----  [OUT]
2020/11/04 03:33:59:401

Connecting Started...

<<<----  [OUT]
2020/11/04 03:34:01:444

I can't connect with the passive [192.168.100.113/5000] error_code:10061 !

<<<----  [OUT]
2020/11/04 03:34:03:934

Connecting Started...

<<<----  [OUT]
2020/11/04 03:34:05:990

I can't connect with the passive [192.168.100.113/5000] error_code:10061 !

<<<----  [OUT]
2020/11/04 03:34:08:480

Connecting Started...

<<<----  [OUT]
2020/11/04 03:34:10:539

I can't connect with the passive [192.168.100.113/5000] error_code:10061 !

<<<----  [OUT]
2020/11/04 03:34:13:026

Connecting Started...

<<<----  [OUT]
2020/11/04 03:34:15:066

I can't connect with the passive [192.168.100.113/5000] error_code:10061 !

<<<----  [OUT]
2020/11/04 03:34:17:541

Connecting Started...

<<<----  [OUT]
2020/11/04 03:34:19:604

I can't connect with the passive [192.168.100.113/5000] error_code:10061 !

<<<----  [OUT]
2020/11/04 03:34:22:089

Connecting Started...

<<<----  [OUT]
2020/11/04 03:34:24:149

I can't connect with the passive [192.168.100.113/5000] error_code:10061 !

<<<----  [OUT]
2020/11/04 03:34:26:637

Connecting Started...

<<<----  [OUT]
2020/11/04 03:34:28:677

I can't connect with the passive [192.168.100.113/5000] error_code:10061 !

<<<----  [OUT]
2020/11/04 03:34:31:168

Connecting Started...

<<<----  [OUT]
2020/11/04 03:34:33:210

I can't connect with the passive [192.168.100.113/5000] error_code:10061 !

<<<----  [OUT]
2020/11/04 03:34:35:698

Connecting Started...

<<<----  [OUT]
2020/11/04 03:34:37:762

I can't connect with the passive [192.168.100.113/5000] error_code:10061 !

<<<----  [OUT]
2020/11/04 03:34:40:245

Connecting Started...

<<<----  [OUT]
2020/11/04 03:34:42:304

I can't connect with the passive [192.168.100.113/5000] error_code:10061 !

<<<----  [OUT]
2020/11/04 03:34:44:791

Connecting Started...

<<<----  [OUT]
2020/11/04 03:34:46:831

I can't connect with the passive [192.168.100.113/5000] error_code:10061 !

<<<----  [OUT]
2020/11/04 03:34:49:307

Connecting Started...

<<<----  [OUT]
2020/11/04 03:34:51:347

I can't connect with the passive [192.168.100.113/5000] error_code:10061 !

<<<----  [OUT]
2020/11/04 03:34:53:824

Connecting Started...

<<<----  [OUT]
2020/11/04 03:34:55:875

I can't connect with the passive [192.168.100.113/5000] error_code:10061 !

<<<----  [OUT]
2020/11/04 03:34:58:354

Connecting Started...

<<<----  [OUT]
2020/11/04 03:35:00:393

I can't connect with the passive [192.168.100.113/5000] error_code:10061 !

<<<----  [OUT]
2020/11/04 03:35:02:871

Connecting Started...

<<<----  [OUT]
2020/11/04 03:35:04:928

I can't connect with the passive [192.168.100.113/5000] error_code:10061 !

<<<----  [OUT]
2020/11/04 03:35:07:418

Connecting Started...

<<<----  [OUT]
2020/11/04 03:35:09:489

I can't connect with the passive [192.168.100.113/5000] error_code:10061 !

<<<----  [OUT]
2020/11/04 03:35:11:979

Connecting Started...

<<<----  [OUT]
2020/11/04 03:35:14:042

I can't connect with the passive [192.168.100.113/5000] error_code:10061 !

<<<----  [OUT]
2020/11/04 03:35:16:527

Connecting Started...

<<<----  [OUT]
2020/11/04 03:35:18:580

I can't connect with the passive [192.168.100.113/5000] error_code:10061 !

<<<----  [OUT]
2020/11/04 03:35:21:058

Connecting Started...

<<<----  [OUT]
2020/11/04 03:35:23:115

I can't connect with the passive [192.168.100.113/5000] error_code:10061 !

<<<----  [OUT]
2020/11/04 03:35:25:604

Connecting Started...

<<<----  [OUT]
2020/11/04 03:35:27:677

I can't connect with the passive [192.168.100.113/5000] error_code:10061 !

<<<----  [OUT]
2020/11/04 03:35:30:167

Connecting Started...

<<<----  [OUT]
2020/11/04 03:35:32:215

I can't connect with the passive [192.168.100.113/5000] error_code:10061 !

<<<----  [OUT]
2020/11/04 03:35:34:699

Connecting Started...

<<<----  [OUT]
2020/11/04 03:35:36:742

I can't connect with the passive [192.168.100.113/5000] error_code:10061 !

<<<----  [OUT]
2020/11/04 03:35:39:230

Connecting Started...

<<<----  [OUT]
2020/11/04 03:35:41:267

I can't connect with the passive [192.168.100.113/5000] error_code:10061 !

<<<----  [OUT]
2020/11/04 03:35:43:745

Connecting Started...

<<<----  [OUT]
2020/11/04 03:35:45:794

I can't connect with the passive [192.168.100.113/5000] error_code:10061 !

<<<----  [OUT]
2020/11/04 03:35:48:277

Connecting Started...

<<<----  [OUT]
2020/11/04 03:35:50:327

I can't connect with the passive [192.168.100.113/5000] error_code:10061 !

<<<----  [OUT]
2020/11/04 03:35:52:808

Connecting Started...

<<<----  [OUT]
2020/11/04 03:35:54:867

I can't connect with the passive [192.168.100.113/5000] error_code:10061 !

<<<----  [OUT]
2020/11/04 03:35:57:355

Connecting Started...

<<<----  [OUT]
2020/11/04 03:35:59:422

I can't connect with the passive [192.168.100.113/5000] error_code:10061 !

<<<----  [OUT]
2020/11/04 03:36:01:901

Connecting Started...

<<<----  [OUT]
2020/11/04 03:36:03:963

I can't connect with the passive [192.168.100.113/5000] error_code:10061 !

<<<----  [OUT]
2020/11/04 03:36:06:449

Connecting Started...

<<<----  [OUT]
2020/11/04 03:36:08:506

I can't connect with the passive [192.168.100.113/5000] error_code:10061 !

<<<----  [OUT]
2020/11/04 03:36:10:996

Connecting Started...

<<<----  [OUT]
2020/11/04 03:36:13:048

I can't connect with the passive [192.168.100.113/5000] error_code:10061 !

<<<----  [OUT]
2020/11/04 03:36:15:526

Connecting Started...

<<<----  [OUT]
2020/11/04 03:36:17:565

I can't connect with the passive [192.168.100.113/5000] error_code:10061 !

<<<----  [OUT]
2020/11/04 03:36:20:043

Connecting Started...

<<<----  [OUT]
2020/11/04 03:36:22:107

I can't connect with the passive [192.168.100.113/5000] error_code:10061 !

<<<----  [OUT]
2020/11/04 03:36:24:589

Connecting Started...

<<<----  [OUT]
2020/11/04 03:36:26:645

I can't connect with the passive [192.168.100.113/5000] error_code:10061 !

<<<----  [OUT]
2020/11/04 03:36:29:135

Connecting Started...

<<<----  [OUT]
2020/11/04 03:36:31:181

I can't connect with the passive [192.168.100.113/5000] error_code:10061 !

<<<----  [OUT]
2020/11/04 03:36:33:666

Connecting Started...

<<<----  [OUT]
2020/11/04 03:36:35:713

I can't connect with the passive [192.168.100.113/5000] error_code:10061 !

<<<----  [OUT]
2020/11/04 03:36:38:198

Connecting Started...

<<<----  [OUT]
2020/11/04 03:36:40:258

I can't connect with the passive [192.168.100.113/5000] error_code:10061 !

<<<----  [OUT]
2020/11/04 03:36:42:745

Connecting Started...

<<<----  [OUT]
2020/11/04 03:36:44:806

I can't connect with the passive [192.168.100.113/5000] error_code:10061 !

<<<----  [OUT]
2020/11/04 03:36:47:292

Connecting Started...

<<<----  [OUT]
2020/11/04 03:36:49:349

I can't connect with the passive [192.168.100.113/5000] error_code:10061 !

<<<----  [OUT]
2020/11/04 03:36:51:840

Connecting Started...

<<<----  [OUT]
2020/11/04 03:36:53:892

I can't connect with the passive [192.168.100.113/5000] error_code:10061 !

<<<----  [OUT]
2020/11/04 03:36:56:370

Connecting Started...

<<<----  [OUT]
2020/11/04 03:36:58:405

I can't connect with the passive [192.168.100.113/5000] error_code:10061 !

<<<----  [OUT]
2020/11/04 03:37:00:886

Connecting Started...

<<<----  [OUT]
2020/11/04 03:37:02:949

I can't connect with the passive [192.168.100.113/5000] error_code:10061 !

<<<----  [OUT]
2020/11/04 03:37:05:433

Connecting Started...

<<<----  [OUT]
2020/11/04 03:37:07:504

I can't connect with the passive [192.168.100.113/5000] error_code:10061 !

<<<----  [OUT]
2020/11/04 03:37:09:995

Connecting Started...

<<<----  [OUT]
2020/11/04 03:37:12:050

I can't connect with the passive [192.168.100.113/5000] error_code:10061 !

<<<----  [OUT]
2020/11/04 03:37:14:526

Connecting Started...

<<<----  [OUT]
2020/11/04 03:37:16:576

I can't connect with the passive [192.168.100.113/5000] error_code:10061 !

<<<----  [OUT]
2020/11/04 03:37:19:057

Connecting Started...

<<<----  [OUT]
2020/11/04 03:37:21:117

I can't connect with the passive [192.168.100.113/5000] error_code:10061 !

<<<----  [OUT]
2020/11/04 03:37:23:605

Connecting Started...

<<<----  [OUT]
2020/11/04 03:37:25:669

I can't connect with the passive [192.168.100.113/5000] error_code:10061 !

<<<----  [OUT]
2020/11/04 03:37:28:152

Connecting Started...

<<<----  [OUT]
2020/11/04 03:37:30:215

I can't connect with the passive [192.168.100.113/5000] error_code:10061 !

<<<----  [OUT]
2020/11/04 03:37:32:698

Connecting Started...

<<<----  [OUT]
2020/11/04 03:37:34:757

I can't connect with the passive [192.168.100.113/5000] error_code:10061 !

<<<----  [OUT]
2020/11/04 03:37:37:245

Connecting Started...

<<<----  [OUT]
2020/11/04 03:37:39:285

I can't connect with the passive [192.168.100.113/5000] error_code:10061 !

<<<----  [OUT]
2020/11/04 03:37:41:777

Connecting Started...

<<<----  [OUT]
2020/11/04 03:37:43:835

I can't connect with the passive [192.168.100.113/5000] error_code:10061 !

<<<----  [OUT]
2020/11/04 03:37:46:324

Connecting Started...

<<<----  [OUT]
2020/11/04 03:37:48:403

I can't connect with the passive [192.168.100.113/5000] error_code:10061 !

<<<----  [OUT]
2020/11/04 03:37:50:887

Connecting Started...

<<<----  [OUT]
2020/11/04 03:37:52:943

I can't connect with the passive [192.168.100.113/5000] error_code:10061 !

<<<----  [OUT]
2020/11/04 03:37:55:433

Connecting Started...

<<<----  [OUT]
2020/11/04 03:37:57:491

I can't connect with the passive [192.168.100.113/5000] error_code:10061 !

<<<----  [OUT]
2020/11/04 03:37:59:981

Connecting Started...

<<<----  [OUT]
2020/11/04 03:38:02:036

I can't connect with the passive [192.168.100.113/5000] error_code:10061 !

<<<----  [OUT]
2020/11/04 03:38:04:526

Connecting Started...

<<<----  [OUT]
2020/11/04 03:38:06:587

I can't connect with the passive [192.168.100.113/5000] error_code:10061 !

<<<----  [OUT]
2020/11/04 03:38:09:074

Connecting Started...

<<<----  [OUT]
2020/11/04 03:38:11:121

I can't connect with the passive [192.168.100.113/5000] error_code:10061 !

<<<----  [OUT]
2020/11/04 03:38:13:605

Connecting Started...

<<<----  [OUT]
2020/11/04 03:38:15:643

I can't connect with the passive [192.168.100.113/5000] error_code:10061 !

<<<----  [OUT]
2020/11/04 03:38:18:121

Connecting Started...

<<<----  [OUT]
2020/11/04 03:38:20:166

I can't connect with the passive [192.168.100.113/5000] error_code:10061 !

<<<----  [OUT]
2020/11/04 03:38:22:652

Connecting Started...

<<<----  [OUT]
2020/11/04 03:38:24:716

I can't connect with the passive [192.168.100.113/5000] error_code:10061 !

<<<----  [OUT]
2020/11/04 03:38:27:198

Connecting Started...

<<<----  [OUT]
2020/11/04 03:38:29:262

I can't connect with the passive [192.168.100.113/5000] error_code:10061 !

<<<----  [OUT]
2020/11/04 03:38:31:745

Connecting Started...

<<<----  [OUT]
2020/11/04 03:38:33:808

I can't connect with the passive [192.168.100.113/5000] error_code:10061 !

<<<----  [OUT]
2020/11/04 03:38:36:292

Connecting Started...

<<<----  [OUT]
2020/11/04 03:38:38:353

I can't connect with the passive [192.168.100.113/5000] error_code:10061 !

<<<----  [OUT]
2020/11/04 03:38:40:839

Connecting Started...

<<<----  [OUT]
2020/11/04 03:38:42:903

I can't connect with the passive [192.168.100.113/5000] error_code:10061 !

<<<----  [OUT]
2020/11/04 03:38:45:385

Connecting Started...

<<<----  [OUT]
2020/11/04 03:38:47:460

I can't connect with the passive [192.168.100.113/5000] error_code:10061 !

<<<----  [OUT]
2020/11/04 03:38:49:949

Connecting Started...

<<<----  [OUT]
2020/11/04 03:38:52:018

I can't connect with the passive [192.168.100.113/5000] error_code:10061 !

<<<----  [OUT]
2020/11/04 03:38:54:495

Connecting Started...

<<<----  [OUT]
2020/11/04 03:38:56:554

I can't connect with the passive [192.168.100.113/5000] error_code:10061 !

<<<----  [OUT]
2020/11/04 03:38:59:042

Connecting Started...

<<<----  [OUT]
2020/11/04 03:39:01:079

I can't connect with the passive [192.168.100.113/5000] error_code:10061 !

<<<----  [OUT]
2020/11/04 03:39:03:557

Connecting Started...

<<<----  [OUT]
2020/11/04 03:39:05:625

I can't connect with the passive [192.168.100.113/5000] error_code:10061 !

<<<----  [OUT]
2020/11/04 03:39:08:105

Connecting Started...

<<<----  [OUT]
2020/11/04 03:39:10:166

I can't connect with the passive [192.168.100.113/5000] error_code:10061 !

<<<----  [OUT]
2020/11/04 03:39:12:652

Connecting Started...

<<<----  [OUT]
2020/11/04 03:39:14:697

I can't connect with the passive [192.168.100.113/5000] error_code:10061 !

<<<----  [OUT]
2020/11/04 03:39:17:182

Connecting Started...

<<<----  [OUT]
2020/11/04 03:39:19:231

I can't connect with the passive [192.168.100.113/5000] error_code:10061 !

<<<----  [OUT]
2020/11/04 03:39:21:714

Connecting Started...

<<<----  [OUT]
2020/11/04 03:39:23:781

I can't connect with the passive [192.168.100.113/5000] error_code:10061 !

<<<----  [OUT]
2020/11/04 03:39:26:261

Connecting Started...

<<<----  [OUT]
2020/11/04 03:39:28:321

I can't connect with the passive [192.168.100.113/5000] error_code:10061 !

<<<----  [OUT]
2020/11/04 03:39:30:808

Connecting Started...

<<<----  [OUT]
2020/11/04 03:39:32:863

I can't connect with the passive [192.168.100.113/5000] error_code:10061 !

<<<----  [OUT]
2020/11/04 03:39:35:355

Connecting Started...

<<<----  [OUT]
2020/11/04 03:39:37:396

I can't connect with the passive [192.168.100.113/5000] error_code:10061 !

<<<----  [OUT]
2020/11/04 03:39:39:886

Connecting Started...

<<<----  [OUT]
2020/11/04 03:39:41:933

I can't connect with the passive [192.168.100.113/5000] error_code:10061 !

<<<----  [OUT]
2020/11/04 03:39:44:417

Connecting Started...

<<<----  [OUT]
2020/11/04 03:39:46:450

I can't connect with the passive [192.168.100.113/5000] error_code:10061 !

<<<----  [OUT]
2020/11/04 03:39:48:933

Connecting Started...

<<<----  [OUT]
2020/11/04 03:39:50:992

I can't connect with the passive [192.168.100.113/5000] error_code:10061 !

<<<----  [OUT]
2020/11/04 03:39:53:479

Connecting Started...

<<<----  [OUT]
2020/11/04 03:39:55:525

I can't connect with the passive [192.168.100.113/5000] error_code:10061 !

<<<----  [OUT]
2020/11/04 03:39:58:011

Connecting Started...

<<<----  [OUT]
2020/11/04 03:40:00:055

I can't connect with the passive [192.168.100.113/5000] error_code:10061 !

<<<----  [OUT]
2020/11/04 03:40:02:543

Connecting Started...

<<<----  [OUT]
2020/11/04 03:40:04:595

I can't connect with the passive [192.168.100.113/5000] error_code:10061 !

<<<----  [OUT]
2020/11/04 03:40:07:073

Connecting Started...

<<<----  [OUT]
2020/11/04 03:40:09:143

I can't connect with the passive [192.168.100.113/5000] error_code:10061 !

<<<----  [OUT]
2020/11/04 03:40:11:621

Connecting Started...

<<<----  [OUT]
2020/11/04 03:40:13:678

I can't connect with the passive [192.168.100.113/5000] error_code:10061 !

<<<----  [OUT]
2020/11/04 03:40:16:167

Connecting Started...

<<<----  [OUT]
2020/11/04 03:40:18:211

I can't connect with the passive [192.168.100.113/5000] error_code:10061 !

<<<----  [OUT]
2020/11/04 03:40:20:698

Connecting Started...

<<<----  [OUT]
2020/11/04 03:40:22:759

I can't connect with the passive [192.168.100.113/5000] error_code:10061 !

<<<----  [OUT]
2020/11/04 03:40:25:245

Connecting Started...

<<<----  [OUT]
2020/11/04 03:40:27:323

I can't connect with the passive [192.168.100.113/5000] error_code:10061 !

<<<----  [OUT]
2020/11/04 03:40:29:807

Connecting Started...

<<<----  [OUT]
2020/11/04 03:40:31:862

I can't connect with the passive [192.168.100.113/5000] error_code:10061 !

<<<----  [OUT]
2020/11/04 03:40:34:339

Connecting Started...

<<<----  [OUT]
2020/11/04 03:40:36:398

I can't connect with the passive [192.168.100.113/5000] error_code:10061 !

<<<----  [OUT]
2020/11/04 03:40:38:886

Connecting Started...

<<<----  [OUT]
2020/11/04 03:40:40:951

I can't connect with the passive [192.168.100.113/5000] error_code:10061 !

<<<----  [OUT]
2020/11/04 03:40:43:433

Connecting Started...

<<<----  [OUT]
2020/11/04 03:40:45:466

I can't connect with the passive [192.168.100.113/5000] error_code:10061 !

<<<----  [OUT]
2020/11/04 03:40:47:948

Connecting Started...

<<<----  [OUT]
2020/11/04 03:40:50:022

I can't connect with the passive [192.168.100.113/5000] error_code:10061 !

<<<----  [OUT]
2020/11/04 03:40:52:510

Connecting Started...

<<<----  [OUT]
2020/11/04 03:40:54:575

I can't connect with the passive [192.168.100.113/5000] error_code:10061 !

<<<----  [OUT]
2020/11/04 03:40:57:058

Connecting Started...

<<<----  [OUT]
2020/11/04 03:40:59:092

I can't connect with the passive [192.168.100.113/5000] error_code:10061 !

<<<----  [OUT]
2020/11/04 03:41:01:574

Connecting Started...

<<<----  [OUT]
2020/11/04 03:41:03:594

I can't connect with the passive [192.168.100.113/5000] error_code:10061 !

<<<----  [OUT]
2020/11/04 03:41:06:073

Connecting Started...

<<<----  [OUT]
2020/11/04 03:41:08:125

I can't connect with the passive [192.168.100.113/5000] error_code:10061 !

<<<----  [OUT]
2020/11/04 03:41:10:605

Connecting Started...

<<<----  [OUT]
2020/11/04 03:41:12:668

I can't connect with the passive [192.168.100.113/5000] error_code:10061 !

<<<----  [OUT]
2020/11/04 03:41:15:151

Connecting Started...

<<<----  [OUT]
2020/11/04 03:41:17:191

I can't connect with the passive [192.168.100.113/5000] error_code:10061 !

<<<----  [OUT]
2020/11/04 03:41:19:684

Connecting Started...

<<<----  [OUT]
2020/11/04 03:41:21:736

I can't connect with the passive [192.168.100.113/5000] error_code:10061 !

<<<----  [OUT]
2020/11/04 03:41:24:214

Connecting Started...

<<<----  [OUT]
2020/11/04 03:41:26:271

I can't connect with the passive [192.168.100.113/5000] error_code:10061 !

<<<----  [OUT]
2020/11/04 03:41:28:762

Connecting Started...

<<<----  [OUT]
2020/11/04 03:41:30:813

I can't connect with the passive [192.168.100.113/5000] error_code:10061 !

<<<----  [OUT]
2020/11/04 03:41:33:292

Connecting Started...

<<<----  [OUT]
2020/11/04 03:41:35:326

I can't connect with the passive [192.168.100.113/5000] error_code:10061 !

<<<----  [OUT]
2020/11/04 03:41:37:807

Connecting Started...

<<<----  [OUT]
2020/11/04 03:41:39:864

I can't connect with the passive [192.168.100.113/5000] error_code:10061 !

<<<----  [OUT]
2020/11/04 03:41:42:355

Connecting Started...

<<<----  [OUT]
2020/11/04 03:41:44:404

I can't connect with the passive [192.168.100.113/5000] error_code:10061 !

<<<----  [OUT]
2020/11/04 03:41:46:885

Connecting Started...

<<<----  [OUT]
2020/11/04 03:41:48:959

I can't connect with the passive [192.168.100.113/5000] error_code:10061 !

<<<----  [OUT]
2020/11/04 03:41:51:449

Connecting Started...

<<<----  [OUT]
2020/11/04 03:41:53:504

I can't connect with the passive [192.168.100.113/5000] error_code:10061 !

<<<----  [OUT]
2020/11/04 03:41:55:995

Connecting Started...

<<<----  [OUT]
2020/11/04 03:41:58:059

I can't connect with the passive [192.168.100.113/5000] error_code:10061 !

<<<----  [OUT]
2020/11/04 03:42:00:543

Connecting Started...

<<<----  [OUT]
2020/11/04 03:42:02:610

I can't connect with the passive [192.168.100.113/5000] error_code:10061 !

<<<----  [OUT]
2020/11/04 03:42:05:089

Connecting Started...

<<<----  [OUT]
2020/11/04 03:42:07:145

I can't connect with the passive [192.168.100.113/5000] error_code:10061 !

<<<----  [OUT]
2020/11/04 03:42:09:636

Connecting Started...

<<<----  [OUT]
2020/11/04 03:42:11:691

I can't connect with the passive [192.168.100.113/5000] error_code:10061 !

<<<----  [OUT]
2020/11/04 03:42:14:167

Connecting Started...

<<<----  [OUT]
2020/11/04 03:42:16:200

I can't connect with the passive [192.168.100.113/5000] error_code:10061 !

<<<----  [OUT]
2020/11/04 03:42:18:683

Connecting Started...

<<<----  [OUT]
2020/11/04 03:42:20:736

I can't connect with the passive [192.168.100.113/5000] error_code:10061 !

<<<----  [OUT]
2020/11/04 03:42:23:215

Connecting Started...

<<<----  [OUT]
2020/11/04 03:42:25:270

I can't connect with the passive [192.168.100.113/5000] error_code:10061 !

<<<----  [OUT]
2020/11/04 03:42:27:762

Connecting Started...

<<<----  [OUT]
2020/11/04 03:42:29:802

I can't connect with the passive [192.168.100.113/5000] error_code:10061 !

<<<----  [OUT]
2020/11/04 03:42:32:293

Connecting Started...

<<<----  [OUT]
2020/11/04 03:42:34:337

I can't connect with the passive [192.168.100.113/5000] error_code:10061 !

<<<----  [OUT]
2020/11/04 03:42:36:824

Connecting Started...

<<<----  [OUT]
2020/11/04 03:42:38:884

I can't connect with the passive [192.168.100.113/5000] error_code:10061 !

<<<----  [OUT]
2020/11/04 03:42:41:370

Connecting Started...

<<<----  [OUT]
2020/11/04 03:42:43:423

I can't connect with the passive [192.168.100.113/5000] error_code:10061 !

<<<----  [OUT]
2020/11/04 03:42:45:901

Connecting Started...

<<<----  [OUT]
2020/11/04 03:42:47:948

I can't connect with the passive [192.168.100.113/5000] error_code:10061 !

<<<----  [OUT]
2020/11/04 03:42:50:432

Connecting Started...

<<<----  [OUT]
2020/11/04 03:42:52:456

I can't connect with the passive [192.168.100.113/5000] error_code:10061 !

<<<----  [OUT]
2020/11/04 03:42:54:932

Connecting Started...

<<<----  [OUT]
2020/11/04 03:42:56:980

I can't connect with the passive [192.168.100.113/5000] error_code:10061 !

<<<----  [OUT]
2020/11/04 03:42:59:464

Connecting Started...

<<<----  [OUT]
2020/11/04 03:43:01:500

I can't connect with the passive [192.168.100.113/5000] error_code:10061 !

<<<----  [OUT]
2020/11/04 03:43:03:979

Connecting Started...

<<<----  [OUT]
2020/11/04 03:43:06:020

I can't connect with the passive [192.168.100.113/5000] error_code:10061 !

<<<----  [OUT]
2020/11/04 03:43:08:511

Connecting Started...

<<<----  [OUT]
2020/11/04 03:43:10:554

I can't connect with the passive [192.168.100.113/5000] error_code:10061 !

<<<----  [OUT]
2020/11/04 03:43:13:042

Connecting Started...

<<<----  [OUT]
2020/11/04 03:43:15:092

I can't connect with the passive [192.168.100.113/5000] error_code:10061 !

<<<----  [OUT]
2020/11/04 03:43:17:574

Connecting Started...

<<<----  [OUT]
2020/11/04 03:43:19:614

I can't connect with the passive [192.168.100.113/5000] error_code:10061 !

<<<----  [OUT]
2020/11/04 03:43:22:105

Connecting Started...

<<<----  [OUT]
2020/11/04 03:43:24:149

I can't connect with the passive [192.168.100.113/5000] error_code:10061 !

<<<----  [OUT]
2020/11/04 03:43:26:635

Connecting Started...

<<<----  [OUT]
2020/11/04 03:43:28:680

I can't connect with the passive [192.168.100.113/5000] error_code:10061 !

<<<----  [OUT]
2020/11/04 03:43:31:167

Connecting Started...

<<<----  [OUT]
2020/11/04 03:43:33:225

I can't connect with the passive [192.168.100.113/5000] error_code:10061 !

<<<----  [OUT]
2020/11/04 03:43:35:714

Connecting Started...

<<<----  [OUT]
2020/11/04 03:43:37:748

I can't connect with the passive [192.168.100.113/5000] error_code:10061 !

<<<----  [OUT]
2020/11/04 03:43:40:229

Connecting Started...

<<<----  [OUT]
2020/11/04 03:43:42:289

I can't connect with the passive [192.168.100.113/5000] error_code:10061 !

<<<----  [OUT]
2020/11/04 03:43:44:777

Connecting Started...

<<<----  [OUT]
2020/11/04 03:43:46:811

I can't connect with the passive [192.168.100.113/5000] error_code:10061 !

<<<----  [OUT]
2020/11/04 03:43:49:293

Connecting Started...

<<<----  [OUT]
2020/11/04 03:43:51:328

I can't connect with the passive [192.168.100.113/5000] error_code:10061 !

<<<----  [OUT]
2020/11/04 03:43:53:808

Connecting Started...

<<<----  [OUT]
2020/11/04 03:43:55:852

I can't connect with the passive [192.168.100.113/5000] error_code:10061 !

<<<----  [OUT]
2020/11/04 03:43:58:339

Connecting Started...

<<<----  [OUT]
2020/11/04 03:44:00:383

I can't connect with the passive [192.168.100.113/5000] error_code:10061 !

<<<----  [OUT]
2020/11/04 03:44:02:870

Connecting Started...

<<<----  [OUT]
2020/11/04 03:44:04:918

I can't connect with the passive [192.168.100.113/5000] error_code:10061 !

<<<----  [OUT]
2020/11/04 03:44:07:403

Connecting Started...

<<<----  [OUT]
2020/11/04 03:44:09:456

I can't connect with the passive [192.168.100.113/5000] error_code:10061 !

<<<----  [OUT]
2020/11/04 03:44:11:934

Connecting Started...

<<<----  [OUT]
2020/11/04 03:44:13:993

I can't connect with the passive [192.168.100.113/5000] error_code:10061 !

<<<----  [OUT]
2020/11/04 03:44:16:479

Connecting Started...

<<<----  [OUT]
2020/11/04 03:44:18:541

I can't connect with the passive [192.168.100.113/5000] error_code:10061 !

<<<----  [OUT]
2020/11/04 03:44:21:027

Connecting Started...

<<<----  [OUT]
2020/11/04 03:44:23:060

I can't connect with the passive [192.168.100.113/5000] error_code:10061 !

<<<----  [OUT]
2020/11/04 03:44:25:542

Connecting Started...

<<<----  [OUT]
2020/11/04 03:44:27:576

I can't connect with the passive [192.168.100.113/5000] error_code:10061 !

<<<----  [OUT]
2020/11/04 03:44:30:057

Connecting Started...

<<<----  [OUT]
2020/11/04 03:44:32:103

I can't connect with the passive [192.168.100.113/5000] error_code:10061 !

<<<----  [OUT]
2020/11/04 03:44:34:590

Connecting Started...

<<<----  [OUT]
2020/11/04 03:44:36:628

I can't connect with the passive [192.168.100.113/5000] error_code:10061 !

<<<----  [OUT]
2020/11/04 03:44:39:104

Connecting Started...

<<<----  [OUT]
2020/11/04 03:44:41:147

I can't connect with the passive [192.168.100.113/5000] error_code:10061 !

<<<----  [OUT]
2020/11/04 03:44:43:637

Connecting Started...

<<<----  [OUT]
2020/11/04 03:44:45:686

I can't connect with the passive [192.168.100.113/5000] error_code:10061 !

<<<----  [OUT]
2020/11/04 03:44:48:166

Connecting Started...

<<<----  [OUT]
2020/11/04 03:44:50:215

I can't connect with the passive [192.168.100.113/5000] error_code:10061 !

<<<----  [OUT]
2020/11/04 03:44:52:699

Connecting Started...

<<<----  [OUT]
2020/11/04 03:44:54:749

I can't connect with the passive [192.168.100.113/5000] error_code:10061 !

<<<----  [OUT]
2020/11/04 03:44:57:230

Connecting Started...

<<<----  [OUT]
2020/11/04 03:44:59:264

I can't connect with the passive [192.168.100.113/5000] error_code:10061 !

<<<----  [OUT]
2020/11/04 03:45:01:745

Connecting Started...

<<<----  [OUT]
2020/11/04 03:45:03:793

I can't connect with the passive [192.168.100.113/5000] error_code:10061 !

<<<----  [OUT]
2020/11/04 03:45:06:277

Connecting Started...

<<<----  [OUT]
2020/11/04 03:45:08:336

I can't connect with the passive [192.168.100.113/5000] error_code:10061 !

<<<----  [OUT]
2020/11/04 03:45:10:823

Connecting Started...

<<<----  [OUT]
2020/11/04 03:45:12:884

I can't connect with the passive [192.168.100.113/5000] error_code:10061 !

<<<----  [OUT]
2020/11/04 03:45:15:371

Connecting Started...

<<<----  [OUT]
2020/11/04 03:45:17:424

I can't connect with the passive [192.168.100.113/5000] error_code:10061 !

<<<----  [OUT]
2020/11/04 03:45:19:902

Connecting Started...

<<<----  [OUT]
2020/11/04 03:45:21:958

I can't connect with the passive [192.168.100.113/5000] error_code:10061 !

<<<----  [OUT]
2020/11/04 03:45:24:448

Connecting Started...

<<<----  [OUT]
2020/11/04 03:45:26:483

I can't connect with the passive [192.168.100.113/5000] error_code:10061 !

<<<----  [OUT]
2020/11/04 03:45:28:964

Connecting Started...

<<<----  [OUT]
2020/11/04 03:45:31:021

I can't connect with the passive [192.168.100.113/5000] error_code:10061 !

<<<----  [OUT]
2020/11/04 03:45:33:510

Connecting Started...

<<<----  [OUT]
2020/11/04 03:45:35:557

I can't connect with the passive [192.168.100.113/5000] error_code:10061 !

<<<----  [OUT]
2020/11/04 03:45:38:041

Connecting Started...

<<<----  [OUT]
2020/11/04 03:45:40:080

I can't connect with the passive [192.168.100.113/5000] error_code:10061 !

<<<----  [OUT]
2020/11/04 03:45:42:558

Connecting Started...

<<<----  [OUT]
2020/11/04 03:45:44:628

I can't connect with the passive [192.168.100.113/5000] error_code:10061 !

<<<----  [OUT]
2020/11/04 03:45:47:105

Connecting Started...

<<<----  [OUT]
2020/11/04 03:45:49:158

I can't connect with the passive [192.168.100.113/5000] error_code:10061 !

<<<----  [OUT]
2020/11/04 03:45:51:636

Connecting Started...

<<<----  [OUT]
2020/11/04 03:45:53:706

I can't connect with the passive [192.168.100.113/5000] error_code:10061 !

<<<----  [OUT]
2020/11/04 03:45:56:182

Connecting Started...

<<<----  [OUT]
2020/11/04 03:45:58:240

I can't connect with the passive [192.168.100.113/5000] error_code:10061 !

<<<----  [OUT]
2020/11/04 03:46:00:730

Connecting Started...

<<<----  [OUT]
2020/11/04 03:46:02:785

I can't connect with the passive [192.168.100.113/5000] error_code:10061 !

<<<----  [OUT]
2020/11/04 03:46:05:276

Connecting Started...

<<<----  [OUT]
2020/11/04 03:46:07:321

I can't connect with the passive [192.168.100.113/5000] error_code:10061 !

<<<----  [OUT]
2020/11/04 03:46:09:807

Connecting Started...

<<<----  [OUT]
2020/11/04 03:46:11:867

I can't connect with the passive [192.168.100.113/5000] error_code:10061 !

<<<----  [OUT]
2020/11/04 03:46:14:355

Connecting Started...

<<<----  [OUT]
2020/11/04 03:46:16:400

I can't connect with the passive [192.168.100.113/5000] error_code:10061 !

<<<----  [OUT]
2020/11/04 03:46:18:885

Connecting Started...

<<<----  [OUT]
2020/11/04 03:46:20:943

I can't connect with the passive [192.168.100.113/5000] error_code:10061 !

<<<----  [OUT]
2020/11/04 03:46:23:433

Connecting Started...

<<<----  [OUT]
2020/11/04 03:46:25:496

I can't connect with the passive [192.168.100.113/5000] error_code:10061 !

<<<----  [OUT]
2020/11/04 03:46:27:979

Connecting Started...

<<<----  [OUT]
2020/11/04 03:46:30:037

I can't connect with the passive [192.168.100.113/5000] error_code:10061 !

<<<----  [OUT]
2020/11/04 03:46:32:527

Connecting Started...

<<<----  [OUT]
2020/11/04 03:46:34:586

I can't connect with the passive [192.168.100.113/5000] error_code:10061 !

<<<----  [OUT]
2020/11/04 03:46:37:073

Connecting Started...

<<<----  [OUT]
2020/11/04 03:46:39:141

I can't connect with the passive [192.168.100.113/5000] error_code:10061 !

<<<----  [OUT]
2020/11/04 03:46:41:619

Connecting Started...

<<<----  [OUT]
2020/11/04 03:46:43:658

I can't connect with the passive [192.168.100.113/5000] error_code:10061 !

<<<----  [OUT]
2020/11/04 03:46:46:135

Connecting Started...

<<<----  [OUT]
2020/11/04 03:46:48:193

I can't connect with the passive [192.168.100.113/5000] error_code:10061 !

<<<----  [OUT]
2020/11/04 03:46:50:683

Connecting Started...

<<<----  [OUT]
2020/11/04 03:46:52:743

I can't connect with the passive [192.168.100.113/5000] error_code:10061 !

<<<----  [OUT]
2020/11/04 03:46:55:229

Connecting Started...

<<<----  [OUT]
2020/11/04 03:46:57:277

I can't connect with the passive [192.168.100.113/5000] error_code:10061 !

<<<----  [OUT]
2020/11/04 03:46:59:762

Connecting Started...

<<<----  [OUT]
2020/11/04 03:47:01:801

I can't connect with the passive [192.168.100.113/5000] error_code:10061 !

<<<----  [OUT]
2020/11/04 03:47:04:292

Connecting Started...

<<<----  [OUT]
2020/11/04 03:47:06:352

I can't connect with the passive [192.168.100.113/5000] error_code:10061 !

<<<----  [OUT]
2020/11/04 03:47:08:838

Connecting Started...

<<<----  [OUT]
2020/11/04 03:47:10:895

I can't connect with the passive [192.168.100.113/5000] error_code:10061 !

<<<----  [OUT]
2020/11/04 03:47:13:385

Connecting Started...

<<<----  [OUT]
2020/11/04 03:47:15:435

I can't connect with the passive [192.168.100.113/5000] error_code:10061 !

<<<----  [OUT]
2020/11/04 03:47:17:916

Connecting Started...

<<<----  [OUT]
2020/11/04 03:47:19:981

I can't connect with the passive [192.168.100.113/5000] error_code:10061 !

<<<----  [OUT]
2020/11/04 03:47:22:464

Connecting Started...

<<<----  [OUT]
2020/11/04 03:47:24:532

I can't connect with the passive [192.168.100.113/5000] error_code:10061 !

<<<----  [OUT]
2020/11/04 03:47:27:011

Connecting Started...

<<<----  [OUT]
2020/11/04 03:47:29:050

I can't connect with the passive [192.168.100.113/5000] error_code:10061 !

<<<----  [OUT]
2020/11/04 03:47:31:526

Connecting Started...

<<<----  [OUT]
2020/11/04 03:47:33:586

I can't connect with the passive [192.168.100.113/5000] error_code:10061 !

<<<----  [OUT]
2020/11/04 03:47:36:073

Connecting Started...

<<<----  [OUT]
2020/11/04 03:47:38:129

I can't connect with the passive [192.168.100.113/5000] error_code:10061 !

<<<----  [OUT]
2020/11/04 03:47:40:620

Connecting Started...

<<<----  [OUT]
2020/11/04 03:48:01:654

I can't connect with the passive [192.168.100.113/5000] error_code:10060 !

<<<----  [OUT]
2020/11/04 03:48:04:136

Connecting Started...

<<<----  [OUT]
2020/11/04 03:48:25:164

I can't connect with the passive [192.168.100.113/5000] error_code:10060 !

<<<----  [OUT]
2020/11/04 03:48:27:651

Connecting Started...

<<<----  [OUT]
2020/11/04 03:48:48:690

I can't connect with the passive [192.168.100.113/5000] error_code:10060 !

<<<----  [OUT]
2020/11/04 03:48:51:167

Connecting Started...

<<<----  [OUT]
2020/11/04 03:49:12:207

I can't connect with the passive [192.168.100.113/5000] error_code:10060 !

<<<----  [OUT]
2020/11/04 03:49:14:699

Connecting Started...

<<<----  [OUT]
2020/11/04 03:49:35:745

I can't connect with the passive [192.168.100.113/5000] error_code:10060 !

<<<----  [OUT]
2020/11/04 03:49:38:229

Connecting Started...

<<<----  [OUT]
2020/11/04 03:49:59:278

I can't connect with the passive [192.168.100.113/5000] error_code:10060 !

<<<----  [OUT]
2020/11/04 03:50:01:760

Connecting Started...

<<<----  [OUT]
2020/11/04 03:50:22:790

I can't connect with the passive [192.168.100.113/5000] error_code:10060 !

<<<----  [OUT]
2020/11/04 03:50:25:277

Connecting Started...

<<<----  [OUT]
2020/11/04 03:50:46:311

I can't connect with the passive [192.168.100.113/5000] error_code:10060 !

<<<----  [OUT]
2020/11/04 03:50:48:792

Connecting Started...

<<<----  [OUT]
2020/11/04 03:51:09:825

I can't connect with the passive [192.168.100.113/5000] error_code:10060 !

<<<----  [OUT]
2020/11/04 03:51:12:309

Connecting Started...

<<<----  [OUT]
2020/11/04 03:51:33:362

I can't connect with the passive [192.168.100.113/5000] error_code:10060 !

<<<----  [OUT]
2020/11/04 03:51:35:839

Connecting Started...

<<<----  [OUT]
2020/11/04 03:51:56:886

I can't connect with the passive [192.168.100.113/5000] error_code:10060 !

<<<----  [OUT]
2020/11/04 03:51:59:371

Connecting Started...

<<<----  [OUT]
2020/11/04 03:52:20:418

I can't connect with the passive [192.168.100.113/5000] error_code:10060 !

<<<----  [OUT]
2020/11/04 03:52:22:901

Connecting Started...

<<<----  [OUT]
2020/11/04 03:52:43:954

I can't connect with the passive [192.168.100.113/5000] error_code:10060 !

<<<----  [OUT]
2020/11/04 03:52:46:432

Connecting Started...

<<<----  [OUT]
2020/11/04 03:53:07:469

I can't connect with the passive [192.168.100.113/5000] error_code:10060 !

<<<----  [OUT]
2020/11/04 03:53:09:949

Connecting Started...

<<<----  [OUT]
2020/11/04 03:53:30:982

I can't connect with the passive [192.168.100.113/5000] error_code:10060 !

<<<----  [OUT]
2020/11/04 03:53:33:464

Connecting Started...

<<<----  [OUT]
2020/11/04 03:53:54:502

I can't connect with the passive [192.168.100.113/5000] error_code:10060 !

<<<----  [OUT]
2020/11/04 03:53:56:979

Connecting Started...

<<<----  [OUT]
2020/11/04 03:54:18:025

I can't connect with the passive [192.168.100.113/5000] error_code:10060 !

<<<----  [OUT]
2020/11/04 03:54:20:512

Connecting Started...

<<<----  [OUT]
2020/11/04 03:54:41:563

I can't connect with the passive [192.168.100.113/5000] error_code:10060 !

<<<----  [OUT]
2020/11/04 03:54:44:043

Connecting Started...

<<<----  [OUT]
2020/11/04 03:55:05:086

I can't connect with the passive [192.168.100.113/5000] error_code:10060 !

<<<----  [OUT]
2020/11/04 03:55:07:574

Connecting Started...

<<<----  [OUT]
2020/11/04 03:55:28:619

I can't connect with the passive [192.168.100.113/5000] error_code:10060 !

<<<----  [OUT]
2020/11/04 03:55:31:104

Connecting Started...

<<<----  [OUT]
2020/11/04 03:55:52:151

I can't connect with the passive [192.168.100.113/5000] error_code:10060 !

<<<----  [OUT]
2020/11/04 03:55:54:636

Connecting Started...

<<<----  [OUT]
2020/11/04 03:56:15:676

I can't connect with the passive [192.168.100.113/5000] error_code:10060 !

<<<----  [OUT]
2020/11/04 03:56:18:168

Connecting Started...

<<<----  [OUT]
2020/11/04 03:56:39:222

I can't connect with the passive [192.168.100.113/5000] error_code:10060 !

<<<----  [OUT]
2020/11/04 03:56:41:698

Connecting Started...

<<<----  [OUT]
2020/11/04 03:57:02:748

I can't connect with the passive [192.168.100.113/5000] error_code:10060 !

<<<----  [OUT]
2020/11/04 03:57:05:230

Connecting Started...

<<<----  [OUT]
2020/11/04 03:57:26:254

I can't connect with the passive [192.168.100.113/5000] error_code:10060 !

<<<----  [OUT]
2020/11/04 03:57:28:746

Connecting Started...

<<<----  [OUT]
2020/11/04 03:57:49:777

I can't connect with the passive [192.168.100.113/5000] error_code:10060 !

<<<----  [OUT]
2020/11/04 03:57:52:261

Connecting Started...

<<<----  [OUT]
2020/11/04 03:58:13:302

I can't connect with the passive [192.168.100.113/5000] error_code:10060 !

<<<----  [OUT]
2020/11/04 03:58:15:792

Connecting Started...

<<<----  [OUT]
2020/11/04 03:58:36:805

I can't connect with the passive [192.168.100.113/5000] error_code:10060 !

<<<----  [OUT]
2020/11/04 03:58:39:292

Connecting Started...

<<<----  [OUT]
2020/11/04 03:59:00:330

I can't connect with the passive [192.168.100.113/5000] error_code:10060 !

<<<----  [OUT]
2020/11/04 03:59:02:808

Connecting Started...

<<<----  [OUT]
2020/11/04 03:59:23:856

I can't connect with the passive [192.168.100.113/5000] error_code:10060 !

<<<----  [OUT]
2020/11/04 03:59:26:340

Connecting Started...

<<<----  [OUT]
2020/11/04 03:59:47:378

I can't connect with the passive [192.168.100.113/5000] error_code:10060 !

<<<----  [OUT]
2020/11/04 03:59:49:855

Connecting Started...
