
<<<----  [OUT]
2020/11/04 19:34:26:993

---------------------------------------------------------------------
// FA : Start Log ...


<<<----  [OUT]
2020/11/04 19:34:26:996

//-------------------------------------------------------------
Property Information

   Driver Type [HSMS]
   Driver Mode [ACTIVE]
   IP    [192.168.100.113]
   Port  [5000]
//-------------------------------------------------------------


<<<----  [OUT]
2020/11/04 19:34:27:599

Auto-Start Started ... (Active)

<<<----  [OUT]
2020/11/04 19:34:27:689

Auto-Start Started ...  Waiting Stop-Connection.

<<<----  [OUT]
2020/11/04 19:34:27:689

Auto-Start Started ...  Waiting Open-Socket.

<<<----  [OUT]
2020/11/04 19:34:27:719

Socket Open Started...

<<<----  [OUT]
2020/11/04 19:34:27:719

Socket Open Completed...

<<<----  [OUT]
2020/11/04 19:34:27:719

Connecting Started...

<<<----  [OUT]
2020/11/04 19:34:27:780

Auto-Start Completed ...  (Active)

<<<----  [OUT]
2020/11/04 19:34:29:763

I can't connect with the passive [192.168.100.113/5000] error_code:10061 !

<<<----  [OUT]
2020/11/04 19:34:32:245

Connecting Started...

<<<----  [OUT]
2020/11/04 19:34:34:288

I can't connect with the passive [192.168.100.113/5000] error_code:10061 !

<<<----  [OUT]
2020/11/04 19:34:36:775

Connecting Started...

<<<----  [OUT]
2020/11/04 19:34:38:829

I can't connect with the passive [192.168.100.113/5000] error_code:10061 !

<<<----  [OUT]
2020/11/04 19:34:41:308

Connecting Started...

<<<----  [OUT]
2020/11/04 19:34:43:341

I can't connect with the passive [192.168.100.113/5000] error_code:10061 !

<<<----  [OUT]
2020/11/04 19:34:45:823

Connecting Started...

<<<----  [OUT]
2020/11/04 19:34:47:864

I can't connect with the passive [192.168.100.113/5000] error_code:10061 !

<<<----  [OUT]
2020/11/04 19:34:50:354

Connecting Started...

<<<----  [OUT]
2020/11/04 19:34:52:383

I can't connect with the passive [192.168.100.113/5000] error_code:10061 !

<<<----  [OUT]
2020/11/04 19:34:54:869

Connecting Started...

<<<----  [OUT]
2020/11/04 19:34:56:911

I can't connect with the passive [192.168.100.113/5000] error_code:10061 !

<<<----  [OUT]
2020/11/04 19:34:59:401

Connecting Started...

<<<----  [OUT]
2020/11/04 19:35:01:439

I can't connect with the passive [192.168.100.113/5000] error_code:10061 !

<<<----  [OUT]
2020/11/04 19:35:03:916

Connecting Started...

<<<----  [OUT]
2020/11/04 19:35:05:952

I can't connect with the passive [192.168.100.113/5000] error_code:10061 !

<<<----  [OUT]
2020/11/04 19:35:08:433

Connecting Started...

<<<----  [OUT]
2020/11/04 19:35:10:465

I can't connect with the passive [192.168.100.113/5000] error_code:10061 !

<<<----  [OUT]
2020/11/04 19:35:12:949

Connecting Started...

<<<----  [OUT]
2020/11/04 19:35:14:987

I can't connect with the passive [192.168.100.113/5000] error_code:10061 !

<<<----  [OUT]
2020/11/04 19:35:17:464

Connecting Started...

<<<----  [OUT]
2020/11/04 19:35:19:505

I can't connect with the passive [192.168.100.113/5000] error_code:10061 !

<<<----  [OUT]
2020/11/04 19:35:21:996

Connecting Started...

<<<----  [OUT]
2020/11/04 19:35:24:048

I can't connect with the passive [192.168.100.113/5000] error_code:10061 !

<<<----  [OUT]
2020/11/04 19:35:26:527

Connecting Started...

<<<----  [OUT]
2020/11/04 19:35:28:561

I can't connect with the passive [192.168.100.113/5000] error_code:10061 !

<<<----  [OUT]
2020/11/04 19:35:31:042

Connecting Started...

<<<----  [OUT]
2020/11/04 19:35:33:087

I can't connect with the passive [192.168.100.113/5000] error_code:10061 !

<<<----  [OUT]
2020/11/04 19:35:35:572

Connecting Started...

<<<----  [OUT]
2020/11/04 19:35:37:625

I can't connect with the passive [192.168.100.113/5000] error_code:10061 !

<<<----  [OUT]
2020/11/04 19:35:40:103

Connecting Started...

<<<----  [OUT]
2020/11/04 19:35:42:144

I can't connect with the passive [192.168.100.113/5000] error_code:10061 !

<<<----  [OUT]
2020/11/04 19:35:44:635

Connecting Started...

<<<----  [OUT]
2020/11/04 19:35:46:670

I can't connect with the passive [192.168.100.113/5000] error_code:10061 !

<<<----  [OUT]
2020/11/04 19:35:49:151

Connecting Started...

<<<----  [OUT]
2020/11/04 19:35:51:195

I can't connect with the passive [192.168.100.113/5000] error_code:10061 !

<<<----  [OUT]
2020/11/04 19:35:53:683

Connecting Started...

<<<----  [OUT]
2020/11/04 19:35:55:722

I can't connect with the passive [192.168.100.113/5000] error_code:10061 !

<<<----  [OUT]
2020/11/04 19:35:58:214

Connecting Started...

<<<----  [OUT]
2020/11/04 19:36:00:239

I can't connect with the passive [192.168.100.113/5000] error_code:10061 !

<<<----  [OUT]
2020/11/04 19:36:02:729

Connecting Started...

<<<----  [OUT]
2020/11/04 19:36:04:751

I can't connect with the passive [192.168.100.113/5000] error_code:10061 !

<<<----  [OUT]
2020/11/04 19:36:07:230

Connecting Started...

<<<----  [OUT]
2020/11/04 19:36:09:279

I can't connect with the passive [192.168.100.113/5000] error_code:10061 !

<<<----  [OUT]
2020/11/04 19:36:11:761

Connecting Started...

<<<----  [OUT]
2020/11/04 19:36:13:808

I can't connect with the passive [192.168.100.113/5000] error_code:10061 !

<<<----  [OUT]
2020/11/04 19:36:16:292

Connecting Started...

<<<----  [OUT]
2020/11/04 19:36:18:338

I can't connect with the passive [192.168.100.113/5000] error_code:10061 !

<<<----  [OUT]
2020/11/04 19:36:20:823

Connecting Started...

<<<----  [OUT]
2020/11/04 19:36:22:876

I can't connect with the passive [192.168.100.113/5000] error_code:10061 !

<<<----  [OUT]
2020/11/04 19:36:25:354

Connecting Started...

<<<----  [OUT]
2020/11/04 19:36:27:398

I can't connect with the passive [192.168.100.113/5000] error_code:10061 !

<<<----  [OUT]
2020/11/04 19:36:29:885

Connecting Started...

<<<----  [OUT]
2020/11/04 19:36:31:936

I can't connect with the passive [192.168.100.113/5000] error_code:10061 !

<<<----  [OUT]
2020/11/04 19:36:34:416

Connecting Started...

<<<----  [OUT]
2020/11/04 19:36:36:446

I can't connect with the passive [192.168.100.113/5000] error_code:10061 !

<<<----  [OUT]
2020/11/04 19:36:38:933

Connecting Started...

<<<----  [OUT]
2020/11/04 19:36:40:967

I can't connect with the passive [192.168.100.113/5000] error_code:10061 !

<<<----  [OUT]
2020/11/04 19:36:43:447

Connecting Started...

<<<----  [OUT]
2020/11/04 19:36:45:492

I can't connect with the passive [192.168.100.113/5000] error_code:10061 !

<<<----  [OUT]
2020/11/04 19:36:47:979

Connecting Started...

<<<----  [OUT]
2020/11/04 19:36:50:028

I can't connect with the passive [192.168.100.113/5000] error_code:10061 !

<<<----  [OUT]
2020/11/04 19:36:52:509

Connecting Started...

<<<----  [OUT]
2020/11/04 19:36:54:556

I can't connect with the passive [192.168.100.113/5000] error_code:10061 !

<<<----  [OUT]
2020/11/04 19:36:57:042

Connecting Started...

<<<----  [OUT]
2020/11/04 19:36:59:084

I can't connect with the passive [192.168.100.113/5000] error_code:10061 !

<<<----  [OUT]
2020/11/04 19:37:01:572

Connecting Started...

<<<----  [OUT]
2020/11/04 19:37:03:620

I can't connect with the passive [192.168.100.113/5000] error_code:10061 !

<<<----  [OUT]
2020/11/04 19:37:06:104

Connecting Started...

<<<----  [OUT]
2020/11/04 19:37:08:150

I can't connect with the passive [192.168.100.113/5000] error_code:10061 !

<<<----  [OUT]
2020/11/04 19:37:10:635

Connecting Started...

<<<----  [OUT]
2020/11/04 19:37:12:685

I can't connect with the passive [192.168.100.113/5000] error_code:10061 !

<<<----  [OUT]
2020/11/04 19:37:15:167

Connecting Started...

<<<----  [OUT]
2020/11/04 19:37:17:207

I can't connect with the passive [192.168.100.113/5000] error_code:10061 !

<<<----  [OUT]
2020/11/04 19:37:19:698

Connecting Started...

<<<----  [OUT]
2020/11/04 19:37:21:741

I can't connect with the passive [192.168.100.113/5000] error_code:10061 !

<<<----  [OUT]
2020/11/04 19:37:24:229

Connecting Started...

<<<----  [OUT]
2020/11/04 19:37:26:271

I can't connect with the passive [192.168.100.113/5000] error_code:10061 !

<<<----  [OUT]
2020/11/04 19:37:28:761

Connecting Started...

<<<----  [OUT]
2020/11/04 19:37:30:802

I can't connect with the passive [192.168.100.113/5000] error_code:10061 !

<<<----  [OUT]
2020/11/04 19:37:33:291

Connecting Started...

<<<----  [OUT]
2020/11/04 19:37:35:341

I can't connect with the passive [192.168.100.113/5000] error_code:10061 !

<<<----  [OUT]
2020/11/04 19:37:37:823

Connecting Started...

<<<----  [OUT]
2020/11/04 19:37:39:868

I can't connect with the passive [192.168.100.113/5000] error_code:10061 !

<<<----  [OUT]
2020/11/04 19:37:42:353

Connecting Started...

<<<----  [OUT]
2020/11/04 19:37:44:391

I can't connect with the passive [192.168.100.113/5000] error_code:10061 !

<<<----  [OUT]
2020/11/04 19:37:46:870

Connecting Started...

<<<----  [OUT]
2020/11/04 19:37:48:927

I can't connect with the passive [192.168.100.113/5000] error_code:10061 !

<<<----  [OUT]
2020/11/04 19:37:51:417

Connecting Started...

<<<----  [OUT]
2020/11/04 19:37:53:455

I can't connect with the passive [192.168.100.113/5000] error_code:10061 !

<<<----  [OUT]
2020/11/04 19:37:55:932

Connecting Started...

<<<----  [OUT]
2020/11/04 19:37:57:991

I can't connect with the passive [192.168.100.113/5000] error_code:10061 !

<<<----  [OUT]
2020/11/04 19:38:00:479

Connecting Started...

<<<----  [OUT]
2020/11/04 19:38:02:535

I can't connect with the passive [192.168.100.113/5000] error_code:10061 !

<<<----  [OUT]
2020/11/04 19:38:05:027

Connecting Started...

<<<----  [OUT]
2020/11/04 19:38:07:069

I can't connect with the passive [192.168.100.113/5000] error_code:10061 !

<<<----  [OUT]
2020/11/04 19:38:09:557

Connecting Started...

<<<----  [OUT]
2020/11/04 19:38:11:607

I can't connect with the passive [192.168.100.113/5000] error_code:10061 !

<<<----  [OUT]
2020/11/04 19:38:14:089

Connecting Started...

<<<----  [OUT]
2020/11/04 19:38:16:146

I can't connect with the passive [192.168.100.113/5000] error_code:10061 !

<<<----  [OUT]
2020/11/04 19:38:18:635

Connecting Started...

<<<----  [OUT]
2020/11/04 19:38:20:675

I can't connect with the passive [192.168.100.113/5000] error_code:10061 !

<<<----  [OUT]
2020/11/04 19:38:23:167

Connecting Started...

<<<----  [OUT]
2020/11/04 19:38:25:208

I can't connect with the passive [192.168.100.113/5000] error_code:10061 !

<<<----  [OUT]
2020/11/04 19:38:27:698

Connecting Started...

<<<----  [OUT]
2020/11/04 19:38:29:746

I can't connect with the passive [192.168.100.113/5000] error_code:10061 !

<<<----  [OUT]
2020/11/04 19:38:32:230

Connecting Started...

<<<----  [OUT]
2020/11/04 19:38:34:284

I can't connect with the passive [192.168.100.113/5000] error_code:10061 !

<<<----  [OUT]
2020/11/04 19:38:36:777

Connecting Started...

<<<----  [OUT]
2020/11/04 19:38:38:825

I can't connect with the passive [192.168.100.113/5000] error_code:10061 !

<<<----  [OUT]
2020/11/04 19:38:41:307

Connecting Started...

<<<----  [OUT]
2020/11/04 19:38:43:368

I can't connect with the passive [192.168.100.113/5000] error_code:10061 !

<<<----  [OUT]
2020/11/04 19:38:45:853

Connecting Started...

<<<----  [OUT]
2020/11/04 19:38:47:906

I can't connect with the passive [192.168.100.113/5000] error_code:10061 !

<<<----  [OUT]
2020/11/04 19:38:50:386

Connecting Started...

<<<----  [OUT]
2020/11/04 19:38:52:433

I can't connect with the passive [192.168.100.113/5000] error_code:10061 !

<<<----  [OUT]
2020/11/04 19:38:54:917

Connecting Started...

<<<----  [OUT]
2020/11/04 19:38:56:962

I can't connect with the passive [192.168.100.113/5000] error_code:10061 !

<<<----  [OUT]
2020/11/04 19:38:59:448

Connecting Started...

<<<----  [OUT]
2020/11/04 19:39:01:492

I can't connect with the passive [192.168.100.113/5000] error_code:10061 !

<<<----  [OUT]
2020/11/04 19:39:03:979

Connecting Started...

<<<----  [OUT]
2020/11/04 19:39:06:031

I can't connect with the passive [192.168.100.113/5000] error_code:10061 !

<<<----  [OUT]
2020/11/04 19:39:08:510

Connecting Started...

<<<----  [OUT]
2020/11/04 19:39:10:569

I can't connect with the passive [192.168.100.113/5000] error_code:10061 !

<<<----  [OUT]
2020/11/04 19:39:13:057

Connecting Started...

<<<----  [OUT]
2020/11/04 19:39:15:107

I can't connect with the passive [192.168.100.113/5000] error_code:10061 !

<<<----  [OUT]
2020/11/04 19:39:17:589

Connecting Started...

<<<----  [OUT]
2020/11/04 19:39:19:622

I can't connect with the passive [192.168.100.113/5000] error_code:10061 !

<<<----  [OUT]
2020/11/04 19:39:22:104

Connecting Started...

<<<----  [OUT]
2020/11/04 19:39:24:158

I can't connect with the passive [192.168.100.113/5000] error_code:10061 !

<<<----  [OUT]
2020/11/04 19:39:26:635

Connecting Started...

<<<----  [OUT]
2020/11/04 19:39:28:674

I can't connect with the passive [192.168.100.113/5000] error_code:10061 !

<<<----  [OUT]
2020/11/04 19:39:31:152

Connecting Started...

<<<----  [OUT]
2020/11/04 19:39:33:202

I can't connect with the passive [192.168.100.113/5000] error_code:10061 !

<<<----  [OUT]
2020/11/04 19:39:35:682

Connecting Started...

<<<----  [OUT]
2020/11/04 19:39:37:734

I can't connect with the passive [192.168.100.113/5000] error_code:10061 !

<<<----  [OUT]
2020/11/04 19:39:40:213

Connecting Started...

<<<----  [OUT]
2020/11/04 19:39:42:258

I can't connect with the passive [192.168.100.113/5000] error_code:10061 !

<<<----  [OUT]
2020/11/04 19:39:44:745

Connecting Started...

<<<----  [OUT]
2020/11/04 19:39:46:791

I can't connect with the passive [192.168.100.113/5000] error_code:10061 !

<<<----  [OUT]
2020/11/04 19:39:49:276

Connecting Started...

<<<----  [OUT]
2020/11/04 19:39:51:306

I can't connect with the passive [192.168.100.113/5000] error_code:10061 !

<<<----  [OUT]
2020/11/04 19:39:53:792

Connecting Started...

<<<----  [OUT]
2020/11/04 19:39:55:830

I can't connect with the passive [192.168.100.113/5000] error_code:10061 !

<<<----  [OUT]
2020/11/04 19:39:58:307

Connecting Started...

<<<----  [OUT]
2020/11/04 19:40:00:355

I can't connect with the passive [192.168.100.113/5000] error_code:10061 !

<<<----  [OUT]
2020/11/04 19:40:02:839

Connecting Started...

<<<----  [OUT]
2020/11/04 19:40:04:883

I can't connect with the passive [192.168.100.113/5000] error_code:10061 !

<<<----  [OUT]
2020/11/04 19:40:07:370

Connecting Started...

<<<----  [OUT]
2020/11/04 19:40:09:413

I can't connect with the passive [192.168.100.113/5000] error_code:10061 !

<<<----  [OUT]
2020/11/04 19:40:11:901

Connecting Started...

<<<----  [OUT]
2020/11/04 19:40:13:945

I can't connect with the passive [192.168.100.113/5000] error_code:10061 !

<<<----  [OUT]
2020/11/04 19:40:16:432

Connecting Started...

<<<----  [OUT]
2020/11/04 19:40:18:464

I can't connect with the passive [192.168.100.113/5000] error_code:10061 !

<<<----  [OUT]
2020/11/04 19:40:20:948

Connecting Started...

<<<----  [OUT]
2020/11/04 19:40:23:001

I can't connect with the passive [192.168.100.113/5000] error_code:10061 !

<<<----  [OUT]
2020/11/04 19:40:25:479

Connecting Started...

<<<----  [OUT]
2020/11/04 19:40:27:512

I can't connect with the passive [192.168.100.113/5000] error_code:10061 !

<<<----  [OUT]
2020/11/04 19:40:29:994

Connecting Started...

<<<----  [OUT]
2020/11/04 19:40:32:036

I can't connect with the passive [192.168.100.113/5000] error_code:10061 !

<<<----  [OUT]
2020/11/04 19:40:34:526

Connecting Started...

<<<----  [OUT]
2020/11/04 19:40:36:581

I can't connect with the passive [192.168.100.113/5000] error_code:10061 !

<<<----  [OUT]
2020/11/04 19:40:39:074

Connecting Started...

<<<----  [OUT]
2020/11/04 19:40:41:128

I can't connect with the passive [192.168.100.113/5000] error_code:10061 !

<<<----  [OUT]
2020/11/04 19:40:43:619

Connecting Started...

<<<----  [OUT]
2020/11/04 19:40:45:657

I can't connect with the passive [192.168.100.113/5000] error_code:10061 !

<<<----  [OUT]
2020/11/04 19:40:48:135

Connecting Started...

<<<----  [OUT]
2020/11/04 19:40:50:172

I can't connect with the passive [192.168.100.113/5000] error_code:10061 !

<<<----  [OUT]
2020/11/04 19:40:52:652

Connecting Started...

<<<----  [OUT]
2020/11/04 19:40:54:702

I can't connect with the passive [192.168.100.113/5000] error_code:10061 !

<<<----  [OUT]
2020/11/04 19:40:57:182

Connecting Started...

<<<----  [OUT]
2020/11/04 19:40:59:223

I can't connect with the passive [192.168.100.113/5000] error_code:10061 !

<<<----  [OUT]
2020/11/04 19:41:01:713

Connecting Started...

<<<----  [OUT]
2020/11/04 19:41:03:754

I can't connect with the passive [192.168.100.113/5000] error_code:10061 !

<<<----  [OUT]
2020/11/04 19:41:06:244

Connecting Started...

<<<----  [OUT]
2020/11/04 19:41:08:295

I can't connect with the passive [192.168.100.113/5000] error_code:10061 !

<<<----  [OUT]
2020/11/04 19:41:10:775

Connecting Started...

<<<----  [OUT]
2020/11/04 19:41:12:812

I can't connect with the passive [192.168.100.113/5000] error_code:10061 !

<<<----  [OUT]
2020/11/04 19:41:15:291

Connecting Started...

<<<----  [OUT]
2020/11/04 19:41:17:328

I can't connect with the passive [192.168.100.113/5000] error_code:10061 !

<<<----  [OUT]
2020/11/04 19:41:19:808

Connecting Started...

<<<----  [OUT]
2020/11/04 19:41:21:846

I can't connect with the passive [192.168.100.113/5000] error_code:10061 !

<<<----  [OUT]
2020/11/04 19:41:24:324

Connecting Started...

<<<----  [OUT]
2020/11/04 19:41:26:372

I can't connect with the passive [192.168.100.113/5000] error_code:10061 !

<<<----  [OUT]
2020/11/04 19:41:28:854

Connecting Started...

<<<----  [OUT]
2020/11/04 19:41:30:888

I can't connect with the passive [192.168.100.113/5000] error_code:10061 !

<<<----  [OUT]
2020/11/04 19:41:33:370

Connecting Started...

<<<----  [OUT]
2020/11/04 19:41:35:409

I can't connect with the passive [192.168.100.113/5000] error_code:10061 !

<<<----  [OUT]
2020/11/04 19:41:37:886

Connecting Started...

<<<----  [OUT]
2020/11/04 19:41:39:933

I can't connect with the passive [192.168.100.113/5000] error_code:10061 !

<<<----  [OUT]
2020/11/04 19:41:42:416

Connecting Started...

<<<----  [OUT]
2020/11/04 19:41:44:453

I can't connect with the passive [192.168.100.113/5000] error_code:10061 !

<<<----  [OUT]
2020/11/04 19:41:46:932

Connecting Started...

<<<----  [OUT]
2020/11/04 19:41:48:972

I can't connect with the passive [192.168.100.113/5000] error_code:10061 !

<<<----  [OUT]
2020/11/04 19:41:51:463

Connecting Started...

<<<----  [OUT]
2020/11/04 19:41:53:504

I can't connect with the passive [192.168.100.113/5000] error_code:10061 !

<<<----  [OUT]
2020/11/04 19:41:55:994

Connecting Started...

<<<----  [OUT]
2020/11/04 19:41:58:026

I can't connect with the passive [192.168.100.113/5000] error_code:10061 !

<<<----  [OUT]
2020/11/04 19:42:00:511

Connecting Started...

<<<----  [OUT]
2020/11/04 19:42:02:563

I can't connect with the passive [192.168.100.113/5000] error_code:10061 !

<<<----  [OUT]
2020/11/04 19:42:05:042

Connecting Started...

<<<----  [OUT]
2020/11/04 19:42:07:085

I can't connect with the passive [192.168.100.113/5000] error_code:10061 !

<<<----  [OUT]
2020/11/04 19:42:09:572

Connecting Started...

<<<----  [OUT]
2020/11/04 19:42:11:626

I can't connect with the passive [192.168.100.113/5000] error_code:10061 !

<<<----  [OUT]
2020/11/04 19:42:14:105

Connecting Started...

<<<----  [OUT]
2020/11/04 19:42:16:140

I can't connect with the passive [192.168.100.113/5000] error_code:10061 !

<<<----  [OUT]
2020/11/04 19:42:18:621

Connecting Started...

<<<----  [OUT]
2020/11/04 19:42:20:653

I can't connect with the passive [192.168.100.113/5000] error_code:10061 !

<<<----  [OUT]
2020/11/04 19:42:23:135

Connecting Started...

<<<----  [OUT]
2020/11/04 19:42:25:177

I can't connect with the passive [192.168.100.113/5000] error_code:10061 !

<<<----  [OUT]
2020/11/04 19:42:27:667

Connecting Started...

<<<----  [OUT]
2020/11/04 19:42:29:709

I can't connect with the passive [192.168.100.113/5000] error_code:10061 !

<<<----  [OUT]
2020/11/04 19:42:32:197

Connecting Started...

<<<----  [OUT]
2020/11/04 19:42:34:243

I can't connect with the passive [192.168.100.113/5000] error_code:10061 !

<<<----  [OUT]
2020/11/04 19:42:36:729

Connecting Started...

<<<----  [OUT]
2020/11/04 19:42:38:769

I can't connect with the passive [192.168.100.113/5000] error_code:10061 !

<<<----  [OUT]
2020/11/04 19:42:41:261

Connecting Started...

<<<----  [OUT]
2020/11/04 19:42:43:296

I can't connect with the passive [192.168.100.113/5000] error_code:10061 !

<<<----  [OUT]
2020/11/04 19:42:45:776

Connecting Started...

<<<----  [OUT]
2020/11/04 19:42:47:840

I can't connect with the passive [192.168.100.113/5000] error_code:10061 !

<<<----  [OUT]
2020/11/04 19:42:50:323

Connecting Started...

<<<----  [OUT]
2020/11/04 19:42:52:342

I can't connect with the passive [192.168.100.113/5000] error_code:10061 !

<<<----  [OUT]
2020/11/04 19:42:54:822

Connecting Started...

<<<----  [OUT]
2020/11/04 19:42:56:876

I can't connect with the passive [192.168.100.113/5000] error_code:10061 !

<<<----  [OUT]
2020/11/04 19:42:59:354

Connecting Started...

<<<----  [OUT]
2020/11/04 19:43:01:387

I can't connect with the passive [192.168.100.113/5000] error_code:10061 !

<<<----  [OUT]
2020/11/04 19:43:03:871

Connecting Started...

<<<----  [OUT]
2020/11/04 19:43:05:904

I can't connect with the passive [192.168.100.113/5000] error_code:10061 !

<<<----  [OUT]
2020/11/04 19:43:08:385

Connecting Started...

<<<----  [OUT]
2020/11/04 19:43:10:422

I can't connect with the passive [192.168.100.113/5000] error_code:10061 !

<<<----  [OUT]
2020/11/04 19:43:12:902

Connecting Started...

<<<----  [OUT]
2020/11/04 19:43:14:932

I can't connect with the passive [192.168.100.113/5000] error_code:10061 !

<<<----  [OUT]
2020/11/04 19:43:17:417

Connecting Started...

<<<----  [OUT]
2020/11/04 19:43:19:451

I can't connect with the passive [192.168.100.113/5000] error_code:10061 !

<<<----  [OUT]
2020/11/04 19:43:21:931

Connecting Started...

<<<----  [OUT]
2020/11/04 19:43:23:988

I can't connect with the passive [192.168.100.113/5000] error_code:10061 !

<<<----  [OUT]
2020/11/04 19:43:26:478

Connecting Started...

<<<----  [OUT]
2020/11/04 19:43:28:515

I can't connect with the passive [192.168.100.113/5000] error_code:10061 !

<<<----  [OUT]
2020/11/04 19:43:30:994

Connecting Started...

<<<----  [OUT]
2020/11/04 19:43:33:046

I can't connect with the passive [192.168.100.113/5000] error_code:10061 !

<<<----  [OUT]
2020/11/04 19:43:35:526

Connecting Started...

<<<----  [OUT]
2020/11/04 19:43:37:578

I can't connect with the passive [192.168.100.113/5000] error_code:10061 !

<<<----  [OUT]
2020/11/04 19:43:40:057

Connecting Started...

<<<----  [OUT]
2020/11/04 19:43:42:097

I can't connect with the passive [192.168.100.113/5000] error_code:10061 !

<<<----  [OUT]
2020/11/04 19:43:44:573

Connecting Started...

<<<----  [OUT]
2020/11/04 19:43:46:622

I can't connect with the passive [192.168.100.113/5000] error_code:10061 !

<<<----  [OUT]
2020/11/04 19:43:49:105

Connecting Started...

<<<----  [OUT]
2020/11/04 19:43:51:161

I can't connect with the passive [192.168.100.113/5000] error_code:10061 !

<<<----  [OUT]
2020/11/04 19:43:53:651

Connecting Started...

<<<----  [OUT]
2020/11/04 19:43:55:697

I can't connect with the passive [192.168.100.113/5000] error_code:10061 !

<<<----  [OUT]
2020/11/04 19:43:58:183

Connecting Started...

<<<----  [OUT]
2020/11/04 19:44:00:219

I can't connect with the passive [192.168.100.113/5000] error_code:10061 !

<<<----  [OUT]
2020/11/04 19:44:02:698

Connecting Started...

<<<----  [OUT]
2020/11/04 19:44:04:754

I can't connect with the passive [192.168.100.113/5000] error_code:10061 !

<<<----  [OUT]
2020/11/04 19:44:07:245

Connecting Started...

<<<----  [OUT]
2020/11/04 19:44:09:293

I can't connect with the passive [192.168.100.113/5000] error_code:10061 !

<<<----  [OUT]
2020/11/04 19:44:11:776

Connecting Started...

<<<----  [OUT]
2020/11/04 19:44:13:821

I can't connect with the passive [192.168.100.113/5000] error_code:10061 !

<<<----  [OUT]
2020/11/04 19:44:16:307

Connecting Started...

<<<----  [OUT]
2020/11/04 19:44:18:348

I can't connect with the passive [192.168.100.113/5000] error_code:10061 !

<<<----  [OUT]
2020/11/04 19:44:20:838

Connecting Started...

<<<----  [OUT]
2020/11/04 19:44:22:885

I can't connect with the passive [192.168.100.113/5000] error_code:10061 !

<<<----  [OUT]
2020/11/04 19:44:25:369

Connecting Started...

<<<----  [OUT]
2020/11/04 19:44:27:399

I can't connect with the passive [192.168.100.113/5000] error_code:10061 !

<<<----  [OUT]
2020/11/04 19:44:29:886

Connecting Started...

<<<----  [OUT]
2020/11/04 19:44:31:927

I can't connect with the passive [192.168.100.113/5000] error_code:10061 !

<<<----  [OUT]
2020/11/04 19:44:34:417

Connecting Started...

<<<----  [OUT]
2020/11/04 19:44:36:460

I can't connect with the passive [192.168.100.113/5000] error_code:10061 !

<<<----  [OUT]
2020/11/04 19:44:38:948

Connecting Started...

<<<----  [OUT]
2020/11/04 19:44:41:002

I can't connect with the passive [192.168.100.113/5000] error_code:10061 !

<<<----  [OUT]
2020/11/04 19:44:43:479

Connecting Started...

<<<----  [OUT]
2020/11/04 19:44:45:528

I can't connect with the passive [192.168.100.113/5000] error_code:10061 !

<<<----  [OUT]
2020/11/04 19:44:48:011

Connecting Started...

<<<----  [OUT]
2020/11/04 19:44:50:053

I can't connect with the passive [192.168.100.113/5000] error_code:10061 !

<<<----  [OUT]
2020/11/04 19:44:52:542

Connecting Started...

<<<----  [OUT]
2020/11/04 19:44:54:600

I can't connect with the passive [192.168.100.113/5000] error_code:10061 !

<<<----  [OUT]
2020/11/04 19:44:57:088

Connecting Started...

<<<----  [OUT]
2020/11/04 19:44:59:127

I can't connect with the passive [192.168.100.113/5000] error_code:10061 !

<<<----  [OUT]
2020/11/04 19:45:01:605

Connecting Started...

<<<----  [OUT]
2020/11/04 19:45:03:659

I can't connect with the passive [192.168.100.113/5000] error_code:10061 !

<<<----  [OUT]
2020/11/04 19:45:06:152

Connecting Started...

<<<----  [OUT]
2020/11/04 19:45:08:183

I can't connect with the passive [192.168.100.113/5000] error_code:10061 !

<<<----  [OUT]
2020/11/04 19:45:10:667

Connecting Started...

<<<----  [OUT]
2020/11/04 19:45:12:715

I can't connect with the passive [192.168.100.113/5000] error_code:10061 !

<<<----  [OUT]
2020/11/04 19:45:15:199

Connecting Started...

<<<----  [OUT]
2020/11/04 19:45:17:236

I can't connect with the passive [192.168.100.113/5000] error_code:10061 !

<<<----  [OUT]
2020/11/04 19:45:19:714

Connecting Started...

<<<----  [OUT]
2020/11/04 19:45:21:770

I can't connect with the passive [192.168.100.113/5000] error_code:10061 !

<<<----  [OUT]
2020/11/04 19:45:24:259

Connecting Started...

<<<----  [OUT]
2020/11/04 19:45:26:301

I can't connect with the passive [192.168.100.113/5000] error_code:10061 !

<<<----  [OUT]
2020/11/04 19:45:28:792

Connecting Started...

<<<----  [OUT]
2020/11/04 19:45:30:833

I can't connect with the passive [192.168.100.113/5000] error_code:10061 !

<<<----  [OUT]
2020/11/04 19:45:33:323

Connecting Started...

<<<----  [OUT]
2020/11/04 19:45:35:378

I can't connect with the passive [192.168.100.113/5000] error_code:10061 !

<<<----  [OUT]
2020/11/04 19:45:37:855

Connecting Started...

<<<----  [OUT]
2020/11/04 19:45:39:889

I can't connect with the passive [192.168.100.113/5000] error_code:10061 !

<<<----  [OUT]
2020/11/04 19:45:42:370

Connecting Started...

<<<----  [OUT]
2020/11/04 19:45:44:412

I can't connect with the passive [192.168.100.113/5000] error_code:10061 !

<<<----  [OUT]
2020/11/04 19:45:46:902

Connecting Started...

<<<----  [OUT]
2020/11/04 19:45:48:955

I can't connect with the passive [192.168.100.113/5000] error_code:10061 !

<<<----  [OUT]
2020/11/04 19:45:51:432

Connecting Started...

<<<----  [OUT]
2020/11/04 19:45:53:467

I can't connect with the passive [192.168.100.113/5000] error_code:10061 !

<<<----  [OUT]
2020/11/04 19:45:55:949

Connecting Started...

<<<----  [OUT]
2020/11/04 19:45:57:989

I can't connect with the passive [192.168.100.113/5000] error_code:10061 !

<<<----  [OUT]
2020/11/04 19:46:00:479

Connecting Started...

<<<----  [OUT]
2020/11/04 19:46:02:536

I can't connect with the passive [192.168.100.113/5000] error_code:10061 !

<<<----  [OUT]
2020/11/04 19:46:05:026

Connecting Started...

<<<----  [OUT]
2020/11/04 19:46:07:059

I can't connect with the passive [192.168.100.113/5000] error_code:10061 !

<<<----  [OUT]
2020/11/04 19:46:09:542

Connecting Started...

<<<----  [OUT]
2020/11/04 19:46:11:593

I can't connect with the passive [192.168.100.113/5000] error_code:10061 !

<<<----  [OUT]
2020/11/04 19:46:14:072

Connecting Started...

<<<----  [OUT]
2020/11/04 19:46:16:127

I can't connect with the passive [192.168.100.113/5000] error_code:10061 !

<<<----  [OUT]
2020/11/04 19:46:18:605

Connecting Started...

<<<----  [OUT]
2020/11/04 19:46:20:654

I can't connect with the passive [192.168.100.113/5000] error_code:10061 !

<<<----  [OUT]
2020/11/04 19:46:23:135

Connecting Started...

<<<----  [OUT]
2020/11/04 19:46:25:181

I can't connect with the passive [192.168.100.113/5000] error_code:10061 !

<<<----  [OUT]
2020/11/04 19:46:27:667

Connecting Started...

<<<----  [OUT]
2020/11/04 19:46:29:709

I can't connect with the passive [192.168.100.113/5000] error_code:10061 !

<<<----  [OUT]
2020/11/04 19:46:32:198

Connecting Started...

<<<----  [OUT]
2020/11/04 19:46:34:239

I can't connect with the passive [192.168.100.113/5000] error_code:10061 !

<<<----  [OUT]
2020/11/04 19:46:36:730

Connecting Started...

<<<----  [OUT]
2020/11/04 19:46:38:776

I can't connect with the passive [192.168.100.113/5000] error_code:10061 !

<<<----  [OUT]
2020/11/04 19:46:41:260

Connecting Started...

<<<----  [OUT]
2020/11/04 19:46:43:294

I can't connect with the passive [192.168.100.113/5000] error_code:10061 !

<<<----  [OUT]
2020/11/04 19:46:45:776

Connecting Started...

<<<----  [OUT]
2020/11/04 19:46:47:826

I can't connect with the passive [192.168.100.113/5000] error_code:10061 !

<<<----  [OUT]
2020/11/04 19:46:50:307

Connecting Started...

<<<----  [OUT]
2020/11/04 19:46:52:358

I can't connect with the passive [192.168.100.113/5000] error_code:10061 !

<<<----  [OUT]
2020/11/04 19:46:54:838

Connecting Started...

<<<----  [OUT]
2020/11/04 19:46:56:873

I can't connect with the passive [192.168.100.113/5000] error_code:10061 !

<<<----  [OUT]
2020/11/04 19:46:59:355

Connecting Started...

<<<----  [OUT]
2020/11/04 19:47:01:405

I can't connect with the passive [192.168.100.113/5000] error_code:10061 !

<<<----  [OUT]
2020/11/04 19:47:03:886

Connecting Started...

<<<----  [OUT]
2020/11/04 19:47:05:919

I can't connect with the passive [192.168.100.113/5000] error_code:10061 !

<<<----  [OUT]
2020/11/04 19:47:08:402

Connecting Started...

<<<----  [OUT]
2020/11/04 19:47:10:460

I can't connect with the passive [192.168.100.113/5000] error_code:10061 !

<<<----  [OUT]
2020/11/04 19:47:12:948

Connecting Started...

<<<----  [OUT]
2020/11/04 19:47:14:987

I can't connect with the passive [192.168.100.113/5000] error_code:10061 !

<<<----  [OUT]
2020/11/04 19:47:17:464

Connecting Started...

<<<----  [OUT]
2020/11/04 19:47:19:512

I can't connect with the passive [192.168.100.113/5000] error_code:10061 !

<<<----  [OUT]
2020/11/04 19:47:21:995

Connecting Started...

<<<----  [OUT]
2020/11/04 19:47:24:041

I can't connect with the passive [192.168.100.113/5000] error_code:10061 !

<<<----  [OUT]
2020/11/04 19:47:26:525

Connecting Started...

<<<----  [OUT]
2020/11/04 19:47:28:568

I can't connect with the passive [192.168.100.113/5000] error_code:10061 !

<<<----  [OUT]
2020/11/04 19:47:31:056

Connecting Started...

<<<----  [OUT]
2020/11/04 19:47:33:109

I can't connect with the passive [192.168.100.113/5000] error_code:10061 !

<<<----  [OUT]
2020/11/04 19:47:35:589

Connecting Started...

<<<----  [OUT]
2020/11/04 19:47:37:630

I can't connect with the passive [192.168.100.113/5000] error_code:10061 !

<<<----  [OUT]
2020/11/04 19:47:40:119

Connecting Started...

<<<----  [OUT]
2020/11/04 19:47:42:166

I can't connect with the passive [192.168.100.113/5000] error_code:10061 !

<<<----  [OUT]
2020/11/04 19:47:44:650

Connecting Started...

<<<----  [OUT]
2020/11/04 19:47:46:690

I can't connect with the passive [192.168.100.113/5000] error_code:10061 !

<<<----  [OUT]
2020/11/04 19:47:49:167

Connecting Started...

<<<----  [OUT]
2020/11/04 19:47:51:210

I can't connect with the passive [192.168.100.113/5000] error_code:10061 !

<<<----  [OUT]
2020/11/04 19:47:53:699

Connecting Started...

<<<----  [OUT]
2020/11/04 19:47:55:742

I can't connect with the passive [192.168.100.113/5000] error_code:10061 !

<<<----  [OUT]
2020/11/04 19:47:58:229

Connecting Started...

<<<----  [OUT]
2020/11/04 19:48:00:277

I can't connect with the passive [192.168.100.113/5000] error_code:10061 !

<<<----  [OUT]
2020/11/04 19:48:02:760

Connecting Started...

<<<----  [OUT]
2020/11/04 19:48:04:804

I can't connect with the passive [192.168.100.113/5000] error_code:10061 !

<<<----  [OUT]
2020/11/04 19:48:07:291

Connecting Started...

<<<----  [OUT]
2020/11/04 19:48:09:342

I can't connect with the passive [192.168.100.113/5000] error_code:10061 !

<<<----  [OUT]
2020/11/04 19:48:11:822

Connecting Started...

<<<----  [OUT]
2020/11/04 19:48:13:866

I can't connect with the passive [192.168.100.113/5000] error_code:10061 !

<<<----  [OUT]
2020/11/04 19:48:16:354

Connecting Started...

<<<----  [OUT]
2020/11/04 19:48:18:404

I can't connect with the passive [192.168.100.113/5000] error_code:10061 !

<<<----  [OUT]
2020/11/04 19:48:20:886

Connecting Started...

<<<----  [OUT]
2020/11/04 19:48:22:937

I can't connect with the passive [192.168.100.113/5000] error_code:10061 !

<<<----  [OUT]
2020/11/04 19:48:25:416

Connecting Started...

<<<----  [OUT]
2020/11/04 19:48:27:465

I can't connect with the passive [192.168.100.113/5000] error_code:10061 !

<<<----  [OUT]
2020/11/04 19:48:29:948

Connecting Started...

<<<----  [OUT]
2020/11/04 19:48:31:985

I can't connect with the passive [192.168.100.113/5000] error_code:10061 !

<<<----  [OUT]
2020/11/04 19:48:34:463

Connecting Started...

<<<----  [OUT]
2020/11/04 19:48:36:494

I can't connect with the passive [192.168.100.113/5000] error_code:10061 !

<<<----  [OUT]
2020/11/04 19:48:38:980

Connecting Started...

<<<----  [OUT]
2020/11/04 19:48:41:024

I can't connect with the passive [192.168.100.113/5000] error_code:10061 !

<<<----  [OUT]
2020/11/04 19:48:43:511

Connecting Started...

<<<----  [OUT]
2020/11/04 19:48:45:562

I can't connect with the passive [192.168.100.113/5000] error_code:10061 !

<<<----  [OUT]
2020/11/04 19:48:48:042

Connecting Started...

<<<----  [OUT]
2020/11/04 19:48:50:073

I can't connect with the passive [192.168.100.113/5000] error_code:10061 !

<<<----  [OUT]
2020/11/04 19:48:52:557

Connecting Started...

<<<----  [OUT]
2020/11/04 19:48:54:605

I can't connect with the passive [192.168.100.113/5000] error_code:10061 !

<<<----  [OUT]
2020/11/04 19:48:57:089

Connecting Started...

<<<----  [OUT]
2020/11/04 19:48:59:135

I can't connect with the passive [192.168.100.113/5000] error_code:10061 !

<<<----  [OUT]
2020/11/04 19:49:01:620

Connecting Started...

<<<----  [OUT]
2020/11/04 19:49:03:648

I can't connect with the passive [192.168.100.113/5000] error_code:10061 !

<<<----  [OUT]
2020/11/04 19:49:06:135

Connecting Started...

<<<----  [OUT]
2020/11/04 19:49:08:181

I can't connect with the passive [192.168.100.113/5000] error_code:10061 !

<<<----  [OUT]
2020/11/04 19:49:10:666

Connecting Started...

<<<----  [OUT]
2020/11/04 19:49:12:706

I can't connect with the passive [192.168.100.113/5000] error_code:10061 !

<<<----  [OUT]
2020/11/04 19:49:15:182

Connecting Started...

<<<----  [OUT]
2020/11/04 19:49:17:236

I can't connect with the passive [192.168.100.113/5000] error_code:10061 !

<<<----  [OUT]
2020/11/04 19:49:19:713

Connecting Started...

<<<----  [OUT]
2020/11/04 19:49:21:751

I can't connect with the passive [192.168.100.113/5000] error_code:10061 !

<<<----  [OUT]
2020/11/04 19:49:24:229

Connecting Started...

<<<----  [OUT]
2020/11/04 19:49:26:280

I can't connect with the passive [192.168.100.113/5000] error_code:10061 !

<<<----  [OUT]
2020/11/04 19:49:28:760

Connecting Started...

<<<----  [OUT]
2020/11/04 19:49:30:806

I can't connect with the passive [192.168.100.113/5000] error_code:10061 !

<<<----  [OUT]
2020/11/04 19:49:33:292

Connecting Started...

<<<----  [OUT]
2020/11/04 19:49:35:339

I can't connect with the passive [192.168.100.113/5000] error_code:10061 !

<<<----  [OUT]
2020/11/04 19:49:37:823

Connecting Started...

<<<----  [OUT]
2020/11/04 19:49:39:867

I can't connect with the passive [192.168.100.113/5000] error_code:10061 !

<<<----  [OUT]
2020/11/04 19:49:42:354

Connecting Started...

<<<----  [OUT]
2020/11/04 19:49:44:403

I can't connect with the passive [192.168.100.113/5000] error_code:10061 !

<<<----  [OUT]
2020/11/04 19:49:46:885

Connecting Started...

<<<----  [OUT]
2020/11/04 19:49:48:929

I can't connect with the passive [192.168.100.113/5000] error_code:10061 !

<<<----  [OUT]
2020/11/04 19:49:51:417

Connecting Started...

<<<----  [OUT]
2020/11/04 19:49:53:467

I can't connect with the passive [192.168.100.113/5000] error_code:10061 !

<<<----  [OUT]
2020/11/04 19:49:55:947

Connecting Started...

<<<----  [OUT]
2020/11/04 19:49:57:994

I can't connect with the passive [192.168.100.113/5000] error_code:10061 !

<<<----  [OUT]
2020/11/04 19:50:00:480

Connecting Started...

<<<----  [OUT]
2020/11/04 19:50:02:524

I can't connect with the passive [192.168.100.113/5000] error_code:10061 !

<<<----  [OUT]
2020/11/04 19:50:05:010

Connecting Started...

<<<----  [OUT]
2020/11/04 19:50:07:058

I can't connect with the passive [192.168.100.113/5000] error_code:10061 !

<<<----  [OUT]
2020/11/04 19:50:09:541

Connecting Started...

<<<----  [OUT]
2020/11/04 19:50:11:585

I can't connect with the passive [192.168.100.113/5000] error_code:10061 !

<<<----  [OUT]
2020/11/04 19:50:14:074

Connecting Started...

<<<----  [OUT]
2020/11/04 19:50:16:112

I can't connect with the passive [192.168.100.113/5000] error_code:10061 !

<<<----  [OUT]
2020/11/04 19:50:18:587

Connecting Started...

<<<----  [OUT]
2020/11/04 19:50:20:624

I can't connect with the passive [192.168.100.113/5000] error_code:10061 !

<<<----  [OUT]
2020/11/04 19:50:23:104

Connecting Started...

<<<----  [OUT]
2020/11/04 19:50:25:147

I can't connect with the passive [192.168.100.113/5000] error_code:10061 !

<<<----  [OUT]
2020/11/04 19:50:27:635

Connecting Started...

<<<----  [OUT]
2020/11/04 19:50:29:691

I can't connect with the passive [192.168.100.113/5000] error_code:10061 !

<<<----  [OUT]
2020/11/04 19:50:32:182

Connecting Started...

<<<----  [OUT]
2020/11/04 19:50:34:250

I can't connect with the passive [192.168.100.113/5000] error_code:10061 !

<<<----  [OUT]
2020/11/04 19:50:36:730

Connecting Started...

<<<----  [OUT]
2020/11/04 19:50:38:772

I can't connect with the passive [192.168.100.113/5000] error_code:10061 !

<<<----  [OUT]
2020/11/04 19:50:41:260

Connecting Started...

<<<----  [OUT]
2020/11/04 19:50:43:298

I can't connect with the passive [192.168.100.113/5000] error_code:10061 !

<<<----  [OUT]
2020/11/04 19:50:45:777

Connecting Started...

<<<----  [OUT]
2020/11/04 19:50:47:802

I can't connect with the passive [192.168.100.113/5000] error_code:10061 !

<<<----  [OUT]
2020/11/04 19:50:50:292

Connecting Started...

<<<----  [OUT]
2020/11/04 19:50:52:346

I can't connect with the passive [192.168.100.113/5000] error_code:10061 !

<<<----  [OUT]
2020/11/04 19:50:54:824

Connecting Started...

<<<----  [OUT]
2020/11/04 19:50:56:857

I can't connect with the passive [192.168.100.113/5000] error_code:10061 !

<<<----  [OUT]
2020/11/04 19:50:59:339

Connecting Started...

<<<----  [OUT]
2020/11/04 19:51:01:369

I can't connect with the passive [192.168.100.113/5000] error_code:10061 !

<<<----  [OUT]
2020/11/04 19:51:03:854

Connecting Started...

<<<----  [OUT]
2020/11/04 19:51:05:900

I can't connect with the passive [192.168.100.113/5000] error_code:10061 !

<<<----  [OUT]
2020/11/04 19:51:08:385

Connecting Started...

<<<----  [OUT]
2020/11/04 19:51:10:426

I can't connect with the passive [192.168.100.113/5000] error_code:10061 !

<<<----  [OUT]
2020/11/04 19:51:12:916

Connecting Started...

<<<----  [OUT]
2020/11/04 19:51:14:952

I can't connect with the passive [192.168.100.113/5000] error_code:10061 !

<<<----  [OUT]
2020/11/04 19:51:17:433

Connecting Started...

<<<----  [OUT]
2020/11/04 19:51:19:489

I can't connect with the passive [192.168.100.113/5000] error_code:10061 !

<<<----  [OUT]
2020/11/04 19:51:21:979

Connecting Started...

<<<----  [OUT]
2020/11/04 19:51:24:019

I can't connect with the passive [192.168.100.113/5000] error_code:10061 !

<<<----  [OUT]
2020/11/04 19:51:26:495

Connecting Started...

<<<----  [OUT]
2020/11/04 19:51:28:539

I can't connect with the passive [192.168.100.113/5000] error_code:10061 !

<<<----  [OUT]
2020/11/04 19:51:31:026

Connecting Started...

<<<----  [OUT]
2020/11/04 19:51:33:069

I can't connect with the passive [192.168.100.113/5000] error_code:10061 !

<<<----  [OUT]
2020/11/04 19:51:35:557

Connecting Started...

<<<----  [OUT]
2020/11/04 19:51:37:604

I can't connect with the passive [192.168.100.113/5000] error_code:10061 !

<<<----  [OUT]
2020/11/04 19:51:40:089

Connecting Started...

<<<----  [OUT]
2020/11/04 19:51:42:139

I can't connect with the passive [192.168.100.113/5000] error_code:10061 !

<<<----  [OUT]
2020/11/04 19:51:44:621

Connecting Started...

<<<----  [OUT]
2020/11/04 19:51:46:658

I can't connect with the passive [192.168.100.113/5000] error_code:10061 !

<<<----  [OUT]
2020/11/04 19:51:49:135

Connecting Started...

<<<----  [OUT]
2020/11/04 19:51:51:171

I can't connect with the passive [192.168.100.113/5000] error_code:10061 !

<<<----  [OUT]
2020/11/04 19:51:53:651

Connecting Started...

<<<----  [OUT]
2020/11/04 19:51:55:698

I can't connect with the passive [192.168.100.113/5000] error_code:10061 !

<<<----  [OUT]
2020/11/04 19:51:58:182

Connecting Started...

<<<----  [OUT]
2020/11/04 19:52:00:224

I can't connect with the passive [192.168.100.113/5000] error_code:10061 !

<<<----  [OUT]
2020/11/04 19:52:02:714

Connecting Started...

<<<----  [OUT]
2020/11/04 19:52:04:761

I can't connect with the passive [192.168.100.113/5000] error_code:10061 !

<<<----  [OUT]
2020/11/04 19:52:07:245

Connecting Started...

<<<----  [OUT]
2020/11/04 19:52:09:299

I can't connect with the passive [192.168.100.113/5000] error_code:10061 !

<<<----  [OUT]
2020/11/04 19:52:11:776

Connecting Started...

<<<----  [OUT]
2020/11/04 19:52:13:826

I can't connect with the passive [192.168.100.113/5000] error_code:10061 !

<<<----  [OUT]
2020/11/04 19:52:16:308

Connecting Started...

<<<----  [OUT]
2020/11/04 19:52:18:354

I can't connect with the passive [192.168.100.113/5000] error_code:10061 !

<<<----  [OUT]
2020/11/04 19:52:20:838

Connecting Started...

<<<----  [OUT]
2020/11/04 19:52:22:878

I can't connect with the passive [192.168.100.113/5000] error_code:10061 !

<<<----  [OUT]
2020/11/04 19:52:25:371

Connecting Started...

<<<----  [OUT]
2020/11/04 19:52:27:410

I can't connect with the passive [192.168.100.113/5000] error_code:10061 !

<<<----  [OUT]
2020/11/04 19:52:29:902

Connecting Started...

<<<----  [OUT]
2020/11/04 19:52:31:948

I can't connect with the passive [192.168.100.113/5000] error_code:10061 !

<<<----  [OUT]
2020/11/04 19:52:34:431

Connecting Started...

<<<----  [OUT]
2020/11/04 19:52:36:475

I can't connect with the passive [192.168.100.113/5000] error_code:10061 !

<<<----  [OUT]
2020/11/04 19:52:38:964

Connecting Started...

<<<----  [OUT]
2020/11/04 19:52:41:010

I can't connect with the passive [192.168.100.113/5000] error_code:10061 !

<<<----  [OUT]
2020/11/04 19:52:43:495

Connecting Started...

<<<----  [OUT]
2020/11/04 19:52:45:537

I can't connect with the passive [192.168.100.113/5000] error_code:10061 !

<<<----  [OUT]
2020/11/04 19:52:48:026

Connecting Started...

<<<----  [OUT]
2020/11/04 19:52:50:065

I can't connect with the passive [192.168.100.113/5000] error_code:10061 !

<<<----  [OUT]
2020/11/04 19:52:52:542

Connecting Started...

<<<----  [OUT]
2020/11/04 19:52:54:601

I can't connect with the passive [192.168.100.113/5000] error_code:10061 !

<<<----  [OUT]
2020/11/04 19:52:57:088

Connecting Started...

<<<----  [OUT]
2020/11/04 19:52:59:129

I can't connect with the passive [192.168.100.113/5000] error_code:10061 !

<<<----  [OUT]
2020/11/04 19:53:01:620

Connecting Started...

<<<----  [OUT]
2020/11/04 19:53:03:654

I can't connect with the passive [192.168.100.113/5000] error_code:10061 !

<<<----  [OUT]
2020/11/04 19:53:06:135

Connecting Started...

<<<----  [OUT]
2020/11/04 19:53:08:172

I can't connect with the passive [192.168.100.113/5000] error_code:10061 !

<<<----  [OUT]
2020/11/04 19:53:10:651

Connecting Started...

<<<----  [OUT]
2020/11/04 19:53:12:694

I can't connect with the passive [192.168.100.113/5000] error_code:10061 !

<<<----  [OUT]
2020/11/04 19:53:15:182

Connecting Started...

<<<----  [OUT]
2020/11/04 19:53:17:218

I can't connect with the passive [192.168.100.113/5000] error_code:10061 !

<<<----  [OUT]
2020/11/04 19:53:19:698

Connecting Started...

<<<----  [OUT]
2020/11/04 19:53:21:748

I can't connect with the passive [192.168.100.113/5000] error_code:10061 !

<<<----  [OUT]
2020/11/04 19:53:24:228

Connecting Started...

<<<----  [OUT]
2020/11/04 19:53:26:276

I can't connect with the passive [192.168.100.113/5000] error_code:10061 !

<<<----  [OUT]
2020/11/04 19:53:28:761

Connecting Started...

<<<----  [OUT]
2020/11/04 19:53:30:819

I can't connect with the passive [192.168.100.113/5000] error_code:10061 !

<<<----  [OUT]
2020/11/04 19:53:33:308

Connecting Started...

<<<----  [OUT]
2020/11/04 19:53:35:351

I can't connect with the passive [192.168.100.113/5000] error_code:10061 !

<<<----  [OUT]
2020/11/04 19:53:37:838

Connecting Started...

<<<----  [OUT]
2020/11/04 19:53:39:886

I can't connect with the passive [192.168.100.113/5000] error_code:10061 !

<<<----  [OUT]
2020/11/04 19:53:42:369

Connecting Started...

<<<----  [OUT]
2020/11/04 19:53:44:378

I can't connect with the passive [192.168.100.113/5000] error_code:10061 !

<<<----  [OUT]
2020/11/04 19:53:46:870

Connecting Started...

<<<----  [OUT]
2020/11/04 19:53:48:918

I can't connect with the passive [192.168.100.113/5000] error_code:10061 !

<<<----  [OUT]
2020/11/04 19:53:51:402

Connecting Started...

<<<----  [OUT]
2020/11/04 19:53:53:448

I can't connect with the passive [192.168.100.113/5000] error_code:10061 !

<<<----  [OUT]
2020/11/04 19:53:55:933

Connecting Started...

<<<----  [OUT]
2020/11/04 19:53:57:981

I can't connect with the passive [192.168.100.113/5000] error_code:10061 !

<<<----  [OUT]
2020/11/04 19:54:00:463

Connecting Started...

<<<----  [OUT]
2020/11/04 19:54:02:506

I can't connect with the passive [192.168.100.113/5000] error_code:10061 !

<<<----  [OUT]
2020/11/04 19:54:04:996

Connecting Started...

<<<----  [OUT]
2020/11/04 19:54:07:043

I can't connect with the passive [192.168.100.113/5000] error_code:10061 !

<<<----  [OUT]
2020/11/04 19:54:09:525

Connecting Started...

<<<----  [OUT]
2020/11/04 19:54:11:577

I can't connect with the passive [192.168.100.113/5000] error_code:10061 !

<<<----  [OUT]
2020/11/04 19:54:14:058

Connecting Started...

<<<----  [OUT]
2020/11/04 19:54:16:106

I can't connect with the passive [192.168.100.113/5000] error_code:10061 !

<<<----  [OUT]
2020/11/04 19:54:18:588

Connecting Started...

<<<----  [OUT]
2020/11/04 19:54:20:617

I can't connect with the passive [192.168.100.113/5000] error_code:10061 !

<<<----  [OUT]
2020/11/04 19:54:23:105

Connecting Started...

<<<----  [OUT]
2020/11/04 19:54:25:154

I can't connect with the passive [192.168.100.113/5000] error_code:10061 !

<<<----  [OUT]
2020/11/04 19:54:27:636

Connecting Started...

<<<----  [OUT]
2020/11/04 19:54:29:675

I can't connect with the passive [192.168.100.113/5000] error_code:10061 !

<<<----  [OUT]
2020/11/04 19:54:32:166

Connecting Started...

<<<----  [OUT]
2020/11/04 19:54:34:206

I can't connect with the passive [192.168.100.113/5000] error_code:10061 !

<<<----  [OUT]
2020/11/04 19:54:36:699

Connecting Started...

<<<----  [OUT]
2020/11/04 19:54:38:740

I can't connect with the passive [192.168.100.113/5000] error_code:10061 !

<<<----  [OUT]
2020/11/04 19:54:41:229

Connecting Started...

<<<----  [OUT]
2020/11/04 19:54:43:288

I can't connect with the passive [192.168.100.113/5000] error_code:10061 !

<<<----  [OUT]
2020/11/04 19:54:45:776

Connecting Started...

<<<----  [OUT]
2020/11/04 19:54:47:820

I can't connect with the passive [192.168.100.113/5000] error_code:10061 !

<<<----  [OUT]
2020/11/04 19:54:50:306

Connecting Started...

<<<----  [OUT]
2020/11/04 19:54:52:357

I can't connect with the passive [192.168.100.113/5000] error_code:10061 !

<<<----  [OUT]
2020/11/04 19:54:54:838

Connecting Started...

<<<----  [OUT]
2020/11/04 19:54:56:876

I can't connect with the passive [192.168.100.113/5000] error_code:10061 !

<<<----  [OUT]
2020/11/04 19:54:59:354

Connecting Started...

<<<----  [OUT]
2020/11/04 19:55:01:392

I can't connect with the passive [192.168.100.113/5000] error_code:10061 !

<<<----  [OUT]
2020/11/04 19:55:03:870

Connecting Started...

<<<----  [OUT]
2020/11/04 19:55:05:910

I can't connect with the passive [192.168.100.113/5000] error_code:10061 !

<<<----  [OUT]
2020/11/04 19:55:08:401

Connecting Started...

<<<----  [OUT]
2020/11/04 19:55:10:447

I can't connect with the passive [192.168.100.113/5000] error_code:10061 !

<<<----  [OUT]
2020/11/04 19:55:12:932

Connecting Started...

<<<----  [OUT]
2020/11/04 19:55:14:967

I can't connect with the passive [192.168.100.113/5000] error_code:10061 !

<<<----  [OUT]
2020/11/04 19:55:17:448

Connecting Started...

<<<----  [OUT]
2020/11/04 19:55:19:490

I can't connect with the passive [192.168.100.113/5000] error_code:10061 !

<<<----  [OUT]
2020/11/04 19:55:21:979

Connecting Started...

<<<----  [OUT]
2020/11/04 19:55:24:030

I can't connect with the passive [192.168.100.113/5000] error_code:10061 !

<<<----  [OUT]
2020/11/04 19:55:26:509

Connecting Started...

<<<----  [OUT]
2020/11/04 19:55:28:565

I can't connect with the passive [192.168.100.113/5000] error_code:10061 !

<<<----  [OUT]
2020/11/04 19:55:31:042

Connecting Started...

<<<----  [OUT]
2020/11/04 19:55:33:079

I can't connect with the passive [192.168.100.113/5000] error_code:10061 !

<<<----  [OUT]
2020/11/04 19:55:35:556

Connecting Started...

<<<----  [OUT]
2020/11/04 19:55:37:598

I can't connect with the passive [192.168.100.113/5000] error_code:10061 !

<<<----  [OUT]
2020/11/04 19:55:40:089

Connecting Started...

<<<----  [OUT]
2020/11/04 19:55:42:135

I can't connect with the passive [192.168.100.113/5000] error_code:10061 !

<<<----  [OUT]
2020/11/04 19:55:44:619

Connecting Started...

<<<----  [OUT]
2020/11/04 19:55:46:660

I can't connect with the passive [192.168.100.113/5000] error_code:10061 !

<<<----  [OUT]
2020/11/04 19:55:49:151

Connecting Started...

<<<----  [OUT]
2020/11/04 19:55:51:190

I can't connect with the passive [192.168.100.113/5000] error_code:10061 !

<<<----  [OUT]
2020/11/04 19:55:53:667

Connecting Started...

<<<----  [OUT]
2020/11/04 19:55:55:720

I can't connect with the passive [192.168.100.113/5000] error_code:10061 !

<<<----  [OUT]
2020/11/04 19:55:58:198

Connecting Started...

<<<----  [OUT]
2020/11/04 19:56:00:234

I can't connect with the passive [192.168.100.113/5000] error_code:10061 !

<<<----  [OUT]
2020/11/04 19:56:02:713

Connecting Started...

<<<----  [OUT]
2020/11/04 19:56:04:762

I can't connect with the passive [192.168.100.113/5000] error_code:10061 !

<<<----  [OUT]
2020/11/04 19:56:07:246

Connecting Started...

<<<----  [OUT]
2020/11/04 19:56:09:276

I can't connect with the passive [192.168.100.113/5000] error_code:10061 !

<<<----  [OUT]
2020/11/04 19:56:11:759

Connecting Started...

<<<----  [OUT]
2020/11/04 19:56:13:803

I can't connect with the passive [192.168.100.113/5000] error_code:10061 !

<<<----  [OUT]
2020/11/04 19:56:16:292

Connecting Started...

<<<----  [OUT]
2020/11/04 19:56:18:338

I can't connect with the passive [192.168.100.113/5000] error_code:10061 !

<<<----  [OUT]
2020/11/04 19:56:20:822

Connecting Started...

<<<----  [OUT]
2020/11/04 19:56:22:877

I can't connect with the passive [192.168.100.113/5000] error_code:10061 !

<<<----  [OUT]
2020/11/04 19:56:25:353

Connecting Started...

<<<----  [OUT]
2020/11/04 19:56:27:397

I can't connect with the passive [192.168.100.113/5000] error_code:10061 !

<<<----  [OUT]
2020/11/04 19:56:29:885

Connecting Started...

<<<----  [OUT]
2020/11/04 19:56:31:940

I can't connect with the passive [192.168.100.113/5000] error_code:10061 !

<<<----  [OUT]
2020/11/04 19:56:34:417

Connecting Started...

<<<----  [OUT]
2020/11/04 19:56:36:451

I can't connect with the passive [192.168.100.113/5000] error_code:10061 !

<<<----  [OUT]
2020/11/04 19:56:38:932

Connecting Started...

<<<----  [OUT]
2020/11/04 19:56:40:969

I can't connect with the passive [192.168.100.113/5000] error_code:10061 !

<<<----  [OUT]
2020/11/04 19:56:43:448

Connecting Started...

<<<----  [OUT]
2020/11/04 19:56:45:503

I can't connect with the passive [192.168.100.113/5000] error_code:10061 !

<<<----  [OUT]
2020/11/04 19:56:47:995

Connecting Started...

<<<----  [OUT]
2020/11/04 19:56:50:035

I can't connect with the passive [192.168.100.113/5000] error_code:10061 !

<<<----  [OUT]
2020/11/04 19:56:52:527

Connecting Started...

<<<----  [OUT]
2020/11/04 19:56:54:571

I can't connect with the passive [192.168.100.113/5000] error_code:10061 !

<<<----  [OUT]
2020/11/04 19:56:57:056

Connecting Started...

<<<----  [OUT]
2020/11/04 19:56:59:102

I can't connect with the passive [192.168.100.113/5000] error_code:10061 !

<<<----  [OUT]
2020/11/04 19:57:01:589

Connecting Started...

<<<----  [OUT]
2020/11/04 19:57:03:663

I can't connect with the passive [192.168.100.113/5000] error_code:10061 !

<<<----  [OUT]
2020/11/04 19:57:06:150

Connecting Started...

<<<----  [OUT]
2020/11/04 19:57:08:197

I can't connect with the passive [192.168.100.113/5000] error_code:10061 !

<<<----  [OUT]
2020/11/04 19:57:10:682

Connecting Started...

<<<----  [OUT]
2020/11/04 19:57:12:730

I can't connect with the passive [192.168.100.113/5000] error_code:10061 !

<<<----  [OUT]
2020/11/04 19:57:15:213

Connecting Started...

<<<----  [OUT]
2020/11/04 19:57:17:251

I can't connect with the passive [192.168.100.113/5000] error_code:10061 !

<<<----  [OUT]
2020/11/04 19:57:19:728

Connecting Started...

<<<----  [OUT]
2020/11/04 19:57:21:777

I can't connect with the passive [192.168.100.113/5000] error_code:10061 !

<<<----  [OUT]
2020/11/04 19:57:24:259

Connecting Started...

<<<----  [OUT]
2020/11/04 19:57:26:304

I can't connect with the passive [192.168.100.113/5000] error_code:10061 !

<<<----  [OUT]
2020/11/04 19:57:28:792

Connecting Started...

<<<----  [OUT]
2020/11/04 19:57:30:840

I can't connect with the passive [192.168.100.113/5000] error_code:10061 !

<<<----  [OUT]
2020/11/04 19:57:33:323

Connecting Started...

<<<----  [OUT]
2020/11/04 19:57:35:358

I can't connect with the passive [192.168.100.113/5000] error_code:10061 !

<<<----  [OUT]
2020/11/04 19:57:37:838

Connecting Started...

<<<----  [OUT]
2020/11/04 19:57:39:881

I can't connect with the passive [192.168.100.113/5000] error_code:10061 !

<<<----  [OUT]
2020/11/04 19:57:42:370

Connecting Started...

<<<----  [OUT]
2020/11/04 19:57:44:421

I can't connect with the passive [192.168.100.113/5000] error_code:10061 !

<<<----  [OUT]
2020/11/04 19:57:46:901

Connecting Started...

<<<----  [OUT]
2020/11/04 19:57:48:936

I can't connect with the passive [192.168.100.113/5000] error_code:10061 !

<<<----  [OUT]
2020/11/04 19:57:51:416

Connecting Started...

<<<----  [OUT]
2020/11/04 19:57:53:467

I can't connect with the passive [192.168.100.113/5000] error_code:10061 !

<<<----  [OUT]
2020/11/04 19:57:55:947

Connecting Started...

<<<----  [OUT]
2020/11/04 19:57:57:978

I can't connect with the passive [192.168.100.113/5000] error_code:10061 !

<<<----  [OUT]
2020/11/04 19:58:00:464

Connecting Started...

<<<----  [OUT]
2020/11/04 19:58:02:513

I can't connect with the passive [192.168.100.113/5000] error_code:10061 !

<<<----  [OUT]
2020/11/04 19:58:04:994

Connecting Started...

<<<----  [OUT]
2020/11/04 19:58:07:031

I can't connect with the passive [192.168.100.113/5000] error_code:10061 !

<<<----  [OUT]
2020/11/04 19:58:09:511

Connecting Started...

<<<----  [OUT]
2020/11/04 19:58:11:565

I can't connect with the passive [192.168.100.113/5000] error_code:10061 !

<<<----  [OUT]
2020/11/04 19:58:14:041

Connecting Started...

<<<----  [OUT]
2020/11/04 19:58:16:088

I can't connect with the passive [192.168.100.113/5000] error_code:10061 !

<<<----  [OUT]
2020/11/04 19:58:18:572

Connecting Started...

<<<----  [OUT]
2020/11/04 19:58:20:621

I can't connect with the passive [192.168.100.113/5000] error_code:10061 !

<<<----  [OUT]
2020/11/04 19:58:23:105

Connecting Started...

<<<----  [OUT]
2020/11/04 19:58:25:146

I can't connect with the passive [192.168.100.113/5000] error_code:10061 !

<<<----  [OUT]
2020/11/04 19:58:27:636

Connecting Started...

<<<----  [OUT]
2020/11/04 19:58:29:686

I can't connect with the passive [192.168.100.113/5000] error_code:10061 !

<<<----  [OUT]
2020/11/04 19:58:32:167

Connecting Started...

<<<----  [OUT]
2020/11/04 19:58:34:216

I can't connect with the passive [192.168.100.113/5000] error_code:10061 !

<<<----  [OUT]
2020/11/04 19:58:36:697

Connecting Started...

<<<----  [OUT]
2020/11/04 19:58:38:748

I can't connect with the passive [192.168.100.113/5000] error_code:10061 !

<<<----  [OUT]
2020/11/04 19:58:41:228

Connecting Started...

<<<----  [OUT]
2020/11/04 19:58:43:259

I can't connect with the passive [192.168.100.113/5000] error_code:10061 !

<<<----  [OUT]
2020/11/04 19:58:45:745

Connecting Started...

<<<----  [OUT]
2020/11/04 19:58:47:784

I can't connect with the passive [192.168.100.113/5000] error_code:10061 !

<<<----  [OUT]
2020/11/04 19:58:50:260

Connecting Started...

<<<----  [OUT]
2020/11/04 19:58:52:312

I can't connect with the passive [192.168.100.113/5000] error_code:10061 !

<<<----  [OUT]
2020/11/04 19:58:54:791

Connecting Started...

<<<----  [OUT]
2020/11/04 19:58:56:838

I can't connect with the passive [192.168.100.113/5000] error_code:10061 !

<<<----  [OUT]
2020/11/04 19:58:59:322

Connecting Started...

<<<----  [OUT]
2020/11/04 19:59:01:366

I can't connect with the passive [192.168.100.113/5000] error_code:10061 !

<<<----  [OUT]
2020/11/04 19:59:03:854

Connecting Started...

<<<----  [OUT]
2020/11/04 19:59:05:900

I can't connect with the passive [192.168.100.113/5000] error_code:10061 !

<<<----  [OUT]
2020/11/04 19:59:08:385

Connecting Started...

<<<----  [OUT]
2020/11/04 19:59:10:430

I can't connect with the passive [192.168.100.113/5000] error_code:10061 !

<<<----  [OUT]
2020/11/04 19:59:12:916

Connecting Started...

<<<----  [OUT]
2020/11/04 19:59:14:956

I can't connect with the passive [192.168.100.113/5000] error_code:10061 !

<<<----  [OUT]
2020/11/04 19:59:17:433

Connecting Started...

<<<----  [OUT]
2020/11/04 19:59:19:467

I can't connect with the passive [192.168.100.113/5000] error_code:10061 !

<<<----  [OUT]
2020/11/04 19:59:21:949

Connecting Started...

<<<----  [OUT]
2020/11/04 19:59:23:988

I can't connect with the passive [192.168.100.113/5000] error_code:10061 !

<<<----  [OUT]
2020/11/04 19:59:26:478

Connecting Started...

<<<----  [OUT]
2020/11/04 19:59:28:528

I can't connect with the passive [192.168.100.113/5000] error_code:10061 !

<<<----  [OUT]
2020/11/04 19:59:31:011

Connecting Started...

<<<----  [OUT]
2020/11/04 19:59:33:050

I can't connect with the passive [192.168.100.113/5000] error_code:10061 !

<<<----  [OUT]
2020/11/04 19:59:35:525

Connecting Started...

<<<----  [OUT]
2020/11/04 19:59:37:573

I can't connect with the passive [192.168.100.113/5000] error_code:10061 !

<<<----  [OUT]
2020/11/04 19:59:40:058

Connecting Started...

<<<----  [OUT]
2020/11/04 19:59:42:108

I can't connect with the passive [192.168.100.113/5000] error_code:10061 !

<<<----  [OUT]
2020/11/04 19:59:44:589

Connecting Started...

<<<----  [OUT]
2020/11/04 19:59:46:631

I can't connect with the passive [192.168.100.113/5000] error_code:10061 !

<<<----  [OUT]
2020/11/04 19:59:49:119

Connecting Started...

<<<----  [OUT]
2020/11/04 19:59:51:150

I can't connect with the passive [192.168.100.113/5000] error_code:10061 !

<<<----  [OUT]
2020/11/04 19:59:53:636

Connecting Started...

<<<----  [OUT]
2020/11/04 19:59:55:684

I can't connect with the passive [192.168.100.113/5000] error_code:10061 !

<<<----  [OUT]
2020/11/04 19:59:58:166

Connecting Started...
