
<<<----  [OUT]
2020/11/04 14:00:11:798

I can't connect with the passive [192.168.100.113/5000] error_code:10060 !

<<<----  [OUT]
2020/11/04 14:00:14:276

Connecting Started...

<<<----  [OUT]
2020/11/04 14:00:35:313

I can't connect with the passive [192.168.100.113/5000] error_code:10060 !

<<<----  [OUT]
2020/11/04 14:00:37:793

Connecting Started...

<<<----  [OUT]
2020/11/04 14:00:58:836

I can't connect with the passive [192.168.100.113/5000] error_code:10060 !

<<<----  [OUT]
2020/11/04 14:01:01:323

Connecting Started...

<<<----  [OUT]
2020/11/04 14:01:22:358

I can't connect with the passive [192.168.100.113/5000] error_code:10060 !

<<<----  [OUT]
2020/11/04 14:01:24:840

Connecting Started...

<<<----  [OUT]
2020/11/04 14:01:45:882

I can't connect with the passive [192.168.100.113/5000] error_code:10060 !

<<<----  [OUT]
2020/11/04 14:01:48:373

Connecting Started...

<<<----  [OUT]
2020/11/04 14:02:09:407

I can't connect with the passive [192.168.100.113/5000] error_code:10060 !

<<<----  [OUT]
2020/11/04 14:02:11:886

Connecting Started...

<<<----  [OUT]
2020/11/04 14:02:32:926

I can't connect with the passive [192.168.100.113/5000] error_code:10060 !

<<<----  [OUT]
2020/11/04 14:02:35:417

Connecting Started...

<<<----  [OUT]
2020/11/04 14:02:56:459

I can't connect with the passive [192.168.100.113/5000] error_code:10060 !

<<<----  [OUT]
2020/11/04 14:02:58:948

Connecting Started...

<<<----  [OUT]
2020/11/04 14:03:19:993

I can't connect with the passive [192.168.100.113/5000] error_code:10060 !

<<<----  [OUT]
2020/11/04 14:03:22:481

Connecting Started...

<<<----  [OUT]
2020/11/04 14:03:43:536

I can't connect with the passive [192.168.100.113/5000] error_code:10060 !

<<<----  [OUT]
2020/11/04 14:03:46:026

Connecting Started...

<<<----  [OUT]
2020/11/04 14:04:07:077

I can't connect with the passive [192.168.100.113/5000] error_code:10060 !

<<<----  [OUT]
2020/11/04 14:04:09:559

Connecting Started...

<<<----  [OUT]
2020/11/04 14:04:30:585

I can't connect with the passive [192.168.100.113/5000] error_code:10060 !

<<<----  [OUT]
2020/11/04 14:04:33:074

Connecting Started...

<<<----  [OUT]
2020/11/04 14:04:54:131

I can't connect with the passive [192.168.100.113/5000] error_code:10060 !

<<<----  [OUT]
2020/11/04 14:04:56:621

Connecting Started...

<<<----  [OUT]
2020/11/04 14:05:17:673

I can't connect with the passive [192.168.100.113/5000] error_code:10060 !

<<<----  [OUT]
2020/11/04 14:05:20:151

Connecting Started...

<<<----  [OUT]
2020/11/04 14:05:41:198

I can't connect with the passive [192.168.100.113/5000] error_code:10060 !

<<<----  [OUT]
2020/11/04 14:05:43:682

Connecting Started...

<<<----  [OUT]
2020/11/04 14:06:04:738

I can't connect with the passive [192.168.100.113/5000] error_code:10060 !

<<<----  [OUT]
2020/11/04 14:06:07:213

Connecting Started...

<<<----  [OUT]
2020/11/04 14:06:28:251

I can't connect with the passive [192.168.100.113/5000] error_code:10060 !

<<<----  [OUT]
2020/11/04 14:06:30:729

Connecting Started...

<<<----  [OUT]
2020/11/04 14:06:51:754

I can't connect with the passive [192.168.100.113/5000] error_code:10060 !

<<<----  [OUT]
2020/11/04 14:06:54:246

Connecting Started...

<<<----  [OUT]
2020/11/04 14:07:15:286

I can't connect with the passive [192.168.100.113/5000] error_code:10060 !

<<<----  [OUT]
2020/11/04 14:07:17:777

Connecting Started...

<<<----  [OUT]
2020/11/04 14:07:38:806

I can't connect with the passive [192.168.100.113/5000] error_code:10060 !

<<<----  [OUT]
2020/11/04 14:07:41:293

Connecting Started...

<<<----  [OUT]
2020/11/04 14:08:02:345

I can't connect with the passive [192.168.100.113/5000] error_code:10060 !

<<<----  [OUT]
2020/11/04 14:08:04:824

Connecting Started...

<<<----  [OUT]
2020/11/04 14:08:25:865

I can't connect with the passive [192.168.100.113/5000] error_code:10060 !

<<<----  [OUT]
2020/11/04 14:08:28:354

Connecting Started...

<<<----  [OUT]
2020/11/04 14:08:49:397

I can't connect with the passive [192.168.100.113/5000] error_code:10060 !

<<<----  [OUT]
2020/11/04 14:08:51:885

Connecting Started...

<<<----  [OUT]
2020/11/04 14:09:12:918

I can't connect with the passive [192.168.100.113/5000] error_code:10060 !

<<<----  [OUT]
2020/11/04 14:09:15:401

Connecting Started...

<<<----  [OUT]
2020/11/04 14:09:36:433

I can't connect with the passive [192.168.100.113/5000] error_code:10060 !

<<<----  [OUT]
2020/11/04 14:09:38:917

Connecting Started...

<<<----  [OUT]
2020/11/04 14:09:59:954

I can't connect with the passive [192.168.100.113/5000] error_code:10060 !

<<<----  [OUT]
2020/11/04 14:10:02:432

Connecting Started...

<<<----  [OUT]
2020/11/04 14:10:23:474

I can't connect with the passive [192.168.100.113/5000] error_code:10060 !

<<<----  [OUT]
2020/11/04 14:10:25:965

Connecting Started...

<<<----  [OUT]
2020/11/04 14:10:47:015

I can't connect with the passive [192.168.100.113/5000] error_code:10060 !

<<<----  [OUT]
2020/11/04 14:10:49:496

Connecting Started...

<<<----  [OUT]
2020/11/04 14:11:10:538

I can't connect with the passive [192.168.100.113/5000] error_code:10060 !

<<<----  [OUT]
2020/11/04 14:11:13:026

Connecting Started...

<<<----  [OUT]
2020/11/04 14:11:34:049

I can't connect with the passive [192.168.100.113/5000] error_code:10060 !

<<<----  [OUT]
2020/11/04 14:11:36:526

Connecting Started...

<<<----  [OUT]
2020/11/04 14:11:57:562

I can't connect with the passive [192.168.100.113/5000] error_code:10060 !

<<<----  [OUT]
2020/11/04 14:12:00:042

Connecting Started...

<<<----  [OUT]
2020/11/04 14:12:21:083

I can't connect with the passive [192.168.100.113/5000] error_code:10060 !

<<<----  [OUT]
2020/11/04 14:12:23:573

Connecting Started...

<<<----  [OUT]
2020/11/04 14:12:44:630

I can't connect with the passive [192.168.100.113/5000] error_code:10060 !

<<<----  [OUT]
2020/11/04 14:12:47:121

Connecting Started...

<<<----  [OUT]
2020/11/04 14:13:08:164

I can't connect with the passive [192.168.100.113/5000] error_code:10060 !

<<<----  [OUT]
2020/11/04 14:13:10:652

Connecting Started...

<<<----  [OUT]
2020/11/04 14:13:31:701

I can't connect with the passive [192.168.100.113/5000] error_code:10060 !

<<<----  [OUT]
2020/11/04 14:13:34:182

Connecting Started...

<<<----  [OUT]
2020/11/04 14:13:55:223

I can't connect with the passive [192.168.100.113/5000] error_code:10060 !

<<<----  [OUT]
2020/11/04 14:13:57:714

Connecting Started...

<<<----  [OUT]
2020/11/04 14:14:18:767

I can't connect with the passive [192.168.100.113/5000] error_code:10060 !

<<<----  [OUT]
2020/11/04 14:14:21:246

Connecting Started...

<<<----  [OUT]
2020/11/04 14:14:42:285

I can't connect with the passive [192.168.100.113/5000] error_code:10060 !

<<<----  [OUT]
2020/11/04 14:14:44:777

Connecting Started...

<<<----  [OUT]
2020/11/04 14:15:05:834

I can't connect with the passive [192.168.100.113/5000] error_code:10060 !

<<<----  [OUT]
2020/11/04 14:15:08:324

Connecting Started...

<<<----  [OUT]
2020/11/04 14:15:29:361

I can't connect with the passive [192.168.100.113/5000] error_code:10060 !

<<<----  [OUT]
2020/11/04 14:15:31:839

Connecting Started...

<<<----  [OUT]
2020/11/04 14:15:52:892

I can't connect with the passive [192.168.100.113/5000] error_code:10060 !

<<<----  [OUT]
2020/11/04 14:15:55:371

Connecting Started...

<<<----  [OUT]
2020/11/04 14:16:16:416

I can't connect with the passive [192.168.100.113/5000] error_code:10060 !

<<<----  [OUT]
2020/11/04 14:16:18:901

Connecting Started...

<<<----  [OUT]
2020/11/04 14:16:39:946

I can't connect with the passive [192.168.100.113/5000] error_code:10060 !

<<<----  [OUT]
2020/11/04 14:16:42:432

Connecting Started...

<<<----  [OUT]
2020/11/04 14:17:03:482

I can't connect with the passive [192.168.100.113/5000] error_code:10060 !

<<<----  [OUT]
2020/11/04 14:17:05:963

Connecting Started...

<<<----  [OUT]
2020/11/04 14:17:27:024

I can't connect with the passive [192.168.100.113/5000] error_code:10060 !

<<<----  [OUT]
2020/11/04 14:17:29:510

Connecting Started...

<<<----  [OUT]
2020/11/04 14:17:50:541

I can't connect with the passive [192.168.100.113/5000] error_code:10060 !

<<<----  [OUT]
2020/11/04 14:17:53:027

Connecting Started...

<<<----  [OUT]
2020/11/04 14:18:14:066

I can't connect with the passive [192.168.100.113/5000] error_code:10060 !

<<<----  [OUT]
2020/11/04 14:18:16:558

Connecting Started...

<<<----  [OUT]
2020/11/04 14:18:37:602

I can't connect with the passive [192.168.100.113/5000] error_code:10060 !

<<<----  [OUT]
2020/11/04 14:18:40:089

Connecting Started...

<<<----  [OUT]
2020/11/04 14:19:01:113

I can't connect with the passive [192.168.100.113/5000] error_code:10060 !

<<<----  [OUT]
2020/11/04 14:19:03:605

Connecting Started...

<<<----  [OUT]
2020/11/04 14:19:24:643

I can't connect with the passive [192.168.100.113/5000] error_code:10060 !

<<<----  [OUT]
2020/11/04 14:19:27:120

Connecting Started...

<<<----  [OUT]
2020/11/04 14:19:48:149

I can't connect with the passive [192.168.100.113/5000] error_code:10060 !

<<<----  [OUT]
2020/11/04 14:19:50:635

Connecting Started...

<<<----  [OUT]
2020/11/04 14:20:11:663

I can't connect with the passive [192.168.100.113/5000] error_code:10060 !

<<<----  [OUT]
2020/11/04 14:20:14:152

Connecting Started...

<<<----  [OUT]
2020/11/04 14:20:35:187

I can't connect with the passive [192.168.100.113/5000] error_code:10060 !

<<<----  [OUT]
2020/11/04 14:20:37:667

Connecting Started...

<<<----  [OUT]
2020/11/04 14:20:58:701

I can't connect with the passive [192.168.100.113/5000] error_code:10060 !

<<<----  [OUT]
2020/11/04 14:21:01:183

Connecting Started...

<<<----  [OUT]
2020/11/04 14:21:22:223

I can't connect with the passive [192.168.100.113/5000] error_code:10060 !

<<<----  [OUT]
2020/11/04 14:21:24:715

Connecting Started...

<<<----  [OUT]
2020/11/04 14:21:45:758

I can't connect with the passive [192.168.100.113/5000] error_code:10060 !

<<<----  [OUT]
2020/11/04 14:21:48:246

Connecting Started...

<<<----  [OUT]
2020/11/04 14:22:09:279

I can't connect with the passive [192.168.100.113/5000] error_code:10060 !

<<<----  [OUT]
2020/11/04 14:22:11:761

Connecting Started...

<<<----  [OUT]
2020/11/04 14:22:32:797

I can't connect with the passive [192.168.100.113/5000] error_code:10060 !

<<<----  [OUT]
2020/11/04 14:22:35:277

Connecting Started...

<<<----  [OUT]
2020/11/04 14:22:56:325

I can't connect with the passive [192.168.100.113/5000] error_code:10060 !

<<<----  [OUT]
2020/11/04 14:22:58:807

Connecting Started...

<<<----  [OUT]
2020/11/04 14:23:19:842

I can't connect with the passive [192.168.100.113/5000] error_code:10060 !

<<<----  [OUT]
2020/11/04 14:23:22:323

Connecting Started...

<<<----  [OUT]
2020/11/04 14:23:43:336

I can't connect with the passive [192.168.100.113/5000] error_code:10060 !

<<<----  [OUT]
2020/11/04 14:23:45:825

Connecting Started...

<<<----  [OUT]
2020/11/04 14:24:06:869

I can't connect with the passive [192.168.100.113/5000] error_code:10060 !

<<<----  [OUT]
2020/11/04 14:24:09:355

Connecting Started...

<<<----  [OUT]
2020/11/04 14:24:30:397

I can't connect with the passive [192.168.100.113/5000] error_code:10060 !

<<<----  [OUT]
2020/11/04 14:24:32:886

Connecting Started...

<<<----  [OUT]
2020/11/04 14:24:53:930

I can't connect with the passive [192.168.100.113/5000] error_code:10060 !

<<<----  [OUT]
2020/11/04 14:24:56:418

Connecting Started...

<<<----  [OUT]
2020/11/04 14:25:17:442

I can't connect with the passive [192.168.100.113/5000] error_code:10060 !

<<<----  [OUT]
2020/11/04 14:25:19:933

Connecting Started...

<<<----  [OUT]
2020/11/04 14:25:40:956

I can't connect with the passive [192.168.100.113/5000] error_code:10060 !

<<<----  [OUT]
2020/11/04 14:25:43:433

Connecting Started...

<<<----  [OUT]
2020/11/04 14:26:04:462

I can't connect with the passive [192.168.100.113/5000] error_code:10060 !

<<<----  [OUT]
2020/11/04 14:26:06:948

Connecting Started...

<<<----  [OUT]
2020/11/04 14:26:27:987

I can't connect with the passive [192.168.100.113/5000] error_code:10060 !

<<<----  [OUT]
2020/11/04 14:26:30:464

Connecting Started...

<<<----  [OUT]
2020/11/04 14:26:51:512

I can't connect with the passive [192.168.100.113/5000] error_code:10060 !

<<<----  [OUT]
2020/11/04 14:26:53:994

Connecting Started...

<<<----  [OUT]
2020/11/04 14:27:15:046

I can't connect with the passive [192.168.100.113/5000] error_code:10060 !

<<<----  [OUT]
2020/11/04 14:27:17:526

Connecting Started...

<<<----  [OUT]
2020/11/04 14:27:19:566

I can't connect with the passive [192.168.100.113/5000] error_code:10061 !

<<<----  [OUT]
2020/11/04 14:27:22:041

Connecting Started...

<<<----  [OUT]
2020/11/04 14:27:24:076

I can't connect with the passive [192.168.100.113/5000] error_code:10061 !

<<<----  [OUT]
2020/11/04 14:27:26:558

Connecting Started...

<<<----  [OUT]
2020/11/04 14:27:28:589

I can't connect with the passive [192.168.100.113/5000] error_code:10061 !

<<<----  [OUT]
2020/11/04 14:27:31:073

Connecting Started...

<<<----  [OUT]
2020/11/04 14:27:33:113

I can't connect with the passive [192.168.100.113/5000] error_code:10061 !

<<<----  [OUT]
2020/11/04 14:27:35:589

Connecting Started...

<<<----  [OUT]
2020/11/04 14:27:37:641

I can't connect with the passive [192.168.100.113/5000] error_code:10061 !

<<<----  [OUT]
2020/11/04 14:27:40:121

Connecting Started...

<<<----  [OUT]
2020/11/04 14:27:42:163

I can't connect with the passive [192.168.100.113/5000] error_code:10061 !

<<<----  [OUT]
2020/11/04 14:27:44:651

Connecting Started...

<<<----  [OUT]
2020/11/04 14:27:46:688

I can't connect with the passive [192.168.100.113/5000] error_code:10061 !

<<<----  [OUT]
2020/11/04 14:27:49:167

Connecting Started...

<<<----  [OUT]
2020/11/04 14:27:51:209

I can't connect with the passive [192.168.100.113/5000] error_code:10061 !

<<<----  [OUT]
2020/11/04 14:27:53:698

Connecting Started...

<<<----  [OUT]
2020/11/04 14:27:55:730

I can't connect with the passive [192.168.100.113/5000] error_code:10061 !

<<<----  [OUT]
2020/11/04 14:27:58:214

Connecting Started...

<<<----  [OUT]
2020/11/04 14:28:00:258

I can't connect with the passive [192.168.100.113/5000] error_code:10061 !

<<<----  [OUT]
2020/11/04 14:28:02:745

Connecting Started...

<<<----  [OUT]
2020/11/04 14:28:04:776

I can't connect with the passive [192.168.100.113/5000] error_code:10061 !

<<<----  [OUT]
2020/11/04 14:28:07:261

Connecting Started...

<<<----  [OUT]
2020/11/04 14:28:09:293

I can't connect with the passive [192.168.100.113/5000] error_code:10061 !

<<<----  [OUT]
2020/11/04 14:28:11:776

Connecting Started...

<<<----  [OUT]
2020/11/04 14:28:13:813

I can't connect with the passive [192.168.100.113/5000] error_code:10061 !

<<<----  [OUT]
2020/11/04 14:28:16:292

Connecting Started...

<<<----  [OUT]
2020/11/04 14:28:18:335

I can't connect with the passive [192.168.100.113/5000] error_code:10061 !

<<<----  [OUT]
2020/11/04 14:28:20:824

Connecting Started...

<<<----  [OUT]
2020/11/04 14:28:22:877

I can't connect with the passive [192.168.100.113/5000] error_code:10061 !

<<<----  [OUT]
2020/11/04 14:28:25:355

Connecting Started...

<<<----  [OUT]
2020/11/04 14:28:27:390

I can't connect with the passive [192.168.100.113/5000] error_code:10061 !

<<<----  [OUT]
2020/11/04 14:28:29:870

Connecting Started...

<<<----  [OUT]
2020/11/04 14:28:31:908

I can't connect with the passive [192.168.100.113/5000] error_code:10061 !

<<<----  [OUT]
2020/11/04 14:28:34:386

Connecting Started...

<<<----  [OUT]
2020/11/04 14:28:36:432

I can't connect with the passive [192.168.100.113/5000] error_code:10061 !

<<<----  [OUT]
2020/11/04 14:28:38:918

Connecting Started...

<<<----  [OUT]
2020/11/04 14:28:40:958

I can't connect with the passive [192.168.100.113/5000] error_code:10061 !

<<<----  [OUT]
2020/11/04 14:28:43:448

Connecting Started...

<<<----  [OUT]
2020/11/04 14:28:45:502

I can't connect with the passive [192.168.100.113/5000] error_code:10061 !

<<<----  [OUT]
2020/11/04 14:28:47:981

Connecting Started...

<<<----  [OUT]
2020/11/04 14:28:50:017

I can't connect with the passive [192.168.100.113/5000] error_code:10061 !

<<<----  [OUT]
2020/11/04 14:28:52:495

Connecting Started...

<<<----  [OUT]
2020/11/04 14:28:54:526

I can't connect with the passive [192.168.100.113/5000] error_code:10061 !

<<<----  [OUT]
2020/11/04 14:28:57:011

Connecting Started...

<<<----  [OUT]
2020/11/04 14:28:59:049

I can't connect with the passive [192.168.100.113/5000] error_code:10061 !

<<<----  [OUT]
2020/11/04 14:29:01:526

Connecting Started...

<<<----  [OUT]
2020/11/04 14:29:03:584

I can't connect with the passive [192.168.100.113/5000] error_code:10061 !

<<<----  [OUT]
2020/11/04 14:29:06:073

Connecting Started...

<<<----  [OUT]
2020/11/04 14:29:08:129

I can't connect with the passive [192.168.100.113/5000] error_code:10061 !

<<<----  [OUT]
2020/11/04 14:29:10:620

Connecting Started...

<<<----  [OUT]
2020/11/04 14:29:12:655

I can't connect with the passive [192.168.100.113/5000] error_code:10061 !

<<<----  [OUT]
2020/11/04 14:29:15:135

Connecting Started...

<<<----  [OUT]
2020/11/04 14:29:17:180

I can't connect with the passive [192.168.100.113/5000] error_code:10061 !

<<<----  [OUT]
2020/11/04 14:29:19:667

Connecting Started...

<<<----  [OUT]
2020/11/04 14:29:21:713

I can't connect with the passive [192.168.100.113/5000] error_code:10061 !

<<<----  [OUT]
2020/11/04 14:29:24:198

Connecting Started...

<<<----  [OUT]
2020/11/04 14:29:26:237

I can't connect with the passive [192.168.100.113/5000] error_code:10061 !

<<<----  [OUT]
2020/11/04 14:29:28:714

Connecting Started...

<<<----  [OUT]
2020/11/04 14:29:30:764

I can't connect with the passive [192.168.100.113/5000] error_code:10061 !

<<<----  [OUT]
2020/11/04 14:29:33:246

Connecting Started...

<<<----  [OUT]
2020/11/04 14:29:35:275

I can't connect with the passive [192.168.100.113/5000] error_code:10061 !

<<<----  [OUT]
2020/11/04 14:29:37:762

Connecting Started...

<<<----  [OUT]
2020/11/04 14:29:39:808

I can't connect with the passive [192.168.100.113/5000] error_code:10061 !

<<<----  [OUT]
2020/11/04 14:29:42:292

Connecting Started...

<<<----  [OUT]
2020/11/04 14:29:44:338

I can't connect with the passive [192.168.100.113/5000] error_code:10061 !

<<<----  [OUT]
2020/11/04 14:29:46:824

Connecting Started...

<<<----  [OUT]
2020/11/04 14:29:48:873

I can't connect with the passive [192.168.100.113/5000] error_code:10061 !

<<<----  [OUT]
2020/11/04 14:29:51:355

Connecting Started...

<<<----  [OUT]
2020/11/04 14:29:53:408

I can't connect with the passive [192.168.100.113/5000] error_code:10061 !

<<<----  [OUT]
2020/11/04 14:29:55:886

Connecting Started...

<<<----  [OUT]
2020/11/04 14:29:57:922

I can't connect with the passive [192.168.100.113/5000] error_code:10061 !

<<<----  [OUT]
2020/11/04 14:30:00:401

Connecting Started...

<<<----  [OUT]
2020/11/04 14:30:02:430

I can't connect with the passive [192.168.100.113/5000] error_code:10061 !

<<<----  [OUT]
2020/11/04 14:30:04:918

Connecting Started...

<<<----  [OUT]
2020/11/04 14:30:06:959

I can't connect with the passive [192.168.100.113/5000] error_code:10061 !

<<<----  [OUT]
2020/11/04 14:30:09:449

Connecting Started...

<<<----  [OUT]
2020/11/04 14:30:11:500

I can't connect with the passive [192.168.100.113/5000] error_code:10061 !

<<<----  [OUT]
2020/11/04 14:30:13:979

Connecting Started...

<<<----  [OUT]
2020/11/04 14:30:16:020

I can't connect with the passive [192.168.100.113/5000] error_code:10061 !

<<<----  [OUT]
2020/11/04 14:30:18:511

Connecting Started...

<<<----  [OUT]
2020/11/04 14:30:20:550

I can't connect with the passive [192.168.100.113/5000] error_code:10061 !

<<<----  [OUT]
2020/11/04 14:30:23:027

Connecting Started...

<<<----  [OUT]
2020/11/04 14:30:25:061

I can't connect with the passive [192.168.100.113/5000] error_code:10061 !

<<<----  [OUT]
2020/11/04 14:30:27:543

Connecting Started...

<<<----  [OUT]
2020/11/04 14:30:29:586

I can't connect with the passive [192.168.100.113/5000] error_code:10061 !

<<<----  [OUT]
2020/11/04 14:30:32:073

Connecting Started...

<<<----  [OUT]
2020/11/04 14:30:34:105

I can't connect with the passive [192.168.100.113/5000] error_code:10061 !

<<<----  [OUT]
2020/11/04 14:30:36:588

Connecting Started...

<<<----  [OUT]
2020/11/04 14:30:38:628

I can't connect with the passive [192.168.100.113/5000] error_code:10061 !

<<<----  [OUT]
2020/11/04 14:30:41:105

Connecting Started...

<<<----  [OUT]
2020/11/04 14:30:43:151

I can't connect with the passive [192.168.100.113/5000] error_code:10061 !

<<<----  [OUT]
2020/11/04 14:30:45:636

Connecting Started...

<<<----  [OUT]
2020/11/04 14:30:47:681

I can't connect with the passive [192.168.100.113/5000] error_code:10061 !

<<<----  [OUT]
2020/11/04 14:30:50:167

Connecting Started...

<<<----  [OUT]
2020/11/04 14:30:52:199

I can't connect with the passive [192.168.100.113/5000] error_code:10061 !

<<<----  [OUT]
2020/11/04 14:30:54:682

Connecting Started...

<<<----  [OUT]
2020/11/04 14:30:56:718

I can't connect with the passive [192.168.100.113/5000] error_code:10061 !

<<<----  [OUT]
2020/11/04 14:30:59:198

Connecting Started...

<<<----  [OUT]
2020/11/04 14:31:01:231

I can't connect with the passive [192.168.100.113/5000] error_code:10061 !

<<<----  [OUT]
2020/11/04 14:31:03:715

Connecting Started...

<<<----  [OUT]
2020/11/04 14:31:05:757

I can't connect with the passive [192.168.100.113/5000] error_code:10061 !

<<<----  [OUT]
2020/11/04 14:31:08:245

Connecting Started...

<<<----  [OUT]
2020/11/04 14:31:10:295

I can't connect with the passive [192.168.100.113/5000] error_code:10061 !

<<<----  [OUT]
2020/11/04 14:31:12:776

Connecting Started...

<<<----  [OUT]
2020/11/04 14:31:14:824

I can't connect with the passive [192.168.100.113/5000] error_code:10061 !

<<<----  [OUT]
2020/11/04 14:31:17:308

Connecting Started...

<<<----  [OUT]
2020/11/04 14:31:19:351

I can't connect with the passive [192.168.100.113/5000] error_code:10061 !

<<<----  [OUT]
2020/11/04 14:31:21:839

Connecting Started...

<<<----  [OUT]
2020/11/04 14:31:23:876

I can't connect with the passive [192.168.100.113/5000] error_code:10061 !

<<<----  [OUT]
2020/11/04 14:31:26:355

Connecting Started...

<<<----  [OUT]
2020/11/04 14:31:28:393

I can't connect with the passive [192.168.100.113/5000] error_code:10061 !

<<<----  [OUT]
2020/11/04 14:31:30:871

Connecting Started...

<<<----  [OUT]
2020/11/04 14:31:32:919

I can't connect with the passive [192.168.100.113/5000] error_code:10061 !

<<<----  [OUT]
2020/11/04 14:31:35:401

Connecting Started...

<<<----  [OUT]
2020/11/04 14:31:37:428

I can't connect with the passive [192.168.100.113/5000] error_code:10061 !

<<<----  [OUT]
2020/11/04 14:31:39:917

Connecting Started...

<<<----  [OUT]
2020/11/04 14:31:41:956

I can't connect with the passive [192.168.100.113/5000] error_code:10061 !

<<<----  [OUT]
2020/11/04 14:31:44:432

Connecting Started...

<<<----  [OUT]
2020/11/04 14:31:46:482

I can't connect with the passive [192.168.100.113/5000] error_code:10061 !

<<<----  [OUT]
2020/11/04 14:31:48:964

Connecting Started...

<<<----  [OUT]
2020/11/04 14:31:51:006

I can't connect with the passive [192.168.100.113/5000] error_code:10061 !

<<<----  [OUT]
2020/11/04 14:31:53:495

Connecting Started...

<<<----  [OUT]
2020/11/04 14:31:55:540

I can't connect with the passive [192.168.100.113/5000] error_code:10061 !

<<<----  [OUT]
2020/11/04 14:31:58:026

Connecting Started...

<<<----  [OUT]
2020/11/04 14:32:00:069

I can't connect with the passive [192.168.100.113/5000] error_code:10061 !

<<<----  [OUT]
2020/11/04 14:32:02:559

Connecting Started...

<<<----  [OUT]
2020/11/04 14:32:04:593

I can't connect with the passive [192.168.100.113/5000] error_code:10061 !

<<<----  [OUT]
2020/11/04 14:32:07:073

Connecting Started...

<<<----  [OUT]
2020/11/04 14:32:09:105

I can't connect with the passive [192.168.100.113/5000] error_code:10061 !

<<<----  [OUT]
2020/11/04 14:32:11:589

Connecting Started...

<<<----  [OUT]
2020/11/04 14:32:13:620

I can't connect with the passive [192.168.100.113/5000] error_code:10061 !

<<<----  [OUT]
2020/11/04 14:32:16:105

Connecting Started...

<<<----  [OUT]
2020/11/04 14:32:18:143

I can't connect with the passive [192.168.100.113/5000] error_code:10061 !

<<<----  [OUT]
2020/11/04 14:32:20:620

Connecting Started...

<<<----  [OUT]
2020/11/04 14:32:22:663

I can't connect with the passive [192.168.100.113/5000] error_code:10061 !

<<<----  [OUT]
2020/11/04 14:32:25:151

Connecting Started...

<<<----  [OUT]
2020/11/04 14:32:27:196

I can't connect with the passive [192.168.100.113/5000] error_code:10061 !

<<<----  [OUT]
2020/11/04 14:32:29:683

Connecting Started...

<<<----  [OUT]
2020/11/04 14:32:31:719

I can't connect with the passive [192.168.100.113/5000] error_code:10061 !

<<<----  [OUT]
2020/11/04 14:32:34:199

Connecting Started...

<<<----  [OUT]
2020/11/04 14:32:36:237

I can't connect with the passive [192.168.100.113/5000] error_code:10061 !

<<<----  [OUT]
2020/11/04 14:32:38:714

Connecting Started...

<<<----  [OUT]
2020/11/04 14:32:40:733

I can't connect with the passive [192.168.100.113/5000] error_code:10061 !

<<<----  [OUT]
2020/11/04 14:32:43:215

Connecting Started...

<<<----  [OUT]
2020/11/04 14:32:45:262

I can't connect with the passive [192.168.100.113/5000] error_code:10061 !

<<<----  [OUT]
2020/11/04 14:32:47:746

Connecting Started...

<<<----  [OUT]
2020/11/04 14:32:49:795

I can't connect with the passive [192.168.100.113/5000] error_code:10061 !

<<<----  [OUT]
2020/11/04 14:32:52:276

Connecting Started...

<<<----  [OUT]
2020/11/04 14:32:54:310

I can't connect with the passive [192.168.100.113/5000] error_code:10061 !

<<<----  [OUT]
2020/11/04 14:32:56:792

Connecting Started...

<<<----  [OUT]
2020/11/04 14:32:58:841

I can't connect with the passive [192.168.100.113/5000] error_code:10061 !

<<<----  [OUT]
2020/11/04 14:33:01:324

Connecting Started...

<<<----  [OUT]
2020/11/04 14:33:03:358

I can't connect with the passive [192.168.100.113/5000] error_code:10061 !

<<<----  [OUT]
2020/11/04 14:33:05:839

Connecting Started...

<<<----  [OUT]
2020/11/04 14:33:07:884

I can't connect with the passive [192.168.100.113/5000] error_code:10061 !

<<<----  [OUT]
2020/11/04 14:33:10:370

Connecting Started...

<<<----  [OUT]
2020/11/04 14:33:12:391

I can't connect with the passive [192.168.100.113/5000] error_code:10061 !

<<<----  [OUT]
2020/11/04 14:33:14:871

Connecting Started...

<<<----  [OUT]
2020/11/04 14:33:16:914

I can't connect with the passive [192.168.100.113/5000] error_code:10061 !

<<<----  [OUT]
2020/11/04 14:33:19:401

Connecting Started...

<<<----  [OUT]
2020/11/04 14:33:21:444

I can't connect with the passive [192.168.100.113/5000] error_code:10061 !

<<<----  [OUT]
2020/11/04 14:33:23:933

Connecting Started...

<<<----  [OUT]
2020/11/04 14:33:25:973

I can't connect with the passive [192.168.100.113/5000] error_code:10061 !

<<<----  [OUT]
2020/11/04 14:33:28:465

Connecting Started...

<<<----  [OUT]
2020/11/04 14:33:30:483

I can't connect with the passive [192.168.100.113/5000] error_code:10061 !

<<<----  [OUT]
2020/11/04 14:33:32:965

Connecting Started...

<<<----  [OUT]
2020/11/04 14:33:35:007

I can't connect with the passive [192.168.100.113/5000] error_code:10061 !

<<<----  [OUT]
2020/11/04 14:33:37:496

Connecting Started...

<<<----  [OUT]
2020/11/04 14:33:39:551

I can't connect with the passive [192.168.100.113/5000] error_code:10061 !

<<<----  [OUT]
2020/11/04 14:33:42:043

Connecting Started...

<<<----  [OUT]
2020/11/04 14:33:44:093

I can't connect with the passive [192.168.100.113/5000] error_code:10061 !

<<<----  [OUT]
2020/11/04 14:33:46:574

Connecting Started...

<<<----  [OUT]
2020/11/04 14:33:48:613

I can't connect with the passive [192.168.100.113/5000] error_code:10061 !

<<<----  [OUT]
2020/11/04 14:33:51:106

Connecting Started...

<<<----  [OUT]
2020/11/04 14:33:53:151

I can't connect with the passive [192.168.100.113/5000] error_code:10061 !

<<<----  [OUT]
2020/11/04 14:33:55:635

Connecting Started...

<<<----  [OUT]
2020/11/04 14:33:57:676

I can't connect with the passive [192.168.100.113/5000] error_code:10061 !

<<<----  [OUT]
2020/11/04 14:34:00:168

Connecting Started...

<<<----  [OUT]
2020/11/04 14:34:02:214

I can't connect with the passive [192.168.100.113/5000] error_code:10061 !

<<<----  [OUT]
2020/11/04 14:34:04:698

Connecting Started...

<<<----  [OUT]
2020/11/04 14:34:06:740

I can't connect with the passive [192.168.100.113/5000] error_code:10061 !

<<<----  [OUT]
2020/11/04 14:34:09:230

Connecting Started...

<<<----  [OUT]
2020/11/04 14:34:11:283

I can't connect with the passive [192.168.100.113/5000] error_code:10061 !

<<<----  [OUT]
2020/11/04 14:34:13:761

Connecting Started...

<<<----  [OUT]
2020/11/04 14:34:15:806

I can't connect with the passive [192.168.100.113/5000] error_code:10061 !

<<<----  [OUT]
2020/11/04 14:34:18:292

Connecting Started...

<<<----  [OUT]
2020/11/04 14:34:20:348

I can't connect with the passive [192.168.100.113/5000] error_code:10061 !

<<<----  [OUT]
2020/11/04 14:34:22:839

Connecting Started...

<<<----  [OUT]
2020/11/04 14:34:24:883

I can't connect with the passive [192.168.100.113/5000] error_code:10061 !

<<<----  [OUT]
2020/11/04 14:34:27:371

Connecting Started...

<<<----  [OUT]
2020/11/04 14:34:29:416

I can't connect with the passive [192.168.100.113/5000] error_code:10061 !

<<<----  [OUT]
2020/11/04 14:34:31:901

Connecting Started...

<<<----  [OUT]
2020/11/04 14:34:33:938

I can't connect with the passive [192.168.100.113/5000] error_code:10061 !

<<<----  [OUT]
2020/11/04 14:34:36:416

Connecting Started...

<<<----  [OUT]
2020/11/04 14:34:38:463

I can't connect with the passive [192.168.100.113/5000] error_code:10061 !

<<<----  [OUT]
2020/11/04 14:34:40:949

Connecting Started...

<<<----  [OUT]
2020/11/04 14:34:42:998

I can't connect with the passive [192.168.100.113/5000] error_code:10061 !

<<<----  [OUT]
2020/11/04 14:34:45:480

Connecting Started...

<<<----  [OUT]
2020/11/04 14:34:47:519

I can't connect with the passive [192.168.100.113/5000] error_code:10061 !

<<<----  [OUT]
2020/11/04 14:34:49:995

Connecting Started...

<<<----  [OUT]
2020/11/04 14:34:52:045

I can't connect with the passive [192.168.100.113/5000] error_code:10061 !

<<<----  [OUT]
2020/11/04 14:34:54:526

Connecting Started...

<<<----  [OUT]
2020/11/04 14:34:56:585

I can't connect with the passive [192.168.100.113/5000] error_code:10061 !

<<<----  [OUT]
2020/11/04 14:34:59:073

Connecting Started...

<<<----  [OUT]
2020/11/04 14:35:01:104

I can't connect with the passive [192.168.100.113/5000] error_code:10061 !

<<<----  [OUT]
2020/11/04 14:35:03:590

Connecting Started...

<<<----  [OUT]
2020/11/04 14:35:05:634

I can't connect with the passive [192.168.100.113/5000] error_code:10061 !

<<<----  [OUT]
2020/11/04 14:35:08:120

Connecting Started...

<<<----  [OUT]
2020/11/04 14:35:10:153

I can't connect with the passive [192.168.100.113/5000] error_code:10061 !

<<<----  [OUT]
2020/11/04 14:35:12:635

Connecting Started...

<<<----  [OUT]
2020/11/04 14:35:14:685

I can't connect with the passive [192.168.100.113/5000] error_code:10061 !

<<<----  [OUT]
2020/11/04 14:35:17:166

Connecting Started...

<<<----  [OUT]
2020/11/04 14:35:19:216

I can't connect with the passive [192.168.100.113/5000] error_code:10061 !

<<<----  [OUT]
2020/11/04 14:35:21:699

Connecting Started...

<<<----  [OUT]
2020/11/04 14:35:23:749

I can't connect with the passive [192.168.100.113/5000] error_code:10061 !

<<<----  [OUT]
2020/11/04 14:35:26:229

Connecting Started...

<<<----  [OUT]
2020/11/04 14:35:28:278

I can't connect with the passive [192.168.100.113/5000] error_code:10061 !

<<<----  [OUT]
2020/11/04 14:35:30:760

Connecting Started...

<<<----  [OUT]
2020/11/04 14:35:32:809

I can't connect with the passive [192.168.100.113/5000] error_code:10061 !

<<<----  [OUT]
2020/11/04 14:35:35:292

Connecting Started...

<<<----  [OUT]
2020/11/04 14:35:37:328

I can't connect with the passive [192.168.100.113/5000] error_code:10061 !

<<<----  [OUT]
2020/11/04 14:35:39:809

Connecting Started...

<<<----  [OUT]
2020/11/04 14:35:41:853

I can't connect with the passive [192.168.100.113/5000] error_code:10061 !

<<<----  [OUT]
2020/11/04 14:35:44:339

Connecting Started...

<<<----  [OUT]
2020/11/04 14:35:46:391

I can't connect with the passive [192.168.100.113/5000] error_code:10061 !

<<<----  [OUT]
2020/11/04 14:35:48:870

Connecting Started...

<<<----  [OUT]
2020/11/04 14:35:50:906

I can't connect with the passive [192.168.100.113/5000] error_code:10061 !

<<<----  [OUT]
2020/11/04 14:35:53:386

Connecting Started...

<<<----  [OUT]
2020/11/04 14:35:55:408

I can't connect with the passive [192.168.100.113/5000] error_code:10061 !

<<<----  [OUT]
2020/11/04 14:35:57:885

Connecting Started...

<<<----  [OUT]
2020/11/04 14:35:59:919

I can't connect with the passive [192.168.100.113/5000] error_code:10061 !

<<<----  [OUT]
2020/11/04 14:36:02:401

Connecting Started...

<<<----  [OUT]
2020/11/04 14:36:04:460

I can't connect with the passive [192.168.100.113/5000] error_code:10061 !

<<<----  [OUT]
2020/11/04 14:36:06:949

Connecting Started...

<<<----  [OUT]
2020/11/04 14:36:08:980

I can't connect with the passive [192.168.100.113/5000] error_code:10061 !

<<<----  [OUT]
2020/11/04 14:36:11:464

Connecting Started...

<<<----  [OUT]
2020/11/04 14:36:13:517

I can't connect with the passive [192.168.100.113/5000] error_code:10061 !

<<<----  [OUT]
2020/11/04 14:36:15:996

Connecting Started...

<<<----  [OUT]
2020/11/04 14:36:18:039

I can't connect with the passive [192.168.100.113/5000] error_code:10061 !

<<<----  [OUT]
2020/11/04 14:36:20:526

Connecting Started...

<<<----  [OUT]
2020/11/04 14:36:22:573

I can't connect with the passive [192.168.100.113/5000] error_code:10061 !

<<<----  [OUT]
2020/11/04 14:36:25:057

Connecting Started...

<<<----  [OUT]
2020/11/04 14:36:27:108

I can't connect with the passive [192.168.100.113/5000] error_code:10061 !

<<<----  [OUT]
2020/11/04 14:36:29:590

Connecting Started...

<<<----  [OUT]
2020/11/04 14:36:31:626

I can't connect with the passive [192.168.100.113/5000] error_code:10061 !

<<<----  [OUT]
2020/11/04 14:36:34:106

Connecting Started...

<<<----  [OUT]
2020/11/04 14:36:36:150

I can't connect with the passive [192.168.100.113/5000] error_code:10061 !

<<<----  [OUT]
2020/11/04 14:36:38:637

Connecting Started...

<<<----  [OUT]
2020/11/04 14:36:40:687

I can't connect with the passive [192.168.100.113/5000] error_code:10061 !

<<<----  [OUT]
2020/11/04 14:36:43:168

Connecting Started...

<<<----  [OUT]
2020/11/04 14:36:45:204

I can't connect with the passive [192.168.100.113/5000] error_code:10061 !

<<<----  [OUT]
2020/11/04 14:36:47:683

Connecting Started...

<<<----  [OUT]
2020/11/04 14:36:49:740

I can't connect with the passive [192.168.100.113/5000] error_code:10061 !

<<<----  [OUT]
2020/11/04 14:36:52:230

Connecting Started...

<<<----  [OUT]
2020/11/04 14:36:54:270

I can't connect with the passive [192.168.100.113/5000] error_code:10061 !

<<<----  [OUT]
2020/11/04 14:36:56:760

Connecting Started...

<<<----  [OUT]
2020/11/04 14:36:58:787

I can't connect with the passive [192.168.100.113/5000] error_code:10061 !

<<<----  [OUT]
2020/11/04 14:37:01:276

Connecting Started...

<<<----  [OUT]
2020/11/04 14:37:03:316

I can't connect with the passive [192.168.100.113/5000] error_code:10061 !

<<<----  [OUT]
2020/11/04 14:37:05:793

Connecting Started...

<<<----  [OUT]
2020/11/04 14:37:07:839

I can't connect with the passive [192.168.100.113/5000] error_code:10061 !

<<<----  [OUT]
2020/11/04 14:37:10:324

Connecting Started...

<<<----  [OUT]
2020/11/04 14:37:12:363

I can't connect with the passive [192.168.100.113/5000] error_code:10061 !

<<<----  [OUT]
2020/11/04 14:37:14:854

Connecting Started...

<<<----  [OUT]
2020/11/04 14:37:16:890

I can't connect with the passive [192.168.100.113/5000] error_code:10061 !

<<<----  [OUT]
2020/11/04 14:37:19:370

Connecting Started...

<<<----  [OUT]
2020/11/04 14:37:21:419

I can't connect with the passive [192.168.100.113/5000] error_code:10061 !

<<<----  [OUT]
2020/11/04 14:37:23:903

Connecting Started...

<<<----  [OUT]
2020/11/04 14:37:25:947

I can't connect with the passive [192.168.100.113/5000] error_code:10061 !

<<<----  [OUT]
2020/11/04 14:37:28:433

Connecting Started...

<<<----  [OUT]
2020/11/04 14:37:30:462

I can't connect with the passive [192.168.100.113/5000] error_code:10061 !

<<<----  [OUT]
2020/11/04 14:37:32:949

Connecting Started...

<<<----  [OUT]
2020/11/04 14:37:34:991

I can't connect with the passive [192.168.100.113/5000] error_code:10061 !

<<<----  [OUT]
2020/11/04 14:37:37:480

Connecting Started...

<<<----  [OUT]
2020/11/04 14:37:39:517

I can't connect with the passive [192.168.100.113/5000] error_code:10061 !

<<<----  [OUT]
2020/11/04 14:37:41:995

Connecting Started...

<<<----  [OUT]
2020/11/04 14:37:44:039

I can't connect with the passive [192.168.100.113/5000] error_code:10061 !

<<<----  [OUT]
2020/11/04 14:37:46:526

Connecting Started...

<<<----  [OUT]
2020/11/04 14:37:48:574

I can't connect with the passive [192.168.100.113/5000] error_code:10061 !

<<<----  [OUT]
2020/11/04 14:37:51:058

Connecting Started...

<<<----  [OUT]
2020/11/04 14:37:53:103

I can't connect with the passive [192.168.100.113/5000] error_code:10061 !

<<<----  [OUT]
2020/11/04 14:37:55:589

Connecting Started...

<<<----  [OUT]
2020/11/04 14:37:57:631

I can't connect with the passive [192.168.100.113/5000] error_code:10061 !

<<<----  [OUT]
2020/11/04 14:38:00:121

Connecting Started...

<<<----  [OUT]
2020/11/04 14:38:02:168

I can't connect with the passive [192.168.100.113/5000] error_code:10061 !

<<<----  [OUT]
2020/11/04 14:38:04:652

Connecting Started...

<<<----  [OUT]
2020/11/04 14:38:06:696

I can't connect with the passive [192.168.100.113/5000] error_code:10061 !

<<<----  [OUT]
2020/11/04 14:38:09:184

Connecting Started...

<<<----  [OUT]
2020/11/04 14:38:11:222

I can't connect with the passive [192.168.100.113/5000] error_code:10061 !

<<<----  [OUT]
2020/11/04 14:38:13:697

Connecting Started...

<<<----  [OUT]
2020/11/04 14:38:15:744

I can't connect with the passive [192.168.100.113/5000] error_code:10061 !

<<<----  [OUT]
2020/11/04 14:38:18:230

Connecting Started...

<<<----  [OUT]
2020/11/04 14:38:20:271

I can't connect with the passive [192.168.100.113/5000] error_code:10061 !

<<<----  [OUT]
2020/11/04 14:38:22:760

Connecting Started...

<<<----  [OUT]
2020/11/04 14:38:24:803

I can't connect with the passive [192.168.100.113/5000] error_code:10061 !

<<<----  [OUT]
2020/11/04 14:38:27:293

Connecting Started...

<<<----  [OUT]
2020/11/04 14:38:29:324

I can't connect with the passive [192.168.100.113/5000] error_code:10061 !

<<<----  [OUT]
2020/11/04 14:38:31:807

Connecting Started...

<<<----  [OUT]
2020/11/04 14:38:33:860

I can't connect with the passive [192.168.100.113/5000] error_code:10061 !

<<<----  [OUT]
2020/11/04 14:38:36:339

Connecting Started...

<<<----  [OUT]
2020/11/04 14:38:38:393

I can't connect with the passive [192.168.100.113/5000] error_code:10061 !

<<<----  [OUT]
2020/11/04 14:38:40:870

Connecting Started...

<<<----  [OUT]
2020/11/04 14:38:42:923

I can't connect with the passive [192.168.100.113/5000] error_code:10061 !

<<<----  [OUT]
2020/11/04 14:38:45:401

Connecting Started...

<<<----  [OUT]
2020/11/04 14:38:47:445

I can't connect with the passive [192.168.100.113/5000] error_code:10061 !

<<<----  [OUT]
2020/11/04 14:38:49:934

Connecting Started...

<<<----  [OUT]
2020/11/04 14:38:51:987

I can't connect with the passive [192.168.100.113/5000] error_code:10061 !

<<<----  [OUT]
2020/11/04 14:38:54:464

Connecting Started...

<<<----  [OUT]
2020/11/04 14:38:56:512

I can't connect with the passive [192.168.100.113/5000] error_code:10061 !

<<<----  [OUT]
2020/11/04 14:38:58:994

Connecting Started...

<<<----  [OUT]
2020/11/04 14:39:01:048

I can't connect with the passive [192.168.100.113/5000] error_code:10061 !

<<<----  [OUT]
2020/11/04 14:39:03:527

Connecting Started...

<<<----  [OUT]
2020/11/04 14:39:05:580

I can't connect with the passive [192.168.100.113/5000] error_code:10061 !

<<<----  [OUT]
2020/11/04 14:39:08:058

Connecting Started...

<<<----  [OUT]
2020/11/04 14:39:10:097

I can't connect with the passive [192.168.100.113/5000] error_code:10061 !

<<<----  [OUT]
2020/11/04 14:39:12:573

Connecting Started...

<<<----  [OUT]
2020/11/04 14:39:14:622

I can't connect with the passive [192.168.100.113/5000] error_code:10061 !

<<<----  [OUT]
2020/11/04 14:39:17:105

Connecting Started...

<<<----  [OUT]
2020/11/04 14:39:19:138

I can't connect with the passive [192.168.100.113/5000] error_code:10061 !

<<<----  [OUT]
2020/11/04 14:39:21:620

Connecting Started...

<<<----  [OUT]
2020/11/04 14:39:23:657

I can't connect with the passive [192.168.100.113/5000] error_code:10061 !

<<<----  [OUT]
2020/11/04 14:39:26:137

Connecting Started...

<<<----  [OUT]
2020/11/04 14:39:28:185

I can't connect with the passive [192.168.100.113/5000] error_code:10061 !

<<<----  [OUT]
2020/11/04 14:39:30:668

Connecting Started...

<<<----  [OUT]
2020/11/04 14:39:32:710

I can't connect with the passive [192.168.100.113/5000] error_code:10061 !

<<<----  [OUT]
2020/11/04 14:39:35:199

Connecting Started...

<<<----  [OUT]
2020/11/04 14:39:37:241

I can't connect with the passive [192.168.100.113/5000] error_code:10061 !

<<<----  [OUT]
2020/11/04 14:39:39:729

Connecting Started...

<<<----  [OUT]
2020/11/04 14:39:41:790

I can't connect with the passive [192.168.100.113/5000] error_code:10061 !

<<<----  [OUT]
2020/11/04 14:39:44:277

Connecting Started...

<<<----  [OUT]
2020/11/04 14:39:46:312

I can't connect with the passive [192.168.100.113/5000] error_code:10061 !

<<<----  [OUT]
2020/11/04 14:39:48:791

Connecting Started...

<<<----  [OUT]
2020/11/04 14:39:50:836

I can't connect with the passive [192.168.100.113/5000] error_code:10061 !

<<<----  [OUT]
2020/11/04 14:39:53:323

Connecting Started...

<<<----  [OUT]
2020/11/04 14:39:55:371

I can't connect with the passive [192.168.100.113/5000] error_code:10061 !

<<<----  [OUT]
2020/11/04 14:39:57:855

Connecting Started...

<<<----  [OUT]
2020/11/04 14:39:59:896

I can't connect with the passive [192.168.100.113/5000] error_code:10061 !

<<<----  [OUT]
2020/11/04 14:40:02:386

Connecting Started...

<<<----  [OUT]
2020/11/04 14:40:04:425

I can't connect with the passive [192.168.100.113/5000] error_code:10061 !

<<<----  [OUT]
2020/11/04 14:40:06:902

Connecting Started...

<<<----  [OUT]
2020/11/04 14:40:08:937

I can't connect with the passive [192.168.100.113/5000] error_code:10061 !

<<<----  [OUT]
2020/11/04 14:40:11:418

Connecting Started...

<<<----  [OUT]
2020/11/04 14:40:13:467

I can't connect with the passive [192.168.100.113/5000] error_code:10061 !

<<<----  [OUT]
2020/11/04 14:40:15:949

Connecting Started...

<<<----  [OUT]
2020/11/04 14:40:17:994

I can't connect with the passive [192.168.100.113/5000] error_code:10061 !

<<<----  [OUT]
2020/11/04 14:40:20:480

Connecting Started...

<<<----  [OUT]
2020/11/04 14:40:22:511

I can't connect with the passive [192.168.100.113/5000] error_code:10061 !

<<<----  [OUT]
2020/11/04 14:40:24:995

Connecting Started...

<<<----  [OUT]
2020/11/04 14:40:27:027

I can't connect with the passive [192.168.100.113/5000] error_code:10061 !

<<<----  [OUT]
2020/11/04 14:40:29:510

Connecting Started...

<<<----  [OUT]
2020/11/04 14:40:31:554

I can't connect with the passive [192.168.100.113/5000] error_code:10061 !

<<<----  [OUT]
2020/11/04 14:40:34:042

Connecting Started...

<<<----  [OUT]
2020/11/04 14:40:36:081

I can't connect with the passive [192.168.100.113/5000] error_code:10061 !

<<<----  [OUT]
2020/11/04 14:40:38:557

Connecting Started...

<<<----  [OUT]
2020/11/04 14:40:40:605

I can't connect with the passive [192.168.100.113/5000] error_code:10061 !

<<<----  [OUT]
2020/11/04 14:40:43:088

Connecting Started...

<<<----  [OUT]
2020/11/04 14:40:45:135

I can't connect with the passive [192.168.100.113/5000] error_code:10061 !

<<<----  [OUT]
2020/11/04 14:40:47:620

Connecting Started...

<<<----  [OUT]
2020/11/04 14:40:49:662

I can't connect with the passive [192.168.100.113/5000] error_code:10061 !

<<<----  [OUT]
2020/11/04 14:40:52:151

Connecting Started...

<<<----  [OUT]
2020/11/04 14:40:54:201

I can't connect with the passive [192.168.100.113/5000] error_code:10061 !

<<<----  [OUT]
2020/11/04 14:40:56:683

Connecting Started...

<<<----  [OUT]
2020/11/04 14:40:58:709

I can't connect with the passive [192.168.100.113/5000] error_code:10061 !

<<<----  [OUT]
2020/11/04 14:41:01:199

Connecting Started...

<<<----  [OUT]
2020/11/04 14:41:03:224

I can't connect with the passive [192.168.100.113/5000] error_code:10061 !

<<<----  [OUT]
2020/11/04 14:41:05:715

Connecting Started...

<<<----  [OUT]
2020/11/04 14:41:07:764

I can't connect with the passive [192.168.100.113/5000] error_code:10061 !

<<<----  [OUT]
2020/11/04 14:41:10:246

Connecting Started...

<<<----  [OUT]
2020/11/04 14:41:12:277

I can't connect with the passive [192.168.100.113/5000] error_code:10061 !

<<<----  [OUT]
2020/11/04 14:41:14:761

Connecting Started...

<<<----  [OUT]
2020/11/04 14:41:16:806

I can't connect with the passive [192.168.100.113/5000] error_code:10061 !

<<<----  [OUT]
2020/11/04 14:41:19:291

Connecting Started...

<<<----  [OUT]
2020/11/04 14:41:21:347

I can't connect with the passive [192.168.100.113/5000] error_code:10061 !

<<<----  [OUT]
2020/11/04 14:41:23:824

Connecting Started...

<<<----  [OUT]
2020/11/04 14:41:25:865

I can't connect with the passive [192.168.100.113/5000] error_code:10061 !

<<<----  [OUT]
2020/11/04 14:41:28:354

Connecting Started...

<<<----  [OUT]
2020/11/04 14:41:30:403

I can't connect with the passive [192.168.100.113/5000] error_code:10061 !

<<<----  [OUT]
2020/11/04 14:41:32:885

Connecting Started...

<<<----  [OUT]
2020/11/04 14:41:34:934

I can't connect with the passive [192.168.100.113/5000] error_code:10061 !

<<<----  [OUT]
2020/11/04 14:41:37:417

Connecting Started...

<<<----  [OUT]
2020/11/04 14:41:39:464

I can't connect with the passive [192.168.100.113/5000] error_code:10061 !

<<<----  [OUT]
2020/11/04 14:41:41:948

Connecting Started...

<<<----  [OUT]
2020/11/04 14:41:43:989

I can't connect with the passive [192.168.100.113/5000] error_code:10061 !

<<<----  [OUT]
2020/11/04 14:41:46:481

Connecting Started...

<<<----  [OUT]
2020/11/04 14:41:48:516

I can't connect with the passive [192.168.100.113/5000] error_code:10061 !

<<<----  [OUT]
2020/11/04 14:41:50:996

Connecting Started...

<<<----  [OUT]
2020/11/04 14:41:53:040

I can't connect with the passive [192.168.100.113/5000] error_code:10061 !

<<<----  [OUT]
2020/11/04 14:41:55:527

Connecting Started...

<<<----  [OUT]
2020/11/04 14:41:57:556

I can't connect with the passive [192.168.100.113/5000] error_code:10061 !

<<<----  [OUT]
2020/11/04 14:42:00:042

Connecting Started...

<<<----  [OUT]
2020/11/04 14:42:02:068

I can't connect with the passive [192.168.100.113/5000] error_code:10061 !

<<<----  [OUT]
2020/11/04 14:42:04:558

Connecting Started...

<<<----  [OUT]
2020/11/04 14:42:06:603

I can't connect with the passive [192.168.100.113/5000] error_code:10061 !

<<<----  [OUT]
2020/11/04 14:42:09:089

Connecting Started...

<<<----  [OUT]
2020/11/04 14:42:11:139

I can't connect with the passive [192.168.100.113/5000] error_code:10061 !

<<<----  [OUT]
2020/11/04 14:42:13:621

Connecting Started...

<<<----  [OUT]
2020/11/04 14:42:15:667

I can't connect with the passive [192.168.100.113/5000] error_code:10061 !

<<<----  [OUT]
2020/11/04 14:42:18:151

Connecting Started...

<<<----  [OUT]
2020/11/04 14:42:20:176

I can't connect with the passive [192.168.100.113/5000] error_code:10061 !

<<<----  [OUT]
2020/11/04 14:42:22:667

Connecting Started...

<<<----  [OUT]
2020/11/04 14:42:24:722

I can't connect with the passive [192.168.100.113/5000] error_code:10061 !

<<<----  [OUT]
2020/11/04 14:42:27:215

Connecting Started...

<<<----  [OUT]
2020/11/04 14:42:29:248

I can't connect with the passive [192.168.100.113/5000] error_code:10061 !

<<<----  [OUT]
2020/11/04 14:42:31:731

Connecting Started...

<<<----  [OUT]
2020/11/04 14:42:33:776

I can't connect with the passive [192.168.100.113/5000] error_code:10061 !

<<<----  [OUT]
2020/11/04 14:42:36:261

Connecting Started...

<<<----  [OUT]
2020/11/04 14:42:38:307

I can't connect with the passive [192.168.100.113/5000] error_code:10061 !

<<<----  [OUT]
2020/11/04 14:42:40:791

Connecting Started...

<<<----  [OUT]
2020/11/04 14:42:42:820

I can't connect with the passive [192.168.100.113/5000] error_code:10061 !

<<<----  [OUT]
2020/11/04 14:42:45:307

Connecting Started...

<<<----  [OUT]
2020/11/04 14:42:47:341

I can't connect with the passive [192.168.100.113/5000] error_code:10061 !

<<<----  [OUT]
2020/11/04 14:42:49:823

Connecting Started...

<<<----  [OUT]
2020/11/04 14:42:51:860

I can't connect with the passive [192.168.100.113/5000] error_code:10061 !

<<<----  [OUT]
2020/11/04 14:42:54:338

Connecting Started...

<<<----  [OUT]
2020/11/04 14:42:56:365

I can't connect with the passive [192.168.100.113/5000] error_code:10061 !

<<<----  [OUT]
2020/11/04 14:42:58:854

Connecting Started...

<<<----  [OUT]
2020/11/04 14:43:00:892

I can't connect with the passive [192.168.100.113/5000] error_code:10061 !

<<<----  [OUT]
2020/11/04 14:43:03:371

Connecting Started...

<<<----  [OUT]
2020/11/04 14:43:05:414

I can't connect with the passive [192.168.100.113/5000] error_code:10061 !

<<<----  [OUT]
2020/11/04 14:43:07:902

Connecting Started...

<<<----  [OUT]
2020/11/04 14:43:09:948

I can't connect with the passive [192.168.100.113/5000] error_code:10061 !

<<<----  [OUT]
2020/11/04 14:43:12:433

Connecting Started...

<<<----  [OUT]
2020/11/04 14:43:14:476

I can't connect with the passive [192.168.100.113/5000] error_code:10061 !

<<<----  [OUT]
2020/11/04 14:43:16:965

Connecting Started...

<<<----  [OUT]
2020/11/04 14:43:19:002

I can't connect with the passive [192.168.100.113/5000] error_code:10061 !

<<<----  [OUT]
2020/11/04 14:43:21:481

Connecting Started...

<<<----  [OUT]
2020/11/04 14:43:23:512

I can't connect with the passive [192.168.100.113/5000] error_code:10061 !

<<<----  [OUT]
2020/11/04 14:43:25:996

Connecting Started...

<<<----  [OUT]
2020/11/04 14:43:28:035

I can't connect with the passive [192.168.100.113/5000] error_code:10061 !

<<<----  [OUT]
2020/11/04 14:43:30:527

Connecting Started...

<<<----  [OUT]
2020/11/04 14:43:32:571

I can't connect with the passive [192.168.100.113/5000] error_code:10061 !

<<<----  [OUT]
2020/11/04 14:43:35:058

Connecting Started...

<<<----  [OUT]
2020/11/04 14:43:37:092

I can't connect with the passive [192.168.100.113/5000] error_code:10061 !

<<<----  [OUT]
2020/11/04 14:43:39:574

Connecting Started...

<<<----  [OUT]
2020/11/04 14:43:41:631

I can't connect with the passive [192.168.100.113/5000] error_code:10061 !

<<<----  [OUT]
2020/11/04 14:43:44:121

Connecting Started...

<<<----  [OUT]
2020/11/04 14:43:46:154

I can't connect with the passive [192.168.100.113/5000] error_code:10061 !

<<<----  [OUT]
2020/11/04 14:43:48:635

Connecting Started...

<<<----  [OUT]
2020/11/04 14:43:50:685

I can't connect with the passive [192.168.100.113/5000] error_code:10061 !

<<<----  [OUT]
2020/11/04 14:43:53:167

Connecting Started...

<<<----  [OUT]
2020/11/04 14:43:55:214

I can't connect with the passive [192.168.100.113/5000] error_code:10061 !

<<<----  [OUT]
2020/11/04 14:43:57:698

Connecting Started...

<<<----  [OUT]
2020/11/04 14:43:59:742

I can't connect with the passive [192.168.100.113/5000] error_code:10061 !

<<<----  [OUT]
2020/11/04 14:44:02:229

Connecting Started...

<<<----  [OUT]
2020/11/04 14:44:04:278

I can't connect with the passive [192.168.100.113/5000] error_code:10061 !

<<<----  [OUT]
2020/11/04 14:44:06:761

Connecting Started...

<<<----  [OUT]
2020/11/04 14:44:08:817

I can't connect with the passive [192.168.100.113/5000] error_code:10061 !

<<<----  [OUT]
2020/11/04 14:44:11:308

Connecting Started...

<<<----  [OUT]
2020/11/04 14:44:13:351

I can't connect with the passive [192.168.100.113/5000] error_code:10061 !

<<<----  [OUT]
2020/11/04 14:44:15:839

Connecting Started...

<<<----  [OUT]
2020/11/04 14:44:17:872

I can't connect with the passive [192.168.100.113/5000] error_code:10061 !

<<<----  [OUT]
2020/11/04 14:44:20:354

Connecting Started...

<<<----  [OUT]
2020/11/04 14:44:22:405

I can't connect with the passive [192.168.100.113/5000] error_code:10061 !

<<<----  [OUT]
2020/11/04 14:44:24:885

Connecting Started...

<<<----  [OUT]
2020/11/04 14:44:26:943

I can't connect with the passive [192.168.100.113/5000] error_code:10061 !

<<<----  [OUT]
2020/11/04 14:44:29:432

Connecting Started...

<<<----  [OUT]
2020/11/04 14:44:31:477

I can't connect with the passive [192.168.100.113/5000] error_code:10061 !

<<<----  [OUT]
2020/11/04 14:44:33:965

Connecting Started...

<<<----  [OUT]
2020/11/04 14:44:36:016

I can't connect with the passive [192.168.100.113/5000] error_code:10061 !

<<<----  [OUT]
2020/11/04 14:44:38:496

Connecting Started...

<<<----  [OUT]
2020/11/04 14:44:40:525

I can't connect with the passive [192.168.100.113/5000] error_code:10061 !

<<<----  [OUT]
2020/11/04 14:44:43:012

Connecting Started...

<<<----  [OUT]
2020/11/04 14:44:45:069

I can't connect with the passive [192.168.100.113/5000] error_code:10061 !

<<<----  [OUT]
2020/11/04 14:44:47:559

Connecting Started...

<<<----  [OUT]
2020/11/04 14:44:49:608

I can't connect with the passive [192.168.100.113/5000] error_code:10061 !

<<<----  [OUT]
2020/11/04 14:44:52:089

Connecting Started...

<<<----  [OUT]
2020/11/04 14:44:54:118

I can't connect with the passive [192.168.100.113/5000] error_code:10061 !

<<<----  [OUT]
2020/11/04 14:44:56:604

Connecting Started...

<<<----  [OUT]
2020/11/04 14:44:58:637

I can't connect with the passive [192.168.100.113/5000] error_code:10061 !

<<<----  [OUT]
2020/11/04 14:45:01:119

Connecting Started...

<<<----  [OUT]
2020/11/04 14:45:03:166

I can't connect with the passive [192.168.100.113/5000] error_code:10061 !

<<<----  [OUT]
2020/11/04 14:45:05:651

Connecting Started...

<<<----  [OUT]
2020/11/04 14:45:07:697

I can't connect with the passive [192.168.100.113/5000] error_code:10061 !

<<<----  [OUT]
2020/11/04 14:45:10:183

Connecting Started...

<<<----  [OUT]
2020/11/04 14:45:12:239

I can't connect with the passive [192.168.100.113/5000] error_code:10061 !

<<<----  [OUT]
2020/11/04 14:45:14:730

Connecting Started...

<<<----  [OUT]
2020/11/04 14:45:16:778

I can't connect with the passive [192.168.100.113/5000] error_code:10061 !

<<<----  [OUT]
2020/11/04 14:45:19:261

Connecting Started...

<<<----  [OUT]
2020/11/04 14:45:21:303

I can't connect with the passive [192.168.100.113/5000] error_code:10061 !

<<<----  [OUT]
2020/11/04 14:45:23:793

Connecting Started...

<<<----  [OUT]
2020/11/04 14:45:25:832

I can't connect with the passive [192.168.100.113/5000] error_code:10061 !

<<<----  [OUT]
2020/11/04 14:45:28:323

Connecting Started...

<<<----  [OUT]
2020/11/04 14:45:30:373

I can't connect with the passive [192.168.100.113/5000] error_code:10061 !

<<<----  [OUT]
2020/11/04 14:45:32:855

Connecting Started...

<<<----  [OUT]
2020/11/04 14:45:34:885

I can't connect with the passive [192.168.100.113/5000] error_code:10061 !

<<<----  [OUT]
2020/11/04 14:45:37:370

Connecting Started...

<<<----  [OUT]
2020/11/04 14:45:39:418

I can't connect with the passive [192.168.100.113/5000] error_code:10061 !

<<<----  [OUT]
2020/11/04 14:45:41:902

Connecting Started...

<<<----  [OUT]
2020/11/04 14:45:43:959

I can't connect with the passive [192.168.100.113/5000] error_code:10061 !

<<<----  [OUT]
2020/11/04 14:45:46:449

Connecting Started...

<<<----  [OUT]
2020/11/04 14:45:48:491

I can't connect with the passive [192.168.100.113/5000] error_code:10061 !

<<<----  [OUT]
2020/11/04 14:45:50:979

Connecting Started...

<<<----  [OUT]
2020/11/04 14:45:53:031

I can't connect with the passive [192.168.100.113/5000] error_code:10061 !

<<<----  [OUT]
2020/11/04 14:45:55:511

Connecting Started...

<<<----  [OUT]
2020/11/04 14:45:57:551

I can't connect with the passive [192.168.100.113/5000] error_code:10061 !

<<<----  [OUT]
2020/11/04 14:46:00:043

Connecting Started...

<<<----  [OUT]
2020/11/04 14:46:02:073

I can't connect with the passive [192.168.100.113/5000] error_code:10061 !

<<<----  [OUT]
2020/11/04 14:46:04:559

Connecting Started...

<<<----  [OUT]
2020/11/04 14:46:06:608

I can't connect with the passive [192.168.100.113/5000] error_code:10061 !

<<<----  [OUT]
2020/11/04 14:46:09:089

Connecting Started...

<<<----  [OUT]
2020/11/04 14:46:11:130

I can't connect with the passive [192.168.100.113/5000] error_code:10061 !

<<<----  [OUT]
2020/11/04 14:46:13:621

Connecting Started...

<<<----  [OUT]
2020/11/04 14:46:15:676

I can't connect with the passive [192.168.100.113/5000] error_code:10061 !

<<<----  [OUT]
2020/11/04 14:46:18:166

Connecting Started...

<<<----  [OUT]
2020/11/04 14:46:20:205

I can't connect with the passive [192.168.100.113/5000] error_code:10061 !

<<<----  [OUT]
2020/11/04 14:46:22:682

Connecting Started...

<<<----  [OUT]
2020/11/04 14:46:24:728

I can't connect with the passive [192.168.100.113/5000] error_code:10061 !

<<<----  [OUT]
2020/11/04 14:46:27:213

Connecting Started...

<<<----  [OUT]
2020/11/04 14:46:29:260

I can't connect with the passive [192.168.100.113/5000] error_code:10061 !

<<<----  [OUT]
2020/11/04 14:46:31:745

Connecting Started...

<<<----  [OUT]
2020/11/04 14:46:33:786

I can't connect with the passive [192.168.100.113/5000] error_code:10061 !

<<<----  [OUT]
2020/11/04 14:46:36:277

Connecting Started...

<<<----  [OUT]
2020/11/04 14:46:38:316

I can't connect with the passive [192.168.100.113/5000] error_code:10061 !

<<<----  [OUT]
2020/11/04 14:46:40:793

Connecting Started...

<<<----  [OUT]
2020/11/04 14:46:42:844

I can't connect with the passive [192.168.100.113/5000] error_code:10061 !

<<<----  [OUT]
2020/11/04 14:46:45:323

Connecting Started...

<<<----  [OUT]
2020/11/04 14:46:47:365

I can't connect with the passive [192.168.100.113/5000] error_code:10061 !

<<<----  [OUT]
2020/11/04 14:46:49:855

Connecting Started...

<<<----  [OUT]
2020/11/04 14:46:51:887

I can't connect with the passive [192.168.100.113/5000] error_code:10061 !

<<<----  [OUT]
2020/11/04 14:46:54:370

Connecting Started...

<<<----  [OUT]
2020/11/04 14:46:56:402

I can't connect with the passive [192.168.100.113/5000] error_code:10061 !

<<<----  [OUT]
2020/11/04 14:46:58:886

Connecting Started...

<<<----  [OUT]
2020/11/04 14:47:00:927

I can't connect with the passive [192.168.100.113/5000] error_code:10061 !

<<<----  [OUT]
2020/11/04 14:47:03:417

Connecting Started...

<<<----  [OUT]
2020/11/04 14:47:05:454

I can't connect with the passive [192.168.100.113/5000] error_code:10061 !

<<<----  [OUT]
2020/11/04 14:47:07:934

Connecting Started...

<<<----  [OUT]
2020/11/04 14:47:09:970

I can't connect with the passive [192.168.100.113/5000] error_code:10061 !

<<<----  [OUT]
2020/11/04 14:47:12:448

Connecting Started...

<<<----  [OUT]
2020/11/04 14:47:14:493

I can't connect with the passive [192.168.100.113/5000] error_code:10061 !

<<<----  [OUT]
2020/11/04 14:47:16:979

Connecting Started...

<<<----  [OUT]
2020/11/04 14:47:19:022

I can't connect with the passive [192.168.100.113/5000] error_code:10061 !

<<<----  [OUT]
2020/11/04 14:47:21:511

Connecting Started...

<<<----  [OUT]
2020/11/04 14:47:23:559

I can't connect with the passive [192.168.100.113/5000] error_code:10061 !

<<<----  [OUT]
2020/11/04 14:47:26:043

Connecting Started...

<<<----  [OUT]
2020/11/04 14:47:28:084

I can't connect with the passive [192.168.100.113/5000] error_code:10061 !

<<<----  [OUT]
2020/11/04 14:47:30:573

Connecting Started...

<<<----  [OUT]
2020/11/04 14:47:32:612

I can't connect with the passive [192.168.100.113/5000] error_code:10061 !

<<<----  [OUT]
2020/11/04 14:47:35:090

Connecting Started...

<<<----  [OUT]
2020/11/04 14:47:37:124

I can't connect with the passive [192.168.100.113/5000] error_code:10061 !

<<<----  [OUT]
2020/11/04 14:47:39:605

Connecting Started...

<<<----  [OUT]
2020/11/04 14:47:41:642

I can't connect with the passive [192.168.100.113/5000] error_code:10061 !

<<<----  [OUT]
2020/11/04 14:47:44:121

Connecting Started...

<<<----  [OUT]
2020/11/04 14:47:46:160

I can't connect with the passive [192.168.100.113/5000] error_code:10061 !

<<<----  [OUT]
2020/11/04 14:47:48:651

Connecting Started...

<<<----  [OUT]
2020/11/04 14:47:50:693

I can't connect with the passive [192.168.100.113/5000] error_code:10061 !

<<<----  [OUT]
2020/11/04 14:47:53:182

Connecting Started...

<<<----  [OUT]
2020/11/04 14:47:55:238

I can't connect with the passive [192.168.100.113/5000] error_code:10061 !

<<<----  [OUT]
2020/11/04 14:47:57:713

Connecting Started...

<<<----  [OUT]
2020/11/04 14:47:59:751

I can't connect with the passive [192.168.100.113/5000] error_code:10061 !

<<<----  [OUT]
2020/11/04 14:48:02:230

Connecting Started...

<<<----  [OUT]
2020/11/04 14:48:04:276

I can't connect with the passive [192.168.100.113/5000] error_code:10061 !

<<<----  [OUT]
2020/11/04 14:48:06:760

Connecting Started...

<<<----  [OUT]
2020/11/04 14:48:08:808

I can't connect with the passive [192.168.100.113/5000] error_code:10061 !

<<<----  [OUT]
2020/11/04 14:48:11:292

Connecting Started...

<<<----  [OUT]
2020/11/04 14:48:13:341

I can't connect with the passive [192.168.100.113/5000] error_code:10061 !

<<<----  [OUT]
2020/11/04 14:48:15:823

Connecting Started...

<<<----  [OUT]
2020/11/04 14:48:17:871

I can't connect with the passive [192.168.100.113/5000] error_code:10061 !

<<<----  [OUT]
2020/11/04 14:48:20:354

Connecting Started...

<<<----  [OUT]
2020/11/04 14:48:22:392

I can't connect with the passive [192.168.100.113/5000] error_code:10061 !

<<<----  [OUT]
2020/11/04 14:48:24:870

Connecting Started...

<<<----  [OUT]
2020/11/04 14:48:26:914

I can't connect with the passive [192.168.100.113/5000] error_code:10061 !

<<<----  [OUT]
2020/11/04 14:48:29:401

Connecting Started...

<<<----  [OUT]
2020/11/04 14:48:31:436

I can't connect with the passive [192.168.100.113/5000] error_code:10061 !

<<<----  [OUT]
2020/11/04 14:48:33:918

Connecting Started...

<<<----  [OUT]
2020/11/04 14:48:35:962

I can't connect with the passive [192.168.100.113/5000] error_code:10061 !

<<<----  [OUT]
2020/11/04 14:48:38:448

Connecting Started...

<<<----  [OUT]
2020/11/04 14:48:40:497

I can't connect with the passive [192.168.100.113/5000] error_code:10061 !

<<<----  [OUT]
2020/11/04 14:48:42:979

Connecting Started...

<<<----  [OUT]
2020/11/04 14:48:45:027

I can't connect with the passive [192.168.100.113/5000] error_code:10061 !

<<<----  [OUT]
2020/11/04 14:48:47:510

Connecting Started...

<<<----  [OUT]
2020/11/04 14:48:49:545

I can't connect with the passive [192.168.100.113/5000] error_code:10061 !

<<<----  [OUT]
2020/11/04 14:48:52:027

Connecting Started...

<<<----  [OUT]
2020/11/04 14:48:54:078

I can't connect with the passive [192.168.100.113/5000] error_code:10061 !

<<<----  [OUT]
2020/11/04 14:48:56:557

Connecting Started...

<<<----  [OUT]
2020/11/04 14:48:58:603

I can't connect with the passive [192.168.100.113/5000] error_code:10061 !

<<<----  [OUT]
2020/11/04 14:49:01:090

Connecting Started...

<<<----  [OUT]
2020/11/04 14:49:03:119

I can't connect with the passive [192.168.100.113/5000] error_code:10061 !

<<<----  [OUT]
2020/11/04 14:49:05:604

Connecting Started...

<<<----  [OUT]
2020/11/04 14:49:07:644

I can't connect with the passive [192.168.100.113/5000] error_code:10061 !

<<<----  [OUT]
2020/11/04 14:49:10:136

Connecting Started...

<<<----  [OUT]
2020/11/04 14:49:12:181

I can't connect with the passive [192.168.100.113/5000] error_code:10061 !

<<<----  [OUT]
2020/11/04 14:49:14:668

Connecting Started...

<<<----  [OUT]
2020/11/04 14:49:16:715

I can't connect with the passive [192.168.100.113/5000] error_code:10061 !

<<<----  [OUT]
2020/11/04 14:49:19:198

Connecting Started...

<<<----  [OUT]
2020/11/04 14:49:21:254

I can't connect with the passive [192.168.100.113/5000] error_code:10061 !

<<<----  [OUT]
2020/11/04 14:49:23:745

Connecting Started...

<<<----  [OUT]
2020/11/04 14:49:25:803

I can't connect with the passive [192.168.100.113/5000] error_code:10061 !

<<<----  [OUT]
2020/11/04 14:49:28:292

Connecting Started...

<<<----  [OUT]
2020/11/04 14:49:30:348

I can't connect with the passive [192.168.100.113/5000] error_code:10061 !

<<<----  [OUT]
2020/11/04 14:49:32:839

Connecting Started...

<<<----  [OUT]
2020/11/04 14:49:34:897

I can't connect with the passive [192.168.100.113/5000] error_code:10061 !

<<<----  [OUT]
2020/11/04 14:49:37:386

Connecting Started...

<<<----  [OUT]
2020/11/04 14:49:39:426

I can't connect with the passive [192.168.100.113/5000] error_code:10061 !

<<<----  [OUT]
2020/11/04 14:49:41:917

Connecting Started...

<<<----  [OUT]
2020/11/04 14:49:43:967

I can't connect with the passive [192.168.100.113/5000] error_code:10061 !

<<<----  [OUT]
2020/11/04 14:49:46:448

Connecting Started...

<<<----  [OUT]
2020/11/04 14:49:48:497

I can't connect with the passive [192.168.100.113/5000] error_code:10061 !

<<<----  [OUT]
2020/11/04 14:49:50:979

Connecting Started...

<<<----  [OUT]
2020/11/04 14:49:53:017

I can't connect with the passive [192.168.100.113/5000] error_code:10061 !

<<<----  [OUT]
2020/11/04 14:49:55:495

Connecting Started...

<<<----  [OUT]
2020/11/04 14:49:57:546

I can't connect with the passive [192.168.100.113/5000] error_code:10061 !

<<<----  [OUT]
2020/11/04 14:50:00:026

Connecting Started...

<<<----  [OUT]
2020/11/04 14:50:02:066

I can't connect with the passive [192.168.100.113/5000] error_code:10061 !

<<<----  [OUT]
2020/11/04 14:50:04:541

Connecting Started...

<<<----  [OUT]
2020/11/04 14:50:06:579

I can't connect with the passive [192.168.100.113/5000] error_code:10061 !

<<<----  [OUT]
2020/11/04 14:50:09:058

Connecting Started...

<<<----  [OUT]
2020/11/04 14:50:11:104

I can't connect with the passive [192.168.100.113/5000] error_code:10061 !

<<<----  [OUT]
2020/11/04 14:50:13:590

Connecting Started...

<<<----  [OUT]
2020/11/04 14:50:15:631

I can't connect with the passive [192.168.100.113/5000] error_code:10061 !

<<<----  [OUT]
2020/11/04 14:50:18:121

Connecting Started...

<<<----  [OUT]
2020/11/04 14:50:20:159

I can't connect with the passive [192.168.100.113/5000] error_code:10061 !

<<<----  [OUT]
2020/11/04 14:50:22:636

Connecting Started...

<<<----  [OUT]
2020/11/04 14:50:24:683

I can't connect with the passive [192.168.100.113/5000] error_code:10061 !

<<<----  [OUT]
2020/11/04 14:50:27:168

Connecting Started...

<<<----  [OUT]
2020/11/04 14:50:29:202

I can't connect with the passive [192.168.100.113/5000] error_code:10061 !

<<<----  [OUT]
2020/11/04 14:50:31:683

Connecting Started...

<<<----  [OUT]
2020/11/04 14:50:33:723

I can't connect with the passive [192.168.100.113/5000] error_code:10061 !

<<<----  [OUT]
2020/11/04 14:50:36:215

Connecting Started...

<<<----  [OUT]
2020/11/04 14:50:38:256

I can't connect with the passive [192.168.100.113/5000] error_code:10061 !

<<<----  [OUT]
2020/11/04 14:50:40:744

Connecting Started...

<<<----  [OUT]
2020/11/04 14:50:42:780

I can't connect with the passive [192.168.100.113/5000] error_code:10061 !

<<<----  [OUT]
2020/11/04 14:50:45:261

Connecting Started...

<<<----  [OUT]
2020/11/04 14:50:47:306

I can't connect with the passive [192.168.100.113/5000] error_code:10061 !

<<<----  [OUT]
2020/11/04 14:50:49:791

Connecting Started...

<<<----  [OUT]
2020/11/04 14:50:51:830

I can't connect with the passive [192.168.100.113/5000] error_code:10061 !

<<<----  [OUT]
2020/11/04 14:50:54:308

Connecting Started...

<<<----  [OUT]
2020/11/04 14:50:56:365

I can't connect with the passive [192.168.100.113/5000] error_code:10061 !

<<<----  [OUT]
2020/11/04 14:50:58:855

Connecting Started...

<<<----  [OUT]
2020/11/04 14:51:00:900

I can't connect with the passive [192.168.100.113/5000] error_code:10061 !

<<<----  [OUT]
2020/11/04 14:51:03:386

Connecting Started...

<<<----  [OUT]
2020/11/04 14:51:05:450

I can't connect with the passive [192.168.100.113/5000] error_code:10061 !

<<<----  [OUT]
2020/11/04 14:51:07:934

Connecting Started...

<<<----  [OUT]
2020/11/04 14:51:09:963

I can't connect with the passive [192.168.100.113/5000] error_code:10061 !

<<<----  [OUT]
2020/11/04 14:51:12:448

Connecting Started...

<<<----  [OUT]
2020/11/04 14:51:14:493

I can't connect with the passive [192.168.100.113/5000] error_code:10061 !

<<<----  [OUT]
2020/11/04 14:51:16:980

Connecting Started...

<<<----  [OUT]
2020/11/04 14:51:19:013

I can't connect with the passive [192.168.100.113/5000] error_code:10061 !

<<<----  [OUT]
2020/11/04 14:51:21:496

Connecting Started...

<<<----  [OUT]
2020/11/04 14:51:23:530

I can't connect with the passive [192.168.100.113/5000] error_code:10061 !

<<<----  [OUT]
2020/11/04 14:51:26:011

Connecting Started...

<<<----  [OUT]
2020/11/04 14:51:28:043

I can't connect with the passive [192.168.100.113/5000] error_code:10061 !

<<<----  [OUT]
2020/11/04 14:51:30:527

Connecting Started...

<<<----  [OUT]
2020/11/04 14:51:32:553

I can't connect with the passive [192.168.100.113/5000] error_code:10061 !

<<<----  [OUT]
2020/11/04 14:51:35:041

Connecting Started...

<<<----  [OUT]
2020/11/04 14:51:37:084

I can't connect with the passive [192.168.100.113/5000] error_code:10061 !

<<<----  [OUT]
2020/11/04 14:51:39:573

Connecting Started...

<<<----  [OUT]
2020/11/04 14:51:41:604

I can't connect with the passive [192.168.100.113/5000] error_code:10061 !

<<<----  [OUT]
2020/11/04 14:51:44:089

Connecting Started...

<<<----  [OUT]
2020/11/04 14:51:46:133

I can't connect with the passive [192.168.100.113/5000] error_code:10061 !

<<<----  [OUT]
2020/11/04 14:51:48:620

Connecting Started...

<<<----  [OUT]
2020/11/04 14:51:50:665

I can't connect with the passive [192.168.100.113/5000] error_code:10061 !

<<<----  [OUT]
2020/11/04 14:51:53:151

Connecting Started...

<<<----  [OUT]
2020/11/04 14:51:55:188

I can't connect with the passive [192.168.100.113/5000] error_code:10061 !

<<<----  [OUT]
2020/11/04 14:51:57:667

Connecting Started...

<<<----  [OUT]
2020/11/04 14:51:59:704

I can't connect with the passive [192.168.100.113/5000] error_code:10061 !

<<<----  [OUT]
2020/11/04 14:52:02:183

Connecting Started...

<<<----  [OUT]
2020/11/04 14:52:04:235

I can't connect with the passive [192.168.100.113/5000] error_code:10061 !

<<<----  [OUT]
2020/11/04 14:52:06:715

Connecting Started...

<<<----  [OUT]
2020/11/04 14:52:08:750

I can't connect with the passive [192.168.100.113/5000] error_code:10061 !

<<<----  [OUT]
2020/11/04 14:52:11:230

Connecting Started...

<<<----  [OUT]
2020/11/04 14:52:13:255

I can't connect with the passive [192.168.100.113/5000] error_code:10061 !

<<<----  [OUT]
2020/11/04 14:52:15:746

Connecting Started...

<<<----  [OUT]
2020/11/04 14:52:17:790

I can't connect with the passive [192.168.100.113/5000] error_code:10061 !

<<<----  [OUT]
2020/11/04 14:52:20:276

Connecting Started...

<<<----  [OUT]
2020/11/04 14:52:22:321

I can't connect with the passive [192.168.100.113/5000] error_code:10061 !

<<<----  [OUT]
2020/11/04 14:52:24:807

Connecting Started...

<<<----  [OUT]
2020/11/04 14:52:26:848

I can't connect with the passive [192.168.100.113/5000] error_code:10061 !

<<<----  [OUT]
2020/11/04 14:52:29:338

Connecting Started...

<<<----  [OUT]
2020/11/04 14:52:31:380

I can't connect with the passive [192.168.100.113/5000] error_code:10061 !

<<<----  [OUT]
2020/11/04 14:52:33:870

Connecting Started...

<<<----  [OUT]
2020/11/04 14:52:35:921

I can't connect with the passive [192.168.100.113/5000] error_code:10061 !

<<<----  [OUT]
2020/11/04 14:52:38:402

Connecting Started...

<<<----  [OUT]
2020/11/04 14:52:40:451

I can't connect with the passive [192.168.100.113/5000] error_code:10061 !

<<<----  [OUT]
2020/11/04 14:52:42:933

Connecting Started...

<<<----  [OUT]
2020/11/04 14:52:44:989

I can't connect with the passive [192.168.100.113/5000] error_code:10061 !

<<<----  [OUT]
2020/11/04 14:52:47:479

Connecting Started...

<<<----  [OUT]
2020/11/04 14:52:49:528

I can't connect with the passive [192.168.100.113/5000] error_code:10061 !

<<<----  [OUT]
2020/11/04 14:52:52:011

Connecting Started...

<<<----  [OUT]
2020/11/04 14:52:54:053

I can't connect with the passive [192.168.100.113/5000] error_code:10061 !

<<<----  [OUT]
2020/11/04 14:52:56:543

Connecting Started...

<<<----  [OUT]
2020/11/04 14:52:58:589

I can't connect with the passive [192.168.100.113/5000] error_code:10061 !

<<<----  [OUT]
2020/11/04 14:53:01:073

Connecting Started...

<<<----  [OUT]
2020/11/04 14:53:03:126

I can't connect with the passive [192.168.100.113/5000] error_code:10061 !

<<<----  [OUT]
2020/11/04 14:53:05:605

Connecting Started...

<<<----  [OUT]
2020/11/04 14:53:07:649

I can't connect with the passive [192.168.100.113/5000] error_code:10061 !

<<<----  [OUT]
2020/11/04 14:53:10:135

Connecting Started...

<<<----  [OUT]
2020/11/04 14:53:31:175

I can't connect with the passive [192.168.100.113/5000] error_code:10060 !

<<<----  [OUT]
2020/11/04 14:53:33:652

Connecting Started...

<<<----  [OUT]
2020/11/04 14:53:54:690

I can't connect with the passive [192.168.100.113/5000] error_code:10060 !

<<<----  [OUT]
2020/11/04 14:53:57:166

Connecting Started...

<<<----  [OUT]
2020/11/04 14:54:18:192

I can't connect with the passive [192.168.100.113/5000] error_code:10060 !

<<<----  [OUT]
2020/11/04 14:54:20:684

Connecting Started...

<<<----  [OUT]
2020/11/04 14:54:41:723

I can't connect with the passive [192.168.100.113/5000] error_code:10060 !

<<<----  [OUT]
2020/11/04 14:54:44:214

Connecting Started...

<<<----  [OUT]
2020/11/04 14:55:05:243

I can't connect with the passive [192.168.100.113/5000] error_code:10060 !

<<<----  [OUT]
2020/11/04 14:55:07:730

Connecting Started...

<<<----  [OUT]
2020/11/04 14:55:28:764

I can't connect with the passive [192.168.100.113/5000] error_code:10060 !

<<<----  [OUT]
2020/11/04 14:55:31:245

Connecting Started...

<<<----  [OUT]
2020/11/04 14:55:52:282

I can't connect with the passive [192.168.100.113/5000] error_code:10060 !

<<<----  [OUT]
2020/11/04 14:55:54:760

Connecting Started...

<<<----  [OUT]
2020/11/04 14:56:15:794

I can't connect with the passive [192.168.100.113/5000] error_code:10060 !

<<<----  [OUT]
2020/11/04 14:56:18:277

Connecting Started...

<<<----  [OUT]
2020/11/04 14:56:39:301

I can't connect with the passive [192.168.100.113/5000] error_code:10060 !

<<<----  [OUT]
2020/11/04 14:56:41:791

Connecting Started...

<<<----  [OUT]
2020/11/04 14:57:02:843

I can't connect with the passive [192.168.100.113/5000] error_code:10060 !

<<<----  [OUT]
2020/11/04 14:57:05:323

Connecting Started...

<<<----  [OUT]
2020/11/04 14:57:26:356

I can't connect with the passive [192.168.100.113/5000] error_code:10060 !

<<<----  [OUT]
2020/11/04 14:57:28:840

Connecting Started...

<<<----  [OUT]
2020/11/04 14:57:49:890

I can't connect with the passive [192.168.100.113/5000] error_code:10060 !

<<<----  [OUT]
2020/11/04 14:57:52:370

Connecting Started...

<<<----  [OUT]
2020/11/04 14:58:13:419

I can't connect with the passive [192.168.100.113/5000] error_code:10060 !

<<<----  [OUT]
2020/11/04 14:58:15:902

Connecting Started...

<<<----  [OUT]
2020/11/04 14:58:36:946

I can't connect with the passive [192.168.100.113/5000] error_code:10060 !

<<<----  [OUT]
2020/11/04 14:58:39:433

Connecting Started...

<<<----  [OUT]
2020/11/04 14:59:00:468

I can't connect with the passive [192.168.100.113/5000] error_code:10060 !

<<<----  [OUT]
2020/11/04 14:59:02:949

Connecting Started...

<<<----  [OUT]
2020/11/04 14:59:24:000

I can't connect with the passive [192.168.100.113/5000] error_code:10060 !

<<<----  [OUT]
2020/11/04 14:59:26:480

Connecting Started...

<<<----  [OUT]
2020/11/04 14:59:47:535

I can't connect with the passive [192.168.100.113/5000] error_code:10060 !

<<<----  [OUT]
2020/11/04 14:59:50:011

Connecting Started...
