
<<<----  [OUT]
2022/02/08 08:49:46:116

---------------------------------------------------------------------
// FA : Start Log ...


<<<----  [OUT]
2022/02/08 08:49:46:125

//-------------------------------------------------------------
Property Information

   Driver Type [HSMS]
   Driver Mode [ACTIVE]
   IP    [192.168.100.113]
   Port  [5000]
//-------------------------------------------------------------


<<<----  [OUT]
2022/02/08 08:49:46:727

Auto-Start Started ... (Active)

<<<----  [OUT]
2022/02/08 08:49:46:818

Auto-Start Started ...  Waiting Stop-Connection.

<<<----  [OUT]
2022/02/08 08:49:46:820

Auto-Start Started ...  Waiting Open-Socket.

<<<----  [OUT]
2022/02/08 08:49:46:843

Socket Open Started...

<<<----  [OUT]
2022/02/08 08:49:46:843

Socket Open Completed...

<<<----  [OUT]
2022/02/08 08:49:46:843

Connecting Started...

<<<----  [OUT]
2022/02/08 08:49:46:911

Auto-Start Completed ...  (Active)

<<<----  [OUT]
2022/02/08 08:50:07:844

I can't connect with the passive [192.168.100.113/5000] error_code:10060 !

<<<----  [OUT]
2022/02/08 08:50:10:335

Connecting Started...

<<<----  [OUT]
2022/02/08 08:50:31:337

I can't connect with the passive [192.168.100.113/5000] error_code:10060 !

<<<----  [OUT]
2022/02/08 08:50:33:819

Connecting Started...

<<<----  [OUT]
2022/02/08 08:50:54:823

I can't connect with the passive [192.168.100.113/5000] error_code:10060 !

<<<----  [OUT]
2022/02/08 08:50:57:303

Connecting Started...

<<<----  [OUT]
2022/02/08 08:51:18:305

I can't connect with the passive [192.168.100.113/5000] error_code:10060 !

<<<----  [OUT]
2022/02/08 08:51:20:786

Connecting Started...

<<<----  [OUT]
2022/02/08 08:51:41:789

I can't connect with the passive [192.168.100.113/5000] error_code:10060 !

<<<----  [OUT]
2022/02/08 08:51:44:271

Connecting Started...

<<<----  [OUT]
2022/02/08 08:52:05:273

I can't connect with the passive [192.168.100.113/5000] error_code:10060 !

<<<----  [OUT]
2022/02/08 08:52:07:756

Connecting Started...

<<<----  [OUT]
2022/02/08 08:52:28:758

I can't connect with the passive [192.168.100.113/5000] error_code:10060 !

<<<----  [OUT]
2022/02/08 08:52:31:241

Connecting Started...

<<<----  [OUT]
2022/02/08 08:52:52:243

I can't connect with the passive [192.168.100.113/5000] error_code:10060 !

<<<----  [OUT]
2022/02/08 08:52:54:725

Connecting Started...

<<<----  [OUT]
2022/02/08 08:53:15:728

I can't connect with the passive [192.168.100.113/5000] error_code:10060 !

<<<----  [OUT]
2022/02/08 08:53:18:208

Connecting Started...

<<<----  [OUT]
2022/02/08 08:53:39:211

I can't connect with the passive [192.168.100.113/5000] error_code:10060 !

<<<----  [OUT]
2022/02/08 08:53:41:693

Connecting Started...

<<<----  [OUT]
2022/02/08 08:54:02:696

I can't connect with the passive [192.168.100.113/5000] error_code:10060 !

<<<----  [OUT]
2022/02/08 08:54:05:178

Connecting Started...

<<<----  [OUT]
2022/02/08 08:54:26:179

I can't connect with the passive [192.168.100.113/5000] error_code:10060 !

<<<----  [OUT]
2022/02/08 08:54:28:661

Connecting Started...

<<<----  [OUT]
2022/02/08 08:54:49:665

I can't connect with the passive [192.168.100.113/5000] error_code:10060 !

<<<----  [OUT]
2022/02/08 08:54:52:146

Connecting Started...

<<<----  [OUT]
2022/02/08 08:55:13:148

I can't connect with the passive [192.168.100.113/5000] error_code:10060 !

<<<----  [OUT]
2022/02/08 08:55:15:631

Connecting Started...

<<<----  [OUT]
2022/02/08 08:55:36:631

I can't connect with the passive [192.168.100.113/5000] error_code:10060 !

<<<----  [OUT]
2022/02/08 08:55:39:115

Connecting Started...

<<<----  [OUT]
2022/02/08 08:56:00:117

I can't connect with the passive [192.168.100.113/5000] error_code:10060 !

<<<----  [OUT]
2022/02/08 08:56:02:599

Connecting Started...

<<<----  [OUT]
2022/02/08 08:56:23:604

I can't connect with the passive [192.168.100.113/5000] error_code:10060 !

<<<----  [OUT]
2022/02/08 08:56:26:085

Connecting Started...

<<<----  [OUT]
2022/02/08 08:56:47:087

I can't connect with the passive [192.168.100.113/5000] error_code:10060 !

<<<----  [OUT]
2022/02/08 08:56:49:569

Connecting Started...

<<<----  [OUT]
2022/02/08 08:57:10:573

I can't connect with the passive [192.168.100.113/5000] error_code:10060 !

<<<----  [OUT]
2022/02/08 08:57:13:053

Connecting Started...

<<<----  [OUT]
2022/02/08 08:57:34:058

I can't connect with the passive [192.168.100.113/5000] error_code:10060 !

<<<----  [OUT]
2022/02/08 08:57:36:537

Connecting Started...

<<<----  [OUT]
2022/02/08 08:57:57:542

I can't connect with the passive [192.168.100.113/5000] error_code:10060 !

<<<----  [OUT]
2022/02/08 08:58:00:021

Connecting Started...

<<<----  [OUT]
2022/02/08 08:58:21:023

I can't connect with the passive [192.168.100.113/5000] error_code:10060 !

<<<----  [OUT]
2022/02/08 08:58:23:506

Connecting Started...

<<<----  [OUT]
2022/02/08 08:58:44:508

I can't connect with the passive [192.168.100.113/5000] error_code:10060 !

<<<----  [OUT]
2022/02/08 08:58:46:991

Connecting Started...

<<<----  [OUT]
2022/02/08 08:59:07:996

I can't connect with the passive [192.168.100.113/5000] error_code:10060 !

<<<----  [OUT]
2022/02/08 08:59:10:474

Connecting Started...

<<<----  [OUT]
2022/02/08 08:59:31:477

I can't connect with the passive [192.168.100.113/5000] error_code:10060 !

<<<----  [OUT]
2022/02/08 08:59:33:959

Connecting Started...

<<<----  [OUT]
2022/02/08 08:59:54:961

I can't connect with the passive [192.168.100.113/5000] error_code:10060 !

<<<----  [OUT]
2022/02/08 08:59:57:443

Connecting Started...
