
<<<----  [OUT]
2021/10/07 01:36:39:919

---------------------------------------------------------------------
// FA : Start Log ...


<<<----  [OUT]
2021/10/07 01:36:39:927

//-------------------------------------------------------------
Property Information

   Driver Type [HSMS]
   Driver Mode [ACTIVE]
   IP    [192.168.100.113]
   Port  [5000]
//-------------------------------------------------------------


<<<----  [OUT]
2021/10/07 01:36:40:528

Auto-Start Started ... (Active)

<<<----  [OUT]
2021/10/07 01:36:40:619

Auto-Start Started ...  Waiting Stop-Connection.

<<<----  [OUT]
2021/10/07 01:36:40:619

Auto-Start Started ...  Waiting Open-Socket.

<<<----  [OUT]
2021/10/07 01:36:40:647

Socket Open Started...

<<<----  [OUT]
2021/10/07 01:36:40:647

Socket Open Completed...

<<<----  [OUT]
2021/10/07 01:36:40:647

Connecting Started...

<<<----  [OUT]
2021/10/07 01:36:40:710

Auto-Start Completed ...  (Active)

<<<----  [OUT]
2021/10/07 01:37:01:691

I can't connect with the passive [192.168.100.113/5000] error_code:10060 !

<<<----  [OUT]
2021/10/07 01:37:04:175

Connecting Started...

<<<----  [OUT]
2021/10/07 01:37:25:225

I can't connect with the passive [192.168.100.113/5000] error_code:10060 !

<<<----  [OUT]
2021/10/07 01:37:27:706

Connecting Started...

<<<----  [OUT]
2021/10/07 01:37:48:748

I can't connect with the passive [192.168.100.113/5000] error_code:10060 !

<<<----  [OUT]
2021/10/07 01:37:51:237

Connecting Started...

<<<----  [OUT]
2021/10/07 01:38:12:274

I can't connect with the passive [192.168.100.113/5000] error_code:10060 !

<<<----  [OUT]
2021/10/07 01:38:14:754

Connecting Started...

<<<----  [OUT]
2021/10/07 01:38:35:790

I can't connect with the passive [192.168.100.113/5000] error_code:10060 !

<<<----  [OUT]
2021/10/07 01:38:38:268

Connecting Started...

<<<----  [OUT]
2021/10/07 01:38:59:289

I can't connect with the passive [192.168.100.113/5000] error_code:10060 !

<<<----  [OUT]
2021/10/07 01:39:01:769

Connecting Started...

<<<----  [OUT]
2021/10/07 01:39:22:805

I can't connect with the passive [192.168.100.113/5000] error_code:10060 !

<<<----  [OUT]
2021/10/07 01:39:25:284

Connecting Started...

<<<----  [OUT]
2021/10/07 01:39:46:323

I can't connect with the passive [192.168.100.113/5000] error_code:10060 !

<<<----  [OUT]
2021/10/07 01:39:48:800

Connecting Started...

<<<----  [OUT]
2021/10/07 01:40:09:856

I can't connect with the passive [192.168.100.113/5000] error_code:10060 !

<<<----  [OUT]
2021/10/07 01:40:12:346

Connecting Started...

<<<----  [OUT]
2021/10/07 01:40:33:387

I can't connect with the passive [192.168.100.113/5000] error_code:10060 !

<<<----  [OUT]
2021/10/07 01:40:35:877

Connecting Started...

<<<----  [OUT]
2021/10/07 01:40:56:905

I can't connect with the passive [192.168.100.113/5000] error_code:10060 !

<<<----  [OUT]
2021/10/07 01:40:59:393

Connecting Started...

<<<----  [OUT]
2021/10/07 01:41:20:432

I can't connect with the passive [192.168.100.113/5000] error_code:10060 !

<<<----  [OUT]
2021/10/07 01:41:22:909

Connecting Started...

<<<----  [OUT]
2021/10/07 01:41:43:961

I can't connect with the passive [192.168.100.113/5000] error_code:10060 !

<<<----  [OUT]
2021/10/07 01:41:46:439

Connecting Started...

<<<----  [OUT]
2021/10/07 01:42:07:481

I can't connect with the passive [192.168.100.113/5000] error_code:10060 !

<<<----  [OUT]
2021/10/07 01:42:09:972

Connecting Started...

<<<----  [OUT]
2021/10/07 01:42:31:005

I can't connect with the passive [192.168.100.113/5000] error_code:10060 !

<<<----  [OUT]
2021/10/07 01:42:33:486

Connecting Started...

<<<----  [OUT]
2021/10/07 01:42:54:517

I can't connect with the passive [192.168.100.113/5000] error_code:10060 !

<<<----  [OUT]
2021/10/07 01:42:57:003

Connecting Started...

<<<----  [OUT]
2021/10/07 01:43:18:060

I can't connect with the passive [192.168.100.113/5000] error_code:10060 !

<<<----  [OUT]
2021/10/07 01:43:20:550

Connecting Started...

<<<----  [OUT]
2021/10/07 01:43:41:593

I can't connect with the passive [192.168.100.113/5000] error_code:10060 !

<<<----  [OUT]
2021/10/07 01:43:44:082

Connecting Started...

<<<----  [OUT]
2021/10/07 01:44:05:110

I can't connect with the passive [192.168.100.113/5000] error_code:10060 !

<<<----  [OUT]
2021/10/07 01:44:07:597

Connecting Started...

<<<----  [OUT]
2021/10/07 01:44:28:631

I can't connect with the passive [192.168.100.113/5000] error_code:10060 !

<<<----  [OUT]
2021/10/07 01:44:31:113

Connecting Started...

<<<----  [OUT]
2021/10/07 01:44:52:153

I can't connect with the passive [192.168.100.113/5000] error_code:10060 !

<<<----  [OUT]
2021/10/07 01:44:54:643

Connecting Started...

<<<----  [OUT]
2021/10/07 01:45:15:688

I can't connect with the passive [192.168.100.113/5000] error_code:10060 !

<<<----  [OUT]
2021/10/07 01:45:18:174

Connecting Started...

<<<----  [OUT]
2021/10/07 01:45:39:189

I can't connect with the passive [192.168.100.113/5000] error_code:10060 !

<<<----  [OUT]
2021/10/07 01:45:41:674

Connecting Started...

<<<----  [OUT]
2021/10/07 01:46:02:703

I can't connect with the passive [192.168.100.113/5000] error_code:10060 !

<<<----  [OUT]
2021/10/07 01:46:05:189

Connecting Started...

<<<----  [OUT]
2021/10/07 01:46:26:229

I can't connect with the passive [192.168.100.113/5000] error_code:10060 !

<<<----  [OUT]
2021/10/07 01:46:28:705

Connecting Started...

<<<----  [OUT]
2021/10/07 01:46:49:741

I can't connect with the passive [192.168.100.113/5000] error_code:10060 !

<<<----  [OUT]
2021/10/07 01:46:52:221

Connecting Started...

<<<----  [OUT]
2021/10/07 01:47:13:256

I can't connect with the passive [192.168.100.113/5000] error_code:10060 !

<<<----  [OUT]
2021/10/07 01:47:15:738

Connecting Started...

<<<----  [OUT]
2021/10/07 01:47:36:794

I can't connect with the passive [192.168.100.113/5000] error_code:10060 !

<<<----  [OUT]
2021/10/07 01:47:39:284

Connecting Started...

<<<----  [OUT]
2021/10/07 01:48:00:333

I can't connect with the passive [192.168.100.113/5000] error_code:10060 !

<<<----  [OUT]
2021/10/07 01:48:02:815

Connecting Started...

<<<----  [OUT]
2021/10/07 01:48:23:872

I can't connect with the passive [192.168.100.113/5000] error_code:10060 !

<<<----  [OUT]
2021/10/07 01:48:26:362

Connecting Started...

<<<----  [OUT]
2021/10/07 01:48:47:401

I can't connect with the passive [192.168.100.113/5000] error_code:10060 !

<<<----  [OUT]
2021/10/07 01:48:49:877

Connecting Started...

<<<----  [OUT]
2021/10/07 01:49:10:919

I can't connect with the passive [192.168.100.113/5000] error_code:10060 !

<<<----  [OUT]
2021/10/07 01:49:13:408

Connecting Started...

<<<----  [OUT]
2021/10/07 01:49:34:456

I can't connect with the passive [192.168.100.113/5000] error_code:10060 !

<<<----  [OUT]
2021/10/07 01:49:36:941

Connecting Started...

<<<----  [OUT]
2021/10/07 01:49:57:989

I can't connect with the passive [192.168.100.113/5000] error_code:10060 !

<<<----  [OUT]
2021/10/07 01:50:00:471

Connecting Started...

<<<----  [OUT]
2021/10/07 01:50:21:512

I can't connect with the passive [192.168.100.113/5000] error_code:10060 !

<<<----  [OUT]
2021/10/07 01:50:24:003

Connecting Started...

<<<----  [OUT]
2021/10/07 01:50:45:047

I can't connect with the passive [192.168.100.113/5000] error_code:10060 !

<<<----  [OUT]
2021/10/07 01:50:47:534

Connecting Started...

<<<----  [OUT]
2021/10/07 01:51:08:563

I can't connect with the passive [192.168.100.113/5000] error_code:10060 !

<<<----  [OUT]
2021/10/07 01:51:11:049

Connecting Started...

<<<----  [OUT]
2021/10/07 01:51:32:097

I can't connect with the passive [192.168.100.113/5000] error_code:10060 !

<<<----  [OUT]
2021/10/07 01:51:34:582

Connecting Started...

<<<----  [OUT]
2021/10/07 01:51:55:626

I can't connect with the passive [192.168.100.113/5000] error_code:10060 !

<<<----  [OUT]
2021/10/07 01:51:58:112

Connecting Started...

<<<----  [OUT]
2021/10/07 01:52:19:150

I can't connect with the passive [192.168.100.113/5000] error_code:10060 !

<<<----  [OUT]
2021/10/07 01:52:21:628

Connecting Started...

<<<----  [OUT]
2021/10/07 01:52:42:677

I can't connect with the passive [192.168.100.113/5000] error_code:10060 !

<<<----  [OUT]
2021/10/07 01:52:45:159

Connecting Started...

<<<----  [OUT]
2021/10/07 01:53:06:191

I can't connect with the passive [192.168.100.113/5000] error_code:10060 !

<<<----  [OUT]
2021/10/07 01:53:08:675

Connecting Started...

<<<----  [OUT]
2021/10/07 01:53:29:727

I can't connect with the passive [192.168.100.113/5000] error_code:10060 !

<<<----  [OUT]
2021/10/07 01:53:32:206

Connecting Started...

<<<----  [OUT]
2021/10/07 01:53:53:253

I can't connect with the passive [192.168.100.113/5000] error_code:10060 !

<<<----  [OUT]
2021/10/07 01:53:55:737

Connecting Started...

<<<----  [OUT]
2021/10/07 01:54:16:766

I can't connect with the passive [192.168.100.113/5000] error_code:10060 !

<<<----  [OUT]
2021/10/07 01:54:19:254

Connecting Started...

<<<----  [OUT]
2021/10/07 01:54:40:303

I can't connect with the passive [192.168.100.113/5000] error_code:10060 !

<<<----  [OUT]
2021/10/07 01:54:42:784

Connecting Started...

<<<----  [OUT]
2021/10/07 01:55:03:831

I can't connect with the passive [192.168.100.113/5000] error_code:10060 !

<<<----  [OUT]
2021/10/07 01:55:06:314

Connecting Started...

<<<----  [OUT]
2021/10/07 01:55:27:341

I can't connect with the passive [192.168.100.113/5000] error_code:10060 !

<<<----  [OUT]
2021/10/07 01:55:29:830

Connecting Started...

<<<----  [OUT]
2021/10/07 01:55:50:872

I can't connect with the passive [192.168.100.113/5000] error_code:10060 !

<<<----  [OUT]
2021/10/07 01:55:53:362

Connecting Started...

<<<----  [OUT]
2021/10/07 01:56:14:405

I can't connect with the passive [192.168.100.113/5000] error_code:10060 !

<<<----  [OUT]
2021/10/07 01:56:16:894

Connecting Started...

<<<----  [OUT]
2021/10/07 01:56:37:939

I can't connect with the passive [192.168.100.113/5000] error_code:10060 !

<<<----  [OUT]
2021/10/07 01:56:40:424

Connecting Started...

<<<----  [OUT]
2021/10/07 01:57:01:467

I can't connect with the passive [192.168.100.113/5000] error_code:10060 !

<<<----  [OUT]
2021/10/07 01:57:03:957

Connecting Started...

<<<----  [OUT]
2021/10/07 01:57:24:997

I can't connect with the passive [192.168.100.113/5000] error_code:10060 !

<<<----  [OUT]
2021/10/07 01:57:27:487

Connecting Started...

<<<----  [OUT]
2021/10/07 01:57:48:517

I can't connect with the passive [192.168.100.113/5000] error_code:10060 !

<<<----  [OUT]
2021/10/07 01:57:51:003

Connecting Started...

<<<----  [OUT]
2021/10/07 01:58:12:041

I can't connect with the passive [192.168.100.113/5000] error_code:10060 !

<<<----  [OUT]
2021/10/07 01:58:14:519

Connecting Started...

<<<----  [OUT]
2021/10/07 01:58:35:549

I can't connect with the passive [192.168.100.113/5000] error_code:10060 !

<<<----  [OUT]
2021/10/07 01:58:38:033

Connecting Started...

<<<----  [OUT]
2021/10/07 01:58:59:051

I can't connect with the passive [192.168.100.113/5000] error_code:10060 !

<<<----  [OUT]
2021/10/07 01:59:01:534

Connecting Started...

<<<----  [OUT]
2021/10/07 01:59:22:559

I can't connect with the passive [192.168.100.113/5000] error_code:10060 !

<<<----  [OUT]
2021/10/07 01:59:25:049

Connecting Started...

<<<----  [OUT]
2021/10/07 01:59:46:084

I can't connect with the passive [192.168.100.113/5000] error_code:10060 !

<<<----  [OUT]
2021/10/07 01:59:48:566

Connecting Started...
