
<<<----  [OUT]
2020/10/29 13:00:09:659

I can't connect with the passive [192.168.100.113/5000] error_code:10060 !

<<<----  [OUT]
2020/10/29 13:00:12:135

Connecting Started...

<<<----  [OUT]
2020/10/29 13:00:33:177

I can't connect with the passive [192.168.100.113/5000] error_code:10060 !

<<<----  [OUT]
2020/10/29 13:00:35:667

Connecting Started...

<<<----  [OUT]
2020/10/29 13:00:56:706

I can't connect with the passive [192.168.100.113/5000] error_code:10060 !

<<<----  [OUT]
2020/10/29 13:00:59:184

Connecting Started...

<<<----  [OUT]
2020/10/29 13:01:20:228

I can't connect with the passive [192.168.100.113/5000] error_code:10060 !

<<<----  [OUT]
2020/10/29 13:01:22:714

Connecting Started...

<<<----  [OUT]
2020/10/29 13:01:43:761

I can't connect with the passive [192.168.100.113/5000] error_code:10060 !

<<<----  [OUT]
2020/10/29 13:01:46:245

Connecting Started...

<<<----  [OUT]
2020/10/29 13:02:07:298

I can't connect with the passive [192.168.100.113/5000] error_code:10060 !

<<<----  [OUT]
2020/10/29 13:02:09:776

Connecting Started...

<<<----  [OUT]
2020/10/29 13:02:30:811

I can't connect with the passive [192.168.100.113/5000] error_code:10060 !

<<<----  [OUT]
2020/10/29 13:02:33:292

Connecting Started...

<<<----  [OUT]
2020/10/29 13:02:54:342

I can't connect with the passive [192.168.100.113/5000] error_code:10060 !

<<<----  [OUT]
2020/10/29 13:02:56:824

Connecting Started...

<<<----  [OUT]
2020/10/29 13:03:17:866

I can't connect with the passive [192.168.100.113/5000] error_code:10060 !

<<<----  [OUT]
2020/10/29 13:03:20:354

Connecting Started...

<<<----  [OUT]
2020/10/29 13:03:41:394

I can't connect with the passive [192.168.100.113/5000] error_code:10060 !

<<<----  [OUT]
2020/10/29 13:03:43:870

Connecting Started...

<<<----  [OUT]
2020/10/29 13:04:04:892

I can't connect with the passive [192.168.100.113/5000] error_code:10060 !

<<<----  [OUT]
2020/10/29 13:04:07:371

Connecting Started...

<<<----  [OUT]
2020/10/29 13:04:28:400

I can't connect with the passive [192.168.100.113/5000] error_code:10060 !

<<<----  [OUT]
2020/10/29 13:04:30:886

Connecting Started...

<<<----  [OUT]
2020/10/29 13:04:51:930

I can't connect with the passive [192.168.100.113/5000] error_code:10060 !

<<<----  [OUT]
2020/10/29 13:04:54:418

Connecting Started...

<<<----  [OUT]
2020/10/29 13:05:15:451

I can't connect with the passive [192.168.100.113/5000] error_code:10060 !

<<<----  [OUT]
2020/10/29 13:05:17:932

Connecting Started...

<<<----  [OUT]
2020/10/29 13:05:38:966

I can't connect with the passive [192.168.100.113/5000] error_code:10060 !

<<<----  [OUT]
2020/10/29 13:05:41:448

Connecting Started...

<<<----  [OUT]
2020/10/29 13:06:02:484

I can't connect with the passive [192.168.100.113/5000] error_code:10060 !

<<<----  [OUT]
2020/10/29 13:06:04:964

Connecting Started...

<<<----  [OUT]
2020/10/29 13:06:26:004

I can't connect with the passive [192.168.100.113/5000] error_code:10060 !

<<<----  [OUT]
2020/10/29 13:06:28:497

Connecting Started...

<<<----  [OUT]
2020/10/29 13:06:49:520

I can't connect with the passive [192.168.100.113/5000] error_code:10060 !

<<<----  [OUT]
2020/10/29 13:06:52:012

Connecting Started...

<<<----  [OUT]
2020/10/29 13:07:13:035

I can't connect with the passive [192.168.100.113/5000] error_code:10060 !

<<<----  [OUT]
2020/10/29 13:07:15:527

Connecting Started...

<<<----  [OUT]
2020/10/29 13:07:36:574

I can't connect with the passive [192.168.100.113/5000] error_code:10060 !

<<<----  [OUT]
2020/10/29 13:07:39:059

Connecting Started...

<<<----  [OUT]
2020/10/29 13:08:00:078

I can't connect with the passive [192.168.100.113/5000] error_code:10060 !

<<<----  [OUT]
2020/10/29 13:08:02:557

Connecting Started...

<<<----  [OUT]
2020/10/29 13:08:23:576

I can't connect with the passive [192.168.100.113/5000] error_code:10060 !

<<<----  [OUT]
2020/10/29 13:08:26:058

Connecting Started...

<<<----  [OUT]
2020/10/29 13:08:47:116

I can't connect with the passive [192.168.100.113/5000] error_code:10060 !

<<<----  [OUT]
2020/10/29 13:08:49:605

Connecting Started...

<<<----  [OUT]
2020/10/29 13:09:10:638

I can't connect with the passive [192.168.100.113/5000] error_code:10060 !

<<<----  [OUT]
2020/10/29 13:09:13:120

Connecting Started...

<<<----  [OUT]
2020/10/29 13:09:34:157

I can't connect with the passive [192.168.100.113/5000] error_code:10060 !

<<<----  [OUT]
2020/10/29 13:09:36:636

Connecting Started...

<<<----  [OUT]
2020/10/29 13:09:57:687

I can't connect with the passive [192.168.100.113/5000] error_code:10060 !

<<<----  [OUT]
2020/10/29 13:10:00:167

Connecting Started...

<<<----  [OUT]
2020/10/29 13:10:21:204

I can't connect with the passive [192.168.100.113/5000] error_code:10060 !

<<<----  [OUT]
2020/10/29 13:10:23:683

Connecting Started...

<<<----  [OUT]
2020/10/29 13:10:44:735

I can't connect with the passive [192.168.100.113/5000] error_code:10060 !

<<<----  [OUT]
2020/10/29 13:10:47:214

Connecting Started...

<<<----  [OUT]
2020/10/29 13:11:08:254

I can't connect with the passive [192.168.100.113/5000] error_code:10060 !

<<<----  [OUT]
2020/10/29 13:11:10:745

Connecting Started...

<<<----  [OUT]
2020/10/29 13:11:31:776

I can't connect with the passive [192.168.100.113/5000] error_code:10060 !

<<<----  [OUT]
2020/10/29 13:11:34:261

Connecting Started...

<<<----  [OUT]
2020/10/29 13:11:55:296

I can't connect with the passive [192.168.100.113/5000] error_code:10060 !

<<<----  [OUT]
2020/10/29 13:11:57:777

Connecting Started...

<<<----  [OUT]
2020/10/29 13:12:18:807

I can't connect with the passive [192.168.100.113/5000] error_code:10060 !

<<<----  [OUT]
2020/10/29 13:12:21:291

Connecting Started...

<<<----  [OUT]
2020/10/29 13:12:42:316

I can't connect with the passive [192.168.100.113/5000] error_code:10060 !

<<<----  [OUT]
2020/10/29 13:12:44:792

Connecting Started...

<<<----  [OUT]
2020/10/29 13:13:05:834

I can't connect with the passive [192.168.100.113/5000] error_code:10060 !

<<<----  [OUT]
2020/10/29 13:13:08:323

Connecting Started...

<<<----  [OUT]
2020/10/29 13:13:29:350

I can't connect with the passive [192.168.100.113/5000] error_code:10060 !

<<<----  [OUT]
2020/10/29 13:13:31:839

Connecting Started...

<<<----  [OUT]
2020/10/29 13:13:52:874

I can't connect with the passive [192.168.100.113/5000] error_code:10060 !

<<<----  [OUT]
2020/10/29 13:13:55:355

Connecting Started...

<<<----  [OUT]
2020/10/29 13:14:16:408

I can't connect with the passive [192.168.100.113/5000] error_code:10060 !

<<<----  [OUT]
2020/10/29 13:14:18:885

Connecting Started...

<<<----  [OUT]
2020/10/29 13:14:39:916

I can't connect with the passive [192.168.100.113/5000] error_code:10060 !

<<<----  [OUT]
2020/10/29 13:14:42:402

Connecting Started...

<<<----  [OUT]
2020/10/29 13:15:03:442

I can't connect with the passive [192.168.100.113/5000] error_code:10060 !

<<<----  [OUT]
2020/10/29 13:15:05:933

Connecting Started...

<<<----  [OUT]
2020/10/29 13:15:26:958

I can't connect with the passive [192.168.100.113/5000] error_code:10060 !

<<<----  [OUT]
2020/10/29 13:15:29:448

Connecting Started...

<<<----  [OUT]
2020/10/29 13:15:50:490

I can't connect with the passive [192.168.100.113/5000] error_code:10060 !

<<<----  [OUT]
2020/10/29 13:15:52:979

Connecting Started...

<<<----  [OUT]
2020/10/29 13:16:14:019

I can't connect with the passive [192.168.100.113/5000] error_code:10060 !

<<<----  [OUT]
2020/10/29 13:16:16:496

Connecting Started...

<<<----  [OUT]
2020/10/29 13:16:37:546

I can't connect with the passive [192.168.100.113/5000] error_code:10060 !

<<<----  [OUT]
2020/10/29 13:16:40:027

Connecting Started...

<<<----  [OUT]
2020/10/29 13:17:01:077

I can't connect with the passive [192.168.100.113/5000] error_code:10060 !

<<<----  [OUT]
2020/10/29 13:17:03:557

Connecting Started...

<<<----  [OUT]
2020/10/29 13:17:24:597

I can't connect with the passive [192.168.100.113/5000] error_code:10060 !

<<<----  [OUT]
2020/10/29 13:17:27:073

Connecting Started...

<<<----  [OUT]
2020/10/29 13:17:48:118

I can't connect with the passive [192.168.100.113/5000] error_code:10060 !

<<<----  [OUT]
2020/10/29 13:17:50:605

Connecting Started...

<<<----  [OUT]
2020/10/29 13:18:11:641

I can't connect with the passive [192.168.100.113/5000] error_code:10060 !

<<<----  [OUT]
2020/10/29 13:18:14:120

Connecting Started...

<<<----  [OUT]
2020/10/29 13:18:35:169

I can't connect with the passive [192.168.100.113/5000] error_code:10060 !

<<<----  [OUT]
2020/10/29 13:18:37:652

Connecting Started...

<<<----  [OUT]
2020/10/29 13:18:58:694

I can't connect with the passive [192.168.100.113/5000] error_code:10060 !

<<<----  [OUT]
2020/10/29 13:19:01:183

Connecting Started...

<<<----  [OUT]
2020/10/29 13:19:22:229

I can't connect with the passive [192.168.100.113/5000] error_code:10060 !

<<<----  [OUT]
2020/10/29 13:19:24:714

Connecting Started...

<<<----  [OUT]
2020/10/29 13:20:28:168

---------------------------------------------------------------------
// FA : Start Log ...


<<<----  [OUT]
2020/10/29 13:20:28:171

//-------------------------------------------------------------
Property Information

   Driver Type [HSMS]
   Driver Mode [ACTIVE]
   IP    [192.168.100.113]
   Port  [5000]
//-------------------------------------------------------------


<<<----  [OUT]
2020/10/29 13:20:28:773

Auto-Start Started ... (Active)

<<<----  [OUT]
2020/10/29 13:20:28:864

Auto-Start Started ...  Waiting Stop-Connection.

<<<----  [OUT]
2020/10/29 13:20:28:864

Auto-Start Started ...  Waiting Open-Socket.

<<<----  [OUT]
2020/10/29 13:20:28:894

Socket Open Started...

<<<----  [OUT]
2020/10/29 13:20:28:894

Socket Open Completed...

<<<----  [OUT]
2020/10/29 13:20:28:894

Connecting Started...

<<<----  [OUT]
2020/10/29 13:20:28:954

Auto-Start Completed ...  (Active)

<<<----  [OUT]
2020/10/29 13:20:49:931

I can't connect with the passive [192.168.100.113/5000] error_code:10060 !

<<<----  [OUT]
2020/10/29 13:20:52:418

Connecting Started...

<<<----  [OUT]
2020/10/29 13:21:13:470

I can't connect with the passive [192.168.100.113/5000] error_code:10060 !

<<<----  [OUT]
2020/10/29 13:21:15:948

Connecting Started...

<<<----  [OUT]
2020/10/29 13:21:36:987

I can't connect with the passive [192.168.100.113/5000] error_code:10060 !

<<<----  [OUT]
2020/10/29 13:21:39:464

Connecting Started...

<<<----  [OUT]
2020/10/29 13:22:00:508

I can't connect with the passive [192.168.100.113/5000] error_code:10060 !

<<<----  [OUT]
2020/10/29 13:22:02:995

Connecting Started...

<<<----  [OUT]
2020/10/29 13:22:24:040

I can't connect with the passive [192.168.100.113/5000] error_code:10060 !

<<<----  [OUT]
2020/10/29 13:22:26:528

Connecting Started...

<<<----  [OUT]
2020/10/29 13:22:47:568

I can't connect with the passive [192.168.100.113/5000] error_code:10060 !

<<<----  [OUT]
2020/10/29 13:22:50:059

Connecting Started...

<<<----  [OUT]
2020/10/29 13:23:11:109

I can't connect with the passive [192.168.100.113/5000] error_code:10060 !

<<<----  [OUT]
2020/10/29 13:23:13:589

Connecting Started...

<<<----  [OUT]
2020/10/29 13:23:34:631

I can't connect with the passive [192.168.100.113/5000] error_code:10060 !

<<<----  [OUT]
2020/10/29 13:23:37:121

Connecting Started...

<<<----  [OUT]
2020/10/29 13:23:58:168

I can't connect with the passive [192.168.100.113/5000] error_code:10060 !

<<<----  [OUT]
2020/10/29 13:24:00:651

Connecting Started...

<<<----  [OUT]
2020/10/29 13:24:21:681

I can't connect with the passive [192.168.100.113/5000] error_code:10060 !

<<<----  [OUT]
2020/10/29 13:24:24:168

Connecting Started...

<<<----  [OUT]
2020/10/29 13:24:45:210

I can't connect with the passive [192.168.100.113/5000] error_code:10060 !

<<<----  [OUT]
2020/10/29 13:24:47:699

Connecting Started...

<<<----  [OUT]
2020/10/29 13:25:08:739

I can't connect with the passive [192.168.100.113/5000] error_code:10060 !

<<<----  [OUT]
2020/10/29 13:25:11:230

Connecting Started...

<<<----  [OUT]
2020/10/29 13:25:32:262

I can't connect with the passive [192.168.100.113/5000] error_code:10060 !

<<<----  [OUT]
2020/10/29 13:25:34:745

Connecting Started...

<<<----  [OUT]
2020/10/29 13:25:55:779

I can't connect with the passive [192.168.100.113/5000] error_code:10060 !

<<<----  [OUT]
2020/10/29 13:25:58:261

Connecting Started...

<<<----  [OUT]
2020/10/29 13:26:19:300

I can't connect with the passive [192.168.100.113/5000] error_code:10060 !

<<<----  [OUT]
2020/10/29 13:26:21:778

Connecting Started...

<<<----  [OUT]
2020/10/29 13:26:42:806

I can't connect with the passive [192.168.100.113/5000] error_code:10060 !

<<<----  [OUT]
2020/10/29 13:26:45:293

Connecting Started...

<<<----  [OUT]
2020/10/29 13:27:06:342

I can't connect with the passive [192.168.100.113/5000] error_code:10060 !

<<<----  [OUT]
2020/10/29 13:27:08:824

Connecting Started...

<<<----  [OUT]
2020/10/29 13:27:29:862

I can't connect with the passive [192.168.100.113/5000] error_code:10060 !

<<<----  [OUT]
2020/10/29 13:27:32:340

Connecting Started...

<<<----  [OUT]
2020/10/29 13:27:53:390

I can't connect with the passive [192.168.100.113/5000] error_code:10060 !

<<<----  [OUT]
2020/10/29 13:27:55:870

Connecting Started...

<<<----  [OUT]
2020/10/29 13:28:16:923

I can't connect with the passive [192.168.100.113/5000] error_code:10060 !

<<<----  [OUT]
2020/10/29 13:28:19:401

Connecting Started...

<<<----  [OUT]
2020/10/29 13:28:40:443

I can't connect with the passive [192.168.100.113/5000] error_code:10060 !

<<<----  [OUT]
2020/10/29 13:28:42:933

Connecting Started...

<<<----  [OUT]
2020/10/29 13:29:03:990

I can't connect with the passive [192.168.100.113/5000] error_code:10060 !

<<<----  [OUT]
2020/10/29 13:29:06:480

Connecting Started...

<<<----  [OUT]
2020/10/29 13:29:27:529

I can't connect with the passive [192.168.100.113/5000] error_code:10060 !

<<<----  [OUT]
2020/10/29 13:29:30:012

Connecting Started...

<<<----  [OUT]
2020/10/29 13:29:51:054

I can't connect with the passive [192.168.100.113/5000] error_code:10060 !

<<<----  [OUT]
2020/10/29 13:29:53:542

Connecting Started...

<<<----  [OUT]
2020/10/29 13:30:14:576

I can't connect with the passive [192.168.100.113/5000] error_code:10060 !

<<<----  [OUT]
2020/10/29 13:30:17:058

Connecting Started...

<<<----  [OUT]
2020/10/29 13:30:38:092

I can't connect with the passive [192.168.100.113/5000] error_code:10060 !

<<<----  [OUT]
2020/10/29 13:30:40:573

Connecting Started...

<<<----  [OUT]
2020/10/29 13:31:01:609

I can't connect with the passive [192.168.100.113/5000] error_code:10060 !

<<<----  [OUT]
2020/10/29 13:31:04:089

Connecting Started...

<<<----  [OUT]
2020/10/29 13:31:25:132

I can't connect with the passive [192.168.100.113/5000] error_code:10060 !

<<<----  [OUT]
2020/10/29 13:31:27:620

Connecting Started...

<<<----  [OUT]
2020/10/29 13:31:48:664

I can't connect with the passive [192.168.100.113/5000] error_code:10060 !

<<<----  [OUT]
2020/10/29 13:31:51:151

Connecting Started...

<<<----  [OUT]
2020/10/29 13:32:12:182

I can't connect with the passive [192.168.100.113/5000] error_code:10060 !

<<<----  [OUT]
2020/10/29 13:32:14:668

Connecting Started...

<<<----  [OUT]
2020/10/29 13:32:35:701

I can't connect with the passive [192.168.100.113/5000] error_code:10060 !

<<<----  [OUT]
2020/10/29 13:32:38:183

Connecting Started...

<<<----  [OUT]
2020/10/29 13:32:59:202

I can't connect with the passive [192.168.100.113/5000] error_code:10060 !

<<<----  [OUT]
2020/10/29 13:33:01:683

Connecting Started...

<<<----  [OUT]
2020/10/29 13:33:22:717

I can't connect with the passive [192.168.100.113/5000] error_code:10060 !

<<<----  [OUT]
2020/10/29 13:33:25:198

Connecting Started...

<<<----  [OUT]
2020/10/29 13:33:46:231

I can't connect with the passive [192.168.100.113/5000] error_code:10060 !

<<<----  [OUT]
2020/10/29 13:33:48:715

Connecting Started...

<<<----  [OUT]
2020/10/29 13:34:09:751

I can't connect with the passive [192.168.100.113/5000] error_code:10060 !

<<<----  [OUT]
2020/10/29 13:34:12:229

Connecting Started...

<<<----  [OUT]
2020/10/29 13:34:48:565

---------------------------------------------------------------------
// FA : Start Log ...


<<<----  [OUT]
2020/10/29 13:34:48:568

//-------------------------------------------------------------
Property Information

   Driver Type [HSMS]
   Driver Mode [ACTIVE]
   IP    [192.168.100.113]
   Port  [5000]
//-------------------------------------------------------------


<<<----  [OUT]
2020/10/29 13:34:49:170

Auto-Start Started ... (Active)

<<<----  [OUT]
2020/10/29 13:34:49:261

Auto-Start Started ...  Waiting Stop-Connection.

<<<----  [OUT]
2020/10/29 13:34:49:261

Auto-Start Started ...  Waiting Open-Socket.

<<<----  [OUT]
2020/10/29 13:34:49:291

Socket Open Started...

<<<----  [OUT]
2020/10/29 13:34:49:291

Socket Open Completed...

<<<----  [OUT]
2020/10/29 13:34:49:291

Connecting Started...

<<<----  [OUT]
2020/10/29 13:34:49:351

Auto-Start Completed ...  (Active)

<<<----  [OUT]
2020/10/29 13:35:10:357

I can't connect with the passive [192.168.100.113/5000] error_code:10060 !

<<<----  [OUT]
2020/10/29 13:35:12:839

Connecting Started...

<<<----  [OUT]
2020/10/29 13:35:33:886

I can't connect with the passive [192.168.100.113/5000] error_code:10060 !

<<<----  [OUT]
2020/10/29 13:35:36:371

Connecting Started...

<<<----  [OUT]
2020/10/29 13:35:57:428

I can't connect with the passive [192.168.100.113/5000] error_code:10060 !

<<<----  [OUT]
2020/10/29 13:35:59:917

Connecting Started...

<<<----  [OUT]
2020/10/29 13:36:20:945

I can't connect with the passive [192.168.100.113/5000] error_code:10060 !

<<<----  [OUT]
2020/10/29 13:36:23:433

Connecting Started...

<<<----  [OUT]
2020/10/29 13:36:44:470

I can't connect with the passive [192.168.100.113/5000] error_code:10060 !

<<<----  [OUT]
2020/10/29 13:36:46:948

Connecting Started...

<<<----  [OUT]
2020/10/29 13:37:07:976

I can't connect with the passive [192.168.100.113/5000] error_code:10060 !

<<<----  [OUT]
2020/10/29 13:37:10:464

Connecting Started...

<<<----  [OUT]
2020/10/29 13:37:31:484

I can't connect with the passive [192.168.100.113/5000] error_code:10060 !

<<<----  [OUT]
2020/10/29 13:37:33:965

Connecting Started...

<<<----  [OUT]
2020/10/29 13:37:55:026

I can't connect with the passive [192.168.100.113/5000] error_code:10060 !

<<<----  [OUT]
2020/10/29 13:37:57:511

Connecting Started...

<<<----  [OUT]
2020/10/29 13:38:18:558

I can't connect with the passive [192.168.100.113/5000] error_code:10060 !

<<<----  [OUT]
2020/10/29 13:38:21:042

Connecting Started...

<<<----  [OUT]
2020/10/29 13:38:42:092

I can't connect with the passive [192.168.100.113/5000] error_code:10060 !

<<<----  [OUT]
2020/10/29 13:38:44:573

Connecting Started...

<<<----  [OUT]
2020/10/29 13:39:05:614

I can't connect with the passive [192.168.100.113/5000] error_code:10060 !

<<<----  [OUT]
2020/10/29 13:39:08:105

Connecting Started...

<<<----  [OUT]
2020/10/29 13:39:29:162

I can't connect with the passive [192.168.100.113/5000] error_code:10060 !

<<<----  [OUT]
2020/10/29 13:39:31:652

Connecting Started...

<<<----  [OUT]
2020/10/29 13:39:52:704

I can't connect with the passive [192.168.100.113/5000] error_code:10060 !

<<<----  [OUT]
2020/10/29 13:39:55:183

Connecting Started...

<<<----  [OUT]
2020/10/29 13:40:16:218

I can't connect with the passive [192.168.100.113/5000] error_code:10060 !

<<<----  [OUT]
2020/10/29 13:40:18:699

Connecting Started...

<<<----  [OUT]
2020/10/29 13:40:39:742

I can't connect with the passive [192.168.100.113/5000] error_code:10060 !

<<<----  [OUT]
2020/10/29 13:40:42:230

Connecting Started...

<<<----  [OUT]
2020/10/29 13:41:03:261

I can't connect with the passive [192.168.100.113/5000] error_code:10060 !

<<<----  [OUT]
2020/10/29 13:41:05:746

Connecting Started...

<<<----  [OUT]
2020/10/29 13:41:26:791

I can't connect with the passive [192.168.100.113/5000] error_code:10060 !

<<<----  [OUT]
2020/10/29 13:41:29:278

Connecting Started...

<<<----  [OUT]
2020/10/29 13:41:50:289

I can't connect with the passive [192.168.100.113/5000] error_code:10060 !

<<<----  [OUT]
2020/10/29 13:41:52:776

Connecting Started...

<<<----  [OUT]
2020/10/29 13:42:13:811

I can't connect with the passive [192.168.100.113/5000] error_code:10060 !

<<<----  [OUT]
2020/10/29 13:42:16:292

Connecting Started...

<<<----  [OUT]
2020/10/29 13:42:37:336

I can't connect with the passive [192.168.100.113/5000] error_code:10060 !

<<<----  [OUT]
2020/10/29 13:42:39:823

Connecting Started...

<<<----  [OUT]
2020/10/29 13:43:25:874

---------------------------------------------------------------------
// FA : Start Log ...


<<<----  [OUT]
2020/10/29 13:43:25:878

//-------------------------------------------------------------
Property Information

   Driver Type [HSMS]
   Driver Mode [ACTIVE]
   IP    [192.168.100.113]
   Port  [5000]
//-------------------------------------------------------------


<<<----  [OUT]
2020/10/29 13:43:26:479

Auto-Start Started ... (Active)

<<<----  [OUT]
2020/10/29 13:43:26:570

Auto-Start Started ...  Waiting Stop-Connection.

<<<----  [OUT]
2020/10/29 13:43:26:570

Auto-Start Started ...  Waiting Open-Socket.

<<<----  [OUT]
2020/10/29 13:43:26:600

Socket Open Started...

<<<----  [OUT]
2020/10/29 13:43:26:600

Socket Open Completed...

<<<----  [OUT]
2020/10/29 13:43:26:600

Connecting Started...

<<<----  [OUT]
2020/10/29 13:43:26:661

Auto-Start Completed ...  (Active)

<<<----  [OUT]
2020/10/29 13:43:47:614

I can't connect with the passive [192.168.100.113/5000] error_code:10060 !

<<<----  [OUT]
2020/10/29 13:43:50:106

Connecting Started...

<<<----  [OUT]
2020/10/29 13:44:11:164

I can't connect with the passive [192.168.100.113/5000] error_code:10060 !

<<<----  [OUT]
2020/10/29 13:44:13:652

Connecting Started...

<<<----  [OUT]
2020/10/29 13:44:34:680

I can't connect with the passive [192.168.100.113/5000] error_code:10060 !

<<<----  [OUT]
2020/10/29 13:44:37:168

Connecting Started...

<<<----  [OUT]
2020/10/29 13:44:58:203

I can't connect with the passive [192.168.100.113/5000] error_code:10060 !

<<<----  [OUT]
2020/10/29 13:45:00:682

Connecting Started...

<<<----  [OUT]
2020/10/29 13:45:21:706

I can't connect with the passive [192.168.100.113/5000] error_code:10060 !

<<<----  [OUT]
2020/10/29 13:45:24:182

Connecting Started...

<<<----  [OUT]
2020/10/29 13:45:45:216

I can't connect with the passive [192.168.100.113/5000] error_code:10060 !

<<<----  [OUT]
2020/10/29 13:45:47:700

Connecting Started...

<<<----  [OUT]
2020/10/29 13:46:08:721

I can't connect with the passive [192.168.100.113/5000] error_code:10060 !

<<<----  [OUT]
2020/10/29 13:46:11:199

Connecting Started...

<<<----  [OUT]
2020/10/29 13:46:32:227

I can't connect with the passive [192.168.100.113/5000] error_code:10060 !

<<<----  [OUT]
2020/10/29 13:46:34:715

Connecting Started...

<<<----  [OUT]
2020/10/29 13:46:55:747

I can't connect with the passive [192.168.100.113/5000] error_code:10060 !

<<<----  [OUT]
2020/10/29 13:46:58:229

Connecting Started...

<<<----  [OUT]
2020/10/29 13:47:19:272

I can't connect with the passive [192.168.100.113/5000] error_code:10060 !

<<<----  [OUT]
2020/10/29 13:47:21:762

Connecting Started...

<<<----  [OUT]
2020/10/29 13:47:42:811

I can't connect with the passive [192.168.100.113/5000] error_code:10060 !

<<<----  [OUT]
2020/10/29 13:47:45:293

Connecting Started...

<<<----  [OUT]
2020/10/29 13:48:06:339

I can't connect with the passive [192.168.100.113/5000] error_code:10060 !

<<<----  [OUT]
2020/10/29 13:48:08:824

Connecting Started...

<<<----  [OUT]
2020/10/29 13:48:29:868

I can't connect with the passive [192.168.100.113/5000] error_code:10060 !

<<<----  [OUT]
2020/10/29 13:48:32:355

Connecting Started...

<<<----  [OUT]
2020/10/29 13:48:53:386

I can't connect with the passive [192.168.100.113/5000] error_code:10060 !

<<<----  [OUT]
2020/10/29 13:48:55:871

Connecting Started...

<<<----  [OUT]
2020/10/29 13:49:16:906

I can't connect with the passive [192.168.100.113/5000] error_code:10060 !

<<<----  [OUT]
2020/10/29 13:49:19:386

Connecting Started...

<<<----  [OUT]
2020/10/29 13:49:40:431

I can't connect with the passive [192.168.100.113/5000] error_code:10060 !

<<<----  [OUT]
2020/10/29 13:49:42:918

Connecting Started...

<<<----  [OUT]
2020/10/29 13:50:03:942

I can't connect with the passive [192.168.100.113/5000] error_code:10060 !

<<<----  [OUT]
2020/10/29 13:50:06:434

Connecting Started...

<<<----  [OUT]
2020/10/29 13:50:27:458

I can't connect with the passive [192.168.100.113/5000] error_code:10060 !

<<<----  [OUT]
2020/10/29 13:50:29:948

Connecting Started...

<<<----  [OUT]
2020/10/29 13:50:50:989

I can't connect with the passive [192.168.100.113/5000] error_code:10060 !

<<<----  [OUT]
2020/10/29 13:50:53:480

Connecting Started...

<<<----  [OUT]
2020/10/29 13:51:14:523

I can't connect with the passive [192.168.100.113/5000] error_code:10060 !

<<<----  [OUT]
2020/10/29 13:51:17:010

Connecting Started...

<<<----  [OUT]
2020/10/29 13:51:38:036

I can't connect with the passive [192.168.100.113/5000] error_code:10060 !

<<<----  [OUT]
2020/10/29 13:51:40:526

Connecting Started...

<<<----  [OUT]
2020/10/29 13:52:01:558

I can't connect with the passive [192.168.100.113/5000] error_code:10060 !

<<<----  [OUT]
2020/10/29 13:52:04:041

Connecting Started...

<<<----  [OUT]
2020/10/29 13:52:25:077

I can't connect with the passive [192.168.100.113/5000] error_code:10060 !

<<<----  [OUT]
2020/10/29 13:52:27:558

Connecting Started...

<<<----  [OUT]
2020/10/29 13:52:48:613

I can't connect with the passive [192.168.100.113/5000] error_code:10060 !

<<<----  [OUT]
2020/10/29 13:52:51:105

Connecting Started...

<<<----  [OUT]
2020/10/29 13:53:12:146

I can't connect with the passive [192.168.100.113/5000] error_code:10060 !

<<<----  [OUT]
2020/10/29 13:53:14:636

Connecting Started...

<<<----  [OUT]
2020/10/29 13:53:35:673

I can't connect with the passive [192.168.100.113/5000] error_code:10060 !

<<<----  [OUT]
2020/10/29 13:53:38:152

Connecting Started...

<<<----  [OUT]
2020/10/29 13:53:59:192

I can't connect with the passive [192.168.100.113/5000] error_code:10060 !

<<<----  [OUT]
2020/10/29 13:54:01:683

Connecting Started...

<<<----  [OUT]
2020/10/29 13:54:22:729

I can't connect with the passive [192.168.100.113/5000] error_code:10060 !

<<<----  [OUT]
2020/10/29 13:54:25:215

Connecting Started...

<<<----  [OUT]
2020/10/29 13:54:46:246

I can't connect with the passive [192.168.100.113/5000] error_code:10060 !

<<<----  [OUT]
2020/10/29 13:54:48:729

Connecting Started...

<<<----  [OUT]
2020/10/29 13:55:09:772

I can't connect with the passive [192.168.100.113/5000] error_code:10060 !

<<<----  [OUT]
2020/10/29 13:55:12:261

Connecting Started...

<<<----  [OUT]
2020/10/29 13:55:33:313

I can't connect with the passive [192.168.100.113/5000] error_code:10060 !

<<<----  [OUT]
2020/10/29 13:55:35:793

Connecting Started...

<<<----  [OUT]
2020/10/29 13:55:56:832

I can't connect with the passive [192.168.100.113/5000] error_code:10060 !

<<<----  [OUT]
2020/10/29 13:55:59:323

Connecting Started...

<<<----  [OUT]
2020/10/29 13:56:20:359

I can't connect with the passive [192.168.100.113/5000] error_code:10060 !

<<<----  [OUT]
2020/10/29 13:56:22:839

Connecting Started...

<<<----  [OUT]
2020/10/29 13:56:43:880

I can't connect with the passive [192.168.100.113/5000] error_code:10060 !

<<<----  [OUT]
2020/10/29 13:56:46:370

Connecting Started...

<<<----  [OUT]
2020/10/29 13:57:07:420

I can't connect with the passive [192.168.100.113/5000] error_code:10060 !

<<<----  [OUT]
2020/10/29 13:57:09:903

Connecting Started...

<<<----  [OUT]
2020/10/29 13:57:30:942

I can't connect with the passive [192.168.100.113/5000] error_code:10060 !

<<<----  [OUT]
2020/10/29 13:57:33:432

Connecting Started...

<<<----  [OUT]
2020/10/29 13:57:54:478

I can't connect with the passive [192.168.100.113/5000] error_code:10060 !

<<<----  [OUT]
2020/10/29 13:57:56:965

Connecting Started...

<<<----  [OUT]
2020/10/29 13:58:18:007

I can't connect with the passive [192.168.100.113/5000] error_code:10060 !

<<<----  [OUT]
2020/10/29 13:58:20:495

Connecting Started...

<<<----  [OUT]
2020/10/29 13:58:41:530

I can't connect with the passive [192.168.100.113/5000] error_code:10060 !

<<<----  [OUT]
2020/10/29 13:58:44:010

Connecting Started...

<<<----  [OUT]
2020/10/29 13:59:05:052

I can't connect with the passive [192.168.100.113/5000] error_code:10060 !

<<<----  [OUT]
2020/10/29 13:59:07:543

Connecting Started...

<<<----  [OUT]
2020/10/29 13:59:28:570

I can't connect with the passive [192.168.100.113/5000] error_code:10060 !

<<<----  [OUT]
2020/10/29 13:59:31:058

Connecting Started...

<<<----  [OUT]
2020/10/29 13:59:52:096

I can't connect with the passive [192.168.100.113/5000] error_code:10060 !

<<<----  [OUT]
2020/10/29 13:59:54:574

Connecting Started...
