
<<<----  [OUT]
2020/10/29 23:24:50:421

---------------------------------------------------------------------
// FA : Start Log ...


<<<----  [OUT]
2020/10/29 23:24:50:424

//-------------------------------------------------------------
Property Information

   Driver Type [HSMS]
   Driver Mode [ACTIVE]
   IP    [192.168.100.113]
   Port  [5000]
//-------------------------------------------------------------


<<<----  [OUT]
2020/10/29 23:24:51:025

Auto-Start Started ... (Active)

<<<----  [OUT]
2020/10/29 23:24:51:116

Auto-Start Started ...  Waiting Stop-Connection.

<<<----  [OUT]
2020/10/29 23:24:51:116

Auto-Start Started ...  Waiting Open-Socket.

<<<----  [OUT]
2020/10/29 23:24:51:147

Socket Open Started...

<<<----  [OUT]
2020/10/29 23:24:51:147

Socket Open Completed...

<<<----  [OUT]
2020/10/29 23:24:51:147

Connecting Started...

<<<----  [OUT]
2020/10/29 23:24:51:207

Auto-Start Completed ...  (Active)

<<<----  [OUT]
2020/10/29 23:24:53:203

I can't connect with the passive [192.168.100.113/5000] error_code:10061 !

<<<----  [OUT]
2020/10/29 23:24:55:683

Connecting Started...

<<<----  [OUT]
2020/10/29 23:24:57:737

I can't connect with the passive [192.168.100.113/5000] error_code:10061 !

<<<----  [OUT]
2020/10/29 23:25:00:215

Connecting Started...

<<<----  [OUT]
2020/10/29 23:25:02:265

I can't connect with the passive [192.168.100.113/5000] error_code:10061 !

<<<----  [OUT]
2020/10/29 23:25:04:746

Connecting Started...

<<<----  [OUT]
2020/10/29 23:25:06:789

I can't connect with the passive [192.168.100.113/5000] error_code:10061 !

<<<----  [OUT]
2020/10/29 23:25:09:277

Connecting Started...

<<<----  [OUT]
2020/10/29 23:25:11:335

I can't connect with the passive [192.168.100.113/5000] error_code:10061 !

<<<----  [OUT]
2020/10/29 23:25:13:823

Connecting Started...

<<<----  [OUT]
2020/10/29 23:25:15:867

I can't connect with the passive [192.168.100.113/5000] error_code:10061 !

<<<----  [OUT]
2020/10/29 23:25:18:354

Connecting Started...

<<<----  [OUT]
2020/10/29 23:25:20:418

I can't connect with the passive [192.168.100.113/5000] error_code:10061 !

<<<----  [OUT]
2020/10/29 23:25:22:901

Connecting Started...

<<<----  [OUT]
2020/10/29 23:25:24:957

I can't connect with the passive [192.168.100.113/5000] error_code:10061 !

<<<----  [OUT]
2020/10/29 23:25:27:432

Connecting Started...

<<<----  [OUT]
2020/10/29 23:25:29:497

I can't connect with the passive [192.168.100.113/5000] error_code:10061 !

<<<----  [OUT]
2020/10/29 23:25:31:979

Connecting Started...

<<<----  [OUT]
2020/10/29 23:25:34:021

I can't connect with the passive [192.168.100.113/5000] error_code:10061 !

<<<----  [OUT]
2020/10/29 23:25:36:511

Connecting Started...

<<<----  [OUT]
2020/10/29 23:25:38:553

I can't connect with the passive [192.168.100.113/5000] error_code:10061 !

<<<----  [OUT]
2020/10/29 23:25:41:042

Connecting Started...

<<<----  [OUT]
2020/10/29 23:25:43:097

I can't connect with the passive [192.168.100.113/5000] error_code:10061 !

<<<----  [OUT]
2020/10/29 23:25:45:574

Connecting Started...

<<<----  [OUT]
2020/10/29 23:25:47:634

I can't connect with the passive [192.168.100.113/5000] error_code:10061 !

<<<----  [OUT]
2020/10/29 23:25:50:120

Connecting Started...

<<<----  [OUT]
2020/10/29 23:25:52:168

I can't connect with the passive [192.168.100.113/5000] error_code:10061 !

<<<----  [OUT]
2020/10/29 23:25:54:651

Connecting Started...

<<<----  [OUT]
2020/10/29 23:25:56:709

I can't connect with the passive [192.168.100.113/5000] error_code:10061 !

<<<----  [OUT]
2020/10/29 23:25:59:198

Connecting Started...

<<<----  [OUT]
2020/10/29 23:26:01:237

I can't connect with the passive [192.168.100.113/5000] error_code:10061 !

<<<----  [OUT]
2020/10/29 23:26:03:715

Connecting Started...

<<<----  [OUT]
2020/10/29 23:26:05:756

I can't connect with the passive [192.168.100.113/5000] error_code:10061 !

<<<----  [OUT]
2020/10/29 23:26:08:245

Connecting Started...

<<<----  [OUT]
2020/10/29 23:26:10:300

I can't connect with the passive [192.168.100.113/5000] error_code:10061 !

<<<----  [OUT]
2020/10/29 23:26:12:776

Connecting Started...

<<<----  [OUT]
2020/10/29 23:26:14:832

I can't connect with the passive [192.168.100.113/5000] error_code:10061 !

<<<----  [OUT]
2020/10/29 23:26:17:323

Connecting Started...

<<<----  [OUT]
2020/10/29 23:26:19:383

I can't connect with the passive [192.168.100.113/5000] error_code:10061 !

<<<----  [OUT]
2020/10/29 23:26:21:870

Connecting Started...

<<<----  [OUT]
2020/10/29 23:26:23:923

I can't connect with the passive [192.168.100.113/5000] error_code:10061 !

<<<----  [OUT]
2020/10/29 23:26:26:402

Connecting Started...

<<<----  [OUT]
2020/10/29 23:26:28:434

I can't connect with the passive [192.168.100.113/5000] error_code:10061 !

<<<----  [OUT]
2020/10/29 23:26:30:918

Connecting Started...

<<<----  [OUT]
2020/10/29 23:26:32:960

I can't connect with the passive [192.168.100.113/5000] error_code:10061 !

<<<----  [OUT]
2020/10/29 23:26:35:448

Connecting Started...

<<<----  [OUT]
2020/10/29 23:26:37:491

I can't connect with the passive [192.168.100.113/5000] error_code:10061 !

<<<----  [OUT]
2020/10/29 23:26:39:980

Connecting Started...

<<<----  [OUT]
2020/10/29 23:26:42:038

I can't connect with the passive [192.168.100.113/5000] error_code:10061 !

<<<----  [OUT]
2020/10/29 23:26:44:526

Connecting Started...

<<<----  [OUT]
2020/10/29 23:26:46:589

I can't connect with the passive [192.168.100.113/5000] error_code:10061 !

<<<----  [OUT]
2020/10/29 23:26:49:074

Connecting Started...

<<<----  [OUT]
2020/10/29 23:26:51:125

I can't connect with the passive [192.168.100.113/5000] error_code:10061 !

<<<----  [OUT]
2020/10/29 23:26:53:604

Connecting Started...

<<<----  [OUT]
2020/10/29 23:26:55:663

I can't connect with the passive [192.168.100.113/5000] error_code:10061 !

<<<----  [OUT]
2020/10/29 23:26:58:152

Connecting Started...

<<<----  [OUT]
2020/10/29 23:27:00:215

I can't connect with the passive [192.168.100.113/5000] error_code:10061 !

<<<----  [OUT]
2020/10/29 23:27:02:699

Connecting Started...

<<<----  [OUT]
2020/10/29 23:27:04:745

I can't connect with the passive [192.168.100.113/5000] error_code:10061 !

<<<----  [OUT]
2020/10/29 23:27:07:230

Connecting Started...

<<<----  [OUT]
2020/10/29 23:27:09:265

I can't connect with the passive [192.168.100.113/5000] error_code:10061 !

<<<----  [OUT]
2020/10/29 23:27:11:745

Connecting Started...

<<<----  [OUT]
2020/10/29 23:27:13:800

I can't connect with the passive [192.168.100.113/5000] error_code:10061 !

<<<----  [OUT]
2020/10/29 23:27:16:276

Connecting Started...

<<<----  [OUT]
2020/10/29 23:27:18:332

I can't connect with the passive [192.168.100.113/5000] error_code:10061 !

<<<----  [OUT]
2020/10/29 23:27:20:824

Connecting Started...

<<<----  [OUT]
2020/10/29 23:27:22:866

I can't connect with the passive [192.168.100.113/5000] error_code:10061 !

<<<----  [OUT]
2020/10/29 23:27:25:356

Connecting Started...

<<<----  [OUT]
2020/10/29 23:27:27:430

I can't connect with the passive [192.168.100.113/5000] error_code:10061 !

<<<----  [OUT]
2020/10/29 23:27:29:917

Connecting Started...

<<<----  [OUT]
2020/10/29 23:27:31:984

I can't connect with the passive [192.168.100.113/5000] error_code:10061 !

<<<----  [OUT]
2020/10/29 23:27:34:464

Connecting Started...

<<<----  [OUT]
2020/10/29 23:27:36:524

I can't connect with the passive [192.168.100.113/5000] error_code:10061 !

<<<----  [OUT]
2020/10/29 23:27:39:012

Connecting Started...

<<<----  [OUT]
2020/10/29 23:27:41:061

I can't connect with the passive [192.168.100.113/5000] error_code:10061 !

<<<----  [OUT]
2020/10/29 23:27:43:543

Connecting Started...

<<<----  [OUT]
2020/10/29 23:27:45:594

I can't connect with the passive [192.168.100.113/5000] error_code:10061 !

<<<----  [OUT]
2020/10/29 23:27:48:073

Connecting Started...

<<<----  [OUT]
2020/10/29 23:27:50:124

I can't connect with the passive [192.168.100.113/5000] error_code:10061 !

<<<----  [OUT]
2020/10/29 23:27:52:605

Connecting Started...

<<<----  [OUT]
2020/10/29 23:27:54:679

I can't connect with the passive [192.168.100.113/5000] error_code:10061 !

<<<----  [OUT]
2020/10/29 23:27:57:167

Connecting Started...

<<<----  [OUT]
2020/10/29 23:27:59:225

I can't connect with the passive [192.168.100.113/5000] error_code:10061 !

<<<----  [OUT]
2020/10/29 23:28:01:713

Connecting Started...

<<<----  [OUT]
2020/10/29 23:28:03:764

I can't connect with the passive [192.168.100.113/5000] error_code:10061 !

<<<----  [OUT]
2020/10/29 23:28:06:246

Connecting Started...

<<<----  [OUT]
2020/10/29 23:28:08:300

I can't connect with the passive [192.168.100.113/5000] error_code:10061 !

<<<----  [OUT]
2020/10/29 23:28:10:776

Connecting Started...

<<<----  [OUT]
2020/10/29 23:28:12:834

I can't connect with the passive [192.168.100.113/5000] error_code:10061 !

<<<----  [OUT]
2020/10/29 23:28:15:324

Connecting Started...

<<<----  [OUT]
2020/10/29 23:28:17:395

I can't connect with the passive [192.168.100.113/5000] error_code:10061 !

<<<----  [OUT]
2020/10/29 23:28:19:886

Connecting Started...

<<<----  [OUT]
2020/10/29 23:28:21:940

I can't connect with the passive [192.168.100.113/5000] error_code:10061 !

<<<----  [OUT]
2020/10/29 23:28:24:418

Connecting Started...

<<<----  [OUT]
2020/10/29 23:28:26:434

I can't connect with the passive [192.168.100.113/5000] error_code:10061 !

<<<----  [OUT]
2020/10/29 23:28:28:917

Connecting Started...

<<<----  [OUT]
2020/10/29 23:28:30:962

I can't connect with the passive [192.168.100.113/5000] error_code:10061 !

<<<----  [OUT]
2020/10/29 23:28:33:447

Connecting Started...

<<<----  [OUT]
2020/10/29 23:28:35:518

I can't connect with the passive [192.168.100.113/5000] error_code:10061 !

<<<----  [OUT]
2020/10/29 23:28:37:994

Connecting Started...

<<<----  [OUT]
2020/10/29 23:28:40:067

I can't connect with the passive [192.168.100.113/5000] error_code:10061 !

<<<----  [OUT]
2020/10/29 23:28:42:557

Connecting Started...

<<<----  [OUT]
2020/10/29 23:28:44:616

I can't connect with the passive [192.168.100.113/5000] error_code:10061 !

<<<----  [OUT]
2020/10/29 23:28:47:104

Connecting Started...

<<<----  [OUT]
2020/10/29 23:28:49:164

I can't connect with the passive [192.168.100.113/5000] error_code:10061 !

<<<----  [OUT]
2020/10/29 23:28:51:653

Connecting Started...

<<<----  [OUT]
2020/10/29 23:28:53:671

I can't connect with the passive [192.168.100.113/5000] error_code:10061 !

<<<----  [OUT]
2020/10/29 23:28:56:151

Connecting Started...

<<<----  [OUT]
2020/10/29 23:28:58:211

I can't connect with the passive [192.168.100.113/5000] error_code:10061 !

<<<----  [OUT]
2020/10/29 23:29:00:698

Connecting Started...

<<<----  [OUT]
2020/10/29 23:29:02:749

I can't connect with the passive [192.168.100.113/5000] error_code:10061 !

<<<----  [OUT]
2020/10/29 23:29:05:229

Connecting Started...

<<<----  [OUT]
2020/10/29 23:29:07:241

I can't connect with the passive [192.168.100.113/5000] error_code:10061 !

<<<----  [OUT]
2020/10/29 23:29:09:729

Connecting Started...

<<<----  [OUT]
2020/10/29 23:29:11:794

I can't connect with the passive [192.168.100.113/5000] error_code:10061 !

<<<----  [OUT]
2020/10/29 23:29:14:277

Connecting Started...

<<<----  [OUT]
2020/10/29 23:29:16:341

I can't connect with the passive [192.168.100.113/5000] error_code:10061 !

<<<----  [OUT]
2020/10/29 23:29:18:824

Connecting Started...

<<<----  [OUT]
2020/10/29 23:29:20:880

I can't connect with the passive [192.168.100.113/5000] error_code:10061 !

<<<----  [OUT]
2020/10/29 23:29:23:370

Connecting Started...

<<<----  [OUT]
2020/10/29 23:29:25:442

I can't connect with the passive [192.168.100.113/5000] error_code:10061 !

<<<----  [OUT]
2020/10/29 23:29:27:934

Connecting Started...

<<<----  [OUT]
2020/10/29 23:29:30:001

I can't connect with the passive [192.168.100.113/5000] error_code:10061 !

<<<----  [OUT]
2020/10/29 23:29:32:480

Connecting Started...

<<<----  [OUT]
2020/10/29 23:29:34:536

I can't connect with the passive [192.168.100.113/5000] error_code:10061 !

<<<----  [OUT]
2020/10/29 23:29:37:027

Connecting Started...

<<<----  [OUT]
2020/10/29 23:29:39:062

I can't connect with the passive [192.168.100.113/5000] error_code:10061 !

<<<----  [OUT]
2020/10/29 23:29:41:543

Connecting Started...

<<<----  [OUT]
2020/10/29 23:29:43:606

I can't connect with the passive [192.168.100.113/5000] error_code:10061 !

<<<----  [OUT]
2020/10/29 23:29:46:089

Connecting Started...

<<<----  [OUT]
2020/10/29 23:29:48:148

I can't connect with the passive [192.168.100.113/5000] error_code:10061 !

<<<----  [OUT]
2020/10/29 23:29:50:636

Connecting Started...

<<<----  [OUT]
2020/10/29 23:29:52:666

I can't connect with the passive [192.168.100.113/5000] error_code:10061 !

<<<----  [OUT]
2020/10/29 23:29:55:152

Connecting Started...

<<<----  [OUT]
2020/10/29 23:29:57:205

I can't connect with the passive [192.168.100.113/5000] error_code:10061 !

<<<----  [OUT]
2020/10/29 23:29:59:684

Connecting Started...

<<<----  [OUT]
2020/10/29 23:30:01:739

I can't connect with the passive [192.168.100.113/5000] error_code:10061 !

<<<----  [OUT]
2020/10/29 23:30:04:230

Connecting Started...

<<<----  [OUT]
2020/10/29 23:30:06:244

I can't connect with the passive [192.168.100.113/5000] error_code:10061 !

<<<----  [OUT]
2020/10/29 23:30:08:731

Connecting Started...

<<<----  [OUT]
2020/10/29 23:30:10:779

I can't connect with the passive [192.168.100.113/5000] error_code:10061 !

<<<----  [OUT]
2020/10/29 23:30:13:260

Connecting Started...

<<<----  [OUT]
2020/10/29 23:30:15:332

I can't connect with the passive [192.168.100.113/5000] error_code:10061 !

<<<----  [OUT]
2020/10/29 23:30:17:823

Connecting Started...

<<<----  [OUT]
2020/10/29 23:30:19:869

I can't connect with the passive [192.168.100.113/5000] error_code:10061 !

<<<----  [OUT]
2020/10/29 23:30:22:355

Connecting Started...

<<<----  [OUT]
2020/10/29 23:30:24:395

I can't connect with the passive [192.168.100.113/5000] error_code:10061 !

<<<----  [OUT]
2020/10/29 23:30:26:886

Connecting Started...

<<<----  [OUT]
2020/10/29 23:30:28:939

I can't connect with the passive [192.168.100.113/5000] error_code:10061 !

<<<----  [OUT]
2020/10/29 23:30:31:417

Connecting Started...

<<<----  [OUT]
2020/10/29 23:30:33:468

I can't connect with the passive [192.168.100.113/5000] error_code:10061 !

<<<----  [OUT]
2020/10/29 23:30:35:950

Connecting Started...

<<<----  [OUT]
2020/10/29 23:30:38:011

I can't connect with the passive [192.168.100.113/5000] error_code:10061 !

<<<----  [OUT]
2020/10/29 23:30:40:495

Connecting Started...

<<<----  [OUT]
2020/10/29 23:30:42:547

I can't connect with the passive [192.168.100.113/5000] error_code:10061 !

<<<----  [OUT]
2020/10/29 23:30:45:027

Connecting Started...

<<<----  [OUT]
2020/10/29 23:30:47:085

I can't connect with the passive [192.168.100.113/5000] error_code:10061 !

<<<----  [OUT]
2020/10/29 23:30:49:573

Connecting Started...

<<<----  [OUT]
2020/10/29 23:30:51:627

I can't connect with the passive [192.168.100.113/5000] error_code:10061 !

<<<----  [OUT]
2020/10/29 23:30:54:104

Connecting Started...

<<<----  [OUT]
2020/10/29 23:30:56:157

I can't connect with the passive [192.168.100.113/5000] error_code:10061 !

<<<----  [OUT]
2020/10/29 23:30:58:636

Connecting Started...

<<<----  [OUT]
2020/10/29 23:31:00:700

I can't connect with the passive [192.168.100.113/5000] error_code:10061 !

<<<----  [OUT]
2020/10/29 23:31:03:183

Connecting Started...

<<<----  [OUT]
2020/10/29 23:31:05:243

I can't connect with the passive [192.168.100.113/5000] error_code:10061 !

<<<----  [OUT]
2020/10/29 23:31:07:729

Connecting Started...

<<<----  [OUT]
2020/10/29 23:31:09:793

I can't connect with the passive [192.168.100.113/5000] error_code:10061 !

<<<----  [OUT]
2020/10/29 23:31:12:277

Connecting Started...

<<<----  [OUT]
2020/10/29 23:31:14:333

I can't connect with the passive [192.168.100.113/5000] error_code:10061 !

<<<----  [OUT]
2020/10/29 23:31:16:823

Connecting Started...

<<<----  [OUT]
2020/10/29 23:31:18:881

I can't connect with the passive [192.168.100.113/5000] error_code:10061 !

<<<----  [OUT]
2020/10/29 23:31:21:370

Connecting Started...

<<<----  [OUT]
2020/10/29 23:31:23:414

I can't connect with the passive [192.168.100.113/5000] error_code:10061 !

<<<----  [OUT]
2020/10/29 23:31:25:901

Connecting Started...

<<<----  [OUT]
2020/10/29 23:31:27:954

I can't connect with the passive [192.168.100.113/5000] error_code:10061 !

<<<----  [OUT]
2020/10/29 23:31:30:433

Connecting Started...

<<<----  [OUT]
2020/10/29 23:31:32:500

I can't connect with the passive [192.168.100.113/5000] error_code:10061 !

<<<----  [OUT]
2020/10/29 23:31:34:981

Connecting Started...

<<<----  [OUT]
2020/10/29 23:31:37:027

I can't connect with the passive [192.168.100.113/5000] error_code:10061 !

<<<----  [OUT]
2020/10/29 23:31:39:511

Connecting Started...

<<<----  [OUT]
2020/10/29 23:31:41:576

I can't connect with the passive [192.168.100.113/5000] error_code:10061 !

<<<----  [OUT]
2020/10/29 23:31:44:058

Connecting Started...

<<<----  [OUT]
2020/10/29 23:31:46:121

I can't connect with the passive [192.168.100.113/5000] error_code:10061 !

<<<----  [OUT]
2020/10/29 23:31:48:605

Connecting Started...

<<<----  [OUT]
2020/10/29 23:31:50:663

I can't connect with the passive [192.168.100.113/5000] error_code:10061 !

<<<----  [OUT]
2020/10/29 23:31:53:151

Connecting Started...

<<<----  [OUT]
2020/10/29 23:31:55:216

I can't connect with the passive [192.168.100.113/5000] error_code:10061 !

<<<----  [OUT]
2020/10/29 23:31:57:699

Connecting Started...

<<<----  [OUT]
2020/10/29 23:31:59:746

I can't connect with the passive [192.168.100.113/5000] error_code:10061 !

<<<----  [OUT]
2020/10/29 23:32:02:230

Connecting Started...

<<<----  [OUT]
2020/10/29 23:32:04:278

I can't connect with the passive [192.168.100.113/5000] error_code:10061 !

<<<----  [OUT]
2020/10/29 23:32:06:762

Connecting Started...

<<<----  [OUT]
2020/10/29 23:32:08:812

I can't connect with the passive [192.168.100.113/5000] error_code:10061 !

<<<----  [OUT]
2020/10/29 23:32:11:292

Connecting Started...

<<<----  [OUT]
2020/10/29 23:32:13:341

I can't connect with the passive [192.168.100.113/5000] error_code:10061 !

<<<----  [OUT]
2020/10/29 23:32:15:823

Connecting Started...

<<<----  [OUT]
2020/10/29 23:32:17:877

I can't connect with the passive [192.168.100.113/5000] error_code:10061 !

<<<----  [OUT]
2020/10/29 23:32:20:356

Connecting Started...

<<<----  [OUT]
2020/10/29 23:32:22:406

I can't connect with the passive [192.168.100.113/5000] error_code:10061 !

<<<----  [OUT]
2020/10/29 23:32:24:885

Connecting Started...

<<<----  [OUT]
2020/10/29 23:32:26:918

I can't connect with the passive [192.168.100.113/5000] error_code:10061 !

<<<----  [OUT]
2020/10/29 23:32:29:402

Connecting Started...

<<<----  [OUT]
2020/10/29 23:32:31:448

I can't connect with the passive [192.168.100.113/5000] error_code:10061 !

<<<----  [OUT]
2020/10/29 23:32:33:932

Connecting Started...

<<<----  [OUT]
2020/10/29 23:32:36:005

I can't connect with the passive [192.168.100.113/5000] error_code:10061 !

<<<----  [OUT]
2020/10/29 23:32:38:495

Connecting Started...

<<<----  [OUT]
2020/10/29 23:32:40:560

I can't connect with the passive [192.168.100.113/5000] error_code:10061 !

<<<----  [OUT]
2020/10/29 23:32:43:042

Connecting Started...

<<<----  [OUT]
2020/10/29 23:32:45:104

I can't connect with the passive [192.168.100.113/5000] error_code:10061 !

<<<----  [OUT]
2020/10/29 23:32:47:590

Connecting Started...

<<<----  [OUT]
2020/10/29 23:32:49:667

I can't connect with the passive [192.168.100.113/5000] error_code:10061 !

<<<----  [OUT]
2020/10/29 23:32:52:152

Connecting Started...

<<<----  [OUT]
2020/10/29 23:32:54:222

I can't connect with the passive [192.168.100.113/5000] error_code:10061 !

<<<----  [OUT]
2020/10/29 23:32:56:698

Connecting Started...

<<<----  [OUT]
2020/10/29 23:32:58:760

I can't connect with the passive [192.168.100.113/5000] error_code:10061 !

<<<----  [OUT]
2020/10/29 23:33:01:246

Connecting Started...

<<<----  [OUT]
2020/10/29 23:33:03:307

I can't connect with the passive [192.168.100.113/5000] error_code:10061 !

<<<----  [OUT]
2020/10/29 23:35:30:092

---------------------------------------------------------------------
// FA : Start Log ...


<<<----  [OUT]
2020/10/29 23:35:30:096

//-------------------------------------------------------------
Property Information

   Driver Type [HSMS]
   Driver Mode [ACTIVE]
   IP    [192.168.100.113]
   Port  [5000]
//-------------------------------------------------------------


<<<----  [OUT]
2020/10/29 23:35:30:697

Auto-Start Started ... (Active)

<<<----  [OUT]
2020/10/29 23:35:30:788

Auto-Start Started ...  Waiting Stop-Connection.

<<<----  [OUT]
2020/10/29 23:35:30:788

Auto-Start Started ...  Waiting Open-Socket.

<<<----  [OUT]
2020/10/29 23:35:30:816

Socket Open Started...

<<<----  [OUT]
2020/10/29 23:35:30:816

Socket Open Completed...

<<<----  [OUT]
2020/10/29 23:35:30:816

Connecting Started...

<<<----  [OUT]
2020/10/29 23:35:30:879

Auto-Start Completed ...  (Active)

<<<----  [OUT]
2020/10/29 23:35:32:861

I can't connect with the passive [192.168.100.113/5000] error_code:10061 !

<<<----  [OUT]
2020/10/29 23:35:35:340

Connecting Started...

<<<----  [OUT]
2020/10/29 23:35:37:368

I can't connect with the passive [192.168.100.113/5000] error_code:10061 !

<<<----  [OUT]
2020/10/29 23:35:39:855

Connecting Started...

<<<----  [OUT]
2020/10/29 23:35:41:907

I can't connect with the passive [192.168.100.113/5000] error_code:10061 !

<<<----  [OUT]
2020/10/29 23:35:44:387

Connecting Started...

<<<----  [OUT]
2020/10/29 23:35:46:433

I can't connect with the passive [192.168.100.113/5000] error_code:10061 !

<<<----  [OUT]
2020/10/29 23:35:48:918

Connecting Started...

<<<----  [OUT]
2020/10/29 23:35:50:956

I can't connect with the passive [192.168.100.113/5000] error_code:10061 !

<<<----  [OUT]
2020/10/29 23:35:53:434

Connecting Started...

<<<----  [OUT]
2020/10/29 23:35:55:483

I can't connect with the passive [192.168.100.113/5000] error_code:10061 !

<<<----  [OUT]
2020/10/29 23:35:57:963

Connecting Started...

<<<----  [OUT]
2020/10/29 23:36:00:012

I can't connect with the passive [192.168.100.113/5000] error_code:10061 !

<<<----  [OUT]
2020/10/29 23:36:02:495

Connecting Started...

<<<----  [OUT]
2020/10/29 23:36:04:520

I can't connect with the passive [192.168.100.113/5000] error_code:10061 !

<<<----  [OUT]
2020/10/29 23:36:07:011

Connecting Started...

<<<----  [OUT]
2020/10/29 23:36:09:051

I can't connect with the passive [192.168.100.113/5000] error_code:10061 !

<<<----  [OUT]
2020/10/29 23:36:11:543

Connecting Started...

<<<----  [OUT]
2020/10/29 23:36:13:593

I can't connect with the passive [192.168.100.113/5000] error_code:10061 !

<<<----  [OUT]
2020/10/29 23:36:16:074

Connecting Started...

<<<----  [OUT]
2020/10/29 23:36:18:101

I can't connect with the passive [192.168.100.113/5000] error_code:10061 !

<<<----  [OUT]
2020/10/29 23:36:20:590

Connecting Started...

<<<----  [OUT]
2020/10/29 23:36:22:626

I can't connect with the passive [192.168.100.113/5000] error_code:10061 !

<<<----  [OUT]
2020/10/29 23:36:25:104

Connecting Started...

<<<----  [OUT]
2020/10/29 23:36:27:155

I can't connect with the passive [192.168.100.113/5000] error_code:10061 !

<<<----  [OUT]
2020/10/29 23:36:29:637

Connecting Started...

<<<----  [OUT]
2020/10/29 23:36:31:656

I can't connect with the passive [192.168.100.113/5000] error_code:10061 !

<<<----  [OUT]
2020/10/29 23:36:34:136

Connecting Started...

<<<----  [OUT]
2020/10/29 23:36:36:159

I can't connect with the passive [192.168.100.113/5000] error_code:10061 !

<<<----  [OUT]
2020/10/29 23:36:38:637

Connecting Started...

<<<----  [OUT]
2020/10/29 23:36:40:678

I can't connect with the passive [192.168.100.113/5000] error_code:10061 !

<<<----  [OUT]
2020/10/29 23:36:43:168

Connecting Started...

<<<----  [OUT]
2020/10/29 23:36:45:215

I can't connect with the passive [192.168.100.113/5000] error_code:10061 !

<<<----  [OUT]
2020/10/29 23:36:47:699

Connecting Started...

<<<----  [OUT]
2020/10/29 23:36:49:758

I can't connect with the passive [192.168.100.113/5000] error_code:10061 !

<<<----  [OUT]
2020/10/29 23:36:52:246

Connecting Started...

<<<----  [OUT]
2020/10/29 23:36:54:297

I can't connect with the passive [192.168.100.113/5000] error_code:10061 !

<<<----  [OUT]
2020/10/29 23:36:56:776

Connecting Started...

<<<----  [OUT]
2020/10/29 23:36:58:826

I can't connect with the passive [192.168.100.113/5000] error_code:10061 !

<<<----  [OUT]
2020/10/29 23:37:01:307

Connecting Started...

<<<----  [OUT]
2020/10/29 23:37:03:365

I can't connect with the passive [192.168.100.113/5000] error_code:10061 !

<<<----  [OUT]
2020/10/29 23:37:05:855

Connecting Started...

<<<----  [OUT]
2020/10/29 23:37:07:898

I can't connect with the passive [192.168.100.113/5000] error_code:10061 !

<<<----  [OUT]
2020/10/29 23:37:10:387

Connecting Started...

<<<----  [OUT]
2020/10/29 23:37:12:434

I can't connect with the passive [192.168.100.113/5000] error_code:10061 !

<<<----  [OUT]
2020/10/29 23:37:14:917

Connecting Started...

<<<----  [OUT]
2020/10/29 23:37:16:983

I can't connect with the passive [192.168.100.113/5000] error_code:10061 !

<<<----  [OUT]
2020/10/29 23:37:19:465

Connecting Started...

<<<----  [OUT]
2020/10/29 23:37:21:485

I can't connect with the passive [192.168.100.113/5000] error_code:10061 !

<<<----  [OUT]
2020/10/29 23:37:23:964

Connecting Started...

<<<----  [OUT]
2020/10/29 23:37:26:030

I can't connect with the passive [192.168.100.113/5000] error_code:10061 !

<<<----  [OUT]
2020/10/29 23:37:28:510

Connecting Started...

<<<----  [OUT]
2020/10/29 23:37:30:580

I can't connect with the passive [192.168.100.113/5000] error_code:10061 !

<<<----  [OUT]
2020/10/29 23:37:33:057

Connecting Started...

<<<----  [OUT]
2020/10/29 23:37:35:118

I can't connect with the passive [192.168.100.113/5000] error_code:10061 !

<<<----  [OUT]
2020/10/29 23:37:37:604

Connecting Started...

<<<----  [OUT]
2020/10/29 23:37:39:638

I can't connect with the passive [192.168.100.113/5000] error_code:10061 !

<<<----  [OUT]
2020/10/29 23:37:42:121

Connecting Started...

<<<----  [OUT]
2020/10/29 23:37:44:183

I can't connect with the passive [192.168.100.113/5000] error_code:10061 !

<<<----  [OUT]
2020/10/29 23:37:46:668

Connecting Started...

<<<----  [OUT]
2020/10/29 23:37:48:706

I can't connect with the passive [192.168.100.113/5000] error_code:10061 !

<<<----  [OUT]
2020/10/29 23:37:51:183

Connecting Started...

<<<----  [OUT]
2020/10/29 23:37:53:237

I can't connect with the passive [192.168.100.113/5000] error_code:10061 !

<<<----  [OUT]
2020/10/29 23:37:55:715

Connecting Started...

<<<----  [OUT]
2020/10/29 23:37:57:784

I can't connect with the passive [192.168.100.113/5000] error_code:10061 !

<<<----  [OUT]
2020/10/29 23:38:00:262

Connecting Started...

<<<----  [OUT]
2020/10/29 23:38:02:322

I can't connect with the passive [192.168.100.113/5000] error_code:10061 !

<<<----  [OUT]
2020/10/29 23:38:04:808

Connecting Started...

<<<----  [OUT]
2020/10/29 23:38:06:853

I can't connect with the passive [192.168.100.113/5000] error_code:10061 !

<<<----  [OUT]
2020/10/29 23:38:09:338

Connecting Started...

<<<----  [OUT]
2020/10/29 23:38:11:392

I can't connect with the passive [192.168.100.113/5000] error_code:10061 !

<<<----  [OUT]
2020/10/29 23:38:13:870

Connecting Started...

<<<----  [OUT]
2020/10/29 23:38:15:919

I can't connect with the passive [192.168.100.113/5000] error_code:10061 !

<<<----  [OUT]
2020/10/29 23:38:18:402

Connecting Started...

<<<----  [OUT]
2020/10/29 23:38:20:482

I can't connect with the passive [192.168.100.113/5000] error_code:10061 !

<<<----  [OUT]
2020/10/29 23:38:22:964

Connecting Started...

<<<----  [OUT]
2020/10/29 23:38:25:003

I can't connect with the passive [192.168.100.113/5000] error_code:10061 !

<<<----  [OUT]
2020/10/29 23:38:27:480

Connecting Started...

<<<----  [OUT]
2020/10/29 23:38:29:522

I can't connect with the passive [192.168.100.113/5000] error_code:10061 !

<<<----  [OUT]
2020/10/29 23:38:32:010

Connecting Started...

<<<----  [OUT]
2020/10/29 23:38:34:063

I can't connect with the passive [192.168.100.113/5000] error_code:10061 !

<<<----  [OUT]
2020/10/29 23:38:36:543

Connecting Started...

<<<----  [OUT]
2020/10/29 23:38:38:566

I can't connect with the passive [192.168.100.113/5000] error_code:10061 !

<<<----  [OUT]
2020/10/29 23:38:41:042

Connecting Started...

<<<----  [OUT]
2020/10/29 23:38:43:121

I can't connect with the passive [192.168.100.113/5000] error_code:10061 !

<<<----  [OUT]
2020/10/29 23:38:45:605

Connecting Started...

<<<----  [OUT]
2020/10/29 23:38:47:655

I can't connect with the passive [192.168.100.113/5000] error_code:10061 !

<<<----  [OUT]
2020/10/29 23:38:50:137

Connecting Started...

<<<----  [OUT]
2020/10/29 23:38:52:188

I can't connect with the passive [192.168.100.113/5000] error_code:10061 !

<<<----  [OUT]
2020/10/29 23:38:54:667

Connecting Started...

<<<----  [OUT]
2020/10/29 23:38:56:713

I can't connect with the passive [192.168.100.113/5000] error_code:10061 !

<<<----  [OUT]
2020/10/29 23:38:59:198

Connecting Started...

<<<----  [OUT]
2020/10/29 23:39:01:248

I can't connect with the passive [192.168.100.113/5000] error_code:10061 !

<<<----  [OUT]
2020/10/29 23:39:03:729

Connecting Started...

<<<----  [OUT]
2020/10/29 23:39:05:801

I can't connect with the passive [192.168.100.113/5000] error_code:10061 !

<<<----  [OUT]
2020/10/29 23:39:08:292

Connecting Started...

<<<----  [OUT]
2020/10/29 23:39:10:362

I can't connect with the passive [192.168.100.113/5000] error_code:10061 !

<<<----  [OUT]
2020/10/29 23:39:12:839

Connecting Started...

<<<----  [OUT]
2020/10/29 23:39:14:887

I can't connect with the passive [192.168.100.113/5000] error_code:10061 !

<<<----  [OUT]
2020/10/29 23:39:17:371

Connecting Started...

<<<----  [OUT]
2020/10/29 23:39:19:434

I can't connect with the passive [192.168.100.113/5000] error_code:10061 !

<<<----  [OUT]
2020/10/29 23:39:21:918

Connecting Started...

<<<----  [OUT]
2020/10/29 23:39:24:001

I can't connect with the passive [192.168.100.113/5000] error_code:10061 !

<<<----  [OUT]
2020/10/29 23:39:26:480

Connecting Started...

<<<----  [OUT]
2020/10/29 23:39:28:545

I can't connect with the passive [192.168.100.113/5000] error_code:10061 !

<<<----  [OUT]
2020/10/29 23:39:31:027

Connecting Started...

<<<----  [OUT]
2020/10/29 23:39:33:078

I can't connect with the passive [192.168.100.113/5000] error_code:10061 !

<<<----  [OUT]
2020/10/29 23:39:35:557

Connecting Started...

<<<----  [OUT]
2020/10/29 23:39:37:600

I can't connect with the passive [192.168.100.113/5000] error_code:10061 !

<<<----  [OUT]
2020/10/29 23:39:40:089

Connecting Started...

<<<----  [OUT]
2020/10/29 23:39:42:128

I can't connect with the passive [192.168.100.113/5000] error_code:10061 !

<<<----  [OUT]
2020/10/29 23:39:44:604

Connecting Started...

<<<----  [OUT]
2020/10/29 23:39:46:660

I can't connect with the passive [192.168.100.113/5000] error_code:10061 !

<<<----  [OUT]
2020/10/29 23:39:49:136

Connecting Started...

<<<----  [OUT]
2020/10/29 23:39:51:195

I can't connect with the passive [192.168.100.113/5000] error_code:10061 !

<<<----  [OUT]
2020/10/29 23:39:53:683

Connecting Started...

<<<----  [OUT]
2020/10/29 23:39:55:748

I can't connect with the passive [192.168.100.113/5000] error_code:10061 !

<<<----  [OUT]
2020/10/29 23:39:58:230

Connecting Started...

<<<----  [OUT]
2020/10/29 23:40:00:293

I can't connect with the passive [192.168.100.113/5000] error_code:10061 !

<<<----  [OUT]
2020/10/29 23:40:02:778

Connecting Started...

<<<----  [OUT]
2020/10/29 23:40:04:837

I can't connect with the passive [192.168.100.113/5000] error_code:10061 !

<<<----  [OUT]
2020/10/29 23:40:07:323

Connecting Started...

<<<----  [OUT]
2020/10/29 23:40:09:389

I can't connect with the passive [192.168.100.113/5000] error_code:10061 !

<<<----  [OUT]
2020/10/29 23:40:11:871

Connecting Started...

<<<----  [OUT]
2020/10/29 23:40:13:914

I can't connect with the passive [192.168.100.113/5000] error_code:10061 !

<<<----  [OUT]
2020/10/29 23:40:16:401

Connecting Started...

<<<----  [OUT]
2020/10/29 23:40:18:465

I can't connect with the passive [192.168.100.113/5000] error_code:10061 !

<<<----  [OUT]
2020/10/29 23:40:20:948

Connecting Started...

<<<----  [OUT]
2020/10/29 23:40:22:987

I can't connect with the passive [192.168.100.113/5000] error_code:10061 !

<<<----  [OUT]
2020/10/29 23:41:53:795

---------------------------------------------------------------------
// FA : Start Log ...


<<<----  [OUT]
2020/10/29 23:41:53:797

//-------------------------------------------------------------
Property Information

   Driver Type [HSMS]
   Driver Mode [ACTIVE]
   IP    [192.168.100.113]
   Port  [5000]
//-------------------------------------------------------------


<<<----  [OUT]
2020/10/29 23:41:54:398

Auto-Start Started ... (Active)

<<<----  [OUT]
2020/10/29 23:41:54:489

Auto-Start Started ...  Waiting Stop-Connection.

<<<----  [OUT]
2020/10/29 23:41:54:489

Auto-Start Started ...  Waiting Open-Socket.

<<<----  [OUT]
2020/10/29 23:41:54:525

Socket Open Started...

<<<----  [OUT]
2020/10/29 23:41:54:525

Socket Open Completed...

<<<----  [OUT]
2020/10/29 23:41:54:525

Connecting Started...

<<<----  [OUT]
2020/10/29 23:41:54:580

Auto-Start Completed ...  (Active)

<<<----  [OUT]
2020/10/29 23:41:56:594

I can't connect with the passive [192.168.100.113/5000] error_code:10061 !

<<<----  [OUT]
2020/10/29 23:41:59:074

Connecting Started...

<<<----  [OUT]
2020/10/29 23:42:01:116

I can't connect with the passive [192.168.100.113/5000] error_code:10061 !

<<<----  [OUT]
2020/10/29 23:42:03:606

Connecting Started...

<<<----  [OUT]
2020/10/29 23:42:05:648

I can't connect with the passive [192.168.100.113/5000] error_code:10061 !

<<<----  [OUT]
2020/10/29 23:42:08:137

Connecting Started...

<<<----  [OUT]
2020/10/29 23:42:10:189

I can't connect with the passive [192.168.100.113/5000] error_code:10061 !

<<<----  [OUT]
2020/10/29 23:42:12:666

Connecting Started...

<<<----  [OUT]
2020/10/29 23:42:14:722

I can't connect with the passive [192.168.100.113/5000] error_code:10061 !

<<<----  [OUT]
2020/10/29 23:42:17:199

Connecting Started...

<<<----  [OUT]
2020/10/29 23:42:19:258

I can't connect with the passive [192.168.100.113/5000] error_code:10061 !

<<<----  [OUT]
2020/10/29 23:42:21:745

Connecting Started...

<<<----  [OUT]
2020/10/29 23:42:23:798

I can't connect with the passive [192.168.100.113/5000] error_code:10061 !

<<<----  [OUT]
2020/10/29 23:42:26:277

Connecting Started...

<<<----  [OUT]
2020/10/29 23:42:28:321

I can't connect with the passive [192.168.100.113/5000] error_code:10061 !

<<<----  [OUT]
2020/10/29 23:42:30:808

Connecting Started...

<<<----  [OUT]
2020/10/29 23:42:32:867

I can't connect with the passive [192.168.100.113/5000] error_code:10061 !

<<<----  [OUT]
2020/10/29 23:42:35:355

Connecting Started...

<<<----  [OUT]
2020/10/29 23:42:37:400

I can't connect with the passive [192.168.100.113/5000] error_code:10061 !

<<<----  [OUT]
2020/10/29 23:42:39:886

Connecting Started...

<<<----  [OUT]
2020/10/29 23:42:41:943

I can't connect with the passive [192.168.100.113/5000] error_code:10061 !

<<<----  [OUT]
2020/10/29 23:42:44:434

Connecting Started...

<<<----  [OUT]
2020/10/29 23:42:46:490

I can't connect with the passive [192.168.100.113/5000] error_code:10061 !

<<<----  [OUT]
2020/10/29 23:42:48:981

Connecting Started...

<<<----  [OUT]
2020/10/29 23:42:51:032

I can't connect with the passive [192.168.100.113/5000] error_code:10061 !

<<<----  [OUT]
2020/10/29 23:42:53:512

Connecting Started...

<<<----  [OUT]
2020/10/29 23:42:55:565

I can't connect with the passive [192.168.100.113/5000] error_code:10061 !

<<<----  [OUT]
2020/10/29 23:42:58:041

Connecting Started...

<<<----  [OUT]
2020/10/29 23:43:00:087

I can't connect with the passive [192.168.100.113/5000] error_code:10061 !

<<<----  [OUT]
2020/10/29 23:43:02:574

Connecting Started...

<<<----  [OUT]
2020/10/29 23:43:04:640

I can't connect with the passive [192.168.100.113/5000] error_code:10061 !

<<<----  [OUT]
2020/10/29 23:43:07:121

Connecting Started...

<<<----  [OUT]
2020/10/29 23:43:09:174

I can't connect with the passive [192.168.100.113/5000] error_code:10061 !

<<<----  [OUT]
2020/10/29 23:43:11:651

Connecting Started...

<<<----  [OUT]
2020/10/29 23:43:13:718

I can't connect with the passive [192.168.100.113/5000] error_code:10061 !

<<<----  [OUT]
2020/10/29 23:43:16:199

Connecting Started...

<<<----  [OUT]
2020/10/29 23:43:18:262

I can't connect with the passive [192.168.100.113/5000] error_code:10061 !

<<<----  [OUT]
2020/10/29 23:43:20:745

Connecting Started...

<<<----  [OUT]
2020/10/29 23:43:22:796

I can't connect with the passive [192.168.100.113/5000] error_code:10061 !

<<<----  [OUT]
2020/10/29 23:43:25:277

Connecting Started...

<<<----  [OUT]
2020/10/29 23:43:27:316

I can't connect with the passive [192.168.100.113/5000] error_code:10061 !

<<<----  [OUT]
2020/10/29 23:43:29:792

Connecting Started...

<<<----  [OUT]
2020/10/29 23:43:31:855

I can't connect with the passive [192.168.100.113/5000] error_code:10061 !

<<<----  [OUT]
2020/10/29 23:43:34:338

Connecting Started...

<<<----  [OUT]
2020/10/29 23:43:36:373

I can't connect with the passive [192.168.100.113/5000] error_code:10061 !

<<<----  [OUT]
2020/10/29 23:43:38:854

Connecting Started...

<<<----  [OUT]
2020/10/29 23:43:40:929

I can't connect with the passive [192.168.100.113/5000] error_code:10061 !

<<<----  [OUT]
2020/10/29 23:43:43:418

Connecting Started...

<<<----  [OUT]
2020/10/29 23:43:45:488

I can't connect with the passive [192.168.100.113/5000] error_code:10061 !

<<<----  [OUT]
2020/10/29 23:43:47:964

Connecting Started...

<<<----  [OUT]
2020/10/29 23:43:50:021

I can't connect with the passive [192.168.100.113/5000] error_code:10061 !

<<<----  [OUT]
2020/10/29 23:43:52:511

Connecting Started...

<<<----  [OUT]
2020/10/29 23:43:54:538

I can't connect with the passive [192.168.100.113/5000] error_code:10061 !

<<<----  [OUT]
2020/10/29 23:43:57:027

Connecting Started...

<<<----  [OUT]
2020/10/29 23:43:59:079

I can't connect with the passive [192.168.100.113/5000] error_code:10061 !

<<<----  [OUT]
2020/10/29 23:44:01:558

Connecting Started...

<<<----  [OUT]
2020/10/29 23:44:03:596

I can't connect with the passive [192.168.100.113/5000] error_code:10061 !

<<<----  [OUT]
2020/10/29 23:44:06:073

Connecting Started...

<<<----  [OUT]
2020/10/29 23:44:08:109

I can't connect with the passive [192.168.100.113/5000] error_code:10061 !

<<<----  [OUT]
2020/10/29 23:44:10:590

Connecting Started...

<<<----  [OUT]
2020/10/29 23:44:12:655

I can't connect with the passive [192.168.100.113/5000] error_code:10061 !

<<<----  [OUT]
2020/10/29 23:44:15:136

Connecting Started...

<<<----  [OUT]
2020/10/29 23:44:17:190

I can't connect with the passive [192.168.100.113/5000] error_code:10061 !

<<<----  [OUT]
2020/10/29 23:44:19:668

Connecting Started...

<<<----  [OUT]
2020/10/29 23:44:21:710

I can't connect with the passive [192.168.100.113/5000] error_code:10061 !

<<<----  [OUT]
2020/10/29 23:44:24:199

Connecting Started...

<<<----  [OUT]
2020/10/29 23:44:26:251

I can't connect with the passive [192.168.100.113/5000] error_code:10061 !

<<<----  [OUT]
2020/10/29 23:44:28:731

Connecting Started...

<<<----  [OUT]
2020/10/29 23:44:30:789

I can't connect with the passive [192.168.100.113/5000] error_code:10061 !

<<<----  [OUT]
2020/10/29 23:44:33:276

Connecting Started...

<<<----  [OUT]
2020/10/29 23:44:35:336

I can't connect with the passive [192.168.100.113/5000] error_code:10061 !

<<<----  [OUT]
2020/10/29 23:44:37:823

Connecting Started...

<<<----  [OUT]
2020/10/29 23:44:39:881

I can't connect with the passive [192.168.100.113/5000] error_code:10061 !

<<<----  [OUT]
2020/10/29 23:44:42:371

Connecting Started...

<<<----  [OUT]
2020/10/29 23:44:44:430

I can't connect with the passive [192.168.100.113/5000] error_code:10061 !

<<<----  [OUT]
2020/10/29 23:44:46:918

Connecting Started...

<<<----  [OUT]
2020/10/29 23:44:48:980

I can't connect with the passive [192.168.100.113/5000] error_code:10061 !

<<<----  [OUT]
2020/10/29 23:44:51:464

Connecting Started...

<<<----  [OUT]
2020/10/29 23:44:53:489

I can't connect with the passive [192.168.100.113/5000] error_code:10061 !

<<<----  [OUT]
2020/10/29 23:44:55:981

Connecting Started...

<<<----  [OUT]
2020/10/29 23:44:58:047

I can't connect with the passive [192.168.100.113/5000] error_code:10061 !

<<<----  [OUT]
2020/10/29 23:45:00:528

Connecting Started...

<<<----  [OUT]
2020/10/29 23:45:02:588

I can't connect with the passive [192.168.100.113/5000] error_code:10061 !

<<<----  [OUT]
2020/10/29 23:45:05:074

Connecting Started...

<<<----  [OUT]
2020/10/29 23:45:07:115

I can't connect with the passive [192.168.100.113/5000] error_code:10061 !

<<<----  [OUT]
2020/10/29 23:45:09:604

Connecting Started...

<<<----  [OUT]
2020/10/29 23:45:11:670

I can't connect with the passive [192.168.100.113/5000] error_code:10061 !

<<<----  [OUT]
2020/10/29 23:45:14:151

Connecting Started...

<<<----  [OUT]
2020/10/29 23:45:16:217

I can't connect with the passive [192.168.100.113/5000] error_code:10061 !

<<<----  [OUT]
2020/10/29 23:45:18:698

Connecting Started...

<<<----  [OUT]
2020/10/29 23:45:20:766

I can't connect with the passive [192.168.100.113/5000] error_code:10061 !

<<<----  [OUT]
2020/10/29 23:45:23:245

Connecting Started...

<<<----  [OUT]
2020/10/29 23:45:25:306

I can't connect with the passive [192.168.100.113/5000] error_code:10061 !

<<<----  [OUT]
2020/10/29 23:45:27:793

Connecting Started...

<<<----  [OUT]
2020/10/29 23:45:29:864

I can't connect with the passive [192.168.100.113/5000] error_code:10061 !

<<<----  [OUT]
2020/10/29 23:45:32:355

Connecting Started...

<<<----  [OUT]
2020/10/29 23:45:34:412

I can't connect with the passive [192.168.100.113/5000] error_code:10061 !

<<<----  [OUT]
2020/10/29 23:45:36:901

Connecting Started...

<<<----  [OUT]
2020/10/29 23:45:38:960

I can't connect with the passive [192.168.100.113/5000] error_code:10061 !

<<<----  [OUT]
2020/10/29 23:45:41:448

Connecting Started...

<<<----  [OUT]
2020/10/29 23:45:43:509

I can't connect with the passive [192.168.100.113/5000] error_code:10061 !

<<<----  [OUT]
2020/10/29 23:45:45:996

Connecting Started...

<<<----  [OUT]
2020/10/29 23:45:48:055

I can't connect with the passive [192.168.100.113/5000] error_code:10061 !

<<<----  [OUT]
2020/10/29 23:45:50:543

Connecting Started...

<<<----  [OUT]
2020/10/29 23:45:52:586

I can't connect with the passive [192.168.100.113/5000] error_code:10061 !

<<<----  [OUT]
2020/10/29 23:45:55:074

Connecting Started...

<<<----  [OUT]
2020/10/29 23:45:57:135

I can't connect with the passive [192.168.100.113/5000] error_code:10061 !

<<<----  [OUT]
2020/10/29 23:45:59:621

Connecting Started...

<<<----  [OUT]
2020/10/29 23:46:01:672

I can't connect with the passive [192.168.100.113/5000] error_code:10061 !

<<<----  [OUT]
2020/10/29 23:46:04:152

Connecting Started...

<<<----  [OUT]
2020/10/29 23:46:06:222

I can't connect with the passive [192.168.100.113/5000] error_code:10061 !

<<<----  [OUT]
2020/10/29 23:46:08:699

Connecting Started...

<<<----  [OUT]
2020/10/29 23:46:10:758

I can't connect with the passive [192.168.100.113/5000] error_code:10061 !

<<<----  [OUT]
2020/10/29 23:46:13:245

Connecting Started...

<<<----  [OUT]
2020/10/29 23:46:15:333

I can't connect with the passive [192.168.100.113/5000] error_code:10061 !

<<<----  [OUT]
2020/10/29 23:46:17:823

Connecting Started...

<<<----  [OUT]
2020/10/29 23:46:19:900

I can't connect with the passive [192.168.100.113/5000] error_code:10061 !

<<<----  [OUT]
2020/10/29 23:46:22:386

Connecting Started...

<<<----  [OUT]
2020/10/29 23:46:24:430

I can't connect with the passive [192.168.100.113/5000] error_code:10061 !

<<<----  [OUT]
2020/10/29 23:46:26:917

Connecting Started...

<<<----  [OUT]
2020/10/29 23:46:28:938

I can't connect with the passive [192.168.100.113/5000] error_code:10061 !

<<<----  [OUT]
2020/10/29 23:46:31:418

Connecting Started...

<<<----  [OUT]
2020/10/29 23:46:33:474

I can't connect with the passive [192.168.100.113/5000] error_code:10061 !

<<<----  [OUT]
2020/10/29 23:46:35:963

Connecting Started...

<<<----  [OUT]
2020/10/29 23:46:37:983

I can't connect with the passive [192.168.100.113/5000] error_code:10061 !

<<<----  [OUT]
2020/10/29 23:46:40:464

Connecting Started...

<<<----  [OUT]
2020/10/29 23:46:42:497

I can't connect with the passive [192.168.100.113/5000] error_code:10061 !

<<<----  [OUT]
2020/10/29 23:46:44:980

Connecting Started...

<<<----  [OUT]
2020/10/29 23:46:47:013

I can't connect with the passive [192.168.100.113/5000] error_code:10061 !

<<<----  [OUT]
2020/10/29 23:46:49:495

Connecting Started...

<<<----  [OUT]
2020/10/29 23:46:51:526

I can't connect with the passive [192.168.100.113/5000] error_code:10061 !

<<<----  [OUT]
2020/10/29 23:46:54:011

Connecting Started...

<<<----  [OUT]
2020/10/29 23:46:56:038

I can't connect with the passive [192.168.100.113/5000] error_code:10061 !

<<<----  [OUT]
2020/10/29 23:46:58:527

Connecting Started...

<<<----  [OUT]
2020/10/29 23:47:00:554

I can't connect with the passive [192.168.100.113/5000] error_code:10061 !

<<<----  [OUT]
2020/10/29 23:47:03:042

Connecting Started...

<<<----  [OUT]
2020/10/29 23:47:05:076

I can't connect with the passive [192.168.100.113/5000] error_code:10061 !

<<<----  [OUT]
2020/10/29 23:47:07:558

Connecting Started...

<<<----  [OUT]
2020/10/29 23:47:09:582

I can't connect with the passive [192.168.100.113/5000] error_code:10061 !

<<<----  [OUT]
2020/10/29 23:47:12:059

Connecting Started...

<<<----  [OUT]
2020/10/29 23:47:14:088

I can't connect with the passive [192.168.100.113/5000] error_code:10061 !

<<<----  [OUT]
2020/10/29 23:47:16:574

Connecting Started...

<<<----  [OUT]
2020/10/29 23:47:18:607

I can't connect with the passive [192.168.100.113/5000] error_code:10061 !

<<<----  [OUT]
2020/10/29 23:47:21:089

Connecting Started...

<<<----  [OUT]
2020/10/29 23:47:23:108

I can't connect with the passive [192.168.100.113/5000] error_code:10061 !

<<<----  [OUT]
2020/10/29 23:47:25:589

Connecting Started...

<<<----  [OUT]
2020/10/29 23:47:27:614

I can't connect with the passive [192.168.100.113/5000] error_code:10061 !

<<<----  [OUT]
2020/10/29 23:47:30:105

Connecting Started...

<<<----  [OUT]
2020/10/29 23:47:32:133

I can't connect with the passive [192.168.100.113/5000] error_code:10061 !

<<<----  [OUT]
2020/10/29 23:47:34:620

Connecting Started...

<<<----  [OUT]
2020/10/29 23:47:36:658

I can't connect with the passive [192.168.100.113/5000] error_code:10061 !

<<<----  [OUT]
2020/10/29 23:47:39:136

Connecting Started...

<<<----  [OUT]
2020/10/29 23:47:41:159

I can't connect with the passive [192.168.100.113/5000] error_code:10061 !

<<<----  [OUT]
2020/10/29 23:47:43:636

Connecting Started...

<<<----  [OUT]
2020/10/29 23:47:45:669

I can't connect with the passive [192.168.100.113/5000] error_code:10061 !

<<<----  [OUT]
2020/10/29 23:47:48:152

Connecting Started...

<<<----  [OUT]
2020/10/29 23:47:50:178

I can't connect with the passive [192.168.100.113/5000] error_code:10061 !

<<<----  [OUT]
2020/10/29 23:47:52:666

Connecting Started...

<<<----  [OUT]
2020/10/29 23:47:54:690

I can't connect with the passive [192.168.100.113/5000] error_code:10061 !

<<<----  [OUT]
2020/10/29 23:47:57:167

Connecting Started...

<<<----  [OUT]
2020/10/29 23:47:59:198

I can't connect with the passive [192.168.100.113/5000] error_code:10061 !

<<<----  [OUT]
2020/10/29 23:48:01:682

Connecting Started...

<<<----  [OUT]
2020/10/29 23:48:03:725

I can't connect with the passive [192.168.100.113/5000] error_code:10061 !

<<<----  [OUT]
2020/10/29 23:48:06:215

Connecting Started...

<<<----  [OUT]
2020/10/29 23:48:08:236

I can't connect with the passive [192.168.100.113/5000] error_code:10061 !

<<<----  [OUT]
2020/10/29 23:48:10:714

Connecting Started...

<<<----  [OUT]
2020/10/29 23:48:12:746

I can't connect with the passive [192.168.100.113/5000] error_code:10061 !

<<<----  [OUT]
2020/10/29 23:48:15:230

Connecting Started...

<<<----  [OUT]
2020/10/29 23:48:17:263

I can't connect with the passive [192.168.100.113/5000] error_code:10061 !

<<<----  [OUT]
2020/10/29 23:48:19:746

Connecting Started...

<<<----  [OUT]
2020/10/29 23:48:21:780

I can't connect with the passive [192.168.100.113/5000] error_code:10061 !

<<<----  [OUT]
2020/10/29 23:48:24:261

Connecting Started...

<<<----  [OUT]
2020/10/29 23:48:26:313

I can't connect with the passive [192.168.100.113/5000] error_code:10061 !

<<<----  [OUT]
2020/10/29 23:48:28:792

Connecting Started...

<<<----  [OUT]
2020/10/29 23:48:30:838

I can't connect with the passive [192.168.100.113/5000] error_code:10061 !

<<<----  [OUT]
2020/10/29 23:48:33:324

Connecting Started...

<<<----  [OUT]
2020/10/29 23:48:35:395

I can't connect with the passive [192.168.100.113/5000] error_code:10061 !

<<<----  [OUT]
2020/10/29 23:48:37:885

Connecting Started...

<<<----  [OUT]
2020/10/29 23:48:39:915

I can't connect with the passive [192.168.100.113/5000] error_code:10061 !

<<<----  [OUT]
2020/10/29 23:48:42:402

Connecting Started...

<<<----  [OUT]
2020/10/29 23:48:44:466

I can't connect with the passive [192.168.100.113/5000] error_code:10061 !

<<<----  [OUT]
2020/10/29 23:48:46:948

Connecting Started...

<<<----  [OUT]
2020/10/29 23:48:49:003

I can't connect with the passive [192.168.100.113/5000] error_code:10061 !

<<<----  [OUT]
2020/10/29 23:48:51:479

Connecting Started...

<<<----  [OUT]
2020/10/29 23:48:53:505

I can't connect with the passive [192.168.100.113/5000] error_code:10061 !

<<<----  [OUT]
2020/10/29 23:48:55:995

Connecting Started...

<<<----  [OUT]
2020/10/29 23:48:58:077

I can't connect with the passive [192.168.100.113/5000] error_code:10061 !

<<<----  [OUT]
2020/10/29 23:49:00:558

Connecting Started...

<<<----  [OUT]
2020/10/29 23:49:02:617

I can't connect with the passive [192.168.100.113/5000] error_code:10061 !

<<<----  [OUT]
2020/10/29 23:49:05:106

Connecting Started...

<<<----  [OUT]
2020/10/29 23:49:07:133

I can't connect with the passive [192.168.100.113/5000] error_code:10061 !

<<<----  [OUT]
2020/10/29 23:49:09:621

Connecting Started...

<<<----  [OUT]
2020/10/29 23:49:11:692

I can't connect with the passive [192.168.100.113/5000] error_code:10061 !

<<<----  [OUT]
2020/10/29 23:49:14:182

Connecting Started...

<<<----  [OUT]
2020/10/29 23:49:16:248

I can't connect with the passive [192.168.100.113/5000] error_code:10061 !

<<<----  [OUT]
2020/10/29 23:49:18:730

Connecting Started...

<<<----  [OUT]
2020/10/29 23:49:20:817

I can't connect with the passive [192.168.100.113/5000] error_code:10061 !

<<<----  [OUT]
2020/10/29 23:49:23:308

Connecting Started...

<<<----  [OUT]
2020/10/29 23:49:25:371

I can't connect with the passive [192.168.100.113/5000] error_code:10061 !

<<<----  [OUT]
2020/10/29 23:49:27:854

Connecting Started...

<<<----  [OUT]
2020/10/29 23:49:29:910

I can't connect with the passive [192.168.100.113/5000] error_code:10061 !

<<<----  [OUT]
2020/10/29 23:49:32:401

Connecting Started...

<<<----  [OUT]
2020/10/29 23:49:34:474

I can't connect with the passive [192.168.100.113/5000] error_code:10061 !

<<<----  [OUT]
2020/10/29 23:49:36:964

Connecting Started...

<<<----  [OUT]
2020/10/29 23:49:39:007

I can't connect with the passive [192.168.100.113/5000] error_code:10061 !

<<<----  [OUT]
2020/10/29 23:49:41:496

Connecting Started...

<<<----  [OUT]
2020/10/29 23:49:43:532

I can't connect with the passive [192.168.100.113/5000] error_code:10061 !

<<<----  [OUT]
2020/10/29 23:49:46:010

Connecting Started...

<<<----  [OUT]
2020/10/29 23:49:48:072

I can't connect with the passive [192.168.100.113/5000] error_code:10061 !

<<<----  [OUT]
2020/10/29 23:49:50:557

Connecting Started...

<<<----  [OUT]
2020/10/29 23:49:52:595

I can't connect with the passive [192.168.100.113/5000] error_code:10061 !

<<<----  [OUT]
2020/10/29 23:49:55:074

Connecting Started...

<<<----  [OUT]
2020/10/29 23:49:57:154

I can't connect with the passive [192.168.100.113/5000] error_code:10061 !

<<<----  [OUT]
2020/10/29 23:49:59:637

Connecting Started...

<<<----  [OUT]
2020/10/29 23:50:01:703

I can't connect with the passive [192.168.100.113/5000] error_code:10061 !

<<<----  [OUT]
2020/10/29 23:50:04:183

Connecting Started...

<<<----  [OUT]
2020/10/29 23:50:06:242

I can't connect with the passive [192.168.100.113/5000] error_code:10061 !

<<<----  [OUT]
2020/10/29 23:50:08:731

Connecting Started...

<<<----  [OUT]
2020/10/29 23:50:10:758

I can't connect with the passive [192.168.100.113/5000] error_code:10061 !

<<<----  [OUT]
2020/10/29 23:50:13:246

Connecting Started...

<<<----  [OUT]
2020/10/29 23:50:15:315

I can't connect with the passive [192.168.100.113/5000] error_code:10061 !

<<<----  [OUT]
2020/10/29 23:50:17:791

Connecting Started...

<<<----  [OUT]
2020/10/29 23:50:19:870

I can't connect with the passive [192.168.100.113/5000] error_code:10061 !

<<<----  [OUT]
2020/10/29 23:50:22:355

Connecting Started...

<<<----  [OUT]
2020/10/29 23:50:24:415

I can't connect with the passive [192.168.100.113/5000] error_code:10061 !

<<<----  [OUT]
2020/10/29 23:50:26:901

Connecting Started...

<<<----  [OUT]
2020/10/29 23:50:28:919

I can't connect with the passive [192.168.100.113/5000] error_code:10061 !

<<<----  [OUT]
2020/10/29 23:50:31:401

Connecting Started...

<<<----  [OUT]
2020/10/29 23:50:33:430

I can't connect with the passive [192.168.100.113/5000] error_code:10061 !

<<<----  [OUT]
2020/10/29 23:50:35:918

Connecting Started...

<<<----  [OUT]
2020/10/29 23:50:37:952

I can't connect with the passive [192.168.100.113/5000] error_code:10061 !

<<<----  [OUT]
2020/10/29 23:50:40:432

Connecting Started...

<<<----  [OUT]
2020/10/29 23:50:42:496

I can't connect with the passive [192.168.100.113/5000] error_code:10061 !

<<<----  [OUT]
2020/10/29 23:50:44:980

Connecting Started...

<<<----  [OUT]
2020/10/29 23:50:47:038

I can't connect with the passive [192.168.100.113/5000] error_code:10061 !

<<<----  [OUT]
2020/10/29 23:50:49:527

Connecting Started...

<<<----  [OUT]
2020/10/29 23:50:51:580

I can't connect with the passive [192.168.100.113/5000] error_code:10061 !

<<<----  [OUT]
2020/10/29 23:50:54:059

Connecting Started...

<<<----  [OUT]
2020/10/29 23:50:56:142

I can't connect with the passive [192.168.100.113/5000] error_code:10061 !

<<<----  [OUT]
2020/10/29 23:50:58:620

Connecting Started...

<<<----  [OUT]
2020/10/29 23:51:00:679

I can't connect with the passive [192.168.100.113/5000] error_code:10061 !

<<<----  [OUT]
2020/10/29 23:51:03:168

Connecting Started...

<<<----  [OUT]
2020/10/29 23:51:05:216

I can't connect with the passive [192.168.100.113/5000] error_code:10061 !

<<<----  [OUT]
2020/10/29 23:51:07:698

Connecting Started...

<<<----  [OUT]
2020/10/29 23:51:09:732

I can't connect with the passive [192.168.100.113/5000] error_code:10061 !

<<<----  [OUT]
2020/10/29 23:51:12:214

Connecting Started...

<<<----  [OUT]
2020/10/29 23:51:14:243

I can't connect with the passive [192.168.100.113/5000] error_code:10061 !

<<<----  [OUT]
2020/10/29 23:51:16:730

Connecting Started...

<<<----  [OUT]
2020/10/29 23:51:18:750

I can't connect with the passive [192.168.100.113/5000] error_code:10061 !

<<<----  [OUT]
2020/10/29 23:51:21:230

Connecting Started...

<<<----  [OUT]
2020/10/29 23:51:23:268

I can't connect with the passive [192.168.100.113/5000] error_code:10061 !

<<<----  [OUT]
2020/10/29 23:51:25:746

Connecting Started...

<<<----  [OUT]
2020/10/29 23:51:27:811

I can't connect with the passive [192.168.100.113/5000] error_code:10061 !

<<<----  [OUT]
2020/10/29 23:51:30:293

Connecting Started...

<<<----  [OUT]
2020/10/29 23:51:32:365

I can't connect with the passive [192.168.100.113/5000] error_code:10061 !

<<<----  [OUT]
2020/10/29 23:51:34:854

Connecting Started...

<<<----  [OUT]
2020/10/29 23:51:36:919

I can't connect with the passive [192.168.100.113/5000] error_code:10061 !

<<<----  [OUT]
2020/10/29 23:51:39:401

Connecting Started...

<<<----  [OUT]
2020/10/29 23:51:41:435

I can't connect with the passive [192.168.100.113/5000] error_code:10061 !

<<<----  [OUT]
2020/10/29 23:51:43:917

Connecting Started...

<<<----  [OUT]
2020/10/29 23:51:45:988

I can't connect with the passive [192.168.100.113/5000] error_code:10061 !

<<<----  [OUT]
2020/10/29 23:51:48:464

Connecting Started...

<<<----  [OUT]
2020/10/29 23:51:50:536

I can't connect with the passive [192.168.100.113/5000] error_code:10061 !

<<<----  [OUT]
2020/10/29 23:51:53:026

Connecting Started...

<<<----  [OUT]
2020/10/29 23:51:55:094

I can't connect with the passive [192.168.100.113/5000] error_code:10061 !

<<<----  [OUT]
2020/10/29 23:51:57:573

Connecting Started...

<<<----  [OUT]
2020/10/29 23:51:59:649

I can't connect with the passive [192.168.100.113/5000] error_code:10061 !

<<<----  [OUT]
2020/10/29 23:52:02:137

Connecting Started...

<<<----  [OUT]
2020/10/29 23:52:04:159

I can't connect with the passive [192.168.100.113/5000] error_code:10061 !

<<<----  [OUT]
2020/10/29 23:52:06:636

Connecting Started...

<<<----  [OUT]
2020/10/29 23:52:08:690

I can't connect with the passive [192.168.100.113/5000] error_code:10061 !

<<<----  [OUT]
2020/10/29 23:52:11:167

Connecting Started...

<<<----  [OUT]
2020/10/29 23:52:13:243

I can't connect with the passive [192.168.100.113/5000] error_code:10061 !

<<<----  [OUT]
2020/10/29 23:52:15:730

Connecting Started...

<<<----  [OUT]
2020/10/29 23:52:17:798

I can't connect with the passive [192.168.100.113/5000] error_code:10061 !

<<<----  [OUT]
2020/10/29 23:52:20:277

Connecting Started...

<<<----  [OUT]
2020/10/29 23:52:22:309

I can't connect with the passive [192.168.100.113/5000] error_code:10061 !

<<<----  [OUT]
2020/10/29 23:52:24:793

Connecting Started...

<<<----  [OUT]
2020/10/29 23:52:26:823

I can't connect with the passive [192.168.100.113/5000] error_code:10061 !

<<<----  [OUT]
2020/10/29 23:52:29:309

Connecting Started...

<<<----  [OUT]
2020/10/29 23:52:31:391

I can't connect with the passive [192.168.100.113/5000] error_code:10061 !

<<<----  [OUT]
2020/10/29 23:52:33:870

Connecting Started...

<<<----  [OUT]
2020/10/29 23:52:35:942

I can't connect with the passive [192.168.100.113/5000] error_code:10061 !

<<<----  [OUT]
2020/10/29 23:52:38:432

Connecting Started...

<<<----  [OUT]
2020/10/29 23:52:40:504

I can't connect with the passive [192.168.100.113/5000] error_code:10061 !

<<<----  [OUT]
2020/10/29 23:52:42:996

Connecting Started...

<<<----  [OUT]
2020/10/29 23:52:45:056

I can't connect with the passive [192.168.100.113/5000] error_code:10061 !

<<<----  [OUT]
2020/10/29 23:52:47:542

Connecting Started...

<<<----  [OUT]
2020/10/29 23:52:49:615

I can't connect with the passive [192.168.100.113/5000] error_code:10061 !

<<<----  [OUT]
2020/10/29 23:52:52:105

Connecting Started...

<<<----  [OUT]
2020/10/29 23:52:54:179

I can't connect with the passive [192.168.100.113/5000] error_code:10061 !

<<<----  [OUT]
2020/10/29 23:52:56:668

Connecting Started...

<<<----  [OUT]
2020/10/29 23:52:58:737

I can't connect with the passive [192.168.100.113/5000] error_code:10061 !

<<<----  [OUT]
2020/10/29 23:53:01:214

Connecting Started...

<<<----  [OUT]
2020/10/29 23:53:03:271

I can't connect with the passive [192.168.100.113/5000] error_code:10061 !

<<<----  [OUT]
2020/10/29 23:53:05:761

Connecting Started...

<<<----  [OUT]
2020/10/29 23:53:07:803

I can't connect with the passive [192.168.100.113/5000] error_code:10061 !

<<<----  [OUT]
2020/10/29 23:53:10:293

Connecting Started...

<<<----  [OUT]
2020/10/29 23:53:12:368

I can't connect with the passive [192.168.100.113/5000] error_code:10061 !

<<<----  [OUT]
2020/10/29 23:53:14:854

Connecting Started...

<<<----  [OUT]
2020/10/29 23:53:16:927

I can't connect with the passive [192.168.100.113/5000] error_code:10061 !

<<<----  [OUT]
2020/10/29 23:53:19:417

Connecting Started...

<<<----  [OUT]
2020/10/29 23:53:21:454

I can't connect with the passive [192.168.100.113/5000] error_code:10061 !

<<<----  [OUT]
2020/10/29 23:53:23:933

Connecting Started...

<<<----  [OUT]
2020/10/29 23:53:26:007

I can't connect with the passive [192.168.100.113/5000] error_code:10061 !

<<<----  [OUT]
2020/10/29 23:53:28:497

Connecting Started...

<<<----  [OUT]
2020/10/29 23:53:30:565

I can't connect with the passive [192.168.100.113/5000] error_code:10061 !

<<<----  [OUT]
2020/10/29 23:53:33:043

Connecting Started...

<<<----  [OUT]
2020/10/29 23:53:35:101

I can't connect with the passive [192.168.100.113/5000] error_code:10061 !

<<<----  [OUT]
2020/10/29 23:53:37:588

Connecting Started...

<<<----  [OUT]
2020/10/29 23:53:39:619

I can't connect with the passive [192.168.100.113/5000] error_code:10061 !

<<<----  [OUT]
2020/10/29 23:53:42:105

Connecting Started...

<<<----  [OUT]
2020/10/29 23:53:44:165

I can't connect with the passive [192.168.100.113/5000] error_code:10061 !

<<<----  [OUT]
2020/10/29 23:53:46:651

Connecting Started...

<<<----  [OUT]
2020/10/29 23:53:48:727

I can't connect with the passive [192.168.100.113/5000] error_code:10061 !

<<<----  [OUT]
2020/10/29 23:53:51:215

Connecting Started...

<<<----  [OUT]
2020/10/29 23:53:53:267

I can't connect with the passive [192.168.100.113/5000] error_code:10061 !

<<<----  [OUT]
2020/10/29 23:53:55:745

Connecting Started...

<<<----  [OUT]
2020/10/29 23:53:57:784

I can't connect with the passive [192.168.100.113/5000] error_code:10061 !

<<<----  [OUT]
2020/10/29 23:54:00:261

Connecting Started...

<<<----  [OUT]
2020/10/29 23:54:02:333

I can't connect with the passive [192.168.100.113/5000] error_code:10061 !

<<<----  [OUT]
2020/10/29 23:54:04:824

Connecting Started...

<<<----  [OUT]
2020/10/29 23:54:06:871

I can't connect with the passive [192.168.100.113/5000] error_code:10061 !

<<<----  [OUT]
2020/10/29 23:54:09:354

Connecting Started...

<<<----  [OUT]
2020/10/29 23:54:11:408

I can't connect with the passive [192.168.100.113/5000] error_code:10061 !

<<<----  [OUT]
2020/10/29 23:54:13:887

Connecting Started...

<<<----  [OUT]
2020/10/29 23:54:15:962

I can't connect with the passive [192.168.100.113/5000] error_code:10061 !

<<<----  [OUT]
2020/10/29 23:54:18:449

Connecting Started...

<<<----  [OUT]
2020/10/29 23:54:20:514

I can't connect with the passive [192.168.100.113/5000] error_code:10061 !

<<<----  [OUT]
2020/10/29 23:54:22:996

Connecting Started...

<<<----  [OUT]
2020/10/29 23:54:25:034

I can't connect with the passive [192.168.100.113/5000] error_code:10061 !

<<<----  [OUT]
2020/10/29 23:54:27:510

Connecting Started...

<<<----  [OUT]
2020/10/29 23:54:29:532

I can't connect with the passive [192.168.100.113/5000] error_code:10061 !

<<<----  [OUT]
2020/10/29 23:54:32:011

Connecting Started...

<<<----  [OUT]
2020/10/29 23:54:34:032

I can't connect with the passive [192.168.100.113/5000] error_code:10061 !

<<<----  [OUT]
2020/10/29 23:54:36:511

Connecting Started...

<<<----  [OUT]
2020/10/29 23:54:38:542

I can't connect with the passive [192.168.100.113/5000] error_code:10061 !

<<<----  [OUT]
2020/10/29 23:54:41:026

Connecting Started...

<<<----  [OUT]
2020/10/29 23:54:43:103

I can't connect with the passive [192.168.100.113/5000] error_code:10061 !

<<<----  [OUT]
2020/10/29 23:54:45:589

Connecting Started...

<<<----  [OUT]
2020/10/29 23:54:47:645

I can't connect with the passive [192.168.100.113/5000] error_code:10061 !

<<<----  [OUT]
2020/10/29 23:54:50:137

Connecting Started...

<<<----  [OUT]
2020/10/29 23:54:52:172

I can't connect with the passive [192.168.100.113/5000] error_code:10061 !

<<<----  [OUT]
2020/10/29 23:54:54:653

Connecting Started...

<<<----  [OUT]
2020/10/29 23:54:56:697

I can't connect with the passive [192.168.100.113/5000] error_code:10061 !

<<<----  [OUT]
2020/10/29 23:54:59:183

Connecting Started...

<<<----  [OUT]
2020/10/29 23:55:01:219

I can't connect with the passive [192.168.100.113/5000] error_code:10061 !

<<<----  [OUT]
2020/10/29 23:55:03:699

Connecting Started...

<<<----  [OUT]
2020/10/29 23:55:05:754

I can't connect with the passive [192.168.100.113/5000] error_code:10061 !

<<<----  [OUT]
2020/10/29 23:55:08:246

Connecting Started...

<<<----  [OUT]
2020/10/29 23:55:10:272

I can't connect with the passive [192.168.100.113/5000] error_code:10061 !

<<<----  [OUT]
2020/10/29 23:55:12:761

Connecting Started...

<<<----  [OUT]
2020/10/29 23:55:14:826

I can't connect with the passive [192.168.100.113/5000] error_code:10061 !

<<<----  [OUT]
2020/10/29 23:55:17:309

Connecting Started...

<<<----  [OUT]
2020/10/29 23:55:19:361

I can't connect with the passive [192.168.100.113/5000] error_code:10061 !

<<<----  [OUT]
2020/10/29 23:55:21:840

Connecting Started...

<<<----  [OUT]
2020/10/29 23:55:23:922

I can't connect with the passive [192.168.100.113/5000] error_code:10061 !

<<<----  [OUT]
2020/10/29 23:55:26:401

Connecting Started...

<<<----  [OUT]
2020/10/29 23:55:28:462

I can't connect with the passive [192.168.100.113/5000] error_code:10061 !

<<<----  [OUT]
2020/10/29 23:55:30:948

Connecting Started...

<<<----  [OUT]
2020/10/29 23:55:33:009

I can't connect with the passive [192.168.100.113/5000] error_code:10061 !

<<<----  [OUT]
2020/10/29 23:55:35:495

Connecting Started...

<<<----  [OUT]
2020/10/29 23:55:37:511

I can't connect with the passive [192.168.100.113/5000] error_code:10061 !

<<<----  [OUT]
2020/10/29 23:55:39:996

Connecting Started...

<<<----  [OUT]
2020/10/29 23:55:42:011

I can't connect with the passive [192.168.100.113/5000] error_code:10061 !

<<<----  [OUT]
2020/10/29 23:55:44:495

Connecting Started...

<<<----  [OUT]
2020/10/29 23:55:46:577

I can't connect with the passive [192.168.100.113/5000] error_code:10061 !

<<<----  [OUT]
2020/10/29 23:55:49:058

Connecting Started...

<<<----  [OUT]
2020/10/29 23:55:51:130

I can't connect with the passive [192.168.100.113/5000] error_code:10061 !

<<<----  [OUT]
2020/10/29 23:55:53:620

Connecting Started...

<<<----  [OUT]
2020/10/29 23:55:55:682

I can't connect with the passive [192.168.100.113/5000] error_code:10061 !

<<<----  [OUT]
2020/10/29 23:55:58:167

Connecting Started...

<<<----  [OUT]
2020/10/29 23:56:00:236

I can't connect with the passive [192.168.100.113/5000] error_code:10061 !

<<<----  [OUT]
2020/10/29 23:56:02:714

Connecting Started...

<<<----  [OUT]
2020/10/29 23:56:04:763

I can't connect with the passive [192.168.100.113/5000] error_code:10061 !

<<<----  [OUT]
2020/10/29 23:56:07:245

Connecting Started...

<<<----  [OUT]
2020/10/29 23:56:09:310

I can't connect with the passive [192.168.100.113/5000] error_code:10061 !

<<<----  [OUT]
2020/10/29 23:56:11:792

Connecting Started...

<<<----  [OUT]
2020/10/29 23:56:13:852

I can't connect with the passive [192.168.100.113/5000] error_code:10061 !

<<<----  [OUT]
2020/10/29 23:56:16:339

Connecting Started...

<<<----  [OUT]
2020/10/29 23:56:18:404

I can't connect with the passive [192.168.100.113/5000] error_code:10061 !

<<<----  [OUT]
2020/10/29 23:56:20:886

Connecting Started...

<<<----  [OUT]
2020/10/29 23:56:22:916

I can't connect with the passive [192.168.100.113/5000] error_code:10061 !

<<<----  [OUT]
2020/10/29 23:56:25:401

Connecting Started...

<<<----  [OUT]
2020/10/29 23:56:27:422

I can't connect with the passive [192.168.100.113/5000] error_code:10061 !

<<<----  [OUT]
2020/10/29 23:56:29:902

Connecting Started...

<<<----  [OUT]
2020/10/29 23:56:31:925

I can't connect with the passive [192.168.100.113/5000] error_code:10061 !

<<<----  [OUT]
2020/10/29 23:56:34:401

Connecting Started...

<<<----  [OUT]
2020/10/29 23:56:36:471

I can't connect with the passive [192.168.100.113/5000] error_code:10061 !

<<<----  [OUT]
2020/10/29 23:56:38:948

Connecting Started...

<<<----  [OUT]
2020/10/29 23:56:41:009

I can't connect with the passive [192.168.100.113/5000] error_code:10061 !

<<<----  [OUT]
2020/10/29 23:56:43:496

Connecting Started...

<<<----  [OUT]
2020/10/29 23:56:45:562

I can't connect with the passive [192.168.100.113/5000] error_code:10061 !

<<<----  [OUT]
2020/10/29 23:56:48:041

Connecting Started...

<<<----  [OUT]
2020/10/29 23:56:50:118

I can't connect with the passive [192.168.100.113/5000] error_code:10061 !

<<<----  [OUT]
2020/10/29 23:56:52:604

Connecting Started...

<<<----  [OUT]
2020/10/29 23:56:54:671

I can't connect with the passive [192.168.100.113/5000] error_code:10061 !

<<<----  [OUT]
2020/10/29 23:56:57:151

Connecting Started...

<<<----  [OUT]
2020/10/29 23:56:59:222

I can't connect with the passive [192.168.100.113/5000] error_code:10061 !

<<<----  [OUT]
2020/10/29 23:57:01:699

Connecting Started...

<<<----  [OUT]
2020/10/29 23:57:03:754

I can't connect with the passive [192.168.100.113/5000] error_code:10061 !

<<<----  [OUT]
2020/10/29 23:57:06:246

Connecting Started...

<<<----  [OUT]
2020/10/29 23:57:08:268

I can't connect with the passive [192.168.100.113/5000] error_code:10061 !

<<<----  [OUT]
2020/10/29 23:57:10:746

Connecting Started...

<<<----  [OUT]
2020/10/29 23:57:12:807

I can't connect with the passive [192.168.100.113/5000] error_code:10061 !

<<<----  [OUT]
2020/10/29 23:57:15:293

Connecting Started...

<<<----  [OUT]
2020/10/29 23:57:17:345

I can't connect with the passive [192.168.100.113/5000] error_code:10061 !

<<<----  [OUT]
2020/10/29 23:57:19:822

Connecting Started...

<<<----  [OUT]
2020/10/29 23:57:21:870

I can't connect with the passive [192.168.100.113/5000] error_code:10061 !

<<<----  [OUT]
2020/10/29 23:57:24:355

Connecting Started...

<<<----  [OUT]
2020/10/29 23:57:26:425

I can't connect with the passive [192.168.100.113/5000] error_code:10061 !

<<<----  [OUT]
2020/10/29 23:57:28:902

Connecting Started...

<<<----  [OUT]
2020/10/29 23:57:30:941

I can't connect with the passive [192.168.100.113/5000] error_code:10061 !

<<<----  [OUT]
2020/10/29 23:57:33:418

Connecting Started...

<<<----  [OUT]
2020/10/29 23:57:35:471

I can't connect with the passive [192.168.100.113/5000] error_code:10061 !

<<<----  [OUT]
2020/10/29 23:57:37:949

Connecting Started...

<<<----  [OUT]
2020/10/29 23:57:40:002

I can't connect with the passive [192.168.100.113/5000] error_code:10061 !

<<<----  [OUT]
2020/10/29 23:57:42:480

Connecting Started...

<<<----  [OUT]
2020/10/29 23:57:44:534

I can't connect with the passive [192.168.100.113/5000] error_code:10061 !

<<<----  [OUT]
2020/10/29 23:57:47:012

Connecting Started...

<<<----  [OUT]
2020/10/29 23:57:49:059

I can't connect with the passive [192.168.100.113/5000] error_code:10061 !

<<<----  [OUT]
2020/10/29 23:57:51:542

Connecting Started...

<<<----  [OUT]
2020/10/29 23:57:53:576

I can't connect with the passive [192.168.100.113/5000] error_code:10061 !

<<<----  [OUT]
2020/10/29 23:57:56:058

Connecting Started...

<<<----  [OUT]
2020/10/29 23:57:58:132

I can't connect with the passive [192.168.100.113/5000] error_code:10061 !

<<<----  [OUT]
2020/10/29 23:58:00:619

Connecting Started...

<<<----  [OUT]
2020/10/29 23:58:02:683

I can't connect with the passive [192.168.100.113/5000] error_code:10061 !

<<<----  [OUT]
2020/10/29 23:58:05:168

Connecting Started...

<<<----  [OUT]
2020/10/29 23:58:07:237

I can't connect with the passive [192.168.100.113/5000] error_code:10061 !

<<<----  [OUT]
2020/10/29 23:58:09:715

Connecting Started...

<<<----  [OUT]
2020/10/29 23:58:11:742

I can't connect with the passive [192.168.100.113/5000] error_code:10061 !

<<<----  [OUT]
2020/10/29 23:58:14:229

Connecting Started...

<<<----  [OUT]
2020/10/29 23:58:16:286

I can't connect with the passive [192.168.100.113/5000] error_code:10061 !

<<<----  [OUT]
2020/10/29 23:58:18:776

Connecting Started...

<<<----  [OUT]
2020/10/29 23:58:20:830

I can't connect with the passive [192.168.100.113/5000] error_code:10061 !

<<<----  [OUT]
2020/10/29 23:58:23:308

Connecting Started...

<<<----  [OUT]
2020/10/29 23:58:25:334

I can't connect with the passive [192.168.100.113/5000] error_code:10061 !

<<<----  [OUT]
2020/10/29 23:58:27:823

Connecting Started...

<<<----  [OUT]
2020/10/29 23:58:29:869

I can't connect with the passive [192.168.100.113/5000] error_code:10061 !

<<<----  [OUT]
2020/10/29 23:58:32:356

Connecting Started...

<<<----  [OUT]
2020/10/29 23:58:34:382

I can't connect with the passive [192.168.100.113/5000] error_code:10061 !

<<<----  [OUT]
2020/10/29 23:58:36:870

Connecting Started...

<<<----  [OUT]
2020/10/29 23:58:38:919

I can't connect with the passive [192.168.100.113/5000] error_code:10061 !

<<<----  [OUT]
2020/10/29 23:58:41:402

Connecting Started...

<<<----  [OUT]
2020/10/29 23:58:43:453

I can't connect with the passive [192.168.100.113/5000] error_code:10061 !

<<<----  [OUT]
2020/10/29 23:58:45:932

Connecting Started...

<<<----  [OUT]
2020/10/29 23:58:47:994

I can't connect with the passive [192.168.100.113/5000] error_code:10061 !

<<<----  [OUT]
2020/10/29 23:58:50:479

Connecting Started...

<<<----  [OUT]
2020/10/29 23:58:52:513

I can't connect with the passive [192.168.100.113/5000] error_code:10061 !

<<<----  [OUT]
2020/10/29 23:58:54:996

Connecting Started...

<<<----  [OUT]
2020/10/29 23:58:57:044

I can't connect with the passive [192.168.100.113/5000] error_code:10061 !

<<<----  [OUT]
2020/10/29 23:58:59:527

Connecting Started...

<<<----  [OUT]
2020/10/29 23:59:01:579

I can't connect with the passive [192.168.100.113/5000] error_code:10061 !

<<<----  [OUT]
2020/10/29 23:59:04:058

Connecting Started...

<<<----  [OUT]
2020/10/29 23:59:06:110

I can't connect with the passive [192.168.100.113/5000] error_code:10061 !

<<<----  [OUT]
2020/10/29 23:59:08:590

Connecting Started...

<<<----  [OUT]
2020/10/29 23:59:10:641

I can't connect with the passive [192.168.100.113/5000] error_code:10061 !

<<<----  [OUT]
2020/10/29 23:59:13:120

Connecting Started...

<<<----  [OUT]
2020/10/29 23:59:15:156

I can't connect with the passive [192.168.100.113/5000] error_code:10061 !

<<<----  [OUT]
2020/10/29 23:59:17:636

Connecting Started...

<<<----  [OUT]
2020/10/29 23:59:19:668

I can't connect with the passive [192.168.100.113/5000] error_code:10061 !

<<<----  [OUT]
2020/10/29 23:59:22:151

Connecting Started...

<<<----  [OUT]
2020/10/29 23:59:24:178

I can't connect with the passive [192.168.100.113/5000] error_code:10061 !

<<<----  [OUT]
2020/10/29 23:59:26:668

Connecting Started...

<<<----  [OUT]
2020/10/29 23:59:28:704

I can't connect with the passive [192.168.100.113/5000] error_code:10061 !

<<<----  [OUT]
2020/10/29 23:59:31:183

Connecting Started...

<<<----  [OUT]
2020/10/29 23:59:33:203

I can't connect with the passive [192.168.100.113/5000] error_code:10061 !

<<<----  [OUT]
2020/10/29 23:59:35:683

Connecting Started...

<<<----  [OUT]
2020/10/29 23:59:37:740

I can't connect with the passive [192.168.100.113/5000] error_code:10061 !

<<<----  [OUT]
2020/10/29 23:59:40:229

Connecting Started...

<<<----  [OUT]
2020/10/29 23:59:42:275

I can't connect with the passive [192.168.100.113/5000] error_code:10061 !

<<<----  [OUT]
2020/10/29 23:59:44:761

Connecting Started...

<<<----  [OUT]
2020/10/29 23:59:46:795

I can't connect with the passive [192.168.100.113/5000] error_code:10061 !

<<<----  [OUT]
2020/10/29 23:59:49:277

Connecting Started...

<<<----  [OUT]
2020/10/29 23:59:51:304

I can't connect with the passive [192.168.100.113/5000] error_code:10061 !

<<<----  [OUT]
2020/10/29 23:59:53:793

Connecting Started...

<<<----  [OUT]
2020/10/29 23:59:55:834

I can't connect with the passive [192.168.100.113/5000] error_code:10061 !

<<<----  [OUT]
2020/10/29 23:59:58:323

Connecting Started...
