
<<<----  [OUT]
2020/10/29 21:18:23:345

---------------------------------------------------------------------
// FA : Start Log ...


<<<----  [OUT]
2020/10/29 21:18:23:348

//-------------------------------------------------------------
Property Information

   Driver Type [HSMS]
   Driver Mode [ACTIVE]
   IP    [192.168.100.113]
   Port  [5000]
//-------------------------------------------------------------


<<<----  [OUT]
2020/10/29 21:18:23:955

Auto-Start Started ... (Active)

<<<----  [OUT]
2020/10/29 21:18:24:046

Auto-Start Started ...  Waiting Stop-Connection.

<<<----  [OUT]
2020/10/29 21:18:24:046

Auto-Start Started ...  Waiting Open-Socket.

<<<----  [OUT]
2020/10/29 21:18:24:072

Socket Open Started...

<<<----  [OUT]
2020/10/29 21:18:24:072

Socket Open Completed...

<<<----  [OUT]
2020/10/29 21:18:24:072

Connecting Started...

<<<----  [OUT]
2020/10/29 21:18:24:136

Auto-Start Completed ...  (Active)

<<<----  [OUT]
2020/10/29 21:18:26:155

I can't connect with the passive [192.168.100.113/5000] error_code:10061 !

<<<----  [OUT]
2020/10/29 21:18:28:636

Connecting Started...

<<<----  [OUT]
2020/10/29 21:18:30:682

I can't connect with the passive [192.168.100.113/5000] error_code:10061 !

<<<----  [OUT]
2020/10/29 21:18:33:168

Connecting Started...

<<<----  [OUT]
2020/10/29 21:18:35:218

I can't connect with the passive [192.168.100.113/5000] error_code:10061 !

<<<----  [OUT]
2020/10/29 21:18:37:698

Connecting Started...

<<<----  [OUT]
2020/10/29 21:18:39:742

I can't connect with the passive [192.168.100.113/5000] error_code:10061 !

<<<----  [OUT]
2020/10/29 21:18:42:230

Connecting Started...

<<<----  [OUT]
2020/10/29 21:18:44:268

I can't connect with the passive [192.168.100.113/5000] error_code:10061 !

<<<----  [OUT]
2020/10/29 21:18:46:746

Connecting Started...

<<<----  [OUT]
2020/10/29 21:18:48:787

I can't connect with the passive [192.168.100.113/5000] error_code:10061 !

<<<----  [OUT]
2020/10/29 21:18:51:277

Connecting Started...

<<<----  [OUT]
2020/10/29 21:18:53:308

I can't connect with the passive [192.168.100.113/5000] error_code:10061 !

<<<----  [OUT]
2020/10/29 21:18:55:793

Connecting Started...

<<<----  [OUT]
2020/10/29 21:18:57:840

I can't connect with the passive [192.168.100.113/5000] error_code:10061 !

<<<----  [OUT]
2020/10/29 21:19:00:324

Connecting Started...

<<<----  [OUT]
2020/10/29 21:19:02:355

I can't connect with the passive [192.168.100.113/5000] error_code:10061 !

<<<----  [OUT]
2020/10/29 21:19:04:840

Connecting Started...

<<<----  [OUT]
2020/10/29 21:19:06:862

I can't connect with the passive [192.168.100.113/5000] error_code:10061 !

<<<----  [OUT]
2020/10/29 21:19:09:340

Connecting Started...

<<<----  [OUT]
2020/10/29 21:19:11:402

I can't connect with the passive [192.168.100.113/5000] error_code:10061 !

<<<----  [OUT]
2020/10/29 21:19:13:885

Connecting Started...

<<<----  [OUT]
2020/10/29 21:19:15:962

I can't connect with the passive [192.168.100.113/5000] error_code:10061 !

<<<----  [OUT]
2020/10/29 21:19:18:448

Connecting Started...

<<<----  [OUT]
2020/10/29 21:19:20:506

I can't connect with the passive [192.168.100.113/5000] error_code:10061 !

<<<----  [OUT]
2020/10/29 21:19:22:995

Connecting Started...

<<<----  [OUT]
2020/10/29 21:19:25:052

I can't connect with the passive [192.168.100.113/5000] error_code:10061 !

<<<----  [OUT]
2020/10/29 21:19:27:542

Connecting Started...

<<<----  [OUT]
2020/10/29 21:19:29:606

I can't connect with the passive [192.168.100.113/5000] error_code:10061 !

<<<----  [OUT]
2020/10/29 21:19:32:090

Connecting Started...

<<<----  [OUT]
2020/10/29 21:19:34:139

I can't connect with the passive [192.168.100.113/5000] error_code:10061 !

<<<----  [OUT]
2020/10/29 21:19:36:621

Connecting Started...

<<<----  [OUT]
2020/10/29 21:19:38:649

I can't connect with the passive [192.168.100.113/5000] error_code:10061 !

<<<----  [OUT]
2020/10/29 21:19:41:136

Connecting Started...

<<<----  [OUT]
2020/10/29 21:19:43:205

I can't connect with the passive [192.168.100.113/5000] error_code:10061 !

<<<----  [OUT]
2020/10/29 21:19:45:682

Connecting Started...

<<<----  [OUT]
2020/10/29 21:19:47:737

I can't connect with the passive [192.168.100.113/5000] error_code:10061 !

<<<----  [OUT]
2020/10/29 21:19:50:214

Connecting Started...

<<<----  [OUT]
2020/10/29 21:19:52:244

I can't connect with the passive [192.168.100.113/5000] error_code:10061 !

<<<----  [OUT]
2020/10/29 21:19:54:729

Connecting Started...

<<<----  [OUT]
2020/10/29 21:19:56:795

I can't connect with the passive [192.168.100.113/5000] error_code:10061 !

<<<----  [OUT]
2020/10/29 21:19:59:277

Connecting Started...

<<<----  [OUT]
2020/10/29 21:20:01:332

I can't connect with the passive [192.168.100.113/5000] error_code:10061 !

<<<----  [OUT]
2020/10/29 21:20:03:809

Connecting Started...

<<<----  [OUT]
2020/10/29 21:20:05:859

I can't connect with the passive [192.168.100.113/5000] error_code:10061 !

<<<----  [OUT]
2020/10/29 21:20:08:339

Connecting Started...

<<<----  [OUT]
2020/10/29 21:20:10:372

I can't connect with the passive [192.168.100.113/5000] error_code:10061 !

<<<----  [OUT]
2020/10/29 21:20:12:856

Connecting Started...

<<<----  [OUT]
2020/10/29 21:20:14:914

I can't connect with the passive [192.168.100.113/5000] error_code:10061 !

<<<----  [OUT]
2020/10/29 21:20:17:403

Connecting Started...

<<<----  [OUT]
2020/10/29 21:20:19:469

I can't connect with the passive [192.168.100.113/5000] error_code:10061 !

<<<----  [OUT]
2020/10/29 21:20:21:948

Connecting Started...

<<<----  [OUT]
2020/10/29 21:20:24:006

I can't connect with the passive [192.168.100.113/5000] error_code:10061 !

<<<----  [OUT]
2020/10/29 21:20:26:495

Connecting Started...

<<<----  [OUT]
2020/10/29 21:20:28:537

I can't connect with the passive [192.168.100.113/5000] error_code:10061 !

<<<----  [OUT]
2020/10/29 21:20:31:027

Connecting Started...

<<<----  [OUT]
2020/10/29 21:20:33:084

I can't connect with the passive [192.168.100.113/5000] error_code:10061 !

<<<----  [OUT]
2020/10/29 21:20:35:573

Connecting Started...

<<<----  [OUT]
2020/10/29 21:20:37:628

I can't connect with the passive [192.168.100.113/5000] error_code:10061 !

<<<----  [OUT]
2020/10/29 21:20:40:106

Connecting Started...

<<<----  [OUT]
2020/10/29 21:20:42:182

I can't connect with the passive [192.168.100.113/5000] error_code:10061 !

<<<----  [OUT]
2020/10/29 21:20:44:668

Connecting Started...

<<<----  [OUT]
2020/10/29 21:20:46:732

I can't connect with the passive [192.168.100.113/5000] error_code:10061 !

<<<----  [OUT]
2020/10/29 21:20:49:215

Connecting Started...

<<<----  [OUT]
2020/10/29 21:20:51:297

I can't connect with the passive [192.168.100.113/5000] error_code:10061 !

<<<----  [OUT]
2020/10/29 21:20:53:777

Connecting Started...

<<<----  [OUT]
2020/10/29 21:20:55:843

I can't connect with the passive [192.168.100.113/5000] error_code:10061 !

<<<----  [OUT]
2020/10/29 21:20:58:323

Connecting Started...

<<<----  [OUT]
2020/10/29 21:21:00:380

I can't connect with the passive [192.168.100.113/5000] error_code:10061 !

<<<----  [OUT]
2020/10/29 21:21:02:870

Connecting Started...

<<<----  [OUT]
2020/10/29 21:21:04:927

I can't connect with the passive [192.168.100.113/5000] error_code:10061 !

<<<----  [OUT]
2020/10/29 21:21:07:417

Connecting Started...

<<<----  [OUT]
2020/10/29 21:21:09:491

I can't connect with the passive [192.168.100.113/5000] error_code:10061 !

<<<----  [OUT]
2020/10/29 21:21:11:979

Connecting Started...

<<<----  [OUT]
2020/10/29 21:21:14:037

I can't connect with the passive [192.168.100.113/5000] error_code:10061 !

<<<----  [OUT]
2020/10/29 21:21:16:527

Connecting Started...

<<<----  [OUT]
2020/10/29 21:21:18:586

I can't connect with the passive [192.168.100.113/5000] error_code:10061 !

<<<----  [OUT]
2020/10/29 21:21:21:073

Connecting Started...

<<<----  [OUT]
2020/10/29 21:21:23:109

I can't connect with the passive [192.168.100.113/5000] error_code:10061 !

<<<----  [OUT]
2020/10/29 21:21:25:589

Connecting Started...

<<<----  [OUT]
2020/10/29 21:21:27:652

I can't connect with the passive [192.168.100.113/5000] error_code:10061 !

<<<----  [OUT]
2020/10/29 21:21:30:136

Connecting Started...

<<<----  [OUT]
2020/10/29 21:21:32:201

I can't connect with the passive [192.168.100.113/5000] error_code:10061 !

<<<----  [OUT]
2020/10/29 21:21:34:684

Connecting Started...

<<<----  [OUT]
2020/10/29 21:21:36:708

I can't connect with the passive [192.168.100.113/5000] error_code:10061 !

<<<----  [OUT]
2020/10/29 21:21:39:199

Connecting Started...

<<<----  [OUT]
2020/10/29 21:21:41:260

I can't connect with the passive [192.168.100.113/5000] error_code:10061 !

<<<----  [OUT]
2020/10/29 21:21:43:746

Connecting Started...

<<<----  [OUT]
2020/10/29 21:21:45:813

I can't connect with the passive [192.168.100.113/5000] error_code:10061 !

<<<----  [OUT]
2020/10/29 21:21:48:293

Connecting Started...

<<<----  [OUT]
2020/10/29 21:21:50:356

I can't connect with the passive [192.168.100.113/5000] error_code:10061 !

<<<----  [OUT]
2020/10/29 21:21:52:840

Connecting Started...

<<<----  [OUT]
2020/10/29 21:21:54:907

I can't connect with the passive [192.168.100.113/5000] error_code:10061 !

<<<----  [OUT]
2020/10/29 21:21:57:386

Connecting Started...

<<<----  [OUT]
2020/10/29 21:21:59:455

I can't connect with the passive [192.168.100.113/5000] error_code:10061 !

<<<----  [OUT]
2020/10/29 21:22:01:932

Connecting Started...

<<<----  [OUT]
2020/10/29 21:22:03:987

I can't connect with the passive [192.168.100.113/5000] error_code:10061 !

<<<----  [OUT]
2020/10/29 21:22:06:465

Connecting Started...

<<<----  [OUT]
2020/10/29 21:22:08:514

I can't connect with the passive [192.168.100.113/5000] error_code:10061 !

<<<----  [OUT]
2020/10/29 21:22:10:995

Connecting Started...

<<<----  [OUT]
2020/10/29 21:22:13:057

I can't connect with the passive [192.168.100.113/5000] error_code:10061 !

<<<----  [OUT]
2020/10/29 21:22:15:542

Connecting Started...

<<<----  [OUT]
2020/10/29 21:22:17:602

I can't connect with the passive [192.168.100.113/5000] error_code:10061 !

<<<----  [OUT]
2020/10/29 21:22:20:088

Connecting Started...

<<<----  [OUT]
2020/10/29 21:22:22:123

I can't connect with the passive [192.168.100.113/5000] error_code:10061 !

<<<----  [OUT]
2020/10/29 21:22:24:605

Connecting Started...

<<<----  [OUT]
2020/10/29 21:22:26:663

I can't connect with the passive [192.168.100.113/5000] error_code:10061 !

<<<----  [OUT]
2020/10/29 21:22:29:152

Connecting Started...

<<<----  [OUT]
2020/10/29 21:22:31:226

I can't connect with the passive [192.168.100.113/5000] error_code:10061 !

<<<----  [OUT]
2020/10/29 21:22:33:715

Connecting Started...

<<<----  [OUT]
2020/10/29 21:22:35:759

I can't connect with the passive [192.168.100.113/5000] error_code:10061 !

<<<----  [OUT]
2020/10/29 21:22:38:245

Connecting Started...

<<<----  [OUT]
2020/10/29 21:22:40:294

I can't connect with the passive [192.168.100.113/5000] error_code:10061 !

<<<----  [OUT]
2020/10/29 21:22:42:777

Connecting Started...

<<<----  [OUT]
2020/10/29 21:22:44:853

I can't connect with the passive [192.168.100.113/5000] error_code:10061 !

<<<----  [OUT]
2020/10/29 21:22:47:338

Connecting Started...

<<<----  [OUT]
2020/10/29 21:22:49:393

I can't connect with the passive [192.168.100.113/5000] error_code:10061 !

<<<----  [OUT]
2020/10/29 21:22:51:870

Connecting Started...

<<<----  [OUT]
2020/10/29 21:22:53:894

I can't connect with the passive [192.168.100.113/5000] error_code:10061 !

<<<----  [OUT]
2020/10/29 21:22:56:371

Connecting Started...

<<<----  [OUT]
2020/10/29 21:22:58:427

I can't connect with the passive [192.168.100.113/5000] error_code:10061 !

<<<----  [OUT]
2020/10/29 21:23:00:917

Connecting Started...

<<<----  [OUT]
2020/10/29 21:23:02:980

I can't connect with the passive [192.168.100.113/5000] error_code:10061 !

<<<----  [OUT]
2020/10/29 21:23:05:465

Connecting Started...

<<<----  [OUT]
2020/10/29 21:23:07:497

I can't connect with the passive [192.168.100.113/5000] error_code:10061 !

<<<----  [OUT]
2020/10/29 21:23:09:979

Connecting Started...

<<<----  [OUT]
2020/10/29 21:23:12:020

I can't connect with the passive [192.168.100.113/5000] error_code:10061 !

<<<----  [OUT]
2020/10/29 21:23:14:511

Connecting Started...

<<<----  [OUT]
2020/10/29 21:23:16:575

I can't connect with the passive [192.168.100.113/5000] error_code:10061 !

<<<----  [OUT]
2020/10/29 21:23:19:059

Connecting Started...

<<<----  [OUT]
2020/10/29 21:23:21:101

I can't connect with the passive [192.168.100.113/5000] error_code:10061 !

<<<----  [OUT]
2020/10/29 21:23:23:589

Connecting Started...

<<<----  [OUT]
2020/10/29 21:23:25:633

I can't connect with the passive [192.168.100.113/5000] error_code:10061 !

<<<----  [OUT]
2020/10/29 21:23:28:119

Connecting Started...

<<<----  [OUT]
2020/10/29 21:23:30:168

I can't connect with the passive [192.168.100.113/5000] error_code:10061 !

<<<----  [OUT]
2020/10/29 21:23:32:652

Connecting Started...

<<<----  [OUT]
2020/10/29 21:23:34:710

I can't connect with the passive [192.168.100.113/5000] error_code:10061 !

<<<----  [OUT]
2020/10/29 21:23:37:198

Connecting Started...

<<<----  [OUT]
2020/10/29 21:23:39:239

I can't connect with the passive [192.168.100.113/5000] error_code:10061 !

<<<----  [OUT]
2020/10/29 21:23:41:730

Connecting Started...

<<<----  [OUT]
2020/10/29 21:23:43:790

I can't connect with the passive [192.168.100.113/5000] error_code:10061 !

<<<----  [OUT]
2020/10/29 21:23:46:277

Connecting Started...

<<<----  [OUT]
2020/10/29 21:23:48:337

I can't connect with the passive [192.168.100.113/5000] error_code:10061 !

<<<----  [OUT]
2020/10/29 21:23:50:823

Connecting Started...

<<<----  [OUT]
2020/10/29 21:23:52:853

I can't connect with the passive [192.168.100.113/5000] error_code:10061 !

<<<----  [OUT]
2020/10/29 21:23:55:339

Connecting Started...

<<<----  [OUT]
2020/10/29 21:23:57:396

I can't connect with the passive [192.168.100.113/5000] error_code:10061 !

<<<----  [OUT]
2020/10/29 21:23:59:887

Connecting Started...

<<<----  [OUT]
2020/10/29 21:24:01:944

I can't connect with the passive [192.168.100.113/5000] error_code:10061 !

<<<----  [OUT]
2020/10/29 21:24:04:432

Connecting Started...

<<<----  [OUT]
2020/10/29 21:24:06:477

I can't connect with the passive [192.168.100.113/5000] error_code:10061 !

<<<----  [OUT]
2020/10/29 21:24:08:963

Connecting Started...

<<<----  [OUT]
2020/10/29 21:24:11:011

I can't connect with the passive [192.168.100.113/5000] error_code:10061 !

<<<----  [OUT]
2020/10/29 21:24:13:496

Connecting Started...

<<<----  [OUT]
2020/10/29 21:24:15:550

I can't connect with the passive [192.168.100.113/5000] error_code:10061 !

<<<----  [OUT]
2020/10/29 21:24:18:027

Connecting Started...

<<<----  [OUT]
2020/10/29 21:24:20:068

I can't connect with the passive [192.168.100.113/5000] error_code:10061 !

<<<----  [OUT]
2020/10/29 21:24:22:559

Connecting Started...

<<<----  [OUT]
2020/10/29 21:24:24:607

I can't connect with the passive [192.168.100.113/5000] error_code:10061 !

<<<----  [OUT]
2020/10/29 21:24:27:089

Connecting Started...

<<<----  [OUT]
2020/10/29 21:24:29:130

I can't connect with the passive [192.168.100.113/5000] error_code:10061 !

<<<----  [OUT]
2020/10/29 21:24:31:621

Connecting Started...

<<<----  [OUT]
2020/10/29 21:24:33:678

I can't connect with the passive [192.168.100.113/5000] error_code:10061 !

<<<----  [OUT]
2020/10/29 21:24:36:167

Connecting Started...

<<<----  [OUT]
2020/10/29 21:24:38:189

I can't connect with the passive [192.168.100.113/5000] error_code:10061 !

<<<----  [OUT]
2020/10/29 21:24:40:668

Connecting Started...

<<<----  [OUT]
2020/10/29 21:24:42:732

I can't connect with the passive [192.168.100.113/5000] error_code:10061 !

<<<----  [OUT]
2020/10/29 21:24:45:214

Connecting Started...

<<<----  [OUT]
2020/10/29 21:24:47:280

I can't connect with the passive [192.168.100.113/5000] error_code:10061 !

<<<----  [OUT]
2020/10/29 21:24:49:761

Connecting Started...

<<<----  [OUT]
2020/10/29 21:24:51:820

I can't connect with the passive [192.168.100.113/5000] error_code:10061 !

<<<----  [OUT]
2020/10/29 21:24:54:307

Connecting Started...

<<<----  [OUT]
2020/10/29 21:24:56:351

I can't connect with the passive [192.168.100.113/5000] error_code:10061 !

<<<----  [OUT]
2020/10/29 21:24:58:840

Connecting Started...

<<<----  [OUT]
2020/10/29 21:25:00:868

I can't connect with the passive [192.168.100.113/5000] error_code:10061 !

<<<----  [OUT]
2020/10/29 21:25:03:355

Connecting Started...

<<<----  [OUT]
2020/10/29 21:25:05:412

I can't connect with the passive [192.168.100.113/5000] error_code:10061 !

<<<----  [OUT]
2020/10/29 21:25:07:902

Connecting Started...

<<<----  [OUT]
2020/10/29 21:25:09:940

I can't connect with the passive [192.168.100.113/5000] error_code:10061 !

<<<----  [OUT]
2020/10/29 21:25:12:418

Connecting Started...

<<<----  [OUT]
2020/10/29 21:25:14:485

I can't connect with the passive [192.168.100.113/5000] error_code:10061 !

<<<----  [OUT]
2020/10/29 21:25:16:965

Connecting Started...

<<<----  [OUT]
2020/10/29 21:25:19:025

I can't connect with the passive [192.168.100.113/5000] error_code:10061 !

<<<----  [OUT]
2020/10/29 21:25:21:510

Connecting Started...

<<<----  [OUT]
2020/10/29 21:25:23:550

I can't connect with the passive [192.168.100.113/5000] error_code:10061 !

<<<----  [OUT]
2020/10/29 21:25:26:026

Connecting Started...

<<<----  [OUT]
2020/10/29 21:25:28:105

I can't connect with the passive [192.168.100.113/5000] error_code:10061 !

<<<----  [OUT]
2020/10/29 21:25:30:589

Connecting Started...

<<<----  [OUT]
2020/10/29 21:25:32:639

I can't connect with the passive [192.168.100.113/5000] error_code:10061 !

<<<----  [OUT]
2020/10/29 21:25:35:120

Connecting Started...

<<<----  [OUT]
2020/10/29 21:25:37:148

I can't connect with the passive [192.168.100.113/5000] error_code:10061 !

<<<----  [OUT]
2020/10/29 21:25:39:637

Connecting Started...

<<<----  [OUT]
2020/10/29 21:25:41:677

I can't connect with the passive [192.168.100.113/5000] error_code:10061 !

<<<----  [OUT]
2020/10/29 21:25:44:168

Connecting Started...

<<<----  [OUT]
2020/10/29 21:25:46:228

I can't connect with the passive [192.168.100.113/5000] error_code:10061 !

<<<----  [OUT]
2020/10/29 21:25:48:715

Connecting Started...

<<<----  [OUT]
2020/10/29 21:25:50:768

I can't connect with the passive [192.168.100.113/5000] error_code:10061 !

<<<----  [OUT]
2020/10/29 21:25:53:245

Connecting Started...

<<<----  [OUT]
2020/10/29 21:25:55:318

I can't connect with the passive [192.168.100.113/5000] error_code:10061 !

<<<----  [OUT]
2020/10/29 21:25:57:807

Connecting Started...

<<<----  [OUT]
2020/10/29 21:25:59:873

I can't connect with the passive [192.168.100.113/5000] error_code:10061 !

<<<----  [OUT]
2020/10/29 21:26:02:355

Connecting Started...

<<<----  [OUT]
2020/10/29 21:26:04:411

I can't connect with the passive [192.168.100.113/5000] error_code:10061 !

<<<----  [OUT]
2020/10/29 21:26:06:902

Connecting Started...

<<<----  [OUT]
2020/10/29 21:26:08:972

I can't connect with the passive [192.168.100.113/5000] error_code:10061 !

<<<----  [OUT]
2020/10/29 21:26:11:449

Connecting Started...

<<<----  [OUT]
2020/10/29 21:26:13:521

I can't connect with the passive [192.168.100.113/5000] error_code:10061 !

<<<----  [OUT]
2020/10/29 21:26:16:012

Connecting Started...

<<<----  [OUT]
2020/10/29 21:26:18:072

I can't connect with the passive [192.168.100.113/5000] error_code:10061 !

<<<----  [OUT]
2020/10/29 21:26:20:559

Connecting Started...

<<<----  [OUT]
2020/10/29 21:26:22:608

I can't connect with the passive [192.168.100.113/5000] error_code:10061 !

<<<----  [OUT]
2020/10/29 21:26:25:089

Connecting Started...

<<<----  [OUT]
2020/10/29 21:26:27:142

I can't connect with the passive [192.168.100.113/5000] error_code:10061 !

<<<----  [OUT]
2020/10/29 21:26:29:621

Connecting Started...

<<<----  [OUT]
2020/10/29 21:26:31:657

I can't connect with the passive [192.168.100.113/5000] error_code:10061 !

<<<----  [OUT]
2020/10/29 21:26:34:135

Connecting Started...

<<<----  [OUT]
2020/10/29 21:26:36:170

I can't connect with the passive [192.168.100.113/5000] error_code:10061 !

<<<----  [OUT]
2020/10/29 21:26:38:652

Connecting Started...

<<<----  [OUT]
2020/10/29 21:26:40:708

I can't connect with the passive [192.168.100.113/5000] error_code:10061 !

<<<----  [OUT]
2020/10/29 21:26:43:198

Connecting Started...

<<<----  [OUT]
2020/10/29 21:26:45:252

I can't connect with the passive [192.168.100.113/5000] error_code:10061 !

<<<----  [OUT]
2020/10/29 21:26:47:730

Connecting Started...

<<<----  [OUT]
2020/10/29 21:26:49:772

I can't connect with the passive [192.168.100.113/5000] error_code:10061 !

<<<----  [OUT]
2020/10/29 21:26:52:261

Connecting Started...

<<<----  [OUT]
2020/10/29 21:26:54:307

I can't connect with the passive [192.168.100.113/5000] error_code:10061 !

<<<----  [OUT]
2020/10/29 21:26:56:793

Connecting Started...

<<<----  [OUT]
2020/10/29 21:26:58:844

I can't connect with the passive [192.168.100.113/5000] error_code:10061 !

<<<----  [OUT]
2020/10/29 21:27:01:323

Connecting Started...

<<<----  [OUT]
2020/10/29 21:27:03:361

I can't connect with the passive [192.168.100.113/5000] error_code:10061 !

<<<----  [OUT]
2020/10/29 21:27:05:839

Connecting Started...

<<<----  [OUT]
2020/10/29 21:27:07:875

I can't connect with the passive [192.168.100.113/5000] error_code:10061 !

<<<----  [OUT]
2020/10/29 21:27:10:354

Connecting Started...

<<<----  [OUT]
2020/10/29 21:27:12:403

I can't connect with the passive [192.168.100.113/5000] error_code:10061 !

<<<----  [OUT]
2020/10/29 21:27:14:886

Connecting Started...

<<<----  [OUT]
2020/10/29 21:27:16:928

I can't connect with the passive [192.168.100.113/5000] error_code:10061 !

<<<----  [OUT]
2020/10/29 21:27:19:418

Connecting Started...

<<<----  [OUT]
2020/10/29 21:27:21:455

I can't connect with the passive [192.168.100.113/5000] error_code:10061 !

<<<----  [OUT]
2020/10/29 21:27:23:933

Connecting Started...

<<<----  [OUT]
2020/10/29 21:27:25:983

I can't connect with the passive [192.168.100.113/5000] error_code:10061 !

<<<----  [OUT]
2020/10/29 21:27:28:463

Connecting Started...

<<<----  [OUT]
2020/10/29 21:27:30:506

I can't connect with the passive [192.168.100.113/5000] error_code:10061 !

<<<----  [OUT]
2020/10/29 21:27:32:995

Connecting Started...

<<<----  [OUT]
2020/10/29 21:27:35:035

I can't connect with the passive [192.168.100.113/5000] error_code:10061 !

<<<----  [OUT]
2020/10/29 21:27:37:511

Connecting Started...

<<<----  [OUT]
2020/10/29 21:27:39:559

I can't connect with the passive [192.168.100.113/5000] error_code:10061 !

<<<----  [OUT]
2020/10/29 21:27:42:042

Connecting Started...

<<<----  [OUT]
2020/10/29 21:27:44:078

I can't connect with the passive [192.168.100.113/5000] error_code:10061 !

<<<----  [OUT]
2020/10/29 21:27:46:558

Connecting Started...

<<<----  [OUT]
2020/10/29 21:27:48:608

I can't connect with the passive [192.168.100.113/5000] error_code:10061 !

<<<----  [OUT]
2020/10/29 21:27:51:089

Connecting Started...

<<<----  [OUT]
2020/10/29 21:27:53:139

I can't connect with the passive [192.168.100.113/5000] error_code:10061 !

<<<----  [OUT]
2020/10/29 21:27:55:621

Connecting Started...

<<<----  [OUT]
2020/10/29 21:27:57:647

I can't connect with the passive [192.168.100.113/5000] error_code:10061 !

<<<----  [OUT]
2020/10/29 21:28:00:137

Connecting Started...

<<<----  [OUT]
2020/10/29 21:28:02:174

I can't connect with the passive [192.168.100.113/5000] error_code:10061 !

<<<----  [OUT]
2020/10/29 21:28:04:651

Connecting Started...

<<<----  [OUT]
2020/10/29 21:28:06:694

I can't connect with the passive [192.168.100.113/5000] error_code:10061 !

<<<----  [OUT]
2020/10/29 21:28:09:184

Connecting Started...

<<<----  [OUT]
2020/10/29 21:28:11:233

I can't connect with the passive [192.168.100.113/5000] error_code:10061 !

<<<----  [OUT]
2020/10/29 21:28:13:714

Connecting Started...

<<<----  [OUT]
2020/10/29 21:28:15:760

I can't connect with the passive [192.168.100.113/5000] error_code:10061 !

<<<----  [OUT]
2020/10/29 21:28:18:245

Connecting Started...

<<<----  [OUT]
2020/10/29 21:28:20:279

I can't connect with the passive [192.168.100.113/5000] error_code:10061 !

<<<----  [OUT]
2020/10/29 21:28:22:761

Connecting Started...

<<<----  [OUT]
2020/10/29 21:28:24:811

I can't connect with the passive [192.168.100.113/5000] error_code:10061 !

<<<----  [OUT]
2020/10/29 21:28:27:293

Connecting Started...

<<<----  [OUT]
2020/10/29 21:28:29:340

I can't connect with the passive [192.168.100.113/5000] error_code:10061 !

<<<----  [OUT]
2020/10/29 21:28:31:823

Connecting Started...

<<<----  [OUT]
2020/10/29 21:28:33:867

I can't connect with the passive [192.168.100.113/5000] error_code:10061 !

<<<----  [OUT]
2020/10/29 21:28:36:355

Connecting Started...

<<<----  [OUT]
2020/10/29 21:28:38:390

I can't connect with the passive [192.168.100.113/5000] error_code:10061 !

<<<----  [OUT]
2020/10/29 21:28:40:871

Connecting Started...

<<<----  [OUT]
2020/10/29 21:28:42:931

I can't connect with the passive [192.168.100.113/5000] error_code:10061 !

<<<----  [OUT]
2020/10/29 21:28:45:417

Connecting Started...

<<<----  [OUT]
2020/10/29 21:28:47:488

I can't connect with the passive [192.168.100.113/5000] error_code:10061 !

<<<----  [OUT]
2020/10/29 21:28:49:981

Connecting Started...

<<<----  [OUT]
2020/10/29 21:28:52:049

I can't connect with the passive [192.168.100.113/5000] error_code:10061 !

<<<----  [OUT]
2020/10/29 21:28:54:526

Connecting Started...

<<<----  [OUT]
2020/10/29 21:28:56:580

I can't connect with the passive [192.168.100.113/5000] error_code:10061 !

<<<----  [OUT]
2020/10/29 21:28:59:057

Connecting Started...

<<<----  [OUT]
2020/10/29 21:29:01:112

I can't connect with the passive [192.168.100.113/5000] error_code:10061 !

<<<----  [OUT]
2020/10/29 21:29:03:588

Connecting Started...

<<<----  [OUT]
2020/10/29 21:29:05:604

I can't connect with the passive [192.168.100.113/5000] error_code:10061 !

<<<----  [OUT]
2020/10/29 21:29:08:090

Connecting Started...

<<<----  [OUT]
2020/10/29 21:29:10:129

I can't connect with the passive [192.168.100.113/5000] error_code:10061 !

<<<----  [OUT]
2020/10/29 21:29:12:605

Connecting Started...

<<<----  [OUT]
2020/10/29 21:29:14:671

I can't connect with the passive [192.168.100.113/5000] error_code:10061 !

<<<----  [OUT]
2020/10/29 21:29:17:152

Connecting Started...

<<<----  [OUT]
2020/10/29 21:29:19:201

I can't connect with the passive [192.168.100.113/5000] error_code:10061 !

<<<----  [OUT]
2020/10/29 21:29:21:683

Connecting Started...

<<<----  [OUT]
2020/10/29 21:29:23:729

I can't connect with the passive [192.168.100.113/5000] error_code:10061 !

<<<----  [OUT]
2020/10/29 21:29:26:214

Connecting Started...

<<<----  [OUT]
2020/10/29 21:29:28:283

I can't connect with the passive [192.168.100.113/5000] error_code:10061 !

<<<----  [OUT]
2020/10/29 21:29:30:761

Connecting Started...

<<<----  [OUT]
2020/10/29 21:29:32:831

I can't connect with the passive [192.168.100.113/5000] error_code:10061 !

<<<----  [OUT]
2020/10/29 21:29:35:308

Connecting Started...

<<<----  [OUT]
2020/10/29 21:29:37:358

I can't connect with the passive [192.168.100.113/5000] error_code:10061 !

<<<----  [OUT]
2020/10/29 21:29:39:839

Connecting Started...

<<<----  [OUT]
2020/10/29 21:29:41:893

I can't connect with the passive [192.168.100.113/5000] error_code:10061 !

<<<----  [OUT]
2020/10/29 21:29:44:370

Connecting Started...

<<<----  [OUT]
2020/10/29 21:29:46:432

I can't connect with the passive [192.168.100.113/5000] error_code:10061 !

<<<----  [OUT]
2020/10/29 21:29:48:917

Connecting Started...

<<<----  [OUT]
2020/10/29 21:29:50:998

I can't connect with the passive [192.168.100.113/5000] error_code:10061 !

<<<----  [OUT]
2020/10/29 21:29:53:479

Connecting Started...

<<<----  [OUT]
2020/10/29 21:29:55:540

I can't connect with the passive [192.168.100.113/5000] error_code:10061 !

<<<----  [OUT]
2020/10/29 21:29:58:026

Connecting Started...

<<<----  [OUT]
2020/10/29 21:30:00:087

I can't connect with the passive [192.168.100.113/5000] error_code:10061 !

<<<----  [OUT]
2020/10/29 21:30:02:575

Connecting Started...

<<<----  [OUT]
2020/10/29 21:30:04:635

I can't connect with the passive [192.168.100.113/5000] error_code:10061 !

<<<----  [OUT]
2020/10/29 21:30:07:120

Connecting Started...

<<<----  [OUT]
2020/10/29 21:30:09:182

I can't connect with the passive [192.168.100.113/5000] error_code:10061 !

<<<----  [OUT]
2020/10/29 21:30:11:668

Connecting Started...

<<<----  [OUT]
2020/10/29 21:30:13:735

I can't connect with the passive [192.168.100.113/5000] error_code:10061 !

<<<----  [OUT]
2020/10/29 21:30:16:215

Connecting Started...

<<<----  [OUT]
2020/10/29 21:30:18:262

I can't connect with the passive [192.168.100.113/5000] error_code:10061 !

<<<----  [OUT]
2020/10/29 21:30:20:745

Connecting Started...

<<<----  [OUT]
2020/10/29 21:30:22:776

I can't connect with the passive [192.168.100.113/5000] error_code:10061 !

<<<----  [OUT]
2020/10/29 21:30:25:261

Connecting Started...

<<<----  [OUT]
2020/10/29 21:30:27:311

I can't connect with the passive [192.168.100.113/5000] error_code:10061 !

<<<----  [OUT]
2020/10/29 21:30:29:793

Connecting Started...

<<<----  [OUT]
2020/10/29 21:30:31:849

I can't connect with the passive [192.168.100.113/5000] error_code:10061 !

<<<----  [OUT]
2020/10/29 21:30:34:340

Connecting Started...

<<<----  [OUT]
2020/10/29 21:30:36:399

I can't connect with the passive [192.168.100.113/5000] error_code:10061 !

<<<----  [OUT]
2020/10/29 21:30:38:885

Connecting Started...

<<<----  [OUT]
2020/10/29 21:30:40:938

I can't connect with the passive [192.168.100.113/5000] error_code:10061 !

<<<----  [OUT]
2020/10/29 21:30:43:416

Connecting Started...

<<<----  [OUT]
2020/10/29 21:30:45:485

I can't connect with the passive [192.168.100.113/5000] error_code:10061 !

<<<----  [OUT]
2020/10/29 21:30:47:963

Connecting Started...

<<<----  [OUT]
2020/10/29 21:30:50:028

I can't connect with the passive [192.168.100.113/5000] error_code:10061 !

<<<----  [OUT]
2020/10/29 21:30:52:510

Connecting Started...

<<<----  [OUT]
2020/10/29 21:30:54:577

I can't connect with the passive [192.168.100.113/5000] error_code:10061 !

<<<----  [OUT]
2020/10/29 21:30:57:058

Connecting Started...

<<<----  [OUT]
2020/10/29 21:30:59:124

I can't connect with the passive [192.168.100.113/5000] error_code:10061 !

<<<----  [OUT]
2020/10/29 21:31:01:605

Connecting Started...

<<<----  [OUT]
2020/10/29 21:31:03:668

I can't connect with the passive [192.168.100.113/5000] error_code:10061 !

<<<----  [OUT]
2020/10/29 21:31:06:152

Connecting Started...

<<<----  [OUT]
2020/10/29 21:31:08:198

I can't connect with the passive [192.168.100.113/5000] error_code:10061 !

<<<----  [OUT]
2020/10/29 21:31:10:682

Connecting Started...

<<<----  [OUT]
2020/10/29 21:31:12:742

I can't connect with the passive [192.168.100.113/5000] error_code:10061 !

<<<----  [OUT]
2020/10/29 21:31:15:229

Connecting Started...

<<<----  [OUT]
2020/10/29 21:31:17:276

I can't connect with the passive [192.168.100.113/5000] error_code:10061 !

<<<----  [OUT]
2020/10/29 21:31:19:761

Connecting Started...

<<<----  [OUT]
2020/10/29 21:31:21:821

I can't connect with the passive [192.168.100.113/5000] error_code:10061 !

<<<----  [OUT]
2020/10/29 21:31:24:307

Connecting Started...

<<<----  [OUT]
2020/10/29 21:31:26:369

I can't connect with the passive [192.168.100.113/5000] error_code:10061 !

<<<----  [OUT]
2020/10/29 21:31:28:855

Connecting Started...

<<<----  [OUT]
2020/10/29 21:31:30:925

I can't connect with the passive [192.168.100.113/5000] error_code:10061 !

<<<----  [OUT]
2020/10/29 21:31:33:402

Connecting Started...

<<<----  [OUT]
2020/10/29 21:31:35:463

I can't connect with the passive [192.168.100.113/5000] error_code:10061 !

<<<----  [OUT]
2020/10/29 21:31:37:949

Connecting Started...

<<<----  [OUT]
2020/10/29 21:31:40:006

I can't connect with the passive [192.168.100.113/5000] error_code:10061 !

<<<----  [OUT]
2020/10/29 21:31:42:495

Connecting Started...

<<<----  [OUT]
2020/10/29 21:31:44:540

I can't connect with the passive [192.168.100.113/5000] error_code:10061 !

<<<----  [OUT]
2020/10/29 21:31:47:026

Connecting Started...

<<<----  [OUT]
2020/10/29 21:31:49:086

I can't connect with the passive [192.168.100.113/5000] error_code:10061 !

<<<----  [OUT]
2020/10/29 21:31:51:573

Connecting Started...

<<<----  [OUT]
2020/10/29 21:31:53:605

I can't connect with the passive [192.168.100.113/5000] error_code:10061 !

<<<----  [OUT]
2020/10/29 21:31:56:089

Connecting Started...

<<<----  [OUT]
2020/10/29 21:31:58:152

I can't connect with the passive [192.168.100.113/5000] error_code:10061 !

<<<----  [OUT]
2020/10/29 21:32:00:637

Connecting Started...

<<<----  [OUT]
2020/10/29 21:32:02:688

I can't connect with the passive [192.168.100.113/5000] error_code:10061 !

<<<----  [OUT]
2020/10/29 21:32:05:168

Connecting Started...

<<<----  [OUT]
2020/10/29 21:32:07:214

I can't connect with the passive [192.168.100.113/5000] error_code:10061 !

<<<----  [OUT]
2020/10/29 21:32:09:698

Connecting Started...

<<<----  [OUT]
2020/10/29 21:32:11:753

I can't connect with the passive [192.168.100.113/5000] error_code:10061 !

<<<----  [OUT]
2020/10/29 21:32:14:230

Connecting Started...

<<<----  [OUT]
2020/10/29 21:32:16:311

I can't connect with the passive [192.168.100.113/5000] error_code:10061 !

<<<----  [OUT]
2020/10/29 21:32:18:792

Connecting Started...

<<<----  [OUT]
2020/10/29 21:32:20:849

I can't connect with the passive [192.168.100.113/5000] error_code:10061 !

<<<----  [OUT]
2020/10/29 21:32:23:339

Connecting Started...

<<<----  [OUT]
2020/10/29 21:32:25:383

I can't connect with the passive [192.168.100.113/5000] error_code:10061 !

<<<----  [OUT]
2020/10/29 21:32:27:870

Connecting Started...

<<<----  [OUT]
2020/10/29 21:32:29:914

I can't connect with the passive [192.168.100.113/5000] error_code:10061 !

<<<----  [OUT]
2020/10/29 21:32:32:401

Connecting Started...

<<<----  [OUT]
2020/10/29 21:32:34:460

I can't connect with the passive [192.168.100.113/5000] error_code:10061 !

<<<----  [OUT]
2020/10/29 21:32:36:949

Connecting Started...

<<<----  [OUT]
2020/10/29 21:32:38:980

I can't connect with the passive [192.168.100.113/5000] error_code:10061 !

<<<----  [OUT]
2020/10/29 21:32:41:464

Connecting Started...

<<<----  [OUT]
2020/10/29 21:32:43:520

I can't connect with the passive [192.168.100.113/5000] error_code:10061 !

<<<----  [OUT]
2020/10/29 21:32:46:011

Connecting Started...

<<<----  [OUT]
2020/10/29 21:32:48:073

I can't connect with the passive [192.168.100.113/5000] error_code:10061 !

<<<----  [OUT]
2020/10/29 21:32:50:557

Connecting Started...

<<<----  [OUT]
2020/10/29 21:32:52:590

I can't connect with the passive [192.168.100.113/5000] error_code:10061 !

<<<----  [OUT]
2020/10/29 21:32:55:074

Connecting Started...

<<<----  [OUT]
2020/10/29 21:32:57:139

I can't connect with the passive [192.168.100.113/5000] error_code:10061 !

<<<----  [OUT]
2020/10/29 21:32:59:620

Connecting Started...

<<<----  [OUT]
2020/10/29 21:33:01:685

I can't connect with the passive [192.168.100.113/5000] error_code:10061 !

<<<----  [OUT]
2020/10/29 21:33:04:167

Connecting Started...

<<<----  [OUT]
2020/10/29 21:33:06:203

I can't connect with the passive [192.168.100.113/5000] error_code:10061 !

<<<----  [OUT]
2020/10/29 21:33:08:683

Connecting Started...

<<<----  [OUT]
2020/10/29 21:33:10:733

I can't connect with the passive [192.168.100.113/5000] error_code:10061 !

<<<----  [OUT]
2020/10/29 21:33:13:215

Connecting Started...

<<<----  [OUT]
2020/10/29 21:33:15:280

I can't connect with the passive [192.168.100.113/5000] error_code:10061 !

<<<----  [OUT]
2020/10/29 21:33:17:761

Connecting Started...

<<<----  [OUT]
2020/10/29 21:33:19:818

I can't connect with the passive [192.168.100.113/5000] error_code:10061 !

<<<----  [OUT]
2020/10/29 21:33:22:309

Connecting Started...

<<<----  [OUT]
2020/10/29 21:33:24:348

I can't connect with the passive [192.168.100.113/5000] error_code:10061 !

<<<----  [OUT]
2020/10/29 21:33:26:839

Connecting Started...

<<<----  [OUT]
2020/10/29 21:33:28:890

I can't connect with the passive [192.168.100.113/5000] error_code:10061 !

<<<----  [OUT]
2020/10/29 21:33:31:369

Connecting Started...

<<<----  [OUT]
2020/10/29 21:33:33:417

I can't connect with the passive [192.168.100.113/5000] error_code:10061 !

<<<----  [OUT]
2020/10/29 21:33:35:901

Connecting Started...

<<<----  [OUT]
2020/10/29 21:33:37:946

I can't connect with the passive [192.168.100.113/5000] error_code:10061 !

<<<----  [OUT]
2020/10/29 21:33:40:433

Connecting Started...

<<<----  [OUT]
2020/10/29 21:33:42:491

I can't connect with the passive [192.168.100.113/5000] error_code:10061 !

<<<----  [OUT]
2020/10/29 21:33:44:979

Connecting Started...

<<<----  [OUT]
2020/10/29 21:33:47:041

I can't connect with the passive [192.168.100.113/5000] error_code:10061 !

<<<----  [OUT]
2020/10/29 21:33:49:527

Connecting Started...

<<<----  [OUT]
2020/10/29 21:33:51:560

I can't connect with the passive [192.168.100.113/5000] error_code:10061 !

<<<----  [OUT]
2020/10/29 21:33:54:042

Connecting Started...

<<<----  [OUT]
2020/10/29 21:33:56:084

I can't connect with the passive [192.168.100.113/5000] error_code:10061 !

<<<----  [OUT]
2020/10/29 21:33:58:574

Connecting Started...

<<<----  [OUT]
2020/10/29 21:34:00:634

I can't connect with the passive [192.168.100.113/5000] error_code:10061 !

<<<----  [OUT]
2020/10/29 21:34:03:121

Connecting Started...

<<<----  [OUT]
2020/10/29 21:34:05:173

I can't connect with the passive [192.168.100.113/5000] error_code:10061 !

<<<----  [OUT]
2020/10/29 21:34:07:652

Connecting Started...

<<<----  [OUT]
2020/10/29 21:34:09:705

I can't connect with the passive [192.168.100.113/5000] error_code:10061 !

<<<----  [OUT]
2020/10/29 21:34:12:182

Connecting Started...

<<<----  [OUT]
2020/10/29 21:34:14:249

I can't connect with the passive [192.168.100.113/5000] error_code:10061 !

<<<----  [OUT]
2020/10/29 21:34:16:729

Connecting Started...

<<<----  [OUT]
2020/10/29 21:34:18:794

I can't connect with the passive [192.168.100.113/5000] error_code:10061 !

<<<----  [OUT]
2020/10/29 21:34:21:277

Connecting Started...

<<<----  [OUT]
2020/10/29 21:34:23:324

I can't connect with the passive [192.168.100.113/5000] error_code:10061 !

<<<----  [OUT]
2020/10/29 21:34:25:808

Connecting Started...

<<<----  [OUT]
2020/10/29 21:34:27:864

I can't connect with the passive [192.168.100.113/5000] error_code:10061 !

<<<----  [OUT]
2020/10/29 21:34:30:356

Connecting Started...

<<<----  [OUT]
2020/10/29 21:34:32:407

I can't connect with the passive [192.168.100.113/5000] error_code:10061 !

<<<----  [OUT]
2020/10/29 21:34:34:887

Connecting Started...

<<<----  [OUT]
2020/10/29 21:34:36:928

I can't connect with the passive [192.168.100.113/5000] error_code:10061 !

<<<----  [OUT]
2020/10/29 21:34:39:417

Connecting Started...

<<<----  [OUT]
2020/10/29 21:34:41:472

I can't connect with the passive [192.168.100.113/5000] error_code:10061 !

<<<----  [OUT]
2020/10/29 21:34:43:949

Connecting Started...

<<<----  [OUT]
2020/10/29 21:34:45:990

I can't connect with the passive [192.168.100.113/5000] error_code:10061 !

<<<----  [OUT]
2020/10/29 21:34:48:479

Connecting Started...

<<<----  [OUT]
2020/10/29 21:34:50:549

I can't connect with the passive [192.168.100.113/5000] error_code:10061 !

<<<----  [OUT]
2020/10/29 21:34:53:026

Connecting Started...

<<<----  [OUT]
2020/10/29 21:34:55:079

I can't connect with the passive [192.168.100.113/5000] error_code:10061 !

<<<----  [OUT]
2020/10/29 21:34:57:558

Connecting Started...

<<<----  [OUT]
2020/10/29 21:34:59:603

I can't connect with the passive [192.168.100.113/5000] error_code:10061 !

<<<----  [OUT]
2020/10/29 21:35:02:089

Connecting Started...

<<<----  [OUT]
2020/10/29 21:35:04:155

I can't connect with the passive [192.168.100.113/5000] error_code:10061 !

<<<----  [OUT]
2020/10/29 21:35:06:636

Connecting Started...

<<<----  [OUT]
2020/10/29 21:35:08:698

I can't connect with the passive [192.168.100.113/5000] error_code:10061 !

<<<----  [OUT]
2020/10/29 21:35:11:183

Connecting Started...

<<<----  [OUT]
2020/10/29 21:35:13:232

I can't connect with the passive [192.168.100.113/5000] error_code:10061 !

<<<----  [OUT]
2020/10/29 21:35:15:713

Connecting Started...

<<<----  [OUT]
2020/10/29 21:35:17:772

I can't connect with the passive [192.168.100.113/5000] error_code:10061 !

<<<----  [OUT]
2020/10/29 21:35:20:261

Connecting Started...

<<<----  [OUT]
2020/10/29 21:35:22:314

I can't connect with the passive [192.168.100.113/5000] error_code:10061 !

<<<----  [OUT]
2020/10/29 21:35:24:792

Connecting Started...

<<<----  [OUT]
2020/10/29 21:35:26:844

I can't connect with the passive [192.168.100.113/5000] error_code:10061 !

<<<----  [OUT]
2020/10/29 21:35:29:323

Connecting Started...

<<<----  [OUT]
2020/10/29 21:35:31:386

I can't connect with the passive [192.168.100.113/5000] error_code:10061 !

<<<----  [OUT]
2020/10/29 21:35:33:870

Connecting Started...

<<<----  [OUT]
2020/10/29 21:35:35:934

I can't connect with the passive [192.168.100.113/5000] error_code:10061 !

<<<----  [OUT]
2020/10/29 21:35:38:417

Connecting Started...

<<<----  [OUT]
2020/10/29 21:35:40:482

I can't connect with the passive [192.168.100.113/5000] error_code:10061 !

<<<----  [OUT]
2020/10/29 21:35:42:964

Connecting Started...

<<<----  [OUT]
2020/10/29 21:35:45:029

I can't connect with the passive [192.168.100.113/5000] error_code:10061 !

<<<----  [OUT]
2020/10/29 21:35:47:510

Connecting Started...

<<<----  [OUT]
2020/10/29 21:35:49:564

I can't connect with the passive [192.168.100.113/5000] error_code:10061 !

<<<----  [OUT]
2020/10/29 21:35:52:041

Connecting Started...

<<<----  [OUT]
2020/10/29 21:35:54:099

I can't connect with the passive [192.168.100.113/5000] error_code:10061 !

<<<----  [OUT]
2020/10/29 21:35:56:589

Connecting Started...

<<<----  [OUT]
2020/10/29 21:35:58:656

I can't connect with the passive [192.168.100.113/5000] error_code:10061 !

<<<----  [OUT]
2020/10/29 21:36:01:137

Connecting Started...

<<<----  [OUT]
2020/10/29 21:36:03:176

I can't connect with the passive [192.168.100.113/5000] error_code:10061 !

<<<----  [OUT]
2020/10/29 21:36:05:651

Connecting Started...

<<<----  [OUT]
2020/10/29 21:36:07:699

I can't connect with the passive [192.168.100.113/5000] error_code:10061 !

<<<----  [OUT]
2020/10/29 21:36:10:182

Connecting Started...

<<<----  [OUT]
2020/10/29 21:36:12:235

I can't connect with the passive [192.168.100.113/5000] error_code:10061 !

<<<----  [OUT]
2020/10/29 21:36:14:715

Connecting Started...

<<<----  [OUT]
2020/10/29 21:36:16:778

I can't connect with the passive [192.168.100.113/5000] error_code:10061 !

<<<----  [OUT]
2020/10/29 21:36:19:262

Connecting Started...

<<<----  [OUT]
2020/10/29 21:36:21:314

I can't connect with the passive [192.168.100.113/5000] error_code:10061 !

<<<----  [OUT]
2020/10/29 21:36:23:793

Connecting Started...

<<<----  [OUT]
2020/10/29 21:36:25:841

I can't connect with the passive [192.168.100.113/5000] error_code:10061 !

<<<----  [OUT]
2020/10/29 21:36:28:323

Connecting Started...

<<<----  [OUT]
2020/10/29 21:36:30:370

I can't connect with the passive [192.168.100.113/5000] error_code:10061 !

<<<----  [OUT]
2020/10/29 21:36:32:855

Connecting Started...

<<<----  [OUT]
2020/10/29 21:36:34:914

I can't connect with the passive [192.168.100.113/5000] error_code:10061 !

<<<----  [OUT]
2020/10/29 21:36:37:401

Connecting Started...

<<<----  [OUT]
2020/10/29 21:36:39:471

I can't connect with the passive [192.168.100.113/5000] error_code:10061 !

<<<----  [OUT]
2020/10/29 21:36:41:948

Connecting Started...

<<<----  [OUT]
2020/10/29 21:36:44:015

I can't connect with the passive [192.168.100.113/5000] error_code:10061 !

<<<----  [OUT]
2020/10/29 21:36:46:495

Connecting Started...

<<<----  [OUT]
2020/10/29 21:36:48:548

I can't connect with the passive [192.168.100.113/5000] error_code:10061 !

<<<----  [OUT]
2020/10/29 21:36:51:027

Connecting Started...

<<<----  [OUT]
2020/10/29 21:36:53:077

I can't connect with the passive [192.168.100.113/5000] error_code:10061 !

<<<----  [OUT]
2020/10/29 21:36:55:559

Connecting Started...

<<<----  [OUT]
2020/10/29 21:36:57:610

I can't connect with the passive [192.168.100.113/5000] error_code:10061 !

<<<----  [OUT]
2020/10/29 21:37:00:088

Connecting Started...

<<<----  [OUT]
2020/10/29 21:37:02:146

I can't connect with the passive [192.168.100.113/5000] error_code:10061 !

<<<----  [OUT]
2020/10/29 21:37:04:635

Connecting Started...

<<<----  [OUT]
2020/10/29 21:37:06:688

I can't connect with the passive [192.168.100.113/5000] error_code:10061 !

<<<----  [OUT]
2020/10/29 21:37:09:167

Connecting Started...

<<<----  [OUT]
2020/10/29 21:37:11:237

I can't connect with the passive [192.168.100.113/5000] error_code:10061 !

<<<----  [OUT]
2020/10/29 21:37:13:714

Connecting Started...

<<<----  [OUT]
2020/10/29 21:37:15:766

I can't connect with the passive [192.168.100.113/5000] error_code:10061 !

<<<----  [OUT]
2020/10/29 21:37:18:245

Connecting Started...

<<<----  [OUT]
2020/10/29 21:37:20:317

I can't connect with the passive [192.168.100.113/5000] error_code:10061 !

<<<----  [OUT]
2020/10/29 21:37:22:808

Connecting Started...

<<<----  [OUT]
2020/10/29 21:37:24:869

I can't connect with the passive [192.168.100.113/5000] error_code:10061 !

<<<----  [OUT]
2020/10/29 21:37:27:355

Connecting Started...

<<<----  [OUT]
2020/10/29 21:37:29:408

I can't connect with the passive [192.168.100.113/5000] error_code:10061 !

<<<----  [OUT]
2020/10/29 21:37:31:886

Connecting Started...

<<<----  [OUT]
2020/10/29 21:37:33:942

I can't connect with the passive [192.168.100.113/5000] error_code:10061 !

<<<----  [OUT]
2020/10/29 21:37:36:432

Connecting Started...

<<<----  [OUT]
2020/10/29 21:37:38:478

I can't connect with the passive [192.168.100.113/5000] error_code:10061 !

<<<----  [OUT]
2020/10/29 21:37:40:963

Connecting Started...

<<<----  [OUT]
2020/10/29 21:37:43:025

I can't connect with the passive [192.168.100.113/5000] error_code:10061 !

<<<----  [OUT]
2020/10/29 21:37:45:511

Connecting Started...

<<<----  [OUT]
2020/10/29 21:37:47:567

I can't connect with the passive [192.168.100.113/5000] error_code:10061 !

<<<----  [OUT]
2020/10/29 21:37:50:059

Connecting Started...

<<<----  [OUT]
2020/10/29 21:37:52:097

I can't connect with the passive [192.168.100.113/5000] error_code:10061 !

<<<----  [OUT]
2020/10/29 21:37:54:574

Connecting Started...

<<<----  [OUT]
2020/10/29 21:37:56:622

I can't connect with the passive [192.168.100.113/5000] error_code:10061 !

<<<----  [OUT]
2020/10/29 21:37:59:105

Connecting Started...

<<<----  [OUT]
2020/10/29 21:38:01:167

I can't connect with the passive [192.168.100.113/5000] error_code:10061 !

<<<----  [OUT]
2020/10/29 21:38:03:652

Connecting Started...

<<<----  [OUT]
2020/10/29 21:38:05:713

I can't connect with the passive [192.168.100.113/5000] error_code:10061 !

<<<----  [OUT]
2020/10/29 21:38:08:198

Connecting Started...

<<<----  [OUT]
2020/10/29 21:38:10:247

I can't connect with the passive [192.168.100.113/5000] error_code:10061 !

<<<----  [OUT]
2020/10/29 21:38:12:729

Connecting Started...

<<<----  [OUT]
2020/10/29 21:38:14:785

I can't connect with the passive [192.168.100.113/5000] error_code:10061 !

<<<----  [OUT]
2020/10/29 21:38:17:261

Connecting Started...

<<<----  [OUT]
2020/10/29 21:38:19:311

I can't connect with the passive [192.168.100.113/5000] error_code:10061 !

<<<----  [OUT]
2020/10/29 21:38:21:793

Connecting Started...

<<<----  [OUT]
2020/10/29 21:38:23:830

I can't connect with the passive [192.168.100.113/5000] error_code:10061 !

<<<----  [OUT]
2020/10/29 21:38:26:307

Connecting Started...

<<<----  [OUT]
2020/10/29 21:38:28:357

I can't connect with the passive [192.168.100.113/5000] error_code:10061 !

<<<----  [OUT]
2020/10/29 21:38:30:840

Connecting Started...

<<<----  [OUT]
2020/10/29 21:38:32:898

I can't connect with the passive [192.168.100.113/5000] error_code:10061 !

<<<----  [OUT]
2020/10/29 21:38:35:386

Connecting Started...

<<<----  [OUT]
2020/10/29 21:38:37:423

I can't connect with the passive [192.168.100.113/5000] error_code:10061 !

<<<----  [OUT]
2020/10/29 21:38:39:903

Connecting Started...

<<<----  [OUT]
2020/10/29 21:38:41:965

I can't connect with the passive [192.168.100.113/5000] error_code:10061 !

<<<----  [OUT]
2020/10/29 21:38:44:450

Connecting Started...

<<<----  [OUT]
2020/10/29 21:38:46:490

I can't connect with the passive [192.168.100.113/5000] error_code:10061 !

<<<----  [OUT]
2020/10/29 21:38:48:979

Connecting Started...

<<<----  [OUT]
2020/10/29 21:38:51:029

I can't connect with the passive [192.168.100.113/5000] error_code:10061 !

<<<----  [OUT]
2020/10/29 21:38:53:510

Connecting Started...

<<<----  [OUT]
2020/10/29 21:38:55:553

I can't connect with the passive [192.168.100.113/5000] error_code:10061 !

<<<----  [OUT]
2020/10/29 21:38:58:041

Connecting Started...

<<<----  [OUT]
2020/10/29 21:39:00:085

I can't connect with the passive [192.168.100.113/5000] error_code:10061 !

<<<----  [OUT]
2020/10/29 21:39:02:574

Connecting Started...

<<<----  [OUT]
2020/10/29 21:39:04:624

I can't connect with the passive [192.168.100.113/5000] error_code:10061 !

<<<----  [OUT]
2020/10/29 21:39:07:105

Connecting Started...

<<<----  [OUT]
2020/10/29 21:39:09:162

I can't connect with the passive [192.168.100.113/5000] error_code:10061 !

<<<----  [OUT]
2020/10/29 21:39:11:651

Connecting Started...

<<<----  [OUT]
2020/10/29 21:39:13:694

I can't connect with the passive [192.168.100.113/5000] error_code:10061 !

<<<----  [OUT]
2020/10/29 21:39:16:183

Connecting Started...

<<<----  [OUT]
2020/10/29 21:39:18:226

I can't connect with the passive [192.168.100.113/5000] error_code:10061 !

<<<----  [OUT]
2020/10/29 21:39:20:714

Connecting Started...

<<<----  [OUT]
2020/10/29 21:39:22:763

I can't connect with the passive [192.168.100.113/5000] error_code:10061 !

<<<----  [OUT]
2020/10/29 21:39:25:246

Connecting Started...

<<<----  [OUT]
2020/10/29 21:39:27:292

I can't connect with the passive [192.168.100.113/5000] error_code:10061 !

<<<----  [OUT]
2020/10/29 21:39:29:777

Connecting Started...

<<<----  [OUT]
2020/10/29 21:39:31:830

I can't connect with the passive [192.168.100.113/5000] error_code:10061 !

<<<----  [OUT]
2020/10/29 21:39:34:308

Connecting Started...

<<<----  [OUT]
2020/10/29 21:39:36:350

I can't connect with the passive [192.168.100.113/5000] error_code:10061 !

<<<----  [OUT]
2020/10/29 21:39:38:840

Connecting Started...

<<<----  [OUT]
2020/10/29 21:39:40:881

I can't connect with the passive [192.168.100.113/5000] error_code:10061 !

<<<----  [OUT]
2020/10/29 21:39:43:371

Connecting Started...

<<<----  [OUT]
2020/10/29 21:39:45:415

I can't connect with the passive [192.168.100.113/5000] error_code:10061 !

<<<----  [OUT]
2020/10/29 21:39:47:902

Connecting Started...

<<<----  [OUT]
2020/10/29 21:39:49:948

I can't connect with the passive [192.168.100.113/5000] error_code:10061 !

<<<----  [OUT]
2020/10/29 21:39:52:433

Connecting Started...

<<<----  [OUT]
2020/10/29 21:39:54:468

I can't connect with the passive [192.168.100.113/5000] error_code:10061 !

<<<----  [OUT]
2020/10/29 21:39:56:949

Connecting Started...

<<<----  [OUT]
2020/10/29 21:39:59:008

I can't connect with the passive [192.168.100.113/5000] error_code:10061 !

<<<----  [OUT]
2020/10/29 21:40:01:496

Connecting Started...

<<<----  [OUT]
2020/10/29 21:40:03:552

I can't connect with the passive [192.168.100.113/5000] error_code:10061 !

<<<----  [OUT]
2020/10/29 21:40:06:041

Connecting Started...

<<<----  [OUT]
2020/10/29 21:40:08:084

I can't connect with the passive [192.168.100.113/5000] error_code:10061 !

<<<----  [OUT]
2020/10/29 21:40:10:573

Connecting Started...

<<<----  [OUT]
2020/10/29 21:40:12:632

I can't connect with the passive [192.168.100.113/5000] error_code:10061 !

<<<----  [OUT]
2020/10/29 21:40:15:120

Connecting Started...

<<<----  [OUT]
2020/10/29 21:40:17:173

I can't connect with the passive [192.168.100.113/5000] error_code:10061 !

<<<----  [OUT]
2020/10/29 21:40:19:651

Connecting Started...

<<<----  [OUT]
2020/10/29 21:40:21:693

I can't connect with the passive [192.168.100.113/5000] error_code:10061 !

<<<----  [OUT]
2020/10/29 21:40:24:183

Connecting Started...

<<<----  [OUT]
2020/10/29 21:40:26:234

I can't connect with the passive [192.168.100.113/5000] error_code:10061 !

<<<----  [OUT]
2020/10/29 21:40:28:714

Connecting Started...

<<<----  [OUT]
2020/10/29 21:40:30:767

I can't connect with the passive [192.168.100.113/5000] error_code:10061 !

<<<----  [OUT]
2020/10/29 21:40:33:246

Connecting Started...

<<<----  [OUT]
2020/10/29 21:40:35:301

I can't connect with the passive [192.168.100.113/5000] error_code:10061 !

<<<----  [OUT]
2020/10/29 21:40:37:792

Connecting Started...

<<<----  [OUT]
2020/10/29 21:40:39:864

I can't connect with the passive [192.168.100.113/5000] error_code:10061 !

<<<----  [OUT]
2020/10/29 21:40:42:354

Connecting Started...

<<<----  [OUT]
2020/10/29 21:40:44:406

I can't connect with the passive [192.168.100.113/5000] error_code:10061 !

<<<----  [OUT]
2020/10/29 21:40:46:885

Connecting Started...

<<<----  [OUT]
2020/10/29 21:40:48:938

I can't connect with the passive [192.168.100.113/5000] error_code:10061 !

<<<----  [OUT]
2020/10/29 21:40:51:417

Connecting Started...

<<<----  [OUT]
2020/10/29 21:40:53:460

I can't connect with the passive [192.168.100.113/5000] error_code:10061 !

<<<----  [OUT]
2020/10/29 21:40:55:949

Connecting Started...

<<<----  [OUT]
2020/10/29 21:40:58:023

I can't connect with the passive [192.168.100.113/5000] error_code:10061 !

<<<----  [OUT]
2020/10/29 21:41:00:512

Connecting Started...

<<<----  [OUT]
2020/10/29 21:41:02:567

I can't connect with the passive [192.168.100.113/5000] error_code:10061 !

<<<----  [OUT]
2020/10/29 21:41:05:059

Connecting Started...

<<<----  [OUT]
2020/10/29 21:41:07:105

I can't connect with the passive [192.168.100.113/5000] error_code:10061 !

<<<----  [OUT]
2020/10/29 21:41:09:590

Connecting Started...

<<<----  [OUT]
2020/10/29 21:41:11:632

I can't connect with the passive [192.168.100.113/5000] error_code:10061 !

<<<----  [OUT]
2020/10/29 21:41:14:122

Connecting Started...

<<<----  [OUT]
2020/10/29 21:41:16:168

I can't connect with the passive [192.168.100.113/5000] error_code:10061 !

<<<----  [OUT]
2020/10/29 21:41:18:651

Connecting Started...

<<<----  [OUT]
2020/10/29 21:41:20:694

I can't connect with the passive [192.168.100.113/5000] error_code:10061 !

<<<----  [OUT]
2020/10/29 21:41:23:182

Connecting Started...

<<<----  [OUT]
2020/10/29 21:41:25:241

I can't connect with the passive [192.168.100.113/5000] error_code:10061 !

<<<----  [OUT]
2020/10/29 21:41:27:730

Connecting Started...

<<<----  [OUT]
2020/10/29 21:41:29:782

I can't connect with the passive [192.168.100.113/5000] error_code:10061 !

<<<----  [OUT]
2020/10/29 21:41:32:262

Connecting Started...

<<<----  [OUT]
2020/10/29 21:41:34:297

I can't connect with the passive [192.168.100.113/5000] error_code:10061 !

<<<----  [OUT]
2020/10/29 21:41:36:777

Connecting Started...

<<<----  [OUT]
2020/10/29 21:41:38:833

I can't connect with the passive [192.168.100.113/5000] error_code:10061 !

<<<----  [OUT]
2020/10/29 21:41:41:324

Connecting Started...

<<<----  [OUT]
2020/10/29 21:41:43:376

I can't connect with the passive [192.168.100.113/5000] error_code:10061 !

<<<----  [OUT]
2020/10/29 21:41:45:856

Connecting Started...

<<<----  [OUT]
2020/10/29 21:41:47:911

I can't connect with the passive [192.168.100.113/5000] error_code:10061 !

<<<----  [OUT]
2020/10/29 21:41:50:402

Connecting Started...

<<<----  [OUT]
2020/10/29 21:41:52:451

I can't connect with the passive [192.168.100.113/5000] error_code:10061 !

<<<----  [OUT]
2020/10/29 21:41:54:932

Connecting Started...

<<<----  [OUT]
2020/10/29 21:41:56:999

I can't connect with the passive [192.168.100.113/5000] error_code:10061 !

<<<----  [OUT]
2020/10/29 21:41:59:480

Connecting Started...

<<<----  [OUT]
2020/10/29 21:42:01:531

I can't connect with the passive [192.168.100.113/5000] error_code:10061 !

<<<----  [OUT]
2020/10/29 21:42:04:012

Connecting Started...

<<<----  [OUT]
2020/10/29 21:42:06:074

I can't connect with the passive [192.168.100.113/5000] error_code:10061 !

<<<----  [OUT]
2020/10/29 21:42:08:559

Connecting Started...

<<<----  [OUT]
2020/10/29 21:42:10:616

I can't connect with the passive [192.168.100.113/5000] error_code:10061 !

<<<----  [OUT]
2020/10/29 21:42:13:105

Connecting Started...

<<<----  [OUT]
2020/10/29 21:42:15:163

I can't connect with the passive [192.168.100.113/5000] error_code:10061 !

<<<----  [OUT]
2020/10/29 21:42:17:652

Connecting Started...

<<<----  [OUT]
2020/10/29 21:42:19:694

I can't connect with the passive [192.168.100.113/5000] error_code:10061 !

<<<----  [OUT]
2020/10/29 21:42:22:183

Connecting Started...

<<<----  [OUT]
2020/10/29 21:42:24:247

I can't connect with the passive [192.168.100.113/5000] error_code:10061 !

<<<----  [OUT]
2020/10/29 21:42:26:730

Connecting Started...

<<<----  [OUT]
2020/10/29 21:42:28:758

I can't connect with the passive [192.168.100.113/5000] error_code:10061 !

<<<----  [OUT]
2020/10/29 21:42:31:246

Connecting Started...

<<<----  [OUT]
2020/10/29 21:42:33:291

I can't connect with the passive [192.168.100.113/5000] error_code:10061 !

<<<----  [OUT]
2020/10/29 21:42:35:777

Connecting Started...

<<<----  [OUT]
2020/10/29 21:42:37:792

I can't connect with the passive [192.168.100.113/5000] error_code:10061 !

<<<----  [OUT]
2020/10/29 21:42:40:277

Connecting Started...

<<<----  [OUT]
2020/10/29 21:42:42:330

I can't connect with the passive [192.168.100.113/5000] error_code:10061 !

<<<----  [OUT]
2020/10/29 21:42:44:808

Connecting Started...

<<<----  [OUT]
2020/10/29 21:42:46:879

I can't connect with the passive [192.168.100.113/5000] error_code:10061 !

<<<----  [OUT]
2020/10/29 21:42:49:355

Connecting Started...

<<<----  [OUT]
2020/10/29 21:42:51:416

I can't connect with the passive [192.168.100.113/5000] error_code:10061 !

<<<----  [OUT]
2020/10/29 21:42:53:902

Connecting Started...

<<<----  [OUT]
2020/10/29 21:42:55:965

I can't connect with the passive [192.168.100.113/5000] error_code:10061 !

<<<----  [OUT]
2020/10/29 21:42:58:448

Connecting Started...

<<<----  [OUT]
2020/10/29 21:43:00:518

I can't connect with the passive [192.168.100.113/5000] error_code:10061 !

<<<----  [OUT]
2020/10/29 21:43:02:994

Connecting Started...

<<<----  [OUT]
2020/10/29 21:43:05:061

I can't connect with the passive [192.168.100.113/5000] error_code:10061 !

<<<----  [OUT]
2020/10/29 21:43:07:542

Connecting Started...

<<<----  [OUT]
2020/10/29 21:43:09:603

I can't connect with the passive [192.168.100.113/5000] error_code:10061 !

<<<----  [OUT]
2020/10/29 21:43:12:089

Connecting Started...

<<<----  [OUT]
2020/10/29 21:43:14:153

I can't connect with the passive [192.168.100.113/5000] error_code:10061 !

<<<----  [OUT]
2020/10/29 21:43:16:635

Connecting Started...

<<<----  [OUT]
2020/10/29 21:43:18:694

I can't connect with the passive [192.168.100.113/5000] error_code:10061 !

<<<----  [OUT]
2020/10/29 21:43:21:183

Connecting Started...

<<<----  [OUT]
2020/10/29 21:43:23:224

I can't connect with the passive [192.168.100.113/5000] error_code:10061 !

<<<----  [OUT]
2020/10/29 21:43:25:714

Connecting Started...

<<<----  [OUT]
2020/10/29 21:43:27:777

I can't connect with the passive [192.168.100.113/5000] error_code:10061 !

<<<----  [OUT]
2020/10/29 21:43:30:262

Connecting Started...

<<<----  [OUT]
2020/10/29 21:43:32:328

I can't connect with the passive [192.168.100.113/5000] error_code:10061 !

<<<----  [OUT]
2020/10/29 21:43:34:807

Connecting Started...

<<<----  [OUT]
2020/10/29 21:43:36:866

I can't connect with the passive [192.168.100.113/5000] error_code:10061 !

<<<----  [OUT]
2020/10/29 21:43:39:354

Connecting Started...

<<<----  [OUT]
2020/10/29 21:43:41:416

I can't connect with the passive [192.168.100.113/5000] error_code:10061 !

<<<----  [OUT]
2020/10/29 21:43:43:902

Connecting Started...

<<<----  [OUT]
2020/10/29 21:43:45:977

I can't connect with the passive [192.168.100.113/5000] error_code:10061 !

<<<----  [OUT]
2020/10/29 21:43:48:464

Connecting Started...

<<<----  [OUT]
2020/10/29 21:43:50:522

I can't connect with the passive [192.168.100.113/5000] error_code:10061 !

<<<----  [OUT]
2020/10/29 21:43:53:011

Connecting Started...

<<<----  [OUT]
2020/10/29 21:43:55:070

I can't connect with the passive [192.168.100.113/5000] error_code:10061 !

<<<----  [OUT]
2020/10/29 21:43:57:558

Connecting Started...

<<<----  [OUT]
2020/10/29 21:43:59:602

I can't connect with the passive [192.168.100.113/5000] error_code:10061 !

<<<----  [OUT]
2020/10/29 21:44:02:089

Connecting Started...

<<<----  [OUT]
2020/10/29 21:44:04:123

I can't connect with the passive [192.168.100.113/5000] error_code:10061 !

<<<----  [OUT]
2020/10/29 21:44:06:605

Connecting Started...

<<<----  [OUT]
2020/10/29 21:44:08:637

I can't connect with the passive [192.168.100.113/5000] error_code:10061 !

<<<----  [OUT]
2020/10/29 21:44:11:121

Connecting Started...

<<<----  [OUT]
2020/10/29 21:44:13:181

I can't connect with the passive [192.168.100.113/5000] error_code:10061 !

<<<----  [OUT]
2020/10/29 21:44:15:668

Connecting Started...

<<<----  [OUT]
2020/10/29 21:44:17:726

I can't connect with the passive [192.168.100.113/5000] error_code:10061 !

<<<----  [OUT]
2020/10/29 21:44:20:215

Connecting Started...

<<<----  [OUT]
2020/10/29 21:44:22:253

I can't connect with the passive [192.168.100.113/5000] error_code:10061 !

<<<----  [OUT]
2020/10/29 21:44:24:729

Connecting Started...

<<<----  [OUT]
2020/10/29 21:44:26:762

I can't connect with the passive [192.168.100.113/5000] error_code:10061 !

<<<----  [OUT]
2020/10/29 21:44:29:246

Connecting Started...

<<<----  [OUT]
2020/10/29 21:44:31:291

I can't connect with the passive [192.168.100.113/5000] error_code:10061 !

<<<----  [OUT]
2020/10/29 21:44:33:776

Connecting Started...

<<<----  [OUT]
2020/10/29 21:44:35:836

I can't connect with the passive [192.168.100.113/5000] error_code:10061 !

<<<----  [OUT]
2020/10/29 21:44:38:323

Connecting Started...

<<<----  [OUT]
2020/10/29 21:44:40:386

I can't connect with the passive [192.168.100.113/5000] error_code:10061 !

<<<----  [OUT]
2020/10/29 21:44:42:869

Connecting Started...

<<<----  [OUT]
2020/10/29 21:44:44:928

I can't connect with the passive [192.168.100.113/5000] error_code:10061 !

<<<----  [OUT]
2020/10/29 21:44:47:417

Connecting Started...

<<<----  [OUT]
2020/10/29 21:44:49:480

I can't connect with the passive [192.168.100.113/5000] error_code:10061 !

<<<----  [OUT]
2020/10/29 21:44:51:965

Connecting Started...

<<<----  [OUT]
2020/10/29 21:44:54:034

I can't connect with the passive [192.168.100.113/5000] error_code:10061 !

<<<----  [OUT]
2020/10/29 21:44:56:512

Connecting Started...

<<<----  [OUT]
2020/10/29 21:44:58:569

I can't connect with the passive [192.168.100.113/5000] error_code:10061 !

<<<----  [OUT]
2020/10/29 21:45:01:059

Connecting Started...

<<<----  [OUT]
2020/10/29 21:45:03:114

I can't connect with the passive [192.168.100.113/5000] error_code:10061 !

<<<----  [OUT]
2020/10/29 21:45:05:604

Connecting Started...

<<<----  [OUT]
2020/10/29 21:45:07:635

I can't connect with the passive [192.168.100.113/5000] error_code:10061 !

<<<----  [OUT]
2020/10/29 21:45:10:120

Connecting Started...

<<<----  [OUT]
2020/10/29 21:45:12:172

I can't connect with the passive [192.168.100.113/5000] error_code:10061 !

<<<----  [OUT]
2020/10/29 21:45:14:652

Connecting Started...

<<<----  [OUT]
2020/10/29 21:45:16:718

I can't connect with the passive [192.168.100.113/5000] error_code:10061 !

<<<----  [OUT]
2020/10/29 21:45:19:198

Connecting Started...

<<<----  [OUT]
2020/10/29 21:45:21:255

I can't connect with the passive [192.168.100.113/5000] error_code:10061 !

<<<----  [OUT]
2020/10/29 21:45:23:745

Connecting Started...

<<<----  [OUT]
2020/10/29 21:45:25:806

I can't connect with the passive [192.168.100.113/5000] error_code:10061 !

<<<----  [OUT]
2020/10/29 21:45:28:293

Connecting Started...

<<<----  [OUT]
2020/10/29 21:45:30:340

I can't connect with the passive [192.168.100.113/5000] error_code:10061 !

<<<----  [OUT]
2020/10/29 21:45:32:823

Connecting Started...

<<<----  [OUT]
2020/10/29 21:45:34:883

I can't connect with the passive [192.168.100.113/5000] error_code:10061 !

<<<----  [OUT]
2020/10/29 21:45:37:371

Connecting Started...

<<<----  [OUT]
2020/10/29 21:45:39:416

I can't connect with the passive [192.168.100.113/5000] error_code:10061 !

<<<----  [OUT]
2020/10/29 21:45:41:902

Connecting Started...

<<<----  [OUT]
2020/10/29 21:45:43:974

I can't connect with the passive [192.168.100.113/5000] error_code:10061 !

<<<----  [OUT]
2020/10/29 21:45:46:464

Connecting Started...

<<<----  [OUT]
2020/10/29 21:45:48:533

I can't connect with the passive [192.168.100.113/5000] error_code:10061 !

<<<----  [OUT]
2020/10/29 21:45:51:011

Connecting Started...

<<<----  [OUT]
2020/10/29 21:45:53:054

I can't connect with the passive [192.168.100.113/5000] error_code:10061 !

<<<----  [OUT]
2020/10/29 21:45:55:543

Connecting Started...

<<<----  [OUT]
2020/10/29 21:45:57:602

I can't connect with the passive [192.168.100.113/5000] error_code:10061 !

<<<----  [OUT]
2020/10/29 21:46:00:088

Connecting Started...

<<<----  [OUT]
2020/10/29 21:46:02:155

I can't connect with the passive [192.168.100.113/5000] error_code:10061 !

<<<----  [OUT]
2020/10/29 21:46:04:637

Connecting Started...

<<<----  [OUT]
2020/10/29 21:46:06:691

I can't connect with the passive [192.168.100.113/5000] error_code:10061 !

<<<----  [OUT]
2020/10/29 21:46:09:184

Connecting Started...

<<<----  [OUT]
2020/10/29 21:46:11:247

I can't connect with the passive [192.168.100.113/5000] error_code:10061 !

<<<----  [OUT]
2020/10/29 21:46:13:730

Connecting Started...

<<<----  [OUT]
2020/10/29 21:46:15:789

I can't connect with the passive [192.168.100.113/5000] error_code:10061 !

<<<----  [OUT]
2020/10/29 21:46:18:277

Connecting Started...

<<<----  [OUT]
2020/10/29 21:46:20:342

I can't connect with the passive [192.168.100.113/5000] error_code:10061 !

<<<----  [OUT]
2020/10/29 21:46:22:823

Connecting Started...

<<<----  [OUT]
2020/10/29 21:46:24:864

I can't connect with the passive [192.168.100.113/5000] error_code:10061 !

<<<----  [OUT]
2020/10/29 21:46:27:355

Connecting Started...

<<<----  [OUT]
2020/10/29 21:46:29:390

I can't connect with the passive [192.168.100.113/5000] error_code:10061 !

<<<----  [OUT]
2020/10/29 21:46:31:871

Connecting Started...

<<<----  [OUT]
2020/10/29 21:46:33:907

I can't connect with the passive [192.168.100.113/5000] error_code:10061 !

<<<----  [OUT]
2020/10/29 21:46:36:385

Connecting Started...

<<<----  [OUT]
2020/10/29 21:46:38:413

I can't connect with the passive [192.168.100.113/5000] error_code:10061 !

<<<----  [OUT]
2020/10/29 21:46:40:901

Connecting Started...

<<<----  [OUT]
2020/10/29 21:46:42:959

I can't connect with the passive [192.168.100.113/5000] error_code:10061 !

<<<----  [OUT]
2020/10/29 21:46:45:448

Connecting Started...

<<<----  [OUT]
2020/10/29 21:46:47:492

I can't connect with the passive [192.168.100.113/5000] error_code:10061 !

<<<----  [OUT]
2020/10/29 21:46:49:979

Connecting Started...

<<<----  [OUT]
2020/10/29 21:46:52:021

I can't connect with the passive [192.168.100.113/5000] error_code:10061 !

<<<----  [OUT]
2020/10/29 21:46:54:511

Connecting Started...

<<<----  [OUT]
2020/10/29 21:46:56:557

I can't connect with the passive [192.168.100.113/5000] error_code:10061 !

<<<----  [OUT]
2020/10/29 21:46:59:043

Connecting Started...

<<<----  [OUT]
2020/10/29 21:47:01:099

I can't connect with the passive [192.168.100.113/5000] error_code:10061 !

<<<----  [OUT]
2020/10/29 21:47:03:589

Connecting Started...

<<<----  [OUT]
2020/10/29 21:47:05:644

I can't connect with the passive [192.168.100.113/5000] error_code:10061 !

<<<----  [OUT]
2020/10/29 21:47:08:121

Connecting Started...

<<<----  [OUT]
2020/10/29 21:47:10:188

I can't connect with the passive [192.168.100.113/5000] error_code:10061 !

<<<----  [OUT]
2020/10/29 21:47:12:668

Connecting Started...

<<<----  [OUT]
2020/10/29 21:47:14:735

I can't connect with the passive [192.168.100.113/5000] error_code:10061 !

<<<----  [OUT]
2020/10/29 21:47:17:215

Connecting Started...

<<<----  [OUT]
2020/10/29 21:47:19:282

I can't connect with the passive [192.168.100.113/5000] error_code:10061 !

<<<----  [OUT]
2020/10/29 21:47:21:762

Connecting Started...

<<<----  [OUT]
2020/10/29 21:47:23:823

I can't connect with the passive [192.168.100.113/5000] error_code:10061 !

<<<----  [OUT]
2020/10/29 21:47:26:308

Connecting Started...

<<<----  [OUT]
2020/10/29 21:47:28:377

I can't connect with the passive [192.168.100.113/5000] error_code:10061 !

<<<----  [OUT]
2020/10/29 21:47:30:854

Connecting Started...

<<<----  [OUT]
2020/10/29 21:47:32:910

I can't connect with the passive [192.168.100.113/5000] error_code:10061 !

<<<----  [OUT]
2020/10/29 21:47:35:386

Connecting Started...

<<<----  [OUT]
2020/10/29 21:47:37:439

I can't connect with the passive [192.168.100.113/5000] error_code:10061 !

<<<----  [OUT]
2020/10/29 21:47:39:918

Connecting Started...

<<<----  [OUT]
2020/10/29 21:47:41:999

I can't connect with the passive [192.168.100.113/5000] error_code:10061 !

<<<----  [OUT]
2020/10/29 21:47:44:479

Connecting Started...

<<<----  [OUT]
2020/10/29 21:47:46:546

I can't connect with the passive [192.168.100.113/5000] error_code:10061 !

<<<----  [OUT]
2020/10/29 21:47:49:026

Connecting Started...

<<<----  [OUT]
2020/10/29 21:47:51:084

I can't connect with the passive [192.168.100.113/5000] error_code:10061 !

<<<----  [OUT]
2020/10/29 21:47:53:573

Connecting Started...

<<<----  [OUT]
2020/10/29 21:47:55:625

I can't connect with the passive [192.168.100.113/5000] error_code:10061 !

<<<----  [OUT]
2020/10/29 21:47:58:106

Connecting Started...

<<<----  [OUT]
2020/10/29 21:48:00:151

I can't connect with the passive [192.168.100.113/5000] error_code:10061 !

<<<----  [OUT]
2020/10/29 21:48:02:635

Connecting Started...

<<<----  [OUT]
2020/10/29 21:48:04:712

I can't connect with the passive [192.168.100.113/5000] error_code:10061 !

<<<----  [OUT]
2020/10/29 21:48:07:199

Connecting Started...

<<<----  [OUT]
2020/10/29 21:48:09:247

I can't connect with the passive [192.168.100.113/5000] error_code:10061 !

<<<----  [OUT]
2020/10/29 21:48:11:729

Connecting Started...

<<<----  [OUT]
2020/10/29 21:48:13:783

I can't connect with the passive [192.168.100.113/5000] error_code:10061 !

<<<----  [OUT]
2020/10/29 21:48:16:262

Connecting Started...

<<<----  [OUT]
2020/10/29 21:48:18:306

I can't connect with the passive [192.168.100.113/5000] error_code:10061 !

<<<----  [OUT]
2020/10/29 21:48:20:792

Connecting Started...

<<<----  [OUT]
2020/10/29 21:48:22:839

I can't connect with the passive [192.168.100.113/5000] error_code:10061 !

<<<----  [OUT]
2020/10/29 21:48:25:324

Connecting Started...

<<<----  [OUT]
2020/10/29 21:48:27:361

I can't connect with the passive [192.168.100.113/5000] error_code:10061 !

<<<----  [OUT]
2020/10/29 21:48:29:840

Connecting Started...

<<<----  [OUT]
2020/10/29 21:48:31:897

I can't connect with the passive [192.168.100.113/5000] error_code:10061 !

<<<----  [OUT]
2020/10/29 21:48:34:387

Connecting Started...

<<<----  [OUT]
2020/10/29 21:48:36:430

I can't connect with the passive [192.168.100.113/5000] error_code:10061 !

<<<----  [OUT]
2020/10/29 21:48:38:917

Connecting Started...

<<<----  [OUT]
2020/10/29 21:48:40:959

I can't connect with the passive [192.168.100.113/5000] error_code:10061 !

<<<----  [OUT]
2020/10/29 21:48:43:448

Connecting Started...

<<<----  [OUT]
2020/10/29 21:48:45:490

I can't connect with the passive [192.168.100.113/5000] error_code:10061 !

<<<----  [OUT]
2020/10/29 21:48:47:979

Connecting Started...

<<<----  [OUT]
2020/10/29 21:48:50:029

I can't connect with the passive [192.168.100.113/5000] error_code:10061 !

<<<----  [OUT]
2020/10/29 21:48:52:510

Connecting Started...

<<<----  [OUT]
2020/10/29 21:48:54:570

I can't connect with the passive [192.168.100.113/5000] error_code:10061 !

<<<----  [OUT]
2020/10/29 21:48:57:057

Connecting Started...

<<<----  [OUT]
2020/10/29 21:48:59:119

I can't connect with the passive [192.168.100.113/5000] error_code:10061 !

<<<----  [OUT]
2020/10/29 21:49:01:605

Connecting Started...

<<<----  [OUT]
2020/10/29 21:49:03:667

I can't connect with the passive [192.168.100.113/5000] error_code:10061 !

<<<----  [OUT]
2020/10/29 21:49:06:151

Connecting Started...

<<<----  [OUT]
2020/10/29 21:49:08:204

I can't connect with the passive [192.168.100.113/5000] error_code:10061 !

<<<----  [OUT]
2020/10/29 21:49:10:683

Connecting Started...

<<<----  [OUT]
2020/10/29 21:49:12:743

I can't connect with the passive [192.168.100.113/5000] error_code:10061 !

<<<----  [OUT]
2020/10/29 21:49:15:230

Connecting Started...

<<<----  [OUT]
2020/10/29 21:49:17:291

I can't connect with the passive [192.168.100.113/5000] error_code:10061 !

<<<----  [OUT]
2020/10/29 21:49:19:776

Connecting Started...

<<<----  [OUT]
2020/10/29 21:49:21:834

I can't connect with the passive [192.168.100.113/5000] error_code:10061 !

<<<----  [OUT]
2020/10/29 21:49:24:324

Connecting Started...

<<<----  [OUT]
2020/10/29 21:49:26:388

I can't connect with the passive [192.168.100.113/5000] error_code:10061 !

<<<----  [OUT]
2020/10/29 21:49:28:871

Connecting Started...

<<<----  [OUT]
2020/10/29 21:49:30:928

I can't connect with the passive [192.168.100.113/5000] error_code:10061 !

<<<----  [OUT]
2020/10/29 21:49:33:417

Connecting Started...

<<<----  [OUT]
2020/10/29 21:49:35:494

I can't connect with the passive [192.168.100.113/5000] error_code:10061 !

<<<----  [OUT]
2020/10/29 21:49:37:980

Connecting Started...

<<<----  [OUT]
2020/10/29 21:49:40:068

I can't connect with the passive [192.168.100.113/5000] error_code:10061 !

<<<----  [OUT]
2020/10/29 21:49:42:558

Connecting Started...

<<<----  [OUT]
2020/10/29 21:49:44:631

I can't connect with the passive [192.168.100.113/5000] error_code:10061 !

<<<----  [OUT]
2020/10/29 21:49:47:121

Connecting Started...

<<<----  [OUT]
2020/10/29 21:49:49:169

I can't connect with the passive [192.168.100.113/5000] error_code:10061 !

<<<----  [OUT]
2020/10/29 21:49:51:652

Connecting Started...

<<<----  [OUT]
2020/10/29 21:49:53:695

I can't connect with the passive [192.168.100.113/5000] error_code:10061 !

<<<----  [OUT]
2020/10/29 21:49:56:183

Connecting Started...

<<<----  [OUT]
2020/10/29 21:49:58:232

I can't connect with the passive [192.168.100.113/5000] error_code:10061 !

<<<----  [OUT]
2020/10/29 21:50:00:715

Connecting Started...

<<<----  [OUT]
2020/10/29 21:50:02:758

I can't connect with the passive [192.168.100.113/5000] error_code:10061 !

<<<----  [OUT]
2020/10/29 21:50:05:246

Connecting Started...

<<<----  [OUT]
2020/10/29 21:50:07:275

I can't connect with the passive [192.168.100.113/5000] error_code:10061 !

<<<----  [OUT]
2020/10/29 21:50:09:762

Connecting Started...

<<<----  [OUT]
2020/10/29 21:50:11:808

I can't connect with the passive [192.168.100.113/5000] error_code:10061 !

<<<----  [OUT]
2020/10/29 21:50:14:293

Connecting Started...

<<<----  [OUT]
2020/10/29 21:50:16:342

I can't connect with the passive [192.168.100.113/5000] error_code:10061 !

<<<----  [OUT]
2020/10/29 21:50:18:823

Connecting Started...

<<<----  [OUT]
2020/10/29 21:50:20:863

I can't connect with the passive [192.168.100.113/5000] error_code:10061 !

<<<----  [OUT]
2020/10/29 21:50:23:339

Connecting Started...

<<<----  [OUT]
2020/10/29 21:50:25:381

I can't connect with the passive [192.168.100.113/5000] error_code:10061 !

<<<----  [OUT]
2020/10/29 21:50:27:870

Connecting Started...

<<<----  [OUT]
2020/10/29 21:50:29:901

I can't connect with the passive [192.168.100.113/5000] error_code:10061 !

<<<----  [OUT]
2020/10/29 21:50:32:385

Connecting Started...

<<<----  [OUT]
2020/10/29 21:50:34:425

I can't connect with the passive [192.168.100.113/5000] error_code:10061 !

<<<----  [OUT]
2020/10/29 21:50:36:901

Connecting Started...

<<<----  [OUT]
2020/10/29 21:50:38:954

I can't connect with the passive [192.168.100.113/5000] error_code:10061 !

<<<----  [OUT]
2020/10/29 21:50:41:433

Connecting Started...

<<<----  [OUT]
2020/10/29 21:50:43:478

I can't connect with the passive [192.168.100.113/5000] error_code:10061 !

<<<----  [OUT]
2020/10/29 21:50:45:965

Connecting Started...

<<<----  [OUT]
2020/10/29 21:50:47:997

I can't connect with the passive [192.168.100.113/5000] error_code:10061 !

<<<----  [OUT]
2020/10/29 21:50:50:480

Connecting Started...

<<<----  [OUT]
2020/10/29 21:50:52:515

I can't connect with the passive [192.168.100.113/5000] error_code:10061 !

<<<----  [OUT]
2020/10/29 21:50:54:995

Connecting Started...

<<<----  [OUT]
2020/10/29 21:50:57:046

I can't connect with the passive [192.168.100.113/5000] error_code:10061 !

<<<----  [OUT]
2020/10/29 21:50:59:527

Connecting Started...

<<<----  [OUT]
2020/10/29 21:51:01:570

I can't connect with the passive [192.168.100.113/5000] error_code:10061 !

<<<----  [OUT]
2020/10/29 21:51:04:059

Connecting Started...

<<<----  [OUT]
2020/10/29 21:51:06:103

I can't connect with the passive [192.168.100.113/5000] error_code:10061 !

<<<----  [OUT]
2020/10/29 21:51:08:588

Connecting Started...

<<<----  [OUT]
2020/10/29 21:51:10:610

I can't connect with the passive [192.168.100.113/5000] error_code:10061 !

<<<----  [OUT]
2020/10/29 21:51:13:088

Connecting Started...

<<<----  [OUT]
2020/10/29 21:51:15:148

I can't connect with the passive [192.168.100.113/5000] error_code:10061 !

<<<----  [OUT]
2020/10/29 21:51:17:635

Connecting Started...

<<<----  [OUT]
2020/10/29 21:51:19:694

I can't connect with the passive [192.168.100.113/5000] error_code:10061 !

<<<----  [OUT]
2020/10/29 21:51:22:183

Connecting Started...

<<<----  [OUT]
2020/10/29 21:51:24:220

I can't connect with the passive [192.168.100.113/5000] error_code:10061 !

<<<----  [OUT]
2020/10/29 21:51:26:699

Connecting Started...

<<<----  [OUT]
2020/10/29 21:51:28:737

I can't connect with the passive [192.168.100.113/5000] error_code:10061 !

<<<----  [OUT]
2020/10/29 21:51:31:215

Connecting Started...

<<<----  [OUT]
2020/10/29 21:51:33:255

I can't connect with the passive [192.168.100.113/5000] error_code:10061 !

<<<----  [OUT]
2020/10/29 21:51:35:745

Connecting Started...

<<<----  [OUT]
2020/10/29 21:51:37:782

I can't connect with the passive [192.168.100.113/5000] error_code:10061 !

<<<----  [OUT]
2020/10/29 21:51:40:262

Connecting Started...

<<<----  [OUT]
2020/10/29 21:51:42:304

I can't connect with the passive [192.168.100.113/5000] error_code:10061 !

<<<----  [OUT]
2020/10/29 21:51:44:793

Connecting Started...

<<<----  [OUT]
2020/10/29 21:51:46:857

I can't connect with the passive [192.168.100.113/5000] error_code:10061 !

<<<----  [OUT]
2020/10/29 21:51:49:338

Connecting Started...

<<<----  [OUT]
2020/10/29 21:51:51:381

I can't connect with the passive [192.168.100.113/5000] error_code:10061 !

<<<----  [OUT]
2020/10/29 21:51:53:871

Connecting Started...

<<<----  [OUT]
2020/10/29 21:51:55:913

I can't connect with the passive [192.168.100.113/5000] error_code:10061 !

<<<----  [OUT]
2020/10/29 21:51:58:401

Connecting Started...

<<<----  [OUT]
2020/10/29 21:52:00:456

I can't connect with the passive [192.168.100.113/5000] error_code:10061 !

<<<----  [OUT]
2020/10/29 21:52:02:933

Connecting Started...

<<<----  [OUT]
2020/10/29 21:52:04:996

I can't connect with the passive [192.168.100.113/5000] error_code:10061 !

<<<----  [OUT]
2020/10/29 21:52:07:479

Connecting Started...

<<<----  [OUT]
2020/10/29 21:52:09:528

I can't connect with the passive [192.168.100.113/5000] error_code:10061 !

<<<----  [OUT]
2020/10/29 21:52:12:012

Connecting Started...

<<<----  [OUT]
2020/10/29 21:52:14:082

I can't connect with the passive [192.168.100.113/5000] error_code:10061 !

<<<----  [OUT]
2020/10/29 21:52:16:573

Connecting Started...

<<<----  [OUT]
2020/10/29 21:52:18:621

I can't connect with the passive [192.168.100.113/5000] error_code:10061 !

<<<----  [OUT]
2020/10/29 21:52:21:105

Connecting Started...

<<<----  [OUT]
2020/10/29 21:52:23:132

I can't connect with the passive [192.168.100.113/5000] error_code:10061 !

<<<----  [OUT]
2020/10/29 21:52:25:620

Connecting Started...

<<<----  [OUT]
2020/10/29 21:52:27:645

I can't connect with the passive [192.168.100.113/5000] error_code:10061 !

<<<----  [OUT]
2020/10/29 21:52:30:135

Connecting Started...

<<<----  [OUT]
2020/10/29 21:52:32:184

I can't connect with the passive [192.168.100.113/5000] error_code:10061 !

<<<----  [OUT]
2020/10/29 21:52:34:668

Connecting Started...

<<<----  [OUT]
2020/10/29 21:52:36:719

I can't connect with the passive [192.168.100.113/5000] error_code:10061 !

<<<----  [OUT]
2020/10/29 21:52:39:198

Connecting Started...

<<<----  [OUT]
2020/10/29 21:52:41:257

I can't connect with the passive [192.168.100.113/5000] error_code:10061 !

<<<----  [OUT]
2020/10/29 21:52:43:745

Connecting Started...

<<<----  [OUT]
2020/10/29 21:52:45:790

I can't connect with the passive [192.168.100.113/5000] error_code:10061 !

<<<----  [OUT]
2020/10/29 21:52:48:276

Connecting Started...

<<<----  [OUT]
2020/10/29 21:52:50:323

I can't connect with the passive [192.168.100.113/5000] error_code:10061 !

<<<----  [OUT]
2020/10/29 21:52:52:808

Connecting Started...

<<<----  [OUT]
2020/10/29 21:52:54:839

I can't connect with the passive [192.168.100.113/5000] error_code:10061 !

<<<----  [OUT]
2020/10/29 21:52:57:323

Connecting Started...

<<<----  [OUT]
2020/10/29 21:52:59:379

I can't connect with the passive [192.168.100.113/5000] error_code:10061 !

<<<----  [OUT]
2020/10/29 21:53:01:870

Connecting Started...

<<<----  [OUT]
2020/10/29 21:53:03:924

I can't connect with the passive [192.168.100.113/5000] error_code:10061 !

<<<----  [OUT]
2020/10/29 21:53:06:402

Connecting Started...

<<<----  [OUT]
2020/10/29 21:53:08:444

I can't connect with the passive [192.168.100.113/5000] error_code:10061 !

<<<----  [OUT]
2020/10/29 21:53:10:933

Connecting Started...

<<<----  [OUT]
2020/10/29 21:53:12:977

I can't connect with the passive [192.168.100.113/5000] error_code:10061 !

<<<----  [OUT]
2020/10/29 21:53:15:463

Connecting Started...

<<<----  [OUT]
2020/10/29 21:53:17:522

I can't connect with the passive [192.168.100.113/5000] error_code:10061 !

<<<----  [OUT]
2020/10/29 21:53:20:011

Connecting Started...

<<<----  [OUT]
2020/10/29 21:53:22:042

I can't connect with the passive [192.168.100.113/5000] error_code:10061 !

<<<----  [OUT]
2020/10/29 21:53:24:526

Connecting Started...

<<<----  [OUT]
2020/10/29 21:53:26:581

I can't connect with the passive [192.168.100.113/5000] error_code:10061 !

<<<----  [OUT]
2020/10/29 21:53:29:058

Connecting Started...

<<<----  [OUT]
2020/10/29 21:53:31:117

I can't connect with the passive [192.168.100.113/5000] error_code:10061 !

<<<----  [OUT]
2020/10/29 21:53:33:605

Connecting Started...

<<<----  [OUT]
2020/10/29 21:53:35:678

I can't connect with the passive [192.168.100.113/5000] error_code:10061 !

<<<----  [OUT]
2020/10/29 21:53:38:168

Connecting Started...

<<<----  [OUT]
2020/10/29 21:53:40:197

I can't connect with the passive [192.168.100.113/5000] error_code:10061 !

<<<----  [OUT]
2020/10/29 21:53:42:684

Connecting Started...

<<<----  [OUT]
2020/10/29 21:53:44:750

I can't connect with the passive [192.168.100.113/5000] error_code:10061 !

<<<----  [OUT]
2020/10/29 21:53:47:230

Connecting Started...

<<<----  [OUT]
2020/10/29 21:53:49:305

I can't connect with the passive [192.168.100.113/5000] error_code:10061 !

<<<----  [OUT]
2020/10/29 21:53:51:793

Connecting Started...

<<<----  [OUT]
2020/10/29 21:53:53:859

I can't connect with the passive [192.168.100.113/5000] error_code:10061 !

<<<----  [OUT]
2020/10/29 21:53:56:339

Connecting Started...

<<<----  [OUT]
2020/10/29 21:53:58:395

I can't connect with the passive [192.168.100.113/5000] error_code:10061 !

<<<----  [OUT]
2020/10/29 21:54:00:886

Connecting Started...

<<<----  [OUT]
2020/10/29 21:54:02:936

I can't connect with the passive [192.168.100.113/5000] error_code:10061 !

<<<----  [OUT]
2020/10/29 21:54:05:418

Connecting Started...

<<<----  [OUT]
2020/10/29 21:54:07:455

I can't connect with the passive [192.168.100.113/5000] error_code:10061 !

<<<----  [OUT]
2020/10/29 21:54:09:934

Connecting Started...

<<<----  [OUT]
2020/10/29 21:54:11:989

I can't connect with the passive [192.168.100.113/5000] error_code:10061 !

<<<----  [OUT]
2020/10/29 21:54:14:480

Connecting Started...

<<<----  [OUT]
2020/10/29 21:54:16:547

I can't connect with the passive [192.168.100.113/5000] error_code:10061 !

<<<----  [OUT]
2020/10/29 21:54:19:026

Connecting Started...

<<<----  [OUT]
2020/10/29 21:54:21:087

I can't connect with the passive [192.168.100.113/5000] error_code:10061 !

<<<----  [OUT]
2020/10/29 21:54:23:574

Connecting Started...

<<<----  [OUT]
2020/10/29 21:54:25:607

I can't connect with the passive [192.168.100.113/5000] error_code:10061 !

<<<----  [OUT]
2020/10/29 21:54:28:089

Connecting Started...

<<<----  [OUT]
2020/10/29 21:54:30:131

I can't connect with the passive [192.168.100.113/5000] error_code:10061 !

<<<----  [OUT]
2020/10/29 21:54:32:620

Connecting Started...

<<<----  [OUT]
2020/10/29 21:54:34:687

I can't connect with the passive [192.168.100.113/5000] error_code:10061 !

<<<----  [OUT]
2020/10/29 21:54:37:167

Connecting Started...

<<<----  [OUT]
2020/10/29 21:54:39:211

I can't connect with the passive [192.168.100.113/5000] error_code:10061 !

<<<----  [OUT]
2020/10/29 21:54:41:699

Connecting Started...

<<<----  [OUT]
2020/10/29 21:54:43:775

I can't connect with the passive [192.168.100.113/5000] error_code:10061 !

<<<----  [OUT]
2020/10/29 21:54:46:262

Connecting Started...

<<<----  [OUT]
2020/10/29 21:54:48:327

I can't connect with the passive [192.168.100.113/5000] error_code:10061 !

<<<----  [OUT]
2020/10/29 21:54:50:808

Connecting Started...

<<<----  [OUT]
2020/10/29 21:54:52:864

I can't connect with the passive [192.168.100.113/5000] error_code:10061 !

<<<----  [OUT]
2020/10/29 21:54:55:355

Connecting Started...

<<<----  [OUT]
2020/10/29 21:54:57:410

I can't connect with the passive [192.168.100.113/5000] error_code:10061 !

<<<----  [OUT]
2020/10/29 21:54:59:885

Connecting Started...

<<<----  [OUT]
2020/10/29 21:55:01:947

I can't connect with the passive [192.168.100.113/5000] error_code:10061 !

<<<----  [OUT]
2020/10/29 21:55:04:433

Connecting Started...

<<<----  [OUT]
2020/10/29 21:55:06:485

I can't connect with the passive [192.168.100.113/5000] error_code:10061 !

<<<----  [OUT]
2020/10/29 21:55:08:964

Connecting Started...

<<<----  [OUT]
2020/10/29 21:55:11:009

I can't connect with the passive [192.168.100.113/5000] error_code:10061 !

<<<----  [OUT]
2020/10/29 21:55:13:495

Connecting Started...

<<<----  [OUT]
2020/10/29 21:55:15:561

I can't connect with the passive [192.168.100.113/5000] error_code:10061 !

<<<----  [OUT]
2020/10/29 21:55:18:043

Connecting Started...

<<<----  [OUT]
2020/10/29 21:55:20:113

I can't connect with the passive [192.168.100.113/5000] error_code:10061 !

<<<----  [OUT]
2020/10/29 21:55:22:589

Connecting Started...

<<<----  [OUT]
2020/10/29 21:55:24:657

I can't connect with the passive [192.168.100.113/5000] error_code:10061 !

<<<----  [OUT]
2020/10/29 21:55:27:135

Connecting Started...

<<<----  [OUT]
2020/10/29 21:55:29:193

I can't connect with the passive [192.168.100.113/5000] error_code:10061 !

<<<----  [OUT]
2020/10/29 21:55:31:683

Connecting Started...

<<<----  [OUT]
2020/10/29 21:55:33:750

I can't connect with the passive [192.168.100.113/5000] error_code:10061 !

<<<----  [OUT]
2020/10/29 21:55:36:230

Connecting Started...

<<<----  [OUT]
2020/10/29 21:55:38:276

I can't connect with the passive [192.168.100.113/5000] error_code:10061 !

<<<----  [OUT]
2020/10/29 21:55:40:761

Connecting Started...

<<<----  [OUT]
2020/10/29 21:55:42:823

I can't connect with the passive [192.168.100.113/5000] error_code:10061 !

<<<----  [OUT]
2020/10/29 21:55:45:308

Connecting Started...

<<<----  [OUT]
2020/10/29 21:55:47:365

I can't connect with the passive [192.168.100.113/5000] error_code:10061 !

<<<----  [OUT]
2020/10/29 21:55:49:856

Connecting Started...

<<<----  [OUT]
2020/10/29 21:55:51:914

I can't connect with the passive [192.168.100.113/5000] error_code:10061 !

<<<----  [OUT]
2020/10/29 21:55:54:401

Connecting Started...

<<<----  [OUT]
2020/10/29 21:55:56:462

I can't connect with the passive [192.168.100.113/5000] error_code:10061 !

<<<----  [OUT]
2020/10/29 21:55:58:948

Connecting Started...

<<<----  [OUT]
2020/10/29 21:56:00:969

I can't connect with the passive [192.168.100.113/5000] error_code:10061 !

<<<----  [OUT]
2020/10/29 21:56:03:448

Connecting Started...

<<<----  [OUT]
2020/10/29 21:56:05:488

I can't connect with the passive [192.168.100.113/5000] error_code:10061 !

<<<----  [OUT]
2020/10/29 21:56:07:965

Connecting Started...

<<<----  [OUT]
2020/10/29 21:56:10:003

I can't connect with the passive [192.168.100.113/5000] error_code:10061 !

<<<----  [OUT]
2020/10/29 21:56:12:480

Connecting Started...

<<<----  [OUT]
2020/10/29 21:56:14:546

I can't connect with the passive [192.168.100.113/5000] error_code:10061 !

<<<----  [OUT]
2020/10/29 21:56:17:026

Connecting Started...

<<<----  [OUT]
2020/10/29 21:56:19:084

I can't connect with the passive [192.168.100.113/5000] error_code:10061 !

<<<----  [OUT]
2020/10/29 21:56:21:573

Connecting Started...

<<<----  [OUT]
2020/10/29 21:56:23:613

I can't connect with the passive [192.168.100.113/5000] error_code:10061 !

<<<----  [OUT]
2020/10/29 21:56:26:090

Connecting Started...

<<<----  [OUT]
2020/10/29 21:56:28:120

I can't connect with the passive [192.168.100.113/5000] error_code:10061 !

<<<----  [OUT]
2020/10/29 21:56:30:605

Connecting Started...

<<<----  [OUT]
2020/10/29 21:56:32:650

I can't connect with the passive [192.168.100.113/5000] error_code:10061 !

<<<----  [OUT]
2020/10/29 21:56:35:137

Connecting Started...

<<<----  [OUT]
2020/10/29 21:56:37:181

I can't connect with the passive [192.168.100.113/5000] error_code:10061 !

<<<----  [OUT]
2020/10/29 21:56:39:668

Connecting Started...

<<<----  [OUT]
2020/10/29 21:56:41:715

I can't connect with the passive [192.168.100.113/5000] error_code:10061 !

<<<----  [OUT]
2020/10/29 21:56:44:198

Connecting Started...

<<<----  [OUT]
2020/10/29 21:56:46:256

I can't connect with the passive [192.168.100.113/5000] error_code:10061 !

<<<----  [OUT]
2020/10/29 21:56:48:745

Connecting Started...

<<<----  [OUT]
2020/10/29 21:56:50:797

I can't connect with the passive [192.168.100.113/5000] error_code:10061 !

<<<----  [OUT]
2020/10/29 21:56:53:277

Connecting Started...

<<<----  [OUT]
2020/10/29 21:56:55:298

I can't connect with the passive [192.168.100.113/5000] error_code:10061 !

<<<----  [OUT]
2020/10/29 21:56:57:776

Connecting Started...

<<<----  [OUT]
2020/10/29 21:56:59:815

I can't connect with the passive [192.168.100.113/5000] error_code:10061 !

<<<----  [OUT]
2020/10/29 21:57:02:293

Connecting Started...

<<<----  [OUT]
2020/10/29 21:57:04:360

I can't connect with the passive [192.168.100.113/5000] error_code:10061 !

<<<----  [OUT]
2020/10/29 21:57:06:840

Connecting Started...

<<<----  [OUT]
2020/10/29 21:57:08:893

I can't connect with the passive [192.168.100.113/5000] error_code:10061 !

<<<----  [OUT]
2020/10/29 21:57:11:370

Connecting Started...

<<<----  [OUT]
2020/10/29 21:57:13:426

I can't connect with the passive [192.168.100.113/5000] error_code:10061 !

<<<----  [OUT]
2020/10/29 21:57:15:917

Connecting Started...

<<<----  [OUT]
2020/10/29 21:57:18:005

I can't connect with the passive [192.168.100.113/5000] error_code:10061 !

<<<----  [OUT]
2020/10/29 21:57:20:496

Connecting Started...

<<<----  [OUT]
2020/10/29 21:57:22:549

I can't connect with the passive [192.168.100.113/5000] error_code:10061 !

<<<----  [OUT]
2020/10/29 21:57:25:026

Connecting Started...

<<<----  [OUT]
2020/10/29 21:57:27:094

I can't connect with the passive [192.168.100.113/5000] error_code:10061 !

<<<----  [OUT]
2020/10/29 21:57:29:573

Connecting Started...

<<<----  [OUT]
2020/10/29 21:57:31:632

I can't connect with the passive [192.168.100.113/5000] error_code:10061 !

<<<----  [OUT]
2020/10/29 21:57:34:121

Connecting Started...

<<<----  [OUT]
2020/10/29 21:57:36:194

I can't connect with the passive [192.168.100.113/5000] error_code:10061 !

<<<----  [OUT]
2020/10/29 21:57:38:683

Connecting Started...

<<<----  [OUT]
2020/10/29 21:57:40:757

I can't connect with the passive [192.168.100.113/5000] error_code:10061 !

<<<----  [OUT]
2020/10/29 21:57:43:246

Connecting Started...

<<<----  [OUT]
2020/10/29 21:57:45:301

I can't connect with the passive [192.168.100.113/5000] error_code:10061 !

<<<----  [OUT]
2020/10/29 21:57:47:792

Connecting Started...

<<<----  [OUT]
2020/10/29 21:57:49:852

I can't connect with the passive [192.168.100.113/5000] error_code:10061 !

<<<----  [OUT]
2020/10/29 21:57:52:339

Connecting Started...

<<<----  [OUT]
2020/10/29 21:57:54:401

I can't connect with the passive [192.168.100.113/5000] error_code:10061 !

<<<----  [OUT]
2020/10/29 21:57:56:886

Connecting Started...

<<<----  [OUT]
2020/10/29 21:57:58:944

I can't connect with the passive [192.168.100.113/5000] error_code:10061 !

<<<----  [OUT]
2020/10/29 21:58:01:433

Connecting Started...

<<<----  [OUT]
2020/10/29 21:58:03:504

I can't connect with the passive [192.168.100.113/5000] error_code:10061 !

<<<----  [OUT]
2020/10/29 21:58:05:980

Connecting Started...

<<<----  [OUT]
2020/10/29 21:58:08:032

I can't connect with the passive [192.168.100.113/5000] error_code:10061 !

<<<----  [OUT]
2020/10/29 21:58:10:512

Connecting Started...

<<<----  [OUT]
2020/10/29 21:58:12:579

I can't connect with the passive [192.168.100.113/5000] error_code:10061 !

<<<----  [OUT]
2020/10/29 21:58:15:058

Connecting Started...

<<<----  [OUT]
2020/10/29 21:58:17:136

I can't connect with the passive [192.168.100.113/5000] error_code:10061 !

<<<----  [OUT]
2020/10/29 21:58:19:621

Connecting Started...

<<<----  [OUT]
2020/10/29 21:58:21:646

I can't connect with the passive [192.168.100.113/5000] error_code:10061 !

<<<----  [OUT]
2020/10/29 21:58:24:135

Connecting Started...

<<<----  [OUT]
2020/10/29 21:58:26:188

I can't connect with the passive [192.168.100.113/5000] error_code:10061 !

<<<----  [OUT]
2020/10/29 21:58:28:666

Connecting Started...

<<<----  [OUT]
2020/10/29 21:58:30:731

I can't connect with the passive [192.168.100.113/5000] error_code:10061 !

<<<----  [OUT]
2020/10/29 21:58:33:214

Connecting Started...

<<<----  [OUT]
2020/10/29 21:58:35:280

I can't connect with the passive [192.168.100.113/5000] error_code:10061 !

<<<----  [OUT]
2020/10/29 21:58:37:762

Connecting Started...

<<<----  [OUT]
2020/10/29 21:58:39:834

I can't connect with the passive [192.168.100.113/5000] error_code:10061 !

<<<----  [OUT]
2020/10/29 21:58:42:324

Connecting Started...

<<<----  [OUT]
2020/10/29 21:58:44:385

I can't connect with the passive [192.168.100.113/5000] error_code:10061 !

<<<----  [OUT]
2020/10/29 21:58:46:870

Connecting Started...

<<<----  [OUT]
2020/10/29 21:58:48:928

I can't connect with the passive [192.168.100.113/5000] error_code:10061 !

<<<----  [OUT]
2020/10/29 21:58:51:417

Connecting Started...

<<<----  [OUT]
2020/10/29 21:58:53:427

I can't connect with the passive [192.168.100.113/5000] error_code:10061 !

<<<----  [OUT]
2020/10/29 21:58:55:917

Connecting Started...

<<<----  [OUT]
2020/10/29 21:58:57:987

I can't connect with the passive [192.168.100.113/5000] error_code:10061 !

<<<----  [OUT]
2020/10/29 21:59:00:464

Connecting Started...

<<<----  [OUT]
2020/10/29 21:59:02:505

I can't connect with the passive [192.168.100.113/5000] error_code:10061 !

<<<----  [OUT]
2020/10/29 21:59:04:996

Connecting Started...

<<<----  [OUT]
2020/10/29 21:59:07:028

I can't connect with the passive [192.168.100.113/5000] error_code:10061 !

<<<----  [OUT]
2020/10/29 21:59:09:511

Connecting Started...

<<<----  [OUT]
2020/10/29 21:59:11:561

I can't connect with the passive [192.168.100.113/5000] error_code:10061 !

<<<----  [OUT]
2020/10/29 21:59:14:043

Connecting Started...

<<<----  [OUT]
2020/10/29 21:59:16:109

I can't connect with the passive [192.168.100.113/5000] error_code:10061 !

<<<----  [OUT]
2020/10/29 21:59:18:588

Connecting Started...

<<<----  [OUT]
2020/10/29 21:59:20:655

I can't connect with the passive [192.168.100.113/5000] error_code:10061 !

<<<----  [OUT]
2020/10/29 21:59:23:135

Connecting Started...

<<<----  [OUT]
2020/10/29 21:59:25:210

I can't connect with the passive [192.168.100.113/5000] error_code:10061 !

<<<----  [OUT]
2020/10/29 21:59:27:698

Connecting Started...

<<<----  [OUT]
2020/10/29 21:59:29:775

I can't connect with the passive [192.168.100.113/5000] error_code:10061 !

<<<----  [OUT]
2020/10/29 21:59:32:261

Connecting Started...

<<<----  [OUT]
2020/10/29 21:59:34:330

I can't connect with the passive [192.168.100.113/5000] error_code:10061 !

<<<----  [OUT]
2020/10/29 21:59:36:808

Connecting Started...

<<<----  [OUT]
2020/10/29 21:59:38:874

I can't connect with the passive [192.168.100.113/5000] error_code:10061 !

<<<----  [OUT]
2020/10/29 21:59:41:355

Connecting Started...

<<<----  [OUT]
2020/10/29 21:59:43:430

I can't connect with the passive [192.168.100.113/5000] error_code:10061 !

<<<----  [OUT]
2020/10/29 21:59:45:917

Connecting Started...

<<<----  [OUT]
2020/10/29 21:59:47:979

I can't connect with the passive [192.168.100.113/5000] error_code:10061 !

<<<----  [OUT]
2020/10/29 21:59:50:465

Connecting Started...

<<<----  [OUT]
2020/10/29 21:59:52:475

I can't connect with the passive [192.168.100.113/5000] error_code:10061 !

<<<----  [OUT]
2020/10/29 21:59:54:965

Connecting Started...

<<<----  [OUT]
2020/10/29 21:59:57:030

I can't connect with the passive [192.168.100.113/5000] error_code:10061 !

<<<----  [OUT]
2020/10/29 21:59:59:512

Connecting Started...
