
<<<----  [OUT]
2021/01/21 00:59:46:308

---------------------------------------------------------------------
// FA : Start Log ...


<<<----  [OUT]
2021/01/21 00:59:46:313

//-------------------------------------------------------------
Property Information

   Driver Type [HSMS]
   Driver Mode [ACTIVE]
   IP    [192.168.100.113]
   Port  [5000]
//-------------------------------------------------------------


<<<----  [OUT]
2021/01/21 00:59:46:915

Auto-Start Started ... (Active)

<<<----  [OUT]
2021/01/21 00:59:47:006

Auto-Start Started ...  Waiting Stop-Connection.

<<<----  [OUT]
2021/01/21 00:59:47:006

Auto-Start Started ...  Waiting Open-Socket.

<<<----  [OUT]
2021/01/21 00:59:47:035

Socket Open Started...

<<<----  [OUT]
2021/01/21 00:59:47:035

Socket Open Completed...

<<<----  [OUT]
2021/01/21 00:59:47:035

Connecting Started...

<<<----  [OUT]
2021/01/21 00:59:47:096

Auto-Start Completed ...  (Active)
