

//--------------------------------------------------------
// START

2022_05_03 13:50:50   Start : mRES__OBJECT_PROPERTY.Upload__OBJ_PROPERTY()
2022_05_03 13:50:50   Completed ...
2022_05_03 13:50:50   Start : mMNG__ALARM_DB.Upload__DB()
2022_05_03 13:50:50   Completed ...
2022_05_03 13:50:50   Start : mMNG_FILE.Upload__OBJECT_LIST()
2022_05_03 13:50:50   Completed ...
2022_05_03 13:50:50   Start : mRES__OBJECT_LIST.Start__OBJECT_LIST()
2022_05_03 13:50:50   Completed ...
2022_05_03 13:50:50   Start : mRES__OBJECT_LIST.Initialize__OBJECT_LIST()
2022_05_03 13:50:50   STD Object : (__EQP) Started ...
2022_05_03 13:50:50   STD Object : (__EQP) Completed ...
2022_05_03 13:50:50   STD Object : (__SYS) Started ...
2022_05_03 13:50:50   STD Object : (__SYS) Completed ...
2022_05_03 13:50:50   IO Object : (IO) Started ...
2022_05_03 13:50:50   IO Object : (IO) Completed ...
2022_05_03 13:50:50   Completed ...
2022_05_03 13:50:50   Start : mMNG__ALARM_DB.Upload__LEVEL()
2022_05_03 13:50:50   Completed ...
2022_05_03 13:50:50   Start : mRES__OBJECT_DB.Upload__LOOKUP_TABLE()
2022_05_03 13:50:50   Completed ...
2022_05_03 13:50:50   Start : mRES__OBJECT_DB.Upload__OBJECT_OPTION()
2022_05_03 13:50:50   Completed ...
2022_05_03 13:50:50   Start : mRES__OBJECT_PROPERTY.Init__OBJ_PROPERTY()
2022_05_03 13:50:50      Property_Info__Memory_Check : -1
2022_05_03 13:50:50   Completed ...
2022_05_03 13:50:50   Start : mRES__OBJECT_DB.Analysis__OBJ_MODULE()
2022_05_03 13:50:50   Completed ...
2022_05_03 13:50:50   Start : mRES__OBJECT_DB.Analysis__OBJ_VERSION()
2022_05_03 13:50:50   Completed ...
2022_05_03 13:50:50   Start : mRES__OBJECT_DB.Upload__OBJECT_DATALOG_CHANNEL()
2022_05_03 13:50:50   Completed ...
2022_05_03 13:50:50   Start : mRES__SEQ_IP.Upload__SEQ_INFO()
2022_05_03 13:50:50   Completed ...
2022_05_03 13:50:50   Start : mRES__CFG_PAGE.Upload__PAGE_INFO()
2022_05_03 13:50:50   Completed ...
2022_05_03 13:50:50   Start : mRES__OBJECT_DB.Initialize__OBJECT()
2022_05_03 13:50:50   Completed ...
2022_05_03 13:50:50   Start : mRES__OBJECT_DB.Analysis__OBJ_LIST()
2022_05_03 13:50:50   Completed ...
2022_05_03 13:50:50   Start : mRES__OBJECT_PROPERTY.Check_ERROR__OBJ_PROPERTY()
2022_05_03 13:50:50   Completed ...
2022_05_03 13:50:50   Start : mRES__ALARM_DB.Change__DB()
2022_05_03 13:50:50   Completed ...
2022_05_03 13:50:50   Start : mRES__OBJECT_DB.Initialize__PROC()
2022_05_03 13:50:50   Completed ...
2022_05_03 13:50:50   Start : mUserID_CTRL.Upload()
2022_05_03 13:50:50   Completed ...
2022_05_03 13:50:50   Start : mRES__OBJECT_DB.Report__MODULE_INFO()
2022_05_03 13:50:50   Completed ...
2022_05_03 13:50:50   Start : net_ctrl->Start__NET()
2022_05_03 13:50:51   Completed ...
2022_05_03 13:50:51   Start : mRES__FA.Start__FA()
2022_05_03 13:50:51   Completed ...
2022_05_03 13:50:51   Start : mRES__OBJECT_DB.Start__OBJECT()
2022_05_03 13:50:51   Completed ...
