
<<<----  [OUT]
2021/09/29 11:24:42:858

---------------------------------------------------------------------
// FA : Start Log ...


<<<----  [OUT]
2021/09/29 11:24:42:866

//-------------------------------------------------------------
Property Information

   Driver Type [HSMS]
   Driver Mode [ACTIVE]
   IP    [192.168.100.113]
   Port  [5000]
//-------------------------------------------------------------


<<<----  [OUT]
2021/09/29 11:24:43:467

Auto-Start Started ... (Active)

<<<----  [OUT]
2021/09/29 11:24:43:558

Auto-Start Started ...  Waiting Stop-Connection.

<<<----  [OUT]
2021/09/29 11:24:43:558

Auto-Start Started ...  Waiting Open-Socket.

<<<----  [OUT]
2021/09/29 11:24:43:584

Socket Open Started...

<<<----  [OUT]
2021/09/29 11:24:43:584

Socket Open Completed...

<<<----  [OUT]
2021/09/29 11:24:43:584

Connecting Started...

<<<----  [OUT]
2021/09/29 11:24:43:649

Auto-Start Completed ...  (Active)
