
<<<----  [OUT]
2020/10/26 10:44:35:887

---------------------------------------------------------------------
// FA : Start Log ...


<<<----  [OUT]
2020/10/26 10:44:35:890

//-------------------------------------------------------------
Property Information

   Driver Type [HSMS]
   Driver Mode [ACTIVE]
   IP    [192.168.100.113]
   Port  [5000]
//-------------------------------------------------------------


<<<----  [OUT]
2020/10/26 10:44:36:491

Auto-Start Started ... (Active)

<<<----  [OUT]
2020/10/26 10:44:36:582

Auto-Start Started ...  Waiting Stop-Connection.

<<<----  [OUT]
2020/10/26 10:44:36:582

Auto-Start Started ...  Waiting Open-Socket.

<<<----  [OUT]
2020/10/26 10:44:36:613

Socket Open Started...

<<<----  [OUT]
2020/10/26 10:44:36:613

Socket Open Completed...

<<<----  [OUT]
2020/10/26 10:44:36:613

Connecting Started...

<<<----  [OUT]
2020/10/26 10:44:36:673

Auto-Start Completed ...  (Active)

<<<----  [OUT]
2020/10/26 10:44:38:660

I can't connect with the passive [192.168.100.113/5000] error_code:10061 !

<<<----  [OUT]
2020/10/26 10:44:41:153

Connecting Started...

<<<----  [OUT]
2020/10/26 10:44:43:202

I can't connect with the passive [192.168.100.113/5000] error_code:10061 !

<<<----  [OUT]
2020/10/26 10:44:45:682

Connecting Started...

<<<----  [OUT]
2020/10/26 10:44:47:729

I can't connect with the passive [192.168.100.113/5000] error_code:10061 !

<<<----  [OUT]
2020/10/26 10:44:50:213

Connecting Started...

<<<----  [OUT]
2020/10/26 10:44:52:244

I can't connect with the passive [192.168.100.113/5000] error_code:10061 !

<<<----  [OUT]
2020/10/26 10:44:54:729

Connecting Started...

<<<----  [OUT]
2020/10/26 10:44:56:776

I can't connect with the passive [192.168.100.113/5000] error_code:10061 !

<<<----  [OUT]
2020/10/26 10:44:59:262

Connecting Started...

<<<----  [OUT]
2020/10/26 10:45:01:295

I can't connect with the passive [192.168.100.113/5000] error_code:10061 !

<<<----  [OUT]
2020/10/26 10:45:03:777

Connecting Started...

<<<----  [OUT]
2020/10/26 10:45:05:829

I can't connect with the passive [192.168.100.113/5000] error_code:10061 !

<<<----  [OUT]
2020/10/26 10:45:08:308

Connecting Started...

<<<----  [OUT]
2020/10/26 10:45:10:350

I can't connect with the passive [192.168.100.113/5000] error_code:10061 !

<<<----  [OUT]
2020/10/26 10:45:12:839

Connecting Started...

<<<----  [OUT]
2020/10/26 10:45:14:875

I can't connect with the passive [192.168.100.113/5000] error_code:10061 !

<<<----  [OUT]
2020/10/26 10:45:17:355

Connecting Started...

<<<----  [OUT]
2020/10/26 10:45:19:406

I can't connect with the passive [192.168.100.113/5000] error_code:10061 !

<<<----  [OUT]
2020/10/26 10:45:21:887

Connecting Started...

<<<----  [OUT]
2020/10/26 10:45:23:928

I can't connect with the passive [192.168.100.113/5000] error_code:10061 !

<<<----  [OUT]
2020/10/26 10:45:26:418

Connecting Started...

<<<----  [OUT]
2020/10/26 10:45:28:468

I can't connect with the passive [192.168.100.113/5000] error_code:10061 !

<<<----  [OUT]
2020/10/26 10:45:30:948

Connecting Started...

<<<----  [OUT]
2020/10/26 10:45:32:985

I can't connect with the passive [192.168.100.113/5000] error_code:10061 !

<<<----  [OUT]
2020/10/26 10:45:35:465

Connecting Started...

<<<----  [OUT]
2020/10/26 10:45:37:511

I can't connect with the passive [192.168.100.113/5000] error_code:10061 !

<<<----  [OUT]
2020/10/26 10:45:39:996

Connecting Started...

<<<----  [OUT]
2020/10/26 10:45:42:053

I can't connect with the passive [192.168.100.113/5000] error_code:10061 !

<<<----  [OUT]
2020/10/26 10:45:44:543

Connecting Started...

<<<----  [OUT]
2020/10/26 10:45:46:590

I can't connect with the passive [192.168.100.113/5000] error_code:10061 !

<<<----  [OUT]
2020/10/26 10:45:49:074

Connecting Started...

<<<----  [OUT]
2020/10/26 10:45:51:122

I can't connect with the passive [192.168.100.113/5000] error_code:10061 !

<<<----  [OUT]
2020/10/26 10:45:53:605

Connecting Started...

<<<----  [OUT]
2020/10/26 10:45:55:639

I can't connect with the passive [192.168.100.113/5000] error_code:10061 !

<<<----  [OUT]
2020/10/26 10:45:58:120

Connecting Started...

<<<----  [OUT]
2020/10/26 10:46:00:159

I can't connect with the passive [192.168.100.113/5000] error_code:10061 !

<<<----  [OUT]
2020/10/26 10:46:02:636

Connecting Started...

<<<----  [OUT]
2020/10/26 10:46:04:679

I can't connect with the passive [192.168.100.113/5000] error_code:10061 !

<<<----  [OUT]
2020/10/26 10:46:07:167

Connecting Started...

<<<----  [OUT]
2020/10/26 10:46:09:211

I can't connect with the passive [192.168.100.113/5000] error_code:10061 !

<<<----  [OUT]
2020/10/26 10:46:11:699

Connecting Started...

<<<----  [OUT]
2020/10/26 10:46:13:731

I can't connect with the passive [192.168.100.113/5000] error_code:10061 !

<<<----  [OUT]
2020/10/26 10:46:16:215

Connecting Started...

<<<----  [OUT]
2020/10/26 10:46:18:258

I can't connect with the passive [192.168.100.113/5000] error_code:10061 !

<<<----  [OUT]
2020/10/26 10:46:20:746

Connecting Started...

<<<----  [OUT]
2020/10/26 10:46:22:777

I can't connect with the passive [192.168.100.113/5000] error_code:10061 !

<<<----  [OUT]
2020/10/26 10:46:25:260

Connecting Started...

<<<----  [OUT]
2020/10/26 10:46:27:297

I can't connect with the passive [192.168.100.113/5000] error_code:10061 !

<<<----  [OUT]
2020/10/26 10:46:29:776

Connecting Started...

<<<----  [OUT]
2020/10/26 10:46:31:811

I can't connect with the passive [192.168.100.113/5000] error_code:10061 !

<<<----  [OUT]
2020/10/26 10:46:34:292

Connecting Started...

<<<----  [OUT]
2020/10/26 10:46:36:338

I can't connect with the passive [192.168.100.113/5000] error_code:10061 !

<<<----  [OUT]
2020/10/26 10:46:38:823

Connecting Started...

<<<----  [OUT]
2020/10/26 10:46:40:878

I can't connect with the passive [192.168.100.113/5000] error_code:10061 !

<<<----  [OUT]
2020/10/26 10:46:43:356

Connecting Started...

<<<----  [OUT]
2020/10/26 10:46:45:404

I can't connect with the passive [192.168.100.113/5000] error_code:10061 !

<<<----  [OUT]
2020/10/26 10:46:47:886

Connecting Started...

<<<----  [OUT]
2020/10/26 10:46:49:935

I can't connect with the passive [192.168.100.113/5000] error_code:10061 !

<<<----  [OUT]
2020/10/26 10:46:52:418

Connecting Started...

<<<----  [OUT]
2020/10/26 10:46:54:448

I can't connect with the passive [192.168.100.113/5000] error_code:10061 !

<<<----  [OUT]
2020/10/26 10:46:56:933

Connecting Started...

<<<----  [OUT]
2020/10/26 10:46:58:965

I can't connect with the passive [192.168.100.113/5000] error_code:10061 !

<<<----  [OUT]
2020/10/26 10:47:01:449

Connecting Started...

<<<----  [OUT]
2020/10/26 10:47:03:504

I can't connect with the passive [192.168.100.113/5000] error_code:10061 !

<<<----  [OUT]
2020/10/26 10:47:05:995

Connecting Started...

<<<----  [OUT]
2020/10/26 10:47:08:045

I can't connect with the passive [192.168.100.113/5000] error_code:10061 !

<<<----  [OUT]
2020/10/26 10:47:10:527

Connecting Started...

<<<----  [OUT]
2020/10/26 10:47:12:561

I can't connect with the passive [192.168.100.113/5000] error_code:10061 !

<<<----  [OUT]
2020/10/26 10:47:15:042

Connecting Started...

<<<----  [OUT]
2020/10/26 10:47:17:085

I can't connect with the passive [192.168.100.113/5000] error_code:10061 !

<<<----  [OUT]
2020/10/26 10:47:19:574

Connecting Started...

<<<----  [OUT]
2020/10/26 10:47:21:612

I can't connect with the passive [192.168.100.113/5000] error_code:10061 !

<<<----  [OUT]
2020/10/26 10:47:24:089

Connecting Started...

<<<----  [OUT]
2020/10/26 10:47:26:133

I can't connect with the passive [192.168.100.113/5000] error_code:10061 !

<<<----  [OUT]
2020/10/26 10:47:28:620

Connecting Started...

<<<----  [OUT]
2020/10/26 10:47:30:661

I can't connect with the passive [192.168.100.113/5000] error_code:10061 !

<<<----  [OUT]
2020/10/26 10:47:33:151

Connecting Started...

<<<----  [OUT]
2020/10/26 10:47:35:191

I can't connect with the passive [192.168.100.113/5000] error_code:10061 !

<<<----  [OUT]
2020/10/26 10:47:37:668

Connecting Started...

<<<----  [OUT]
2020/10/26 10:47:39:696

I can't connect with the passive [192.168.100.113/5000] error_code:10061 !

<<<----  [OUT]
2020/10/26 10:47:42:184

Connecting Started...

<<<----  [OUT]
2020/10/26 10:47:44:217

I can't connect with the passive [192.168.100.113/5000] error_code:10061 !

<<<----  [OUT]
2020/10/26 10:47:46:699

Connecting Started...

<<<----  [OUT]
2020/10/26 10:47:48:719

I can't connect with the passive [192.168.100.113/5000] error_code:10061 !

<<<----  [OUT]
2020/10/26 10:47:51:199

Connecting Started...

<<<----  [OUT]
2020/10/26 10:47:53:244

I can't connect with the passive [192.168.100.113/5000] error_code:10061 !

<<<----  [OUT]
2020/10/26 10:47:55:730

Connecting Started...

<<<----  [OUT]
2020/10/26 10:47:57:762

I can't connect with the passive [192.168.100.113/5000] error_code:10061 !

<<<----  [OUT]
2020/10/26 10:48:00:245

Connecting Started...

<<<----  [OUT]
2020/10/26 10:48:02:292

I can't connect with the passive [192.168.100.113/5000] error_code:10061 !

<<<----  [OUT]
2020/10/26 10:48:04:777

Connecting Started...

<<<----  [OUT]
2020/10/26 10:48:06:796

I can't connect with the passive [192.168.100.113/5000] error_code:10061 !

<<<----  [OUT]
2020/10/26 10:48:09:276

Connecting Started...

<<<----  [OUT]
2020/10/26 10:48:11:312

I can't connect with the passive [192.168.100.113/5000] error_code:10061 !

<<<----  [OUT]
2020/10/26 10:48:13:792

Connecting Started...

<<<----  [OUT]
2020/10/26 10:48:15:836

I can't connect with the passive [192.168.100.113/5000] error_code:10061 !

<<<----  [OUT]
2020/10/26 10:48:18:324

Connecting Started...

<<<----  [OUT]
2020/10/26 10:48:20:363

I can't connect with the passive [192.168.100.113/5000] error_code:10061 !

<<<----  [OUT]
2020/10/26 10:48:22:840

Connecting Started...

<<<----  [OUT]
2020/10/26 10:48:24:887

I can't connect with the passive [192.168.100.113/5000] error_code:10061 !

<<<----  [OUT]
2020/10/26 10:48:27:371

Connecting Started...

<<<----  [OUT]
2020/10/26 10:48:29:414

I can't connect with the passive [192.168.100.113/5000] error_code:10061 !

<<<----  [OUT]
2020/10/26 10:48:31:901

Connecting Started...

<<<----  [OUT]
2020/10/26 10:48:33:945

I can't connect with the passive [192.168.100.113/5000] error_code:10061 !

<<<----  [OUT]
2020/10/26 10:48:36:433

Connecting Started...

<<<----  [OUT]
2020/10/26 10:48:38:465

I can't connect with the passive [192.168.100.113/5000] error_code:10061 !

<<<----  [OUT]
2020/10/26 10:48:40:949

Connecting Started...

<<<----  [OUT]
2020/10/26 10:48:42:994

I can't connect with the passive [192.168.100.113/5000] error_code:10061 !

<<<----  [OUT]
2020/10/26 10:48:45:479

Connecting Started...

<<<----  [OUT]
2020/10/26 10:48:47:516

I can't connect with the passive [192.168.100.113/5000] error_code:10061 !

<<<----  [OUT]
2020/10/26 10:48:49:994

Connecting Started...

<<<----  [OUT]
2020/10/26 10:48:52:045

I can't connect with the passive [192.168.100.113/5000] error_code:10061 !

<<<----  [OUT]
2020/10/26 10:48:54:527

Connecting Started...

<<<----  [OUT]
2020/10/26 10:48:56:575

I can't connect with the passive [192.168.100.113/5000] error_code:10061 !

<<<----  [OUT]
2020/10/26 10:48:59:057

Connecting Started...

<<<----  [OUT]
2020/10/26 10:49:01:094

I can't connect with the passive [192.168.100.113/5000] error_code:10061 !

<<<----  [OUT]
2020/10/26 10:49:03:573

Connecting Started...

<<<----  [OUT]
2020/10/26 10:49:05:628

I can't connect with the passive [192.168.100.113/5000] error_code:10061 !

<<<----  [OUT]
2020/10/26 10:49:08:104

Connecting Started...

<<<----  [OUT]
2020/10/26 10:49:10:155

I can't connect with the passive [192.168.100.113/5000] error_code:10061 !

<<<----  [OUT]
2020/10/26 10:49:12:637

Connecting Started...

<<<----  [OUT]
2020/10/26 10:49:14:678

I can't connect with the passive [192.168.100.113/5000] error_code:10061 !

<<<----  [OUT]
2020/10/26 10:49:17:168

Connecting Started...

<<<----  [OUT]
2020/10/26 10:49:19:223

I can't connect with the passive [192.168.100.113/5000] error_code:10061 !

<<<----  [OUT]
2020/10/26 10:49:21:714

Connecting Started...

<<<----  [OUT]
2020/10/26 10:49:23:762

I can't connect with the passive [192.168.100.113/5000] error_code:10061 !

<<<----  [OUT]
2020/10/26 10:49:26:246

Connecting Started...

<<<----  [OUT]
2020/10/26 10:49:28:285

I can't connect with the passive [192.168.100.113/5000] error_code:10061 !

<<<----  [OUT]
2020/10/26 10:49:30:760

Connecting Started...

<<<----  [OUT]
2020/10/26 10:49:32:815

I can't connect with the passive [192.168.100.113/5000] error_code:10061 !

<<<----  [OUT]
2020/10/26 10:49:35:292

Connecting Started...

<<<----  [OUT]
2020/10/26 10:49:37:325

I can't connect with the passive [192.168.100.113/5000] error_code:10061 !

<<<----  [OUT]
2020/10/26 10:49:39:807

Connecting Started...

<<<----  [OUT]
2020/10/26 10:49:41:849

I can't connect with the passive [192.168.100.113/5000] error_code:10061 !

<<<----  [OUT]
2020/10/26 10:49:44:340

Connecting Started...

<<<----  [OUT]
2020/10/26 10:49:46:377

I can't connect with the passive [192.168.100.113/5000] error_code:10061 !

<<<----  [OUT]
2020/10/26 10:49:48:854

Connecting Started...

<<<----  [OUT]
2020/10/26 10:49:50:893

I can't connect with the passive [192.168.100.113/5000] error_code:10061 !

<<<----  [OUT]
2020/10/26 10:49:53:371

Connecting Started...

<<<----  [OUT]
2020/10/26 10:49:55:388

I can't connect with the passive [192.168.100.113/5000] error_code:10061 !

<<<----  [OUT]
2020/10/26 10:49:57:871

Connecting Started...

<<<----  [OUT]
2020/10/26 10:49:59:902

I can't connect with the passive [192.168.100.113/5000] error_code:10061 !

<<<----  [OUT]
2020/10/26 10:50:02:387

Connecting Started...

<<<----  [OUT]
2020/10/26 10:50:04:411

I can't connect with the passive [192.168.100.113/5000] error_code:10061 !

<<<----  [OUT]
2020/10/26 10:50:06:903

Connecting Started...

<<<----  [OUT]
2020/10/26 10:50:08:952

I can't connect with the passive [192.168.100.113/5000] error_code:10061 !

<<<----  [OUT]
2020/10/26 10:50:11:434

Connecting Started...

<<<----  [OUT]
2020/10/26 10:50:13:466

I can't connect with the passive [192.168.100.113/5000] error_code:10061 !

<<<----  [OUT]
2020/10/26 10:50:15:949

Connecting Started...

<<<----  [OUT]
2020/10/26 10:50:17:995

I can't connect with the passive [192.168.100.113/5000] error_code:10061 !

<<<----  [OUT]
2020/10/26 10:50:20:479

Connecting Started...

<<<----  [OUT]
2020/10/26 10:50:22:527

I can't connect with the passive [192.168.100.113/5000] error_code:10061 !

<<<----  [OUT]
2020/10/26 10:50:25:010

Connecting Started...

<<<----  [OUT]
2020/10/26 10:50:27:052

I can't connect with the passive [192.168.100.113/5000] error_code:10061 !

<<<----  [OUT]
2020/10/26 10:50:29:543

Connecting Started...

<<<----  [OUT]
2020/10/26 10:50:31:576

I can't connect with the passive [192.168.100.113/5000] error_code:10061 !

<<<----  [OUT]
2020/10/26 10:50:34:057

Connecting Started...

<<<----  [OUT]
2020/10/26 10:50:36:104

I can't connect with the passive [192.168.100.113/5000] error_code:10061 !

<<<----  [OUT]
2020/10/26 10:50:38:589

Connecting Started...

<<<----  [OUT]
2020/10/26 10:50:40:612

I can't connect with the passive [192.168.100.113/5000] error_code:10061 !

<<<----  [OUT]
2020/10/26 10:50:43:090

Connecting Started...

<<<----  [OUT]
2020/10/26 10:50:45:130

I can't connect with the passive [192.168.100.113/5000] error_code:10061 !

<<<----  [OUT]
2020/10/26 10:50:47:621

Connecting Started...

<<<----  [OUT]
2020/10/26 10:50:49:657

I can't connect with the passive [192.168.100.113/5000] error_code:10061 !

<<<----  [OUT]
2020/10/26 10:50:52:137

Connecting Started...

<<<----  [OUT]
2020/10/26 10:50:54:186

I can't connect with the passive [192.168.100.113/5000] error_code:10061 !

<<<----  [OUT]
2020/10/26 10:50:56:668

Connecting Started...

<<<----  [OUT]
2020/10/26 10:50:58:711

I can't connect with the passive [192.168.100.113/5000] error_code:10061 !

<<<----  [OUT]
2020/10/26 10:51:01:200

Connecting Started...

<<<----  [OUT]
2020/10/26 10:51:03:248

I can't connect with the passive [192.168.100.113/5000] error_code:10061 !

<<<----  [OUT]
2020/10/26 10:51:05:730

Connecting Started...

<<<----  [OUT]
2020/10/26 10:51:07:782

I can't connect with the passive [192.168.100.113/5000] error_code:10061 !

<<<----  [OUT]
2020/10/26 10:51:10:260

Connecting Started...

<<<----  [OUT]
2020/10/26 10:51:12:275

I can't connect with the passive [192.168.100.113/5000] error_code:10061 !

<<<----  [OUT]
2020/10/26 10:51:14:761

Connecting Started...

<<<----  [OUT]
2020/10/26 10:51:16:801

I can't connect with the passive [192.168.100.113/5000] error_code:10061 !

<<<----  [OUT]
2020/10/26 10:51:19:293

Connecting Started...

<<<----  [OUT]
2020/10/26 10:51:21:346

I can't connect with the passive [192.168.100.113/5000] error_code:10061 !

<<<----  [OUT]
2020/10/26 10:51:23:823

Connecting Started...

<<<----  [OUT]
2020/10/26 10:51:25:857

I can't connect with the passive [192.168.100.113/5000] error_code:10061 !

<<<----  [OUT]
2020/10/26 10:51:28:340

Connecting Started...

<<<----  [OUT]
2020/10/26 10:51:30:363

I can't connect with the passive [192.168.100.113/5000] error_code:10061 !

<<<----  [OUT]
2020/10/26 10:51:32:840

Connecting Started...

<<<----  [OUT]
2020/10/26 10:51:34:890

I can't connect with the passive [192.168.100.113/5000] error_code:10061 !

<<<----  [OUT]
2020/10/26 10:51:37:370

Connecting Started...

<<<----  [OUT]
2020/10/26 10:51:39:422

I can't connect with the passive [192.168.100.113/5000] error_code:10061 !

<<<----  [OUT]
2020/10/26 10:51:41:903

Connecting Started...

<<<----  [OUT]
2020/10/26 10:51:43:944

I can't connect with the passive [192.168.100.113/5000] error_code:10061 !

<<<----  [OUT]
2020/10/26 10:51:46:434

Connecting Started...

<<<----  [OUT]
2020/10/26 10:51:48:476

I can't connect with the passive [192.168.100.113/5000] error_code:10061 !

<<<----  [OUT]
2020/10/26 10:51:50:964

Connecting Started...

<<<----  [OUT]
2020/10/26 10:51:53:015

I can't connect with the passive [192.168.100.113/5000] error_code:10061 !

<<<----  [OUT]
2020/10/26 10:51:55:495

Connecting Started...

<<<----  [OUT]
2020/10/26 10:51:57:526

I can't connect with the passive [192.168.100.113/5000] error_code:10061 !

<<<----  [OUT]
2020/10/26 10:52:00:010

Connecting Started...

<<<----  [OUT]
2020/10/26 10:52:02:054

I can't connect with the passive [192.168.100.113/5000] error_code:10061 !

<<<----  [OUT]
2020/10/26 10:52:04:543

Connecting Started...

<<<----  [OUT]
2020/10/26 10:52:06:600

I can't connect with the passive [192.168.100.113/5000] error_code:10061 !

<<<----  [OUT]
2020/10/26 10:52:09:089

Connecting Started...

<<<----  [OUT]
2020/10/26 10:52:11:129

I can't connect with the passive [192.168.100.113/5000] error_code:10061 !

<<<----  [OUT]
2020/10/26 10:52:13:604

Connecting Started...

<<<----  [OUT]
2020/10/26 10:52:15:639

I can't connect with the passive [192.168.100.113/5000] error_code:10061 !

<<<----  [OUT]
2020/10/26 10:52:18:121

Connecting Started...

<<<----  [OUT]
2020/10/26 10:52:20:171

I can't connect with the passive [192.168.100.113/5000] error_code:10061 !

<<<----  [OUT]
2020/10/26 10:52:22:652

Connecting Started...

<<<----  [OUT]
2020/10/26 10:52:24:682

I can't connect with the passive [192.168.100.113/5000] error_code:10061 !

<<<----  [OUT]
2020/10/26 10:52:27:167

Connecting Started...

<<<----  [OUT]
2020/10/26 10:52:29:196

I can't connect with the passive [192.168.100.113/5000] error_code:10061 !

<<<----  [OUT]
2020/10/26 10:52:31:684

Connecting Started...

<<<----  [OUT]
2020/10/26 10:52:33:729

I can't connect with the passive [192.168.100.113/5000] error_code:10061 !

<<<----  [OUT]
2020/10/26 10:52:36:215

Connecting Started...

<<<----  [OUT]
2020/10/26 10:52:38:262

I can't connect with the passive [192.168.100.113/5000] error_code:10061 !

<<<----  [OUT]
2020/10/26 10:52:40:745

Connecting Started...

<<<----  [OUT]
2020/10/26 10:52:42:779

I can't connect with the passive [192.168.100.113/5000] error_code:10061 !

<<<----  [OUT]
2020/10/26 10:52:45:261

Connecting Started...

<<<----  [OUT]
2020/10/26 10:52:47:320

I can't connect with the passive [192.168.100.113/5000] error_code:10061 !

<<<----  [OUT]
2020/10/26 10:52:49:808

Connecting Started...

<<<----  [OUT]
2020/10/26 10:52:51:848

I can't connect with the passive [192.168.100.113/5000] error_code:10061 !

<<<----  [OUT]
2020/10/26 10:52:54:338

Connecting Started...

<<<----  [OUT]
2020/10/26 10:52:56:365

I can't connect with the passive [192.168.100.113/5000] error_code:10061 !

<<<----  [OUT]
2020/10/26 10:52:58:855

Connecting Started...

<<<----  [OUT]
2020/10/26 10:53:00:910

I can't connect with the passive [192.168.100.113/5000] error_code:10061 !

<<<----  [OUT]
2020/10/26 10:53:03:386

Connecting Started...

<<<----  [OUT]
2020/10/26 10:53:05:419

I can't connect with the passive [192.168.100.113/5000] error_code:10061 !

<<<----  [OUT]
2020/10/26 10:53:07:901

Connecting Started...

<<<----  [OUT]
2020/10/26 10:53:09:925

I can't connect with the passive [192.168.100.113/5000] error_code:10061 !

<<<----  [OUT]
2020/10/26 10:53:12:402

Connecting Started...

<<<----  [OUT]
2020/10/26 10:53:14:453

I can't connect with the passive [192.168.100.113/5000] error_code:10061 !

<<<----  [OUT]
2020/10/26 10:53:16:934

Connecting Started...

<<<----  [OUT]
2020/10/26 10:53:18:979

I can't connect with the passive [192.168.100.113/5000] error_code:10061 !

<<<----  [OUT]
2020/10/26 10:53:21:465

Connecting Started...

<<<----  [OUT]
2020/10/26 10:53:23:508

I can't connect with the passive [192.168.100.113/5000] error_code:10061 !

<<<----  [OUT]
2020/10/26 10:53:25:996

Connecting Started...

<<<----  [OUT]
2020/10/26 10:53:28:018

I can't connect with the passive [192.168.100.113/5000] error_code:10061 !

<<<----  [OUT]
2020/10/26 10:53:30:497

Connecting Started...

<<<----  [OUT]
2020/10/26 10:53:32:534

I can't connect with the passive [192.168.100.113/5000] error_code:10061 !

<<<----  [OUT]
2020/10/26 10:53:35:010

Connecting Started...

<<<----  [OUT]
2020/10/26 10:53:37:054

I can't connect with the passive [192.168.100.113/5000] error_code:10061 !

<<<----  [OUT]
2020/10/26 10:53:39:542

Connecting Started...

<<<----  [OUT]
2020/10/26 10:53:41:590

I can't connect with the passive [192.168.100.113/5000] error_code:10061 !

<<<----  [OUT]
2020/10/26 10:53:44:073

Connecting Started...

<<<----  [OUT]
2020/10/26 10:53:46:097

I can't connect with the passive [192.168.100.113/5000] error_code:10061 !

<<<----  [OUT]
2020/10/26 10:53:48:574

Connecting Started...

<<<----  [OUT]
2020/10/26 10:53:50:598

I can't connect with the passive [192.168.100.113/5000] error_code:10061 !

<<<----  [OUT]
2020/10/26 10:53:53:090

Connecting Started...

<<<----  [OUT]
2020/10/26 10:53:55:116

I can't connect with the passive [192.168.100.113/5000] error_code:10061 !

<<<----  [OUT]
2020/10/26 10:53:57:605

Connecting Started...

<<<----  [OUT]
2020/10/26 10:53:59:642

I can't connect with the passive [192.168.100.113/5000] error_code:10061 !

<<<----  [OUT]
2020/10/26 10:54:02:121

Connecting Started...

<<<----  [OUT]
2020/10/26 10:54:04:172

I can't connect with the passive [192.168.100.113/5000] error_code:10061 !

<<<----  [OUT]
2020/10/26 10:54:06:651

Connecting Started...

<<<----  [OUT]
2020/10/26 10:54:08:682

I can't connect with the passive [192.168.100.113/5000] error_code:10061 !

<<<----  [OUT]
2020/10/26 10:54:11:168

Connecting Started...

<<<----  [OUT]
2020/10/26 10:54:13:196

I can't connect with the passive [192.168.100.113/5000] error_code:10061 !

<<<----  [OUT]
2020/10/26 10:54:15:683

Connecting Started...

<<<----  [OUT]
2020/10/26 10:54:17:726

I can't connect with the passive [192.168.100.113/5000] error_code:10061 !

<<<----  [OUT]
2020/10/26 10:54:20:214

Connecting Started...

<<<----  [OUT]
2020/10/26 10:54:22:250

I can't connect with the passive [192.168.100.113/5000] error_code:10061 !

<<<----  [OUT]
2020/10/26 10:54:24:731

Connecting Started...

<<<----  [OUT]
2020/10/26 10:54:26:777

I can't connect with the passive [192.168.100.113/5000] error_code:10061 !

<<<----  [OUT]
2020/10/26 10:54:29:261

Connecting Started...

<<<----  [OUT]
2020/10/26 10:54:31:289

I can't connect with the passive [192.168.100.113/5000] error_code:10061 !

<<<----  [OUT]
2020/10/26 10:54:33:777

Connecting Started...

<<<----  [OUT]
2020/10/26 10:54:35:819

I can't connect with the passive [192.168.100.113/5000] error_code:10061 !

<<<----  [OUT]
2020/10/26 10:54:38:308

Connecting Started...

<<<----  [OUT]
2020/10/26 10:54:40:357

I can't connect with the passive [192.168.100.113/5000] error_code:10061 !

<<<----  [OUT]
2020/10/26 10:54:42:839

Connecting Started...

<<<----  [OUT]
2020/10/26 10:54:44:881

I can't connect with the passive [192.168.100.113/5000] error_code:10061 !

<<<----  [OUT]
2020/10/26 10:54:47:370

Connecting Started...

<<<----  [OUT]
2020/10/26 10:54:49:408

I can't connect with the passive [192.168.100.113/5000] error_code:10061 !

<<<----  [OUT]
2020/10/26 10:54:51:887

Connecting Started...

<<<----  [OUT]
2020/10/26 10:54:53:930

I can't connect with the passive [192.168.100.113/5000] error_code:10061 !

<<<----  [OUT]
2020/10/26 10:54:56:418

Connecting Started...

<<<----  [OUT]
2020/10/26 10:54:58:459

I can't connect with the passive [192.168.100.113/5000] error_code:10061 !

<<<----  [OUT]
2020/10/26 10:55:00:949

Connecting Started...

<<<----  [OUT]
2020/10/26 10:55:02:992

I can't connect with the passive [192.168.100.113/5000] error_code:10061 !

<<<----  [OUT]
2020/10/26 10:55:05:480

Connecting Started...

<<<----  [OUT]
2020/10/26 10:55:07:509

I can't connect with the passive [192.168.100.113/5000] error_code:10061 !

<<<----  [OUT]
2020/10/26 10:55:09:997

Connecting Started...

<<<----  [OUT]
2020/10/26 10:55:12:031

I can't connect with the passive [192.168.100.113/5000] error_code:10061 !

<<<----  [OUT]
2020/10/26 10:55:14:512

Connecting Started...

<<<----  [OUT]
2020/10/26 10:55:16:571

I can't connect with the passive [192.168.100.113/5000] error_code:10061 !

<<<----  [OUT]
2020/10/26 10:55:19:057

Connecting Started...

<<<----  [OUT]
2020/10/26 10:55:21:091

I can't connect with the passive [192.168.100.113/5000] error_code:10061 !

<<<----  [OUT]
2020/10/26 10:55:23:574

Connecting Started...

<<<----  [OUT]
2020/10/26 10:55:25:599

I can't connect with the passive [192.168.100.113/5000] error_code:10061 !

<<<----  [OUT]
2020/10/26 10:55:28:090

Connecting Started...

<<<----  [OUT]
2020/10/26 10:55:30:131

I can't connect with the passive [192.168.100.113/5000] error_code:10061 !

<<<----  [OUT]
2020/10/26 10:55:32:620

Connecting Started...

<<<----  [OUT]
2020/10/26 10:55:34:647

I can't connect with the passive [192.168.100.113/5000] error_code:10061 !

<<<----  [OUT]
2020/10/26 10:55:37:136

Connecting Started...

<<<----  [OUT]
2020/10/26 10:55:39:173

I can't connect with the passive [192.168.100.113/5000] error_code:10061 !

<<<----  [OUT]
2020/10/26 10:55:41:652

Connecting Started...

<<<----  [OUT]
2020/10/26 10:55:43:703

I can't connect with the passive [192.168.100.113/5000] error_code:10061 !

<<<----  [OUT]
2020/10/26 10:55:46:183

Connecting Started...

<<<----  [OUT]
2020/10/26 10:55:48:242

I can't connect with the passive [192.168.100.113/5000] error_code:10061 !

<<<----  [OUT]
2020/10/26 10:55:50:731

Connecting Started...

<<<----  [OUT]
2020/10/26 10:55:52:772

I can't connect with the passive [192.168.100.113/5000] error_code:10061 !

<<<----  [OUT]
2020/10/26 10:55:55:261

Connecting Started...

<<<----  [OUT]
2020/10/26 10:55:57:310

I can't connect with the passive [192.168.100.113/5000] error_code:10061 !

<<<----  [OUT]
2020/10/26 10:55:59:793

Connecting Started...

<<<----  [OUT]
2020/10/26 10:56:01:838

I can't connect with the passive [192.168.100.113/5000] error_code:10061 !

<<<----  [OUT]
2020/10/26 10:56:04:323

Connecting Started...

<<<----  [OUT]
2020/10/26 10:56:06:380

I can't connect with the passive [192.168.100.113/5000] error_code:10061 !

<<<----  [OUT]
2020/10/26 10:56:08:870

Connecting Started...

<<<----  [OUT]
2020/10/26 10:56:10:916

I can't connect with the passive [192.168.100.113/5000] error_code:10061 !

<<<----  [OUT]
2020/10/26 10:56:13:401

Connecting Started...

<<<----  [OUT]
2020/10/26 10:56:15:451

I can't connect with the passive [192.168.100.113/5000] error_code:10061 !

<<<----  [OUT]
2020/10/26 10:56:17:932

Connecting Started...

<<<----  [OUT]
2020/10/26 10:56:19:968

I can't connect with the passive [192.168.100.113/5000] error_code:10061 !

<<<----  [OUT]
2020/10/26 10:56:22:449

Connecting Started...

<<<----  [OUT]
2020/10/26 10:56:24:503

I can't connect with the passive [192.168.100.113/5000] error_code:10061 !

<<<----  [OUT]
2020/10/26 10:56:26:981

Connecting Started...

<<<----  [OUT]
2020/10/26 10:56:29:007

I can't connect with the passive [192.168.100.113/5000] error_code:10061 !

<<<----  [OUT]
2020/10/26 10:56:31:495

Connecting Started...

<<<----  [OUT]
2020/10/26 10:56:33:539

I can't connect with the passive [192.168.100.113/5000] error_code:10061 !

<<<----  [OUT]
2020/10/26 10:56:36:027

Connecting Started...

<<<----  [OUT]
2020/10/26 10:56:38:065

I can't connect with the passive [192.168.100.113/5000] error_code:10061 !

<<<----  [OUT]
2020/10/26 10:56:40:543

Connecting Started...
