
<<<----  [OUT]
2021/01/13 13:18:34:440

---------------------------------------------------------------------
// FA : Start Log ...


<<<----  [OUT]
2021/01/13 13:18:34:444

//-------------------------------------------------------------
Property Information

   Driver Type [HSMS]
   Driver Mode [ACTIVE]
   IP    [192.168.100.113]
   Port  [5000]
//-------------------------------------------------------------


<<<----  [OUT]
2021/01/13 13:18:35:045

Auto-Start Started ... (Active)

<<<----  [OUT]
2021/01/13 13:18:35:136

Auto-Start Started ...  Waiting Stop-Connection.

<<<----  [OUT]
2021/01/13 13:18:35:136

Auto-Start Started ...  Waiting Open-Socket.

<<<----  [OUT]
2021/01/13 13:18:35:166

Socket Open Started...

<<<----  [OUT]
2021/01/13 13:18:35:166

Socket Open Completed...

<<<----  [OUT]
2021/01/13 13:18:35:166

Connecting Started...

<<<----  [OUT]
2021/01/13 13:18:35:227

Auto-Start Completed ...  (Active)

<<<----  [OUT]
2021/01/13 13:18:56:198

I can't connect with the passive [192.168.100.113/5000] error_code:10060 !

<<<----  [OUT]
2021/01/13 13:18:58:677

Connecting Started...

<<<----  [OUT]
2021/01/13 13:19:19:717

I can't connect with the passive [192.168.100.113/5000] error_code:10060 !

<<<----  [OUT]
2021/01/13 13:19:22:194

Connecting Started...

<<<----  [OUT]
2021/01/13 13:19:43:230

I can't connect with the passive [192.168.100.113/5000] error_code:10060 !

<<<----  [OUT]
2021/01/13 13:19:45:710

Connecting Started...

<<<----  [OUT]
2021/01/13 13:20:06:750

I can't connect with the passive [192.168.100.113/5000] error_code:10060 !

<<<----  [OUT]
2021/01/13 13:20:09:241

Connecting Started...

<<<----  [OUT]
2021/01/13 13:20:30:276

I can't connect with the passive [192.168.100.113/5000] error_code:10060 !

<<<----  [OUT]
2021/01/13 13:20:32:757

Connecting Started...

<<<----  [OUT]
2021/01/13 13:20:53:794

I can't connect with the passive [192.168.100.113/5000] error_code:10060 !

<<<----  [OUT]
2021/01/13 13:20:56:273

Connecting Started...

<<<----  [OUT]
2021/01/13 13:21:17:320

I can't connect with the passive [192.168.100.113/5000] error_code:10060 !

<<<----  [OUT]
2021/01/13 13:21:19:804

Connecting Started...

<<<----  [OUT]
2021/01/13 13:21:40:847

I can't connect with the passive [192.168.100.113/5000] error_code:10060 !

<<<----  [OUT]
2021/01/13 13:21:43:335

Connecting Started...

<<<----  [OUT]
2021/01/13 13:22:04:365

I can't connect with the passive [192.168.100.113/5000] error_code:10060 !

<<<----  [OUT]
2021/01/13 13:22:06:850

Connecting Started...

<<<----  [OUT]
2021/01/13 13:22:27:891

I can't connect with the passive [192.168.100.113/5000] error_code:10060 !

<<<----  [OUT]
2021/01/13 13:22:30:381

Connecting Started...

<<<----  [OUT]
2021/01/13 13:22:51:422

I can't connect with the passive [192.168.100.113/5000] error_code:10060 !

<<<----  [OUT]
2021/01/13 13:22:53:913

Connecting Started...

<<<----  [OUT]
2021/01/13 13:23:14:953

I can't connect with the passive [192.168.100.113/5000] error_code:10060 !

<<<----  [OUT]
2021/01/13 13:23:17:444

Connecting Started...

<<<----  [OUT]
2021/01/13 13:23:38:486

I can't connect with the passive [192.168.100.113/5000] error_code:10060 !

<<<----  [OUT]
2021/01/13 13:23:40:975

Connecting Started...

<<<----  [OUT]
2021/01/13 13:24:02:025

I can't connect with the passive [192.168.100.113/5000] error_code:10060 !

<<<----  [OUT]
2021/01/13 13:24:04:505

Connecting Started...

<<<----  [OUT]
2021/01/13 13:24:25:560

I can't connect with the passive [192.168.100.113/5000] error_code:10060 !

<<<----  [OUT]
2021/01/13 13:24:28:037

Connecting Started...

<<<----  [OUT]
2021/01/13 13:24:49:070

I can't connect with the passive [192.168.100.113/5000] error_code:10060 !

<<<----  [OUT]
2021/01/13 13:24:51:553

Connecting Started...

<<<----  [OUT]
2021/01/13 13:25:12:599

I can't connect with the passive [192.168.100.113/5000] error_code:10060 !

<<<----  [OUT]
2021/01/13 13:25:15:084

Connecting Started...

<<<----  [OUT]
2021/01/13 13:25:36:131

I can't connect with the passive [192.168.100.113/5000] error_code:10060 !

<<<----  [OUT]
2021/01/13 13:25:38:616

Connecting Started...

<<<----  [OUT]
2021/01/13 13:25:59:668

I can't connect with the passive [192.168.100.113/5000] error_code:10060 !

<<<----  [OUT]
2021/01/13 13:26:02:148

Connecting Started...

<<<----  [OUT]
2021/01/13 13:26:23:186

I can't connect with the passive [192.168.100.113/5000] error_code:10060 !

<<<----  [OUT]
2021/01/13 13:26:25:662

Connecting Started...

<<<----  [OUT]
2021/01/13 13:26:46:691

I can't connect with the passive [192.168.100.113/5000] error_code:10060 !

<<<----  [OUT]
2021/01/13 13:26:49:177

Connecting Started...

<<<----  [OUT]
2021/01/13 13:27:10:222

I can't connect with the passive [192.168.100.113/5000] error_code:10060 !

<<<----  [OUT]
2021/01/13 13:27:12:709

Connecting Started...

<<<----  [OUT]
2021/01/13 13:27:33:766

I can't connect with the passive [192.168.100.113/5000] error_code:10060 !

<<<----  [OUT]
2021/01/13 13:27:36:256

Connecting Started...

<<<----  [OUT]
2021/01/13 13:27:57:314

I can't connect with the passive [192.168.100.113/5000] error_code:10060 !

<<<----  [OUT]
2021/01/13 13:27:59:803

Connecting Started...

<<<----  [OUT]
2021/01/13 13:28:20:838

I can't connect with the passive [192.168.100.113/5000] error_code:10060 !

<<<----  [OUT]
2021/01/13 13:28:23:319

Connecting Started...

<<<----  [OUT]
2021/01/13 13:28:44:339

I can't connect with the passive [192.168.100.113/5000] error_code:10060 !

<<<----  [OUT]
2021/01/13 13:28:46:818

Connecting Started...

<<<----  [OUT]
2021/01/13 13:29:07:856

I can't connect with the passive [192.168.100.113/5000] error_code:10060 !

<<<----  [OUT]
2021/01/13 13:29:10:335

Connecting Started...

<<<----  [OUT]
2021/01/13 13:29:31:377

I can't connect with the passive [192.168.100.113/5000] error_code:10060 !

<<<----  [OUT]
2021/01/13 13:29:33:866

Connecting Started...

<<<----  [OUT]
2021/01/13 13:29:54:903

I can't connect with the passive [192.168.100.113/5000] error_code:10060 !

<<<----  [OUT]
2021/01/13 13:29:57:380

Connecting Started...

<<<----  [OUT]
2021/01/13 13:30:18:422

I can't connect with the passive [192.168.100.113/5000] error_code:10060 !

<<<----  [OUT]
2021/01/13 13:30:20:914

Connecting Started...

<<<----  [OUT]
2021/01/13 13:30:41:962

I can't connect with the passive [192.168.100.113/5000] error_code:10060 !

<<<----  [OUT]
2021/01/13 13:30:44:444

Connecting Started...

<<<----  [OUT]
2021/01/13 13:31:05:477

I can't connect with the passive [192.168.100.113/5000] error_code:10060 !

<<<----  [OUT]
2021/01/13 13:31:07:960

Connecting Started...

<<<----  [OUT]
2021/01/13 13:31:28:997

I can't connect with the passive [192.168.100.113/5000] error_code:10060 !

<<<----  [OUT]
2021/01/13 13:31:31:475

Connecting Started...

<<<----  [OUT]
2021/01/13 13:31:52:520

I can't connect with the passive [192.168.100.113/5000] error_code:10060 !

<<<----  [OUT]
2021/01/13 13:31:55:006

Connecting Started...

<<<----  [OUT]
2021/01/13 13:32:16:032

I can't connect with the passive [192.168.100.113/5000] error_code:10060 !

<<<----  [OUT]
2021/01/13 13:32:18:522

Connecting Started...

<<<----  [OUT]
2021/01/13 13:32:39:566

I can't connect with the passive [192.168.100.113/5000] error_code:10060 !

<<<----  [OUT]
2021/01/13 13:32:42:052

Connecting Started...

<<<----  [OUT]
2021/01/13 13:33:03:102

I can't connect with the passive [192.168.100.113/5000] error_code:10060 !

<<<----  [OUT]
2021/01/13 13:33:05:584

Connecting Started...

<<<----  [OUT]
2021/01/13 13:33:26:618

I can't connect with the passive [192.168.100.113/5000] error_code:10060 !

<<<----  [OUT]
2021/01/13 13:33:29:100

Connecting Started...

<<<----  [OUT]
2021/01/13 13:33:50:130

I can't connect with the passive [192.168.100.113/5000] error_code:10060 !

<<<----  [OUT]
2021/01/13 13:33:52:615

Connecting Started...

<<<----  [OUT]
2021/01/13 13:34:13:646

I can't connect with the passive [192.168.100.113/5000] error_code:10060 !

<<<----  [OUT]
2021/01/13 13:34:16:130

Connecting Started...

<<<----  [OUT]
2021/01/13 13:34:37:171

I can't connect with the passive [192.168.100.113/5000] error_code:10060 !

<<<----  [OUT]
2021/01/13 13:34:39:662

Connecting Started...

<<<----  [OUT]
2021/01/13 13:35:00:695

I can't connect with the passive [192.168.100.113/5000] error_code:10060 !

<<<----  [OUT]
2021/01/13 13:35:03:179

Connecting Started...

<<<----  [OUT]
2021/01/13 13:35:24:220

I can't connect with the passive [192.168.100.113/5000] error_code:10060 !

<<<----  [OUT]
2021/01/13 13:35:26:710

Connecting Started...

<<<----  [OUT]
2021/01/13 13:35:47:762

I can't connect with the passive [192.168.100.113/5000] error_code:10060 !

<<<----  [OUT]
2021/01/13 13:35:50:241

Connecting Started...

<<<----  [OUT]
2021/01/13 13:36:11:297

I can't connect with the passive [192.168.100.113/5000] error_code:10060 !

<<<----  [OUT]
2021/01/13 13:36:13:787

Connecting Started...

<<<----  [OUT]
2021/01/13 13:36:34:834

I can't connect with the passive [192.168.100.113/5000] error_code:10060 !

<<<----  [OUT]
2021/01/13 13:36:37:319

Connecting Started...

<<<----  [OUT]
2021/01/13 13:36:58:362

I can't connect with the passive [192.168.100.113/5000] error_code:10060 !

<<<----  [OUT]
2021/01/13 13:37:00:850

Connecting Started...

<<<----  [OUT]
2021/01/13 13:37:21:888

I can't connect with the passive [192.168.100.113/5000] error_code:10060 !

<<<----  [OUT]
2021/01/13 13:37:24:366

Connecting Started...

<<<----  [OUT]
2021/01/13 13:37:45:403

I can't connect with the passive [192.168.100.113/5000] error_code:10060 !

<<<----  [OUT]
2021/01/13 13:37:47:881

Connecting Started...

<<<----  [OUT]
2021/01/13 13:38:08:920

I can't connect with the passive [192.168.100.113/5000] error_code:10060 !

<<<----  [OUT]
2021/01/13 13:38:11:397

Connecting Started...

<<<----  [OUT]
2021/01/13 13:38:32:442

I can't connect with the passive [192.168.100.113/5000] error_code:10060 !

<<<----  [OUT]
2021/01/13 13:38:34:928

Connecting Started...

<<<----  [OUT]
2021/01/13 13:38:55:969

I can't connect with the passive [192.168.100.113/5000] error_code:10060 !

<<<----  [OUT]
2021/01/13 13:38:58:460

Connecting Started...

<<<----  [OUT]
2021/01/13 13:39:19:489

I can't connect with the passive [192.168.100.113/5000] error_code:10060 !

<<<----  [OUT]
2021/01/13 13:39:21:974

Connecting Started...

<<<----  [OUT]
2021/01/13 13:39:43:017

I can't connect with the passive [192.168.100.113/5000] error_code:10060 !

<<<----  [OUT]
2021/01/13 13:39:45:507

Connecting Started...

<<<----  [OUT]
2021/01/13 13:40:06:566

I can't connect with the passive [192.168.100.113/5000] error_code:10060 !

<<<----  [OUT]
2021/01/13 13:40:09:053

Connecting Started...

<<<----  [OUT]
2021/01/13 13:40:30:097

I can't connect with the passive [192.168.100.113/5000] error_code:10060 !

<<<----  [OUT]
2021/01/13 13:40:32:585

Connecting Started...

<<<----  [OUT]
2021/01/13 13:40:53:612

I can't connect with the passive [192.168.100.113/5000] error_code:10060 !

<<<----  [OUT]
2021/01/13 13:40:56:100

Connecting Started...

<<<----  [OUT]
2021/01/13 13:41:17:142

I can't connect with the passive [192.168.100.113/5000] error_code:10060 !

<<<----  [OUT]
2021/01/13 13:41:19:631

Connecting Started...

<<<----  [OUT]
2021/01/13 13:41:40:673

I can't connect with the passive [192.168.100.113/5000] error_code:10060 !

<<<----  [OUT]
2021/01/13 13:41:43:162

Connecting Started...

<<<----  [OUT]
2021/01/13 13:42:04:224

I can't connect with the passive [192.168.100.113/5000] error_code:10060 !

<<<----  [OUT]
2021/01/13 13:42:06:712

Connecting Started...

<<<----  [OUT]
2021/01/13 13:42:27:740

I can't connect with the passive [192.168.100.113/5000] error_code:10060 !

<<<----  [OUT]
2021/01/13 13:42:30:225

Connecting Started...

<<<----  [OUT]
2021/01/13 13:42:51:267

I can't connect with the passive [192.168.100.113/5000] error_code:10060 !

<<<----  [OUT]
2021/01/13 13:42:53:758

Connecting Started...

<<<----  [OUT]
2021/01/13 13:43:14:798

I can't connect with the passive [192.168.100.113/5000] error_code:10060 !

<<<----  [OUT]
2021/01/13 13:43:17:287

Connecting Started...

<<<----  [OUT]
2021/01/13 13:43:38:314

I can't connect with the passive [192.168.100.113/5000] error_code:10060 !

<<<----  [OUT]
2021/01/13 13:43:40:802

Connecting Started...

<<<----  [OUT]
2021/01/13 13:44:01:848

I can't connect with the passive [192.168.100.113/5000] error_code:10060 !

<<<----  [OUT]
2021/01/13 13:44:04:333

Connecting Started...

<<<----  [OUT]
2021/01/13 13:44:25:361

I can't connect with the passive [192.168.100.113/5000] error_code:10060 !

<<<----  [OUT]
2021/01/13 13:44:27:850

Connecting Started...

<<<----  [OUT]
2021/01/13 13:44:48:887

I can't connect with the passive [192.168.100.113/5000] error_code:10060 !

<<<----  [OUT]
2021/01/13 13:44:51:365

Connecting Started...

<<<----  [OUT]
2021/01/13 13:45:12:408

I can't connect with the passive [192.168.100.113/5000] error_code:10060 !

<<<----  [OUT]
2021/01/13 13:45:14:896

Connecting Started...

<<<----  [OUT]
2021/01/13 13:45:35:937

I can't connect with the passive [192.168.100.113/5000] error_code:10060 !

<<<----  [OUT]
2021/01/13 13:45:38:427

Connecting Started...

<<<----  [OUT]
2021/01/13 13:45:59:460

I can't connect with the passive [192.168.100.113/5000] error_code:10060 !

<<<----  [OUT]
2021/01/13 13:53:12:228

---------------------------------------------------------------------
// FA : Start Log ...


<<<----  [OUT]
2021/01/13 13:53:12:233

//-------------------------------------------------------------
Property Information

   Driver Type [HSMS]
   Driver Mode [ACTIVE]
   IP    [192.168.100.113]
   Port  [5000]
//-------------------------------------------------------------


<<<----  [OUT]
2021/01/13 13:53:12:835

Auto-Start Started ... (Active)

<<<----  [OUT]
2021/01/13 13:53:12:925

Auto-Start Started ...  Waiting Stop-Connection.

<<<----  [OUT]
2021/01/13 13:53:12:925

Auto-Start Started ...  Waiting Open-Socket.

<<<----  [OUT]
2021/01/13 13:53:12:954

Socket Open Started...

<<<----  [OUT]
2021/01/13 13:53:12:954

Socket Open Completed...

<<<----  [OUT]
2021/01/13 13:53:12:954

Connecting Started...

<<<----  [OUT]
2021/01/13 13:53:13:016

Auto-Start Completed ...  (Active)

<<<----  [OUT]
2021/01/13 13:53:33:996

I can't connect with the passive [192.168.100.113/5000] error_code:10060 !

<<<----  [OUT]
2021/01/13 13:53:36:476

Connecting Started...

<<<----  [OUT]
2021/01/13 13:53:57:517

I can't connect with the passive [192.168.100.113/5000] error_code:10060 !

<<<----  [OUT]
2021/01/13 13:54:00:007

Connecting Started...

<<<----  [OUT]
2021/01/13 13:54:21:057

I can't connect with the passive [192.168.100.113/5000] error_code:10060 !

<<<----  [OUT]
2021/01/13 13:54:23:538

Connecting Started...

<<<----  [OUT]
2021/01/13 13:54:44:591

I can't connect with the passive [192.168.100.113/5000] error_code:10060 !

<<<----  [OUT]
2021/01/13 13:54:47:069

Connecting Started...

<<<----  [OUT]
2021/01/13 13:55:08:103

I can't connect with the passive [192.168.100.113/5000] error_code:10060 !

<<<----  [OUT]
2021/01/13 13:55:10:585

Connecting Started...

<<<----  [OUT]
2021/01/13 13:55:31:624

I can't connect with the passive [192.168.100.113/5000] error_code:10060 !

<<<----  [OUT]
2021/01/13 13:55:34:100

Connecting Started...
