
<<<----  [OUT]
2021/09/24 22:00:04:854

I can't connect with the passive [192.168.100.113/5000] error_code:10060 !

<<<----  [OUT]
2021/09/24 22:00:07:335

Connecting Started...

<<<----  [OUT]
2021/09/24 22:00:28:384

I can't connect with the passive [192.168.100.113/5000] error_code:10060 !

<<<----  [OUT]
2021/09/24 22:00:30:866

Connecting Started...

<<<----  [OUT]
2021/09/24 22:00:51:890

I can't connect with the passive [192.168.100.113/5000] error_code:10060 !

<<<----  [OUT]
2021/09/24 22:00:54:380

Connecting Started...

<<<----  [OUT]
2021/09/24 22:01:15:419

I can't connect with the passive [192.168.100.113/5000] error_code:10060 !

<<<----  [OUT]
2021/09/24 22:01:17:896

Connecting Started...

<<<----  [OUT]
2021/09/24 22:06:16:006

---------------------------------------------------------------------
// FA : Start Log ...


<<<----  [OUT]
2021/09/24 22:06:16:016

//-------------------------------------------------------------
Property Information

   Driver Type [HSMS]
   Driver Mode [ACTIVE]
   IP    [192.168.100.113]
   Port  [5000]
//-------------------------------------------------------------


<<<----  [OUT]
2021/09/24 22:06:16:617

Auto-Start Started ... (Active)

<<<----  [OUT]
2021/09/24 22:06:16:708

Auto-Start Started ...  Waiting Stop-Connection.

<<<----  [OUT]
2021/09/24 22:06:16:708

Auto-Start Started ...  Waiting Open-Socket.

<<<----  [OUT]
2021/09/24 22:06:16:732

Socket Open Started...

<<<----  [OUT]
2021/09/24 22:06:16:732

Socket Open Completed...

<<<----  [OUT]
2021/09/24 22:06:16:732

Connecting Started...

<<<----  [OUT]
2021/09/24 22:06:16:799

Auto-Start Completed ...  (Active)

<<<----  [OUT]
2021/09/24 22:06:37:777

I can't connect with the passive [192.168.100.113/5000] error_code:10060 !

<<<----  [OUT]
2021/09/24 22:06:40:256

Connecting Started...

<<<----  [OUT]
2021/09/24 22:07:01:313

I can't connect with the passive [192.168.100.113/5000] error_code:10060 !

<<<----  [OUT]
2021/09/24 22:07:03:803

Connecting Started...

<<<----  [OUT]
2021/09/24 22:07:24:844

I can't connect with the passive [192.168.100.113/5000] error_code:10060 !

<<<----  [OUT]
2021/09/24 22:07:27:335

Connecting Started...

<<<----  [OUT]
2021/09/24 22:07:48:381

I can't connect with the passive [192.168.100.113/5000] error_code:10060 !

<<<----  [OUT]
2021/09/24 22:07:50:866

Connecting Started...

<<<----  [OUT]
2021/09/24 22:08:11:903

I can't connect with the passive [192.168.100.113/5000] error_code:10060 !

<<<----  [OUT]
2021/09/24 22:08:14:382

Connecting Started...

<<<----  [OUT]
2021/09/24 22:08:35:417

I can't connect with the passive [192.168.100.113/5000] error_code:10060 !

<<<----  [OUT]
2021/09/24 22:08:37:896

Connecting Started...

<<<----  [OUT]
2021/09/24 22:08:58:943

I can't connect with the passive [192.168.100.113/5000] error_code:10060 !

<<<----  [OUT]
2021/09/24 22:09:01:429

Connecting Started...

<<<----  [OUT]
2021/09/24 22:09:22:466

I can't connect with the passive [192.168.100.113/5000] error_code:10060 !

<<<----  [OUT]
2021/09/24 22:09:24:945

Connecting Started...

<<<----  [OUT]
2021/09/24 22:09:45:994

I can't connect with the passive [192.168.100.113/5000] error_code:10060 !

<<<----  [OUT]
2021/09/24 22:09:48:475

Connecting Started...

<<<----  [OUT]
2021/09/24 22:10:09:518

I can't connect with the passive [192.168.100.113/5000] error_code:10060 !

<<<----  [OUT]
2021/09/24 22:10:12:007

Connecting Started...

<<<----  [OUT]
2021/09/24 22:10:33:042

I can't connect with the passive [192.168.100.113/5000] error_code:10060 !

<<<----  [OUT]
2021/09/24 22:10:35:522

Connecting Started...

<<<----  [OUT]
2021/09/24 22:10:56:572

I can't connect with the passive [192.168.100.113/5000] error_code:10060 !

<<<----  [OUT]
2021/09/24 22:10:59:054

Connecting Started...

<<<----  [OUT]
2021/09/24 22:11:20:106

I can't connect with the passive [192.168.100.113/5000] error_code:10060 !

<<<----  [OUT]
2021/09/24 22:11:22:584

Connecting Started...

<<<----  [OUT]
2021/09/24 22:11:43:609

I can't connect with the passive [192.168.100.113/5000] error_code:10060 !

<<<----  [OUT]
2021/09/24 22:11:46:100

Connecting Started...

<<<----  [OUT]
2021/09/24 22:12:07:135

I can't connect with the passive [192.168.100.113/5000] error_code:10060 !

<<<----  [OUT]
2021/09/24 22:12:09:615

Connecting Started...

<<<----  [OUT]
2021/09/24 22:12:30:650

I can't connect with the passive [192.168.100.113/5000] error_code:10060 !

<<<----  [OUT]
2021/09/24 22:12:33:130

Connecting Started...

<<<----  [OUT]
2021/09/24 22:12:54:154

I can't connect with the passive [192.168.100.113/5000] error_code:10060 !

<<<----  [OUT]
2021/09/24 22:12:56:631

Connecting Started...

<<<----  [OUT]
2021/09/24 22:13:17:670

I can't connect with the passive [192.168.100.113/5000] error_code:10060 !

<<<----  [OUT]
2021/09/24 22:13:20:147

Connecting Started...

<<<----  [OUT]
2021/09/24 22:13:41:187

I can't connect with the passive [192.168.100.113/5000] error_code:10060 !

<<<----  [OUT]
2021/09/24 22:13:43:679

Connecting Started...

<<<----  [OUT]
2021/09/24 22:14:04:723

I can't connect with the passive [192.168.100.113/5000] error_code:10060 !

<<<----  [OUT]
2021/09/24 22:14:07:210

Connecting Started...

<<<----  [OUT]
2021/09/24 22:14:28:248

I can't connect with the passive [192.168.100.113/5000] error_code:10060 !

<<<----  [OUT]
2021/09/24 22:14:30:726

Connecting Started...

<<<----  [OUT]
2021/09/24 22:14:51:777

I can't connect with the passive [192.168.100.113/5000] error_code:10060 !

<<<----  [OUT]
2021/09/24 22:14:54:257

Connecting Started...

<<<----  [OUT]
2021/09/24 22:15:15:310

I can't connect with the passive [192.168.100.113/5000] error_code:10060 !

<<<----  [OUT]
2021/09/24 22:15:17:787

Connecting Started...

<<<----  [OUT]
2021/09/24 22:15:38:807

I can't connect with the passive [192.168.100.113/5000] error_code:10060 !

<<<----  [OUT]
2021/09/24 22:15:41:287

Connecting Started...

<<<----  [OUT]
2021/09/24 22:16:02:336

I can't connect with the passive [192.168.100.113/5000] error_code:10060 !

<<<----  [OUT]
2021/09/24 22:16:04:819

Connecting Started...

<<<----  [OUT]
2021/09/24 22:16:25:861

I can't connect with the passive [192.168.100.113/5000] error_code:10060 !

<<<----  [OUT]
2021/09/24 22:16:28:350

Connecting Started...

<<<----  [OUT]
2021/09/24 22:16:49:395

I can't connect with the passive [192.168.100.113/5000] error_code:10060 !

<<<----  [OUT]
2021/09/24 22:16:51:881

Connecting Started...

<<<----  [OUT]
2021/09/24 22:17:12:927

I can't connect with the passive [192.168.100.113/5000] error_code:10060 !

<<<----  [OUT]
2021/09/24 22:17:15:412

Connecting Started...

<<<----  [OUT]
2021/09/24 22:17:36:442

I can't connect with the passive [192.168.100.113/5000] error_code:10060 !

<<<----  [OUT]
2021/09/24 22:17:38:927

Connecting Started...

<<<----  [OUT]
2021/09/24 22:17:59:982

I can't connect with the passive [192.168.100.113/5000] error_code:10060 !

<<<----  [OUT]
2021/09/24 22:18:02:459

Connecting Started...

<<<----  [OUT]
2021/09/24 22:18:23:510

I can't connect with the passive [192.168.100.113/5000] error_code:10060 !

<<<----  [OUT]
2021/09/24 22:18:25:992

Connecting Started...

<<<----  [OUT]
2021/09/24 22:18:47:037

I can't connect with the passive [192.168.100.113/5000] error_code:10060 !

<<<----  [OUT]
2021/09/24 22:18:49:523

Connecting Started...

<<<----  [OUT]
2021/09/24 22:19:10:561

I can't connect with the passive [192.168.100.113/5000] error_code:10060 !

<<<----  [OUT]
2021/09/24 22:19:13:038

Connecting Started...

<<<----  [OUT]
2021/09/24 22:19:34:082

I can't connect with the passive [192.168.100.113/5000] error_code:10060 !

<<<----  [OUT]
2021/09/24 22:19:36:569

Connecting Started...

<<<----  [OUT]
2021/09/24 22:19:57:595

I can't connect with the passive [192.168.100.113/5000] error_code:10060 !

<<<----  [OUT]
2021/09/24 22:20:00:084

Connecting Started...

<<<----  [OUT]
2021/09/24 22:20:21:133

I can't connect with the passive [192.168.100.113/5000] error_code:10060 !

<<<----  [OUT]
2021/09/24 22:20:23:615

Connecting Started...

<<<----  [OUT]
2021/09/24 22:20:44:645

I can't connect with the passive [192.168.100.113/5000] error_code:10060 !

<<<----  [OUT]
2021/09/24 22:20:47:132

Connecting Started...

<<<----  [OUT]
2021/09/24 22:21:08:168

I can't connect with the passive [192.168.100.113/5000] error_code:10060 !

<<<----  [OUT]
2021/09/24 22:21:10:647

Connecting Started...

<<<----  [OUT]
2021/09/24 22:21:31:686

I can't connect with the passive [192.168.100.113/5000] error_code:10060 !

<<<----  [OUT]
2021/09/24 22:21:34:163

Connecting Started...

<<<----  [OUT]
2021/09/24 22:21:55:208

I can't connect with the passive [192.168.100.113/5000] error_code:10060 !

<<<----  [OUT]
2021/09/24 22:21:57:694

Connecting Started...

<<<----  [OUT]
2021/09/24 22:22:18:733

I can't connect with the passive [192.168.100.113/5000] error_code:10060 !

<<<----  [OUT]
2021/09/24 22:22:21:208

Connecting Started...

<<<----  [OUT]
2021/09/24 22:22:42:231

I can't connect with the passive [192.168.100.113/5000] error_code:10060 !

<<<----  [OUT]
2021/09/24 22:22:44:710

Connecting Started...

<<<----  [OUT]
2021/09/24 22:23:05:753

I can't connect with the passive [192.168.100.113/5000] error_code:10060 !

<<<----  [OUT]
2021/09/24 22:23:08:241

Connecting Started...

<<<----  [OUT]
2021/09/24 22:23:29:283

I can't connect with the passive [192.168.100.113/5000] error_code:10060 !

<<<----  [OUT]
2021/09/24 22:23:31:773

Connecting Started...

<<<----  [OUT]
2021/09/24 22:23:52:796

I can't connect with the passive [192.168.100.113/5000] error_code:10060 !

<<<----  [OUT]
2021/09/24 22:23:55:273

Connecting Started...

<<<----  [OUT]
2021/09/24 22:24:16:306

I can't connect with the passive [192.168.100.113/5000] error_code:10060 !

<<<----  [OUT]
2021/09/24 22:24:18:787

Connecting Started...

<<<----  [OUT]
2021/09/24 22:24:39:813

I can't connect with the passive [192.168.100.113/5000] error_code:10060 !

<<<----  [OUT]
2021/09/24 22:24:42:304

Connecting Started...

<<<----  [OUT]
2021/09/24 22:25:03:334

I can't connect with the passive [192.168.100.113/5000] error_code:10060 !

<<<----  [OUT]
2021/09/24 22:25:05:819

Connecting Started...

<<<----  [OUT]
2021/09/24 22:25:26:857

I can't connect with the passive [192.168.100.113/5000] error_code:10060 !

<<<----  [OUT]
2021/09/24 22:25:29:335

Connecting Started...

<<<----  [OUT]
2021/09/24 22:25:50:378

I can't connect with the passive [192.168.100.113/5000] error_code:10060 !

<<<----  [OUT]
2021/09/24 22:25:52:866

Connecting Started...

<<<----  [OUT]
2021/09/24 22:26:13:912

I can't connect with the passive [192.168.100.113/5000] error_code:10060 !

<<<----  [OUT]
2021/09/24 22:26:16:396

Connecting Started...

<<<----  [OUT]
2021/09/24 22:26:37:454

I can't connect with the passive [192.168.100.113/5000] error_code:10060 !

<<<----  [OUT]
2021/09/24 22:26:39:944

Connecting Started...

<<<----  [OUT]
2021/09/24 22:27:00:994

I can't connect with the passive [192.168.100.113/5000] error_code:10060 !

<<<----  [OUT]
2021/09/24 22:27:03:475

Connecting Started...

<<<----  [OUT]
2021/09/24 22:27:24:509

I can't connect with the passive [192.168.100.113/5000] error_code:10060 !

<<<----  [OUT]
2021/09/24 22:27:26:990

Connecting Started...

<<<----  [OUT]
2021/09/24 22:27:48:034

I can't connect with the passive [192.168.100.113/5000] error_code:10060 !

<<<----  [OUT]
2021/09/24 22:27:50:522

Connecting Started...

<<<----  [OUT]
2021/09/24 22:28:11:579

I can't connect with the passive [192.168.100.113/5000] error_code:10060 !

<<<----  [OUT]
2021/09/24 22:28:14:068

Connecting Started...

<<<----  [OUT]
2021/09/24 22:28:35:118

I can't connect with the passive [192.168.100.113/5000] error_code:10060 !

<<<----  [OUT]
2021/09/24 22:28:37:599

Connecting Started...

<<<----  [OUT]
2021/09/24 22:28:58:620

I can't connect with the passive [192.168.100.113/5000] error_code:10060 !

<<<----  [OUT]
2021/09/24 22:29:01:099

Connecting Started...

<<<----  [OUT]
2021/09/24 22:29:22:138

I can't connect with the passive [192.168.100.113/5000] error_code:10060 !

<<<----  [OUT]
2021/09/24 22:29:24:615

Connecting Started...

<<<----  [OUT]
2021/09/24 22:29:45:652

I can't connect with the passive [192.168.100.113/5000] error_code:10060 !

<<<----  [OUT]
2021/09/24 22:29:48:130

Connecting Started...

<<<----  [OUT]
2021/09/24 22:30:09:151

I can't connect with the passive [192.168.100.113/5000] error_code:10060 !

<<<----  [OUT]
2021/09/24 22:30:11:632

Connecting Started...

<<<----  [OUT]
2021/09/24 22:30:32:684

I can't connect with the passive [192.168.100.113/5000] error_code:10060 !

<<<----  [OUT]
2021/09/24 22:30:35:163

Connecting Started...

<<<----  [OUT]
2021/09/24 22:30:56:202

I can't connect with the passive [192.168.100.113/5000] error_code:10060 !

<<<----  [OUT]
2021/09/24 22:30:58:695

Connecting Started...

<<<----  [OUT]
2021/09/24 22:31:19:727

I can't connect with the passive [192.168.100.113/5000] error_code:10060 !

<<<----  [OUT]
2021/09/24 22:31:22:210

Connecting Started...

<<<----  [OUT]
2021/09/24 22:31:43:251

I can't connect with the passive [192.168.100.113/5000] error_code:10060 !

<<<----  [OUT]
2021/09/24 22:31:45:740

Connecting Started...

<<<----  [OUT]
2021/09/24 22:32:06:776

I can't connect with the passive [192.168.100.113/5000] error_code:10060 !

<<<----  [OUT]
2021/09/24 22:32:09:257

Connecting Started...

<<<----  [OUT]
2021/09/24 22:32:30:304

I can't connect with the passive [192.168.100.113/5000] error_code:10060 !

<<<----  [OUT]
2021/09/24 22:32:32:787

Connecting Started...

<<<----  [OUT]
2021/09/24 22:32:53:833

I can't connect with the passive [192.168.100.113/5000] error_code:10060 !

<<<----  [OUT]
2021/09/24 22:32:56:319

Connecting Started...

<<<----  [OUT]
2021/09/24 22:33:17:357

I can't connect with the passive [192.168.100.113/5000] error_code:10060 !

<<<----  [OUT]
2021/09/24 22:33:19:835

Connecting Started...

<<<----  [OUT]
2021/09/24 22:33:40:876

I can't connect with the passive [192.168.100.113/5000] error_code:10060 !

<<<----  [OUT]
2021/09/24 22:33:43:366

Connecting Started...

<<<----  [OUT]
2021/09/24 22:34:04:415

I can't connect with the passive [192.168.100.113/5000] error_code:10060 !

<<<----  [OUT]
2021/09/24 22:34:06:897

Connecting Started...

<<<----  [OUT]
2021/09/24 22:38:17:631

---------------------------------------------------------------------
// FA : Start Log ...


<<<----  [OUT]
2021/09/24 22:38:17:640

//-------------------------------------------------------------
Property Information

   Driver Type [HSMS]
   Driver Mode [ACTIVE]
   IP    [192.168.100.113]
   Port  [5000]
//-------------------------------------------------------------


<<<----  [OUT]
2021/09/24 22:38:18:241

Auto-Start Started ... (Active)

<<<----  [OUT]
2021/09/24 22:38:18:332

Auto-Start Started ...  Waiting Stop-Connection.

<<<----  [OUT]
2021/09/24 22:38:18:332

Auto-Start Started ...  Waiting Open-Socket.

<<<----  [OUT]
2021/09/24 22:38:18:357

Socket Open Started...

<<<----  [OUT]
2021/09/24 22:38:18:357

Socket Open Completed...

<<<----  [OUT]
2021/09/24 22:38:18:357

Connecting Started...

<<<----  [OUT]
2021/09/24 22:38:18:423

Auto-Start Completed ...  (Active)

<<<----  [OUT]
2021/09/24 22:38:39:402

I can't connect with the passive [192.168.100.113/5000] error_code:10060 !

<<<----  [OUT]
2021/09/24 22:38:41:882

Connecting Started...

<<<----  [OUT]
2021/09/24 22:39:02:915

I can't connect with the passive [192.168.100.113/5000] error_code:10060 !

<<<----  [OUT]
2021/09/24 22:39:05:397

Connecting Started...

<<<----  [OUT]
2021/09/24 22:39:26:444

I can't connect with the passive [192.168.100.113/5000] error_code:10060 !

<<<----  [OUT]
2021/09/24 22:39:28:927

Connecting Started...

<<<----  [OUT]
2021/09/24 22:46:04:168

---------------------------------------------------------------------
// FA : Start Log ...


<<<----  [OUT]
2021/09/24 22:46:04:180

//-------------------------------------------------------------
Property Information

   Driver Type [HSMS]
   Driver Mode [ACTIVE]
   IP    [192.168.100.113]
   Port  [5000]
//-------------------------------------------------------------


<<<----  [OUT]
2021/09/24 22:46:04:782

Auto-Start Started ... (Active)

<<<----  [OUT]
2021/09/24 22:46:04:872

Auto-Start Started ...  Waiting Stop-Connection.

<<<----  [OUT]
2021/09/24 22:46:04:872

Auto-Start Started ...  Waiting Open-Socket.

<<<----  [OUT]
2021/09/24 22:46:04:894

Socket Open Started...

<<<----  [OUT]
2021/09/24 22:46:04:894

Socket Open Completed...

<<<----  [OUT]
2021/09/24 22:46:04:894

Connecting Started...

<<<----  [OUT]
2021/09/24 22:46:04:963

Auto-Start Completed ...  (Active)

<<<----  [OUT]
2021/09/24 22:46:25:918

I can't connect with the passive [192.168.100.113/5000] error_code:10060 !

<<<----  [OUT]
2021/09/24 22:46:28:398

Connecting Started...

<<<----  [OUT]
2021/09/24 22:46:49:437

I can't connect with the passive [192.168.100.113/5000] error_code:10060 !

<<<----  [OUT]
2021/09/24 22:46:51:929

Connecting Started...

<<<----  [OUT]
2021/09/24 22:47:12:986

I can't connect with the passive [192.168.100.113/5000] error_code:10060 !

<<<----  [OUT]
2021/09/24 22:47:15:476

Connecting Started...

<<<----  [OUT]
2021/09/24 22:47:36:505

I can't connect with the passive [192.168.100.113/5000] error_code:10060 !

<<<----  [OUT]
2021/09/24 22:47:38:992

Connecting Started...

<<<----  [OUT]
2021/09/24 22:48:00:035

I can't connect with the passive [192.168.100.113/5000] error_code:10060 !

<<<----  [OUT]
2021/09/24 22:48:02:522

Connecting Started...

<<<----  [OUT]
2021/09/24 22:48:23:582

I can't connect with the passive [192.168.100.113/5000] error_code:10060 !

<<<----  [OUT]
2021/09/24 22:48:26:069

Connecting Started...

<<<----  [OUT]
2021/09/24 22:48:47:117

I can't connect with the passive [192.168.100.113/5000] error_code:10060 !

<<<----  [OUT]
2021/09/24 22:48:49:600

Connecting Started...

<<<----  [OUT]
2021/09/24 22:49:10:646

I can't connect with the passive [192.168.100.113/5000] error_code:10060 !

<<<----  [OUT]
2021/09/24 22:49:13:131

Connecting Started...

<<<----  [OUT]
2021/09/24 22:49:34:189

I can't connect with the passive [192.168.100.113/5000] error_code:10060 !

<<<----  [OUT]
2021/09/24 22:49:36:679

Connecting Started...

<<<----  [OUT]
2021/09/24 22:49:57:738

I can't connect with the passive [192.168.100.113/5000] error_code:10060 !

<<<----  [OUT]
2021/09/24 22:50:00:226

Connecting Started...

<<<----  [OUT]
2021/09/24 22:50:21:252

I can't connect with the passive [192.168.100.113/5000] error_code:10060 !

<<<----  [OUT]
2021/09/24 22:50:23:741

Connecting Started...

<<<----  [OUT]
2021/09/24 22:50:44:776

I can't connect with the passive [192.168.100.113/5000] error_code:10060 !

<<<----  [OUT]
2021/09/24 22:50:47:257

Connecting Started...

<<<----  [OUT]
2021/09/24 22:51:08:300

I can't connect with the passive [192.168.100.113/5000] error_code:10060 !

<<<----  [OUT]
2021/09/24 22:51:10:787

Connecting Started...

<<<----  [OUT]
2021/09/24 22:58:02:411

---------------------------------------------------------------------
// FA : Start Log ...


<<<----  [OUT]
2021/09/24 22:58:02:420

//-------------------------------------------------------------
Property Information

   Driver Type [HSMS]
   Driver Mode [ACTIVE]
   IP    [192.168.100.113]
   Port  [5000]
//-------------------------------------------------------------


<<<----  [OUT]
2021/09/24 22:58:03:022

Auto-Start Started ... (Active)

<<<----  [OUT]
2021/09/24 22:58:03:113

Auto-Start Started ...  Waiting Stop-Connection.

<<<----  [OUT]
2021/09/24 22:58:03:113

Auto-Start Started ...  Waiting Open-Socket.

<<<----  [OUT]
2021/09/24 22:58:03:137

Socket Open Started...

<<<----  [OUT]
2021/09/24 22:58:03:137

Socket Open Completed...

<<<----  [OUT]
2021/09/24 22:58:03:137

Connecting Started...

<<<----  [OUT]
2021/09/24 22:58:03:204

Auto-Start Completed ...  (Active)

<<<----  [OUT]
2021/09/24 22:58:24:171

I can't connect with the passive [192.168.100.113/5000] error_code:10060 !

<<<----  [OUT]
2021/09/24 22:58:26:647

Connecting Started...

<<<----  [OUT]
2021/09/24 22:58:47:687

I can't connect with the passive [192.168.100.113/5000] error_code:10060 !

<<<----  [OUT]
2021/09/24 22:58:50:178

Connecting Started...

<<<----  [OUT]
2021/09/24 22:59:11:234

I can't connect with the passive [192.168.100.113/5000] error_code:10060 !

<<<----  [OUT]
2021/09/24 22:59:13:725

Connecting Started...

<<<----  [OUT]
2021/09/24 22:59:34:771

I can't connect with the passive [192.168.100.113/5000] error_code:10060 !

<<<----  [OUT]
2021/09/24 22:59:37:256

Connecting Started...

<<<----  [OUT]
2021/09/24 22:59:58:294

I can't connect with the passive [192.168.100.113/5000] error_code:10060 !
