
<<<----  [OUT]
2021/09/24 21:00:18:223

I can't connect with the passive [192.168.100.113/5000] error_code:10060 !

<<<----  [OUT]
2021/09/24 21:00:20:709

Connecting Started...

<<<----  [OUT]
2021/09/24 21:00:41:740

I can't connect with the passive [192.168.100.113/5000] error_code:10060 !

<<<----  [OUT]
2021/09/24 21:00:44:226

Connecting Started...

<<<----  [OUT]
2021/09/24 21:01:05:261

I can't connect with the passive [192.168.100.113/5000] error_code:10060 !

<<<----  [OUT]
2021/09/24 21:01:07:741

Connecting Started...

<<<----  [OUT]
2021/09/24 21:01:28:776

I can't connect with the passive [192.168.100.113/5000] error_code:10060 !

<<<----  [OUT]
2021/09/24 21:01:31:257

Connecting Started...

<<<----  [OUT]
2021/09/24 21:01:52:291

I can't connect with the passive [192.168.100.113/5000] error_code:10060 !

<<<----  [OUT]
2021/09/24 21:01:54:772

Connecting Started...

<<<----  [OUT]
2021/09/24 21:02:15:802

I can't connect with the passive [192.168.100.113/5000] error_code:10060 !

<<<----  [OUT]
2021/09/24 21:02:18:288

Connecting Started...

<<<----  [OUT]
2021/09/24 21:02:39:314

I can't connect with the passive [192.168.100.113/5000] error_code:10060 !

<<<----  [OUT]
2021/09/24 21:02:41:803

Connecting Started...

<<<----  [OUT]
2021/09/24 21:03:02:844

I can't connect with the passive [192.168.100.113/5000] error_code:10060 !

<<<----  [OUT]
2021/09/24 21:03:05:335

Connecting Started...

<<<----  [OUT]
2021/09/24 21:03:26:382

I can't connect with the passive [192.168.100.113/5000] error_code:10060 !

<<<----  [OUT]
2021/09/24 21:03:28:865

Connecting Started...

<<<----  [OUT]
2021/09/24 21:03:49:907

I can't connect with the passive [192.168.100.113/5000] error_code:10060 !

<<<----  [OUT]
2021/09/24 21:03:52:396

Connecting Started...

<<<----  [OUT]
2021/09/24 21:04:13:452

I can't connect with the passive [192.168.100.113/5000] error_code:10060 !

<<<----  [OUT]
2021/09/24 21:04:15:927

Connecting Started...

<<<----  [OUT]
2021/09/24 21:04:36:971

I can't connect with the passive [192.168.100.113/5000] error_code:10060 !

<<<----  [OUT]
2021/09/24 21:04:39:459

Connecting Started...

<<<----  [OUT]
2021/09/24 21:05:00:484

I can't connect with the passive [192.168.100.113/5000] error_code:10060 !

<<<----  [OUT]
2021/09/24 21:05:02:975

Connecting Started...

<<<----  [OUT]
2021/09/24 21:05:24:005

I can't connect with the passive [192.168.100.113/5000] error_code:10060 !

<<<----  [OUT]
2021/09/24 21:05:26:491

Connecting Started...

<<<----  [OUT]
2021/09/24 21:05:47:537

I can't connect with the passive [192.168.100.113/5000] error_code:10060 !

<<<----  [OUT]
2021/09/24 21:05:50:022

Connecting Started...

<<<----  [OUT]
2021/09/24 21:06:11:076

I can't connect with the passive [192.168.100.113/5000] error_code:10060 !

<<<----  [OUT]
2021/09/24 21:06:13:554

Connecting Started...

<<<----  [OUT]
2021/09/24 21:06:34:600

I can't connect with the passive [192.168.100.113/5000] error_code:10060 !

<<<----  [OUT]
2021/09/24 21:06:37:085

Connecting Started...

<<<----  [OUT]
2021/09/24 21:06:58:120

I can't connect with the passive [192.168.100.113/5000] error_code:10060 !

<<<----  [OUT]
2021/09/24 21:07:00:601

Connecting Started...

<<<----  [OUT]
2021/09/24 21:07:21:644

I can't connect with the passive [192.168.100.113/5000] error_code:10060 !

<<<----  [OUT]
2021/09/24 21:07:24:131

Connecting Started...

<<<----  [OUT]
2021/09/24 21:07:45:171

I can't connect with the passive [192.168.100.113/5000] error_code:10060 !

<<<----  [OUT]
2021/09/24 21:07:47:647

Connecting Started...

<<<----  [OUT]
2021/09/24 21:08:08:689

I can't connect with the passive [192.168.100.113/5000] error_code:10060 !

<<<----  [OUT]
2021/09/24 21:08:11:178

Connecting Started...

<<<----  [OUT]
2021/09/24 21:08:32:226

I can't connect with the passive [192.168.100.113/5000] error_code:10060 !

<<<----  [OUT]
2021/09/24 21:08:34:709

Connecting Started...

<<<----  [OUT]
2021/09/24 21:08:55:750

I can't connect with the passive [192.168.100.113/5000] error_code:10060 !

<<<----  [OUT]
2021/09/24 21:08:58:240

Connecting Started...

<<<----  [OUT]
2021/09/24 21:09:19:285

I can't connect with the passive [192.168.100.113/5000] error_code:10060 !

<<<----  [OUT]
2021/09/24 21:09:21:771

Connecting Started...

<<<----  [OUT]
2021/09/24 21:09:42:805

I can't connect with the passive [192.168.100.113/5000] error_code:10060 !

<<<----  [OUT]
2021/09/24 21:09:45:287

Connecting Started...

<<<----  [OUT]
2021/09/24 21:10:06:335

I can't connect with the passive [192.168.100.113/5000] error_code:10060 !

<<<----  [OUT]
2021/09/24 21:10:08:818

Connecting Started...

<<<----  [OUT]
2021/09/24 21:10:29:863

I can't connect with the passive [192.168.100.113/5000] error_code:10060 !

<<<----  [OUT]
2021/09/24 21:10:32:350

Connecting Started...

<<<----  [OUT]
2021/09/24 21:10:53:377

I can't connect with the passive [192.168.100.113/5000] error_code:10060 !

<<<----  [OUT]
2021/09/24 21:10:55:866

Connecting Started...

<<<----  [OUT]
2021/09/24 21:11:16:910

I can't connect with the passive [192.168.100.113/5000] error_code:10060 !

<<<----  [OUT]
2021/09/24 21:11:19:398

Connecting Started...

<<<----  [OUT]
2021/09/24 21:11:40:442

I can't connect with the passive [192.168.100.113/5000] error_code:10060 !

<<<----  [OUT]
2021/09/24 21:11:42:928

Connecting Started...

<<<----  [OUT]
2021/09/24 21:12:03:974

I can't connect with the passive [192.168.100.113/5000] error_code:10060 !

<<<----  [OUT]
2021/09/24 21:12:06:459

Connecting Started...

<<<----  [OUT]
2021/09/24 21:12:27:489

I can't connect with the passive [192.168.100.113/5000] error_code:10060 !

<<<----  [OUT]
2021/09/24 21:12:29:976

Connecting Started...

<<<----  [OUT]
2021/09/24 21:12:51:011

I can't connect with the passive [192.168.100.113/5000] error_code:10060 !

<<<----  [OUT]
2021/09/24 21:12:53:492

Connecting Started...

<<<----  [OUT]
2021/09/24 21:13:14:541

I can't connect with the passive [192.168.100.113/5000] error_code:10060 !

<<<----  [OUT]
2021/09/24 21:13:17:022

Connecting Started...

<<<----  [OUT]
2021/09/24 21:13:38:067

I can't connect with the passive [192.168.100.113/5000] error_code:10060 !

<<<----  [OUT]
2021/09/24 21:13:40:553

Connecting Started...

<<<----  [OUT]
2021/09/24 21:14:01:588

I can't connect with the passive [192.168.100.113/5000] error_code:10060 !

<<<----  [OUT]
2021/09/24 21:14:04:069

Connecting Started...

<<<----  [OUT]
2021/09/24 21:14:25:119

I can't connect with the passive [192.168.100.113/5000] error_code:10060 !

<<<----  [OUT]
2021/09/24 21:14:27:599

Connecting Started...

<<<----  [OUT]
2021/09/24 21:14:48:643

I can't connect with the passive [192.168.100.113/5000] error_code:10060 !

<<<----  [OUT]
2021/09/24 21:14:51:132

Connecting Started...

<<<----  [OUT]
2021/09/24 21:15:12:187

I can't connect with the passive [192.168.100.113/5000] error_code:10060 !

<<<----  [OUT]
2021/09/24 21:15:14:677

Connecting Started...

<<<----  [OUT]
2021/09/24 21:15:35:720

I can't connect with the passive [192.168.100.113/5000] error_code:10060 !

<<<----  [OUT]
2021/09/24 21:15:38:210

Connecting Started...

<<<----  [OUT]
2021/09/24 21:15:59:237

I can't connect with the passive [192.168.100.113/5000] error_code:10060 !

<<<----  [OUT]
2021/09/24 21:16:01:724

Connecting Started...

<<<----  [OUT]
2021/09/24 21:16:22:760

I can't connect with the passive [192.168.100.113/5000] error_code:10060 !

<<<----  [OUT]
2021/09/24 21:16:25:242

Connecting Started...

<<<----  [OUT]
2021/09/24 21:16:46:274

I can't connect with the passive [192.168.100.113/5000] error_code:10060 !

<<<----  [OUT]
2021/09/24 21:16:48:756

Connecting Started...

<<<----  [OUT]
2021/09/24 21:17:09:792

I can't connect with the passive [192.168.100.113/5000] error_code:10060 !

<<<----  [OUT]
2021/09/24 21:17:12:272

Connecting Started...

<<<----  [OUT]
2021/09/24 21:17:33:328

I can't connect with the passive [192.168.100.113/5000] error_code:10060 !

<<<----  [OUT]
2021/09/24 21:17:35:819

Connecting Started...

<<<----  [OUT]
2021/09/24 21:17:56:866

I can't connect with the passive [192.168.100.113/5000] error_code:10060 !

<<<----  [OUT]
2021/09/24 21:17:59:351

Connecting Started...

<<<----  [OUT]
2021/09/24 21:18:20:392

I can't connect with the passive [192.168.100.113/5000] error_code:10060 !

<<<----  [OUT]
2021/09/24 21:18:22:881

Connecting Started...

<<<----  [OUT]
2021/09/24 21:18:43:906

I can't connect with the passive [192.168.100.113/5000] error_code:10060 !

<<<----  [OUT]
2021/09/24 21:18:46:396

Connecting Started...

<<<----  [OUT]
2021/09/24 21:19:07:431

I can't connect with the passive [192.168.100.113/5000] error_code:10060 !

<<<----  [OUT]
2021/09/24 21:19:09:912

Connecting Started...

<<<----  [OUT]
2021/09/24 21:19:30:946

I can't connect with the passive [192.168.100.113/5000] error_code:10060 !

<<<----  [OUT]
2021/09/24 21:19:33:429

Connecting Started...

<<<----  [OUT]
2021/09/24 21:19:54:470

I can't connect with the passive [192.168.100.113/5000] error_code:10060 !

<<<----  [OUT]
2021/09/24 21:19:56:959

Connecting Started...

<<<----  [OUT]
2021/09/24 21:20:18:006

I can't connect with the passive [192.168.100.113/5000] error_code:10060 !

<<<----  [OUT]
2021/09/24 21:20:20:490

Connecting Started...

<<<----  [OUT]
2021/09/24 21:20:41:528

I can't connect with the passive [192.168.100.113/5000] error_code:10060 !

<<<----  [OUT]
2021/09/24 21:20:44:007

Connecting Started...

<<<----  [OUT]
2021/09/24 21:21:05:048

I can't connect with the passive [192.168.100.113/5000] error_code:10060 !

<<<----  [OUT]
2021/09/24 21:21:07:537

Connecting Started...

<<<----  [OUT]
2021/09/24 21:21:28:570

I can't connect with the passive [192.168.100.113/5000] error_code:10060 !

<<<----  [OUT]
2021/09/24 21:21:31:054

Connecting Started...

<<<----  [OUT]
2021/09/24 21:21:52:103

I can't connect with the passive [192.168.100.113/5000] error_code:10060 !

<<<----  [OUT]
2021/09/24 21:21:54:585

Connecting Started...

<<<----  [OUT]
2021/09/24 21:22:15:629

I can't connect with the passive [192.168.100.113/5000] error_code:10060 !

<<<----  [OUT]
2021/09/24 21:22:18:116

Connecting Started...

<<<----  [OUT]
2021/09/24 21:22:39:150

I can't connect with the passive [192.168.100.113/5000] error_code:10060 !

<<<----  [OUT]
2021/09/24 21:22:41:631

Connecting Started...

<<<----  [OUT]
2021/09/24 21:23:02:680

I can't connect with the passive [192.168.100.113/5000] error_code:10060 !

<<<----  [OUT]
2021/09/24 21:23:05:163

Connecting Started...

<<<----  [OUT]
2021/09/24 21:23:26:199

I can't connect with the passive [192.168.100.113/5000] error_code:10060 !

<<<----  [OUT]
2021/09/24 21:23:28:677

Connecting Started...

<<<----  [OUT]
2021/09/24 21:23:49:721

I can't connect with the passive [192.168.100.113/5000] error_code:10060 !

<<<----  [OUT]
2021/09/24 21:23:52:210

Connecting Started...

<<<----  [OUT]
2021/09/24 21:24:13:236

I can't connect with the passive [192.168.100.113/5000] error_code:10060 !

<<<----  [OUT]
2021/09/24 21:24:15:726

Connecting Started...

<<<----  [OUT]
2021/09/24 21:24:36:783

I can't connect with the passive [192.168.100.113/5000] error_code:10060 !

<<<----  [OUT]
2021/09/24 21:24:39:272

Connecting Started...

<<<----  [OUT]
2021/09/24 21:25:00:307

I can't connect with the passive [192.168.100.113/5000] error_code:10060 !

<<<----  [OUT]
2021/09/24 21:25:02:788

Connecting Started...

<<<----  [OUT]
2021/09/24 21:25:23:845

I can't connect with the passive [192.168.100.113/5000] error_code:10060 !

<<<----  [OUT]
2021/09/24 21:25:26:335

Connecting Started...

<<<----  [OUT]
2021/09/24 21:25:47:362

I can't connect with the passive [192.168.100.113/5000] error_code:10060 !

<<<----  [OUT]
2021/09/24 21:25:49:850

Connecting Started...

<<<----  [OUT]
2021/09/24 21:26:10:895

I can't connect with the passive [192.168.100.113/5000] error_code:10060 !

<<<----  [OUT]
2021/09/24 21:26:13:382

Connecting Started...

<<<----  [OUT]
2021/09/24 21:26:34:428

I can't connect with the passive [192.168.100.113/5000] error_code:10060 !

<<<----  [OUT]
2021/09/24 21:26:36:913

Connecting Started...

<<<----  [OUT]
2021/09/24 21:26:57:952

I can't connect with the passive [192.168.100.113/5000] error_code:10060 !

<<<----  [OUT]
2021/09/24 21:27:00:428

Connecting Started...

<<<----  [OUT]
2021/09/24 21:27:21:478

I can't connect with the passive [192.168.100.113/5000] error_code:10060 !

<<<----  [OUT]
2021/09/24 21:27:23:959

Connecting Started...

<<<----  [OUT]
2021/09/24 21:27:45:000

I can't connect with the passive [192.168.100.113/5000] error_code:10060 !

<<<----  [OUT]
2021/09/24 21:27:47:490

Connecting Started...

<<<----  [OUT]
2021/09/24 21:28:08:533

I can't connect with the passive [192.168.100.113/5000] error_code:10060 !

<<<----  [OUT]
2021/09/24 21:28:11:022

Connecting Started...

<<<----  [OUT]
2021/09/24 21:28:32:060

I can't connect with the passive [192.168.100.113/5000] error_code:10060 !

<<<----  [OUT]
2021/09/24 21:28:34:537

Connecting Started...

<<<----  [OUT]
2021/09/24 21:28:55:562

I can't connect with the passive [192.168.100.113/5000] error_code:10060 !

<<<----  [OUT]
2021/09/24 21:28:58:052

Connecting Started...

<<<----  [OUT]
2021/09/24 21:29:19:086

I can't connect with the passive [192.168.100.113/5000] error_code:10060 !

<<<----  [OUT]
2021/09/24 21:29:21:569

Connecting Started...

<<<----  [OUT]
2021/09/24 21:29:42:598

I can't connect with the passive [192.168.100.113/5000] error_code:10060 !

<<<----  [OUT]
2021/09/24 21:29:45:084

Connecting Started...

<<<----  [OUT]
2021/09/24 21:30:06:141

I can't connect with the passive [192.168.100.113/5000] error_code:10060 !

<<<----  [OUT]
2021/09/24 21:30:08:632

Connecting Started...

<<<----  [OUT]
2021/09/24 21:30:29:672

I can't connect with the passive [192.168.100.113/5000] error_code:10060 !

<<<----  [OUT]
2021/09/24 21:30:32:163

Connecting Started...

<<<----  [OUT]
2021/09/24 21:30:53:201

I can't connect with the passive [192.168.100.113/5000] error_code:10060 !

<<<----  [OUT]
2021/09/24 21:30:55:678

Connecting Started...

<<<----  [OUT]
2021/09/24 21:31:16:712

I can't connect with the passive [192.168.100.113/5000] error_code:10060 !

<<<----  [OUT]
2021/09/24 21:31:19:194

Connecting Started...

<<<----  [OUT]
2021/09/24 21:31:40:228

I can't connect with the passive [192.168.100.113/5000] error_code:10060 !

<<<----  [OUT]
2021/09/24 21:31:42:710

Connecting Started...

<<<----  [OUT]
2021/09/24 21:32:03:772

I can't connect with the passive [192.168.100.113/5000] error_code:10060 !

<<<----  [OUT]
2021/09/24 21:32:06:256

Connecting Started...

<<<----  [OUT]
2021/09/24 21:32:27:300

I can't connect with the passive [192.168.100.113/5000] error_code:10060 !

<<<----  [OUT]
2021/09/24 21:32:29:787

Connecting Started...

<<<----  [OUT]
2021/09/24 21:32:50:833

I can't connect with the passive [192.168.100.113/5000] error_code:10060 !

<<<----  [OUT]
2021/09/24 21:32:53:318

Connecting Started...

<<<----  [OUT]
2021/09/24 21:33:14:367

I can't connect with the passive [192.168.100.113/5000] error_code:10060 !

<<<----  [OUT]
2021/09/24 21:33:16:849

Connecting Started...

<<<----  [OUT]
2021/09/24 21:33:37:877

I can't connect with the passive [192.168.100.113/5000] error_code:10060 !

<<<----  [OUT]
2021/09/24 21:33:40:366

Connecting Started...

<<<----  [OUT]
2021/09/24 21:34:01:424

I can't connect with the passive [192.168.100.113/5000] error_code:10060 !

<<<----  [OUT]
2021/09/24 21:34:03:913

Connecting Started...

<<<----  [OUT]
2021/09/24 21:34:24:960

I can't connect with the passive [192.168.100.113/5000] error_code:10060 !

<<<----  [OUT]
2021/09/24 21:34:27:443

Connecting Started...

<<<----  [OUT]
2021/09/24 21:34:48:487

I can't connect with the passive [192.168.100.113/5000] error_code:10060 !

<<<----  [OUT]
2021/09/24 21:34:50:974

Connecting Started...

<<<----  [OUT]
2021/09/24 21:35:12:005

I can't connect with the passive [192.168.100.113/5000] error_code:10060 !

<<<----  [OUT]
2021/09/24 21:35:14:490

Connecting Started...

<<<----  [OUT]
2021/09/24 21:35:35:542

I can't connect with the passive [192.168.100.113/5000] error_code:10060 !

<<<----  [OUT]
2021/09/24 21:35:38:023

Connecting Started...

<<<----  [OUT]
2021/09/24 21:35:59:067

I can't connect with the passive [192.168.100.113/5000] error_code:10060 !

<<<----  [OUT]
2021/09/24 21:36:01:553

Connecting Started...

<<<----  [OUT]
2021/09/24 21:36:22:597

I can't connect with the passive [192.168.100.113/5000] error_code:10060 !

<<<----  [OUT]
2021/09/24 21:36:25:085

Connecting Started...

<<<----  [OUT]
2021/09/24 21:36:46:127

I can't connect with the passive [192.168.100.113/5000] error_code:10060 !

<<<----  [OUT]
2021/09/24 21:36:48:616

Connecting Started...

<<<----  [OUT]
2021/09/24 21:37:09:666

I can't connect with the passive [192.168.100.113/5000] error_code:10060 !

<<<----  [OUT]
2021/09/24 21:37:12:147

Connecting Started...

<<<----  [OUT]
2021/09/24 21:37:33:193

I can't connect with the passive [192.168.100.113/5000] error_code:10060 !

<<<----  [OUT]
2021/09/24 21:37:35:678

Connecting Started...

<<<----  [OUT]
2021/09/24 21:37:56:727

I can't connect with the passive [192.168.100.113/5000] error_code:10060 !

<<<----  [OUT]
2021/09/24 21:37:59:210

Connecting Started...

<<<----  [OUT]
2021/09/24 21:38:20:245

I can't connect with the passive [192.168.100.113/5000] error_code:10060 !

<<<----  [OUT]
2021/09/24 21:38:22:725

Connecting Started...

<<<----  [OUT]
2021/09/24 21:38:43:781

I can't connect with the passive [192.168.100.113/5000] error_code:10060 !

<<<----  [OUT]
2021/09/24 21:38:46:272

Connecting Started...

<<<----  [OUT]
2021/09/24 21:39:07:318

I can't connect with the passive [192.168.100.113/5000] error_code:10060 !

<<<----  [OUT]
2021/09/24 21:39:09:802

Connecting Started...

<<<----  [OUT]
2021/09/24 21:39:30:846

I can't connect with the passive [192.168.100.113/5000] error_code:10060 !

<<<----  [OUT]
2021/09/24 21:39:33:335

Connecting Started...

<<<----  [OUT]
2021/09/24 21:39:54:372

I can't connect with the passive [192.168.100.113/5000] error_code:10060 !

<<<----  [OUT]
2021/09/24 21:39:56:850

Connecting Started...

<<<----  [OUT]
2021/09/24 21:40:17:899

I can't connect with the passive [192.168.100.113/5000] error_code:10060 !

<<<----  [OUT]
2021/09/24 21:40:20:380

Connecting Started...

<<<----  [OUT]
2021/09/24 21:40:41:395

I can't connect with the passive [192.168.100.113/5000] error_code:10060 !

<<<----  [OUT]
2021/09/24 21:40:43:882

Connecting Started...

<<<----  [OUT]
2021/09/24 21:41:04:924

I can't connect with the passive [192.168.100.113/5000] error_code:10060 !

<<<----  [OUT]
2021/09/24 21:41:07:413

Connecting Started...

<<<----  [OUT]
2021/09/24 21:41:28:458

I can't connect with the passive [192.168.100.113/5000] error_code:10060 !

<<<----  [OUT]
2021/09/24 21:41:30:944

Connecting Started...

<<<----  [OUT]
2021/09/24 21:44:49:177

---------------------------------------------------------------------
// FA : Start Log ...


<<<----  [OUT]
2021/09/24 21:44:49:187

//-------------------------------------------------------------
Property Information

   Driver Type [HSMS]
   Driver Mode [ACTIVE]
   IP    [192.168.100.113]
   Port  [5000]
//-------------------------------------------------------------


<<<----  [OUT]
2021/09/24 21:44:49:789

Auto-Start Started ... (Active)

<<<----  [OUT]
2021/09/24 21:44:49:880

Auto-Start Started ...  Waiting Stop-Connection.

<<<----  [OUT]
2021/09/24 21:44:49:880

Auto-Start Started ...  Waiting Open-Socket.

<<<----  [OUT]
2021/09/24 21:44:49:903

Socket Open Started...

<<<----  [OUT]
2021/09/24 21:44:49:903

Socket Open Completed...

<<<----  [OUT]
2021/09/24 21:44:49:903

Connecting Started...

<<<----  [OUT]
2021/09/24 21:44:49:971

Auto-Start Completed ...  (Active)

<<<----  [OUT]
2021/09/24 21:45:10:929

I can't connect with the passive [192.168.100.113/5000] error_code:10060 !

<<<----  [OUT]
2021/09/24 21:45:13:413

Connecting Started...

<<<----  [OUT]
2021/09/24 21:45:34:445

I can't connect with the passive [192.168.100.113/5000] error_code:10060 !

<<<----  [OUT]
2021/09/24 21:45:36:928

Connecting Started...

<<<----  [OUT]
2021/09/24 21:45:57:974

I can't connect with the passive [192.168.100.113/5000] error_code:10060 !

<<<----  [OUT]
2021/09/24 21:46:00:459

Connecting Started...

<<<----  [OUT]
2021/09/24 21:46:21:508

I can't connect with the passive [192.168.100.113/5000] error_code:10060 !

<<<----  [OUT]
2021/09/24 21:46:23:990

Connecting Started...

<<<----  [OUT]
2021/09/24 21:46:45:053

I can't connect with the passive [192.168.100.113/5000] error_code:10060 !

<<<----  [OUT]
2021/09/24 21:46:47:537

Connecting Started...

<<<----  [OUT]
2021/09/24 21:47:08:567

I can't connect with the passive [192.168.100.113/5000] error_code:10060 !

<<<----  [OUT]
2021/09/24 21:47:11:052

Connecting Started...

<<<----  [OUT]
2021/09/24 21:47:32:083

I can't connect with the passive [192.168.100.113/5000] error_code:10060 !

<<<----  [OUT]
2021/09/24 21:47:34:568

Connecting Started...

<<<----  [OUT]
2021/09/24 21:47:55:627

I can't connect with the passive [192.168.100.113/5000] error_code:10060 !

<<<----  [OUT]
2021/09/24 21:47:58:115

Connecting Started...

<<<----  [OUT]
2021/09/24 21:48:19:151

I can't connect with the passive [192.168.100.113/5000] error_code:10060 !

<<<----  [OUT]
2021/09/24 21:48:21:632

Connecting Started...

<<<----  [OUT]
2021/09/24 21:48:42:683

I can't connect with the passive [192.168.100.113/5000] error_code:10060 !

<<<----  [OUT]
2021/09/24 21:48:45:163

Connecting Started...

<<<----  [OUT]
2021/09/24 21:49:06:195

I can't connect with the passive [192.168.100.113/5000] error_code:10060 !

<<<----  [OUT]
2021/09/24 21:49:08:679

Connecting Started...

<<<----  [OUT]
2021/09/24 21:49:29:709

I can't connect with the passive [192.168.100.113/5000] error_code:10060 !

<<<----  [OUT]
2021/09/24 21:49:32:194

Connecting Started...

<<<----  [OUT]
2021/09/24 21:49:53:230

I can't connect with the passive [192.168.100.113/5000] error_code:10060 !

<<<----  [OUT]
2021/09/24 21:49:55:710

Connecting Started...

<<<----  [OUT]
2021/09/24 21:50:16:743

I can't connect with the passive [192.168.100.113/5000] error_code:10060 !

<<<----  [OUT]
2021/09/24 21:50:19:225

Connecting Started...

<<<----  [OUT]
2021/09/24 21:50:40:261

I can't connect with the passive [192.168.100.113/5000] error_code:10060 !

<<<----  [OUT]
2021/09/24 21:50:42:741

Connecting Started...

<<<----  [OUT]
2021/09/24 21:51:03:789

I can't connect with the passive [192.168.100.113/5000] error_code:10060 !

<<<----  [OUT]
2021/09/24 21:51:06:273

Connecting Started...

<<<----  [OUT]
2021/09/24 21:51:27:302

I can't connect with the passive [192.168.100.113/5000] error_code:10060 !

<<<----  [OUT]
2021/09/24 21:51:29:788

Connecting Started...

<<<----  [OUT]
2021/09/24 21:51:50:843

I can't connect with the passive [192.168.100.113/5000] error_code:10060 !

<<<----  [OUT]
2021/09/24 21:51:53:319

Connecting Started...

<<<----  [OUT]
2021/09/24 21:52:14:363

I can't connect with the passive [192.168.100.113/5000] error_code:10060 !

<<<----  [OUT]
2021/09/24 21:52:16:850

Connecting Started...

<<<----  [OUT]
2021/09/24 21:52:37:899

I can't connect with the passive [192.168.100.113/5000] error_code:10060 !

<<<----  [OUT]
2021/09/24 21:52:40:382

Connecting Started...

<<<----  [OUT]
2021/09/24 21:53:01:429

I can't connect with the passive [192.168.100.113/5000] error_code:10060 !

<<<----  [OUT]
2021/09/24 21:53:03:912

Connecting Started...

<<<----  [OUT]
2021/09/24 21:53:24:943

I can't connect with the passive [192.168.100.113/5000] error_code:10060 !

<<<----  [OUT]
2021/09/24 21:53:27:428

Connecting Started...

<<<----  [OUT]
2021/09/24 21:53:48:473

I can't connect with the passive [192.168.100.113/5000] error_code:10060 !

<<<----  [OUT]
2021/09/24 21:53:50:960

Connecting Started...

<<<----  [OUT]
2021/09/24 21:54:12:020

I can't connect with the passive [192.168.100.113/5000] error_code:10060 !

<<<----  [OUT]
2021/09/24 21:54:14:506

Connecting Started...

<<<----  [OUT]
2021/09/24 21:54:35:559

I can't connect with the passive [192.168.100.113/5000] error_code:10060 !

<<<----  [OUT]
2021/09/24 21:54:38:037

Connecting Started...

<<<----  [OUT]
2021/09/24 21:54:59:091

I can't connect with the passive [192.168.100.113/5000] error_code:10060 !

<<<----  [OUT]
2021/09/24 21:55:01:569

Connecting Started...

<<<----  [OUT]
2021/09/24 21:55:22:617

I can't connect with the passive [192.168.100.113/5000] error_code:10060 !

<<<----  [OUT]
2021/09/24 21:55:25:100

Connecting Started...

<<<----  [OUT]
2021/09/24 21:55:46:137

I can't connect with the passive [192.168.100.113/5000] error_code:10060 !

<<<----  [OUT]
2021/09/24 21:55:48:617

Connecting Started...

<<<----  [OUT]
2021/09/24 21:56:09:650

I can't connect with the passive [192.168.100.113/5000] error_code:10060 !

<<<----  [OUT]
2021/09/24 21:56:12:131

Connecting Started...

<<<----  [OUT]
2021/09/24 21:56:33:162

I can't connect with the passive [192.168.100.113/5000] error_code:10060 !

<<<----  [OUT]
2021/09/24 21:56:35:648

Connecting Started...

<<<----  [OUT]
2021/09/24 21:56:56:686

I can't connect with the passive [192.168.100.113/5000] error_code:10060 !

<<<----  [OUT]
2021/09/24 21:56:59:179

Connecting Started...

<<<----  [OUT]
2021/09/24 21:57:20:212

I can't connect with the passive [192.168.100.113/5000] error_code:10060 !

<<<----  [OUT]
2021/09/24 21:57:22:694

Connecting Started...

<<<----  [OUT]
2021/09/24 21:57:43:730

I can't connect with the passive [192.168.100.113/5000] error_code:10060 !

<<<----  [OUT]
2021/09/24 21:57:46:210

Connecting Started...

<<<----  [OUT]
2021/09/24 21:58:07:267

I can't connect with the passive [192.168.100.113/5000] error_code:10060 !

<<<----  [OUT]
2021/09/24 21:58:09:757

Connecting Started...

<<<----  [OUT]
2021/09/24 21:58:30:787

I can't connect with the passive [192.168.100.113/5000] error_code:10060 !

<<<----  [OUT]
2021/09/24 21:58:33:272

Connecting Started...

<<<----  [OUT]
2021/09/24 21:58:54:302

I can't connect with the passive [192.168.100.113/5000] error_code:10060 !

<<<----  [OUT]
2021/09/24 21:58:56:788

Connecting Started...

<<<----  [OUT]
2021/09/24 21:59:17:818

I can't connect with the passive [192.168.100.113/5000] error_code:10060 !

<<<----  [OUT]
2021/09/24 21:59:20:303

Connecting Started...

<<<----  [OUT]
2021/09/24 21:59:41:337

I can't connect with the passive [192.168.100.113/5000] error_code:10060 !

<<<----  [OUT]
2021/09/24 21:59:43:818

Connecting Started...
