
---->>>  [IN ]
2020/08/24 05:00:02:347
Linktest.req
00 00 00 0A FF FF 00 00 00 05 80 00 02 A9 

<<<----  [OUT]
2020/08/24 05:00:02:347
Linktest.rsp
00 00 00 0A FF FF 00 00 00 06 80 00 02 A9 

<<<----  [OUT]
2020/08/24 05:00:03:354
Linktest.req
00 00 00 0A FF FF 00 00 00 05 00 00 0E FA 

---->>>  [IN ]
2020/08/24 05:00:03:355
Linktest.rsp
00 00 00 0A FF FF 00 00 00 06 00 00 0E FA 

<<<----  [OUT]
2020/08/24 05:00:13:370
Linktest.req
00 00 00 0A FF FF 00 00 00 05 00 00 0E FB 

---->>>  [IN ]
2020/08/24 05:00:13:371
Linktest.rsp
00 00 00 0A FF FF 00 00 00 06 00 00 0E FB 

<<<----  [OUT]
2020/08/24 05:00:23:379
Linktest.req
00 00 00 0A FF FF 00 00 00 05 00 00 0E FC 

---->>>  [IN ]
2020/08/24 05:00:23:380
Linktest.rsp
00 00 00 0A FF FF 00 00 00 06 00 00 0E FC 

<<<----  [OUT]
2020/08/24 05:00:33:384
Linktest.req
00 00 00 0A FF FF 00 00 00 05 00 00 0E FD 

---->>>  [IN ]
2020/08/24 05:00:33:385
Linktest.rsp
00 00 00 0A FF FF 00 00 00 06 00 00 0E FD 

<<<----  [OUT]
2020/08/24 05:00:43:405
Linktest.req
00 00 00 0A FF FF 00 00 00 05 00 00 0E FE 

---->>>  [IN ]
2020/08/24 05:00:43:406
Linktest.rsp
00 00 00 0A FF FF 00 00 00 06 00 00 0E FE 

<<<----  [OUT]
2020/08/24 05:00:53:401
Linktest.req
00 00 00 0A FF FF 00 00 00 05 00 00 0E FF 

---->>>  [IN ]
2020/08/24 05:00:53:402
Linktest.rsp
00 00 00 0A FF FF 00 00 00 06 00 00 0E FF 

---->>>  [IN ]
2020/08/24 05:01:02:353
Linktest.req
00 00 00 0A FF FF 00 00 00 05 80 00 02 AA 

<<<----  [OUT]
2020/08/24 05:01:02:353
Linktest.rsp
00 00 00 0A FF FF 00 00 00 06 80 00 02 AA 

<<<----  [OUT]
2020/08/24 05:01:03:411
Linktest.req
00 00 00 0A FF FF 00 00 00 05 00 00 0F 00 

---->>>  [IN ]
2020/08/24 05:01:03:412
Linktest.rsp
00 00 00 0A FF FF 00 00 00 06 00 00 0F 00 

<<<----  [OUT]
2020/08/24 05:01:13:418
Linktest.req
00 00 00 0A FF FF 00 00 00 05 00 00 0F 01 

---->>>  [IN ]
2020/08/24 05:01:13:419
Linktest.rsp
00 00 00 0A FF FF 00 00 00 06 00 00 0F 01 

<<<----  [OUT]
2020/08/24 05:01:23:426
Linktest.req
00 00 00 0A FF FF 00 00 00 05 00 00 0F 02 

---->>>  [IN ]
2020/08/24 05:01:23:427
Linktest.rsp
00 00 00 0A FF FF 00 00 00 06 00 00 0F 02 

<<<----  [OUT]
2020/08/24 05:01:33:439
Linktest.req
00 00 00 0A FF FF 00 00 00 05 00 00 0F 03 

---->>>  [IN ]
2020/08/24 05:01:33:440
Linktest.rsp
00 00 00 0A FF FF 00 00 00 06 00 00 0F 03 

<<<----  [OUT]
2020/08/24 05:01:43:447
Linktest.req
00 00 00 0A FF FF 00 00 00 05 00 00 0F 04 

---->>>  [IN ]
2020/08/24 05:01:43:448
Linktest.rsp
00 00 00 0A FF FF 00 00 00 06 00 00 0F 04 

<<<----  [OUT]
2020/08/24 05:01:53:454
Linktest.req
00 00 00 0A FF FF 00 00 00 05 00 00 0F 05 

---->>>  [IN ]
2020/08/24 05:01:53:455
Linktest.rsp
00 00 00 0A FF FF 00 00 00 06 00 00 0F 05 

---->>>  [IN ]
2020/08/24 05:02:02:358
Linktest.req
00 00 00 0A FF FF 00 00 00 05 80 00 02 AB 

<<<----  [OUT]
2020/08/24 05:02:02:358
Linktest.rsp
00 00 00 0A FF FF 00 00 00 06 80 00 02 AB 

<<<----  [OUT]
2020/08/24 05:02:03:469
Linktest.req
00 00 00 0A FF FF 00 00 00 05 00 00 0F 06 

---->>>  [IN ]
2020/08/24 05:02:03:470
Linktest.rsp
00 00 00 0A FF FF 00 00 00 06 00 00 0F 06 

<<<----  [OUT]
2020/08/24 05:02:13:479
Linktest.req
00 00 00 0A FF FF 00 00 00 05 00 00 0F 07 

---->>>  [IN ]
2020/08/24 05:02:13:480
Linktest.rsp
00 00 00 0A FF FF 00 00 00 06 00 00 0F 07 

<<<----  [OUT]
2020/08/24 05:02:23:493
Linktest.req
00 00 00 0A FF FF 00 00 00 05 00 00 0F 08 

---->>>  [IN ]
2020/08/24 05:02:23:494
Linktest.rsp
00 00 00 0A FF FF 00 00 00 06 00 00 0F 08 

<<<----  [OUT]
2020/08/24 05:02:33:507
Linktest.req
00 00 00 0A FF FF 00 00 00 05 00 00 0F 09 

---->>>  [IN ]
2020/08/24 05:02:33:508
Linktest.rsp
00 00 00 0A FF FF 00 00 00 06 00 00 0F 09 

<<<----  [OUT]
2020/08/24 05:02:43:524
Linktest.req
00 00 00 0A FF FF 00 00 00 05 00 00 0F 0A 

---->>>  [IN ]
2020/08/24 05:02:43:525
Linktest.rsp
00 00 00 0A FF FF 00 00 00 06 00 00 0F 0A 

<<<----  [OUT]
2020/08/24 05:02:53:539
Linktest.req
00 00 00 0A FF FF 00 00 00 05 00 00 0F 0B 

---->>>  [IN ]
2020/08/24 05:02:53:540
Linktest.rsp
00 00 00 0A FF FF 00 00 00 06 00 00 0F 0B 

---->>>  [IN ]
2020/08/24 05:03:02:351
Linktest.req
00 00 00 0A FF FF 00 00 00 05 80 00 02 AC 

<<<----  [OUT]
2020/08/24 05:03:02:351
Linktest.rsp
00 00 00 0A FF FF 00 00 00 06 80 00 02 AC 

<<<----  [OUT]
2020/08/24 05:03:03:556
Linktest.req
00 00 00 0A FF FF 00 00 00 05 00 00 0F 0C 

---->>>  [IN ]
2020/08/24 05:03:03:557
Linktest.rsp
00 00 00 0A FF FF 00 00 00 06 00 00 0F 0C 

<<<----  [OUT]
2020/08/24 05:03:13:571
Linktest.req
00 00 00 0A FF FF 00 00 00 05 00 00 0F 0D 

---->>>  [IN ]
2020/08/24 05:03:13:572
Linktest.rsp
00 00 00 0A FF FF 00 00 00 06 00 00 0F 0D 

<<<----  [OUT]
2020/08/24 05:03:23:583
Linktest.req
00 00 00 0A FF FF 00 00 00 05 00 00 0F 0E 

---->>>  [IN ]
2020/08/24 05:03:23:584
Linktest.rsp
00 00 00 0A FF FF 00 00 00 06 00 00 0F 0E 

<<<----  [OUT]
2020/08/24 05:03:33:596
Linktest.req
00 00 00 0A FF FF 00 00 00 05 00 00 0F 0F 

---->>>  [IN ]
2020/08/24 05:03:33:597
Linktest.rsp
00 00 00 0A FF FF 00 00 00 06 00 00 0F 0F 

<<<----  [OUT]
2020/08/24 05:03:43:615
Linktest.req
00 00 00 0A FF FF 00 00 00 05 00 00 0F 10 

---->>>  [IN ]
2020/08/24 05:03:43:616
Linktest.rsp
00 00 00 0A FF FF 00 00 00 06 00 00 0F 10 

<<<----  [OUT]
2020/08/24 05:03:53:631
Linktest.req
00 00 00 0A FF FF 00 00 00 05 00 00 0F 11 

---->>>  [IN ]
2020/08/24 05:03:53:632
Linktest.rsp
00 00 00 0A FF FF 00 00 00 06 00 00 0F 11 

---->>>  [IN ]
2020/08/24 05:04:02:350
Linktest.req
00 00 00 0A FF FF 00 00 00 05 80 00 02 AD 

<<<----  [OUT]
2020/08/24 05:04:02:350
Linktest.rsp
00 00 00 0A FF FF 00 00 00 06 80 00 02 AD 

<<<----  [OUT]
2020/08/24 05:04:03:642
Linktest.req
00 00 00 0A FF FF 00 00 00 05 00 00 0F 12 

---->>>  [IN ]
2020/08/24 05:04:03:643
Linktest.rsp
00 00 00 0A FF FF 00 00 00 06 00 00 0F 12 

<<<----  [OUT]
2020/08/24 05:04:13:659
Linktest.req
00 00 00 0A FF FF 00 00 00 05 00 00 0F 13 

---->>>  [IN ]
2020/08/24 05:04:13:660
Linktest.rsp
00 00 00 0A FF FF 00 00 00 06 00 00 0F 13 

<<<----  [OUT]
2020/08/24 05:04:23:675
Linktest.req
00 00 00 0A FF FF 00 00 00 05 00 00 0F 14 

---->>>  [IN ]
2020/08/24 05:04:23:676
Linktest.rsp
00 00 00 0A FF FF 00 00 00 06 00 00 0F 14 

<<<----  [OUT]
2020/08/24 05:04:33:692
Linktest.req
00 00 00 0A FF FF 00 00 00 05 00 00 0F 15 

---->>>  [IN ]
2020/08/24 05:04:33:693
Linktest.rsp
00 00 00 0A FF FF 00 00 00 06 00 00 0F 15 

<<<----  [OUT]
2020/08/24 05:04:43:708
Linktest.req
00 00 00 0A FF FF 00 00 00 05 00 00 0F 16 

---->>>  [IN ]
2020/08/24 05:04:43:709
Linktest.rsp
00 00 00 0A FF FF 00 00 00 06 00 00 0F 16 

<<<----  [OUT]
2020/08/24 05:04:53:724
Linktest.req
00 00 00 0A FF FF 00 00 00 05 00 00 0F 17 

---->>>  [IN ]
2020/08/24 05:04:53:725
Linktest.rsp
00 00 00 0A FF FF 00 00 00 06 00 00 0F 17 

---->>>  [IN ]
2020/08/24 05:05:02:354
Linktest.req
00 00 00 0A FF FF 00 00 00 05 80 00 02 AE 

<<<----  [OUT]
2020/08/24 05:05:02:354
Linktest.rsp
00 00 00 0A FF FF 00 00 00 06 80 00 02 AE 

<<<----  [OUT]
2020/08/24 05:05:03:738
Linktest.req
00 00 00 0A FF FF 00 00 00 05 00 00 0F 18 

---->>>  [IN ]
2020/08/24 05:05:03:738
Linktest.rsp
00 00 00 0A FF FF 00 00 00 06 00 00 0F 18 

<<<----  [OUT]
2020/08/24 05:05:13:754
Linktest.req
00 00 00 0A FF FF 00 00 00 05 00 00 0F 19 

---->>>  [IN ]
2020/08/24 05:05:13:755
Linktest.rsp
00 00 00 0A FF FF 00 00 00 06 00 00 0F 19 

<<<----  [OUT]
2020/08/24 05:05:23:765
Linktest.req
00 00 00 0A FF FF 00 00 00 05 00 00 0F 1A 

---->>>  [IN ]
2020/08/24 05:05:23:766
Linktest.rsp
00 00 00 0A FF FF 00 00 00 06 00 00 0F 1A 

<<<----  [OUT]
2020/08/24 05:05:33:783
Linktest.req
00 00 00 0A FF FF 00 00 00 05 00 00 0F 1B 

---->>>  [IN ]
2020/08/24 05:05:33:784
Linktest.rsp
00 00 00 0A FF FF 00 00 00 06 00 00 0F 1B 

<<<----  [OUT]
2020/08/24 05:05:43:799
Linktest.req
00 00 00 0A FF FF 00 00 00 05 00 00 0F 1C 

---->>>  [IN ]
2020/08/24 05:05:43:800
Linktest.rsp
00 00 00 0A FF FF 00 00 00 06 00 00 0F 1C 

<<<----  [OUT]
2020/08/24 05:05:53:811
Linktest.req
00 00 00 0A FF FF 00 00 00 05 00 00 0F 1D 

---->>>  [IN ]
2020/08/24 05:05:53:812
Linktest.rsp
00 00 00 0A FF FF 00 00 00 06 00 00 0F 1D 

---->>>  [IN ]
2020/08/24 05:06:02:352
Linktest.req
00 00 00 0A FF FF 00 00 00 05 80 00 02 AF 

<<<----  [OUT]
2020/08/24 05:06:02:352
Linktest.rsp
00 00 00 0A FF FF 00 00 00 06 80 00 02 AF 

<<<----  [OUT]
2020/08/24 05:06:03:823
Linktest.req
00 00 00 0A FF FF 00 00 00 05 00 00 0F 1E 

---->>>  [IN ]
2020/08/24 05:06:03:824
Linktest.rsp
00 00 00 0A FF FF 00 00 00 06 00 00 0F 1E 

<<<----  [OUT]
2020/08/24 05:06:13:840
Linktest.req
00 00 00 0A FF FF 00 00 00 05 00 00 0F 1F 

---->>>  [IN ]
2020/08/24 05:06:13:841
Linktest.rsp
00 00 00 0A FF FF 00 00 00 06 00 00 0F 1F 

<<<----  [OUT]
2020/08/24 05:06:23:858
Linktest.req
00 00 00 0A FF FF 00 00 00 05 00 00 0F 20 

---->>>  [IN ]
2020/08/24 05:06:23:859
Linktest.rsp
00 00 00 0A FF FF 00 00 00 06 00 00 0F 20 

<<<----  [OUT]
2020/08/24 05:06:33:874
Linktest.req
00 00 00 0A FF FF 00 00 00 05 00 00 0F 21 

---->>>  [IN ]
2020/08/24 05:06:33:875
Linktest.rsp
00 00 00 0A FF FF 00 00 00 06 00 00 0F 21 

<<<----  [OUT]
2020/08/24 05:06:43:888
Linktest.req
00 00 00 0A FF FF 00 00 00 05 00 00 0F 22 

---->>>  [IN ]
2020/08/24 05:06:43:889
Linktest.rsp
00 00 00 0A FF FF 00 00 00 06 00 00 0F 22 

<<<----  [OUT]
2020/08/24 05:06:53:898
Linktest.req
00 00 00 0A FF FF 00 00 00 05 00 00 0F 23 

---->>>  [IN ]
2020/08/24 05:06:53:899
Linktest.rsp
00 00 00 0A FF FF 00 00 00 06 00 00 0F 23 

---->>>  [IN ]
2020/08/24 05:07:02:351
Linktest.req
00 00 00 0A FF FF 00 00 00 05 80 00 02 B0 

<<<----  [OUT]
2020/08/24 05:07:02:351
Linktest.rsp
00 00 00 0A FF FF 00 00 00 06 80 00 02 B0 

<<<----  [OUT]
2020/08/24 05:07:03:909
Linktest.req
00 00 00 0A FF FF 00 00 00 05 00 00 0F 24 

---->>>  [IN ]
2020/08/24 05:07:03:910
Linktest.rsp
00 00 00 0A FF FF 00 00 00 06 00 00 0F 24 

<<<----  [OUT]
2020/08/24 05:07:13:923
Linktest.req
00 00 00 0A FF FF 00 00 00 05 00 00 0F 25 

---->>>  [IN ]
2020/08/24 05:07:13:924
Linktest.rsp
00 00 00 0A FF FF 00 00 00 06 00 00 0F 25 

<<<----  [OUT]
2020/08/24 05:07:23:937
Linktest.req
00 00 00 0A FF FF 00 00 00 05 00 00 0F 26 

---->>>  [IN ]
2020/08/24 05:07:23:938
Linktest.rsp
00 00 00 0A FF FF 00 00 00 06 00 00 0F 26 

<<<----  [OUT]
2020/08/24 05:07:33:954
Linktest.req
00 00 00 0A FF FF 00 00 00 05 00 00 0F 27 

---->>>  [IN ]
2020/08/24 05:07:33:955
Linktest.rsp
00 00 00 0A FF FF 00 00 00 06 00 00 0F 27 

<<<----  [OUT]
2020/08/24 05:07:43:967
Linktest.req
00 00 00 0A FF FF 00 00 00 05 00 00 0F 28 

---->>>  [IN ]
2020/08/24 05:07:43:968
Linktest.rsp
00 00 00 0A FF FF 00 00 00 06 00 00 0F 28 

<<<----  [OUT]
2020/08/24 05:07:53:984
Linktest.req
00 00 00 0A FF FF 00 00 00 05 00 00 0F 29 

---->>>  [IN ]
2020/08/24 05:07:53:985
Linktest.rsp
00 00 00 0A FF FF 00 00 00 06 00 00 0F 29 

---->>>  [IN ]
2020/08/24 05:08:02:353
Linktest.req
00 00 00 0A FF FF 00 00 00 05 80 00 02 B1 

<<<----  [OUT]
2020/08/24 05:08:02:353
Linktest.rsp
00 00 00 0A FF FF 00 00 00 06 80 00 02 B1 

<<<----  [OUT]
2020/08/24 05:08:04:000
Linktest.req
00 00 00 0A FF FF 00 00 00 05 00 00 0F 2A 

---->>>  [IN ]
2020/08/24 05:08:04:001
Linktest.rsp
00 00 00 0A FF FF 00 00 00 06 00 00 0F 2A 

<<<----  [OUT]
2020/08/24 05:08:14:016
Linktest.req
00 00 00 0A FF FF 00 00 00 05 00 00 0F 2B 

---->>>  [IN ]
2020/08/24 05:08:14:017
Linktest.rsp
00 00 00 0A FF FF 00 00 00 06 00 00 0F 2B 

<<<----  [OUT]
2020/08/24 05:08:24:034
Linktest.req
00 00 00 0A FF FF 00 00 00 05 00 00 0F 2C 

---->>>  [IN ]
2020/08/24 05:08:24:035
Linktest.rsp
00 00 00 0A FF FF 00 00 00 06 00 00 0F 2C 

<<<----  [OUT]
2020/08/24 05:08:34:052
Linktest.req
00 00 00 0A FF FF 00 00 00 05 00 00 0F 2D 

---->>>  [IN ]
2020/08/24 05:08:34:053
Linktest.rsp
00 00 00 0A FF FF 00 00 00 06 00 00 0F 2D 

<<<----  [OUT]
2020/08/24 05:08:44:068
Linktest.req
00 00 00 0A FF FF 00 00 00 05 00 00 0F 2E 

---->>>  [IN ]
2020/08/24 05:08:44:069
Linktest.rsp
00 00 00 0A FF FF 00 00 00 06 00 00 0F 2E 

<<<----  [OUT]
2020/08/24 05:08:54:085
Linktest.req
00 00 00 0A FF FF 00 00 00 05 00 00 0F 2F 

---->>>  [IN ]
2020/08/24 05:08:54:086
Linktest.rsp
00 00 00 0A FF FF 00 00 00 06 00 00 0F 2F 

---->>>  [IN ]
2020/08/24 05:09:02:349
Linktest.req
00 00 00 0A FF FF 00 00 00 05 80 00 02 B2 

<<<----  [OUT]
2020/08/24 05:09:02:349
Linktest.rsp
00 00 00 0A FF FF 00 00 00 06 80 00 02 B2 

<<<----  [OUT]
2020/08/24 05:09:04:103
Linktest.req
00 00 00 0A FF FF 00 00 00 05 00 00 0F 30 

---->>>  [IN ]
2020/08/24 05:09:04:104
Linktest.rsp
00 00 00 0A FF FF 00 00 00 06 00 00 0F 30 

<<<----  [OUT]
2020/08/24 05:09:14:118
Linktest.req
00 00 00 0A FF FF 00 00 00 05 00 00 0F 31 

---->>>  [IN ]
2020/08/24 05:09:14:119
Linktest.rsp
00 00 00 0A FF FF 00 00 00 06 00 00 0F 31 

<<<----  [OUT]
2020/08/24 05:09:24:133
Linktest.req
00 00 00 0A FF FF 00 00 00 05 00 00 0F 32 

---->>>  [IN ]
2020/08/24 05:09:24:134
Linktest.rsp
00 00 00 0A FF FF 00 00 00 06 00 00 0F 32 

<<<----  [OUT]
2020/08/24 05:09:34:149
Linktest.req
00 00 00 0A FF FF 00 00 00 05 00 00 0F 33 

---->>>  [IN ]
2020/08/24 05:09:34:150
Linktest.rsp
00 00 00 0A FF FF 00 00 00 06 00 00 0F 33 

<<<----  [OUT]
2020/08/24 05:09:44:161
Linktest.req
00 00 00 0A FF FF 00 00 00 05 00 00 0F 34 

---->>>  [IN ]
2020/08/24 05:09:44:162
Linktest.rsp
00 00 00 0A FF FF 00 00 00 06 00 00 0F 34 

<<<----  [OUT]
2020/08/24 05:09:54:172
Linktest.req
00 00 00 0A FF FF 00 00 00 05 00 00 0F 35 

---->>>  [IN ]
2020/08/24 05:09:54:173
Linktest.rsp
00 00 00 0A FF FF 00 00 00 06 00 00 0F 35 

---->>>  [IN ]
2020/08/24 05:10:02:347
Linktest.req
00 00 00 0A FF FF 00 00 00 05 80 00 02 B3 

<<<----  [OUT]
2020/08/24 05:10:02:347
Linktest.rsp
00 00 00 0A FF FF 00 00 00 06 80 00 02 B3 

<<<----  [OUT]
2020/08/24 05:10:04:184
Linktest.req
00 00 00 0A FF FF 00 00 00 05 00 00 0F 36 

---->>>  [IN ]
2020/08/24 05:10:04:185
Linktest.rsp
00 00 00 0A FF FF 00 00 00 06 00 00 0F 36 

<<<----  [OUT]
2020/08/24 05:10:14:201
Linktest.req
00 00 00 0A FF FF 00 00 00 05 00 00 0F 37 

---->>>  [IN ]
2020/08/24 05:10:14:202
Linktest.rsp
00 00 00 0A FF FF 00 00 00 06 00 00 0F 37 

<<<----  [OUT]
2020/08/24 05:10:24:216
Linktest.req
00 00 00 0A FF FF 00 00 00 05 00 00 0F 38 

---->>>  [IN ]
2020/08/24 05:10:24:217
Linktest.rsp
00 00 00 0A FF FF 00 00 00 06 00 00 0F 38 

<<<----  [OUT]
2020/08/24 05:10:34:226
Linktest.req
00 00 00 0A FF FF 00 00 00 05 00 00 0F 39 

---->>>  [IN ]
2020/08/24 05:10:34:227
Linktest.rsp
00 00 00 0A FF FF 00 00 00 06 00 00 0F 39 

<<<----  [OUT]
2020/08/24 05:10:44:238
Linktest.req
00 00 00 0A FF FF 00 00 00 05 00 00 0F 3A 

---->>>  [IN ]
2020/08/24 05:10:44:239
Linktest.rsp
00 00 00 0A FF FF 00 00 00 06 00 00 0F 3A 

<<<----  [OUT]
2020/08/24 05:10:54:246
Linktest.req
00 00 00 0A FF FF 00 00 00 05 00 00 0F 3B 

---->>>  [IN ]
2020/08/24 05:10:54:247
Linktest.rsp
00 00 00 0A FF FF 00 00 00 06 00 00 0F 3B 

---->>>  [IN ]
2020/08/24 05:11:02:353
Linktest.req
00 00 00 0A FF FF 00 00 00 05 80 00 02 B4 

<<<----  [OUT]
2020/08/24 05:11:02:353
Linktest.rsp
00 00 00 0A FF FF 00 00 00 06 80 00 02 B4 

<<<----  [OUT]
2020/08/24 05:11:04:255
Linktest.req
00 00 00 0A FF FF 00 00 00 05 00 00 0F 3C 

---->>>  [IN ]
2020/08/24 05:11:04:256
Linktest.rsp
00 00 00 0A FF FF 00 00 00 06 00 00 0F 3C 

<<<----  [OUT]
2020/08/24 05:11:14:268
Linktest.req
00 00 00 0A FF FF 00 00 00 05 00 00 0F 3D 

---->>>  [IN ]
2020/08/24 05:11:14:269
Linktest.rsp
00 00 00 0A FF FF 00 00 00 06 00 00 0F 3D 

<<<----  [OUT]
2020/08/24 05:11:24:280
Linktest.req
00 00 00 0A FF FF 00 00 00 05 00 00 0F 3E 

---->>>  [IN ]
2020/08/24 05:11:24:281
Linktest.rsp
00 00 00 0A FF FF 00 00 00 06 00 00 0F 3E 

<<<----  [OUT]
2020/08/24 05:11:34:291
Linktest.req
00 00 00 0A FF FF 00 00 00 05 00 00 0F 3F 

---->>>  [IN ]
2020/08/24 05:11:34:292
Linktest.rsp
00 00 00 0A FF FF 00 00 00 06 00 00 0F 3F 

<<<----  [OUT]
2020/08/24 05:11:44:302
Linktest.req
00 00 00 0A FF FF 00 00 00 05 00 00 0F 40 

---->>>  [IN ]
2020/08/24 05:11:44:303
Linktest.rsp
00 00 00 0A FF FF 00 00 00 06 00 00 0F 40 

<<<----  [OUT]
2020/08/24 05:11:54:308
Linktest.req
00 00 00 0A FF FF 00 00 00 05 00 00 0F 41 

---->>>  [IN ]
2020/08/24 05:11:54:309
Linktest.rsp
00 00 00 0A FF FF 00 00 00 06 00 00 0F 41 

---->>>  [IN ]
2020/08/24 05:12:02:351
Linktest.req
00 00 00 0A FF FF 00 00 00 05 80 00 02 B5 

<<<----  [OUT]
2020/08/24 05:12:02:351
Linktest.rsp
00 00 00 0A FF FF 00 00 00 06 80 00 02 B5 

<<<----  [OUT]
2020/08/24 05:12:04:318
Linktest.req
00 00 00 0A FF FF 00 00 00 05 00 00 0F 42 

---->>>  [IN ]
2020/08/24 05:12:04:319
Linktest.rsp
00 00 00 0A FF FF 00 00 00 06 00 00 0F 42 

<<<----  [OUT]
2020/08/24 05:12:14:333
Linktest.req
00 00 00 0A FF FF 00 00 00 05 00 00 0F 43 

---->>>  [IN ]
2020/08/24 05:12:14:334
Linktest.rsp
00 00 00 0A FF FF 00 00 00 06 00 00 0F 43 

<<<----  [OUT]
2020/08/24 05:12:24:345
Linktest.req
00 00 00 0A FF FF 00 00 00 05 00 00 0F 44 

---->>>  [IN ]
2020/08/24 05:12:24:346
Linktest.rsp
00 00 00 0A FF FF 00 00 00 06 00 00 0F 44 

<<<----  [OUT]
2020/08/24 05:12:34:362
Linktest.req
00 00 00 0A FF FF 00 00 00 05 00 00 0F 45 

---->>>  [IN ]
2020/08/24 05:12:34:363
Linktest.rsp
00 00 00 0A FF FF 00 00 00 06 00 00 0F 45 

<<<----  [OUT]
2020/08/24 05:12:44:378
Linktest.req
00 00 00 0A FF FF 00 00 00 05 00 00 0F 46 

---->>>  [IN ]
2020/08/24 05:12:44:379
Linktest.rsp
00 00 00 0A FF FF 00 00 00 06 00 00 0F 46 

<<<----  [OUT]
2020/08/24 05:12:54:391
Linktest.req
00 00 00 0A FF FF 00 00 00 05 00 00 0F 47 

---->>>  [IN ]
2020/08/24 05:12:54:391
Linktest.rsp
00 00 00 0A FF FF 00 00 00 06 00 00 0F 47 

---->>>  [IN ]
2020/08/24 05:13:02:357
Linktest.req
00 00 00 0A FF FF 00 00 00 05 80 00 02 B6 

<<<----  [OUT]
2020/08/24 05:13:02:357
Linktest.rsp
00 00 00 0A FF FF 00 00 00 06 80 00 02 B6 

<<<----  [OUT]
2020/08/24 05:13:04:403
Linktest.req
00 00 00 0A FF FF 00 00 00 05 00 00 0F 48 

---->>>  [IN ]
2020/08/24 05:13:04:404
Linktest.rsp
00 00 00 0A FF FF 00 00 00 06 00 00 0F 48 

<<<----  [OUT]
2020/08/24 05:13:14:408
Linktest.req
00 00 00 0A FF FF 00 00 00 05 00 00 0F 49 

---->>>  [IN ]
2020/08/24 05:13:14:409
Linktest.rsp
00 00 00 0A FF FF 00 00 00 06 00 00 0F 49 

<<<----  [OUT]
2020/08/24 05:13:24:425
Linktest.req
00 00 00 0A FF FF 00 00 00 05 00 00 0F 4A 

---->>>  [IN ]
2020/08/24 05:13:24:426
Linktest.rsp
00 00 00 0A FF FF 00 00 00 06 00 00 0F 4A 

<<<----  [OUT]
2020/08/24 05:13:34:442
Linktest.req
00 00 00 0A FF FF 00 00 00 05 00 00 0F 4B 

---->>>  [IN ]
2020/08/24 05:13:34:444
Linktest.rsp
00 00 00 0A FF FF 00 00 00 06 00 00 0F 4B 

<<<----  [OUT]
2020/08/24 05:13:44:456
Linktest.req
00 00 00 0A FF FF 00 00 00 05 00 00 0F 4C 

---->>>  [IN ]
2020/08/24 05:13:44:457
Linktest.rsp
00 00 00 0A FF FF 00 00 00 06 00 00 0F 4C 

<<<----  [OUT]
2020/08/24 05:13:54:473
Linktest.req
00 00 00 0A FF FF 00 00 00 05 00 00 0F 4D 

---->>>  [IN ]
2020/08/24 05:13:54:474
Linktest.rsp
00 00 00 0A FF FF 00 00 00 06 00 00 0F 4D 

---->>>  [IN ]
2020/08/24 05:14:02:351
Linktest.req
00 00 00 0A FF FF 00 00 00 05 80 00 02 B7 

<<<----  [OUT]
2020/08/24 05:14:02:351
Linktest.rsp
00 00 00 0A FF FF 00 00 00 06 80 00 02 B7 

<<<----  [OUT]
2020/08/24 05:14:04:461
Linktest.req
00 00 00 0A FF FF 00 00 00 05 00 00 0F 4E 

---->>>  [IN ]
2020/08/24 05:14:04:462
Linktest.rsp
00 00 00 0A FF FF 00 00 00 06 00 00 0F 4E 

<<<----  [OUT]
2020/08/24 05:14:14:473
Linktest.req
00 00 00 0A FF FF 00 00 00 05 00 00 0F 4F 

---->>>  [IN ]
2020/08/24 05:14:14:474
Linktest.rsp
00 00 00 0A FF FF 00 00 00 06 00 00 0F 4F 

<<<----  [OUT]
2020/08/24 05:14:24:490
Linktest.req
00 00 00 0A FF FF 00 00 00 05 00 00 0F 50 

---->>>  [IN ]
2020/08/24 05:14:24:491
Linktest.rsp
00 00 00 0A FF FF 00 00 00 06 00 00 0F 50 

<<<----  [OUT]
2020/08/24 05:14:34:505
Linktest.req
00 00 00 0A FF FF 00 00 00 05 00 00 0F 51 

---->>>  [IN ]
2020/08/24 05:14:34:506
Linktest.rsp
00 00 00 0A FF FF 00 00 00 06 00 00 0F 51 

<<<----  [OUT]
2020/08/24 05:14:44:522
Linktest.req
00 00 00 0A FF FF 00 00 00 05 00 00 0F 52 

---->>>  [IN ]
2020/08/24 05:14:44:523
Linktest.rsp
00 00 00 0A FF FF 00 00 00 06 00 00 0F 52 

<<<----  [OUT]
2020/08/24 05:14:54:538
Linktest.req
00 00 00 0A FF FF 00 00 00 05 00 00 0F 53 

---->>>  [IN ]
2020/08/24 05:14:54:539
Linktest.rsp
00 00 00 0A FF FF 00 00 00 06 00 00 0F 53 

---->>>  [IN ]
2020/08/24 05:15:02:349
Linktest.req
00 00 00 0A FF FF 00 00 00 05 80 00 02 B8 

<<<----  [OUT]
2020/08/24 05:15:02:349
Linktest.rsp
00 00 00 0A FF FF 00 00 00 06 80 00 02 B8 

<<<----  [OUT]
2020/08/24 05:15:04:556
Linktest.req
00 00 00 0A FF FF 00 00 00 05 00 00 0F 54 

---->>>  [IN ]
2020/08/24 05:15:04:557
Linktest.rsp
00 00 00 0A FF FF 00 00 00 06 00 00 0F 54 

<<<----  [OUT]
2020/08/24 05:15:14:571
Linktest.req
00 00 00 0A FF FF 00 00 00 05 00 00 0F 55 

---->>>  [IN ]
2020/08/24 05:15:14:572
Linktest.rsp
00 00 00 0A FF FF 00 00 00 06 00 00 0F 55 

<<<----  [OUT]
2020/08/24 05:15:24:586
Linktest.req
00 00 00 0A FF FF 00 00 00 05 00 00 0F 56 

---->>>  [IN ]
2020/08/24 05:15:24:587
Linktest.rsp
00 00 00 0A FF FF 00 00 00 06 00 00 0F 56 

<<<----  [OUT]
2020/08/24 05:15:34:606
Linktest.req
00 00 00 0A FF FF 00 00 00 05 00 00 0F 57 

---->>>  [IN ]
2020/08/24 05:15:34:607
Linktest.rsp
00 00 00 0A FF FF 00 00 00 06 00 00 0F 57 

<<<----  [OUT]
2020/08/24 05:15:44:627
Linktest.req
00 00 00 0A FF FF 00 00 00 05 00 00 0F 58 

---->>>  [IN ]
2020/08/24 05:15:44:628
Linktest.rsp
00 00 00 0A FF FF 00 00 00 06 00 00 0F 58 

<<<----  [OUT]
2020/08/24 05:15:54:643
Linktest.req
00 00 00 0A FF FF 00 00 00 05 00 00 0F 59 

---->>>  [IN ]
2020/08/24 05:15:54:644
Linktest.rsp
00 00 00 0A FF FF 00 00 00 06 00 00 0F 59 

---->>>  [IN ]
2020/08/24 05:16:02:352
Linktest.req
00 00 00 0A FF FF 00 00 00 05 80 00 02 B9 

<<<----  [OUT]
2020/08/24 05:16:02:352
Linktest.rsp
00 00 00 0A FF FF 00 00 00 06 80 00 02 B9 

<<<----  [OUT]
2020/08/24 05:16:04:662
Linktest.req
00 00 00 0A FF FF 00 00 00 05 00 00 0F 5A 

---->>>  [IN ]
2020/08/24 05:16:04:663
Linktest.rsp
00 00 00 0A FF FF 00 00 00 06 00 00 0F 5A 

<<<----  [OUT]
2020/08/24 05:16:14:678
Linktest.req
00 00 00 0A FF FF 00 00 00 05 00 00 0F 5B 

---->>>  [IN ]
2020/08/24 05:16:14:679
Linktest.rsp
00 00 00 0A FF FF 00 00 00 06 00 00 0F 5B 

<<<----  [OUT]
2020/08/24 05:16:24:694
Linktest.req
00 00 00 0A FF FF 00 00 00 05 00 00 0F 5C 

---->>>  [IN ]
2020/08/24 05:16:24:695
Linktest.rsp
00 00 00 0A FF FF 00 00 00 06 00 00 0F 5C 

<<<----  [OUT]
2020/08/24 05:16:34:712
Linktest.req
00 00 00 0A FF FF 00 00 00 05 00 00 0F 5D 

---->>>  [IN ]
2020/08/24 05:16:34:713
Linktest.rsp
00 00 00 0A FF FF 00 00 00 06 00 00 0F 5D 

<<<----  [OUT]
2020/08/24 05:16:44:726
Linktest.req
00 00 00 0A FF FF 00 00 00 05 00 00 0F 5E 

---->>>  [IN ]
2020/08/24 05:16:44:727
Linktest.rsp
00 00 00 0A FF FF 00 00 00 06 00 00 0F 5E 

<<<----  [OUT]
2020/08/24 05:16:54:741
Linktest.req
00 00 00 0A FF FF 00 00 00 05 00 00 0F 5F 

---->>>  [IN ]
2020/08/24 05:16:54:742
Linktest.rsp
00 00 00 0A FF FF 00 00 00 06 00 00 0F 5F 

---->>>  [IN ]
2020/08/24 05:17:02:351
Linktest.req
00 00 00 0A FF FF 00 00 00 05 80 00 02 BA 

<<<----  [OUT]
2020/08/24 05:17:02:351
Linktest.rsp
00 00 00 0A FF FF 00 00 00 06 80 00 02 BA 

<<<----  [OUT]
2020/08/24 05:17:04:755
Linktest.req
00 00 00 0A FF FF 00 00 00 05 00 00 0F 60 

---->>>  [IN ]
2020/08/24 05:17:04:756
Linktest.rsp
00 00 00 0A FF FF 00 00 00 06 00 00 0F 60 

<<<----  [OUT]
2020/08/24 05:17:14:770
Linktest.req
00 00 00 0A FF FF 00 00 00 05 00 00 0F 61 

---->>>  [IN ]
2020/08/24 05:17:14:771
Linktest.rsp
00 00 00 0A FF FF 00 00 00 06 00 00 0F 61 

<<<----  [OUT]
2020/08/24 05:17:24:780
Linktest.req
00 00 00 0A FF FF 00 00 00 05 00 00 0F 62 

---->>>  [IN ]
2020/08/24 05:17:24:781
Linktest.rsp
00 00 00 0A FF FF 00 00 00 06 00 00 0F 62 

<<<----  [OUT]
2020/08/24 05:17:34:796
Linktest.req
00 00 00 0A FF FF 00 00 00 05 00 00 0F 63 

---->>>  [IN ]
2020/08/24 05:17:34:797
Linktest.rsp
00 00 00 0A FF FF 00 00 00 06 00 00 0F 63 

<<<----  [OUT]
2020/08/24 05:17:44:812
Linktest.req
00 00 00 0A FF FF 00 00 00 05 00 00 0F 64 

---->>>  [IN ]
2020/08/24 05:17:44:813
Linktest.rsp
00 00 00 0A FF FF 00 00 00 06 00 00 0F 64 

<<<----  [OUT]
2020/08/24 05:17:54:829
Linktest.req
00 00 00 0A FF FF 00 00 00 05 00 00 0F 65 

---->>>  [IN ]
2020/08/24 05:17:54:830
Linktest.rsp
00 00 00 0A FF FF 00 00 00 06 00 00 0F 65 

---->>>  [IN ]
2020/08/24 05:18:02:352
Linktest.req
00 00 00 0A FF FF 00 00 00 05 80 00 02 BB 

<<<----  [OUT]
2020/08/24 05:18:02:352
Linktest.rsp
00 00 00 0A FF FF 00 00 00 06 80 00 02 BB 

<<<----  [OUT]
2020/08/24 05:18:04:846
Linktest.req
00 00 00 0A FF FF 00 00 00 05 00 00 0F 66 

---->>>  [IN ]
2020/08/24 05:18:04:847
Linktest.rsp
00 00 00 0A FF FF 00 00 00 06 00 00 0F 66 

<<<----  [OUT]
2020/08/24 05:18:14:864
Linktest.req
00 00 00 0A FF FF 00 00 00 05 00 00 0F 67 

---->>>  [IN ]
2020/08/24 05:18:14:866
Linktest.rsp
00 00 00 0A FF FF 00 00 00 06 00 00 0F 67 

<<<----  [OUT]
2020/08/24 05:18:24:884
Linktest.req
00 00 00 0A FF FF 00 00 00 05 00 00 0F 68 

---->>>  [IN ]
2020/08/24 05:18:24:885
Linktest.rsp
00 00 00 0A FF FF 00 00 00 06 00 00 0F 68 

<<<----  [OUT]
2020/08/24 05:18:34:903
Linktest.req
00 00 00 0A FF FF 00 00 00 05 00 00 0F 69 

---->>>  [IN ]
2020/08/24 05:18:34:904
Linktest.rsp
00 00 00 0A FF FF 00 00 00 06 00 00 0F 69 

<<<----  [OUT]
2020/08/24 05:18:44:922
Linktest.req
00 00 00 0A FF FF 00 00 00 05 00 00 0F 6A 

---->>>  [IN ]
2020/08/24 05:18:44:923
Linktest.rsp
00 00 00 0A FF FF 00 00 00 06 00 00 0F 6A 

<<<----  [OUT]
2020/08/24 05:18:54:939
Linktest.req
00 00 00 0A FF FF 00 00 00 05 00 00 0F 6B 

---->>>  [IN ]
2020/08/24 05:18:54:940
Linktest.rsp
00 00 00 0A FF FF 00 00 00 06 00 00 0F 6B 

---->>>  [IN ]
2020/08/24 05:19:02:347
Linktest.req
00 00 00 0A FF FF 00 00 00 05 80 00 02 BC 

<<<----  [OUT]
2020/08/24 05:19:02:347
Linktest.rsp
00 00 00 0A FF FF 00 00 00 06 80 00 02 BC 

<<<----  [OUT]
2020/08/24 05:19:04:957
Linktest.req
00 00 00 0A FF FF 00 00 00 05 00 00 0F 6C 

---->>>  [IN ]
2020/08/24 05:19:04:958
Linktest.rsp
00 00 00 0A FF FF 00 00 00 06 00 00 0F 6C 

<<<----  [OUT]
2020/08/24 05:19:14:972
Linktest.req
00 00 00 0A FF FF 00 00 00 05 00 00 0F 6D 

---->>>  [IN ]
2020/08/24 05:19:14:973
Linktest.rsp
00 00 00 0A FF FF 00 00 00 06 00 00 0F 6D 

<<<----  [OUT]
2020/08/24 05:19:24:990
Linktest.req
00 00 00 0A FF FF 00 00 00 05 00 00 0F 6E 

---->>>  [IN ]
2020/08/24 05:19:24:991
Linktest.rsp
00 00 00 0A FF FF 00 00 00 06 00 00 0F 6E 

<<<----  [OUT]
2020/08/24 05:19:35:007
Linktest.req
00 00 00 0A FF FF 00 00 00 05 00 00 0F 6F 

---->>>  [IN ]
2020/08/24 05:19:35:008
Linktest.rsp
00 00 00 0A FF FF 00 00 00 06 00 00 0F 6F 

<<<----  [OUT]
2020/08/24 05:19:45:023
Linktest.req
00 00 00 0A FF FF 00 00 00 05 00 00 0F 70 

---->>>  [IN ]
2020/08/24 05:19:45:024
Linktest.rsp
00 00 00 0A FF FF 00 00 00 06 00 00 0F 70 

<<<----  [OUT]
2020/08/24 05:19:55:040
Linktest.req
00 00 00 0A FF FF 00 00 00 05 00 00 0F 71 

---->>>  [IN ]
2020/08/24 05:19:55:041
Linktest.rsp
00 00 00 0A FF FF 00 00 00 06 00 00 0F 71 

---->>>  [IN ]
2020/08/24 05:20:02:354
Linktest.req
00 00 00 0A FF FF 00 00 00 05 80 00 02 BD 

<<<----  [OUT]
2020/08/24 05:20:02:354
Linktest.rsp
00 00 00 0A FF FF 00 00 00 06 80 00 02 BD 

<<<----  [OUT]
2020/08/24 05:20:05:056
Linktest.req
00 00 00 0A FF FF 00 00 00 05 00 00 0F 72 

---->>>  [IN ]
2020/08/24 05:20:05:057
Linktest.rsp
00 00 00 0A FF FF 00 00 00 06 00 00 0F 72 

<<<----  [OUT]
2020/08/24 05:20:15:075
Linktest.req
00 00 00 0A FF FF 00 00 00 05 00 00 0F 73 

---->>>  [IN ]
2020/08/24 05:20:15:076
Linktest.rsp
00 00 00 0A FF FF 00 00 00 06 00 00 0F 73 

<<<----  [OUT]
2020/08/24 05:20:25:094
Linktest.req
00 00 00 0A FF FF 00 00 00 05 00 00 0F 74 

---->>>  [IN ]
2020/08/24 05:20:25:095
Linktest.rsp
00 00 00 0A FF FF 00 00 00 06 00 00 0F 74 

<<<----  [OUT]
2020/08/24 05:20:35:110
Linktest.req
00 00 00 0A FF FF 00 00 00 05 00 00 0F 75 

---->>>  [IN ]
2020/08/24 05:20:35:111
Linktest.rsp
00 00 00 0A FF FF 00 00 00 06 00 00 0F 75 

<<<----  [OUT]
2020/08/24 05:20:45:125
Linktest.req
00 00 00 0A FF FF 00 00 00 05 00 00 0F 76 

---->>>  [IN ]
2020/08/24 05:20:45:126
Linktest.rsp
00 00 00 0A FF FF 00 00 00 06 00 00 0F 76 

<<<----  [OUT]
2020/08/24 05:20:55:140
Linktest.req
00 00 00 0A FF FF 00 00 00 05 00 00 0F 77 

---->>>  [IN ]
2020/08/24 05:20:55:141
Linktest.rsp
00 00 00 0A FF FF 00 00 00 06 00 00 0F 77 

---->>>  [IN ]
2020/08/24 05:21:02:345
Linktest.req
00 00 00 0A FF FF 00 00 00 05 80 00 02 BE 

<<<----  [OUT]
2020/08/24 05:21:02:345
Linktest.rsp
00 00 00 0A FF FF 00 00 00 06 80 00 02 BE 

<<<----  [OUT]
2020/08/24 05:21:05:159
Linktest.req
00 00 00 0A FF FF 00 00 00 05 00 00 0F 78 

---->>>  [IN ]
2020/08/24 05:21:05:160
Linktest.rsp
00 00 00 0A FF FF 00 00 00 06 00 00 0F 78 

<<<----  [OUT]
2020/08/24 05:21:15:175
Linktest.req
00 00 00 0A FF FF 00 00 00 05 00 00 0F 79 

---->>>  [IN ]
2020/08/24 05:21:15:176
Linktest.rsp
00 00 00 0A FF FF 00 00 00 06 00 00 0F 79 

<<<----  [OUT]
2020/08/24 05:21:25:188
Linktest.req
00 00 00 0A FF FF 00 00 00 05 00 00 0F 7A 

---->>>  [IN ]
2020/08/24 05:21:25:189
Linktest.rsp
00 00 00 0A FF FF 00 00 00 06 00 00 0F 7A 

<<<----  [OUT]
2020/08/24 05:21:35:199
Linktest.req
00 00 00 0A FF FF 00 00 00 05 00 00 0F 7B 

---->>>  [IN ]
2020/08/24 05:21:35:200
Linktest.rsp
00 00 00 0A FF FF 00 00 00 06 00 00 0F 7B 

<<<----  [OUT]
2020/08/24 05:21:45:215
Linktest.req
00 00 00 0A FF FF 00 00 00 05 00 00 0F 7C 

---->>>  [IN ]
2020/08/24 05:21:45:216
Linktest.rsp
00 00 00 0A FF FF 00 00 00 06 00 00 0F 7C 

<<<----  [OUT]
2020/08/24 05:21:55:232
Linktest.req
00 00 00 0A FF FF 00 00 00 05 00 00 0F 7D 

---->>>  [IN ]
2020/08/24 05:21:55:233
Linktest.rsp
00 00 00 0A FF FF 00 00 00 06 00 00 0F 7D 

---->>>  [IN ]
2020/08/24 05:22:02:348
Linktest.req
00 00 00 0A FF FF 00 00 00 05 80 00 02 BF 

<<<----  [OUT]
2020/08/24 05:22:02:348
Linktest.rsp
00 00 00 0A FF FF 00 00 00 06 80 00 02 BF 

<<<----  [OUT]
2020/08/24 05:22:05:245
Linktest.req
00 00 00 0A FF FF 00 00 00 05 00 00 0F 7E 

---->>>  [IN ]
2020/08/24 05:22:05:246
Linktest.rsp
00 00 00 0A FF FF 00 00 00 06 00 00 0F 7E 

<<<----  [OUT]
2020/08/24 05:22:15:259
Linktest.req
00 00 00 0A FF FF 00 00 00 05 00 00 0F 7F 

---->>>  [IN ]
2020/08/24 05:22:15:260
Linktest.rsp
00 00 00 0A FF FF 00 00 00 06 00 00 0F 7F 

<<<----  [OUT]
2020/08/24 05:22:25:272
Linktest.req
00 00 00 0A FF FF 00 00 00 05 00 00 0F 80 

---->>>  [IN ]
2020/08/24 05:22:25:273
Linktest.rsp
00 00 00 0A FF FF 00 00 00 06 00 00 0F 80 

<<<----  [OUT]
2020/08/24 05:22:35:288
Linktest.req
00 00 00 0A FF FF 00 00 00 05 00 00 0F 81 

---->>>  [IN ]
2020/08/24 05:22:35:289
Linktest.rsp
00 00 00 0A FF FF 00 00 00 06 00 00 0F 81 

<<<----  [OUT]
2020/08/24 05:22:45:306
Linktest.req
00 00 00 0A FF FF 00 00 00 05 00 00 0F 82 

---->>>  [IN ]
2020/08/24 05:22:45:307
Linktest.rsp
00 00 00 0A FF FF 00 00 00 06 00 00 0F 82 

<<<----  [OUT]
2020/08/24 05:22:55:323
Linktest.req
00 00 00 0A FF FF 00 00 00 05 00 00 0F 83 

---->>>  [IN ]
2020/08/24 05:22:55:324
Linktest.rsp
00 00 00 0A FF FF 00 00 00 06 00 00 0F 83 

---->>>  [IN ]
2020/08/24 05:23:02:352
Linktest.req
00 00 00 0A FF FF 00 00 00 05 80 00 02 C0 

<<<----  [OUT]
2020/08/24 05:23:02:352
Linktest.rsp
00 00 00 0A FF FF 00 00 00 06 80 00 02 C0 

<<<----  [OUT]
2020/08/24 05:23:05:341
Linktest.req
00 00 00 0A FF FF 00 00 00 05 00 00 0F 84 

---->>>  [IN ]
2020/08/24 05:23:05:342
Linktest.rsp
00 00 00 0A FF FF 00 00 00 06 00 00 0F 84 

<<<----  [OUT]
2020/08/24 05:23:15:354
Linktest.req
00 00 00 0A FF FF 00 00 00 05 00 00 0F 85 

---->>>  [IN ]
2020/08/24 05:23:15:355
Linktest.rsp
00 00 00 0A FF FF 00 00 00 06 00 00 0F 85 

<<<----  [OUT]
2020/08/24 05:23:25:369
Linktest.req
00 00 00 0A FF FF 00 00 00 05 00 00 0F 86 

---->>>  [IN ]
2020/08/24 05:23:25:370
Linktest.rsp
00 00 00 0A FF FF 00 00 00 06 00 00 0F 86 

<<<----  [OUT]
2020/08/24 05:23:35:385
Linktest.req
00 00 00 0A FF FF 00 00 00 05 00 00 0F 87 

---->>>  [IN ]
2020/08/24 05:23:35:386
Linktest.rsp
00 00 00 0A FF FF 00 00 00 06 00 00 0F 87 

<<<----  [OUT]
2020/08/24 05:23:45:400
Linktest.req
00 00 00 0A FF FF 00 00 00 05 00 00 0F 88 

---->>>  [IN ]
2020/08/24 05:23:45:401
Linktest.rsp
00 00 00 0A FF FF 00 00 00 06 00 00 0F 88 

<<<----  [OUT]
2020/08/24 05:23:55:417
Linktest.req
00 00 00 0A FF FF 00 00 00 05 00 00 0F 89 

---->>>  [IN ]
2020/08/24 05:23:55:418
Linktest.rsp
00 00 00 0A FF FF 00 00 00 06 00 00 0F 89 

---->>>  [IN ]
2020/08/24 05:24:02:344
Linktest.req
00 00 00 0A FF FF 00 00 00 05 80 00 02 C1 

<<<----  [OUT]
2020/08/24 05:24:02:344
Linktest.rsp
00 00 00 0A FF FF 00 00 00 06 80 00 02 C1 

<<<----  [OUT]
2020/08/24 05:24:05:431
Linktest.req
00 00 00 0A FF FF 00 00 00 05 00 00 0F 8A 

---->>>  [IN ]
2020/08/24 05:24:05:432
Linktest.rsp
00 00 00 0A FF FF 00 00 00 06 00 00 0F 8A 

<<<----  [OUT]
2020/08/24 05:24:15:441
Linktest.req
00 00 00 0A FF FF 00 00 00 05 00 00 0F 8B 

---->>>  [IN ]
2020/08/24 05:24:15:442
Linktest.rsp
00 00 00 0A FF FF 00 00 00 06 00 00 0F 8B 

<<<----  [OUT]
2020/08/24 05:24:25:452
Linktest.req
00 00 00 0A FF FF 00 00 00 05 00 00 0F 8C 

---->>>  [IN ]
2020/08/24 05:24:25:453
Linktest.rsp
00 00 00 0A FF FF 00 00 00 06 00 00 0F 8C 

<<<----  [OUT]
2020/08/24 05:24:35:466
Linktest.req
00 00 00 0A FF FF 00 00 00 05 00 00 0F 8D 

---->>>  [IN ]
2020/08/24 05:24:35:467
Linktest.rsp
00 00 00 0A FF FF 00 00 00 06 00 00 0F 8D 

<<<----  [OUT]
2020/08/24 05:24:45:480
Linktest.req
00 00 00 0A FF FF 00 00 00 05 00 00 0F 8E 

---->>>  [IN ]
2020/08/24 05:24:45:481
Linktest.rsp
00 00 00 0A FF FF 00 00 00 06 00 00 0F 8E 

<<<----  [OUT]
2020/08/24 05:24:55:494
Linktest.req
00 00 00 0A FF FF 00 00 00 05 00 00 0F 8F 

---->>>  [IN ]
2020/08/24 05:24:55:495
Linktest.rsp
00 00 00 0A FF FF 00 00 00 06 00 00 0F 8F 

---->>>  [IN ]
2020/08/24 05:25:02:350
Linktest.req
00 00 00 0A FF FF 00 00 00 05 80 00 02 C2 

<<<----  [OUT]
2020/08/24 05:25:02:350
Linktest.rsp
00 00 00 0A FF FF 00 00 00 06 80 00 02 C2 

<<<----  [OUT]
2020/08/24 05:25:05:510
Linktest.req
00 00 00 0A FF FF 00 00 00 05 00 00 0F 90 

---->>>  [IN ]
2020/08/24 05:25:05:511
Linktest.rsp
00 00 00 0A FF FF 00 00 00 06 00 00 0F 90 

<<<----  [OUT]
2020/08/24 05:25:15:529
Linktest.req
00 00 00 0A FF FF 00 00 00 05 00 00 0F 91 

---->>>  [IN ]
2020/08/24 05:25:15:530
Linktest.rsp
00 00 00 0A FF FF 00 00 00 06 00 00 0F 91 

<<<----  [OUT]
2020/08/24 05:25:25:539
Linktest.req
00 00 00 0A FF FF 00 00 00 05 00 00 0F 92 

---->>>  [IN ]
2020/08/24 05:25:25:540
Linktest.rsp
00 00 00 0A FF FF 00 00 00 06 00 00 0F 92 

<<<----  [OUT]
2020/08/24 05:25:35:554
Linktest.req
00 00 00 0A FF FF 00 00 00 05 00 00 0F 93 

---->>>  [IN ]
2020/08/24 05:25:35:555
Linktest.rsp
00 00 00 0A FF FF 00 00 00 06 00 00 0F 93 

<<<----  [OUT]
2020/08/24 05:25:45:564
Linktest.req
00 00 00 0A FF FF 00 00 00 05 00 00 0F 94 

---->>>  [IN ]
2020/08/24 05:25:45:565
Linktest.rsp
00 00 00 0A FF FF 00 00 00 06 00 00 0F 94 

<<<----  [OUT]
2020/08/24 05:25:55:579
Linktest.req
00 00 00 0A FF FF 00 00 00 05 00 00 0F 95 

---->>>  [IN ]
2020/08/24 05:25:55:580
Linktest.rsp
00 00 00 0A FF FF 00 00 00 06 00 00 0F 95 

---->>>  [IN ]
2020/08/24 05:26:02:350
Linktest.req
00 00 00 0A FF FF 00 00 00 05 80 00 02 C3 

<<<----  [OUT]
2020/08/24 05:26:02:350
Linktest.rsp
00 00 00 0A FF FF 00 00 00 06 80 00 02 C3 

<<<----  [OUT]
2020/08/24 05:26:05:592
Linktest.req
00 00 00 0A FF FF 00 00 00 05 00 00 0F 96 

---->>>  [IN ]
2020/08/24 05:26:05:593
Linktest.rsp
00 00 00 0A FF FF 00 00 00 06 00 00 0F 96 

<<<----  [OUT]
2020/08/24 05:26:15:597
Linktest.req
00 00 00 0A FF FF 00 00 00 05 00 00 0F 97 

---->>>  [IN ]
2020/08/24 05:26:15:598
Linktest.rsp
00 00 00 0A FF FF 00 00 00 06 00 00 0F 97 

<<<----  [OUT]
2020/08/24 05:26:25:608
Linktest.req
00 00 00 0A FF FF 00 00 00 05 00 00 0F 98 

---->>>  [IN ]
2020/08/24 05:26:25:609
Linktest.rsp
00 00 00 0A FF FF 00 00 00 06 00 00 0F 98 

<<<----  [OUT]
2020/08/24 05:26:35:618
Linktest.req
00 00 00 0A FF FF 00 00 00 05 00 00 0F 99 

---->>>  [IN ]
2020/08/24 05:26:35:619
Linktest.rsp
00 00 00 0A FF FF 00 00 00 06 00 00 0F 99 

<<<----  [OUT]
2020/08/24 05:26:45:629
Linktest.req
00 00 00 0A FF FF 00 00 00 05 00 00 0F 9A 

---->>>  [IN ]
2020/08/24 05:26:45:630
Linktest.rsp
00 00 00 0A FF FF 00 00 00 06 00 00 0F 9A 

<<<----  [OUT]
2020/08/24 05:26:55:639
Linktest.req
00 00 00 0A FF FF 00 00 00 05 00 00 0F 9B 

---->>>  [IN ]
2020/08/24 05:26:55:640
Linktest.rsp
00 00 00 0A FF FF 00 00 00 06 00 00 0F 9B 

---->>>  [IN ]
2020/08/24 05:27:02:343
Linktest.req
00 00 00 0A FF FF 00 00 00 05 80 00 02 C4 

<<<----  [OUT]
2020/08/24 05:27:02:343
Linktest.rsp
00 00 00 0A FF FF 00 00 00 06 80 00 02 C4 

<<<----  [OUT]
2020/08/24 05:27:05:651
Linktest.req
00 00 00 0A FF FF 00 00 00 05 00 00 0F 9C 

---->>>  [IN ]
2020/08/24 05:27:05:652
Linktest.rsp
00 00 00 0A FF FF 00 00 00 06 00 00 0F 9C 

<<<----  [OUT]
2020/08/24 05:27:15:663
Linktest.req
00 00 00 0A FF FF 00 00 00 05 00 00 0F 9D 

---->>>  [IN ]
2020/08/24 05:27:15:664
Linktest.rsp
00 00 00 0A FF FF 00 00 00 06 00 00 0F 9D 

<<<----  [OUT]
2020/08/24 05:27:25:675
Linktest.req
00 00 00 0A FF FF 00 00 00 05 00 00 0F 9E 

---->>>  [IN ]
2020/08/24 05:27:25:676
Linktest.rsp
00 00 00 0A FF FF 00 00 00 06 00 00 0F 9E 

<<<----  [OUT]
2020/08/24 05:27:35:690
Linktest.req
00 00 00 0A FF FF 00 00 00 05 00 00 0F 9F 

---->>>  [IN ]
2020/08/24 05:27:35:691
Linktest.rsp
00 00 00 0A FF FF 00 00 00 06 00 00 0F 9F 

<<<----  [OUT]
2020/08/24 05:27:45:697
Linktest.req
00 00 00 0A FF FF 00 00 00 05 00 00 0F A0 

---->>>  [IN ]
2020/08/24 05:27:45:698
Linktest.rsp
00 00 00 0A FF FF 00 00 00 06 00 00 0F A0 

<<<----  [OUT]
2020/08/24 05:27:55:710
Linktest.req
00 00 00 0A FF FF 00 00 00 05 00 00 0F A1 

---->>>  [IN ]
2020/08/24 05:27:55:711
Linktest.rsp
00 00 00 0A FF FF 00 00 00 06 00 00 0F A1 

---->>>  [IN ]
2020/08/24 05:28:02:356
Linktest.req
00 00 00 0A FF FF 00 00 00 05 80 00 02 C5 

<<<----  [OUT]
2020/08/24 05:28:02:356
Linktest.rsp
00 00 00 0A FF FF 00 00 00 06 80 00 02 C5 

<<<----  [OUT]
2020/08/24 05:28:05:727
Linktest.req
00 00 00 0A FF FF 00 00 00 05 00 00 0F A2 

---->>>  [IN ]
2020/08/24 05:28:05:728
Linktest.rsp
00 00 00 0A FF FF 00 00 00 06 00 00 0F A2 

<<<----  [OUT]
2020/08/24 05:28:15:740
Linktest.req
00 00 00 0A FF FF 00 00 00 05 00 00 0F A3 

---->>>  [IN ]
2020/08/24 05:28:15:741
Linktest.rsp
00 00 00 0A FF FF 00 00 00 06 00 00 0F A3 

<<<----  [OUT]
2020/08/24 05:28:25:755
Linktest.req
00 00 00 0A FF FF 00 00 00 05 00 00 0F A4 

---->>>  [IN ]
2020/08/24 05:28:25:756
Linktest.rsp
00 00 00 0A FF FF 00 00 00 06 00 00 0F A4 

<<<----  [OUT]
2020/08/24 05:28:35:770
Linktest.req
00 00 00 0A FF FF 00 00 00 05 00 00 0F A5 

---->>>  [IN ]
2020/08/24 05:28:35:771
Linktest.rsp
00 00 00 0A FF FF 00 00 00 06 00 00 0F A5 

<<<----  [OUT]
2020/08/24 05:28:45:785
Linktest.req
00 00 00 0A FF FF 00 00 00 05 00 00 0F A6 

---->>>  [IN ]
2020/08/24 05:28:45:786
Linktest.rsp
00 00 00 0A FF FF 00 00 00 06 00 00 0F A6 

<<<----  [OUT]
2020/08/24 05:28:55:797
Linktest.req
00 00 00 0A FF FF 00 00 00 05 00 00 0F A7 

---->>>  [IN ]
2020/08/24 05:28:55:798
Linktest.rsp
00 00 00 0A FF FF 00 00 00 06 00 00 0F A7 

---->>>  [IN ]
2020/08/24 05:29:02:348
Linktest.req
00 00 00 0A FF FF 00 00 00 05 80 00 02 C6 

<<<----  [OUT]
2020/08/24 05:29:02:348
Linktest.rsp
00 00 00 0A FF FF 00 00 00 06 80 00 02 C6 

<<<----  [OUT]
2020/08/24 05:29:05:810
Linktest.req
00 00 00 0A FF FF 00 00 00 05 00 00 0F A8 

---->>>  [IN ]
2020/08/24 05:29:05:811
Linktest.rsp
00 00 00 0A FF FF 00 00 00 06 00 00 0F A8 

<<<----  [OUT]
2020/08/24 05:29:15:827
Linktest.req
00 00 00 0A FF FF 00 00 00 05 00 00 0F A9 

---->>>  [IN ]
2020/08/24 05:29:15:828
Linktest.rsp
00 00 00 0A FF FF 00 00 00 06 00 00 0F A9 

<<<----  [OUT]
2020/08/24 05:29:25:846
Linktest.req
00 00 00 0A FF FF 00 00 00 05 00 00 0F AA 

---->>>  [IN ]
2020/08/24 05:29:25:847
Linktest.rsp
00 00 00 0A FF FF 00 00 00 06 00 00 0F AA 

<<<----  [OUT]
2020/08/24 05:29:35:864
Linktest.req
00 00 00 0A FF FF 00 00 00 05 00 00 0F AB 

---->>>  [IN ]
2020/08/24 05:29:35:865
Linktest.rsp
00 00 00 0A FF FF 00 00 00 06 00 00 0F AB 

<<<----  [OUT]
2020/08/24 05:29:45:851
Linktest.req
00 00 00 0A FF FF 00 00 00 05 00 00 0F AC 

---->>>  [IN ]
2020/08/24 05:29:45:852
Linktest.rsp
00 00 00 0A FF FF 00 00 00 06 00 00 0F AC 

<<<----  [OUT]
2020/08/24 05:29:55:869
Linktest.req
00 00 00 0A FF FF 00 00 00 05 00 00 0F AD 

---->>>  [IN ]
2020/08/24 05:29:55:870
Linktest.rsp
00 00 00 0A FF FF 00 00 00 06 00 00 0F AD 

---->>>  [IN ]
2020/08/24 05:30:02:344
Linktest.req
00 00 00 0A FF FF 00 00 00 05 80 00 02 C7 

<<<----  [OUT]
2020/08/24 05:30:02:344
Linktest.rsp
00 00 00 0A FF FF 00 00 00 06 80 00 02 C7 

<<<----  [OUT]
2020/08/24 05:30:05:886
Linktest.req
00 00 00 0A FF FF 00 00 00 05 00 00 0F AE 

---->>>  [IN ]
2020/08/24 05:30:05:887
Linktest.rsp
00 00 00 0A FF FF 00 00 00 06 00 00 0F AE 

<<<----  [OUT]
2020/08/24 05:30:15:905
Linktest.req
00 00 00 0A FF FF 00 00 00 05 00 00 0F AF 

---->>>  [IN ]
2020/08/24 05:30:15:906
Linktest.rsp
00 00 00 0A FF FF 00 00 00 06 00 00 0F AF 

<<<----  [OUT]
2020/08/24 05:30:25:920
Linktest.req
00 00 00 0A FF FF 00 00 00 05 00 00 0F B0 

---->>>  [IN ]
2020/08/24 05:30:25:921
Linktest.rsp
00 00 00 0A FF FF 00 00 00 06 00 00 0F B0 

<<<----  [OUT]
2020/08/24 05:30:35:937
Linktest.req
00 00 00 0A FF FF 00 00 00 05 00 00 0F B1 

---->>>  [IN ]
2020/08/24 05:30:35:938
Linktest.rsp
00 00 00 0A FF FF 00 00 00 06 00 00 0F B1 

<<<----  [OUT]
2020/08/24 05:30:45:956
Linktest.req
00 00 00 0A FF FF 00 00 00 05 00 00 0F B2 

---->>>  [IN ]
2020/08/24 05:30:45:957
Linktest.rsp
00 00 00 0A FF FF 00 00 00 06 00 00 0F B2 

<<<----  [OUT]
2020/08/24 05:30:55:971
Linktest.req
00 00 00 0A FF FF 00 00 00 05 00 00 0F B3 

---->>>  [IN ]
2020/08/24 05:30:55:972
Linktest.rsp
00 00 00 0A FF FF 00 00 00 06 00 00 0F B3 

---->>>  [IN ]
2020/08/24 05:31:02:348
Linktest.req
00 00 00 0A FF FF 00 00 00 05 80 00 02 C8 

<<<----  [OUT]
2020/08/24 05:31:02:348
Linktest.rsp
00 00 00 0A FF FF 00 00 00 06 80 00 02 C8 

<<<----  [OUT]
2020/08/24 05:31:05:988
Linktest.req
00 00 00 0A FF FF 00 00 00 05 00 00 0F B4 

---->>>  [IN ]
2020/08/24 05:31:05:989
Linktest.rsp
00 00 00 0A FF FF 00 00 00 06 00 00 0F B4 

<<<----  [OUT]
2020/08/24 05:31:16:003
Linktest.req
00 00 00 0A FF FF 00 00 00 05 00 00 0F B5 

---->>>  [IN ]
2020/08/24 05:31:16:004
Linktest.rsp
00 00 00 0A FF FF 00 00 00 06 00 00 0F B5 

<<<----  [OUT]
2020/08/24 05:31:26:014
Linktest.req
00 00 00 0A FF FF 00 00 00 05 00 00 0F B6 

---->>>  [IN ]
2020/08/24 05:31:26:015
Linktest.rsp
00 00 00 0A FF FF 00 00 00 06 00 00 0F B6 

<<<----  [OUT]
2020/08/24 05:31:36:033
Linktest.req
00 00 00 0A FF FF 00 00 00 05 00 00 0F B7 

---->>>  [IN ]
2020/08/24 05:31:36:034
Linktest.rsp
00 00 00 0A FF FF 00 00 00 06 00 00 0F B7 

<<<----  [OUT]
2020/08/24 05:31:46:044
Linktest.req
00 00 00 0A FF FF 00 00 00 05 00 00 0F B8 

---->>>  [IN ]
2020/08/24 05:31:46:045
Linktest.rsp
00 00 00 0A FF FF 00 00 00 06 00 00 0F B8 

<<<----  [OUT]
2020/08/24 05:31:56:059
Linktest.req
00 00 00 0A FF FF 00 00 00 05 00 00 0F B9 

---->>>  [IN ]
2020/08/24 05:31:56:060
Linktest.rsp
00 00 00 0A FF FF 00 00 00 06 00 00 0F B9 

---->>>  [IN ]
2020/08/24 05:32:02:356
Linktest.req
00 00 00 0A FF FF 00 00 00 05 80 00 02 C9 

<<<----  [OUT]
2020/08/24 05:32:02:356
Linktest.rsp
00 00 00 0A FF FF 00 00 00 06 80 00 02 C9 

<<<----  [OUT]
2020/08/24 05:32:06:072
Linktest.req
00 00 00 0A FF FF 00 00 00 05 00 00 0F BA 

---->>>  [IN ]
2020/08/24 05:32:06:073
Linktest.rsp
00 00 00 0A FF FF 00 00 00 06 00 00 0F BA 

<<<----  [OUT]
2020/08/24 05:32:16:092
Linktest.req
00 00 00 0A FF FF 00 00 00 05 00 00 0F BB 

---->>>  [IN ]
2020/08/24 05:32:16:093
Linktest.rsp
00 00 00 0A FF FF 00 00 00 06 00 00 0F BB 

<<<----  [OUT]
2020/08/24 05:32:26:107
Linktest.req
00 00 00 0A FF FF 00 00 00 05 00 00 0F BC 

---->>>  [IN ]
2020/08/24 05:32:26:108
Linktest.rsp
00 00 00 0A FF FF 00 00 00 06 00 00 0F BC 

<<<----  [OUT]
2020/08/24 05:32:36:120
Linktest.req
00 00 00 0A FF FF 00 00 00 05 00 00 0F BD 

---->>>  [IN ]
2020/08/24 05:32:36:121
Linktest.rsp
00 00 00 0A FF FF 00 00 00 06 00 00 0F BD 

<<<----  [OUT]
2020/08/24 05:32:46:138
Linktest.req
00 00 00 0A FF FF 00 00 00 05 00 00 0F BE 

---->>>  [IN ]
2020/08/24 05:32:46:139
Linktest.rsp
00 00 00 0A FF FF 00 00 00 06 00 00 0F BE 

<<<----  [OUT]
2020/08/24 05:32:56:154
Linktest.req
00 00 00 0A FF FF 00 00 00 05 00 00 0F BF 

---->>>  [IN ]
2020/08/24 05:32:56:154
Linktest.rsp
00 00 00 0A FF FF 00 00 00 06 00 00 0F BF 

---->>>  [IN ]
2020/08/24 05:33:02:351
Linktest.req
00 00 00 0A FF FF 00 00 00 05 80 00 02 CA 

<<<----  [OUT]
2020/08/24 05:33:02:351
Linktest.rsp
00 00 00 0A FF FF 00 00 00 06 80 00 02 CA 

<<<----  [OUT]
2020/08/24 05:33:06:168
Linktest.req
00 00 00 0A FF FF 00 00 00 05 00 00 0F C0 

---->>>  [IN ]
2020/08/24 05:33:06:169
Linktest.rsp
00 00 00 0A FF FF 00 00 00 06 00 00 0F C0 

<<<----  [OUT]
2020/08/24 05:33:16:179
Linktest.req
00 00 00 0A FF FF 00 00 00 05 00 00 0F C1 

---->>>  [IN ]
2020/08/24 05:33:16:180
Linktest.rsp
00 00 00 0A FF FF 00 00 00 06 00 00 0F C1 

<<<----  [OUT]
2020/08/24 05:33:26:193
Linktest.req
00 00 00 0A FF FF 00 00 00 05 00 00 0F C2 

---->>>  [IN ]
2020/08/24 05:33:26:194
Linktest.rsp
00 00 00 0A FF FF 00 00 00 06 00 00 0F C2 

<<<----  [OUT]
2020/08/24 05:33:36:209
Linktest.req
00 00 00 0A FF FF 00 00 00 05 00 00 0F C3 

---->>>  [IN ]
2020/08/24 05:33:36:211
Linktest.rsp
00 00 00 0A FF FF 00 00 00 06 00 00 0F C3 

<<<----  [OUT]
2020/08/24 05:33:46:222
Linktest.req
00 00 00 0A FF FF 00 00 00 05 00 00 0F C4 

---->>>  [IN ]
2020/08/24 05:33:46:223
Linktest.rsp
00 00 00 0A FF FF 00 00 00 06 00 00 0F C4 

<<<----  [OUT]
2020/08/24 05:33:56:236
Linktest.req
00 00 00 0A FF FF 00 00 00 05 00 00 0F C5 

---->>>  [IN ]
2020/08/24 05:33:56:237
Linktest.rsp
00 00 00 0A FF FF 00 00 00 06 00 00 0F C5 

---->>>  [IN ]
2020/08/24 05:34:02:348
Linktest.req
00 00 00 0A FF FF 00 00 00 05 80 00 02 CB 

<<<----  [OUT]
2020/08/24 05:34:02:348
Linktest.rsp
00 00 00 0A FF FF 00 00 00 06 80 00 02 CB 

<<<----  [OUT]
2020/08/24 05:34:06:252
Linktest.req
00 00 00 0A FF FF 00 00 00 05 00 00 0F C6 

---->>>  [IN ]
2020/08/24 05:34:06:253
Linktest.rsp
00 00 00 0A FF FF 00 00 00 06 00 00 0F C6 

<<<----  [OUT]
2020/08/24 05:34:16:271
Linktest.req
00 00 00 0A FF FF 00 00 00 05 00 00 0F C7 

---->>>  [IN ]
2020/08/24 05:34:16:272
Linktest.rsp
00 00 00 0A FF FF 00 00 00 06 00 00 0F C7 

<<<----  [OUT]
2020/08/24 05:34:26:289
Linktest.req
00 00 00 0A FF FF 00 00 00 05 00 00 0F C8 

---->>>  [IN ]
2020/08/24 05:34:26:290
Linktest.rsp
00 00 00 0A FF FF 00 00 00 06 00 00 0F C8 

<<<----  [OUT]
2020/08/24 05:34:36:306
Linktest.req
00 00 00 0A FF FF 00 00 00 05 00 00 0F C9 

---->>>  [IN ]
2020/08/24 05:34:36:307
Linktest.rsp
00 00 00 0A FF FF 00 00 00 06 00 00 0F C9 

<<<----  [OUT]
2020/08/24 05:34:46:323
Linktest.req
00 00 00 0A FF FF 00 00 00 05 00 00 0F CA 

---->>>  [IN ]
2020/08/24 05:34:46:324
Linktest.rsp
00 00 00 0A FF FF 00 00 00 06 00 00 0F CA 

<<<----  [OUT]
2020/08/24 05:34:56:340
Linktest.req
00 00 00 0A FF FF 00 00 00 05 00 00 0F CB 

---->>>  [IN ]
2020/08/24 05:34:56:341
Linktest.rsp
00 00 00 0A FF FF 00 00 00 06 00 00 0F CB 

---->>>  [IN ]
2020/08/24 05:35:02:352
Linktest.req
00 00 00 0A FF FF 00 00 00 05 80 00 02 CC 

<<<----  [OUT]
2020/08/24 05:35:02:352
Linktest.rsp
00 00 00 0A FF FF 00 00 00 06 80 00 02 CC 

<<<----  [OUT]
2020/08/24 05:35:06:354
Linktest.req
00 00 00 0A FF FF 00 00 00 05 00 00 0F CC 

---->>>  [IN ]
2020/08/24 05:35:06:355
Linktest.rsp
00 00 00 0A FF FF 00 00 00 06 00 00 0F CC 

<<<----  [OUT]
2020/08/24 05:35:16:370
Linktest.req
00 00 00 0A FF FF 00 00 00 05 00 00 0F CD 

---->>>  [IN ]
2020/08/24 05:35:16:371
Linktest.rsp
00 00 00 0A FF FF 00 00 00 06 00 00 0F CD 

<<<----  [OUT]
2020/08/24 05:35:26:379
Linktest.req
00 00 00 0A FF FF 00 00 00 05 00 00 0F CE 

---->>>  [IN ]
2020/08/24 05:35:26:380
Linktest.rsp
00 00 00 0A FF FF 00 00 00 06 00 00 0F CE 

<<<----  [OUT]
2020/08/24 05:35:36:390
Linktest.req
00 00 00 0A FF FF 00 00 00 05 00 00 0F CF 

---->>>  [IN ]
2020/08/24 05:35:36:391
Linktest.rsp
00 00 00 0A FF FF 00 00 00 06 00 00 0F CF 

<<<----  [OUT]
2020/08/24 05:35:46:407
Linktest.req
00 00 00 0A FF FF 00 00 00 05 00 00 0F D0 

---->>>  [IN ]
2020/08/24 05:35:46:408
Linktest.rsp
00 00 00 0A FF FF 00 00 00 06 00 00 0F D0 

<<<----  [OUT]
2020/08/24 05:35:56:418
Linktest.req
00 00 00 0A FF FF 00 00 00 05 00 00 0F D1 

---->>>  [IN ]
2020/08/24 05:35:56:419
Linktest.rsp
00 00 00 0A FF FF 00 00 00 06 00 00 0F D1 

---->>>  [IN ]
2020/08/24 05:36:02:347
Linktest.req
00 00 00 0A FF FF 00 00 00 05 80 00 02 CD 

<<<----  [OUT]
2020/08/24 05:36:02:347
Linktest.rsp
00 00 00 0A FF FF 00 00 00 06 80 00 02 CD 

<<<----  [OUT]
2020/08/24 05:36:06:431
Linktest.req
00 00 00 0A FF FF 00 00 00 05 00 00 0F D2 

---->>>  [IN ]
2020/08/24 05:36:06:432
Linktest.rsp
00 00 00 0A FF FF 00 00 00 06 00 00 0F D2 

<<<----  [OUT]
2020/08/24 05:36:16:446
Linktest.req
00 00 00 0A FF FF 00 00 00 05 00 00 0F D3 

---->>>  [IN ]
2020/08/24 05:36:16:447
Linktest.rsp
00 00 00 0A FF FF 00 00 00 06 00 00 0F D3 

<<<----  [OUT]
2020/08/24 05:36:26:461
Linktest.req
00 00 00 0A FF FF 00 00 00 05 00 00 0F D4 

---->>>  [IN ]
2020/08/24 05:36:26:462
Linktest.rsp
00 00 00 0A FF FF 00 00 00 06 00 00 0F D4 

<<<----  [OUT]
2020/08/24 05:36:36:477
Linktest.req
00 00 00 0A FF FF 00 00 00 05 00 00 0F D5 

---->>>  [IN ]
2020/08/24 05:36:36:478
Linktest.rsp
00 00 00 0A FF FF 00 00 00 06 00 00 0F D5 

<<<----  [OUT]
2020/08/24 05:36:46:490
Linktest.req
00 00 00 0A FF FF 00 00 00 05 00 00 0F D6 

---->>>  [IN ]
2020/08/24 05:36:46:491
Linktest.rsp
00 00 00 0A FF FF 00 00 00 06 00 00 0F D6 

<<<----  [OUT]
2020/08/24 05:36:56:499
Linktest.req
00 00 00 0A FF FF 00 00 00 05 00 00 0F D7 

---->>>  [IN ]
2020/08/24 05:36:56:500
Linktest.rsp
00 00 00 0A FF FF 00 00 00 06 00 00 0F D7 

---->>>  [IN ]
2020/08/24 05:37:02:348
Linktest.req
00 00 00 0A FF FF 00 00 00 05 80 00 02 CE 

<<<----  [OUT]
2020/08/24 05:37:02:348
Linktest.rsp
00 00 00 0A FF FF 00 00 00 06 80 00 02 CE 

<<<----  [OUT]
2020/08/24 05:37:06:512
Linktest.req
00 00 00 0A FF FF 00 00 00 05 00 00 0F D8 

---->>>  [IN ]
2020/08/24 05:37:06:512
Linktest.rsp
00 00 00 0A FF FF 00 00 00 06 00 00 0F D8 

<<<----  [OUT]
2020/08/24 05:37:16:526
Linktest.req
00 00 00 0A FF FF 00 00 00 05 00 00 0F D9 

---->>>  [IN ]
2020/08/24 05:37:16:527
Linktest.rsp
00 00 00 0A FF FF 00 00 00 06 00 00 0F D9 

<<<----  [OUT]
2020/08/24 05:37:26:536
Linktest.req
00 00 00 0A FF FF 00 00 00 05 00 00 0F DA 

---->>>  [IN ]
2020/08/24 05:37:26:537
Linktest.rsp
00 00 00 0A FF FF 00 00 00 06 00 00 0F DA 

<<<----  [OUT]
2020/08/24 05:37:36:553
Linktest.req
00 00 00 0A FF FF 00 00 00 05 00 00 0F DB 

---->>>  [IN ]
2020/08/24 05:37:36:554
Linktest.rsp
00 00 00 0A FF FF 00 00 00 06 00 00 0F DB 

<<<----  [OUT]
2020/08/24 05:37:46:562
Linktest.req
00 00 00 0A FF FF 00 00 00 05 00 00 0F DC 

---->>>  [IN ]
2020/08/24 05:37:46:563
Linktest.rsp
00 00 00 0A FF FF 00 00 00 06 00 00 0F DC 

<<<----  [OUT]
2020/08/24 05:37:56:572
Linktest.req
00 00 00 0A FF FF 00 00 00 05 00 00 0F DD 

---->>>  [IN ]
2020/08/24 05:37:56:573
Linktest.rsp
00 00 00 0A FF FF 00 00 00 06 00 00 0F DD 

---->>>  [IN ]
2020/08/24 05:38:02:346
Linktest.req
00 00 00 0A FF FF 00 00 00 05 80 00 02 CF 

<<<----  [OUT]
2020/08/24 05:38:02:346
Linktest.rsp
00 00 00 0A FF FF 00 00 00 06 80 00 02 CF 

<<<----  [OUT]
2020/08/24 05:38:06:586
Linktest.req
00 00 00 0A FF FF 00 00 00 05 00 00 0F DE 

---->>>  [IN ]
2020/08/24 05:38:06:587
Linktest.rsp
00 00 00 0A FF FF 00 00 00 06 00 00 0F DE 

<<<----  [OUT]
2020/08/24 05:38:16:602
Linktest.req
00 00 00 0A FF FF 00 00 00 05 00 00 0F DF 

---->>>  [IN ]
2020/08/24 05:38:16:603
Linktest.rsp
00 00 00 0A FF FF 00 00 00 06 00 00 0F DF 

<<<----  [OUT]
2020/08/24 05:38:26:616
Linktest.req
00 00 00 0A FF FF 00 00 00 05 00 00 0F E0 

---->>>  [IN ]
2020/08/24 05:38:26:617
Linktest.rsp
00 00 00 0A FF FF 00 00 00 06 00 00 0F E0 

<<<----  [OUT]
2020/08/24 05:38:36:634
Linktest.req
00 00 00 0A FF FF 00 00 00 05 00 00 0F E1 

---->>>  [IN ]
2020/08/24 05:38:36:635
Linktest.rsp
00 00 00 0A FF FF 00 00 00 06 00 00 0F E1 

<<<----  [OUT]
2020/08/24 05:38:46:649
Linktest.req
00 00 00 0A FF FF 00 00 00 05 00 00 0F E2 

---->>>  [IN ]
2020/08/24 05:38:46:650
Linktest.rsp
00 00 00 0A FF FF 00 00 00 06 00 00 0F E2 

<<<----  [OUT]
2020/08/24 05:38:56:663
Linktest.req
00 00 00 0A FF FF 00 00 00 05 00 00 0F E3 

---->>>  [IN ]
2020/08/24 05:38:56:664
Linktest.rsp
00 00 00 0A FF FF 00 00 00 06 00 00 0F E3 

---->>>  [IN ]
2020/08/24 05:39:02:342
Linktest.req
00 00 00 0A FF FF 00 00 00 05 80 00 02 D0 

<<<----  [OUT]
2020/08/24 05:39:02:342
Linktest.rsp
00 00 00 0A FF FF 00 00 00 06 80 00 02 D0 

<<<----  [OUT]
2020/08/24 05:39:06:678
Linktest.req
00 00 00 0A FF FF 00 00 00 05 00 00 0F E4 

---->>>  [IN ]
2020/08/24 05:39:06:679
Linktest.rsp
00 00 00 0A FF FF 00 00 00 06 00 00 0F E4 

<<<----  [OUT]
2020/08/24 05:39:16:693
Linktest.req
00 00 00 0A FF FF 00 00 00 05 00 00 0F E5 

---->>>  [IN ]
2020/08/24 05:39:16:693
Linktest.rsp
00 00 00 0A FF FF 00 00 00 06 00 00 0F E5 

<<<----  [OUT]
2020/08/24 05:39:26:704
Linktest.req
00 00 00 0A FF FF 00 00 00 05 00 00 0F E6 

---->>>  [IN ]
2020/08/24 05:39:26:705
Linktest.rsp
00 00 00 0A FF FF 00 00 00 06 00 00 0F E6 

<<<----  [OUT]
2020/08/24 05:39:36:719
Linktest.req
00 00 00 0A FF FF 00 00 00 05 00 00 0F E7 

---->>>  [IN ]
2020/08/24 05:39:36:720
Linktest.rsp
00 00 00 0A FF FF 00 00 00 06 00 00 0F E7 

<<<----  [OUT]
2020/08/24 05:39:46:724
Linktest.req
00 00 00 0A FF FF 00 00 00 05 00 00 0F E8 

---->>>  [IN ]
2020/08/24 05:39:46:725
Linktest.rsp
00 00 00 0A FF FF 00 00 00 06 00 00 0F E8 

<<<----  [OUT]
2020/08/24 05:39:56:735
Linktest.req
00 00 00 0A FF FF 00 00 00 05 00 00 0F E9 

---->>>  [IN ]
2020/08/24 05:39:56:736
Linktest.rsp
00 00 00 0A FF FF 00 00 00 06 00 00 0F E9 

---->>>  [IN ]
2020/08/24 05:40:02:347
Linktest.req
00 00 00 0A FF FF 00 00 00 05 80 00 02 D1 

<<<----  [OUT]
2020/08/24 05:40:02:347
Linktest.rsp
00 00 00 0A FF FF 00 00 00 06 80 00 02 D1 

<<<----  [OUT]
2020/08/24 05:40:06:748
Linktest.req
00 00 00 0A FF FF 00 00 00 05 00 00 0F EA 

---->>>  [IN ]
2020/08/24 05:40:06:749
Linktest.rsp
00 00 00 0A FF FF 00 00 00 06 00 00 0F EA 

<<<----  [OUT]
2020/08/24 05:40:16:763
Linktest.req
00 00 00 0A FF FF 00 00 00 05 00 00 0F EB 

---->>>  [IN ]
2020/08/24 05:40:16:764
Linktest.rsp
00 00 00 0A FF FF 00 00 00 06 00 00 0F EB 

<<<----  [OUT]
2020/08/24 05:40:26:779
Linktest.req
00 00 00 0A FF FF 00 00 00 05 00 00 0F EC 

---->>>  [IN ]
2020/08/24 05:40:26:780
Linktest.rsp
00 00 00 0A FF FF 00 00 00 06 00 00 0F EC 

<<<----  [OUT]
2020/08/24 05:40:36:790
Linktest.req
00 00 00 0A FF FF 00 00 00 05 00 00 0F ED 

---->>>  [IN ]
2020/08/24 05:40:36:791
Linktest.rsp
00 00 00 0A FF FF 00 00 00 06 00 00 0F ED 

<<<----  [OUT]
2020/08/24 05:40:46:801
Linktest.req
00 00 00 0A FF FF 00 00 00 05 00 00 0F EE 

---->>>  [IN ]
2020/08/24 05:40:46:802
Linktest.rsp
00 00 00 0A FF FF 00 00 00 06 00 00 0F EE 

<<<----  [OUT]
2020/08/24 05:40:56:817
Linktest.req
00 00 00 0A FF FF 00 00 00 05 00 00 0F EF 

---->>>  [IN ]
2020/08/24 05:40:56:818
Linktest.rsp
00 00 00 0A FF FF 00 00 00 06 00 00 0F EF 

---->>>  [IN ]
2020/08/24 05:41:02:353
Linktest.req
00 00 00 0A FF FF 00 00 00 05 80 00 02 D2 

<<<----  [OUT]
2020/08/24 05:41:02:353
Linktest.rsp
00 00 00 0A FF FF 00 00 00 06 80 00 02 D2 

<<<----  [OUT]
2020/08/24 05:41:06:830
Linktest.req
00 00 00 0A FF FF 00 00 00 05 00 00 0F F0 

---->>>  [IN ]
2020/08/24 05:41:06:831
Linktest.rsp
00 00 00 0A FF FF 00 00 00 06 00 00 0F F0 

<<<----  [OUT]
2020/08/24 05:41:16:844
Linktest.req
00 00 00 0A FF FF 00 00 00 05 00 00 0F F1 

---->>>  [IN ]
2020/08/24 05:41:16:845
Linktest.rsp
00 00 00 0A FF FF 00 00 00 06 00 00 0F F1 

<<<----  [OUT]
2020/08/24 05:41:26:858
Linktest.req
00 00 00 0A FF FF 00 00 00 05 00 00 0F F2 

---->>>  [IN ]
2020/08/24 05:41:26:859
Linktest.rsp
00 00 00 0A FF FF 00 00 00 06 00 00 0F F2 

<<<----  [OUT]
2020/08/24 05:41:36:868
Linktest.req
00 00 00 0A FF FF 00 00 00 05 00 00 0F F3 

---->>>  [IN ]
2020/08/24 05:41:36:869
Linktest.rsp
00 00 00 0A FF FF 00 00 00 06 00 00 0F F3 

<<<----  [OUT]
2020/08/24 05:41:46:879
Linktest.req
00 00 00 0A FF FF 00 00 00 05 00 00 0F F4 

---->>>  [IN ]
2020/08/24 05:41:46:880
Linktest.rsp
00 00 00 0A FF FF 00 00 00 06 00 00 0F F4 

<<<----  [OUT]
2020/08/24 05:41:56:886
Linktest.req
00 00 00 0A FF FF 00 00 00 05 00 00 0F F5 

---->>>  [IN ]
2020/08/24 05:41:56:888
Linktest.rsp
00 00 00 0A FF FF 00 00 00 06 00 00 0F F5 

---->>>  [IN ]
2020/08/24 05:42:02:345
Linktest.req
00 00 00 0A FF FF 00 00 00 05 80 00 02 D3 

<<<----  [OUT]
2020/08/24 05:42:02:345
Linktest.rsp
00 00 00 0A FF FF 00 00 00 06 80 00 02 D3 

<<<----  [OUT]
2020/08/24 05:42:06:906
Linktest.req
00 00 00 0A FF FF 00 00 00 05 00 00 0F F6 

---->>>  [IN ]
2020/08/24 05:42:06:912
Linktest.rsp
00 00 00 0A FF FF 00 00 00 06 00 00 0F F6 

<<<----  [OUT]
2020/08/24 05:42:16:920
Linktest.req
00 00 00 0A FF FF 00 00 00 05 00 00 0F F7 

---->>>  [IN ]
2020/08/24 05:42:16:921
Linktest.rsp
00 00 00 0A FF FF 00 00 00 06 00 00 0F F7 

<<<----  [OUT]
2020/08/24 05:42:26:935
Linktest.req
00 00 00 0A FF FF 00 00 00 05 00 00 0F F8 

---->>>  [IN ]
2020/08/24 05:42:26:936
Linktest.rsp
00 00 00 0A FF FF 00 00 00 06 00 00 0F F8 

<<<----  [OUT]
2020/08/24 05:42:36:945
Linktest.req
00 00 00 0A FF FF 00 00 00 05 00 00 0F F9 

---->>>  [IN ]
2020/08/24 05:42:36:946
Linktest.rsp
00 00 00 0A FF FF 00 00 00 06 00 00 0F F9 

<<<----  [OUT]
2020/08/24 05:42:46:961
Linktest.req
00 00 00 0A FF FF 00 00 00 05 00 00 0F FA 

---->>>  [IN ]
2020/08/24 05:42:46:961
Linktest.rsp
00 00 00 0A FF FF 00 00 00 06 00 00 0F FA 

<<<----  [OUT]
2020/08/24 05:42:56:975
Linktest.req
00 00 00 0A FF FF 00 00 00 05 00 00 0F FB 

---->>>  [IN ]
2020/08/24 05:42:56:976
Linktest.rsp
00 00 00 0A FF FF 00 00 00 06 00 00 0F FB 

---->>>  [IN ]
2020/08/24 05:43:02:355
Linktest.req
00 00 00 0A FF FF 00 00 00 05 80 00 02 D4 

<<<----  [OUT]
2020/08/24 05:43:02:355
Linktest.rsp
00 00 00 0A FF FF 00 00 00 06 80 00 02 D4 

<<<----  [OUT]
2020/08/24 05:43:06:988
Linktest.req
00 00 00 0A FF FF 00 00 00 05 00 00 0F FC 

---->>>  [IN ]
2020/08/24 05:43:06:989
Linktest.rsp
00 00 00 0A FF FF 00 00 00 06 00 00 0F FC 

<<<----  [OUT]
2020/08/24 05:43:17:001
Linktest.req
00 00 00 0A FF FF 00 00 00 05 00 00 0F FD 

---->>>  [IN ]
2020/08/24 05:43:17:002
Linktest.rsp
00 00 00 0A FF FF 00 00 00 06 00 00 0F FD 

<<<----  [OUT]
2020/08/24 05:43:27:018
Linktest.req
00 00 00 0A FF FF 00 00 00 05 00 00 0F FE 

---->>>  [IN ]
2020/08/24 05:43:27:019
Linktest.rsp
00 00 00 0A FF FF 00 00 00 06 00 00 0F FE 

<<<----  [OUT]
2020/08/24 05:43:37:030
Linktest.req
00 00 00 0A FF FF 00 00 00 05 00 00 0F FF 

---->>>  [IN ]
2020/08/24 05:43:37:031
Linktest.rsp
00 00 00 0A FF FF 00 00 00 06 00 00 0F FF 

<<<----  [OUT]
2020/08/24 05:43:47:039
Linktest.req
00 00 00 0A FF FF 00 00 00 05 00 00 10 00 

---->>>  [IN ]
2020/08/24 05:43:47:040
Linktest.rsp
00 00 00 0A FF FF 00 00 00 06 00 00 10 00 

<<<----  [OUT]
2020/08/24 05:43:57:049
Linktest.req
00 00 00 0A FF FF 00 00 00 05 00 00 10 01 

---->>>  [IN ]
2020/08/24 05:43:57:050
Linktest.rsp
00 00 00 0A FF FF 00 00 00 06 00 00 10 01 

---->>>  [IN ]
2020/08/24 05:44:02:368
Linktest.req
00 00 00 0A FF FF 00 00 00 05 80 00 02 D5 

<<<----  [OUT]
2020/08/24 05:44:02:368
Linktest.rsp
00 00 00 0A FF FF 00 00 00 06 80 00 02 D5 

<<<----  [OUT]
2020/08/24 05:44:07:061
Linktest.req
00 00 00 0A FF FF 00 00 00 05 00 00 10 02 

---->>>  [IN ]
2020/08/24 05:44:07:062
Linktest.rsp
00 00 00 0A FF FF 00 00 00 06 00 00 10 02 

<<<----  [OUT]
2020/08/24 05:44:17:073
Linktest.req
00 00 00 0A FF FF 00 00 00 05 00 00 10 03 

---->>>  [IN ]
2020/08/24 05:44:17:074
Linktest.rsp
00 00 00 0A FF FF 00 00 00 06 00 00 10 03 

<<<----  [OUT]
2020/08/24 05:44:27:089
Linktest.req
00 00 00 0A FF FF 00 00 00 05 00 00 10 04 

---->>>  [IN ]
2020/08/24 05:44:27:090
Linktest.rsp
00 00 00 0A FF FF 00 00 00 06 00 00 10 04 

<<<----  [OUT]
2020/08/24 05:44:37:107
Linktest.req
00 00 00 0A FF FF 00 00 00 05 00 00 10 05 

---->>>  [IN ]
2020/08/24 05:44:37:108
Linktest.rsp
00 00 00 0A FF FF 00 00 00 06 00 00 10 05 

<<<----  [OUT]
2020/08/24 05:44:47:125
Linktest.req
00 00 00 0A FF FF 00 00 00 05 00 00 10 06 

---->>>  [IN ]
2020/08/24 05:44:47:126
Linktest.rsp
00 00 00 0A FF FF 00 00 00 06 00 00 10 06 

<<<----  [OUT]
2020/08/24 05:44:57:144
Linktest.req
00 00 00 0A FF FF 00 00 00 05 00 00 10 07 

---->>>  [IN ]
2020/08/24 05:44:57:145
Linktest.rsp
00 00 00 0A FF FF 00 00 00 06 00 00 10 07 

---->>>  [IN ]
2020/08/24 05:45:02:365
Linktest.req
00 00 00 0A FF FF 00 00 00 05 80 00 02 D6 

<<<----  [OUT]
2020/08/24 05:45:02:365
Linktest.rsp
00 00 00 0A FF FF 00 00 00 06 80 00 02 D6 

<<<----  [OUT]
2020/08/24 05:45:07:162
Linktest.req
00 00 00 0A FF FF 00 00 00 05 00 00 10 08 

---->>>  [IN ]
2020/08/24 05:45:07:163
Linktest.rsp
00 00 00 0A FF FF 00 00 00 06 00 00 10 08 

<<<----  [OUT]
2020/08/24 05:45:17:178
Linktest.req
00 00 00 0A FF FF 00 00 00 05 00 00 10 09 

---->>>  [IN ]
2020/08/24 05:45:17:179
Linktest.rsp
00 00 00 0A FF FF 00 00 00 06 00 00 10 09 

<<<----  [OUT]
2020/08/24 05:45:27:195
Linktest.req
00 00 00 0A FF FF 00 00 00 05 00 00 10 0A 

---->>>  [IN ]
2020/08/24 05:45:27:196
Linktest.rsp
00 00 00 0A FF FF 00 00 00 06 00 00 10 0A 

<<<----  [OUT]
2020/08/24 05:45:37:209
Linktest.req
00 00 00 0A FF FF 00 00 00 05 00 00 10 0B 

---->>>  [IN ]
2020/08/24 05:45:37:210
Linktest.rsp
00 00 00 0A FF FF 00 00 00 06 00 00 10 0B 

<<<----  [OUT]
2020/08/24 05:45:47:229
Linktest.req
00 00 00 0A FF FF 00 00 00 05 00 00 10 0C 

---->>>  [IN ]
2020/08/24 05:45:47:230
Linktest.rsp
00 00 00 0A FF FF 00 00 00 06 00 00 10 0C 

<<<----  [OUT]
2020/08/24 05:45:57:243
Linktest.req
00 00 00 0A FF FF 00 00 00 05 00 00 10 0D 

---->>>  [IN ]
2020/08/24 05:45:57:244
Linktest.rsp
00 00 00 0A FF FF 00 00 00 06 00 00 10 0D 

---->>>  [IN ]
2020/08/24 05:46:02:366
Linktest.req
00 00 00 0A FF FF 00 00 00 05 80 00 02 D7 

<<<----  [OUT]
2020/08/24 05:46:02:366
Linktest.rsp
00 00 00 0A FF FF 00 00 00 06 80 00 02 D7 

<<<----  [OUT]
2020/08/24 05:46:07:259
Linktest.req
00 00 00 0A FF FF 00 00 00 05 00 00 10 0E 

---->>>  [IN ]
2020/08/24 05:46:07:260
Linktest.rsp
00 00 00 0A FF FF 00 00 00 06 00 00 10 0E 

<<<----  [OUT]
2020/08/24 05:46:17:275
Linktest.req
00 00 00 0A FF FF 00 00 00 05 00 00 10 0F 

---->>>  [IN ]
2020/08/24 05:46:17:276
Linktest.rsp
00 00 00 0A FF FF 00 00 00 06 00 00 10 0F 

<<<----  [OUT]
2020/08/24 05:46:27:292
Linktest.req
00 00 00 0A FF FF 00 00 00 05 00 00 10 10 

---->>>  [IN ]
2020/08/24 05:46:27:293
Linktest.rsp
00 00 00 0A FF FF 00 00 00 06 00 00 10 10 

<<<----  [OUT]
2020/08/24 05:46:37:311
Linktest.req
00 00 00 0A FF FF 00 00 00 05 00 00 10 11 

---->>>  [IN ]
2020/08/24 05:46:37:312
Linktest.rsp
00 00 00 0A FF FF 00 00 00 06 00 00 10 11 

<<<----  [OUT]
2020/08/24 05:46:47:327
Linktest.req
00 00 00 0A FF FF 00 00 00 05 00 00 10 12 

---->>>  [IN ]
2020/08/24 05:46:47:328
Linktest.rsp
00 00 00 0A FF FF 00 00 00 06 00 00 10 12 

<<<----  [OUT]
2020/08/24 05:46:57:345
Linktest.req
00 00 00 0A FF FF 00 00 00 05 00 00 10 13 

---->>>  [IN ]
2020/08/24 05:46:57:346
Linktest.rsp
00 00 00 0A FF FF 00 00 00 06 00 00 10 13 

---->>>  [IN ]
2020/08/24 05:47:02:360
Linktest.req
00 00 00 0A FF FF 00 00 00 05 80 00 02 D8 

<<<----  [OUT]
2020/08/24 05:47:02:360
Linktest.rsp
00 00 00 0A FF FF 00 00 00 06 80 00 02 D8 

<<<----  [OUT]
2020/08/24 05:47:07:360
Linktest.req
00 00 00 0A FF FF 00 00 00 05 00 00 10 14 

---->>>  [IN ]
2020/08/24 05:47:07:361
Linktest.rsp
00 00 00 0A FF FF 00 00 00 06 00 00 10 14 

<<<----  [OUT]
2020/08/24 05:47:17:373
Linktest.req
00 00 00 0A FF FF 00 00 00 05 00 00 10 15 

---->>>  [IN ]
2020/08/24 05:47:17:374
Linktest.rsp
00 00 00 0A FF FF 00 00 00 06 00 00 10 15 

<<<----  [OUT]
2020/08/24 05:47:27:390
Linktest.req
00 00 00 0A FF FF 00 00 00 05 00 00 10 16 

---->>>  [IN ]
2020/08/24 05:47:27:391
Linktest.rsp
00 00 00 0A FF FF 00 00 00 06 00 00 10 16 

<<<----  [OUT]
2020/08/24 05:47:37:406
Linktest.req
00 00 00 0A FF FF 00 00 00 05 00 00 10 17 

---->>>  [IN ]
2020/08/24 05:47:37:407
Linktest.rsp
00 00 00 0A FF FF 00 00 00 06 00 00 10 17 

<<<----  [OUT]
2020/08/24 05:47:47:424
Linktest.req
00 00 00 0A FF FF 00 00 00 05 00 00 10 18 

---->>>  [IN ]
2020/08/24 05:47:47:425
Linktest.rsp
00 00 00 0A FF FF 00 00 00 06 00 00 10 18 

<<<----  [OUT]
2020/08/24 05:47:57:442
Linktest.req
00 00 00 0A FF FF 00 00 00 05 00 00 10 19 

---->>>  [IN ]
2020/08/24 05:47:57:443
Linktest.rsp
00 00 00 0A FF FF 00 00 00 06 00 00 10 19 

---->>>  [IN ]
2020/08/24 05:48:02:371
Linktest.req
00 00 00 0A FF FF 00 00 00 05 80 00 02 D9 

<<<----  [OUT]
2020/08/24 05:48:02:371
Linktest.rsp
00 00 00 0A FF FF 00 00 00 06 80 00 02 D9 

<<<----  [OUT]
2020/08/24 05:48:07:429
Linktest.req
00 00 00 0A FF FF 00 00 00 05 00 00 10 1A 

---->>>  [IN ]
2020/08/24 05:48:07:430
Linktest.rsp
00 00 00 0A FF FF 00 00 00 06 00 00 10 1A 

<<<----  [OUT]
2020/08/24 05:48:17:442
Linktest.req
00 00 00 0A FF FF 00 00 00 05 00 00 10 1B 

---->>>  [IN ]
2020/08/24 05:48:17:443
Linktest.rsp
00 00 00 0A FF FF 00 00 00 06 00 00 10 1B 

<<<----  [OUT]
2020/08/24 05:48:27:456
Linktest.req
00 00 00 0A FF FF 00 00 00 05 00 00 10 1C 

---->>>  [IN ]
2020/08/24 05:48:27:457
Linktest.rsp
00 00 00 0A FF FF 00 00 00 06 00 00 10 1C 

<<<----  [OUT]
2020/08/24 05:48:37:473
Linktest.req
00 00 00 0A FF FF 00 00 00 05 00 00 10 1D 

---->>>  [IN ]
2020/08/24 05:48:37:474
Linktest.rsp
00 00 00 0A FF FF 00 00 00 06 00 00 10 1D 

<<<----  [OUT]
2020/08/24 05:48:47:487
Linktest.req
00 00 00 0A FF FF 00 00 00 05 00 00 10 1E 

---->>>  [IN ]
2020/08/24 05:48:47:488
Linktest.rsp
00 00 00 0A FF FF 00 00 00 06 00 00 10 1E 

<<<----  [OUT]
2020/08/24 05:48:57:503
Linktest.req
00 00 00 0A FF FF 00 00 00 05 00 00 10 1F 

---->>>  [IN ]
2020/08/24 05:48:57:504
Linktest.rsp
00 00 00 0A FF FF 00 00 00 06 00 00 10 1F 

---->>>  [IN ]
2020/08/24 05:49:02:383
Linktest.req
00 00 00 0A FF FF 00 00 00 05 80 00 02 DA 

<<<----  [OUT]
2020/08/24 05:49:02:383
Linktest.rsp
00 00 00 0A FF FF 00 00 00 06 80 00 02 DA 

<<<----  [OUT]
2020/08/24 05:49:07:519
Linktest.req
00 00 00 0A FF FF 00 00 00 05 00 00 10 20 

---->>>  [IN ]
2020/08/24 05:49:07:520
Linktest.rsp
00 00 00 0A FF FF 00 00 00 06 00 00 10 20 

<<<----  [OUT]
2020/08/24 05:49:17:535
Linktest.req
00 00 00 0A FF FF 00 00 00 05 00 00 10 21 

---->>>  [IN ]
2020/08/24 05:49:17:536
Linktest.rsp
00 00 00 0A FF FF 00 00 00 06 00 00 10 21 

<<<----  [OUT]
2020/08/24 05:49:27:545
Linktest.req
00 00 00 0A FF FF 00 00 00 05 00 00 10 22 

---->>>  [IN ]
2020/08/24 05:49:27:546
Linktest.rsp
00 00 00 0A FF FF 00 00 00 06 00 00 10 22 

<<<----  [OUT]
2020/08/24 05:49:37:555
Linktest.req
00 00 00 0A FF FF 00 00 00 05 00 00 10 23 

---->>>  [IN ]
2020/08/24 05:49:37:556
Linktest.rsp
00 00 00 0A FF FF 00 00 00 06 00 00 10 23 

<<<----  [OUT]
2020/08/24 05:49:47:567
Linktest.req
00 00 00 0A FF FF 00 00 00 05 00 00 10 24 

---->>>  [IN ]
2020/08/24 05:49:47:568
Linktest.rsp
00 00 00 0A FF FF 00 00 00 06 00 00 10 24 

<<<----  [OUT]
2020/08/24 05:49:57:582
Linktest.req
00 00 00 0A FF FF 00 00 00 05 00 00 10 25 

---->>>  [IN ]
2020/08/24 05:49:57:583
Linktest.rsp
00 00 00 0A FF FF 00 00 00 06 00 00 10 25 

---->>>  [IN ]
2020/08/24 05:50:02:372
Linktest.req
00 00 00 0A FF FF 00 00 00 05 80 00 02 DB 

<<<----  [OUT]
2020/08/24 05:50:02:372
Linktest.rsp
00 00 00 0A FF FF 00 00 00 06 80 00 02 DB 

<<<----  [OUT]
2020/08/24 05:50:07:590
Linktest.req
00 00 00 0A FF FF 00 00 00 05 00 00 10 26 

---->>>  [IN ]
2020/08/24 05:50:07:591
Linktest.rsp
00 00 00 0A FF FF 00 00 00 06 00 00 10 26 

<<<----  [OUT]
2020/08/24 05:50:17:602
Linktest.req
00 00 00 0A FF FF 00 00 00 05 00 00 10 27 

---->>>  [IN ]
2020/08/24 05:50:17:603
Linktest.rsp
00 00 00 0A FF FF 00 00 00 06 00 00 10 27 

<<<----  [OUT]
2020/08/24 05:50:27:617
Linktest.req
00 00 00 0A FF FF 00 00 00 05 00 00 10 28 

---->>>  [IN ]
2020/08/24 05:50:27:618
Linktest.rsp
00 00 00 0A FF FF 00 00 00 06 00 00 10 28 

<<<----  [OUT]
2020/08/24 05:50:37:631
Linktest.req
00 00 00 0A FF FF 00 00 00 05 00 00 10 29 

---->>>  [IN ]
2020/08/24 05:50:37:633
Linktest.rsp
00 00 00 0A FF FF 00 00 00 06 00 00 10 29 

<<<----  [OUT]
2020/08/24 05:50:47:643
Linktest.req
00 00 00 0A FF FF 00 00 00 05 00 00 10 2A 

---->>>  [IN ]
2020/08/24 05:50:47:644
Linktest.rsp
00 00 00 0A FF FF 00 00 00 06 00 00 10 2A 

<<<----  [OUT]
2020/08/24 05:50:57:657
Linktest.req
00 00 00 0A FF FF 00 00 00 05 00 00 10 2B 

---->>>  [IN ]
2020/08/24 05:50:57:658
Linktest.rsp
00 00 00 0A FF FF 00 00 00 06 00 00 10 2B 

---->>>  [IN ]
2020/08/24 05:51:02:385
Linktest.req
00 00 00 0A FF FF 00 00 00 05 80 00 02 DC 

<<<----  [OUT]
2020/08/24 05:51:02:385
Linktest.rsp
00 00 00 0A FF FF 00 00 00 06 80 00 02 DC 

<<<----  [OUT]
2020/08/24 05:51:07:668
Linktest.req
00 00 00 0A FF FF 00 00 00 05 00 00 10 2C 

---->>>  [IN ]
2020/08/24 05:51:07:669
Linktest.rsp
00 00 00 0A FF FF 00 00 00 06 00 00 10 2C 

<<<----  [OUT]
2020/08/24 05:51:17:680
Linktest.req
00 00 00 0A FF FF 00 00 00 05 00 00 10 2D 

---->>>  [IN ]
2020/08/24 05:51:17:681
Linktest.rsp
00 00 00 0A FF FF 00 00 00 06 00 00 10 2D 

<<<----  [OUT]
2020/08/24 05:51:27:691
Linktest.req
00 00 00 0A FF FF 00 00 00 05 00 00 10 2E 

---->>>  [IN ]
2020/08/24 05:51:27:692
Linktest.rsp
00 00 00 0A FF FF 00 00 00 06 00 00 10 2E 

<<<----  [OUT]
2020/08/24 05:51:37:706
Linktest.req
00 00 00 0A FF FF 00 00 00 05 00 00 10 2F 

---->>>  [IN ]
2020/08/24 05:51:37:707
Linktest.rsp
00 00 00 0A FF FF 00 00 00 06 00 00 10 2F 

<<<----  [OUT]
2020/08/24 05:51:47:719
Linktest.req
00 00 00 0A FF FF 00 00 00 05 00 00 10 30 

---->>>  [IN ]
2020/08/24 05:51:47:720
Linktest.rsp
00 00 00 0A FF FF 00 00 00 06 00 00 10 30 

<<<----  [OUT]
2020/08/24 05:51:57:731
Linktest.req
00 00 00 0A FF FF 00 00 00 05 00 00 10 31 

---->>>  [IN ]
2020/08/24 05:51:57:732
Linktest.rsp
00 00 00 0A FF FF 00 00 00 06 00 00 10 31 

---->>>  [IN ]
2020/08/24 05:52:02:394
Linktest.req
00 00 00 0A FF FF 00 00 00 05 80 00 02 DD 

<<<----  [OUT]
2020/08/24 05:52:02:394
Linktest.rsp
00 00 00 0A FF FF 00 00 00 06 80 00 02 DD 

<<<----  [OUT]
2020/08/24 05:52:07:745
Linktest.req
00 00 00 0A FF FF 00 00 00 05 00 00 10 32 

---->>>  [IN ]
2020/08/24 05:52:07:746
Linktest.rsp
00 00 00 0A FF FF 00 00 00 06 00 00 10 32 

<<<----  [OUT]
2020/08/24 05:52:17:756
Linktest.req
00 00 00 0A FF FF 00 00 00 05 00 00 10 33 

---->>>  [IN ]
2020/08/24 05:52:17:757
Linktest.rsp
00 00 00 0A FF FF 00 00 00 06 00 00 10 33 

<<<----  [OUT]
2020/08/24 05:52:27:768
Linktest.req
00 00 00 0A FF FF 00 00 00 05 00 00 10 34 

---->>>  [IN ]
2020/08/24 05:52:27:769
Linktest.rsp
00 00 00 0A FF FF 00 00 00 06 00 00 10 34 

<<<----  [OUT]
2020/08/24 05:52:37:782
Linktest.req
00 00 00 0A FF FF 00 00 00 05 00 00 10 35 

---->>>  [IN ]
2020/08/24 05:52:37:783
Linktest.rsp
00 00 00 0A FF FF 00 00 00 06 00 00 10 35 

<<<----  [OUT]
2020/08/24 05:52:47:802
Linktest.req
00 00 00 0A FF FF 00 00 00 05 00 00 10 36 

---->>>  [IN ]
2020/08/24 05:52:47:803
Linktest.rsp
00 00 00 0A FF FF 00 00 00 06 00 00 10 36 

<<<----  [OUT]
2020/08/24 05:52:57:813
Linktest.req
00 00 00 0A FF FF 00 00 00 05 00 00 10 37 

---->>>  [IN ]
2020/08/24 05:52:57:814
Linktest.rsp
00 00 00 0A FF FF 00 00 00 06 00 00 10 37 

---->>>  [IN ]
2020/08/24 05:53:02:393
Linktest.req
00 00 00 0A FF FF 00 00 00 05 80 00 02 DE 

<<<----  [OUT]
2020/08/24 05:53:02:393
Linktest.rsp
00 00 00 0A FF FF 00 00 00 06 80 00 02 DE 

<<<----  [OUT]
2020/08/24 05:53:07:828
Linktest.req
00 00 00 0A FF FF 00 00 00 05 00 00 10 38 

---->>>  [IN ]
2020/08/24 05:53:07:829
Linktest.rsp
00 00 00 0A FF FF 00 00 00 06 00 00 10 38 

<<<----  [OUT]
2020/08/24 05:53:17:839
Linktest.req
00 00 00 0A FF FF 00 00 00 05 00 00 10 39 

---->>>  [IN ]
2020/08/24 05:53:17:840
Linktest.rsp
00 00 00 0A FF FF 00 00 00 06 00 00 10 39 

<<<----  [OUT]
2020/08/24 05:53:27:853
Linktest.req
00 00 00 0A FF FF 00 00 00 05 00 00 10 3A 

---->>>  [IN ]
2020/08/24 05:53:27:854
Linktest.rsp
00 00 00 0A FF FF 00 00 00 06 00 00 10 3A 

<<<----  [OUT]
2020/08/24 05:53:37:863
Linktest.req
00 00 00 0A FF FF 00 00 00 05 00 00 10 3B 

---->>>  [IN ]
2020/08/24 05:53:37:864
Linktest.rsp
00 00 00 0A FF FF 00 00 00 06 00 00 10 3B 

<<<----  [OUT]
2020/08/24 05:53:47:879
Linktest.req
00 00 00 0A FF FF 00 00 00 05 00 00 10 3C 

---->>>  [IN ]
2020/08/24 05:53:47:880
Linktest.rsp
00 00 00 0A FF FF 00 00 00 06 00 00 10 3C 

<<<----  [OUT]
2020/08/24 05:53:57:895
Linktest.req
00 00 00 0A FF FF 00 00 00 05 00 00 10 3D 

---->>>  [IN ]
2020/08/24 05:53:57:896
Linktest.rsp
00 00 00 0A FF FF 00 00 00 06 00 00 10 3D 

---->>>  [IN ]
2020/08/24 05:54:02:389
Linktest.req
00 00 00 0A FF FF 00 00 00 05 80 00 02 DF 

<<<----  [OUT]
2020/08/24 05:54:02:389
Linktest.rsp
00 00 00 0A FF FF 00 00 00 06 80 00 02 DF 

<<<----  [OUT]
2020/08/24 05:54:07:906
Linktest.req
00 00 00 0A FF FF 00 00 00 05 00 00 10 3E 

---->>>  [IN ]
2020/08/24 05:54:07:907
Linktest.rsp
00 00 00 0A FF FF 00 00 00 06 00 00 10 3E 

<<<----  [OUT]
2020/08/24 05:54:17:924
Linktest.req
00 00 00 0A FF FF 00 00 00 05 00 00 10 3F 

---->>>  [IN ]
2020/08/24 05:54:17:925
Linktest.rsp
00 00 00 0A FF FF 00 00 00 06 00 00 10 3F 

<<<----  [OUT]
2020/08/24 05:54:27:940
Linktest.req
00 00 00 0A FF FF 00 00 00 05 00 00 10 40 

---->>>  [IN ]
2020/08/24 05:54:27:941
Linktest.rsp
00 00 00 0A FF FF 00 00 00 06 00 00 10 40 

<<<----  [OUT]
2020/08/24 05:54:37:954
Linktest.req
00 00 00 0A FF FF 00 00 00 05 00 00 10 41 

---->>>  [IN ]
2020/08/24 05:54:37:955
Linktest.rsp
00 00 00 0A FF FF 00 00 00 06 00 00 10 41 

<<<----  [OUT]
2020/08/24 05:54:47:972
Linktest.req
00 00 00 0A FF FF 00 00 00 05 00 00 10 42 

---->>>  [IN ]
2020/08/24 05:54:47:973
Linktest.rsp
00 00 00 0A FF FF 00 00 00 06 00 00 10 42 

<<<----  [OUT]
2020/08/24 05:54:57:988
Linktest.req
00 00 00 0A FF FF 00 00 00 05 00 00 10 43 

---->>>  [IN ]
2020/08/24 05:54:57:989
Linktest.rsp
00 00 00 0A FF FF 00 00 00 06 00 00 10 43 

---->>>  [IN ]
2020/08/24 05:55:02:388
Linktest.req
00 00 00 0A FF FF 00 00 00 05 80 00 02 E0 

<<<----  [OUT]
2020/08/24 05:55:02:388
Linktest.rsp
00 00 00 0A FF FF 00 00 00 06 80 00 02 E0 

<<<----  [OUT]
2020/08/24 05:55:07:996
Linktest.req
00 00 00 0A FF FF 00 00 00 05 00 00 10 44 

---->>>  [IN ]
2020/08/24 05:55:07:997
Linktest.rsp
00 00 00 0A FF FF 00 00 00 06 00 00 10 44 

<<<----  [OUT]
2020/08/24 05:55:18:014
Linktest.req
00 00 00 0A FF FF 00 00 00 05 00 00 10 45 

---->>>  [IN ]
2020/08/24 05:55:18:015
Linktest.rsp
00 00 00 0A FF FF 00 00 00 06 00 00 10 45 

<<<----  [OUT]
2020/08/24 05:55:28:028
Linktest.req
00 00 00 0A FF FF 00 00 00 05 00 00 10 46 

---->>>  [IN ]
2020/08/24 05:55:28:029
Linktest.rsp
00 00 00 0A FF FF 00 00 00 06 00 00 10 46 

<<<----  [OUT]
2020/08/24 05:55:38:042
Linktest.req
00 00 00 0A FF FF 00 00 00 05 00 00 10 47 

---->>>  [IN ]
2020/08/24 05:55:38:043
Linktest.rsp
00 00 00 0A FF FF 00 00 00 06 00 00 10 47 

<<<----  [OUT]
2020/08/24 05:55:48:055
Linktest.req
00 00 00 0A FF FF 00 00 00 05 00 00 10 48 

---->>>  [IN ]
2020/08/24 05:55:48:056
Linktest.rsp
00 00 00 0A FF FF 00 00 00 06 00 00 10 48 

<<<----  [OUT]
2020/08/24 05:55:58:066
Linktest.req
00 00 00 0A FF FF 00 00 00 05 00 00 10 49 

---->>>  [IN ]
2020/08/24 05:55:58:067
Linktest.rsp
00 00 00 0A FF FF 00 00 00 06 00 00 10 49 

---->>>  [IN ]
2020/08/24 05:56:02:396
Linktest.req
00 00 00 0A FF FF 00 00 00 05 80 00 02 E1 

<<<----  [OUT]
2020/08/24 05:56:02:396
Linktest.rsp
00 00 00 0A FF FF 00 00 00 06 80 00 02 E1 

<<<----  [OUT]
2020/08/24 05:56:08:081
Linktest.req
00 00 00 0A FF FF 00 00 00 05 00 00 10 4A 

---->>>  [IN ]
2020/08/24 05:56:08:082
Linktest.rsp
00 00 00 0A FF FF 00 00 00 06 00 00 10 4A 

<<<----  [OUT]
2020/08/24 05:56:18:095
Linktest.req
00 00 00 0A FF FF 00 00 00 05 00 00 10 4B 

---->>>  [IN ]
2020/08/24 05:56:18:096
Linktest.rsp
00 00 00 0A FF FF 00 00 00 06 00 00 10 4B 

<<<----  [OUT]
2020/08/24 05:56:28:106
Linktest.req
00 00 00 0A FF FF 00 00 00 05 00 00 10 4C 

---->>>  [IN ]
2020/08/24 05:56:28:107
Linktest.rsp
00 00 00 0A FF FF 00 00 00 06 00 00 10 4C 

<<<----  [OUT]
2020/08/24 05:56:38:115
Linktest.req
00 00 00 0A FF FF 00 00 00 05 00 00 10 4D 

---->>>  [IN ]
2020/08/24 05:56:38:116
Linktest.rsp
00 00 00 0A FF FF 00 00 00 06 00 00 10 4D 

<<<----  [OUT]
2020/08/24 05:56:48:129
Linktest.req
00 00 00 0A FF FF 00 00 00 05 00 00 10 4E 

---->>>  [IN ]
2020/08/24 05:56:48:130
Linktest.rsp
00 00 00 0A FF FF 00 00 00 06 00 00 10 4E 

<<<----  [OUT]
2020/08/24 05:56:58:141
Linktest.req
00 00 00 0A FF FF 00 00 00 05 00 00 10 4F 

---->>>  [IN ]
2020/08/24 05:56:58:142
Linktest.rsp
00 00 00 0A FF FF 00 00 00 06 00 00 10 4F 

---->>>  [IN ]
2020/08/24 05:57:02:397
Linktest.req
00 00 00 0A FF FF 00 00 00 05 80 00 02 E2 

<<<----  [OUT]
2020/08/24 05:57:02:397
Linktest.rsp
00 00 00 0A FF FF 00 00 00 06 80 00 02 E2 

<<<----  [OUT]
2020/08/24 05:57:08:156
Linktest.req
00 00 00 0A FF FF 00 00 00 05 00 00 10 50 

---->>>  [IN ]
2020/08/24 05:57:08:157
Linktest.rsp
00 00 00 0A FF FF 00 00 00 06 00 00 10 50 

<<<----  [OUT]
2020/08/24 05:57:18:171
Linktest.req
00 00 00 0A FF FF 00 00 00 05 00 00 10 51 

---->>>  [IN ]
2020/08/24 05:57:18:172
Linktest.rsp
00 00 00 0A FF FF 00 00 00 06 00 00 10 51 

<<<----  [OUT]
2020/08/24 05:57:28:185
Linktest.req
00 00 00 0A FF FF 00 00 00 05 00 00 10 52 

---->>>  [IN ]
2020/08/24 05:57:28:186
Linktest.rsp
00 00 00 0A FF FF 00 00 00 06 00 00 10 52 

<<<----  [OUT]
2020/08/24 05:57:38:198
Linktest.req
00 00 00 0A FF FF 00 00 00 05 00 00 10 53 

---->>>  [IN ]
2020/08/24 05:57:38:199
Linktest.rsp
00 00 00 0A FF FF 00 00 00 06 00 00 10 53 

<<<----  [OUT]
2020/08/24 05:57:48:214
Linktest.req
00 00 00 0A FF FF 00 00 00 05 00 00 10 54 

---->>>  [IN ]
2020/08/24 05:57:48:215
Linktest.rsp
00 00 00 0A FF FF 00 00 00 06 00 00 10 54 

<<<----  [OUT]
2020/08/24 05:57:58:231
Linktest.req
00 00 00 0A FF FF 00 00 00 05 00 00 10 55 

---->>>  [IN ]
2020/08/24 05:57:58:232
Linktest.rsp
00 00 00 0A FF FF 00 00 00 06 00 00 10 55 

---->>>  [IN ]
2020/08/24 05:58:02:389
Linktest.req
00 00 00 0A FF FF 00 00 00 05 80 00 02 E3 

<<<----  [OUT]
2020/08/24 05:58:02:389
Linktest.rsp
00 00 00 0A FF FF 00 00 00 06 80 00 02 E3 

<<<----  [OUT]
2020/08/24 05:58:08:243
Linktest.req
00 00 00 0A FF FF 00 00 00 05 00 00 10 56 

---->>>  [IN ]
2020/08/24 05:58:08:244
Linktest.rsp
00 00 00 0A FF FF 00 00 00 06 00 00 10 56 

<<<----  [OUT]
2020/08/24 05:58:18:257
Linktest.req
00 00 00 0A FF FF 00 00 00 05 00 00 10 57 

---->>>  [IN ]
2020/08/24 05:58:18:258
Linktest.rsp
00 00 00 0A FF FF 00 00 00 06 00 00 10 57 

<<<----  [OUT]
2020/08/24 05:58:28:273
Linktest.req
00 00 00 0A FF FF 00 00 00 05 00 00 10 58 

---->>>  [IN ]
2020/08/24 05:58:28:274
Linktest.rsp
00 00 00 0A FF FF 00 00 00 06 00 00 10 58 

<<<----  [OUT]
2020/08/24 05:58:38:287
Linktest.req
00 00 00 0A FF FF 00 00 00 05 00 00 10 59 

---->>>  [IN ]
2020/08/24 05:58:38:288
Linktest.rsp
00 00 00 0A FF FF 00 00 00 06 00 00 10 59 

<<<----  [OUT]
2020/08/24 05:58:48:299
Linktest.req
00 00 00 0A FF FF 00 00 00 05 00 00 10 5A 

---->>>  [IN ]
2020/08/24 05:58:48:300
Linktest.rsp
00 00 00 0A FF FF 00 00 00 06 00 00 10 5A 

<<<----  [OUT]
2020/08/24 05:58:58:310
Linktest.req
00 00 00 0A FF FF 00 00 00 05 00 00 10 5B 

---->>>  [IN ]
2020/08/24 05:58:58:311
Linktest.rsp
00 00 00 0A FF FF 00 00 00 06 00 00 10 5B 

---->>>  [IN ]
2020/08/24 05:59:02:389
Linktest.req
00 00 00 0A FF FF 00 00 00 05 80 00 02 E4 

<<<----  [OUT]
2020/08/24 05:59:02:389
Linktest.rsp
00 00 00 0A FF FF 00 00 00 06 80 00 02 E4 

<<<----  [OUT]
2020/08/24 05:59:08:319
Linktest.req
00 00 00 0A FF FF 00 00 00 05 00 00 10 5C 

---->>>  [IN ]
2020/08/24 05:59:08:320
Linktest.rsp
00 00 00 0A FF FF 00 00 00 06 00 00 10 5C 

<<<----  [OUT]
2020/08/24 05:59:18:332
Linktest.req
00 00 00 0A FF FF 00 00 00 05 00 00 10 5D 

---->>>  [IN ]
2020/08/24 05:59:18:333
Linktest.rsp
00 00 00 0A FF FF 00 00 00 06 00 00 10 5D 

<<<----  [OUT]
2020/08/24 05:59:28:343
Linktest.req
00 00 00 0A FF FF 00 00 00 05 00 00 10 5E 

---->>>  [IN ]
2020/08/24 05:59:28:344
Linktest.rsp
00 00 00 0A FF FF 00 00 00 06 00 00 10 5E 

<<<----  [OUT]
2020/08/24 05:59:38:359
Linktest.req
00 00 00 0A FF FF 00 00 00 05 00 00 10 5F 

---->>>  [IN ]
2020/08/24 05:59:38:360
Linktest.rsp
00 00 00 0A FF FF 00 00 00 06 00 00 10 5F 

<<<----  [OUT]
2020/08/24 05:59:48:372
Linktest.req
00 00 00 0A FF FF 00 00 00 05 00 00 10 60 

---->>>  [IN ]
2020/08/24 05:59:48:373
Linktest.rsp
00 00 00 0A FF FF 00 00 00 06 00 00 10 60 

<<<----  [OUT]
2020/08/24 05:59:58:388
Linktest.req
00 00 00 0A FF FF 00 00 00 05 00 00 10 61 

---->>>  [IN ]
2020/08/24 05:59:58:389
Linktest.rsp
00 00 00 0A FF FF 00 00 00 06 00 00 10 61 
