
---->>>  [IN ]
2020/08/24 02:00:02:075
Linktest.req
00 00 00 0A FF FF 00 00 00 05 80 00 01 F5 

<<<----  [OUT]
2020/08/24 02:00:02:075
Linktest.rsp
00 00 00 0A FF FF 00 00 00 06 80 00 01 F5 

<<<----  [OUT]
2020/08/24 02:00:08:711
Linktest.req
00 00 00 0A FF FF 00 00 00 05 00 00 0A C4 

---->>>  [IN ]
2020/08/24 02:00:08:712
Linktest.rsp
00 00 00 0A FF FF 00 00 00 06 00 00 0A C4 

<<<----  [OUT]
2020/08/24 02:00:18:730
Linktest.req
00 00 00 0A FF FF 00 00 00 05 00 00 0A C5 

---->>>  [IN ]
2020/08/24 02:00:18:731
Linktest.rsp
00 00 00 0A FF FF 00 00 00 06 00 00 0A C5 

<<<----  [OUT]
2020/08/24 02:00:28:747
Linktest.req
00 00 00 0A FF FF 00 00 00 05 00 00 0A C6 

---->>>  [IN ]
2020/08/24 02:00:28:748
Linktest.rsp
00 00 00 0A FF FF 00 00 00 06 00 00 0A C6 

<<<----  [OUT]
2020/08/24 02:00:38:759
Linktest.req
00 00 00 0A FF FF 00 00 00 05 00 00 0A C7 

---->>>  [IN ]
2020/08/24 02:00:38:760
Linktest.rsp
00 00 00 0A FF FF 00 00 00 06 00 00 0A C7 

<<<----  [OUT]
2020/08/24 02:00:48:775
Linktest.req
00 00 00 0A FF FF 00 00 00 05 00 00 0A C8 

---->>>  [IN ]
2020/08/24 02:00:48:776
Linktest.rsp
00 00 00 0A FF FF 00 00 00 06 00 00 0A C8 

<<<----  [OUT]
2020/08/24 02:00:58:788
Linktest.req
00 00 00 0A FF FF 00 00 00 05 00 00 0A C9 

---->>>  [IN ]
2020/08/24 02:00:58:789
Linktest.rsp
00 00 00 0A FF FF 00 00 00 06 00 00 0A C9 

---->>>  [IN ]
2020/08/24 02:01:02:080
Linktest.req
00 00 00 0A FF FF 00 00 00 05 80 00 01 F6 

<<<----  [OUT]
2020/08/24 02:01:02:080
Linktest.rsp
00 00 00 0A FF FF 00 00 00 06 80 00 01 F6 

<<<----  [OUT]
2020/08/24 02:01:08:802
Linktest.req
00 00 00 0A FF FF 00 00 00 05 00 00 0A CA 

---->>>  [IN ]
2020/08/24 02:01:08:803
Linktest.rsp
00 00 00 0A FF FF 00 00 00 06 00 00 0A CA 

<<<----  [OUT]
2020/08/24 02:01:18:816
Linktest.req
00 00 00 0A FF FF 00 00 00 05 00 00 0A CB 

---->>>  [IN ]
2020/08/24 02:01:18:817
Linktest.rsp
00 00 00 0A FF FF 00 00 00 06 00 00 0A CB 

<<<----  [OUT]
2020/08/24 02:01:28:833
Linktest.req
00 00 00 0A FF FF 00 00 00 05 00 00 0A CC 

---->>>  [IN ]
2020/08/24 02:01:28:834
Linktest.rsp
00 00 00 0A FF FF 00 00 00 06 00 00 0A CC 

<<<----  [OUT]
2020/08/24 02:01:38:847
Linktest.req
00 00 00 0A FF FF 00 00 00 05 00 00 0A CD 

---->>>  [IN ]
2020/08/24 02:01:38:848
Linktest.rsp
00 00 00 0A FF FF 00 00 00 06 00 00 0A CD 

<<<----  [OUT]
2020/08/24 02:01:48:862
Linktest.req
00 00 00 0A FF FF 00 00 00 05 00 00 0A CE 

---->>>  [IN ]
2020/08/24 02:01:48:863
Linktest.rsp
00 00 00 0A FF FF 00 00 00 06 00 00 0A CE 

<<<----  [OUT]
2020/08/24 02:01:58:879
Linktest.req
00 00 00 0A FF FF 00 00 00 05 00 00 0A CF 

---->>>  [IN ]
2020/08/24 02:01:58:880
Linktest.rsp
00 00 00 0A FF FF 00 00 00 06 00 00 0A CF 

---->>>  [IN ]
2020/08/24 02:02:02:089
Linktest.req
00 00 00 0A FF FF 00 00 00 05 80 00 01 F7 

<<<----  [OUT]
2020/08/24 02:02:02:089
Linktest.rsp
00 00 00 0A FF FF 00 00 00 06 80 00 01 F7 

<<<----  [OUT]
2020/08/24 02:02:08:894
Linktest.req
00 00 00 0A FF FF 00 00 00 05 00 00 0A D0 

---->>>  [IN ]
2020/08/24 02:02:08:895
Linktest.rsp
00 00 00 0A FF FF 00 00 00 06 00 00 0A D0 

<<<----  [OUT]
2020/08/24 02:02:18:906
Linktest.req
00 00 00 0A FF FF 00 00 00 05 00 00 0A D1 

---->>>  [IN ]
2020/08/24 02:02:18:907
Linktest.rsp
00 00 00 0A FF FF 00 00 00 06 00 00 0A D1 

<<<----  [OUT]
2020/08/24 02:02:28:920
Linktest.req
00 00 00 0A FF FF 00 00 00 05 00 00 0A D2 

---->>>  [IN ]
2020/08/24 02:02:28:921
Linktest.rsp
00 00 00 0A FF FF 00 00 00 06 00 00 0A D2 

<<<----  [OUT]
2020/08/24 02:02:38:935
Linktest.req
00 00 00 0A FF FF 00 00 00 05 00 00 0A D3 

---->>>  [IN ]
2020/08/24 02:02:38:936
Linktest.rsp
00 00 00 0A FF FF 00 00 00 06 00 00 0A D3 

<<<----  [OUT]
2020/08/24 02:02:48:942
Linktest.req
00 00 00 0A FF FF 00 00 00 05 00 00 0A D4 

---->>>  [IN ]
2020/08/24 02:02:48:943
Linktest.rsp
00 00 00 0A FF FF 00 00 00 06 00 00 0A D4 

<<<----  [OUT]
2020/08/24 02:02:58:955
Linktest.req
00 00 00 0A FF FF 00 00 00 05 00 00 0A D5 

---->>>  [IN ]
2020/08/24 02:02:58:956
Linktest.rsp
00 00 00 0A FF FF 00 00 00 06 00 00 0A D5 

---->>>  [IN ]
2020/08/24 02:03:02:091
Linktest.req
00 00 00 0A FF FF 00 00 00 05 80 00 01 F8 

<<<----  [OUT]
2020/08/24 02:03:02:091
Linktest.rsp
00 00 00 0A FF FF 00 00 00 06 80 00 01 F8 

<<<----  [OUT]
2020/08/24 02:03:08:965
Linktest.req
00 00 00 0A FF FF 00 00 00 05 00 00 0A D6 

---->>>  [IN ]
2020/08/24 02:03:08:966
Linktest.rsp
00 00 00 0A FF FF 00 00 00 06 00 00 0A D6 

<<<----  [OUT]
2020/08/24 02:03:18:970
Linktest.req
00 00 00 0A FF FF 00 00 00 05 00 00 0A D7 

---->>>  [IN ]
2020/08/24 02:03:18:971
Linktest.rsp
00 00 00 0A FF FF 00 00 00 06 00 00 0A D7 

<<<----  [OUT]
2020/08/24 02:03:28:980
Linktest.req
00 00 00 0A FF FF 00 00 00 05 00 00 0A D8 

---->>>  [IN ]
2020/08/24 02:03:28:980
Linktest.rsp
00 00 00 0A FF FF 00 00 00 06 00 00 0A D8 

<<<----  [OUT]
2020/08/24 02:03:38:988
Linktest.req
00 00 00 0A FF FF 00 00 00 05 00 00 0A D9 

---->>>  [IN ]
2020/08/24 02:03:38:989
Linktest.rsp
00 00 00 0A FF FF 00 00 00 06 00 00 0A D9 

<<<----  [OUT]
2020/08/24 02:03:48:993
Linktest.req
00 00 00 0A FF FF 00 00 00 05 00 00 0A DA 

---->>>  [IN ]
2020/08/24 02:03:48:994
Linktest.rsp
00 00 00 0A FF FF 00 00 00 06 00 00 0A DA 

<<<----  [OUT]
2020/08/24 02:03:59:006
Linktest.req
00 00 00 0A FF FF 00 00 00 05 00 00 0A DB 

---->>>  [IN ]
2020/08/24 02:03:59:007
Linktest.rsp
00 00 00 0A FF FF 00 00 00 06 00 00 0A DB 

---->>>  [IN ]
2020/08/24 02:04:02:097
Linktest.req
00 00 00 0A FF FF 00 00 00 05 80 00 01 F9 

<<<----  [OUT]
2020/08/24 02:04:02:097
Linktest.rsp
00 00 00 0A FF FF 00 00 00 06 80 00 01 F9 

<<<----  [OUT]
2020/08/24 02:04:09:021
Linktest.req
00 00 00 0A FF FF 00 00 00 05 00 00 0A DC 

---->>>  [IN ]
2020/08/24 02:04:09:021
Linktest.rsp
00 00 00 0A FF FF 00 00 00 06 00 00 0A DC 

<<<----  [OUT]
2020/08/24 02:04:19:032
Linktest.req
00 00 00 0A FF FF 00 00 00 05 00 00 0A DD 

---->>>  [IN ]
2020/08/24 02:04:19:033
Linktest.rsp
00 00 00 0A FF FF 00 00 00 06 00 00 0A DD 

<<<----  [OUT]
2020/08/24 02:04:29:041
Linktest.req
00 00 00 0A FF FF 00 00 00 05 00 00 0A DE 

---->>>  [IN ]
2020/08/24 02:04:29:042
Linktest.rsp
00 00 00 0A FF FF 00 00 00 06 00 00 0A DE 

<<<----  [OUT]
2020/08/24 02:04:39:050
Linktest.req
00 00 00 0A FF FF 00 00 00 05 00 00 0A DF 

---->>>  [IN ]
2020/08/24 02:04:39:051
Linktest.rsp
00 00 00 0A FF FF 00 00 00 06 00 00 0A DF 

<<<----  [OUT]
2020/08/24 02:04:49:065
Linktest.req
00 00 00 0A FF FF 00 00 00 05 00 00 0A E0 

---->>>  [IN ]
2020/08/24 02:04:49:066
Linktest.rsp
00 00 00 0A FF FF 00 00 00 06 00 00 0A E0 

<<<----  [OUT]
2020/08/24 02:04:59:073
Linktest.req
00 00 00 0A FF FF 00 00 00 05 00 00 0A E1 

---->>>  [IN ]
2020/08/24 02:04:59:074
Linktest.rsp
00 00 00 0A FF FF 00 00 00 06 00 00 0A E1 

---->>>  [IN ]
2020/08/24 02:05:02:097
Linktest.req
00 00 00 0A FF FF 00 00 00 05 80 00 01 FA 

<<<----  [OUT]
2020/08/24 02:05:02:097
Linktest.rsp
00 00 00 0A FF FF 00 00 00 06 80 00 01 FA 

<<<----  [OUT]
2020/08/24 02:05:09:084
Linktest.req
00 00 00 0A FF FF 00 00 00 05 00 00 0A E2 

---->>>  [IN ]
2020/08/24 02:05:09:085
Linktest.rsp
00 00 00 0A FF FF 00 00 00 06 00 00 0A E2 

<<<----  [OUT]
2020/08/24 02:05:19:098
Linktest.req
00 00 00 0A FF FF 00 00 00 05 00 00 0A E3 

---->>>  [IN ]
2020/08/24 02:05:19:099
Linktest.rsp
00 00 00 0A FF FF 00 00 00 06 00 00 0A E3 

<<<----  [OUT]
2020/08/24 02:05:29:108
Linktest.req
00 00 00 0A FF FF 00 00 00 05 00 00 0A E4 

---->>>  [IN ]
2020/08/24 02:05:29:109
Linktest.rsp
00 00 00 0A FF FF 00 00 00 06 00 00 0A E4 

<<<----  [OUT]
2020/08/24 02:05:39:117
Linktest.req
00 00 00 0A FF FF 00 00 00 05 00 00 0A E5 

---->>>  [IN ]
2020/08/24 02:05:39:118
Linktest.rsp
00 00 00 0A FF FF 00 00 00 06 00 00 0A E5 

<<<----  [OUT]
2020/08/24 02:05:49:130
Linktest.req
00 00 00 0A FF FF 00 00 00 05 00 00 0A E6 

---->>>  [IN ]
2020/08/24 02:05:49:131
Linktest.rsp
00 00 00 0A FF FF 00 00 00 06 00 00 0A E6 

<<<----  [OUT]
2020/08/24 02:05:59:148
Linktest.req
00 00 00 0A FF FF 00 00 00 05 00 00 0A E7 

---->>>  [IN ]
2020/08/24 02:05:59:149
Linktest.rsp
00 00 00 0A FF FF 00 00 00 06 00 00 0A E7 

---->>>  [IN ]
2020/08/24 02:06:02:101
Linktest.req
00 00 00 0A FF FF 00 00 00 05 80 00 01 FB 

<<<----  [OUT]
2020/08/24 02:06:02:101
Linktest.rsp
00 00 00 0A FF FF 00 00 00 06 80 00 01 FB 

<<<----  [OUT]
2020/08/24 02:06:09:162
Linktest.req
00 00 00 0A FF FF 00 00 00 05 00 00 0A E8 

---->>>  [IN ]
2020/08/24 02:06:09:163
Linktest.rsp
00 00 00 0A FF FF 00 00 00 06 00 00 0A E8 

<<<----  [OUT]
2020/08/24 02:06:19:181
Linktest.req
00 00 00 0A FF FF 00 00 00 05 00 00 0A E9 

---->>>  [IN ]
2020/08/24 02:06:19:182
Linktest.rsp
00 00 00 0A FF FF 00 00 00 06 00 00 0A E9 

<<<----  [OUT]
2020/08/24 02:06:29:198
Linktest.req
00 00 00 0A FF FF 00 00 00 05 00 00 0A EA 

---->>>  [IN ]
2020/08/24 02:06:29:199
Linktest.rsp
00 00 00 0A FF FF 00 00 00 06 00 00 0A EA 

<<<----  [OUT]
2020/08/24 02:06:39:212
Linktest.req
00 00 00 0A FF FF 00 00 00 05 00 00 0A EB 

---->>>  [IN ]
2020/08/24 02:06:39:213
Linktest.rsp
00 00 00 0A FF FF 00 00 00 06 00 00 0A EB 

<<<----  [OUT]
2020/08/24 02:06:49:228
Linktest.req
00 00 00 0A FF FF 00 00 00 05 00 00 0A EC 

---->>>  [IN ]
2020/08/24 02:06:49:229
Linktest.rsp
00 00 00 0A FF FF 00 00 00 06 00 00 0A EC 

<<<----  [OUT]
2020/08/24 02:06:59:244
Linktest.req
00 00 00 0A FF FF 00 00 00 05 00 00 0A ED 

---->>>  [IN ]
2020/08/24 02:06:59:245
Linktest.rsp
00 00 00 0A FF FF 00 00 00 06 00 00 0A ED 

---->>>  [IN ]
2020/08/24 02:07:02:100
Linktest.req
00 00 00 0A FF FF 00 00 00 05 80 00 01 FC 

<<<----  [OUT]
2020/08/24 02:07:02:100
Linktest.rsp
00 00 00 0A FF FF 00 00 00 06 80 00 01 FC 

<<<----  [OUT]
2020/08/24 02:07:09:254
Linktest.req
00 00 00 0A FF FF 00 00 00 05 00 00 0A EE 

---->>>  [IN ]
2020/08/24 02:07:09:255
Linktest.rsp
00 00 00 0A FF FF 00 00 00 06 00 00 0A EE 

<<<----  [OUT]
2020/08/24 02:07:19:266
Linktest.req
00 00 00 0A FF FF 00 00 00 05 00 00 0A EF 

---->>>  [IN ]
2020/08/24 02:07:19:267
Linktest.rsp
00 00 00 0A FF FF 00 00 00 06 00 00 0A EF 

<<<----  [OUT]
2020/08/24 02:07:29:275
Linktest.req
00 00 00 0A FF FF 00 00 00 05 00 00 0A F0 

---->>>  [IN ]
2020/08/24 02:07:29:276
Linktest.rsp
00 00 00 0A FF FF 00 00 00 06 00 00 0A F0 

<<<----  [OUT]
2020/08/24 02:07:39:292
Linktest.req
00 00 00 0A FF FF 00 00 00 05 00 00 0A F1 

---->>>  [IN ]
2020/08/24 02:07:39:292
Linktest.rsp
00 00 00 0A FF FF 00 00 00 06 00 00 0A F1 

<<<----  [OUT]
2020/08/24 02:07:49:303
Linktest.req
00 00 00 0A FF FF 00 00 00 05 00 00 0A F2 

---->>>  [IN ]
2020/08/24 02:07:49:304
Linktest.rsp
00 00 00 0A FF FF 00 00 00 06 00 00 0A F2 

<<<----  [OUT]
2020/08/24 02:07:59:317
Linktest.req
00 00 00 0A FF FF 00 00 00 05 00 00 0A F3 

---->>>  [IN ]
2020/08/24 02:07:59:318
Linktest.rsp
00 00 00 0A FF FF 00 00 00 06 00 00 0A F3 

---->>>  [IN ]
2020/08/24 02:08:02:091
Linktest.req
00 00 00 0A FF FF 00 00 00 05 80 00 01 FD 

<<<----  [OUT]
2020/08/24 02:08:02:091
Linktest.rsp
00 00 00 0A FF FF 00 00 00 06 80 00 01 FD 

<<<----  [OUT]
2020/08/24 02:08:09:329
Linktest.req
00 00 00 0A FF FF 00 00 00 05 00 00 0A F4 

---->>>  [IN ]
2020/08/24 02:08:09:330
Linktest.rsp
00 00 00 0A FF FF 00 00 00 06 00 00 0A F4 

<<<----  [OUT]
2020/08/24 02:08:19:334
Linktest.req
00 00 00 0A FF FF 00 00 00 05 00 00 0A F5 

---->>>  [IN ]
2020/08/24 02:08:19:335
Linktest.rsp
00 00 00 0A FF FF 00 00 00 06 00 00 0A F5 

<<<----  [OUT]
2020/08/24 02:08:29:347
Linktest.req
00 00 00 0A FF FF 00 00 00 05 00 00 0A F6 

---->>>  [IN ]
2020/08/24 02:08:29:348
Linktest.rsp
00 00 00 0A FF FF 00 00 00 06 00 00 0A F6 

<<<----  [OUT]
2020/08/24 02:08:39:358
Linktest.req
00 00 00 0A FF FF 00 00 00 05 00 00 0A F7 

---->>>  [IN ]
2020/08/24 02:08:39:359
Linktest.rsp
00 00 00 0A FF FF 00 00 00 06 00 00 0A F7 

<<<----  [OUT]
2020/08/24 02:08:49:364
Linktest.req
00 00 00 0A FF FF 00 00 00 05 00 00 0A F8 

---->>>  [IN ]
2020/08/24 02:08:49:365
Linktest.rsp
00 00 00 0A FF FF 00 00 00 06 00 00 0A F8 

<<<----  [OUT]
2020/08/24 02:08:59:380
Linktest.req
00 00 00 0A FF FF 00 00 00 05 00 00 0A F9 

---->>>  [IN ]
2020/08/24 02:08:59:381
Linktest.rsp
00 00 00 0A FF FF 00 00 00 06 00 00 0A F9 

---->>>  [IN ]
2020/08/24 02:09:02:097
Linktest.req
00 00 00 0A FF FF 00 00 00 05 80 00 01 FE 

<<<----  [OUT]
2020/08/24 02:09:02:097
Linktest.rsp
00 00 00 0A FF FF 00 00 00 06 80 00 01 FE 

<<<----  [OUT]
2020/08/24 02:09:09:392
Linktest.req
00 00 00 0A FF FF 00 00 00 05 00 00 0A FA 

---->>>  [IN ]
2020/08/24 02:09:09:393
Linktest.rsp
00 00 00 0A FF FF 00 00 00 06 00 00 0A FA 

<<<----  [OUT]
2020/08/24 02:09:19:406
Linktest.req
00 00 00 0A FF FF 00 00 00 05 00 00 0A FB 

---->>>  [IN ]
2020/08/24 02:09:19:407
Linktest.rsp
00 00 00 0A FF FF 00 00 00 06 00 00 0A FB 

<<<----  [OUT]
2020/08/24 02:09:29:418
Linktest.req
00 00 00 0A FF FF 00 00 00 05 00 00 0A FC 

---->>>  [IN ]
2020/08/24 02:09:29:419
Linktest.rsp
00 00 00 0A FF FF 00 00 00 06 00 00 0A FC 

<<<----  [OUT]
2020/08/24 02:09:39:428
Linktest.req
00 00 00 0A FF FF 00 00 00 05 00 00 0A FD 

---->>>  [IN ]
2020/08/24 02:09:39:429
Linktest.rsp
00 00 00 0A FF FF 00 00 00 06 00 00 0A FD 

<<<----  [OUT]
2020/08/24 02:09:49:441
Linktest.req
00 00 00 0A FF FF 00 00 00 05 00 00 0A FE 

---->>>  [IN ]
2020/08/24 02:09:49:442
Linktest.rsp
00 00 00 0A FF FF 00 00 00 06 00 00 0A FE 

<<<----  [OUT]
2020/08/24 02:09:59:445
Linktest.req
00 00 00 0A FF FF 00 00 00 05 00 00 0A FF 

---->>>  [IN ]
2020/08/24 02:09:59:446
Linktest.rsp
00 00 00 0A FF FF 00 00 00 06 00 00 0A FF 

---->>>  [IN ]
2020/08/24 02:10:02:102
Linktest.req
00 00 00 0A FF FF 00 00 00 05 80 00 01 FF 

<<<----  [OUT]
2020/08/24 02:10:02:102
Linktest.rsp
00 00 00 0A FF FF 00 00 00 06 80 00 01 FF 

<<<----  [OUT]
2020/08/24 02:10:09:453
Linktest.req
00 00 00 0A FF FF 00 00 00 05 00 00 0B 00 

---->>>  [IN ]
2020/08/24 02:10:09:454
Linktest.rsp
00 00 00 0A FF FF 00 00 00 06 00 00 0B 00 

<<<----  [OUT]
2020/08/24 02:10:19:465
Linktest.req
00 00 00 0A FF FF 00 00 00 05 00 00 0B 01 

---->>>  [IN ]
2020/08/24 02:10:19:466
Linktest.rsp
00 00 00 0A FF FF 00 00 00 06 00 00 0B 01 

<<<----  [OUT]
2020/08/24 02:10:29:479
Linktest.req
00 00 00 0A FF FF 00 00 00 05 00 00 0B 02 

---->>>  [IN ]
2020/08/24 02:10:29:480
Linktest.rsp
00 00 00 0A FF FF 00 00 00 06 00 00 0B 02 

<<<----  [OUT]
2020/08/24 02:10:39:489
Linktest.req
00 00 00 0A FF FF 00 00 00 05 00 00 0B 03 

---->>>  [IN ]
2020/08/24 02:10:39:490
Linktest.rsp
00 00 00 0A FF FF 00 00 00 06 00 00 0B 03 

<<<----  [OUT]
2020/08/24 02:10:49:502
Linktest.req
00 00 00 0A FF FF 00 00 00 05 00 00 0B 04 

---->>>  [IN ]
2020/08/24 02:10:49:503
Linktest.rsp
00 00 00 0A FF FF 00 00 00 06 00 00 0B 04 

<<<----  [OUT]
2020/08/24 02:10:59:518
Linktest.req
00 00 00 0A FF FF 00 00 00 05 00 00 0B 05 

---->>>  [IN ]
2020/08/24 02:10:59:519
Linktest.rsp
00 00 00 0A FF FF 00 00 00 06 00 00 0B 05 

---->>>  [IN ]
2020/08/24 02:11:02:091
Linktest.req
00 00 00 0A FF FF 00 00 00 05 80 00 02 00 

<<<----  [OUT]
2020/08/24 02:11:02:091
Linktest.rsp
00 00 00 0A FF FF 00 00 00 06 80 00 02 00 

<<<----  [OUT]
2020/08/24 02:11:09:531
Linktest.req
00 00 00 0A FF FF 00 00 00 05 00 00 0B 06 

---->>>  [IN ]
2020/08/24 02:11:09:532
Linktest.rsp
00 00 00 0A FF FF 00 00 00 06 00 00 0B 06 

<<<----  [OUT]
2020/08/24 02:11:19:547
Linktest.req
00 00 00 0A FF FF 00 00 00 05 00 00 0B 07 

---->>>  [IN ]
2020/08/24 02:11:19:548
Linktest.rsp
00 00 00 0A FF FF 00 00 00 06 00 00 0B 07 

<<<----  [OUT]
2020/08/24 02:11:29:557
Linktest.req
00 00 00 0A FF FF 00 00 00 05 00 00 0B 08 

---->>>  [IN ]
2020/08/24 02:11:29:558
Linktest.rsp
00 00 00 0A FF FF 00 00 00 06 00 00 0B 08 

<<<----  [OUT]
2020/08/24 02:11:39:569
Linktest.req
00 00 00 0A FF FF 00 00 00 05 00 00 0B 09 

---->>>  [IN ]
2020/08/24 02:11:39:570
Linktest.rsp
00 00 00 0A FF FF 00 00 00 06 00 00 0B 09 

<<<----  [OUT]
2020/08/24 02:11:49:581
Linktest.req
00 00 00 0A FF FF 00 00 00 05 00 00 0B 0A 

---->>>  [IN ]
2020/08/24 02:11:49:582
Linktest.rsp
00 00 00 0A FF FF 00 00 00 06 00 00 0B 0A 

<<<----  [OUT]
2020/08/24 02:11:59:594
Linktest.req
00 00 00 0A FF FF 00 00 00 05 00 00 0B 0B 

---->>>  [IN ]
2020/08/24 02:11:59:595
Linktest.rsp
00 00 00 0A FF FF 00 00 00 06 00 00 0B 0B 

---->>>  [IN ]
2020/08/24 02:12:02:101
Linktest.req
00 00 00 0A FF FF 00 00 00 05 80 00 02 01 

<<<----  [OUT]
2020/08/24 02:12:02:101
Linktest.rsp
00 00 00 0A FF FF 00 00 00 06 80 00 02 01 

<<<----  [OUT]
2020/08/24 02:12:09:610
Linktest.req
00 00 00 0A FF FF 00 00 00 05 00 00 0B 0C 

---->>>  [IN ]
2020/08/24 02:12:09:611
Linktest.rsp
00 00 00 0A FF FF 00 00 00 06 00 00 0B 0C 

<<<----  [OUT]
2020/08/24 02:12:19:624
Linktest.req
00 00 00 0A FF FF 00 00 00 05 00 00 0B 0D 

---->>>  [IN ]
2020/08/24 02:12:19:625
Linktest.rsp
00 00 00 0A FF FF 00 00 00 06 00 00 0B 0D 

<<<----  [OUT]
2020/08/24 02:12:29:636
Linktest.req
00 00 00 0A FF FF 00 00 00 05 00 00 0B 0E 

---->>>  [IN ]
2020/08/24 02:12:29:637
Linktest.rsp
00 00 00 0A FF FF 00 00 00 06 00 00 0B 0E 

<<<----  [OUT]
2020/08/24 02:12:39:654
Linktest.req
00 00 00 0A FF FF 00 00 00 05 00 00 0B 0F 

---->>>  [IN ]
2020/08/24 02:12:39:655
Linktest.rsp
00 00 00 0A FF FF 00 00 00 06 00 00 0B 0F 

<<<----  [OUT]
2020/08/24 02:12:49:669
Linktest.req
00 00 00 0A FF FF 00 00 00 05 00 00 0B 10 

---->>>  [IN ]
2020/08/24 02:12:49:670
Linktest.rsp
00 00 00 0A FF FF 00 00 00 06 00 00 0B 10 

<<<----  [OUT]
2020/08/24 02:12:59:682
Linktest.req
00 00 00 0A FF FF 00 00 00 05 00 00 0B 11 

---->>>  [IN ]
2020/08/24 02:12:59:683
Linktest.rsp
00 00 00 0A FF FF 00 00 00 06 00 00 0B 11 

---->>>  [IN ]
2020/08/24 02:13:02:090
Linktest.req
00 00 00 0A FF FF 00 00 00 05 80 00 02 02 

<<<----  [OUT]
2020/08/24 02:13:02:090
Linktest.rsp
00 00 00 0A FF FF 00 00 00 06 80 00 02 02 

<<<----  [OUT]
2020/08/24 02:13:09:696
Linktest.req
00 00 00 0A FF FF 00 00 00 05 00 00 0B 12 

---->>>  [IN ]
2020/08/24 02:13:09:697
Linktest.rsp
00 00 00 0A FF FF 00 00 00 06 00 00 0B 12 

<<<----  [OUT]
2020/08/24 02:13:19:709
Linktest.req
00 00 00 0A FF FF 00 00 00 05 00 00 0B 13 

---->>>  [IN ]
2020/08/24 02:13:19:710
Linktest.rsp
00 00 00 0A FF FF 00 00 00 06 00 00 0B 13 

<<<----  [OUT]
2020/08/24 02:13:29:723
Linktest.req
00 00 00 0A FF FF 00 00 00 05 00 00 0B 14 

---->>>  [IN ]
2020/08/24 02:13:29:724
Linktest.rsp
00 00 00 0A FF FF 00 00 00 06 00 00 0B 14 

<<<----  [OUT]
2020/08/24 02:13:39:730
Linktest.req
00 00 00 0A FF FF 00 00 00 05 00 00 0B 15 

---->>>  [IN ]
2020/08/24 02:13:39:731
Linktest.rsp
00 00 00 0A FF FF 00 00 00 06 00 00 0B 15 

<<<----  [OUT]
2020/08/24 02:13:49:739
Linktest.req
00 00 00 0A FF FF 00 00 00 05 00 00 0B 16 

---->>>  [IN ]
2020/08/24 02:13:49:740
Linktest.rsp
00 00 00 0A FF FF 00 00 00 06 00 00 0B 16 

<<<----  [OUT]
2020/08/24 02:13:59:752
Linktest.req
00 00 00 0A FF FF 00 00 00 05 00 00 0B 17 

---->>>  [IN ]
2020/08/24 02:13:59:753
Linktest.rsp
00 00 00 0A FF FF 00 00 00 06 00 00 0B 17 

---->>>  [IN ]
2020/08/24 02:14:02:098
Linktest.req
00 00 00 0A FF FF 00 00 00 05 80 00 02 03 

<<<----  [OUT]
2020/08/24 02:14:02:098
Linktest.rsp
00 00 00 0A FF FF 00 00 00 06 80 00 02 03 

<<<----  [OUT]
2020/08/24 02:14:09:767
Linktest.req
00 00 00 0A FF FF 00 00 00 05 00 00 0B 18 

---->>>  [IN ]
2020/08/24 02:14:09:768
Linktest.rsp
00 00 00 0A FF FF 00 00 00 06 00 00 0B 18 

<<<----  [OUT]
2020/08/24 02:14:19:780
Linktest.req
00 00 00 0A FF FF 00 00 00 05 00 00 0B 19 

---->>>  [IN ]
2020/08/24 02:14:19:781
Linktest.rsp
00 00 00 0A FF FF 00 00 00 06 00 00 0B 19 

<<<----  [OUT]
2020/08/24 02:14:29:793
Linktest.req
00 00 00 0A FF FF 00 00 00 05 00 00 0B 1A 

---->>>  [IN ]
2020/08/24 02:14:29:794
Linktest.rsp
00 00 00 0A FF FF 00 00 00 06 00 00 0B 1A 

<<<----  [OUT]
2020/08/24 02:14:39:802
Linktest.req
00 00 00 0A FF FF 00 00 00 05 00 00 0B 1B 

---->>>  [IN ]
2020/08/24 02:14:39:803
Linktest.rsp
00 00 00 0A FF FF 00 00 00 06 00 00 0B 1B 

<<<----  [OUT]
2020/08/24 02:14:49:816
Linktest.req
00 00 00 0A FF FF 00 00 00 05 00 00 0B 1C 

---->>>  [IN ]
2020/08/24 02:14:49:817
Linktest.rsp
00 00 00 0A FF FF 00 00 00 06 00 00 0B 1C 

<<<----  [OUT]
2020/08/24 02:14:59:831
Linktest.req
00 00 00 0A FF FF 00 00 00 05 00 00 0B 1D 

---->>>  [IN ]
2020/08/24 02:14:59:832
Linktest.rsp
00 00 00 0A FF FF 00 00 00 06 00 00 0B 1D 

---->>>  [IN ]
2020/08/24 02:15:02:100
Linktest.req
00 00 00 0A FF FF 00 00 00 05 80 00 02 04 

<<<----  [OUT]
2020/08/24 02:15:02:100
Linktest.rsp
00 00 00 0A FF FF 00 00 00 06 80 00 02 04 

<<<----  [OUT]
2020/08/24 02:15:09:848
Linktest.req
00 00 00 0A FF FF 00 00 00 05 00 00 0B 1E 

---->>>  [IN ]
2020/08/24 02:15:09:849
Linktest.rsp
00 00 00 0A FF FF 00 00 00 06 00 00 0B 1E 

<<<----  [OUT]
2020/08/24 02:15:19:864
Linktest.req
00 00 00 0A FF FF 00 00 00 05 00 00 0B 1F 

---->>>  [IN ]
2020/08/24 02:15:19:865
Linktest.rsp
00 00 00 0A FF FF 00 00 00 06 00 00 0B 1F 

<<<----  [OUT]
2020/08/24 02:15:29:878
Linktest.req
00 00 00 0A FF FF 00 00 00 05 00 00 0B 20 

---->>>  [IN ]
2020/08/24 02:15:29:879
Linktest.rsp
00 00 00 0A FF FF 00 00 00 06 00 00 0B 20 

<<<----  [OUT]
2020/08/24 02:15:39:897
Linktest.req
00 00 00 0A FF FF 00 00 00 05 00 00 0B 21 

---->>>  [IN ]
2020/08/24 02:15:39:898
Linktest.rsp
00 00 00 0A FF FF 00 00 00 06 00 00 0B 21 

<<<----  [OUT]
2020/08/24 02:15:49:917
Linktest.req
00 00 00 0A FF FF 00 00 00 05 00 00 0B 22 

---->>>  [IN ]
2020/08/24 02:15:49:918
Linktest.rsp
00 00 00 0A FF FF 00 00 00 06 00 00 0B 22 

<<<----  [OUT]
2020/08/24 02:15:59:931
Linktest.req
00 00 00 0A FF FF 00 00 00 05 00 00 0B 23 

---->>>  [IN ]
2020/08/24 02:15:59:932
Linktest.rsp
00 00 00 0A FF FF 00 00 00 06 00 00 0B 23 

---->>>  [IN ]
2020/08/24 02:16:02:091
Linktest.req
00 00 00 0A FF FF 00 00 00 05 80 00 02 05 

<<<----  [OUT]
2020/08/24 02:16:02:091
Linktest.rsp
00 00 00 0A FF FF 00 00 00 06 80 00 02 05 

<<<----  [OUT]
2020/08/24 02:16:09:947
Linktest.req
00 00 00 0A FF FF 00 00 00 05 00 00 0B 24 

---->>>  [IN ]
2020/08/24 02:16:09:948
Linktest.rsp
00 00 00 0A FF FF 00 00 00 06 00 00 0B 24 

<<<----  [OUT]
2020/08/24 02:16:19:961
Linktest.req
00 00 00 0A FF FF 00 00 00 05 00 00 0B 25 

---->>>  [IN ]
2020/08/24 02:16:19:962
Linktest.rsp
00 00 00 0A FF FF 00 00 00 06 00 00 0B 25 

<<<----  [OUT]
2020/08/24 02:16:29:976
Linktest.req
00 00 00 0A FF FF 00 00 00 05 00 00 0B 26 

---->>>  [IN ]
2020/08/24 02:16:29:977
Linktest.rsp
00 00 00 0A FF FF 00 00 00 06 00 00 0B 26 

<<<----  [OUT]
2020/08/24 02:16:39:989
Linktest.req
00 00 00 0A FF FF 00 00 00 05 00 00 0B 27 

---->>>  [IN ]
2020/08/24 02:16:39:990
Linktest.rsp
00 00 00 0A FF FF 00 00 00 06 00 00 0B 27 

<<<----  [OUT]
2020/08/24 02:16:50:005
Linktest.req
00 00 00 0A FF FF 00 00 00 05 00 00 0B 28 

---->>>  [IN ]
2020/08/24 02:16:50:006
Linktest.rsp
00 00 00 0A FF FF 00 00 00 06 00 00 0B 28 

<<<----  [OUT]
2020/08/24 02:17:00:019
Linktest.req
00 00 00 0A FF FF 00 00 00 05 00 00 0B 29 

---->>>  [IN ]
2020/08/24 02:17:00:020
Linktest.rsp
00 00 00 0A FF FF 00 00 00 06 00 00 0B 29 

---->>>  [IN ]
2020/08/24 02:17:02:099
Linktest.req
00 00 00 0A FF FF 00 00 00 05 80 00 02 06 

<<<----  [OUT]
2020/08/24 02:17:02:099
Linktest.rsp
00 00 00 0A FF FF 00 00 00 06 80 00 02 06 

<<<----  [OUT]
2020/08/24 02:17:10:031
Linktest.req
00 00 00 0A FF FF 00 00 00 05 00 00 0B 2A 

---->>>  [IN ]
2020/08/24 02:17:10:032
Linktest.rsp
00 00 00 0A FF FF 00 00 00 06 00 00 0B 2A 

<<<----  [OUT]
2020/08/24 02:17:20:045
Linktest.req
00 00 00 0A FF FF 00 00 00 05 00 00 0B 2B 

---->>>  [IN ]
2020/08/24 02:17:20:046
Linktest.rsp
00 00 00 0A FF FF 00 00 00 06 00 00 0B 2B 

<<<----  [OUT]
2020/08/24 02:17:30:062
Linktest.req
00 00 00 0A FF FF 00 00 00 05 00 00 0B 2C 

---->>>  [IN ]
2020/08/24 02:17:30:063
Linktest.rsp
00 00 00 0A FF FF 00 00 00 06 00 00 0B 2C 

<<<----  [OUT]
2020/08/24 02:17:40:074
Linktest.req
00 00 00 0A FF FF 00 00 00 05 00 00 0B 2D 

---->>>  [IN ]
2020/08/24 02:17:40:075
Linktest.rsp
00 00 00 0A FF FF 00 00 00 06 00 00 0B 2D 

<<<----  [OUT]
2020/08/24 02:17:50:084
Linktest.req
00 00 00 0A FF FF 00 00 00 05 00 00 0B 2E 

---->>>  [IN ]
2020/08/24 02:17:50:085
Linktest.rsp
00 00 00 0A FF FF 00 00 00 06 00 00 0B 2E 

<<<----  [OUT]
2020/08/24 02:18:00:097
Linktest.req
00 00 00 0A FF FF 00 00 00 05 00 00 0B 2F 

---->>>  [IN ]
2020/08/24 02:18:00:098
Linktest.rsp
00 00 00 0A FF FF 00 00 00 06 00 00 0B 2F 

---->>>  [IN ]
2020/08/24 02:18:02:089
Linktest.req
00 00 00 0A FF FF 00 00 00 05 80 00 02 07 

<<<----  [OUT]
2020/08/24 02:18:02:089
Linktest.rsp
00 00 00 0A FF FF 00 00 00 06 80 00 02 07 

<<<----  [OUT]
2020/08/24 02:18:10:112
Linktest.req
00 00 00 0A FF FF 00 00 00 05 00 00 0B 30 

---->>>  [IN ]
2020/08/24 02:18:10:113
Linktest.rsp
00 00 00 0A FF FF 00 00 00 06 00 00 0B 30 

<<<----  [OUT]
2020/08/24 02:18:20:122
Linktest.req
00 00 00 0A FF FF 00 00 00 05 00 00 0B 31 

---->>>  [IN ]
2020/08/24 02:18:20:123
Linktest.rsp
00 00 00 0A FF FF 00 00 00 06 00 00 0B 31 

<<<----  [OUT]
2020/08/24 02:18:30:137
Linktest.req
00 00 00 0A FF FF 00 00 00 05 00 00 0B 32 

---->>>  [IN ]
2020/08/24 02:18:30:138
Linktest.rsp
00 00 00 0A FF FF 00 00 00 06 00 00 0B 32 

<<<----  [OUT]
2020/08/24 02:18:40:145
Linktest.req
00 00 00 0A FF FF 00 00 00 05 00 00 0B 33 

---->>>  [IN ]
2020/08/24 02:18:40:146
Linktest.rsp
00 00 00 0A FF FF 00 00 00 06 00 00 0B 33 

<<<----  [OUT]
2020/08/24 02:18:50:157
Linktest.req
00 00 00 0A FF FF 00 00 00 05 00 00 0B 34 

---->>>  [IN ]
2020/08/24 02:18:50:158
Linktest.rsp
00 00 00 0A FF FF 00 00 00 06 00 00 0B 34 

<<<----  [OUT]
2020/08/24 02:19:00:175
Linktest.req
00 00 00 0A FF FF 00 00 00 05 00 00 0B 35 

---->>>  [IN ]
2020/08/24 02:19:00:176
Linktest.rsp
00 00 00 0A FF FF 00 00 00 06 00 00 0B 35 

---->>>  [IN ]
2020/08/24 02:19:02:091
Linktest.req
00 00 00 0A FF FF 00 00 00 05 80 00 02 08 

<<<----  [OUT]
2020/08/24 02:19:02:091
Linktest.rsp
00 00 00 0A FF FF 00 00 00 06 80 00 02 08 

<<<----  [OUT]
2020/08/24 02:19:10:191
Linktest.req
00 00 00 0A FF FF 00 00 00 05 00 00 0B 36 

---->>>  [IN ]
2020/08/24 02:19:10:192
Linktest.rsp
00 00 00 0A FF FF 00 00 00 06 00 00 0B 36 

<<<----  [OUT]
2020/08/24 02:19:20:207
Linktest.req
00 00 00 0A FF FF 00 00 00 05 00 00 0B 37 

---->>>  [IN ]
2020/08/24 02:19:20:208
Linktest.rsp
00 00 00 0A FF FF 00 00 00 06 00 00 0B 37 

<<<----  [OUT]
2020/08/24 02:19:30:224
Linktest.req
00 00 00 0A FF FF 00 00 00 05 00 00 0B 38 

---->>>  [IN ]
2020/08/24 02:19:30:225
Linktest.rsp
00 00 00 0A FF FF 00 00 00 06 00 00 0B 38 

<<<----  [OUT]
2020/08/24 02:19:40:239
Linktest.req
00 00 00 0A FF FF 00 00 00 05 00 00 0B 39 

---->>>  [IN ]
2020/08/24 02:19:40:240
Linktest.rsp
00 00 00 0A FF FF 00 00 00 06 00 00 0B 39 

<<<----  [OUT]
2020/08/24 02:19:50:249
Linktest.req
00 00 00 0A FF FF 00 00 00 05 00 00 0B 3A 

---->>>  [IN ]
2020/08/24 02:19:50:250
Linktest.rsp
00 00 00 0A FF FF 00 00 00 06 00 00 0B 3A 

<<<----  [OUT]
2020/08/24 02:20:00:265
Linktest.req
00 00 00 0A FF FF 00 00 00 05 00 00 0B 3B 

---->>>  [IN ]
2020/08/24 02:20:00:265
Linktest.rsp
00 00 00 0A FF FF 00 00 00 06 00 00 0B 3B 

---->>>  [IN ]
2020/08/24 02:20:02:092
Linktest.req
00 00 00 0A FF FF 00 00 00 05 80 00 02 09 

<<<----  [OUT]
2020/08/24 02:20:02:092
Linktest.rsp
00 00 00 0A FF FF 00 00 00 06 80 00 02 09 

<<<----  [OUT]
2020/08/24 02:20:10:283
Linktest.req
00 00 00 0A FF FF 00 00 00 05 00 00 0B 3C 

---->>>  [IN ]
2020/08/24 02:20:10:284
Linktest.rsp
00 00 00 0A FF FF 00 00 00 06 00 00 0B 3C 

<<<----  [OUT]
2020/08/24 02:20:20:300
Linktest.req
00 00 00 0A FF FF 00 00 00 05 00 00 0B 3D 

---->>>  [IN ]
2020/08/24 02:20:20:301
Linktest.rsp
00 00 00 0A FF FF 00 00 00 06 00 00 0B 3D 

<<<----  [OUT]
2020/08/24 02:20:30:317
Linktest.req
00 00 00 0A FF FF 00 00 00 05 00 00 0B 3E 

---->>>  [IN ]
2020/08/24 02:20:30:318
Linktest.rsp
00 00 00 0A FF FF 00 00 00 06 00 00 0B 3E 

<<<----  [OUT]
2020/08/24 02:20:40:332
Linktest.req
00 00 00 0A FF FF 00 00 00 05 00 00 0B 3F 

---->>>  [IN ]
2020/08/24 02:20:40:333
Linktest.rsp
00 00 00 0A FF FF 00 00 00 06 00 00 0B 3F 

<<<----  [OUT]
2020/08/24 02:20:50:345
Linktest.req
00 00 00 0A FF FF 00 00 00 05 00 00 0B 40 

---->>>  [IN ]
2020/08/24 02:20:50:346
Linktest.rsp
00 00 00 0A FF FF 00 00 00 06 00 00 0B 40 

<<<----  [OUT]
2020/08/24 02:21:00:362
Linktest.req
00 00 00 0A FF FF 00 00 00 05 00 00 0B 41 

---->>>  [IN ]
2020/08/24 02:21:00:363
Linktest.rsp
00 00 00 0A FF FF 00 00 00 06 00 00 0B 41 

---->>>  [IN ]
2020/08/24 02:21:02:099
Linktest.req
00 00 00 0A FF FF 00 00 00 05 80 00 02 0A 

<<<----  [OUT]
2020/08/24 02:21:02:099
Linktest.rsp
00 00 00 0A FF FF 00 00 00 06 80 00 02 0A 

<<<----  [OUT]
2020/08/24 02:21:10:379
Linktest.req
00 00 00 0A FF FF 00 00 00 05 00 00 0B 42 

---->>>  [IN ]
2020/08/24 02:21:10:380
Linktest.rsp
00 00 00 0A FF FF 00 00 00 06 00 00 0B 42 

<<<----  [OUT]
2020/08/24 02:21:20:392
Linktest.req
00 00 00 0A FF FF 00 00 00 05 00 00 0B 43 

---->>>  [IN ]
2020/08/24 02:21:20:393
Linktest.rsp
00 00 00 0A FF FF 00 00 00 06 00 00 0B 43 

<<<----  [OUT]
2020/08/24 02:21:30:403
Linktest.req
00 00 00 0A FF FF 00 00 00 05 00 00 0B 44 

---->>>  [IN ]
2020/08/24 02:21:30:404
Linktest.rsp
00 00 00 0A FF FF 00 00 00 06 00 00 0B 44 

<<<----  [OUT]
2020/08/24 02:21:40:419
Linktest.req
00 00 00 0A FF FF 00 00 00 05 00 00 0B 45 

---->>>  [IN ]
2020/08/24 02:21:40:420
Linktest.rsp
00 00 00 0A FF FF 00 00 00 06 00 00 0B 45 

<<<----  [OUT]
2020/08/24 02:21:50:425
Linktest.req
00 00 00 0A FF FF 00 00 00 05 00 00 0B 46 

---->>>  [IN ]
2020/08/24 02:21:50:426
Linktest.rsp
00 00 00 0A FF FF 00 00 00 06 00 00 0B 46 

<<<----  [OUT]
2020/08/24 02:22:00:439
Linktest.req
00 00 00 0A FF FF 00 00 00 05 00 00 0B 47 

---->>>  [IN ]
2020/08/24 02:22:00:440
Linktest.rsp
00 00 00 0A FF FF 00 00 00 06 00 00 0B 47 

---->>>  [IN ]
2020/08/24 02:22:02:102
Linktest.req
00 00 00 0A FF FF 00 00 00 05 80 00 02 0B 

<<<----  [OUT]
2020/08/24 02:22:02:102
Linktest.rsp
00 00 00 0A FF FF 00 00 00 06 80 00 02 0B 

<<<----  [OUT]
2020/08/24 02:22:10:455
Linktest.req
00 00 00 0A FF FF 00 00 00 05 00 00 0B 48 

---->>>  [IN ]
2020/08/24 02:22:10:456
Linktest.rsp
00 00 00 0A FF FF 00 00 00 06 00 00 0B 48 

<<<----  [OUT]
2020/08/24 02:22:20:464
Linktest.req
00 00 00 0A FF FF 00 00 00 05 00 00 0B 49 

---->>>  [IN ]
2020/08/24 02:22:20:465
Linktest.rsp
00 00 00 0A FF FF 00 00 00 06 00 00 0B 49 

<<<----  [OUT]
2020/08/24 02:22:30:477
Linktest.req
00 00 00 0A FF FF 00 00 00 05 00 00 0B 4A 

---->>>  [IN ]
2020/08/24 02:22:30:478
Linktest.rsp
00 00 00 0A FF FF 00 00 00 06 00 00 0B 4A 

<<<----  [OUT]
2020/08/24 02:22:40:491
Linktest.req
00 00 00 0A FF FF 00 00 00 05 00 00 0B 4B 

---->>>  [IN ]
2020/08/24 02:22:40:492
Linktest.rsp
00 00 00 0A FF FF 00 00 00 06 00 00 0B 4B 

<<<----  [OUT]
2020/08/24 02:22:50:505
Linktest.req
00 00 00 0A FF FF 00 00 00 05 00 00 0B 4C 

---->>>  [IN ]
2020/08/24 02:22:50:507
Linktest.rsp
00 00 00 0A FF FF 00 00 00 06 00 00 0B 4C 

<<<----  [OUT]
2020/08/24 02:23:00:519
Linktest.req
00 00 00 0A FF FF 00 00 00 05 00 00 0B 4D 

---->>>  [IN ]
2020/08/24 02:23:00:520
Linktest.rsp
00 00 00 0A FF FF 00 00 00 06 00 00 0B 4D 

---->>>  [IN ]
2020/08/24 02:23:02:112
Linktest.req
00 00 00 0A FF FF 00 00 00 05 80 00 02 0C 

<<<----  [OUT]
2020/08/24 02:23:02:112
Linktest.rsp
00 00 00 0A FF FF 00 00 00 06 80 00 02 0C 

<<<----  [OUT]
2020/08/24 02:23:10:532
Linktest.req
00 00 00 0A FF FF 00 00 00 05 00 00 0B 4E 

---->>>  [IN ]
2020/08/24 02:23:10:533
Linktest.rsp
00 00 00 0A FF FF 00 00 00 06 00 00 0B 4E 

<<<----  [OUT]
2020/08/24 02:23:20:547
Linktest.req
00 00 00 0A FF FF 00 00 00 05 00 00 0B 4F 

---->>>  [IN ]
2020/08/24 02:23:20:548
Linktest.rsp
00 00 00 0A FF FF 00 00 00 06 00 00 0B 4F 

<<<----  [OUT]
2020/08/24 02:23:30:563
Linktest.req
00 00 00 0A FF FF 00 00 00 05 00 00 0B 50 

---->>>  [IN ]
2020/08/24 02:23:30:564
Linktest.rsp
00 00 00 0A FF FF 00 00 00 06 00 00 0B 50 

<<<----  [OUT]
2020/08/24 02:23:40:577
Linktest.req
00 00 00 0A FF FF 00 00 00 05 00 00 0B 51 

---->>>  [IN ]
2020/08/24 02:23:40:578
Linktest.rsp
00 00 00 0A FF FF 00 00 00 06 00 00 0B 51 

<<<----  [OUT]
2020/08/24 02:23:50:593
Linktest.req
00 00 00 0A FF FF 00 00 00 05 00 00 0B 52 

---->>>  [IN ]
2020/08/24 02:23:50:594
Linktest.rsp
00 00 00 0A FF FF 00 00 00 06 00 00 0B 52 

<<<----  [OUT]
2020/08/24 02:24:00:608
Linktest.req
00 00 00 0A FF FF 00 00 00 05 00 00 0B 53 

---->>>  [IN ]
2020/08/24 02:24:00:609
Linktest.rsp
00 00 00 0A FF FF 00 00 00 06 00 00 0B 53 

---->>>  [IN ]
2020/08/24 02:24:02:111
Linktest.req
00 00 00 0A FF FF 00 00 00 05 80 00 02 0D 

<<<----  [OUT]
2020/08/24 02:24:02:111
Linktest.rsp
00 00 00 0A FF FF 00 00 00 06 80 00 02 0D 

<<<----  [OUT]
2020/08/24 02:24:10:618
Linktest.req
00 00 00 0A FF FF 00 00 00 05 00 00 0B 54 

---->>>  [IN ]
2020/08/24 02:24:10:619
Linktest.rsp
00 00 00 0A FF FF 00 00 00 06 00 00 0B 54 

<<<----  [OUT]
2020/08/24 02:24:20:632
Linktest.req
00 00 00 0A FF FF 00 00 00 05 00 00 0B 55 

---->>>  [IN ]
2020/08/24 02:24:20:633
Linktest.rsp
00 00 00 0A FF FF 00 00 00 06 00 00 0B 55 

<<<----  [OUT]
2020/08/24 02:24:30:651
Linktest.req
00 00 00 0A FF FF 00 00 00 05 00 00 0B 56 

---->>>  [IN ]
2020/08/24 02:24:30:652
Linktest.rsp
00 00 00 0A FF FF 00 00 00 06 00 00 0B 56 

<<<----  [OUT]
2020/08/24 02:24:40:666
Linktest.req
00 00 00 0A FF FF 00 00 00 05 00 00 0B 57 

---->>>  [IN ]
2020/08/24 02:24:40:667
Linktest.rsp
00 00 00 0A FF FF 00 00 00 06 00 00 0B 57 

<<<----  [OUT]
2020/08/24 02:24:50:676
Linktest.req
00 00 00 0A FF FF 00 00 00 05 00 00 0B 58 

---->>>  [IN ]
2020/08/24 02:24:50:677
Linktest.rsp
00 00 00 0A FF FF 00 00 00 06 00 00 0B 58 

<<<----  [OUT]
2020/08/24 02:25:00:692
Linktest.req
00 00 00 0A FF FF 00 00 00 05 00 00 0B 59 

---->>>  [IN ]
2020/08/24 02:25:00:693
Linktest.rsp
00 00 00 0A FF FF 00 00 00 06 00 00 0B 59 

---->>>  [IN ]
2020/08/24 02:25:02:117
Linktest.req
00 00 00 0A FF FF 00 00 00 05 80 00 02 0E 

<<<----  [OUT]
2020/08/24 02:25:02:117
Linktest.rsp
00 00 00 0A FF FF 00 00 00 06 80 00 02 0E 

<<<----  [OUT]
2020/08/24 02:25:10:709
Linktest.req
00 00 00 0A FF FF 00 00 00 05 00 00 0B 5A 

---->>>  [IN ]
2020/08/24 02:25:10:710
Linktest.rsp
00 00 00 0A FF FF 00 00 00 06 00 00 0B 5A 

<<<----  [OUT]
2020/08/24 02:25:20:722
Linktest.req
00 00 00 0A FF FF 00 00 00 05 00 00 0B 5B 

---->>>  [IN ]
2020/08/24 02:25:20:723
Linktest.rsp
00 00 00 0A FF FF 00 00 00 06 00 00 0B 5B 

<<<----  [OUT]
2020/08/24 02:25:30:739
Linktest.req
00 00 00 0A FF FF 00 00 00 05 00 00 0B 5C 

---->>>  [IN ]
2020/08/24 02:25:30:740
Linktest.rsp
00 00 00 0A FF FF 00 00 00 06 00 00 0B 5C 

<<<----  [OUT]
2020/08/24 02:25:40:756
Linktest.req
00 00 00 0A FF FF 00 00 00 05 00 00 0B 5D 

---->>>  [IN ]
2020/08/24 02:25:40:757
Linktest.rsp
00 00 00 0A FF FF 00 00 00 06 00 00 0B 5D 

<<<----  [OUT]
2020/08/24 02:25:50:768
Linktest.req
00 00 00 0A FF FF 00 00 00 05 00 00 0B 5E 

---->>>  [IN ]
2020/08/24 02:25:50:769
Linktest.rsp
00 00 00 0A FF FF 00 00 00 06 00 00 0B 5E 

<<<----  [OUT]
2020/08/24 02:26:00:784
Linktest.req
00 00 00 0A FF FF 00 00 00 05 00 00 0B 5F 

---->>>  [IN ]
2020/08/24 02:26:00:785
Linktest.rsp
00 00 00 0A FF FF 00 00 00 06 00 00 0B 5F 

---->>>  [IN ]
2020/08/24 02:26:02:121
Linktest.req
00 00 00 0A FF FF 00 00 00 05 80 00 02 0F 

<<<----  [OUT]
2020/08/24 02:26:02:121
Linktest.rsp
00 00 00 0A FF FF 00 00 00 06 80 00 02 0F 

<<<----  [OUT]
2020/08/24 02:26:10:798
Linktest.req
00 00 00 0A FF FF 00 00 00 05 00 00 0B 60 

---->>>  [IN ]
2020/08/24 02:26:10:799
Linktest.rsp
00 00 00 0A FF FF 00 00 00 06 00 00 0B 60 

<<<----  [OUT]
2020/08/24 02:26:20:810
Linktest.req
00 00 00 0A FF FF 00 00 00 05 00 00 0B 61 

---->>>  [IN ]
2020/08/24 02:26:20:811
Linktest.rsp
00 00 00 0A FF FF 00 00 00 06 00 00 0B 61 

<<<----  [OUT]
2020/08/24 02:26:30:826
Linktest.req
00 00 00 0A FF FF 00 00 00 05 00 00 0B 62 

---->>>  [IN ]
2020/08/24 02:26:30:827
Linktest.rsp
00 00 00 0A FF FF 00 00 00 06 00 00 0B 62 

<<<----  [OUT]
2020/08/24 02:26:40:839
Linktest.req
00 00 00 0A FF FF 00 00 00 05 00 00 0B 63 

---->>>  [IN ]
2020/08/24 02:26:40:840
Linktest.rsp
00 00 00 0A FF FF 00 00 00 06 00 00 0B 63 

<<<----  [OUT]
2020/08/24 02:26:50:855
Linktest.req
00 00 00 0A FF FF 00 00 00 05 00 00 0B 64 

---->>>  [IN ]
2020/08/24 02:26:50:856
Linktest.rsp
00 00 00 0A FF FF 00 00 00 06 00 00 0B 64 

<<<----  [OUT]
2020/08/24 02:27:00:869
Linktest.req
00 00 00 0A FF FF 00 00 00 05 00 00 0B 65 

---->>>  [IN ]
2020/08/24 02:27:00:870
Linktest.rsp
00 00 00 0A FF FF 00 00 00 06 00 00 0B 65 

---->>>  [IN ]
2020/08/24 02:27:02:120
Linktest.req
00 00 00 0A FF FF 00 00 00 05 80 00 02 10 

<<<----  [OUT]
2020/08/24 02:27:02:120
Linktest.rsp
00 00 00 0A FF FF 00 00 00 06 80 00 02 10 

<<<----  [OUT]
2020/08/24 02:27:10:888
Linktest.req
00 00 00 0A FF FF 00 00 00 05 00 00 0B 66 

---->>>  [IN ]
2020/08/24 02:27:10:889
Linktest.rsp
00 00 00 0A FF FF 00 00 00 06 00 00 0B 66 

<<<----  [OUT]
2020/08/24 02:27:20:904
Linktest.req
00 00 00 0A FF FF 00 00 00 05 00 00 0B 67 

---->>>  [IN ]
2020/08/24 02:27:20:905
Linktest.rsp
00 00 00 0A FF FF 00 00 00 06 00 00 0B 67 

<<<----  [OUT]
2020/08/24 02:27:30:923
Linktest.req
00 00 00 0A FF FF 00 00 00 05 00 00 0B 68 

---->>>  [IN ]
2020/08/24 02:27:30:924
Linktest.rsp
00 00 00 0A FF FF 00 00 00 06 00 00 0B 68 

<<<----  [OUT]
2020/08/24 02:27:40:941
Linktest.req
00 00 00 0A FF FF 00 00 00 05 00 00 0B 69 

---->>>  [IN ]
2020/08/24 02:27:40:942
Linktest.rsp
00 00 00 0A FF FF 00 00 00 06 00 00 0B 69 

<<<----  [OUT]
2020/08/24 02:27:50:955
Linktest.req
00 00 00 0A FF FF 00 00 00 05 00 00 0B 6A 

---->>>  [IN ]
2020/08/24 02:27:50:956
Linktest.rsp
00 00 00 0A FF FF 00 00 00 06 00 00 0B 6A 

<<<----  [OUT]
2020/08/24 02:28:00:970
Linktest.req
00 00 00 0A FF FF 00 00 00 05 00 00 0B 6B 

---->>>  [IN ]
2020/08/24 02:28:00:971
Linktest.rsp
00 00 00 0A FF FF 00 00 00 06 00 00 0B 6B 

---->>>  [IN ]
2020/08/24 02:28:02:123
Linktest.req
00 00 00 0A FF FF 00 00 00 05 80 00 02 11 

<<<----  [OUT]
2020/08/24 02:28:02:123
Linktest.rsp
00 00 00 0A FF FF 00 00 00 06 80 00 02 11 

<<<----  [OUT]
2020/08/24 02:28:10:987
Linktest.req
00 00 00 0A FF FF 00 00 00 05 00 00 0B 6C 

---->>>  [IN ]
2020/08/24 02:28:10:988
Linktest.rsp
00 00 00 0A FF FF 00 00 00 06 00 00 0B 6C 

<<<----  [OUT]
2020/08/24 02:28:21:004
Linktest.req
00 00 00 0A FF FF 00 00 00 05 00 00 0B 6D 

---->>>  [IN ]
2020/08/24 02:28:21:005
Linktest.rsp
00 00 00 0A FF FF 00 00 00 06 00 00 0B 6D 

<<<----  [OUT]
2020/08/24 02:28:31:020
Linktest.req
00 00 00 0A FF FF 00 00 00 05 00 00 0B 6E 

---->>>  [IN ]
2020/08/24 02:28:31:021
Linktest.rsp
00 00 00 0A FF FF 00 00 00 06 00 00 0B 6E 

<<<----  [OUT]
2020/08/24 02:28:41:034
Linktest.req
00 00 00 0A FF FF 00 00 00 05 00 00 0B 6F 

---->>>  [IN ]
2020/08/24 02:28:41:035
Linktest.rsp
00 00 00 0A FF FF 00 00 00 06 00 00 0B 6F 

<<<----  [OUT]
2020/08/24 02:28:51:049
Linktest.req
00 00 00 0A FF FF 00 00 00 05 00 00 0B 70 

---->>>  [IN ]
2020/08/24 02:28:51:050
Linktest.rsp
00 00 00 0A FF FF 00 00 00 06 00 00 0B 70 

<<<----  [OUT]
2020/08/24 02:29:01:065
Linktest.req
00 00 00 0A FF FF 00 00 00 05 00 00 0B 71 

---->>>  [IN ]
2020/08/24 02:29:01:066
Linktest.rsp
00 00 00 0A FF FF 00 00 00 06 00 00 0B 71 

---->>>  [IN ]
2020/08/24 02:29:02:118
Linktest.req
00 00 00 0A FF FF 00 00 00 05 80 00 02 12 

<<<----  [OUT]
2020/08/24 02:29:02:118
Linktest.rsp
00 00 00 0A FF FF 00 00 00 06 80 00 02 12 

<<<----  [OUT]
2020/08/24 02:29:11:079
Linktest.req
00 00 00 0A FF FF 00 00 00 05 00 00 0B 72 

---->>>  [IN ]
2020/08/24 02:29:11:080
Linktest.rsp
00 00 00 0A FF FF 00 00 00 06 00 00 0B 72 

<<<----  [OUT]
2020/08/24 02:29:21:095
Linktest.req
00 00 00 0A FF FF 00 00 00 05 00 00 0B 73 

---->>>  [IN ]
2020/08/24 02:29:21:096
Linktest.rsp
00 00 00 0A FF FF 00 00 00 06 00 00 0B 73 

<<<----  [OUT]
2020/08/24 02:29:31:110
Linktest.req
00 00 00 0A FF FF 00 00 00 05 00 00 0B 74 

---->>>  [IN ]
2020/08/24 02:29:31:111
Linktest.rsp
00 00 00 0A FF FF 00 00 00 06 00 00 0B 74 

<<<----  [OUT]
2020/08/24 02:29:41:127
Linktest.req
00 00 00 0A FF FF 00 00 00 05 00 00 0B 75 

---->>>  [IN ]
2020/08/24 02:29:41:128
Linktest.rsp
00 00 00 0A FF FF 00 00 00 06 00 00 0B 75 

<<<----  [OUT]
2020/08/24 02:29:51:141
Linktest.req
00 00 00 0A FF FF 00 00 00 05 00 00 0B 76 

---->>>  [IN ]
2020/08/24 02:29:51:142
Linktest.rsp
00 00 00 0A FF FF 00 00 00 06 00 00 0B 76 

<<<----  [OUT]
2020/08/24 02:30:01:158
Linktest.req
00 00 00 0A FF FF 00 00 00 05 00 00 0B 77 

---->>>  [IN ]
2020/08/24 02:30:01:159
Linktest.rsp
00 00 00 0A FF FF 00 00 00 06 00 00 0B 77 

---->>>  [IN ]
2020/08/24 02:30:02:119
Linktest.req
00 00 00 0A FF FF 00 00 00 05 80 00 02 13 

<<<----  [OUT]
2020/08/24 02:30:02:119
Linktest.rsp
00 00 00 0A FF FF 00 00 00 06 80 00 02 13 

<<<----  [OUT]
2020/08/24 02:30:11:173
Linktest.req
00 00 00 0A FF FF 00 00 00 05 00 00 0B 78 

---->>>  [IN ]
2020/08/24 02:30:11:174
Linktest.rsp
00 00 00 0A FF FF 00 00 00 06 00 00 0B 78 

<<<----  [OUT]
2020/08/24 02:30:21:192
Linktest.req
00 00 00 0A FF FF 00 00 00 05 00 00 0B 79 

---->>>  [IN ]
2020/08/24 02:30:21:193
Linktest.rsp
00 00 00 0A FF FF 00 00 00 06 00 00 0B 79 

<<<----  [OUT]
2020/08/24 02:30:31:207
Linktest.req
00 00 00 0A FF FF 00 00 00 05 00 00 0B 7A 

---->>>  [IN ]
2020/08/24 02:30:31:208
Linktest.rsp
00 00 00 0A FF FF 00 00 00 06 00 00 0B 7A 

<<<----  [OUT]
2020/08/24 02:30:41:194
Linktest.req
00 00 00 0A FF FF 00 00 00 05 00 00 0B 7B 

---->>>  [IN ]
2020/08/24 02:30:41:195
Linktest.rsp
00 00 00 0A FF FF 00 00 00 06 00 00 0B 7B 

<<<----  [OUT]
2020/08/24 02:30:51:212
Linktest.req
00 00 00 0A FF FF 00 00 00 05 00 00 0B 7C 

---->>>  [IN ]
2020/08/24 02:30:51:213
Linktest.rsp
00 00 00 0A FF FF 00 00 00 06 00 00 0B 7C 

<<<----  [OUT]
2020/08/24 02:31:01:230
Linktest.req
00 00 00 0A FF FF 00 00 00 05 00 00 0B 7D 

---->>>  [IN ]
2020/08/24 02:31:01:231
Linktest.rsp
00 00 00 0A FF FF 00 00 00 06 00 00 0B 7D 

---->>>  [IN ]
2020/08/24 02:31:02:117
Linktest.req
00 00 00 0A FF FF 00 00 00 05 80 00 02 14 

<<<----  [OUT]
2020/08/24 02:31:02:117
Linktest.rsp
00 00 00 0A FF FF 00 00 00 06 80 00 02 14 

<<<----  [OUT]
2020/08/24 02:31:11:247
Linktest.req
00 00 00 0A FF FF 00 00 00 05 00 00 0B 7E 

---->>>  [IN ]
2020/08/24 02:31:11:248
Linktest.rsp
00 00 00 0A FF FF 00 00 00 06 00 00 0B 7E 

<<<----  [OUT]
2020/08/24 02:31:21:261
Linktest.req
00 00 00 0A FF FF 00 00 00 05 00 00 0B 7F 

---->>>  [IN ]
2020/08/24 02:31:21:262
Linktest.rsp
00 00 00 0A FF FF 00 00 00 06 00 00 0B 7F 

<<<----  [OUT]
2020/08/24 02:31:31:274
Linktest.req
00 00 00 0A FF FF 00 00 00 05 00 00 0B 80 

---->>>  [IN ]
2020/08/24 02:31:31:275
Linktest.rsp
00 00 00 0A FF FF 00 00 00 06 00 00 0B 80 

<<<----  [OUT]
2020/08/24 02:31:41:285
Linktest.req
00 00 00 0A FF FF 00 00 00 05 00 00 0B 81 

---->>>  [IN ]
2020/08/24 02:31:41:286
Linktest.rsp
00 00 00 0A FF FF 00 00 00 06 00 00 0B 81 

<<<----  [OUT]
2020/08/24 02:31:51:300
Linktest.req
00 00 00 0A FF FF 00 00 00 05 00 00 0B 82 

---->>>  [IN ]
2020/08/24 02:31:51:301
Linktest.rsp
00 00 00 0A FF FF 00 00 00 06 00 00 0B 82 

<<<----  [OUT]
2020/08/24 02:32:01:310
Linktest.req
00 00 00 0A FF FF 00 00 00 05 00 00 0B 83 

---->>>  [IN ]
2020/08/24 02:32:01:311
Linktest.rsp
00 00 00 0A FF FF 00 00 00 06 00 00 0B 83 

---->>>  [IN ]
2020/08/24 02:32:02:119
Linktest.req
00 00 00 0A FF FF 00 00 00 05 80 00 02 15 

<<<----  [OUT]
2020/08/24 02:32:02:119
Linktest.rsp
00 00 00 0A FF FF 00 00 00 06 80 00 02 15 

<<<----  [OUT]
2020/08/24 02:32:11:323
Linktest.req
00 00 00 0A FF FF 00 00 00 05 00 00 0B 84 

---->>>  [IN ]
2020/08/24 02:32:11:324
Linktest.rsp
00 00 00 0A FF FF 00 00 00 06 00 00 0B 84 

<<<----  [OUT]
2020/08/24 02:32:21:338
Linktest.req
00 00 00 0A FF FF 00 00 00 05 00 00 0B 85 

---->>>  [IN ]
2020/08/24 02:32:21:339
Linktest.rsp
00 00 00 0A FF FF 00 00 00 06 00 00 0B 85 

<<<----  [OUT]
2020/08/24 02:32:31:350
Linktest.req
00 00 00 0A FF FF 00 00 00 05 00 00 0B 86 

---->>>  [IN ]
2020/08/24 02:32:31:351
Linktest.rsp
00 00 00 0A FF FF 00 00 00 06 00 00 0B 86 

<<<----  [OUT]
2020/08/24 02:32:41:363
Linktest.req
00 00 00 0A FF FF 00 00 00 05 00 00 0B 87 

---->>>  [IN ]
2020/08/24 02:32:41:363
Linktest.rsp
00 00 00 0A FF FF 00 00 00 06 00 00 0B 87 

<<<----  [OUT]
2020/08/24 02:32:51:377
Linktest.req
00 00 00 0A FF FF 00 00 00 05 00 00 0B 88 

---->>>  [IN ]
2020/08/24 02:32:51:378
Linktest.rsp
00 00 00 0A FF FF 00 00 00 06 00 00 0B 88 

<<<----  [OUT]
2020/08/24 02:33:01:393
Linktest.req
00 00 00 0A FF FF 00 00 00 05 00 00 0B 89 

---->>>  [IN ]
2020/08/24 02:33:01:394
Linktest.rsp
00 00 00 0A FF FF 00 00 00 06 00 00 0B 89 

---->>>  [IN ]
2020/08/24 02:33:02:121
Linktest.req
00 00 00 0A FF FF 00 00 00 05 80 00 02 16 

<<<----  [OUT]
2020/08/24 02:33:02:121
Linktest.rsp
00 00 00 0A FF FF 00 00 00 06 80 00 02 16 

<<<----  [OUT]
2020/08/24 02:33:11:412
Linktest.req
00 00 00 0A FF FF 00 00 00 05 00 00 0B 8A 

---->>>  [IN ]
2020/08/24 02:33:11:413
Linktest.rsp
00 00 00 0A FF FF 00 00 00 06 00 00 0B 8A 

<<<----  [OUT]
2020/08/24 02:33:21:426
Linktest.req
00 00 00 0A FF FF 00 00 00 05 00 00 0B 8B 

---->>>  [IN ]
2020/08/24 02:33:21:427
Linktest.rsp
00 00 00 0A FF FF 00 00 00 06 00 00 0B 8B 

<<<----  [OUT]
2020/08/24 02:33:31:438
Linktest.req
00 00 00 0A FF FF 00 00 00 05 00 00 0B 8C 

---->>>  [IN ]
2020/08/24 02:33:31:439
Linktest.rsp
00 00 00 0A FF FF 00 00 00 06 00 00 0B 8C 

<<<----  [OUT]
2020/08/24 02:33:41:456
Linktest.req
00 00 00 0A FF FF 00 00 00 05 00 00 0B 8D 

---->>>  [IN ]
2020/08/24 02:33:41:457
Linktest.rsp
00 00 00 0A FF FF 00 00 00 06 00 00 0B 8D 

<<<----  [OUT]
2020/08/24 02:33:51:472
Linktest.req
00 00 00 0A FF FF 00 00 00 05 00 00 0B 8E 

---->>>  [IN ]
2020/08/24 02:33:51:473
Linktest.rsp
00 00 00 0A FF FF 00 00 00 06 00 00 0B 8E 

<<<----  [OUT]
2020/08/24 02:34:01:484
Linktest.req
00 00 00 0A FF FF 00 00 00 05 00 00 0B 8F 

---->>>  [IN ]
2020/08/24 02:34:01:485
Linktest.rsp
00 00 00 0A FF FF 00 00 00 06 00 00 0B 8F 

---->>>  [IN ]
2020/08/24 02:34:02:116
Linktest.req
00 00 00 0A FF FF 00 00 00 05 80 00 02 17 

<<<----  [OUT]
2020/08/24 02:34:02:116
Linktest.rsp
00 00 00 0A FF FF 00 00 00 06 80 00 02 17 

<<<----  [OUT]
2020/08/24 02:34:11:493
Linktest.req
00 00 00 0A FF FF 00 00 00 05 00 00 0B 90 

---->>>  [IN ]
2020/08/24 02:34:11:494
Linktest.rsp
00 00 00 0A FF FF 00 00 00 06 00 00 0B 90 

<<<----  [OUT]
2020/08/24 02:34:21:504
Linktest.req
00 00 00 0A FF FF 00 00 00 05 00 00 0B 91 

---->>>  [IN ]
2020/08/24 02:34:21:505
Linktest.rsp
00 00 00 0A FF FF 00 00 00 06 00 00 0B 91 

<<<----  [OUT]
2020/08/24 02:34:31:513
Linktest.req
00 00 00 0A FF FF 00 00 00 05 00 00 0B 92 

---->>>  [IN ]
2020/08/24 02:34:31:514
Linktest.rsp
00 00 00 0A FF FF 00 00 00 06 00 00 0B 92 

<<<----  [OUT]
2020/08/24 02:34:41:527
Linktest.req
00 00 00 0A FF FF 00 00 00 05 00 00 0B 93 

---->>>  [IN ]
2020/08/24 02:34:41:528
Linktest.rsp
00 00 00 0A FF FF 00 00 00 06 00 00 0B 93 

<<<----  [OUT]
2020/08/24 02:34:51:543
Linktest.req
00 00 00 0A FF FF 00 00 00 05 00 00 0B 94 

---->>>  [IN ]
2020/08/24 02:34:51:544
Linktest.rsp
00 00 00 0A FF FF 00 00 00 06 00 00 0B 94 

<<<----  [OUT]
2020/08/24 02:35:01:561
Linktest.req
00 00 00 0A FF FF 00 00 00 05 00 00 0B 95 

---->>>  [IN ]
2020/08/24 02:35:01:562
Linktest.rsp
00 00 00 0A FF FF 00 00 00 06 00 00 0B 95 

---->>>  [IN ]
2020/08/24 02:35:02:126
Linktest.req
00 00 00 0A FF FF 00 00 00 05 80 00 02 18 

<<<----  [OUT]
2020/08/24 02:35:02:126
Linktest.rsp
00 00 00 0A FF FF 00 00 00 06 80 00 02 18 

<<<----  [OUT]
2020/08/24 02:35:11:577
Linktest.req
00 00 00 0A FF FF 00 00 00 05 00 00 0B 96 

---->>>  [IN ]
2020/08/24 02:35:11:578
Linktest.rsp
00 00 00 0A FF FF 00 00 00 06 00 00 0B 96 

<<<----  [OUT]
2020/08/24 02:35:21:589
Linktest.req
00 00 00 0A FF FF 00 00 00 05 00 00 0B 97 

---->>>  [IN ]
2020/08/24 02:35:21:590
Linktest.rsp
00 00 00 0A FF FF 00 00 00 06 00 00 0B 97 

<<<----  [OUT]
2020/08/24 02:35:31:597
Linktest.req
00 00 00 0A FF FF 00 00 00 05 00 00 0B 98 

---->>>  [IN ]
2020/08/24 02:35:31:598
Linktest.rsp
00 00 00 0A FF FF 00 00 00 06 00 00 0B 98 

<<<----  [OUT]
2020/08/24 02:35:41:613
Linktest.req
00 00 00 0A FF FF 00 00 00 05 00 00 0B 99 

---->>>  [IN ]
2020/08/24 02:35:41:614
Linktest.rsp
00 00 00 0A FF FF 00 00 00 06 00 00 0B 99 

<<<----  [OUT]
2020/08/24 02:35:51:628
Linktest.req
00 00 00 0A FF FF 00 00 00 05 00 00 0B 9A 

---->>>  [IN ]
2020/08/24 02:35:51:629
Linktest.rsp
00 00 00 0A FF FF 00 00 00 06 00 00 0B 9A 

<<<----  [OUT]
2020/08/24 02:36:01:639
Linktest.req
00 00 00 0A FF FF 00 00 00 05 00 00 0B 9B 

---->>>  [IN ]
2020/08/24 02:36:01:640
Linktest.rsp
00 00 00 0A FF FF 00 00 00 06 00 00 0B 9B 

---->>>  [IN ]
2020/08/24 02:36:02:120
Linktest.req
00 00 00 0A FF FF 00 00 00 05 80 00 02 19 

<<<----  [OUT]
2020/08/24 02:36:02:120
Linktest.rsp
00 00 00 0A FF FF 00 00 00 06 80 00 02 19 

<<<----  [OUT]
2020/08/24 02:36:11:653
Linktest.req
00 00 00 0A FF FF 00 00 00 05 00 00 0B 9C 

---->>>  [IN ]
2020/08/24 02:36:11:654
Linktest.rsp
00 00 00 0A FF FF 00 00 00 06 00 00 0B 9C 

<<<----  [OUT]
2020/08/24 02:36:21:667
Linktest.req
00 00 00 0A FF FF 00 00 00 05 00 00 0B 9D 

---->>>  [IN ]
2020/08/24 02:36:21:668
Linktest.rsp
00 00 00 0A FF FF 00 00 00 06 00 00 0B 9D 

<<<----  [OUT]
2020/08/24 02:36:31:678
Linktest.req
00 00 00 0A FF FF 00 00 00 05 00 00 0B 9E 

---->>>  [IN ]
2020/08/24 02:36:31:679
Linktest.rsp
00 00 00 0A FF FF 00 00 00 06 00 00 0B 9E 

<<<----  [OUT]
2020/08/24 02:36:41:694
Linktest.req
00 00 00 0A FF FF 00 00 00 05 00 00 0B 9F 

---->>>  [IN ]
2020/08/24 02:36:41:695
Linktest.rsp
00 00 00 0A FF FF 00 00 00 06 00 00 0B 9F 

<<<----  [OUT]
2020/08/24 02:36:51:706
Linktest.req
00 00 00 0A FF FF 00 00 00 05 00 00 0B A0 

---->>>  [IN ]
2020/08/24 02:36:51:707
Linktest.rsp
00 00 00 0A FF FF 00 00 00 06 00 00 0B A0 

<<<----  [OUT]
2020/08/24 02:37:01:719
Linktest.req
00 00 00 0A FF FF 00 00 00 05 00 00 0B A1 

---->>>  [IN ]
2020/08/24 02:37:01:720
Linktest.rsp
00 00 00 0A FF FF 00 00 00 06 00 00 0B A1 

---->>>  [IN ]
2020/08/24 02:37:02:130
Linktest.req
00 00 00 0A FF FF 00 00 00 05 80 00 02 1A 

<<<----  [OUT]
2020/08/24 02:37:02:130
Linktest.rsp
00 00 00 0A FF FF 00 00 00 06 80 00 02 1A 

<<<----  [OUT]
2020/08/24 02:37:11:734
Linktest.req
00 00 00 0A FF FF 00 00 00 05 00 00 0B A2 

---->>>  [IN ]
2020/08/24 02:37:11:735
Linktest.rsp
00 00 00 0A FF FF 00 00 00 06 00 00 0B A2 

<<<----  [OUT]
2020/08/24 02:37:21:749
Linktest.req
00 00 00 0A FF FF 00 00 00 05 00 00 0B A3 

---->>>  [IN ]
2020/08/24 02:37:21:750
Linktest.rsp
00 00 00 0A FF FF 00 00 00 06 00 00 0B A3 

<<<----  [OUT]
2020/08/24 02:37:31:759
Linktest.req
00 00 00 0A FF FF 00 00 00 05 00 00 0B A4 

---->>>  [IN ]
2020/08/24 02:37:31:760
Linktest.rsp
00 00 00 0A FF FF 00 00 00 06 00 00 0B A4 

<<<----  [OUT]
2020/08/24 02:37:41:772
Linktest.req
00 00 00 0A FF FF 00 00 00 05 00 00 0B A5 

---->>>  [IN ]
2020/08/24 02:37:41:773
Linktest.rsp
00 00 00 0A FF FF 00 00 00 06 00 00 0B A5 

<<<----  [OUT]
2020/08/24 02:37:51:788
Linktest.req
00 00 00 0A FF FF 00 00 00 05 00 00 0B A6 

---->>>  [IN ]
2020/08/24 02:37:51:789
Linktest.rsp
00 00 00 0A FF FF 00 00 00 06 00 00 0B A6 

<<<----  [OUT]
2020/08/24 02:38:01:804
Linktest.req
00 00 00 0A FF FF 00 00 00 05 00 00 0B A7 

---->>>  [IN ]
2020/08/24 02:38:01:805
Linktest.rsp
00 00 00 0A FF FF 00 00 00 06 00 00 0B A7 

---->>>  [IN ]
2020/08/24 02:38:02:139
Linktest.req
00 00 00 0A FF FF 00 00 00 05 80 00 02 1B 

<<<----  [OUT]
2020/08/24 02:38:02:139
Linktest.rsp
00 00 00 0A FF FF 00 00 00 06 80 00 02 1B 

<<<----  [OUT]
2020/08/24 02:38:11:817
Linktest.req
00 00 00 0A FF FF 00 00 00 05 00 00 0B A8 

---->>>  [IN ]
2020/08/24 02:38:11:818
Linktest.rsp
00 00 00 0A FF FF 00 00 00 06 00 00 0B A8 

<<<----  [OUT]
2020/08/24 02:38:21:832
Linktest.req
00 00 00 0A FF FF 00 00 00 05 00 00 0B A9 

---->>>  [IN ]
2020/08/24 02:38:21:833
Linktest.rsp
00 00 00 0A FF FF 00 00 00 06 00 00 0B A9 

<<<----  [OUT]
2020/08/24 02:38:31:850
Linktest.req
00 00 00 0A FF FF 00 00 00 05 00 00 0B AA 

---->>>  [IN ]
2020/08/24 02:38:31:851
Linktest.rsp
00 00 00 0A FF FF 00 00 00 06 00 00 0B AA 

<<<----  [OUT]
2020/08/24 02:38:41:866
Linktest.req
00 00 00 0A FF FF 00 00 00 05 00 00 0B AB 

---->>>  [IN ]
2020/08/24 02:38:41:867
Linktest.rsp
00 00 00 0A FF FF 00 00 00 06 00 00 0B AB 

<<<----  [OUT]
2020/08/24 02:38:51:886
Linktest.req
00 00 00 0A FF FF 00 00 00 05 00 00 0B AC 

---->>>  [IN ]
2020/08/24 02:38:51:887
Linktest.rsp
00 00 00 0A FF FF 00 00 00 06 00 00 0B AC 

<<<----  [OUT]
2020/08/24 02:39:01:885
Linktest.req
00 00 00 0A FF FF 00 00 00 05 00 00 0B AD 

---->>>  [IN ]
2020/08/24 02:39:01:886
Linktest.rsp
00 00 00 0A FF FF 00 00 00 06 00 00 0B AD 

---->>>  [IN ]
2020/08/24 02:39:02:133
Linktest.req
00 00 00 0A FF FF 00 00 00 05 80 00 02 1C 

<<<----  [OUT]
2020/08/24 02:39:02:133
Linktest.rsp
00 00 00 0A FF FF 00 00 00 06 80 00 02 1C 

<<<----  [OUT]
2020/08/24 02:39:11:899
Linktest.req
00 00 00 0A FF FF 00 00 00 05 00 00 0B AE 

---->>>  [IN ]
2020/08/24 02:39:11:900
Linktest.rsp
00 00 00 0A FF FF 00 00 00 06 00 00 0B AE 

<<<----  [OUT]
2020/08/24 02:39:21:910
Linktest.req
00 00 00 0A FF FF 00 00 00 05 00 00 0B AF 

---->>>  [IN ]
2020/08/24 02:39:21:911
Linktest.rsp
00 00 00 0A FF FF 00 00 00 06 00 00 0B AF 

<<<----  [OUT]
2020/08/24 02:39:31:919
Linktest.req
00 00 00 0A FF FF 00 00 00 05 00 00 0B B0 

---->>>  [IN ]
2020/08/24 02:39:31:920
Linktest.rsp
00 00 00 0A FF FF 00 00 00 06 00 00 0B B0 

<<<----  [OUT]
2020/08/24 02:39:41:931
Linktest.req
00 00 00 0A FF FF 00 00 00 05 00 00 0B B1 

---->>>  [IN ]
2020/08/24 02:39:41:932
Linktest.rsp
00 00 00 0A FF FF 00 00 00 06 00 00 0B B1 

<<<----  [OUT]
2020/08/24 02:39:51:942
Linktest.req
00 00 00 0A FF FF 00 00 00 05 00 00 0B B2 

---->>>  [IN ]
2020/08/24 02:39:51:943
Linktest.rsp
00 00 00 0A FF FF 00 00 00 06 00 00 0B B2 

<<<----  [OUT]
2020/08/24 02:40:01:957
Linktest.req
00 00 00 0A FF FF 00 00 00 05 00 00 0B B3 

---->>>  [IN ]
2020/08/24 02:40:01:958
Linktest.rsp
00 00 00 0A FF FF 00 00 00 06 00 00 0B B3 

---->>>  [IN ]
2020/08/24 02:40:02:139
Linktest.req
00 00 00 0A FF FF 00 00 00 05 80 00 02 1D 

<<<----  [OUT]
2020/08/24 02:40:02:139
Linktest.rsp
00 00 00 0A FF FF 00 00 00 06 80 00 02 1D 

<<<----  [OUT]
2020/08/24 02:40:11:967
Linktest.req
00 00 00 0A FF FF 00 00 00 05 00 00 0B B4 

---->>>  [IN ]
2020/08/24 02:40:11:968
Linktest.rsp
00 00 00 0A FF FF 00 00 00 06 00 00 0B B4 

<<<----  [OUT]
2020/08/24 02:40:21:981
Linktest.req
00 00 00 0A FF FF 00 00 00 05 00 00 0B B5 

---->>>  [IN ]
2020/08/24 02:40:21:982
Linktest.rsp
00 00 00 0A FF FF 00 00 00 06 00 00 0B B5 

<<<----  [OUT]
2020/08/24 02:40:31:993
Linktest.req
00 00 00 0A FF FF 00 00 00 05 00 00 0B B6 

---->>>  [IN ]
2020/08/24 02:40:31:994
Linktest.rsp
00 00 00 0A FF FF 00 00 00 06 00 00 0B B6 

<<<----  [OUT]
2020/08/24 02:40:42:004
Linktest.req
00 00 00 0A FF FF 00 00 00 05 00 00 0B B7 

---->>>  [IN ]
2020/08/24 02:40:42:005
Linktest.rsp
00 00 00 0A FF FF 00 00 00 06 00 00 0B B7 

<<<----  [OUT]
2020/08/24 02:40:52:014
Linktest.req
00 00 00 0A FF FF 00 00 00 05 00 00 0B B8 

---->>>  [IN ]
2020/08/24 02:40:52:015
Linktest.rsp
00 00 00 0A FF FF 00 00 00 06 00 00 0B B8 

<<<----  [OUT]
2020/08/24 02:41:02:029
Linktest.req
00 00 00 0A FF FF 00 00 00 05 00 00 0B B9 

---->>>  [IN ]
2020/08/24 02:41:02:030
Linktest.rsp
00 00 00 0A FF FF 00 00 00 06 00 00 0B B9 

---->>>  [IN ]
2020/08/24 02:41:02:131
Linktest.req
00 00 00 0A FF FF 00 00 00 05 80 00 02 1E 

<<<----  [OUT]
2020/08/24 02:41:02:131
Linktest.rsp
00 00 00 0A FF FF 00 00 00 06 80 00 02 1E 

<<<----  [OUT]
2020/08/24 02:41:12:046
Linktest.req
00 00 00 0A FF FF 00 00 00 05 00 00 0B BA 

---->>>  [IN ]
2020/08/24 02:41:12:047
Linktest.rsp
00 00 00 0A FF FF 00 00 00 06 00 00 0B BA 

<<<----  [OUT]
2020/08/24 02:41:22:060
Linktest.req
00 00 00 0A FF FF 00 00 00 05 00 00 0B BB 

---->>>  [IN ]
2020/08/24 02:41:22:061
Linktest.rsp
00 00 00 0A FF FF 00 00 00 06 00 00 0B BB 

<<<----  [OUT]
2020/08/24 02:41:32:070
Linktest.req
00 00 00 0A FF FF 00 00 00 05 00 00 0B BC 

---->>>  [IN ]
2020/08/24 02:41:32:071
Linktest.rsp
00 00 00 0A FF FF 00 00 00 06 00 00 0B BC 

<<<----  [OUT]
2020/08/24 02:41:42:079
Linktest.req
00 00 00 0A FF FF 00 00 00 05 00 00 0B BD 

---->>>  [IN ]
2020/08/24 02:41:42:080
Linktest.rsp
00 00 00 0A FF FF 00 00 00 06 00 00 0B BD 

<<<----  [OUT]
2020/08/24 02:41:52:093
Linktest.req
00 00 00 0A FF FF 00 00 00 05 00 00 0B BE 

---->>>  [IN ]
2020/08/24 02:41:52:094
Linktest.rsp
00 00 00 0A FF FF 00 00 00 06 00 00 0B BE 

<<<----  [OUT]
2020/08/24 02:42:02:103
Linktest.req
00 00 00 0A FF FF 00 00 00 05 00 00 0B BF 

---->>>  [IN ]
2020/08/24 02:42:02:104
Linktest.rsp
00 00 00 0A FF FF 00 00 00 06 00 00 0B BF 

---->>>  [IN ]
2020/08/24 02:42:02:150
Linktest.req
00 00 00 0A FF FF 00 00 00 05 80 00 02 1F 

<<<----  [OUT]
2020/08/24 02:42:02:150
Linktest.rsp
00 00 00 0A FF FF 00 00 00 06 80 00 02 1F 

<<<----  [OUT]
2020/08/24 02:42:12:104
Linktest.req
00 00 00 0A FF FF 00 00 00 05 00 00 0B C0 

---->>>  [IN ]
2020/08/24 02:42:12:105
Linktest.rsp
00 00 00 0A FF FF 00 00 00 06 00 00 0B C0 

<<<----  [OUT]
2020/08/24 02:42:22:122
Linktest.req
00 00 00 0A FF FF 00 00 00 05 00 00 0B C1 

---->>>  [IN ]
2020/08/24 02:42:22:123
Linktest.rsp
00 00 00 0A FF FF 00 00 00 06 00 00 0B C1 

<<<----  [OUT]
2020/08/24 02:42:32:137
Linktest.req
00 00 00 0A FF FF 00 00 00 05 00 00 0B C2 

---->>>  [IN ]
2020/08/24 02:42:32:138
Linktest.rsp
00 00 00 0A FF FF 00 00 00 06 00 00 0B C2 

<<<----  [OUT]
2020/08/24 02:42:42:155
Linktest.req
00 00 00 0A FF FF 00 00 00 05 00 00 0B C3 

---->>>  [IN ]
2020/08/24 02:42:42:156
Linktest.rsp
00 00 00 0A FF FF 00 00 00 06 00 00 0B C3 

<<<----  [OUT]
2020/08/24 02:42:52:168
Linktest.req
00 00 00 0A FF FF 00 00 00 05 00 00 0B C4 

---->>>  [IN ]
2020/08/24 02:42:52:169
Linktest.rsp
00 00 00 0A FF FF 00 00 00 06 00 00 0B C4 

---->>>  [IN ]
2020/08/24 02:43:02:155
Linktest.req
00 00 00 0A FF FF 00 00 00 05 80 00 02 20 

<<<----  [OUT]
2020/08/24 02:43:02:155
Linktest.rsp
00 00 00 0A FF FF 00 00 00 06 80 00 02 20 

<<<----  [OUT]
2020/08/24 02:43:02:181
Linktest.req
00 00 00 0A FF FF 00 00 00 05 00 00 0B C5 

---->>>  [IN ]
2020/08/24 02:43:02:207
Linktest.rsp
00 00 00 0A FF FF 00 00 00 06 00 00 0B C5 

<<<----  [OUT]
2020/08/24 02:43:12:218
Linktest.req
00 00 00 0A FF FF 00 00 00 05 00 00 0B C6 

---->>>  [IN ]
2020/08/24 02:43:12:219
Linktest.rsp
00 00 00 0A FF FF 00 00 00 06 00 00 0B C6 

<<<----  [OUT]
2020/08/24 02:43:22:228
Linktest.req
00 00 00 0A FF FF 00 00 00 05 00 00 0B C7 

---->>>  [IN ]
2020/08/24 02:43:22:229
Linktest.rsp
00 00 00 0A FF FF 00 00 00 06 00 00 0B C7 

<<<----  [OUT]
2020/08/24 02:43:32:245
Linktest.req
00 00 00 0A FF FF 00 00 00 05 00 00 0B C8 

---->>>  [IN ]
2020/08/24 02:43:32:246
Linktest.rsp
00 00 00 0A FF FF 00 00 00 06 00 00 0B C8 

<<<----  [OUT]
2020/08/24 02:43:42:262
Linktest.req
00 00 00 0A FF FF 00 00 00 05 00 00 0B C9 

---->>>  [IN ]
2020/08/24 02:43:42:263
Linktest.rsp
00 00 00 0A FF FF 00 00 00 06 00 00 0B C9 

<<<----  [OUT]
2020/08/24 02:43:52:278
Linktest.req
00 00 00 0A FF FF 00 00 00 05 00 00 0B CA 

---->>>  [IN ]
2020/08/24 02:43:52:279
Linktest.rsp
00 00 00 0A FF FF 00 00 00 06 00 00 0B CA 

---->>>  [IN ]
2020/08/24 02:44:02:158
Linktest.req
00 00 00 0A FF FF 00 00 00 05 80 00 02 21 

<<<----  [OUT]
2020/08/24 02:44:02:158
Linktest.rsp
00 00 00 0A FF FF 00 00 00 06 80 00 02 21 

<<<----  [OUT]
2020/08/24 02:44:02:294
Linktest.req
00 00 00 0A FF FF 00 00 00 05 00 00 0B CB 

---->>>  [IN ]
2020/08/24 02:44:02:295
Linktest.rsp
00 00 00 0A FF FF 00 00 00 06 00 00 0B CB 

<<<----  [OUT]
2020/08/24 02:44:12:313
Linktest.req
00 00 00 0A FF FF 00 00 00 05 00 00 0B CC 

---->>>  [IN ]
2020/08/24 02:44:12:313
Linktest.rsp
00 00 00 0A FF FF 00 00 00 06 00 00 0B CC 

<<<----  [OUT]
2020/08/24 02:44:22:331
Linktest.req
00 00 00 0A FF FF 00 00 00 05 00 00 0B CD 

---->>>  [IN ]
2020/08/24 02:44:22:332
Linktest.rsp
00 00 00 0A FF FF 00 00 00 06 00 00 0B CD 

<<<----  [OUT]
2020/08/24 02:44:32:344
Linktest.req
00 00 00 0A FF FF 00 00 00 05 00 00 0B CE 

---->>>  [IN ]
2020/08/24 02:44:32:345
Linktest.rsp
00 00 00 0A FF FF 00 00 00 06 00 00 0B CE 

<<<----  [OUT]
2020/08/24 02:44:42:362
Linktest.req
00 00 00 0A FF FF 00 00 00 05 00 00 0B CF 

---->>>  [IN ]
2020/08/24 02:44:42:363
Linktest.rsp
00 00 00 0A FF FF 00 00 00 06 00 00 0B CF 

<<<----  [OUT]
2020/08/24 02:44:52:380
Linktest.req
00 00 00 0A FF FF 00 00 00 05 00 00 0B D0 

---->>>  [IN ]
2020/08/24 02:44:52:381
Linktest.rsp
00 00 00 0A FF FF 00 00 00 06 00 00 0B D0 

---->>>  [IN ]
2020/08/24 02:45:02:155
Linktest.req
00 00 00 0A FF FF 00 00 00 05 80 00 02 22 

<<<----  [OUT]
2020/08/24 02:45:02:155
Linktest.rsp
00 00 00 0A FF FF 00 00 00 06 80 00 02 22 

<<<----  [OUT]
2020/08/24 02:45:02:399
Linktest.req
00 00 00 0A FF FF 00 00 00 05 00 00 0B D1 

---->>>  [IN ]
2020/08/24 02:45:02:400
Linktest.rsp
00 00 00 0A FF FF 00 00 00 06 00 00 0B D1 

<<<----  [OUT]
2020/08/24 02:45:12:417
Linktest.req
00 00 00 0A FF FF 00 00 00 05 00 00 0B D2 

---->>>  [IN ]
2020/08/24 02:45:12:418
Linktest.rsp
00 00 00 0A FF FF 00 00 00 06 00 00 0B D2 

<<<----  [OUT]
2020/08/24 02:45:22:432
Linktest.req
00 00 00 0A FF FF 00 00 00 05 00 00 0B D3 

---->>>  [IN ]
2020/08/24 02:45:22:433
Linktest.rsp
00 00 00 0A FF FF 00 00 00 06 00 00 0B D3 

<<<----  [OUT]
2020/08/24 02:45:32:450
Linktest.req
00 00 00 0A FF FF 00 00 00 05 00 00 0B D4 

---->>>  [IN ]
2020/08/24 02:45:32:451
Linktest.rsp
00 00 00 0A FF FF 00 00 00 06 00 00 0B D4 

<<<----  [OUT]
2020/08/24 02:45:42:469
Linktest.req
00 00 00 0A FF FF 00 00 00 05 00 00 0B D5 

---->>>  [IN ]
2020/08/24 02:45:42:470
Linktest.rsp
00 00 00 0A FF FF 00 00 00 06 00 00 0B D5 

<<<----  [OUT]
2020/08/24 02:45:52:486
Linktest.req
00 00 00 0A FF FF 00 00 00 05 00 00 0B D6 

---->>>  [IN ]
2020/08/24 02:45:52:487
Linktest.rsp
00 00 00 0A FF FF 00 00 00 06 00 00 0B D6 

---->>>  [IN ]
2020/08/24 02:46:02:158
Linktest.req
00 00 00 0A FF FF 00 00 00 05 80 00 02 23 

<<<----  [OUT]
2020/08/24 02:46:02:158
Linktest.rsp
00 00 00 0A FF FF 00 00 00 06 80 00 02 23 

<<<----  [OUT]
2020/08/24 02:46:02:501
Linktest.req
00 00 00 0A FF FF 00 00 00 05 00 00 0B D7 

---->>>  [IN ]
2020/08/24 02:46:02:502
Linktest.rsp
00 00 00 0A FF FF 00 00 00 06 00 00 0B D7 

<<<----  [OUT]
2020/08/24 02:46:12:515
Linktest.req
00 00 00 0A FF FF 00 00 00 05 00 00 0B D8 

---->>>  [IN ]
2020/08/24 02:46:12:516
Linktest.rsp
00 00 00 0A FF FF 00 00 00 06 00 00 0B D8 

<<<----  [OUT]
2020/08/24 02:46:22:534
Linktest.req
00 00 00 0A FF FF 00 00 00 05 00 00 0B D9 

---->>>  [IN ]
2020/08/24 02:46:22:535
Linktest.rsp
00 00 00 0A FF FF 00 00 00 06 00 00 0B D9 

<<<----  [OUT]
2020/08/24 02:46:32:543
Linktest.req
00 00 00 0A FF FF 00 00 00 05 00 00 0B DA 

---->>>  [IN ]
2020/08/24 02:46:32:544
Linktest.rsp
00 00 00 0A FF FF 00 00 00 06 00 00 0B DA 

<<<----  [OUT]
2020/08/24 02:46:42:559
Linktest.req
00 00 00 0A FF FF 00 00 00 05 00 00 0B DB 

---->>>  [IN ]
2020/08/24 02:46:42:560
Linktest.rsp
00 00 00 0A FF FF 00 00 00 06 00 00 0B DB 

<<<----  [OUT]
2020/08/24 02:46:52:573
Linktest.req
00 00 00 0A FF FF 00 00 00 05 00 00 0B DC 

---->>>  [IN ]
2020/08/24 02:46:52:574
Linktest.rsp
00 00 00 0A FF FF 00 00 00 06 00 00 0B DC 

---->>>  [IN ]
2020/08/24 02:47:02:157
Linktest.req
00 00 00 0A FF FF 00 00 00 05 80 00 02 24 

<<<----  [OUT]
2020/08/24 02:47:02:157
Linktest.rsp
00 00 00 0A FF FF 00 00 00 06 80 00 02 24 

<<<----  [OUT]
2020/08/24 02:47:02:589
Linktest.req
00 00 00 0A FF FF 00 00 00 05 00 00 0B DD 

---->>>  [IN ]
2020/08/24 02:47:02:590
Linktest.rsp
00 00 00 0A FF FF 00 00 00 06 00 00 0B DD 

<<<----  [OUT]
2020/08/24 02:47:12:599
Linktest.req
00 00 00 0A FF FF 00 00 00 05 00 00 0B DE 

---->>>  [IN ]
2020/08/24 02:47:12:600
Linktest.rsp
00 00 00 0A FF FF 00 00 00 06 00 00 0B DE 

<<<----  [OUT]
2020/08/24 02:47:22:618
Linktest.req
00 00 00 0A FF FF 00 00 00 05 00 00 0B DF 

---->>>  [IN ]
2020/08/24 02:47:22:619
Linktest.rsp
00 00 00 0A FF FF 00 00 00 06 00 00 0B DF 

<<<----  [OUT]
2020/08/24 02:47:32:632
Linktest.req
00 00 00 0A FF FF 00 00 00 05 00 00 0B E0 

---->>>  [IN ]
2020/08/24 02:47:32:633
Linktest.rsp
00 00 00 0A FF FF 00 00 00 06 00 00 0B E0 

<<<----  [OUT]
2020/08/24 02:47:42:648
Linktest.req
00 00 00 0A FF FF 00 00 00 05 00 00 0B E1 

---->>>  [IN ]
2020/08/24 02:47:42:649
Linktest.rsp
00 00 00 0A FF FF 00 00 00 06 00 00 0B E1 

<<<----  [OUT]
2020/08/24 02:47:52:665
Linktest.req
00 00 00 0A FF FF 00 00 00 05 00 00 0B E2 

---->>>  [IN ]
2020/08/24 02:47:52:666
Linktest.rsp
00 00 00 0A FF FF 00 00 00 06 00 00 0B E2 

---->>>  [IN ]
2020/08/24 02:48:02:151
Linktest.req
00 00 00 0A FF FF 00 00 00 05 80 00 02 25 

<<<----  [OUT]
2020/08/24 02:48:02:151
Linktest.rsp
00 00 00 0A FF FF 00 00 00 06 80 00 02 25 

<<<----  [OUT]
2020/08/24 02:48:02:675
Linktest.req
00 00 00 0A FF FF 00 00 00 05 00 00 0B E3 

---->>>  [IN ]
2020/08/24 02:48:02:676
Linktest.rsp
00 00 00 0A FF FF 00 00 00 06 00 00 0B E3 

<<<----  [OUT]
2020/08/24 02:48:12:685
Linktest.req
00 00 00 0A FF FF 00 00 00 05 00 00 0B E4 

---->>>  [IN ]
2020/08/24 02:48:12:686
Linktest.rsp
00 00 00 0A FF FF 00 00 00 06 00 00 0B E4 

<<<----  [OUT]
2020/08/24 02:48:22:694
Linktest.req
00 00 00 0A FF FF 00 00 00 05 00 00 0B E5 

---->>>  [IN ]
2020/08/24 02:48:22:695
Linktest.rsp
00 00 00 0A FF FF 00 00 00 06 00 00 0B E5 

<<<----  [OUT]
2020/08/24 02:48:32:706
Linktest.req
00 00 00 0A FF FF 00 00 00 05 00 00 0B E6 

---->>>  [IN ]
2020/08/24 02:48:32:707
Linktest.rsp
00 00 00 0A FF FF 00 00 00 06 00 00 0B E6 

<<<----  [OUT]
2020/08/24 02:48:42:716
Linktest.req
00 00 00 0A FF FF 00 00 00 05 00 00 0B E7 

---->>>  [IN ]
2020/08/24 02:48:42:717
Linktest.rsp
00 00 00 0A FF FF 00 00 00 06 00 00 0B E7 

<<<----  [OUT]
2020/08/24 02:48:52:729
Linktest.req
00 00 00 0A FF FF 00 00 00 05 00 00 0B E8 

---->>>  [IN ]
2020/08/24 02:48:52:730
Linktest.rsp
00 00 00 0A FF FF 00 00 00 06 00 00 0B E8 

---->>>  [IN ]
2020/08/24 02:49:02:152
Linktest.req
00 00 00 0A FF FF 00 00 00 05 80 00 02 26 

<<<----  [OUT]
2020/08/24 02:49:02:152
Linktest.rsp
00 00 00 0A FF FF 00 00 00 06 80 00 02 26 

<<<----  [OUT]
2020/08/24 02:49:02:742
Linktest.req
00 00 00 0A FF FF 00 00 00 05 00 00 0B E9 

---->>>  [IN ]
2020/08/24 02:49:02:743
Linktest.rsp
00 00 00 0A FF FF 00 00 00 06 00 00 0B E9 

<<<----  [OUT]
2020/08/24 02:49:12:760
Linktest.req
00 00 00 0A FF FF 00 00 00 05 00 00 0B EA 

---->>>  [IN ]
2020/08/24 02:49:12:761
Linktest.rsp
00 00 00 0A FF FF 00 00 00 06 00 00 0B EA 

<<<----  [OUT]
2020/08/24 02:49:22:776
Linktest.req
00 00 00 0A FF FF 00 00 00 05 00 00 0B EB 

---->>>  [IN ]
2020/08/24 02:49:22:777
Linktest.rsp
00 00 00 0A FF FF 00 00 00 06 00 00 0B EB 

<<<----  [OUT]
2020/08/24 02:49:32:790
Linktest.req
00 00 00 0A FF FF 00 00 00 05 00 00 0B EC 

---->>>  [IN ]
2020/08/24 02:49:32:791
Linktest.rsp
00 00 00 0A FF FF 00 00 00 06 00 00 0B EC 

<<<----  [OUT]
2020/08/24 02:49:42:804
Linktest.req
00 00 00 0A FF FF 00 00 00 05 00 00 0B ED 

---->>>  [IN ]
2020/08/24 02:49:42:805
Linktest.rsp
00 00 00 0A FF FF 00 00 00 06 00 00 0B ED 

<<<----  [OUT]
2020/08/24 02:49:52:821
Linktest.req
00 00 00 0A FF FF 00 00 00 05 00 00 0B EE 

---->>>  [IN ]
2020/08/24 02:49:52:822
Linktest.rsp
00 00 00 0A FF FF 00 00 00 06 00 00 0B EE 

---->>>  [IN ]
2020/08/24 02:50:02:155
Linktest.req
00 00 00 0A FF FF 00 00 00 05 80 00 02 27 

<<<----  [OUT]
2020/08/24 02:50:02:155
Linktest.rsp
00 00 00 0A FF FF 00 00 00 06 80 00 02 27 

<<<----  [OUT]
2020/08/24 02:50:02:839
Linktest.req
00 00 00 0A FF FF 00 00 00 05 00 00 0B EF 

---->>>  [IN ]
2020/08/24 02:50:02:840
Linktest.rsp
00 00 00 0A FF FF 00 00 00 06 00 00 0B EF 

<<<----  [OUT]
2020/08/24 02:50:12:855
Linktest.req
00 00 00 0A FF FF 00 00 00 05 00 00 0B F0 

---->>>  [IN ]
2020/08/24 02:50:12:856
Linktest.rsp
00 00 00 0A FF FF 00 00 00 06 00 00 0B F0 

<<<----  [OUT]
2020/08/24 02:50:22:871
Linktest.req
00 00 00 0A FF FF 00 00 00 05 00 00 0B F1 

---->>>  [IN ]
2020/08/24 02:50:22:872
Linktest.rsp
00 00 00 0A FF FF 00 00 00 06 00 00 0B F1 

<<<----  [OUT]
2020/08/24 02:50:32:880
Linktest.req
00 00 00 0A FF FF 00 00 00 05 00 00 0B F2 

---->>>  [IN ]
2020/08/24 02:50:32:881
Linktest.rsp
00 00 00 0A FF FF 00 00 00 06 00 00 0B F2 

<<<----  [OUT]
2020/08/24 02:50:42:892
Linktest.req
00 00 00 0A FF FF 00 00 00 05 00 00 0B F3 

---->>>  [IN ]
2020/08/24 02:50:42:893
Linktest.rsp
00 00 00 0A FF FF 00 00 00 06 00 00 0B F3 

<<<----  [OUT]
2020/08/24 02:50:52:905
Linktest.req
00 00 00 0A FF FF 00 00 00 05 00 00 0B F4 

---->>>  [IN ]
2020/08/24 02:50:52:906
Linktest.rsp
00 00 00 0A FF FF 00 00 00 06 00 00 0B F4 

---->>>  [IN ]
2020/08/24 02:51:02:147
Linktest.req
00 00 00 0A FF FF 00 00 00 05 80 00 02 28 

<<<----  [OUT]
2020/08/24 02:51:02:147
Linktest.rsp
00 00 00 0A FF FF 00 00 00 06 80 00 02 28 

<<<----  [OUT]
2020/08/24 02:51:02:918
Linktest.req
00 00 00 0A FF FF 00 00 00 05 00 00 0B F5 

---->>>  [IN ]
2020/08/24 02:51:02:919
Linktest.rsp
00 00 00 0A FF FF 00 00 00 06 00 00 0B F5 

<<<----  [OUT]
2020/08/24 02:51:12:935
Linktest.req
00 00 00 0A FF FF 00 00 00 05 00 00 0B F6 

---->>>  [IN ]
2020/08/24 02:51:12:935
Linktest.rsp
00 00 00 0A FF FF 00 00 00 06 00 00 0B F6 

<<<----  [OUT]
2020/08/24 02:51:22:949
Linktest.req
00 00 00 0A FF FF 00 00 00 05 00 00 0B F7 

---->>>  [IN ]
2020/08/24 02:51:22:949
Linktest.rsp
00 00 00 0A FF FF 00 00 00 06 00 00 0B F7 

<<<----  [OUT]
2020/08/24 02:51:32:966
Linktest.req
00 00 00 0A FF FF 00 00 00 05 00 00 0B F8 

---->>>  [IN ]
2020/08/24 02:51:32:967
Linktest.rsp
00 00 00 0A FF FF 00 00 00 06 00 00 0B F8 

<<<----  [OUT]
2020/08/24 02:51:42:984
Linktest.req
00 00 00 0A FF FF 00 00 00 05 00 00 0B F9 

---->>>  [IN ]
2020/08/24 02:51:42:985
Linktest.rsp
00 00 00 0A FF FF 00 00 00 06 00 00 0B F9 

<<<----  [OUT]
2020/08/24 02:51:53:001
Linktest.req
00 00 00 0A FF FF 00 00 00 05 00 00 0B FA 

---->>>  [IN ]
2020/08/24 02:51:53:002
Linktest.rsp
00 00 00 0A FF FF 00 00 00 06 00 00 0B FA 

---->>>  [IN ]
2020/08/24 02:52:02:153
Linktest.req
00 00 00 0A FF FF 00 00 00 05 80 00 02 29 

<<<----  [OUT]
2020/08/24 02:52:02:153
Linktest.rsp
00 00 00 0A FF FF 00 00 00 06 80 00 02 29 

<<<----  [OUT]
2020/08/24 02:52:03:017
Linktest.req
00 00 00 0A FF FF 00 00 00 05 00 00 0B FB 

---->>>  [IN ]
2020/08/24 02:52:03:018
Linktest.rsp
00 00 00 0A FF FF 00 00 00 06 00 00 0B FB 

<<<----  [OUT]
2020/08/24 02:52:13:030
Linktest.req
00 00 00 0A FF FF 00 00 00 05 00 00 0B FC 

---->>>  [IN ]
2020/08/24 02:52:13:031
Linktest.rsp
00 00 00 0A FF FF 00 00 00 06 00 00 0B FC 

<<<----  [OUT]
2020/08/24 02:52:23:046
Linktest.req
00 00 00 0A FF FF 00 00 00 05 00 00 0B FD 

---->>>  [IN ]
2020/08/24 02:52:23:047
Linktest.rsp
00 00 00 0A FF FF 00 00 00 06 00 00 0B FD 

<<<----  [OUT]
2020/08/24 02:52:33:060
Linktest.req
00 00 00 0A FF FF 00 00 00 05 00 00 0B FE 

---->>>  [IN ]
2020/08/24 02:52:33:061
Linktest.rsp
00 00 00 0A FF FF 00 00 00 06 00 00 0B FE 

<<<----  [OUT]
2020/08/24 02:52:43:073
Linktest.req
00 00 00 0A FF FF 00 00 00 05 00 00 0B FF 

---->>>  [IN ]
2020/08/24 02:52:43:074
Linktest.rsp
00 00 00 0A FF FF 00 00 00 06 00 00 0B FF 

<<<----  [OUT]
2020/08/24 02:52:53:092
Linktest.req
00 00 00 0A FF FF 00 00 00 05 00 00 0C 00 

---->>>  [IN ]
2020/08/24 02:52:53:093
Linktest.rsp
00 00 00 0A FF FF 00 00 00 06 00 00 0C 00 

---->>>  [IN ]
2020/08/24 02:53:02:157
Linktest.req
00 00 00 0A FF FF 00 00 00 05 80 00 02 2A 

<<<----  [OUT]
2020/08/24 02:53:02:157
Linktest.rsp
00 00 00 0A FF FF 00 00 00 06 80 00 02 2A 

<<<----  [OUT]
2020/08/24 02:53:03:107
Linktest.req
00 00 00 0A FF FF 00 00 00 05 00 00 0C 01 

---->>>  [IN ]
2020/08/24 02:53:03:108
Linktest.rsp
00 00 00 0A FF FF 00 00 00 06 00 00 0C 01 

<<<----  [OUT]
2020/08/24 02:53:13:125
Linktest.req
00 00 00 0A FF FF 00 00 00 05 00 00 0C 02 

---->>>  [IN ]
2020/08/24 02:53:13:126
Linktest.rsp
00 00 00 0A FF FF 00 00 00 06 00 00 0C 02 

<<<----  [OUT]
2020/08/24 02:53:23:141
Linktest.req
00 00 00 0A FF FF 00 00 00 05 00 00 0C 03 

---->>>  [IN ]
2020/08/24 02:53:23:142
Linktest.rsp
00 00 00 0A FF FF 00 00 00 06 00 00 0C 03 

<<<----  [OUT]
2020/08/24 02:53:33:158
Linktest.req
00 00 00 0A FF FF 00 00 00 05 00 00 0C 04 

---->>>  [IN ]
2020/08/24 02:53:33:159
Linktest.rsp
00 00 00 0A FF FF 00 00 00 06 00 00 0C 04 

<<<----  [OUT]
2020/08/24 02:53:43:176
Linktest.req
00 00 00 0A FF FF 00 00 00 05 00 00 0C 05 

---->>>  [IN ]
2020/08/24 02:53:43:177
Linktest.rsp
00 00 00 0A FF FF 00 00 00 06 00 00 0C 05 

<<<----  [OUT]
2020/08/24 02:53:53:192
Linktest.req
00 00 00 0A FF FF 00 00 00 05 00 00 0C 06 

---->>>  [IN ]
2020/08/24 02:53:53:193
Linktest.rsp
00 00 00 0A FF FF 00 00 00 06 00 00 0C 06 

---->>>  [IN ]
2020/08/24 02:54:02:154
Linktest.req
00 00 00 0A FF FF 00 00 00 05 80 00 02 2B 

<<<----  [OUT]
2020/08/24 02:54:02:154
Linktest.rsp
00 00 00 0A FF FF 00 00 00 06 80 00 02 2B 

<<<----  [OUT]
2020/08/24 02:54:03:179
Linktest.req
00 00 00 0A FF FF 00 00 00 05 00 00 0C 07 

---->>>  [IN ]
2020/08/24 02:54:03:180
Linktest.rsp
00 00 00 0A FF FF 00 00 00 06 00 00 0C 07 

<<<----  [OUT]
2020/08/24 02:54:13:191
Linktest.req
00 00 00 0A FF FF 00 00 00 05 00 00 0C 08 

---->>>  [IN ]
2020/08/24 02:54:13:192
Linktest.rsp
00 00 00 0A FF FF 00 00 00 06 00 00 0C 08 

<<<----  [OUT]
2020/08/24 02:54:23:206
Linktest.req
00 00 00 0A FF FF 00 00 00 05 00 00 0C 09 

---->>>  [IN ]
2020/08/24 02:54:23:207
Linktest.rsp
00 00 00 0A FF FF 00 00 00 06 00 00 0C 09 

<<<----  [OUT]
2020/08/24 02:54:33:221
Linktest.req
00 00 00 0A FF FF 00 00 00 05 00 00 0C 0A 

---->>>  [IN ]
2020/08/24 02:54:33:222
Linktest.rsp
00 00 00 0A FF FF 00 00 00 06 00 00 0C 0A 

<<<----  [OUT]
2020/08/24 02:54:43:238
Linktest.req
00 00 00 0A FF FF 00 00 00 05 00 00 0C 0B 

---->>>  [IN ]
2020/08/24 02:54:43:239
Linktest.rsp
00 00 00 0A FF FF 00 00 00 06 00 00 0C 0B 

<<<----  [OUT]
2020/08/24 02:54:53:247
Linktest.req
00 00 00 0A FF FF 00 00 00 05 00 00 0C 0C 

---->>>  [IN ]
2020/08/24 02:54:53:247
Linktest.rsp
00 00 00 0A FF FF 00 00 00 06 00 00 0C 0C 

---->>>  [IN ]
2020/08/24 02:55:02:154
Linktest.req
00 00 00 0A FF FF 00 00 00 05 80 00 02 2C 

<<<----  [OUT]
2020/08/24 02:55:02:154
Linktest.rsp
00 00 00 0A FF FF 00 00 00 06 80 00 02 2C 

<<<----  [OUT]
2020/08/24 02:55:03:259
Linktest.req
00 00 00 0A FF FF 00 00 00 05 00 00 0C 0D 

---->>>  [IN ]
2020/08/24 02:55:03:260
Linktest.rsp
00 00 00 0A FF FF 00 00 00 06 00 00 0C 0D 

<<<----  [OUT]
2020/08/24 02:55:13:257
Linktest.req
00 00 00 0A FF FF 00 00 00 05 00 00 0C 0E 

---->>>  [IN ]
2020/08/24 02:55:13:258
Linktest.rsp
00 00 00 0A FF FF 00 00 00 06 00 00 0C 0E 

<<<----  [OUT]
2020/08/24 02:55:23:271
Linktest.req
00 00 00 0A FF FF 00 00 00 05 00 00 0C 0F 

---->>>  [IN ]
2020/08/24 02:55:23:272
Linktest.rsp
00 00 00 0A FF FF 00 00 00 06 00 00 0C 0F 

<<<----  [OUT]
2020/08/24 02:55:33:285
Linktest.req
00 00 00 0A FF FF 00 00 00 05 00 00 0C 10 

---->>>  [IN ]
2020/08/24 02:55:33:285
Linktest.rsp
00 00 00 0A FF FF 00 00 00 06 00 00 0C 10 

<<<----  [OUT]
2020/08/24 02:55:43:294
Linktest.req
00 00 00 0A FF FF 00 00 00 05 00 00 0C 11 

---->>>  [IN ]
2020/08/24 02:55:43:295
Linktest.rsp
00 00 00 0A FF FF 00 00 00 06 00 00 0C 11 

<<<----  [OUT]
2020/08/24 02:55:53:306
Linktest.req
00 00 00 0A FF FF 00 00 00 05 00 00 0C 12 

---->>>  [IN ]
2020/08/24 02:55:53:307
Linktest.rsp
00 00 00 0A FF FF 00 00 00 06 00 00 0C 12 

---->>>  [IN ]
2020/08/24 02:56:02:149
Linktest.req
00 00 00 0A FF FF 00 00 00 05 80 00 02 2D 

<<<----  [OUT]
2020/08/24 02:56:02:149
Linktest.rsp
00 00 00 0A FF FF 00 00 00 06 80 00 02 2D 

<<<----  [OUT]
2020/08/24 02:56:03:317
Linktest.req
00 00 00 0A FF FF 00 00 00 05 00 00 0C 13 

---->>>  [IN ]
2020/08/24 02:56:03:318
Linktest.rsp
00 00 00 0A FF FF 00 00 00 06 00 00 0C 13 

<<<----  [OUT]
2020/08/24 02:56:13:331
Linktest.req
00 00 00 0A FF FF 00 00 00 05 00 00 0C 14 

---->>>  [IN ]
2020/08/24 02:56:13:332
Linktest.rsp
00 00 00 0A FF FF 00 00 00 06 00 00 0C 14 

<<<----  [OUT]
2020/08/24 02:56:23:346
Linktest.req
00 00 00 0A FF FF 00 00 00 05 00 00 0C 15 

---->>>  [IN ]
2020/08/24 02:56:23:347
Linktest.rsp
00 00 00 0A FF FF 00 00 00 06 00 00 0C 15 

<<<----  [OUT]
2020/08/24 02:56:33:361
Linktest.req
00 00 00 0A FF FF 00 00 00 05 00 00 0C 16 

---->>>  [IN ]
2020/08/24 02:56:33:362
Linktest.rsp
00 00 00 0A FF FF 00 00 00 06 00 00 0C 16 

<<<----  [OUT]
2020/08/24 02:56:43:377
Linktest.req
00 00 00 0A FF FF 00 00 00 05 00 00 0C 17 

---->>>  [IN ]
2020/08/24 02:56:43:378
Linktest.rsp
00 00 00 0A FF FF 00 00 00 06 00 00 0C 17 

<<<----  [OUT]
2020/08/24 02:56:53:389
Linktest.req
00 00 00 0A FF FF 00 00 00 05 00 00 0C 18 

---->>>  [IN ]
2020/08/24 02:56:53:390
Linktest.rsp
00 00 00 0A FF FF 00 00 00 06 00 00 0C 18 

---->>>  [IN ]
2020/08/24 02:57:02:159
Linktest.req
00 00 00 0A FF FF 00 00 00 05 80 00 02 2E 

<<<----  [OUT]
2020/08/24 02:57:02:159
Linktest.rsp
00 00 00 0A FF FF 00 00 00 06 80 00 02 2E 

<<<----  [OUT]
2020/08/24 02:57:03:405
Linktest.req
00 00 00 0A FF FF 00 00 00 05 00 00 0C 19 

---->>>  [IN ]
2020/08/24 02:57:03:405
Linktest.rsp
00 00 00 0A FF FF 00 00 00 06 00 00 0C 19 

<<<----  [OUT]
2020/08/24 02:57:13:420
Linktest.req
00 00 00 0A FF FF 00 00 00 05 00 00 0C 1A 

---->>>  [IN ]
2020/08/24 02:57:13:421
Linktest.rsp
00 00 00 0A FF FF 00 00 00 06 00 00 0C 1A 

<<<----  [OUT]
2020/08/24 02:57:23:438
Linktest.req
00 00 00 0A FF FF 00 00 00 05 00 00 0C 1B 

---->>>  [IN ]
2020/08/24 02:57:23:439
Linktest.rsp
00 00 00 0A FF FF 00 00 00 06 00 00 0C 1B 

<<<----  [OUT]
2020/08/24 02:57:33:451
Linktest.req
00 00 00 0A FF FF 00 00 00 05 00 00 0C 1C 

---->>>  [IN ]
2020/08/24 02:57:33:452
Linktest.rsp
00 00 00 0A FF FF 00 00 00 06 00 00 0C 1C 

<<<----  [OUT]
2020/08/24 02:57:43:462
Linktest.req
00 00 00 0A FF FF 00 00 00 05 00 00 0C 1D 

---->>>  [IN ]
2020/08/24 02:57:43:463
Linktest.rsp
00 00 00 0A FF FF 00 00 00 06 00 00 0C 1D 

<<<----  [OUT]
2020/08/24 02:57:53:475
Linktest.req
00 00 00 0A FF FF 00 00 00 05 00 00 0C 1E 

---->>>  [IN ]
2020/08/24 02:57:53:476
Linktest.rsp
00 00 00 0A FF FF 00 00 00 06 00 00 0C 1E 

---->>>  [IN ]
2020/08/24 02:58:02:170
Linktest.req
00 00 00 0A FF FF 00 00 00 05 80 00 02 2F 

<<<----  [OUT]
2020/08/24 02:58:02:170
Linktest.rsp
00 00 00 0A FF FF 00 00 00 06 80 00 02 2F 

<<<----  [OUT]
2020/08/24 02:58:03:490
Linktest.req
00 00 00 0A FF FF 00 00 00 05 00 00 0C 1F 

---->>>  [IN ]
2020/08/24 02:58:03:491
Linktest.rsp
00 00 00 0A FF FF 00 00 00 06 00 00 0C 1F 

<<<----  [OUT]
2020/08/24 02:58:13:505
Linktest.req
00 00 00 0A FF FF 00 00 00 05 00 00 0C 20 

---->>>  [IN ]
2020/08/24 02:58:13:506
Linktest.rsp
00 00 00 0A FF FF 00 00 00 06 00 00 0C 20 

<<<----  [OUT]
2020/08/24 02:58:23:520
Linktest.req
00 00 00 0A FF FF 00 00 00 05 00 00 0C 21 

---->>>  [IN ]
2020/08/24 02:58:23:521
Linktest.rsp
00 00 00 0A FF FF 00 00 00 06 00 00 0C 21 

<<<----  [OUT]
2020/08/24 02:58:33:532
Linktest.req
00 00 00 0A FF FF 00 00 00 05 00 00 0C 22 

---->>>  [IN ]
2020/08/24 02:58:33:533
Linktest.rsp
00 00 00 0A FF FF 00 00 00 06 00 00 0C 22 

<<<----  [OUT]
2020/08/24 02:58:43:546
Linktest.req
00 00 00 0A FF FF 00 00 00 05 00 00 0C 23 

---->>>  [IN ]
2020/08/24 02:58:43:547
Linktest.rsp
00 00 00 0A FF FF 00 00 00 06 00 00 0C 23 

<<<----  [OUT]
2020/08/24 02:58:53:562
Linktest.req
00 00 00 0A FF FF 00 00 00 05 00 00 0C 24 

---->>>  [IN ]
2020/08/24 02:58:53:563
Linktest.rsp
00 00 00 0A FF FF 00 00 00 06 00 00 0C 24 

---->>>  [IN ]
2020/08/24 02:59:02:173
Linktest.req
00 00 00 0A FF FF 00 00 00 05 80 00 02 30 

<<<----  [OUT]
2020/08/24 02:59:02:173
Linktest.rsp
00 00 00 0A FF FF 00 00 00 06 80 00 02 30 

<<<----  [OUT]
2020/08/24 02:59:03:578
Linktest.req
00 00 00 0A FF FF 00 00 00 05 00 00 0C 25 

---->>>  [IN ]
2020/08/24 02:59:03:579
Linktest.rsp
00 00 00 0A FF FF 00 00 00 06 00 00 0C 25 

<<<----  [OUT]
2020/08/24 02:59:13:594
Linktest.req
00 00 00 0A FF FF 00 00 00 05 00 00 0C 26 

---->>>  [IN ]
2020/08/24 02:59:13:595
Linktest.rsp
00 00 00 0A FF FF 00 00 00 06 00 00 0C 26 

<<<----  [OUT]
2020/08/24 02:59:23:609
Linktest.req
00 00 00 0A FF FF 00 00 00 05 00 00 0C 27 

---->>>  [IN ]
2020/08/24 02:59:23:610
Linktest.rsp
00 00 00 0A FF FF 00 00 00 06 00 00 0C 27 

<<<----  [OUT]
2020/08/24 02:59:33:626
Linktest.req
00 00 00 0A FF FF 00 00 00 05 00 00 0C 28 

---->>>  [IN ]
2020/08/24 02:59:33:627
Linktest.rsp
00 00 00 0A FF FF 00 00 00 06 00 00 0C 28 

<<<----  [OUT]
2020/08/24 02:59:43:641
Linktest.req
00 00 00 0A FF FF 00 00 00 05 00 00 0C 29 

---->>>  [IN ]
2020/08/24 02:59:43:642
Linktest.rsp
00 00 00 0A FF FF 00 00 00 06 00 00 0C 29 

<<<----  [OUT]
2020/08/24 02:59:53:654
Linktest.req
00 00 00 0A FF FF 00 00 00 05 00 00 0C 2A 

---->>>  [IN ]
2020/08/24 02:59:53:655
Linktest.rsp
00 00 00 0A FF FF 00 00 00 06 00 00 0C 2A 
