
<<<----  [OUT]
2020/08/24 16:00:00:377
Linktest.req
00 00 00 0A FF FF 00 00 00 05 00 00 03 E0 

---->>>  [IN ]
2020/08/24 16:00:00:378
Linktest.rsp
00 00 00 0A FF FF 00 00 00 06 00 00 03 E0 

<<<----  [OUT]
2020/08/24 16:00:10:392
Linktest.req
00 00 00 0A FF FF 00 00 00 05 00 00 03 E1 

---->>>  [IN ]
2020/08/24 16:00:10:393
Linktest.rsp
00 00 00 0A FF FF 00 00 00 06 00 00 03 E1 

---->>>  [IN ]
2020/08/24 16:00:18:615
Linktest.req
00 00 00 0A FF FF 00 00 00 05 80 00 00 C4 

<<<----  [OUT]
2020/08/24 16:00:18:615
Linktest.rsp
00 00 00 0A FF FF 00 00 00 06 80 00 00 C4 

<<<----  [OUT]
2020/08/24 16:00:20:404
Linktest.req
00 00 00 0A FF FF 00 00 00 05 00 00 03 E2 

---->>>  [IN ]
2020/08/24 16:00:20:405
Linktest.rsp
00 00 00 0A FF FF 00 00 00 06 00 00 03 E2 

<<<----  [OUT]
2020/08/24 16:00:30:419
Linktest.req
00 00 00 0A FF FF 00 00 00 05 00 00 03 E3 

---->>>  [IN ]
2020/08/24 16:00:30:420
Linktest.rsp
00 00 00 0A FF FF 00 00 00 06 00 00 03 E3 

<<<----  [OUT]
2020/08/24 16:00:40:433
Linktest.req
00 00 00 0A FF FF 00 00 00 05 00 00 03 E4 

---->>>  [IN ]
2020/08/24 16:00:40:434
Linktest.rsp
00 00 00 0A FF FF 00 00 00 06 00 00 03 E4 

<<<----  [OUT]
2020/08/24 16:00:50:442
Linktest.req
00 00 00 0A FF FF 00 00 00 05 00 00 03 E5 

---->>>  [IN ]
2020/08/24 16:00:50:443
Linktest.rsp
00 00 00 0A FF FF 00 00 00 06 00 00 03 E5 

<<<----  [OUT]
2020/08/24 16:01:00:429
Linktest.req
00 00 00 0A FF FF 00 00 00 05 00 00 03 E6 

---->>>  [IN ]
2020/08/24 16:01:00:430
Linktest.rsp
00 00 00 0A FF FF 00 00 00 06 00 00 03 E6 

<<<----  [OUT]
2020/08/24 16:01:10:446
Linktest.req
00 00 00 0A FF FF 00 00 00 05 00 00 03 E7 

---->>>  [IN ]
2020/08/24 16:01:10:447
Linktest.rsp
00 00 00 0A FF FF 00 00 00 06 00 00 03 E7 

---->>>  [IN ]
2020/08/24 16:01:18:617
Linktest.req
00 00 00 0A FF FF 00 00 00 05 80 00 00 C5 

<<<----  [OUT]
2020/08/24 16:01:18:617
Linktest.rsp
00 00 00 0A FF FF 00 00 00 06 80 00 00 C5 

<<<----  [OUT]
2020/08/24 16:01:20:459
Linktest.req
00 00 00 0A FF FF 00 00 00 05 00 00 03 E8 

---->>>  [IN ]
2020/08/24 16:01:20:460
Linktest.rsp
00 00 00 0A FF FF 00 00 00 06 00 00 03 E8 

<<<----  [OUT]
2020/08/24 16:01:30:470
Linktest.req
00 00 00 0A FF FF 00 00 00 05 00 00 03 E9 

---->>>  [IN ]
2020/08/24 16:01:30:471
Linktest.rsp
00 00 00 0A FF FF 00 00 00 06 00 00 03 E9 

<<<----  [OUT]
2020/08/24 16:01:40:483
Linktest.req
00 00 00 0A FF FF 00 00 00 05 00 00 03 EA 

---->>>  [IN ]
2020/08/24 16:01:40:484
Linktest.rsp
00 00 00 0A FF FF 00 00 00 06 00 00 03 EA 

<<<----  [OUT]
2020/08/24 16:01:50:493
Linktest.req
00 00 00 0A FF FF 00 00 00 05 00 00 03 EB 

---->>>  [IN ]
2020/08/24 16:01:50:494
Linktest.rsp
00 00 00 0A FF FF 00 00 00 06 00 00 03 EB 

<<<----  [OUT]
2020/08/24 16:02:00:501
Linktest.req
00 00 00 0A FF FF 00 00 00 05 00 00 03 EC 

---->>>  [IN ]
2020/08/24 16:02:00:502
Linktest.rsp
00 00 00 0A FF FF 00 00 00 06 00 00 03 EC 

<<<----  [OUT]
2020/08/24 16:02:10:514
Linktest.req
00 00 00 0A FF FF 00 00 00 05 00 00 03 ED 

---->>>  [IN ]
2020/08/24 16:02:10:515
Linktest.rsp
00 00 00 0A FF FF 00 00 00 06 00 00 03 ED 

---->>>  [IN ]
2020/08/24 16:02:18:615
Linktest.req
00 00 00 0A FF FF 00 00 00 05 80 00 00 C6 

<<<----  [OUT]
2020/08/24 16:02:18:615
Linktest.rsp
00 00 00 0A FF FF 00 00 00 06 80 00 00 C6 

<<<----  [OUT]
2020/08/24 16:02:20:532
Linktest.req
00 00 00 0A FF FF 00 00 00 05 00 00 03 EE 

---->>>  [IN ]
2020/08/24 16:02:20:533
Linktest.rsp
00 00 00 0A FF FF 00 00 00 06 00 00 03 EE 

<<<----  [OUT]
2020/08/24 16:02:30:551
Linktest.req
00 00 00 0A FF FF 00 00 00 05 00 00 03 EF 

---->>>  [IN ]
2020/08/24 16:02:30:551
Linktest.rsp
00 00 00 0A FF FF 00 00 00 06 00 00 03 EF 

<<<----  [OUT]
2020/08/24 16:02:40:539
Linktest.req
00 00 00 0A FF FF 00 00 00 05 00 00 03 F0 

---->>>  [IN ]
2020/08/24 16:02:40:540
Linktest.rsp
00 00 00 0A FF FF 00 00 00 06 00 00 03 F0 

<<<----  [OUT]
2020/08/24 16:02:50:553
Linktest.req
00 00 00 0A FF FF 00 00 00 05 00 00 03 F1 

---->>>  [IN ]
2020/08/24 16:02:50:554
Linktest.rsp
00 00 00 0A FF FF 00 00 00 06 00 00 03 F1 

<<<----  [OUT]
2020/08/24 16:03:00:570
Linktest.req
00 00 00 0A FF FF 00 00 00 05 00 00 03 F2 

---->>>  [IN ]
2020/08/24 16:03:00:571
Linktest.rsp
00 00 00 0A FF FF 00 00 00 06 00 00 03 F2 

<<<----  [OUT]
2020/08/24 16:03:10:586
Linktest.req
00 00 00 0A FF FF 00 00 00 05 00 00 03 F3 

---->>>  [IN ]
2020/08/24 16:03:10:587
Linktest.rsp
00 00 00 0A FF FF 00 00 00 06 00 00 03 F3 

---->>>  [IN ]
2020/08/24 16:03:18:612
Linktest.req
00 00 00 0A FF FF 00 00 00 05 80 00 00 C7 

<<<----  [OUT]
2020/08/24 16:03:18:612
Linktest.rsp
00 00 00 0A FF FF 00 00 00 06 80 00 00 C7 

<<<----  [OUT]
2020/08/24 16:03:20:606
Linktest.req
00 00 00 0A FF FF 00 00 00 05 00 00 03 F4 

---->>>  [IN ]
2020/08/24 16:03:20:607
Linktest.rsp
00 00 00 0A FF FF 00 00 00 06 00 00 03 F4 

<<<----  [OUT]
2020/08/24 16:03:30:622
Linktest.req
00 00 00 0A FF FF 00 00 00 05 00 00 03 F5 

---->>>  [IN ]
2020/08/24 16:03:30:623
Linktest.rsp
00 00 00 0A FF FF 00 00 00 06 00 00 03 F5 

<<<----  [OUT]
2020/08/24 16:03:40:637
Linktest.req
00 00 00 0A FF FF 00 00 00 05 00 00 03 F6 

---->>>  [IN ]
2020/08/24 16:03:40:638
Linktest.rsp
00 00 00 0A FF FF 00 00 00 06 00 00 03 F6 

<<<----  [OUT]
2020/08/24 16:03:50:651
Linktest.req
00 00 00 0A FF FF 00 00 00 05 00 00 03 F7 

---->>>  [IN ]
2020/08/24 16:03:50:652
Linktest.rsp
00 00 00 0A FF FF 00 00 00 06 00 00 03 F7 

<<<----  [OUT]
2020/08/24 16:04:00:667
Linktest.req
00 00 00 0A FF FF 00 00 00 05 00 00 03 F8 

---->>>  [IN ]
2020/08/24 16:04:00:668
Linktest.rsp
00 00 00 0A FF FF 00 00 00 06 00 00 03 F8 

<<<----  [OUT]
2020/08/24 16:04:10:685
Linktest.req
00 00 00 0A FF FF 00 00 00 05 00 00 03 F9 

---->>>  [IN ]
2020/08/24 16:04:10:686
Linktest.rsp
00 00 00 0A FF FF 00 00 00 06 00 00 03 F9 

---->>>  [IN ]
2020/08/24 16:04:18:613
Linktest.req
00 00 00 0A FF FF 00 00 00 05 80 00 00 C8 

<<<----  [OUT]
2020/08/24 16:04:18:613
Linktest.rsp
00 00 00 0A FF FF 00 00 00 06 80 00 00 C8 

<<<----  [OUT]
2020/08/24 16:04:20:699
Linktest.req
00 00 00 0A FF FF 00 00 00 05 00 00 03 FA 

---->>>  [IN ]
2020/08/24 16:04:20:700
Linktest.rsp
00 00 00 0A FF FF 00 00 00 06 00 00 03 FA 

<<<----  [OUT]
2020/08/24 16:04:30:712
Linktest.req
00 00 00 0A FF FF 00 00 00 05 00 00 03 FB 

---->>>  [IN ]
2020/08/24 16:04:30:713
Linktest.rsp
00 00 00 0A FF FF 00 00 00 06 00 00 03 FB 

<<<----  [OUT]
2020/08/24 16:04:40:728
Linktest.req
00 00 00 0A FF FF 00 00 00 05 00 00 03 FC 

---->>>  [IN ]
2020/08/24 16:04:40:729
Linktest.rsp
00 00 00 0A FF FF 00 00 00 06 00 00 03 FC 

<<<----  [OUT]
2020/08/24 16:04:50:749
Linktest.req
00 00 00 0A FF FF 00 00 00 05 00 00 03 FD 

---->>>  [IN ]
2020/08/24 16:04:50:750
Linktest.rsp
00 00 00 0A FF FF 00 00 00 06 00 00 03 FD 

<<<----  [OUT]
2020/08/24 16:05:00:768
Linktest.req
00 00 00 0A FF FF 00 00 00 05 00 00 03 FE 

---->>>  [IN ]
2020/08/24 16:05:00:769
Linktest.rsp
00 00 00 0A FF FF 00 00 00 06 00 00 03 FE 

<<<----  [OUT]
2020/08/24 16:05:10:786
Linktest.req
00 00 00 0A FF FF 00 00 00 05 00 00 03 FF 

---->>>  [IN ]
2020/08/24 16:05:10:787
Linktest.rsp
00 00 00 0A FF FF 00 00 00 06 00 00 03 FF 

---->>>  [IN ]
2020/08/24 16:05:18:616
Linktest.req
00 00 00 0A FF FF 00 00 00 05 80 00 00 C9 

<<<----  [OUT]
2020/08/24 16:05:18:616
Linktest.rsp
00 00 00 0A FF FF 00 00 00 06 80 00 00 C9 

<<<----  [OUT]
2020/08/24 16:05:20:802
Linktest.req
00 00 00 0A FF FF 00 00 00 05 00 00 04 00 

---->>>  [IN ]
2020/08/24 16:05:20:803
Linktest.rsp
00 00 00 0A FF FF 00 00 00 06 00 00 04 00 

<<<----  [OUT]
2020/08/24 16:05:30:789
Linktest.req
00 00 00 0A FF FF 00 00 00 05 00 00 04 01 

---->>>  [IN ]
2020/08/24 16:05:30:790
Linktest.rsp
00 00 00 0A FF FF 00 00 00 06 00 00 04 01 

<<<----  [OUT]
2020/08/24 16:05:40:807
Linktest.req
00 00 00 0A FF FF 00 00 00 05 00 00 04 02 

---->>>  [IN ]
2020/08/24 16:05:40:808
Linktest.rsp
00 00 00 0A FF FF 00 00 00 06 00 00 04 02 

<<<----  [OUT]
2020/08/24 16:05:50:823
Linktest.req
00 00 00 0A FF FF 00 00 00 05 00 00 04 03 

---->>>  [IN ]
2020/08/24 16:05:50:824
Linktest.rsp
00 00 00 0A FF FF 00 00 00 06 00 00 04 03 

<<<----  [OUT]
2020/08/24 16:06:00:843
Linktest.req
00 00 00 0A FF FF 00 00 00 05 00 00 04 04 

---->>>  [IN ]
2020/08/24 16:06:00:844
Linktest.rsp
00 00 00 0A FF FF 00 00 00 06 00 00 04 04 

<<<----  [OUT]
2020/08/24 16:06:10:856
Linktest.req
00 00 00 0A FF FF 00 00 00 05 00 00 04 05 

---->>>  [IN ]
2020/08/24 16:06:10:857
Linktest.rsp
00 00 00 0A FF FF 00 00 00 06 00 00 04 05 

---->>>  [IN ]
2020/08/24 16:06:18:612
Linktest.req
00 00 00 0A FF FF 00 00 00 05 80 00 00 CA 

<<<----  [OUT]
2020/08/24 16:06:18:612
Linktest.rsp
00 00 00 0A FF FF 00 00 00 06 80 00 00 CA 

<<<----  [OUT]
2020/08/24 16:06:20:871
Linktest.req
00 00 00 0A FF FF 00 00 00 05 00 00 04 06 

---->>>  [IN ]
2020/08/24 16:06:20:872
Linktest.rsp
00 00 00 0A FF FF 00 00 00 06 00 00 04 06 

<<<----  [OUT]
2020/08/24 16:06:30:886
Linktest.req
00 00 00 0A FF FF 00 00 00 05 00 00 04 07 

---->>>  [IN ]
2020/08/24 16:06:30:887
Linktest.rsp
00 00 00 0A FF FF 00 00 00 06 00 00 04 07 

<<<----  [OUT]
2020/08/24 16:06:40:902
Linktest.req
00 00 00 0A FF FF 00 00 00 05 00 00 04 08 

---->>>  [IN ]
2020/08/24 16:06:40:903
Linktest.rsp
00 00 00 0A FF FF 00 00 00 06 00 00 04 08 

<<<----  [OUT]
2020/08/24 16:06:50:915
Linktest.req
00 00 00 0A FF FF 00 00 00 05 00 00 04 09 

---->>>  [IN ]
2020/08/24 16:06:50:916
Linktest.rsp
00 00 00 0A FF FF 00 00 00 06 00 00 04 09 

<<<----  [OUT]
2020/08/24 16:07:00:933
Linktest.req
00 00 00 0A FF FF 00 00 00 05 00 00 04 0A 

---->>>  [IN ]
2020/08/24 16:07:00:934
Linktest.rsp
00 00 00 0A FF FF 00 00 00 06 00 00 04 0A 

<<<----  [OUT]
2020/08/24 16:07:10:950
Linktest.req
00 00 00 0A FF FF 00 00 00 05 00 00 04 0B 

---->>>  [IN ]
2020/08/24 16:07:10:951
Linktest.rsp
00 00 00 0A FF FF 00 00 00 06 00 00 04 0B 

---->>>  [IN ]
2020/08/24 16:07:18:613
Linktest.req
00 00 00 0A FF FF 00 00 00 05 80 00 00 CB 

<<<----  [OUT]
2020/08/24 16:07:18:613
Linktest.rsp
00 00 00 0A FF FF 00 00 00 06 80 00 00 CB 

<<<----  [OUT]
2020/08/24 16:07:20:965
Linktest.req
00 00 00 0A FF FF 00 00 00 05 00 00 04 0C 

---->>>  [IN ]
2020/08/24 16:07:20:967
Linktest.rsp
00 00 00 0A FF FF 00 00 00 06 00 00 04 0C 

<<<----  [OUT]
2020/08/24 16:07:30:980
Linktest.req
00 00 00 0A FF FF 00 00 00 05 00 00 04 0D 

---->>>  [IN ]
2020/08/24 16:07:30:981
Linktest.rsp
00 00 00 0A FF FF 00 00 00 06 00 00 04 0D 

<<<----  [OUT]
2020/08/24 16:07:40:996
Linktest.req
00 00 00 0A FF FF 00 00 00 05 00 00 04 0E 

---->>>  [IN ]
2020/08/24 16:07:40:997
Linktest.rsp
00 00 00 0A FF FF 00 00 00 06 00 00 04 0E 

<<<----  [OUT]
2020/08/24 16:07:51:015
Linktest.req
00 00 00 0A FF FF 00 00 00 05 00 00 04 0F 

---->>>  [IN ]
2020/08/24 16:07:51:015
Linktest.rsp
00 00 00 0A FF FF 00 00 00 06 00 00 04 0F 

<<<----  [OUT]
2020/08/24 16:08:01:029
Linktest.req
00 00 00 0A FF FF 00 00 00 05 00 00 04 10 

---->>>  [IN ]
2020/08/24 16:08:01:030
Linktest.rsp
00 00 00 0A FF FF 00 00 00 06 00 00 04 10 

<<<----  [OUT]
2020/08/24 16:08:11:043
Linktest.req
00 00 00 0A FF FF 00 00 00 05 00 00 04 11 

---->>>  [IN ]
2020/08/24 16:08:11:044
Linktest.rsp
00 00 00 0A FF FF 00 00 00 06 00 00 04 11 

---->>>  [IN ]
2020/08/24 16:08:18:616
Linktest.req
00 00 00 0A FF FF 00 00 00 05 80 00 00 CC 

<<<----  [OUT]
2020/08/24 16:08:18:616
Linktest.rsp
00 00 00 0A FF FF 00 00 00 06 80 00 00 CC 

<<<----  [OUT]
2020/08/24 16:08:21:056
Linktest.req
00 00 00 0A FF FF 00 00 00 05 00 00 04 12 

---->>>  [IN ]
2020/08/24 16:08:21:057
Linktest.rsp
00 00 00 0A FF FF 00 00 00 06 00 00 04 12 

<<<----  [OUT]
2020/08/24 16:08:31:069
Linktest.req
00 00 00 0A FF FF 00 00 00 05 00 00 04 13 

---->>>  [IN ]
2020/08/24 16:08:31:070
Linktest.rsp
00 00 00 0A FF FF 00 00 00 06 00 00 04 13 

<<<----  [OUT]
2020/08/24 16:08:41:081
Linktest.req
00 00 00 0A FF FF 00 00 00 05 00 00 04 14 

---->>>  [IN ]
2020/08/24 16:08:41:082
Linktest.rsp
00 00 00 0A FF FF 00 00 00 06 00 00 04 14 

<<<----  [OUT]
2020/08/24 16:08:51:097
Linktest.req
00 00 00 0A FF FF 00 00 00 05 00 00 04 15 

---->>>  [IN ]
2020/08/24 16:08:51:098
Linktest.rsp
00 00 00 0A FF FF 00 00 00 06 00 00 04 15 

<<<----  [OUT]
2020/08/24 16:09:01:112
Linktest.req
00 00 00 0A FF FF 00 00 00 05 00 00 04 16 

---->>>  [IN ]
2020/08/24 16:09:01:113
Linktest.rsp
00 00 00 0A FF FF 00 00 00 06 00 00 04 16 

<<<----  [OUT]
2020/08/24 16:09:11:127
Linktest.req
00 00 00 0A FF FF 00 00 00 05 00 00 04 17 

---->>>  [IN ]
2020/08/24 16:09:11:128
Linktest.rsp
00 00 00 0A FF FF 00 00 00 06 00 00 04 17 

---->>>  [IN ]
2020/08/24 16:09:18:616
Linktest.req
00 00 00 0A FF FF 00 00 00 05 80 00 00 CD 

<<<----  [OUT]
2020/08/24 16:09:18:616
Linktest.rsp
00 00 00 0A FF FF 00 00 00 06 80 00 00 CD 

<<<----  [OUT]
2020/08/24 16:09:21:144
Linktest.req
00 00 00 0A FF FF 00 00 00 05 00 00 04 18 

---->>>  [IN ]
2020/08/24 16:09:21:145
Linktest.rsp
00 00 00 0A FF FF 00 00 00 06 00 00 04 18 

<<<----  [OUT]
2020/08/24 16:09:31:154
Linktest.req
00 00 00 0A FF FF 00 00 00 05 00 00 04 19 

---->>>  [IN ]
2020/08/24 16:09:31:155
Linktest.rsp
00 00 00 0A FF FF 00 00 00 06 00 00 04 19 

<<<----  [OUT]
2020/08/24 16:09:41:168
Linktest.req
00 00 00 0A FF FF 00 00 00 05 00 00 04 1A 

---->>>  [IN ]
2020/08/24 16:09:41:169
Linktest.rsp
00 00 00 0A FF FF 00 00 00 06 00 00 04 1A 

<<<----  [OUT]
2020/08/24 16:09:51:182
Linktest.req
00 00 00 0A FF FF 00 00 00 05 00 00 04 1B 

---->>>  [IN ]
2020/08/24 16:09:51:183
Linktest.rsp
00 00 00 0A FF FF 00 00 00 06 00 00 04 1B 

<<<----  [OUT]
2020/08/24 16:10:01:195
Linktest.req
00 00 00 0A FF FF 00 00 00 05 00 00 04 1C 

---->>>  [IN ]
2020/08/24 16:10:01:196
Linktest.rsp
00 00 00 0A FF FF 00 00 00 06 00 00 04 1C 

<<<----  [OUT]
2020/08/24 16:10:11:213
Linktest.req
00 00 00 0A FF FF 00 00 00 05 00 00 04 1D 

---->>>  [IN ]
2020/08/24 16:10:11:214
Linktest.rsp
00 00 00 0A FF FF 00 00 00 06 00 00 04 1D 

---->>>  [IN ]
2020/08/24 16:10:18:618
Linktest.req
00 00 00 0A FF FF 00 00 00 05 80 00 00 CE 

<<<----  [OUT]
2020/08/24 16:10:18:618
Linktest.rsp
00 00 00 0A FF FF 00 00 00 06 80 00 00 CE 

<<<----  [OUT]
2020/08/24 16:10:21:231
Linktest.req
00 00 00 0A FF FF 00 00 00 05 00 00 04 1E 

---->>>  [IN ]
2020/08/24 16:10:21:232
Linktest.rsp
00 00 00 0A FF FF 00 00 00 06 00 00 04 1E 

<<<----  [OUT]
2020/08/24 16:10:31:248
Linktest.req
00 00 00 0A FF FF 00 00 00 05 00 00 04 1F 

---->>>  [IN ]
2020/08/24 16:10:31:249
Linktest.rsp
00 00 00 0A FF FF 00 00 00 06 00 00 04 1F 

<<<----  [OUT]
2020/08/24 16:10:41:265
Linktest.req
00 00 00 0A FF FF 00 00 00 05 00 00 04 20 

---->>>  [IN ]
2020/08/24 16:10:41:266
Linktest.rsp
00 00 00 0A FF FF 00 00 00 06 00 00 04 20 

<<<----  [OUT]
2020/08/24 16:10:51:280
Linktest.req
00 00 00 0A FF FF 00 00 00 05 00 00 04 21 

---->>>  [IN ]
2020/08/24 16:10:51:281
Linktest.rsp
00 00 00 0A FF FF 00 00 00 06 00 00 04 21 

<<<----  [OUT]
2020/08/24 16:11:01:298
Linktest.req
00 00 00 0A FF FF 00 00 00 05 00 00 04 22 

---->>>  [IN ]
2020/08/24 16:11:01:299
Linktest.rsp
00 00 00 0A FF FF 00 00 00 06 00 00 04 22 

<<<----  [OUT]
2020/08/24 16:11:11:291
Linktest.req
00 00 00 0A FF FF 00 00 00 05 00 00 04 23 

---->>>  [IN ]
2020/08/24 16:11:11:292
Linktest.rsp
00 00 00 0A FF FF 00 00 00 06 00 00 04 23 

---->>>  [IN ]
2020/08/24 16:11:18:612
Linktest.req
00 00 00 0A FF FF 00 00 00 05 80 00 00 CF 

<<<----  [OUT]
2020/08/24 16:11:18:612
Linktest.rsp
00 00 00 0A FF FF 00 00 00 06 80 00 00 CF 

<<<----  [OUT]
2020/08/24 16:11:21:317
Linktest.req
00 00 00 0A FF FF 00 00 00 05 00 00 04 24 

---->>>  [IN ]
2020/08/24 16:11:21:318
Linktest.rsp
00 00 00 0A FF FF 00 00 00 06 00 00 04 24 

<<<----  [OUT]
2020/08/24 16:11:31:332
Linktest.req
00 00 00 0A FF FF 00 00 00 05 00 00 04 25 

---->>>  [IN ]
2020/08/24 16:11:31:333
Linktest.rsp
00 00 00 0A FF FF 00 00 00 06 00 00 04 25 

<<<----  [OUT]
2020/08/24 16:11:41:348
Linktest.req
00 00 00 0A FF FF 00 00 00 05 00 00 04 26 

---->>>  [IN ]
2020/08/24 16:11:41:348
Linktest.rsp
00 00 00 0A FF FF 00 00 00 06 00 00 04 26 

<<<----  [OUT]
2020/08/24 16:11:51:363
Linktest.req
00 00 00 0A FF FF 00 00 00 05 00 00 04 27 

---->>>  [IN ]
2020/08/24 16:11:51:364
Linktest.rsp
00 00 00 0A FF FF 00 00 00 06 00 00 04 27 

<<<----  [OUT]
2020/08/24 16:12:01:380
Linktest.req
00 00 00 0A FF FF 00 00 00 05 00 00 04 28 

---->>>  [IN ]
2020/08/24 16:12:01:381
Linktest.rsp
00 00 00 0A FF FF 00 00 00 06 00 00 04 28 

<<<----  [OUT]
2020/08/24 16:12:11:399
Linktest.req
00 00 00 0A FF FF 00 00 00 05 00 00 04 29 

---->>>  [IN ]
2020/08/24 16:12:11:400
Linktest.rsp
00 00 00 0A FF FF 00 00 00 06 00 00 04 29 

---->>>  [IN ]
2020/08/24 16:12:18:616
Linktest.req
00 00 00 0A FF FF 00 00 00 05 80 00 00 D0 

<<<----  [OUT]
2020/08/24 16:12:18:616
Linktest.rsp
00 00 00 0A FF FF 00 00 00 06 80 00 00 D0 

<<<----  [OUT]
2020/08/24 16:12:21:417
Linktest.req
00 00 00 0A FF FF 00 00 00 05 00 00 04 2A 

---->>>  [IN ]
2020/08/24 16:12:21:418
Linktest.rsp
00 00 00 0A FF FF 00 00 00 06 00 00 04 2A 

<<<----  [OUT]
2020/08/24 16:12:31:435
Linktest.req
00 00 00 0A FF FF 00 00 00 05 00 00 04 2B 

---->>>  [IN ]
2020/08/24 16:12:31:436
Linktest.rsp
00 00 00 0A FF FF 00 00 00 06 00 00 04 2B 

<<<----  [OUT]
2020/08/24 16:12:41:452
Linktest.req
00 00 00 0A FF FF 00 00 00 05 00 00 04 2C 

---->>>  [IN ]
2020/08/24 16:12:41:453
Linktest.rsp
00 00 00 0A FF FF 00 00 00 06 00 00 04 2C 

<<<----  [OUT]
2020/08/24 16:12:51:466
Linktest.req
00 00 00 0A FF FF 00 00 00 05 00 00 04 2D 

---->>>  [IN ]
2020/08/24 16:12:51:467
Linktest.rsp
00 00 00 0A FF FF 00 00 00 06 00 00 04 2D 

<<<----  [OUT]
2020/08/24 16:13:01:482
Linktest.req
00 00 00 0A FF FF 00 00 00 05 00 00 04 2E 

---->>>  [IN ]
2020/08/24 16:13:01:483
Linktest.rsp
00 00 00 0A FF FF 00 00 00 06 00 00 04 2E 

<<<----  [OUT]
2020/08/24 16:13:11:501
Linktest.req
00 00 00 0A FF FF 00 00 00 05 00 00 04 2F 

---->>>  [IN ]
2020/08/24 16:13:11:502
Linktest.rsp
00 00 00 0A FF FF 00 00 00 06 00 00 04 2F 

---->>>  [IN ]
2020/08/24 16:13:18:616
Linktest.req
00 00 00 0A FF FF 00 00 00 05 80 00 00 D1 

<<<----  [OUT]
2020/08/24 16:13:18:616
Linktest.rsp
00 00 00 0A FF FF 00 00 00 06 80 00 00 D1 

<<<----  [OUT]
2020/08/24 16:13:21:518
Linktest.req
00 00 00 0A FF FF 00 00 00 05 00 00 04 30 

---->>>  [IN ]
2020/08/24 16:13:21:519
Linktest.rsp
00 00 00 0A FF FF 00 00 00 06 00 00 04 30 

<<<----  [OUT]
2020/08/24 16:13:31:535
Linktest.req
00 00 00 0A FF FF 00 00 00 05 00 00 04 31 

---->>>  [IN ]
2020/08/24 16:13:31:535
Linktest.rsp
00 00 00 0A FF FF 00 00 00 06 00 00 04 31 

<<<----  [OUT]
2020/08/24 16:13:41:546
Linktest.req
00 00 00 0A FF FF 00 00 00 05 00 00 04 32 

---->>>  [IN ]
2020/08/24 16:13:41:547
Linktest.rsp
00 00 00 0A FF FF 00 00 00 06 00 00 04 32 

<<<----  [OUT]
2020/08/24 16:13:51:558
Linktest.req
00 00 00 0A FF FF 00 00 00 05 00 00 04 33 

---->>>  [IN ]
2020/08/24 16:13:51:559
Linktest.rsp
00 00 00 0A FF FF 00 00 00 06 00 00 04 33 

<<<----  [OUT]
2020/08/24 16:14:01:574
Linktest.req
00 00 00 0A FF FF 00 00 00 05 00 00 04 34 

---->>>  [IN ]
2020/08/24 16:14:01:575
Linktest.rsp
00 00 00 0A FF FF 00 00 00 06 00 00 04 34 

<<<----  [OUT]
2020/08/24 16:14:11:589
Linktest.req
00 00 00 0A FF FF 00 00 00 05 00 00 04 35 

---->>>  [IN ]
2020/08/24 16:14:11:590
Linktest.rsp
00 00 00 0A FF FF 00 00 00 06 00 00 04 35 

---->>>  [IN ]
2020/08/24 16:14:18:616
Linktest.req
00 00 00 0A FF FF 00 00 00 05 80 00 00 D2 

<<<----  [OUT]
2020/08/24 16:14:18:616
Linktest.rsp
00 00 00 0A FF FF 00 00 00 06 80 00 00 D2 

<<<----  [OUT]
2020/08/24 16:14:21:599
Linktest.req
00 00 00 0A FF FF 00 00 00 05 00 00 04 36 

---->>>  [IN ]
2020/08/24 16:14:21:600
Linktest.rsp
00 00 00 0A FF FF 00 00 00 06 00 00 04 36 

<<<----  [OUT]
2020/08/24 16:14:31:611
Linktest.req
00 00 00 0A FF FF 00 00 00 05 00 00 04 37 

---->>>  [IN ]
2020/08/24 16:14:31:612
Linktest.rsp
00 00 00 0A FF FF 00 00 00 06 00 00 04 37 

<<<----  [OUT]
2020/08/24 16:14:41:628
Linktest.req
00 00 00 0A FF FF 00 00 00 05 00 00 04 38 

---->>>  [IN ]
2020/08/24 16:14:41:628
Linktest.rsp
00 00 00 0A FF FF 00 00 00 06 00 00 04 38 

<<<----  [OUT]
2020/08/24 16:14:51:644
Linktest.req
00 00 00 0A FF FF 00 00 00 05 00 00 04 39 

---->>>  [IN ]
2020/08/24 16:14:51:645
Linktest.rsp
00 00 00 0A FF FF 00 00 00 06 00 00 04 39 

<<<----  [OUT]
2020/08/24 16:15:01:661
Linktest.req
00 00 00 0A FF FF 00 00 00 05 00 00 04 3A 

---->>>  [IN ]
2020/08/24 16:15:01:662
Linktest.rsp
00 00 00 0A FF FF 00 00 00 06 00 00 04 3A 

<<<----  [OUT]
2020/08/24 16:15:11:679
Linktest.req
00 00 00 0A FF FF 00 00 00 05 00 00 04 3B 

---->>>  [IN ]
2020/08/24 16:15:11:680
Linktest.rsp
00 00 00 0A FF FF 00 00 00 06 00 00 04 3B 

---->>>  [IN ]
2020/08/24 16:15:18:616
Linktest.req
00 00 00 0A FF FF 00 00 00 05 80 00 00 D3 

<<<----  [OUT]
2020/08/24 16:15:18:616
Linktest.rsp
00 00 00 0A FF FF 00 00 00 06 80 00 00 D3 

<<<----  [OUT]
2020/08/24 16:15:21:699
Linktest.req
00 00 00 0A FF FF 00 00 00 05 00 00 04 3C 

---->>>  [IN ]
2020/08/24 16:15:21:700
Linktest.rsp
00 00 00 0A FF FF 00 00 00 06 00 00 04 3C 

<<<----  [OUT]
2020/08/24 16:15:31:716
Linktest.req
00 00 00 0A FF FF 00 00 00 05 00 00 04 3D 

---->>>  [IN ]
2020/08/24 16:15:31:717
Linktest.rsp
00 00 00 0A FF FF 00 00 00 06 00 00 04 3D 

<<<----  [OUT]
2020/08/24 16:15:41:732
Linktest.req
00 00 00 0A FF FF 00 00 00 05 00 00 04 3E 

---->>>  [IN ]
2020/08/24 16:15:41:733
Linktest.rsp
00 00 00 0A FF FF 00 00 00 06 00 00 04 3E 

<<<----  [OUT]
2020/08/24 16:15:51:749
Linktest.req
00 00 00 0A FF FF 00 00 00 05 00 00 04 3F 

---->>>  [IN ]
2020/08/24 16:15:51:750
Linktest.rsp
00 00 00 0A FF FF 00 00 00 06 00 00 04 3F 

<<<----  [OUT]
2020/08/24 16:16:01:767
Linktest.req
00 00 00 0A FF FF 00 00 00 05 00 00 04 40 

---->>>  [IN ]
2020/08/24 16:16:01:768
Linktest.rsp
00 00 00 0A FF FF 00 00 00 06 00 00 04 40 

<<<----  [OUT]
2020/08/24 16:16:11:782
Linktest.req
00 00 00 0A FF FF 00 00 00 05 00 00 04 41 

---->>>  [IN ]
2020/08/24 16:16:11:783
Linktest.rsp
00 00 00 0A FF FF 00 00 00 06 00 00 04 41 

---->>>  [IN ]
2020/08/24 16:16:18:614
Linktest.req
00 00 00 0A FF FF 00 00 00 05 80 00 00 D4 

<<<----  [OUT]
2020/08/24 16:16:18:614
Linktest.rsp
00 00 00 0A FF FF 00 00 00 06 80 00 00 D4 

<<<----  [OUT]
2020/08/24 16:16:21:800
Linktest.req
00 00 00 0A FF FF 00 00 00 05 00 00 04 42 

---->>>  [IN ]
2020/08/24 16:16:21:801
Linktest.rsp
00 00 00 0A FF FF 00 00 00 06 00 00 04 42 

<<<----  [OUT]
2020/08/24 16:16:31:818
Linktest.req
00 00 00 0A FF FF 00 00 00 05 00 00 04 43 

---->>>  [IN ]
2020/08/24 16:16:31:819
Linktest.rsp
00 00 00 0A FF FF 00 00 00 06 00 00 04 43 

<<<----  [OUT]
2020/08/24 16:16:41:833
Linktest.req
00 00 00 0A FF FF 00 00 00 05 00 00 04 44 

---->>>  [IN ]
2020/08/24 16:16:41:834
Linktest.rsp
00 00 00 0A FF FF 00 00 00 06 00 00 04 44 

<<<----  [OUT]
2020/08/24 16:16:51:849
Linktest.req
00 00 00 0A FF FF 00 00 00 05 00 00 04 45 

---->>>  [IN ]
2020/08/24 16:16:51:850
Linktest.rsp
00 00 00 0A FF FF 00 00 00 06 00 00 04 45 

<<<----  [OUT]
2020/08/24 16:17:01:865
Linktest.req
00 00 00 0A FF FF 00 00 00 05 00 00 04 46 

---->>>  [IN ]
2020/08/24 16:17:01:866
Linktest.rsp
00 00 00 0A FF FF 00 00 00 06 00 00 04 46 

<<<----  [OUT]
2020/08/24 16:17:11:885
Linktest.req
00 00 00 0A FF FF 00 00 00 05 00 00 04 47 

---->>>  [IN ]
2020/08/24 16:17:11:886
Linktest.rsp
00 00 00 0A FF FF 00 00 00 06 00 00 04 47 

---->>>  [IN ]
2020/08/24 16:17:18:618
Linktest.req
00 00 00 0A FF FF 00 00 00 05 80 00 00 D5 

<<<----  [OUT]
2020/08/24 16:17:18:618
Linktest.rsp
00 00 00 0A FF FF 00 00 00 06 80 00 00 D5 

<<<----  [OUT]
2020/08/24 16:17:21:904
Linktest.req
00 00 00 0A FF FF 00 00 00 05 00 00 04 48 

---->>>  [IN ]
2020/08/24 16:17:21:905
Linktest.rsp
00 00 00 0A FF FF 00 00 00 06 00 00 04 48 

<<<----  [OUT]
2020/08/24 16:17:31:923
Linktest.req
00 00 00 0A FF FF 00 00 00 05 00 00 04 49 

---->>>  [IN ]
2020/08/24 16:17:31:924
Linktest.rsp
00 00 00 0A FF FF 00 00 00 06 00 00 04 49 

<<<----  [OUT]
2020/08/24 16:17:41:936
Linktest.req
00 00 00 0A FF FF 00 00 00 05 00 00 04 4A 

---->>>  [IN ]
2020/08/24 16:17:41:937
Linktest.rsp
00 00 00 0A FF FF 00 00 00 06 00 00 04 4A 

<<<----  [OUT]
2020/08/24 16:17:51:945
Linktest.req
00 00 00 0A FF FF 00 00 00 05 00 00 04 4B 

---->>>  [IN ]
2020/08/24 16:17:51:946
Linktest.rsp
00 00 00 0A FF FF 00 00 00 06 00 00 04 4B 

<<<----  [OUT]
2020/08/24 16:18:01:964
Linktest.req
00 00 00 0A FF FF 00 00 00 05 00 00 04 4C 

---->>>  [IN ]
2020/08/24 16:18:01:965
Linktest.rsp
00 00 00 0A FF FF 00 00 00 06 00 00 04 4C 

<<<----  [OUT]
2020/08/24 16:18:11:976
Linktest.req
00 00 00 0A FF FF 00 00 00 05 00 00 04 4D 

---->>>  [IN ]
2020/08/24 16:18:11:977
Linktest.rsp
00 00 00 0A FF FF 00 00 00 06 00 00 04 4D 

---->>>  [IN ]
2020/08/24 16:18:18:616
Linktest.req
00 00 00 0A FF FF 00 00 00 05 80 00 00 D6 

<<<----  [OUT]
2020/08/24 16:18:18:616
Linktest.rsp
00 00 00 0A FF FF 00 00 00 06 80 00 00 D6 

<<<----  [OUT]
2020/08/24 16:18:21:994
Linktest.req
00 00 00 0A FF FF 00 00 00 05 00 00 04 4E 

---->>>  [IN ]
2020/08/24 16:18:21:995
Linktest.rsp
00 00 00 0A FF FF 00 00 00 06 00 00 04 4E 

<<<----  [OUT]
2020/08/24 16:18:32:010
Linktest.req
00 00 00 0A FF FF 00 00 00 05 00 00 04 4F 

---->>>  [IN ]
2020/08/24 16:18:32:011
Linktest.rsp
00 00 00 0A FF FF 00 00 00 06 00 00 04 4F 

<<<----  [OUT]
2020/08/24 16:18:42:023
Linktest.req
00 00 00 0A FF FF 00 00 00 05 00 00 04 50 

---->>>  [IN ]
2020/08/24 16:18:42:024
Linktest.rsp
00 00 00 0A FF FF 00 00 00 06 00 00 04 50 

<<<----  [OUT]
2020/08/24 16:18:52:038
Linktest.req
00 00 00 0A FF FF 00 00 00 05 00 00 04 51 

---->>>  [IN ]
2020/08/24 16:18:52:039
Linktest.rsp
00 00 00 0A FF FF 00 00 00 06 00 00 04 51 

<<<----  [OUT]
2020/08/24 16:19:02:051
Linktest.req
00 00 00 0A FF FF 00 00 00 05 00 00 04 52 

---->>>  [IN ]
2020/08/24 16:19:02:052
Linktest.rsp
00 00 00 0A FF FF 00 00 00 06 00 00 04 52 

<<<----  [OUT]
2020/08/24 16:19:12:067
Linktest.req
00 00 00 0A FF FF 00 00 00 05 00 00 04 53 

---->>>  [IN ]
2020/08/24 16:19:12:068
Linktest.rsp
00 00 00 0A FF FF 00 00 00 06 00 00 04 53 

---->>>  [IN ]
2020/08/24 16:19:18:616
Linktest.req
00 00 00 0A FF FF 00 00 00 05 80 00 00 D7 

<<<----  [OUT]
2020/08/24 16:19:18:616
Linktest.rsp
00 00 00 0A FF FF 00 00 00 06 80 00 00 D7 

<<<----  [OUT]
2020/08/24 16:19:22:083
Linktest.req
00 00 00 0A FF FF 00 00 00 05 00 00 04 54 

---->>>  [IN ]
2020/08/24 16:19:22:084
Linktest.rsp
00 00 00 0A FF FF 00 00 00 06 00 00 04 54 

<<<----  [OUT]
2020/08/24 16:19:32:097
Linktest.req
00 00 00 0A FF FF 00 00 00 05 00 00 04 55 

---->>>  [IN ]
2020/08/24 16:19:32:098
Linktest.rsp
00 00 00 0A FF FF 00 00 00 06 00 00 04 55 

<<<----  [OUT]
2020/08/24 16:19:42:112
Linktest.req
00 00 00 0A FF FF 00 00 00 05 00 00 04 56 

---->>>  [IN ]
2020/08/24 16:19:42:112
Linktest.rsp
00 00 00 0A FF FF 00 00 00 06 00 00 04 56 

<<<----  [OUT]
2020/08/24 16:19:52:129
Linktest.req
00 00 00 0A FF FF 00 00 00 05 00 00 04 57 

---->>>  [IN ]
2020/08/24 16:19:52:130
Linktest.rsp
00 00 00 0A FF FF 00 00 00 06 00 00 04 57 

<<<----  [OUT]
2020/08/24 16:20:02:140
Linktest.req
00 00 00 0A FF FF 00 00 00 05 00 00 04 58 

---->>>  [IN ]
2020/08/24 16:20:02:141
Linktest.rsp
00 00 00 0A FF FF 00 00 00 06 00 00 04 58 

<<<----  [OUT]
2020/08/24 16:20:12:154
Linktest.req
00 00 00 0A FF FF 00 00 00 05 00 00 04 59 

---->>>  [IN ]
2020/08/24 16:20:12:155
Linktest.rsp
00 00 00 0A FF FF 00 00 00 06 00 00 04 59 

---->>>  [IN ]
2020/08/24 16:20:18:614
Linktest.req
00 00 00 0A FF FF 00 00 00 05 80 00 00 D8 

<<<----  [OUT]
2020/08/24 16:20:18:614
Linktest.rsp
00 00 00 0A FF FF 00 00 00 06 80 00 00 D8 

<<<----  [OUT]
2020/08/24 16:20:22:173
Linktest.req
00 00 00 0A FF FF 00 00 00 05 00 00 04 5A 

---->>>  [IN ]
2020/08/24 16:20:22:174
Linktest.rsp
00 00 00 0A FF FF 00 00 00 06 00 00 04 5A 

<<<----  [OUT]
2020/08/24 16:20:32:192
Linktest.req
00 00 00 0A FF FF 00 00 00 05 00 00 04 5B 

---->>>  [IN ]
2020/08/24 16:20:32:193
Linktest.rsp
00 00 00 0A FF FF 00 00 00 06 00 00 04 5B 

<<<----  [OUT]
2020/08/24 16:20:42:204
Linktest.req
00 00 00 0A FF FF 00 00 00 05 00 00 04 5C 

---->>>  [IN ]
2020/08/24 16:20:42:205
Linktest.rsp
00 00 00 0A FF FF 00 00 00 06 00 00 04 5C 

<<<----  [OUT]
2020/08/24 16:20:52:217
Linktest.req
00 00 00 0A FF FF 00 00 00 05 00 00 04 5D 

---->>>  [IN ]
2020/08/24 16:20:52:218
Linktest.rsp
00 00 00 0A FF FF 00 00 00 06 00 00 04 5D 

<<<----  [OUT]
2020/08/24 16:21:02:234
Linktest.req
00 00 00 0A FF FF 00 00 00 05 00 00 04 5E 

---->>>  [IN ]
2020/08/24 16:21:02:235
Linktest.rsp
00 00 00 0A FF FF 00 00 00 06 00 00 04 5E 

<<<----  [OUT]
2020/08/24 16:21:12:248
Linktest.req
00 00 00 0A FF FF 00 00 00 05 00 00 04 5F 

---->>>  [IN ]
2020/08/24 16:21:12:249
Linktest.rsp
00 00 00 0A FF FF 00 00 00 06 00 00 04 5F 

---->>>  [IN ]
2020/08/24 16:21:18:612
Linktest.req
00 00 00 0A FF FF 00 00 00 05 80 00 00 D9 

<<<----  [OUT]
2020/08/24 16:21:18:612
Linktest.rsp
00 00 00 0A FF FF 00 00 00 06 80 00 00 D9 

<<<----  [OUT]
2020/08/24 16:21:22:258
Linktest.req
00 00 00 0A FF FF 00 00 00 05 00 00 04 60 

---->>>  [IN ]
2020/08/24 16:21:22:259
Linktest.rsp
00 00 00 0A FF FF 00 00 00 06 00 00 04 60 

<<<----  [OUT]
2020/08/24 16:21:32:276
Linktest.req
00 00 00 0A FF FF 00 00 00 05 00 00 04 61 

---->>>  [IN ]
2020/08/24 16:21:32:277
Linktest.rsp
00 00 00 0A FF FF 00 00 00 06 00 00 04 61 

<<<----  [OUT]
2020/08/24 16:21:42:291
Linktest.req
00 00 00 0A FF FF 00 00 00 05 00 00 04 62 

---->>>  [IN ]
2020/08/24 16:21:42:292
Linktest.rsp
00 00 00 0A FF FF 00 00 00 06 00 00 04 62 

<<<----  [OUT]
2020/08/24 16:21:52:306
Linktest.req
00 00 00 0A FF FF 00 00 00 05 00 00 04 63 

---->>>  [IN ]
2020/08/24 16:21:52:307
Linktest.rsp
00 00 00 0A FF FF 00 00 00 06 00 00 04 63 

<<<----  [OUT]
2020/08/24 16:22:02:320
Linktest.req
00 00 00 0A FF FF 00 00 00 05 00 00 04 64 

---->>>  [IN ]
2020/08/24 16:22:02:321
Linktest.rsp
00 00 00 0A FF FF 00 00 00 06 00 00 04 64 

<<<----  [OUT]
2020/08/24 16:22:12:335
Linktest.req
00 00 00 0A FF FF 00 00 00 05 00 00 04 65 

---->>>  [IN ]
2020/08/24 16:22:12:336
Linktest.rsp
00 00 00 0A FF FF 00 00 00 06 00 00 04 65 

---->>>  [IN ]
2020/08/24 16:22:18:616
Linktest.req
00 00 00 0A FF FF 00 00 00 05 80 00 00 DA 

<<<----  [OUT]
2020/08/24 16:22:18:616
Linktest.rsp
00 00 00 0A FF FF 00 00 00 06 80 00 00 DA 

<<<----  [OUT]
2020/08/24 16:22:22:348
Linktest.req
00 00 00 0A FF FF 00 00 00 05 00 00 04 66 

---->>>  [IN ]
2020/08/24 16:22:22:349
Linktest.rsp
00 00 00 0A FF FF 00 00 00 06 00 00 04 66 

<<<----  [OUT]
2020/08/24 16:22:32:363
Linktest.req
00 00 00 0A FF FF 00 00 00 05 00 00 04 67 

---->>>  [IN ]
2020/08/24 16:22:32:364
Linktest.rsp
00 00 00 0A FF FF 00 00 00 06 00 00 04 67 

<<<----  [OUT]
2020/08/24 16:22:42:375
Linktest.req
00 00 00 0A FF FF 00 00 00 05 00 00 04 68 

---->>>  [IN ]
2020/08/24 16:22:42:376
Linktest.rsp
00 00 00 0A FF FF 00 00 00 06 00 00 04 68 

<<<----  [OUT]
2020/08/24 16:22:52:390
Linktest.req
00 00 00 0A FF FF 00 00 00 05 00 00 04 69 

---->>>  [IN ]
2020/08/24 16:22:52:391
Linktest.rsp
00 00 00 0A FF FF 00 00 00 06 00 00 04 69 

<<<----  [OUT]
2020/08/24 16:23:02:406
Linktest.req
00 00 00 0A FF FF 00 00 00 05 00 00 04 6A 

---->>>  [IN ]
2020/08/24 16:23:02:407
Linktest.rsp
00 00 00 0A FF FF 00 00 00 06 00 00 04 6A 

<<<----  [OUT]
2020/08/24 16:23:12:419
Linktest.req
00 00 00 0A FF FF 00 00 00 05 00 00 04 6B 

---->>>  [IN ]
2020/08/24 16:23:12:420
Linktest.rsp
00 00 00 0A FF FF 00 00 00 06 00 00 04 6B 

---->>>  [IN ]
2020/08/24 16:23:18:618
Linktest.req
00 00 00 0A FF FF 00 00 00 05 80 00 00 DB 

<<<----  [OUT]
2020/08/24 16:23:18:618
Linktest.rsp
00 00 00 0A FF FF 00 00 00 06 80 00 00 DB 

<<<----  [OUT]
2020/08/24 16:23:22:433
Linktest.req
00 00 00 0A FF FF 00 00 00 05 00 00 04 6C 

---->>>  [IN ]
2020/08/24 16:23:22:434
Linktest.rsp
00 00 00 0A FF FF 00 00 00 06 00 00 04 6C 

<<<----  [OUT]
2020/08/24 16:23:32:443
Linktest.req
00 00 00 0A FF FF 00 00 00 05 00 00 04 6D 

---->>>  [IN ]
2020/08/24 16:23:32:444
Linktest.rsp
00 00 00 0A FF FF 00 00 00 06 00 00 04 6D 

<<<----  [OUT]
2020/08/24 16:23:42:457
Linktest.req
00 00 00 0A FF FF 00 00 00 05 00 00 04 6E 

---->>>  [IN ]
2020/08/24 16:23:42:458
Linktest.rsp
00 00 00 0A FF FF 00 00 00 06 00 00 04 6E 

<<<----  [OUT]
2020/08/24 16:23:52:474
Linktest.req
00 00 00 0A FF FF 00 00 00 05 00 00 04 6F 

---->>>  [IN ]
2020/08/24 16:23:52:475
Linktest.rsp
00 00 00 0A FF FF 00 00 00 06 00 00 04 6F 

<<<----  [OUT]
2020/08/24 16:24:02:490
Linktest.req
00 00 00 0A FF FF 00 00 00 05 00 00 04 70 

---->>>  [IN ]
2020/08/24 16:24:02:491
Linktest.rsp
00 00 00 0A FF FF 00 00 00 06 00 00 04 70 

<<<----  [OUT]
2020/08/24 16:24:12:506
Linktest.req
00 00 00 0A FF FF 00 00 00 05 00 00 04 71 

---->>>  [IN ]
2020/08/24 16:24:12:507
Linktest.rsp
00 00 00 0A FF FF 00 00 00 06 00 00 04 71 

---->>>  [IN ]
2020/08/24 16:24:18:614
Linktest.req
00 00 00 0A FF FF 00 00 00 05 80 00 00 DC 

<<<----  [OUT]
2020/08/24 16:24:18:614
Linktest.rsp
00 00 00 0A FF FF 00 00 00 06 80 00 00 DC 

<<<----  [OUT]
2020/08/24 16:24:22:519
Linktest.req
00 00 00 0A FF FF 00 00 00 05 00 00 04 72 

---->>>  [IN ]
2020/08/24 16:24:22:520
Linktest.rsp
00 00 00 0A FF FF 00 00 00 06 00 00 04 72 

<<<----  [OUT]
2020/08/24 16:24:32:533
Linktest.req
00 00 00 0A FF FF 00 00 00 05 00 00 04 73 

---->>>  [IN ]
2020/08/24 16:24:32:534
Linktest.rsp
00 00 00 0A FF FF 00 00 00 06 00 00 04 73 

<<<----  [OUT]
2020/08/24 16:24:42:548
Linktest.req
00 00 00 0A FF FF 00 00 00 05 00 00 04 74 

---->>>  [IN ]
2020/08/24 16:24:42:549
Linktest.rsp
00 00 00 0A FF FF 00 00 00 06 00 00 04 74 

<<<----  [OUT]
2020/08/24 16:24:52:563
Linktest.req
00 00 00 0A FF FF 00 00 00 05 00 00 04 75 

---->>>  [IN ]
2020/08/24 16:24:52:564
Linktest.rsp
00 00 00 0A FF FF 00 00 00 06 00 00 04 75 

<<<----  [OUT]
2020/08/24 16:25:02:580
Linktest.req
00 00 00 0A FF FF 00 00 00 05 00 00 04 76 

---->>>  [IN ]
2020/08/24 16:25:02:581
Linktest.rsp
00 00 00 0A FF FF 00 00 00 06 00 00 04 76 

<<<----  [OUT]
2020/08/24 16:25:12:590
Linktest.req
00 00 00 0A FF FF 00 00 00 05 00 00 04 77 

---->>>  [IN ]
2020/08/24 16:25:12:591
Linktest.rsp
00 00 00 0A FF FF 00 00 00 06 00 00 04 77 

---->>>  [IN ]
2020/08/24 16:25:18:614
Linktest.req
00 00 00 0A FF FF 00 00 00 05 80 00 00 DD 

<<<----  [OUT]
2020/08/24 16:25:18:614
Linktest.rsp
00 00 00 0A FF FF 00 00 00 06 80 00 00 DD 

<<<----  [OUT]
2020/08/24 16:25:22:604
Linktest.req
00 00 00 0A FF FF 00 00 00 05 00 00 04 78 

---->>>  [IN ]
2020/08/24 16:25:22:604
Linktest.rsp
00 00 00 0A FF FF 00 00 00 06 00 00 04 78 

<<<----  [OUT]
2020/08/24 16:25:32:611
Linktest.req
00 00 00 0A FF FF 00 00 00 05 00 00 04 79 

---->>>  [IN ]
2020/08/24 16:25:32:612
Linktest.rsp
00 00 00 0A FF FF 00 00 00 06 00 00 04 79 

<<<----  [OUT]
2020/08/24 16:25:42:623
Linktest.req
00 00 00 0A FF FF 00 00 00 05 00 00 04 7A 

---->>>  [IN ]
2020/08/24 16:25:42:624
Linktest.rsp
00 00 00 0A FF FF 00 00 00 06 00 00 04 7A 

<<<----  [OUT]
2020/08/24 16:25:52:631
Linktest.req
00 00 00 0A FF FF 00 00 00 05 00 00 04 7B 

---->>>  [IN ]
2020/08/24 16:25:52:632
Linktest.rsp
00 00 00 0A FF FF 00 00 00 06 00 00 04 7B 

<<<----  [OUT]
2020/08/24 16:26:02:647
Linktest.req
00 00 00 0A FF FF 00 00 00 05 00 00 04 7C 

---->>>  [IN ]
2020/08/24 16:26:02:648
Linktest.rsp
00 00 00 0A FF FF 00 00 00 06 00 00 04 7C 

<<<----  [OUT]
2020/08/24 16:26:12:662
Linktest.req
00 00 00 0A FF FF 00 00 00 05 00 00 04 7D 

---->>>  [IN ]
2020/08/24 16:26:12:662
Linktest.rsp
00 00 00 0A FF FF 00 00 00 06 00 00 04 7D 

---->>>  [IN ]
2020/08/24 16:26:18:617
Linktest.req
00 00 00 0A FF FF 00 00 00 05 80 00 00 DE 

<<<----  [OUT]
2020/08/24 16:26:18:617
Linktest.rsp
00 00 00 0A FF FF 00 00 00 06 80 00 00 DE 

<<<----  [OUT]
2020/08/24 16:26:22:672
Linktest.req
00 00 00 0A FF FF 00 00 00 05 00 00 04 7E 

---->>>  [IN ]
2020/08/24 16:26:22:673
Linktest.rsp
00 00 00 0A FF FF 00 00 00 06 00 00 04 7E 

<<<----  [OUT]
2020/08/24 16:26:32:688
Linktest.req
00 00 00 0A FF FF 00 00 00 05 00 00 04 7F 

---->>>  [IN ]
2020/08/24 16:26:32:689
Linktest.rsp
00 00 00 0A FF FF 00 00 00 06 00 00 04 7F 

<<<----  [OUT]
2020/08/24 16:26:42:707
Linktest.req
00 00 00 0A FF FF 00 00 00 05 00 00 04 80 

---->>>  [IN ]
2020/08/24 16:26:42:708
Linktest.rsp
00 00 00 0A FF FF 00 00 00 06 00 00 04 80 

<<<----  [OUT]
2020/08/24 16:26:52:723
Linktest.req
00 00 00 0A FF FF 00 00 00 05 00 00 04 81 

---->>>  [IN ]
2020/08/24 16:26:52:724
Linktest.rsp
00 00 00 0A FF FF 00 00 00 06 00 00 04 81 

<<<----  [OUT]
2020/08/24 16:27:02:711
Linktest.req
00 00 00 0A FF FF 00 00 00 05 00 00 04 82 

---->>>  [IN ]
2020/08/24 16:27:02:712
Linktest.rsp
00 00 00 0A FF FF 00 00 00 06 00 00 04 82 

<<<----  [OUT]
2020/08/24 16:27:12:730
Linktest.req
00 00 00 0A FF FF 00 00 00 05 00 00 04 83 

---->>>  [IN ]
2020/08/24 16:27:12:731
Linktest.rsp
00 00 00 0A FF FF 00 00 00 06 00 00 04 83 

---->>>  [IN ]
2020/08/24 16:27:18:614
Linktest.req
00 00 00 0A FF FF 00 00 00 05 80 00 00 DF 

<<<----  [OUT]
2020/08/24 16:27:18:614
Linktest.rsp
00 00 00 0A FF FF 00 00 00 06 80 00 00 DF 

<<<----  [OUT]
2020/08/24 16:27:22:748
Linktest.req
00 00 00 0A FF FF 00 00 00 05 00 00 04 84 

---->>>  [IN ]
2020/08/24 16:27:22:749
Linktest.rsp
00 00 00 0A FF FF 00 00 00 06 00 00 04 84 

<<<----  [OUT]
2020/08/24 16:27:32:768
Linktest.req
00 00 00 0A FF FF 00 00 00 05 00 00 04 85 

---->>>  [IN ]
2020/08/24 16:27:32:769
Linktest.rsp
00 00 00 0A FF FF 00 00 00 06 00 00 04 85 

<<<----  [OUT]
2020/08/24 16:27:42:786
Linktest.req
00 00 00 0A FF FF 00 00 00 05 00 00 04 86 

---->>>  [IN ]
2020/08/24 16:27:42:787
Linktest.rsp
00 00 00 0A FF FF 00 00 00 06 00 00 04 86 

<<<----  [OUT]
2020/08/24 16:27:52:801
Linktest.req
00 00 00 0A FF FF 00 00 00 05 00 00 04 87 

---->>>  [IN ]
2020/08/24 16:27:52:802
Linktest.rsp
00 00 00 0A FF FF 00 00 00 06 00 00 04 87 

<<<----  [OUT]
2020/08/24 16:28:02:805
Linktest.req
00 00 00 0A FF FF 00 00 00 05 00 00 04 88 

---->>>  [IN ]
2020/08/24 16:28:02:806
Linktest.rsp
00 00 00 0A FF FF 00 00 00 06 00 00 04 88 

<<<----  [OUT]
2020/08/24 16:28:12:823
Linktest.req
00 00 00 0A FF FF 00 00 00 05 00 00 04 89 

---->>>  [IN ]
2020/08/24 16:28:12:823
Linktest.rsp
00 00 00 0A FF FF 00 00 00 06 00 00 04 89 

---->>>  [IN ]
2020/08/24 16:28:18:618
Linktest.req
00 00 00 0A FF FF 00 00 00 05 80 00 00 E0 

<<<----  [OUT]
2020/08/24 16:28:18:618
Linktest.rsp
00 00 00 0A FF FF 00 00 00 06 80 00 00 E0 

<<<----  [OUT]
2020/08/24 16:28:22:834
Linktest.req
00 00 00 0A FF FF 00 00 00 05 00 00 04 8A 

---->>>  [IN ]
2020/08/24 16:28:22:835
Linktest.rsp
00 00 00 0A FF FF 00 00 00 06 00 00 04 8A 

<<<----  [OUT]
2020/08/24 16:28:32:848
Linktest.req
00 00 00 0A FF FF 00 00 00 05 00 00 04 8B 

---->>>  [IN ]
2020/08/24 16:28:32:849
Linktest.rsp
00 00 00 0A FF FF 00 00 00 06 00 00 04 8B 

<<<----  [OUT]
2020/08/24 16:28:42:863
Linktest.req
00 00 00 0A FF FF 00 00 00 05 00 00 04 8C 

---->>>  [IN ]
2020/08/24 16:28:42:864
Linktest.rsp
00 00 00 0A FF FF 00 00 00 06 00 00 04 8C 

<<<----  [OUT]
2020/08/24 16:28:52:878
Linktest.req
00 00 00 0A FF FF 00 00 00 05 00 00 04 8D 

---->>>  [IN ]
2020/08/24 16:28:52:879
Linktest.rsp
00 00 00 0A FF FF 00 00 00 06 00 00 04 8D 

<<<----  [OUT]
2020/08/24 16:29:02:887
Linktest.req
00 00 00 0A FF FF 00 00 00 05 00 00 04 8E 

---->>>  [IN ]
2020/08/24 16:29:02:888
Linktest.rsp
00 00 00 0A FF FF 00 00 00 06 00 00 04 8E 

<<<----  [OUT]
2020/08/24 16:29:12:900
Linktest.req
00 00 00 0A FF FF 00 00 00 05 00 00 04 8F 

---->>>  [IN ]
2020/08/24 16:29:12:901
Linktest.rsp
00 00 00 0A FF FF 00 00 00 06 00 00 04 8F 

---->>>  [IN ]
2020/08/24 16:29:18:612
Linktest.req
00 00 00 0A FF FF 00 00 00 05 80 00 00 E1 

<<<----  [OUT]
2020/08/24 16:29:18:612
Linktest.rsp
00 00 00 0A FF FF 00 00 00 06 80 00 00 E1 

<<<----  [OUT]
2020/08/24 16:29:22:909
Linktest.req
00 00 00 0A FF FF 00 00 00 05 00 00 04 90 

---->>>  [IN ]
2020/08/24 16:29:22:910
Linktest.rsp
00 00 00 0A FF FF 00 00 00 06 00 00 04 90 

<<<----  [OUT]
2020/08/24 16:29:32:925
Linktest.req
00 00 00 0A FF FF 00 00 00 05 00 00 04 91 

---->>>  [IN ]
2020/08/24 16:29:32:926
Linktest.rsp
00 00 00 0A FF FF 00 00 00 06 00 00 04 91 

<<<----  [OUT]
2020/08/24 16:29:42:940
Linktest.req
00 00 00 0A FF FF 00 00 00 05 00 00 04 92 

---->>>  [IN ]
2020/08/24 16:29:42:941
Linktest.rsp
00 00 00 0A FF FF 00 00 00 06 00 00 04 92 

<<<----  [OUT]
2020/08/24 16:29:52:956
Linktest.req
00 00 00 0A FF FF 00 00 00 05 00 00 04 93 

---->>>  [IN ]
2020/08/24 16:29:52:957
Linktest.rsp
00 00 00 0A FF FF 00 00 00 06 00 00 04 93 

<<<----  [OUT]
2020/08/24 16:30:02:975
Linktest.req
00 00 00 0A FF FF 00 00 00 05 00 00 04 94 

---->>>  [IN ]
2020/08/24 16:30:02:976
Linktest.rsp
00 00 00 0A FF FF 00 00 00 06 00 00 04 94 

<<<----  [OUT]
2020/08/24 16:30:12:990
Linktest.req
00 00 00 0A FF FF 00 00 00 05 00 00 04 95 

---->>>  [IN ]
2020/08/24 16:30:12:991
Linktest.rsp
00 00 00 0A FF FF 00 00 00 06 00 00 04 95 

---->>>  [IN ]
2020/08/24 16:30:18:617
Linktest.req
00 00 00 0A FF FF 00 00 00 05 80 00 00 E2 

<<<----  [OUT]
2020/08/24 16:30:18:617
Linktest.rsp
00 00 00 0A FF FF 00 00 00 06 80 00 00 E2 

<<<----  [OUT]
2020/08/24 16:30:23:007
Linktest.req
00 00 00 0A FF FF 00 00 00 05 00 00 04 96 

---->>>  [IN ]
2020/08/24 16:30:23:008
Linktest.rsp
00 00 00 0A FF FF 00 00 00 06 00 00 04 96 

<<<----  [OUT]
2020/08/24 16:30:33:026
Linktest.req
00 00 00 0A FF FF 00 00 00 05 00 00 04 97 

---->>>  [IN ]
2020/08/24 16:30:33:027
Linktest.rsp
00 00 00 0A FF FF 00 00 00 06 00 00 04 97 

<<<----  [OUT]
2020/08/24 16:30:43:045
Linktest.req
00 00 00 0A FF FF 00 00 00 05 00 00 04 98 

---->>>  [IN ]
2020/08/24 16:30:43:045
Linktest.rsp
00 00 00 0A FF FF 00 00 00 06 00 00 04 98 

<<<----  [OUT]
2020/08/24 16:30:53:063
Linktest.req
00 00 00 0A FF FF 00 00 00 05 00 00 04 99 

---->>>  [IN ]
2020/08/24 16:30:53:064
Linktest.rsp
00 00 00 0A FF FF 00 00 00 06 00 00 04 99 

<<<----  [OUT]
2020/08/24 16:31:03:081
Linktest.req
00 00 00 0A FF FF 00 00 00 05 00 00 04 9A 

---->>>  [IN ]
2020/08/24 16:31:03:082
Linktest.rsp
00 00 00 0A FF FF 00 00 00 06 00 00 04 9A 

<<<----  [OUT]
2020/08/24 16:31:13:100
Linktest.req
00 00 00 0A FF FF 00 00 00 05 00 00 04 9B 

---->>>  [IN ]
2020/08/24 16:31:13:101
Linktest.rsp
00 00 00 0A FF FF 00 00 00 06 00 00 04 9B 

---->>>  [IN ]
2020/08/24 16:31:18:614
Linktest.req
00 00 00 0A FF FF 00 00 00 05 80 00 00 E3 

<<<----  [OUT]
2020/08/24 16:31:18:614
Linktest.rsp
00 00 00 0A FF FF 00 00 00 06 80 00 00 E3 

<<<----  [OUT]
2020/08/24 16:31:23:113
Linktest.req
00 00 00 0A FF FF 00 00 00 05 00 00 04 9C 

---->>>  [IN ]
2020/08/24 16:31:23:114
Linktest.rsp
00 00 00 0A FF FF 00 00 00 06 00 00 04 9C 

<<<----  [OUT]
2020/08/24 16:31:33:130
Linktest.req
00 00 00 0A FF FF 00 00 00 05 00 00 04 9D 

---->>>  [IN ]
2020/08/24 16:31:33:131
Linktest.rsp
00 00 00 0A FF FF 00 00 00 06 00 00 04 9D 

<<<----  [OUT]
2020/08/24 16:31:43:147
Linktest.req
00 00 00 0A FF FF 00 00 00 05 00 00 04 9E 

---->>>  [IN ]
2020/08/24 16:31:43:148
Linktest.rsp
00 00 00 0A FF FF 00 00 00 06 00 00 04 9E 

<<<----  [OUT]
2020/08/24 16:31:53:166
Linktest.req
00 00 00 0A FF FF 00 00 00 05 00 00 04 9F 

---->>>  [IN ]
2020/08/24 16:31:53:167
Linktest.rsp
00 00 00 0A FF FF 00 00 00 06 00 00 04 9F 

<<<----  [OUT]
2020/08/24 16:32:03:181
Linktest.req
00 00 00 0A FF FF 00 00 00 05 00 00 04 A0 

---->>>  [IN ]
2020/08/24 16:32:03:182
Linktest.rsp
00 00 00 0A FF FF 00 00 00 06 00 00 04 A0 

<<<----  [OUT]
2020/08/24 16:32:13:201
Linktest.req
00 00 00 0A FF FF 00 00 00 05 00 00 04 A1 

---->>>  [IN ]
2020/08/24 16:32:13:202
Linktest.rsp
00 00 00 0A FF FF 00 00 00 06 00 00 04 A1 

---->>>  [IN ]
2020/08/24 16:32:18:615
Linktest.req
00 00 00 0A FF FF 00 00 00 05 80 00 00 E4 

<<<----  [OUT]
2020/08/24 16:32:18:615
Linktest.rsp
00 00 00 0A FF FF 00 00 00 06 80 00 00 E4 

<<<----  [OUT]
2020/08/24 16:32:23:215
Linktest.req
00 00 00 0A FF FF 00 00 00 05 00 00 04 A2 

---->>>  [IN ]
2020/08/24 16:32:23:216
Linktest.rsp
00 00 00 0A FF FF 00 00 00 06 00 00 04 A2 

<<<----  [OUT]
2020/08/24 16:32:33:228
Linktest.req
00 00 00 0A FF FF 00 00 00 05 00 00 04 A3 

---->>>  [IN ]
2020/08/24 16:32:33:229
Linktest.rsp
00 00 00 0A FF FF 00 00 00 06 00 00 04 A3 

<<<----  [OUT]
2020/08/24 16:32:43:245
Linktest.req
00 00 00 0A FF FF 00 00 00 05 00 00 04 A4 

---->>>  [IN ]
2020/08/24 16:32:43:246
Linktest.rsp
00 00 00 0A FF FF 00 00 00 06 00 00 04 A4 

<<<----  [OUT]
2020/08/24 16:32:53:260
Linktest.req
00 00 00 0A FF FF 00 00 00 05 00 00 04 A5 

<<<----  [OUT]
2020/08/24 16:32:55:257

T6 ERROR

<<<----  [OUT]
2020/08/24 16:32:55:257
Separate.req
00 00 00 0A FF FF 00 00 00 09 00 00 04 A6 

<<<----  [OUT]
2020/08/24 16:32:55:257

Close Socket [9]

<<<----  [OUT]
2020/08/24 16:32:55:258

Set_Line_Status() : [3] -> [1]

<<<----  [OUT]
2020/08/24 16:32:55:259

Error - Recv(mSocket) (Error Code : 10053)

<<<----  [OUT]
2020/08/24 16:32:55:360

Error - Recv(mSocket) (Error Code : 10038)

<<<----  [OUT]
2020/08/24 16:32:55:461

Error - Recv(mSocket) (Error Code : 10038)

<<<----  [OUT]
2020/08/24 16:32:55:561

Error - Recv(mSocket) (Error Code : 10038)

<<<----  [OUT]
2020/08/24 16:32:55:662

Error - Recv(mSocket) (Error Code : 10038)

<<<----  [OUT]
2020/08/24 16:32:55:701

Auto-Start Started ... (Active)

<<<----  [OUT]
2020/08/24 16:32:55:792

Auto-Start Started ...  Waiting Stop-Connection.

<<<----  [OUT]
2020/08/24 16:32:55:792

Auto-Start Started ...  Waiting Open-Socket.

<<<----  [OUT]
2020/08/24 16:32:55:854

Socket Open Started...

<<<----  [OUT]
2020/08/24 16:32:55:854

Socket Open Completed...

<<<----  [OUT]
2020/08/24 16:32:55:854

Connecting Started...

<<<----  [OUT]
2020/08/24 16:32:55:882

Auto-Start Completed ...  (Active)

<<<----  [OUT]
2020/08/24 16:33:16:888

I can't connect with the passive [192.168.100.113/5000] error_code:10060 !

<<<----  [OUT]
2020/08/24 16:33:19:374

Connecting Started...

<<<----  [OUT]
2020/08/24 16:33:40:403

I can't connect with the passive [192.168.100.113/5000] error_code:10060 !

<<<----  [OUT]
2020/08/24 16:33:42:890

Connecting Started...

<<<----  [OUT]
2020/08/24 16:34:03:933

I can't connect with the passive [192.168.100.113/5000] error_code:10060 !

<<<----  [OUT]
2020/08/24 16:34:06:421

Connecting Started...

<<<----  [OUT]
2020/08/24 16:34:27:455

I can't connect with the passive [192.168.100.113/5000] error_code:10060 !

<<<----  [OUT]
2020/08/24 16:34:29:935

Connecting Started...

<<<----  [OUT]
2020/08/24 16:34:50:974

I can't connect with the passive [192.168.100.113/5000] error_code:10060 !

<<<----  [OUT]
2020/08/24 16:34:53:452

Connecting Started...

<<<----  [OUT]
2020/08/24 16:35:14:498

I can't connect with the passive [192.168.100.113/5000] error_code:10060 !

<<<----  [OUT]
2020/08/24 16:35:16:983

Connecting Started...

<<<----  [OUT]
2020/08/24 16:35:38:016

I can't connect with the passive [192.168.100.113/5000] error_code:10060 !

<<<----  [OUT]
2020/08/24 16:35:40:499

Connecting Started...

<<<----  [OUT]
2020/08/24 16:36:01:534

I can't connect with the passive [192.168.100.113/5000] error_code:10060 !

<<<----  [OUT]
2020/08/24 16:36:04:016

Connecting Started...

<<<----  [OUT]
2020/08/24 16:36:25:059

I can't connect with the passive [192.168.100.113/5000] error_code:10060 !

<<<----  [OUT]
2020/08/24 16:36:27:546

Connecting Started...

<<<----  [OUT]
2020/08/24 16:36:48:584

I can't connect with the passive [192.168.100.113/5000] error_code:10060 !

<<<----  [OUT]
2020/08/24 16:36:51:061

Connecting Started...

<<<----  [OUT]
2020/08/24 16:37:12:108

I can't connect with the passive [192.168.100.113/5000] error_code:10060 !

<<<----  [OUT]
2020/08/24 16:37:14:592

Connecting Started...

<<<----  [OUT]
2020/08/24 16:37:35:634

I can't connect with the passive [192.168.100.113/5000] error_code:10060 !

<<<----  [OUT]
2020/08/24 16:37:38:124

Connecting Started...

<<<----  [OUT]
2020/08/24 16:37:59:165

I can't connect with the passive [192.168.100.113/5000] error_code:10060 !

<<<----  [OUT]
2020/08/24 16:38:01:655

Connecting Started...

<<<----  [OUT]
2020/08/24 16:38:22:690

I can't connect with the passive [192.168.100.113/5000] error_code:10060 !

<<<----  [OUT]
2020/08/24 16:38:25:171

Connecting Started...

<<<----  [OUT]
2020/08/24 16:38:46:189

I can't connect with the passive [192.168.100.113/5000] error_code:10060 !

<<<----  [OUT]
2020/08/24 16:38:48:670

Connecting Started...

<<<----  [OUT]
2020/08/24 16:39:09:702

I can't connect with the passive [192.168.100.113/5000] error_code:10060 !

<<<----  [OUT]
2020/08/24 16:39:12:187

Connecting Started...

<<<----  [OUT]
2020/08/24 16:39:33:225

I can't connect with the passive [192.168.100.113/5000] error_code:10060 !

<<<----  [OUT]
2020/08/24 16:39:35:701

Connecting Started...

<<<----  [OUT]
2020/08/24 16:39:56:741

I can't connect with the passive [192.168.100.113/5000] error_code:10060 !

<<<----  [OUT]
2020/08/24 16:39:59:218

Connecting Started...

<<<----  [OUT]
2020/08/24 16:40:20:265

I can't connect with the passive [192.168.100.113/5000] error_code:10060 !

<<<----  [OUT]
2020/08/24 16:40:22:749

Connecting Started...

<<<----  [OUT]
2020/08/24 16:40:43:781

I can't connect with the passive [192.168.100.113/5000] error_code:10060 !

<<<----  [OUT]
2020/08/24 16:40:46:264

Connecting Started...

<<<----  [OUT]
2020/08/24 16:41:07:319

I can't connect with the passive [192.168.100.113/5000] error_code:10060 !

<<<----  [OUT]
2020/08/24 16:41:09:796

Connecting Started...

<<<----  [OUT]
2020/08/24 16:41:30:826

I can't connect with the passive [192.168.100.113/5000] error_code:10060 !

<<<----  [OUT]
2020/08/24 16:41:33:312

Connecting Started...

<<<----  [OUT]
2020/08/24 16:41:54:349

I can't connect with the passive [192.168.100.113/5000] error_code:10060 !

<<<----  [OUT]
2020/08/24 16:41:56:827

Connecting Started...

<<<----  [OUT]
2020/08/24 16:42:17:872

I can't connect with the passive [192.168.100.113/5000] error_code:10060 !

<<<----  [OUT]
2020/08/24 16:42:20:359

Connecting Started...

<<<----  [OUT]
2020/08/24 16:42:41:407

I can't connect with the passive [192.168.100.113/5000] error_code:10060 !

<<<----  [OUT]
2020/08/24 16:42:43:890

Connecting Started...

<<<----  [OUT]
2020/08/24 16:43:04:921

I can't connect with the passive [192.168.100.113/5000] error_code:10060 !

<<<----  [OUT]
2020/08/24 16:43:07:405

Connecting Started...

<<<----  [OUT]
2020/08/24 16:43:28:446

I can't connect with the passive [192.168.100.113/5000] error_code:10060 !

<<<----  [OUT]
2020/08/24 16:43:30:936

Connecting Started...

<<<----  [OUT]
2020/08/24 16:43:51:980

I can't connect with the passive [192.168.100.113/5000] error_code:10060 !

<<<----  [OUT]
2020/08/24 16:43:54:468

Connecting Started...

<<<----  [OUT]
2020/08/24 16:44:15:502

I can't connect with the passive [192.168.100.113/5000] error_code:10060 !

<<<----  [OUT]
2020/08/24 16:44:17:983

Connecting Started...

<<<----  [OUT]
2020/08/24 16:44:39:010

I can't connect with the passive [192.168.100.113/5000] error_code:10060 !

<<<----  [OUT]
2020/08/24 16:44:41:500

Connecting Started...

<<<----  [OUT]
2020/08/24 16:45:02:542

I can't connect with the passive [192.168.100.113/5000] error_code:10060 !

<<<----  [OUT]
2020/08/24 16:45:05:031

Connecting Started...

<<<----  [OUT]
2020/08/24 16:45:26:073

I can't connect with the passive [192.168.100.113/5000] error_code:10060 !

<<<----  [OUT]
2020/08/24 16:45:28:561

Connecting Started...

<<<----  [OUT]
2020/08/24 16:45:49:592

I can't connect with the passive [192.168.100.113/5000] error_code:10060 !

<<<----  [OUT]
2020/08/24 16:45:52:077

Connecting Started...

<<<----  [OUT]
2020/08/24 16:46:13:106

I can't connect with the passive [192.168.100.113/5000] error_code:10060 !

<<<----  [OUT]
2020/08/24 16:46:15:593

Connecting Started...

<<<----  [OUT]
2020/08/24 16:46:36:627

I can't connect with the passive [192.168.100.113/5000] error_code:10060 !

<<<----  [OUT]
2020/08/24 16:46:39:108

Connecting Started...

<<<----  [OUT]
2020/08/24 16:47:00:144

I can't connect with the passive [192.168.100.113/5000] error_code:10060 !

<<<----  [OUT]
2020/08/24 16:47:02:623

Connecting Started...

<<<----  [OUT]
2020/08/24 16:47:23:652

I can't connect with the passive [192.168.100.113/5000] error_code:10060 !

<<<----  [OUT]
2020/08/24 16:47:26:140

Connecting Started...

<<<----  [OUT]
2020/08/24 16:47:47:169

I can't connect with the passive [192.168.100.113/5000] error_code:10060 !

<<<----  [OUT]
2020/08/24 16:47:49:656

Connecting Started...

<<<----  [OUT]
2020/08/24 16:48:10:696

I can't connect with the passive [192.168.100.113/5000] error_code:10060 !

<<<----  [OUT]
2020/08/24 16:48:13:186

Connecting Started...

<<<----  [OUT]
2020/08/24 16:48:34:224

I can't connect with the passive [192.168.100.113/5000] error_code:10060 !

<<<----  [OUT]
2020/08/24 16:48:36:702

Connecting Started...

<<<----  [OUT]
2020/08/24 16:48:57:755

I can't connect with the passive [192.168.100.113/5000] error_code:10060 !

<<<----  [OUT]
2020/08/24 16:49:00:233

Connecting Started...

<<<----  [OUT]
2020/08/24 16:49:21:254

I can't connect with the passive [192.168.100.113/5000] error_code:10060 !

<<<----  [OUT]
2020/08/24 16:49:23:733

Connecting Started...

<<<----  [OUT]
2020/08/24 16:49:44:780

I can't connect with the passive [192.168.100.113/5000] error_code:10060 !

<<<----  [OUT]
2020/08/24 16:49:47:263

Connecting Started...

<<<----  [OUT]
2020/08/24 16:50:08:319

I can't connect with the passive [192.168.100.113/5000] error_code:10060 !

<<<----  [OUT]
2020/08/24 16:50:10:795

Connecting Started...

<<<----  [OUT]
2020/08/24 16:50:31:835

I can't connect with the passive [192.168.100.113/5000] error_code:10060 !

<<<----  [OUT]
2020/08/24 16:50:34:327

Connecting Started...

<<<----  [OUT]
2020/08/24 16:50:55:367

I can't connect with the passive [192.168.100.113/5000] error_code:10060 !

<<<----  [OUT]
2020/08/24 16:50:57:858

Connecting Started...

<<<----  [OUT]
2020/08/24 16:51:18:893

I can't connect with the passive [192.168.100.113/5000] error_code:10060 !

<<<----  [OUT]
2020/08/24 16:51:21:374

Connecting Started...

<<<----  [OUT]
2020/08/24 16:51:42:411

I can't connect with the passive [192.168.100.113/5000] error_code:10060 !

<<<----  [OUT]
2020/08/24 16:51:44:889

Connecting Started...

<<<----  [OUT]
2020/08/24 16:52:05:942

I can't connect with the passive [192.168.100.113/5000] error_code:10060 !

<<<----  [OUT]
2020/08/24 16:52:08:421

Connecting Started...

<<<----  [OUT]
2020/08/24 16:52:29:455

I can't connect with the passive [192.168.100.113/5000] error_code:10060 !

<<<----  [OUT]
2020/08/24 16:52:31:936

Connecting Started...

<<<----  [OUT]
2020/08/24 16:52:52:963

I can't connect with the passive [192.168.100.113/5000] error_code:10060 !

<<<----  [OUT]
2020/08/24 16:52:55:451

Connecting Started...

<<<----  [OUT]
2020/08/24 16:53:16:476

I can't connect with the passive [192.168.100.113/5000] error_code:10060 !

<<<----  [OUT]
2020/08/24 16:53:18:966

Connecting Started...

<<<----  [OUT]
2020/08/24 16:53:40:005

I can't connect with the passive [192.168.100.113/5000] error_code:10060 !

<<<----  [OUT]
2020/08/24 16:53:42:483

Connecting Started...

<<<----  [OUT]
2020/08/24 16:54:03:518

I can't connect with the passive [192.168.100.113/5000] error_code:10060 !

<<<----  [OUT]
2020/08/24 16:54:05:999

Connecting Started...

<<<----  [OUT]
2020/08/24 16:54:27:050

I can't connect with the passive [192.168.100.113/5000] error_code:10060 !

<<<----  [OUT]
2020/08/24 16:54:29:530

Connecting Started...

<<<----  [OUT]
2020/08/24 16:54:50:577

I can't connect with the passive [192.168.100.113/5000] error_code:10060 !

<<<----  [OUT]
2020/08/24 16:54:53:062

Connecting Started...

<<<----  [OUT]
2020/08/24 16:55:14:093

I can't connect with the passive [192.168.100.113/5000] error_code:10060 !

<<<----  [OUT]
2020/08/24 16:55:16:577

Connecting Started...

<<<----  [OUT]
2020/08/24 16:55:37:600

I can't connect with the passive [192.168.100.113/5000] error_code:10060 !

<<<----  [OUT]
2020/08/24 16:55:40:076

Connecting Started...

<<<----  [OUT]
2020/08/24 16:56:01:135

I can't connect with the passive [192.168.100.113/5000] error_code:10060 !

<<<----  [OUT]
2020/08/24 16:56:03:623

Connecting Started...

<<<----  [OUT]
2020/08/24 16:56:24:664

I can't connect with the passive [192.168.100.113/5000] error_code:10060 !

<<<----  [OUT]
2020/08/24 16:56:27:156

Connecting Started...

<<<----  [OUT]
2020/08/24 16:56:48:180

I can't connect with the passive [192.168.100.113/5000] error_code:10060 !

<<<----  [OUT]
2020/08/24 16:56:50:671

Connecting Started...

<<<----  [OUT]
2020/08/24 16:57:11:717

I can't connect with the passive [192.168.100.113/5000] error_code:10060 !

<<<----  [OUT]
2020/08/24 16:57:14:202

Connecting Started...

<<<----  [OUT]
2020/08/24 16:57:35:243

I can't connect with the passive [192.168.100.113/5000] error_code:10060 !

<<<----  [OUT]
2020/08/24 16:57:37:734

Connecting Started...

<<<----  [OUT]
2020/08/24 16:57:58:770

I can't connect with the passive [192.168.100.113/5000] error_code:10060 !

<<<----  [OUT]
2020/08/24 16:58:01:248

Connecting Started...

<<<----  [OUT]
2020/08/24 16:58:22:274

I can't connect with the passive [192.168.100.113/5000] error_code:10060 !

<<<----  [OUT]
2020/08/24 16:58:24:765

Connecting Started...

<<<----  [OUT]
2020/08/24 16:58:45:812

I can't connect with the passive [192.168.100.113/5000] error_code:10060 !

<<<----  [OUT]
2020/08/24 16:58:48:295

Connecting Started...

<<<----  [OUT]
2020/08/24 16:59:09:333

I can't connect with the passive [192.168.100.113/5000] error_code:10060 !

<<<----  [OUT]
2020/08/24 16:59:11:811

Connecting Started...

<<<----  [OUT]
2020/08/24 16:59:32:843

I can't connect with the passive [192.168.100.113/5000] error_code:10060 !

<<<----  [OUT]
2020/08/24 16:59:35:328

Connecting Started...

<<<----  [OUT]
2020/08/24 16:59:56:384

I can't connect with the passive [192.168.100.113/5000] error_code:10060 !

<<<----  [OUT]
2020/08/24 16:59:58:873

Connecting Started...
