
<<<----  [OUT]
2020/08/24 17:00:19:905

I can't connect with the passive [192.168.100.113/5000] error_code:10060 !

<<<----  [OUT]
2020/08/24 17:00:22:389

Connecting Started...

<<<----  [OUT]
2020/08/24 17:00:43:454

I can't connect with the passive [192.168.100.113/5000] error_code:10060 !

<<<----  [OUT]
2020/08/24 17:00:45:937

Connecting Started...

<<<----  [OUT]
2020/08/24 17:01:06:987

I can't connect with the passive [192.168.100.113/5000] error_code:10060 !

<<<----  [OUT]
2020/08/24 17:01:09:467

Connecting Started...

<<<----  [OUT]
2020/08/24 17:01:30:513

I can't connect with the passive [192.168.100.113/5000] error_code:10060 !

<<<----  [OUT]
2020/08/24 17:01:32:999

Connecting Started...

<<<----  [OUT]
2020/08/24 17:01:54:041

I can't connect with the passive [192.168.100.113/5000] error_code:10060 !

<<<----  [OUT]
2020/08/24 17:01:56:530

Connecting Started...

<<<----  [OUT]
2020/08/24 17:02:17:574

I can't connect with the passive [192.168.100.113/5000] error_code:10060 !

<<<----  [OUT]
2020/08/24 17:02:20:060

Connecting Started...

<<<----  [OUT]
2020/08/24 17:02:41:094

I can't connect with the passive [192.168.100.113/5000] error_code:10060 !

<<<----  [OUT]
2020/08/24 17:02:43:576

Connecting Started...

<<<----  [OUT]
2020/08/24 17:03:04:618

I can't connect with the passive [192.168.100.113/5000] error_code:10060 !

<<<----  [OUT]
2020/08/24 17:03:07:109

Connecting Started...

<<<----  [OUT]
2020/08/24 17:03:28:147

I can't connect with the passive [192.168.100.113/5000] error_code:10060 !

<<<----  [OUT]
2020/08/24 17:03:30:624

Connecting Started...

<<<----  [OUT]
2020/08/24 17:03:51:660

I can't connect with the passive [192.168.100.113/5000] error_code:10060 !

<<<----  [OUT]
2020/08/24 17:03:54:139

Connecting Started...

<<<----  [OUT]
2020/08/24 17:04:15:173

I can't connect with the passive [192.168.100.113/5000] error_code:10060 !

<<<----  [OUT]
2020/08/24 17:04:17:654

Connecting Started...

<<<----  [OUT]
2020/08/24 17:04:38:691

I can't connect with the passive [192.168.100.113/5000] error_code:10060 !

<<<----  [OUT]
2020/08/24 17:04:41:170

Connecting Started...

<<<----  [OUT]
2020/08/24 17:05:02:218

I can't connect with the passive [192.168.100.113/5000] error_code:10060 !

<<<----  [OUT]
2020/08/24 17:05:04:701

Connecting Started...

<<<----  [OUT]
2020/08/24 17:05:25:732

I can't connect with the passive [192.168.100.113/5000] error_code:10060 !

<<<----  [OUT]
2020/08/24 17:05:28:216

Connecting Started...

<<<----  [OUT]
2020/08/24 17:05:49:278

I can't connect with the passive [192.168.100.113/5000] error_code:10060 !

<<<----  [OUT]
2020/08/24 17:05:51:764

Connecting Started...

<<<----  [OUT]
2020/08/24 17:06:12:807

I can't connect with the passive [192.168.100.113/5000] error_code:10060 !

<<<----  [OUT]
2020/08/24 17:06:15:296

Connecting Started...

<<<----  [OUT]
2020/08/24 17:06:36:328

I can't connect with the passive [192.168.100.113/5000] error_code:10060 !

<<<----  [OUT]
2020/08/24 17:06:38:812

Connecting Started...

<<<----  [OUT]
2020/08/24 17:06:59:846

I can't connect with the passive [192.168.100.113/5000] error_code:10060 !

<<<----  [OUT]
2020/08/24 17:07:02:327

Connecting Started...

<<<----  [OUT]
2020/08/24 17:07:23:365

I can't connect with the passive [192.168.100.113/5000] error_code:10060 !

<<<----  [OUT]
2020/08/24 17:07:25:842

Connecting Started...

<<<----  [OUT]
2020/08/24 17:07:46:871

I can't connect with the passive [192.168.100.113/5000] error_code:10060 !

<<<----  [OUT]
2020/08/24 17:07:49:357

Connecting Started...

<<<----  [OUT]
2020/08/24 17:08:10:394

I can't connect with the passive [192.168.100.113/5000] error_code:10060 !

<<<----  [OUT]
2020/08/24 17:08:12:874

Connecting Started...

<<<----  [OUT]
2020/08/24 17:08:33:911

I can't connect with the passive [192.168.100.113/5000] error_code:10060 !

<<<----  [OUT]
2020/08/24 17:08:36:389

Connecting Started...

<<<----  [OUT]
2020/08/24 17:08:57:410

I can't connect with the passive [192.168.100.113/5000] error_code:10060 !

<<<----  [OUT]
2020/08/24 17:08:59:889

Connecting Started...

<<<----  [OUT]
2020/08/24 17:09:20:909

I can't connect with the passive [192.168.100.113/5000] error_code:10060 !

<<<----  [OUT]
2020/08/24 17:09:23:389

Connecting Started...

<<<----  [OUT]
2020/08/24 17:09:44:419

I can't connect with the passive [192.168.100.113/5000] error_code:10060 !

<<<----  [OUT]
2020/08/24 17:09:46:905

Connecting Started...

<<<----  [OUT]
2020/08/24 17:10:07:949

I can't connect with the passive [192.168.100.113/5000] error_code:10060 !

<<<----  [OUT]
2020/08/24 17:10:10:436

Connecting Started...

<<<----  [OUT]
2020/08/24 17:10:31:461

I can't connect with the passive [192.168.100.113/5000] error_code:10060 !

<<<----  [OUT]
2020/08/24 17:10:33:951

Connecting Started...

<<<----  [OUT]
2020/08/24 17:10:54:985

I can't connect with the passive [192.168.100.113/5000] error_code:10060 !

<<<----  [OUT]
2020/08/24 17:10:57:467

Connecting Started...

<<<----  [OUT]
2020/08/24 17:11:18:513

I can't connect with the passive [192.168.100.113/5000] error_code:10060 !

<<<----  [OUT]
2020/08/24 17:11:21:000

Connecting Started...

<<<----  [OUT]
2020/08/24 17:11:42:026

I can't connect with the passive [192.168.100.113/5000] error_code:10060 !

<<<----  [OUT]
2020/08/24 17:11:44:514

Connecting Started...

<<<----  [OUT]
2020/08/24 17:12:05:539

I can't connect with the passive [192.168.100.113/5000] error_code:10060 !

<<<----  [OUT]
2020/08/24 17:12:08:030

Connecting Started...

<<<----  [OUT]
2020/08/24 17:12:29:074

I can't connect with the passive [192.168.100.113/5000] error_code:10060 !

<<<----  [OUT]
2020/08/24 17:12:31:561

Connecting Started...

<<<----  [OUT]
2020/08/24 17:12:52:596

I can't connect with the passive [192.168.100.113/5000] error_code:10060 !

<<<----  [OUT]
2020/08/24 17:12:55:077

Connecting Started...

<<<----  [OUT]
2020/08/24 17:13:16:121

I can't connect with the passive [192.168.100.113/5000] error_code:10060 !

<<<----  [OUT]
2020/08/24 17:13:18:608

Connecting Started...

<<<----  [OUT]
2020/08/24 17:13:39:653

I can't connect with the passive [192.168.100.113/5000] error_code:10060 !

<<<----  [OUT]
2020/08/24 17:13:42:139

Connecting Started...

<<<----  [OUT]
2020/08/24 17:14:03:171

I can't connect with the passive [192.168.100.113/5000] error_code:10060 !

<<<----  [OUT]
2020/08/24 17:14:05:656

Connecting Started...

<<<----  [OUT]
2020/08/24 17:14:26:689

I can't connect with the passive [192.168.100.113/5000] error_code:10060 !

<<<----  [OUT]
2020/08/24 17:14:29:170

Connecting Started...

<<<----  [OUT]
2020/08/24 17:14:50:216

I can't connect with the passive [192.168.100.113/5000] error_code:10060 !

<<<----  [OUT]
2020/08/24 17:14:52:703

Connecting Started...

<<<----  [OUT]
2020/08/24 17:15:13:755

I can't connect with the passive [192.168.100.113/5000] error_code:10060 !

<<<----  [OUT]
2020/08/24 17:15:16:232

Connecting Started...

<<<----  [OUT]
2020/08/24 17:15:37:281

I can't connect with the passive [192.168.100.113/5000] error_code:10060 !

<<<----  [OUT]
2020/08/24 17:15:39:765

Connecting Started...

<<<----  [OUT]
2020/08/24 17:16:00:797

I can't connect with the passive [192.168.100.113/5000] error_code:10060 !

<<<----  [OUT]
2020/08/24 17:16:03:279

Connecting Started...

<<<----  [OUT]
2020/08/24 17:16:24:325

I can't connect with the passive [192.168.100.113/5000] error_code:10060 !

<<<----  [OUT]
2020/08/24 17:16:26:810

Connecting Started...

<<<----  [OUT]
2020/08/24 17:16:47:830

I can't connect with the passive [192.168.100.113/5000] error_code:10060 !

<<<----  [OUT]
2020/08/24 17:16:50:312

Connecting Started...

<<<----  [OUT]
2020/08/24 17:17:11:347

I can't connect with the passive [192.168.100.113/5000] error_code:10060 !

<<<----  [OUT]
2020/08/24 17:17:13:826

Connecting Started...

<<<----  [OUT]
2020/08/24 17:17:34:868

I can't connect with the passive [192.168.100.113/5000] error_code:10060 !

<<<----  [OUT]
2020/08/24 17:17:37:358

Connecting Started...

<<<----  [OUT]
2020/08/24 17:17:58:373

I can't connect with the passive [192.168.100.113/5000] error_code:10060 !

<<<----  [OUT]
2020/08/24 17:18:00:858

Connecting Started...

<<<----  [OUT]
2020/08/24 17:18:21:894

I can't connect with the passive [192.168.100.113/5000] error_code:10060 !

<<<----  [OUT]
2020/08/24 17:18:24:373

Connecting Started...

<<<----  [OUT]
2020/08/24 17:18:45:413

I can't connect with the passive [192.168.100.113/5000] error_code:10060 !

<<<----  [OUT]
2020/08/24 17:18:47:889

Connecting Started...

<<<----  [OUT]
2020/08/24 17:19:08:925

I can't connect with the passive [192.168.100.113/5000] error_code:10060 !

<<<----  [OUT]
2020/08/24 17:19:11:404

Connecting Started...

<<<----  [OUT]
2020/08/24 17:19:32:423

I can't connect with the passive [192.168.100.113/5000] error_code:10060 !

<<<----  [OUT]
2020/08/24 17:19:34:906

Connecting Started...

<<<----  [OUT]
2020/08/24 17:19:55:946

I can't connect with the passive [192.168.100.113/5000] error_code:10060 !

<<<----  [OUT]
2020/08/24 17:19:58:437

Connecting Started...

<<<----  [OUT]
2020/08/24 17:20:19:464

I can't connect with the passive [192.168.100.113/5000] error_code:10060 !

<<<----  [OUT]
2020/08/24 17:20:21:951

Connecting Started...

<<<----  [OUT]
2020/08/24 17:20:42:997

I can't connect with the passive [192.168.100.113/5000] error_code:10060 !

<<<----  [OUT]
2020/08/24 17:20:45:483

Connecting Started...

<<<----  [OUT]
2020/08/24 17:21:06:515

I can't connect with the passive [192.168.100.113/5000] error_code:10060 !

<<<----  [OUT]
2020/08/24 17:21:08:998

Connecting Started...

<<<----  [OUT]
2020/08/24 17:21:30:027

I can't connect with the passive [192.168.100.113/5000] error_code:10060 !

<<<----  [OUT]
2020/08/24 17:21:32:513

Connecting Started...

<<<----  [OUT]
2020/08/24 17:21:53:561

I can't connect with the passive [192.168.100.113/5000] error_code:10060 !

<<<----  [OUT]
2020/08/24 17:21:56:047

Connecting Started...

<<<----  [OUT]
2020/08/24 17:22:17:099

I can't connect with the passive [192.168.100.113/5000] error_code:10060 !

<<<----  [OUT]
2020/08/24 17:22:19:577

Connecting Started...

<<<----  [OUT]
2020/08/24 17:22:40:606

I can't connect with the passive [192.168.100.113/5000] error_code:10060 !

<<<----  [OUT]
2020/08/24 17:22:43:093

Connecting Started...

<<<----  [OUT]
2020/08/24 17:23:04:125

I can't connect with the passive [192.168.100.113/5000] error_code:10060 !

<<<----  [OUT]
2020/08/24 17:23:06:607

Connecting Started...

<<<----  [OUT]
2020/08/24 17:23:27:636

I can't connect with the passive [192.168.100.113/5000] error_code:10060 !

<<<----  [OUT]
2020/08/24 17:23:30:124

Connecting Started...

<<<----  [OUT]
2020/08/24 17:23:51:155

I can't connect with the passive [192.168.100.113/5000] error_code:10060 !

<<<----  [OUT]
2020/08/24 17:23:53:640

Connecting Started...

<<<----  [OUT]
2020/08/24 17:24:14:669

I can't connect with the passive [192.168.100.113/5000] error_code:10060 !

<<<----  [OUT]
2020/08/24 17:24:17:154

Connecting Started...

<<<----  [OUT]
2020/08/24 17:24:38:189

I can't connect with the passive [192.168.100.113/5000] error_code:10060 !

<<<----  [OUT]
2020/08/24 17:24:40:670

Connecting Started...

<<<----  [OUT]
2020/08/24 17:25:01:703

I can't connect with the passive [192.168.100.113/5000] error_code:10060 !

<<<----  [OUT]
2020/08/24 17:25:04:186

Connecting Started...

<<<----  [OUT]
2020/08/24 17:25:25:230

I can't connect with the passive [192.168.100.113/5000] error_code:10060 !

<<<----  [OUT]
2020/08/24 17:25:27:717

Connecting Started...

<<<----  [OUT]
2020/08/24 17:25:48:768

I can't connect with the passive [192.168.100.113/5000] error_code:10060 !

<<<----  [OUT]
2020/08/24 17:25:51:249

Connecting Started...

<<<----  [OUT]
2020/08/24 17:26:12:294

I can't connect with the passive [192.168.100.113/5000] error_code:10060 !

<<<----  [OUT]
2020/08/24 17:26:14:779

Connecting Started...

<<<----  [OUT]
2020/08/24 17:26:35:814

I can't connect with the passive [192.168.100.113/5000] error_code:10060 !

<<<----  [OUT]
2020/08/24 17:26:38:296

Connecting Started...

<<<----  [OUT]
2020/08/24 17:26:59:350

I can't connect with the passive [192.168.100.113/5000] error_code:10060 !

<<<----  [OUT]
2020/08/24 17:27:01:828

Connecting Started...

<<<----  [OUT]
2020/08/24 17:27:22:872

I can't connect with the passive [192.168.100.113/5000] error_code:10060 !

<<<----  [OUT]
2020/08/24 17:27:25:357

Connecting Started...

<<<----  [OUT]
2020/08/24 17:27:46:386

I can't connect with the passive [192.168.100.113/5000] error_code:10060 !

<<<----  [OUT]
2020/08/24 17:27:48:874

Connecting Started...

<<<----  [OUT]
2020/08/24 17:28:09:927

I can't connect with the passive [192.168.100.113/5000] error_code:10060 !

<<<----  [OUT]
2020/08/24 17:28:12:406

Connecting Started...

<<<----  [OUT]
2020/08/24 17:28:33:456

I can't connect with the passive [192.168.100.113/5000] error_code:10060 !

<<<----  [OUT]
2020/08/24 17:28:35:936

Connecting Started...

<<<----  [OUT]
2020/08/24 17:28:35:937

Active socket is connected with passive [192.168.100.113/5000] !

<<<----  [OUT]
2020/08/24 17:28:36:001
Select.req
00 00 00 0A FF FF 00 00 00 01 00 00 00 01 

<<<----  [OUT]
2020/08/24 17:28:36:001

Check1 : Send__SELECT_REQ() - [Return Value : 1] [T6_FLAG : 1] [T6_SEC : 2]

---->>>  [IN ]
2020/08/24 17:28:36:002
Select.rsp
00 00 00 0A FF FF 00 00 00 02 00 00 00 01 

<<<----  [OUT]
2020/08/24 17:28:36:003

Check3 : Send__SELECT_REQ() - [Return Value : 1] [T6_FLAG : -1] [T6_SEC : 2]

<<<----  [OUT]
2020/08/24 17:28:36:028
S1F13  [0][1][2] [Msg Size : 35]
	1.<L	2
		1.<A[8]	"ANA-SOFT"
		2.<A[7]	"1.0 Ver"

00 00 00 1F 00 00 81 0D 00 00 00 00 00 02 01 02 41 08 41 4E 41 2D 53 4F 46 54 41 07 31 2E 30 20 56 65 72 

---->>>  [IN ]
2020/08/24 17:28:36:029
Linktest.req
00 00 00 0A FF FF 00 00 00 05 80 00 00 E7 

<<<----  [OUT]
2020/08/24 17:28:36:029
Linktest.rsp
00 00 00 0A FF FF 00 00 00 06 80 00 00 E7 

---->>>  [IN ]
2020/08/24 17:28:36:039
S1F14  [0][-1][2]
	1.<L,  2   [-1]
		1.<B[1]   "00"   [-1-1]
		2.<L,  0   [-1-2]

00 00 00 11 00 00 01 0E 00 00 00 00 00 02 01 02 21 01 00 01 00 

<<<----  [OUT]
2020/08/24 17:28:46:020
Linktest.req
00 00 00 0A FF FF 00 00 00 05 00 00 00 03 

---->>>  [IN ]
2020/08/24 17:28:46:021
Linktest.rsp
00 00 00 0A FF FF 00 00 00 06 00 00 00 03 

<<<----  [OUT]
2020/08/24 17:28:56:035
Linktest.req
00 00 00 0A FF FF 00 00 00 05 00 00 00 04 

---->>>  [IN ]
2020/08/24 17:28:56:036
Linktest.rsp
00 00 00 0A FF FF 00 00 00 06 00 00 00 04 

<<<----  [OUT]
2020/08/24 17:29:06:049
Linktest.req
00 00 00 0A FF FF 00 00 00 05 00 00 00 05 

---->>>  [IN ]
2020/08/24 17:29:06:050
Linktest.rsp
00 00 00 0A FF FF 00 00 00 06 00 00 00 05 

<<<----  [OUT]
2020/08/24 17:29:16:066
Linktest.req
00 00 00 0A FF FF 00 00 00 05 00 00 00 06 

---->>>  [IN ]
2020/08/24 17:29:16:067
Linktest.rsp
00 00 00 0A FF FF 00 00 00 06 00 00 00 06 

<<<----  [OUT]
2020/08/24 17:29:26:082
Linktest.req
00 00 00 0A FF FF 00 00 00 05 00 00 00 07 

---->>>  [IN ]
2020/08/24 17:29:26:083
Linktest.rsp
00 00 00 0A FF FF 00 00 00 06 00 00 00 07 

---->>>  [IN ]
2020/08/24 17:29:36:039
Linktest.req
00 00 00 0A FF FF 00 00 00 05 80 00 00 E8 

<<<----  [OUT]
2020/08/24 17:29:36:039
Linktest.rsp
00 00 00 0A FF FF 00 00 00 06 80 00 00 E8 

<<<----  [OUT]
2020/08/24 17:29:36:097
Linktest.req
00 00 00 0A FF FF 00 00 00 05 00 00 00 08 

---->>>  [IN ]
2020/08/24 17:29:36:098
Linktest.rsp
00 00 00 0A FF FF 00 00 00 06 00 00 00 08 

<<<----  [OUT]
2020/08/24 17:29:46:107
Linktest.req
00 00 00 0A FF FF 00 00 00 05 00 00 00 09 

---->>>  [IN ]
2020/08/24 17:29:46:108
Linktest.rsp
00 00 00 0A FF FF 00 00 00 06 00 00 00 09 

<<<----  [OUT]
2020/08/24 17:29:56:117
Linktest.req
00 00 00 0A FF FF 00 00 00 05 00 00 00 0A 

---->>>  [IN ]
2020/08/24 17:29:56:118
Linktest.rsp
00 00 00 0A FF FF 00 00 00 06 00 00 00 0A 

<<<----  [OUT]
2020/08/24 17:30:06:128
Linktest.req
00 00 00 0A FF FF 00 00 00 05 00 00 00 0B 

---->>>  [IN ]
2020/08/24 17:30:06:129
Linktest.rsp
00 00 00 0A FF FF 00 00 00 06 00 00 00 0B 

<<<----  [OUT]
2020/08/24 17:30:16:141
Linktest.req
00 00 00 0A FF FF 00 00 00 05 00 00 00 0C 

---->>>  [IN ]
2020/08/24 17:30:16:142
Linktest.rsp
00 00 00 0A FF FF 00 00 00 06 00 00 00 0C 

<<<----  [OUT]
2020/08/24 17:30:26:156
Linktest.req
00 00 00 0A FF FF 00 00 00 05 00 00 00 0D 

---->>>  [IN ]
2020/08/24 17:30:26:157
Linktest.rsp
00 00 00 0A FF FF 00 00 00 06 00 00 00 0D 

---->>>  [IN ]
2020/08/24 17:30:36:037
Linktest.req
00 00 00 0A FF FF 00 00 00 05 80 00 00 E9 

<<<----  [OUT]
2020/08/24 17:30:36:037
Linktest.rsp
00 00 00 0A FF FF 00 00 00 06 80 00 00 E9 

<<<----  [OUT]
2020/08/24 17:30:36:168
Linktest.req
00 00 00 0A FF FF 00 00 00 05 00 00 00 0E 

---->>>  [IN ]
2020/08/24 17:30:36:169
Linktest.rsp
00 00 00 0A FF FF 00 00 00 06 00 00 00 0E 

<<<----  [OUT]
2020/08/24 17:30:46:182
Linktest.req
00 00 00 0A FF FF 00 00 00 05 00 00 00 0F 

---->>>  [IN ]
2020/08/24 17:30:46:182
Linktest.rsp
00 00 00 0A FF FF 00 00 00 06 00 00 00 0F 

<<<----  [OUT]
2020/08/24 17:30:56:193
Linktest.req
00 00 00 0A FF FF 00 00 00 05 00 00 00 10 

---->>>  [IN ]
2020/08/24 17:30:56:194
Linktest.rsp
00 00 00 0A FF FF 00 00 00 06 00 00 00 10 

<<<----  [OUT]
2020/08/24 17:31:06:205
Linktest.req
00 00 00 0A FF FF 00 00 00 05 00 00 00 11 

---->>>  [IN ]
2020/08/24 17:31:06:206
Linktest.rsp
00 00 00 0A FF FF 00 00 00 06 00 00 00 11 

<<<----  [OUT]
2020/08/24 17:31:16:222
Linktest.req
00 00 00 0A FF FF 00 00 00 05 00 00 00 12 

---->>>  [IN ]
2020/08/24 17:31:16:223
Linktest.rsp
00 00 00 0A FF FF 00 00 00 06 00 00 00 12 

<<<----  [OUT]
2020/08/24 17:31:26:225
Linktest.req
00 00 00 0A FF FF 00 00 00 05 00 00 00 13 

---->>>  [IN ]
2020/08/24 17:31:26:226
Linktest.rsp
00 00 00 0A FF FF 00 00 00 06 00 00 00 13 

---->>>  [IN ]
2020/08/24 17:31:36:035
Linktest.req
00 00 00 0A FF FF 00 00 00 05 80 00 00 EA 

<<<----  [OUT]
2020/08/24 17:31:36:035
Linktest.rsp
00 00 00 0A FF FF 00 00 00 06 80 00 00 EA 

<<<----  [OUT]
2020/08/24 17:31:36:242
Linktest.req
00 00 00 0A FF FF 00 00 00 05 00 00 00 14 

---->>>  [IN ]
2020/08/24 17:31:36:244
Linktest.rsp
00 00 00 0A FF FF 00 00 00 06 00 00 00 14 

<<<----  [OUT]
2020/08/24 17:31:46:258
Linktest.req
00 00 00 0A FF FF 00 00 00 05 00 00 00 15 

---->>>  [IN ]
2020/08/24 17:31:46:259
Linktest.rsp
00 00 00 0A FF FF 00 00 00 06 00 00 00 15 

<<<----  [OUT]
2020/08/24 17:31:56:273
Linktest.req
00 00 00 0A FF FF 00 00 00 05 00 00 00 16 

---->>>  [IN ]
2020/08/24 17:31:56:274
Linktest.rsp
00 00 00 0A FF FF 00 00 00 06 00 00 00 16 

<<<----  [OUT]
2020/08/24 17:32:06:287
Linktest.req
00 00 00 0A FF FF 00 00 00 05 00 00 00 17 

---->>>  [IN ]
2020/08/24 17:32:06:288
Linktest.rsp
00 00 00 0A FF FF 00 00 00 06 00 00 00 17 

<<<----  [OUT]
2020/08/24 17:32:16:306
Linktest.req
00 00 00 0A FF FF 00 00 00 05 00 00 00 18 

---->>>  [IN ]
2020/08/24 17:32:16:307
Linktest.rsp
00 00 00 0A FF FF 00 00 00 06 00 00 00 18 

<<<----  [OUT]
2020/08/24 17:32:26:322
Linktest.req
00 00 00 0A FF FF 00 00 00 05 00 00 00 19 

---->>>  [IN ]
2020/08/24 17:32:26:323
Linktest.rsp
00 00 00 0A FF FF 00 00 00 06 00 00 00 19 

---->>>  [IN ]
2020/08/24 17:32:36:039
Linktest.req
00 00 00 0A FF FF 00 00 00 05 80 00 00 EB 

<<<----  [OUT]
2020/08/24 17:32:36:039
Linktest.rsp
00 00 00 0A FF FF 00 00 00 06 80 00 00 EB 

<<<----  [OUT]
2020/08/24 17:32:36:339
Linktest.req
00 00 00 0A FF FF 00 00 00 05 00 00 00 1A 

---->>>  [IN ]
2020/08/24 17:32:36:340
Linktest.rsp
00 00 00 0A FF FF 00 00 00 06 00 00 00 1A 

<<<----  [OUT]
2020/08/24 17:32:46:354
Linktest.req
00 00 00 0A FF FF 00 00 00 05 00 00 00 1B 

---->>>  [IN ]
2020/08/24 17:32:46:355
Linktest.rsp
00 00 00 0A FF FF 00 00 00 06 00 00 00 1B 

<<<----  [OUT]
2020/08/24 17:32:56:368
Linktest.req
00 00 00 0A FF FF 00 00 00 05 00 00 00 1C 

---->>>  [IN ]
2020/08/24 17:32:56:369
Linktest.rsp
00 00 00 0A FF FF 00 00 00 06 00 00 00 1C 

<<<----  [OUT]
2020/08/24 17:33:06:385
Linktest.req
00 00 00 0A FF FF 00 00 00 05 00 00 00 1D 

---->>>  [IN ]
2020/08/24 17:33:06:386
Linktest.rsp
00 00 00 0A FF FF 00 00 00 06 00 00 00 1D 

<<<----  [OUT]
2020/08/24 17:33:16:401
Linktest.req
00 00 00 0A FF FF 00 00 00 05 00 00 00 1E 

---->>>  [IN ]
2020/08/24 17:33:16:402
Linktest.rsp
00 00 00 0A FF FF 00 00 00 06 00 00 00 1E 

<<<----  [OUT]
2020/08/24 17:33:26:410
Linktest.req
00 00 00 0A FF FF 00 00 00 05 00 00 00 1F 

---->>>  [IN ]
2020/08/24 17:33:26:411
Linktest.rsp
00 00 00 0A FF FF 00 00 00 06 00 00 00 1F 

---->>>  [IN ]
2020/08/24 17:33:36:041
Linktest.req
00 00 00 0A FF FF 00 00 00 05 80 00 00 EC 

<<<----  [OUT]
2020/08/24 17:33:36:041
Linktest.rsp
00 00 00 0A FF FF 00 00 00 06 80 00 00 EC 

<<<----  [OUT]
2020/08/24 17:33:36:420
Linktest.req
00 00 00 0A FF FF 00 00 00 05 00 00 00 20 

---->>>  [IN ]
2020/08/24 17:33:36:421
Linktest.rsp
00 00 00 0A FF FF 00 00 00 06 00 00 00 20 

<<<----  [OUT]
2020/08/24 17:33:46:433
Linktest.req
00 00 00 0A FF FF 00 00 00 05 00 00 00 21 

---->>>  [IN ]
2020/08/24 17:33:46:434
Linktest.rsp
00 00 00 0A FF FF 00 00 00 06 00 00 00 21 

<<<----  [OUT]
2020/08/24 17:33:56:447
Linktest.req
00 00 00 0A FF FF 00 00 00 05 00 00 00 22 

---->>>  [IN ]
2020/08/24 17:33:56:448
Linktest.rsp
00 00 00 0A FF FF 00 00 00 06 00 00 00 22 

<<<----  [OUT]
2020/08/24 17:34:06:460
Linktest.req
00 00 00 0A FF FF 00 00 00 05 00 00 00 23 

---->>>  [IN ]
2020/08/24 17:34:06:462
Linktest.rsp
00 00 00 0A FF FF 00 00 00 06 00 00 00 23 

<<<----  [OUT]
2020/08/24 17:34:16:480
Linktest.req
00 00 00 0A FF FF 00 00 00 05 00 00 00 24 

---->>>  [IN ]
2020/08/24 17:34:16:481
Linktest.rsp
00 00 00 0A FF FF 00 00 00 06 00 00 00 24 

<<<----  [OUT]
2020/08/24 17:34:26:497
Linktest.req
00 00 00 0A FF FF 00 00 00 05 00 00 00 25 

---->>>  [IN ]
2020/08/24 17:34:26:498
Linktest.rsp
00 00 00 0A FF FF 00 00 00 06 00 00 00 25 

---->>>  [IN ]
2020/08/24 17:34:36:036
Linktest.req
00 00 00 0A FF FF 00 00 00 05 80 00 00 ED 

<<<----  [OUT]
2020/08/24 17:34:36:036
Linktest.rsp
00 00 00 0A FF FF 00 00 00 06 80 00 00 ED 

<<<----  [OUT]
2020/08/24 17:34:36:514
Linktest.req
00 00 00 0A FF FF 00 00 00 05 00 00 00 26 

---->>>  [IN ]
2020/08/24 17:34:36:515
Linktest.rsp
00 00 00 0A FF FF 00 00 00 06 00 00 00 26 

<<<----  [OUT]
2020/08/24 17:34:46:531
Linktest.req
00 00 00 0A FF FF 00 00 00 05 00 00 00 27 

---->>>  [IN ]
2020/08/24 17:34:46:532
Linktest.rsp
00 00 00 0A FF FF 00 00 00 06 00 00 00 27 

<<<----  [OUT]
2020/08/24 17:34:56:549
Linktest.req
00 00 00 0A FF FF 00 00 00 05 00 00 00 28 

---->>>  [IN ]
2020/08/24 17:34:56:550
Linktest.rsp
00 00 00 0A FF FF 00 00 00 06 00 00 00 28 

<<<----  [OUT]
2020/08/24 17:35:06:569
Linktest.req
00 00 00 0A FF FF 00 00 00 05 00 00 00 29 

---->>>  [IN ]
2020/08/24 17:35:06:570
Linktest.rsp
00 00 00 0A FF FF 00 00 00 06 00 00 00 29 

<<<----  [OUT]
2020/08/24 17:35:16:588
Linktest.req
00 00 00 0A FF FF 00 00 00 05 00 00 00 2A 

---->>>  [IN ]
2020/08/24 17:35:16:589
Linktest.rsp
00 00 00 0A FF FF 00 00 00 06 00 00 00 2A 

<<<----  [OUT]
2020/08/24 17:35:26:606
Linktest.req
00 00 00 0A FF FF 00 00 00 05 00 00 00 2B 

---->>>  [IN ]
2020/08/24 17:35:26:607
Linktest.rsp
00 00 00 0A FF FF 00 00 00 06 00 00 00 2B 

---->>>  [IN ]
2020/08/24 17:35:36:038
Linktest.req
00 00 00 0A FF FF 00 00 00 05 80 00 00 EE 

<<<----  [OUT]
2020/08/24 17:35:36:038
Linktest.rsp
00 00 00 0A FF FF 00 00 00 06 80 00 00 EE 

<<<----  [OUT]
2020/08/24 17:35:36:622
Linktest.req
00 00 00 0A FF FF 00 00 00 05 00 00 00 2C 

---->>>  [IN ]
2020/08/24 17:35:36:623
Linktest.rsp
00 00 00 0A FF FF 00 00 00 06 00 00 00 2C 

<<<----  [OUT]
2020/08/24 17:35:46:634
Linktest.req
00 00 00 0A FF FF 00 00 00 05 00 00 00 2D 

---->>>  [IN ]
2020/08/24 17:35:46:635
Linktest.rsp
00 00 00 0A FF FF 00 00 00 06 00 00 00 2D 

<<<----  [OUT]
2020/08/24 17:35:56:646
Linktest.req
00 00 00 0A FF FF 00 00 00 05 00 00 00 2E 

---->>>  [IN ]
2020/08/24 17:35:56:647
Linktest.rsp
00 00 00 0A FF FF 00 00 00 06 00 00 00 2E 

<<<----  [OUT]
2020/08/24 17:36:06:659
Linktest.req
00 00 00 0A FF FF 00 00 00 05 00 00 00 2F 

---->>>  [IN ]
2020/08/24 17:36:06:660
Linktest.rsp
00 00 00 0A FF FF 00 00 00 06 00 00 00 2F 

<<<----  [OUT]
2020/08/24 17:36:16:661
Linktest.req
00 00 00 0A FF FF 00 00 00 05 00 00 00 30 

---->>>  [IN ]
2020/08/24 17:36:16:662
Linktest.rsp
00 00 00 0A FF FF 00 00 00 06 00 00 00 30 

<<<----  [OUT]
2020/08/24 17:36:26:676
Linktest.req
00 00 00 0A FF FF 00 00 00 05 00 00 00 31 

---->>>  [IN ]
2020/08/24 17:36:26:677
Linktest.rsp
00 00 00 0A FF FF 00 00 00 06 00 00 00 31 

---->>>  [IN ]
2020/08/24 17:36:36:039
Linktest.req
00 00 00 0A FF FF 00 00 00 05 80 00 00 EF 

<<<----  [OUT]
2020/08/24 17:36:36:039
Linktest.rsp
00 00 00 0A FF FF 00 00 00 06 80 00 00 EF 

<<<----  [OUT]
2020/08/24 17:36:36:685
Linktest.req
00 00 00 0A FF FF 00 00 00 05 00 00 00 32 

---->>>  [IN ]
2020/08/24 17:36:36:686
Linktest.rsp
00 00 00 0A FF FF 00 00 00 06 00 00 00 32 

<<<----  [OUT]
2020/08/24 17:36:46:692
Linktest.req
00 00 00 0A FF FF 00 00 00 05 00 00 00 33 

---->>>  [IN ]
2020/08/24 17:36:46:693
Linktest.rsp
00 00 00 0A FF FF 00 00 00 06 00 00 00 33 

<<<----  [OUT]
2020/08/24 17:36:56:703
Linktest.req
00 00 00 0A FF FF 00 00 00 05 00 00 00 34 

---->>>  [IN ]
2020/08/24 17:36:56:704
Linktest.rsp
00 00 00 0A FF FF 00 00 00 06 00 00 00 34 

<<<----  [OUT]
2020/08/24 17:37:06:717
Linktest.req
00 00 00 0A FF FF 00 00 00 05 00 00 00 35 

---->>>  [IN ]
2020/08/24 17:37:06:718
Linktest.rsp
00 00 00 0A FF FF 00 00 00 06 00 00 00 35 

<<<----  [OUT]
2020/08/24 17:37:16:731
Linktest.req
00 00 00 0A FF FF 00 00 00 05 00 00 00 36 

---->>>  [IN ]
2020/08/24 17:37:16:732
Linktest.rsp
00 00 00 0A FF FF 00 00 00 06 00 00 00 36 

<<<----  [OUT]
2020/08/24 17:37:26:738
Linktest.req
00 00 00 0A FF FF 00 00 00 05 00 00 00 37 

---->>>  [IN ]
2020/08/24 17:37:26:739
Linktest.rsp
00 00 00 0A FF FF 00 00 00 06 00 00 00 37 

---->>>  [IN ]
2020/08/24 17:37:36:041
Linktest.req
00 00 00 0A FF FF 00 00 00 05 80 00 00 F0 

<<<----  [OUT]
2020/08/24 17:37:36:041
Linktest.rsp
00 00 00 0A FF FF 00 00 00 06 80 00 00 F0 

<<<----  [OUT]
2020/08/24 17:37:36:755
Linktest.req
00 00 00 0A FF FF 00 00 00 05 00 00 00 38 

---->>>  [IN ]
2020/08/24 17:37:36:756
Linktest.rsp
00 00 00 0A FF FF 00 00 00 06 00 00 00 38 

<<<----  [OUT]
2020/08/24 17:37:46:770
Linktest.req
00 00 00 0A FF FF 00 00 00 05 00 00 00 39 

---->>>  [IN ]
2020/08/24 17:37:46:771
Linktest.rsp
00 00 00 0A FF FF 00 00 00 06 00 00 00 39 

<<<----  [OUT]
2020/08/24 17:37:56:783
Linktest.req
00 00 00 0A FF FF 00 00 00 05 00 00 00 3A 

---->>>  [IN ]
2020/08/24 17:37:56:784
Linktest.rsp
00 00 00 0A FF FF 00 00 00 06 00 00 00 3A 

<<<----  [OUT]
2020/08/24 17:38:06:798
Linktest.req
00 00 00 0A FF FF 00 00 00 05 00 00 00 3B 

---->>>  [IN ]
2020/08/24 17:38:06:799
Linktest.rsp
00 00 00 0A FF FF 00 00 00 06 00 00 00 3B 

<<<----  [OUT]
2020/08/24 17:38:16:815
Linktest.req
00 00 00 0A FF FF 00 00 00 05 00 00 00 3C 

---->>>  [IN ]
2020/08/24 17:38:16:816
Linktest.rsp
00 00 00 0A FF FF 00 00 00 06 00 00 00 3C 

<<<----  [OUT]
2020/08/24 17:38:26:827
Linktest.req
00 00 00 0A FF FF 00 00 00 05 00 00 00 3D 

---->>>  [IN ]
2020/08/24 17:38:26:828
Linktest.rsp
00 00 00 0A FF FF 00 00 00 06 00 00 00 3D 

---->>>  [IN ]
2020/08/24 17:38:36:037
Linktest.req
00 00 00 0A FF FF 00 00 00 05 80 00 00 F1 

<<<----  [OUT]
2020/08/24 17:38:36:037
Linktest.rsp
00 00 00 0A FF FF 00 00 00 06 80 00 00 F1 

<<<----  [OUT]
2020/08/24 17:38:36:841
Linktest.req
00 00 00 0A FF FF 00 00 00 05 00 00 00 3E 

---->>>  [IN ]
2020/08/24 17:38:36:842
Linktest.rsp
00 00 00 0A FF FF 00 00 00 06 00 00 00 3E 

<<<----  [OUT]
2020/08/24 17:38:46:854
Linktest.req
00 00 00 0A FF FF 00 00 00 05 00 00 00 3F 

---->>>  [IN ]
2020/08/24 17:38:46:855
Linktest.rsp
00 00 00 0A FF FF 00 00 00 06 00 00 00 3F 

<<<----  [OUT]
2020/08/24 17:38:56:870
Linktest.req
00 00 00 0A FF FF 00 00 00 05 00 00 00 40 

---->>>  [IN ]
2020/08/24 17:38:56:871
Linktest.rsp
00 00 00 0A FF FF 00 00 00 06 00 00 00 40 

<<<----  [OUT]
2020/08/24 17:39:06:888
Linktest.req
00 00 00 0A FF FF 00 00 00 05 00 00 00 41 

---->>>  [IN ]
2020/08/24 17:39:06:889
Linktest.rsp
00 00 00 0A FF FF 00 00 00 06 00 00 00 41 

<<<----  [OUT]
2020/08/24 17:39:16:905
Linktest.req
00 00 00 0A FF FF 00 00 00 05 00 00 00 42 

---->>>  [IN ]
2020/08/24 17:39:16:906
Linktest.rsp
00 00 00 0A FF FF 00 00 00 06 00 00 00 42 

<<<----  [OUT]
2020/08/24 17:39:26:921
Linktest.req
00 00 00 0A FF FF 00 00 00 05 00 00 00 43 

---->>>  [IN ]
2020/08/24 17:39:26:922
Linktest.rsp
00 00 00 0A FF FF 00 00 00 06 00 00 00 43 

---->>>  [IN ]
2020/08/24 17:39:36:039
Linktest.req
00 00 00 0A FF FF 00 00 00 05 80 00 00 F2 

<<<----  [OUT]
2020/08/24 17:39:36:039
Linktest.rsp
00 00 00 0A FF FF 00 00 00 06 80 00 00 F2 

<<<----  [OUT]
2020/08/24 17:39:36:936
Linktest.req
00 00 00 0A FF FF 00 00 00 05 00 00 00 44 

---->>>  [IN ]
2020/08/24 17:39:36:937
Linktest.rsp
00 00 00 0A FF FF 00 00 00 06 00 00 00 44 

<<<----  [OUT]
2020/08/24 17:39:46:951
Linktest.req
00 00 00 0A FF FF 00 00 00 05 00 00 00 45 

---->>>  [IN ]
2020/08/24 17:39:46:952
Linktest.rsp
00 00 00 0A FF FF 00 00 00 06 00 00 00 45 

<<<----  [OUT]
2020/08/24 17:39:56:965
Linktest.req
00 00 00 0A FF FF 00 00 00 05 00 00 00 46 

---->>>  [IN ]
2020/08/24 17:39:56:966
Linktest.rsp
00 00 00 0A FF FF 00 00 00 06 00 00 00 46 

<<<----  [OUT]
2020/08/24 17:40:06:982
Linktest.req
00 00 00 0A FF FF 00 00 00 05 00 00 00 47 

---->>>  [IN ]
2020/08/24 17:40:06:983
Linktest.rsp
00 00 00 0A FF FF 00 00 00 06 00 00 00 47 

<<<----  [OUT]
2020/08/24 17:40:16:995
Linktest.req
00 00 00 0A FF FF 00 00 00 05 00 00 00 48 

---->>>  [IN ]
2020/08/24 17:40:16:996
Linktest.rsp
00 00 00 0A FF FF 00 00 00 06 00 00 00 48 

<<<----  [OUT]
2020/08/24 17:40:27:007
Linktest.req
00 00 00 0A FF FF 00 00 00 05 00 00 00 49 

---->>>  [IN ]
2020/08/24 17:40:27:008
Linktest.rsp
00 00 00 0A FF FF 00 00 00 06 00 00 00 49 

---->>>  [IN ]
2020/08/24 17:40:36:037
Linktest.req
00 00 00 0A FF FF 00 00 00 05 80 00 00 F3 

<<<----  [OUT]
2020/08/24 17:40:36:037
Linktest.rsp
00 00 00 0A FF FF 00 00 00 06 80 00 00 F3 

<<<----  [OUT]
2020/08/24 17:40:37:022
Linktest.req
00 00 00 0A FF FF 00 00 00 05 00 00 00 4A 

---->>>  [IN ]
2020/08/24 17:40:37:023
Linktest.rsp
00 00 00 0A FF FF 00 00 00 06 00 00 00 4A 

<<<----  [OUT]
2020/08/24 17:40:47:038
Linktest.req
00 00 00 0A FF FF 00 00 00 05 00 00 00 4B 

---->>>  [IN ]
2020/08/24 17:40:47:039
Linktest.rsp
00 00 00 0A FF FF 00 00 00 06 00 00 00 4B 

<<<----  [OUT]
2020/08/24 17:40:57:051
Linktest.req
00 00 00 0A FF FF 00 00 00 05 00 00 00 4C 

---->>>  [IN ]
2020/08/24 17:40:57:052
Linktest.rsp
00 00 00 0A FF FF 00 00 00 06 00 00 00 4C 

<<<----  [OUT]
2020/08/24 17:41:07:064
Linktest.req
00 00 00 0A FF FF 00 00 00 05 00 00 00 4D 

---->>>  [IN ]
2020/08/24 17:41:07:065
Linktest.rsp
00 00 00 0A FF FF 00 00 00 06 00 00 00 4D 

<<<----  [OUT]
2020/08/24 17:41:17:084
Linktest.req
00 00 00 0A FF FF 00 00 00 05 00 00 00 4E 

---->>>  [IN ]
2020/08/24 17:41:17:085
Linktest.rsp
00 00 00 0A FF FF 00 00 00 06 00 00 00 4E 

<<<----  [OUT]
2020/08/24 17:41:27:101
Linktest.req
00 00 00 0A FF FF 00 00 00 05 00 00 00 4F 

---->>>  [IN ]
2020/08/24 17:41:27:102
Linktest.rsp
00 00 00 0A FF FF 00 00 00 06 00 00 00 4F 

---->>>  [IN ]
2020/08/24 17:41:36:037
Linktest.req
00 00 00 0A FF FF 00 00 00 05 80 00 00 F4 

<<<----  [OUT]
2020/08/24 17:41:36:037
Linktest.rsp
00 00 00 0A FF FF 00 00 00 06 80 00 00 F4 

<<<----  [OUT]
2020/08/24 17:41:37:112
Linktest.req
00 00 00 0A FF FF 00 00 00 05 00 00 00 50 

---->>>  [IN ]
2020/08/24 17:41:37:113
Linktest.rsp
00 00 00 0A FF FF 00 00 00 06 00 00 00 50 

<<<----  [OUT]
2020/08/24 17:41:47:120
Linktest.req
00 00 00 0A FF FF 00 00 00 05 00 00 00 51 

---->>>  [IN ]
2020/08/24 17:41:47:121
Linktest.rsp
00 00 00 0A FF FF 00 00 00 06 00 00 00 51 

<<<----  [OUT]
2020/08/24 17:41:57:131
Linktest.req
00 00 00 0A FF FF 00 00 00 05 00 00 00 52 

---->>>  [IN ]
2020/08/24 17:41:57:132
Linktest.rsp
00 00 00 0A FF FF 00 00 00 06 00 00 00 52 

<<<----  [OUT]
2020/08/24 17:42:07:158
Linktest.req
00 00 00 0A FF FF 00 00 00 05 00 00 00 53 

---->>>  [IN ]
2020/08/24 17:42:07:165
Linktest.rsp
00 00 00 0A FF FF 00 00 00 06 00 00 00 53 

<<<----  [OUT]
2020/08/24 17:42:17:184
Linktest.req
00 00 00 0A FF FF 00 00 00 05 00 00 00 54 

---->>>  [IN ]
2020/08/24 17:42:17:185
Linktest.rsp
00 00 00 0A FF FF 00 00 00 06 00 00 00 54 

<<<----  [OUT]
2020/08/24 17:42:27:196
Linktest.req
00 00 00 0A FF FF 00 00 00 05 00 00 00 55 

---->>>  [IN ]
2020/08/24 17:42:27:197
Linktest.rsp
00 00 00 0A FF FF 00 00 00 06 00 00 00 55 

---->>>  [IN ]
2020/08/24 17:42:36:037
Linktest.req
00 00 00 0A FF FF 00 00 00 05 80 00 00 F5 

<<<----  [OUT]
2020/08/24 17:42:36:037
Linktest.rsp
00 00 00 0A FF FF 00 00 00 06 80 00 00 F5 

<<<----  [OUT]
2020/08/24 17:42:37:209
Linktest.req
00 00 00 0A FF FF 00 00 00 05 00 00 00 56 

---->>>  [IN ]
2020/08/24 17:42:37:210
Linktest.rsp
00 00 00 0A FF FF 00 00 00 06 00 00 00 56 

<<<----  [OUT]
2020/08/24 17:42:47:217
Linktest.req
00 00 00 0A FF FF 00 00 00 05 00 00 00 57 

---->>>  [IN ]
2020/08/24 17:42:47:218
Linktest.rsp
00 00 00 0A FF FF 00 00 00 06 00 00 00 57 

<<<----  [OUT]
2020/08/24 17:42:57:226
Linktest.req
00 00 00 0A FF FF 00 00 00 05 00 00 00 58 

---->>>  [IN ]
2020/08/24 17:42:57:227
Linktest.rsp
00 00 00 0A FF FF 00 00 00 06 00 00 00 58 

<<<----  [OUT]
2020/08/24 17:43:07:239
Linktest.req
00 00 00 0A FF FF 00 00 00 05 00 00 00 59 

---->>>  [IN ]
2020/08/24 17:43:07:240
Linktest.rsp
00 00 00 0A FF FF 00 00 00 06 00 00 00 59 

<<<----  [OUT]
2020/08/24 17:43:17:250
Linktest.req
00 00 00 0A FF FF 00 00 00 05 00 00 00 5A 

---->>>  [IN ]
2020/08/24 17:43:17:251
Linktest.rsp
00 00 00 0A FF FF 00 00 00 06 00 00 00 5A 

<<<----  [OUT]
2020/08/24 17:43:27:255
Linktest.req
00 00 00 0A FF FF 00 00 00 05 00 00 00 5B 

---->>>  [IN ]
2020/08/24 17:43:27:256
Linktest.rsp
00 00 00 0A FF FF 00 00 00 06 00 00 00 5B 

---->>>  [IN ]
2020/08/24 17:43:36:038
Linktest.req
00 00 00 0A FF FF 00 00 00 05 80 00 00 F6 

<<<----  [OUT]
2020/08/24 17:43:36:038
Linktest.rsp
00 00 00 0A FF FF 00 00 00 06 80 00 00 F6 

<<<----  [OUT]
2020/08/24 17:43:37:267
Linktest.req
00 00 00 0A FF FF 00 00 00 05 00 00 00 5C 

---->>>  [IN ]
2020/08/24 17:43:37:268
Linktest.rsp
00 00 00 0A FF FF 00 00 00 06 00 00 00 5C 

<<<----  [OUT]
2020/08/24 17:43:47:284
Linktest.req
00 00 00 0A FF FF 00 00 00 05 00 00 00 5D 

---->>>  [IN ]
2020/08/24 17:43:47:285
Linktest.rsp
00 00 00 0A FF FF 00 00 00 06 00 00 00 5D 

<<<----  [OUT]
2020/08/24 17:43:57:294
Linktest.req
00 00 00 0A FF FF 00 00 00 05 00 00 00 5E 

---->>>  [IN ]
2020/08/24 17:43:57:295
Linktest.rsp
00 00 00 0A FF FF 00 00 00 06 00 00 00 5E 

<<<----  [OUT]
2020/08/24 17:44:07:306
Linktest.req
00 00 00 0A FF FF 00 00 00 05 00 00 00 5F 

---->>>  [IN ]
2020/08/24 17:44:07:307
Linktest.rsp
00 00 00 0A FF FF 00 00 00 06 00 00 00 5F 

<<<----  [OUT]
2020/08/24 17:44:17:315
Linktest.req
00 00 00 0A FF FF 00 00 00 05 00 00 00 60 

---->>>  [IN ]
2020/08/24 17:44:17:316
Linktest.rsp
00 00 00 0A FF FF 00 00 00 06 00 00 00 60 

<<<----  [OUT]
2020/08/24 17:44:27:325
Linktest.req
00 00 00 0A FF FF 00 00 00 05 00 00 00 61 

---->>>  [IN ]
2020/08/24 17:44:27:326
Linktest.rsp
00 00 00 0A FF FF 00 00 00 06 00 00 00 61 

---->>>  [IN ]
2020/08/24 17:44:36:042
Linktest.req
00 00 00 0A FF FF 00 00 00 05 80 00 00 F7 

<<<----  [OUT]
2020/08/24 17:44:36:042
Linktest.rsp
00 00 00 0A FF FF 00 00 00 06 80 00 00 F7 

<<<----  [OUT]
2020/08/24 17:44:37:333
Linktest.req
00 00 00 0A FF FF 00 00 00 05 00 00 00 62 

---->>>  [IN ]
2020/08/24 17:44:37:334
Linktest.rsp
00 00 00 0A FF FF 00 00 00 06 00 00 00 62 

<<<----  [OUT]
2020/08/24 17:44:47:349
Linktest.req
00 00 00 0A FF FF 00 00 00 05 00 00 00 63 

---->>>  [IN ]
2020/08/24 17:44:47:350
Linktest.rsp
00 00 00 0A FF FF 00 00 00 06 00 00 00 63 

<<<----  [OUT]
2020/08/24 17:44:57:368
Linktest.req
00 00 00 0A FF FF 00 00 00 05 00 00 00 64 

---->>>  [IN ]
2020/08/24 17:44:57:368
Linktest.rsp
00 00 00 0A FF FF 00 00 00 06 00 00 00 64 

<<<----  [OUT]
2020/08/24 17:45:07:387
Linktest.req
00 00 00 0A FF FF 00 00 00 05 00 00 00 65 

---->>>  [IN ]
2020/08/24 17:45:07:388
Linktest.rsp
00 00 00 0A FF FF 00 00 00 06 00 00 00 65 

<<<----  [OUT]
2020/08/24 17:45:17:402
Linktest.req
00 00 00 0A FF FF 00 00 00 05 00 00 00 66 

---->>>  [IN ]
2020/08/24 17:45:17:403
Linktest.rsp
00 00 00 0A FF FF 00 00 00 06 00 00 00 66 

<<<----  [OUT]
2020/08/24 17:45:27:419
Linktest.req
00 00 00 0A FF FF 00 00 00 05 00 00 00 67 

---->>>  [IN ]
2020/08/24 17:45:27:420
Linktest.rsp
00 00 00 0A FF FF 00 00 00 06 00 00 00 67 

---->>>  [IN ]
2020/08/24 17:45:36:039
Linktest.req
00 00 00 0A FF FF 00 00 00 05 80 00 00 F8 

<<<----  [OUT]
2020/08/24 17:45:36:040
Linktest.rsp
00 00 00 0A FF FF 00 00 00 06 80 00 00 F8 

<<<----  [OUT]
2020/08/24 17:45:37:435
Linktest.req
00 00 00 0A FF FF 00 00 00 05 00 00 00 68 

---->>>  [IN ]
2020/08/24 17:45:37:436
Linktest.rsp
00 00 00 0A FF FF 00 00 00 06 00 00 00 68 

<<<----  [OUT]
2020/08/24 17:45:47:453
Linktest.req
00 00 00 0A FF FF 00 00 00 05 00 00 00 69 

---->>>  [IN ]
2020/08/24 17:45:47:454
Linktest.rsp
00 00 00 0A FF FF 00 00 00 06 00 00 00 69 

<<<----  [OUT]
2020/08/24 17:45:57:465
Linktest.req
00 00 00 0A FF FF 00 00 00 05 00 00 00 6A 

---->>>  [IN ]
2020/08/24 17:45:57:466
Linktest.rsp
00 00 00 0A FF FF 00 00 00 06 00 00 00 6A 

<<<----  [OUT]
2020/08/24 17:46:07:471
Linktest.req
00 00 00 0A FF FF 00 00 00 05 00 00 00 6B 

---->>>  [IN ]
2020/08/24 17:46:07:472
Linktest.rsp
00 00 00 0A FF FF 00 00 00 06 00 00 00 6B 

<<<----  [OUT]
2020/08/24 17:46:17:486
Linktest.req
00 00 00 0A FF FF 00 00 00 05 00 00 00 6C 

---->>>  [IN ]
2020/08/24 17:46:17:487
Linktest.rsp
00 00 00 0A FF FF 00 00 00 06 00 00 00 6C 

<<<----  [OUT]
2020/08/24 17:46:27:500
Linktest.req
00 00 00 0A FF FF 00 00 00 05 00 00 00 6D 

---->>>  [IN ]
2020/08/24 17:46:27:501
Linktest.rsp
00 00 00 0A FF FF 00 00 00 06 00 00 00 6D 

---->>>  [IN ]
2020/08/24 17:46:36:038
Linktest.req
00 00 00 0A FF FF 00 00 00 05 80 00 00 F9 

<<<----  [OUT]
2020/08/24 17:46:36:038
Linktest.rsp
00 00 00 0A FF FF 00 00 00 06 80 00 00 F9 

<<<----  [OUT]
2020/08/24 17:46:37:510
Linktest.req
00 00 00 0A FF FF 00 00 00 05 00 00 00 6E 

---->>>  [IN ]
2020/08/24 17:46:37:511
Linktest.rsp
00 00 00 0A FF FF 00 00 00 06 00 00 00 6E 

<<<----  [OUT]
2020/08/24 17:46:47:522
Linktest.req
00 00 00 0A FF FF 00 00 00 05 00 00 00 6F 

---->>>  [IN ]
2020/08/24 17:46:47:523
Linktest.rsp
00 00 00 0A FF FF 00 00 00 06 00 00 00 6F 

<<<----  [OUT]
2020/08/24 17:46:57:538
Linktest.req
00 00 00 0A FF FF 00 00 00 05 00 00 00 70 

---->>>  [IN ]
2020/08/24 17:46:57:539
Linktest.rsp
00 00 00 0A FF FF 00 00 00 06 00 00 00 70 

<<<----  [OUT]
2020/08/24 17:47:07:556
Linktest.req
00 00 00 0A FF FF 00 00 00 05 00 00 00 71 

---->>>  [IN ]
2020/08/24 17:47:07:557
Linktest.rsp
00 00 00 0A FF FF 00 00 00 06 00 00 00 71 

<<<----  [OUT]
2020/08/24 17:47:17:571
Linktest.req
00 00 00 0A FF FF 00 00 00 05 00 00 00 72 

---->>>  [IN ]
2020/08/24 17:47:17:572
Linktest.rsp
00 00 00 0A FF FF 00 00 00 06 00 00 00 72 

<<<----  [OUT]
2020/08/24 17:47:27:584
Linktest.req
00 00 00 0A FF FF 00 00 00 05 00 00 00 73 

---->>>  [IN ]
2020/08/24 17:47:27:585
Linktest.rsp
00 00 00 0A FF FF 00 00 00 06 00 00 00 73 

---->>>  [IN ]
2020/08/24 17:47:36:039
Linktest.req
00 00 00 0A FF FF 00 00 00 05 80 00 00 FA 

<<<----  [OUT]
2020/08/24 17:47:36:040
Linktest.rsp
00 00 00 0A FF FF 00 00 00 06 80 00 00 FA 

<<<----  [OUT]
2020/08/24 17:47:37:598
Linktest.req
00 00 00 0A FF FF 00 00 00 05 00 00 00 74 

---->>>  [IN ]
2020/08/24 17:47:37:599
Linktest.rsp
00 00 00 0A FF FF 00 00 00 06 00 00 00 74 

<<<----  [OUT]
2020/08/24 17:47:47:612
Linktest.req
00 00 00 0A FF FF 00 00 00 05 00 00 00 75 

---->>>  [IN ]
2020/08/24 17:47:47:613
Linktest.rsp
00 00 00 0A FF FF 00 00 00 06 00 00 00 75 

<<<----  [OUT]
2020/08/24 17:47:57:626
Linktest.req
00 00 00 0A FF FF 00 00 00 05 00 00 00 76 

---->>>  [IN ]
2020/08/24 17:47:57:627
Linktest.rsp
00 00 00 0A FF FF 00 00 00 06 00 00 00 76 

<<<----  [OUT]
2020/08/24 17:48:07:641
Linktest.req
00 00 00 0A FF FF 00 00 00 05 00 00 00 77 

---->>>  [IN ]
2020/08/24 17:48:07:642
Linktest.rsp
00 00 00 0A FF FF 00 00 00 06 00 00 00 77 

<<<----  [OUT]
2020/08/24 17:48:17:659
Linktest.req
00 00 00 0A FF FF 00 00 00 05 00 00 00 78 

---->>>  [IN ]
2020/08/24 17:48:17:660
Linktest.rsp
00 00 00 0A FF FF 00 00 00 06 00 00 00 78 

<<<----  [OUT]
2020/08/24 17:48:27:675
Linktest.req
00 00 00 0A FF FF 00 00 00 05 00 00 00 79 

---->>>  [IN ]
2020/08/24 17:48:27:676
Linktest.rsp
00 00 00 0A FF FF 00 00 00 06 00 00 00 79 

---->>>  [IN ]
2020/08/24 17:48:36:037
Linktest.req
00 00 00 0A FF FF 00 00 00 05 80 00 00 FB 

<<<----  [OUT]
2020/08/24 17:48:36:037
Linktest.rsp
00 00 00 0A FF FF 00 00 00 06 80 00 00 FB 

<<<----  [OUT]
2020/08/24 17:48:37:692
Linktest.req
00 00 00 0A FF FF 00 00 00 05 00 00 00 7A 

---->>>  [IN ]
2020/08/24 17:48:37:693
Linktest.rsp
00 00 00 0A FF FF 00 00 00 06 00 00 00 7A 

<<<----  [OUT]
2020/08/24 17:48:47:679
Linktest.req
00 00 00 0A FF FF 00 00 00 05 00 00 00 7B 

---->>>  [IN ]
2020/08/24 17:48:47:680
Linktest.rsp
00 00 00 0A FF FF 00 00 00 06 00 00 00 7B 

<<<----  [OUT]
2020/08/24 17:48:57:691
Linktest.req
00 00 00 0A FF FF 00 00 00 05 00 00 00 7C 

---->>>  [IN ]
2020/08/24 17:48:57:692
Linktest.rsp
00 00 00 0A FF FF 00 00 00 06 00 00 00 7C 

<<<----  [OUT]
2020/08/24 17:49:07:706
Linktest.req
00 00 00 0A FF FF 00 00 00 05 00 00 00 7D 

---->>>  [IN ]
2020/08/24 17:49:07:707
Linktest.rsp
00 00 00 0A FF FF 00 00 00 06 00 00 00 7D 

<<<----  [OUT]
2020/08/24 17:49:17:724
Linktest.req
00 00 00 0A FF FF 00 00 00 05 00 00 00 7E 

---->>>  [IN ]
2020/08/24 17:49:17:725
Linktest.rsp
00 00 00 0A FF FF 00 00 00 06 00 00 00 7E 

<<<----  [OUT]
2020/08/24 17:49:27:741
Linktest.req
00 00 00 0A FF FF 00 00 00 05 00 00 00 7F 

---->>>  [IN ]
2020/08/24 17:49:27:742
Linktest.rsp
00 00 00 0A FF FF 00 00 00 06 00 00 00 7F 

---->>>  [IN ]
2020/08/24 17:49:36:041
Linktest.req
00 00 00 0A FF FF 00 00 00 05 80 00 00 FC 

<<<----  [OUT]
2020/08/24 17:49:36:041
Linktest.rsp
00 00 00 0A FF FF 00 00 00 06 80 00 00 FC 

<<<----  [OUT]
2020/08/24 17:49:37:755
Linktest.req
00 00 00 0A FF FF 00 00 00 05 00 00 00 80 

---->>>  [IN ]
2020/08/24 17:49:37:756
Linktest.rsp
00 00 00 0A FF FF 00 00 00 06 00 00 00 80 

<<<----  [OUT]
2020/08/24 17:49:47:771
Linktest.req
00 00 00 0A FF FF 00 00 00 05 00 00 00 81 

---->>>  [IN ]
2020/08/24 17:49:47:772
Linktest.rsp
00 00 00 0A FF FF 00 00 00 06 00 00 00 81 

<<<----  [OUT]
2020/08/24 17:49:57:784
Linktest.req
00 00 00 0A FF FF 00 00 00 05 00 00 00 82 

---->>>  [IN ]
2020/08/24 17:49:57:785
Linktest.rsp
00 00 00 0A FF FF 00 00 00 06 00 00 00 82 

<<<----  [OUT]
2020/08/24 17:50:07:796
Linktest.req
00 00 00 0A FF FF 00 00 00 05 00 00 00 83 

---->>>  [IN ]
2020/08/24 17:50:07:797
Linktest.rsp
00 00 00 0A FF FF 00 00 00 06 00 00 00 83 

<<<----  [OUT]
2020/08/24 17:50:17:804
Linktest.req
00 00 00 0A FF FF 00 00 00 05 00 00 00 84 

---->>>  [IN ]
2020/08/24 17:50:17:805
Linktest.rsp
00 00 00 0A FF FF 00 00 00 06 00 00 00 84 

<<<----  [OUT]
2020/08/24 17:50:27:817
Linktest.req
00 00 00 0A FF FF 00 00 00 05 00 00 00 85 

---->>>  [IN ]
2020/08/24 17:50:27:818
Linktest.rsp
00 00 00 0A FF FF 00 00 00 06 00 00 00 85 

<<<----  [OUT]
2020/08/24 17:50:37:829
Linktest.req
00 00 00 0A FF FF 00 00 00 05 00 00 00 86 

<<<----  [OUT]
2020/08/24 17:50:39:821

T6 ERROR

<<<----  [OUT]
2020/08/24 17:50:39:821
Separate.req
00 00 00 0A FF FF 00 00 00 09 00 00 00 87 

<<<----  [OUT]
2020/08/24 17:50:39:821

Close Socket [9]

<<<----  [OUT]
2020/08/24 17:50:39:821

Error - Recv(mSocket) (Error Code : 10053)

<<<----  [OUT]
2020/08/24 17:50:39:922

Error - Recv(mSocket) (Error Code : 10038)

<<<----  [OUT]
2020/08/24 17:50:40:023

Error - Recv(mSocket) (Error Code : 10038)

<<<----  [OUT]
2020/08/24 17:50:40:061

Auto-Start Started ... (Active)

<<<----  [OUT]
2020/08/24 17:50:40:151

Auto-Start Started ...  Waiting Stop-Connection.

<<<----  [OUT]
2020/08/24 17:50:40:151

Auto-Start Started ...  Waiting Open-Socket.

<<<----  [OUT]
2020/08/24 17:50:40:214

Socket Open Started...

<<<----  [OUT]
2020/08/24 17:50:40:214

Socket Open Completed...

<<<----  [OUT]
2020/08/24 17:50:40:214

Connecting Started...

<<<----  [OUT]
2020/08/24 17:50:40:242

Auto-Start Completed ...  (Active)

<<<----  [OUT]
2020/08/24 17:51:01:262

I can't connect with the passive [192.168.100.113/5000] error_code:10060 !

<<<----  [OUT]
2020/08/24 17:51:03:748

Connecting Started...

<<<----  [OUT]
2020/08/24 17:51:24:777

I can't connect with the passive [192.168.100.113/5000] error_code:10060 !

<<<----  [OUT]
2020/08/24 17:51:27:264

Connecting Started...

<<<----  [OUT]
2020/08/24 17:51:48:289

I can't connect with the passive [192.168.100.113/5000] error_code:10060 !

<<<----  [OUT]
2020/08/24 17:51:50:781

Connecting Started...

<<<----  [OUT]
2020/08/24 17:52:11:805

I can't connect with the passive [192.168.100.113/5000] error_code:10060 !

<<<----  [OUT]
2020/08/24 17:52:14:296

Connecting Started...

<<<----  [OUT]
2020/08/24 17:52:35:334

I can't connect with the passive [192.168.100.113/5000] error_code:10060 !

<<<----  [OUT]
2020/08/24 17:52:37:812

Connecting Started...

<<<----  [OUT]
2020/08/24 17:52:58:867

I can't connect with the passive [192.168.100.113/5000] error_code:10060 !

<<<----  [OUT]
2020/08/24 17:53:01:358

Connecting Started...

<<<----  [OUT]
2020/08/24 17:53:22:406

I can't connect with the passive [192.168.100.113/5000] error_code:10060 !

<<<----  [OUT]
2020/08/24 17:53:24:890

Connecting Started...

<<<----  [OUT]
2020/08/24 17:53:45:928

I can't connect with the passive [192.168.100.113/5000] error_code:10060 !

<<<----  [OUT]
2020/08/24 17:53:48:404

Connecting Started...

<<<----  [OUT]
2020/08/24 17:54:09:462

I can't connect with the passive [192.168.100.113/5000] error_code:10060 !

<<<----  [OUT]
2020/08/24 17:54:11:951

Connecting Started...

<<<----  [OUT]
2020/08/24 17:54:32:995

I can't connect with the passive [192.168.100.113/5000] error_code:10060 !

<<<----  [OUT]
2020/08/24 17:54:35:482

Connecting Started...

<<<----  [OUT]
2020/08/24 17:54:56:513

I can't connect with the passive [192.168.100.113/5000] error_code:10060 !

<<<----  [OUT]
2020/08/24 17:54:58:998

Connecting Started...

<<<----  [OUT]
2020/08/24 17:55:20:024

I can't connect with the passive [192.168.100.113/5000] error_code:10060 !

<<<----  [OUT]
2020/08/24 17:55:22:514

Connecting Started...

<<<----  [OUT]
2020/08/24 17:55:43:545

I can't connect with the passive [192.168.100.113/5000] error_code:10060 !

<<<----  [OUT]
2020/08/24 17:55:46:031

Connecting Started...

<<<----  [OUT]
2020/08/24 17:56:07:082

I can't connect with the passive [192.168.100.113/5000] error_code:10060 !

<<<----  [OUT]
2020/08/24 17:56:09:561

Connecting Started...

<<<----  [OUT]
2020/08/24 17:56:30:608

I can't connect with the passive [192.168.100.113/5000] error_code:10060 !

<<<----  [OUT]
2020/08/24 17:56:33:092

Connecting Started...

<<<----  [OUT]
2020/08/24 17:56:54:137

I can't connect with the passive [192.168.100.113/5000] error_code:10060 !

<<<----  [OUT]
2020/08/24 17:56:56:623

Connecting Started...

<<<----  [OUT]
2020/08/24 17:57:17:682

I can't connect with the passive [192.168.100.113/5000] error_code:10060 !

<<<----  [OUT]
2020/08/24 17:57:20:171

Connecting Started...

<<<----  [OUT]
2020/08/24 17:57:41:200

I can't connect with the passive [192.168.100.113/5000] error_code:10060 !

<<<----  [OUT]
2020/08/24 17:57:43:686

Connecting Started...

<<<----  [OUT]
2020/08/24 17:58:04:729

I can't connect with the passive [192.168.100.113/5000] error_code:10060 !

<<<----  [OUT]
2020/08/24 17:58:07:217

Connecting Started...

<<<----  [OUT]
2020/08/24 17:58:28:252

I can't connect with the passive [192.168.100.113/5000] error_code:10060 !

<<<----  [OUT]
2020/08/24 17:58:30:733

Connecting Started...

<<<----  [OUT]
2020/08/24 17:58:51:769

I can't connect with the passive [192.168.100.113/5000] error_code:10060 !

<<<----  [OUT]
2020/08/24 17:58:54:249

Connecting Started...

<<<----  [OUT]
2020/08/24 17:59:15:272

I can't connect with the passive [192.168.100.113/5000] error_code:10060 !

<<<----  [OUT]
2020/08/24 17:59:17:748

Connecting Started...

<<<----  [OUT]
2020/08/24 17:59:38:798

I can't connect with the passive [192.168.100.113/5000] error_code:10060 !

<<<----  [OUT]
2020/08/24 17:59:41:280

Connecting Started...
