
---->>>  [IN ]
2020/08/24 07:00:02:463
Linktest.req
00 00 00 0A FF FF 00 00 00 05 80 00 03 21 

<<<----  [OUT]
2020/08/24 07:00:02:463
Linktest.rsp
00 00 00 0A FF FF 00 00 00 06 80 00 03 21 

<<<----  [OUT]
2020/08/24 07:00:03:088
Linktest.req
00 00 00 0A FF FF 00 00 00 05 00 00 11 C9 

---->>>  [IN ]
2020/08/24 07:00:03:089
Linktest.rsp
00 00 00 0A FF FF 00 00 00 06 00 00 11 C9 

<<<----  [OUT]
2020/08/24 07:00:13:104
Linktest.req
00 00 00 0A FF FF 00 00 00 05 00 00 11 CA 

---->>>  [IN ]
2020/08/24 07:00:13:105
Linktest.rsp
00 00 00 0A FF FF 00 00 00 06 00 00 11 CA 

<<<----  [OUT]
2020/08/24 07:00:23:120
Linktest.req
00 00 00 0A FF FF 00 00 00 05 00 00 11 CB 

---->>>  [IN ]
2020/08/24 07:00:23:121
Linktest.rsp
00 00 00 0A FF FF 00 00 00 06 00 00 11 CB 

<<<----  [OUT]
2020/08/24 07:00:33:131
Linktest.req
00 00 00 0A FF FF 00 00 00 05 00 00 11 CC 

---->>>  [IN ]
2020/08/24 07:00:33:132
Linktest.rsp
00 00 00 0A FF FF 00 00 00 06 00 00 11 CC 

<<<----  [OUT]
2020/08/24 07:00:43:146
Linktest.req
00 00 00 0A FF FF 00 00 00 05 00 00 11 CD 

---->>>  [IN ]
2020/08/24 07:00:43:147
Linktest.rsp
00 00 00 0A FF FF 00 00 00 06 00 00 11 CD 

<<<----  [OUT]
2020/08/24 07:00:53:159
Linktest.req
00 00 00 0A FF FF 00 00 00 05 00 00 11 CE 

---->>>  [IN ]
2020/08/24 07:00:53:160
Linktest.rsp
00 00 00 0A FF FF 00 00 00 06 00 00 11 CE 

---->>>  [IN ]
2020/08/24 07:01:02:468
Linktest.req
00 00 00 0A FF FF 00 00 00 05 80 00 03 22 

<<<----  [OUT]
2020/08/24 07:01:02:468
Linktest.rsp
00 00 00 0A FF FF 00 00 00 06 80 00 03 22 

<<<----  [OUT]
2020/08/24 07:01:03:171
Linktest.req
00 00 00 0A FF FF 00 00 00 05 00 00 11 CF 

---->>>  [IN ]
2020/08/24 07:01:03:172
Linktest.rsp
00 00 00 0A FF FF 00 00 00 06 00 00 11 CF 

<<<----  [OUT]
2020/08/24 07:01:13:183
Linktest.req
00 00 00 0A FF FF 00 00 00 05 00 00 11 D0 

---->>>  [IN ]
2020/08/24 07:01:13:184
Linktest.rsp
00 00 00 0A FF FF 00 00 00 06 00 00 11 D0 

<<<----  [OUT]
2020/08/24 07:01:23:199
Linktest.req
00 00 00 0A FF FF 00 00 00 05 00 00 11 D1 

---->>>  [IN ]
2020/08/24 07:01:23:200
Linktest.rsp
00 00 00 0A FF FF 00 00 00 06 00 00 11 D1 

<<<----  [OUT]
2020/08/24 07:01:33:214
Linktest.req
00 00 00 0A FF FF 00 00 00 05 00 00 11 D2 

---->>>  [IN ]
2020/08/24 07:01:33:215
Linktest.rsp
00 00 00 0A FF FF 00 00 00 06 00 00 11 D2 

<<<----  [OUT]
2020/08/24 07:01:43:229
Linktest.req
00 00 00 0A FF FF 00 00 00 05 00 00 11 D3 

---->>>  [IN ]
2020/08/24 07:01:43:230
Linktest.rsp
00 00 00 0A FF FF 00 00 00 06 00 00 11 D3 

<<<----  [OUT]
2020/08/24 07:01:53:243
Linktest.req
00 00 00 0A FF FF 00 00 00 05 00 00 11 D4 

---->>>  [IN ]
2020/08/24 07:01:53:244
Linktest.rsp
00 00 00 0A FF FF 00 00 00 06 00 00 11 D4 

---->>>  [IN ]
2020/08/24 07:02:02:463
Linktest.req
00 00 00 0A FF FF 00 00 00 05 80 00 03 23 

<<<----  [OUT]
2020/08/24 07:02:02:463
Linktest.rsp
00 00 00 0A FF FF 00 00 00 06 80 00 03 23 

<<<----  [OUT]
2020/08/24 07:02:03:256
Linktest.req
00 00 00 0A FF FF 00 00 00 05 00 00 11 D5 

---->>>  [IN ]
2020/08/24 07:02:03:257
Linktest.rsp
00 00 00 0A FF FF 00 00 00 06 00 00 11 D5 

<<<----  [OUT]
2020/08/24 07:02:13:268
Linktest.req
00 00 00 0A FF FF 00 00 00 05 00 00 11 D6 

---->>>  [IN ]
2020/08/24 07:02:13:269
Linktest.rsp
00 00 00 0A FF FF 00 00 00 06 00 00 11 D6 

<<<----  [OUT]
2020/08/24 07:02:23:281
Linktest.req
00 00 00 0A FF FF 00 00 00 05 00 00 11 D7 

---->>>  [IN ]
2020/08/24 07:02:23:282
Linktest.rsp
00 00 00 0A FF FF 00 00 00 06 00 00 11 D7 

<<<----  [OUT]
2020/08/24 07:02:33:293
Linktest.req
00 00 00 0A FF FF 00 00 00 05 00 00 11 D8 

---->>>  [IN ]
2020/08/24 07:02:33:294
Linktest.rsp
00 00 00 0A FF FF 00 00 00 06 00 00 11 D8 

<<<----  [OUT]
2020/08/24 07:02:43:309
Linktest.req
00 00 00 0A FF FF 00 00 00 05 00 00 11 D9 

---->>>  [IN ]
2020/08/24 07:02:43:310
Linktest.rsp
00 00 00 0A FF FF 00 00 00 06 00 00 11 D9 

<<<----  [OUT]
2020/08/24 07:02:53:324
Linktest.req
00 00 00 0A FF FF 00 00 00 05 00 00 11 DA 

---->>>  [IN ]
2020/08/24 07:02:53:325
Linktest.rsp
00 00 00 0A FF FF 00 00 00 06 00 00 11 DA 

---->>>  [IN ]
2020/08/24 07:03:02:456
Linktest.req
00 00 00 0A FF FF 00 00 00 05 80 00 03 24 

<<<----  [OUT]
2020/08/24 07:03:02:456
Linktest.rsp
00 00 00 0A FF FF 00 00 00 06 80 00 03 24 

<<<----  [OUT]
2020/08/24 07:03:03:335
Linktest.req
00 00 00 0A FF FF 00 00 00 05 00 00 11 DB 

---->>>  [IN ]
2020/08/24 07:03:03:336
Linktest.rsp
00 00 00 0A FF FF 00 00 00 06 00 00 11 DB 

<<<----  [OUT]
2020/08/24 07:03:13:342
Linktest.req
00 00 00 0A FF FF 00 00 00 05 00 00 11 DC 

---->>>  [IN ]
2020/08/24 07:03:13:343
Linktest.rsp
00 00 00 0A FF FF 00 00 00 06 00 00 11 DC 

<<<----  [OUT]
2020/08/24 07:03:23:355
Linktest.req
00 00 00 0A FF FF 00 00 00 05 00 00 11 DD 

---->>>  [IN ]
2020/08/24 07:03:23:356
Linktest.rsp
00 00 00 0A FF FF 00 00 00 06 00 00 11 DD 

<<<----  [OUT]
2020/08/24 07:03:33:367
Linktest.req
00 00 00 0A FF FF 00 00 00 05 00 00 11 DE 

---->>>  [IN ]
2020/08/24 07:03:33:370
Linktest.rsp
00 00 00 0A FF FF 00 00 00 06 00 00 11 DE 

<<<----  [OUT]
2020/08/24 07:03:43:387
Linktest.req
00 00 00 0A FF FF 00 00 00 05 00 00 11 DF 

---->>>  [IN ]
2020/08/24 07:03:43:390
Linktest.rsp
00 00 00 0A FF FF 00 00 00 06 00 00 11 DF 

<<<----  [OUT]
2020/08/24 07:03:53:408
Linktest.req
00 00 00 0A FF FF 00 00 00 05 00 00 11 E0 

---->>>  [IN ]
2020/08/24 07:03:53:409
Linktest.rsp
00 00 00 0A FF FF 00 00 00 06 00 00 11 E0 

---->>>  [IN ]
2020/08/24 07:04:02:456
Linktest.req
00 00 00 0A FF FF 00 00 00 05 80 00 03 25 

<<<----  [OUT]
2020/08/24 07:04:02:456
Linktest.rsp
00 00 00 0A FF FF 00 00 00 06 80 00 03 25 

<<<----  [OUT]
2020/08/24 07:04:03:428
Linktest.req
00 00 00 0A FF FF 00 00 00 05 00 00 11 E1 

---->>>  [IN ]
2020/08/24 07:04:03:429
Linktest.rsp
00 00 00 0A FF FF 00 00 00 06 00 00 11 E1 

<<<----  [OUT]
2020/08/24 07:04:13:443
Linktest.req
00 00 00 0A FF FF 00 00 00 05 00 00 11 E2 

---->>>  [IN ]
2020/08/24 07:04:13:444
Linktest.rsp
00 00 00 0A FF FF 00 00 00 06 00 00 11 E2 

<<<----  [OUT]
2020/08/24 07:04:23:458
Linktest.req
00 00 00 0A FF FF 00 00 00 05 00 00 11 E3 

---->>>  [IN ]
2020/08/24 07:04:23:459
Linktest.rsp
00 00 00 0A FF FF 00 00 00 06 00 00 11 E3 

<<<----  [OUT]
2020/08/24 07:04:33:472
Linktest.req
00 00 00 0A FF FF 00 00 00 05 00 00 11 E4 

---->>>  [IN ]
2020/08/24 07:04:33:473
Linktest.rsp
00 00 00 0A FF FF 00 00 00 06 00 00 11 E4 

<<<----  [OUT]
2020/08/24 07:04:43:486
Linktest.req
00 00 00 0A FF FF 00 00 00 05 00 00 11 E5 

---->>>  [IN ]
2020/08/24 07:04:43:487
Linktest.rsp
00 00 00 0A FF FF 00 00 00 06 00 00 11 E5 

<<<----  [OUT]
2020/08/24 07:04:53:495
Linktest.req
00 00 00 0A FF FF 00 00 00 05 00 00 11 E6 

---->>>  [IN ]
2020/08/24 07:04:53:496
Linktest.rsp
00 00 00 0A FF FF 00 00 00 06 00 00 11 E6 

---->>>  [IN ]
2020/08/24 07:05:02:470
Linktest.req
00 00 00 0A FF FF 00 00 00 05 80 00 03 26 

<<<----  [OUT]
2020/08/24 07:05:02:470
Linktest.rsp
00 00 00 0A FF FF 00 00 00 06 80 00 03 26 

<<<----  [OUT]
2020/08/24 07:05:03:509
Linktest.req
00 00 00 0A FF FF 00 00 00 05 00 00 11 E7 

---->>>  [IN ]
2020/08/24 07:05:03:510
Linktest.rsp
00 00 00 0A FF FF 00 00 00 06 00 00 11 E7 

<<<----  [OUT]
2020/08/24 07:05:13:524
Linktest.req
00 00 00 0A FF FF 00 00 00 05 00 00 11 E8 

---->>>  [IN ]
2020/08/24 07:05:13:525
Linktest.rsp
00 00 00 0A FF FF 00 00 00 06 00 00 11 E8 

<<<----  [OUT]
2020/08/24 07:05:23:540
Linktest.req
00 00 00 0A FF FF 00 00 00 05 00 00 11 E9 

---->>>  [IN ]
2020/08/24 07:05:23:541
Linktest.rsp
00 00 00 0A FF FF 00 00 00 06 00 00 11 E9 

<<<----  [OUT]
2020/08/24 07:05:33:553
Linktest.req
00 00 00 0A FF FF 00 00 00 05 00 00 11 EA 

---->>>  [IN ]
2020/08/24 07:05:33:554
Linktest.rsp
00 00 00 0A FF FF 00 00 00 06 00 00 11 EA 

<<<----  [OUT]
2020/08/24 07:05:43:565
Linktest.req
00 00 00 0A FF FF 00 00 00 05 00 00 11 EB 

---->>>  [IN ]
2020/08/24 07:05:43:565
Linktest.rsp
00 00 00 0A FF FF 00 00 00 06 00 00 11 EB 

<<<----  [OUT]
2020/08/24 07:05:53:577
Linktest.req
00 00 00 0A FF FF 00 00 00 05 00 00 11 EC 

---->>>  [IN ]
2020/08/24 07:05:53:578
Linktest.rsp
00 00 00 0A FF FF 00 00 00 06 00 00 11 EC 

---->>>  [IN ]
2020/08/24 07:06:02:464
Linktest.req
00 00 00 0A FF FF 00 00 00 05 80 00 03 27 

<<<----  [OUT]
2020/08/24 07:06:02:464
Linktest.rsp
00 00 00 0A FF FF 00 00 00 06 80 00 03 27 

<<<----  [OUT]
2020/08/24 07:06:03:594
Linktest.req
00 00 00 0A FF FF 00 00 00 05 00 00 11 ED 

---->>>  [IN ]
2020/08/24 07:06:03:595
Linktest.rsp
00 00 00 0A FF FF 00 00 00 06 00 00 11 ED 

<<<----  [OUT]
2020/08/24 07:06:13:610
Linktest.req
00 00 00 0A FF FF 00 00 00 05 00 00 11 EE 

---->>>  [IN ]
2020/08/24 07:06:13:611
Linktest.rsp
00 00 00 0A FF FF 00 00 00 06 00 00 11 EE 

<<<----  [OUT]
2020/08/24 07:06:23:626
Linktest.req
00 00 00 0A FF FF 00 00 00 05 00 00 11 EF 

---->>>  [IN ]
2020/08/24 07:06:23:627
Linktest.rsp
00 00 00 0A FF FF 00 00 00 06 00 00 11 EF 

<<<----  [OUT]
2020/08/24 07:06:33:644
Linktest.req
00 00 00 0A FF FF 00 00 00 05 00 00 11 F0 

---->>>  [IN ]
2020/08/24 07:06:33:645
Linktest.rsp
00 00 00 0A FF FF 00 00 00 06 00 00 11 F0 

<<<----  [OUT]
2020/08/24 07:06:43:633
Linktest.req
00 00 00 0A FF FF 00 00 00 05 00 00 11 F1 

---->>>  [IN ]
2020/08/24 07:06:43:634
Linktest.rsp
00 00 00 0A FF FF 00 00 00 06 00 00 11 F1 

<<<----  [OUT]
2020/08/24 07:06:53:646
Linktest.req
00 00 00 0A FF FF 00 00 00 05 00 00 11 F2 

---->>>  [IN ]
2020/08/24 07:06:53:647
Linktest.rsp
00 00 00 0A FF FF 00 00 00 06 00 00 11 F2 

---->>>  [IN ]
2020/08/24 07:07:02:459
Linktest.req
00 00 00 0A FF FF 00 00 00 05 80 00 03 28 

<<<----  [OUT]
2020/08/24 07:07:02:459
Linktest.rsp
00 00 00 0A FF FF 00 00 00 06 80 00 03 28 

<<<----  [OUT]
2020/08/24 07:07:03:662
Linktest.req
00 00 00 0A FF FF 00 00 00 05 00 00 11 F3 

---->>>  [IN ]
2020/08/24 07:07:03:663
Linktest.rsp
00 00 00 0A FF FF 00 00 00 06 00 00 11 F3 

<<<----  [OUT]
2020/08/24 07:07:13:674
Linktest.req
00 00 00 0A FF FF 00 00 00 05 00 00 11 F4 

---->>>  [IN ]
2020/08/24 07:07:13:675
Linktest.rsp
00 00 00 0A FF FF 00 00 00 06 00 00 11 F4 

<<<----  [OUT]
2020/08/24 07:07:23:688
Linktest.req
00 00 00 0A FF FF 00 00 00 05 00 00 11 F5 

---->>>  [IN ]
2020/08/24 07:07:23:689
Linktest.rsp
00 00 00 0A FF FF 00 00 00 06 00 00 11 F5 

<<<----  [OUT]
2020/08/24 07:07:33:706
Linktest.req
00 00 00 0A FF FF 00 00 00 05 00 00 11 F6 

---->>>  [IN ]
2020/08/24 07:07:33:707
Linktest.rsp
00 00 00 0A FF FF 00 00 00 06 00 00 11 F6 

<<<----  [OUT]
2020/08/24 07:07:43:717
Linktest.req
00 00 00 0A FF FF 00 00 00 05 00 00 11 F7 

---->>>  [IN ]
2020/08/24 07:07:43:718
Linktest.rsp
00 00 00 0A FF FF 00 00 00 06 00 00 11 F7 

<<<----  [OUT]
2020/08/24 07:07:53:727
Linktest.req
00 00 00 0A FF FF 00 00 00 05 00 00 11 F8 

---->>>  [IN ]
2020/08/24 07:07:53:728
Linktest.rsp
00 00 00 0A FF FF 00 00 00 06 00 00 11 F8 

---->>>  [IN ]
2020/08/24 07:08:02:470
Linktest.req
00 00 00 0A FF FF 00 00 00 05 80 00 03 29 

<<<----  [OUT]
2020/08/24 07:08:02:470
Linktest.rsp
00 00 00 0A FF FF 00 00 00 06 80 00 03 29 

<<<----  [OUT]
2020/08/24 07:08:03:735
Linktest.req
00 00 00 0A FF FF 00 00 00 05 00 00 11 F9 

---->>>  [IN ]
2020/08/24 07:08:03:736
Linktest.rsp
00 00 00 0A FF FF 00 00 00 06 00 00 11 F9 

<<<----  [OUT]
2020/08/24 07:08:13:749
Linktest.req
00 00 00 0A FF FF 00 00 00 05 00 00 11 FA 

---->>>  [IN ]
2020/08/24 07:08:13:750
Linktest.rsp
00 00 00 0A FF FF 00 00 00 06 00 00 11 FA 

<<<----  [OUT]
2020/08/24 07:08:23:761
Linktest.req
00 00 00 0A FF FF 00 00 00 05 00 00 11 FB 

---->>>  [IN ]
2020/08/24 07:08:23:762
Linktest.rsp
00 00 00 0A FF FF 00 00 00 06 00 00 11 FB 

<<<----  [OUT]
2020/08/24 07:08:33:773
Linktest.req
00 00 00 0A FF FF 00 00 00 05 00 00 11 FC 

---->>>  [IN ]
2020/08/24 07:08:33:774
Linktest.rsp
00 00 00 0A FF FF 00 00 00 06 00 00 11 FC 

<<<----  [OUT]
2020/08/24 07:08:43:785
Linktest.req
00 00 00 0A FF FF 00 00 00 05 00 00 11 FD 

---->>>  [IN ]
2020/08/24 07:08:43:786
Linktest.rsp
00 00 00 0A FF FF 00 00 00 06 00 00 11 FD 

<<<----  [OUT]
2020/08/24 07:08:53:794
Linktest.req
00 00 00 0A FF FF 00 00 00 05 00 00 11 FE 

---->>>  [IN ]
2020/08/24 07:08:53:795
Linktest.rsp
00 00 00 0A FF FF 00 00 00 06 00 00 11 FE 

---->>>  [IN ]
2020/08/24 07:09:02:485
Linktest.req
00 00 00 0A FF FF 00 00 00 05 80 00 03 2A 

<<<----  [OUT]
2020/08/24 07:09:02:485
Linktest.rsp
00 00 00 0A FF FF 00 00 00 06 80 00 03 2A 

<<<----  [OUT]
2020/08/24 07:09:03:804
Linktest.req
00 00 00 0A FF FF 00 00 00 05 00 00 11 FF 

---->>>  [IN ]
2020/08/24 07:09:03:805
Linktest.rsp
00 00 00 0A FF FF 00 00 00 06 00 00 11 FF 

<<<----  [OUT]
2020/08/24 07:09:13:810
Linktest.req
00 00 00 0A FF FF 00 00 00 05 00 00 12 00 

---->>>  [IN ]
2020/08/24 07:09:13:811
Linktest.rsp
00 00 00 0A FF FF 00 00 00 06 00 00 12 00 

<<<----  [OUT]
2020/08/24 07:09:23:823
Linktest.req
00 00 00 0A FF FF 00 00 00 05 00 00 12 01 

---->>>  [IN ]
2020/08/24 07:09:23:824
Linktest.rsp
00 00 00 0A FF FF 00 00 00 06 00 00 12 01 

<<<----  [OUT]
2020/08/24 07:09:33:835
Linktest.req
00 00 00 0A FF FF 00 00 00 05 00 00 12 02 

---->>>  [IN ]
2020/08/24 07:09:33:836
Linktest.rsp
00 00 00 0A FF FF 00 00 00 06 00 00 12 02 

<<<----  [OUT]
2020/08/24 07:09:43:848
Linktest.req
00 00 00 0A FF FF 00 00 00 05 00 00 12 03 

---->>>  [IN ]
2020/08/24 07:09:43:849
Linktest.rsp
00 00 00 0A FF FF 00 00 00 06 00 00 12 03 

<<<----  [OUT]
2020/08/24 07:09:53:852
Linktest.req
00 00 00 0A FF FF 00 00 00 05 00 00 12 04 

---->>>  [IN ]
2020/08/24 07:09:53:853
Linktest.rsp
00 00 00 0A FF FF 00 00 00 06 00 00 12 04 

---->>>  [IN ]
2020/08/24 07:10:02:494
Linktest.req
00 00 00 0A FF FF 00 00 00 05 80 00 03 2B 

<<<----  [OUT]
2020/08/24 07:10:02:494
Linktest.rsp
00 00 00 0A FF FF 00 00 00 06 80 00 03 2B 

<<<----  [OUT]
2020/08/24 07:10:03:865
Linktest.req
00 00 00 0A FF FF 00 00 00 05 00 00 12 05 

---->>>  [IN ]
2020/08/24 07:10:03:865
Linktest.rsp
00 00 00 0A FF FF 00 00 00 06 00 00 12 05 

<<<----  [OUT]
2020/08/24 07:10:13:881
Linktest.req
00 00 00 0A FF FF 00 00 00 05 00 00 12 06 

---->>>  [IN ]
2020/08/24 07:10:13:882
Linktest.rsp
00 00 00 0A FF FF 00 00 00 06 00 00 12 06 

<<<----  [OUT]
2020/08/24 07:10:23:893
Linktest.req
00 00 00 0A FF FF 00 00 00 05 00 00 12 07 

---->>>  [IN ]
2020/08/24 07:10:23:894
Linktest.rsp
00 00 00 0A FF FF 00 00 00 06 00 00 12 07 

<<<----  [OUT]
2020/08/24 07:10:33:911
Linktest.req
00 00 00 0A FF FF 00 00 00 05 00 00 12 08 

---->>>  [IN ]
2020/08/24 07:10:33:912
Linktest.rsp
00 00 00 0A FF FF 00 00 00 06 00 00 12 08 

<<<----  [OUT]
2020/08/24 07:10:43:921
Linktest.req
00 00 00 0A FF FF 00 00 00 05 00 00 12 09 

---->>>  [IN ]
2020/08/24 07:10:43:922
Linktest.rsp
00 00 00 0A FF FF 00 00 00 06 00 00 12 09 

<<<----  [OUT]
2020/08/24 07:10:53:935
Linktest.req
00 00 00 0A FF FF 00 00 00 05 00 00 12 0A 

---->>>  [IN ]
2020/08/24 07:10:53:936
Linktest.rsp
00 00 00 0A FF FF 00 00 00 06 00 00 12 0A 

---->>>  [IN ]
2020/08/24 07:11:02:494
Linktest.req
00 00 00 0A FF FF 00 00 00 05 80 00 03 2C 

<<<----  [OUT]
2020/08/24 07:11:02:494
Linktest.rsp
00 00 00 0A FF FF 00 00 00 06 80 00 03 2C 

<<<----  [OUT]
2020/08/24 07:11:03:952
Linktest.req
00 00 00 0A FF FF 00 00 00 05 00 00 12 0B 

---->>>  [IN ]
2020/08/24 07:11:03:953
Linktest.rsp
00 00 00 0A FF FF 00 00 00 06 00 00 12 0B 

<<<----  [OUT]
2020/08/24 07:11:13:961
Linktest.req
00 00 00 0A FF FF 00 00 00 05 00 00 12 0C 

---->>>  [IN ]
2020/08/24 07:11:13:962
Linktest.rsp
00 00 00 0A FF FF 00 00 00 06 00 00 12 0C 

<<<----  [OUT]
2020/08/24 07:11:23:970
Linktest.req
00 00 00 0A FF FF 00 00 00 05 00 00 12 0D 

---->>>  [IN ]
2020/08/24 07:11:23:971
Linktest.rsp
00 00 00 0A FF FF 00 00 00 06 00 00 12 0D 

<<<----  [OUT]
2020/08/24 07:11:33:983
Linktest.req
00 00 00 0A FF FF 00 00 00 05 00 00 12 0E 

---->>>  [IN ]
2020/08/24 07:11:33:984
Linktest.rsp
00 00 00 0A FF FF 00 00 00 06 00 00 12 0E 

<<<----  [OUT]
2020/08/24 07:11:43:990
Linktest.req
00 00 00 0A FF FF 00 00 00 05 00 00 12 0F 

---->>>  [IN ]
2020/08/24 07:11:43:991
Linktest.rsp
00 00 00 0A FF FF 00 00 00 06 00 00 12 0F 

<<<----  [OUT]
2020/08/24 07:11:54:003
Linktest.req
00 00 00 0A FF FF 00 00 00 05 00 00 12 10 

---->>>  [IN ]
2020/08/24 07:11:54:004
Linktest.rsp
00 00 00 0A FF FF 00 00 00 06 00 00 12 10 

---->>>  [IN ]
2020/08/24 07:12:02:491
Linktest.req
00 00 00 0A FF FF 00 00 00 05 80 00 03 2D 

<<<----  [OUT]
2020/08/24 07:12:02:491
Linktest.rsp
00 00 00 0A FF FF 00 00 00 06 80 00 03 2D 

<<<----  [OUT]
2020/08/24 07:12:04:021
Linktest.req
00 00 00 0A FF FF 00 00 00 05 00 00 12 11 

---->>>  [IN ]
2020/08/24 07:12:04:022
Linktest.rsp
00 00 00 0A FF FF 00 00 00 06 00 00 12 11 

<<<----  [OUT]
2020/08/24 07:12:14:026
Linktest.req
00 00 00 0A FF FF 00 00 00 05 00 00 12 12 

---->>>  [IN ]
2020/08/24 07:12:14:027
Linktest.rsp
00 00 00 0A FF FF 00 00 00 06 00 00 12 12 

<<<----  [OUT]
2020/08/24 07:12:24:042
Linktest.req
00 00 00 0A FF FF 00 00 00 05 00 00 12 13 

---->>>  [IN ]
2020/08/24 07:12:24:043
Linktest.rsp
00 00 00 0A FF FF 00 00 00 06 00 00 12 13 

<<<----  [OUT]
2020/08/24 07:12:34:056
Linktest.req
00 00 00 0A FF FF 00 00 00 05 00 00 12 14 

---->>>  [IN ]
2020/08/24 07:12:34:057
Linktest.rsp
00 00 00 0A FF FF 00 00 00 06 00 00 12 14 

<<<----  [OUT]
2020/08/24 07:12:44:072
Linktest.req
00 00 00 0A FF FF 00 00 00 05 00 00 12 15 

---->>>  [IN ]
2020/08/24 07:12:44:073
Linktest.rsp
00 00 00 0A FF FF 00 00 00 06 00 00 12 15 

<<<----  [OUT]
2020/08/24 07:12:54:085
Linktest.req
00 00 00 0A FF FF 00 00 00 05 00 00 12 16 

---->>>  [IN ]
2020/08/24 07:12:54:086
Linktest.rsp
00 00 00 0A FF FF 00 00 00 06 00 00 12 16 

---->>>  [IN ]
2020/08/24 07:13:02:498
Linktest.req
00 00 00 0A FF FF 00 00 00 05 80 00 03 2E 

<<<----  [OUT]
2020/08/24 07:13:02:498
Linktest.rsp
00 00 00 0A FF FF 00 00 00 06 80 00 03 2E 

<<<----  [OUT]
2020/08/24 07:13:04:103
Linktest.req
00 00 00 0A FF FF 00 00 00 05 00 00 12 17 

---->>>  [IN ]
2020/08/24 07:13:04:104
Linktest.rsp
00 00 00 0A FF FF 00 00 00 06 00 00 12 17 

<<<----  [OUT]
2020/08/24 07:13:14:116
Linktest.req
00 00 00 0A FF FF 00 00 00 05 00 00 12 18 

---->>>  [IN ]
2020/08/24 07:13:14:117
Linktest.rsp
00 00 00 0A FF FF 00 00 00 06 00 00 12 18 

<<<----  [OUT]
2020/08/24 07:13:24:130
Linktest.req
00 00 00 0A FF FF 00 00 00 05 00 00 12 19 

---->>>  [IN ]
2020/08/24 07:13:24:131
Linktest.rsp
00 00 00 0A FF FF 00 00 00 06 00 00 12 19 

<<<----  [OUT]
2020/08/24 07:13:34:141
Linktest.req
00 00 00 0A FF FF 00 00 00 05 00 00 12 1A 

---->>>  [IN ]
2020/08/24 07:13:34:142
Linktest.rsp
00 00 00 0A FF FF 00 00 00 06 00 00 12 1A 

<<<----  [OUT]
2020/08/24 07:13:44:152
Linktest.req
00 00 00 0A FF FF 00 00 00 05 00 00 12 1B 

---->>>  [IN ]
2020/08/24 07:13:44:153
Linktest.rsp
00 00 00 0A FF FF 00 00 00 06 00 00 12 1B 

<<<----  [OUT]
2020/08/24 07:13:54:164
Linktest.req
00 00 00 0A FF FF 00 00 00 05 00 00 12 1C 

---->>>  [IN ]
2020/08/24 07:13:54:165
Linktest.rsp
00 00 00 0A FF FF 00 00 00 06 00 00 12 1C 

---->>>  [IN ]
2020/08/24 07:14:02:496
Linktest.req
00 00 00 0A FF FF 00 00 00 05 80 00 03 2F 

<<<----  [OUT]
2020/08/24 07:14:02:496
Linktest.rsp
00 00 00 0A FF FF 00 00 00 06 80 00 03 2F 

<<<----  [OUT]
2020/08/24 07:14:04:175
Linktest.req
00 00 00 0A FF FF 00 00 00 05 00 00 12 1D 

---->>>  [IN ]
2020/08/24 07:14:04:176
Linktest.rsp
00 00 00 0A FF FF 00 00 00 06 00 00 12 1D 

<<<----  [OUT]
2020/08/24 07:14:14:186
Linktest.req
00 00 00 0A FF FF 00 00 00 05 00 00 12 1E 

---->>>  [IN ]
2020/08/24 07:14:14:187
Linktest.rsp
00 00 00 0A FF FF 00 00 00 06 00 00 12 1E 

<<<----  [OUT]
2020/08/24 07:14:24:203
Linktest.req
00 00 00 0A FF FF 00 00 00 05 00 00 12 1F 

---->>>  [IN ]
2020/08/24 07:14:24:204
Linktest.rsp
00 00 00 0A FF FF 00 00 00 06 00 00 12 1F 

<<<----  [OUT]
2020/08/24 07:14:34:216
Linktest.req
00 00 00 0A FF FF 00 00 00 05 00 00 12 20 

---->>>  [IN ]
2020/08/24 07:14:34:217
Linktest.rsp
00 00 00 0A FF FF 00 00 00 06 00 00 12 20 

<<<----  [OUT]
2020/08/24 07:14:44:227
Linktest.req
00 00 00 0A FF FF 00 00 00 05 00 00 12 21 

---->>>  [IN ]
2020/08/24 07:14:44:228
Linktest.rsp
00 00 00 0A FF FF 00 00 00 06 00 00 12 21 

<<<----  [OUT]
2020/08/24 07:14:54:240
Linktest.req
00 00 00 0A FF FF 00 00 00 05 00 00 12 22 

---->>>  [IN ]
2020/08/24 07:14:54:241
Linktest.rsp
00 00 00 0A FF FF 00 00 00 06 00 00 12 22 

---->>>  [IN ]
2020/08/24 07:15:02:498
Linktest.req
00 00 00 0A FF FF 00 00 00 05 80 00 03 30 

<<<----  [OUT]
2020/08/24 07:15:02:498
Linktest.rsp
00 00 00 0A FF FF 00 00 00 06 80 00 03 30 

<<<----  [OUT]
2020/08/24 07:15:04:261
Linktest.req
00 00 00 0A FF FF 00 00 00 05 00 00 12 23 

---->>>  [IN ]
2020/08/24 07:15:04:261
Linktest.rsp
00 00 00 0A FF FF 00 00 00 06 00 00 12 23 

<<<----  [OUT]
2020/08/24 07:15:14:280
Linktest.req
00 00 00 0A FF FF 00 00 00 05 00 00 12 24 

---->>>  [IN ]
2020/08/24 07:15:14:281
Linktest.rsp
00 00 00 0A FF FF 00 00 00 06 00 00 12 24 

<<<----  [OUT]
2020/08/24 07:15:24:299
Linktest.req
00 00 00 0A FF FF 00 00 00 05 00 00 12 25 

---->>>  [IN ]
2020/08/24 07:15:24:300
Linktest.rsp
00 00 00 0A FF FF 00 00 00 06 00 00 12 25 

<<<----  [OUT]
2020/08/24 07:15:34:318
Linktest.req
00 00 00 0A FF FF 00 00 00 05 00 00 12 26 

---->>>  [IN ]
2020/08/24 07:15:34:319
Linktest.rsp
00 00 00 0A FF FF 00 00 00 06 00 00 12 26 

<<<----  [OUT]
2020/08/24 07:15:44:337
Linktest.req
00 00 00 0A FF FF 00 00 00 05 00 00 12 27 

---->>>  [IN ]
2020/08/24 07:15:44:338
Linktest.rsp
00 00 00 0A FF FF 00 00 00 06 00 00 12 27 

<<<----  [OUT]
2020/08/24 07:15:54:357
Linktest.req
00 00 00 0A FF FF 00 00 00 05 00 00 12 28 

---->>>  [IN ]
2020/08/24 07:15:54:358
Linktest.rsp
00 00 00 0A FF FF 00 00 00 06 00 00 12 28 

---->>>  [IN ]
2020/08/24 07:16:02:486
Linktest.req
00 00 00 0A FF FF 00 00 00 05 80 00 03 31 

<<<----  [OUT]
2020/08/24 07:16:02:486
Linktest.rsp
00 00 00 0A FF FF 00 00 00 06 80 00 03 31 

<<<----  [OUT]
2020/08/24 07:16:04:376
Linktest.req
00 00 00 0A FF FF 00 00 00 05 00 00 12 29 

---->>>  [IN ]
2020/08/24 07:16:04:377
Linktest.rsp
00 00 00 0A FF FF 00 00 00 06 00 00 12 29 

<<<----  [OUT]
2020/08/24 07:16:14:391
Linktest.req
00 00 00 0A FF FF 00 00 00 05 00 00 12 2A 

---->>>  [IN ]
2020/08/24 07:16:14:392
Linktest.rsp
00 00 00 0A FF FF 00 00 00 06 00 00 12 2A 

<<<----  [OUT]
2020/08/24 07:16:24:409
Linktest.req
00 00 00 0A FF FF 00 00 00 05 00 00 12 2B 

---->>>  [IN ]
2020/08/24 07:16:24:410
Linktest.rsp
00 00 00 0A FF FF 00 00 00 06 00 00 12 2B 

<<<----  [OUT]
2020/08/24 07:16:34:398
Linktest.req
00 00 00 0A FF FF 00 00 00 05 00 00 12 2C 

---->>>  [IN ]
2020/08/24 07:16:34:399
Linktest.rsp
00 00 00 0A FF FF 00 00 00 06 00 00 12 2C 

<<<----  [OUT]
2020/08/24 07:16:44:417
Linktest.req
00 00 00 0A FF FF 00 00 00 05 00 00 12 2D 

---->>>  [IN ]
2020/08/24 07:16:44:418
Linktest.rsp
00 00 00 0A FF FF 00 00 00 06 00 00 12 2D 

<<<----  [OUT]
2020/08/24 07:16:54:436
Linktest.req
00 00 00 0A FF FF 00 00 00 05 00 00 12 2E 

---->>>  [IN ]
2020/08/24 07:16:54:437
Linktest.rsp
00 00 00 0A FF FF 00 00 00 06 00 00 12 2E 

---->>>  [IN ]
2020/08/24 07:17:02:485
Linktest.req
00 00 00 0A FF FF 00 00 00 05 80 00 03 32 

<<<----  [OUT]
2020/08/24 07:17:02:485
Linktest.rsp
00 00 00 0A FF FF 00 00 00 06 80 00 03 32 

<<<----  [OUT]
2020/08/24 07:17:04:455
Linktest.req
00 00 00 0A FF FF 00 00 00 05 00 00 12 2F 

---->>>  [IN ]
2020/08/24 07:17:04:456
Linktest.rsp
00 00 00 0A FF FF 00 00 00 06 00 00 12 2F 

<<<----  [OUT]
2020/08/24 07:17:14:474
Linktest.req
00 00 00 0A FF FF 00 00 00 05 00 00 12 30 

---->>>  [IN ]
2020/08/24 07:17:14:475
Linktest.rsp
00 00 00 0A FF FF 00 00 00 06 00 00 12 30 

<<<----  [OUT]
2020/08/24 07:17:24:484
Linktest.req
00 00 00 0A FF FF 00 00 00 05 00 00 12 31 

---->>>  [IN ]
2020/08/24 07:17:24:485
Linktest.rsp
00 00 00 0A FF FF 00 00 00 06 00 00 12 31 

<<<----  [OUT]
2020/08/24 07:17:34:493
Linktest.req
00 00 00 0A FF FF 00 00 00 05 00 00 12 32 

---->>>  [IN ]
2020/08/24 07:17:34:494
Linktest.rsp
00 00 00 0A FF FF 00 00 00 06 00 00 12 32 

<<<----  [OUT]
2020/08/24 07:17:44:509
Linktest.req
00 00 00 0A FF FF 00 00 00 05 00 00 12 33 

---->>>  [IN ]
2020/08/24 07:17:44:510
Linktest.rsp
00 00 00 0A FF FF 00 00 00 06 00 00 12 33 

<<<----  [OUT]
2020/08/24 07:17:54:523
Linktest.req
00 00 00 0A FF FF 00 00 00 05 00 00 12 34 

---->>>  [IN ]
2020/08/24 07:17:54:524
Linktest.rsp
00 00 00 0A FF FF 00 00 00 06 00 00 12 34 

---->>>  [IN ]
2020/08/24 07:18:02:488
Linktest.req
00 00 00 0A FF FF 00 00 00 05 80 00 03 33 

<<<----  [OUT]
2020/08/24 07:18:02:488
Linktest.rsp
00 00 00 0A FF FF 00 00 00 06 80 00 03 33 

<<<----  [OUT]
2020/08/24 07:18:04:542
Linktest.req
00 00 00 0A FF FF 00 00 00 05 00 00 12 35 

---->>>  [IN ]
2020/08/24 07:18:04:543
Linktest.rsp
00 00 00 0A FF FF 00 00 00 06 00 00 12 35 

<<<----  [OUT]
2020/08/24 07:18:14:557
Linktest.req
00 00 00 0A FF FF 00 00 00 05 00 00 12 36 

---->>>  [IN ]
2020/08/24 07:18:14:558
Linktest.rsp
00 00 00 0A FF FF 00 00 00 06 00 00 12 36 

<<<----  [OUT]
2020/08/24 07:18:24:571
Linktest.req
00 00 00 0A FF FF 00 00 00 05 00 00 12 37 

---->>>  [IN ]
2020/08/24 07:18:24:572
Linktest.rsp
00 00 00 0A FF FF 00 00 00 06 00 00 12 37 

<<<----  [OUT]
2020/08/24 07:18:34:590
Linktest.req
00 00 00 0A FF FF 00 00 00 05 00 00 12 38 

---->>>  [IN ]
2020/08/24 07:18:34:591
Linktest.rsp
00 00 00 0A FF FF 00 00 00 06 00 00 12 38 

<<<----  [OUT]
2020/08/24 07:18:44:604
Linktest.req
00 00 00 0A FF FF 00 00 00 05 00 00 12 39 

---->>>  [IN ]
2020/08/24 07:18:44:605
Linktest.rsp
00 00 00 0A FF FF 00 00 00 06 00 00 12 39 

<<<----  [OUT]
2020/08/24 07:18:54:618
Linktest.req
00 00 00 0A FF FF 00 00 00 05 00 00 12 3A 

---->>>  [IN ]
2020/08/24 07:18:54:619
Linktest.rsp
00 00 00 0A FF FF 00 00 00 06 00 00 12 3A 

---->>>  [IN ]
2020/08/24 07:19:02:485
Linktest.req
00 00 00 0A FF FF 00 00 00 05 80 00 03 34 

<<<----  [OUT]
2020/08/24 07:19:02:485
Linktest.rsp
00 00 00 0A FF FF 00 00 00 06 80 00 03 34 

<<<----  [OUT]
2020/08/24 07:19:04:634
Linktest.req
00 00 00 0A FF FF 00 00 00 05 00 00 12 3B 

---->>>  [IN ]
2020/08/24 07:19:04:635
Linktest.rsp
00 00 00 0A FF FF 00 00 00 06 00 00 12 3B 

<<<----  [OUT]
2020/08/24 07:19:14:649
Linktest.req
00 00 00 0A FF FF 00 00 00 05 00 00 12 3C 

---->>>  [IN ]
2020/08/24 07:19:14:650
Linktest.rsp
00 00 00 0A FF FF 00 00 00 06 00 00 12 3C 

<<<----  [OUT]
2020/08/24 07:19:24:665
Linktest.req
00 00 00 0A FF FF 00 00 00 05 00 00 12 3D 

---->>>  [IN ]
2020/08/24 07:19:24:666
Linktest.rsp
00 00 00 0A FF FF 00 00 00 06 00 00 12 3D 

<<<----  [OUT]
2020/08/24 07:19:34:684
Linktest.req
00 00 00 0A FF FF 00 00 00 05 00 00 12 3E 

---->>>  [IN ]
2020/08/24 07:19:34:685
Linktest.rsp
00 00 00 0A FF FF 00 00 00 06 00 00 12 3E 

<<<----  [OUT]
2020/08/24 07:19:44:700
Linktest.req
00 00 00 0A FF FF 00 00 00 05 00 00 12 3F 

---->>>  [IN ]
2020/08/24 07:19:44:701
Linktest.rsp
00 00 00 0A FF FF 00 00 00 06 00 00 12 3F 

<<<----  [OUT]
2020/08/24 07:19:54:714
Linktest.req
00 00 00 0A FF FF 00 00 00 05 00 00 12 40 

---->>>  [IN ]
2020/08/24 07:19:54:715
Linktest.rsp
00 00 00 0A FF FF 00 00 00 06 00 00 12 40 

---->>>  [IN ]
2020/08/24 07:20:02:495
Linktest.req
00 00 00 0A FF FF 00 00 00 05 80 00 03 35 

<<<----  [OUT]
2020/08/24 07:20:02:495
Linktest.rsp
00 00 00 0A FF FF 00 00 00 06 80 00 03 35 

<<<----  [OUT]
2020/08/24 07:20:04:731
Linktest.req
00 00 00 0A FF FF 00 00 00 05 00 00 12 41 

---->>>  [IN ]
2020/08/24 07:20:04:732
Linktest.rsp
00 00 00 0A FF FF 00 00 00 06 00 00 12 41 

<<<----  [OUT]
2020/08/24 07:20:14:749
Linktest.req
00 00 00 0A FF FF 00 00 00 05 00 00 12 42 

---->>>  [IN ]
2020/08/24 07:20:14:750
Linktest.rsp
00 00 00 0A FF FF 00 00 00 06 00 00 12 42 

<<<----  [OUT]
2020/08/24 07:20:24:764
Linktest.req
00 00 00 0A FF FF 00 00 00 05 00 00 12 43 

---->>>  [IN ]
2020/08/24 07:20:24:765
Linktest.rsp
00 00 00 0A FF FF 00 00 00 06 00 00 12 43 

<<<----  [OUT]
2020/08/24 07:20:34:777
Linktest.req
00 00 00 0A FF FF 00 00 00 05 00 00 12 44 

---->>>  [IN ]
2020/08/24 07:20:34:778
Linktest.rsp
00 00 00 0A FF FF 00 00 00 06 00 00 12 44 

<<<----  [OUT]
2020/08/24 07:20:44:788
Linktest.req
00 00 00 0A FF FF 00 00 00 05 00 00 12 45 

---->>>  [IN ]
2020/08/24 07:20:44:789
Linktest.rsp
00 00 00 0A FF FF 00 00 00 06 00 00 12 45 

<<<----  [OUT]
2020/08/24 07:20:54:804
Linktest.req
00 00 00 0A FF FF 00 00 00 05 00 00 12 46 

---->>>  [IN ]
2020/08/24 07:20:54:805
Linktest.rsp
00 00 00 0A FF FF 00 00 00 06 00 00 12 46 

---->>>  [IN ]
2020/08/24 07:21:02:494
Linktest.req
00 00 00 0A FF FF 00 00 00 05 80 00 03 36 

<<<----  [OUT]
2020/08/24 07:21:02:494
Linktest.rsp
00 00 00 0A FF FF 00 00 00 06 80 00 03 36 

<<<----  [OUT]
2020/08/24 07:21:04:819
Linktest.req
00 00 00 0A FF FF 00 00 00 05 00 00 12 47 

---->>>  [IN ]
2020/08/24 07:21:04:820
Linktest.rsp
00 00 00 0A FF FF 00 00 00 06 00 00 12 47 

<<<----  [OUT]
2020/08/24 07:21:14:833
Linktest.req
00 00 00 0A FF FF 00 00 00 05 00 00 12 48 

---->>>  [IN ]
2020/08/24 07:21:14:834
Linktest.rsp
00 00 00 0A FF FF 00 00 00 06 00 00 12 48 

<<<----  [OUT]
2020/08/24 07:21:24:845
Linktest.req
00 00 00 0A FF FF 00 00 00 05 00 00 12 49 

---->>>  [IN ]
2020/08/24 07:21:24:846
Linktest.rsp
00 00 00 0A FF FF 00 00 00 06 00 00 12 49 

<<<----  [OUT]
2020/08/24 07:21:34:859
Linktest.req
00 00 00 0A FF FF 00 00 00 05 00 00 12 4A 

---->>>  [IN ]
2020/08/24 07:21:34:860
Linktest.rsp
00 00 00 0A FF FF 00 00 00 06 00 00 12 4A 

<<<----  [OUT]
2020/08/24 07:21:44:876
Linktest.req
00 00 00 0A FF FF 00 00 00 05 00 00 12 4B 

---->>>  [IN ]
2020/08/24 07:21:44:877
Linktest.rsp
00 00 00 0A FF FF 00 00 00 06 00 00 12 4B 

<<<----  [OUT]
2020/08/24 07:21:54:894
Linktest.req
00 00 00 0A FF FF 00 00 00 05 00 00 12 4C 

---->>>  [IN ]
2020/08/24 07:21:54:895
Linktest.rsp
00 00 00 0A FF FF 00 00 00 06 00 00 12 4C 

---->>>  [IN ]
2020/08/24 07:22:02:490
Linktest.req
00 00 00 0A FF FF 00 00 00 05 80 00 03 37 

<<<----  [OUT]
2020/08/24 07:22:02:490
Linktest.rsp
00 00 00 0A FF FF 00 00 00 06 80 00 03 37 

<<<----  [OUT]
2020/08/24 07:22:04:909
Linktest.req
00 00 00 0A FF FF 00 00 00 05 00 00 12 4D 

---->>>  [IN ]
2020/08/24 07:22:04:910
Linktest.rsp
00 00 00 0A FF FF 00 00 00 06 00 00 12 4D 

<<<----  [OUT]
2020/08/24 07:22:14:927
Linktest.req
00 00 00 0A FF FF 00 00 00 05 00 00 12 4E 

---->>>  [IN ]
2020/08/24 07:22:14:928
Linktest.rsp
00 00 00 0A FF FF 00 00 00 06 00 00 12 4E 

<<<----  [OUT]
2020/08/24 07:22:24:943
Linktest.req
00 00 00 0A FF FF 00 00 00 05 00 00 12 4F 

---->>>  [IN ]
2020/08/24 07:22:24:944
Linktest.rsp
00 00 00 0A FF FF 00 00 00 06 00 00 12 4F 

<<<----  [OUT]
2020/08/24 07:22:34:961
Linktest.req
00 00 00 0A FF FF 00 00 00 05 00 00 12 50 

---->>>  [IN ]
2020/08/24 07:22:34:962
Linktest.rsp
00 00 00 0A FF FF 00 00 00 06 00 00 12 50 

<<<----  [OUT]
2020/08/24 07:22:44:979
Linktest.req
00 00 00 0A FF FF 00 00 00 05 00 00 12 51 

---->>>  [IN ]
2020/08/24 07:22:44:980
Linktest.rsp
00 00 00 0A FF FF 00 00 00 06 00 00 12 51 

<<<----  [OUT]
2020/08/24 07:22:54:992
Linktest.req
00 00 00 0A FF FF 00 00 00 05 00 00 12 52 

---->>>  [IN ]
2020/08/24 07:22:54:993
Linktest.rsp
00 00 00 0A FF FF 00 00 00 06 00 00 12 52 

---->>>  [IN ]
2020/08/24 07:23:02:497
Linktest.req
00 00 00 0A FF FF 00 00 00 05 80 00 03 38 

<<<----  [OUT]
2020/08/24 07:23:02:497
Linktest.rsp
00 00 00 0A FF FF 00 00 00 06 80 00 03 38 

<<<----  [OUT]
2020/08/24 07:23:05:001
Linktest.req
00 00 00 0A FF FF 00 00 00 05 00 00 12 53 

---->>>  [IN ]
2020/08/24 07:23:05:002
Linktest.rsp
00 00 00 0A FF FF 00 00 00 06 00 00 12 53 

<<<----  [OUT]
2020/08/24 07:23:15:017
Linktest.req
00 00 00 0A FF FF 00 00 00 05 00 00 12 54 

---->>>  [IN ]
2020/08/24 07:23:15:018
Linktest.rsp
00 00 00 0A FF FF 00 00 00 06 00 00 12 54 

<<<----  [OUT]
2020/08/24 07:23:25:030
Linktest.req
00 00 00 0A FF FF 00 00 00 05 00 00 12 55 

---->>>  [IN ]
2020/08/24 07:23:25:030
Linktest.rsp
00 00 00 0A FF FF 00 00 00 06 00 00 12 55 

<<<----  [OUT]
2020/08/24 07:23:35:045
Linktest.req
00 00 00 0A FF FF 00 00 00 05 00 00 12 56 

---->>>  [IN ]
2020/08/24 07:23:35:046
Linktest.rsp
00 00 00 0A FF FF 00 00 00 06 00 00 12 56 

<<<----  [OUT]
2020/08/24 07:23:45:061
Linktest.req
00 00 00 0A FF FF 00 00 00 05 00 00 12 57 

---->>>  [IN ]
2020/08/24 07:23:45:062
Linktest.rsp
00 00 00 0A FF FF 00 00 00 06 00 00 12 57 

<<<----  [OUT]
2020/08/24 07:23:55:076
Linktest.req
00 00 00 0A FF FF 00 00 00 05 00 00 12 58 

---->>>  [IN ]
2020/08/24 07:23:55:077
Linktest.rsp
00 00 00 0A FF FF 00 00 00 06 00 00 12 58 

---->>>  [IN ]
2020/08/24 07:24:02:489
Linktest.req
00 00 00 0A FF FF 00 00 00 05 80 00 03 39 

<<<----  [OUT]
2020/08/24 07:24:02:489
Linktest.rsp
00 00 00 0A FF FF 00 00 00 06 80 00 03 39 

<<<----  [OUT]
2020/08/24 07:24:05:091
Linktest.req
00 00 00 0A FF FF 00 00 00 05 00 00 12 59 

---->>>  [IN ]
2020/08/24 07:24:05:092
Linktest.rsp
00 00 00 0A FF FF 00 00 00 06 00 00 12 59 

<<<----  [OUT]
2020/08/24 07:24:15:107
Linktest.req
00 00 00 0A FF FF 00 00 00 05 00 00 12 5A 

---->>>  [IN ]
2020/08/24 07:24:15:108
Linktest.rsp
00 00 00 0A FF FF 00 00 00 06 00 00 12 5A 

<<<----  [OUT]
2020/08/24 07:24:25:120
Linktest.req
00 00 00 0A FF FF 00 00 00 05 00 00 12 5B 

---->>>  [IN ]
2020/08/24 07:24:25:121
Linktest.rsp
00 00 00 0A FF FF 00 00 00 06 00 00 12 5B 

<<<----  [OUT]
2020/08/24 07:24:35:136
Linktest.req
00 00 00 0A FF FF 00 00 00 05 00 00 12 5C 

---->>>  [IN ]
2020/08/24 07:24:35:137
Linktest.rsp
00 00 00 0A FF FF 00 00 00 06 00 00 12 5C 

<<<----  [OUT]
2020/08/24 07:24:45:153
Linktest.req
00 00 00 0A FF FF 00 00 00 05 00 00 12 5D 

---->>>  [IN ]
2020/08/24 07:24:45:154
Linktest.rsp
00 00 00 0A FF FF 00 00 00 06 00 00 12 5D 

<<<----  [OUT]
2020/08/24 07:24:55:171
Linktest.req
00 00 00 0A FF FF 00 00 00 05 00 00 12 5E 

---->>>  [IN ]
2020/08/24 07:24:55:172
Linktest.rsp
00 00 00 0A FF FF 00 00 00 06 00 00 12 5E 

---->>>  [IN ]
2020/08/24 07:25:02:485
Linktest.req
00 00 00 0A FF FF 00 00 00 05 80 00 03 3A 

<<<----  [OUT]
2020/08/24 07:25:02:485
Linktest.rsp
00 00 00 0A FF FF 00 00 00 06 80 00 03 3A 

<<<----  [OUT]
2020/08/24 07:25:05:190
Linktest.req
00 00 00 0A FF FF 00 00 00 05 00 00 12 5F 

---->>>  [IN ]
2020/08/24 07:25:05:191
Linktest.rsp
00 00 00 0A FF FF 00 00 00 06 00 00 12 5F 

<<<----  [OUT]
2020/08/24 07:25:15:208
Linktest.req
00 00 00 0A FF FF 00 00 00 05 00 00 12 60 

---->>>  [IN ]
2020/08/24 07:25:15:209
Linktest.rsp
00 00 00 0A FF FF 00 00 00 06 00 00 12 60 

<<<----  [OUT]
2020/08/24 07:25:25:225
Linktest.req
00 00 00 0A FF FF 00 00 00 05 00 00 12 61 

---->>>  [IN ]
2020/08/24 07:25:25:226
Linktest.rsp
00 00 00 0A FF FF 00 00 00 06 00 00 12 61 

<<<----  [OUT]
2020/08/24 07:25:35:240
Linktest.req
00 00 00 0A FF FF 00 00 00 05 00 00 12 62 

---->>>  [IN ]
2020/08/24 07:25:35:241
Linktest.rsp
00 00 00 0A FF FF 00 00 00 06 00 00 12 62 

<<<----  [OUT]
2020/08/24 07:25:45:254
Linktest.req
00 00 00 0A FF FF 00 00 00 05 00 00 12 63 

---->>>  [IN ]
2020/08/24 07:25:45:255
Linktest.rsp
00 00 00 0A FF FF 00 00 00 06 00 00 12 63 

<<<----  [OUT]
2020/08/24 07:25:55:268
Linktest.req
00 00 00 0A FF FF 00 00 00 05 00 00 12 64 

---->>>  [IN ]
2020/08/24 07:25:55:269
Linktest.rsp
00 00 00 0A FF FF 00 00 00 06 00 00 12 64 

---->>>  [IN ]
2020/08/24 07:26:02:486
Linktest.req
00 00 00 0A FF FF 00 00 00 05 80 00 03 3B 

<<<----  [OUT]
2020/08/24 07:26:02:486
Linktest.rsp
00 00 00 0A FF FF 00 00 00 06 80 00 03 3B 

<<<----  [OUT]
2020/08/24 07:26:05:280
Linktest.req
00 00 00 0A FF FF 00 00 00 05 00 00 12 65 

---->>>  [IN ]
2020/08/24 07:26:05:281
Linktest.rsp
00 00 00 0A FF FF 00 00 00 06 00 00 12 65 

<<<----  [OUT]
2020/08/24 07:26:15:294
Linktest.req
00 00 00 0A FF FF 00 00 00 05 00 00 12 66 

---->>>  [IN ]
2020/08/24 07:26:15:295
Linktest.rsp
00 00 00 0A FF FF 00 00 00 06 00 00 12 66 

<<<----  [OUT]
2020/08/24 07:26:25:308
Linktest.req
00 00 00 0A FF FF 00 00 00 05 00 00 12 67 

---->>>  [IN ]
2020/08/24 07:26:25:309
Linktest.rsp
00 00 00 0A FF FF 00 00 00 06 00 00 12 67 

<<<----  [OUT]
2020/08/24 07:26:35:320
Linktest.req
00 00 00 0A FF FF 00 00 00 05 00 00 12 68 

---->>>  [IN ]
2020/08/24 07:26:35:320
Linktest.rsp
00 00 00 0A FF FF 00 00 00 06 00 00 12 68 

<<<----  [OUT]
2020/08/24 07:26:45:333
Linktest.req
00 00 00 0A FF FF 00 00 00 05 00 00 12 69 

---->>>  [IN ]
2020/08/24 07:26:45:334
Linktest.rsp
00 00 00 0A FF FF 00 00 00 06 00 00 12 69 

<<<----  [OUT]
2020/08/24 07:26:55:340
Linktest.req
00 00 00 0A FF FF 00 00 00 05 00 00 12 6A 

---->>>  [IN ]
2020/08/24 07:26:55:341
Linktest.rsp
00 00 00 0A FF FF 00 00 00 06 00 00 12 6A 

---->>>  [IN ]
2020/08/24 07:27:02:497
Linktest.req
00 00 00 0A FF FF 00 00 00 05 80 00 03 3C 

<<<----  [OUT]
2020/08/24 07:27:02:497
Linktest.rsp
00 00 00 0A FF FF 00 00 00 06 80 00 03 3C 

<<<----  [OUT]
2020/08/24 07:27:05:351
Linktest.req
00 00 00 0A FF FF 00 00 00 05 00 00 12 6B 

---->>>  [IN ]
2020/08/24 07:27:05:352
Linktest.rsp
00 00 00 0A FF FF 00 00 00 06 00 00 12 6B 

<<<----  [OUT]
2020/08/24 07:27:15:366
Linktest.req
00 00 00 0A FF FF 00 00 00 05 00 00 12 6C 

---->>>  [IN ]
2020/08/24 07:27:15:367
Linktest.rsp
00 00 00 0A FF FF 00 00 00 06 00 00 12 6C 

<<<----  [OUT]
2020/08/24 07:27:25:380
Linktest.req
00 00 00 0A FF FF 00 00 00 05 00 00 12 6D 

---->>>  [IN ]
2020/08/24 07:27:25:381
Linktest.rsp
00 00 00 0A FF FF 00 00 00 06 00 00 12 6D 

<<<----  [OUT]
2020/08/24 07:27:35:389
Linktest.req
00 00 00 0A FF FF 00 00 00 05 00 00 12 6E 

---->>>  [IN ]
2020/08/24 07:27:35:390
Linktest.rsp
00 00 00 0A FF FF 00 00 00 06 00 00 12 6E 

<<<----  [OUT]
2020/08/24 07:27:45:401
Linktest.req
00 00 00 0A FF FF 00 00 00 05 00 00 12 6F 

---->>>  [IN ]
2020/08/24 07:27:45:402
Linktest.rsp
00 00 00 0A FF FF 00 00 00 06 00 00 12 6F 

<<<----  [OUT]
2020/08/24 07:27:55:410
Linktest.req
00 00 00 0A FF FF 00 00 00 05 00 00 12 70 

---->>>  [IN ]
2020/08/24 07:27:55:411
Linktest.rsp
00 00 00 0A FF FF 00 00 00 06 00 00 12 70 

---->>>  [IN ]
2020/08/24 07:28:02:484
Linktest.req
00 00 00 0A FF FF 00 00 00 05 80 00 03 3D 

<<<----  [OUT]
2020/08/24 07:28:02:484
Linktest.rsp
00 00 00 0A FF FF 00 00 00 06 80 00 03 3D 

<<<----  [OUT]
2020/08/24 07:28:05:427
Linktest.req
00 00 00 0A FF FF 00 00 00 05 00 00 12 71 

---->>>  [IN ]
2020/08/24 07:28:05:428
Linktest.rsp
00 00 00 0A FF FF 00 00 00 06 00 00 12 71 

<<<----  [OUT]
2020/08/24 07:28:15:439
Linktest.req
00 00 00 0A FF FF 00 00 00 05 00 00 12 72 

---->>>  [IN ]
2020/08/24 07:28:15:440
Linktest.rsp
00 00 00 0A FF FF 00 00 00 06 00 00 12 72 

<<<----  [OUT]
2020/08/24 07:28:25:448
Linktest.req
00 00 00 0A FF FF 00 00 00 05 00 00 12 73 

---->>>  [IN ]
2020/08/24 07:28:25:449
Linktest.rsp
00 00 00 0A FF FF 00 00 00 06 00 00 12 73 

<<<----  [OUT]
2020/08/24 07:28:35:461
Linktest.req
00 00 00 0A FF FF 00 00 00 05 00 00 12 74 

---->>>  [IN ]
2020/08/24 07:28:35:462
Linktest.rsp
00 00 00 0A FF FF 00 00 00 06 00 00 12 74 

<<<----  [OUT]
2020/08/24 07:28:45:469
Linktest.req
00 00 00 0A FF FF 00 00 00 05 00 00 12 75 

---->>>  [IN ]
2020/08/24 07:28:45:470
Linktest.rsp
00 00 00 0A FF FF 00 00 00 06 00 00 12 75 

<<<----  [OUT]
2020/08/24 07:28:55:480
Linktest.req
00 00 00 0A FF FF 00 00 00 05 00 00 12 76 

---->>>  [IN ]
2020/08/24 07:28:55:481
Linktest.rsp
00 00 00 0A FF FF 00 00 00 06 00 00 12 76 

---->>>  [IN ]
2020/08/24 07:29:02:495
Linktest.req
00 00 00 0A FF FF 00 00 00 05 80 00 03 3E 

<<<----  [OUT]
2020/08/24 07:29:02:495
Linktest.rsp
00 00 00 0A FF FF 00 00 00 06 80 00 03 3E 

<<<----  [OUT]
2020/08/24 07:29:05:489
Linktest.req
00 00 00 0A FF FF 00 00 00 05 00 00 12 77 

---->>>  [IN ]
2020/08/24 07:29:05:490
Linktest.rsp
00 00 00 0A FF FF 00 00 00 06 00 00 12 77 

<<<----  [OUT]
2020/08/24 07:29:15:493
Linktest.req
00 00 00 0A FF FF 00 00 00 05 00 00 12 78 

---->>>  [IN ]
2020/08/24 07:29:15:494
Linktest.rsp
00 00 00 0A FF FF 00 00 00 06 00 00 12 78 

<<<----  [OUT]
2020/08/24 07:29:25:502
Linktest.req
00 00 00 0A FF FF 00 00 00 05 00 00 12 79 

---->>>  [IN ]
2020/08/24 07:29:25:503
Linktest.rsp
00 00 00 0A FF FF 00 00 00 06 00 00 12 79 

<<<----  [OUT]
2020/08/24 07:29:35:508
Linktest.req
00 00 00 0A FF FF 00 00 00 05 00 00 12 7A 

---->>>  [IN ]
2020/08/24 07:29:35:509
Linktest.rsp
00 00 00 0A FF FF 00 00 00 06 00 00 12 7A 

<<<----  [OUT]
2020/08/24 07:29:45:519
Linktest.req
00 00 00 0A FF FF 00 00 00 05 00 00 12 7B 

---->>>  [IN ]
2020/08/24 07:29:45:520
Linktest.rsp
00 00 00 0A FF FF 00 00 00 06 00 00 12 7B 

<<<----  [OUT]
2020/08/24 07:29:55:532
Linktest.req
00 00 00 0A FF FF 00 00 00 05 00 00 12 7C 

---->>>  [IN ]
2020/08/24 07:29:55:533
Linktest.rsp
00 00 00 0A FF FF 00 00 00 06 00 00 12 7C 

---->>>  [IN ]
2020/08/24 07:30:02:493
Linktest.req
00 00 00 0A FF FF 00 00 00 05 80 00 03 3F 

<<<----  [OUT]
2020/08/24 07:30:02:493
Linktest.rsp
00 00 00 0A FF FF 00 00 00 06 80 00 03 3F 

<<<----  [OUT]
2020/08/24 07:30:05:546
Linktest.req
00 00 00 0A FF FF 00 00 00 05 00 00 12 7D 

---->>>  [IN ]
2020/08/24 07:30:05:547
Linktest.rsp
00 00 00 0A FF FF 00 00 00 06 00 00 12 7D 

<<<----  [OUT]
2020/08/24 07:30:15:560
Linktest.req
00 00 00 0A FF FF 00 00 00 05 00 00 12 7E 

---->>>  [IN ]
2020/08/24 07:30:15:561
Linktest.rsp
00 00 00 0A FF FF 00 00 00 06 00 00 12 7E 

<<<----  [OUT]
2020/08/24 07:30:25:569
Linktest.req
00 00 00 0A FF FF 00 00 00 05 00 00 12 7F 

---->>>  [IN ]
2020/08/24 07:30:25:570
Linktest.rsp
00 00 00 0A FF FF 00 00 00 06 00 00 12 7F 

<<<----  [OUT]
2020/08/24 07:30:35:586
Linktest.req
00 00 00 0A FF FF 00 00 00 05 00 00 12 80 

---->>>  [IN ]
2020/08/24 07:30:35:587
Linktest.rsp
00 00 00 0A FF FF 00 00 00 06 00 00 12 80 

<<<----  [OUT]
2020/08/24 07:30:45:604
Linktest.req
00 00 00 0A FF FF 00 00 00 05 00 00 12 81 

---->>>  [IN ]
2020/08/24 07:30:45:604
Linktest.rsp
00 00 00 0A FF FF 00 00 00 06 00 00 12 81 

<<<----  [OUT]
2020/08/24 07:30:55:617
Linktest.req
00 00 00 0A FF FF 00 00 00 05 00 00 12 82 

---->>>  [IN ]
2020/08/24 07:30:55:618
Linktest.rsp
00 00 00 0A FF FF 00 00 00 06 00 00 12 82 

---->>>  [IN ]
2020/08/24 07:31:02:495
Linktest.req
00 00 00 0A FF FF 00 00 00 05 80 00 03 40 

<<<----  [OUT]
2020/08/24 07:31:02:495
Linktest.rsp
00 00 00 0A FF FF 00 00 00 06 80 00 03 40 

<<<----  [OUT]
2020/08/24 07:31:05:628
Linktest.req
00 00 00 0A FF FF 00 00 00 05 00 00 12 83 

---->>>  [IN ]
2020/08/24 07:31:05:629
Linktest.rsp
00 00 00 0A FF FF 00 00 00 06 00 00 12 83 

<<<----  [OUT]
2020/08/24 07:31:15:641
Linktest.req
00 00 00 0A FF FF 00 00 00 05 00 00 12 84 

---->>>  [IN ]
2020/08/24 07:31:15:642
Linktest.rsp
00 00 00 0A FF FF 00 00 00 06 00 00 12 84 

<<<----  [OUT]
2020/08/24 07:31:25:647
Linktest.req
00 00 00 0A FF FF 00 00 00 05 00 00 12 85 

---->>>  [IN ]
2020/08/24 07:31:25:648
Linktest.rsp
00 00 00 0A FF FF 00 00 00 06 00 00 12 85 

<<<----  [OUT]
2020/08/24 07:31:35:657
Linktest.req
00 00 00 0A FF FF 00 00 00 05 00 00 12 86 

---->>>  [IN ]
2020/08/24 07:31:35:658
Linktest.rsp
00 00 00 0A FF FF 00 00 00 06 00 00 12 86 

<<<----  [OUT]
2020/08/24 07:31:45:666
Linktest.req
00 00 00 0A FF FF 00 00 00 05 00 00 12 87 

---->>>  [IN ]
2020/08/24 07:31:45:667
Linktest.rsp
00 00 00 0A FF FF 00 00 00 06 00 00 12 87 

<<<----  [OUT]
2020/08/24 07:31:55:670
Linktest.req
00 00 00 0A FF FF 00 00 00 05 00 00 12 88 

---->>>  [IN ]
2020/08/24 07:31:55:671
Linktest.rsp
00 00 00 0A FF FF 00 00 00 06 00 00 12 88 

---->>>  [IN ]
2020/08/24 07:32:02:495
Linktest.req
00 00 00 0A FF FF 00 00 00 05 80 00 03 41 

<<<----  [OUT]
2020/08/24 07:32:02:495
Linktest.rsp
00 00 00 0A FF FF 00 00 00 06 80 00 03 41 

<<<----  [OUT]
2020/08/24 07:32:05:677
Linktest.req
00 00 00 0A FF FF 00 00 00 05 00 00 12 89 

---->>>  [IN ]
2020/08/24 07:32:05:678
Linktest.rsp
00 00 00 0A FF FF 00 00 00 06 00 00 12 89 

<<<----  [OUT]
2020/08/24 07:32:15:685
Linktest.req
00 00 00 0A FF FF 00 00 00 05 00 00 12 8A 

---->>>  [IN ]
2020/08/24 07:32:15:686
Linktest.rsp
00 00 00 0A FF FF 00 00 00 06 00 00 12 8A 

<<<----  [OUT]
2020/08/24 07:32:25:689
Linktest.req
00 00 00 0A FF FF 00 00 00 05 00 00 12 8B 

---->>>  [IN ]
2020/08/24 07:32:25:690
Linktest.rsp
00 00 00 0A FF FF 00 00 00 06 00 00 12 8B 

<<<----  [OUT]
2020/08/24 07:32:35:698
Linktest.req
00 00 00 0A FF FF 00 00 00 05 00 00 12 8C 

---->>>  [IN ]
2020/08/24 07:32:35:699
Linktest.rsp
00 00 00 0A FF FF 00 00 00 06 00 00 12 8C 

<<<----  [OUT]
2020/08/24 07:32:45:712
Linktest.req
00 00 00 0A FF FF 00 00 00 05 00 00 12 8D 

---->>>  [IN ]
2020/08/24 07:32:45:713
Linktest.rsp
00 00 00 0A FF FF 00 00 00 06 00 00 12 8D 

<<<----  [OUT]
2020/08/24 07:32:55:727
Linktest.req
00 00 00 0A FF FF 00 00 00 05 00 00 12 8E 

---->>>  [IN ]
2020/08/24 07:32:55:728
Linktest.rsp
00 00 00 0A FF FF 00 00 00 06 00 00 12 8E 

---->>>  [IN ]
2020/08/24 07:33:02:489
Linktest.req
00 00 00 0A FF FF 00 00 00 05 80 00 03 42 

<<<----  [OUT]
2020/08/24 07:33:02:489
Linktest.rsp
00 00 00 0A FF FF 00 00 00 06 80 00 03 42 

<<<----  [OUT]
2020/08/24 07:33:05:741
Linktest.req
00 00 00 0A FF FF 00 00 00 05 00 00 12 8F 

---->>>  [IN ]
2020/08/24 07:33:05:742
Linktest.rsp
00 00 00 0A FF FF 00 00 00 06 00 00 12 8F 

<<<----  [OUT]
2020/08/24 07:33:15:756
Linktest.req
00 00 00 0A FF FF 00 00 00 05 00 00 12 90 

---->>>  [IN ]
2020/08/24 07:33:15:757
Linktest.rsp
00 00 00 0A FF FF 00 00 00 06 00 00 12 90 

<<<----  [OUT]
2020/08/24 07:33:25:764
Linktest.req
00 00 00 0A FF FF 00 00 00 05 00 00 12 91 

---->>>  [IN ]
2020/08/24 07:33:25:765
Linktest.rsp
00 00 00 0A FF FF 00 00 00 06 00 00 12 91 

<<<----  [OUT]
2020/08/24 07:33:35:777
Linktest.req
00 00 00 0A FF FF 00 00 00 05 00 00 12 92 

---->>>  [IN ]
2020/08/24 07:33:35:778
Linktest.rsp
00 00 00 0A FF FF 00 00 00 06 00 00 12 92 

<<<----  [OUT]
2020/08/24 07:33:45:791
Linktest.req
00 00 00 0A FF FF 00 00 00 05 00 00 12 93 

---->>>  [IN ]
2020/08/24 07:33:45:792
Linktest.rsp
00 00 00 0A FF FF 00 00 00 06 00 00 12 93 

<<<----  [OUT]
2020/08/24 07:33:55:799
Linktest.req
00 00 00 0A FF FF 00 00 00 05 00 00 12 94 

---->>>  [IN ]
2020/08/24 07:33:55:800
Linktest.rsp
00 00 00 0A FF FF 00 00 00 06 00 00 12 94 

---->>>  [IN ]
2020/08/24 07:34:02:484
Linktest.req
00 00 00 0A FF FF 00 00 00 05 80 00 03 43 

<<<----  [OUT]
2020/08/24 07:34:02:484
Linktest.rsp
00 00 00 0A FF FF 00 00 00 06 80 00 03 43 

<<<----  [OUT]
2020/08/24 07:34:05:813
Linktest.req
00 00 00 0A FF FF 00 00 00 05 00 00 12 95 

---->>>  [IN ]
2020/08/24 07:34:05:814
Linktest.rsp
00 00 00 0A FF FF 00 00 00 06 00 00 12 95 

<<<----  [OUT]
2020/08/24 07:34:15:820
Linktest.req
00 00 00 0A FF FF 00 00 00 05 00 00 12 96 

---->>>  [IN ]
2020/08/24 07:34:15:821
Linktest.rsp
00 00 00 0A FF FF 00 00 00 06 00 00 12 96 

<<<----  [OUT]
2020/08/24 07:34:25:835
Linktest.req
00 00 00 0A FF FF 00 00 00 05 00 00 12 97 

---->>>  [IN ]
2020/08/24 07:34:25:836
Linktest.rsp
00 00 00 0A FF FF 00 00 00 06 00 00 12 97 

<<<----  [OUT]
2020/08/24 07:34:35:849
Linktest.req
00 00 00 0A FF FF 00 00 00 05 00 00 12 98 

---->>>  [IN ]
2020/08/24 07:34:35:850
Linktest.rsp
00 00 00 0A FF FF 00 00 00 06 00 00 12 98 

<<<----  [OUT]
2020/08/24 07:34:45:857
Linktest.req
00 00 00 0A FF FF 00 00 00 05 00 00 12 99 

---->>>  [IN ]
2020/08/24 07:34:45:858
Linktest.rsp
00 00 00 0A FF FF 00 00 00 06 00 00 12 99 

<<<----  [OUT]
2020/08/24 07:34:55:875
Linktest.req
00 00 00 0A FF FF 00 00 00 05 00 00 12 9A 

---->>>  [IN ]
2020/08/24 07:34:55:876
Linktest.rsp
00 00 00 0A FF FF 00 00 00 06 00 00 12 9A 

---->>>  [IN ]
2020/08/24 07:35:02:497
Linktest.req
00 00 00 0A FF FF 00 00 00 05 80 00 03 44 

<<<----  [OUT]
2020/08/24 07:35:02:497
Linktest.rsp
00 00 00 0A FF FF 00 00 00 06 80 00 03 44 

<<<----  [OUT]
2020/08/24 07:35:05:870
Linktest.req
00 00 00 0A FF FF 00 00 00 05 00 00 12 9B 

---->>>  [IN ]
2020/08/24 07:35:05:871
Linktest.rsp
00 00 00 0A FF FF 00 00 00 06 00 00 12 9B 

<<<----  [OUT]
2020/08/24 07:35:15:883
Linktest.req
00 00 00 0A FF FF 00 00 00 05 00 00 12 9C 

---->>>  [IN ]
2020/08/24 07:35:15:884
Linktest.rsp
00 00 00 0A FF FF 00 00 00 06 00 00 12 9C 

<<<----  [OUT]
2020/08/24 07:35:25:900
Linktest.req
00 00 00 0A FF FF 00 00 00 05 00 00 12 9D 

---->>>  [IN ]
2020/08/24 07:35:25:900
Linktest.rsp
00 00 00 0A FF FF 00 00 00 06 00 00 12 9D 

<<<----  [OUT]
2020/08/24 07:35:35:909
Linktest.req
00 00 00 0A FF FF 00 00 00 05 00 00 12 9E 

---->>>  [IN ]
2020/08/24 07:35:35:910
Linktest.rsp
00 00 00 0A FF FF 00 00 00 06 00 00 12 9E 

<<<----  [OUT]
2020/08/24 07:35:45:912
Linktest.req
00 00 00 0A FF FF 00 00 00 05 00 00 12 9F 

---->>>  [IN ]
2020/08/24 07:35:45:913
Linktest.rsp
00 00 00 0A FF FF 00 00 00 06 00 00 12 9F 

<<<----  [OUT]
2020/08/24 07:35:55:917
Linktest.req
00 00 00 0A FF FF 00 00 00 05 00 00 12 A0 

---->>>  [IN ]
2020/08/24 07:35:55:918
Linktest.rsp
00 00 00 0A FF FF 00 00 00 06 00 00 12 A0 

---->>>  [IN ]
2020/08/24 07:36:02:484
Linktest.req
00 00 00 0A FF FF 00 00 00 05 80 00 03 45 

<<<----  [OUT]
2020/08/24 07:36:02:484
Linktest.rsp
00 00 00 0A FF FF 00 00 00 06 80 00 03 45 

<<<----  [OUT]
2020/08/24 07:36:05:924
Linktest.req
00 00 00 0A FF FF 00 00 00 05 00 00 12 A1 

---->>>  [IN ]
2020/08/24 07:36:05:925
Linktest.rsp
00 00 00 0A FF FF 00 00 00 06 00 00 12 A1 

<<<----  [OUT]
2020/08/24 07:36:15:935
Linktest.req
00 00 00 0A FF FF 00 00 00 05 00 00 12 A2 

---->>>  [IN ]
2020/08/24 07:36:15:936
Linktest.rsp
00 00 00 0A FF FF 00 00 00 06 00 00 12 A2 

<<<----  [OUT]
2020/08/24 07:36:25:948
Linktest.req
00 00 00 0A FF FF 00 00 00 05 00 00 12 A3 

---->>>  [IN ]
2020/08/24 07:36:25:949
Linktest.rsp
00 00 00 0A FF FF 00 00 00 06 00 00 12 A3 

<<<----  [OUT]
2020/08/24 07:36:35:958
Linktest.req
00 00 00 0A FF FF 00 00 00 05 00 00 12 A4 

---->>>  [IN ]
2020/08/24 07:36:35:959
Linktest.rsp
00 00 00 0A FF FF 00 00 00 06 00 00 12 A4 

<<<----  [OUT]
2020/08/24 07:36:45:965
Linktest.req
00 00 00 0A FF FF 00 00 00 05 00 00 12 A5 

---->>>  [IN ]
2020/08/24 07:36:45:966
Linktest.rsp
00 00 00 0A FF FF 00 00 00 06 00 00 12 A5 

<<<----  [OUT]
2020/08/24 07:36:55:972
Linktest.req
00 00 00 0A FF FF 00 00 00 05 00 00 12 A6 

---->>>  [IN ]
2020/08/24 07:36:55:973
Linktest.rsp
00 00 00 0A FF FF 00 00 00 06 00 00 12 A6 

---->>>  [IN ]
2020/08/24 07:37:02:496
Linktest.req
00 00 00 0A FF FF 00 00 00 05 80 00 03 46 

<<<----  [OUT]
2020/08/24 07:37:02:496
Linktest.rsp
00 00 00 0A FF FF 00 00 00 06 80 00 03 46 

<<<----  [OUT]
2020/08/24 07:37:05:983
Linktest.req
00 00 00 0A FF FF 00 00 00 05 00 00 12 A7 

---->>>  [IN ]
2020/08/24 07:37:05:984
Linktest.rsp
00 00 00 0A FF FF 00 00 00 06 00 00 12 A7 

<<<----  [OUT]
2020/08/24 07:37:15:997
Linktest.req
00 00 00 0A FF FF 00 00 00 05 00 00 12 A8 

---->>>  [IN ]
2020/08/24 07:37:15:998
Linktest.rsp
00 00 00 0A FF FF 00 00 00 06 00 00 12 A8 

<<<----  [OUT]
2020/08/24 07:37:26:013
Linktest.req
00 00 00 0A FF FF 00 00 00 05 00 00 12 A9 

---->>>  [IN ]
2020/08/24 07:37:26:014
Linktest.rsp
00 00 00 0A FF FF 00 00 00 06 00 00 12 A9 

<<<----  [OUT]
2020/08/24 07:37:36:027
Linktest.req
00 00 00 0A FF FF 00 00 00 05 00 00 12 AA 

---->>>  [IN ]
2020/08/24 07:37:36:028
Linktest.rsp
00 00 00 0A FF FF 00 00 00 06 00 00 12 AA 

<<<----  [OUT]
2020/08/24 07:37:46:043
Linktest.req
00 00 00 0A FF FF 00 00 00 05 00 00 12 AB 

---->>>  [IN ]
2020/08/24 07:37:46:044
Linktest.rsp
00 00 00 0A FF FF 00 00 00 06 00 00 12 AB 

<<<----  [OUT]
2020/08/24 07:37:56:056
Linktest.req
00 00 00 0A FF FF 00 00 00 05 00 00 12 AC 

---->>>  [IN ]
2020/08/24 07:37:56:057
Linktest.rsp
00 00 00 0A FF FF 00 00 00 06 00 00 12 AC 

---->>>  [IN ]
2020/08/24 07:38:02:497
Linktest.req
00 00 00 0A FF FF 00 00 00 05 80 00 03 47 

<<<----  [OUT]
2020/08/24 07:38:02:497
Linktest.rsp
00 00 00 0A FF FF 00 00 00 06 80 00 03 47 

<<<----  [OUT]
2020/08/24 07:38:06:066
Linktest.req
00 00 00 0A FF FF 00 00 00 05 00 00 12 AD 

---->>>  [IN ]
2020/08/24 07:38:06:067
Linktest.rsp
00 00 00 0A FF FF 00 00 00 06 00 00 12 AD 

<<<----  [OUT]
2020/08/24 07:38:16:078
Linktest.req
00 00 00 0A FF FF 00 00 00 05 00 00 12 AE 

---->>>  [IN ]
2020/08/24 07:38:16:079
Linktest.rsp
00 00 00 0A FF FF 00 00 00 06 00 00 12 AE 

<<<----  [OUT]
2020/08/24 07:38:26:088
Linktest.req
00 00 00 0A FF FF 00 00 00 05 00 00 12 AF 

---->>>  [IN ]
2020/08/24 07:38:26:089
Linktest.rsp
00 00 00 0A FF FF 00 00 00 06 00 00 12 AF 

<<<----  [OUT]
2020/08/24 07:38:36:089
Linktest.req
00 00 00 0A FF FF 00 00 00 05 00 00 12 B0 

---->>>  [IN ]
2020/08/24 07:38:36:090
Linktest.rsp
00 00 00 0A FF FF 00 00 00 06 00 00 12 B0 

<<<----  [OUT]
2020/08/24 07:38:46:102
Linktest.req
00 00 00 0A FF FF 00 00 00 05 00 00 12 B1 

---->>>  [IN ]
2020/08/24 07:38:46:103
Linktest.rsp
00 00 00 0A FF FF 00 00 00 06 00 00 12 B1 

<<<----  [OUT]
2020/08/24 07:38:56:113
Linktest.req
00 00 00 0A FF FF 00 00 00 05 00 00 12 B2 

---->>>  [IN ]
2020/08/24 07:38:56:114
Linktest.rsp
00 00 00 0A FF FF 00 00 00 06 00 00 12 B2 

---->>>  [IN ]
2020/08/24 07:39:02:506
Linktest.req
00 00 00 0A FF FF 00 00 00 05 80 00 03 48 

<<<----  [OUT]
2020/08/24 07:39:02:506
Linktest.rsp
00 00 00 0A FF FF 00 00 00 06 80 00 03 48 

<<<----  [OUT]
2020/08/24 07:39:06:129
Linktest.req
00 00 00 0A FF FF 00 00 00 05 00 00 12 B3 

---->>>  [IN ]
2020/08/24 07:39:06:130
Linktest.rsp
00 00 00 0A FF FF 00 00 00 06 00 00 12 B3 

<<<----  [OUT]
2020/08/24 07:39:16:141
Linktest.req
00 00 00 0A FF FF 00 00 00 05 00 00 12 B4 

---->>>  [IN ]
2020/08/24 07:39:16:142
Linktest.rsp
00 00 00 0A FF FF 00 00 00 06 00 00 12 B4 

<<<----  [OUT]
2020/08/24 07:39:26:156
Linktest.req
00 00 00 0A FF FF 00 00 00 05 00 00 12 B5 

---->>>  [IN ]
2020/08/24 07:39:26:157
Linktest.rsp
00 00 00 0A FF FF 00 00 00 06 00 00 12 B5 

<<<----  [OUT]
2020/08/24 07:39:36:171
Linktest.req
00 00 00 0A FF FF 00 00 00 05 00 00 12 B6 

---->>>  [IN ]
2020/08/24 07:39:36:172
Linktest.rsp
00 00 00 0A FF FF 00 00 00 06 00 00 12 B6 

<<<----  [OUT]
2020/08/24 07:39:46:182
Linktest.req
00 00 00 0A FF FF 00 00 00 05 00 00 12 B7 

---->>>  [IN ]
2020/08/24 07:39:46:183
Linktest.rsp
00 00 00 0A FF FF 00 00 00 06 00 00 12 B7 

<<<----  [OUT]
2020/08/24 07:39:56:190
Linktest.req
00 00 00 0A FF FF 00 00 00 05 00 00 12 B8 

---->>>  [IN ]
2020/08/24 07:39:56:191
Linktest.rsp
00 00 00 0A FF FF 00 00 00 06 00 00 12 B8 

---->>>  [IN ]
2020/08/24 07:40:02:510
Linktest.req
00 00 00 0A FF FF 00 00 00 05 80 00 03 49 

<<<----  [OUT]
2020/08/24 07:40:02:510
Linktest.rsp
00 00 00 0A FF FF 00 00 00 06 80 00 03 49 

<<<----  [OUT]
2020/08/24 07:40:06:199
Linktest.req
00 00 00 0A FF FF 00 00 00 05 00 00 12 B9 

---->>>  [IN ]
2020/08/24 07:40:06:200
Linktest.rsp
00 00 00 0A FF FF 00 00 00 06 00 00 12 B9 

<<<----  [OUT]
2020/08/24 07:40:16:208
Linktest.req
00 00 00 0A FF FF 00 00 00 05 00 00 12 BA 

---->>>  [IN ]
2020/08/24 07:40:16:209
Linktest.rsp
00 00 00 0A FF FF 00 00 00 06 00 00 12 BA 

<<<----  [OUT]
2020/08/24 07:40:26:222
Linktest.req
00 00 00 0A FF FF 00 00 00 05 00 00 12 BB 

---->>>  [IN ]
2020/08/24 07:40:26:223
Linktest.rsp
00 00 00 0A FF FF 00 00 00 06 00 00 12 BB 

<<<----  [OUT]
2020/08/24 07:40:36:234
Linktest.req
00 00 00 0A FF FF 00 00 00 05 00 00 12 BC 

---->>>  [IN ]
2020/08/24 07:40:36:235
Linktest.rsp
00 00 00 0A FF FF 00 00 00 06 00 00 12 BC 

<<<----  [OUT]
2020/08/24 07:40:46:247
Linktest.req
00 00 00 0A FF FF 00 00 00 05 00 00 12 BD 

---->>>  [IN ]
2020/08/24 07:40:46:248
Linktest.rsp
00 00 00 0A FF FF 00 00 00 06 00 00 12 BD 

<<<----  [OUT]
2020/08/24 07:40:56:258
Linktest.req
00 00 00 0A FF FF 00 00 00 05 00 00 12 BE 

---->>>  [IN ]
2020/08/24 07:40:56:259
Linktest.rsp
00 00 00 0A FF FF 00 00 00 06 00 00 12 BE 

---->>>  [IN ]
2020/08/24 07:41:02:504
Linktest.req
00 00 00 0A FF FF 00 00 00 05 80 00 03 4A 

<<<----  [OUT]
2020/08/24 07:41:02:504
Linktest.rsp
00 00 00 0A FF FF 00 00 00 06 80 00 03 4A 

<<<----  [OUT]
2020/08/24 07:41:06:272
Linktest.req
00 00 00 0A FF FF 00 00 00 05 00 00 12 BF 

---->>>  [IN ]
2020/08/24 07:41:06:273
Linktest.rsp
00 00 00 0A FF FF 00 00 00 06 00 00 12 BF 

<<<----  [OUT]
2020/08/24 07:41:16:289
Linktest.req
00 00 00 0A FF FF 00 00 00 05 00 00 12 C0 

---->>>  [IN ]
2020/08/24 07:41:16:290
Linktest.rsp
00 00 00 0A FF FF 00 00 00 06 00 00 12 C0 

<<<----  [OUT]
2020/08/24 07:41:26:302
Linktest.req
00 00 00 0A FF FF 00 00 00 05 00 00 12 C1 

---->>>  [IN ]
2020/08/24 07:41:26:304
Linktest.rsp
00 00 00 0A FF FF 00 00 00 06 00 00 12 C1 

<<<----  [OUT]
2020/08/24 07:41:36:317
Linktest.req
00 00 00 0A FF FF 00 00 00 05 00 00 12 C2 

---->>>  [IN ]
2020/08/24 07:41:36:318
Linktest.rsp
00 00 00 0A FF FF 00 00 00 06 00 00 12 C2 

<<<----  [OUT]
2020/08/24 07:41:46:330
Linktest.req
00 00 00 0A FF FF 00 00 00 05 00 00 12 C3 

---->>>  [IN ]
2020/08/24 07:41:46:331
Linktest.rsp
00 00 00 0A FF FF 00 00 00 06 00 00 12 C3 

<<<----  [OUT]
2020/08/24 07:41:56:341
Linktest.req
00 00 00 0A FF FF 00 00 00 05 00 00 12 C4 

---->>>  [IN ]
2020/08/24 07:41:56:342
Linktest.rsp
00 00 00 0A FF FF 00 00 00 06 00 00 12 C4 

---->>>  [IN ]
2020/08/24 07:42:02:507
Linktest.req
00 00 00 0A FF FF 00 00 00 05 80 00 03 4B 

<<<----  [OUT]
2020/08/24 07:42:02:507
Linktest.rsp
00 00 00 0A FF FF 00 00 00 06 80 00 03 4B 

<<<----  [OUT]
2020/08/24 07:42:06:364
Linktest.req
00 00 00 0A FF FF 00 00 00 05 00 00 12 C5 

---->>>  [IN ]
2020/08/24 07:42:06:365
Linktest.rsp
00 00 00 0A FF FF 00 00 00 06 00 00 12 C5 

<<<----  [OUT]
2020/08/24 07:42:16:351
Linktest.req
00 00 00 0A FF FF 00 00 00 05 00 00 12 C6 

---->>>  [IN ]
2020/08/24 07:42:16:352
Linktest.rsp
00 00 00 0A FF FF 00 00 00 06 00 00 12 C6 

<<<----  [OUT]
2020/08/24 07:42:26:369
Linktest.req
00 00 00 0A FF FF 00 00 00 05 00 00 12 C7 

---->>>  [IN ]
2020/08/24 07:42:26:370
Linktest.rsp
00 00 00 0A FF FF 00 00 00 06 00 00 12 C7 

<<<----  [OUT]
2020/08/24 07:42:36:388
Linktest.req
00 00 00 0A FF FF 00 00 00 05 00 00 12 C8 

---->>>  [IN ]
2020/08/24 07:42:36:389
Linktest.rsp
00 00 00 0A FF FF 00 00 00 06 00 00 12 C8 

<<<----  [OUT]
2020/08/24 07:42:46:403
Linktest.req
00 00 00 0A FF FF 00 00 00 05 00 00 12 C9 

---->>>  [IN ]
2020/08/24 07:42:46:404
Linktest.rsp
00 00 00 0A FF FF 00 00 00 06 00 00 12 C9 

<<<----  [OUT]
2020/08/24 07:42:56:415
Linktest.req
00 00 00 0A FF FF 00 00 00 05 00 00 12 CA 

---->>>  [IN ]
2020/08/24 07:42:56:416
Linktest.rsp
00 00 00 0A FF FF 00 00 00 06 00 00 12 CA 

---->>>  [IN ]
2020/08/24 07:43:02:509
Linktest.req
00 00 00 0A FF FF 00 00 00 05 80 00 03 4C 

<<<----  [OUT]
2020/08/24 07:43:02:509
Linktest.rsp
00 00 00 0A FF FF 00 00 00 06 80 00 03 4C 

<<<----  [OUT]
2020/08/24 07:43:06:432
Linktest.req
00 00 00 0A FF FF 00 00 00 05 00 00 12 CB 

---->>>  [IN ]
2020/08/24 07:43:06:433
Linktest.rsp
00 00 00 0A FF FF 00 00 00 06 00 00 12 CB 

<<<----  [OUT]
2020/08/24 07:43:16:448
Linktest.req
00 00 00 0A FF FF 00 00 00 05 00 00 12 CC 

---->>>  [IN ]
2020/08/24 07:43:16:449
Linktest.rsp
00 00 00 0A FF FF 00 00 00 06 00 00 12 CC 

<<<----  [OUT]
2020/08/24 07:43:26:462
Linktest.req
00 00 00 0A FF FF 00 00 00 05 00 00 12 CD 

---->>>  [IN ]
2020/08/24 07:43:26:463
Linktest.rsp
00 00 00 0A FF FF 00 00 00 06 00 00 12 CD 

<<<----  [OUT]
2020/08/24 07:43:36:473
Linktest.req
00 00 00 0A FF FF 00 00 00 05 00 00 12 CE 

---->>>  [IN ]
2020/08/24 07:43:36:474
Linktest.rsp
00 00 00 0A FF FF 00 00 00 06 00 00 12 CE 

<<<----  [OUT]
2020/08/24 07:43:46:489
Linktest.req
00 00 00 0A FF FF 00 00 00 05 00 00 12 CF 

---->>>  [IN ]
2020/08/24 07:43:46:490
Linktest.rsp
00 00 00 0A FF FF 00 00 00 06 00 00 12 CF 

<<<----  [OUT]
2020/08/24 07:43:56:504
Linktest.req
00 00 00 0A FF FF 00 00 00 05 00 00 12 D0 

---->>>  [IN ]
2020/08/24 07:43:56:505
Linktest.rsp
00 00 00 0A FF FF 00 00 00 06 00 00 12 D0 

---->>>  [IN ]
2020/08/24 07:44:02:508
Linktest.req
00 00 00 0A FF FF 00 00 00 05 80 00 03 4D 

<<<----  [OUT]
2020/08/24 07:44:02:509
Linktest.rsp
00 00 00 0A FF FF 00 00 00 06 80 00 03 4D 

<<<----  [OUT]
2020/08/24 07:44:06:520
Linktest.req
00 00 00 0A FF FF 00 00 00 05 00 00 12 D1 

---->>>  [IN ]
2020/08/24 07:44:06:521
Linktest.rsp
00 00 00 0A FF FF 00 00 00 06 00 00 12 D1 

<<<----  [OUT]
2020/08/24 07:44:16:535
Linktest.req
00 00 00 0A FF FF 00 00 00 05 00 00 12 D2 

---->>>  [IN ]
2020/08/24 07:44:16:536
Linktest.rsp
00 00 00 0A FF FF 00 00 00 06 00 00 12 D2 

<<<----  [OUT]
2020/08/24 07:44:26:549
Linktest.req
00 00 00 0A FF FF 00 00 00 05 00 00 12 D3 

---->>>  [IN ]
2020/08/24 07:44:26:550
Linktest.rsp
00 00 00 0A FF FF 00 00 00 06 00 00 12 D3 

<<<----  [OUT]
2020/08/24 07:44:36:565
Linktest.req
00 00 00 0A FF FF 00 00 00 05 00 00 12 D4 

---->>>  [IN ]
2020/08/24 07:44:36:566
Linktest.rsp
00 00 00 0A FF FF 00 00 00 06 00 00 12 D4 

<<<----  [OUT]
2020/08/24 07:44:46:582
Linktest.req
00 00 00 0A FF FF 00 00 00 05 00 00 12 D5 

---->>>  [IN ]
2020/08/24 07:44:46:583
Linktest.rsp
00 00 00 0A FF FF 00 00 00 06 00 00 12 D5 

<<<----  [OUT]
2020/08/24 07:44:56:595
Linktest.req
00 00 00 0A FF FF 00 00 00 05 00 00 12 D6 

---->>>  [IN ]
2020/08/24 07:44:56:596
Linktest.rsp
00 00 00 0A FF FF 00 00 00 06 00 00 12 D6 

---->>>  [IN ]
2020/08/24 07:45:02:512
Linktest.req
00 00 00 0A FF FF 00 00 00 05 80 00 03 4E 

<<<----  [OUT]
2020/08/24 07:45:02:512
Linktest.rsp
00 00 00 0A FF FF 00 00 00 06 80 00 03 4E 

<<<----  [OUT]
2020/08/24 07:45:06:612
Linktest.req
00 00 00 0A FF FF 00 00 00 05 00 00 12 D7 

---->>>  [IN ]
2020/08/24 07:45:06:613
Linktest.rsp
00 00 00 0A FF FF 00 00 00 06 00 00 12 D7 

<<<----  [OUT]
2020/08/24 07:45:16:625
Linktest.req
00 00 00 0A FF FF 00 00 00 05 00 00 12 D8 

---->>>  [IN ]
2020/08/24 07:45:16:626
Linktest.rsp
00 00 00 0A FF FF 00 00 00 06 00 00 12 D8 

<<<----  [OUT]
2020/08/24 07:45:26:643
Linktest.req
00 00 00 0A FF FF 00 00 00 05 00 00 12 D9 

---->>>  [IN ]
2020/08/24 07:45:26:644
Linktest.rsp
00 00 00 0A FF FF 00 00 00 06 00 00 12 D9 

<<<----  [OUT]
2020/08/24 07:45:36:655
Linktest.req
00 00 00 0A FF FF 00 00 00 05 00 00 12 DA 

---->>>  [IN ]
2020/08/24 07:45:36:656
Linktest.rsp
00 00 00 0A FF FF 00 00 00 06 00 00 12 DA 

<<<----  [OUT]
2020/08/24 07:45:46:663
Linktest.req
00 00 00 0A FF FF 00 00 00 05 00 00 12 DB 

---->>>  [IN ]
2020/08/24 07:45:46:664
Linktest.rsp
00 00 00 0A FF FF 00 00 00 06 00 00 12 DB 

<<<----  [OUT]
2020/08/24 07:45:56:676
Linktest.req
00 00 00 0A FF FF 00 00 00 05 00 00 12 DC 

---->>>  [IN ]
2020/08/24 07:45:56:677
Linktest.rsp
00 00 00 0A FF FF 00 00 00 06 00 00 12 DC 

---->>>  [IN ]
2020/08/24 07:46:02:525
Linktest.req
00 00 00 0A FF FF 00 00 00 05 80 00 03 4F 

<<<----  [OUT]
2020/08/24 07:46:02:525
Linktest.rsp
00 00 00 0A FF FF 00 00 00 06 80 00 03 4F 

<<<----  [OUT]
2020/08/24 07:46:06:692
Linktest.req
00 00 00 0A FF FF 00 00 00 05 00 00 12 DD 

---->>>  [IN ]
2020/08/24 07:46:06:693
Linktest.rsp
00 00 00 0A FF FF 00 00 00 06 00 00 12 DD 

<<<----  [OUT]
2020/08/24 07:46:16:704
Linktest.req
00 00 00 0A FF FF 00 00 00 05 00 00 12 DE 

---->>>  [IN ]
2020/08/24 07:46:16:705
Linktest.rsp
00 00 00 0A FF FF 00 00 00 06 00 00 12 DE 

<<<----  [OUT]
2020/08/24 07:46:26:715
Linktest.req
00 00 00 0A FF FF 00 00 00 05 00 00 12 DF 

---->>>  [IN ]
2020/08/24 07:46:26:716
Linktest.rsp
00 00 00 0A FF FF 00 00 00 06 00 00 12 DF 

<<<----  [OUT]
2020/08/24 07:46:36:725
Linktest.req
00 00 00 0A FF FF 00 00 00 05 00 00 12 E0 

---->>>  [IN ]
2020/08/24 07:46:36:726
Linktest.rsp
00 00 00 0A FF FF 00 00 00 06 00 00 12 E0 

<<<----  [OUT]
2020/08/24 07:46:46:743
Linktest.req
00 00 00 0A FF FF 00 00 00 05 00 00 12 E1 

---->>>  [IN ]
2020/08/24 07:46:46:744
Linktest.rsp
00 00 00 0A FF FF 00 00 00 06 00 00 12 E1 

<<<----  [OUT]
2020/08/24 07:46:56:760
Linktest.req
00 00 00 0A FF FF 00 00 00 05 00 00 12 E2 

---->>>  [IN ]
2020/08/24 07:46:56:761
Linktest.rsp
00 00 00 0A FF FF 00 00 00 06 00 00 12 E2 

---->>>  [IN ]
2020/08/24 07:47:02:527
Linktest.req
00 00 00 0A FF FF 00 00 00 05 80 00 03 50 

<<<----  [OUT]
2020/08/24 07:47:02:527
Linktest.rsp
00 00 00 0A FF FF 00 00 00 06 80 00 03 50 

<<<----  [OUT]
2020/08/24 07:47:06:777
Linktest.req
00 00 00 0A FF FF 00 00 00 05 00 00 12 E3 

---->>>  [IN ]
2020/08/24 07:47:06:778
Linktest.rsp
00 00 00 0A FF FF 00 00 00 06 00 00 12 E3 

<<<----  [OUT]
2020/08/24 07:47:16:784
Linktest.req
00 00 00 0A FF FF 00 00 00 05 00 00 12 E4 

---->>>  [IN ]
2020/08/24 07:47:16:785
Linktest.rsp
00 00 00 0A FF FF 00 00 00 06 00 00 12 E4 

<<<----  [OUT]
2020/08/24 07:47:26:793
Linktest.req
00 00 00 0A FF FF 00 00 00 05 00 00 12 E5 

---->>>  [IN ]
2020/08/24 07:47:26:794
Linktest.rsp
00 00 00 0A FF FF 00 00 00 06 00 00 12 E5 

<<<----  [OUT]
2020/08/24 07:47:36:808
Linktest.req
00 00 00 0A FF FF 00 00 00 05 00 00 12 E6 

---->>>  [IN ]
2020/08/24 07:47:36:809
Linktest.rsp
00 00 00 0A FF FF 00 00 00 06 00 00 12 E6 

<<<----  [OUT]
2020/08/24 07:47:46:825
Linktest.req
00 00 00 0A FF FF 00 00 00 05 00 00 12 E7 

---->>>  [IN ]
2020/08/24 07:47:46:826
Linktest.rsp
00 00 00 0A FF FF 00 00 00 06 00 00 12 E7 

<<<----  [OUT]
2020/08/24 07:47:56:835
Linktest.req
00 00 00 0A FF FF 00 00 00 05 00 00 12 E8 

---->>>  [IN ]
2020/08/24 07:47:56:836
Linktest.rsp
00 00 00 0A FF FF 00 00 00 06 00 00 12 E8 

---->>>  [IN ]
2020/08/24 07:48:02:536
Linktest.req
00 00 00 0A FF FF 00 00 00 05 80 00 03 51 

<<<----  [OUT]
2020/08/24 07:48:02:536
Linktest.rsp
00 00 00 0A FF FF 00 00 00 06 80 00 03 51 

<<<----  [OUT]
2020/08/24 07:48:06:840
Linktest.req
00 00 00 0A FF FF 00 00 00 05 00 00 12 E9 

---->>>  [IN ]
2020/08/24 07:48:06:841
Linktest.rsp
00 00 00 0A FF FF 00 00 00 06 00 00 12 E9 

<<<----  [OUT]
2020/08/24 07:48:16:845
Linktest.req
00 00 00 0A FF FF 00 00 00 05 00 00 12 EA 

---->>>  [IN ]
2020/08/24 07:48:16:846
Linktest.rsp
00 00 00 0A FF FF 00 00 00 06 00 00 12 EA 

<<<----  [OUT]
2020/08/24 07:48:26:857
Linktest.req
00 00 00 0A FF FF 00 00 00 05 00 00 12 EB 

---->>>  [IN ]
2020/08/24 07:48:26:858
Linktest.rsp
00 00 00 0A FF FF 00 00 00 06 00 00 12 EB 

<<<----  [OUT]
2020/08/24 07:48:36:868
Linktest.req
00 00 00 0A FF FF 00 00 00 05 00 00 12 EC 

---->>>  [IN ]
2020/08/24 07:48:36:869
Linktest.rsp
00 00 00 0A FF FF 00 00 00 06 00 00 12 EC 

<<<----  [OUT]
2020/08/24 07:48:46:879
Linktest.req
00 00 00 0A FF FF 00 00 00 05 00 00 12 ED 

---->>>  [IN ]
2020/08/24 07:48:46:880
Linktest.rsp
00 00 00 0A FF FF 00 00 00 06 00 00 12 ED 

<<<----  [OUT]
2020/08/24 07:48:56:893
Linktest.req
00 00 00 0A FF FF 00 00 00 05 00 00 12 EE 

---->>>  [IN ]
2020/08/24 07:48:56:894
Linktest.rsp
00 00 00 0A FF FF 00 00 00 06 00 00 12 EE 

---->>>  [IN ]
2020/08/24 07:49:02:544
Linktest.req
00 00 00 0A FF FF 00 00 00 05 80 00 03 52 

<<<----  [OUT]
2020/08/24 07:49:02:544
Linktest.rsp
00 00 00 0A FF FF 00 00 00 06 80 00 03 52 

<<<----  [OUT]
2020/08/24 07:49:06:901
Linktest.req
00 00 00 0A FF FF 00 00 00 05 00 00 12 EF 

---->>>  [IN ]
2020/08/24 07:49:06:902
Linktest.rsp
00 00 00 0A FF FF 00 00 00 06 00 00 12 EF 

<<<----  [OUT]
2020/08/24 07:49:16:909
Linktest.req
00 00 00 0A FF FF 00 00 00 05 00 00 12 F0 

---->>>  [IN ]
2020/08/24 07:49:16:910
Linktest.rsp
00 00 00 0A FF FF 00 00 00 06 00 00 12 F0 

<<<----  [OUT]
2020/08/24 07:49:26:921
Linktest.req
00 00 00 0A FF FF 00 00 00 05 00 00 12 F1 

---->>>  [IN ]
2020/08/24 07:49:26:922
Linktest.rsp
00 00 00 0A FF FF 00 00 00 06 00 00 12 F1 

<<<----  [OUT]
2020/08/24 07:49:36:939
Linktest.req
00 00 00 0A FF FF 00 00 00 05 00 00 12 F2 

---->>>  [IN ]
2020/08/24 07:49:36:940
Linktest.rsp
00 00 00 0A FF FF 00 00 00 06 00 00 12 F2 

<<<----  [OUT]
2020/08/24 07:49:46:953
Linktest.req
00 00 00 0A FF FF 00 00 00 05 00 00 12 F3 

---->>>  [IN ]
2020/08/24 07:49:46:954
Linktest.rsp
00 00 00 0A FF FF 00 00 00 06 00 00 12 F3 

<<<----  [OUT]
2020/08/24 07:49:56:967
Linktest.req
00 00 00 0A FF FF 00 00 00 05 00 00 12 F4 

---->>>  [IN ]
2020/08/24 07:49:56:968
Linktest.rsp
00 00 00 0A FF FF 00 00 00 06 00 00 12 F4 

---->>>  [IN ]
2020/08/24 07:50:02:557
Linktest.req
00 00 00 0A FF FF 00 00 00 05 80 00 03 53 

<<<----  [OUT]
2020/08/24 07:50:02:557
Linktest.rsp
00 00 00 0A FF FF 00 00 00 06 80 00 03 53 

<<<----  [OUT]
2020/08/24 07:50:06:976
Linktest.req
00 00 00 0A FF FF 00 00 00 05 00 00 12 F5 

---->>>  [IN ]
2020/08/24 07:50:06:977
Linktest.rsp
00 00 00 0A FF FF 00 00 00 06 00 00 12 F5 

<<<----  [OUT]
2020/08/24 07:50:16:992
Linktest.req
00 00 00 0A FF FF 00 00 00 05 00 00 12 F6 

---->>>  [IN ]
2020/08/24 07:50:16:993
Linktest.rsp
00 00 00 0A FF FF 00 00 00 06 00 00 12 F6 

<<<----  [OUT]
2020/08/24 07:50:27:007
Linktest.req
00 00 00 0A FF FF 00 00 00 05 00 00 12 F7 

---->>>  [IN ]
2020/08/24 07:50:27:008
Linktest.rsp
00 00 00 0A FF FF 00 00 00 06 00 00 12 F7 

<<<----  [OUT]
2020/08/24 07:50:37:024
Linktest.req
00 00 00 0A FF FF 00 00 00 05 00 00 12 F8 

---->>>  [IN ]
2020/08/24 07:50:37:025
Linktest.rsp
00 00 00 0A FF FF 00 00 00 06 00 00 12 F8 

<<<----  [OUT]
2020/08/24 07:50:47:035
Linktest.req
00 00 00 0A FF FF 00 00 00 05 00 00 12 F9 

---->>>  [IN ]
2020/08/24 07:50:47:036
Linktest.rsp
00 00 00 0A FF FF 00 00 00 06 00 00 12 F9 

<<<----  [OUT]
2020/08/24 07:50:57:049
Linktest.req
00 00 00 0A FF FF 00 00 00 05 00 00 12 FA 

---->>>  [IN ]
2020/08/24 07:50:57:050
Linktest.rsp
00 00 00 0A FF FF 00 00 00 06 00 00 12 FA 

---->>>  [IN ]
2020/08/24 07:51:02:550
Linktest.req
00 00 00 0A FF FF 00 00 00 05 80 00 03 54 

<<<----  [OUT]
2020/08/24 07:51:02:550
Linktest.rsp
00 00 00 0A FF FF 00 00 00 06 80 00 03 54 

<<<----  [OUT]
2020/08/24 07:51:07:062
Linktest.req
00 00 00 0A FF FF 00 00 00 05 00 00 12 FB 

---->>>  [IN ]
2020/08/24 07:51:07:063
Linktest.rsp
00 00 00 0A FF FF 00 00 00 06 00 00 12 FB 

<<<----  [OUT]
2020/08/24 07:51:17:073
Linktest.req
00 00 00 0A FF FF 00 00 00 05 00 00 12 FC 

---->>>  [IN ]
2020/08/24 07:51:17:074
Linktest.rsp
00 00 00 0A FF FF 00 00 00 06 00 00 12 FC 

<<<----  [OUT]
2020/08/24 07:51:27:088
Linktest.req
00 00 00 0A FF FF 00 00 00 05 00 00 12 FD 

---->>>  [IN ]
2020/08/24 07:51:27:089
Linktest.rsp
00 00 00 0A FF FF 00 00 00 06 00 00 12 FD 

<<<----  [OUT]
2020/08/24 07:51:37:101
Linktest.req
00 00 00 0A FF FF 00 00 00 05 00 00 12 FE 

---->>>  [IN ]
2020/08/24 07:51:37:102
Linktest.rsp
00 00 00 0A FF FF 00 00 00 06 00 00 12 FE 

<<<----  [OUT]
2020/08/24 07:51:47:111
Linktest.req
00 00 00 0A FF FF 00 00 00 05 00 00 12 FF 

---->>>  [IN ]
2020/08/24 07:51:47:112
Linktest.rsp
00 00 00 0A FF FF 00 00 00 06 00 00 12 FF 

<<<----  [OUT]
2020/08/24 07:51:57:125
Linktest.req
00 00 00 0A FF FF 00 00 00 05 00 00 13 00 

---->>>  [IN ]
2020/08/24 07:51:57:126
Linktest.rsp
00 00 00 0A FF FF 00 00 00 06 00 00 13 00 

---->>>  [IN ]
2020/08/24 07:52:02:549
Linktest.req
00 00 00 0A FF FF 00 00 00 05 80 00 03 55 

<<<----  [OUT]
2020/08/24 07:52:02:549
Linktest.rsp
00 00 00 0A FF FF 00 00 00 06 80 00 03 55 

<<<----  [OUT]
2020/08/24 07:52:07:143
Linktest.req
00 00 00 0A FF FF 00 00 00 05 00 00 13 01 

---->>>  [IN ]
2020/08/24 07:52:07:144
Linktest.rsp
00 00 00 0A FF FF 00 00 00 06 00 00 13 01 

<<<----  [OUT]
2020/08/24 07:52:17:156
Linktest.req
00 00 00 0A FF FF 00 00 00 05 00 00 13 02 

---->>>  [IN ]
2020/08/24 07:52:17:157
Linktest.rsp
00 00 00 0A FF FF 00 00 00 06 00 00 13 02 

<<<----  [OUT]
2020/08/24 07:52:27:172
Linktest.req
00 00 00 0A FF FF 00 00 00 05 00 00 13 03 

---->>>  [IN ]
2020/08/24 07:52:27:173
Linktest.rsp
00 00 00 0A FF FF 00 00 00 06 00 00 13 03 

<<<----  [OUT]
2020/08/24 07:52:37:186
Linktest.req
00 00 00 0A FF FF 00 00 00 05 00 00 13 04 

---->>>  [IN ]
2020/08/24 07:52:37:187
Linktest.rsp
00 00 00 0A FF FF 00 00 00 06 00 00 13 04 

<<<----  [OUT]
2020/08/24 07:52:47:197
Linktest.req
00 00 00 0A FF FF 00 00 00 05 00 00 13 05 

---->>>  [IN ]
2020/08/24 07:52:47:198
Linktest.rsp
00 00 00 0A FF FF 00 00 00 06 00 00 13 05 

<<<----  [OUT]
2020/08/24 07:52:57:210
Linktest.req
00 00 00 0A FF FF 00 00 00 05 00 00 13 06 

---->>>  [IN ]
2020/08/24 07:52:57:211
Linktest.rsp
00 00 00 0A FF FF 00 00 00 06 00 00 13 06 

---->>>  [IN ]
2020/08/24 07:53:02:549
Linktest.req
00 00 00 0A FF FF 00 00 00 05 80 00 03 56 

<<<----  [OUT]
2020/08/24 07:53:02:549
Linktest.rsp
00 00 00 0A FF FF 00 00 00 06 80 00 03 56 

<<<----  [OUT]
2020/08/24 07:53:07:222
Linktest.req
00 00 00 0A FF FF 00 00 00 05 00 00 13 07 

---->>>  [IN ]
2020/08/24 07:53:07:223
Linktest.rsp
00 00 00 0A FF FF 00 00 00 06 00 00 13 07 

<<<----  [OUT]
2020/08/24 07:53:17:233
Linktest.req
00 00 00 0A FF FF 00 00 00 05 00 00 13 08 

---->>>  [IN ]
2020/08/24 07:53:17:234
Linktest.rsp
00 00 00 0A FF FF 00 00 00 06 00 00 13 08 

<<<----  [OUT]
2020/08/24 07:53:27:248
Linktest.req
00 00 00 0A FF FF 00 00 00 05 00 00 13 09 

---->>>  [IN ]
2020/08/24 07:53:27:249
Linktest.rsp
00 00 00 0A FF FF 00 00 00 06 00 00 13 09 

<<<----  [OUT]
2020/08/24 07:53:37:266
Linktest.req
00 00 00 0A FF FF 00 00 00 05 00 00 13 0A 

---->>>  [IN ]
2020/08/24 07:53:37:267
Linktest.rsp
00 00 00 0A FF FF 00 00 00 06 00 00 13 0A 

<<<----  [OUT]
2020/08/24 07:53:47:278
Linktest.req
00 00 00 0A FF FF 00 00 00 05 00 00 13 0B 

---->>>  [IN ]
2020/08/24 07:53:47:279
Linktest.rsp
00 00 00 0A FF FF 00 00 00 06 00 00 13 0B 

<<<----  [OUT]
2020/08/24 07:53:57:295
Linktest.req
00 00 00 0A FF FF 00 00 00 05 00 00 13 0C 

---->>>  [IN ]
2020/08/24 07:53:57:296
Linktest.rsp
00 00 00 0A FF FF 00 00 00 06 00 00 13 0C 

---->>>  [IN ]
2020/08/24 07:54:02:553
Linktest.req
00 00 00 0A FF FF 00 00 00 05 80 00 03 57 

<<<----  [OUT]
2020/08/24 07:54:02:553
Linktest.rsp
00 00 00 0A FF FF 00 00 00 06 80 00 03 57 

<<<----  [OUT]
2020/08/24 07:54:07:306
Linktest.req
00 00 00 0A FF FF 00 00 00 05 00 00 13 0D 

---->>>  [IN ]
2020/08/24 07:54:07:307
Linktest.rsp
00 00 00 0A FF FF 00 00 00 06 00 00 13 0D 

<<<----  [OUT]
2020/08/24 07:54:17:320
Linktest.req
00 00 00 0A FF FF 00 00 00 05 00 00 13 0E 

---->>>  [IN ]
2020/08/24 07:54:17:321
Linktest.rsp
00 00 00 0A FF FF 00 00 00 06 00 00 13 0E 

<<<----  [OUT]
2020/08/24 07:54:27:327
Linktest.req
00 00 00 0A FF FF 00 00 00 05 00 00 13 0F 

---->>>  [IN ]
2020/08/24 07:54:27:328
Linktest.rsp
00 00 00 0A FF FF 00 00 00 06 00 00 13 0F 

<<<----  [OUT]
2020/08/24 07:54:37:345
Linktest.req
00 00 00 0A FF FF 00 00 00 05 00 00 13 10 

---->>>  [IN ]
2020/08/24 07:54:37:346
Linktest.rsp
00 00 00 0A FF FF 00 00 00 06 00 00 13 10 

<<<----  [OUT]
2020/08/24 07:54:47:359
Linktest.req
00 00 00 0A FF FF 00 00 00 05 00 00 13 11 

---->>>  [IN ]
2020/08/24 07:54:47:360
Linktest.rsp
00 00 00 0A FF FF 00 00 00 06 00 00 13 11 

<<<----  [OUT]
2020/08/24 07:54:57:371
Linktest.req
00 00 00 0A FF FF 00 00 00 05 00 00 13 12 

---->>>  [IN ]
2020/08/24 07:54:57:372
Linktest.rsp
00 00 00 0A FF FF 00 00 00 06 00 00 13 12 

---->>>  [IN ]
2020/08/24 07:55:02:552
Linktest.req
00 00 00 0A FF FF 00 00 00 05 80 00 03 58 

<<<----  [OUT]
2020/08/24 07:55:02:552
Linktest.rsp
00 00 00 0A FF FF 00 00 00 06 80 00 03 58 

<<<----  [OUT]
2020/08/24 07:55:07:386
Linktest.req
00 00 00 0A FF FF 00 00 00 05 00 00 13 13 

---->>>  [IN ]
2020/08/24 07:55:07:387
Linktest.rsp
00 00 00 0A FF FF 00 00 00 06 00 00 13 13 

<<<----  [OUT]
2020/08/24 07:55:17:402
Linktest.req
00 00 00 0A FF FF 00 00 00 05 00 00 13 14 

---->>>  [IN ]
2020/08/24 07:55:17:403
Linktest.rsp
00 00 00 0A FF FF 00 00 00 06 00 00 13 14 

<<<----  [OUT]
2020/08/24 07:55:27:420
Linktest.req
00 00 00 0A FF FF 00 00 00 05 00 00 13 15 

---->>>  [IN ]
2020/08/24 07:55:27:421
Linktest.rsp
00 00 00 0A FF FF 00 00 00 06 00 00 13 15 

<<<----  [OUT]
2020/08/24 07:55:37:439
Linktest.req
00 00 00 0A FF FF 00 00 00 05 00 00 13 16 

---->>>  [IN ]
2020/08/24 07:55:37:440
Linktest.rsp
00 00 00 0A FF FF 00 00 00 06 00 00 13 16 

<<<----  [OUT]
2020/08/24 07:55:47:430
Linktest.req
00 00 00 0A FF FF 00 00 00 05 00 00 13 17 

---->>>  [IN ]
2020/08/24 07:55:47:431
Linktest.rsp
00 00 00 0A FF FF 00 00 00 06 00 00 13 17 

<<<----  [OUT]
2020/08/24 07:55:57:449
Linktest.req
00 00 00 0A FF FF 00 00 00 05 00 00 13 18 

---->>>  [IN ]
2020/08/24 07:55:57:450
Linktest.rsp
00 00 00 0A FF FF 00 00 00 06 00 00 13 18 

---->>>  [IN ]
2020/08/24 07:56:02:548
Linktest.req
00 00 00 0A FF FF 00 00 00 05 80 00 03 59 

<<<----  [OUT]
2020/08/24 07:56:02:548
Linktest.rsp
00 00 00 0A FF FF 00 00 00 06 80 00 03 59 

<<<----  [OUT]
2020/08/24 07:56:07:464
Linktest.req
00 00 00 0A FF FF 00 00 00 05 00 00 13 19 

---->>>  [IN ]
2020/08/24 07:56:07:465
Linktest.rsp
00 00 00 0A FF FF 00 00 00 06 00 00 13 19 

<<<----  [OUT]
2020/08/24 07:56:17:473
Linktest.req
00 00 00 0A FF FF 00 00 00 05 00 00 13 1A 

---->>>  [IN ]
2020/08/24 07:56:17:474
Linktest.rsp
00 00 00 0A FF FF 00 00 00 06 00 00 13 1A 

<<<----  [OUT]
2020/08/24 07:56:27:490
Linktest.req
00 00 00 0A FF FF 00 00 00 05 00 00 13 1B 

---->>>  [IN ]
2020/08/24 07:56:27:491
Linktest.rsp
00 00 00 0A FF FF 00 00 00 06 00 00 13 1B 

<<<----  [OUT]
2020/08/24 07:56:37:506
Linktest.req
00 00 00 0A FF FF 00 00 00 05 00 00 13 1C 

---->>>  [IN ]
2020/08/24 07:56:37:507
Linktest.rsp
00 00 00 0A FF FF 00 00 00 06 00 00 13 1C 

<<<----  [OUT]
2020/08/24 07:56:47:517
Linktest.req
00 00 00 0A FF FF 00 00 00 05 00 00 13 1D 

---->>>  [IN ]
2020/08/24 07:56:47:518
Linktest.rsp
00 00 00 0A FF FF 00 00 00 06 00 00 13 1D 

<<<----  [OUT]
2020/08/24 07:56:57:532
Linktest.req
00 00 00 0A FF FF 00 00 00 05 00 00 13 1E 

---->>>  [IN ]
2020/08/24 07:56:57:533
Linktest.rsp
00 00 00 0A FF FF 00 00 00 06 00 00 13 1E 

---->>>  [IN ]
2020/08/24 07:57:02:555
Linktest.req
00 00 00 0A FF FF 00 00 00 05 80 00 03 5A 

<<<----  [OUT]
2020/08/24 07:57:02:555
Linktest.rsp
00 00 00 0A FF FF 00 00 00 06 80 00 03 5A 

<<<----  [OUT]
2020/08/24 07:57:07:546
Linktest.req
00 00 00 0A FF FF 00 00 00 05 00 00 13 1F 

---->>>  [IN ]
2020/08/24 07:57:07:547
Linktest.rsp
00 00 00 0A FF FF 00 00 00 06 00 00 13 1F 

<<<----  [OUT]
2020/08/24 07:57:17:561
Linktest.req
00 00 00 0A FF FF 00 00 00 05 00 00 13 20 

---->>>  [IN ]
2020/08/24 07:57:17:563
Linktest.rsp
00 00 00 0A FF FF 00 00 00 06 00 00 13 20 

<<<----  [OUT]
2020/08/24 07:57:27:572
Linktest.req
00 00 00 0A FF FF 00 00 00 05 00 00 13 21 

---->>>  [IN ]
2020/08/24 07:57:27:573
Linktest.rsp
00 00 00 0A FF FF 00 00 00 06 00 00 13 21 

<<<----  [OUT]
2020/08/24 07:57:37:584
Linktest.req
00 00 00 0A FF FF 00 00 00 05 00 00 13 22 

---->>>  [IN ]
2020/08/24 07:57:37:585
Linktest.rsp
00 00 00 0A FF FF 00 00 00 06 00 00 13 22 

<<<----  [OUT]
2020/08/24 07:57:47:593
Linktest.req
00 00 00 0A FF FF 00 00 00 05 00 00 13 23 

---->>>  [IN ]
2020/08/24 07:57:47:594
Linktest.rsp
00 00 00 0A FF FF 00 00 00 06 00 00 13 23 

<<<----  [OUT]
2020/08/24 07:57:57:604
Linktest.req
00 00 00 0A FF FF 00 00 00 05 00 00 13 24 

---->>>  [IN ]
2020/08/24 07:57:57:605
Linktest.rsp
00 00 00 0A FF FF 00 00 00 06 00 00 13 24 

---->>>  [IN ]
2020/08/24 07:58:02:548
Linktest.req
00 00 00 0A FF FF 00 00 00 05 80 00 03 5B 

<<<----  [OUT]
2020/08/24 07:58:02:548
Linktest.rsp
00 00 00 0A FF FF 00 00 00 06 80 00 03 5B 

<<<----  [OUT]
2020/08/24 07:58:07:618
Linktest.req
00 00 00 0A FF FF 00 00 00 05 00 00 13 25 

---->>>  [IN ]
2020/08/24 07:58:07:619
Linktest.rsp
00 00 00 0A FF FF 00 00 00 06 00 00 13 25 

<<<----  [OUT]
2020/08/24 07:58:17:628
Linktest.req
00 00 00 0A FF FF 00 00 00 05 00 00 13 26 

---->>>  [IN ]
2020/08/24 07:58:17:629
Linktest.rsp
00 00 00 0A FF FF 00 00 00 06 00 00 13 26 

<<<----  [OUT]
2020/08/24 07:58:27:641
Linktest.req
00 00 00 0A FF FF 00 00 00 05 00 00 13 27 

---->>>  [IN ]
2020/08/24 07:58:27:642
Linktest.rsp
00 00 00 0A FF FF 00 00 00 06 00 00 13 27 

<<<----  [OUT]
2020/08/24 07:58:37:656
Linktest.req
00 00 00 0A FF FF 00 00 00 05 00 00 13 28 

---->>>  [IN ]
2020/08/24 07:58:37:657
Linktest.rsp
00 00 00 0A FF FF 00 00 00 06 00 00 13 28 

<<<----  [OUT]
2020/08/24 07:58:47:671
Linktest.req
00 00 00 0A FF FF 00 00 00 05 00 00 13 29 

---->>>  [IN ]
2020/08/24 07:58:47:672
Linktest.rsp
00 00 00 0A FF FF 00 00 00 06 00 00 13 29 

<<<----  [OUT]
2020/08/24 07:58:57:686
Linktest.req
00 00 00 0A FF FF 00 00 00 05 00 00 13 2A 

---->>>  [IN ]
2020/08/24 07:58:57:687
Linktest.rsp
00 00 00 0A FF FF 00 00 00 06 00 00 13 2A 

---->>>  [IN ]
2020/08/24 07:59:02:557
Linktest.req
00 00 00 0A FF FF 00 00 00 05 80 00 03 5C 

<<<----  [OUT]
2020/08/24 07:59:02:557
Linktest.rsp
00 00 00 0A FF FF 00 00 00 06 80 00 03 5C 

<<<----  [OUT]
2020/08/24 07:59:07:702
Linktest.req
00 00 00 0A FF FF 00 00 00 05 00 00 13 2B 

---->>>  [IN ]
2020/08/24 07:59:07:703
Linktest.rsp
00 00 00 0A FF FF 00 00 00 06 00 00 13 2B 

<<<----  [OUT]
2020/08/24 07:59:17:718
Linktest.req
00 00 00 0A FF FF 00 00 00 05 00 00 13 2C 

---->>>  [IN ]
2020/08/24 07:59:17:719
Linktest.rsp
00 00 00 0A FF FF 00 00 00 06 00 00 13 2C 

<<<----  [OUT]
2020/08/24 07:59:27:736
Linktest.req
00 00 00 0A FF FF 00 00 00 05 00 00 13 2D 

---->>>  [IN ]
2020/08/24 07:59:27:737
Linktest.rsp
00 00 00 0A FF FF 00 00 00 06 00 00 13 2D 

<<<----  [OUT]
2020/08/24 07:59:37:754
Linktest.req
00 00 00 0A FF FF 00 00 00 05 00 00 13 2E 

---->>>  [IN ]
2020/08/24 07:59:37:755
Linktest.rsp
00 00 00 0A FF FF 00 00 00 06 00 00 13 2E 

<<<----  [OUT]
2020/08/24 07:59:47:742
Linktest.req
00 00 00 0A FF FF 00 00 00 05 00 00 13 2F 

---->>>  [IN ]
2020/08/24 07:59:47:743
Linktest.rsp
00 00 00 0A FF FF 00 00 00 06 00 00 13 2F 

<<<----  [OUT]
2020/08/24 07:59:57:759
Linktest.req
00 00 00 0A FF FF 00 00 00 05 00 00 13 30 

---->>>  [IN ]
2020/08/24 07:59:57:760
Linktest.rsp
00 00 00 0A FF FF 00 00 00 06 00 00 13 30 
