
<<<----  [OUT]
2020/08/24 20:00:09:818
Linktest.req
00 00 00 0A FF FF 00 00 00 05 00 00 02 26 

---->>>  [IN ]
2020/08/24 20:00:09:819
Linktest.rsp
00 00 00 0A FF FF 00 00 00 06 00 00 02 26 

<<<----  [OUT]
2020/08/24 20:00:19:835
Linktest.req
00 00 00 0A FF FF 00 00 00 05 00 00 02 27 

---->>>  [IN ]
2020/08/24 20:00:19:836
Linktest.rsp
00 00 00 0A FF FF 00 00 00 06 00 00 02 27 

<<<----  [OUT]
2020/08/24 20:00:29:855
Linktest.req
00 00 00 0A FF FF 00 00 00 05 00 00 02 28 

---->>>  [IN ]
2020/08/24 20:00:29:856
Linktest.rsp
00 00 00 0A FF FF 00 00 00 06 00 00 02 28 

<<<----  [OUT]
2020/08/24 20:00:39:870
Linktest.req
00 00 00 0A FF FF 00 00 00 05 00 00 02 29 

---->>>  [IN ]
2020/08/24 20:00:39:871
Linktest.rsp
00 00 00 0A FF FF 00 00 00 06 00 00 02 29 

---->>>  [IN ]
2020/08/24 20:00:41:915
Linktest.req
00 00 00 0A FF FF 00 00 00 05 80 00 01 5B 

<<<----  [OUT]
2020/08/24 20:00:41:915
Linktest.rsp
00 00 00 0A FF FF 00 00 00 06 80 00 01 5B 

<<<----  [OUT]
2020/08/24 20:00:49:882
Linktest.req
00 00 00 0A FF FF 00 00 00 05 00 00 02 2A 

---->>>  [IN ]
2020/08/24 20:00:49:883
Linktest.rsp
00 00 00 0A FF FF 00 00 00 06 00 00 02 2A 

<<<----  [OUT]
2020/08/24 20:00:59:898
Linktest.req
00 00 00 0A FF FF 00 00 00 05 00 00 02 2B 

---->>>  [IN ]
2020/08/24 20:00:59:899
Linktest.rsp
00 00 00 0A FF FF 00 00 00 06 00 00 02 2B 

<<<----  [OUT]
2020/08/24 20:01:09:915
Linktest.req
00 00 00 0A FF FF 00 00 00 05 00 00 02 2C 

---->>>  [IN ]
2020/08/24 20:01:09:916
Linktest.rsp
00 00 00 0A FF FF 00 00 00 06 00 00 02 2C 

<<<----  [OUT]
2020/08/24 20:01:19:928
Linktest.req
00 00 00 0A FF FF 00 00 00 05 00 00 02 2D 

---->>>  [IN ]
2020/08/24 20:01:19:930
Linktest.rsp
00 00 00 0A FF FF 00 00 00 06 00 00 02 2D 

<<<----  [OUT]
2020/08/24 20:01:29:946
Linktest.req
00 00 00 0A FF FF 00 00 00 05 00 00 02 2E 

---->>>  [IN ]
2020/08/24 20:01:29:948
Linktest.rsp
00 00 00 0A FF FF 00 00 00 06 00 00 02 2E 

<<<----  [OUT]
2020/08/24 20:01:39:960
Linktest.req
00 00 00 0A FF FF 00 00 00 05 00 00 02 2F 

---->>>  [IN ]
2020/08/24 20:01:39:961
Linktest.rsp
00 00 00 0A FF FF 00 00 00 06 00 00 02 2F 

---->>>  [IN ]
2020/08/24 20:01:41:911
Linktest.req
00 00 00 0A FF FF 00 00 00 05 80 00 01 5C 

<<<----  [OUT]
2020/08/24 20:01:41:911
Linktest.rsp
00 00 00 0A FF FF 00 00 00 06 80 00 01 5C 

<<<----  [OUT]
2020/08/24 20:01:49:973
Linktest.req
00 00 00 0A FF FF 00 00 00 05 00 00 02 30 

---->>>  [IN ]
2020/08/24 20:01:49:974
Linktest.rsp
00 00 00 0A FF FF 00 00 00 06 00 00 02 30 

<<<----  [OUT]
2020/08/24 20:01:59:984
Linktest.req
00 00 00 0A FF FF 00 00 00 05 00 00 02 31 

---->>>  [IN ]
2020/08/24 20:01:59:985
Linktest.rsp
00 00 00 0A FF FF 00 00 00 06 00 00 02 31 

<<<----  [OUT]
2020/08/24 20:02:09:997
Linktest.req
00 00 00 0A FF FF 00 00 00 05 00 00 02 32 

---->>>  [IN ]
2020/08/24 20:02:10:000
Linktest.rsp
00 00 00 0A FF FF 00 00 00 06 00 00 02 32 

<<<----  [OUT]
2020/08/24 20:02:20:013
Linktest.req
00 00 00 0A FF FF 00 00 00 05 00 00 02 33 

---->>>  [IN ]
2020/08/24 20:02:20:014
Linktest.rsp
00 00 00 0A FF FF 00 00 00 06 00 00 02 33 

<<<----  [OUT]
2020/08/24 20:02:30:029
Linktest.req
00 00 00 0A FF FF 00 00 00 05 00 00 02 34 

---->>>  [IN ]
2020/08/24 20:02:30:030
Linktest.rsp
00 00 00 0A FF FF 00 00 00 06 00 00 02 34 

<<<----  [OUT]
2020/08/24 20:02:40:048
Linktest.req
00 00 00 0A FF FF 00 00 00 05 00 00 02 35 

---->>>  [IN ]
2020/08/24 20:02:40:049
Linktest.rsp
00 00 00 0A FF FF 00 00 00 06 00 00 02 35 

---->>>  [IN ]
2020/08/24 20:02:41:910
Linktest.req
00 00 00 0A FF FF 00 00 00 05 80 00 01 5D 

<<<----  [OUT]
2020/08/24 20:02:41:910
Linktest.rsp
00 00 00 0A FF FF 00 00 00 06 80 00 01 5D 

<<<----  [OUT]
2020/08/24 20:02:50:065
Linktest.req
00 00 00 0A FF FF 00 00 00 05 00 00 02 36 

---->>>  [IN ]
2020/08/24 20:02:50:066
Linktest.rsp
00 00 00 0A FF FF 00 00 00 06 00 00 02 36 

<<<----  [OUT]
2020/08/24 20:03:00:078
Linktest.req
00 00 00 0A FF FF 00 00 00 05 00 00 02 37 

---->>>  [IN ]
2020/08/24 20:03:00:085
Linktest.rsp
00 00 00 0A FF FF 00 00 00 06 00 00 02 37 

<<<----  [OUT]
2020/08/24 20:03:10:100
Linktest.req
00 00 00 0A FF FF 00 00 00 05 00 00 02 38 

---->>>  [IN ]
2020/08/24 20:03:10:101
Linktest.rsp
00 00 00 0A FF FF 00 00 00 06 00 00 02 38 

<<<----  [OUT]
2020/08/24 20:03:20:115
Linktest.req
00 00 00 0A FF FF 00 00 00 05 00 00 02 39 

---->>>  [IN ]
2020/08/24 20:03:20:116
Linktest.rsp
00 00 00 0A FF FF 00 00 00 06 00 00 02 39 

<<<----  [OUT]
2020/08/24 20:03:30:128
Linktest.req
00 00 00 0A FF FF 00 00 00 05 00 00 02 3A 

---->>>  [IN ]
2020/08/24 20:03:30:132
Linktest.rsp
00 00 00 0A FF FF 00 00 00 06 00 00 02 3A 

<<<----  [OUT]
2020/08/24 20:03:40:145
Linktest.req
00 00 00 0A FF FF 00 00 00 05 00 00 02 3B 

---->>>  [IN ]
2020/08/24 20:03:40:146
Linktest.rsp
00 00 00 0A FF FF 00 00 00 06 00 00 02 3B 

---->>>  [IN ]
2020/08/24 20:03:41:914
Linktest.req
00 00 00 0A FF FF 00 00 00 05 80 00 01 5E 

<<<----  [OUT]
2020/08/24 20:03:41:914
Linktest.rsp
00 00 00 0A FF FF 00 00 00 06 80 00 01 5E 

<<<----  [OUT]
2020/08/24 20:03:50:153
Linktest.req
00 00 00 0A FF FF 00 00 00 05 00 00 02 3C 

---->>>  [IN ]
2020/08/24 20:03:50:154
Linktest.rsp
00 00 00 0A FF FF 00 00 00 06 00 00 02 3C 

<<<----  [OUT]
2020/08/24 20:04:00:162
Linktest.req
00 00 00 0A FF FF 00 00 00 05 00 00 02 3D 

---->>>  [IN ]
2020/08/24 20:04:00:166
Linktest.rsp
00 00 00 0A FF FF 00 00 00 06 00 00 02 3D 

<<<----  [OUT]
2020/08/24 20:04:10:174
Linktest.req
00 00 00 0A FF FF 00 00 00 05 00 00 02 3E 

---->>>  [IN ]
2020/08/24 20:04:10:175
Linktest.rsp
00 00 00 0A FF FF 00 00 00 06 00 00 02 3E 

<<<----  [OUT]
2020/08/24 20:04:20:184
Linktest.req
00 00 00 0A FF FF 00 00 00 05 00 00 02 3F 

---->>>  [IN ]
2020/08/24 20:04:20:185
Linktest.rsp
00 00 00 0A FF FF 00 00 00 06 00 00 02 3F 

<<<----  [OUT]
2020/08/24 20:04:30:198
Linktest.req
00 00 00 0A FF FF 00 00 00 05 00 00 02 40 

---->>>  [IN ]
2020/08/24 20:04:30:199
Linktest.rsp
00 00 00 0A FF FF 00 00 00 06 00 00 02 40 

<<<----  [OUT]
2020/08/24 20:04:40:215
Linktest.req
00 00 00 0A FF FF 00 00 00 05 00 00 02 41 

---->>>  [IN ]
2020/08/24 20:04:40:216
Linktest.rsp
00 00 00 0A FF FF 00 00 00 06 00 00 02 41 

---->>>  [IN ]
2020/08/24 20:04:41:911
Linktest.req
00 00 00 0A FF FF 00 00 00 05 80 00 01 5F 

<<<----  [OUT]
2020/08/24 20:04:41:911
Linktest.rsp
00 00 00 0A FF FF 00 00 00 06 80 00 01 5F 

<<<----  [OUT]
2020/08/24 20:04:50:223
Linktest.req
00 00 00 0A FF FF 00 00 00 05 00 00 02 42 

---->>>  [IN ]
2020/08/24 20:04:50:224
Linktest.rsp
00 00 00 0A FF FF 00 00 00 06 00 00 02 42 

<<<----  [OUT]
2020/08/24 20:05:00:236
Linktest.req
00 00 00 0A FF FF 00 00 00 05 00 00 02 43 

---->>>  [IN ]
2020/08/24 20:05:00:238
Linktest.rsp
00 00 00 0A FF FF 00 00 00 06 00 00 02 43 

<<<----  [OUT]
2020/08/24 20:05:10:250
Linktest.req
00 00 00 0A FF FF 00 00 00 05 00 00 02 44 

---->>>  [IN ]
2020/08/24 20:05:10:253
Linktest.rsp
00 00 00 0A FF FF 00 00 00 06 00 00 02 44 

<<<----  [OUT]
2020/08/24 20:05:20:267
Linktest.req
00 00 00 0A FF FF 00 00 00 05 00 00 02 45 

---->>>  [IN ]
2020/08/24 20:05:20:268
Linktest.rsp
00 00 00 0A FF FF 00 00 00 06 00 00 02 45 

<<<----  [OUT]
2020/08/24 20:05:30:280
Linktest.req
00 00 00 0A FF FF 00 00 00 05 00 00 02 46 

---->>>  [IN ]
2020/08/24 20:05:30:281
Linktest.rsp
00 00 00 0A FF FF 00 00 00 06 00 00 02 46 

<<<----  [OUT]
2020/08/24 20:05:40:290
Linktest.req
00 00 00 0A FF FF 00 00 00 05 00 00 02 47 

---->>>  [IN ]
2020/08/24 20:05:40:290
Linktest.rsp
00 00 00 0A FF FF 00 00 00 06 00 00 02 47 

---->>>  [IN ]
2020/08/24 20:05:41:915
Linktest.req
00 00 00 0A FF FF 00 00 00 05 80 00 01 60 

<<<----  [OUT]
2020/08/24 20:05:41:915
Linktest.rsp
00 00 00 0A FF FF 00 00 00 06 80 00 01 60 

<<<----  [OUT]
2020/08/24 20:05:50:303
Linktest.req
00 00 00 0A FF FF 00 00 00 05 00 00 02 48 

---->>>  [IN ]
2020/08/24 20:05:50:304
Linktest.rsp
00 00 00 0A FF FF 00 00 00 06 00 00 02 48 

<<<----  [OUT]
2020/08/24 20:06:00:318
Linktest.req
00 00 00 0A FF FF 00 00 00 05 00 00 02 49 

---->>>  [IN ]
2020/08/24 20:06:00:319
Linktest.rsp
00 00 00 0A FF FF 00 00 00 06 00 00 02 49 

<<<----  [OUT]
2020/08/24 20:06:10:334
Linktest.req
00 00 00 0A FF FF 00 00 00 05 00 00 02 4A 

---->>>  [IN ]
2020/08/24 20:06:10:335
Linktest.rsp
00 00 00 0A FF FF 00 00 00 06 00 00 02 4A 

<<<----  [OUT]
2020/08/24 20:06:20:348
Linktest.req
00 00 00 0A FF FF 00 00 00 05 00 00 02 4B 

---->>>  [IN ]
2020/08/24 20:06:20:349
Linktest.rsp
00 00 00 0A FF FF 00 00 00 06 00 00 02 4B 

<<<----  [OUT]
2020/08/24 20:06:30:363
Linktest.req
00 00 00 0A FF FF 00 00 00 05 00 00 02 4C 

---->>>  [IN ]
2020/08/24 20:06:30:364
Linktest.rsp
00 00 00 0A FF FF 00 00 00 06 00 00 02 4C 

<<<----  [OUT]
2020/08/24 20:06:40:378
Linktest.req
00 00 00 0A FF FF 00 00 00 05 00 00 02 4D 

---->>>  [IN ]
2020/08/24 20:06:40:379
Linktest.rsp
00 00 00 0A FF FF 00 00 00 06 00 00 02 4D 

---->>>  [IN ]
2020/08/24 20:06:41:915
Linktest.req
00 00 00 0A FF FF 00 00 00 05 80 00 01 61 

<<<----  [OUT]
2020/08/24 20:06:41:915
Linktest.rsp
00 00 00 0A FF FF 00 00 00 06 80 00 01 61 

<<<----  [OUT]
2020/08/24 20:06:50:387
Linktest.req
00 00 00 0A FF FF 00 00 00 05 00 00 02 4E 

---->>>  [IN ]
2020/08/24 20:06:50:388
Linktest.rsp
00 00 00 0A FF FF 00 00 00 06 00 00 02 4E 

<<<----  [OUT]
2020/08/24 20:07:00:400
Linktest.req
00 00 00 0A FF FF 00 00 00 05 00 00 02 4F 

---->>>  [IN ]
2020/08/24 20:07:00:401
Linktest.rsp
00 00 00 0A FF FF 00 00 00 06 00 00 02 4F 

<<<----  [OUT]
2020/08/24 20:07:10:414
Linktest.req
00 00 00 0A FF FF 00 00 00 05 00 00 02 50 

---->>>  [IN ]
2020/08/24 20:07:10:416
Linktest.rsp
00 00 00 0A FF FF 00 00 00 06 00 00 02 50 

<<<----  [OUT]
2020/08/24 20:07:20:429
Linktest.req
00 00 00 0A FF FF 00 00 00 05 00 00 02 51 

---->>>  [IN ]
2020/08/24 20:07:20:431
Linktest.rsp
00 00 00 0A FF FF 00 00 00 06 00 00 02 51 

<<<----  [OUT]
2020/08/24 20:07:30:437
Linktest.req
00 00 00 0A FF FF 00 00 00 05 00 00 02 52 

---->>>  [IN ]
2020/08/24 20:07:30:438
Linktest.rsp
00 00 00 0A FF FF 00 00 00 06 00 00 02 52 

<<<----  [OUT]
2020/08/24 20:07:40:449
Linktest.req
00 00 00 0A FF FF 00 00 00 05 00 00 02 53 

---->>>  [IN ]
2020/08/24 20:07:40:450
Linktest.rsp
00 00 00 0A FF FF 00 00 00 06 00 00 02 53 

---->>>  [IN ]
2020/08/24 20:07:41:916
Linktest.req
00 00 00 0A FF FF 00 00 00 05 80 00 01 62 

<<<----  [OUT]
2020/08/24 20:07:41:916
Linktest.rsp
00 00 00 0A FF FF 00 00 00 06 80 00 01 62 

<<<----  [OUT]
2020/08/24 20:07:50:461
Linktest.req
00 00 00 0A FF FF 00 00 00 05 00 00 02 54 

---->>>  [IN ]
2020/08/24 20:07:50:466
Linktest.rsp
00 00 00 0A FF FF 00 00 00 06 00 00 02 54 

<<<----  [OUT]
2020/08/24 20:08:00:478
Linktest.req
00 00 00 0A FF FF 00 00 00 05 00 00 02 55 

---->>>  [IN ]
2020/08/24 20:08:00:479
Linktest.rsp
00 00 00 0A FF FF 00 00 00 06 00 00 02 55 

<<<----  [OUT]
2020/08/24 20:08:10:490
Linktest.req
00 00 00 0A FF FF 00 00 00 05 00 00 02 56 

---->>>  [IN ]
2020/08/24 20:08:10:491
Linktest.rsp
00 00 00 0A FF FF 00 00 00 06 00 00 02 56 

<<<----  [OUT]
2020/08/24 20:08:20:501
Linktest.req
00 00 00 0A FF FF 00 00 00 05 00 00 02 57 

---->>>  [IN ]
2020/08/24 20:08:20:502
Linktest.rsp
00 00 00 0A FF FF 00 00 00 06 00 00 02 57 

<<<----  [OUT]
2020/08/24 20:08:30:515
Linktest.req
00 00 00 0A FF FF 00 00 00 05 00 00 02 58 

---->>>  [IN ]
2020/08/24 20:08:30:516
Linktest.rsp
00 00 00 0A FF FF 00 00 00 06 00 00 02 58 

<<<----  [OUT]
2020/08/24 20:08:40:527
Linktest.req
00 00 00 0A FF FF 00 00 00 05 00 00 02 59 

---->>>  [IN ]
2020/08/24 20:08:40:528
Linktest.rsp
00 00 00 0A FF FF 00 00 00 06 00 00 02 59 

---->>>  [IN ]
2020/08/24 20:08:41:910
Linktest.req
00 00 00 0A FF FF 00 00 00 05 80 00 01 63 

<<<----  [OUT]
2020/08/24 20:08:41:910
Linktest.rsp
00 00 00 0A FF FF 00 00 00 06 80 00 01 63 

<<<----  [OUT]
2020/08/24 20:08:50:545
Linktest.req
00 00 00 0A FF FF 00 00 00 05 00 00 02 5A 

---->>>  [IN ]
2020/08/24 20:08:50:547
Linktest.rsp
00 00 00 0A FF FF 00 00 00 06 00 00 02 5A 

<<<----  [OUT]
2020/08/24 20:09:00:564
Linktest.req
00 00 00 0A FF FF 00 00 00 05 00 00 02 5B 

---->>>  [IN ]
2020/08/24 20:09:00:565
Linktest.rsp
00 00 00 0A FF FF 00 00 00 06 00 00 02 5B 

<<<----  [OUT]
2020/08/24 20:09:10:581
Linktest.req
00 00 00 0A FF FF 00 00 00 05 00 00 02 5C 

---->>>  [IN ]
2020/08/24 20:09:10:582
Linktest.rsp
00 00 00 0A FF FF 00 00 00 06 00 00 02 5C 

<<<----  [OUT]
2020/08/24 20:09:20:598
Linktest.req
00 00 00 0A FF FF 00 00 00 05 00 00 02 5D 

---->>>  [IN ]
2020/08/24 20:09:20:599
Linktest.rsp
00 00 00 0A FF FF 00 00 00 06 00 00 02 5D 

<<<----  [OUT]
2020/08/24 20:09:30:616
Linktest.req
00 00 00 0A FF FF 00 00 00 05 00 00 02 5E 

---->>>  [IN ]
2020/08/24 20:09:30:617
Linktest.rsp
00 00 00 0A FF FF 00 00 00 06 00 00 02 5E 

<<<----  [OUT]
2020/08/24 20:09:40:634
Linktest.req
00 00 00 0A FF FF 00 00 00 05 00 00 02 5F 

---->>>  [IN ]
2020/08/24 20:09:40:638
Linktest.rsp
00 00 00 0A FF FF 00 00 00 06 00 00 02 5F 

---->>>  [IN ]
2020/08/24 20:09:41:909
Linktest.req
00 00 00 0A FF FF 00 00 00 05 80 00 01 64 

<<<----  [OUT]
2020/08/24 20:09:41:909
Linktest.rsp
00 00 00 0A FF FF 00 00 00 06 80 00 01 64 

<<<----  [OUT]
2020/08/24 20:09:50:655
Linktest.req
00 00 00 0A FF FF 00 00 00 05 00 00 02 60 

---->>>  [IN ]
2020/08/24 20:09:50:656
Linktest.rsp
00 00 00 0A FF FF 00 00 00 06 00 00 02 60 

<<<----  [OUT]
2020/08/24 20:10:00:673
Linktest.req
00 00 00 0A FF FF 00 00 00 05 00 00 02 61 

---->>>  [IN ]
2020/08/24 20:10:00:675
Linktest.rsp
00 00 00 0A FF FF 00 00 00 06 00 00 02 61 

<<<----  [OUT]
2020/08/24 20:10:10:692
Linktest.req
00 00 00 0A FF FF 00 00 00 05 00 00 02 62 

---->>>  [IN ]
2020/08/24 20:10:10:693
Linktest.rsp
00 00 00 0A FF FF 00 00 00 06 00 00 02 62 

<<<----  [OUT]
2020/08/24 20:10:20:708
Linktest.req
00 00 00 0A FF FF 00 00 00 05 00 00 02 63 

---->>>  [IN ]
2020/08/24 20:10:20:709
Linktest.rsp
00 00 00 0A FF FF 00 00 00 06 00 00 02 63 

<<<----  [OUT]
2020/08/24 20:10:30:720
Linktest.req
00 00 00 0A FF FF 00 00 00 05 00 00 02 64 

---->>>  [IN ]
2020/08/24 20:10:30:721
Linktest.rsp
00 00 00 0A FF FF 00 00 00 06 00 00 02 64 

<<<----  [OUT]
2020/08/24 20:10:40:737
Linktest.req
00 00 00 0A FF FF 00 00 00 05 00 00 02 65 

---->>>  [IN ]
2020/08/24 20:10:40:741
Linktest.rsp
00 00 00 0A FF FF 00 00 00 06 00 00 02 65 

---->>>  [IN ]
2020/08/24 20:10:41:914
Linktest.req
00 00 00 0A FF FF 00 00 00 05 80 00 01 65 

<<<----  [OUT]
2020/08/24 20:10:41:914
Linktest.rsp
00 00 00 0A FF FF 00 00 00 06 80 00 01 65 

<<<----  [OUT]
2020/08/24 20:10:50:761
Linktest.req
00 00 00 0A FF FF 00 00 00 05 00 00 02 66 

---->>>  [IN ]
2020/08/24 20:10:50:762
Linktest.rsp
00 00 00 0A FF FF 00 00 00 06 00 00 02 66 

<<<----  [OUT]
2020/08/24 20:11:00:780
Linktest.req
00 00 00 0A FF FF 00 00 00 05 00 00 02 67 

---->>>  [IN ]
2020/08/24 20:11:00:782
Linktest.rsp
00 00 00 0A FF FF 00 00 00 06 00 00 02 67 

<<<----  [OUT]
2020/08/24 20:11:10:799
Linktest.req
00 00 00 0A FF FF 00 00 00 05 00 00 02 68 

---->>>  [IN ]
2020/08/24 20:11:10:800
Linktest.rsp
00 00 00 0A FF FF 00 00 00 06 00 00 02 68 

<<<----  [OUT]
2020/08/24 20:11:20:814
Linktest.req
00 00 00 0A FF FF 00 00 00 05 00 00 02 69 

---->>>  [IN ]
2020/08/24 20:11:20:815
Linktest.rsp
00 00 00 0A FF FF 00 00 00 06 00 00 02 69 

<<<----  [OUT]
2020/08/24 20:11:30:832
Linktest.req
00 00 00 0A FF FF 00 00 00 05 00 00 02 6A 

---->>>  [IN ]
2020/08/24 20:11:30:833
Linktest.rsp
00 00 00 0A FF FF 00 00 00 06 00 00 02 6A 

<<<----  [OUT]
2020/08/24 20:11:40:849
Linktest.req
00 00 00 0A FF FF 00 00 00 05 00 00 02 6B 

---->>>  [IN ]
2020/08/24 20:11:40:850
Linktest.rsp
00 00 00 0A FF FF 00 00 00 06 00 00 02 6B 

---->>>  [IN ]
2020/08/24 20:11:41:910
Linktest.req
00 00 00 0A FF FF 00 00 00 05 80 00 01 66 

<<<----  [OUT]
2020/08/24 20:11:41:910
Linktest.rsp
00 00 00 0A FF FF 00 00 00 06 80 00 01 66 

<<<----  [OUT]
2020/08/24 20:11:50:866
Linktest.req
00 00 00 0A FF FF 00 00 00 05 00 00 02 6C 

---->>>  [IN ]
2020/08/24 20:11:50:867
Linktest.rsp
00 00 00 0A FF FF 00 00 00 06 00 00 02 6C 

<<<----  [OUT]
2020/08/24 20:12:00:876
Linktest.req
00 00 00 0A FF FF 00 00 00 05 00 00 02 6D 

---->>>  [IN ]
2020/08/24 20:12:00:877
Linktest.rsp
00 00 00 0A FF FF 00 00 00 06 00 00 02 6D 

<<<----  [OUT]
2020/08/24 20:12:10:892
Linktest.req
00 00 00 0A FF FF 00 00 00 05 00 00 02 6E 

---->>>  [IN ]
2020/08/24 20:12:10:897
Linktest.rsp
00 00 00 0A FF FF 00 00 00 06 00 00 02 6E 

<<<----  [OUT]
2020/08/24 20:12:20:909
Linktest.req
00 00 00 0A FF FF 00 00 00 05 00 00 02 6F 

---->>>  [IN ]
2020/08/24 20:12:20:910
Linktest.rsp
00 00 00 0A FF FF 00 00 00 06 00 00 02 6F 

<<<----  [OUT]
2020/08/24 20:12:30:918
Linktest.req
00 00 00 0A FF FF 00 00 00 05 00 00 02 70 

---->>>  [IN ]
2020/08/24 20:12:30:919
Linktest.rsp
00 00 00 0A FF FF 00 00 00 06 00 00 02 70 

<<<----  [OUT]
2020/08/24 20:12:40:928
Linktest.req
00 00 00 0A FF FF 00 00 00 05 00 00 02 71 

---->>>  [IN ]
2020/08/24 20:12:40:932
Linktest.rsp
00 00 00 0A FF FF 00 00 00 06 00 00 02 71 

---->>>  [IN ]
2020/08/24 20:12:41:910
Linktest.req
00 00 00 0A FF FF 00 00 00 05 80 00 01 67 

<<<----  [OUT]
2020/08/24 20:12:41:910
Linktest.rsp
00 00 00 0A FF FF 00 00 00 06 80 00 01 67 

<<<----  [OUT]
2020/08/24 20:12:50:946
Linktest.req
00 00 00 0A FF FF 00 00 00 05 00 00 02 72 

---->>>  [IN ]
2020/08/24 20:12:50:947
Linktest.rsp
00 00 00 0A FF FF 00 00 00 06 00 00 02 72 

<<<----  [OUT]
2020/08/24 20:13:00:962
Linktest.req
00 00 00 0A FF FF 00 00 00 05 00 00 02 73 

---->>>  [IN ]
2020/08/24 20:13:00:968
Linktest.rsp
00 00 00 0A FF FF 00 00 00 06 00 00 02 73 

<<<----  [OUT]
2020/08/24 20:13:10:985
Linktest.req
00 00 00 0A FF FF 00 00 00 05 00 00 02 74 

---->>>  [IN ]
2020/08/24 20:13:10:986
Linktest.rsp
00 00 00 0A FF FF 00 00 00 06 00 00 02 74 

<<<----  [OUT]
2020/08/24 20:13:20:996
Linktest.req
00 00 00 0A FF FF 00 00 00 05 00 00 02 75 

---->>>  [IN ]
2020/08/24 20:13:21:001
Linktest.rsp
00 00 00 0A FF FF 00 00 00 06 00 00 02 75 

<<<----  [OUT]
2020/08/24 20:13:31:015
Linktest.req
00 00 00 0A FF FF 00 00 00 05 00 00 02 76 

---->>>  [IN ]
2020/08/24 20:13:31:016
Linktest.rsp
00 00 00 0A FF FF 00 00 00 06 00 00 02 76 

<<<----  [OUT]
2020/08/24 20:13:41:028
Linktest.req
00 00 00 0A FF FF 00 00 00 05 00 00 02 77 

---->>>  [IN ]
2020/08/24 20:13:41:029
Linktest.rsp
00 00 00 0A FF FF 00 00 00 06 00 00 02 77 

---->>>  [IN ]
2020/08/24 20:13:41:939
Linktest.req
00 00 00 0A FF FF 00 00 00 05 80 00 01 68 

<<<----  [OUT]
2020/08/24 20:13:41:939
Linktest.rsp
00 00 00 0A FF FF 00 00 00 06 80 00 01 68 

<<<----  [OUT]
2020/08/24 20:13:51:041
Linktest.req
00 00 00 0A FF FF 00 00 00 05 00 00 02 78 

---->>>  [IN ]
2020/08/24 20:13:51:042
Linktest.rsp
00 00 00 0A FF FF 00 00 00 06 00 00 02 78 

<<<----  [OUT]
2020/08/24 20:14:01:051
Linktest.req
00 00 00 0A FF FF 00 00 00 05 00 00 02 79 

---->>>  [IN ]
2020/08/24 20:14:01:052
Linktest.rsp
00 00 00 0A FF FF 00 00 00 06 00 00 02 79 

<<<----  [OUT]
2020/08/24 20:14:11:064
Linktest.req
00 00 00 0A FF FF 00 00 00 05 00 00 02 7A 

---->>>  [IN ]
2020/08/24 20:14:11:066
Linktest.rsp
00 00 00 0A FF FF 00 00 00 06 00 00 02 7A 

<<<----  [OUT]
2020/08/24 20:14:21:078
Linktest.req
00 00 00 0A FF FF 00 00 00 05 00 00 02 7B 

---->>>  [IN ]
2020/08/24 20:14:21:079
Linktest.rsp
00 00 00 0A FF FF 00 00 00 06 00 00 02 7B 

<<<----  [OUT]
2020/08/24 20:14:31:092
Linktest.req
00 00 00 0A FF FF 00 00 00 05 00 00 02 7C 

---->>>  [IN ]
2020/08/24 20:14:31:093
Linktest.rsp
00 00 00 0A FF FF 00 00 00 06 00 00 02 7C 

<<<----  [OUT]
2020/08/24 20:14:41:110
Linktest.req
00 00 00 0A FF FF 00 00 00 05 00 00 02 7D 

---->>>  [IN ]
2020/08/24 20:14:41:111
Linktest.rsp
00 00 00 0A FF FF 00 00 00 06 00 00 02 7D 

---->>>  [IN ]
2020/08/24 20:14:41:927
Linktest.req
00 00 00 0A FF FF 00 00 00 05 80 00 01 69 

<<<----  [OUT]
2020/08/24 20:14:41:927
Linktest.rsp
00 00 00 0A FF FF 00 00 00 06 80 00 01 69 

<<<----  [OUT]
2020/08/24 20:14:51:122
Linktest.req
00 00 00 0A FF FF 00 00 00 05 00 00 02 7E 

---->>>  [IN ]
2020/08/24 20:14:51:123
Linktest.rsp
00 00 00 0A FF FF 00 00 00 06 00 00 02 7E 

<<<----  [OUT]
2020/08/24 20:15:01:139
Linktest.req
00 00 00 0A FF FF 00 00 00 05 00 00 02 7F 

---->>>  [IN ]
2020/08/24 20:15:01:147
Linktest.rsp
00 00 00 0A FF FF 00 00 00 06 00 00 02 7F 

<<<----  [OUT]
2020/08/24 20:15:11:164
Linktest.req
00 00 00 0A FF FF 00 00 00 05 00 00 02 80 

---->>>  [IN ]
2020/08/24 20:15:11:165
Linktest.rsp
00 00 00 0A FF FF 00 00 00 06 00 00 02 80 

<<<----  [OUT]
2020/08/24 20:15:21:178
Linktest.req
00 00 00 0A FF FF 00 00 00 05 00 00 02 81 

---->>>  [IN ]
2020/08/24 20:15:21:179
Linktest.rsp
00 00 00 0A FF FF 00 00 00 06 00 00 02 81 

<<<----  [OUT]
2020/08/24 20:15:31:192
Linktest.req
00 00 00 0A FF FF 00 00 00 05 00 00 02 82 

---->>>  [IN ]
2020/08/24 20:15:31:193
Linktest.rsp
00 00 00 0A FF FF 00 00 00 06 00 00 02 82 

<<<----  [OUT]
2020/08/24 20:15:41:207
Linktest.req
00 00 00 0A FF FF 00 00 00 05 00 00 02 83 

---->>>  [IN ]
2020/08/24 20:15:41:208
Linktest.rsp
00 00 00 0A FF FF 00 00 00 06 00 00 02 83 

---->>>  [IN ]
2020/08/24 20:15:41:926
Linktest.req
00 00 00 0A FF FF 00 00 00 05 80 00 01 6A 

<<<----  [OUT]
2020/08/24 20:15:41:926
Linktest.rsp
00 00 00 0A FF FF 00 00 00 06 80 00 01 6A 

<<<----  [OUT]
2020/08/24 20:15:51:224
Linktest.req
00 00 00 0A FF FF 00 00 00 05 00 00 02 84 

---->>>  [IN ]
2020/08/24 20:15:51:229
Linktest.rsp
00 00 00 0A FF FF 00 00 00 06 00 00 02 84 

<<<----  [OUT]
2020/08/24 20:16:01:240
Linktest.req
00 00 00 0A FF FF 00 00 00 05 00 00 02 85 

---->>>  [IN ]
2020/08/24 20:16:01:241
Linktest.rsp
00 00 00 0A FF FF 00 00 00 06 00 00 02 85 

<<<----  [OUT]
2020/08/24 20:16:11:258
Linktest.req
00 00 00 0A FF FF 00 00 00 05 00 00 02 86 

---->>>  [IN ]
2020/08/24 20:16:11:259
Linktest.rsp
00 00 00 0A FF FF 00 00 00 06 00 00 02 86 

<<<----  [OUT]
2020/08/24 20:16:21:264
Linktest.req
00 00 00 0A FF FF 00 00 00 05 00 00 02 87 

---->>>  [IN ]
2020/08/24 20:16:21:265
Linktest.rsp
00 00 00 0A FF FF 00 00 00 06 00 00 02 87 

<<<----  [OUT]
2020/08/24 20:16:31:277
Linktest.req
00 00 00 0A FF FF 00 00 00 05 00 00 02 88 

---->>>  [IN ]
2020/08/24 20:16:31:278
Linktest.rsp
00 00 00 0A FF FF 00 00 00 06 00 00 02 88 

<<<----  [OUT]
2020/08/24 20:16:41:287
Linktest.req
00 00 00 0A FF FF 00 00 00 05 00 00 02 89 

---->>>  [IN ]
2020/08/24 20:16:41:288
Linktest.rsp
00 00 00 0A FF FF 00 00 00 06 00 00 02 89 

---->>>  [IN ]
2020/08/24 20:16:41:928
Linktest.req
00 00 00 0A FF FF 00 00 00 05 80 00 01 6B 

<<<----  [OUT]
2020/08/24 20:16:41:928
Linktest.rsp
00 00 00 0A FF FF 00 00 00 06 80 00 01 6B 

<<<----  [OUT]
2020/08/24 20:16:51:289
Linktest.req
00 00 00 0A FF FF 00 00 00 05 00 00 02 8A 

---->>>  [IN ]
2020/08/24 20:16:51:290
Linktest.rsp
00 00 00 0A FF FF 00 00 00 06 00 00 02 8A 

<<<----  [OUT]
2020/08/24 20:17:01:306
Linktest.req
00 00 00 0A FF FF 00 00 00 05 00 00 02 8B 

---->>>  [IN ]
2020/08/24 20:17:01:318
Linktest.rsp
00 00 00 0A FF FF 00 00 00 06 00 00 02 8B 

<<<----  [OUT]
2020/08/24 20:17:11:346
Linktest.req
00 00 00 0A FF FF 00 00 00 05 00 00 02 8C 

---->>>  [IN ]
2020/08/24 20:17:11:347
Linktest.rsp
00 00 00 0A FF FF 00 00 00 06 00 00 02 8C 

<<<----  [OUT]
2020/08/24 20:17:21:366
Linktest.req
00 00 00 0A FF FF 00 00 00 05 00 00 02 8D 

---->>>  [IN ]
2020/08/24 20:17:21:367
Linktest.rsp
00 00 00 0A FF FF 00 00 00 06 00 00 02 8D 

<<<----  [OUT]
2020/08/24 20:17:31:381
Linktest.req
00 00 00 0A FF FF 00 00 00 05 00 00 02 8E 

---->>>  [IN ]
2020/08/24 20:17:31:382
Linktest.rsp
00 00 00 0A FF FF 00 00 00 06 00 00 02 8E 

<<<----  [OUT]
2020/08/24 20:17:41:396
Linktest.req
00 00 00 0A FF FF 00 00 00 05 00 00 02 8F 

---->>>  [IN ]
2020/08/24 20:17:41:399
Linktest.rsp
00 00 00 0A FF FF 00 00 00 06 00 00 02 8F 

---->>>  [IN ]
2020/08/24 20:17:41:926
Linktest.req
00 00 00 0A FF FF 00 00 00 05 80 00 01 6C 

<<<----  [OUT]
2020/08/24 20:17:41:926
Linktest.rsp
00 00 00 0A FF FF 00 00 00 06 80 00 01 6C 

<<<----  [OUT]
2020/08/24 20:17:51:416
Linktest.req
00 00 00 0A FF FF 00 00 00 05 00 00 02 90 

---->>>  [IN ]
2020/08/24 20:17:51:417
Linktest.rsp
00 00 00 0A FF FF 00 00 00 06 00 00 02 90 

<<<----  [OUT]
2020/08/24 20:18:01:435
Linktest.req
00 00 00 0A FF FF 00 00 00 05 00 00 02 91 

---->>>  [IN ]
2020/08/24 20:18:01:435
Linktest.rsp
00 00 00 0A FF FF 00 00 00 06 00 00 02 91 

<<<----  [OUT]
2020/08/24 20:18:11:454
Linktest.req
00 00 00 0A FF FF 00 00 00 05 00 00 02 92 

---->>>  [IN ]
2020/08/24 20:18:11:455
Linktest.rsp
00 00 00 0A FF FF 00 00 00 06 00 00 02 92 

<<<----  [OUT]
2020/08/24 20:18:21:475
Linktest.req
00 00 00 0A FF FF 00 00 00 05 00 00 02 93 

---->>>  [IN ]
2020/08/24 20:18:21:476
Linktest.rsp
00 00 00 0A FF FF 00 00 00 06 00 00 02 93 

<<<----  [OUT]
2020/08/24 20:18:31:493
Linktest.req
00 00 00 0A FF FF 00 00 00 05 00 00 02 94 

---->>>  [IN ]
2020/08/24 20:18:31:494
Linktest.rsp
00 00 00 0A FF FF 00 00 00 06 00 00 02 94 

<<<----  [OUT]
2020/08/24 20:18:41:509
Linktest.req
00 00 00 0A FF FF 00 00 00 05 00 00 02 95 

---->>>  [IN ]
2020/08/24 20:18:41:510
Linktest.rsp
00 00 00 0A FF FF 00 00 00 06 00 00 02 95 

---->>>  [IN ]
2020/08/24 20:18:41:926
Linktest.req
00 00 00 0A FF FF 00 00 00 05 80 00 01 6D 

<<<----  [OUT]
2020/08/24 20:18:41:926
Linktest.rsp
00 00 00 0A FF FF 00 00 00 06 80 00 01 6D 

<<<----  [OUT]
2020/08/24 20:18:51:526
Linktest.req
00 00 00 0A FF FF 00 00 00 05 00 00 02 96 

---->>>  [IN ]
2020/08/24 20:18:51:527
Linktest.rsp
00 00 00 0A FF FF 00 00 00 06 00 00 02 96 

<<<----  [OUT]
2020/08/24 20:19:01:546
Linktest.req
00 00 00 0A FF FF 00 00 00 05 00 00 02 97 

---->>>  [IN ]
2020/08/24 20:19:01:548
Linktest.rsp
00 00 00 0A FF FF 00 00 00 06 00 00 02 97 

<<<----  [OUT]
2020/08/24 20:19:11:567
Linktest.req
00 00 00 0A FF FF 00 00 00 05 00 00 02 98 

---->>>  [IN ]
2020/08/24 20:19:11:568
Linktest.rsp
00 00 00 0A FF FF 00 00 00 06 00 00 02 98 

<<<----  [OUT]
2020/08/24 20:19:21:584
Linktest.req
00 00 00 0A FF FF 00 00 00 05 00 00 02 99 

---->>>  [IN ]
2020/08/24 20:19:21:586
Linktest.rsp
00 00 00 0A FF FF 00 00 00 06 00 00 02 99 

<<<----  [OUT]
2020/08/24 20:19:31:604
Linktest.req
00 00 00 0A FF FF 00 00 00 05 00 00 02 9A 

---->>>  [IN ]
2020/08/24 20:19:31:606
Linktest.rsp
00 00 00 0A FF FF 00 00 00 06 00 00 02 9A 

<<<----  [OUT]
2020/08/24 20:19:41:624
Linktest.req
00 00 00 0A FF FF 00 00 00 05 00 00 02 9B 

---->>>  [IN ]
2020/08/24 20:19:41:626
Linktest.rsp
00 00 00 0A FF FF 00 00 00 06 00 00 02 9B 

---->>>  [IN ]
2020/08/24 20:19:41:933
Linktest.req
00 00 00 0A FF FF 00 00 00 05 80 00 01 6E 

<<<----  [OUT]
2020/08/24 20:19:41:933
Linktest.rsp
00 00 00 0A FF FF 00 00 00 06 80 00 01 6E 

<<<----  [OUT]
2020/08/24 20:19:51:645
Linktest.req
00 00 00 0A FF FF 00 00 00 05 00 00 02 9C 

---->>>  [IN ]
2020/08/24 20:19:51:647
Linktest.rsp
00 00 00 0A FF FF 00 00 00 06 00 00 02 9C 

<<<----  [OUT]
2020/08/24 20:20:01:665
Linktest.req
00 00 00 0A FF FF 00 00 00 05 00 00 02 9D 

---->>>  [IN ]
2020/08/24 20:20:01:665
Linktest.rsp
00 00 00 0A FF FF 00 00 00 06 00 00 02 9D 

<<<----  [OUT]
2020/08/24 20:20:11:680
Linktest.req
00 00 00 0A FF FF 00 00 00 05 00 00 02 9E 

---->>>  [IN ]
2020/08/24 20:20:11:681
Linktest.rsp
00 00 00 0A FF FF 00 00 00 06 00 00 02 9E 

<<<----  [OUT]
2020/08/24 20:20:21:698
Linktest.req
00 00 00 0A FF FF 00 00 00 05 00 00 02 9F 

---->>>  [IN ]
2020/08/24 20:20:21:699
Linktest.rsp
00 00 00 0A FF FF 00 00 00 06 00 00 02 9F 

<<<----  [OUT]
2020/08/24 20:20:31:713
Linktest.req
00 00 00 0A FF FF 00 00 00 05 00 00 02 A0 

---->>>  [IN ]
2020/08/24 20:20:31:716
Linktest.rsp
00 00 00 0A FF FF 00 00 00 06 00 00 02 A0 

<<<----  [OUT]
2020/08/24 20:20:41:731
Linktest.req
00 00 00 0A FF FF 00 00 00 05 00 00 02 A1 

---->>>  [IN ]
2020/08/24 20:20:41:733
Linktest.rsp
00 00 00 0A FF FF 00 00 00 06 00 00 02 A1 

---->>>  [IN ]
2020/08/24 20:20:41:934
Linktest.req
00 00 00 0A FF FF 00 00 00 05 80 00 01 6F 

<<<----  [OUT]
2020/08/24 20:20:41:934
Linktest.rsp
00 00 00 0A FF FF 00 00 00 06 80 00 01 6F 

<<<----  [OUT]
2020/08/24 20:20:51:750
Linktest.req
00 00 00 0A FF FF 00 00 00 05 00 00 02 A2 

---->>>  [IN ]
2020/08/24 20:20:51:755
Linktest.rsp
00 00 00 0A FF FF 00 00 00 06 00 00 02 A2 

<<<----  [OUT]
2020/08/24 20:21:01:770
Linktest.req
00 00 00 0A FF FF 00 00 00 05 00 00 02 A3 

---->>>  [IN ]
2020/08/24 20:21:01:771
Linktest.rsp
00 00 00 0A FF FF 00 00 00 06 00 00 02 A3 

<<<----  [OUT]
2020/08/24 20:21:11:787
Linktest.req
00 00 00 0A FF FF 00 00 00 05 00 00 02 A4 

---->>>  [IN ]
2020/08/24 20:21:11:789
Linktest.rsp
00 00 00 0A FF FF 00 00 00 06 00 00 02 A4 

<<<----  [OUT]
2020/08/24 20:21:21:802
Linktest.req
00 00 00 0A FF FF 00 00 00 05 00 00 02 A5 

---->>>  [IN ]
2020/08/24 20:21:21:803
Linktest.rsp
00 00 00 0A FF FF 00 00 00 06 00 00 02 A5 

<<<----  [OUT]
2020/08/24 20:21:31:820
Linktest.req
00 00 00 0A FF FF 00 00 00 05 00 00 02 A6 

---->>>  [IN ]
2020/08/24 20:21:31:821
Linktest.rsp
00 00 00 0A FF FF 00 00 00 06 00 00 02 A6 

<<<----  [OUT]
2020/08/24 20:21:41:836
Linktest.req
00 00 00 0A FF FF 00 00 00 05 00 00 02 A7 

---->>>  [IN ]
2020/08/24 20:21:41:837
Linktest.rsp
00 00 00 0A FF FF 00 00 00 06 00 00 02 A7 

---->>>  [IN ]
2020/08/24 20:21:41:929
Linktest.req
00 00 00 0A FF FF 00 00 00 05 80 00 01 70 

<<<----  [OUT]
2020/08/24 20:21:41:929
Linktest.rsp
00 00 00 0A FF FF 00 00 00 06 80 00 01 70 

<<<----  [OUT]
2020/08/24 20:21:51:852
Linktest.req
00 00 00 0A FF FF 00 00 00 05 00 00 02 A8 

---->>>  [IN ]
2020/08/24 20:21:51:853
Linktest.rsp
00 00 00 0A FF FF 00 00 00 06 00 00 02 A8 

<<<----  [OUT]
2020/08/24 20:22:01:868
Linktest.req
00 00 00 0A FF FF 00 00 00 05 00 00 02 A9 

---->>>  [IN ]
2020/08/24 20:22:01:869
Linktest.rsp
00 00 00 0A FF FF 00 00 00 06 00 00 02 A9 

<<<----  [OUT]
2020/08/24 20:22:11:886
Linktest.req
00 00 00 0A FF FF 00 00 00 05 00 00 02 AA 

---->>>  [IN ]
2020/08/24 20:22:11:887
Linktest.rsp
00 00 00 0A FF FF 00 00 00 06 00 00 02 AA 

<<<----  [OUT]
2020/08/24 20:22:21:902
Linktest.req
00 00 00 0A FF FF 00 00 00 05 00 00 02 AB 

---->>>  [IN ]
2020/08/24 20:22:21:903
Linktest.rsp
00 00 00 0A FF FF 00 00 00 06 00 00 02 AB 

<<<----  [OUT]
2020/08/24 20:22:31:920
Linktest.req
00 00 00 0A FF FF 00 00 00 05 00 00 02 AC 

---->>>  [IN ]
2020/08/24 20:22:31:921
Linktest.rsp
00 00 00 0A FF FF 00 00 00 06 00 00 02 AC 

---->>>  [IN ]
2020/08/24 20:22:41:926
Linktest.req
00 00 00 0A FF FF 00 00 00 05 80 00 01 71 

<<<----  [OUT]
2020/08/24 20:22:41:926
Linktest.rsp
00 00 00 0A FF FF 00 00 00 06 80 00 01 71 

<<<----  [OUT]
2020/08/24 20:22:41:940
Linktest.req
00 00 00 0A FF FF 00 00 00 05 00 00 02 AD 

---->>>  [IN ]
2020/08/24 20:22:41:979
Linktest.rsp
00 00 00 0A FF FF 00 00 00 06 00 00 02 AD 

<<<----  [OUT]
2020/08/24 20:22:51:995
Linktest.req
00 00 00 0A FF FF 00 00 00 05 00 00 02 AE 

---->>>  [IN ]
2020/08/24 20:22:51:996
Linktest.rsp
00 00 00 0A FF FF 00 00 00 06 00 00 02 AE 

<<<----  [OUT]
2020/08/24 20:23:02:008
Linktest.req
00 00 00 0A FF FF 00 00 00 05 00 00 02 AF 

---->>>  [IN ]
2020/08/24 20:23:02:010
Linktest.rsp
00 00 00 0A FF FF 00 00 00 06 00 00 02 AF 

<<<----  [OUT]
2020/08/24 20:23:12:023
Linktest.req
00 00 00 0A FF FF 00 00 00 05 00 00 02 B0 

---->>>  [IN ]
2020/08/24 20:23:12:024
Linktest.rsp
00 00 00 0A FF FF 00 00 00 06 00 00 02 B0 

<<<----  [OUT]
2020/08/24 20:23:22:038
Linktest.req
00 00 00 0A FF FF 00 00 00 05 00 00 02 B1 

---->>>  [IN ]
2020/08/24 20:23:22:039
Linktest.rsp
00 00 00 0A FF FF 00 00 00 06 00 00 02 B1 

<<<----  [OUT]
2020/08/24 20:23:32:049
Linktest.req
00 00 00 0A FF FF 00 00 00 05 00 00 02 B2 

---->>>  [IN ]
2020/08/24 20:23:32:050
Linktest.rsp
00 00 00 0A FF FF 00 00 00 06 00 00 02 B2 

---->>>  [IN ]
2020/08/24 20:23:41:931
Linktest.req
00 00 00 0A FF FF 00 00 00 05 80 00 01 72 

<<<----  [OUT]
2020/08/24 20:23:41:931
Linktest.rsp
00 00 00 0A FF FF 00 00 00 06 80 00 01 72 

<<<----  [OUT]
2020/08/24 20:23:42:063
Linktest.req
00 00 00 0A FF FF 00 00 00 05 00 00 02 B3 

---->>>  [IN ]
2020/08/24 20:23:42:064
Linktest.rsp
00 00 00 0A FF FF 00 00 00 06 00 00 02 B3 

<<<----  [OUT]
2020/08/24 20:23:52:074
Linktest.req
00 00 00 0A FF FF 00 00 00 05 00 00 02 B4 

---->>>  [IN ]
2020/08/24 20:23:52:075
Linktest.rsp
00 00 00 0A FF FF 00 00 00 06 00 00 02 B4 

<<<----  [OUT]
2020/08/24 20:24:02:090
Linktest.req
00 00 00 0A FF FF 00 00 00 05 00 00 02 B5 

---->>>  [IN ]
2020/08/24 20:24:02:091
Linktest.rsp
00 00 00 0A FF FF 00 00 00 06 00 00 02 B5 

<<<----  [OUT]
2020/08/24 20:24:12:109
Linktest.req
00 00 00 0A FF FF 00 00 00 05 00 00 02 B6 

---->>>  [IN ]
2020/08/24 20:24:12:110
Linktest.rsp
00 00 00 0A FF FF 00 00 00 06 00 00 02 B6 

<<<----  [OUT]
2020/08/24 20:24:22:126
Linktest.req
00 00 00 0A FF FF 00 00 00 05 00 00 02 B7 

---->>>  [IN ]
2020/08/24 20:24:22:127
Linktest.rsp
00 00 00 0A FF FF 00 00 00 06 00 00 02 B7 

<<<----  [OUT]
2020/08/24 20:24:32:143
Linktest.req
00 00 00 0A FF FF 00 00 00 05 00 00 02 B8 

---->>>  [IN ]
2020/08/24 20:24:32:144
Linktest.rsp
00 00 00 0A FF FF 00 00 00 06 00 00 02 B8 

---->>>  [IN ]
2020/08/24 20:24:41:928
Linktest.req
00 00 00 0A FF FF 00 00 00 05 80 00 01 73 

<<<----  [OUT]
2020/08/24 20:24:41:928
Linktest.rsp
00 00 00 0A FF FF 00 00 00 06 80 00 01 73 

<<<----  [OUT]
2020/08/24 20:24:42:161
Linktest.req
00 00 00 0A FF FF 00 00 00 05 00 00 02 B9 

---->>>  [IN ]
2020/08/24 20:24:42:162
Linktest.rsp
00 00 00 0A FF FF 00 00 00 06 00 00 02 B9 

<<<----  [OUT]
2020/08/24 20:24:52:178
Linktest.req
00 00 00 0A FF FF 00 00 00 05 00 00 02 BA 

---->>>  [IN ]
2020/08/24 20:24:52:179
Linktest.rsp
00 00 00 0A FF FF 00 00 00 06 00 00 02 BA 

<<<----  [OUT]
2020/08/24 20:25:02:193
Linktest.req
00 00 00 0A FF FF 00 00 00 05 00 00 02 BB 

---->>>  [IN ]
2020/08/24 20:25:02:195
Linktest.rsp
00 00 00 0A FF FF 00 00 00 06 00 00 02 BB 

<<<----  [OUT]
2020/08/24 20:25:12:212
Linktest.req
00 00 00 0A FF FF 00 00 00 05 00 00 02 BC 

---->>>  [IN ]
2020/08/24 20:25:12:213
Linktest.rsp
00 00 00 0A FF FF 00 00 00 06 00 00 02 BC 

<<<----  [OUT]
2020/08/24 20:25:22:230
Linktest.req
00 00 00 0A FF FF 00 00 00 05 00 00 02 BD 

---->>>  [IN ]
2020/08/24 20:25:22:231
Linktest.rsp
00 00 00 0A FF FF 00 00 00 06 00 00 02 BD 

<<<----  [OUT]
2020/08/24 20:25:32:248
Linktest.req
00 00 00 0A FF FF 00 00 00 05 00 00 02 BE 

---->>>  [IN ]
2020/08/24 20:25:32:249
Linktest.rsp
00 00 00 0A FF FF 00 00 00 06 00 00 02 BE 

---->>>  [IN ]
2020/08/24 20:25:41:927
Linktest.req
00 00 00 0A FF FF 00 00 00 05 80 00 01 74 

<<<----  [OUT]
2020/08/24 20:25:41:927
Linktest.rsp
00 00 00 0A FF FF 00 00 00 06 80 00 01 74 

<<<----  [OUT]
2020/08/24 20:25:42:264
Linktest.req
00 00 00 0A FF FF 00 00 00 05 00 00 02 BF 

---->>>  [IN ]
2020/08/24 20:25:42:265
Linktest.rsp
00 00 00 0A FF FF 00 00 00 06 00 00 02 BF 

<<<----  [OUT]
2020/08/24 20:25:52:282
Linktest.req
00 00 00 0A FF FF 00 00 00 05 00 00 02 C0 

---->>>  [IN ]
2020/08/24 20:25:52:283
Linktest.rsp
00 00 00 0A FF FF 00 00 00 06 00 00 02 C0 

<<<----  [OUT]
2020/08/24 20:26:02:300
Linktest.req
00 00 00 0A FF FF 00 00 00 05 00 00 02 C1 

---->>>  [IN ]
2020/08/24 20:26:02:301
Linktest.rsp
00 00 00 0A FF FF 00 00 00 06 00 00 02 C1 

<<<----  [OUT]
2020/08/24 20:26:12:317
Linktest.req
00 00 00 0A FF FF 00 00 00 05 00 00 02 C2 

---->>>  [IN ]
2020/08/24 20:26:12:331
Linktest.rsp
00 00 00 0A FF FF 00 00 00 06 00 00 02 C2 

<<<----  [OUT]
2020/08/24 20:26:22:349
Linktest.req
00 00 00 0A FF FF 00 00 00 05 00 00 02 C3 

---->>>  [IN ]
2020/08/24 20:26:22:350
Linktest.rsp
00 00 00 0A FF FF 00 00 00 06 00 00 02 C3 

<<<----  [OUT]
2020/08/24 20:26:32:362
Linktest.req
00 00 00 0A FF FF 00 00 00 05 00 00 02 C4 

---->>>  [IN ]
2020/08/24 20:26:32:363
Linktest.rsp
00 00 00 0A FF FF 00 00 00 06 00 00 02 C4 

---->>>  [IN ]
2020/08/24 20:26:41:930
Linktest.req
00 00 00 0A FF FF 00 00 00 05 80 00 01 75 

<<<----  [OUT]
2020/08/24 20:26:41:930
Linktest.rsp
00 00 00 0A FF FF 00 00 00 06 80 00 01 75 

<<<----  [OUT]
2020/08/24 20:26:42:381
Linktest.req
00 00 00 0A FF FF 00 00 00 05 00 00 02 C5 

---->>>  [IN ]
2020/08/24 20:26:42:382
Linktest.rsp
00 00 00 0A FF FF 00 00 00 06 00 00 02 C5 

<<<----  [OUT]
2020/08/24 20:26:52:401
Linktest.req
00 00 00 0A FF FF 00 00 00 05 00 00 02 C6 

---->>>  [IN ]
2020/08/24 20:26:52:402
Linktest.rsp
00 00 00 0A FF FF 00 00 00 06 00 00 02 C6 

<<<----  [OUT]
2020/08/24 20:27:02:417
Linktest.req
00 00 00 0A FF FF 00 00 00 05 00 00 02 C7 

---->>>  [IN ]
2020/08/24 20:27:02:418
Linktest.rsp
00 00 00 0A FF FF 00 00 00 06 00 00 02 C7 

<<<----  [OUT]
2020/08/24 20:27:12:433
Linktest.req
00 00 00 0A FF FF 00 00 00 05 00 00 02 C8 

---->>>  [IN ]
2020/08/24 20:27:12:434
Linktest.rsp
00 00 00 0A FF FF 00 00 00 06 00 00 02 C8 

<<<----  [OUT]
2020/08/24 20:27:22:451
Linktest.req
00 00 00 0A FF FF 00 00 00 05 00 00 02 C9 

---->>>  [IN ]
2020/08/24 20:27:22:454
Linktest.rsp
00 00 00 0A FF FF 00 00 00 06 00 00 02 C9 

<<<----  [OUT]
2020/08/24 20:27:32:465
Linktest.req
00 00 00 0A FF FF 00 00 00 05 00 00 02 CA 

---->>>  [IN ]
2020/08/24 20:27:32:466
Linktest.rsp
00 00 00 0A FF FF 00 00 00 06 00 00 02 CA 

---->>>  [IN ]
2020/08/24 20:27:41:933
Linktest.req
00 00 00 0A FF FF 00 00 00 05 80 00 01 76 

<<<----  [OUT]
2020/08/24 20:27:41:933
Linktest.rsp
00 00 00 0A FF FF 00 00 00 06 80 00 01 76 

<<<----  [OUT]
2020/08/24 20:27:42:483
Linktest.req
00 00 00 0A FF FF 00 00 00 05 00 00 02 CB 

---->>>  [IN ]
2020/08/24 20:27:42:484
Linktest.rsp
00 00 00 0A FF FF 00 00 00 06 00 00 02 CB 

<<<----  [OUT]
2020/08/24 20:27:52:495
Linktest.req
00 00 00 0A FF FF 00 00 00 05 00 00 02 CC 

---->>>  [IN ]
2020/08/24 20:27:52:496
Linktest.rsp
00 00 00 0A FF FF 00 00 00 06 00 00 02 CC 

<<<----  [OUT]
2020/08/24 20:28:02:503
Linktest.req
00 00 00 0A FF FF 00 00 00 05 00 00 02 CD 

---->>>  [IN ]
2020/08/24 20:28:02:504
Linktest.rsp
00 00 00 0A FF FF 00 00 00 06 00 00 02 CD 

<<<----  [OUT]
2020/08/24 20:28:12:517
Linktest.req
00 00 00 0A FF FF 00 00 00 05 00 00 02 CE 

---->>>  [IN ]
2020/08/24 20:28:12:521
Linktest.rsp
00 00 00 0A FF FF 00 00 00 06 00 00 02 CE 

<<<----  [OUT]
2020/08/24 20:28:22:535
Linktest.req
00 00 00 0A FF FF 00 00 00 05 00 00 02 CF 

---->>>  [IN ]
2020/08/24 20:28:22:536
Linktest.rsp
00 00 00 0A FF FF 00 00 00 06 00 00 02 CF 

<<<----  [OUT]
2020/08/24 20:28:32:547
Linktest.req
00 00 00 0A FF FF 00 00 00 05 00 00 02 D0 

---->>>  [IN ]
2020/08/24 20:28:32:548
Linktest.rsp
00 00 00 0A FF FF 00 00 00 06 00 00 02 D0 

---->>>  [IN ]
2020/08/24 20:28:41:934
Linktest.req
00 00 00 0A FF FF 00 00 00 05 80 00 01 77 

<<<----  [OUT]
2020/08/24 20:28:41:934
Linktest.rsp
00 00 00 0A FF FF 00 00 00 06 80 00 01 77 

<<<----  [OUT]
2020/08/24 20:28:42:560
Linktest.req
00 00 00 0A FF FF 00 00 00 05 00 00 02 D1 

---->>>  [IN ]
2020/08/24 20:28:42:563
Linktest.rsp
00 00 00 0A FF FF 00 00 00 06 00 00 02 D1 

<<<----  [OUT]
2020/08/24 20:28:52:575
Linktest.req
00 00 00 0A FF FF 00 00 00 05 00 00 02 D2 

---->>>  [IN ]
2020/08/24 20:28:52:576
Linktest.rsp
00 00 00 0A FF FF 00 00 00 06 00 00 02 D2 

<<<----  [OUT]
2020/08/24 20:29:02:589
Linktest.req
00 00 00 0A FF FF 00 00 00 05 00 00 02 D3 

---->>>  [IN ]
2020/08/24 20:29:02:590
Linktest.rsp
00 00 00 0A FF FF 00 00 00 06 00 00 02 D3 

<<<----  [OUT]
2020/08/24 20:29:12:608
Linktest.req
00 00 00 0A FF FF 00 00 00 05 00 00 02 D4 

---->>>  [IN ]
2020/08/24 20:29:12:611
Linktest.rsp
00 00 00 0A FF FF 00 00 00 06 00 00 02 D4 

<<<----  [OUT]
2020/08/24 20:29:22:622
Linktest.req
00 00 00 0A FF FF 00 00 00 05 00 00 02 D5 

---->>>  [IN ]
2020/08/24 20:29:22:623
Linktest.rsp
00 00 00 0A FF FF 00 00 00 06 00 00 02 D5 

<<<----  [OUT]
2020/08/24 20:29:32:637
Linktest.req
00 00 00 0A FF FF 00 00 00 05 00 00 02 D6 

---->>>  [IN ]
2020/08/24 20:29:32:638
Linktest.rsp
00 00 00 0A FF FF 00 00 00 06 00 00 02 D6 

---->>>  [IN ]
2020/08/24 20:29:41:927
Linktest.req
00 00 00 0A FF FF 00 00 00 05 80 00 01 78 

<<<----  [OUT]
2020/08/24 20:29:41:927
Linktest.rsp
00 00 00 0A FF FF 00 00 00 06 80 00 01 78 

<<<----  [OUT]
2020/08/24 20:29:42:646
Linktest.req
00 00 00 0A FF FF 00 00 00 05 00 00 02 D7 

---->>>  [IN ]
2020/08/24 20:29:42:647
Linktest.rsp
00 00 00 0A FF FF 00 00 00 06 00 00 02 D7 

<<<----  [OUT]
2020/08/24 20:29:52:660
Linktest.req
00 00 00 0A FF FF 00 00 00 05 00 00 02 D8 

---->>>  [IN ]
2020/08/24 20:29:52:661
Linktest.rsp
00 00 00 0A FF FF 00 00 00 06 00 00 02 D8 

<<<----  [OUT]
2020/08/24 20:30:02:672
Linktest.req
00 00 00 0A FF FF 00 00 00 05 00 00 02 D9 

---->>>  [IN ]
2020/08/24 20:30:02:673
Linktest.rsp
00 00 00 0A FF FF 00 00 00 06 00 00 02 D9 

<<<----  [OUT]
2020/08/24 20:30:12:682
Linktest.req
00 00 00 0A FF FF 00 00 00 05 00 00 02 DA 

---->>>  [IN ]
2020/08/24 20:30:12:685
Linktest.rsp
00 00 00 0A FF FF 00 00 00 06 00 00 02 DA 

<<<----  [OUT]
2020/08/24 20:30:22:693
Linktest.req
00 00 00 0A FF FF 00 00 00 05 00 00 02 DB 

---->>>  [IN ]
2020/08/24 20:30:22:694
Linktest.rsp
00 00 00 0A FF FF 00 00 00 06 00 00 02 DB 

<<<----  [OUT]
2020/08/24 20:30:32:704
Linktest.req
00 00 00 0A FF FF 00 00 00 05 00 00 02 DC 

---->>>  [IN ]
2020/08/24 20:30:32:707
Linktest.rsp
00 00 00 0A FF FF 00 00 00 06 00 00 02 DC 

---->>>  [IN ]
2020/08/24 20:30:41:931
Linktest.req
00 00 00 0A FF FF 00 00 00 05 80 00 01 79 

<<<----  [OUT]
2020/08/24 20:30:41:931
Linktest.rsp
00 00 00 0A FF FF 00 00 00 06 80 00 01 79 

<<<----  [OUT]
2020/08/24 20:30:42:721
Linktest.req
00 00 00 0A FF FF 00 00 00 05 00 00 02 DD 

---->>>  [IN ]
2020/08/24 20:30:42:722
Linktest.rsp
00 00 00 0A FF FF 00 00 00 06 00 00 02 DD 

<<<----  [OUT]
2020/08/24 20:30:52:736
Linktest.req
00 00 00 0A FF FF 00 00 00 05 00 00 02 DE 

---->>>  [IN ]
2020/08/24 20:30:52:738
Linktest.rsp
00 00 00 0A FF FF 00 00 00 06 00 00 02 DE 

<<<----  [OUT]
2020/08/24 20:31:02:746
Linktest.req
00 00 00 0A FF FF 00 00 00 05 00 00 02 DF 

---->>>  [IN ]
2020/08/24 20:31:02:747
Linktest.rsp
00 00 00 0A FF FF 00 00 00 06 00 00 02 DF 

<<<----  [OUT]
2020/08/24 20:31:12:757
Linktest.req
00 00 00 0A FF FF 00 00 00 05 00 00 02 E0 

---->>>  [IN ]
2020/08/24 20:31:12:758
Linktest.rsp
00 00 00 0A FF FF 00 00 00 06 00 00 02 E0 

<<<----  [OUT]
2020/08/24 20:31:22:774
Linktest.req
00 00 00 0A FF FF 00 00 00 05 00 00 02 E1 

---->>>  [IN ]
2020/08/24 20:31:22:775
Linktest.rsp
00 00 00 0A FF FF 00 00 00 06 00 00 02 E1 

<<<----  [OUT]
2020/08/24 20:31:32:789
Linktest.req
00 00 00 0A FF FF 00 00 00 05 00 00 02 E2 

---->>>  [IN ]
2020/08/24 20:31:32:790
Linktest.rsp
00 00 00 0A FF FF 00 00 00 06 00 00 02 E2 

---->>>  [IN ]
2020/08/24 20:31:41:928
Linktest.req
00 00 00 0A FF FF 00 00 00 05 80 00 01 7A 

<<<----  [OUT]
2020/08/24 20:31:41:928
Linktest.rsp
00 00 00 0A FF FF 00 00 00 06 80 00 01 7A 

<<<----  [OUT]
2020/08/24 20:31:42:801
Linktest.req
00 00 00 0A FF FF 00 00 00 05 00 00 02 E3 

---->>>  [IN ]
2020/08/24 20:31:42:802
Linktest.rsp
00 00 00 0A FF FF 00 00 00 06 00 00 02 E3 

<<<----  [OUT]
2020/08/24 20:31:52:811
Linktest.req
00 00 00 0A FF FF 00 00 00 05 00 00 02 E4 

---->>>  [IN ]
2020/08/24 20:31:52:812
Linktest.rsp
00 00 00 0A FF FF 00 00 00 06 00 00 02 E4 

<<<----  [OUT]
2020/08/24 20:32:02:815
Linktest.req
00 00 00 0A FF FF 00 00 00 05 00 00 02 E5 

---->>>  [IN ]
2020/08/24 20:32:02:817
Linktest.rsp
00 00 00 0A FF FF 00 00 00 06 00 00 02 E5 

<<<----  [OUT]
2020/08/24 20:32:12:828
Linktest.req
00 00 00 0A FF FF 00 00 00 05 00 00 02 E6 

---->>>  [IN ]
2020/08/24 20:32:12:829
Linktest.rsp
00 00 00 0A FF FF 00 00 00 06 00 00 02 E6 

<<<----  [OUT]
2020/08/24 20:32:22:836
Linktest.req
00 00 00 0A FF FF 00 00 00 05 00 00 02 E7 

---->>>  [IN ]
2020/08/24 20:32:22:837
Linktest.rsp
00 00 00 0A FF FF 00 00 00 06 00 00 02 E7 

<<<----  [OUT]
2020/08/24 20:32:32:854
Linktest.req
00 00 00 0A FF FF 00 00 00 05 00 00 02 E8 

---->>>  [IN ]
2020/08/24 20:32:32:855
Linktest.rsp
00 00 00 0A FF FF 00 00 00 06 00 00 02 E8 

---->>>  [IN ]
2020/08/24 20:32:41:933
Linktest.req
00 00 00 0A FF FF 00 00 00 05 80 00 01 7B 

<<<----  [OUT]
2020/08/24 20:32:41:933
Linktest.rsp
00 00 00 0A FF FF 00 00 00 06 80 00 01 7B 

<<<----  [OUT]
2020/08/24 20:32:42:872
Linktest.req
00 00 00 0A FF FF 00 00 00 05 00 00 02 E9 

---->>>  [IN ]
2020/08/24 20:32:42:873
Linktest.rsp
00 00 00 0A FF FF 00 00 00 06 00 00 02 E9 

<<<----  [OUT]
2020/08/24 20:32:52:889
Linktest.req
00 00 00 0A FF FF 00 00 00 05 00 00 02 EA 

---->>>  [IN ]
2020/08/24 20:32:52:891
Linktest.rsp
00 00 00 0A FF FF 00 00 00 06 00 00 02 EA 

<<<----  [OUT]
2020/08/24 20:33:02:909
Linktest.req
00 00 00 0A FF FF 00 00 00 05 00 00 02 EB 

---->>>  [IN ]
2020/08/24 20:33:02:910
Linktest.rsp
00 00 00 0A FF FF 00 00 00 06 00 00 02 EB 

<<<----  [OUT]
2020/08/24 20:33:12:926
Linktest.req
00 00 00 0A FF FF 00 00 00 05 00 00 02 EC 

---->>>  [IN ]
2020/08/24 20:33:12:929
Linktest.rsp
00 00 00 0A FF FF 00 00 00 06 00 00 02 EC 

<<<----  [OUT]
2020/08/24 20:33:22:942
Linktest.req
00 00 00 0A FF FF 00 00 00 05 00 00 02 ED 

---->>>  [IN ]
2020/08/24 20:33:22:943
Linktest.rsp
00 00 00 0A FF FF 00 00 00 06 00 00 02 ED 

<<<----  [OUT]
2020/08/24 20:33:32:953
Linktest.req
00 00 00 0A FF FF 00 00 00 05 00 00 02 EE 

---->>>  [IN ]
2020/08/24 20:33:32:954
Linktest.rsp
00 00 00 0A FF FF 00 00 00 06 00 00 02 EE 

---->>>  [IN ]
2020/08/24 20:33:41:942
Linktest.req
00 00 00 0A FF FF 00 00 00 05 80 00 01 7C 

<<<----  [OUT]
2020/08/24 20:33:41:942
Linktest.rsp
00 00 00 0A FF FF 00 00 00 06 80 00 01 7C 

<<<----  [OUT]
2020/08/24 20:33:42:962
Linktest.req
00 00 00 0A FF FF 00 00 00 05 00 00 02 EF 

---->>>  [IN ]
2020/08/24 20:33:42:963
Linktest.rsp
00 00 00 0A FF FF 00 00 00 06 00 00 02 EF 

<<<----  [OUT]
2020/08/24 20:33:52:977
Linktest.req
00 00 00 0A FF FF 00 00 00 05 00 00 02 F0 

---->>>  [IN ]
2020/08/24 20:33:52:978
Linktest.rsp
00 00 00 0A FF FF 00 00 00 06 00 00 02 F0 

<<<----  [OUT]
2020/08/24 20:34:02:995
Linktest.req
00 00 00 0A FF FF 00 00 00 05 00 00 02 F1 

---->>>  [IN ]
2020/08/24 20:34:02:996
Linktest.rsp
00 00 00 0A FF FF 00 00 00 06 00 00 02 F1 

<<<----  [OUT]
2020/08/24 20:34:13:015
Linktest.req
00 00 00 0A FF FF 00 00 00 05 00 00 02 F2 

---->>>  [IN ]
2020/08/24 20:34:13:017
Linktest.rsp
00 00 00 0A FF FF 00 00 00 06 00 00 02 F2 

<<<----  [OUT]
2020/08/24 20:34:23:029
Linktest.req
00 00 00 0A FF FF 00 00 00 05 00 00 02 F3 

---->>>  [IN ]
2020/08/24 20:34:23:030
Linktest.rsp
00 00 00 0A FF FF 00 00 00 06 00 00 02 F3 

<<<----  [OUT]
2020/08/24 20:34:33:042
Linktest.req
00 00 00 0A FF FF 00 00 00 05 00 00 02 F4 

---->>>  [IN ]
2020/08/24 20:34:33:043
Linktest.rsp
00 00 00 0A FF FF 00 00 00 06 00 00 02 F4 

---->>>  [IN ]
2020/08/24 20:34:41:945
Linktest.req
00 00 00 0A FF FF 00 00 00 05 80 00 01 7D 

<<<----  [OUT]
2020/08/24 20:34:41:945
Linktest.rsp
00 00 00 0A FF FF 00 00 00 06 80 00 01 7D 

<<<----  [OUT]
2020/08/24 20:34:43:056
Linktest.req
00 00 00 0A FF FF 00 00 00 05 00 00 02 F5 

---->>>  [IN ]
2020/08/24 20:34:43:057
Linktest.rsp
00 00 00 0A FF FF 00 00 00 06 00 00 02 F5 

<<<----  [OUT]
2020/08/24 20:34:53:072
Linktest.req
00 00 00 0A FF FF 00 00 00 05 00 00 02 F6 

---->>>  [IN ]
2020/08/24 20:34:53:074
Linktest.rsp
00 00 00 0A FF FF 00 00 00 06 00 00 02 F6 

<<<----  [OUT]
2020/08/24 20:35:03:091
Linktest.req
00 00 00 0A FF FF 00 00 00 05 00 00 02 F7 

---->>>  [IN ]
2020/08/24 20:35:03:097
Linktest.rsp
00 00 00 0A FF FF 00 00 00 06 00 00 02 F7 

<<<----  [OUT]
2020/08/24 20:35:13:108
Linktest.req
00 00 00 0A FF FF 00 00 00 05 00 00 02 F8 

---->>>  [IN ]
2020/08/24 20:35:13:109
Linktest.rsp
00 00 00 0A FF FF 00 00 00 06 00 00 02 F8 

<<<----  [OUT]
2020/08/24 20:35:23:124
Linktest.req
00 00 00 0A FF FF 00 00 00 05 00 00 02 F9 

---->>>  [IN ]
2020/08/24 20:35:23:125
Linktest.rsp
00 00 00 0A FF FF 00 00 00 06 00 00 02 F9 

<<<----  [OUT]
2020/08/24 20:35:33:144
Linktest.req
00 00 00 0A FF FF 00 00 00 05 00 00 02 FA 

---->>>  [IN ]
2020/08/24 20:35:33:145
Linktest.rsp
00 00 00 0A FF FF 00 00 00 06 00 00 02 FA 

---->>>  [IN ]
2020/08/24 20:35:41:946
Linktest.req
00 00 00 0A FF FF 00 00 00 05 80 00 01 7E 

<<<----  [OUT]
2020/08/24 20:35:41:946
Linktest.rsp
00 00 00 0A FF FF 00 00 00 06 80 00 01 7E 

<<<----  [OUT]
2020/08/24 20:35:43:157
Linktest.req
00 00 00 0A FF FF 00 00 00 05 00 00 02 FB 

---->>>  [IN ]
2020/08/24 20:35:43:158
Linktest.rsp
00 00 00 0A FF FF 00 00 00 06 00 00 02 FB 

<<<----  [OUT]
2020/08/24 20:35:53:174
Linktest.req
00 00 00 0A FF FF 00 00 00 05 00 00 02 FC 

---->>>  [IN ]
2020/08/24 20:35:53:175
Linktest.rsp
00 00 00 0A FF FF 00 00 00 06 00 00 02 FC 

<<<----  [OUT]
2020/08/24 20:36:03:190
Linktest.req
00 00 00 0A FF FF 00 00 00 05 00 00 02 FD 

---->>>  [IN ]
2020/08/24 20:36:03:191
Linktest.rsp
00 00 00 0A FF FF 00 00 00 06 00 00 02 FD 

<<<----  [OUT]
2020/08/24 20:36:13:200
Linktest.req
00 00 00 0A FF FF 00 00 00 05 00 00 02 FE 

---->>>  [IN ]
2020/08/24 20:36:13:201
Linktest.rsp
00 00 00 0A FF FF 00 00 00 06 00 00 02 FE 

<<<----  [OUT]
2020/08/24 20:36:23:211
Linktest.req
00 00 00 0A FF FF 00 00 00 05 00 00 02 FF 

---->>>  [IN ]
2020/08/24 20:36:23:212
Linktest.rsp
00 00 00 0A FF FF 00 00 00 06 00 00 02 FF 

<<<----  [OUT]
2020/08/24 20:36:33:226
Linktest.req
00 00 00 0A FF FF 00 00 00 05 00 00 03 00 

---->>>  [IN ]
2020/08/24 20:36:33:227
Linktest.rsp
00 00 00 0A FF FF 00 00 00 06 00 00 03 00 

---->>>  [IN ]
2020/08/24 20:36:41:946
Linktest.req
00 00 00 0A FF FF 00 00 00 05 80 00 01 7F 

<<<----  [OUT]
2020/08/24 20:36:41:946
Linktest.rsp
00 00 00 0A FF FF 00 00 00 06 80 00 01 7F 

<<<----  [OUT]
2020/08/24 20:36:43:244
Linktest.req
00 00 00 0A FF FF 00 00 00 05 00 00 03 01 

---->>>  [IN ]
2020/08/24 20:36:43:246
Linktest.rsp
00 00 00 0A FF FF 00 00 00 06 00 00 03 01 

<<<----  [OUT]
2020/08/24 20:36:53:260
Linktest.req
00 00 00 0A FF FF 00 00 00 05 00 00 03 02 

---->>>  [IN ]
2020/08/24 20:36:53:266
Linktest.rsp
00 00 00 0A FF FF 00 00 00 06 00 00 03 02 

<<<----  [OUT]
2020/08/24 20:37:03:284
Linktest.req
00 00 00 0A FF FF 00 00 00 05 00 00 03 03 

---->>>  [IN ]
2020/08/24 20:37:03:285
Linktest.rsp
00 00 00 0A FF FF 00 00 00 06 00 00 03 03 

<<<----  [OUT]
2020/08/24 20:37:13:295
Linktest.req
00 00 00 0A FF FF 00 00 00 05 00 00 03 04 

---->>>  [IN ]
2020/08/24 20:37:13:296
Linktest.rsp
00 00 00 0A FF FF 00 00 00 06 00 00 03 04 

<<<----  [OUT]
2020/08/24 20:37:23:311
Linktest.req
00 00 00 0A FF FF 00 00 00 05 00 00 03 05 

---->>>  [IN ]
2020/08/24 20:37:23:312
Linktest.rsp
00 00 00 0A FF FF 00 00 00 06 00 00 03 05 

<<<----  [OUT]
2020/08/24 20:37:33:326
Linktest.req
00 00 00 0A FF FF 00 00 00 05 00 00 03 06 

---->>>  [IN ]
2020/08/24 20:37:33:327
Linktest.rsp
00 00 00 0A FF FF 00 00 00 06 00 00 03 06 

---->>>  [IN ]
2020/08/24 20:37:41:945
Linktest.req
00 00 00 0A FF FF 00 00 00 05 80 00 01 80 

<<<----  [OUT]
2020/08/24 20:37:41:945
Linktest.rsp
00 00 00 0A FF FF 00 00 00 06 80 00 01 80 

<<<----  [OUT]
2020/08/24 20:37:43:339
Linktest.req
00 00 00 0A FF FF 00 00 00 05 00 00 03 07 

---->>>  [IN ]
2020/08/24 20:37:43:340
Linktest.rsp
00 00 00 0A FF FF 00 00 00 06 00 00 03 07 

<<<----  [OUT]
2020/08/24 20:37:53:354
Linktest.req
00 00 00 0A FF FF 00 00 00 05 00 00 03 08 

---->>>  [IN ]
2020/08/24 20:37:53:361
Linktest.rsp
00 00 00 0A FF FF 00 00 00 06 00 00 03 08 

<<<----  [OUT]
2020/08/24 20:38:03:373
Linktest.req
00 00 00 0A FF FF 00 00 00 05 00 00 03 09 

---->>>  [IN ]
2020/08/24 20:38:03:374
Linktest.rsp
00 00 00 0A FF FF 00 00 00 06 00 00 03 09 

<<<----  [OUT]
2020/08/24 20:38:13:387
Linktest.req
00 00 00 0A FF FF 00 00 00 05 00 00 03 0A 

---->>>  [IN ]
2020/08/24 20:38:13:388
Linktest.rsp
00 00 00 0A FF FF 00 00 00 06 00 00 03 0A 

<<<----  [OUT]
2020/08/24 20:38:23:403
Linktest.req
00 00 00 0A FF FF 00 00 00 05 00 00 03 0B 

---->>>  [IN ]
2020/08/24 20:38:23:404
Linktest.rsp
00 00 00 0A FF FF 00 00 00 06 00 00 03 0B 

<<<----  [OUT]
2020/08/24 20:38:33:419
Linktest.req
00 00 00 0A FF FF 00 00 00 05 00 00 03 0C 

---->>>  [IN ]
2020/08/24 20:38:33:420
Linktest.rsp
00 00 00 0A FF FF 00 00 00 06 00 00 03 0C 

---->>>  [IN ]
2020/08/24 20:38:41:943
Linktest.req
00 00 00 0A FF FF 00 00 00 05 80 00 01 81 

<<<----  [OUT]
2020/08/24 20:38:41:943
Linktest.rsp
00 00 00 0A FF FF 00 00 00 06 80 00 01 81 

<<<----  [OUT]
2020/08/24 20:38:43:435
Linktest.req
00 00 00 0A FF FF 00 00 00 05 00 00 03 0D 

---->>>  [IN ]
2020/08/24 20:38:43:436
Linktest.rsp
00 00 00 0A FF FF 00 00 00 06 00 00 03 0D 

<<<----  [OUT]
2020/08/24 20:38:53:452
Linktest.req
00 00 00 0A FF FF 00 00 00 05 00 00 03 0E 

---->>>  [IN ]
2020/08/24 20:38:53:453
Linktest.rsp
00 00 00 0A FF FF 00 00 00 06 00 00 03 0E 

<<<----  [OUT]
2020/08/24 20:39:03:466
Linktest.req
00 00 00 0A FF FF 00 00 00 05 00 00 03 0F 

---->>>  [IN ]
2020/08/24 20:39:03:467
Linktest.rsp
00 00 00 0A FF FF 00 00 00 06 00 00 03 0F 

<<<----  [OUT]
2020/08/24 20:39:13:480
Linktest.req
00 00 00 0A FF FF 00 00 00 05 00 00 03 10 

---->>>  [IN ]
2020/08/24 20:39:13:482
Linktest.rsp
00 00 00 0A FF FF 00 00 00 06 00 00 03 10 

<<<----  [OUT]
2020/08/24 20:39:23:498
Linktest.req
00 00 00 0A FF FF 00 00 00 05 00 00 03 11 

---->>>  [IN ]
2020/08/24 20:39:23:499
Linktest.rsp
00 00 00 0A FF FF 00 00 00 06 00 00 03 11 

<<<----  [OUT]
2020/08/24 20:39:33:511
Linktest.req
00 00 00 0A FF FF 00 00 00 05 00 00 03 12 

---->>>  [IN ]
2020/08/24 20:39:33:519
Linktest.rsp
00 00 00 0A FF FF 00 00 00 06 00 00 03 12 

---->>>  [IN ]
2020/08/24 20:39:41:945
Linktest.req
00 00 00 0A FF FF 00 00 00 05 80 00 01 82 

<<<----  [OUT]
2020/08/24 20:39:41:945
Linktest.rsp
00 00 00 0A FF FF 00 00 00 06 80 00 01 82 

<<<----  [OUT]
2020/08/24 20:39:43:532
Linktest.req
00 00 00 0A FF FF 00 00 00 05 00 00 03 13 

---->>>  [IN ]
2020/08/24 20:39:43:533
Linktest.rsp
00 00 00 0A FF FF 00 00 00 06 00 00 03 13 

<<<----  [OUT]
2020/08/24 20:39:53:548
Linktest.req
00 00 00 0A FF FF 00 00 00 05 00 00 03 14 

---->>>  [IN ]
2020/08/24 20:39:53:549
Linktest.rsp
00 00 00 0A FF FF 00 00 00 06 00 00 03 14 

<<<----  [OUT]
2020/08/24 20:40:03:565
Linktest.req
00 00 00 0A FF FF 00 00 00 05 00 00 03 15 

---->>>  [IN ]
2020/08/24 20:40:03:566
Linktest.rsp
00 00 00 0A FF FF 00 00 00 06 00 00 03 15 

<<<----  [OUT]
2020/08/24 20:40:13:581
Linktest.req
00 00 00 0A FF FF 00 00 00 05 00 00 03 16 

---->>>  [IN ]
2020/08/24 20:40:13:582
Linktest.rsp
00 00 00 0A FF FF 00 00 00 06 00 00 03 16 

<<<----  [OUT]
2020/08/24 20:40:23:596
Linktest.req
00 00 00 0A FF FF 00 00 00 05 00 00 03 17 

---->>>  [IN ]
2020/08/24 20:40:23:601
Linktest.rsp
00 00 00 0A FF FF 00 00 00 06 00 00 03 17 

<<<----  [OUT]
2020/08/24 20:40:33:614
Linktest.req
00 00 00 0A FF FF 00 00 00 05 00 00 03 18 

---->>>  [IN ]
2020/08/24 20:40:33:615
Linktest.rsp
00 00 00 0A FF FF 00 00 00 06 00 00 03 18 

---->>>  [IN ]
2020/08/24 20:40:41:942
Linktest.req
00 00 00 0A FF FF 00 00 00 05 80 00 01 83 

<<<----  [OUT]
2020/08/24 20:40:41:942
Linktest.rsp
00 00 00 0A FF FF 00 00 00 06 80 00 01 83 

<<<----  [OUT]
2020/08/24 20:40:43:631
Linktest.req
00 00 00 0A FF FF 00 00 00 05 00 00 03 19 

---->>>  [IN ]
2020/08/24 20:40:43:634
Linktest.rsp
00 00 00 0A FF FF 00 00 00 06 00 00 03 19 

<<<----  [OUT]
2020/08/24 20:40:53:648
Linktest.req
00 00 00 0A FF FF 00 00 00 05 00 00 03 1A 

---->>>  [IN ]
2020/08/24 20:40:53:649
Linktest.rsp
00 00 00 0A FF FF 00 00 00 06 00 00 03 1A 

<<<----  [OUT]
2020/08/24 20:41:03:661
Linktest.req
00 00 00 0A FF FF 00 00 00 05 00 00 03 1B 

---->>>  [IN ]
2020/08/24 20:41:03:662
Linktest.rsp
00 00 00 0A FF FF 00 00 00 06 00 00 03 1B 

<<<----  [OUT]
2020/08/24 20:41:13:671
Linktest.req
00 00 00 0A FF FF 00 00 00 05 00 00 03 1C 

---->>>  [IN ]
2020/08/24 20:41:13:672
Linktest.rsp
00 00 00 0A FF FF 00 00 00 06 00 00 03 1C 

<<<----  [OUT]
2020/08/24 20:41:23:688
Linktest.req
00 00 00 0A FF FF 00 00 00 05 00 00 03 1D 

---->>>  [IN ]
2020/08/24 20:41:23:691
Linktest.rsp
00 00 00 0A FF FF 00 00 00 06 00 00 03 1D 

<<<----  [OUT]
2020/08/24 20:41:33:704
Linktest.req
00 00 00 0A FF FF 00 00 00 05 00 00 03 1E 

---->>>  [IN ]
2020/08/24 20:41:33:705
Linktest.rsp
00 00 00 0A FF FF 00 00 00 06 00 00 03 1E 

---->>>  [IN ]
2020/08/24 20:41:41:942
Linktest.req
00 00 00 0A FF FF 00 00 00 05 80 00 01 84 

<<<----  [OUT]
2020/08/24 20:41:41:942
Linktest.rsp
00 00 00 0A FF FF 00 00 00 06 80 00 01 84 

<<<----  [OUT]
2020/08/24 20:41:43:710
Linktest.req
00 00 00 0A FF FF 00 00 00 05 00 00 03 1F 

---->>>  [IN ]
2020/08/24 20:41:43:715
Linktest.rsp
00 00 00 0A FF FF 00 00 00 06 00 00 03 1F 

<<<----  [OUT]
2020/08/24 20:41:53:723
Linktest.req
00 00 00 0A FF FF 00 00 00 05 00 00 03 20 

---->>>  [IN ]
2020/08/24 20:41:53:724
Linktest.rsp
00 00 00 0A FF FF 00 00 00 06 00 00 03 20 

<<<----  [OUT]
2020/08/24 20:42:03:734
Linktest.req
00 00 00 0A FF FF 00 00 00 05 00 00 03 21 

---->>>  [IN ]
2020/08/24 20:42:03:735
Linktest.rsp
00 00 00 0A FF FF 00 00 00 06 00 00 03 21 

<<<----  [OUT]
2020/08/24 20:42:13:727
Linktest.req
00 00 00 0A FF FF 00 00 00 05 00 00 03 22 

---->>>  [IN ]
2020/08/24 20:42:13:728
Linktest.rsp
00 00 00 0A FF FF 00 00 00 06 00 00 03 22 

<<<----  [OUT]
2020/08/24 20:42:23:742
Linktest.req
00 00 00 0A FF FF 00 00 00 05 00 00 03 23 

---->>>  [IN ]
2020/08/24 20:42:23:744
Linktest.rsp
00 00 00 0A FF FF 00 00 00 06 00 00 03 23 

<<<----  [OUT]
2020/08/24 20:42:33:758
Linktest.req
00 00 00 0A FF FF 00 00 00 05 00 00 03 24 

---->>>  [IN ]
2020/08/24 20:42:33:763
Linktest.rsp
00 00 00 0A FF FF 00 00 00 06 00 00 03 24 

---->>>  [IN ]
2020/08/24 20:42:41:947
Linktest.req
00 00 00 0A FF FF 00 00 00 05 80 00 01 85 

<<<----  [OUT]
2020/08/24 20:42:41:947
Linktest.rsp
00 00 00 0A FF FF 00 00 00 06 80 00 01 85 

<<<----  [OUT]
2020/08/24 20:42:43:774
Linktest.req
00 00 00 0A FF FF 00 00 00 05 00 00 03 25 

---->>>  [IN ]
2020/08/24 20:42:43:775
Linktest.rsp
00 00 00 0A FF FF 00 00 00 06 00 00 03 25 

<<<----  [OUT]
2020/08/24 20:42:53:788
Linktest.req
00 00 00 0A FF FF 00 00 00 05 00 00 03 26 

---->>>  [IN ]
2020/08/24 20:42:53:789
Linktest.rsp
00 00 00 0A FF FF 00 00 00 06 00 00 03 26 

<<<----  [OUT]
2020/08/24 20:43:03:807
Linktest.req
00 00 00 0A FF FF 00 00 00 05 00 00 03 27 

---->>>  [IN ]
2020/08/24 20:43:03:808
Linktest.rsp
00 00 00 0A FF FF 00 00 00 06 00 00 03 27 

<<<----  [OUT]
2020/08/24 20:43:13:824
Linktest.req
00 00 00 0A FF FF 00 00 00 05 00 00 03 28 

---->>>  [IN ]
2020/08/24 20:43:13:826
Linktest.rsp
00 00 00 0A FF FF 00 00 00 06 00 00 03 28 

<<<----  [OUT]
2020/08/24 20:43:23:843
Linktest.req
00 00 00 0A FF FF 00 00 00 05 00 00 03 29 

---->>>  [IN ]
2020/08/24 20:43:23:844
Linktest.rsp
00 00 00 0A FF FF 00 00 00 06 00 00 03 29 

<<<----  [OUT]
2020/08/24 20:43:33:861
Linktest.req
00 00 00 0A FF FF 00 00 00 05 00 00 03 2A 

---->>>  [IN ]
2020/08/24 20:43:33:862
Linktest.rsp
00 00 00 0A FF FF 00 00 00 06 00 00 03 2A 

---->>>  [IN ]
2020/08/24 20:43:41:946
Linktest.req
00 00 00 0A FF FF 00 00 00 05 80 00 01 86 

<<<----  [OUT]
2020/08/24 20:43:41:946
Linktest.rsp
00 00 00 0A FF FF 00 00 00 06 80 00 01 86 

<<<----  [OUT]
2020/08/24 20:43:43:877
Linktest.req
00 00 00 0A FF FF 00 00 00 05 00 00 03 2B 

---->>>  [IN ]
2020/08/24 20:43:43:878
Linktest.rsp
00 00 00 0A FF FF 00 00 00 06 00 00 03 2B 

<<<----  [OUT]
2020/08/24 20:43:53:893
Linktest.req
00 00 00 0A FF FF 00 00 00 05 00 00 03 2C 

---->>>  [IN ]
2020/08/24 20:43:53:894
Linktest.rsp
00 00 00 0A FF FF 00 00 00 06 00 00 03 2C 

<<<----  [OUT]
2020/08/24 20:44:03:906
Linktest.req
00 00 00 0A FF FF 00 00 00 05 00 00 03 2D 

---->>>  [IN ]
2020/08/24 20:44:03:907
Linktest.rsp
00 00 00 0A FF FF 00 00 00 06 00 00 03 2D 

<<<----  [OUT]
2020/08/24 20:44:13:916
Linktest.req
00 00 00 0A FF FF 00 00 00 05 00 00 03 2E 

---->>>  [IN ]
2020/08/24 20:44:13:917
Linktest.rsp
00 00 00 0A FF FF 00 00 00 06 00 00 03 2E 

<<<----  [OUT]
2020/08/24 20:44:23:930
Linktest.req
00 00 00 0A FF FF 00 00 00 05 00 00 03 2F 

---->>>  [IN ]
2020/08/24 20:44:23:931
Linktest.rsp
00 00 00 0A FF FF 00 00 00 06 00 00 03 2F 

<<<----  [OUT]
2020/08/24 20:44:33:945
Linktest.req
00 00 00 0A FF FF 00 00 00 05 00 00 03 30 

---->>>  [IN ]
2020/08/24 20:44:33:946
Linktest.rsp
00 00 00 0A FF FF 00 00 00 06 00 00 03 30 

---->>>  [IN ]
2020/08/24 20:44:41:941
Linktest.req
00 00 00 0A FF FF 00 00 00 05 80 00 01 87 

<<<----  [OUT]
2020/08/24 20:44:41:941
Linktest.rsp
00 00 00 0A FF FF 00 00 00 06 80 00 01 87 

<<<----  [OUT]
2020/08/24 20:44:43:959
Linktest.req
00 00 00 0A FF FF 00 00 00 05 00 00 03 31 

---->>>  [IN ]
2020/08/24 20:44:43:960
Linktest.rsp
00 00 00 0A FF FF 00 00 00 06 00 00 03 31 

<<<----  [OUT]
2020/08/24 20:44:53:973
Linktest.req
00 00 00 0A FF FF 00 00 00 05 00 00 03 32 

---->>>  [IN ]
2020/08/24 20:44:53:974
Linktest.rsp
00 00 00 0A FF FF 00 00 00 06 00 00 03 32 

<<<----  [OUT]
2020/08/24 20:45:03:985
Linktest.req
00 00 00 0A FF FF 00 00 00 05 00 00 03 33 

---->>>  [IN ]
2020/08/24 20:45:03:986
Linktest.rsp
00 00 00 0A FF FF 00 00 00 06 00 00 03 33 

<<<----  [OUT]
2020/08/24 20:45:13:995
Linktest.req
00 00 00 0A FF FF 00 00 00 05 00 00 03 34 

---->>>  [IN ]
2020/08/24 20:45:13:996
Linktest.rsp
00 00 00 0A FF FF 00 00 00 06 00 00 03 34 

<<<----  [OUT]
2020/08/24 20:45:24:006
Linktest.req
00 00 00 0A FF FF 00 00 00 05 00 00 03 35 

---->>>  [IN ]
2020/08/24 20:45:24:008
Linktest.rsp
00 00 00 0A FF FF 00 00 00 06 00 00 03 35 

<<<----  [OUT]
2020/08/24 20:45:34:017
Linktest.req
00 00 00 0A FF FF 00 00 00 05 00 00 03 36 

---->>>  [IN ]
2020/08/24 20:45:34:019
Linktest.rsp
00 00 00 0A FF FF 00 00 00 06 00 00 03 36 

---->>>  [IN ]
2020/08/24 20:45:41:984
Linktest.req
00 00 00 0A FF FF 00 00 00 05 80 00 01 88 

<<<----  [OUT]
2020/08/24 20:45:41:984
Linktest.rsp
00 00 00 0A FF FF 00 00 00 06 80 00 01 88 

<<<----  [OUT]
2020/08/24 20:45:44:020
Linktest.req
00 00 00 0A FF FF 00 00 00 05 00 00 03 37 

---->>>  [IN ]
2020/08/24 20:45:44:027
Linktest.rsp
00 00 00 0A FF FF 00 00 00 06 00 00 03 37 

<<<----  [OUT]
2020/08/24 20:45:54:025
Linktest.req
00 00 00 0A FF FF 00 00 00 05 00 00 03 38 

---->>>  [IN ]
2020/08/24 20:45:54:029
Linktest.rsp
00 00 00 0A FF FF 00 00 00 06 00 00 03 38 

<<<----  [OUT]
2020/08/24 20:46:04:039
Linktest.req
00 00 00 0A FF FF 00 00 00 05 00 00 03 39 

---->>>  [IN ]
2020/08/24 20:46:04:040
Linktest.rsp
00 00 00 0A FF FF 00 00 00 06 00 00 03 39 

<<<----  [OUT]
2020/08/24 20:46:14:051
Linktest.req
00 00 00 0A FF FF 00 00 00 05 00 00 03 3A 

---->>>  [IN ]
2020/08/24 20:46:14:052
Linktest.rsp
00 00 00 0A FF FF 00 00 00 06 00 00 03 3A 

<<<----  [OUT]
2020/08/24 20:46:24:068
Linktest.req
00 00 00 0A FF FF 00 00 00 05 00 00 03 3B 

---->>>  [IN ]
2020/08/24 20:46:24:069
Linktest.rsp
00 00 00 0A FF FF 00 00 00 06 00 00 03 3B 

<<<----  [OUT]
2020/08/24 20:46:34:081
Linktest.req
00 00 00 0A FF FF 00 00 00 05 00 00 03 3C 

---->>>  [IN ]
2020/08/24 20:46:34:082
Linktest.rsp
00 00 00 0A FF FF 00 00 00 06 00 00 03 3C 

---->>>  [IN ]
2020/08/24 20:46:42:003
Linktest.req
00 00 00 0A FF FF 00 00 00 05 80 00 01 89 

<<<----  [OUT]
2020/08/24 20:46:42:003
Linktest.rsp
00 00 00 0A FF FF 00 00 00 06 80 00 01 89 

<<<----  [OUT]
2020/08/24 20:46:44:094
Linktest.req
00 00 00 0A FF FF 00 00 00 05 00 00 03 3D 

---->>>  [IN ]
2020/08/24 20:46:44:096
Linktest.rsp
00 00 00 0A FF FF 00 00 00 06 00 00 03 3D 

<<<----  [OUT]
2020/08/24 20:46:54:110
Linktest.req
00 00 00 0A FF FF 00 00 00 05 00 00 03 3E 

---->>>  [IN ]
2020/08/24 20:46:54:111
Linktest.rsp
00 00 00 0A FF FF 00 00 00 06 00 00 03 3E 

<<<----  [OUT]
2020/08/24 20:47:04:120
Linktest.req
00 00 00 0A FF FF 00 00 00 05 00 00 03 3F 

---->>>  [IN ]
2020/08/24 20:47:04:122
Linktest.rsp
00 00 00 0A FF FF 00 00 00 06 00 00 03 3F 

<<<----  [OUT]
2020/08/24 20:47:14:141
Linktest.req
00 00 00 0A FF FF 00 00 00 05 00 00 03 40 

---->>>  [IN ]
2020/08/24 20:47:14:141
Linktest.rsp
00 00 00 0A FF FF 00 00 00 06 00 00 03 40 

<<<----  [OUT]
2020/08/24 20:47:24:160
Linktest.req
00 00 00 0A FF FF 00 00 00 05 00 00 03 41 

---->>>  [IN ]
2020/08/24 20:47:24:161
Linktest.rsp
00 00 00 0A FF FF 00 00 00 06 00 00 03 41 

<<<----  [OUT]
2020/08/24 20:47:34:174
Linktest.req
00 00 00 0A FF FF 00 00 00 05 00 00 03 42 

---->>>  [IN ]
2020/08/24 20:47:34:175
Linktest.rsp
00 00 00 0A FF FF 00 00 00 06 00 00 03 42 

---->>>  [IN ]
2020/08/24 20:47:42:011
Linktest.req
00 00 00 0A FF FF 00 00 00 05 80 00 01 8A 

<<<----  [OUT]
2020/08/24 20:47:42:011
Linktest.rsp
00 00 00 0A FF FF 00 00 00 06 80 00 01 8A 

<<<----  [OUT]
2020/08/24 20:47:44:189
Linktest.req
00 00 00 0A FF FF 00 00 00 05 00 00 03 43 

---->>>  [IN ]
2020/08/24 20:47:44:190
Linktest.rsp
00 00 00 0A FF FF 00 00 00 06 00 00 03 43 

<<<----  [OUT]
2020/08/24 20:47:54:204
Linktest.req
00 00 00 0A FF FF 00 00 00 05 00 00 03 44 

---->>>  [IN ]
2020/08/24 20:47:54:206
Linktest.rsp
00 00 00 0A FF FF 00 00 00 06 00 00 03 44 

<<<----  [OUT]
2020/08/24 20:48:04:219
Linktest.req
00 00 00 0A FF FF 00 00 00 05 00 00 03 45 

---->>>  [IN ]
2020/08/24 20:48:04:220
Linktest.rsp
00 00 00 0A FF FF 00 00 00 06 00 00 03 45 

<<<----  [OUT]
2020/08/24 20:48:14:225
Linktest.req
00 00 00 0A FF FF 00 00 00 05 00 00 03 46 

---->>>  [IN ]
2020/08/24 20:48:14:226
Linktest.rsp
00 00 00 0A FF FF 00 00 00 06 00 00 03 46 

<<<----  [OUT]
2020/08/24 20:48:24:235
Linktest.req
00 00 00 0A FF FF 00 00 00 05 00 00 03 47 

---->>>  [IN ]
2020/08/24 20:48:24:236
Linktest.rsp
00 00 00 0A FF FF 00 00 00 06 00 00 03 47 

<<<----  [OUT]
2020/08/24 20:48:34:248
Linktest.req
00 00 00 0A FF FF 00 00 00 05 00 00 03 48 

---->>>  [IN ]
2020/08/24 20:48:34:249
Linktest.rsp
00 00 00 0A FF FF 00 00 00 06 00 00 03 48 

---->>>  [IN ]
2020/08/24 20:48:42:005
Linktest.req
00 00 00 0A FF FF 00 00 00 05 80 00 01 8B 

<<<----  [OUT]
2020/08/24 20:48:42:005
Linktest.rsp
00 00 00 0A FF FF 00 00 00 06 80 00 01 8B 

<<<----  [OUT]
2020/08/24 20:48:44:257
Linktest.req
00 00 00 0A FF FF 00 00 00 05 00 00 03 49 

---->>>  [IN ]
2020/08/24 20:48:44:258
Linktest.rsp
00 00 00 0A FF FF 00 00 00 06 00 00 03 49 

<<<----  [OUT]
2020/08/24 20:48:54:267
Linktest.req
00 00 00 0A FF FF 00 00 00 05 00 00 03 4A 

---->>>  [IN ]
2020/08/24 20:48:54:268
Linktest.rsp
00 00 00 0A FF FF 00 00 00 06 00 00 03 4A 

<<<----  [OUT]
2020/08/24 20:49:04:284
Linktest.req
00 00 00 0A FF FF 00 00 00 05 00 00 03 4B 

---->>>  [IN ]
2020/08/24 20:49:04:285
Linktest.rsp
00 00 00 0A FF FF 00 00 00 06 00 00 03 4B 

<<<----  [OUT]
2020/08/24 20:49:14:302
Linktest.req
00 00 00 0A FF FF 00 00 00 05 00 00 03 4C 

---->>>  [IN ]
2020/08/24 20:49:14:303
Linktest.rsp
00 00 00 0A FF FF 00 00 00 06 00 00 03 4C 

<<<----  [OUT]
2020/08/24 20:49:24:321
Linktest.req
00 00 00 0A FF FF 00 00 00 05 00 00 03 4D 

---->>>  [IN ]
2020/08/24 20:49:24:322
Linktest.rsp
00 00 00 0A FF FF 00 00 00 06 00 00 03 4D 

<<<----  [OUT]
2020/08/24 20:49:34:341
Linktest.req
00 00 00 0A FF FF 00 00 00 05 00 00 03 4E 

---->>>  [IN ]
2020/08/24 20:49:34:342
Linktest.rsp
00 00 00 0A FF FF 00 00 00 06 00 00 03 4E 

---->>>  [IN ]
2020/08/24 20:49:42:003
Linktest.req
00 00 00 0A FF FF 00 00 00 05 80 00 01 8C 

<<<----  [OUT]
2020/08/24 20:49:42:003
Linktest.rsp
00 00 00 0A FF FF 00 00 00 06 80 00 01 8C 

<<<----  [OUT]
2020/08/24 20:49:44:360
Linktest.req
00 00 00 0A FF FF 00 00 00 05 00 00 03 4F 

---->>>  [IN ]
2020/08/24 20:49:44:362
Linktest.rsp
00 00 00 0A FF FF 00 00 00 06 00 00 03 4F 

<<<----  [OUT]
2020/08/24 20:49:54:381
Linktest.req
00 00 00 0A FF FF 00 00 00 05 00 00 03 50 

---->>>  [IN ]
2020/08/24 20:49:54:382
Linktest.rsp
00 00 00 0A FF FF 00 00 00 06 00 00 03 50 

<<<----  [OUT]
2020/08/24 20:50:04:400
Linktest.req
00 00 00 0A FF FF 00 00 00 05 00 00 03 51 

---->>>  [IN ]
2020/08/24 20:50:04:409
Linktest.rsp
00 00 00 0A FF FF 00 00 00 06 00 00 03 51 

<<<----  [OUT]
2020/08/24 20:50:14:427
Linktest.req
00 00 00 0A FF FF 00 00 00 05 00 00 03 52 

---->>>  [IN ]
2020/08/24 20:50:14:430
Linktest.rsp
00 00 00 0A FF FF 00 00 00 06 00 00 03 52 

<<<----  [OUT]
2020/08/24 20:50:24:443
Linktest.req
00 00 00 0A FF FF 00 00 00 05 00 00 03 53 

---->>>  [IN ]
2020/08/24 20:50:24:447
Linktest.rsp
00 00 00 0A FF FF 00 00 00 06 00 00 03 53 

<<<----  [OUT]
2020/08/24 20:50:34:454
Linktest.req
00 00 00 0A FF FF 00 00 00 05 00 00 03 54 

---->>>  [IN ]
2020/08/24 20:50:34:455
Linktest.rsp
00 00 00 0A FF FF 00 00 00 06 00 00 03 54 

---->>>  [IN ]
2020/08/24 20:50:42:010
Linktest.req
00 00 00 0A FF FF 00 00 00 05 80 00 01 8D 

<<<----  [OUT]
2020/08/24 20:50:42:010
Linktest.rsp
00 00 00 0A FF FF 00 00 00 06 80 00 01 8D 

<<<----  [OUT]
2020/08/24 20:50:44:467
Linktest.req
00 00 00 0A FF FF 00 00 00 05 00 00 03 55 

---->>>  [IN ]
2020/08/24 20:50:44:468
Linktest.rsp
00 00 00 0A FF FF 00 00 00 06 00 00 03 55 

<<<----  [OUT]
2020/08/24 20:50:54:482
Linktest.req
00 00 00 0A FF FF 00 00 00 05 00 00 03 56 

---->>>  [IN ]
2020/08/24 20:50:54:483
Linktest.rsp
00 00 00 0A FF FF 00 00 00 06 00 00 03 56 

<<<----  [OUT]
2020/08/24 20:51:04:498
Linktest.req
00 00 00 0A FF FF 00 00 00 05 00 00 03 57 

---->>>  [IN ]
2020/08/24 20:51:04:499
Linktest.rsp
00 00 00 0A FF FF 00 00 00 06 00 00 03 57 

<<<----  [OUT]
2020/08/24 20:51:14:518
Linktest.req
00 00 00 0A FF FF 00 00 00 05 00 00 03 58 

---->>>  [IN ]
2020/08/24 20:51:14:519
Linktest.rsp
00 00 00 0A FF FF 00 00 00 06 00 00 03 58 

<<<----  [OUT]
2020/08/24 20:51:24:531
Linktest.req
00 00 00 0A FF FF 00 00 00 05 00 00 03 59 

---->>>  [IN ]
2020/08/24 20:51:24:532
Linktest.rsp
00 00 00 0A FF FF 00 00 00 06 00 00 03 59 

<<<----  [OUT]
2020/08/24 20:51:34:545
Linktest.req
00 00 00 0A FF FF 00 00 00 05 00 00 03 5A 

---->>>  [IN ]
2020/08/24 20:51:34:546
Linktest.rsp
00 00 00 0A FF FF 00 00 00 06 00 00 03 5A 

---->>>  [IN ]
2020/08/24 20:51:42:008
Linktest.req
00 00 00 0A FF FF 00 00 00 05 80 00 01 8E 

<<<----  [OUT]
2020/08/24 20:51:42:008
Linktest.rsp
00 00 00 0A FF FF 00 00 00 06 80 00 01 8E 

<<<----  [OUT]
2020/08/24 20:51:44:565
Linktest.req
00 00 00 0A FF FF 00 00 00 05 00 00 03 5B 

---->>>  [IN ]
2020/08/24 20:51:44:565
Linktest.rsp
00 00 00 0A FF FF 00 00 00 06 00 00 03 5B 

<<<----  [OUT]
2020/08/24 20:51:54:578
Linktest.req
00 00 00 0A FF FF 00 00 00 05 00 00 03 5C 

---->>>  [IN ]
2020/08/24 20:51:54:580
Linktest.rsp
00 00 00 0A FF FF 00 00 00 06 00 00 03 5C 

<<<----  [OUT]
2020/08/24 20:52:04:596
Linktest.req
00 00 00 0A FF FF 00 00 00 05 00 00 03 5D 

---->>>  [IN ]
2020/08/24 20:52:04:599
Linktest.rsp
00 00 00 0A FF FF 00 00 00 06 00 00 03 5D 

<<<----  [OUT]
2020/08/24 20:52:14:610
Linktest.req
00 00 00 0A FF FF 00 00 00 05 00 00 03 5E 

---->>>  [IN ]
2020/08/24 20:52:14:611
Linktest.rsp
00 00 00 0A FF FF 00 00 00 06 00 00 03 5E 

<<<----  [OUT]
2020/08/24 20:52:24:623
Linktest.req
00 00 00 0A FF FF 00 00 00 05 00 00 03 5F 

---->>>  [IN ]
2020/08/24 20:52:24:626
Linktest.rsp
00 00 00 0A FF FF 00 00 00 06 00 00 03 5F 

<<<----  [OUT]
2020/08/24 20:52:34:632
Linktest.req
00 00 00 0A FF FF 00 00 00 05 00 00 03 60 

---->>>  [IN ]
2020/08/24 20:52:34:633
Linktest.rsp
00 00 00 0A FF FF 00 00 00 06 00 00 03 60 

---->>>  [IN ]
2020/08/24 20:52:42:009
Linktest.req
00 00 00 0A FF FF 00 00 00 05 80 00 01 8F 

<<<----  [OUT]
2020/08/24 20:52:42:009
Linktest.rsp
00 00 00 0A FF FF 00 00 00 06 80 00 01 8F 

<<<----  [OUT]
2020/08/24 20:52:44:644
Linktest.req
00 00 00 0A FF FF 00 00 00 05 00 00 03 61 

---->>>  [IN ]
2020/08/24 20:52:44:645
Linktest.rsp
00 00 00 0A FF FF 00 00 00 06 00 00 03 61 

<<<----  [OUT]
2020/08/24 20:52:54:651
Linktest.req
00 00 00 0A FF FF 00 00 00 05 00 00 03 62 

---->>>  [IN ]
2020/08/24 20:52:54:652
Linktest.rsp
00 00 00 0A FF FF 00 00 00 06 00 00 03 62 

<<<----  [OUT]
2020/08/24 20:53:04:664
Linktest.req
00 00 00 0A FF FF 00 00 00 05 00 00 03 63 

---->>>  [IN ]
2020/08/24 20:53:04:664
Linktest.rsp
00 00 00 0A FF FF 00 00 00 06 00 00 03 63 

<<<----  [OUT]
2020/08/24 20:53:14:680
Linktest.req
00 00 00 0A FF FF 00 00 00 05 00 00 03 64 

---->>>  [IN ]
2020/08/24 20:53:14:681
Linktest.rsp
00 00 00 0A FF FF 00 00 00 06 00 00 03 64 

<<<----  [OUT]
2020/08/24 20:53:24:697
Linktest.req
00 00 00 0A FF FF 00 00 00 05 00 00 03 65 

---->>>  [IN ]
2020/08/24 20:53:24:698
Linktest.rsp
00 00 00 0A FF FF 00 00 00 06 00 00 03 65 

<<<----  [OUT]
2020/08/24 20:53:34:712
Linktest.req
00 00 00 0A FF FF 00 00 00 05 00 00 03 66 

---->>>  [IN ]
2020/08/24 20:53:34:713
Linktest.rsp
00 00 00 0A FF FF 00 00 00 06 00 00 03 66 

---->>>  [IN ]
2020/08/24 20:53:42:008
Linktest.req
00 00 00 0A FF FF 00 00 00 05 80 00 01 90 

<<<----  [OUT]
2020/08/24 20:53:42:008
Linktest.rsp
00 00 00 0A FF FF 00 00 00 06 80 00 01 90 

<<<----  [OUT]
2020/08/24 20:53:44:725
Linktest.req
00 00 00 0A FF FF 00 00 00 05 00 00 03 67 

---->>>  [IN ]
2020/08/24 20:53:44:726
Linktest.rsp
00 00 00 0A FF FF 00 00 00 06 00 00 03 67 

<<<----  [OUT]
2020/08/24 20:53:54:735
Linktest.req
00 00 00 0A FF FF 00 00 00 05 00 00 03 68 

---->>>  [IN ]
2020/08/24 20:53:54:736
Linktest.rsp
00 00 00 0A FF FF 00 00 00 06 00 00 03 68 

<<<----  [OUT]
2020/08/24 20:54:04:751
Linktest.req
00 00 00 0A FF FF 00 00 00 05 00 00 03 69 

---->>>  [IN ]
2020/08/24 20:54:04:752
Linktest.rsp
00 00 00 0A FF FF 00 00 00 06 00 00 03 69 

<<<----  [OUT]
2020/08/24 20:54:14:764
Linktest.req
00 00 00 0A FF FF 00 00 00 05 00 00 03 6A 

---->>>  [IN ]
2020/08/24 20:54:14:765
Linktest.rsp
00 00 00 0A FF FF 00 00 00 06 00 00 03 6A 

<<<----  [OUT]
2020/08/24 20:54:24:775
Linktest.req
00 00 00 0A FF FF 00 00 00 05 00 00 03 6B 

---->>>  [IN ]
2020/08/24 20:54:24:776
Linktest.rsp
00 00 00 0A FF FF 00 00 00 06 00 00 03 6B 

<<<----  [OUT]
2020/08/24 20:54:34:785
Linktest.req
00 00 00 0A FF FF 00 00 00 05 00 00 03 6C 

---->>>  [IN ]
2020/08/24 20:54:34:786
Linktest.rsp
00 00 00 0A FF FF 00 00 00 06 00 00 03 6C 

---->>>  [IN ]
2020/08/24 20:54:42:010
Linktest.req
00 00 00 0A FF FF 00 00 00 05 80 00 01 91 

<<<----  [OUT]
2020/08/24 20:54:42:010
Linktest.rsp
00 00 00 0A FF FF 00 00 00 06 80 00 01 91 

<<<----  [OUT]
2020/08/24 20:54:44:800
Linktest.req
00 00 00 0A FF FF 00 00 00 05 00 00 03 6D 

---->>>  [IN ]
2020/08/24 20:54:44:801
Linktest.rsp
00 00 00 0A FF FF 00 00 00 06 00 00 03 6D 

<<<----  [OUT]
2020/08/24 20:54:54:808
Linktest.req
00 00 00 0A FF FF 00 00 00 05 00 00 03 6E 

---->>>  [IN ]
2020/08/24 20:54:54:810
Linktest.rsp
00 00 00 0A FF FF 00 00 00 06 00 00 03 6E 

<<<----  [OUT]
2020/08/24 20:55:04:820
Linktest.req
00 00 00 0A FF FF 00 00 00 05 00 00 03 6F 

---->>>  [IN ]
2020/08/24 20:55:04:821
Linktest.rsp
00 00 00 0A FF FF 00 00 00 06 00 00 03 6F 

<<<----  [OUT]
2020/08/24 20:55:14:834
Linktest.req
00 00 00 0A FF FF 00 00 00 05 00 00 03 70 

---->>>  [IN ]
2020/08/24 20:55:14:835
Linktest.rsp
00 00 00 0A FF FF 00 00 00 06 00 00 03 70 

<<<----  [OUT]
2020/08/24 20:55:24:846
Linktest.req
00 00 00 0A FF FF 00 00 00 05 00 00 03 71 

---->>>  [IN ]
2020/08/24 20:55:24:847
Linktest.rsp
00 00 00 0A FF FF 00 00 00 06 00 00 03 71 

<<<----  [OUT]
2020/08/24 20:55:34:863
Linktest.req
00 00 00 0A FF FF 00 00 00 05 00 00 03 72 

---->>>  [IN ]
2020/08/24 20:55:34:864
Linktest.rsp
00 00 00 0A FF FF 00 00 00 06 00 00 03 72 

---->>>  [IN ]
2020/08/24 20:55:42:004
Linktest.req
00 00 00 0A FF FF 00 00 00 05 80 00 01 92 

<<<----  [OUT]
2020/08/24 20:55:42:004
Linktest.rsp
00 00 00 0A FF FF 00 00 00 06 80 00 01 92 

<<<----  [OUT]
2020/08/24 20:55:44:880
Linktest.req
00 00 00 0A FF FF 00 00 00 05 00 00 03 73 

---->>>  [IN ]
2020/08/24 20:55:44:882
Linktest.rsp
00 00 00 0A FF FF 00 00 00 06 00 00 03 73 

<<<----  [OUT]
2020/08/24 20:55:54:898
Linktest.req
00 00 00 0A FF FF 00 00 00 05 00 00 03 74 

---->>>  [IN ]
2020/08/24 20:55:54:899
Linktest.rsp
00 00 00 0A FF FF 00 00 00 06 00 00 03 74 

<<<----  [OUT]
2020/08/24 20:56:04:910
Linktest.req
00 00 00 0A FF FF 00 00 00 05 00 00 03 75 

---->>>  [IN ]
2020/08/24 20:56:04:911
Linktest.rsp
00 00 00 0A FF FF 00 00 00 06 00 00 03 75 

<<<----  [OUT]
2020/08/24 20:56:14:924
Linktest.req
00 00 00 0A FF FF 00 00 00 05 00 00 03 76 

---->>>  [IN ]
2020/08/24 20:56:14:925
Linktest.rsp
00 00 00 0A FF FF 00 00 00 06 00 00 03 76 

<<<----  [OUT]
2020/08/24 20:56:24:936
Linktest.req
00 00 00 0A FF FF 00 00 00 05 00 00 03 77 

---->>>  [IN ]
2020/08/24 20:56:24:937
Linktest.rsp
00 00 00 0A FF FF 00 00 00 06 00 00 03 77 

<<<----  [OUT]
2020/08/24 20:56:34:953
Linktest.req
00 00 00 0A FF FF 00 00 00 05 00 00 03 78 

---->>>  [IN ]
2020/08/24 20:56:34:956
Linktest.rsp
00 00 00 0A FF FF 00 00 00 06 00 00 03 78 

---->>>  [IN ]
2020/08/24 20:56:42:004
Linktest.req
00 00 00 0A FF FF 00 00 00 05 80 00 01 93 

<<<----  [OUT]
2020/08/24 20:56:42:004
Linktest.rsp
00 00 00 0A FF FF 00 00 00 06 80 00 01 93 

<<<----  [OUT]
2020/08/24 20:56:44:972
Linktest.req
00 00 00 0A FF FF 00 00 00 05 00 00 03 79 

---->>>  [IN ]
2020/08/24 20:56:44:973
Linktest.rsp
00 00 00 0A FF FF 00 00 00 06 00 00 03 79 

<<<----  [OUT]
2020/08/24 20:56:54:989
Linktest.req
00 00 00 0A FF FF 00 00 00 05 00 00 03 7A 

---->>>  [IN ]
2020/08/24 20:56:54:991
Linktest.rsp
00 00 00 0A FF FF 00 00 00 06 00 00 03 7A 

<<<----  [OUT]
2020/08/24 20:57:05:007
Linktest.req
00 00 00 0A FF FF 00 00 00 05 00 00 03 7B 

---->>>  [IN ]
2020/08/24 20:57:05:011
Linktest.rsp
00 00 00 0A FF FF 00 00 00 06 00 00 03 7B 

<<<----  [OUT]
2020/08/24 20:57:15:024
Linktest.req
00 00 00 0A FF FF 00 00 00 05 00 00 03 7C 

---->>>  [IN ]
2020/08/24 20:57:15:025
Linktest.rsp
00 00 00 0A FF FF 00 00 00 06 00 00 03 7C 

<<<----  [OUT]
2020/08/24 20:57:25:034
Linktest.req
00 00 00 0A FF FF 00 00 00 05 00 00 03 7D 

---->>>  [IN ]
2020/08/24 20:57:25:035
Linktest.rsp
00 00 00 0A FF FF 00 00 00 06 00 00 03 7D 

<<<----  [OUT]
2020/08/24 20:57:35:045
Linktest.req
00 00 00 0A FF FF 00 00 00 05 00 00 03 7E 

---->>>  [IN ]
2020/08/24 20:57:35:046
Linktest.rsp
00 00 00 0A FF FF 00 00 00 06 00 00 03 7E 

---->>>  [IN ]
2020/08/24 20:57:42:006
Linktest.req
00 00 00 0A FF FF 00 00 00 05 80 00 01 94 

<<<----  [OUT]
2020/08/24 20:57:42:006
Linktest.rsp
00 00 00 0A FF FF 00 00 00 06 80 00 01 94 

<<<----  [OUT]
2020/08/24 20:57:45:059
Linktest.req
00 00 00 0A FF FF 00 00 00 05 00 00 03 7F 

---->>>  [IN ]
2020/08/24 20:57:45:060
Linktest.rsp
00 00 00 0A FF FF 00 00 00 06 00 00 03 7F 

<<<----  [OUT]
2020/08/24 20:57:55:074
Linktest.req
00 00 00 0A FF FF 00 00 00 05 00 00 03 80 

---->>>  [IN ]
2020/08/24 20:57:55:075
Linktest.rsp
00 00 00 0A FF FF 00 00 00 06 00 00 03 80 

<<<----  [OUT]
2020/08/24 20:58:05:091
Linktest.req
00 00 00 0A FF FF 00 00 00 05 00 00 03 81 

---->>>  [IN ]
2020/08/24 20:58:05:092
Linktest.rsp
00 00 00 0A FF FF 00 00 00 06 00 00 03 81 

<<<----  [OUT]
2020/08/24 20:58:15:107
Linktest.req
00 00 00 0A FF FF 00 00 00 05 00 00 03 82 

---->>>  [IN ]
2020/08/24 20:58:15:108
Linktest.rsp
00 00 00 0A FF FF 00 00 00 06 00 00 03 82 

<<<----  [OUT]
2020/08/24 20:58:25:120
Linktest.req
00 00 00 0A FF FF 00 00 00 05 00 00 03 83 

---->>>  [IN ]
2020/08/24 20:58:25:121
Linktest.rsp
00 00 00 0A FF FF 00 00 00 06 00 00 03 83 

<<<----  [OUT]
2020/08/24 20:58:35:133
Linktest.req
00 00 00 0A FF FF 00 00 00 05 00 00 03 84 

---->>>  [IN ]
2020/08/24 20:58:35:134
Linktest.rsp
00 00 00 0A FF FF 00 00 00 06 00 00 03 84 

---->>>  [IN ]
2020/08/24 20:58:42:006
Linktest.req
00 00 00 0A FF FF 00 00 00 05 80 00 01 95 

<<<----  [OUT]
2020/08/24 20:58:42:006
Linktest.rsp
00 00 00 0A FF FF 00 00 00 06 80 00 01 95 

<<<----  [OUT]
2020/08/24 20:58:45:145
Linktest.req
00 00 00 0A FF FF 00 00 00 05 00 00 03 85 

---->>>  [IN ]
2020/08/24 20:58:45:146
Linktest.rsp
00 00 00 0A FF FF 00 00 00 06 00 00 03 85 

<<<----  [OUT]
2020/08/24 20:58:55:160
Linktest.req
00 00 00 0A FF FF 00 00 00 05 00 00 03 86 

---->>>  [IN ]
2020/08/24 20:58:55:161
Linktest.rsp
00 00 00 0A FF FF 00 00 00 06 00 00 03 86 

<<<----  [OUT]
2020/08/24 20:59:05:175
Linktest.req
00 00 00 0A FF FF 00 00 00 05 00 00 03 87 

---->>>  [IN ]
2020/08/24 20:59:05:176
Linktest.rsp
00 00 00 0A FF FF 00 00 00 06 00 00 03 87 

<<<----  [OUT]
2020/08/24 20:59:15:188
Linktest.req
00 00 00 0A FF FF 00 00 00 05 00 00 03 88 

---->>>  [IN ]
2020/08/24 20:59:15:189
Linktest.rsp
00 00 00 0A FF FF 00 00 00 06 00 00 03 88 

<<<----  [OUT]
2020/08/24 20:59:25:203
Linktest.req
00 00 00 0A FF FF 00 00 00 05 00 00 03 89 

---->>>  [IN ]
2020/08/24 20:59:25:204
Linktest.rsp
00 00 00 0A FF FF 00 00 00 06 00 00 03 89 

<<<----  [OUT]
2020/08/24 20:59:35:220
Linktest.req
00 00 00 0A FF FF 00 00 00 05 00 00 03 8A 

---->>>  [IN ]
2020/08/24 20:59:35:221
Linktest.rsp
00 00 00 0A FF FF 00 00 00 06 00 00 03 8A 

---->>>  [IN ]
2020/08/24 20:59:42:006
Linktest.req
00 00 00 0A FF FF 00 00 00 05 80 00 01 96 

<<<----  [OUT]
2020/08/24 20:59:42:006
Linktest.rsp
00 00 00 0A FF FF 00 00 00 06 80 00 01 96 

<<<----  [OUT]
2020/08/24 20:59:45:234
Linktest.req
00 00 00 0A FF FF 00 00 00 05 00 00 03 8B 

---->>>  [IN ]
2020/08/24 20:59:45:235
Linktest.rsp
00 00 00 0A FF FF 00 00 00 06 00 00 03 8B 

<<<----  [OUT]
2020/08/24 20:59:55:242
Linktest.req
00 00 00 0A FF FF 00 00 00 05 00 00 03 8C 

---->>>  [IN ]
2020/08/24 20:59:55:244
Linktest.rsp
00 00 00 0A FF FF 00 00 00 06 00 00 03 8C 
