
---->>>  [IN ]
2020/08/24 06:00:02:396
Linktest.req
00 00 00 0A FF FF 00 00 00 05 80 00 02 E5 

<<<----  [OUT]
2020/08/24 06:00:02:396
Linktest.rsp
00 00 00 0A FF FF 00 00 00 06 80 00 02 E5 

<<<----  [OUT]
2020/08/24 06:00:08:396
Linktest.req
00 00 00 0A FF FF 00 00 00 05 00 00 10 62 

---->>>  [IN ]
2020/08/24 06:00:08:397
Linktest.rsp
00 00 00 0A FF FF 00 00 00 06 00 00 10 62 

<<<----  [OUT]
2020/08/24 06:00:18:410
Linktest.req
00 00 00 0A FF FF 00 00 00 05 00 00 10 63 

---->>>  [IN ]
2020/08/24 06:00:18:411
Linktest.rsp
00 00 00 0A FF FF 00 00 00 06 00 00 10 63 

<<<----  [OUT]
2020/08/24 06:00:28:427
Linktest.req
00 00 00 0A FF FF 00 00 00 05 00 00 10 64 

---->>>  [IN ]
2020/08/24 06:00:28:428
Linktest.rsp
00 00 00 0A FF FF 00 00 00 06 00 00 10 64 

<<<----  [OUT]
2020/08/24 06:00:38:444
Linktest.req
00 00 00 0A FF FF 00 00 00 05 00 00 10 65 

---->>>  [IN ]
2020/08/24 06:00:38:445
Linktest.rsp
00 00 00 0A FF FF 00 00 00 06 00 00 10 65 

<<<----  [OUT]
2020/08/24 06:00:48:460
Linktest.req
00 00 00 0A FF FF 00 00 00 05 00 00 10 66 

---->>>  [IN ]
2020/08/24 06:00:48:461
Linktest.rsp
00 00 00 0A FF FF 00 00 00 06 00 00 10 66 

<<<----  [OUT]
2020/08/24 06:00:58:480
Linktest.req
00 00 00 0A FF FF 00 00 00 05 00 00 10 67 

---->>>  [IN ]
2020/08/24 06:00:58:487
Linktest.rsp
00 00 00 0A FF FF 00 00 00 06 00 00 10 67 

---->>>  [IN ]
2020/08/24 06:01:02:390
Linktest.req
00 00 00 0A FF FF 00 00 00 05 80 00 02 E6 

<<<----  [OUT]
2020/08/24 06:01:02:390
Linktest.rsp
00 00 00 0A FF FF 00 00 00 06 80 00 02 E6 

<<<----  [OUT]
2020/08/24 06:01:08:479
Linktest.req
00 00 00 0A FF FF 00 00 00 05 00 00 10 68 

---->>>  [IN ]
2020/08/24 06:01:08:480
Linktest.rsp
00 00 00 0A FF FF 00 00 00 06 00 00 10 68 

<<<----  [OUT]
2020/08/24 06:01:18:489
Linktest.req
00 00 00 0A FF FF 00 00 00 05 00 00 10 69 

---->>>  [IN ]
2020/08/24 06:01:18:490
Linktest.rsp
00 00 00 0A FF FF 00 00 00 06 00 00 10 69 

<<<----  [OUT]
2020/08/24 06:01:28:504
Linktest.req
00 00 00 0A FF FF 00 00 00 05 00 00 10 6A 

---->>>  [IN ]
2020/08/24 06:01:28:505
Linktest.rsp
00 00 00 0A FF FF 00 00 00 06 00 00 10 6A 

<<<----  [OUT]
2020/08/24 06:01:38:522
Linktest.req
00 00 00 0A FF FF 00 00 00 05 00 00 10 6B 

---->>>  [IN ]
2020/08/24 06:01:38:523
Linktest.rsp
00 00 00 0A FF FF 00 00 00 06 00 00 10 6B 

<<<----  [OUT]
2020/08/24 06:01:48:532
Linktest.req
00 00 00 0A FF FF 00 00 00 05 00 00 10 6C 

---->>>  [IN ]
2020/08/24 06:01:48:533
Linktest.rsp
00 00 00 0A FF FF 00 00 00 06 00 00 10 6C 

<<<----  [OUT]
2020/08/24 06:01:58:548
Linktest.req
00 00 00 0A FF FF 00 00 00 05 00 00 10 6D 

---->>>  [IN ]
2020/08/24 06:01:58:549
Linktest.rsp
00 00 00 0A FF FF 00 00 00 06 00 00 10 6D 

---->>>  [IN ]
2020/08/24 06:02:02:396
Linktest.req
00 00 00 0A FF FF 00 00 00 05 80 00 02 E7 

<<<----  [OUT]
2020/08/24 06:02:02:396
Linktest.rsp
00 00 00 0A FF FF 00 00 00 06 80 00 02 E7 

<<<----  [OUT]
2020/08/24 06:02:08:561
Linktest.req
00 00 00 0A FF FF 00 00 00 05 00 00 10 6E 

---->>>  [IN ]
2020/08/24 06:02:08:562
Linktest.rsp
00 00 00 0A FF FF 00 00 00 06 00 00 10 6E 

<<<----  [OUT]
2020/08/24 06:02:18:578
Linktest.req
00 00 00 0A FF FF 00 00 00 05 00 00 10 6F 

---->>>  [IN ]
2020/08/24 06:02:18:579
Linktest.rsp
00 00 00 0A FF FF 00 00 00 06 00 00 10 6F 

<<<----  [OUT]
2020/08/24 06:02:28:591
Linktest.req
00 00 00 0A FF FF 00 00 00 05 00 00 10 70 

---->>>  [IN ]
2020/08/24 06:02:28:592
Linktest.rsp
00 00 00 0A FF FF 00 00 00 06 00 00 10 70 

<<<----  [OUT]
2020/08/24 06:02:38:603
Linktest.req
00 00 00 0A FF FF 00 00 00 05 00 00 10 71 

---->>>  [IN ]
2020/08/24 06:02:38:604
Linktest.rsp
00 00 00 0A FF FF 00 00 00 06 00 00 10 71 

<<<----  [OUT]
2020/08/24 06:02:48:619
Linktest.req
00 00 00 0A FF FF 00 00 00 05 00 00 10 72 

---->>>  [IN ]
2020/08/24 06:02:48:620
Linktest.rsp
00 00 00 0A FF FF 00 00 00 06 00 00 10 72 

<<<----  [OUT]
2020/08/24 06:02:58:631
Linktest.req
00 00 00 0A FF FF 00 00 00 05 00 00 10 73 

---->>>  [IN ]
2020/08/24 06:02:58:632
Linktest.rsp
00 00 00 0A FF FF 00 00 00 06 00 00 10 73 

---->>>  [IN ]
2020/08/24 06:03:02:390
Linktest.req
00 00 00 0A FF FF 00 00 00 05 80 00 02 E8 

<<<----  [OUT]
2020/08/24 06:03:02:390
Linktest.rsp
00 00 00 0A FF FF 00 00 00 06 80 00 02 E8 

<<<----  [OUT]
2020/08/24 06:03:08:643
Linktest.req
00 00 00 0A FF FF 00 00 00 05 00 00 10 74 

---->>>  [IN ]
2020/08/24 06:03:08:644
Linktest.rsp
00 00 00 0A FF FF 00 00 00 06 00 00 10 74 

<<<----  [OUT]
2020/08/24 06:03:18:661
Linktest.req
00 00 00 0A FF FF 00 00 00 05 00 00 10 75 

---->>>  [IN ]
2020/08/24 06:03:18:662
Linktest.rsp
00 00 00 0A FF FF 00 00 00 06 00 00 10 75 

<<<----  [OUT]
2020/08/24 06:03:28:679
Linktest.req
00 00 00 0A FF FF 00 00 00 05 00 00 10 76 

---->>>  [IN ]
2020/08/24 06:03:28:680
Linktest.rsp
00 00 00 0A FF FF 00 00 00 06 00 00 10 76 

<<<----  [OUT]
2020/08/24 06:03:38:694
Linktest.req
00 00 00 0A FF FF 00 00 00 05 00 00 10 77 

---->>>  [IN ]
2020/08/24 06:03:38:695
Linktest.rsp
00 00 00 0A FF FF 00 00 00 06 00 00 10 77 

<<<----  [OUT]
2020/08/24 06:03:48:708
Linktest.req
00 00 00 0A FF FF 00 00 00 05 00 00 10 78 

---->>>  [IN ]
2020/08/24 06:03:48:709
Linktest.rsp
00 00 00 0A FF FF 00 00 00 06 00 00 10 78 

<<<----  [OUT]
2020/08/24 06:03:58:715
Linktest.req
00 00 00 0A FF FF 00 00 00 05 00 00 10 79 

---->>>  [IN ]
2020/08/24 06:03:58:716
Linktest.rsp
00 00 00 0A FF FF 00 00 00 06 00 00 10 79 

---->>>  [IN ]
2020/08/24 06:04:02:389
Linktest.req
00 00 00 0A FF FF 00 00 00 05 80 00 02 E9 

<<<----  [OUT]
2020/08/24 06:04:02:389
Linktest.rsp
00 00 00 0A FF FF 00 00 00 06 80 00 02 E9 

<<<----  [OUT]
2020/08/24 06:04:08:730
Linktest.req
00 00 00 0A FF FF 00 00 00 05 00 00 10 7A 

---->>>  [IN ]
2020/08/24 06:04:08:731
Linktest.rsp
00 00 00 0A FF FF 00 00 00 06 00 00 10 7A 

<<<----  [OUT]
2020/08/24 06:04:18:740
Linktest.req
00 00 00 0A FF FF 00 00 00 05 00 00 10 7B 

---->>>  [IN ]
2020/08/24 06:04:18:741
Linktest.rsp
00 00 00 0A FF FF 00 00 00 06 00 00 10 7B 

<<<----  [OUT]
2020/08/24 06:04:28:757
Linktest.req
00 00 00 0A FF FF 00 00 00 05 00 00 10 7C 

---->>>  [IN ]
2020/08/24 06:04:28:758
Linktest.rsp
00 00 00 0A FF FF 00 00 00 06 00 00 10 7C 

<<<----  [OUT]
2020/08/24 06:04:38:773
Linktest.req
00 00 00 0A FF FF 00 00 00 05 00 00 10 7D 

---->>>  [IN ]
2020/08/24 06:04:38:774
Linktest.rsp
00 00 00 0A FF FF 00 00 00 06 00 00 10 7D 

<<<----  [OUT]
2020/08/24 06:04:48:789
Linktest.req
00 00 00 0A FF FF 00 00 00 05 00 00 10 7E 

---->>>  [IN ]
2020/08/24 06:04:48:790
Linktest.rsp
00 00 00 0A FF FF 00 00 00 06 00 00 10 7E 

<<<----  [OUT]
2020/08/24 06:04:58:805
Linktest.req
00 00 00 0A FF FF 00 00 00 05 00 00 10 7F 

---->>>  [IN ]
2020/08/24 06:04:58:806
Linktest.rsp
00 00 00 0A FF FF 00 00 00 06 00 00 10 7F 

---->>>  [IN ]
2020/08/24 06:05:02:393
Linktest.req
00 00 00 0A FF FF 00 00 00 05 80 00 02 EA 

<<<----  [OUT]
2020/08/24 06:05:02:393
Linktest.rsp
00 00 00 0A FF FF 00 00 00 06 80 00 02 EA 

<<<----  [OUT]
2020/08/24 06:05:08:818
Linktest.req
00 00 00 0A FF FF 00 00 00 05 00 00 10 80 

---->>>  [IN ]
2020/08/24 06:05:08:819
Linktest.rsp
00 00 00 0A FF FF 00 00 00 06 00 00 10 80 

<<<----  [OUT]
2020/08/24 06:05:18:831
Linktest.req
00 00 00 0A FF FF 00 00 00 05 00 00 10 81 

---->>>  [IN ]
2020/08/24 06:05:18:832
Linktest.rsp
00 00 00 0A FF FF 00 00 00 06 00 00 10 81 

<<<----  [OUT]
2020/08/24 06:05:28:848
Linktest.req
00 00 00 0A FF FF 00 00 00 05 00 00 10 82 

---->>>  [IN ]
2020/08/24 06:05:28:849
Linktest.rsp
00 00 00 0A FF FF 00 00 00 06 00 00 10 82 

<<<----  [OUT]
2020/08/24 06:05:38:859
Linktest.req
00 00 00 0A FF FF 00 00 00 05 00 00 10 83 

---->>>  [IN ]
2020/08/24 06:05:38:860
Linktest.rsp
00 00 00 0A FF FF 00 00 00 06 00 00 10 83 

<<<----  [OUT]
2020/08/24 06:05:48:872
Linktest.req
00 00 00 0A FF FF 00 00 00 05 00 00 10 84 

---->>>  [IN ]
2020/08/24 06:05:48:873
Linktest.rsp
00 00 00 0A FF FF 00 00 00 06 00 00 10 84 

<<<----  [OUT]
2020/08/24 06:05:58:887
Linktest.req
00 00 00 0A FF FF 00 00 00 05 00 00 10 85 

---->>>  [IN ]
2020/08/24 06:05:58:888
Linktest.rsp
00 00 00 0A FF FF 00 00 00 06 00 00 10 85 

---->>>  [IN ]
2020/08/24 06:06:02:394
Linktest.req
00 00 00 0A FF FF 00 00 00 05 80 00 02 EB 

<<<----  [OUT]
2020/08/24 06:06:02:394
Linktest.rsp
00 00 00 0A FF FF 00 00 00 06 80 00 02 EB 

<<<----  [OUT]
2020/08/24 06:06:08:898
Linktest.req
00 00 00 0A FF FF 00 00 00 05 00 00 10 86 

---->>>  [IN ]
2020/08/24 06:06:08:899
Linktest.rsp
00 00 00 0A FF FF 00 00 00 06 00 00 10 86 

<<<----  [OUT]
2020/08/24 06:06:18:913
Linktest.req
00 00 00 0A FF FF 00 00 00 05 00 00 10 87 

---->>>  [IN ]
2020/08/24 06:06:18:914
Linktest.rsp
00 00 00 0A FF FF 00 00 00 06 00 00 10 87 

<<<----  [OUT]
2020/08/24 06:06:28:925
Linktest.req
00 00 00 0A FF FF 00 00 00 05 00 00 10 88 

---->>>  [IN ]
2020/08/24 06:06:28:926
Linktest.rsp
00 00 00 0A FF FF 00 00 00 06 00 00 10 88 

<<<----  [OUT]
2020/08/24 06:06:38:935
Linktest.req
00 00 00 0A FF FF 00 00 00 05 00 00 10 89 

---->>>  [IN ]
2020/08/24 06:06:38:936
Linktest.rsp
00 00 00 0A FF FF 00 00 00 06 00 00 10 89 

<<<----  [OUT]
2020/08/24 06:06:48:948
Linktest.req
00 00 00 0A FF FF 00 00 00 05 00 00 10 8A 

---->>>  [IN ]
2020/08/24 06:06:48:949
Linktest.rsp
00 00 00 0A FF FF 00 00 00 06 00 00 10 8A 

<<<----  [OUT]
2020/08/24 06:06:58:963
Linktest.req
00 00 00 0A FF FF 00 00 00 05 00 00 10 8B 

---->>>  [IN ]
2020/08/24 06:06:58:964
Linktest.rsp
00 00 00 0A FF FF 00 00 00 06 00 00 10 8B 

---->>>  [IN ]
2020/08/24 06:07:02:393
Linktest.req
00 00 00 0A FF FF 00 00 00 05 80 00 02 EC 

<<<----  [OUT]
2020/08/24 06:07:02:393
Linktest.rsp
00 00 00 0A FF FF 00 00 00 06 80 00 02 EC 

<<<----  [OUT]
2020/08/24 06:07:08:976
Linktest.req
00 00 00 0A FF FF 00 00 00 05 00 00 10 8C 

---->>>  [IN ]
2020/08/24 06:07:08:977
Linktest.rsp
00 00 00 0A FF FF 00 00 00 06 00 00 10 8C 

<<<----  [OUT]
2020/08/24 06:07:18:986
Linktest.req
00 00 00 0A FF FF 00 00 00 05 00 00 10 8D 

---->>>  [IN ]
2020/08/24 06:07:18:987
Linktest.rsp
00 00 00 0A FF FF 00 00 00 06 00 00 10 8D 

<<<----  [OUT]
2020/08/24 06:07:28:995
Linktest.req
00 00 00 0A FF FF 00 00 00 05 00 00 10 8E 

---->>>  [IN ]
2020/08/24 06:07:28:996
Linktest.rsp
00 00 00 0A FF FF 00 00 00 06 00 00 10 8E 

<<<----  [OUT]
2020/08/24 06:07:39:003
Linktest.req
00 00 00 0A FF FF 00 00 00 05 00 00 10 8F 

---->>>  [IN ]
2020/08/24 06:07:39:004
Linktest.rsp
00 00 00 0A FF FF 00 00 00 06 00 00 10 8F 

<<<----  [OUT]
2020/08/24 06:07:49:013
Linktest.req
00 00 00 0A FF FF 00 00 00 05 00 00 10 90 

---->>>  [IN ]
2020/08/24 06:07:49:014
Linktest.rsp
00 00 00 0A FF FF 00 00 00 06 00 00 10 90 

<<<----  [OUT]
2020/08/24 06:07:59:019
Linktest.req
00 00 00 0A FF FF 00 00 00 05 00 00 10 91 

---->>>  [IN ]
2020/08/24 06:07:59:019
Linktest.rsp
00 00 00 0A FF FF 00 00 00 06 00 00 10 91 

---->>>  [IN ]
2020/08/24 06:08:02:393
Linktest.req
00 00 00 0A FF FF 00 00 00 05 80 00 02 ED 

<<<----  [OUT]
2020/08/24 06:08:02:393
Linktest.rsp
00 00 00 0A FF FF 00 00 00 06 80 00 02 ED 

<<<----  [OUT]
2020/08/24 06:08:09:033
Linktest.req
00 00 00 0A FF FF 00 00 00 05 00 00 10 92 

---->>>  [IN ]
2020/08/24 06:08:09:034
Linktest.rsp
00 00 00 0A FF FF 00 00 00 06 00 00 10 92 

<<<----  [OUT]
2020/08/24 06:08:19:048
Linktest.req
00 00 00 0A FF FF 00 00 00 05 00 00 10 93 

---->>>  [IN ]
2020/08/24 06:08:19:049
Linktest.rsp
00 00 00 0A FF FF 00 00 00 06 00 00 10 93 

<<<----  [OUT]
2020/08/24 06:08:29:064
Linktest.req
00 00 00 0A FF FF 00 00 00 05 00 00 10 94 

---->>>  [IN ]
2020/08/24 06:08:29:065
Linktest.rsp
00 00 00 0A FF FF 00 00 00 06 00 00 10 94 

<<<----  [OUT]
2020/08/24 06:08:39:079
Linktest.req
00 00 00 0A FF FF 00 00 00 05 00 00 10 95 

---->>>  [IN ]
2020/08/24 06:08:39:080
Linktest.rsp
00 00 00 0A FF FF 00 00 00 06 00 00 10 95 

<<<----  [OUT]
2020/08/24 06:08:49:087
Linktest.req
00 00 00 0A FF FF 00 00 00 05 00 00 10 96 

---->>>  [IN ]
2020/08/24 06:08:49:088
Linktest.rsp
00 00 00 0A FF FF 00 00 00 06 00 00 10 96 

<<<----  [OUT]
2020/08/24 06:08:59:100
Linktest.req
00 00 00 0A FF FF 00 00 00 05 00 00 10 97 

---->>>  [IN ]
2020/08/24 06:08:59:101
Linktest.rsp
00 00 00 0A FF FF 00 00 00 06 00 00 10 97 

---->>>  [IN ]
2020/08/24 06:09:02:396
Linktest.req
00 00 00 0A FF FF 00 00 00 05 80 00 02 EE 

<<<----  [OUT]
2020/08/24 06:09:02:396
Linktest.rsp
00 00 00 0A FF FF 00 00 00 06 80 00 02 EE 

<<<----  [OUT]
2020/08/24 06:09:09:116
Linktest.req
00 00 00 0A FF FF 00 00 00 05 00 00 10 98 

---->>>  [IN ]
2020/08/24 06:09:09:117
Linktest.rsp
00 00 00 0A FF FF 00 00 00 06 00 00 10 98 

<<<----  [OUT]
2020/08/24 06:09:19:131
Linktest.req
00 00 00 0A FF FF 00 00 00 05 00 00 10 99 

---->>>  [IN ]
2020/08/24 06:09:19:132
Linktest.rsp
00 00 00 0A FF FF 00 00 00 06 00 00 10 99 

<<<----  [OUT]
2020/08/24 06:09:29:147
Linktest.req
00 00 00 0A FF FF 00 00 00 05 00 00 10 9A 

---->>>  [IN ]
2020/08/24 06:09:29:148
Linktest.rsp
00 00 00 0A FF FF 00 00 00 06 00 00 10 9A 

<<<----  [OUT]
2020/08/24 06:09:39:159
Linktest.req
00 00 00 0A FF FF 00 00 00 05 00 00 10 9B 

---->>>  [IN ]
2020/08/24 06:09:39:160
Linktest.rsp
00 00 00 0A FF FF 00 00 00 06 00 00 10 9B 

<<<----  [OUT]
2020/08/24 06:09:49:178
Linktest.req
00 00 00 0A FF FF 00 00 00 05 00 00 10 9C 

---->>>  [IN ]
2020/08/24 06:09:49:179
Linktest.rsp
00 00 00 0A FF FF 00 00 00 06 00 00 10 9C 

<<<----  [OUT]
2020/08/24 06:09:59:196
Linktest.req
00 00 00 0A FF FF 00 00 00 05 00 00 10 9D 

---->>>  [IN ]
2020/08/24 06:09:59:197
Linktest.rsp
00 00 00 0A FF FF 00 00 00 06 00 00 10 9D 

---->>>  [IN ]
2020/08/24 06:10:02:399
Linktest.req
00 00 00 0A FF FF 00 00 00 05 80 00 02 EF 

<<<----  [OUT]
2020/08/24 06:10:02:399
Linktest.rsp
00 00 00 0A FF FF 00 00 00 06 80 00 02 EF 

<<<----  [OUT]
2020/08/24 06:10:09:210
Linktest.req
00 00 00 0A FF FF 00 00 00 05 00 00 10 9E 

---->>>  [IN ]
2020/08/24 06:10:09:211
Linktest.rsp
00 00 00 0A FF FF 00 00 00 06 00 00 10 9E 

<<<----  [OUT]
2020/08/24 06:10:19:235
Linktest.req
00 00 00 0A FF FF 00 00 00 05 00 00 10 9F 

---->>>  [IN ]
2020/08/24 06:10:19:236
Linktest.rsp
00 00 00 0A FF FF 00 00 00 06 00 00 10 9F 

<<<----  [OUT]
2020/08/24 06:10:29:246
Linktest.req
00 00 00 0A FF FF 00 00 00 05 00 00 10 A0 

---->>>  [IN ]
2020/08/24 06:10:29:247
Linktest.rsp
00 00 00 0A FF FF 00 00 00 06 00 00 10 A0 

<<<----  [OUT]
2020/08/24 06:10:39:254
Linktest.req
00 00 00 0A FF FF 00 00 00 05 00 00 10 A1 

---->>>  [IN ]
2020/08/24 06:10:39:255
Linktest.rsp
00 00 00 0A FF FF 00 00 00 06 00 00 10 A1 

<<<----  [OUT]
2020/08/24 06:10:49:270
Linktest.req
00 00 00 0A FF FF 00 00 00 05 00 00 10 A2 

---->>>  [IN ]
2020/08/24 06:10:49:271
Linktest.rsp
00 00 00 0A FF FF 00 00 00 06 00 00 10 A2 

<<<----  [OUT]
2020/08/24 06:10:59:286
Linktest.req
00 00 00 0A FF FF 00 00 00 05 00 00 10 A3 

---->>>  [IN ]
2020/08/24 06:10:59:287
Linktest.rsp
00 00 00 0A FF FF 00 00 00 06 00 00 10 A3 

---->>>  [IN ]
2020/08/24 06:11:02:402
Linktest.req
00 00 00 0A FF FF 00 00 00 05 80 00 02 F0 

<<<----  [OUT]
2020/08/24 06:11:02:402
Linktest.rsp
00 00 00 0A FF FF 00 00 00 06 80 00 02 F0 

<<<----  [OUT]
2020/08/24 06:11:09:303
Linktest.req
00 00 00 0A FF FF 00 00 00 05 00 00 10 A4 

---->>>  [IN ]
2020/08/24 06:11:09:304
Linktest.rsp
00 00 00 0A FF FF 00 00 00 06 00 00 10 A4 

<<<----  [OUT]
2020/08/24 06:11:19:320
Linktest.req
00 00 00 0A FF FF 00 00 00 05 00 00 10 A5 

---->>>  [IN ]
2020/08/24 06:11:19:321
Linktest.rsp
00 00 00 0A FF FF 00 00 00 06 00 00 10 A5 

<<<----  [OUT]
2020/08/24 06:11:29:335
Linktest.req
00 00 00 0A FF FF 00 00 00 05 00 00 10 A6 

---->>>  [IN ]
2020/08/24 06:11:29:336
Linktest.rsp
00 00 00 0A FF FF 00 00 00 06 00 00 10 A6 

<<<----  [OUT]
2020/08/24 06:11:39:353
Linktest.req
00 00 00 0A FF FF 00 00 00 05 00 00 10 A7 

---->>>  [IN ]
2020/08/24 06:11:39:354
Linktest.rsp
00 00 00 0A FF FF 00 00 00 06 00 00 10 A7 

<<<----  [OUT]
2020/08/24 06:11:49:370
Linktest.req
00 00 00 0A FF FF 00 00 00 05 00 00 10 A8 

---->>>  [IN ]
2020/08/24 06:11:49:371
Linktest.rsp
00 00 00 0A FF FF 00 00 00 06 00 00 10 A8 

<<<----  [OUT]
2020/08/24 06:11:59:385
Linktest.req
00 00 00 0A FF FF 00 00 00 05 00 00 10 A9 

---->>>  [IN ]
2020/08/24 06:11:59:385
Linktest.rsp
00 00 00 0A FF FF 00 00 00 06 00 00 10 A9 

---->>>  [IN ]
2020/08/24 06:12:02:412
Linktest.req
00 00 00 0A FF FF 00 00 00 05 80 00 02 F1 

<<<----  [OUT]
2020/08/24 06:12:02:412
Linktest.rsp
00 00 00 0A FF FF 00 00 00 06 80 00 02 F1 

<<<----  [OUT]
2020/08/24 06:12:09:400
Linktest.req
00 00 00 0A FF FF 00 00 00 05 00 00 10 AA 

---->>>  [IN ]
2020/08/24 06:12:09:401
Linktest.rsp
00 00 00 0A FF FF 00 00 00 06 00 00 10 AA 

<<<----  [OUT]
2020/08/24 06:12:19:412
Linktest.req
00 00 00 0A FF FF 00 00 00 05 00 00 10 AB 

---->>>  [IN ]
2020/08/24 06:12:19:413
Linktest.rsp
00 00 00 0A FF FF 00 00 00 06 00 00 10 AB 

<<<----  [OUT]
2020/08/24 06:12:29:427
Linktest.req
00 00 00 0A FF FF 00 00 00 05 00 00 10 AC 

---->>>  [IN ]
2020/08/24 06:12:29:428
Linktest.rsp
00 00 00 0A FF FF 00 00 00 06 00 00 10 AC 

<<<----  [OUT]
2020/08/24 06:12:39:443
Linktest.req
00 00 00 0A FF FF 00 00 00 05 00 00 10 AD 

---->>>  [IN ]
2020/08/24 06:12:39:444
Linktest.rsp
00 00 00 0A FF FF 00 00 00 06 00 00 10 AD 

<<<----  [OUT]
2020/08/24 06:12:49:461
Linktest.req
00 00 00 0A FF FF 00 00 00 05 00 00 10 AE 

---->>>  [IN ]
2020/08/24 06:12:49:462
Linktest.rsp
00 00 00 0A FF FF 00 00 00 06 00 00 10 AE 

<<<----  [OUT]
2020/08/24 06:12:59:474
Linktest.req
00 00 00 0A FF FF 00 00 00 05 00 00 10 AF 

---->>>  [IN ]
2020/08/24 06:12:59:475
Linktest.rsp
00 00 00 0A FF FF 00 00 00 06 00 00 10 AF 

---->>>  [IN ]
2020/08/24 06:13:02:413
Linktest.req
00 00 00 0A FF FF 00 00 00 05 80 00 02 F2 

<<<----  [OUT]
2020/08/24 06:13:02:413
Linktest.rsp
00 00 00 0A FF FF 00 00 00 06 80 00 02 F2 

<<<----  [OUT]
2020/08/24 06:13:09:489
Linktest.req
00 00 00 0A FF FF 00 00 00 05 00 00 10 B0 

---->>>  [IN ]
2020/08/24 06:13:09:490
Linktest.rsp
00 00 00 0A FF FF 00 00 00 06 00 00 10 B0 

<<<----  [OUT]
2020/08/24 06:13:19:509
Linktest.req
00 00 00 0A FF FF 00 00 00 05 00 00 10 B1 

---->>>  [IN ]
2020/08/24 06:13:19:510
Linktest.rsp
00 00 00 0A FF FF 00 00 00 06 00 00 10 B1 

<<<----  [OUT]
2020/08/24 06:13:29:527
Linktest.req
00 00 00 0A FF FF 00 00 00 05 00 00 10 B2 

---->>>  [IN ]
2020/08/24 06:13:29:528
Linktest.rsp
00 00 00 0A FF FF 00 00 00 06 00 00 10 B2 

<<<----  [OUT]
2020/08/24 06:13:39:544
Linktest.req
00 00 00 0A FF FF 00 00 00 05 00 00 10 B3 

---->>>  [IN ]
2020/08/24 06:13:39:545
Linktest.rsp
00 00 00 0A FF FF 00 00 00 06 00 00 10 B3 

<<<----  [OUT]
2020/08/24 06:13:49:558
Linktest.req
00 00 00 0A FF FF 00 00 00 05 00 00 10 B4 

---->>>  [IN ]
2020/08/24 06:13:49:559
Linktest.rsp
00 00 00 0A FF FF 00 00 00 06 00 00 10 B4 

<<<----  [OUT]
2020/08/24 06:13:59:572
Linktest.req
00 00 00 0A FF FF 00 00 00 05 00 00 10 B5 

---->>>  [IN ]
2020/08/24 06:13:59:572
Linktest.rsp
00 00 00 0A FF FF 00 00 00 06 00 00 10 B5 

---->>>  [IN ]
2020/08/24 06:14:02:403
Linktest.req
00 00 00 0A FF FF 00 00 00 05 80 00 02 F3 

<<<----  [OUT]
2020/08/24 06:14:02:403
Linktest.rsp
00 00 00 0A FF FF 00 00 00 06 80 00 02 F3 

<<<----  [OUT]
2020/08/24 06:14:09:586
Linktest.req
00 00 00 0A FF FF 00 00 00 05 00 00 10 B6 

---->>>  [IN ]
2020/08/24 06:14:09:587
Linktest.rsp
00 00 00 0A FF FF 00 00 00 06 00 00 10 B6 

<<<----  [OUT]
2020/08/24 06:14:19:598
Linktest.req
00 00 00 0A FF FF 00 00 00 05 00 00 10 B7 

---->>>  [IN ]
2020/08/24 06:14:19:599
Linktest.rsp
00 00 00 0A FF FF 00 00 00 06 00 00 10 B7 

<<<----  [OUT]
2020/08/24 06:14:29:613
Linktest.req
00 00 00 0A FF FF 00 00 00 05 00 00 10 B8 

---->>>  [IN ]
2020/08/24 06:14:29:614
Linktest.rsp
00 00 00 0A FF FF 00 00 00 06 00 00 10 B8 

<<<----  [OUT]
2020/08/24 06:14:39:629
Linktest.req
00 00 00 0A FF FF 00 00 00 05 00 00 10 B9 

---->>>  [IN ]
2020/08/24 06:14:39:630
Linktest.rsp
00 00 00 0A FF FF 00 00 00 06 00 00 10 B9 

<<<----  [OUT]
2020/08/24 06:14:49:645
Linktest.req
00 00 00 0A FF FF 00 00 00 05 00 00 10 BA 

---->>>  [IN ]
2020/08/24 06:14:49:646
Linktest.rsp
00 00 00 0A FF FF 00 00 00 06 00 00 10 BA 

<<<----  [OUT]
2020/08/24 06:14:59:660
Linktest.req
00 00 00 0A FF FF 00 00 00 05 00 00 10 BB 

---->>>  [IN ]
2020/08/24 06:14:59:661
Linktest.rsp
00 00 00 0A FF FF 00 00 00 06 00 00 10 BB 

---->>>  [IN ]
2020/08/24 06:15:02:407
Linktest.req
00 00 00 0A FF FF 00 00 00 05 80 00 02 F4 

<<<----  [OUT]
2020/08/24 06:15:02:407
Linktest.rsp
00 00 00 0A FF FF 00 00 00 06 80 00 02 F4 

<<<----  [OUT]
2020/08/24 06:15:09:673
Linktest.req
00 00 00 0A FF FF 00 00 00 05 00 00 10 BC 

---->>>  [IN ]
2020/08/24 06:15:09:674
Linktest.rsp
00 00 00 0A FF FF 00 00 00 06 00 00 10 BC 

<<<----  [OUT]
2020/08/24 06:15:19:689
Linktest.req
00 00 00 0A FF FF 00 00 00 05 00 00 10 BD 

---->>>  [IN ]
2020/08/24 06:15:19:690
Linktest.rsp
00 00 00 0A FF FF 00 00 00 06 00 00 10 BD 

<<<----  [OUT]
2020/08/24 06:15:29:707
Linktest.req
00 00 00 0A FF FF 00 00 00 05 00 00 10 BE 

---->>>  [IN ]
2020/08/24 06:15:29:708
Linktest.rsp
00 00 00 0A FF FF 00 00 00 06 00 00 10 BE 

<<<----  [OUT]
2020/08/24 06:15:39:695
Linktest.req
00 00 00 0A FF FF 00 00 00 05 00 00 10 BF 

---->>>  [IN ]
2020/08/24 06:15:39:696
Linktest.rsp
00 00 00 0A FF FF 00 00 00 06 00 00 10 BF 

<<<----  [OUT]
2020/08/24 06:15:49:714
Linktest.req
00 00 00 0A FF FF 00 00 00 05 00 00 10 C0 

---->>>  [IN ]
2020/08/24 06:15:49:715
Linktest.rsp
00 00 00 0A FF FF 00 00 00 06 00 00 10 C0 

<<<----  [OUT]
2020/08/24 06:15:59:730
Linktest.req
00 00 00 0A FF FF 00 00 00 05 00 00 10 C1 

---->>>  [IN ]
2020/08/24 06:15:59:731
Linktest.rsp
00 00 00 0A FF FF 00 00 00 06 00 00 10 C1 

---->>>  [IN ]
2020/08/24 06:16:02:400
Linktest.req
00 00 00 0A FF FF 00 00 00 05 80 00 02 F5 

<<<----  [OUT]
2020/08/24 06:16:02:400
Linktest.rsp
00 00 00 0A FF FF 00 00 00 06 80 00 02 F5 

<<<----  [OUT]
2020/08/24 06:16:09:746
Linktest.req
00 00 00 0A FF FF 00 00 00 05 00 00 10 C2 

---->>>  [IN ]
2020/08/24 06:16:09:747
Linktest.rsp
00 00 00 0A FF FF 00 00 00 06 00 00 10 C2 

<<<----  [OUT]
2020/08/24 06:16:19:757
Linktest.req
00 00 00 0A FF FF 00 00 00 05 00 00 10 C3 

---->>>  [IN ]
2020/08/24 06:16:19:757
Linktest.rsp
00 00 00 0A FF FF 00 00 00 06 00 00 10 C3 

<<<----  [OUT]
2020/08/24 06:16:29:766
Linktest.req
00 00 00 0A FF FF 00 00 00 05 00 00 10 C4 

---->>>  [IN ]
2020/08/24 06:16:29:767
Linktest.rsp
00 00 00 0A FF FF 00 00 00 06 00 00 10 C4 

<<<----  [OUT]
2020/08/24 06:16:39:782
Linktest.req
00 00 00 0A FF FF 00 00 00 05 00 00 10 C5 

---->>>  [IN ]
2020/08/24 06:16:39:783
Linktest.rsp
00 00 00 0A FF FF 00 00 00 06 00 00 10 C5 

<<<----  [OUT]
2020/08/24 06:16:49:797
Linktest.req
00 00 00 0A FF FF 00 00 00 05 00 00 10 C6 

---->>>  [IN ]
2020/08/24 06:16:49:798
Linktest.rsp
00 00 00 0A FF FF 00 00 00 06 00 00 10 C6 

<<<----  [OUT]
2020/08/24 06:16:59:808
Linktest.req
00 00 00 0A FF FF 00 00 00 05 00 00 10 C7 

---->>>  [IN ]
2020/08/24 06:16:59:809
Linktest.rsp
00 00 00 0A FF FF 00 00 00 06 00 00 10 C7 

---->>>  [IN ]
2020/08/24 06:17:02:403
Linktest.req
00 00 00 0A FF FF 00 00 00 05 80 00 02 F6 

<<<----  [OUT]
2020/08/24 06:17:02:403
Linktest.rsp
00 00 00 0A FF FF 00 00 00 06 80 00 02 F6 

<<<----  [OUT]
2020/08/24 06:17:09:823
Linktest.req
00 00 00 0A FF FF 00 00 00 05 00 00 10 C8 

---->>>  [IN ]
2020/08/24 06:17:09:824
Linktest.rsp
00 00 00 0A FF FF 00 00 00 06 00 00 10 C8 

<<<----  [OUT]
2020/08/24 06:17:19:834
Linktest.req
00 00 00 0A FF FF 00 00 00 05 00 00 10 C9 

---->>>  [IN ]
2020/08/24 06:17:19:835
Linktest.rsp
00 00 00 0A FF FF 00 00 00 06 00 00 10 C9 

<<<----  [OUT]
2020/08/24 06:17:29:848
Linktest.req
00 00 00 0A FF FF 00 00 00 05 00 00 10 CA 

---->>>  [IN ]
2020/08/24 06:17:29:849
Linktest.rsp
00 00 00 0A FF FF 00 00 00 06 00 00 10 CA 

<<<----  [OUT]
2020/08/24 06:17:39:860
Linktest.req
00 00 00 0A FF FF 00 00 00 05 00 00 10 CB 

---->>>  [IN ]
2020/08/24 06:17:39:861
Linktest.rsp
00 00 00 0A FF FF 00 00 00 06 00 00 10 CB 

<<<----  [OUT]
2020/08/24 06:17:49:872
Linktest.req
00 00 00 0A FF FF 00 00 00 05 00 00 10 CC 

---->>>  [IN ]
2020/08/24 06:17:49:873
Linktest.rsp
00 00 00 0A FF FF 00 00 00 06 00 00 10 CC 

<<<----  [OUT]
2020/08/24 06:17:59:884
Linktest.req
00 00 00 0A FF FF 00 00 00 05 00 00 10 CD 

---->>>  [IN ]
2020/08/24 06:17:59:884
Linktest.rsp
00 00 00 0A FF FF 00 00 00 06 00 00 10 CD 

---->>>  [IN ]
2020/08/24 06:18:02:412
Linktest.req
00 00 00 0A FF FF 00 00 00 05 80 00 02 F7 

<<<----  [OUT]
2020/08/24 06:18:02:412
Linktest.rsp
00 00 00 0A FF FF 00 00 00 06 80 00 02 F7 

<<<----  [OUT]
2020/08/24 06:18:09:898
Linktest.req
00 00 00 0A FF FF 00 00 00 05 00 00 10 CE 

---->>>  [IN ]
2020/08/24 06:18:09:899
Linktest.rsp
00 00 00 0A FF FF 00 00 00 06 00 00 10 CE 

<<<----  [OUT]
2020/08/24 06:18:19:916
Linktest.req
00 00 00 0A FF FF 00 00 00 05 00 00 10 CF 

---->>>  [IN ]
2020/08/24 06:18:19:917
Linktest.rsp
00 00 00 0A FF FF 00 00 00 06 00 00 10 CF 

<<<----  [OUT]
2020/08/24 06:18:29:929
Linktest.req
00 00 00 0A FF FF 00 00 00 05 00 00 10 D0 

---->>>  [IN ]
2020/08/24 06:18:29:930
Linktest.rsp
00 00 00 0A FF FF 00 00 00 06 00 00 10 D0 

<<<----  [OUT]
2020/08/24 06:18:39:941
Linktest.req
00 00 00 0A FF FF 00 00 00 05 00 00 10 D1 

---->>>  [IN ]
2020/08/24 06:18:39:942
Linktest.rsp
00 00 00 0A FF FF 00 00 00 06 00 00 10 D1 

<<<----  [OUT]
2020/08/24 06:18:49:952
Linktest.req
00 00 00 0A FF FF 00 00 00 05 00 00 10 D2 

---->>>  [IN ]
2020/08/24 06:18:49:953
Linktest.rsp
00 00 00 0A FF FF 00 00 00 06 00 00 10 D2 

<<<----  [OUT]
2020/08/24 06:18:59:967
Linktest.req
00 00 00 0A FF FF 00 00 00 05 00 00 10 D3 

---->>>  [IN ]
2020/08/24 06:18:59:968
Linktest.rsp
00 00 00 0A FF FF 00 00 00 06 00 00 10 D3 

---->>>  [IN ]
2020/08/24 06:19:02:399
Linktest.req
00 00 00 0A FF FF 00 00 00 05 80 00 02 F8 

<<<----  [OUT]
2020/08/24 06:19:02:399
Linktest.rsp
00 00 00 0A FF FF 00 00 00 06 80 00 02 F8 

<<<----  [OUT]
2020/08/24 06:19:09:981
Linktest.req
00 00 00 0A FF FF 00 00 00 05 00 00 10 D4 

---->>>  [IN ]
2020/08/24 06:19:09:982
Linktest.rsp
00 00 00 0A FF FF 00 00 00 06 00 00 10 D4 

<<<----  [OUT]
2020/08/24 06:19:19:997
Linktest.req
00 00 00 0A FF FF 00 00 00 05 00 00 10 D5 

---->>>  [IN ]
2020/08/24 06:19:19:998
Linktest.rsp
00 00 00 0A FF FF 00 00 00 06 00 00 10 D5 

<<<----  [OUT]
2020/08/24 06:19:30:009
Linktest.req
00 00 00 0A FF FF 00 00 00 05 00 00 10 D6 

---->>>  [IN ]
2020/08/24 06:19:30:010
Linktest.rsp
00 00 00 0A FF FF 00 00 00 06 00 00 10 D6 

<<<----  [OUT]
2020/08/24 06:19:40:024
Linktest.req
00 00 00 0A FF FF 00 00 00 05 00 00 10 D7 

---->>>  [IN ]
2020/08/24 06:19:40:025
Linktest.rsp
00 00 00 0A FF FF 00 00 00 06 00 00 10 D7 

<<<----  [OUT]
2020/08/24 06:19:50:038
Linktest.req
00 00 00 0A FF FF 00 00 00 05 00 00 10 D8 

---->>>  [IN ]
2020/08/24 06:19:50:039
Linktest.rsp
00 00 00 0A FF FF 00 00 00 06 00 00 10 D8 

<<<----  [OUT]
2020/08/24 06:20:00:051
Linktest.req
00 00 00 0A FF FF 00 00 00 05 00 00 10 D9 

---->>>  [IN ]
2020/08/24 06:20:00:052
Linktest.rsp
00 00 00 0A FF FF 00 00 00 06 00 00 10 D9 

---->>>  [IN ]
2020/08/24 06:20:02:406
Linktest.req
00 00 00 0A FF FF 00 00 00 05 80 00 02 F9 

<<<----  [OUT]
2020/08/24 06:20:02:406
Linktest.rsp
00 00 00 0A FF FF 00 00 00 06 80 00 02 F9 

<<<----  [OUT]
2020/08/24 06:20:10:066
Linktest.req
00 00 00 0A FF FF 00 00 00 05 00 00 10 DA 

---->>>  [IN ]
2020/08/24 06:20:10:067
Linktest.rsp
00 00 00 0A FF FF 00 00 00 06 00 00 10 DA 

<<<----  [OUT]
2020/08/24 06:20:20:076
Linktest.req
00 00 00 0A FF FF 00 00 00 05 00 00 10 DB 

---->>>  [IN ]
2020/08/24 06:20:20:077
Linktest.rsp
00 00 00 0A FF FF 00 00 00 06 00 00 10 DB 

<<<----  [OUT]
2020/08/24 06:20:30:086
Linktest.req
00 00 00 0A FF FF 00 00 00 05 00 00 10 DC 

---->>>  [IN ]
2020/08/24 06:20:30:087
Linktest.rsp
00 00 00 0A FF FF 00 00 00 06 00 00 10 DC 

<<<----  [OUT]
2020/08/24 06:20:40:102
Linktest.req
00 00 00 0A FF FF 00 00 00 05 00 00 10 DD 

---->>>  [IN ]
2020/08/24 06:20:40:103
Linktest.rsp
00 00 00 0A FF FF 00 00 00 06 00 00 10 DD 

<<<----  [OUT]
2020/08/24 06:20:50:114
Linktest.req
00 00 00 0A FF FF 00 00 00 05 00 00 10 DE 

---->>>  [IN ]
2020/08/24 06:20:50:115
Linktest.rsp
00 00 00 0A FF FF 00 00 00 06 00 00 10 DE 

<<<----  [OUT]
2020/08/24 06:21:00:119
Linktest.req
00 00 00 0A FF FF 00 00 00 05 00 00 10 DF 

---->>>  [IN ]
2020/08/24 06:21:00:120
Linktest.rsp
00 00 00 0A FF FF 00 00 00 06 00 00 10 DF 

---->>>  [IN ]
2020/08/24 06:21:02:411
Linktest.req
00 00 00 0A FF FF 00 00 00 05 80 00 02 FA 

<<<----  [OUT]
2020/08/24 06:21:02:411
Linktest.rsp
00 00 00 0A FF FF 00 00 00 06 80 00 02 FA 

<<<----  [OUT]
2020/08/24 06:21:10:129
Linktest.req
00 00 00 0A FF FF 00 00 00 05 00 00 10 E0 

---->>>  [IN ]
2020/08/24 06:21:10:130
Linktest.rsp
00 00 00 0A FF FF 00 00 00 06 00 00 10 E0 

<<<----  [OUT]
2020/08/24 06:21:20:141
Linktest.req
00 00 00 0A FF FF 00 00 00 05 00 00 10 E1 

---->>>  [IN ]
2020/08/24 06:21:20:142
Linktest.rsp
00 00 00 0A FF FF 00 00 00 06 00 00 10 E1 

<<<----  [OUT]
2020/08/24 06:21:30:157
Linktest.req
00 00 00 0A FF FF 00 00 00 05 00 00 10 E2 

---->>>  [IN ]
2020/08/24 06:21:30:158
Linktest.rsp
00 00 00 0A FF FF 00 00 00 06 00 00 10 E2 

<<<----  [OUT]
2020/08/24 06:21:40:166
Linktest.req
00 00 00 0A FF FF 00 00 00 05 00 00 10 E3 

---->>>  [IN ]
2020/08/24 06:21:40:167
Linktest.rsp
00 00 00 0A FF FF 00 00 00 06 00 00 10 E3 

<<<----  [OUT]
2020/08/24 06:21:50:180
Linktest.req
00 00 00 0A FF FF 00 00 00 05 00 00 10 E4 

---->>>  [IN ]
2020/08/24 06:21:50:181
Linktest.rsp
00 00 00 0A FF FF 00 00 00 06 00 00 10 E4 

<<<----  [OUT]
2020/08/24 06:22:00:194
Linktest.req
00 00 00 0A FF FF 00 00 00 05 00 00 10 E5 

---->>>  [IN ]
2020/08/24 06:22:00:195
Linktest.rsp
00 00 00 0A FF FF 00 00 00 06 00 00 10 E5 

---->>>  [IN ]
2020/08/24 06:22:02:406
Linktest.req
00 00 00 0A FF FF 00 00 00 05 80 00 02 FB 

<<<----  [OUT]
2020/08/24 06:22:02:406
Linktest.rsp
00 00 00 0A FF FF 00 00 00 06 80 00 02 FB 

<<<----  [OUT]
2020/08/24 06:22:10:203
Linktest.req
00 00 00 0A FF FF 00 00 00 05 00 00 10 E6 

---->>>  [IN ]
2020/08/24 06:22:10:204
Linktest.rsp
00 00 00 0A FF FF 00 00 00 06 00 00 10 E6 

<<<----  [OUT]
2020/08/24 06:22:20:213
Linktest.req
00 00 00 0A FF FF 00 00 00 05 00 00 10 E7 

---->>>  [IN ]
2020/08/24 06:22:20:214
Linktest.rsp
00 00 00 0A FF FF 00 00 00 06 00 00 10 E7 

<<<----  [OUT]
2020/08/24 06:22:30:222
Linktest.req
00 00 00 0A FF FF 00 00 00 05 00 00 10 E8 

---->>>  [IN ]
2020/08/24 06:22:30:223
Linktest.rsp
00 00 00 0A FF FF 00 00 00 06 00 00 10 E8 

<<<----  [OUT]
2020/08/24 06:22:40:235
Linktest.req
00 00 00 0A FF FF 00 00 00 05 00 00 10 E9 

---->>>  [IN ]
2020/08/24 06:22:40:236
Linktest.rsp
00 00 00 0A FF FF 00 00 00 06 00 00 10 E9 

<<<----  [OUT]
2020/08/24 06:22:50:248
Linktest.req
00 00 00 0A FF FF 00 00 00 05 00 00 10 EA 

---->>>  [IN ]
2020/08/24 06:22:50:249
Linktest.rsp
00 00 00 0A FF FF 00 00 00 06 00 00 10 EA 

<<<----  [OUT]
2020/08/24 06:23:00:248
Linktest.req
00 00 00 0A FF FF 00 00 00 05 00 00 10 EB 

---->>>  [IN ]
2020/08/24 06:23:00:249
Linktest.rsp
00 00 00 0A FF FF 00 00 00 06 00 00 10 EB 

---->>>  [IN ]
2020/08/24 06:23:02:408
Linktest.req
00 00 00 0A FF FF 00 00 00 05 80 00 02 FC 

<<<----  [OUT]
2020/08/24 06:23:02:408
Linktest.rsp
00 00 00 0A FF FF 00 00 00 06 80 00 02 FC 

<<<----  [OUT]
2020/08/24 06:23:10:261
Linktest.req
00 00 00 0A FF FF 00 00 00 05 00 00 10 EC 

---->>>  [IN ]
2020/08/24 06:23:10:262
Linktest.rsp
00 00 00 0A FF FF 00 00 00 06 00 00 10 EC 

<<<----  [OUT]
2020/08/24 06:23:20:275
Linktest.req
00 00 00 0A FF FF 00 00 00 05 00 00 10 ED 

---->>>  [IN ]
2020/08/24 06:23:20:276
Linktest.rsp
00 00 00 0A FF FF 00 00 00 06 00 00 10 ED 

<<<----  [OUT]
2020/08/24 06:23:30:284
Linktest.req
00 00 00 0A FF FF 00 00 00 05 00 00 10 EE 

---->>>  [IN ]
2020/08/24 06:23:30:285
Linktest.rsp
00 00 00 0A FF FF 00 00 00 06 00 00 10 EE 

<<<----  [OUT]
2020/08/24 06:23:40:297
Linktest.req
00 00 00 0A FF FF 00 00 00 05 00 00 10 EF 

---->>>  [IN ]
2020/08/24 06:23:40:298
Linktest.rsp
00 00 00 0A FF FF 00 00 00 06 00 00 10 EF 

<<<----  [OUT]
2020/08/24 06:23:50:307
Linktest.req
00 00 00 0A FF FF 00 00 00 05 00 00 10 F0 

---->>>  [IN ]
2020/08/24 06:23:50:308
Linktest.rsp
00 00 00 0A FF FF 00 00 00 06 00 00 10 F0 

<<<----  [OUT]
2020/08/24 06:24:00:322
Linktest.req
00 00 00 0A FF FF 00 00 00 05 00 00 10 F1 

---->>>  [IN ]
2020/08/24 06:24:00:323
Linktest.rsp
00 00 00 0A FF FF 00 00 00 06 00 00 10 F1 

---->>>  [IN ]
2020/08/24 06:24:02:404
Linktest.req
00 00 00 0A FF FF 00 00 00 05 80 00 02 FD 

<<<----  [OUT]
2020/08/24 06:24:02:404
Linktest.rsp
00 00 00 0A FF FF 00 00 00 06 80 00 02 FD 

<<<----  [OUT]
2020/08/24 06:24:10:332
Linktest.req
00 00 00 0A FF FF 00 00 00 05 00 00 10 F2 

---->>>  [IN ]
2020/08/24 06:24:10:333
Linktest.rsp
00 00 00 0A FF FF 00 00 00 06 00 00 10 F2 

<<<----  [OUT]
2020/08/24 06:24:20:344
Linktest.req
00 00 00 0A FF FF 00 00 00 05 00 00 10 F3 

---->>>  [IN ]
2020/08/24 06:24:20:345
Linktest.rsp
00 00 00 0A FF FF 00 00 00 06 00 00 10 F3 

<<<----  [OUT]
2020/08/24 06:24:30:353
Linktest.req
00 00 00 0A FF FF 00 00 00 05 00 00 10 F4 

---->>>  [IN ]
2020/08/24 06:24:30:354
Linktest.rsp
00 00 00 0A FF FF 00 00 00 06 00 00 10 F4 

<<<----  [OUT]
2020/08/24 06:24:40:369
Linktest.req
00 00 00 0A FF FF 00 00 00 05 00 00 10 F5 

---->>>  [IN ]
2020/08/24 06:24:40:370
Linktest.rsp
00 00 00 0A FF FF 00 00 00 06 00 00 10 F5 

<<<----  [OUT]
2020/08/24 06:24:50:384
Linktest.req
00 00 00 0A FF FF 00 00 00 05 00 00 10 F6 

---->>>  [IN ]
2020/08/24 06:24:50:385
Linktest.rsp
00 00 00 0A FF FF 00 00 00 06 00 00 10 F6 

<<<----  [OUT]
2020/08/24 06:25:00:399
Linktest.req
00 00 00 0A FF FF 00 00 00 05 00 00 10 F7 

---->>>  [IN ]
2020/08/24 06:25:00:400
Linktest.rsp
00 00 00 0A FF FF 00 00 00 06 00 00 10 F7 

---->>>  [IN ]
2020/08/24 06:25:02:406
Linktest.req
00 00 00 0A FF FF 00 00 00 05 80 00 02 FE 

<<<----  [OUT]
2020/08/24 06:25:02:406
Linktest.rsp
00 00 00 0A FF FF 00 00 00 06 80 00 02 FE 

<<<----  [OUT]
2020/08/24 06:25:10:411
Linktest.req
00 00 00 0A FF FF 00 00 00 05 00 00 10 F8 

---->>>  [IN ]
2020/08/24 06:25:10:412
Linktest.rsp
00 00 00 0A FF FF 00 00 00 06 00 00 10 F8 

<<<----  [OUT]
2020/08/24 06:25:20:425
Linktest.req
00 00 00 0A FF FF 00 00 00 05 00 00 10 F9 

---->>>  [IN ]
2020/08/24 06:25:20:426
Linktest.rsp
00 00 00 0A FF FF 00 00 00 06 00 00 10 F9 

<<<----  [OUT]
2020/08/24 06:25:30:438
Linktest.req
00 00 00 0A FF FF 00 00 00 05 00 00 10 FA 

---->>>  [IN ]
2020/08/24 06:25:30:439
Linktest.rsp
00 00 00 0A FF FF 00 00 00 06 00 00 10 FA 

<<<----  [OUT]
2020/08/24 06:25:40:448
Linktest.req
00 00 00 0A FF FF 00 00 00 05 00 00 10 FB 

---->>>  [IN ]
2020/08/24 06:25:40:449
Linktest.rsp
00 00 00 0A FF FF 00 00 00 06 00 00 10 FB 

<<<----  [OUT]
2020/08/24 06:25:50:461
Linktest.req
00 00 00 0A FF FF 00 00 00 05 00 00 10 FC 

---->>>  [IN ]
2020/08/24 06:25:50:462
Linktest.rsp
00 00 00 0A FF FF 00 00 00 06 00 00 10 FC 

<<<----  [OUT]
2020/08/24 06:26:00:473
Linktest.req
00 00 00 0A FF FF 00 00 00 05 00 00 10 FD 

---->>>  [IN ]
2020/08/24 06:26:00:474
Linktest.rsp
00 00 00 0A FF FF 00 00 00 06 00 00 10 FD 

---->>>  [IN ]
2020/08/24 06:26:02:406
Linktest.req
00 00 00 0A FF FF 00 00 00 05 80 00 02 FF 

<<<----  [OUT]
2020/08/24 06:26:02:406
Linktest.rsp
00 00 00 0A FF FF 00 00 00 06 80 00 02 FF 

<<<----  [OUT]
2020/08/24 06:26:10:489
Linktest.req
00 00 00 0A FF FF 00 00 00 05 00 00 10 FE 

---->>>  [IN ]
2020/08/24 06:26:10:490
Linktest.rsp
00 00 00 0A FF FF 00 00 00 06 00 00 10 FE 

<<<----  [OUT]
2020/08/24 06:26:20:503
Linktest.req
00 00 00 0A FF FF 00 00 00 05 00 00 10 FF 

---->>>  [IN ]
2020/08/24 06:26:20:504
Linktest.rsp
00 00 00 0A FF FF 00 00 00 06 00 00 10 FF 

<<<----  [OUT]
2020/08/24 06:26:30:509
Linktest.req
00 00 00 0A FF FF 00 00 00 05 00 00 11 00 

---->>>  [IN ]
2020/08/24 06:26:30:510
Linktest.rsp
00 00 00 0A FF FF 00 00 00 06 00 00 11 00 

<<<----  [OUT]
2020/08/24 06:26:40:517
Linktest.req
00 00 00 0A FF FF 00 00 00 05 00 00 11 01 

---->>>  [IN ]
2020/08/24 06:26:40:518
Linktest.rsp
00 00 00 0A FF FF 00 00 00 06 00 00 11 01 

<<<----  [OUT]
2020/08/24 06:26:50:529
Linktest.req
00 00 00 0A FF FF 00 00 00 05 00 00 11 02 

---->>>  [IN ]
2020/08/24 06:26:50:530
Linktest.rsp
00 00 00 0A FF FF 00 00 00 06 00 00 11 02 

<<<----  [OUT]
2020/08/24 06:27:00:543
Linktest.req
00 00 00 0A FF FF 00 00 00 05 00 00 11 03 

---->>>  [IN ]
2020/08/24 06:27:00:544
Linktest.rsp
00 00 00 0A FF FF 00 00 00 06 00 00 11 03 

---->>>  [IN ]
2020/08/24 06:27:02:407
Linktest.req
00 00 00 0A FF FF 00 00 00 05 80 00 03 00 

<<<----  [OUT]
2020/08/24 06:27:02:407
Linktest.rsp
00 00 00 0A FF FF 00 00 00 06 80 00 03 00 

<<<----  [OUT]
2020/08/24 06:27:10:559
Linktest.req
00 00 00 0A FF FF 00 00 00 05 00 00 11 04 

---->>>  [IN ]
2020/08/24 06:27:10:560
Linktest.rsp
00 00 00 0A FF FF 00 00 00 06 00 00 11 04 

<<<----  [OUT]
2020/08/24 06:27:20:571
Linktest.req
00 00 00 0A FF FF 00 00 00 05 00 00 11 05 

---->>>  [IN ]
2020/08/24 06:27:20:572
Linktest.rsp
00 00 00 0A FF FF 00 00 00 06 00 00 11 05 

<<<----  [OUT]
2020/08/24 06:27:30:585
Linktest.req
00 00 00 0A FF FF 00 00 00 05 00 00 11 06 

---->>>  [IN ]
2020/08/24 06:27:30:586
Linktest.rsp
00 00 00 0A FF FF 00 00 00 06 00 00 11 06 

<<<----  [OUT]
2020/08/24 06:27:40:599
Linktest.req
00 00 00 0A FF FF 00 00 00 05 00 00 11 07 

---->>>  [IN ]
2020/08/24 06:27:40:600
Linktest.rsp
00 00 00 0A FF FF 00 00 00 06 00 00 11 07 

<<<----  [OUT]
2020/08/24 06:27:50:611
Linktest.req
00 00 00 0A FF FF 00 00 00 05 00 00 11 08 

---->>>  [IN ]
2020/08/24 06:27:50:612
Linktest.rsp
00 00 00 0A FF FF 00 00 00 06 00 00 11 08 

<<<----  [OUT]
2020/08/24 06:28:00:625
Linktest.req
00 00 00 0A FF FF 00 00 00 05 00 00 11 09 

---->>>  [IN ]
2020/08/24 06:28:00:626
Linktest.rsp
00 00 00 0A FF FF 00 00 00 06 00 00 11 09 

---->>>  [IN ]
2020/08/24 06:28:02:408
Linktest.req
00 00 00 0A FF FF 00 00 00 05 80 00 03 01 

<<<----  [OUT]
2020/08/24 06:28:02:408
Linktest.rsp
00 00 00 0A FF FF 00 00 00 06 80 00 03 01 

<<<----  [OUT]
2020/08/24 06:28:10:638
Linktest.req
00 00 00 0A FF FF 00 00 00 05 00 00 11 0A 

---->>>  [IN ]
2020/08/24 06:28:10:639
Linktest.rsp
00 00 00 0A FF FF 00 00 00 06 00 00 11 0A 

<<<----  [OUT]
2020/08/24 06:28:20:648
Linktest.req
00 00 00 0A FF FF 00 00 00 05 00 00 11 0B 

---->>>  [IN ]
2020/08/24 06:28:20:649
Linktest.rsp
00 00 00 0A FF FF 00 00 00 06 00 00 11 0B 

<<<----  [OUT]
2020/08/24 06:28:30:665
Linktest.req
00 00 00 0A FF FF 00 00 00 05 00 00 11 0C 

---->>>  [IN ]
2020/08/24 06:28:30:666
Linktest.rsp
00 00 00 0A FF FF 00 00 00 06 00 00 11 0C 

<<<----  [OUT]
2020/08/24 06:28:40:679
Linktest.req
00 00 00 0A FF FF 00 00 00 05 00 00 11 0D 

---->>>  [IN ]
2020/08/24 06:28:40:680
Linktest.rsp
00 00 00 0A FF FF 00 00 00 06 00 00 11 0D 

<<<----  [OUT]
2020/08/24 06:28:50:695
Linktest.req
00 00 00 0A FF FF 00 00 00 05 00 00 11 0E 

---->>>  [IN ]
2020/08/24 06:28:50:696
Linktest.rsp
00 00 00 0A FF FF 00 00 00 06 00 00 11 0E 

<<<----  [OUT]
2020/08/24 06:29:00:710
Linktest.req
00 00 00 0A FF FF 00 00 00 05 00 00 11 0F 

---->>>  [IN ]
2020/08/24 06:29:00:711
Linktest.rsp
00 00 00 0A FF FF 00 00 00 06 00 00 11 0F 

---->>>  [IN ]
2020/08/24 06:29:02:400
Linktest.req
00 00 00 0A FF FF 00 00 00 05 80 00 03 02 

<<<----  [OUT]
2020/08/24 06:29:02:400
Linktest.rsp
00 00 00 0A FF FF 00 00 00 06 80 00 03 02 

<<<----  [OUT]
2020/08/24 06:29:10:725
Linktest.req
00 00 00 0A FF FF 00 00 00 05 00 00 11 10 

---->>>  [IN ]
2020/08/24 06:29:10:726
Linktest.rsp
00 00 00 0A FF FF 00 00 00 06 00 00 11 10 

<<<----  [OUT]
2020/08/24 06:29:20:733
Linktest.req
00 00 00 0A FF FF 00 00 00 05 00 00 11 11 

---->>>  [IN ]
2020/08/24 06:29:20:734
Linktest.rsp
00 00 00 0A FF FF 00 00 00 06 00 00 11 11 

<<<----  [OUT]
2020/08/24 06:29:30:746
Linktest.req
00 00 00 0A FF FF 00 00 00 05 00 00 11 12 

---->>>  [IN ]
2020/08/24 06:29:30:747
Linktest.rsp
00 00 00 0A FF FF 00 00 00 06 00 00 11 12 

<<<----  [OUT]
2020/08/24 06:29:40:763
Linktest.req
00 00 00 0A FF FF 00 00 00 05 00 00 11 13 

---->>>  [IN ]
2020/08/24 06:29:40:764
Linktest.rsp
00 00 00 0A FF FF 00 00 00 06 00 00 11 13 

<<<----  [OUT]
2020/08/24 06:29:50:775
Linktest.req
00 00 00 0A FF FF 00 00 00 05 00 00 11 14 

---->>>  [IN ]
2020/08/24 06:29:50:776
Linktest.rsp
00 00 00 0A FF FF 00 00 00 06 00 00 11 14 

<<<----  [OUT]
2020/08/24 06:30:00:788
Linktest.req
00 00 00 0A FF FF 00 00 00 05 00 00 11 15 

---->>>  [IN ]
2020/08/24 06:30:00:789
Linktest.rsp
00 00 00 0A FF FF 00 00 00 06 00 00 11 15 

---->>>  [IN ]
2020/08/24 06:30:02:412
Linktest.req
00 00 00 0A FF FF 00 00 00 05 80 00 03 03 

<<<----  [OUT]
2020/08/24 06:30:02:412
Linktest.rsp
00 00 00 0A FF FF 00 00 00 06 80 00 03 03 

<<<----  [OUT]
2020/08/24 06:30:10:800
Linktest.req
00 00 00 0A FF FF 00 00 00 05 00 00 11 16 

---->>>  [IN ]
2020/08/24 06:30:10:801
Linktest.rsp
00 00 00 0A FF FF 00 00 00 06 00 00 11 16 

<<<----  [OUT]
2020/08/24 06:30:20:816
Linktest.req
00 00 00 0A FF FF 00 00 00 05 00 00 11 17 

---->>>  [IN ]
2020/08/24 06:30:20:817
Linktest.rsp
00 00 00 0A FF FF 00 00 00 06 00 00 11 17 

<<<----  [OUT]
2020/08/24 06:30:30:834
Linktest.req
00 00 00 0A FF FF 00 00 00 05 00 00 11 18 

---->>>  [IN ]
2020/08/24 06:30:30:835
Linktest.rsp
00 00 00 0A FF FF 00 00 00 06 00 00 11 18 

<<<----  [OUT]
2020/08/24 06:30:40:845
Linktest.req
00 00 00 0A FF FF 00 00 00 05 00 00 11 19 

---->>>  [IN ]
2020/08/24 06:30:40:846
Linktest.rsp
00 00 00 0A FF FF 00 00 00 06 00 00 11 19 

<<<----  [OUT]
2020/08/24 06:30:50:860
Linktest.req
00 00 00 0A FF FF 00 00 00 05 00 00 11 1A 

---->>>  [IN ]
2020/08/24 06:30:50:861
Linktest.rsp
00 00 00 0A FF FF 00 00 00 06 00 00 11 1A 

<<<----  [OUT]
2020/08/24 06:31:00:872
Linktest.req
00 00 00 0A FF FF 00 00 00 05 00 00 11 1B 

---->>>  [IN ]
2020/08/24 06:31:00:873
Linktest.rsp
00 00 00 0A FF FF 00 00 00 06 00 00 11 1B 

---->>>  [IN ]
2020/08/24 06:31:02:418
Linktest.req
00 00 00 0A FF FF 00 00 00 05 80 00 03 04 

<<<----  [OUT]
2020/08/24 06:31:02:418
Linktest.rsp
00 00 00 0A FF FF 00 00 00 06 80 00 03 04 

<<<----  [OUT]
2020/08/24 06:31:10:885
Linktest.req
00 00 00 0A FF FF 00 00 00 05 00 00 11 1C 

---->>>  [IN ]
2020/08/24 06:31:10:886
Linktest.rsp
00 00 00 0A FF FF 00 00 00 06 00 00 11 1C 

<<<----  [OUT]
2020/08/24 06:31:20:899
Linktest.req
00 00 00 0A FF FF 00 00 00 05 00 00 11 1D 

---->>>  [IN ]
2020/08/24 06:31:20:900
Linktest.rsp
00 00 00 0A FF FF 00 00 00 06 00 00 11 1D 

<<<----  [OUT]
2020/08/24 06:31:30:911
Linktest.req
00 00 00 0A FF FF 00 00 00 05 00 00 11 1E 

---->>>  [IN ]
2020/08/24 06:31:30:912
Linktest.rsp
00 00 00 0A FF FF 00 00 00 06 00 00 11 1E 

<<<----  [OUT]
2020/08/24 06:31:40:928
Linktest.req
00 00 00 0A FF FF 00 00 00 05 00 00 11 1F 

---->>>  [IN ]
2020/08/24 06:31:40:929
Linktest.rsp
00 00 00 0A FF FF 00 00 00 06 00 00 11 1F 

<<<----  [OUT]
2020/08/24 06:31:50:943
Linktest.req
00 00 00 0A FF FF 00 00 00 05 00 00 11 20 

---->>>  [IN ]
2020/08/24 06:31:50:944
Linktest.rsp
00 00 00 0A FF FF 00 00 00 06 00 00 11 20 

<<<----  [OUT]
2020/08/24 06:32:00:960
Linktest.req
00 00 00 0A FF FF 00 00 00 05 00 00 11 21 

---->>>  [IN ]
2020/08/24 06:32:00:961
Linktest.rsp
00 00 00 0A FF FF 00 00 00 06 00 00 11 21 

---->>>  [IN ]
2020/08/24 06:32:02:418
Linktest.req
00 00 00 0A FF FF 00 00 00 05 80 00 03 05 

<<<----  [OUT]
2020/08/24 06:32:02:418
Linktest.rsp
00 00 00 0A FF FF 00 00 00 06 80 00 03 05 

<<<----  [OUT]
2020/08/24 06:32:10:973
Linktest.req
00 00 00 0A FF FF 00 00 00 05 00 00 11 22 

---->>>  [IN ]
2020/08/24 06:32:10:974
Linktest.rsp
00 00 00 0A FF FF 00 00 00 06 00 00 11 22 

<<<----  [OUT]
2020/08/24 06:32:20:985
Linktest.req
00 00 00 0A FF FF 00 00 00 05 00 00 11 23 

---->>>  [IN ]
2020/08/24 06:32:20:986
Linktest.rsp
00 00 00 0A FF FF 00 00 00 06 00 00 11 23 

<<<----  [OUT]
2020/08/24 06:32:30:996
Linktest.req
00 00 00 0A FF FF 00 00 00 05 00 00 11 24 

---->>>  [IN ]
2020/08/24 06:32:30:997
Linktest.rsp
00 00 00 0A FF FF 00 00 00 06 00 00 11 24 

<<<----  [OUT]
2020/08/24 06:32:41:004
Linktest.req
00 00 00 0A FF FF 00 00 00 05 00 00 11 25 

---->>>  [IN ]
2020/08/24 06:32:41:005
Linktest.rsp
00 00 00 0A FF FF 00 00 00 06 00 00 11 25 

<<<----  [OUT]
2020/08/24 06:32:50:992
Linktest.req
00 00 00 0A FF FF 00 00 00 05 00 00 11 26 

---->>>  [IN ]
2020/08/24 06:32:50:993
Linktest.rsp
00 00 00 0A FF FF 00 00 00 06 00 00 11 26 

<<<----  [OUT]
2020/08/24 06:33:01:005
Linktest.req
00 00 00 0A FF FF 00 00 00 05 00 00 11 27 

---->>>  [IN ]
2020/08/24 06:33:01:006
Linktest.rsp
00 00 00 0A FF FF 00 00 00 06 00 00 11 27 

---->>>  [IN ]
2020/08/24 06:33:02:426
Linktest.req
00 00 00 0A FF FF 00 00 00 05 80 00 03 06 

<<<----  [OUT]
2020/08/24 06:33:02:426
Linktest.rsp
00 00 00 0A FF FF 00 00 00 06 80 00 03 06 

<<<----  [OUT]
2020/08/24 06:33:11:014
Linktest.req
00 00 00 0A FF FF 00 00 00 05 00 00 11 28 

---->>>  [IN ]
2020/08/24 06:33:11:015
Linktest.rsp
00 00 00 0A FF FF 00 00 00 06 00 00 11 28 

<<<----  [OUT]
2020/08/24 06:33:21:031
Linktest.req
00 00 00 0A FF FF 00 00 00 05 00 00 11 29 

---->>>  [IN ]
2020/08/24 06:33:21:031
Linktest.rsp
00 00 00 0A FF FF 00 00 00 06 00 00 11 29 

<<<----  [OUT]
2020/08/24 06:33:31:043
Linktest.req
00 00 00 0A FF FF 00 00 00 05 00 00 11 2A 

---->>>  [IN ]
2020/08/24 06:33:31:044
Linktest.rsp
00 00 00 0A FF FF 00 00 00 06 00 00 11 2A 

<<<----  [OUT]
2020/08/24 06:33:41:054
Linktest.req
00 00 00 0A FF FF 00 00 00 05 00 00 11 2B 

---->>>  [IN ]
2020/08/24 06:33:41:055
Linktest.rsp
00 00 00 0A FF FF 00 00 00 06 00 00 11 2B 

<<<----  [OUT]
2020/08/24 06:33:51:068
Linktest.req
00 00 00 0A FF FF 00 00 00 05 00 00 11 2C 

---->>>  [IN ]
2020/08/24 06:33:51:069
Linktest.rsp
00 00 00 0A FF FF 00 00 00 06 00 00 11 2C 

<<<----  [OUT]
2020/08/24 06:34:01:082
Linktest.req
00 00 00 0A FF FF 00 00 00 05 00 00 11 2D 

---->>>  [IN ]
2020/08/24 06:34:01:083
Linktest.rsp
00 00 00 0A FF FF 00 00 00 06 00 00 11 2D 

---->>>  [IN ]
2020/08/24 06:34:02:426
Linktest.req
00 00 00 0A FF FF 00 00 00 05 80 00 03 07 

<<<----  [OUT]
2020/08/24 06:34:02:426
Linktest.rsp
00 00 00 0A FF FF 00 00 00 06 80 00 03 07 

<<<----  [OUT]
2020/08/24 06:34:11:070
Linktest.req
00 00 00 0A FF FF 00 00 00 05 00 00 11 2E 

---->>>  [IN ]
2020/08/24 06:34:11:071
Linktest.rsp
00 00 00 0A FF FF 00 00 00 06 00 00 11 2E 

<<<----  [OUT]
2020/08/24 06:34:21:084
Linktest.req
00 00 00 0A FF FF 00 00 00 05 00 00 11 2F 

---->>>  [IN ]
2020/08/24 06:34:21:085
Linktest.rsp
00 00 00 0A FF FF 00 00 00 06 00 00 11 2F 

<<<----  [OUT]
2020/08/24 06:34:31:094
Linktest.req
00 00 00 0A FF FF 00 00 00 05 00 00 11 30 

---->>>  [IN ]
2020/08/24 06:34:31:095
Linktest.rsp
00 00 00 0A FF FF 00 00 00 06 00 00 11 30 

<<<----  [OUT]
2020/08/24 06:34:41:108
Linktest.req
00 00 00 0A FF FF 00 00 00 05 00 00 11 31 

---->>>  [IN ]
2020/08/24 06:34:41:109
Linktest.rsp
00 00 00 0A FF FF 00 00 00 06 00 00 11 31 

<<<----  [OUT]
2020/08/24 06:34:51:127
Linktest.req
00 00 00 0A FF FF 00 00 00 05 00 00 11 32 

---->>>  [IN ]
2020/08/24 06:34:51:128
Linktest.rsp
00 00 00 0A FF FF 00 00 00 06 00 00 11 32 

<<<----  [OUT]
2020/08/24 06:35:01:145
Linktest.req
00 00 00 0A FF FF 00 00 00 05 00 00 11 33 

---->>>  [IN ]
2020/08/24 06:35:01:146
Linktest.rsp
00 00 00 0A FF FF 00 00 00 06 00 00 11 33 

---->>>  [IN ]
2020/08/24 06:35:02:422
Linktest.req
00 00 00 0A FF FF 00 00 00 05 80 00 03 08 

<<<----  [OUT]
2020/08/24 06:35:02:422
Linktest.rsp
00 00 00 0A FF FF 00 00 00 06 80 00 03 08 

<<<----  [OUT]
2020/08/24 06:35:11:160
Linktest.req
00 00 00 0A FF FF 00 00 00 05 00 00 11 34 

---->>>  [IN ]
2020/08/24 06:35:11:161
Linktest.rsp
00 00 00 0A FF FF 00 00 00 06 00 00 11 34 

<<<----  [OUT]
2020/08/24 06:35:21:148
Linktest.req
00 00 00 0A FF FF 00 00 00 05 00 00 11 35 

---->>>  [IN ]
2020/08/24 06:35:21:149
Linktest.rsp
00 00 00 0A FF FF 00 00 00 06 00 00 11 35 

<<<----  [OUT]
2020/08/24 06:35:31:166
Linktest.req
00 00 00 0A FF FF 00 00 00 05 00 00 11 36 

---->>>  [IN ]
2020/08/24 06:35:31:167
Linktest.rsp
00 00 00 0A FF FF 00 00 00 06 00 00 11 36 

<<<----  [OUT]
2020/08/24 06:35:41:181
Linktest.req
00 00 00 0A FF FF 00 00 00 05 00 00 11 37 

---->>>  [IN ]
2020/08/24 06:35:41:182
Linktest.rsp
00 00 00 0A FF FF 00 00 00 06 00 00 11 37 

<<<----  [OUT]
2020/08/24 06:35:51:195
Linktest.req
00 00 00 0A FF FF 00 00 00 05 00 00 11 38 

---->>>  [IN ]
2020/08/24 06:35:51:196
Linktest.rsp
00 00 00 0A FF FF 00 00 00 06 00 00 11 38 

<<<----  [OUT]
2020/08/24 06:36:01:211
Linktest.req
00 00 00 0A FF FF 00 00 00 05 00 00 11 39 

---->>>  [IN ]
2020/08/24 06:36:01:212
Linktest.rsp
00 00 00 0A FF FF 00 00 00 06 00 00 11 39 

---->>>  [IN ]
2020/08/24 06:36:02:424
Linktest.req
00 00 00 0A FF FF 00 00 00 05 80 00 03 09 

<<<----  [OUT]
2020/08/24 06:36:02:424
Linktest.rsp
00 00 00 0A FF FF 00 00 00 06 80 00 03 09 

<<<----  [OUT]
2020/08/24 06:36:11:224
Linktest.req
00 00 00 0A FF FF 00 00 00 05 00 00 11 3A 

---->>>  [IN ]
2020/08/24 06:36:11:225
Linktest.rsp
00 00 00 0A FF FF 00 00 00 06 00 00 11 3A 

<<<----  [OUT]
2020/08/24 06:36:21:236
Linktest.req
00 00 00 0A FF FF 00 00 00 05 00 00 11 3B 

---->>>  [IN ]
2020/08/24 06:36:21:237
Linktest.rsp
00 00 00 0A FF FF 00 00 00 06 00 00 11 3B 

<<<----  [OUT]
2020/08/24 06:36:31:252
Linktest.req
00 00 00 0A FF FF 00 00 00 05 00 00 11 3C 

---->>>  [IN ]
2020/08/24 06:36:31:253
Linktest.rsp
00 00 00 0A FF FF 00 00 00 06 00 00 11 3C 

<<<----  [OUT]
2020/08/24 06:36:41:265
Linktest.req
00 00 00 0A FF FF 00 00 00 05 00 00 11 3D 

---->>>  [IN ]
2020/08/24 06:36:41:266
Linktest.rsp
00 00 00 0A FF FF 00 00 00 06 00 00 11 3D 

<<<----  [OUT]
2020/08/24 06:36:51:275
Linktest.req
00 00 00 0A FF FF 00 00 00 05 00 00 11 3E 

---->>>  [IN ]
2020/08/24 06:36:51:276
Linktest.rsp
00 00 00 0A FF FF 00 00 00 06 00 00 11 3E 

<<<----  [OUT]
2020/08/24 06:37:01:290
Linktest.req
00 00 00 0A FF FF 00 00 00 05 00 00 11 3F 

---->>>  [IN ]
2020/08/24 06:37:01:291
Linktest.rsp
00 00 00 0A FF FF 00 00 00 06 00 00 11 3F 

---->>>  [IN ]
2020/08/24 06:37:02:416
Linktest.req
00 00 00 0A FF FF 00 00 00 05 80 00 03 0A 

<<<----  [OUT]
2020/08/24 06:37:02:416
Linktest.rsp
00 00 00 0A FF FF 00 00 00 06 80 00 03 0A 

<<<----  [OUT]
2020/08/24 06:37:11:298
Linktest.req
00 00 00 0A FF FF 00 00 00 05 00 00 11 40 

---->>>  [IN ]
2020/08/24 06:37:11:299
Linktest.rsp
00 00 00 0A FF FF 00 00 00 06 00 00 11 40 

<<<----  [OUT]
2020/08/24 06:37:21:311
Linktest.req
00 00 00 0A FF FF 00 00 00 05 00 00 11 41 

---->>>  [IN ]
2020/08/24 06:37:21:312
Linktest.rsp
00 00 00 0A FF FF 00 00 00 06 00 00 11 41 

<<<----  [OUT]
2020/08/24 06:37:31:323
Linktest.req
00 00 00 0A FF FF 00 00 00 05 00 00 11 42 

---->>>  [IN ]
2020/08/24 06:37:31:324
Linktest.rsp
00 00 00 0A FF FF 00 00 00 06 00 00 11 42 

<<<----  [OUT]
2020/08/24 06:37:41:336
Linktest.req
00 00 00 0A FF FF 00 00 00 05 00 00 11 43 

---->>>  [IN ]
2020/08/24 06:37:41:337
Linktest.rsp
00 00 00 0A FF FF 00 00 00 06 00 00 11 43 

<<<----  [OUT]
2020/08/24 06:37:51:347
Linktest.req
00 00 00 0A FF FF 00 00 00 05 00 00 11 44 

---->>>  [IN ]
2020/08/24 06:37:51:348
Linktest.rsp
00 00 00 0A FF FF 00 00 00 06 00 00 11 44 

<<<----  [OUT]
2020/08/24 06:38:01:361
Linktest.req
00 00 00 0A FF FF 00 00 00 05 00 00 11 45 

---->>>  [IN ]
2020/08/24 06:38:01:362
Linktest.rsp
00 00 00 0A FF FF 00 00 00 06 00 00 11 45 

---->>>  [IN ]
2020/08/24 06:38:02:422
Linktest.req
00 00 00 0A FF FF 00 00 00 05 80 00 03 0B 

<<<----  [OUT]
2020/08/24 06:38:02:422
Linktest.rsp
00 00 00 0A FF FF 00 00 00 06 80 00 03 0B 

<<<----  [OUT]
2020/08/24 06:38:11:374
Linktest.req
00 00 00 0A FF FF 00 00 00 05 00 00 11 46 

---->>>  [IN ]
2020/08/24 06:38:11:375
Linktest.rsp
00 00 00 0A FF FF 00 00 00 06 00 00 11 46 

<<<----  [OUT]
2020/08/24 06:38:21:390
Linktest.req
00 00 00 0A FF FF 00 00 00 05 00 00 11 47 

---->>>  [IN ]
2020/08/24 06:38:21:391
Linktest.rsp
00 00 00 0A FF FF 00 00 00 06 00 00 11 47 

<<<----  [OUT]
2020/08/24 06:38:31:402
Linktest.req
00 00 00 0A FF FF 00 00 00 05 00 00 11 48 

---->>>  [IN ]
2020/08/24 06:38:31:403
Linktest.rsp
00 00 00 0A FF FF 00 00 00 06 00 00 11 48 

<<<----  [OUT]
2020/08/24 06:38:41:413
Linktest.req
00 00 00 0A FF FF 00 00 00 05 00 00 11 49 

---->>>  [IN ]
2020/08/24 06:38:41:414
Linktest.rsp
00 00 00 0A FF FF 00 00 00 06 00 00 11 49 

<<<----  [OUT]
2020/08/24 06:38:51:425
Linktest.req
00 00 00 0A FF FF 00 00 00 05 00 00 11 4A 

---->>>  [IN ]
2020/08/24 06:38:51:426
Linktest.rsp
00 00 00 0A FF FF 00 00 00 06 00 00 11 4A 

<<<----  [OUT]
2020/08/24 06:39:01:439
Linktest.req
00 00 00 0A FF FF 00 00 00 05 00 00 11 4B 

---->>>  [IN ]
2020/08/24 06:39:01:439
Linktest.rsp
00 00 00 0A FF FF 00 00 00 06 00 00 11 4B 

---->>>  [IN ]
2020/08/24 06:39:02:421
Linktest.req
00 00 00 0A FF FF 00 00 00 05 80 00 03 0C 

<<<----  [OUT]
2020/08/24 06:39:02:421
Linktest.rsp
00 00 00 0A FF FF 00 00 00 06 80 00 03 0C 

<<<----  [OUT]
2020/08/24 06:39:11:454
Linktest.req
00 00 00 0A FF FF 00 00 00 05 00 00 11 4C 

---->>>  [IN ]
2020/08/24 06:39:11:455
Linktest.rsp
00 00 00 0A FF FF 00 00 00 06 00 00 11 4C 

<<<----  [OUT]
2020/08/24 06:39:21:467
Linktest.req
00 00 00 0A FF FF 00 00 00 05 00 00 11 4D 

---->>>  [IN ]
2020/08/24 06:39:21:468
Linktest.rsp
00 00 00 0A FF FF 00 00 00 06 00 00 11 4D 

<<<----  [OUT]
2020/08/24 06:39:31:481
Linktest.req
00 00 00 0A FF FF 00 00 00 05 00 00 11 4E 

---->>>  [IN ]
2020/08/24 06:39:31:482
Linktest.rsp
00 00 00 0A FF FF 00 00 00 06 00 00 11 4E 

<<<----  [OUT]
2020/08/24 06:39:41:497
Linktest.req
00 00 00 0A FF FF 00 00 00 05 00 00 11 4F 

---->>>  [IN ]
2020/08/24 06:39:41:498
Linktest.rsp
00 00 00 0A FF FF 00 00 00 06 00 00 11 4F 

<<<----  [OUT]
2020/08/24 06:39:51:514
Linktest.req
00 00 00 0A FF FF 00 00 00 05 00 00 11 50 

---->>>  [IN ]
2020/08/24 06:39:51:515
Linktest.rsp
00 00 00 0A FF FF 00 00 00 06 00 00 11 50 

<<<----  [OUT]
2020/08/24 06:40:01:527
Linktest.req
00 00 00 0A FF FF 00 00 00 05 00 00 11 51 

---->>>  [IN ]
2020/08/24 06:40:01:528
Linktest.rsp
00 00 00 0A FF FF 00 00 00 06 00 00 11 51 

---->>>  [IN ]
2020/08/24 06:40:02:413
Linktest.req
00 00 00 0A FF FF 00 00 00 05 80 00 03 0D 

<<<----  [OUT]
2020/08/24 06:40:02:413
Linktest.rsp
00 00 00 0A FF FF 00 00 00 06 80 00 03 0D 

<<<----  [OUT]
2020/08/24 06:40:11:537
Linktest.req
00 00 00 0A FF FF 00 00 00 05 00 00 11 52 

---->>>  [IN ]
2020/08/24 06:40:11:538
Linktest.rsp
00 00 00 0A FF FF 00 00 00 06 00 00 11 52 

<<<----  [OUT]
2020/08/24 06:40:21:566
Linktest.req
00 00 00 0A FF FF 00 00 00 05 00 00 11 53 

---->>>  [IN ]
2020/08/24 06:40:21:567
Linktest.rsp
00 00 00 0A FF FF 00 00 00 06 00 00 11 53 

<<<----  [OUT]
2020/08/24 06:40:31:582
Linktest.req
00 00 00 0A FF FF 00 00 00 05 00 00 11 54 

---->>>  [IN ]
2020/08/24 06:40:31:583
Linktest.rsp
00 00 00 0A FF FF 00 00 00 06 00 00 11 54 

<<<----  [OUT]
2020/08/24 06:40:41:593
Linktest.req
00 00 00 0A FF FF 00 00 00 05 00 00 11 55 

---->>>  [IN ]
2020/08/24 06:40:41:594
Linktest.rsp
00 00 00 0A FF FF 00 00 00 06 00 00 11 55 

<<<----  [OUT]
2020/08/24 06:40:51:605
Linktest.req
00 00 00 0A FF FF 00 00 00 05 00 00 11 56 

---->>>  [IN ]
2020/08/24 06:40:51:606
Linktest.rsp
00 00 00 0A FF FF 00 00 00 06 00 00 11 56 

<<<----  [OUT]
2020/08/24 06:41:01:618
Linktest.req
00 00 00 0A FF FF 00 00 00 05 00 00 11 57 

---->>>  [IN ]
2020/08/24 06:41:01:619
Linktest.rsp
00 00 00 0A FF FF 00 00 00 06 00 00 11 57 

---->>>  [IN ]
2020/08/24 06:41:02:419
Linktest.req
00 00 00 0A FF FF 00 00 00 05 80 00 03 0E 

<<<----  [OUT]
2020/08/24 06:41:02:419
Linktest.rsp
00 00 00 0A FF FF 00 00 00 06 80 00 03 0E 

<<<----  [OUT]
2020/08/24 06:41:11:625
Linktest.req
00 00 00 0A FF FF 00 00 00 05 00 00 11 58 

---->>>  [IN ]
2020/08/24 06:41:11:626
Linktest.rsp
00 00 00 0A FF FF 00 00 00 06 00 00 11 58 

<<<----  [OUT]
2020/08/24 06:41:21:640
Linktest.req
00 00 00 0A FF FF 00 00 00 05 00 00 11 59 

---->>>  [IN ]
2020/08/24 06:41:21:641
Linktest.rsp
00 00 00 0A FF FF 00 00 00 06 00 00 11 59 

<<<----  [OUT]
2020/08/24 06:41:31:654
Linktest.req
00 00 00 0A FF FF 00 00 00 05 00 00 11 5A 

---->>>  [IN ]
2020/08/24 06:41:31:655
Linktest.rsp
00 00 00 0A FF FF 00 00 00 06 00 00 11 5A 

<<<----  [OUT]
2020/08/24 06:41:41:669
Linktest.req
00 00 00 0A FF FF 00 00 00 05 00 00 11 5B 

---->>>  [IN ]
2020/08/24 06:41:41:670
Linktest.rsp
00 00 00 0A FF FF 00 00 00 06 00 00 11 5B 

<<<----  [OUT]
2020/08/24 06:41:51:681
Linktest.req
00 00 00 0A FF FF 00 00 00 05 00 00 11 5C 

---->>>  [IN ]
2020/08/24 06:41:51:682
Linktest.rsp
00 00 00 0A FF FF 00 00 00 06 00 00 11 5C 

<<<----  [OUT]
2020/08/24 06:42:01:697
Linktest.req
00 00 00 0A FF FF 00 00 00 05 00 00 11 5D 

---->>>  [IN ]
2020/08/24 06:42:01:698
Linktest.rsp
00 00 00 0A FF FF 00 00 00 06 00 00 11 5D 

---->>>  [IN ]
2020/08/24 06:42:02:417
Linktest.req
00 00 00 0A FF FF 00 00 00 05 80 00 03 0F 

<<<----  [OUT]
2020/08/24 06:42:02:417
Linktest.rsp
00 00 00 0A FF FF 00 00 00 06 80 00 03 0F 

<<<----  [OUT]
2020/08/24 06:42:11:707
Linktest.req
00 00 00 0A FF FF 00 00 00 05 00 00 11 5E 

---->>>  [IN ]
2020/08/24 06:42:11:708
Linktest.rsp
00 00 00 0A FF FF 00 00 00 06 00 00 11 5E 

<<<----  [OUT]
2020/08/24 06:42:21:696
Linktest.req
00 00 00 0A FF FF 00 00 00 05 00 00 11 5F 

---->>>  [IN ]
2020/08/24 06:42:21:697
Linktest.rsp
00 00 00 0A FF FF 00 00 00 06 00 00 11 5F 

<<<----  [OUT]
2020/08/24 06:42:31:710
Linktest.req
00 00 00 0A FF FF 00 00 00 05 00 00 11 60 

---->>>  [IN ]
2020/08/24 06:42:31:710
Linktest.rsp
00 00 00 0A FF FF 00 00 00 06 00 00 11 60 

<<<----  [OUT]
2020/08/24 06:42:41:723
Linktest.req
00 00 00 0A FF FF 00 00 00 05 00 00 11 61 

---->>>  [IN ]
2020/08/24 06:42:41:724
Linktest.rsp
00 00 00 0A FF FF 00 00 00 06 00 00 11 61 

<<<----  [OUT]
2020/08/24 06:42:51:737
Linktest.req
00 00 00 0A FF FF 00 00 00 05 00 00 11 62 

---->>>  [IN ]
2020/08/24 06:42:51:738
Linktest.rsp
00 00 00 0A FF FF 00 00 00 06 00 00 11 62 

<<<----  [OUT]
2020/08/24 06:43:01:755
Linktest.req
00 00 00 0A FF FF 00 00 00 05 00 00 11 63 

---->>>  [IN ]
2020/08/24 06:43:01:756
Linktest.rsp
00 00 00 0A FF FF 00 00 00 06 00 00 11 63 

---->>>  [IN ]
2020/08/24 06:43:02:419
Linktest.req
00 00 00 0A FF FF 00 00 00 05 80 00 03 10 

<<<----  [OUT]
2020/08/24 06:43:02:419
Linktest.rsp
00 00 00 0A FF FF 00 00 00 06 80 00 03 10 

<<<----  [OUT]
2020/08/24 06:43:11:769
Linktest.req
00 00 00 0A FF FF 00 00 00 05 00 00 11 64 

---->>>  [IN ]
2020/08/24 06:43:11:770
Linktest.rsp
00 00 00 0A FF FF 00 00 00 06 00 00 11 64 

<<<----  [OUT]
2020/08/24 06:43:21:785
Linktest.req
00 00 00 0A FF FF 00 00 00 05 00 00 11 65 

---->>>  [IN ]
2020/08/24 06:43:21:786
Linktest.rsp
00 00 00 0A FF FF 00 00 00 06 00 00 11 65 

<<<----  [OUT]
2020/08/24 06:43:31:801
Linktest.req
00 00 00 0A FF FF 00 00 00 05 00 00 11 66 

---->>>  [IN ]
2020/08/24 06:43:31:802
Linktest.rsp
00 00 00 0A FF FF 00 00 00 06 00 00 11 66 

<<<----  [OUT]
2020/08/24 06:43:41:813
Linktest.req
00 00 00 0A FF FF 00 00 00 05 00 00 11 67 

---->>>  [IN ]
2020/08/24 06:43:41:814
Linktest.rsp
00 00 00 0A FF FF 00 00 00 06 00 00 11 67 

<<<----  [OUT]
2020/08/24 06:43:51:829
Linktest.req
00 00 00 0A FF FF 00 00 00 05 00 00 11 68 

---->>>  [IN ]
2020/08/24 06:43:51:830
Linktest.rsp
00 00 00 0A FF FF 00 00 00 06 00 00 11 68 

<<<----  [OUT]
2020/08/24 06:44:01:845
Linktest.req
00 00 00 0A FF FF 00 00 00 05 00 00 11 69 

---->>>  [IN ]
2020/08/24 06:44:01:846
Linktest.rsp
00 00 00 0A FF FF 00 00 00 06 00 00 11 69 

---->>>  [IN ]
2020/08/24 06:44:02:425
Linktest.req
00 00 00 0A FF FF 00 00 00 05 80 00 03 11 

<<<----  [OUT]
2020/08/24 06:44:02:425
Linktest.rsp
00 00 00 0A FF FF 00 00 00 06 80 00 03 11 

<<<----  [OUT]
2020/08/24 06:44:11:860
Linktest.req
00 00 00 0A FF FF 00 00 00 05 00 00 11 6A 

---->>>  [IN ]
2020/08/24 06:44:11:861
Linktest.rsp
00 00 00 0A FF FF 00 00 00 06 00 00 11 6A 

<<<----  [OUT]
2020/08/24 06:44:21:868
Linktest.req
00 00 00 0A FF FF 00 00 00 05 00 00 11 6B 

---->>>  [IN ]
2020/08/24 06:44:21:869
Linktest.rsp
00 00 00 0A FF FF 00 00 00 06 00 00 11 6B 

<<<----  [OUT]
2020/08/24 06:44:31:885
Linktest.req
00 00 00 0A FF FF 00 00 00 05 00 00 11 6C 

---->>>  [IN ]
2020/08/24 06:44:31:886
Linktest.rsp
00 00 00 0A FF FF 00 00 00 06 00 00 11 6C 

<<<----  [OUT]
2020/08/24 06:44:41:901
Linktest.req
00 00 00 0A FF FF 00 00 00 05 00 00 11 6D 

---->>>  [IN ]
2020/08/24 06:44:41:902
Linktest.rsp
00 00 00 0A FF FF 00 00 00 06 00 00 11 6D 

<<<----  [OUT]
2020/08/24 06:44:51:913
Linktest.req
00 00 00 0A FF FF 00 00 00 05 00 00 11 6E 

---->>>  [IN ]
2020/08/24 06:44:51:914
Linktest.rsp
00 00 00 0A FF FF 00 00 00 06 00 00 11 6E 

<<<----  [OUT]
2020/08/24 06:45:01:926
Linktest.req
00 00 00 0A FF FF 00 00 00 05 00 00 11 6F 

---->>>  [IN ]
2020/08/24 06:45:01:927
Linktest.rsp
00 00 00 0A FF FF 00 00 00 06 00 00 11 6F 

---->>>  [IN ]
2020/08/24 06:45:02:415
Linktest.req
00 00 00 0A FF FF 00 00 00 05 80 00 03 12 

<<<----  [OUT]
2020/08/24 06:45:02:415
Linktest.rsp
00 00 00 0A FF FF 00 00 00 06 80 00 03 12 

<<<----  [OUT]
2020/08/24 06:45:11:939
Linktest.req
00 00 00 0A FF FF 00 00 00 05 00 00 11 70 

---->>>  [IN ]
2020/08/24 06:45:11:940
Linktest.rsp
00 00 00 0A FF FF 00 00 00 06 00 00 11 70 

<<<----  [OUT]
2020/08/24 06:45:21:955
Linktest.req
00 00 00 0A FF FF 00 00 00 05 00 00 11 71 

---->>>  [IN ]
2020/08/24 06:45:21:956
Linktest.rsp
00 00 00 0A FF FF 00 00 00 06 00 00 11 71 

<<<----  [OUT]
2020/08/24 06:45:31:964
Linktest.req
00 00 00 0A FF FF 00 00 00 05 00 00 11 72 

---->>>  [IN ]
2020/08/24 06:45:31:965
Linktest.rsp
00 00 00 0A FF FF 00 00 00 06 00 00 11 72 

<<<----  [OUT]
2020/08/24 06:45:41:974
Linktest.req
00 00 00 0A FF FF 00 00 00 05 00 00 11 73 

---->>>  [IN ]
2020/08/24 06:45:41:975
Linktest.rsp
00 00 00 0A FF FF 00 00 00 06 00 00 11 73 

<<<----  [OUT]
2020/08/24 06:45:51:990
Linktest.req
00 00 00 0A FF FF 00 00 00 05 00 00 11 74 

---->>>  [IN ]
2020/08/24 06:45:51:991
Linktest.rsp
00 00 00 0A FF FF 00 00 00 06 00 00 11 74 

<<<----  [OUT]
2020/08/24 06:46:02:005
Linktest.req
00 00 00 0A FF FF 00 00 00 05 00 00 11 75 

---->>>  [IN ]
2020/08/24 06:46:02:006
Linktest.rsp
00 00 00 0A FF FF 00 00 00 06 00 00 11 75 

---->>>  [IN ]
2020/08/24 06:46:02:414
Linktest.req
00 00 00 0A FF FF 00 00 00 05 80 00 03 13 

<<<----  [OUT]
2020/08/24 06:46:02:414
Linktest.rsp
00 00 00 0A FF FF 00 00 00 06 80 00 03 13 

<<<----  [OUT]
2020/08/24 06:46:12:015
Linktest.req
00 00 00 0A FF FF 00 00 00 05 00 00 11 76 

---->>>  [IN ]
2020/08/24 06:46:12:016
Linktest.rsp
00 00 00 0A FF FF 00 00 00 06 00 00 11 76 

<<<----  [OUT]
2020/08/24 06:46:22:027
Linktest.req
00 00 00 0A FF FF 00 00 00 05 00 00 11 77 

---->>>  [IN ]
2020/08/24 06:46:22:028
Linktest.rsp
00 00 00 0A FF FF 00 00 00 06 00 00 11 77 

<<<----  [OUT]
2020/08/24 06:46:32:044
Linktest.req
00 00 00 0A FF FF 00 00 00 05 00 00 11 78 

---->>>  [IN ]
2020/08/24 06:46:32:045
Linktest.rsp
00 00 00 0A FF FF 00 00 00 06 00 00 11 78 

<<<----  [OUT]
2020/08/24 06:46:42:056
Linktest.req
00 00 00 0A FF FF 00 00 00 05 00 00 11 79 

---->>>  [IN ]
2020/08/24 06:46:42:057
Linktest.rsp
00 00 00 0A FF FF 00 00 00 06 00 00 11 79 

<<<----  [OUT]
2020/08/24 06:46:52:073
Linktest.req
00 00 00 0A FF FF 00 00 00 05 00 00 11 7A 

---->>>  [IN ]
2020/08/24 06:46:52:074
Linktest.rsp
00 00 00 0A FF FF 00 00 00 06 00 00 11 7A 

<<<----  [OUT]
2020/08/24 06:47:02:089
Linktest.req
00 00 00 0A FF FF 00 00 00 05 00 00 11 7B 

---->>>  [IN ]
2020/08/24 06:47:02:090
Linktest.rsp
00 00 00 0A FF FF 00 00 00 06 00 00 11 7B 

---->>>  [IN ]
2020/08/24 06:47:02:426
Linktest.req
00 00 00 0A FF FF 00 00 00 05 80 00 03 14 

<<<----  [OUT]
2020/08/24 06:47:02:426
Linktest.rsp
00 00 00 0A FF FF 00 00 00 06 80 00 03 14 

<<<----  [OUT]
2020/08/24 06:47:12:104
Linktest.req
00 00 00 0A FF FF 00 00 00 05 00 00 11 7C 

---->>>  [IN ]
2020/08/24 06:47:12:105
Linktest.rsp
00 00 00 0A FF FF 00 00 00 06 00 00 11 7C 

<<<----  [OUT]
2020/08/24 06:47:22:118
Linktest.req
00 00 00 0A FF FF 00 00 00 05 00 00 11 7D 

---->>>  [IN ]
2020/08/24 06:47:22:119
Linktest.rsp
00 00 00 0A FF FF 00 00 00 06 00 00 11 7D 

<<<----  [OUT]
2020/08/24 06:47:32:134
Linktest.req
00 00 00 0A FF FF 00 00 00 05 00 00 11 7E 

---->>>  [IN ]
2020/08/24 06:47:32:135
Linktest.rsp
00 00 00 0A FF FF 00 00 00 06 00 00 11 7E 

<<<----  [OUT]
2020/08/24 06:47:42:148
Linktest.req
00 00 00 0A FF FF 00 00 00 05 00 00 11 7F 

---->>>  [IN ]
2020/08/24 06:47:42:149
Linktest.rsp
00 00 00 0A FF FF 00 00 00 06 00 00 11 7F 

<<<----  [OUT]
2020/08/24 06:47:52:159
Linktest.req
00 00 00 0A FF FF 00 00 00 05 00 00 11 80 

---->>>  [IN ]
2020/08/24 06:47:52:160
Linktest.rsp
00 00 00 0A FF FF 00 00 00 06 00 00 11 80 

<<<----  [OUT]
2020/08/24 06:48:02:175
Linktest.req
00 00 00 0A FF FF 00 00 00 05 00 00 11 81 

---->>>  [IN ]
2020/08/24 06:48:02:176
Linktest.rsp
00 00 00 0A FF FF 00 00 00 06 00 00 11 81 

---->>>  [IN ]
2020/08/24 06:48:02:439
Linktest.req
00 00 00 0A FF FF 00 00 00 05 80 00 03 15 

<<<----  [OUT]
2020/08/24 06:48:02:439
Linktest.rsp
00 00 00 0A FF FF 00 00 00 06 80 00 03 15 

<<<----  [OUT]
2020/08/24 06:48:12:191
Linktest.req
00 00 00 0A FF FF 00 00 00 05 00 00 11 82 

---->>>  [IN ]
2020/08/24 06:48:12:192
Linktest.rsp
00 00 00 0A FF FF 00 00 00 06 00 00 11 82 

<<<----  [OUT]
2020/08/24 06:48:22:202
Linktest.req
00 00 00 0A FF FF 00 00 00 05 00 00 11 83 

---->>>  [IN ]
2020/08/24 06:48:22:203
Linktest.rsp
00 00 00 0A FF FF 00 00 00 06 00 00 11 83 

<<<----  [OUT]
2020/08/24 06:48:32:220
Linktest.req
00 00 00 0A FF FF 00 00 00 05 00 00 11 84 

---->>>  [IN ]
2020/08/24 06:48:32:221
Linktest.rsp
00 00 00 0A FF FF 00 00 00 06 00 00 11 84 

<<<----  [OUT]
2020/08/24 06:48:42:235
Linktest.req
00 00 00 0A FF FF 00 00 00 05 00 00 11 85 

---->>>  [IN ]
2020/08/24 06:48:42:236
Linktest.rsp
00 00 00 0A FF FF 00 00 00 06 00 00 11 85 

<<<----  [OUT]
2020/08/24 06:48:52:249
Linktest.req
00 00 00 0A FF FF 00 00 00 05 00 00 11 86 

---->>>  [IN ]
2020/08/24 06:48:52:250
Linktest.rsp
00 00 00 0A FF FF 00 00 00 06 00 00 11 86 

<<<----  [OUT]
2020/08/24 06:49:02:265
Linktest.req
00 00 00 0A FF FF 00 00 00 05 00 00 11 87 

---->>>  [IN ]
2020/08/24 06:49:02:266
Linktest.rsp
00 00 00 0A FF FF 00 00 00 06 00 00 11 87 

---->>>  [IN ]
2020/08/24 06:49:02:427
Linktest.req
00 00 00 0A FF FF 00 00 00 05 80 00 03 16 

<<<----  [OUT]
2020/08/24 06:49:02:427
Linktest.rsp
00 00 00 0A FF FF 00 00 00 06 80 00 03 16 

<<<----  [OUT]
2020/08/24 06:49:12:280
Linktest.req
00 00 00 0A FF FF 00 00 00 05 00 00 11 88 

---->>>  [IN ]
2020/08/24 06:49:12:281
Linktest.rsp
00 00 00 0A FF FF 00 00 00 06 00 00 11 88 

<<<----  [OUT]
2020/08/24 06:49:22:291
Linktest.req
00 00 00 0A FF FF 00 00 00 05 00 00 11 89 

---->>>  [IN ]
2020/08/24 06:49:22:292
Linktest.rsp
00 00 00 0A FF FF 00 00 00 06 00 00 11 89 

<<<----  [OUT]
2020/08/24 06:49:32:301
Linktest.req
00 00 00 0A FF FF 00 00 00 05 00 00 11 8A 

---->>>  [IN ]
2020/08/24 06:49:32:302
Linktest.rsp
00 00 00 0A FF FF 00 00 00 06 00 00 11 8A 

<<<----  [OUT]
2020/08/24 06:49:42:313
Linktest.req
00 00 00 0A FF FF 00 00 00 05 00 00 11 8B 

---->>>  [IN ]
2020/08/24 06:49:42:314
Linktest.rsp
00 00 00 0A FF FF 00 00 00 06 00 00 11 8B 

<<<----  [OUT]
2020/08/24 06:49:52:328
Linktest.req
00 00 00 0A FF FF 00 00 00 05 00 00 11 8C 

---->>>  [IN ]
2020/08/24 06:49:52:329
Linktest.rsp
00 00 00 0A FF FF 00 00 00 06 00 00 11 8C 

<<<----  [OUT]
2020/08/24 06:50:02:342
Linktest.req
00 00 00 0A FF FF 00 00 00 05 00 00 11 8D 

---->>>  [IN ]
2020/08/24 06:50:02:343
Linktest.rsp
00 00 00 0A FF FF 00 00 00 06 00 00 11 8D 

---->>>  [IN ]
2020/08/24 06:50:02:438
Linktest.req
00 00 00 0A FF FF 00 00 00 05 80 00 03 17 

<<<----  [OUT]
2020/08/24 06:50:02:438
Linktest.rsp
00 00 00 0A FF FF 00 00 00 06 80 00 03 17 

<<<----  [OUT]
2020/08/24 06:50:12:356
Linktest.req
00 00 00 0A FF FF 00 00 00 05 00 00 11 8E 

---->>>  [IN ]
2020/08/24 06:50:12:357
Linktest.rsp
00 00 00 0A FF FF 00 00 00 06 00 00 11 8E 

<<<----  [OUT]
2020/08/24 06:50:22:366
Linktest.req
00 00 00 0A FF FF 00 00 00 05 00 00 11 8F 

---->>>  [IN ]
2020/08/24 06:50:22:367
Linktest.rsp
00 00 00 0A FF FF 00 00 00 06 00 00 11 8F 

<<<----  [OUT]
2020/08/24 06:50:32:378
Linktest.req
00 00 00 0A FF FF 00 00 00 05 00 00 11 90 

---->>>  [IN ]
2020/08/24 06:50:32:379
Linktest.rsp
00 00 00 0A FF FF 00 00 00 06 00 00 11 90 

<<<----  [OUT]
2020/08/24 06:50:42:392
Linktest.req
00 00 00 0A FF FF 00 00 00 05 00 00 11 91 

---->>>  [IN ]
2020/08/24 06:50:42:393
Linktest.rsp
00 00 00 0A FF FF 00 00 00 06 00 00 11 91 

<<<----  [OUT]
2020/08/24 06:50:52:398
Linktest.req
00 00 00 0A FF FF 00 00 00 05 00 00 11 92 

---->>>  [IN ]
2020/08/24 06:50:52:399
Linktest.rsp
00 00 00 0A FF FF 00 00 00 06 00 00 11 92 

<<<----  [OUT]
2020/08/24 06:51:02:410
Linktest.req
00 00 00 0A FF FF 00 00 00 05 00 00 11 93 

---->>>  [IN ]
2020/08/24 06:51:02:411
Linktest.rsp
00 00 00 0A FF FF 00 00 00 06 00 00 11 93 

---->>>  [IN ]
2020/08/24 06:51:02:457
Linktest.req
00 00 00 0A FF FF 00 00 00 05 80 00 03 18 

<<<----  [OUT]
2020/08/24 06:51:02:457
Linktest.rsp
00 00 00 0A FF FF 00 00 00 06 80 00 03 18 

<<<----  [OUT]
2020/08/24 06:51:12:424
Linktest.req
00 00 00 0A FF FF 00 00 00 05 00 00 11 94 

---->>>  [IN ]
2020/08/24 06:51:12:425
Linktest.rsp
00 00 00 0A FF FF 00 00 00 06 00 00 11 94 

<<<----  [OUT]
2020/08/24 06:51:22:434
Linktest.req
00 00 00 0A FF FF 00 00 00 05 00 00 11 95 

---->>>  [IN ]
2020/08/24 06:51:22:435
Linktest.rsp
00 00 00 0A FF FF 00 00 00 06 00 00 11 95 

<<<----  [OUT]
2020/08/24 06:51:32:446
Linktest.req
00 00 00 0A FF FF 00 00 00 05 00 00 11 96 

---->>>  [IN ]
2020/08/24 06:51:32:447
Linktest.rsp
00 00 00 0A FF FF 00 00 00 06 00 00 11 96 

<<<----  [OUT]
2020/08/24 06:51:42:455
Linktest.req
00 00 00 0A FF FF 00 00 00 05 00 00 11 97 

---->>>  [IN ]
2020/08/24 06:51:42:456
Linktest.rsp
00 00 00 0A FF FF 00 00 00 06 00 00 11 97 

<<<----  [OUT]
2020/08/24 06:51:52:465
Linktest.req
00 00 00 0A FF FF 00 00 00 05 00 00 11 98 

---->>>  [IN ]
2020/08/24 06:51:52:466
Linktest.rsp
00 00 00 0A FF FF 00 00 00 06 00 00 11 98 

---->>>  [IN ]
2020/08/24 06:52:02:464
Linktest.req
00 00 00 0A FF FF 00 00 00 05 80 00 03 19 

<<<----  [OUT]
2020/08/24 06:52:02:464
Linktest.rsp
00 00 00 0A FF FF 00 00 00 06 80 00 03 19 

<<<----  [OUT]
2020/08/24 06:52:02:473
Linktest.req
00 00 00 0A FF FF 00 00 00 05 00 00 11 99 

---->>>  [IN ]
2020/08/24 06:52:02:515
Linktest.rsp
00 00 00 0A FF FF 00 00 00 06 00 00 11 99 

<<<----  [OUT]
2020/08/24 06:52:12:524
Linktest.req
00 00 00 0A FF FF 00 00 00 05 00 00 11 9A 

---->>>  [IN ]
2020/08/24 06:52:12:525
Linktest.rsp
00 00 00 0A FF FF 00 00 00 06 00 00 11 9A 

<<<----  [OUT]
2020/08/24 06:52:22:534
Linktest.req
00 00 00 0A FF FF 00 00 00 05 00 00 11 9B 

---->>>  [IN ]
2020/08/24 06:52:22:535
Linktest.rsp
00 00 00 0A FF FF 00 00 00 06 00 00 11 9B 

<<<----  [OUT]
2020/08/24 06:52:32:549
Linktest.req
00 00 00 0A FF FF 00 00 00 05 00 00 11 9C 

---->>>  [IN ]
2020/08/24 06:52:32:550
Linktest.rsp
00 00 00 0A FF FF 00 00 00 06 00 00 11 9C 

<<<----  [OUT]
2020/08/24 06:52:42:559
Linktest.req
00 00 00 0A FF FF 00 00 00 05 00 00 11 9D 

---->>>  [IN ]
2020/08/24 06:52:42:560
Linktest.rsp
00 00 00 0A FF FF 00 00 00 06 00 00 11 9D 

<<<----  [OUT]
2020/08/24 06:52:52:574
Linktest.req
00 00 00 0A FF FF 00 00 00 05 00 00 11 9E 

---->>>  [IN ]
2020/08/24 06:52:52:575
Linktest.rsp
00 00 00 0A FF FF 00 00 00 06 00 00 11 9E 

---->>>  [IN ]
2020/08/24 06:53:02:463
Linktest.req
00 00 00 0A FF FF 00 00 00 05 80 00 03 1A 

<<<----  [OUT]
2020/08/24 06:53:02:463
Linktest.rsp
00 00 00 0A FF FF 00 00 00 06 80 00 03 1A 

<<<----  [OUT]
2020/08/24 06:53:02:590
Linktest.req
00 00 00 0A FF FF 00 00 00 05 00 00 11 9F 

---->>>  [IN ]
2020/08/24 06:53:02:591
Linktest.rsp
00 00 00 0A FF FF 00 00 00 06 00 00 11 9F 

<<<----  [OUT]
2020/08/24 06:53:12:605
Linktest.req
00 00 00 0A FF FF 00 00 00 05 00 00 11 A0 

---->>>  [IN ]
2020/08/24 06:53:12:606
Linktest.rsp
00 00 00 0A FF FF 00 00 00 06 00 00 11 A0 

<<<----  [OUT]
2020/08/24 06:53:22:617
Linktest.req
00 00 00 0A FF FF 00 00 00 05 00 00 11 A1 

---->>>  [IN ]
2020/08/24 06:53:22:618
Linktest.rsp
00 00 00 0A FF FF 00 00 00 06 00 00 11 A1 

<<<----  [OUT]
2020/08/24 06:53:32:627
Linktest.req
00 00 00 0A FF FF 00 00 00 05 00 00 11 A2 

---->>>  [IN ]
2020/08/24 06:53:32:628
Linktest.rsp
00 00 00 0A FF FF 00 00 00 06 00 00 11 A2 

<<<----  [OUT]
2020/08/24 06:53:42:637
Linktest.req
00 00 00 0A FF FF 00 00 00 05 00 00 11 A3 

---->>>  [IN ]
2020/08/24 06:53:42:638
Linktest.rsp
00 00 00 0A FF FF 00 00 00 06 00 00 11 A3 

<<<----  [OUT]
2020/08/24 06:53:52:653
Linktest.req
00 00 00 0A FF FF 00 00 00 05 00 00 11 A4 

---->>>  [IN ]
2020/08/24 06:53:52:654
Linktest.rsp
00 00 00 0A FF FF 00 00 00 06 00 00 11 A4 

---->>>  [IN ]
2020/08/24 06:54:02:460
Linktest.req
00 00 00 0A FF FF 00 00 00 05 80 00 03 1B 

<<<----  [OUT]
2020/08/24 06:54:02:460
Linktest.rsp
00 00 00 0A FF FF 00 00 00 06 80 00 03 1B 

<<<----  [OUT]
2020/08/24 06:54:02:666
Linktest.req
00 00 00 0A FF FF 00 00 00 05 00 00 11 A5 

---->>>  [IN ]
2020/08/24 06:54:02:667
Linktest.rsp
00 00 00 0A FF FF 00 00 00 06 00 00 11 A5 

<<<----  [OUT]
2020/08/24 06:54:12:674
Linktest.req
00 00 00 0A FF FF 00 00 00 05 00 00 11 A6 

---->>>  [IN ]
2020/08/24 06:54:12:675
Linktest.rsp
00 00 00 0A FF FF 00 00 00 06 00 00 11 A6 

<<<----  [OUT]
2020/08/24 06:54:22:684
Linktest.req
00 00 00 0A FF FF 00 00 00 05 00 00 11 A7 

---->>>  [IN ]
2020/08/24 06:54:22:685
Linktest.rsp
00 00 00 0A FF FF 00 00 00 06 00 00 11 A7 

<<<----  [OUT]
2020/08/24 06:54:32:700
Linktest.req
00 00 00 0A FF FF 00 00 00 05 00 00 11 A8 

---->>>  [IN ]
2020/08/24 06:54:32:701
Linktest.rsp
00 00 00 0A FF FF 00 00 00 06 00 00 11 A8 

<<<----  [OUT]
2020/08/24 06:54:42:710
Linktest.req
00 00 00 0A FF FF 00 00 00 05 00 00 11 A9 

---->>>  [IN ]
2020/08/24 06:54:42:711
Linktest.rsp
00 00 00 0A FF FF 00 00 00 06 00 00 11 A9 

<<<----  [OUT]
2020/08/24 06:54:52:725
Linktest.req
00 00 00 0A FF FF 00 00 00 05 00 00 11 AA 

---->>>  [IN ]
2020/08/24 06:54:52:726
Linktest.rsp
00 00 00 0A FF FF 00 00 00 06 00 00 11 AA 

---->>>  [IN ]
2020/08/24 06:55:02:458
Linktest.req
00 00 00 0A FF FF 00 00 00 05 80 00 03 1C 

<<<----  [OUT]
2020/08/24 06:55:02:458
Linktest.rsp
00 00 00 0A FF FF 00 00 00 06 80 00 03 1C 

<<<----  [OUT]
2020/08/24 06:55:02:740
Linktest.req
00 00 00 0A FF FF 00 00 00 05 00 00 11 AB 

---->>>  [IN ]
2020/08/24 06:55:02:741
Linktest.rsp
00 00 00 0A FF FF 00 00 00 06 00 00 11 AB 

<<<----  [OUT]
2020/08/24 06:55:12:752
Linktest.req
00 00 00 0A FF FF 00 00 00 05 00 00 11 AC 

---->>>  [IN ]
2020/08/24 06:55:12:753
Linktest.rsp
00 00 00 0A FF FF 00 00 00 06 00 00 11 AC 

<<<----  [OUT]
2020/08/24 06:55:22:770
Linktest.req
00 00 00 0A FF FF 00 00 00 05 00 00 11 AD 

---->>>  [IN ]
2020/08/24 06:55:22:771
Linktest.rsp
00 00 00 0A FF FF 00 00 00 06 00 00 11 AD 

<<<----  [OUT]
2020/08/24 06:55:32:775
Linktest.req
00 00 00 0A FF FF 00 00 00 05 00 00 11 AE 

---->>>  [IN ]
2020/08/24 06:55:32:776
Linktest.rsp
00 00 00 0A FF FF 00 00 00 06 00 00 11 AE 

<<<----  [OUT]
2020/08/24 06:55:42:784
Linktest.req
00 00 00 0A FF FF 00 00 00 05 00 00 11 AF 

---->>>  [IN ]
2020/08/24 06:55:42:785
Linktest.rsp
00 00 00 0A FF FF 00 00 00 06 00 00 11 AF 

<<<----  [OUT]
2020/08/24 06:55:52:790
Linktest.req
00 00 00 0A FF FF 00 00 00 05 00 00 11 B0 

---->>>  [IN ]
2020/08/24 06:55:52:791
Linktest.rsp
00 00 00 0A FF FF 00 00 00 06 00 00 11 B0 

---->>>  [IN ]
2020/08/24 06:56:02:465
Linktest.req
00 00 00 0A FF FF 00 00 00 05 80 00 03 1D 

<<<----  [OUT]
2020/08/24 06:56:02:465
Linktest.rsp
00 00 00 0A FF FF 00 00 00 06 80 00 03 1D 

<<<----  [OUT]
2020/08/24 06:56:02:791
Linktest.req
00 00 00 0A FF FF 00 00 00 05 00 00 11 B1 

---->>>  [IN ]
2020/08/24 06:56:02:793
Linktest.rsp
00 00 00 0A FF FF 00 00 00 06 00 00 11 B1 

<<<----  [OUT]
2020/08/24 06:56:12:800
Linktest.req
00 00 00 0A FF FF 00 00 00 05 00 00 11 B2 

---->>>  [IN ]
2020/08/24 06:56:12:803
Linktest.rsp
00 00 00 0A FF FF 00 00 00 06 00 00 11 B2 

<<<----  [OUT]
2020/08/24 06:56:22:829
Linktest.req
00 00 00 0A FF FF 00 00 00 05 00 00 11 B3 

---->>>  [IN ]
2020/08/24 06:56:22:830
Linktest.rsp
00 00 00 0A FF FF 00 00 00 06 00 00 11 B3 

<<<----  [OUT]
2020/08/24 06:56:32:842
Linktest.req
00 00 00 0A FF FF 00 00 00 05 00 00 11 B4 

---->>>  [IN ]
2020/08/24 06:56:32:843
Linktest.rsp
00 00 00 0A FF FF 00 00 00 06 00 00 11 B4 

<<<----  [OUT]
2020/08/24 06:56:42:859
Linktest.req
00 00 00 0A FF FF 00 00 00 05 00 00 11 B5 

---->>>  [IN ]
2020/08/24 06:56:42:860
Linktest.rsp
00 00 00 0A FF FF 00 00 00 06 00 00 11 B5 

<<<----  [OUT]
2020/08/24 06:56:52:873
Linktest.req
00 00 00 0A FF FF 00 00 00 05 00 00 11 B6 

---->>>  [IN ]
2020/08/24 06:56:52:874
Linktest.rsp
00 00 00 0A FF FF 00 00 00 06 00 00 11 B6 

---->>>  [IN ]
2020/08/24 06:57:02:465
Linktest.req
00 00 00 0A FF FF 00 00 00 05 80 00 03 1E 

<<<----  [OUT]
2020/08/24 06:57:02:465
Linktest.rsp
00 00 00 0A FF FF 00 00 00 06 80 00 03 1E 

<<<----  [OUT]
2020/08/24 06:57:02:885
Linktest.req
00 00 00 0A FF FF 00 00 00 05 00 00 11 B7 

---->>>  [IN ]
2020/08/24 06:57:02:886
Linktest.rsp
00 00 00 0A FF FF 00 00 00 06 00 00 11 B7 

<<<----  [OUT]
2020/08/24 06:57:12:903
Linktest.req
00 00 00 0A FF FF 00 00 00 05 00 00 11 B8 

---->>>  [IN ]
2020/08/24 06:57:12:904
Linktest.rsp
00 00 00 0A FF FF 00 00 00 06 00 00 11 B8 

<<<----  [OUT]
2020/08/24 06:57:22:914
Linktest.req
00 00 00 0A FF FF 00 00 00 05 00 00 11 B9 

---->>>  [IN ]
2020/08/24 06:57:22:915
Linktest.rsp
00 00 00 0A FF FF 00 00 00 06 00 00 11 B9 

<<<----  [OUT]
2020/08/24 06:57:32:924
Linktest.req
00 00 00 0A FF FF 00 00 00 05 00 00 11 BA 

---->>>  [IN ]
2020/08/24 06:57:32:925
Linktest.rsp
00 00 00 0A FF FF 00 00 00 06 00 00 11 BA 

<<<----  [OUT]
2020/08/24 06:57:42:935
Linktest.req
00 00 00 0A FF FF 00 00 00 05 00 00 11 BB 

---->>>  [IN ]
2020/08/24 06:57:42:936
Linktest.rsp
00 00 00 0A FF FF 00 00 00 06 00 00 11 BB 

<<<----  [OUT]
2020/08/24 06:57:52:946
Linktest.req
00 00 00 0A FF FF 00 00 00 05 00 00 11 BC 

---->>>  [IN ]
2020/08/24 06:57:52:947
Linktest.rsp
00 00 00 0A FF FF 00 00 00 06 00 00 11 BC 

---->>>  [IN ]
2020/08/24 06:58:02:470
Linktest.req
00 00 00 0A FF FF 00 00 00 05 80 00 03 1F 

<<<----  [OUT]
2020/08/24 06:58:02:470
Linktest.rsp
00 00 00 0A FF FF 00 00 00 06 80 00 03 1F 

<<<----  [OUT]
2020/08/24 06:58:02:955
Linktest.req
00 00 00 0A FF FF 00 00 00 05 00 00 11 BD 

---->>>  [IN ]
2020/08/24 06:58:02:956
Linktest.rsp
00 00 00 0A FF FF 00 00 00 06 00 00 11 BD 

<<<----  [OUT]
2020/08/24 06:58:12:960
Linktest.req
00 00 00 0A FF FF 00 00 00 05 00 00 11 BE 

---->>>  [IN ]
2020/08/24 06:58:12:961
Linktest.rsp
00 00 00 0A FF FF 00 00 00 06 00 00 11 BE 

<<<----  [OUT]
2020/08/24 06:58:22:969
Linktest.req
00 00 00 0A FF FF 00 00 00 05 00 00 11 BF 

---->>>  [IN ]
2020/08/24 06:58:22:970
Linktest.rsp
00 00 00 0A FF FF 00 00 00 06 00 00 11 BF 

<<<----  [OUT]
2020/08/24 06:58:32:982
Linktest.req
00 00 00 0A FF FF 00 00 00 05 00 00 11 C0 

---->>>  [IN ]
2020/08/24 06:58:32:983
Linktest.rsp
00 00 00 0A FF FF 00 00 00 06 00 00 11 C0 

<<<----  [OUT]
2020/08/24 06:58:42:997
Linktest.req
00 00 00 0A FF FF 00 00 00 05 00 00 11 C1 

---->>>  [IN ]
2020/08/24 06:58:42:998
Linktest.rsp
00 00 00 0A FF FF 00 00 00 06 00 00 11 C1 

<<<----  [OUT]
2020/08/24 06:58:53:011
Linktest.req
00 00 00 0A FF FF 00 00 00 05 00 00 11 C2 

---->>>  [IN ]
2020/08/24 06:58:53:012
Linktest.rsp
00 00 00 0A FF FF 00 00 00 06 00 00 11 C2 

---->>>  [IN ]
2020/08/24 06:59:02:457
Linktest.req
00 00 00 0A FF FF 00 00 00 05 80 00 03 20 

<<<----  [OUT]
2020/08/24 06:59:02:457
Linktest.rsp
00 00 00 0A FF FF 00 00 00 06 80 00 03 20 

<<<----  [OUT]
2020/08/24 06:59:03:029
Linktest.req
00 00 00 0A FF FF 00 00 00 05 00 00 11 C3 

---->>>  [IN ]
2020/08/24 06:59:03:030
Linktest.rsp
00 00 00 0A FF FF 00 00 00 06 00 00 11 C3 

<<<----  [OUT]
2020/08/24 06:59:13:036
Linktest.req
00 00 00 0A FF FF 00 00 00 05 00 00 11 C4 

---->>>  [IN ]
2020/08/24 06:59:13:037
Linktest.rsp
00 00 00 0A FF FF 00 00 00 06 00 00 11 C4 

<<<----  [OUT]
2020/08/24 06:59:23:040
Linktest.req
00 00 00 0A FF FF 00 00 00 05 00 00 11 C5 

---->>>  [IN ]
2020/08/24 06:59:23:041
Linktest.rsp
00 00 00 0A FF FF 00 00 00 06 00 00 11 C5 

<<<----  [OUT]
2020/08/24 06:59:33:051
Linktest.req
00 00 00 0A FF FF 00 00 00 05 00 00 11 C6 

---->>>  [IN ]
2020/08/24 06:59:33:051
Linktest.rsp
00 00 00 0A FF FF 00 00 00 06 00 00 11 C6 

<<<----  [OUT]
2020/08/24 06:59:43:058
Linktest.req
00 00 00 0A FF FF 00 00 00 05 00 00 11 C7 

---->>>  [IN ]
2020/08/24 06:59:43:059
Linktest.rsp
00 00 00 0A FF FF 00 00 00 06 00 00 11 C7 

<<<----  [OUT]
2020/08/24 06:59:53:073
Linktest.req
00 00 00 0A FF FF 00 00 00 05 00 00 11 C8 

---->>>  [IN ]
2020/08/24 06:59:53:074
Linktest.rsp
00 00 00 0A FF FF 00 00 00 06 00 00 11 C8 
