
---->>>  [IN ]
2020/08/24 03:00:02:163
Linktest.req
00 00 00 0A FF FF 00 00 00 05 80 00 02 31 

<<<----  [OUT]
2020/08/24 03:00:02:163
Linktest.rsp
00 00 00 0A FF FF 00 00 00 06 80 00 02 31 

<<<----  [OUT]
2020/08/24 03:00:03:667
Linktest.req
00 00 00 0A FF FF 00 00 00 05 00 00 0C 2B 

---->>>  [IN ]
2020/08/24 03:00:03:668
Linktest.rsp
00 00 00 0A FF FF 00 00 00 06 00 00 0C 2B 

<<<----  [OUT]
2020/08/24 03:00:13:681
Linktest.req
00 00 00 0A FF FF 00 00 00 05 00 00 0C 2C 

---->>>  [IN ]
2020/08/24 03:00:13:682
Linktest.rsp
00 00 00 0A FF FF 00 00 00 06 00 00 0C 2C 

<<<----  [OUT]
2020/08/24 03:00:23:696
Linktest.req
00 00 00 0A FF FF 00 00 00 05 00 00 0C 2D 

---->>>  [IN ]
2020/08/24 03:00:23:697
Linktest.rsp
00 00 00 0A FF FF 00 00 00 06 00 00 0C 2D 

<<<----  [OUT]
2020/08/24 03:00:33:714
Linktest.req
00 00 00 0A FF FF 00 00 00 05 00 00 0C 2E 

---->>>  [IN ]
2020/08/24 03:00:33:715
Linktest.rsp
00 00 00 0A FF FF 00 00 00 06 00 00 0C 2E 

<<<----  [OUT]
2020/08/24 03:00:43:730
Linktest.req
00 00 00 0A FF FF 00 00 00 05 00 00 0C 2F 

---->>>  [IN ]
2020/08/24 03:00:43:731
Linktest.rsp
00 00 00 0A FF FF 00 00 00 06 00 00 0C 2F 

<<<----  [OUT]
2020/08/24 03:00:53:744
Linktest.req
00 00 00 0A FF FF 00 00 00 05 00 00 0C 30 

---->>>  [IN ]
2020/08/24 03:00:53:745
Linktest.rsp
00 00 00 0A FF FF 00 00 00 06 00 00 0C 30 

---->>>  [IN ]
2020/08/24 03:01:02:161
Linktest.req
00 00 00 0A FF FF 00 00 00 05 80 00 02 32 

<<<----  [OUT]
2020/08/24 03:01:02:161
Linktest.rsp
00 00 00 0A FF FF 00 00 00 06 80 00 02 32 

<<<----  [OUT]
2020/08/24 03:01:03:756
Linktest.req
00 00 00 0A FF FF 00 00 00 05 00 00 0C 31 

---->>>  [IN ]
2020/08/24 03:01:03:757
Linktest.rsp
00 00 00 0A FF FF 00 00 00 06 00 00 0C 31 

<<<----  [OUT]
2020/08/24 03:01:13:772
Linktest.req
00 00 00 0A FF FF 00 00 00 05 00 00 0C 32 

---->>>  [IN ]
2020/08/24 03:01:13:773
Linktest.rsp
00 00 00 0A FF FF 00 00 00 06 00 00 0C 32 

<<<----  [OUT]
2020/08/24 03:01:23:789
Linktest.req
00 00 00 0A FF FF 00 00 00 05 00 00 0C 33 

---->>>  [IN ]
2020/08/24 03:01:23:790
Linktest.rsp
00 00 00 0A FF FF 00 00 00 06 00 00 0C 33 

<<<----  [OUT]
2020/08/24 03:01:33:804
Linktest.req
00 00 00 0A FF FF 00 00 00 05 00 00 0C 34 

---->>>  [IN ]
2020/08/24 03:01:33:805
Linktest.rsp
00 00 00 0A FF FF 00 00 00 06 00 00 0C 34 

<<<----  [OUT]
2020/08/24 03:01:43:821
Linktest.req
00 00 00 0A FF FF 00 00 00 05 00 00 0C 35 

---->>>  [IN ]
2020/08/24 03:01:43:822
Linktest.rsp
00 00 00 0A FF FF 00 00 00 06 00 00 0C 35 

<<<----  [OUT]
2020/08/24 03:01:53:835
Linktest.req
00 00 00 0A FF FF 00 00 00 05 00 00 0C 36 

---->>>  [IN ]
2020/08/24 03:01:53:836
Linktest.rsp
00 00 00 0A FF FF 00 00 00 06 00 00 0C 36 

---->>>  [IN ]
2020/08/24 03:02:02:160
Linktest.req
00 00 00 0A FF FF 00 00 00 05 80 00 02 33 

<<<----  [OUT]
2020/08/24 03:02:02:160
Linktest.rsp
00 00 00 0A FF FF 00 00 00 06 80 00 02 33 

<<<----  [OUT]
2020/08/24 03:02:03:851
Linktest.req
00 00 00 0A FF FF 00 00 00 05 00 00 0C 37 

---->>>  [IN ]
2020/08/24 03:02:03:852
Linktest.rsp
00 00 00 0A FF FF 00 00 00 06 00 00 0C 37 

<<<----  [OUT]
2020/08/24 03:02:13:862
Linktest.req
00 00 00 0A FF FF 00 00 00 05 00 00 0C 38 

---->>>  [IN ]
2020/08/24 03:02:13:863
Linktest.rsp
00 00 00 0A FF FF 00 00 00 06 00 00 0C 38 

<<<----  [OUT]
2020/08/24 03:02:23:878
Linktest.req
00 00 00 0A FF FF 00 00 00 05 00 00 0C 39 

---->>>  [IN ]
2020/08/24 03:02:23:879
Linktest.rsp
00 00 00 0A FF FF 00 00 00 06 00 00 0C 39 

<<<----  [OUT]
2020/08/24 03:02:33:895
Linktest.req
00 00 00 0A FF FF 00 00 00 05 00 00 0C 3A 

---->>>  [IN ]
2020/08/24 03:02:33:896
Linktest.rsp
00 00 00 0A FF FF 00 00 00 06 00 00 0C 3A 

<<<----  [OUT]
2020/08/24 03:02:43:911
Linktest.req
00 00 00 0A FF FF 00 00 00 05 00 00 0C 3B 

---->>>  [IN ]
2020/08/24 03:02:43:912
Linktest.rsp
00 00 00 0A FF FF 00 00 00 06 00 00 0C 3B 

<<<----  [OUT]
2020/08/24 03:02:53:926
Linktest.req
00 00 00 0A FF FF 00 00 00 05 00 00 0C 3C 

---->>>  [IN ]
2020/08/24 03:02:53:927
Linktest.rsp
00 00 00 0A FF FF 00 00 00 06 00 00 0C 3C 

---->>>  [IN ]
2020/08/24 03:03:02:174
Linktest.req
00 00 00 0A FF FF 00 00 00 05 80 00 02 34 

<<<----  [OUT]
2020/08/24 03:03:02:174
Linktest.rsp
00 00 00 0A FF FF 00 00 00 06 80 00 02 34 

<<<----  [OUT]
2020/08/24 03:03:03:940
Linktest.req
00 00 00 0A FF FF 00 00 00 05 00 00 0C 3D 

---->>>  [IN ]
2020/08/24 03:03:03:941
Linktest.rsp
00 00 00 0A FF FF 00 00 00 06 00 00 0C 3D 

<<<----  [OUT]
2020/08/24 03:03:13:955
Linktest.req
00 00 00 0A FF FF 00 00 00 05 00 00 0C 3E 

---->>>  [IN ]
2020/08/24 03:03:13:956
Linktest.rsp
00 00 00 0A FF FF 00 00 00 06 00 00 0C 3E 

<<<----  [OUT]
2020/08/24 03:03:23:969
Linktest.req
00 00 00 0A FF FF 00 00 00 05 00 00 0C 3F 

---->>>  [IN ]
2020/08/24 03:03:23:970
Linktest.rsp
00 00 00 0A FF FF 00 00 00 06 00 00 0C 3F 

<<<----  [OUT]
2020/08/24 03:03:33:989
Linktest.req
00 00 00 0A FF FF 00 00 00 05 00 00 0C 40 

---->>>  [IN ]
2020/08/24 03:03:33:990
Linktest.rsp
00 00 00 0A FF FF 00 00 00 06 00 00 0C 40 

<<<----  [OUT]
2020/08/24 03:03:44:003
Linktest.req
00 00 00 0A FF FF 00 00 00 05 00 00 0C 41 

---->>>  [IN ]
2020/08/24 03:03:44:004
Linktest.rsp
00 00 00 0A FF FF 00 00 00 06 00 00 0C 41 

<<<----  [OUT]
2020/08/24 03:03:54:015
Linktest.req
00 00 00 0A FF FF 00 00 00 05 00 00 0C 42 

---->>>  [IN ]
2020/08/24 03:03:54:016
Linktest.rsp
00 00 00 0A FF FF 00 00 00 06 00 00 0C 42 

---->>>  [IN ]
2020/08/24 03:04:02:178
Linktest.req
00 00 00 0A FF FF 00 00 00 05 80 00 02 35 

<<<----  [OUT]
2020/08/24 03:04:02:178
Linktest.rsp
00 00 00 0A FF FF 00 00 00 06 80 00 02 35 

<<<----  [OUT]
2020/08/24 03:04:04:029
Linktest.req
00 00 00 0A FF FF 00 00 00 05 00 00 0C 43 

---->>>  [IN ]
2020/08/24 03:04:04:030
Linktest.rsp
00 00 00 0A FF FF 00 00 00 06 00 00 0C 43 

<<<----  [OUT]
2020/08/24 03:04:14:039
Linktest.req
00 00 00 0A FF FF 00 00 00 05 00 00 0C 44 

---->>>  [IN ]
2020/08/24 03:04:14:040
Linktest.rsp
00 00 00 0A FF FF 00 00 00 06 00 00 0C 44 

<<<----  [OUT]
2020/08/24 03:04:24:046
Linktest.req
00 00 00 0A FF FF 00 00 00 05 00 00 0C 45 

---->>>  [IN ]
2020/08/24 03:04:24:047
Linktest.rsp
00 00 00 0A FF FF 00 00 00 06 00 00 0C 45 

<<<----  [OUT]
2020/08/24 03:04:34:056
Linktest.req
00 00 00 0A FF FF 00 00 00 05 00 00 0C 46 

---->>>  [IN ]
2020/08/24 03:04:34:057
Linktest.rsp
00 00 00 0A FF FF 00 00 00 06 00 00 0C 46 

<<<----  [OUT]
2020/08/24 03:04:44:061
Linktest.req
00 00 00 0A FF FF 00 00 00 05 00 00 0C 47 

---->>>  [IN ]
2020/08/24 03:04:44:062
Linktest.rsp
00 00 00 0A FF FF 00 00 00 06 00 00 0C 47 

<<<----  [OUT]
2020/08/24 03:04:54:074
Linktest.req
00 00 00 0A FF FF 00 00 00 05 00 00 0C 48 

---->>>  [IN ]
2020/08/24 03:04:54:075
Linktest.rsp
00 00 00 0A FF FF 00 00 00 06 00 00 0C 48 

---->>>  [IN ]
2020/08/24 03:05:02:190
Linktest.req
00 00 00 0A FF FF 00 00 00 05 80 00 02 36 

<<<----  [OUT]
2020/08/24 03:05:02:190
Linktest.rsp
00 00 00 0A FF FF 00 00 00 06 80 00 02 36 

<<<----  [OUT]
2020/08/24 03:05:04:085
Linktest.req
00 00 00 0A FF FF 00 00 00 05 00 00 0C 49 

---->>>  [IN ]
2020/08/24 03:05:04:086
Linktest.rsp
00 00 00 0A FF FF 00 00 00 06 00 00 0C 49 

<<<----  [OUT]
2020/08/24 03:05:14:096
Linktest.req
00 00 00 0A FF FF 00 00 00 05 00 00 0C 4A 

---->>>  [IN ]
2020/08/24 03:05:14:097
Linktest.rsp
00 00 00 0A FF FF 00 00 00 06 00 00 0C 4A 

<<<----  [OUT]
2020/08/24 03:05:24:104
Linktest.req
00 00 00 0A FF FF 00 00 00 05 00 00 0C 4B 

---->>>  [IN ]
2020/08/24 03:05:24:105
Linktest.rsp
00 00 00 0A FF FF 00 00 00 06 00 00 0C 4B 

<<<----  [OUT]
2020/08/24 03:05:34:118
Linktest.req
00 00 00 0A FF FF 00 00 00 05 00 00 0C 4C 

---->>>  [IN ]
2020/08/24 03:05:34:119
Linktest.rsp
00 00 00 0A FF FF 00 00 00 06 00 00 0C 4C 

<<<----  [OUT]
2020/08/24 03:05:44:127
Linktest.req
00 00 00 0A FF FF 00 00 00 05 00 00 0C 4D 

---->>>  [IN ]
2020/08/24 03:05:44:128
Linktest.rsp
00 00 00 0A FF FF 00 00 00 06 00 00 0C 4D 

<<<----  [OUT]
2020/08/24 03:05:54:139
Linktest.req
00 00 00 0A FF FF 00 00 00 05 00 00 0C 4E 

---->>>  [IN ]
2020/08/24 03:05:54:140
Linktest.rsp
00 00 00 0A FF FF 00 00 00 06 00 00 0C 4E 

---->>>  [IN ]
2020/08/24 03:06:02:200
Linktest.req
00 00 00 0A FF FF 00 00 00 05 80 00 02 37 

<<<----  [OUT]
2020/08/24 03:06:02:200
Linktest.rsp
00 00 00 0A FF FF 00 00 00 06 80 00 02 37 

<<<----  [OUT]
2020/08/24 03:06:04:150
Linktest.req
00 00 00 0A FF FF 00 00 00 05 00 00 0C 4F 

---->>>  [IN ]
2020/08/24 03:06:04:151
Linktest.rsp
00 00 00 0A FF FF 00 00 00 06 00 00 0C 4F 

<<<----  [OUT]
2020/08/24 03:06:14:165
Linktest.req
00 00 00 0A FF FF 00 00 00 05 00 00 0C 50 

---->>>  [IN ]
2020/08/24 03:06:14:166
Linktest.rsp
00 00 00 0A FF FF 00 00 00 06 00 00 0C 50 

<<<----  [OUT]
2020/08/24 03:06:24:176
Linktest.req
00 00 00 0A FF FF 00 00 00 05 00 00 0C 51 

---->>>  [IN ]
2020/08/24 03:06:24:177
Linktest.rsp
00 00 00 0A FF FF 00 00 00 06 00 00 0C 51 

<<<----  [OUT]
2020/08/24 03:06:34:187
Linktest.req
00 00 00 0A FF FF 00 00 00 05 00 00 0C 52 

---->>>  [IN ]
2020/08/24 03:06:34:188
Linktest.rsp
00 00 00 0A FF FF 00 00 00 06 00 00 0C 52 

<<<----  [OUT]
2020/08/24 03:06:44:199
Linktest.req
00 00 00 0A FF FF 00 00 00 05 00 00 0C 53 

---->>>  [IN ]
2020/08/24 03:06:44:200
Linktest.rsp
00 00 00 0A FF FF 00 00 00 06 00 00 0C 53 

<<<----  [OUT]
2020/08/24 03:06:54:214
Linktest.req
00 00 00 0A FF FF 00 00 00 05 00 00 0C 54 

---->>>  [IN ]
2020/08/24 03:06:54:214
Linktest.rsp
00 00 00 0A FF FF 00 00 00 06 00 00 0C 54 

---->>>  [IN ]
2020/08/24 03:07:02:189
Linktest.req
00 00 00 0A FF FF 00 00 00 05 80 00 02 38 

<<<----  [OUT]
2020/08/24 03:07:02:189
Linktest.rsp
00 00 00 0A FF FF 00 00 00 06 80 00 02 38 

<<<----  [OUT]
2020/08/24 03:07:04:229
Linktest.req
00 00 00 0A FF FF 00 00 00 05 00 00 0C 55 

---->>>  [IN ]
2020/08/24 03:07:04:230
Linktest.rsp
00 00 00 0A FF FF 00 00 00 06 00 00 0C 55 

<<<----  [OUT]
2020/08/24 03:07:14:241
Linktest.req
00 00 00 0A FF FF 00 00 00 05 00 00 0C 56 

---->>>  [IN ]
2020/08/24 03:07:14:242
Linktest.rsp
00 00 00 0A FF FF 00 00 00 06 00 00 0C 56 

<<<----  [OUT]
2020/08/24 03:07:24:252
Linktest.req
00 00 00 0A FF FF 00 00 00 05 00 00 0C 57 

---->>>  [IN ]
2020/08/24 03:07:24:253
Linktest.rsp
00 00 00 0A FF FF 00 00 00 06 00 00 0C 57 

<<<----  [OUT]
2020/08/24 03:07:34:263
Linktest.req
00 00 00 0A FF FF 00 00 00 05 00 00 0C 58 

---->>>  [IN ]
2020/08/24 03:07:34:264
Linktest.rsp
00 00 00 0A FF FF 00 00 00 06 00 00 0C 58 

<<<----  [OUT]
2020/08/24 03:07:44:274
Linktest.req
00 00 00 0A FF FF 00 00 00 05 00 00 0C 59 

---->>>  [IN ]
2020/08/24 03:07:44:275
Linktest.rsp
00 00 00 0A FF FF 00 00 00 06 00 00 0C 59 

<<<----  [OUT]
2020/08/24 03:07:54:288
Linktest.req
00 00 00 0A FF FF 00 00 00 05 00 00 0C 5A 

---->>>  [IN ]
2020/08/24 03:07:54:289
Linktest.rsp
00 00 00 0A FF FF 00 00 00 06 00 00 0C 5A 

---->>>  [IN ]
2020/08/24 03:08:02:203
Linktest.req
00 00 00 0A FF FF 00 00 00 05 80 00 02 39 

<<<----  [OUT]
2020/08/24 03:08:02:203
Linktest.rsp
00 00 00 0A FF FF 00 00 00 06 80 00 02 39 

<<<----  [OUT]
2020/08/24 03:08:04:292
Linktest.req
00 00 00 0A FF FF 00 00 00 05 00 00 0C 5B 

---->>>  [IN ]
2020/08/24 03:08:04:292
Linktest.rsp
00 00 00 0A FF FF 00 00 00 06 00 00 0C 5B 

<<<----  [OUT]
2020/08/24 03:08:14:299
Linktest.req
00 00 00 0A FF FF 00 00 00 05 00 00 0C 5C 

---->>>  [IN ]
2020/08/24 03:08:14:301
Linktest.rsp
00 00 00 0A FF FF 00 00 00 06 00 00 0C 5C 

<<<----  [OUT]
2020/08/24 03:08:24:317
Linktest.req
00 00 00 0A FF FF 00 00 00 05 00 00 0C 5D 

---->>>  [IN ]
2020/08/24 03:08:24:318
Linktest.rsp
00 00 00 0A FF FF 00 00 00 06 00 00 0C 5D 

<<<----  [OUT]
2020/08/24 03:08:34:331
Linktest.req
00 00 00 0A FF FF 00 00 00 05 00 00 0C 5E 

---->>>  [IN ]
2020/08/24 03:08:34:332
Linktest.rsp
00 00 00 0A FF FF 00 00 00 06 00 00 0C 5E 

<<<----  [OUT]
2020/08/24 03:08:44:345
Linktest.req
00 00 00 0A FF FF 00 00 00 05 00 00 0C 5F 

---->>>  [IN ]
2020/08/24 03:08:44:346
Linktest.rsp
00 00 00 0A FF FF 00 00 00 06 00 00 0C 5F 

<<<----  [OUT]
2020/08/24 03:08:54:357
Linktest.req
00 00 00 0A FF FF 00 00 00 05 00 00 0C 60 

---->>>  [IN ]
2020/08/24 03:08:54:358
Linktest.rsp
00 00 00 0A FF FF 00 00 00 06 00 00 0C 60 

---->>>  [IN ]
2020/08/24 03:09:02:193
Linktest.req
00 00 00 0A FF FF 00 00 00 05 80 00 02 3A 

<<<----  [OUT]
2020/08/24 03:09:02:193
Linktest.rsp
00 00 00 0A FF FF 00 00 00 06 80 00 02 3A 

<<<----  [OUT]
2020/08/24 03:09:04:372
Linktest.req
00 00 00 0A FF FF 00 00 00 05 00 00 0C 61 

---->>>  [IN ]
2020/08/24 03:09:04:373
Linktest.rsp
00 00 00 0A FF FF 00 00 00 06 00 00 0C 61 

<<<----  [OUT]
2020/08/24 03:09:14:383
Linktest.req
00 00 00 0A FF FF 00 00 00 05 00 00 0C 62 

---->>>  [IN ]
2020/08/24 03:09:14:384
Linktest.rsp
00 00 00 0A FF FF 00 00 00 06 00 00 0C 62 

<<<----  [OUT]
2020/08/24 03:09:24:391
Linktest.req
00 00 00 0A FF FF 00 00 00 05 00 00 0C 63 

---->>>  [IN ]
2020/08/24 03:09:24:392
Linktest.rsp
00 00 00 0A FF FF 00 00 00 06 00 00 0C 63 

<<<----  [OUT]
2020/08/24 03:09:34:403
Linktest.req
00 00 00 0A FF FF 00 00 00 05 00 00 0C 64 

---->>>  [IN ]
2020/08/24 03:09:34:404
Linktest.rsp
00 00 00 0A FF FF 00 00 00 06 00 00 0C 64 

<<<----  [OUT]
2020/08/24 03:09:44:416
Linktest.req
00 00 00 0A FF FF 00 00 00 05 00 00 0C 65 

---->>>  [IN ]
2020/08/24 03:09:44:417
Linktest.rsp
00 00 00 0A FF FF 00 00 00 06 00 00 0C 65 

<<<----  [OUT]
2020/08/24 03:09:54:432
Linktest.req
00 00 00 0A FF FF 00 00 00 05 00 00 0C 66 

---->>>  [IN ]
2020/08/24 03:09:54:433
Linktest.rsp
00 00 00 0A FF FF 00 00 00 06 00 00 0C 66 

---->>>  [IN ]
2020/08/24 03:10:02:198
Linktest.req
00 00 00 0A FF FF 00 00 00 05 80 00 02 3B 

<<<----  [OUT]
2020/08/24 03:10:02:198
Linktest.rsp
00 00 00 0A FF FF 00 00 00 06 80 00 02 3B 

<<<----  [OUT]
2020/08/24 03:10:04:441
Linktest.req
00 00 00 0A FF FF 00 00 00 05 00 00 0C 67 

---->>>  [IN ]
2020/08/24 03:10:04:442
Linktest.rsp
00 00 00 0A FF FF 00 00 00 06 00 00 0C 67 

<<<----  [OUT]
2020/08/24 03:10:14:454
Linktest.req
00 00 00 0A FF FF 00 00 00 05 00 00 0C 68 

---->>>  [IN ]
2020/08/24 03:10:14:455
Linktest.rsp
00 00 00 0A FF FF 00 00 00 06 00 00 0C 68 

<<<----  [OUT]
2020/08/24 03:10:24:472
Linktest.req
00 00 00 0A FF FF 00 00 00 05 00 00 0C 69 

---->>>  [IN ]
2020/08/24 03:10:24:473
Linktest.rsp
00 00 00 0A FF FF 00 00 00 06 00 00 0C 69 

<<<----  [OUT]
2020/08/24 03:10:34:484
Linktest.req
00 00 00 0A FF FF 00 00 00 05 00 00 0C 6A 

---->>>  [IN ]
2020/08/24 03:10:34:485
Linktest.rsp
00 00 00 0A FF FF 00 00 00 06 00 00 0C 6A 

<<<----  [OUT]
2020/08/24 03:10:44:498
Linktest.req
00 00 00 0A FF FF 00 00 00 05 00 00 0C 6B 

---->>>  [IN ]
2020/08/24 03:10:44:499
Linktest.rsp
00 00 00 0A FF FF 00 00 00 06 00 00 0C 6B 

<<<----  [OUT]
2020/08/24 03:10:54:507
Linktest.req
00 00 00 0A FF FF 00 00 00 05 00 00 0C 6C 

---->>>  [IN ]
2020/08/24 03:10:54:508
Linktest.rsp
00 00 00 0A FF FF 00 00 00 06 00 00 0C 6C 

---->>>  [IN ]
2020/08/24 03:11:02:196
Linktest.req
00 00 00 0A FF FF 00 00 00 05 80 00 02 3C 

<<<----  [OUT]
2020/08/24 03:11:02:196
Linktest.rsp
00 00 00 0A FF FF 00 00 00 06 80 00 02 3C 

<<<----  [OUT]
2020/08/24 03:11:04:523
Linktest.req
00 00 00 0A FF FF 00 00 00 05 00 00 0C 6D 

---->>>  [IN ]
2020/08/24 03:11:04:524
Linktest.rsp
00 00 00 0A FF FF 00 00 00 06 00 00 0C 6D 

<<<----  [OUT]
2020/08/24 03:11:14:537
Linktest.req
00 00 00 0A FF FF 00 00 00 05 00 00 0C 6E 

---->>>  [IN ]
2020/08/24 03:11:14:538
Linktest.rsp
00 00 00 0A FF FF 00 00 00 06 00 00 0C 6E 

<<<----  [OUT]
2020/08/24 03:11:24:554
Linktest.req
00 00 00 0A FF FF 00 00 00 05 00 00 0C 6F 

---->>>  [IN ]
2020/08/24 03:11:24:555
Linktest.rsp
00 00 00 0A FF FF 00 00 00 06 00 00 0C 6F 

<<<----  [OUT]
2020/08/24 03:11:34:569
Linktest.req
00 00 00 0A FF FF 00 00 00 05 00 00 0C 70 

---->>>  [IN ]
2020/08/24 03:11:34:570
Linktest.rsp
00 00 00 0A FF FF 00 00 00 06 00 00 0C 70 

<<<----  [OUT]
2020/08/24 03:11:44:583
Linktest.req
00 00 00 0A FF FF 00 00 00 05 00 00 0C 71 

---->>>  [IN ]
2020/08/24 03:11:44:585
Linktest.rsp
00 00 00 0A FF FF 00 00 00 06 00 00 0C 71 

<<<----  [OUT]
2020/08/24 03:11:54:593
Linktest.req
00 00 00 0A FF FF 00 00 00 05 00 00 0C 72 

---->>>  [IN ]
2020/08/24 03:11:54:594
Linktest.rsp
00 00 00 0A FF FF 00 00 00 06 00 00 0C 72 

---->>>  [IN ]
2020/08/24 03:12:02:203
Linktest.req
00 00 00 0A FF FF 00 00 00 05 80 00 02 3D 

<<<----  [OUT]
2020/08/24 03:12:02:203
Linktest.rsp
00 00 00 0A FF FF 00 00 00 06 80 00 02 3D 

<<<----  [OUT]
2020/08/24 03:12:04:606
Linktest.req
00 00 00 0A FF FF 00 00 00 05 00 00 0C 73 

---->>>  [IN ]
2020/08/24 03:12:04:607
Linktest.rsp
00 00 00 0A FF FF 00 00 00 06 00 00 0C 73 

<<<----  [OUT]
2020/08/24 03:12:14:617
Linktest.req
00 00 00 0A FF FF 00 00 00 05 00 00 0C 74 

---->>>  [IN ]
2020/08/24 03:12:14:618
Linktest.rsp
00 00 00 0A FF FF 00 00 00 06 00 00 0C 74 

<<<----  [OUT]
2020/08/24 03:12:24:624
Linktest.req
00 00 00 0A FF FF 00 00 00 05 00 00 0C 75 

---->>>  [IN ]
2020/08/24 03:12:24:625
Linktest.rsp
00 00 00 0A FF FF 00 00 00 06 00 00 0C 75 

<<<----  [OUT]
2020/08/24 03:12:34:635
Linktest.req
00 00 00 0A FF FF 00 00 00 05 00 00 0C 76 

---->>>  [IN ]
2020/08/24 03:12:34:636
Linktest.rsp
00 00 00 0A FF FF 00 00 00 06 00 00 0C 76 

<<<----  [OUT]
2020/08/24 03:12:44:636
Linktest.req
00 00 00 0A FF FF 00 00 00 05 00 00 0C 77 

---->>>  [IN ]
2020/08/24 03:12:44:637
Linktest.rsp
00 00 00 0A FF FF 00 00 00 06 00 00 0C 77 

<<<----  [OUT]
2020/08/24 03:12:54:641
Linktest.req
00 00 00 0A FF FF 00 00 00 05 00 00 0C 78 

---->>>  [IN ]
2020/08/24 03:12:54:642
Linktest.rsp
00 00 00 0A FF FF 00 00 00 06 00 00 0C 78 

---->>>  [IN ]
2020/08/24 03:13:02:200
Linktest.req
00 00 00 0A FF FF 00 00 00 05 80 00 02 3E 

<<<----  [OUT]
2020/08/24 03:13:02:200
Linktest.rsp
00 00 00 0A FF FF 00 00 00 06 80 00 02 3E 

<<<----  [OUT]
2020/08/24 03:13:04:652
Linktest.req
00 00 00 0A FF FF 00 00 00 05 00 00 0C 79 

---->>>  [IN ]
2020/08/24 03:13:04:653
Linktest.rsp
00 00 00 0A FF FF 00 00 00 06 00 00 0C 79 

<<<----  [OUT]
2020/08/24 03:13:14:662
Linktest.req
00 00 00 0A FF FF 00 00 00 05 00 00 0C 7A 

---->>>  [IN ]
2020/08/24 03:13:14:663
Linktest.rsp
00 00 00 0A FF FF 00 00 00 06 00 00 0C 7A 

<<<----  [OUT]
2020/08/24 03:13:24:670
Linktest.req
00 00 00 0A FF FF 00 00 00 05 00 00 0C 7B 

---->>>  [IN ]
2020/08/24 03:13:24:671
Linktest.rsp
00 00 00 0A FF FF 00 00 00 06 00 00 0C 7B 

<<<----  [OUT]
2020/08/24 03:13:34:678
Linktest.req
00 00 00 0A FF FF 00 00 00 05 00 00 0C 7C 

---->>>  [IN ]
2020/08/24 03:13:34:679
Linktest.rsp
00 00 00 0A FF FF 00 00 00 06 00 00 0C 7C 

<<<----  [OUT]
2020/08/24 03:13:44:693
Linktest.req
00 00 00 0A FF FF 00 00 00 05 00 00 0C 7D 

---->>>  [IN ]
2020/08/24 03:13:44:694
Linktest.rsp
00 00 00 0A FF FF 00 00 00 06 00 00 0C 7D 

<<<----  [OUT]
2020/08/24 03:13:54:704
Linktest.req
00 00 00 0A FF FF 00 00 00 05 00 00 0C 7E 

---->>>  [IN ]
2020/08/24 03:13:54:705
Linktest.rsp
00 00 00 0A FF FF 00 00 00 06 00 00 0C 7E 

---->>>  [IN ]
2020/08/24 03:14:02:201
Linktest.req
00 00 00 0A FF FF 00 00 00 05 80 00 02 3F 

<<<----  [OUT]
2020/08/24 03:14:02:201
Linktest.rsp
00 00 00 0A FF FF 00 00 00 06 80 00 02 3F 

<<<----  [OUT]
2020/08/24 03:14:04:715
Linktest.req
00 00 00 0A FF FF 00 00 00 05 00 00 0C 7F 

---->>>  [IN ]
2020/08/24 03:14:04:716
Linktest.rsp
00 00 00 0A FF FF 00 00 00 06 00 00 0C 7F 

<<<----  [OUT]
2020/08/24 03:14:14:728
Linktest.req
00 00 00 0A FF FF 00 00 00 05 00 00 0C 80 

---->>>  [IN ]
2020/08/24 03:14:14:729
Linktest.rsp
00 00 00 0A FF FF 00 00 00 06 00 00 0C 80 

<<<----  [OUT]
2020/08/24 03:14:24:739
Linktest.req
00 00 00 0A FF FF 00 00 00 05 00 00 0C 81 

---->>>  [IN ]
2020/08/24 03:14:24:740
Linktest.rsp
00 00 00 0A FF FF 00 00 00 06 00 00 0C 81 

<<<----  [OUT]
2020/08/24 03:14:34:753
Linktest.req
00 00 00 0A FF FF 00 00 00 05 00 00 0C 82 

---->>>  [IN ]
2020/08/24 03:14:34:754
Linktest.rsp
00 00 00 0A FF FF 00 00 00 06 00 00 0C 82 

<<<----  [OUT]
2020/08/24 03:14:44:764
Linktest.req
00 00 00 0A FF FF 00 00 00 05 00 00 0C 83 

---->>>  [IN ]
2020/08/24 03:14:44:765
Linktest.rsp
00 00 00 0A FF FF 00 00 00 06 00 00 0C 83 

<<<----  [OUT]
2020/08/24 03:14:54:776
Linktest.req
00 00 00 0A FF FF 00 00 00 05 00 00 0C 84 

---->>>  [IN ]
2020/08/24 03:14:54:777
Linktest.rsp
00 00 00 0A FF FF 00 00 00 06 00 00 0C 84 

---->>>  [IN ]
2020/08/24 03:15:02:201
Linktest.req
00 00 00 0A FF FF 00 00 00 05 80 00 02 40 

<<<----  [OUT]
2020/08/24 03:15:02:201
Linktest.rsp
00 00 00 0A FF FF 00 00 00 06 80 00 02 40 

<<<----  [OUT]
2020/08/24 03:15:04:795
Linktest.req
00 00 00 0A FF FF 00 00 00 05 00 00 0C 85 

---->>>  [IN ]
2020/08/24 03:15:04:796
Linktest.rsp
00 00 00 0A FF FF 00 00 00 06 00 00 0C 85 

<<<----  [OUT]
2020/08/24 03:15:14:815
Linktest.req
00 00 00 0A FF FF 00 00 00 05 00 00 0C 86 

---->>>  [IN ]
2020/08/24 03:15:14:816
Linktest.rsp
00 00 00 0A FF FF 00 00 00 06 00 00 0C 86 

<<<----  [OUT]
2020/08/24 03:15:24:826
Linktest.req
00 00 00 0A FF FF 00 00 00 05 00 00 0C 87 

---->>>  [IN ]
2020/08/24 03:15:24:827
Linktest.rsp
00 00 00 0A FF FF 00 00 00 06 00 00 0C 87 

<<<----  [OUT]
2020/08/24 03:15:34:844
Linktest.req
00 00 00 0A FF FF 00 00 00 05 00 00 0C 88 

---->>>  [IN ]
2020/08/24 03:15:34:845
Linktest.rsp
00 00 00 0A FF FF 00 00 00 06 00 00 0C 88 

<<<----  [OUT]
2020/08/24 03:15:44:859
Linktest.req
00 00 00 0A FF FF 00 00 00 05 00 00 0C 89 

---->>>  [IN ]
2020/08/24 03:15:44:860
Linktest.rsp
00 00 00 0A FF FF 00 00 00 06 00 00 0C 89 

<<<----  [OUT]
2020/08/24 03:15:54:876
Linktest.req
00 00 00 0A FF FF 00 00 00 05 00 00 0C 8A 

---->>>  [IN ]
2020/08/24 03:15:54:877
Linktest.rsp
00 00 00 0A FF FF 00 00 00 06 00 00 0C 8A 

---->>>  [IN ]
2020/08/24 03:16:02:203
Linktest.req
00 00 00 0A FF FF 00 00 00 05 80 00 02 41 

<<<----  [OUT]
2020/08/24 03:16:02:203
Linktest.rsp
00 00 00 0A FF FF 00 00 00 06 80 00 02 41 

<<<----  [OUT]
2020/08/24 03:16:04:885
Linktest.req
00 00 00 0A FF FF 00 00 00 05 00 00 0C 8B 

---->>>  [IN ]
2020/08/24 03:16:04:886
Linktest.rsp
00 00 00 0A FF FF 00 00 00 06 00 00 0C 8B 

<<<----  [OUT]
2020/08/24 03:16:14:900
Linktest.req
00 00 00 0A FF FF 00 00 00 05 00 00 0C 8C 

---->>>  [IN ]
2020/08/24 03:16:14:901
Linktest.rsp
00 00 00 0A FF FF 00 00 00 06 00 00 0C 8C 

<<<----  [OUT]
2020/08/24 03:16:24:919
Linktest.req
00 00 00 0A FF FF 00 00 00 05 00 00 0C 8D 

---->>>  [IN ]
2020/08/24 03:16:24:920
Linktest.rsp
00 00 00 0A FF FF 00 00 00 06 00 00 0C 8D 

<<<----  [OUT]
2020/08/24 03:16:34:938
Linktest.req
00 00 00 0A FF FF 00 00 00 05 00 00 0C 8E 

---->>>  [IN ]
2020/08/24 03:16:34:939
Linktest.rsp
00 00 00 0A FF FF 00 00 00 06 00 00 0C 8E 

<<<----  [OUT]
2020/08/24 03:16:44:952
Linktest.req
00 00 00 0A FF FF 00 00 00 05 00 00 0C 8F 

---->>>  [IN ]
2020/08/24 03:16:44:953
Linktest.rsp
00 00 00 0A FF FF 00 00 00 06 00 00 0C 8F 

<<<----  [OUT]
2020/08/24 03:16:54:969
Linktest.req
00 00 00 0A FF FF 00 00 00 05 00 00 0C 90 

---->>>  [IN ]
2020/08/24 03:16:54:970
Linktest.rsp
00 00 00 0A FF FF 00 00 00 06 00 00 0C 90 

---->>>  [IN ]
2020/08/24 03:17:02:217
Linktest.req
00 00 00 0A FF FF 00 00 00 05 80 00 02 42 

<<<----  [OUT]
2020/08/24 03:17:02:217
Linktest.rsp
00 00 00 0A FF FF 00 00 00 06 80 00 02 42 

<<<----  [OUT]
2020/08/24 03:17:04:986
Linktest.req
00 00 00 0A FF FF 00 00 00 05 00 00 0C 91 

---->>>  [IN ]
2020/08/24 03:17:04:987
Linktest.rsp
00 00 00 0A FF FF 00 00 00 06 00 00 0C 91 

<<<----  [OUT]
2020/08/24 03:17:15:000
Linktest.req
00 00 00 0A FF FF 00 00 00 05 00 00 0C 92 

---->>>  [IN ]
2020/08/24 03:17:15:001
Linktest.rsp
00 00 00 0A FF FF 00 00 00 06 00 00 0C 92 

<<<----  [OUT]
2020/08/24 03:17:25:018
Linktest.req
00 00 00 0A FF FF 00 00 00 05 00 00 0C 93 

---->>>  [IN ]
2020/08/24 03:17:25:019
Linktest.rsp
00 00 00 0A FF FF 00 00 00 06 00 00 0C 93 

<<<----  [OUT]
2020/08/24 03:17:35:033
Linktest.req
00 00 00 0A FF FF 00 00 00 05 00 00 0C 94 

---->>>  [IN ]
2020/08/24 03:17:35:034
Linktest.rsp
00 00 00 0A FF FF 00 00 00 06 00 00 0C 94 

<<<----  [OUT]
2020/08/24 03:17:45:049
Linktest.req
00 00 00 0A FF FF 00 00 00 05 00 00 0C 95 

---->>>  [IN ]
2020/08/24 03:17:45:050
Linktest.rsp
00 00 00 0A FF FF 00 00 00 06 00 00 0C 95 

<<<----  [OUT]
2020/08/24 03:17:55:063
Linktest.req
00 00 00 0A FF FF 00 00 00 05 00 00 0C 96 

---->>>  [IN ]
2020/08/24 03:17:55:064
Linktest.rsp
00 00 00 0A FF FF 00 00 00 06 00 00 0C 96 

---->>>  [IN ]
2020/08/24 03:18:02:218
Linktest.req
00 00 00 0A FF FF 00 00 00 05 80 00 02 43 

<<<----  [OUT]
2020/08/24 03:18:02:218
Linktest.rsp
00 00 00 0A FF FF 00 00 00 06 80 00 02 43 

<<<----  [OUT]
2020/08/24 03:18:05:081
Linktest.req
00 00 00 0A FF FF 00 00 00 05 00 00 0C 97 

---->>>  [IN ]
2020/08/24 03:18:05:082
Linktest.rsp
00 00 00 0A FF FF 00 00 00 06 00 00 0C 97 

<<<----  [OUT]
2020/08/24 03:18:15:100
Linktest.req
00 00 00 0A FF FF 00 00 00 05 00 00 0C 98 

---->>>  [IN ]
2020/08/24 03:18:15:101
Linktest.rsp
00 00 00 0A FF FF 00 00 00 06 00 00 0C 98 

<<<----  [OUT]
2020/08/24 03:18:25:118
Linktest.req
00 00 00 0A FF FF 00 00 00 05 00 00 0C 99 

---->>>  [IN ]
2020/08/24 03:18:25:119
Linktest.rsp
00 00 00 0A FF FF 00 00 00 06 00 00 0C 99 

<<<----  [OUT]
2020/08/24 03:18:35:135
Linktest.req
00 00 00 0A FF FF 00 00 00 05 00 00 0C 9A 

---->>>  [IN ]
2020/08/24 03:18:35:136
Linktest.rsp
00 00 00 0A FF FF 00 00 00 06 00 00 0C 9A 

<<<----  [OUT]
2020/08/24 03:18:45:148
Linktest.req
00 00 00 0A FF FF 00 00 00 05 00 00 0C 9B 

---->>>  [IN ]
2020/08/24 03:18:45:149
Linktest.rsp
00 00 00 0A FF FF 00 00 00 06 00 00 0C 9B 

<<<----  [OUT]
2020/08/24 03:18:55:164
Linktest.req
00 00 00 0A FF FF 00 00 00 05 00 00 0C 9C 

---->>>  [IN ]
2020/08/24 03:18:55:165
Linktest.rsp
00 00 00 0A FF FF 00 00 00 06 00 00 0C 9C 

---->>>  [IN ]
2020/08/24 03:19:02:225
Linktest.req
00 00 00 0A FF FF 00 00 00 05 80 00 02 44 

<<<----  [OUT]
2020/08/24 03:19:02:225
Linktest.rsp
00 00 00 0A FF FF 00 00 00 06 80 00 02 44 

<<<----  [OUT]
2020/08/24 03:19:05:183
Linktest.req
00 00 00 0A FF FF 00 00 00 05 00 00 0C 9D 

---->>>  [IN ]
2020/08/24 03:19:05:184
Linktest.rsp
00 00 00 0A FF FF 00 00 00 06 00 00 0C 9D 

<<<----  [OUT]
2020/08/24 03:19:15:193
Linktest.req
00 00 00 0A FF FF 00 00 00 05 00 00 0C 9E 

---->>>  [IN ]
2020/08/24 03:19:15:194
Linktest.rsp
00 00 00 0A FF FF 00 00 00 06 00 00 0C 9E 

<<<----  [OUT]
2020/08/24 03:19:25:208
Linktest.req
00 00 00 0A FF FF 00 00 00 05 00 00 0C 9F 

---->>>  [IN ]
2020/08/24 03:19:25:208
Linktest.rsp
00 00 00 0A FF FF 00 00 00 06 00 00 0C 9F 

<<<----  [OUT]
2020/08/24 03:19:35:226
Linktest.req
00 00 00 0A FF FF 00 00 00 05 00 00 0C A0 

---->>>  [IN ]
2020/08/24 03:19:35:227
Linktest.rsp
00 00 00 0A FF FF 00 00 00 06 00 00 0C A0 

<<<----  [OUT]
2020/08/24 03:19:45:237
Linktest.req
00 00 00 0A FF FF 00 00 00 05 00 00 0C A1 

---->>>  [IN ]
2020/08/24 03:19:45:238
Linktest.rsp
00 00 00 0A FF FF 00 00 00 06 00 00 0C A1 

<<<----  [OUT]
2020/08/24 03:19:55:249
Linktest.req
00 00 00 0A FF FF 00 00 00 05 00 00 0C A2 

---->>>  [IN ]
2020/08/24 03:19:55:250
Linktest.rsp
00 00 00 0A FF FF 00 00 00 06 00 00 0C A2 

---->>>  [IN ]
2020/08/24 03:20:02:223
Linktest.req
00 00 00 0A FF FF 00 00 00 05 80 00 02 45 

<<<----  [OUT]
2020/08/24 03:20:02:223
Linktest.rsp
00 00 00 0A FF FF 00 00 00 06 80 00 02 45 

<<<----  [OUT]
2020/08/24 03:20:05:262
Linktest.req
00 00 00 0A FF FF 00 00 00 05 00 00 0C A3 

---->>>  [IN ]
2020/08/24 03:20:05:263
Linktest.rsp
00 00 00 0A FF FF 00 00 00 06 00 00 0C A3 

<<<----  [OUT]
2020/08/24 03:20:15:273
Linktest.req
00 00 00 0A FF FF 00 00 00 05 00 00 0C A4 

---->>>  [IN ]
2020/08/24 03:20:15:274
Linktest.rsp
00 00 00 0A FF FF 00 00 00 06 00 00 0C A4 

<<<----  [OUT]
2020/08/24 03:20:25:282
Linktest.req
00 00 00 0A FF FF 00 00 00 05 00 00 0C A5 

---->>>  [IN ]
2020/08/24 03:20:25:283
Linktest.rsp
00 00 00 0A FF FF 00 00 00 06 00 00 0C A5 

<<<----  [OUT]
2020/08/24 03:20:35:295
Linktest.req
00 00 00 0A FF FF 00 00 00 05 00 00 0C A6 

---->>>  [IN ]
2020/08/24 03:20:35:296
Linktest.rsp
00 00 00 0A FF FF 00 00 00 06 00 00 0C A6 

<<<----  [OUT]
2020/08/24 03:20:45:309
Linktest.req
00 00 00 0A FF FF 00 00 00 05 00 00 0C A7 

---->>>  [IN ]
2020/08/24 03:20:45:310
Linktest.rsp
00 00 00 0A FF FF 00 00 00 06 00 00 0C A7 

<<<----  [OUT]
2020/08/24 03:20:55:328
Linktest.req
00 00 00 0A FF FF 00 00 00 05 00 00 0C A8 

---->>>  [IN ]
2020/08/24 03:20:55:329
Linktest.rsp
00 00 00 0A FF FF 00 00 00 06 00 00 0C A8 

---->>>  [IN ]
2020/08/24 03:21:02:227
Linktest.req
00 00 00 0A FF FF 00 00 00 05 80 00 02 46 

<<<----  [OUT]
2020/08/24 03:21:02:227
Linktest.rsp
00 00 00 0A FF FF 00 00 00 06 80 00 02 46 

<<<----  [OUT]
2020/08/24 03:21:05:340
Linktest.req
00 00 00 0A FF FF 00 00 00 05 00 00 0C A9 

---->>>  [IN ]
2020/08/24 03:21:05:341
Linktest.rsp
00 00 00 0A FF FF 00 00 00 06 00 00 0C A9 

<<<----  [OUT]
2020/08/24 03:21:15:356
Linktest.req
00 00 00 0A FF FF 00 00 00 05 00 00 0C AA 

---->>>  [IN ]
2020/08/24 03:21:15:357
Linktest.rsp
00 00 00 0A FF FF 00 00 00 06 00 00 0C AA 

<<<----  [OUT]
2020/08/24 03:21:25:369
Linktest.req
00 00 00 0A FF FF 00 00 00 05 00 00 0C AB 

---->>>  [IN ]
2020/08/24 03:21:25:370
Linktest.rsp
00 00 00 0A FF FF 00 00 00 06 00 00 0C AB 

<<<----  [OUT]
2020/08/24 03:21:35:384
Linktest.req
00 00 00 0A FF FF 00 00 00 05 00 00 0C AC 

---->>>  [IN ]
2020/08/24 03:21:35:385
Linktest.rsp
00 00 00 0A FF FF 00 00 00 06 00 00 0C AC 

<<<----  [OUT]
2020/08/24 03:21:45:404
Linktest.req
00 00 00 0A FF FF 00 00 00 05 00 00 0C AD 

---->>>  [IN ]
2020/08/24 03:21:45:405
Linktest.rsp
00 00 00 0A FF FF 00 00 00 06 00 00 0C AD 

<<<----  [OUT]
2020/08/24 03:21:55:418
Linktest.req
00 00 00 0A FF FF 00 00 00 05 00 00 0C AE 

---->>>  [IN ]
2020/08/24 03:21:55:419
Linktest.rsp
00 00 00 0A FF FF 00 00 00 06 00 00 0C AE 

---->>>  [IN ]
2020/08/24 03:22:02:227
Linktest.req
00 00 00 0A FF FF 00 00 00 05 80 00 02 47 

<<<----  [OUT]
2020/08/24 03:22:02:227
Linktest.rsp
00 00 00 0A FF FF 00 00 00 06 80 00 02 47 

<<<----  [OUT]
2020/08/24 03:22:05:432
Linktest.req
00 00 00 0A FF FF 00 00 00 05 00 00 0C AF 

---->>>  [IN ]
2020/08/24 03:22:05:433
Linktest.rsp
00 00 00 0A FF FF 00 00 00 06 00 00 0C AF 

<<<----  [OUT]
2020/08/24 03:22:15:446
Linktest.req
00 00 00 0A FF FF 00 00 00 05 00 00 0C B0 

---->>>  [IN ]
2020/08/24 03:22:15:447
Linktest.rsp
00 00 00 0A FF FF 00 00 00 06 00 00 0C B0 

<<<----  [OUT]
2020/08/24 03:22:25:461
Linktest.req
00 00 00 0A FF FF 00 00 00 05 00 00 0C B1 

---->>>  [IN ]
2020/08/24 03:22:25:462
Linktest.rsp
00 00 00 0A FF FF 00 00 00 06 00 00 0C B1 

<<<----  [OUT]
2020/08/24 03:22:35:474
Linktest.req
00 00 00 0A FF FF 00 00 00 05 00 00 0C B2 

---->>>  [IN ]
2020/08/24 03:22:35:475
Linktest.rsp
00 00 00 0A FF FF 00 00 00 06 00 00 0C B2 

<<<----  [OUT]
2020/08/24 03:22:45:484
Linktest.req
00 00 00 0A FF FF 00 00 00 05 00 00 0C B3 

---->>>  [IN ]
2020/08/24 03:22:45:485
Linktest.rsp
00 00 00 0A FF FF 00 00 00 06 00 00 0C B3 

<<<----  [OUT]
2020/08/24 03:22:55:501
Linktest.req
00 00 00 0A FF FF 00 00 00 05 00 00 0C B4 

---->>>  [IN ]
2020/08/24 03:22:55:502
Linktest.rsp
00 00 00 0A FF FF 00 00 00 06 00 00 0C B4 

---->>>  [IN ]
2020/08/24 03:23:02:231
Linktest.req
00 00 00 0A FF FF 00 00 00 05 80 00 02 48 

<<<----  [OUT]
2020/08/24 03:23:02:231
Linktest.rsp
00 00 00 0A FF FF 00 00 00 06 80 00 02 48 

<<<----  [OUT]
2020/08/24 03:23:05:518
Linktest.req
00 00 00 0A FF FF 00 00 00 05 00 00 0C B5 

---->>>  [IN ]
2020/08/24 03:23:05:519
Linktest.rsp
00 00 00 0A FF FF 00 00 00 06 00 00 0C B5 

<<<----  [OUT]
2020/08/24 03:23:15:538
Linktest.req
00 00 00 0A FF FF 00 00 00 05 00 00 0C B6 

---->>>  [IN ]
2020/08/24 03:23:15:539
Linktest.rsp
00 00 00 0A FF FF 00 00 00 06 00 00 0C B6 

<<<----  [OUT]
2020/08/24 03:23:25:555
Linktest.req
00 00 00 0A FF FF 00 00 00 05 00 00 0C B7 

---->>>  [IN ]
2020/08/24 03:23:25:556
Linktest.rsp
00 00 00 0A FF FF 00 00 00 06 00 00 0C B7 

<<<----  [OUT]
2020/08/24 03:23:35:570
Linktest.req
00 00 00 0A FF FF 00 00 00 05 00 00 0C B8 

---->>>  [IN ]
2020/08/24 03:23:35:571
Linktest.rsp
00 00 00 0A FF FF 00 00 00 06 00 00 0C B8 

<<<----  [OUT]
2020/08/24 03:23:45:582
Linktest.req
00 00 00 0A FF FF 00 00 00 05 00 00 0C B9 

---->>>  [IN ]
2020/08/24 03:23:45:583
Linktest.rsp
00 00 00 0A FF FF 00 00 00 06 00 00 0C B9 

<<<----  [OUT]
2020/08/24 03:23:55:600
Linktest.req
00 00 00 0A FF FF 00 00 00 05 00 00 0C BA 

---->>>  [IN ]
2020/08/24 03:23:55:601
Linktest.rsp
00 00 00 0A FF FF 00 00 00 06 00 00 0C BA 

---->>>  [IN ]
2020/08/24 03:24:02:226
Linktest.req
00 00 00 0A FF FF 00 00 00 05 80 00 02 49 

<<<----  [OUT]
2020/08/24 03:24:02:226
Linktest.rsp
00 00 00 0A FF FF 00 00 00 06 80 00 02 49 

<<<----  [OUT]
2020/08/24 03:24:05:615
Linktest.req
00 00 00 0A FF FF 00 00 00 05 00 00 0C BB 

---->>>  [IN ]
2020/08/24 03:24:05:616
Linktest.rsp
00 00 00 0A FF FF 00 00 00 06 00 00 0C BB 

<<<----  [OUT]
2020/08/24 03:24:15:628
Linktest.req
00 00 00 0A FF FF 00 00 00 05 00 00 0C BC 

---->>>  [IN ]
2020/08/24 03:24:15:629
Linktest.rsp
00 00 00 0A FF FF 00 00 00 06 00 00 0C BC 

<<<----  [OUT]
2020/08/24 03:24:25:645
Linktest.req
00 00 00 0A FF FF 00 00 00 05 00 00 0C BD 

---->>>  [IN ]
2020/08/24 03:24:25:646
Linktest.rsp
00 00 00 0A FF FF 00 00 00 06 00 00 0C BD 

<<<----  [OUT]
2020/08/24 03:24:35:662
Linktest.req
00 00 00 0A FF FF 00 00 00 05 00 00 0C BE 

---->>>  [IN ]
2020/08/24 03:24:35:663
Linktest.rsp
00 00 00 0A FF FF 00 00 00 06 00 00 0C BE 

<<<----  [OUT]
2020/08/24 03:24:45:674
Linktest.req
00 00 00 0A FF FF 00 00 00 05 00 00 0C BF 

---->>>  [IN ]
2020/08/24 03:24:45:675
Linktest.rsp
00 00 00 0A FF FF 00 00 00 06 00 00 0C BF 

<<<----  [OUT]
2020/08/24 03:24:55:691
Linktest.req
00 00 00 0A FF FF 00 00 00 05 00 00 0C C0 

---->>>  [IN ]
2020/08/24 03:24:55:692
Linktest.rsp
00 00 00 0A FF FF 00 00 00 06 00 00 0C C0 

---->>>  [IN ]
2020/08/24 03:25:02:235
Linktest.req
00 00 00 0A FF FF 00 00 00 05 80 00 02 4A 

<<<----  [OUT]
2020/08/24 03:25:02:235
Linktest.rsp
00 00 00 0A FF FF 00 00 00 06 80 00 02 4A 

<<<----  [OUT]
2020/08/24 03:25:05:707
Linktest.req
00 00 00 0A FF FF 00 00 00 05 00 00 0C C1 

---->>>  [IN ]
2020/08/24 03:25:05:708
Linktest.rsp
00 00 00 0A FF FF 00 00 00 06 00 00 0C C1 

<<<----  [OUT]
2020/08/24 03:25:15:720
Linktest.req
00 00 00 0A FF FF 00 00 00 05 00 00 0C C2 

---->>>  [IN ]
2020/08/24 03:25:15:721
Linktest.rsp
00 00 00 0A FF FF 00 00 00 06 00 00 0C C2 

<<<----  [OUT]
2020/08/24 03:25:25:729
Linktest.req
00 00 00 0A FF FF 00 00 00 05 00 00 0C C3 

---->>>  [IN ]
2020/08/24 03:25:25:730
Linktest.rsp
00 00 00 0A FF FF 00 00 00 06 00 00 0C C3 

<<<----  [OUT]
2020/08/24 03:25:35:737
Linktest.req
00 00 00 0A FF FF 00 00 00 05 00 00 0C C4 

---->>>  [IN ]
2020/08/24 03:25:35:738
Linktest.rsp
00 00 00 0A FF FF 00 00 00 06 00 00 0C C4 

<<<----  [OUT]
2020/08/24 03:25:45:752
Linktest.req
00 00 00 0A FF FF 00 00 00 05 00 00 0C C5 

---->>>  [IN ]
2020/08/24 03:25:45:753
Linktest.rsp
00 00 00 0A FF FF 00 00 00 06 00 00 0C C5 

<<<----  [OUT]
2020/08/24 03:25:55:764
Linktest.req
00 00 00 0A FF FF 00 00 00 05 00 00 0C C6 

---->>>  [IN ]
2020/08/24 03:25:55:765
Linktest.rsp
00 00 00 0A FF FF 00 00 00 06 00 00 0C C6 

---->>>  [IN ]
2020/08/24 03:26:02:242
Linktest.req
00 00 00 0A FF FF 00 00 00 05 80 00 02 4B 

<<<----  [OUT]
2020/08/24 03:26:02:242
Linktest.rsp
00 00 00 0A FF FF 00 00 00 06 80 00 02 4B 

<<<----  [OUT]
2020/08/24 03:26:05:775
Linktest.req
00 00 00 0A FF FF 00 00 00 05 00 00 0C C7 

---->>>  [IN ]
2020/08/24 03:26:05:776
Linktest.rsp
00 00 00 0A FF FF 00 00 00 06 00 00 0C C7 

<<<----  [OUT]
2020/08/24 03:26:15:790
Linktest.req
00 00 00 0A FF FF 00 00 00 05 00 00 0C C8 

---->>>  [IN ]
2020/08/24 03:26:15:791
Linktest.rsp
00 00 00 0A FF FF 00 00 00 06 00 00 0C C8 

<<<----  [OUT]
2020/08/24 03:26:25:802
Linktest.req
00 00 00 0A FF FF 00 00 00 05 00 00 0C C9 

---->>>  [IN ]
2020/08/24 03:26:25:803
Linktest.rsp
00 00 00 0A FF FF 00 00 00 06 00 00 0C C9 

<<<----  [OUT]
2020/08/24 03:26:35:815
Linktest.req
00 00 00 0A FF FF 00 00 00 05 00 00 0C CA 

---->>>  [IN ]
2020/08/24 03:26:35:816
Linktest.rsp
00 00 00 0A FF FF 00 00 00 06 00 00 0C CA 

<<<----  [OUT]
2020/08/24 03:26:45:827
Linktest.req
00 00 00 0A FF FF 00 00 00 05 00 00 0C CB 

---->>>  [IN ]
2020/08/24 03:26:45:828
Linktest.rsp
00 00 00 0A FF FF 00 00 00 06 00 00 0C CB 

<<<----  [OUT]
2020/08/24 03:26:55:840
Linktest.req
00 00 00 0A FF FF 00 00 00 05 00 00 0C CC 

---->>>  [IN ]
2020/08/24 03:26:55:841
Linktest.rsp
00 00 00 0A FF FF 00 00 00 06 00 00 0C CC 

---->>>  [IN ]
2020/08/24 03:27:02:241
Linktest.req
00 00 00 0A FF FF 00 00 00 05 80 00 02 4C 

<<<----  [OUT]
2020/08/24 03:27:02:241
Linktest.rsp
00 00 00 0A FF FF 00 00 00 06 80 00 02 4C 

<<<----  [OUT]
2020/08/24 03:27:05:850
Linktest.req
00 00 00 0A FF FF 00 00 00 05 00 00 0C CD 

---->>>  [IN ]
2020/08/24 03:27:05:851
Linktest.rsp
00 00 00 0A FF FF 00 00 00 06 00 00 0C CD 

<<<----  [OUT]
2020/08/24 03:27:15:864
Linktest.req
00 00 00 0A FF FF 00 00 00 05 00 00 0C CE 

---->>>  [IN ]
2020/08/24 03:27:15:865
Linktest.rsp
00 00 00 0A FF FF 00 00 00 06 00 00 0C CE 

<<<----  [OUT]
2020/08/24 03:27:25:875
Linktest.req
00 00 00 0A FF FF 00 00 00 05 00 00 0C CF 

---->>>  [IN ]
2020/08/24 03:27:25:876
Linktest.rsp
00 00 00 0A FF FF 00 00 00 06 00 00 0C CF 

<<<----  [OUT]
2020/08/24 03:27:35:889
Linktest.req
00 00 00 0A FF FF 00 00 00 05 00 00 0C D0 

---->>>  [IN ]
2020/08/24 03:27:35:890
Linktest.rsp
00 00 00 0A FF FF 00 00 00 06 00 00 0C D0 

<<<----  [OUT]
2020/08/24 03:27:45:902
Linktest.req
00 00 00 0A FF FF 00 00 00 05 00 00 0C D1 

---->>>  [IN ]
2020/08/24 03:27:45:903
Linktest.rsp
00 00 00 0A FF FF 00 00 00 06 00 00 0C D1 

<<<----  [OUT]
2020/08/24 03:27:55:910
Linktest.req
00 00 00 0A FF FF 00 00 00 05 00 00 0C D2 

---->>>  [IN ]
2020/08/24 03:27:55:911
Linktest.rsp
00 00 00 0A FF FF 00 00 00 06 00 00 0C D2 

---->>>  [IN ]
2020/08/24 03:28:02:235
Linktest.req
00 00 00 0A FF FF 00 00 00 05 80 00 02 4D 

<<<----  [OUT]
2020/08/24 03:28:02:235
Linktest.rsp
00 00 00 0A FF FF 00 00 00 06 80 00 02 4D 

<<<----  [OUT]
2020/08/24 03:28:05:898
Linktest.req
00 00 00 0A FF FF 00 00 00 05 00 00 0C D3 

---->>>  [IN ]
2020/08/24 03:28:05:899
Linktest.rsp
00 00 00 0A FF FF 00 00 00 06 00 00 0C D3 

<<<----  [OUT]
2020/08/24 03:28:15:915
Linktest.req
00 00 00 0A FF FF 00 00 00 05 00 00 0C D4 

---->>>  [IN ]
2020/08/24 03:28:15:916
Linktest.rsp
00 00 00 0A FF FF 00 00 00 06 00 00 0C D4 

<<<----  [OUT]
2020/08/24 03:28:25:928
Linktest.req
00 00 00 0A FF FF 00 00 00 05 00 00 0C D5 

---->>>  [IN ]
2020/08/24 03:28:25:929
Linktest.rsp
00 00 00 0A FF FF 00 00 00 06 00 00 0C D5 

<<<----  [OUT]
2020/08/24 03:28:35:939
Linktest.req
00 00 00 0A FF FF 00 00 00 05 00 00 0C D6 

---->>>  [IN ]
2020/08/24 03:28:35:940
Linktest.rsp
00 00 00 0A FF FF 00 00 00 06 00 00 0C D6 

<<<----  [OUT]
2020/08/24 03:28:45:954
Linktest.req
00 00 00 0A FF FF 00 00 00 05 00 00 0C D7 

---->>>  [IN ]
2020/08/24 03:28:45:955
Linktest.rsp
00 00 00 0A FF FF 00 00 00 06 00 00 0C D7 

<<<----  [OUT]
2020/08/24 03:28:55:968
Linktest.req
00 00 00 0A FF FF 00 00 00 05 00 00 0C D8 

---->>>  [IN ]
2020/08/24 03:28:55:969
Linktest.rsp
00 00 00 0A FF FF 00 00 00 06 00 00 0C D8 

---->>>  [IN ]
2020/08/24 03:29:02:248
Linktest.req
00 00 00 0A FF FF 00 00 00 05 80 00 02 4E 

<<<----  [OUT]
2020/08/24 03:29:02:249
Linktest.rsp
00 00 00 0A FF FF 00 00 00 06 80 00 02 4E 

<<<----  [OUT]
2020/08/24 03:29:05:982
Linktest.req
00 00 00 0A FF FF 00 00 00 05 00 00 0C D9 

---->>>  [IN ]
2020/08/24 03:29:05:983
Linktest.rsp
00 00 00 0A FF FF 00 00 00 06 00 00 0C D9 

<<<----  [OUT]
2020/08/24 03:29:15:994
Linktest.req
00 00 00 0A FF FF 00 00 00 05 00 00 0C DA 

---->>>  [IN ]
2020/08/24 03:29:15:995
Linktest.rsp
00 00 00 0A FF FF 00 00 00 06 00 00 0C DA 

<<<----  [OUT]
2020/08/24 03:29:26:011
Linktest.req
00 00 00 0A FF FF 00 00 00 05 00 00 0C DB 

---->>>  [IN ]
2020/08/24 03:29:26:012
Linktest.rsp
00 00 00 0A FF FF 00 00 00 06 00 00 0C DB 

<<<----  [OUT]
2020/08/24 03:29:36:026
Linktest.req
00 00 00 0A FF FF 00 00 00 05 00 00 0C DC 

---->>>  [IN ]
2020/08/24 03:29:36:027
Linktest.rsp
00 00 00 0A FF FF 00 00 00 06 00 00 0C DC 

<<<----  [OUT]
2020/08/24 03:29:46:039
Linktest.req
00 00 00 0A FF FF 00 00 00 05 00 00 0C DD 

---->>>  [IN ]
2020/08/24 03:29:46:040
Linktest.rsp
00 00 00 0A FF FF 00 00 00 06 00 00 0C DD 

<<<----  [OUT]
2020/08/24 03:29:56:057
Linktest.req
00 00 00 0A FF FF 00 00 00 05 00 00 0C DE 

---->>>  [IN ]
2020/08/24 03:29:56:058
Linktest.rsp
00 00 00 0A FF FF 00 00 00 06 00 00 0C DE 

---->>>  [IN ]
2020/08/24 03:30:02:259
Linktest.req
00 00 00 0A FF FF 00 00 00 05 80 00 02 4F 

<<<----  [OUT]
2020/08/24 03:30:02:260
Linktest.rsp
00 00 00 0A FF FF 00 00 00 06 80 00 02 4F 

<<<----  [OUT]
2020/08/24 03:30:06:076
Linktest.req
00 00 00 0A FF FF 00 00 00 05 00 00 0C DF 

---->>>  [IN ]
2020/08/24 03:30:06:077
Linktest.rsp
00 00 00 0A FF FF 00 00 00 06 00 00 0C DF 

<<<----  [OUT]
2020/08/24 03:30:16:090
Linktest.req
00 00 00 0A FF FF 00 00 00 05 00 00 0C E0 

---->>>  [IN ]
2020/08/24 03:30:16:091
Linktest.rsp
00 00 00 0A FF FF 00 00 00 06 00 00 0C E0 

<<<----  [OUT]
2020/08/24 03:30:26:106
Linktest.req
00 00 00 0A FF FF 00 00 00 05 00 00 0C E1 

---->>>  [IN ]
2020/08/24 03:30:26:107
Linktest.rsp
00 00 00 0A FF FF 00 00 00 06 00 00 0C E1 

<<<----  [OUT]
2020/08/24 03:30:36:122
Linktest.req
00 00 00 0A FF FF 00 00 00 05 00 00 0C E2 

---->>>  [IN ]
2020/08/24 03:30:36:123
Linktest.rsp
00 00 00 0A FF FF 00 00 00 06 00 00 0C E2 

<<<----  [OUT]
2020/08/24 03:30:46:135
Linktest.req
00 00 00 0A FF FF 00 00 00 05 00 00 0C E3 

---->>>  [IN ]
2020/08/24 03:30:46:136
Linktest.rsp
00 00 00 0A FF FF 00 00 00 06 00 00 0C E3 

<<<----  [OUT]
2020/08/24 03:30:56:152
Linktest.req
00 00 00 0A FF FF 00 00 00 05 00 00 0C E4 

---->>>  [IN ]
2020/08/24 03:30:56:153
Linktest.rsp
00 00 00 0A FF FF 00 00 00 06 00 00 0C E4 

---->>>  [IN ]
2020/08/24 03:31:02:252
Linktest.req
00 00 00 0A FF FF 00 00 00 05 80 00 02 50 

<<<----  [OUT]
2020/08/24 03:31:02:252
Linktest.rsp
00 00 00 0A FF FF 00 00 00 06 80 00 02 50 

<<<----  [OUT]
2020/08/24 03:31:06:166
Linktest.req
00 00 00 0A FF FF 00 00 00 05 00 00 0C E5 

---->>>  [IN ]
2020/08/24 03:31:06:167
Linktest.rsp
00 00 00 0A FF FF 00 00 00 06 00 00 0C E5 

<<<----  [OUT]
2020/08/24 03:31:16:183
Linktest.req
00 00 00 0A FF FF 00 00 00 05 00 00 0C E6 

---->>>  [IN ]
2020/08/24 03:31:16:184
Linktest.rsp
00 00 00 0A FF FF 00 00 00 06 00 00 0C E6 

<<<----  [OUT]
2020/08/24 03:31:26:198
Linktest.req
00 00 00 0A FF FF 00 00 00 05 00 00 0C E7 

---->>>  [IN ]
2020/08/24 03:31:26:199
Linktest.rsp
00 00 00 0A FF FF 00 00 00 06 00 00 0C E7 

<<<----  [OUT]
2020/08/24 03:31:36:216
Linktest.req
00 00 00 0A FF FF 00 00 00 05 00 00 0C E8 

---->>>  [IN ]
2020/08/24 03:31:36:217
Linktest.rsp
00 00 00 0A FF FF 00 00 00 06 00 00 0C E8 

<<<----  [OUT]
2020/08/24 03:31:46:232
Linktest.req
00 00 00 0A FF FF 00 00 00 05 00 00 0C E9 

---->>>  [IN ]
2020/08/24 03:31:46:232
Linktest.rsp
00 00 00 0A FF FF 00 00 00 06 00 00 0C E9 

<<<----  [OUT]
2020/08/24 03:31:56:248
Linktest.req
00 00 00 0A FF FF 00 00 00 05 00 00 0C EA 

---->>>  [IN ]
2020/08/24 03:31:56:249
Linktest.rsp
00 00 00 0A FF FF 00 00 00 06 00 00 0C EA 

---->>>  [IN ]
2020/08/24 03:32:02:264
Linktest.req
00 00 00 0A FF FF 00 00 00 05 80 00 02 51 

<<<----  [OUT]
2020/08/24 03:32:02:264
Linktest.rsp
00 00 00 0A FF FF 00 00 00 06 80 00 02 51 

<<<----  [OUT]
2020/08/24 03:32:06:264
Linktest.req
00 00 00 0A FF FF 00 00 00 05 00 00 0C EB 

---->>>  [IN ]
2020/08/24 03:32:06:265
Linktest.rsp
00 00 00 0A FF FF 00 00 00 06 00 00 0C EB 

<<<----  [OUT]
2020/08/24 03:32:16:283
Linktest.req
00 00 00 0A FF FF 00 00 00 05 00 00 0C EC 

---->>>  [IN ]
2020/08/24 03:32:16:284
Linktest.rsp
00 00 00 0A FF FF 00 00 00 06 00 00 0C EC 

<<<----  [OUT]
2020/08/24 03:32:26:300
Linktest.req
00 00 00 0A FF FF 00 00 00 05 00 00 0C ED 

---->>>  [IN ]
2020/08/24 03:32:26:301
Linktest.rsp
00 00 00 0A FF FF 00 00 00 06 00 00 0C ED 

<<<----  [OUT]
2020/08/24 03:32:36:316
Linktest.req
00 00 00 0A FF FF 00 00 00 05 00 00 0C EE 

---->>>  [IN ]
2020/08/24 03:32:36:317
Linktest.rsp
00 00 00 0A FF FF 00 00 00 06 00 00 0C EE 

<<<----  [OUT]
2020/08/24 03:32:46:332
Linktest.req
00 00 00 0A FF FF 00 00 00 05 00 00 0C EF 

---->>>  [IN ]
2020/08/24 03:32:46:333
Linktest.rsp
00 00 00 0A FF FF 00 00 00 06 00 00 0C EF 

<<<----  [OUT]
2020/08/24 03:32:56:320
Linktest.req
00 00 00 0A FF FF 00 00 00 05 00 00 0C F0 

---->>>  [IN ]
2020/08/24 03:32:56:321
Linktest.rsp
00 00 00 0A FF FF 00 00 00 06 00 00 0C F0 

---->>>  [IN ]
2020/08/24 03:33:02:267
Linktest.req
00 00 00 0A FF FF 00 00 00 05 80 00 02 52 

<<<----  [OUT]
2020/08/24 03:33:02:267
Linktest.rsp
00 00 00 0A FF FF 00 00 00 06 80 00 02 52 

<<<----  [OUT]
2020/08/24 03:33:06:338
Linktest.req
00 00 00 0A FF FF 00 00 00 05 00 00 0C F1 

---->>>  [IN ]
2020/08/24 03:33:06:339
Linktest.rsp
00 00 00 0A FF FF 00 00 00 06 00 00 0C F1 

<<<----  [OUT]
2020/08/24 03:33:16:354
Linktest.req
00 00 00 0A FF FF 00 00 00 05 00 00 0C F2 

---->>>  [IN ]
2020/08/24 03:33:16:355
Linktest.rsp
00 00 00 0A FF FF 00 00 00 06 00 00 0C F2 

<<<----  [OUT]
2020/08/24 03:33:26:370
Linktest.req
00 00 00 0A FF FF 00 00 00 05 00 00 0C F3 

---->>>  [IN ]
2020/08/24 03:33:26:371
Linktest.rsp
00 00 00 0A FF FF 00 00 00 06 00 00 0C F3 

<<<----  [OUT]
2020/08/24 03:33:36:385
Linktest.req
00 00 00 0A FF FF 00 00 00 05 00 00 0C F4 

---->>>  [IN ]
2020/08/24 03:33:36:386
Linktest.rsp
00 00 00 0A FF FF 00 00 00 06 00 00 0C F4 

<<<----  [OUT]
2020/08/24 03:33:46:400
Linktest.req
00 00 00 0A FF FF 00 00 00 05 00 00 0C F5 

---->>>  [IN ]
2020/08/24 03:33:46:401
Linktest.rsp
00 00 00 0A FF FF 00 00 00 06 00 00 0C F5 

<<<----  [OUT]
2020/08/24 03:33:56:417
Linktest.req
00 00 00 0A FF FF 00 00 00 05 00 00 0C F6 

---->>>  [IN ]
2020/08/24 03:33:56:418
Linktest.rsp
00 00 00 0A FF FF 00 00 00 06 00 00 0C F6 

---->>>  [IN ]
2020/08/24 03:34:02:267
Linktest.req
00 00 00 0A FF FF 00 00 00 05 80 00 02 53 

<<<----  [OUT]
2020/08/24 03:34:02:267
Linktest.rsp
00 00 00 0A FF FF 00 00 00 06 80 00 02 53 

<<<----  [OUT]
2020/08/24 03:34:06:429
Linktest.req
00 00 00 0A FF FF 00 00 00 05 00 00 0C F7 

---->>>  [IN ]
2020/08/24 03:34:06:430
Linktest.rsp
00 00 00 0A FF FF 00 00 00 06 00 00 0C F7 

<<<----  [OUT]
2020/08/24 03:34:16:446
Linktest.req
00 00 00 0A FF FF 00 00 00 05 00 00 0C F8 

---->>>  [IN ]
2020/08/24 03:34:16:447
Linktest.rsp
00 00 00 0A FF FF 00 00 00 06 00 00 0C F8 

<<<----  [OUT]
2020/08/24 03:34:26:464
Linktest.req
00 00 00 0A FF FF 00 00 00 05 00 00 0C F9 

---->>>  [IN ]
2020/08/24 03:34:26:465
Linktest.rsp
00 00 00 0A FF FF 00 00 00 06 00 00 0C F9 

<<<----  [OUT]
2020/08/24 03:34:36:481
Linktest.req
00 00 00 0A FF FF 00 00 00 05 00 00 0C FA 

---->>>  [IN ]
2020/08/24 03:34:36:482
Linktest.rsp
00 00 00 0A FF FF 00 00 00 06 00 00 0C FA 

<<<----  [OUT]
2020/08/24 03:34:46:496
Linktest.req
00 00 00 0A FF FF 00 00 00 05 00 00 0C FB 

---->>>  [IN ]
2020/08/24 03:34:46:497
Linktest.rsp
00 00 00 0A FF FF 00 00 00 06 00 00 0C FB 

<<<----  [OUT]
2020/08/24 03:34:56:508
Linktest.req
00 00 00 0A FF FF 00 00 00 05 00 00 0C FC 

---->>>  [IN ]
2020/08/24 03:34:56:509
Linktest.rsp
00 00 00 0A FF FF 00 00 00 06 00 00 0C FC 

---->>>  [IN ]
2020/08/24 03:35:02:275
Linktest.req
00 00 00 0A FF FF 00 00 00 05 80 00 02 54 

<<<----  [OUT]
2020/08/24 03:35:02:275
Linktest.rsp
00 00 00 0A FF FF 00 00 00 06 80 00 02 54 

<<<----  [OUT]
2020/08/24 03:35:06:527
Linktest.req
00 00 00 0A FF FF 00 00 00 05 00 00 0C FD 

---->>>  [IN ]
2020/08/24 03:35:06:528
Linktest.rsp
00 00 00 0A FF FF 00 00 00 06 00 00 0C FD 

<<<----  [OUT]
2020/08/24 03:35:16:543
Linktest.req
00 00 00 0A FF FF 00 00 00 05 00 00 0C FE 

---->>>  [IN ]
2020/08/24 03:35:16:544
Linktest.rsp
00 00 00 0A FF FF 00 00 00 06 00 00 0C FE 

<<<----  [OUT]
2020/08/24 03:35:26:561
Linktest.req
00 00 00 0A FF FF 00 00 00 05 00 00 0C FF 

---->>>  [IN ]
2020/08/24 03:35:26:562
Linktest.rsp
00 00 00 0A FF FF 00 00 00 06 00 00 0C FF 

<<<----  [OUT]
2020/08/24 03:35:36:580
Linktest.req
00 00 00 0A FF FF 00 00 00 05 00 00 0D 00 

---->>>  [IN ]
2020/08/24 03:35:36:581
Linktest.rsp
00 00 00 0A FF FF 00 00 00 06 00 00 0D 00 

<<<----  [OUT]
2020/08/24 03:35:46:597
Linktest.req
00 00 00 0A FF FF 00 00 00 05 00 00 0D 01 

---->>>  [IN ]
2020/08/24 03:35:46:598
Linktest.rsp
00 00 00 0A FF FF 00 00 00 06 00 00 0D 01 

<<<----  [OUT]
2020/08/24 03:35:56:616
Linktest.req
00 00 00 0A FF FF 00 00 00 05 00 00 0D 02 

---->>>  [IN ]
2020/08/24 03:35:56:617
Linktest.rsp
00 00 00 0A FF FF 00 00 00 06 00 00 0D 02 

---->>>  [IN ]
2020/08/24 03:36:02:268
Linktest.req
00 00 00 0A FF FF 00 00 00 05 80 00 02 55 

<<<----  [OUT]
2020/08/24 03:36:02:268
Linktest.rsp
00 00 00 0A FF FF 00 00 00 06 80 00 02 55 

<<<----  [OUT]
2020/08/24 03:36:06:631
Linktest.req
00 00 00 0A FF FF 00 00 00 05 00 00 0D 03 

---->>>  [IN ]
2020/08/24 03:36:06:632
Linktest.rsp
00 00 00 0A FF FF 00 00 00 06 00 00 0D 03 

<<<----  [OUT]
2020/08/24 03:36:16:649
Linktest.req
00 00 00 0A FF FF 00 00 00 05 00 00 0D 04 

---->>>  [IN ]
2020/08/24 03:36:16:650
Linktest.rsp
00 00 00 0A FF FF 00 00 00 06 00 00 0D 04 

<<<----  [OUT]
2020/08/24 03:36:26:662
Linktest.req
00 00 00 0A FF FF 00 00 00 05 00 00 0D 05 

---->>>  [IN ]
2020/08/24 03:36:26:663
Linktest.rsp
00 00 00 0A FF FF 00 00 00 06 00 00 0D 05 

<<<----  [OUT]
2020/08/24 03:36:36:675
Linktest.req
00 00 00 0A FF FF 00 00 00 05 00 00 0D 06 

---->>>  [IN ]
2020/08/24 03:36:36:676
Linktest.rsp
00 00 00 0A FF FF 00 00 00 06 00 00 0D 06 

<<<----  [OUT]
2020/08/24 03:36:46:693
Linktest.req
00 00 00 0A FF FF 00 00 00 05 00 00 0D 07 

---->>>  [IN ]
2020/08/24 03:36:46:694
Linktest.rsp
00 00 00 0A FF FF 00 00 00 06 00 00 0D 07 

<<<----  [OUT]
2020/08/24 03:36:56:708
Linktest.req
00 00 00 0A FF FF 00 00 00 05 00 00 0D 08 

---->>>  [IN ]
2020/08/24 03:36:56:709
Linktest.rsp
00 00 00 0A FF FF 00 00 00 06 00 00 0D 08 

---->>>  [IN ]
2020/08/24 03:37:02:276
Linktest.req
00 00 00 0A FF FF 00 00 00 05 80 00 02 56 

<<<----  [OUT]
2020/08/24 03:37:02:276
Linktest.rsp
00 00 00 0A FF FF 00 00 00 06 80 00 02 56 

<<<----  [OUT]
2020/08/24 03:37:06:724
Linktest.req
00 00 00 0A FF FF 00 00 00 05 00 00 0D 09 

---->>>  [IN ]
2020/08/24 03:37:06:725
Linktest.rsp
00 00 00 0A FF FF 00 00 00 06 00 00 0D 09 

<<<----  [OUT]
2020/08/24 03:37:16:737
Linktest.req
00 00 00 0A FF FF 00 00 00 05 00 00 0D 0A 

---->>>  [IN ]
2020/08/24 03:37:16:738
Linktest.rsp
00 00 00 0A FF FF 00 00 00 06 00 00 0D 0A 

<<<----  [OUT]
2020/08/24 03:37:26:754
Linktest.req
00 00 00 0A FF FF 00 00 00 05 00 00 0D 0B 

---->>>  [IN ]
2020/08/24 03:37:26:755
Linktest.rsp
00 00 00 0A FF FF 00 00 00 06 00 00 0D 0B 

<<<----  [OUT]
2020/08/24 03:37:36:769
Linktest.req
00 00 00 0A FF FF 00 00 00 05 00 00 0D 0C 

---->>>  [IN ]
2020/08/24 03:37:36:770
Linktest.rsp
00 00 00 0A FF FF 00 00 00 06 00 00 0D 0C 

<<<----  [OUT]
2020/08/24 03:37:46:786
Linktest.req
00 00 00 0A FF FF 00 00 00 05 00 00 0D 0D 

---->>>  [IN ]
2020/08/24 03:37:46:787
Linktest.rsp
00 00 00 0A FF FF 00 00 00 06 00 00 0D 0D 

<<<----  [OUT]
2020/08/24 03:37:56:801
Linktest.req
00 00 00 0A FF FF 00 00 00 05 00 00 0D 0E 

---->>>  [IN ]
2020/08/24 03:37:56:802
Linktest.rsp
00 00 00 0A FF FF 00 00 00 06 00 00 0D 0E 

---->>>  [IN ]
2020/08/24 03:38:02:265
Linktest.req
00 00 00 0A FF FF 00 00 00 05 80 00 02 57 

<<<----  [OUT]
2020/08/24 03:38:02:265
Linktest.rsp
00 00 00 0A FF FF 00 00 00 06 80 00 02 57 

<<<----  [OUT]
2020/08/24 03:38:06:815
Linktest.req
00 00 00 0A FF FF 00 00 00 05 00 00 0D 0F 

---->>>  [IN ]
2020/08/24 03:38:06:816
Linktest.rsp
00 00 00 0A FF FF 00 00 00 06 00 00 0D 0F 

<<<----  [OUT]
2020/08/24 03:38:16:831
Linktest.req
00 00 00 0A FF FF 00 00 00 05 00 00 0D 10 

---->>>  [IN ]
2020/08/24 03:38:16:832
Linktest.rsp
00 00 00 0A FF FF 00 00 00 06 00 00 0D 10 

<<<----  [OUT]
2020/08/24 03:38:26:846
Linktest.req
00 00 00 0A FF FF 00 00 00 05 00 00 0D 11 

---->>>  [IN ]
2020/08/24 03:38:26:847
Linktest.rsp
00 00 00 0A FF FF 00 00 00 06 00 00 0D 11 

<<<----  [OUT]
2020/08/24 03:38:36:863
Linktest.req
00 00 00 0A FF FF 00 00 00 05 00 00 0D 12 

---->>>  [IN ]
2020/08/24 03:38:36:864
Linktest.rsp
00 00 00 0A FF FF 00 00 00 06 00 00 0D 12 

<<<----  [OUT]
2020/08/24 03:38:46:877
Linktest.req
00 00 00 0A FF FF 00 00 00 05 00 00 0D 13 

---->>>  [IN ]
2020/08/24 03:38:46:877
Linktest.rsp
00 00 00 0A FF FF 00 00 00 06 00 00 0D 13 

<<<----  [OUT]
2020/08/24 03:38:56:889
Linktest.req
00 00 00 0A FF FF 00 00 00 05 00 00 0D 14 

---->>>  [IN ]
2020/08/24 03:38:56:890
Linktest.rsp
00 00 00 0A FF FF 00 00 00 06 00 00 0D 14 

---->>>  [IN ]
2020/08/24 03:39:02:272
Linktest.req
00 00 00 0A FF FF 00 00 00 05 80 00 02 58 

<<<----  [OUT]
2020/08/24 03:39:02:272
Linktest.rsp
00 00 00 0A FF FF 00 00 00 06 80 00 02 58 

<<<----  [OUT]
2020/08/24 03:39:06:906
Linktest.req
00 00 00 0A FF FF 00 00 00 05 00 00 0D 15 

---->>>  [IN ]
2020/08/24 03:39:06:907
Linktest.rsp
00 00 00 0A FF FF 00 00 00 06 00 00 0D 15 

<<<----  [OUT]
2020/08/24 03:39:16:913
Linktest.req
00 00 00 0A FF FF 00 00 00 05 00 00 0D 16 

---->>>  [IN ]
2020/08/24 03:39:16:914
Linktest.rsp
00 00 00 0A FF FF 00 00 00 06 00 00 0D 16 

<<<----  [OUT]
2020/08/24 03:39:26:929
Linktest.req
00 00 00 0A FF FF 00 00 00 05 00 00 0D 17 

---->>>  [IN ]
2020/08/24 03:39:26:930
Linktest.rsp
00 00 00 0A FF FF 00 00 00 06 00 00 0D 17 

<<<----  [OUT]
2020/08/24 03:39:36:943
Linktest.req
00 00 00 0A FF FF 00 00 00 05 00 00 0D 18 

---->>>  [IN ]
2020/08/24 03:39:36:944
Linktest.rsp
00 00 00 0A FF FF 00 00 00 06 00 00 0D 18 

<<<----  [OUT]
2020/08/24 03:39:46:947
Linktest.req
00 00 00 0A FF FF 00 00 00 05 00 00 0D 19 

---->>>  [IN ]
2020/08/24 03:39:46:948
Linktest.rsp
00 00 00 0A FF FF 00 00 00 06 00 00 0D 19 

<<<----  [OUT]
2020/08/24 03:39:56:960
Linktest.req
00 00 00 0A FF FF 00 00 00 05 00 00 0D 1A 

---->>>  [IN ]
2020/08/24 03:39:56:961
Linktest.rsp
00 00 00 0A FF FF 00 00 00 06 00 00 0D 1A 

---->>>  [IN ]
2020/08/24 03:40:02:265
Linktest.req
00 00 00 0A FF FF 00 00 00 05 80 00 02 59 

<<<----  [OUT]
2020/08/24 03:40:02:265
Linktest.rsp
00 00 00 0A FF FF 00 00 00 06 80 00 02 59 

<<<----  [OUT]
2020/08/24 03:40:06:969
Linktest.req
00 00 00 0A FF FF 00 00 00 05 00 00 0D 1B 

---->>>  [IN ]
2020/08/24 03:40:06:970
Linktest.rsp
00 00 00 0A FF FF 00 00 00 06 00 00 0D 1B 

<<<----  [OUT]
2020/08/24 03:40:16:984
Linktest.req
00 00 00 0A FF FF 00 00 00 05 00 00 0D 1C 

---->>>  [IN ]
2020/08/24 03:40:16:985
Linktest.rsp
00 00 00 0A FF FF 00 00 00 06 00 00 0D 1C 

<<<----  [OUT]
2020/08/24 03:40:26:997
Linktest.req
00 00 00 0A FF FF 00 00 00 05 00 00 0D 1D 

---->>>  [IN ]
2020/08/24 03:40:26:998
Linktest.rsp
00 00 00 0A FF FF 00 00 00 06 00 00 0D 1D 

<<<----  [OUT]
2020/08/24 03:40:37:012
Linktest.req
00 00 00 0A FF FF 00 00 00 05 00 00 0D 1E 

---->>>  [IN ]
2020/08/24 03:40:37:013
Linktest.rsp
00 00 00 0A FF FF 00 00 00 06 00 00 0D 1E 

<<<----  [OUT]
2020/08/24 03:40:47:024
Linktest.req
00 00 00 0A FF FF 00 00 00 05 00 00 0D 1F 

---->>>  [IN ]
2020/08/24 03:40:47:025
Linktest.rsp
00 00 00 0A FF FF 00 00 00 06 00 00 0D 1F 

<<<----  [OUT]
2020/08/24 03:40:57:039
Linktest.req
00 00 00 0A FF FF 00 00 00 05 00 00 0D 20 

---->>>  [IN ]
2020/08/24 03:40:57:040
Linktest.rsp
00 00 00 0A FF FF 00 00 00 06 00 00 0D 20 

---->>>  [IN ]
2020/08/24 03:41:02:263
Linktest.req
00 00 00 0A FF FF 00 00 00 05 80 00 02 5A 

<<<----  [OUT]
2020/08/24 03:41:02:263
Linktest.rsp
00 00 00 0A FF FF 00 00 00 06 80 00 02 5A 

<<<----  [OUT]
2020/08/24 03:41:07:053
Linktest.req
00 00 00 0A FF FF 00 00 00 05 00 00 0D 21 

---->>>  [IN ]
2020/08/24 03:41:07:054
Linktest.rsp
00 00 00 0A FF FF 00 00 00 06 00 00 0D 21 

<<<----  [OUT]
2020/08/24 03:41:17:066
Linktest.req
00 00 00 0A FF FF 00 00 00 05 00 00 0D 22 

---->>>  [IN ]
2020/08/24 03:41:17:067
Linktest.rsp
00 00 00 0A FF FF 00 00 00 06 00 00 0D 22 

<<<----  [OUT]
2020/08/24 03:41:27:075
Linktest.req
00 00 00 0A FF FF 00 00 00 05 00 00 0D 23 

---->>>  [IN ]
2020/08/24 03:41:27:076
Linktest.rsp
00 00 00 0A FF FF 00 00 00 06 00 00 0D 23 

<<<----  [OUT]
2020/08/24 03:41:37:083
Linktest.req
00 00 00 0A FF FF 00 00 00 05 00 00 0D 24 

---->>>  [IN ]
2020/08/24 03:41:37:083
Linktest.rsp
00 00 00 0A FF FF 00 00 00 06 00 00 0D 24 

<<<----  [OUT]
2020/08/24 03:41:47:093
Linktest.req
00 00 00 0A FF FF 00 00 00 05 00 00 0D 25 

---->>>  [IN ]
2020/08/24 03:41:47:094
Linktest.rsp
00 00 00 0A FF FF 00 00 00 06 00 00 0D 25 

<<<----  [OUT]
2020/08/24 03:41:57:101
Linktest.req
00 00 00 0A FF FF 00 00 00 05 00 00 0D 26 

---->>>  [IN ]
2020/08/24 03:41:57:102
Linktest.rsp
00 00 00 0A FF FF 00 00 00 06 00 00 0D 26 

---->>>  [IN ]
2020/08/24 03:42:02:268
Linktest.req
00 00 00 0A FF FF 00 00 00 05 80 00 02 5B 

<<<----  [OUT]
2020/08/24 03:42:02:268
Linktest.rsp
00 00 00 0A FF FF 00 00 00 06 80 00 02 5B 

<<<----  [OUT]
2020/08/24 03:42:07:118
Linktest.req
00 00 00 0A FF FF 00 00 00 05 00 00 0D 27 

---->>>  [IN ]
2020/08/24 03:42:07:119
Linktest.rsp
00 00 00 0A FF FF 00 00 00 06 00 00 0D 27 

<<<----  [OUT]
2020/08/24 03:42:17:129
Linktest.req
00 00 00 0A FF FF 00 00 00 05 00 00 0D 28 

---->>>  [IN ]
2020/08/24 03:42:17:130
Linktest.rsp
00 00 00 0A FF FF 00 00 00 06 00 00 0D 28 

<<<----  [OUT]
2020/08/24 03:42:27:140
Linktest.req
00 00 00 0A FF FF 00 00 00 05 00 00 0D 29 

---->>>  [IN ]
2020/08/24 03:42:27:141
Linktest.rsp
00 00 00 0A FF FF 00 00 00 06 00 00 0D 29 

<<<----  [OUT]
2020/08/24 03:42:37:155
Linktest.req
00 00 00 0A FF FF 00 00 00 05 00 00 0D 2A 

---->>>  [IN ]
2020/08/24 03:42:37:156
Linktest.rsp
00 00 00 0A FF FF 00 00 00 06 00 00 0D 2A 

<<<----  [OUT]
2020/08/24 03:42:47:170
Linktest.req
00 00 00 0A FF FF 00 00 00 05 00 00 0D 2B 

---->>>  [IN ]
2020/08/24 03:42:47:171
Linktest.rsp
00 00 00 0A FF FF 00 00 00 06 00 00 0D 2B 

<<<----  [OUT]
2020/08/24 03:42:57:188
Linktest.req
00 00 00 0A FF FF 00 00 00 05 00 00 0D 2C 

---->>>  [IN ]
2020/08/24 03:42:57:189
Linktest.rsp
00 00 00 0A FF FF 00 00 00 06 00 00 0D 2C 

---->>>  [IN ]
2020/08/24 03:43:02:276
Linktest.req
00 00 00 0A FF FF 00 00 00 05 80 00 02 5C 

<<<----  [OUT]
2020/08/24 03:43:02:276
Linktest.rsp
00 00 00 0A FF FF 00 00 00 06 80 00 02 5C 

<<<----  [OUT]
2020/08/24 03:43:07:204
Linktest.req
00 00 00 0A FF FF 00 00 00 05 00 00 0D 2D 

---->>>  [IN ]
2020/08/24 03:43:07:205
Linktest.rsp
00 00 00 0A FF FF 00 00 00 06 00 00 0D 2D 

<<<----  [OUT]
2020/08/24 03:43:17:217
Linktest.req
00 00 00 0A FF FF 00 00 00 05 00 00 0D 2E 

---->>>  [IN ]
2020/08/24 03:43:17:218
Linktest.rsp
00 00 00 0A FF FF 00 00 00 06 00 00 0D 2E 

<<<----  [OUT]
2020/08/24 03:43:27:228
Linktest.req
00 00 00 0A FF FF 00 00 00 05 00 00 0D 2F 

---->>>  [IN ]
2020/08/24 03:43:27:229
Linktest.rsp
00 00 00 0A FF FF 00 00 00 06 00 00 0D 2F 

<<<----  [OUT]
2020/08/24 03:43:37:238
Linktest.req
00 00 00 0A FF FF 00 00 00 05 00 00 0D 30 

---->>>  [IN ]
2020/08/24 03:43:37:239
Linktest.rsp
00 00 00 0A FF FF 00 00 00 06 00 00 0D 30 

<<<----  [OUT]
2020/08/24 03:43:47:254
Linktest.req
00 00 00 0A FF FF 00 00 00 05 00 00 0D 31 

---->>>  [IN ]
2020/08/24 03:43:47:255
Linktest.rsp
00 00 00 0A FF FF 00 00 00 06 00 00 0D 31 

<<<----  [OUT]
2020/08/24 03:43:57:271
Linktest.req
00 00 00 0A FF FF 00 00 00 05 00 00 0D 32 

---->>>  [IN ]
2020/08/24 03:43:57:272
Linktest.rsp
00 00 00 0A FF FF 00 00 00 06 00 00 0D 32 

---->>>  [IN ]
2020/08/24 03:44:02:274
Linktest.req
00 00 00 0A FF FF 00 00 00 05 80 00 02 5D 

<<<----  [OUT]
2020/08/24 03:44:02:274
Linktest.rsp
00 00 00 0A FF FF 00 00 00 06 80 00 02 5D 

<<<----  [OUT]
2020/08/24 03:44:07:284
Linktest.req
00 00 00 0A FF FF 00 00 00 05 00 00 0D 33 

---->>>  [IN ]
2020/08/24 03:44:07:285
Linktest.rsp
00 00 00 0A FF FF 00 00 00 06 00 00 0D 33 

<<<----  [OUT]
2020/08/24 03:44:17:300
Linktest.req
00 00 00 0A FF FF 00 00 00 05 00 00 0D 34 

---->>>  [IN ]
2020/08/24 03:44:17:301
Linktest.rsp
00 00 00 0A FF FF 00 00 00 06 00 00 0D 34 

<<<----  [OUT]
2020/08/24 03:44:27:307
Linktest.req
00 00 00 0A FF FF 00 00 00 05 00 00 0D 35 

---->>>  [IN ]
2020/08/24 03:44:27:308
Linktest.rsp
00 00 00 0A FF FF 00 00 00 06 00 00 0D 35 

<<<----  [OUT]
2020/08/24 03:44:37:317
Linktest.req
00 00 00 0A FF FF 00 00 00 05 00 00 0D 36 

---->>>  [IN ]
2020/08/24 03:44:37:318
Linktest.rsp
00 00 00 0A FF FF 00 00 00 06 00 00 0D 36 

<<<----  [OUT]
2020/08/24 03:44:47:330
Linktest.req
00 00 00 0A FF FF 00 00 00 05 00 00 0D 37 

---->>>  [IN ]
2020/08/24 03:44:47:331
Linktest.rsp
00 00 00 0A FF FF 00 00 00 06 00 00 0D 37 

<<<----  [OUT]
2020/08/24 03:44:57:338
Linktest.req
00 00 00 0A FF FF 00 00 00 05 00 00 0D 38 

---->>>  [IN ]
2020/08/24 03:44:57:339
Linktest.rsp
00 00 00 0A FF FF 00 00 00 06 00 00 0D 38 

---->>>  [IN ]
2020/08/24 03:45:02:265
Linktest.req
00 00 00 0A FF FF 00 00 00 05 80 00 02 5E 

<<<----  [OUT]
2020/08/24 03:45:02:265
Linktest.rsp
00 00 00 0A FF FF 00 00 00 06 80 00 02 5E 

<<<----  [OUT]
2020/08/24 03:45:07:351
Linktest.req
00 00 00 0A FF FF 00 00 00 05 00 00 0D 39 

---->>>  [IN ]
2020/08/24 03:45:07:352
Linktest.rsp
00 00 00 0A FF FF 00 00 00 06 00 00 0D 39 

<<<----  [OUT]
2020/08/24 03:45:17:368
Linktest.req
00 00 00 0A FF FF 00 00 00 05 00 00 0D 3A 

---->>>  [IN ]
2020/08/24 03:45:17:369
Linktest.rsp
00 00 00 0A FF FF 00 00 00 06 00 00 0D 3A 

<<<----  [OUT]
2020/08/24 03:45:27:384
Linktest.req
00 00 00 0A FF FF 00 00 00 05 00 00 0D 3B 

---->>>  [IN ]
2020/08/24 03:45:27:385
Linktest.rsp
00 00 00 0A FF FF 00 00 00 06 00 00 0D 3B 

<<<----  [OUT]
2020/08/24 03:45:37:397
Linktest.req
00 00 00 0A FF FF 00 00 00 05 00 00 0D 3C 

---->>>  [IN ]
2020/08/24 03:45:37:398
Linktest.rsp
00 00 00 0A FF FF 00 00 00 06 00 00 0D 3C 

<<<----  [OUT]
2020/08/24 03:45:47:410
Linktest.req
00 00 00 0A FF FF 00 00 00 05 00 00 0D 3D 

---->>>  [IN ]
2020/08/24 03:45:47:411
Linktest.rsp
00 00 00 0A FF FF 00 00 00 06 00 00 0D 3D 

<<<----  [OUT]
2020/08/24 03:45:57:422
Linktest.req
00 00 00 0A FF FF 00 00 00 05 00 00 0D 3E 

---->>>  [IN ]
2020/08/24 03:45:57:423
Linktest.rsp
00 00 00 0A FF FF 00 00 00 06 00 00 0D 3E 

---->>>  [IN ]
2020/08/24 03:46:02:276
Linktest.req
00 00 00 0A FF FF 00 00 00 05 80 00 02 5F 

<<<----  [OUT]
2020/08/24 03:46:02:276
Linktest.rsp
00 00 00 0A FF FF 00 00 00 06 80 00 02 5F 

<<<----  [OUT]
2020/08/24 03:46:07:433
Linktest.req
00 00 00 0A FF FF 00 00 00 05 00 00 0D 3F 

---->>>  [IN ]
2020/08/24 03:46:07:433
Linktest.rsp
00 00 00 0A FF FF 00 00 00 06 00 00 0D 3F 

<<<----  [OUT]
2020/08/24 03:46:17:451
Linktest.req
00 00 00 0A FF FF 00 00 00 05 00 00 0D 40 

---->>>  [IN ]
2020/08/24 03:46:17:452
Linktest.rsp
00 00 00 0A FF FF 00 00 00 06 00 00 0D 40 

<<<----  [OUT]
2020/08/24 03:46:27:465
Linktest.req
00 00 00 0A FF FF 00 00 00 05 00 00 0D 41 

---->>>  [IN ]
2020/08/24 03:46:27:466
Linktest.rsp
00 00 00 0A FF FF 00 00 00 06 00 00 0D 41 

<<<----  [OUT]
2020/08/24 03:46:37:481
Linktest.req
00 00 00 0A FF FF 00 00 00 05 00 00 0D 42 

---->>>  [IN ]
2020/08/24 03:46:37:482
Linktest.rsp
00 00 00 0A FF FF 00 00 00 06 00 00 0D 42 

<<<----  [OUT]
2020/08/24 03:46:47:496
Linktest.req
00 00 00 0A FF FF 00 00 00 05 00 00 0D 43 

---->>>  [IN ]
2020/08/24 03:46:47:497
Linktest.rsp
00 00 00 0A FF FF 00 00 00 06 00 00 0D 43 

<<<----  [OUT]
2020/08/24 03:46:57:512
Linktest.req
00 00 00 0A FF FF 00 00 00 05 00 00 0D 44 

---->>>  [IN ]
2020/08/24 03:46:57:513
Linktest.rsp
00 00 00 0A FF FF 00 00 00 06 00 00 0D 44 

---->>>  [IN ]
2020/08/24 03:47:02:276
Linktest.req
00 00 00 0A FF FF 00 00 00 05 80 00 02 60 

<<<----  [OUT]
2020/08/24 03:47:02:276
Linktest.rsp
00 00 00 0A FF FF 00 00 00 06 80 00 02 60 

<<<----  [OUT]
2020/08/24 03:47:07:523
Linktest.req
00 00 00 0A FF FF 00 00 00 05 00 00 0D 45 

---->>>  [IN ]
2020/08/24 03:47:07:524
Linktest.rsp
00 00 00 0A FF FF 00 00 00 06 00 00 0D 45 

<<<----  [OUT]
2020/08/24 03:47:17:539
Linktest.req
00 00 00 0A FF FF 00 00 00 05 00 00 0D 46 

---->>>  [IN ]
2020/08/24 03:47:17:540
Linktest.rsp
00 00 00 0A FF FF 00 00 00 06 00 00 0D 46 

<<<----  [OUT]
2020/08/24 03:47:27:554
Linktest.req
00 00 00 0A FF FF 00 00 00 05 00 00 0D 47 

---->>>  [IN ]
2020/08/24 03:47:27:555
Linktest.rsp
00 00 00 0A FF FF 00 00 00 06 00 00 0D 47 

<<<----  [OUT]
2020/08/24 03:47:37:566
Linktest.req
00 00 00 0A FF FF 00 00 00 05 00 00 0D 48 

---->>>  [IN ]
2020/08/24 03:47:37:567
Linktest.rsp
00 00 00 0A FF FF 00 00 00 06 00 00 0D 48 

<<<----  [OUT]
2020/08/24 03:47:47:581
Linktest.req
00 00 00 0A FF FF 00 00 00 05 00 00 0D 49 

---->>>  [IN ]
2020/08/24 03:47:47:582
Linktest.rsp
00 00 00 0A FF FF 00 00 00 06 00 00 0D 49 

<<<----  [OUT]
2020/08/24 03:47:57:598
Linktest.req
00 00 00 0A FF FF 00 00 00 05 00 00 0D 4A 

---->>>  [IN ]
2020/08/24 03:47:57:599
Linktest.rsp
00 00 00 0A FF FF 00 00 00 06 00 00 0D 4A 

---->>>  [IN ]
2020/08/24 03:48:02:266
Linktest.req
00 00 00 0A FF FF 00 00 00 05 80 00 02 61 

<<<----  [OUT]
2020/08/24 03:48:02:266
Linktest.rsp
00 00 00 0A FF FF 00 00 00 06 80 00 02 61 

<<<----  [OUT]
2020/08/24 03:48:07:613
Linktest.req
00 00 00 0A FF FF 00 00 00 05 00 00 0D 4B 

---->>>  [IN ]
2020/08/24 03:48:07:614
Linktest.rsp
00 00 00 0A FF FF 00 00 00 06 00 00 0D 4B 

<<<----  [OUT]
2020/08/24 03:48:17:601
Linktest.req
00 00 00 0A FF FF 00 00 00 05 00 00 0D 4C 

---->>>  [IN ]
2020/08/24 03:48:17:602
Linktest.rsp
00 00 00 0A FF FF 00 00 00 06 00 00 0D 4C 

<<<----  [OUT]
2020/08/24 03:48:27:618
Linktest.req
00 00 00 0A FF FF 00 00 00 05 00 00 0D 4D 

---->>>  [IN ]
2020/08/24 03:48:27:619
Linktest.rsp
00 00 00 0A FF FF 00 00 00 06 00 00 0D 4D 

<<<----  [OUT]
2020/08/24 03:48:37:636
Linktest.req
00 00 00 0A FF FF 00 00 00 05 00 00 0D 4E 

---->>>  [IN ]
2020/08/24 03:48:37:637
Linktest.rsp
00 00 00 0A FF FF 00 00 00 06 00 00 0D 4E 

<<<----  [OUT]
2020/08/24 03:48:47:652
Linktest.req
00 00 00 0A FF FF 00 00 00 05 00 00 0D 4F 

---->>>  [IN ]
2020/08/24 03:48:47:653
Linktest.rsp
00 00 00 0A FF FF 00 00 00 06 00 00 0D 4F 

<<<----  [OUT]
2020/08/24 03:48:57:670
Linktest.req
00 00 00 0A FF FF 00 00 00 05 00 00 0D 50 

---->>>  [IN ]
2020/08/24 03:48:57:671
Linktest.rsp
00 00 00 0A FF FF 00 00 00 06 00 00 0D 50 

---->>>  [IN ]
2020/08/24 03:49:02:270
Linktest.req
00 00 00 0A FF FF 00 00 00 05 80 00 02 62 

<<<----  [OUT]
2020/08/24 03:49:02:270
Linktest.rsp
00 00 00 0A FF FF 00 00 00 06 80 00 02 62 

<<<----  [OUT]
2020/08/24 03:49:07:684
Linktest.req
00 00 00 0A FF FF 00 00 00 05 00 00 0D 51 

---->>>  [IN ]
2020/08/24 03:49:07:685
Linktest.rsp
00 00 00 0A FF FF 00 00 00 06 00 00 0D 51 

<<<----  [OUT]
2020/08/24 03:49:17:697
Linktest.req
00 00 00 0A FF FF 00 00 00 05 00 00 0D 52 

---->>>  [IN ]
2020/08/24 03:49:17:697
Linktest.rsp
00 00 00 0A FF FF 00 00 00 06 00 00 0D 52 

<<<----  [OUT]
2020/08/24 03:49:27:712
Linktest.req
00 00 00 0A FF FF 00 00 00 05 00 00 0D 53 

---->>>  [IN ]
2020/08/24 03:49:27:713
Linktest.rsp
00 00 00 0A FF FF 00 00 00 06 00 00 0D 53 

<<<----  [OUT]
2020/08/24 03:49:37:727
Linktest.req
00 00 00 0A FF FF 00 00 00 05 00 00 0D 54 

---->>>  [IN ]
2020/08/24 03:49:37:728
Linktest.rsp
00 00 00 0A FF FF 00 00 00 06 00 00 0D 54 

<<<----  [OUT]
2020/08/24 03:49:47:742
Linktest.req
00 00 00 0A FF FF 00 00 00 05 00 00 0D 55 

---->>>  [IN ]
2020/08/24 03:49:47:743
Linktest.rsp
00 00 00 0A FF FF 00 00 00 06 00 00 0D 55 

<<<----  [OUT]
2020/08/24 03:49:57:744
Linktest.req
00 00 00 0A FF FF 00 00 00 05 00 00 0D 56 

---->>>  [IN ]
2020/08/24 03:49:57:745
Linktest.rsp
00 00 00 0A FF FF 00 00 00 06 00 00 0D 56 

---->>>  [IN ]
2020/08/24 03:50:02:265
Linktest.req
00 00 00 0A FF FF 00 00 00 05 80 00 02 63 

<<<----  [OUT]
2020/08/24 03:50:02:265
Linktest.rsp
00 00 00 0A FF FF 00 00 00 06 80 00 02 63 

<<<----  [OUT]
2020/08/24 03:50:07:764
Linktest.req
00 00 00 0A FF FF 00 00 00 05 00 00 0D 57 

---->>>  [IN ]
2020/08/24 03:50:07:765
Linktest.rsp
00 00 00 0A FF FF 00 00 00 06 00 00 0D 57 

<<<----  [OUT]
2020/08/24 03:50:17:783
Linktest.req
00 00 00 0A FF FF 00 00 00 05 00 00 0D 58 

---->>>  [IN ]
2020/08/24 03:50:17:784
Linktest.rsp
00 00 00 0A FF FF 00 00 00 06 00 00 0D 58 

<<<----  [OUT]
2020/08/24 03:50:27:802
Linktest.req
00 00 00 0A FF FF 00 00 00 05 00 00 0D 59 

---->>>  [IN ]
2020/08/24 03:50:27:803
Linktest.rsp
00 00 00 0A FF FF 00 00 00 06 00 00 0D 59 

<<<----  [OUT]
2020/08/24 03:50:37:818
Linktest.req
00 00 00 0A FF FF 00 00 00 05 00 00 0D 5A 

---->>>  [IN ]
2020/08/24 03:50:37:819
Linktest.rsp
00 00 00 0A FF FF 00 00 00 06 00 00 0D 5A 

<<<----  [OUT]
2020/08/24 03:50:47:838
Linktest.req
00 00 00 0A FF FF 00 00 00 05 00 00 0D 5B 

---->>>  [IN ]
2020/08/24 03:50:47:839
Linktest.rsp
00 00 00 0A FF FF 00 00 00 06 00 00 0D 5B 

<<<----  [OUT]
2020/08/24 03:50:57:857
Linktest.req
00 00 00 0A FF FF 00 00 00 05 00 00 0D 5C 

---->>>  [IN ]
2020/08/24 03:50:57:858
Linktest.rsp
00 00 00 0A FF FF 00 00 00 06 00 00 0D 5C 

---->>>  [IN ]
2020/08/24 03:51:02:276
Linktest.req
00 00 00 0A FF FF 00 00 00 05 80 00 02 64 

<<<----  [OUT]
2020/08/24 03:51:02:276
Linktest.rsp
00 00 00 0A FF FF 00 00 00 06 80 00 02 64 

<<<----  [OUT]
2020/08/24 03:51:07:875
Linktest.req
00 00 00 0A FF FF 00 00 00 05 00 00 0D 5D 

---->>>  [IN ]
2020/08/24 03:51:07:876
Linktest.rsp
00 00 00 0A FF FF 00 00 00 06 00 00 0D 5D 

<<<----  [OUT]
2020/08/24 03:51:17:894
Linktest.req
00 00 00 0A FF FF 00 00 00 05 00 00 0D 5E 

---->>>  [IN ]
2020/08/24 03:51:17:895
Linktest.rsp
00 00 00 0A FF FF 00 00 00 06 00 00 0D 5E 

<<<----  [OUT]
2020/08/24 03:51:27:883
Linktest.req
00 00 00 0A FF FF 00 00 00 05 00 00 0D 5F 

---->>>  [IN ]
2020/08/24 03:51:27:884
Linktest.rsp
00 00 00 0A FF FF 00 00 00 06 00 00 0D 5F 

<<<----  [OUT]
2020/08/24 03:51:37:902
Linktest.req
00 00 00 0A FF FF 00 00 00 05 00 00 0D 60 

---->>>  [IN ]
2020/08/24 03:51:37:903
Linktest.rsp
00 00 00 0A FF FF 00 00 00 06 00 00 0D 60 

<<<----  [OUT]
2020/08/24 03:51:47:921
Linktest.req
00 00 00 0A FF FF 00 00 00 05 00 00 0D 61 

---->>>  [IN ]
2020/08/24 03:51:47:922
Linktest.rsp
00 00 00 0A FF FF 00 00 00 06 00 00 0D 61 

<<<----  [OUT]
2020/08/24 03:51:57:938
Linktest.req
00 00 00 0A FF FF 00 00 00 05 00 00 0D 62 

---->>>  [IN ]
2020/08/24 03:51:57:939
Linktest.rsp
00 00 00 0A FF FF 00 00 00 06 00 00 0D 62 

---->>>  [IN ]
2020/08/24 03:52:02:279
Linktest.req
00 00 00 0A FF FF 00 00 00 05 80 00 02 65 

<<<----  [OUT]
2020/08/24 03:52:02:279
Linktest.rsp
00 00 00 0A FF FF 00 00 00 06 80 00 02 65 

<<<----  [OUT]
2020/08/24 03:52:07:953
Linktest.req
00 00 00 0A FF FF 00 00 00 05 00 00 0D 63 

---->>>  [IN ]
2020/08/24 03:52:07:954
Linktest.rsp
00 00 00 0A FF FF 00 00 00 06 00 00 0D 63 

<<<----  [OUT]
2020/08/24 03:52:17:970
Linktest.req
00 00 00 0A FF FF 00 00 00 05 00 00 0D 64 

---->>>  [IN ]
2020/08/24 03:52:17:971
Linktest.rsp
00 00 00 0A FF FF 00 00 00 06 00 00 0D 64 

<<<----  [OUT]
2020/08/24 03:52:27:984
Linktest.req
00 00 00 0A FF FF 00 00 00 05 00 00 0D 65 

---->>>  [IN ]
2020/08/24 03:52:27:985
Linktest.rsp
00 00 00 0A FF FF 00 00 00 06 00 00 0D 65 

<<<----  [OUT]
2020/08/24 03:52:38:003
Linktest.req
00 00 00 0A FF FF 00 00 00 05 00 00 0D 66 

---->>>  [IN ]
2020/08/24 03:52:38:004
Linktest.rsp
00 00 00 0A FF FF 00 00 00 06 00 00 0D 66 

<<<----  [OUT]
2020/08/24 03:52:47:991
Linktest.req
00 00 00 0A FF FF 00 00 00 05 00 00 0D 67 

---->>>  [IN ]
2020/08/24 03:52:47:992
Linktest.rsp
00 00 00 0A FF FF 00 00 00 06 00 00 0D 67 

<<<----  [OUT]
2020/08/24 03:52:58:011
Linktest.req
00 00 00 0A FF FF 00 00 00 05 00 00 0D 68 

---->>>  [IN ]
2020/08/24 03:52:58:012
Linktest.rsp
00 00 00 0A FF FF 00 00 00 06 00 00 0D 68 

---->>>  [IN ]
2020/08/24 03:53:02:278
Linktest.req
00 00 00 0A FF FF 00 00 00 05 80 00 02 66 

<<<----  [OUT]
2020/08/24 03:53:02:278
Linktest.rsp
00 00 00 0A FF FF 00 00 00 06 80 00 02 66 

<<<----  [OUT]
2020/08/24 03:53:08:028
Linktest.req
00 00 00 0A FF FF 00 00 00 05 00 00 0D 69 

---->>>  [IN ]
2020/08/24 03:53:08:029
Linktest.rsp
00 00 00 0A FF FF 00 00 00 06 00 00 0D 69 

<<<----  [OUT]
2020/08/24 03:53:18:043
Linktest.req
00 00 00 0A FF FF 00 00 00 05 00 00 0D 6A 

---->>>  [IN ]
2020/08/24 03:53:18:044
Linktest.rsp
00 00 00 0A FF FF 00 00 00 06 00 00 0D 6A 

<<<----  [OUT]
2020/08/24 03:53:28:059
Linktest.req
00 00 00 0A FF FF 00 00 00 05 00 00 0D 6B 

---->>>  [IN ]
2020/08/24 03:53:28:060
Linktest.rsp
00 00 00 0A FF FF 00 00 00 06 00 00 0D 6B 

<<<----  [OUT]
2020/08/24 03:53:38:077
Linktest.req
00 00 00 0A FF FF 00 00 00 05 00 00 0D 6C 

---->>>  [IN ]
2020/08/24 03:53:38:078
Linktest.rsp
00 00 00 0A FF FF 00 00 00 06 00 00 0D 6C 

<<<----  [OUT]
2020/08/24 03:53:48:095
Linktest.req
00 00 00 0A FF FF 00 00 00 05 00 00 0D 6D 

---->>>  [IN ]
2020/08/24 03:53:48:096
Linktest.rsp
00 00 00 0A FF FF 00 00 00 06 00 00 0D 6D 

<<<----  [OUT]
2020/08/24 03:53:58:112
Linktest.req
00 00 00 0A FF FF 00 00 00 05 00 00 0D 6E 

---->>>  [IN ]
2020/08/24 03:53:58:113
Linktest.rsp
00 00 00 0A FF FF 00 00 00 06 00 00 0D 6E 

---->>>  [IN ]
2020/08/24 03:54:02:287
Linktest.req
00 00 00 0A FF FF 00 00 00 05 80 00 02 67 

<<<----  [OUT]
2020/08/24 03:54:02:287
Linktest.rsp
00 00 00 0A FF FF 00 00 00 06 80 00 02 67 

<<<----  [OUT]
2020/08/24 03:54:08:125
Linktest.req
00 00 00 0A FF FF 00 00 00 05 00 00 0D 6F 

---->>>  [IN ]
2020/08/24 03:54:08:126
Linktest.rsp
00 00 00 0A FF FF 00 00 00 06 00 00 0D 6F 

<<<----  [OUT]
2020/08/24 03:54:18:144
Linktest.req
00 00 00 0A FF FF 00 00 00 05 00 00 0D 70 

---->>>  [IN ]
2020/08/24 03:54:18:145
Linktest.rsp
00 00 00 0A FF FF 00 00 00 06 00 00 0D 70 

<<<----  [OUT]
2020/08/24 03:54:28:161
Linktest.req
00 00 00 0A FF FF 00 00 00 05 00 00 0D 71 

---->>>  [IN ]
2020/08/24 03:54:28:162
Linktest.rsp
00 00 00 0A FF FF 00 00 00 06 00 00 0D 71 

<<<----  [OUT]
2020/08/24 03:54:38:149
Linktest.req
00 00 00 0A FF FF 00 00 00 05 00 00 0D 72 

---->>>  [IN ]
2020/08/24 03:54:38:150
Linktest.rsp
00 00 00 0A FF FF 00 00 00 06 00 00 0D 72 

<<<----  [OUT]
2020/08/24 03:54:48:164
Linktest.req
00 00 00 0A FF FF 00 00 00 05 00 00 0D 73 

---->>>  [IN ]
2020/08/24 03:54:48:165
Linktest.rsp
00 00 00 0A FF FF 00 00 00 06 00 00 0D 73 

<<<----  [OUT]
2020/08/24 03:54:58:182
Linktest.req
00 00 00 0A FF FF 00 00 00 05 00 00 0D 74 

---->>>  [IN ]
2020/08/24 03:54:58:183
Linktest.rsp
00 00 00 0A FF FF 00 00 00 06 00 00 0D 74 

---->>>  [IN ]
2020/08/24 03:55:02:281
Linktest.req
00 00 00 0A FF FF 00 00 00 05 80 00 02 68 

<<<----  [OUT]
2020/08/24 03:55:02:281
Linktest.rsp
00 00 00 0A FF FF 00 00 00 06 80 00 02 68 

<<<----  [OUT]
2020/08/24 03:55:08:200
Linktest.req
00 00 00 0A FF FF 00 00 00 05 00 00 0D 75 

---->>>  [IN ]
2020/08/24 03:55:08:201
Linktest.rsp
00 00 00 0A FF FF 00 00 00 06 00 00 0D 75 

<<<----  [OUT]
2020/08/24 03:55:18:207
Linktest.req
00 00 00 0A FF FF 00 00 00 05 00 00 0D 76 

---->>>  [IN ]
2020/08/24 03:55:18:208
Linktest.rsp
00 00 00 0A FF FF 00 00 00 06 00 00 0D 76 

<<<----  [OUT]
2020/08/24 03:55:28:215
Linktest.req
00 00 00 0A FF FF 00 00 00 05 00 00 0D 77 

---->>>  [IN ]
2020/08/24 03:55:28:216
Linktest.rsp
00 00 00 0A FF FF 00 00 00 06 00 00 0D 77 

<<<----  [OUT]
2020/08/24 03:55:38:230
Linktest.req
00 00 00 0A FF FF 00 00 00 05 00 00 0D 78 

---->>>  [IN ]
2020/08/24 03:55:38:231
Linktest.rsp
00 00 00 0A FF FF 00 00 00 06 00 00 0D 78 

<<<----  [OUT]
2020/08/24 03:55:48:242
Linktest.req
00 00 00 0A FF FF 00 00 00 05 00 00 0D 79 

---->>>  [IN ]
2020/08/24 03:55:48:243
Linktest.rsp
00 00 00 0A FF FF 00 00 00 06 00 00 0D 79 

<<<----  [OUT]
2020/08/24 03:55:58:253
Linktest.req
00 00 00 0A FF FF 00 00 00 05 00 00 0D 7A 

---->>>  [IN ]
2020/08/24 03:55:58:254
Linktest.rsp
00 00 00 0A FF FF 00 00 00 06 00 00 0D 7A 

---->>>  [IN ]
2020/08/24 03:56:02:280
Linktest.req
00 00 00 0A FF FF 00 00 00 05 80 00 02 69 

<<<----  [OUT]
2020/08/24 03:56:02:280
Linktest.rsp
00 00 00 0A FF FF 00 00 00 06 80 00 02 69 

<<<----  [OUT]
2020/08/24 03:56:08:271
Linktest.req
00 00 00 0A FF FF 00 00 00 05 00 00 0D 7B 

---->>>  [IN ]
2020/08/24 03:56:08:272
Linktest.rsp
00 00 00 0A FF FF 00 00 00 06 00 00 0D 7B 

<<<----  [OUT]
2020/08/24 03:56:18:288
Linktest.req
00 00 00 0A FF FF 00 00 00 05 00 00 0D 7C 

---->>>  [IN ]
2020/08/24 03:56:18:288
Linktest.rsp
00 00 00 0A FF FF 00 00 00 06 00 00 0D 7C 

<<<----  [OUT]
2020/08/24 03:56:28:301
Linktest.req
00 00 00 0A FF FF 00 00 00 05 00 00 0D 7D 

---->>>  [IN ]
2020/08/24 03:56:28:302
Linktest.rsp
00 00 00 0A FF FF 00 00 00 06 00 00 0D 7D 

<<<----  [OUT]
2020/08/24 03:56:38:313
Linktest.req
00 00 00 0A FF FF 00 00 00 05 00 00 0D 7E 

---->>>  [IN ]
2020/08/24 03:56:38:314
Linktest.rsp
00 00 00 0A FF FF 00 00 00 06 00 00 0D 7E 

<<<----  [OUT]
2020/08/24 03:56:48:320
Linktest.req
00 00 00 0A FF FF 00 00 00 05 00 00 0D 7F 

---->>>  [IN ]
2020/08/24 03:56:48:321
Linktest.rsp
00 00 00 0A FF FF 00 00 00 06 00 00 0D 7F 

<<<----  [OUT]
2020/08/24 03:56:58:328
Linktest.req
00 00 00 0A FF FF 00 00 00 05 00 00 0D 80 

---->>>  [IN ]
2020/08/24 03:56:58:330
Linktest.rsp
00 00 00 0A FF FF 00 00 00 06 00 00 0D 80 

---->>>  [IN ]
2020/08/24 03:57:02:282
Linktest.req
00 00 00 0A FF FF 00 00 00 05 80 00 02 6A 

<<<----  [OUT]
2020/08/24 03:57:02:282
Linktest.rsp
00 00 00 0A FF FF 00 00 00 06 80 00 02 6A 

<<<----  [OUT]
2020/08/24 03:57:08:340
Linktest.req
00 00 00 0A FF FF 00 00 00 05 00 00 0D 81 

---->>>  [IN ]
2020/08/24 03:57:08:341
Linktest.rsp
00 00 00 0A FF FF 00 00 00 06 00 00 0D 81 

<<<----  [OUT]
2020/08/24 03:57:18:344
Linktest.req
00 00 00 0A FF FF 00 00 00 05 00 00 0D 82 

---->>>  [IN ]
2020/08/24 03:57:18:345
Linktest.rsp
00 00 00 0A FF FF 00 00 00 06 00 00 0D 82 

<<<----  [OUT]
2020/08/24 03:57:28:356
Linktest.req
00 00 00 0A FF FF 00 00 00 05 00 00 0D 83 

---->>>  [IN ]
2020/08/24 03:57:28:357
Linktest.rsp
00 00 00 0A FF FF 00 00 00 06 00 00 0D 83 

<<<----  [OUT]
2020/08/24 03:57:38:369
Linktest.req
00 00 00 0A FF FF 00 00 00 05 00 00 0D 84 

---->>>  [IN ]
2020/08/24 03:57:38:370
Linktest.rsp
00 00 00 0A FF FF 00 00 00 06 00 00 0D 84 

<<<----  [OUT]
2020/08/24 03:57:48:385
Linktest.req
00 00 00 0A FF FF 00 00 00 05 00 00 0D 85 

---->>>  [IN ]
2020/08/24 03:57:48:386
Linktest.rsp
00 00 00 0A FF FF 00 00 00 06 00 00 0D 85 

<<<----  [OUT]
2020/08/24 03:57:58:395
Linktest.req
00 00 00 0A FF FF 00 00 00 05 00 00 0D 86 

---->>>  [IN ]
2020/08/24 03:57:58:396
Linktest.rsp
00 00 00 0A FF FF 00 00 00 06 00 00 0D 86 

---->>>  [IN ]
2020/08/24 03:58:02:286
Linktest.req
00 00 00 0A FF FF 00 00 00 05 80 00 02 6B 

<<<----  [OUT]
2020/08/24 03:58:02:286
Linktest.rsp
00 00 00 0A FF FF 00 00 00 06 80 00 02 6B 

<<<----  [OUT]
2020/08/24 03:58:08:403
Linktest.req
00 00 00 0A FF FF 00 00 00 05 00 00 0D 87 

---->>>  [IN ]
2020/08/24 03:58:08:404
Linktest.rsp
00 00 00 0A FF FF 00 00 00 06 00 00 0D 87 

<<<----  [OUT]
2020/08/24 03:58:18:415
Linktest.req
00 00 00 0A FF FF 00 00 00 05 00 00 0D 88 

---->>>  [IN ]
2020/08/24 03:58:18:416
Linktest.rsp
00 00 00 0A FF FF 00 00 00 06 00 00 0D 88 

<<<----  [OUT]
2020/08/24 03:58:28:423
Linktest.req
00 00 00 0A FF FF 00 00 00 05 00 00 0D 89 

---->>>  [IN ]
2020/08/24 03:58:28:424
Linktest.rsp
00 00 00 0A FF FF 00 00 00 06 00 00 0D 89 

<<<----  [OUT]
2020/08/24 03:58:38:434
Linktest.req
00 00 00 0A FF FF 00 00 00 05 00 00 0D 8A 

---->>>  [IN ]
2020/08/24 03:58:38:435
Linktest.rsp
00 00 00 0A FF FF 00 00 00 06 00 00 0D 8A 

<<<----  [OUT]
2020/08/24 03:58:48:444
Linktest.req
00 00 00 0A FF FF 00 00 00 05 00 00 0D 8B 

---->>>  [IN ]
2020/08/24 03:58:48:444
Linktest.rsp
00 00 00 0A FF FF 00 00 00 06 00 00 0D 8B 

<<<----  [OUT]
2020/08/24 03:58:58:458
Linktest.req
00 00 00 0A FF FF 00 00 00 05 00 00 0D 8C 

---->>>  [IN ]
2020/08/24 03:58:58:459
Linktest.rsp
00 00 00 0A FF FF 00 00 00 06 00 00 0D 8C 

---->>>  [IN ]
2020/08/24 03:59:02:285
Linktest.req
00 00 00 0A FF FF 00 00 00 05 80 00 02 6C 

<<<----  [OUT]
2020/08/24 03:59:02:285
Linktest.rsp
00 00 00 0A FF FF 00 00 00 06 80 00 02 6C 

<<<----  [OUT]
2020/08/24 03:59:08:468
Linktest.req
00 00 00 0A FF FF 00 00 00 05 00 00 0D 8D 

---->>>  [IN ]
2020/08/24 03:59:08:469
Linktest.rsp
00 00 00 0A FF FF 00 00 00 06 00 00 0D 8D 

<<<----  [OUT]
2020/08/24 03:59:18:480
Linktest.req
00 00 00 0A FF FF 00 00 00 05 00 00 0D 8E 

---->>>  [IN ]
2020/08/24 03:59:18:481
Linktest.rsp
00 00 00 0A FF FF 00 00 00 06 00 00 0D 8E 

<<<----  [OUT]
2020/08/24 03:59:28:497
Linktest.req
00 00 00 0A FF FF 00 00 00 05 00 00 0D 8F 

---->>>  [IN ]
2020/08/24 03:59:28:498
Linktest.rsp
00 00 00 0A FF FF 00 00 00 06 00 00 0D 8F 

<<<----  [OUT]
2020/08/24 03:59:38:506
Linktest.req
00 00 00 0A FF FF 00 00 00 05 00 00 0D 90 

---->>>  [IN ]
2020/08/24 03:59:38:507
Linktest.rsp
00 00 00 0A FF FF 00 00 00 06 00 00 0D 90 

<<<----  [OUT]
2020/08/24 03:59:48:511
Linktest.req
00 00 00 0A FF FF 00 00 00 05 00 00 0D 91 

---->>>  [IN ]
2020/08/24 03:59:48:512
Linktest.rsp
00 00 00 0A FF FF 00 00 00 06 00 00 0D 91 

<<<----  [OUT]
2020/08/24 03:59:58:525
Linktest.req
00 00 00 0A FF FF 00 00 00 05 00 00 0D 92 
