
---->>>  [IN ]
2020/08/24 01:00:01:975
Linktest.req
00 00 00 0A FF FF 00 00 00 05 80 00 01 B9 

<<<----  [OUT]
2020/08/24 01:00:01:975
Linktest.rsp
00 00 00 0A FF FF 00 00 00 06 80 00 01 B9 

<<<----  [OUT]
2020/08/24 01:00:04:018
Linktest.req
00 00 00 0A FF FF 00 00 00 05 00 00 09 5C 

---->>>  [IN ]
2020/08/24 01:00:04:019
Linktest.rsp
00 00 00 0A FF FF 00 00 00 06 00 00 09 5C 

<<<----  [OUT]
2020/08/24 01:00:14:027
Linktest.req
00 00 00 0A FF FF 00 00 00 05 00 00 09 5D 

---->>>  [IN ]
2020/08/24 01:00:14:028
Linktest.rsp
00 00 00 0A FF FF 00 00 00 06 00 00 09 5D 

<<<----  [OUT]
2020/08/24 01:00:24:035
Linktest.req
00 00 00 0A FF FF 00 00 00 05 00 00 09 5E 

---->>>  [IN ]
2020/08/24 01:00:24:036
Linktest.rsp
00 00 00 0A FF FF 00 00 00 06 00 00 09 5E 

<<<----  [OUT]
2020/08/24 01:00:34:047
Linktest.req
00 00 00 0A FF FF 00 00 00 05 00 00 09 5F 

---->>>  [IN ]
2020/08/24 01:00:34:048
Linktest.rsp
00 00 00 0A FF FF 00 00 00 06 00 00 09 5F 

<<<----  [OUT]
2020/08/24 01:00:44:057
Linktest.req
00 00 00 0A FF FF 00 00 00 05 00 00 09 60 

---->>>  [IN ]
2020/08/24 01:00:44:058
Linktest.rsp
00 00 00 0A FF FF 00 00 00 06 00 00 09 60 

<<<----  [OUT]
2020/08/24 01:00:54:073
Linktest.req
00 00 00 0A FF FF 00 00 00 05 00 00 09 61 

---->>>  [IN ]
2020/08/24 01:00:54:074
Linktest.rsp
00 00 00 0A FF FF 00 00 00 06 00 00 09 61 

---->>>  [IN ]
2020/08/24 01:01:01:987
Linktest.req
00 00 00 0A FF FF 00 00 00 05 80 00 01 BA 

<<<----  [OUT]
2020/08/24 01:01:01:987
Linktest.rsp
00 00 00 0A FF FF 00 00 00 06 80 00 01 BA 

<<<----  [OUT]
2020/08/24 01:01:04:099
Linktest.req
00 00 00 0A FF FF 00 00 00 05 00 00 09 62 

---->>>  [IN ]
2020/08/24 01:01:04:100
Linktest.rsp
00 00 00 0A FF FF 00 00 00 06 00 00 09 62 

<<<----  [OUT]
2020/08/24 01:01:14:119
Linktest.req
00 00 00 0A FF FF 00 00 00 05 00 00 09 63 

---->>>  [IN ]
2020/08/24 01:01:14:120
Linktest.rsp
00 00 00 0A FF FF 00 00 00 06 00 00 09 63 

<<<----  [OUT]
2020/08/24 01:01:24:131
Linktest.req
00 00 00 0A FF FF 00 00 00 05 00 00 09 64 

---->>>  [IN ]
2020/08/24 01:01:24:132
Linktest.rsp
00 00 00 0A FF FF 00 00 00 06 00 00 09 64 

<<<----  [OUT]
2020/08/24 01:01:34:145
Linktest.req
00 00 00 0A FF FF 00 00 00 05 00 00 09 65 

---->>>  [IN ]
2020/08/24 01:01:34:146
Linktest.rsp
00 00 00 0A FF FF 00 00 00 06 00 00 09 65 

<<<----  [OUT]
2020/08/24 01:01:44:156
Linktest.req
00 00 00 0A FF FF 00 00 00 05 00 00 09 66 

---->>>  [IN ]
2020/08/24 01:01:44:157
Linktest.rsp
00 00 00 0A FF FF 00 00 00 06 00 00 09 66 

<<<----  [OUT]
2020/08/24 01:01:54:174
Linktest.req
00 00 00 0A FF FF 00 00 00 05 00 00 09 67 

---->>>  [IN ]
2020/08/24 01:01:54:175
Linktest.rsp
00 00 00 0A FF FF 00 00 00 06 00 00 09 67 

---->>>  [IN ]
2020/08/24 01:02:01:974
Linktest.req
00 00 00 0A FF FF 00 00 00 05 80 00 01 BB 

<<<----  [OUT]
2020/08/24 01:02:01:974
Linktest.rsp
00 00 00 0A FF FF 00 00 00 06 80 00 01 BB 

<<<----  [OUT]
2020/08/24 01:02:04:186
Linktest.req
00 00 00 0A FF FF 00 00 00 05 00 00 09 68 

---->>>  [IN ]
2020/08/24 01:02:04:187
Linktest.rsp
00 00 00 0A FF FF 00 00 00 06 00 00 09 68 

<<<----  [OUT]
2020/08/24 01:02:14:204
Linktest.req
00 00 00 0A FF FF 00 00 00 05 00 00 09 69 

---->>>  [IN ]
2020/08/24 01:02:14:204
Linktest.rsp
00 00 00 0A FF FF 00 00 00 06 00 00 09 69 

<<<----  [OUT]
2020/08/24 01:02:24:217
Linktest.req
00 00 00 0A FF FF 00 00 00 05 00 00 09 6A 

---->>>  [IN ]
2020/08/24 01:02:24:218
Linktest.rsp
00 00 00 0A FF FF 00 00 00 06 00 00 09 6A 

<<<----  [OUT]
2020/08/24 01:02:34:230
Linktest.req
00 00 00 0A FF FF 00 00 00 05 00 00 09 6B 

---->>>  [IN ]
2020/08/24 01:02:34:231
Linktest.rsp
00 00 00 0A FF FF 00 00 00 06 00 00 09 6B 

<<<----  [OUT]
2020/08/24 01:02:44:237
Linktest.req
00 00 00 0A FF FF 00 00 00 05 00 00 09 6C 

---->>>  [IN ]
2020/08/24 01:02:44:238
Linktest.rsp
00 00 00 0A FF FF 00 00 00 06 00 00 09 6C 

<<<----  [OUT]
2020/08/24 01:02:54:246
Linktest.req
00 00 00 0A FF FF 00 00 00 05 00 00 09 6D 

---->>>  [IN ]
2020/08/24 01:02:54:247
Linktest.rsp
00 00 00 0A FF FF 00 00 00 06 00 00 09 6D 

---->>>  [IN ]
2020/08/24 01:03:01:981
Linktest.req
00 00 00 0A FF FF 00 00 00 05 80 00 01 BC 

<<<----  [OUT]
2020/08/24 01:03:01:981
Linktest.rsp
00 00 00 0A FF FF 00 00 00 06 80 00 01 BC 

<<<----  [OUT]
2020/08/24 01:03:04:259
Linktest.req
00 00 00 0A FF FF 00 00 00 05 00 00 09 6E 

---->>>  [IN ]
2020/08/24 01:03:04:260
Linktest.rsp
00 00 00 0A FF FF 00 00 00 06 00 00 09 6E 

<<<----  [OUT]
2020/08/24 01:03:14:268
Linktest.req
00 00 00 0A FF FF 00 00 00 05 00 00 09 6F 

---->>>  [IN ]
2020/08/24 01:03:14:269
Linktest.rsp
00 00 00 0A FF FF 00 00 00 06 00 00 09 6F 

<<<----  [OUT]
2020/08/24 01:03:24:278
Linktest.req
00 00 00 0A FF FF 00 00 00 05 00 00 09 70 

---->>>  [IN ]
2020/08/24 01:03:24:279
Linktest.rsp
00 00 00 0A FF FF 00 00 00 06 00 00 09 70 

<<<----  [OUT]
2020/08/24 01:03:34:292
Linktest.req
00 00 00 0A FF FF 00 00 00 05 00 00 09 71 

---->>>  [IN ]
2020/08/24 01:03:34:293
Linktest.rsp
00 00 00 0A FF FF 00 00 00 06 00 00 09 71 

<<<----  [OUT]
2020/08/24 01:03:44:307
Linktest.req
00 00 00 0A FF FF 00 00 00 05 00 00 09 72 

---->>>  [IN ]
2020/08/24 01:03:44:309
Linktest.rsp
00 00 00 0A FF FF 00 00 00 06 00 00 09 72 

<<<----  [OUT]
2020/08/24 01:03:54:323
Linktest.req
00 00 00 0A FF FF 00 00 00 05 00 00 09 73 

---->>>  [IN ]
2020/08/24 01:03:54:324
Linktest.rsp
00 00 00 0A FF FF 00 00 00 06 00 00 09 73 

---->>>  [IN ]
2020/08/24 01:04:01:983
Linktest.req
00 00 00 0A FF FF 00 00 00 05 80 00 01 BD 

<<<----  [OUT]
2020/08/24 01:04:01:983
Linktest.rsp
00 00 00 0A FF FF 00 00 00 06 80 00 01 BD 

<<<----  [OUT]
2020/08/24 01:04:04:333
Linktest.req
00 00 00 0A FF FF 00 00 00 05 00 00 09 74 

---->>>  [IN ]
2020/08/24 01:04:04:334
Linktest.rsp
00 00 00 0A FF FF 00 00 00 06 00 00 09 74 

<<<----  [OUT]
2020/08/24 01:04:14:342
Linktest.req
00 00 00 0A FF FF 00 00 00 05 00 00 09 75 

---->>>  [IN ]
2020/08/24 01:04:14:343
Linktest.rsp
00 00 00 0A FF FF 00 00 00 06 00 00 09 75 

<<<----  [OUT]
2020/08/24 01:04:24:352
Linktest.req
00 00 00 0A FF FF 00 00 00 05 00 00 09 76 

---->>>  [IN ]
2020/08/24 01:04:24:353
Linktest.rsp
00 00 00 0A FF FF 00 00 00 06 00 00 09 76 

<<<----  [OUT]
2020/08/24 01:04:34:364
Linktest.req
00 00 00 0A FF FF 00 00 00 05 00 00 09 77 

---->>>  [IN ]
2020/08/24 01:04:34:365
Linktest.rsp
00 00 00 0A FF FF 00 00 00 06 00 00 09 77 

<<<----  [OUT]
2020/08/24 01:04:44:373
Linktest.req
00 00 00 0A FF FF 00 00 00 05 00 00 09 78 

---->>>  [IN ]
2020/08/24 01:04:44:374
Linktest.rsp
00 00 00 0A FF FF 00 00 00 06 00 00 09 78 

<<<----  [OUT]
2020/08/24 01:04:54:383
Linktest.req
00 00 00 0A FF FF 00 00 00 05 00 00 09 79 

---->>>  [IN ]
2020/08/24 01:04:54:384
Linktest.rsp
00 00 00 0A FF FF 00 00 00 06 00 00 09 79 

---->>>  [IN ]
2020/08/24 01:05:01:975
Linktest.req
00 00 00 0A FF FF 00 00 00 05 80 00 01 BE 

<<<----  [OUT]
2020/08/24 01:05:01:975
Linktest.rsp
00 00 00 0A FF FF 00 00 00 06 80 00 01 BE 

<<<----  [OUT]
2020/08/24 01:05:04:396
Linktest.req
00 00 00 0A FF FF 00 00 00 05 00 00 09 7A 

---->>>  [IN ]
2020/08/24 01:05:04:397
Linktest.rsp
00 00 00 0A FF FF 00 00 00 06 00 00 09 7A 

<<<----  [OUT]
2020/08/24 01:05:14:414
Linktest.req
00 00 00 0A FF FF 00 00 00 05 00 00 09 7B 

---->>>  [IN ]
2020/08/24 01:05:14:415
Linktest.rsp
00 00 00 0A FF FF 00 00 00 06 00 00 09 7B 

<<<----  [OUT]
2020/08/24 01:05:24:429
Linktest.req
00 00 00 0A FF FF 00 00 00 05 00 00 09 7C 

---->>>  [IN ]
2020/08/24 01:05:24:430
Linktest.rsp
00 00 00 0A FF FF 00 00 00 06 00 00 09 7C 

<<<----  [OUT]
2020/08/24 01:05:34:440
Linktest.req
00 00 00 0A FF FF 00 00 00 05 00 00 09 7D 

---->>>  [IN ]
2020/08/24 01:05:34:441
Linktest.rsp
00 00 00 0A FF FF 00 00 00 06 00 00 09 7D 

<<<----  [OUT]
2020/08/24 01:05:44:456
Linktest.req
00 00 00 0A FF FF 00 00 00 05 00 00 09 7E 

---->>>  [IN ]
2020/08/24 01:05:44:457
Linktest.rsp
00 00 00 0A FF FF 00 00 00 06 00 00 09 7E 

<<<----  [OUT]
2020/08/24 01:05:54:465
Linktest.req
00 00 00 0A FF FF 00 00 00 05 00 00 09 7F 

---->>>  [IN ]
2020/08/24 01:05:54:466
Linktest.rsp
00 00 00 0A FF FF 00 00 00 06 00 00 09 7F 

---->>>  [IN ]
2020/08/24 01:06:01:974
Linktest.req
00 00 00 0A FF FF 00 00 00 05 80 00 01 BF 

<<<----  [OUT]
2020/08/24 01:06:01:974
Linktest.rsp
00 00 00 0A FF FF 00 00 00 06 80 00 01 BF 

<<<----  [OUT]
2020/08/24 01:06:04:477
Linktest.req
00 00 00 0A FF FF 00 00 00 05 00 00 09 80 

---->>>  [IN ]
2020/08/24 01:06:04:478
Linktest.rsp
00 00 00 0A FF FF 00 00 00 06 00 00 09 80 

<<<----  [OUT]
2020/08/24 01:06:14:492
Linktest.req
00 00 00 0A FF FF 00 00 00 05 00 00 09 81 

---->>>  [IN ]
2020/08/24 01:06:14:493
Linktest.rsp
00 00 00 0A FF FF 00 00 00 06 00 00 09 81 

<<<----  [OUT]
2020/08/24 01:06:24:508
Linktest.req
00 00 00 0A FF FF 00 00 00 05 00 00 09 82 

---->>>  [IN ]
2020/08/24 01:06:24:509
Linktest.rsp
00 00 00 0A FF FF 00 00 00 06 00 00 09 82 

<<<----  [OUT]
2020/08/24 01:06:34:521
Linktest.req
00 00 00 0A FF FF 00 00 00 05 00 00 09 83 

---->>>  [IN ]
2020/08/24 01:06:34:522
Linktest.rsp
00 00 00 0A FF FF 00 00 00 06 00 00 09 83 

<<<----  [OUT]
2020/08/24 01:06:44:537
Linktest.req
00 00 00 0A FF FF 00 00 00 05 00 00 09 84 

---->>>  [IN ]
2020/08/24 01:06:44:538
Linktest.rsp
00 00 00 0A FF FF 00 00 00 06 00 00 09 84 

<<<----  [OUT]
2020/08/24 01:06:54:541
Linktest.req
00 00 00 0A FF FF 00 00 00 05 00 00 09 85 

---->>>  [IN ]
2020/08/24 01:06:54:542
Linktest.rsp
00 00 00 0A FF FF 00 00 00 06 00 00 09 85 

---->>>  [IN ]
2020/08/24 01:07:01:973
Linktest.req
00 00 00 0A FF FF 00 00 00 05 80 00 01 C0 

<<<----  [OUT]
2020/08/24 01:07:01:973
Linktest.rsp
00 00 00 0A FF FF 00 00 00 06 80 00 01 C0 

<<<----  [OUT]
2020/08/24 01:07:04:550
Linktest.req
00 00 00 0A FF FF 00 00 00 05 00 00 09 86 

---->>>  [IN ]
2020/08/24 01:07:04:551
Linktest.rsp
00 00 00 0A FF FF 00 00 00 06 00 00 09 86 

<<<----  [OUT]
2020/08/24 01:07:14:566
Linktest.req
00 00 00 0A FF FF 00 00 00 05 00 00 09 87 

---->>>  [IN ]
2020/08/24 01:07:14:567
Linktest.rsp
00 00 00 0A FF FF 00 00 00 06 00 00 09 87 

<<<----  [OUT]
2020/08/24 01:07:24:579
Linktest.req
00 00 00 0A FF FF 00 00 00 05 00 00 09 88 

---->>>  [IN ]
2020/08/24 01:07:24:580
Linktest.rsp
00 00 00 0A FF FF 00 00 00 06 00 00 09 88 

<<<----  [OUT]
2020/08/24 01:07:34:594
Linktest.req
00 00 00 0A FF FF 00 00 00 05 00 00 09 89 

---->>>  [IN ]
2020/08/24 01:07:34:595
Linktest.rsp
00 00 00 0A FF FF 00 00 00 06 00 00 09 89 

<<<----  [OUT]
2020/08/24 01:07:44:611
Linktest.req
00 00 00 0A FF FF 00 00 00 05 00 00 09 8A 

---->>>  [IN ]
2020/08/24 01:07:44:612
Linktest.rsp
00 00 00 0A FF FF 00 00 00 06 00 00 09 8A 

<<<----  [OUT]
2020/08/24 01:07:54:629
Linktest.req
00 00 00 0A FF FF 00 00 00 05 00 00 09 8B 

---->>>  [IN ]
2020/08/24 01:07:54:630
Linktest.rsp
00 00 00 0A FF FF 00 00 00 06 00 00 09 8B 

---->>>  [IN ]
2020/08/24 01:08:01:981
Linktest.req
00 00 00 0A FF FF 00 00 00 05 80 00 01 C1 

<<<----  [OUT]
2020/08/24 01:08:01:981
Linktest.rsp
00 00 00 0A FF FF 00 00 00 06 80 00 01 C1 

<<<----  [OUT]
2020/08/24 01:08:04:641
Linktest.req
00 00 00 0A FF FF 00 00 00 05 00 00 09 8C 

---->>>  [IN ]
2020/08/24 01:08:04:642
Linktest.rsp
00 00 00 0A FF FF 00 00 00 06 00 00 09 8C 

<<<----  [OUT]
2020/08/24 01:08:14:655
Linktest.req
00 00 00 0A FF FF 00 00 00 05 00 00 09 8D 

---->>>  [IN ]
2020/08/24 01:08:14:656
Linktest.rsp
00 00 00 0A FF FF 00 00 00 06 00 00 09 8D 

<<<----  [OUT]
2020/08/24 01:08:24:660
Linktest.req
00 00 00 0A FF FF 00 00 00 05 00 00 09 8E 

---->>>  [IN ]
2020/08/24 01:08:24:661
Linktest.rsp
00 00 00 0A FF FF 00 00 00 06 00 00 09 8E 

<<<----  [OUT]
2020/08/24 01:08:34:674
Linktest.req
00 00 00 0A FF FF 00 00 00 05 00 00 09 8F 

---->>>  [IN ]
2020/08/24 01:08:34:675
Linktest.rsp
00 00 00 0A FF FF 00 00 00 06 00 00 09 8F 

<<<----  [OUT]
2020/08/24 01:08:44:688
Linktest.req
00 00 00 0A FF FF 00 00 00 05 00 00 09 90 

---->>>  [IN ]
2020/08/24 01:08:44:689
Linktest.rsp
00 00 00 0A FF FF 00 00 00 06 00 00 09 90 

<<<----  [OUT]
2020/08/24 01:08:54:696
Linktest.req
00 00 00 0A FF FF 00 00 00 05 00 00 09 91 

---->>>  [IN ]
2020/08/24 01:08:54:697
Linktest.rsp
00 00 00 0A FF FF 00 00 00 06 00 00 09 91 

---->>>  [IN ]
2020/08/24 01:09:01:984
Linktest.req
00 00 00 0A FF FF 00 00 00 05 80 00 01 C2 

<<<----  [OUT]
2020/08/24 01:09:01:984
Linktest.rsp
00 00 00 0A FF FF 00 00 00 06 80 00 01 C2 

<<<----  [OUT]
2020/08/24 01:09:04:714
Linktest.req
00 00 00 0A FF FF 00 00 00 05 00 00 09 92 

---->>>  [IN ]
2020/08/24 01:09:04:715
Linktest.rsp
00 00 00 0A FF FF 00 00 00 06 00 00 09 92 

<<<----  [OUT]
2020/08/24 01:09:14:724
Linktest.req
00 00 00 0A FF FF 00 00 00 05 00 00 09 93 

---->>>  [IN ]
2020/08/24 01:09:14:725
Linktest.rsp
00 00 00 0A FF FF 00 00 00 06 00 00 09 93 

<<<----  [OUT]
2020/08/24 01:09:24:730
Linktest.req
00 00 00 0A FF FF 00 00 00 05 00 00 09 94 

---->>>  [IN ]
2020/08/24 01:09:24:731
Linktest.rsp
00 00 00 0A FF FF 00 00 00 06 00 00 09 94 

<<<----  [OUT]
2020/08/24 01:09:34:737
Linktest.req
00 00 00 0A FF FF 00 00 00 05 00 00 09 95 

---->>>  [IN ]
2020/08/24 01:09:34:738
Linktest.rsp
00 00 00 0A FF FF 00 00 00 06 00 00 09 95 

<<<----  [OUT]
2020/08/24 01:09:44:752
Linktest.req
00 00 00 0A FF FF 00 00 00 05 00 00 09 96 

---->>>  [IN ]
2020/08/24 01:09:44:753
Linktest.rsp
00 00 00 0A FF FF 00 00 00 06 00 00 09 96 

<<<----  [OUT]
2020/08/24 01:09:54:762
Linktest.req
00 00 00 0A FF FF 00 00 00 05 00 00 09 97 

---->>>  [IN ]
2020/08/24 01:09:54:763
Linktest.rsp
00 00 00 0A FF FF 00 00 00 06 00 00 09 97 

---->>>  [IN ]
2020/08/24 01:10:01:988
Linktest.req
00 00 00 0A FF FF 00 00 00 05 80 00 01 C3 

<<<----  [OUT]
2020/08/24 01:10:01:988
Linktest.rsp
00 00 00 0A FF FF 00 00 00 06 80 00 01 C3 

<<<----  [OUT]
2020/08/24 01:10:04:773
Linktest.req
00 00 00 0A FF FF 00 00 00 05 00 00 09 98 

---->>>  [IN ]
2020/08/24 01:10:04:774
Linktest.rsp
00 00 00 0A FF FF 00 00 00 06 00 00 09 98 

<<<----  [OUT]
2020/08/24 01:10:14:785
Linktest.req
00 00 00 0A FF FF 00 00 00 05 00 00 09 99 

---->>>  [IN ]
2020/08/24 01:10:14:786
Linktest.rsp
00 00 00 0A FF FF 00 00 00 06 00 00 09 99 

<<<----  [OUT]
2020/08/24 01:10:24:791
Linktest.req
00 00 00 0A FF FF 00 00 00 05 00 00 09 9A 

---->>>  [IN ]
2020/08/24 01:10:24:792
Linktest.rsp
00 00 00 0A FF FF 00 00 00 06 00 00 09 9A 

<<<----  [OUT]
2020/08/24 01:10:34:801
Linktest.req
00 00 00 0A FF FF 00 00 00 05 00 00 09 9B 

---->>>  [IN ]
2020/08/24 01:10:34:802
Linktest.rsp
00 00 00 0A FF FF 00 00 00 06 00 00 09 9B 

<<<----  [OUT]
2020/08/24 01:10:44:810
Linktest.req
00 00 00 0A FF FF 00 00 00 05 00 00 09 9C 

---->>>  [IN ]
2020/08/24 01:10:44:811
Linktest.rsp
00 00 00 0A FF FF 00 00 00 06 00 00 09 9C 

<<<----  [OUT]
2020/08/24 01:10:54:817
Linktest.req
00 00 00 0A FF FF 00 00 00 05 00 00 09 9D 

---->>>  [IN ]
2020/08/24 01:10:54:818
Linktest.rsp
00 00 00 0A FF FF 00 00 00 06 00 00 09 9D 

---->>>  [IN ]
2020/08/24 01:11:01:988
Linktest.req
00 00 00 0A FF FF 00 00 00 05 80 00 01 C4 

<<<----  [OUT]
2020/08/24 01:11:01:988
Linktest.rsp
00 00 00 0A FF FF 00 00 00 06 80 00 01 C4 

<<<----  [OUT]
2020/08/24 01:11:04:825
Linktest.req
00 00 00 0A FF FF 00 00 00 05 00 00 09 9E 

---->>>  [IN ]
2020/08/24 01:11:04:826
Linktest.rsp
00 00 00 0A FF FF 00 00 00 06 00 00 09 9E 

<<<----  [OUT]
2020/08/24 01:11:14:836
Linktest.req
00 00 00 0A FF FF 00 00 00 05 00 00 09 9F 

---->>>  [IN ]
2020/08/24 01:11:14:837
Linktest.rsp
00 00 00 0A FF FF 00 00 00 06 00 00 09 9F 

<<<----  [OUT]
2020/08/24 01:11:24:847
Linktest.req
00 00 00 0A FF FF 00 00 00 05 00 00 09 A0 

---->>>  [IN ]
2020/08/24 01:11:24:848
Linktest.rsp
00 00 00 0A FF FF 00 00 00 06 00 00 09 A0 

<<<----  [OUT]
2020/08/24 01:11:34:858
Linktest.req
00 00 00 0A FF FF 00 00 00 05 00 00 09 A1 

---->>>  [IN ]
2020/08/24 01:11:34:859
Linktest.rsp
00 00 00 0A FF FF 00 00 00 06 00 00 09 A1 

<<<----  [OUT]
2020/08/24 01:11:44:872
Linktest.req
00 00 00 0A FF FF 00 00 00 05 00 00 09 A2 

---->>>  [IN ]
2020/08/24 01:11:44:873
Linktest.rsp
00 00 00 0A FF FF 00 00 00 06 00 00 09 A2 

<<<----  [OUT]
2020/08/24 01:11:54:881
Linktest.req
00 00 00 0A FF FF 00 00 00 05 00 00 09 A3 

---->>>  [IN ]
2020/08/24 01:11:54:881
Linktest.rsp
00 00 00 0A FF FF 00 00 00 06 00 00 09 A3 

---->>>  [IN ]
2020/08/24 01:12:01:992
Linktest.req
00 00 00 0A FF FF 00 00 00 05 80 00 01 C5 

<<<----  [OUT]
2020/08/24 01:12:01:992
Linktest.rsp
00 00 00 0A FF FF 00 00 00 06 80 00 01 C5 

<<<----  [OUT]
2020/08/24 01:12:04:884
Linktest.req
00 00 00 0A FF FF 00 00 00 05 00 00 09 A4 

---->>>  [IN ]
2020/08/24 01:12:04:885
Linktest.rsp
00 00 00 0A FF FF 00 00 00 06 00 00 09 A4 

<<<----  [OUT]
2020/08/24 01:12:14:894
Linktest.req
00 00 00 0A FF FF 00 00 00 05 00 00 09 A5 

---->>>  [IN ]
2020/08/24 01:12:14:895
Linktest.rsp
00 00 00 0A FF FF 00 00 00 06 00 00 09 A5 

<<<----  [OUT]
2020/08/24 01:12:24:905
Linktest.req
00 00 00 0A FF FF 00 00 00 05 00 00 09 A6 

---->>>  [IN ]
2020/08/24 01:12:24:906
Linktest.rsp
00 00 00 0A FF FF 00 00 00 06 00 00 09 A6 

<<<----  [OUT]
2020/08/24 01:12:34:921
Linktest.req
00 00 00 0A FF FF 00 00 00 05 00 00 09 A7 

---->>>  [IN ]
2020/08/24 01:12:34:922
Linktest.rsp
00 00 00 0A FF FF 00 00 00 06 00 00 09 A7 

<<<----  [OUT]
2020/08/24 01:12:44:932
Linktest.req
00 00 00 0A FF FF 00 00 00 05 00 00 09 A8 

---->>>  [IN ]
2020/08/24 01:12:44:933
Linktest.rsp
00 00 00 0A FF FF 00 00 00 06 00 00 09 A8 

<<<----  [OUT]
2020/08/24 01:12:54:939
Linktest.req
00 00 00 0A FF FF 00 00 00 05 00 00 09 A9 

---->>>  [IN ]
2020/08/24 01:12:54:940
Linktest.rsp
00 00 00 0A FF FF 00 00 00 06 00 00 09 A9 

---->>>  [IN ]
2020/08/24 01:13:01:998
Linktest.req
00 00 00 0A FF FF 00 00 00 05 80 00 01 C6 

<<<----  [OUT]
2020/08/24 01:13:01:998
Linktest.rsp
00 00 00 0A FF FF 00 00 00 06 80 00 01 C6 

<<<----  [OUT]
2020/08/24 01:13:04:950
Linktest.req
00 00 00 0A FF FF 00 00 00 05 00 00 09 AA 

---->>>  [IN ]
2020/08/24 01:13:04:951
Linktest.rsp
00 00 00 0A FF FF 00 00 00 06 00 00 09 AA 

<<<----  [OUT]
2020/08/24 01:13:14:964
Linktest.req
00 00 00 0A FF FF 00 00 00 05 00 00 09 AB 

---->>>  [IN ]
2020/08/24 01:13:14:965
Linktest.rsp
00 00 00 0A FF FF 00 00 00 06 00 00 09 AB 

<<<----  [OUT]
2020/08/24 01:13:24:980
Linktest.req
00 00 00 0A FF FF 00 00 00 05 00 00 09 AC 

---->>>  [IN ]
2020/08/24 01:13:24:981
Linktest.rsp
00 00 00 0A FF FF 00 00 00 06 00 00 09 AC 

<<<----  [OUT]
2020/08/24 01:13:34:994
Linktest.req
00 00 00 0A FF FF 00 00 00 05 00 00 09 AD 

---->>>  [IN ]
2020/08/24 01:13:34:995
Linktest.rsp
00 00 00 0A FF FF 00 00 00 06 00 00 09 AD 

<<<----  [OUT]
2020/08/24 01:13:45:008
Linktest.req
00 00 00 0A FF FF 00 00 00 05 00 00 09 AE 

---->>>  [IN ]
2020/08/24 01:13:45:009
Linktest.rsp
00 00 00 0A FF FF 00 00 00 06 00 00 09 AE 

<<<----  [OUT]
2020/08/24 01:13:55:022
Linktest.req
00 00 00 0A FF FF 00 00 00 05 00 00 09 AF 

---->>>  [IN ]
2020/08/24 01:13:55:023
Linktest.rsp
00 00 00 0A FF FF 00 00 00 06 00 00 09 AF 

---->>>  [IN ]
2020/08/24 01:14:01:989
Linktest.req
00 00 00 0A FF FF 00 00 00 05 80 00 01 C7 

<<<----  [OUT]
2020/08/24 01:14:01:989
Linktest.rsp
00 00 00 0A FF FF 00 00 00 06 80 00 01 C7 

<<<----  [OUT]
2020/08/24 01:14:05:038
Linktest.req
00 00 00 0A FF FF 00 00 00 05 00 00 09 B0 

---->>>  [IN ]
2020/08/24 01:14:05:039
Linktest.rsp
00 00 00 0A FF FF 00 00 00 06 00 00 09 B0 

<<<----  [OUT]
2020/08/24 01:14:15:055
Linktest.req
00 00 00 0A FF FF 00 00 00 05 00 00 09 B1 

---->>>  [IN ]
2020/08/24 01:14:15:056
Linktest.rsp
00 00 00 0A FF FF 00 00 00 06 00 00 09 B1 

<<<----  [OUT]
2020/08/24 01:14:25:070
Linktest.req
00 00 00 0A FF FF 00 00 00 05 00 00 09 B2 

---->>>  [IN ]
2020/08/24 01:14:25:071
Linktest.rsp
00 00 00 0A FF FF 00 00 00 06 00 00 09 B2 

<<<----  [OUT]
2020/08/24 01:14:35:076
Linktest.req
00 00 00 0A FF FF 00 00 00 05 00 00 09 B3 

---->>>  [IN ]
2020/08/24 01:14:35:077
Linktest.rsp
00 00 00 0A FF FF 00 00 00 06 00 00 09 B3 

<<<----  [OUT]
2020/08/24 01:14:45:089
Linktest.req
00 00 00 0A FF FF 00 00 00 05 00 00 09 B4 

---->>>  [IN ]
2020/08/24 01:14:45:090
Linktest.rsp
00 00 00 0A FF FF 00 00 00 06 00 00 09 B4 

<<<----  [OUT]
2020/08/24 01:14:55:106
Linktest.req
00 00 00 0A FF FF 00 00 00 05 00 00 09 B5 

---->>>  [IN ]
2020/08/24 01:14:55:107
Linktest.rsp
00 00 00 0A FF FF 00 00 00 06 00 00 09 B5 

---->>>  [IN ]
2020/08/24 01:15:01:996
Linktest.req
00 00 00 0A FF FF 00 00 00 05 80 00 01 C8 

<<<----  [OUT]
2020/08/24 01:15:01:996
Linktest.rsp
00 00 00 0A FF FF 00 00 00 06 80 00 01 C8 

<<<----  [OUT]
2020/08/24 01:15:05:122
Linktest.req
00 00 00 0A FF FF 00 00 00 05 00 00 09 B6 

---->>>  [IN ]
2020/08/24 01:15:05:123
Linktest.rsp
00 00 00 0A FF FF 00 00 00 06 00 00 09 B6 

<<<----  [OUT]
2020/08/24 01:15:15:137
Linktest.req
00 00 00 0A FF FF 00 00 00 05 00 00 09 B7 

---->>>  [IN ]
2020/08/24 01:15:15:138
Linktest.rsp
00 00 00 0A FF FF 00 00 00 06 00 00 09 B7 

<<<----  [OUT]
2020/08/24 01:15:25:151
Linktest.req
00 00 00 0A FF FF 00 00 00 05 00 00 09 B8 

---->>>  [IN ]
2020/08/24 01:15:25:152
Linktest.rsp
00 00 00 0A FF FF 00 00 00 06 00 00 09 B8 

<<<----  [OUT]
2020/08/24 01:15:35:166
Linktest.req
00 00 00 0A FF FF 00 00 00 05 00 00 09 B9 

---->>>  [IN ]
2020/08/24 01:15:35:167
Linktest.rsp
00 00 00 0A FF FF 00 00 00 06 00 00 09 B9 

<<<----  [OUT]
2020/08/24 01:15:45:185
Linktest.req
00 00 00 0A FF FF 00 00 00 05 00 00 09 BA 

---->>>  [IN ]
2020/08/24 01:15:45:186
Linktest.rsp
00 00 00 0A FF FF 00 00 00 06 00 00 09 BA 

<<<----  [OUT]
2020/08/24 01:15:55:202
Linktest.req
00 00 00 0A FF FF 00 00 00 05 00 00 09 BB 

---->>>  [IN ]
2020/08/24 01:15:55:203
Linktest.rsp
00 00 00 0A FF FF 00 00 00 06 00 00 09 BB 

---->>>  [IN ]
2020/08/24 01:16:02:001
Linktest.req
00 00 00 0A FF FF 00 00 00 05 80 00 01 C9 

<<<----  [OUT]
2020/08/24 01:16:02:001
Linktest.rsp
00 00 00 0A FF FF 00 00 00 06 80 00 01 C9 

<<<----  [OUT]
2020/08/24 01:16:05:216
Linktest.req
00 00 00 0A FF FF 00 00 00 05 00 00 09 BC 

---->>>  [IN ]
2020/08/24 01:16:05:217
Linktest.rsp
00 00 00 0A FF FF 00 00 00 06 00 00 09 BC 

<<<----  [OUT]
2020/08/24 01:16:15:229
Linktest.req
00 00 00 0A FF FF 00 00 00 05 00 00 09 BD 

---->>>  [IN ]
2020/08/24 01:16:15:230
Linktest.rsp
00 00 00 0A FF FF 00 00 00 06 00 00 09 BD 

<<<----  [OUT]
2020/08/24 01:16:25:240
Linktest.req
00 00 00 0A FF FF 00 00 00 05 00 00 09 BE 

---->>>  [IN ]
2020/08/24 01:16:25:241
Linktest.rsp
00 00 00 0A FF FF 00 00 00 06 00 00 09 BE 

<<<----  [OUT]
2020/08/24 01:16:35:255
Linktest.req
00 00 00 0A FF FF 00 00 00 05 00 00 09 BF 

---->>>  [IN ]
2020/08/24 01:16:35:255
Linktest.rsp
00 00 00 0A FF FF 00 00 00 06 00 00 09 BF 

<<<----  [OUT]
2020/08/24 01:16:45:270
Linktest.req
00 00 00 0A FF FF 00 00 00 05 00 00 09 C0 

---->>>  [IN ]
2020/08/24 01:16:45:271
Linktest.rsp
00 00 00 0A FF FF 00 00 00 06 00 00 09 C0 

<<<----  [OUT]
2020/08/24 01:16:55:286
Linktest.req
00 00 00 0A FF FF 00 00 00 05 00 00 09 C1 

---->>>  [IN ]
2020/08/24 01:16:55:287
Linktest.rsp
00 00 00 0A FF FF 00 00 00 06 00 00 09 C1 

---->>>  [IN ]
2020/08/24 01:17:01:988
Linktest.req
00 00 00 0A FF FF 00 00 00 05 80 00 01 CA 

<<<----  [OUT]
2020/08/24 01:17:01:988
Linktest.rsp
00 00 00 0A FF FF 00 00 00 06 80 00 01 CA 

<<<----  [OUT]
2020/08/24 01:17:05:299
Linktest.req
00 00 00 0A FF FF 00 00 00 05 00 00 09 C2 

---->>>  [IN ]
2020/08/24 01:17:05:300
Linktest.rsp
00 00 00 0A FF FF 00 00 00 06 00 00 09 C2 

<<<----  [OUT]
2020/08/24 01:17:15:308
Linktest.req
00 00 00 0A FF FF 00 00 00 05 00 00 09 C3 

---->>>  [IN ]
2020/08/24 01:17:15:309
Linktest.rsp
00 00 00 0A FF FF 00 00 00 06 00 00 09 C3 

<<<----  [OUT]
2020/08/24 01:17:25:326
Linktest.req
00 00 00 0A FF FF 00 00 00 05 00 00 09 C4 

---->>>  [IN ]
2020/08/24 01:17:25:327
Linktest.rsp
00 00 00 0A FF FF 00 00 00 06 00 00 09 C4 

<<<----  [OUT]
2020/08/24 01:17:35:344
Linktest.req
00 00 00 0A FF FF 00 00 00 05 00 00 09 C5 

---->>>  [IN ]
2020/08/24 01:17:35:345
Linktest.rsp
00 00 00 0A FF FF 00 00 00 06 00 00 09 C5 

<<<----  [OUT]
2020/08/24 01:17:45:357
Linktest.req
00 00 00 0A FF FF 00 00 00 05 00 00 09 C6 

---->>>  [IN ]
2020/08/24 01:17:45:358
Linktest.rsp
00 00 00 0A FF FF 00 00 00 06 00 00 09 C6 

<<<----  [OUT]
2020/08/24 01:17:55:373
Linktest.req
00 00 00 0A FF FF 00 00 00 05 00 00 09 C7 

---->>>  [IN ]
2020/08/24 01:17:55:374
Linktest.rsp
00 00 00 0A FF FF 00 00 00 06 00 00 09 C7 

---->>>  [IN ]
2020/08/24 01:18:01:999
Linktest.req
00 00 00 0A FF FF 00 00 00 05 80 00 01 CB 

<<<----  [OUT]
2020/08/24 01:18:01:999
Linktest.rsp
00 00 00 0A FF FF 00 00 00 06 80 00 01 CB 

<<<----  [OUT]
2020/08/24 01:18:05:391
Linktest.req
00 00 00 0A FF FF 00 00 00 05 00 00 09 C8 

---->>>  [IN ]
2020/08/24 01:18:05:392
Linktest.rsp
00 00 00 0A FF FF 00 00 00 06 00 00 09 C8 

<<<----  [OUT]
2020/08/24 01:18:15:407
Linktest.req
00 00 00 0A FF FF 00 00 00 05 00 00 09 C9 

---->>>  [IN ]
2020/08/24 01:18:15:408
Linktest.rsp
00 00 00 0A FF FF 00 00 00 06 00 00 09 C9 

<<<----  [OUT]
2020/08/24 01:18:25:424
Linktest.req
00 00 00 0A FF FF 00 00 00 05 00 00 09 CA 

---->>>  [IN ]
2020/08/24 01:18:25:425
Linktest.rsp
00 00 00 0A FF FF 00 00 00 06 00 00 09 CA 

<<<----  [OUT]
2020/08/24 01:18:35:438
Linktest.req
00 00 00 0A FF FF 00 00 00 05 00 00 09 CB 

---->>>  [IN ]
2020/08/24 01:18:35:439
Linktest.rsp
00 00 00 0A FF FF 00 00 00 06 00 00 09 CB 

<<<----  [OUT]
2020/08/24 01:18:45:458
Linktest.req
00 00 00 0A FF FF 00 00 00 05 00 00 09 CC 

---->>>  [IN ]
2020/08/24 01:18:45:459
Linktest.rsp
00 00 00 0A FF FF 00 00 00 06 00 00 09 CC 

<<<----  [OUT]
2020/08/24 01:18:55:472
Linktest.req
00 00 00 0A FF FF 00 00 00 05 00 00 09 CD 

---->>>  [IN ]
2020/08/24 01:18:55:473
Linktest.rsp
00 00 00 0A FF FF 00 00 00 06 00 00 09 CD 

---->>>  [IN ]
2020/08/24 01:19:02:000
Linktest.req
00 00 00 0A FF FF 00 00 00 05 80 00 01 CC 

<<<----  [OUT]
2020/08/24 01:19:02:000
Linktest.rsp
00 00 00 0A FF FF 00 00 00 06 80 00 01 CC 

<<<----  [OUT]
2020/08/24 01:19:05:483
Linktest.req
00 00 00 0A FF FF 00 00 00 05 00 00 09 CE 

---->>>  [IN ]
2020/08/24 01:19:05:484
Linktest.rsp
00 00 00 0A FF FF 00 00 00 06 00 00 09 CE 

<<<----  [OUT]
2020/08/24 01:19:15:490
Linktest.req
00 00 00 0A FF FF 00 00 00 05 00 00 09 CF 

---->>>  [IN ]
2020/08/24 01:19:15:491
Linktest.rsp
00 00 00 0A FF FF 00 00 00 06 00 00 09 CF 

<<<----  [OUT]
2020/08/24 01:19:25:500
Linktest.req
00 00 00 0A FF FF 00 00 00 05 00 00 09 D0 

---->>>  [IN ]
2020/08/24 01:19:25:501
Linktest.rsp
00 00 00 0A FF FF 00 00 00 06 00 00 09 D0 

<<<----  [OUT]
2020/08/24 01:19:35:512
Linktest.req
00 00 00 0A FF FF 00 00 00 05 00 00 09 D1 

---->>>  [IN ]
2020/08/24 01:19:35:513
Linktest.rsp
00 00 00 0A FF FF 00 00 00 06 00 00 09 D1 

<<<----  [OUT]
2020/08/24 01:19:45:517
Linktest.req
00 00 00 0A FF FF 00 00 00 05 00 00 09 D2 

---->>>  [IN ]
2020/08/24 01:19:45:518
Linktest.rsp
00 00 00 0A FF FF 00 00 00 06 00 00 09 D2 

<<<----  [OUT]
2020/08/24 01:19:55:533
Linktest.req
00 00 00 0A FF FF 00 00 00 05 00 00 09 D3 

---->>>  [IN ]
2020/08/24 01:19:55:534
Linktest.rsp
00 00 00 0A FF FF 00 00 00 06 00 00 09 D3 

---->>>  [IN ]
2020/08/24 01:20:02:003
Linktest.req
00 00 00 0A FF FF 00 00 00 05 80 00 01 CD 

<<<----  [OUT]
2020/08/24 01:20:02:003
Linktest.rsp
00 00 00 0A FF FF 00 00 00 06 80 00 01 CD 

<<<----  [OUT]
2020/08/24 01:20:05:544
Linktest.req
00 00 00 0A FF FF 00 00 00 05 00 00 09 D4 

---->>>  [IN ]
2020/08/24 01:20:05:545
Linktest.rsp
00 00 00 0A FF FF 00 00 00 06 00 00 09 D4 

<<<----  [OUT]
2020/08/24 01:20:15:557
Linktest.req
00 00 00 0A FF FF 00 00 00 05 00 00 09 D5 

---->>>  [IN ]
2020/08/24 01:20:15:558
Linktest.rsp
00 00 00 0A FF FF 00 00 00 06 00 00 09 D5 

<<<----  [OUT]
2020/08/24 01:20:25:568
Linktest.req
00 00 00 0A FF FF 00 00 00 05 00 00 09 D6 

---->>>  [IN ]
2020/08/24 01:20:25:569
Linktest.rsp
00 00 00 0A FF FF 00 00 00 06 00 00 09 D6 

<<<----  [OUT]
2020/08/24 01:20:35:582
Linktest.req
00 00 00 0A FF FF 00 00 00 05 00 00 09 D7 

---->>>  [IN ]
2020/08/24 01:20:35:583
Linktest.rsp
00 00 00 0A FF FF 00 00 00 06 00 00 09 D7 

<<<----  [OUT]
2020/08/24 01:20:45:595
Linktest.req
00 00 00 0A FF FF 00 00 00 05 00 00 09 D8 

---->>>  [IN ]
2020/08/24 01:20:45:596
Linktest.rsp
00 00 00 0A FF FF 00 00 00 06 00 00 09 D8 

<<<----  [OUT]
2020/08/24 01:20:55:610
Linktest.req
00 00 00 0A FF FF 00 00 00 05 00 00 09 D9 

---->>>  [IN ]
2020/08/24 01:20:55:611
Linktest.rsp
00 00 00 0A FF FF 00 00 00 06 00 00 09 D9 

---->>>  [IN ]
2020/08/24 01:21:02:002
Linktest.req
00 00 00 0A FF FF 00 00 00 05 80 00 01 CE 

<<<----  [OUT]
2020/08/24 01:21:02:002
Linktest.rsp
00 00 00 0A FF FF 00 00 00 06 80 00 01 CE 

<<<----  [OUT]
2020/08/24 01:21:05:624
Linktest.req
00 00 00 0A FF FF 00 00 00 05 00 00 09 DA 

---->>>  [IN ]
2020/08/24 01:21:05:625
Linktest.rsp
00 00 00 0A FF FF 00 00 00 06 00 00 09 DA 

<<<----  [OUT]
2020/08/24 01:21:15:643
Linktest.req
00 00 00 0A FF FF 00 00 00 05 00 00 09 DB 

---->>>  [IN ]
2020/08/24 01:21:15:644
Linktest.rsp
00 00 00 0A FF FF 00 00 00 06 00 00 09 DB 

<<<----  [OUT]
2020/08/24 01:21:25:657
Linktest.req
00 00 00 0A FF FF 00 00 00 05 00 00 09 DC 

---->>>  [IN ]
2020/08/24 01:21:25:658
Linktest.rsp
00 00 00 0A FF FF 00 00 00 06 00 00 09 DC 

<<<----  [OUT]
2020/08/24 01:21:35:661
Linktest.req
00 00 00 0A FF FF 00 00 00 05 00 00 09 DD 

---->>>  [IN ]
2020/08/24 01:21:35:662
Linktest.rsp
00 00 00 0A FF FF 00 00 00 06 00 00 09 DD 

<<<----  [OUT]
2020/08/24 01:21:45:671
Linktest.req
00 00 00 0A FF FF 00 00 00 05 00 00 09 DE 

---->>>  [IN ]
2020/08/24 01:21:45:672
Linktest.rsp
00 00 00 0A FF FF 00 00 00 06 00 00 09 DE 

<<<----  [OUT]
2020/08/24 01:21:55:683
Linktest.req
00 00 00 0A FF FF 00 00 00 05 00 00 09 DF 

---->>>  [IN ]
2020/08/24 01:21:55:684
Linktest.rsp
00 00 00 0A FF FF 00 00 00 06 00 00 09 DF 

---->>>  [IN ]
2020/08/24 01:22:02:008
Linktest.req
00 00 00 0A FF FF 00 00 00 05 80 00 01 CF 

<<<----  [OUT]
2020/08/24 01:22:02:008
Linktest.rsp
00 00 00 0A FF FF 00 00 00 06 80 00 01 CF 

<<<----  [OUT]
2020/08/24 01:22:05:695
Linktest.req
00 00 00 0A FF FF 00 00 00 05 00 00 09 E0 

---->>>  [IN ]
2020/08/24 01:22:05:696
Linktest.rsp
00 00 00 0A FF FF 00 00 00 06 00 00 09 E0 

<<<----  [OUT]
2020/08/24 01:22:15:704
Linktest.req
00 00 00 0A FF FF 00 00 00 05 00 00 09 E1 

---->>>  [IN ]
2020/08/24 01:22:15:705
Linktest.rsp
00 00 00 0A FF FF 00 00 00 06 00 00 09 E1 

<<<----  [OUT]
2020/08/24 01:22:25:714
Linktest.req
00 00 00 0A FF FF 00 00 00 05 00 00 09 E2 

---->>>  [IN ]
2020/08/24 01:22:25:715
Linktest.rsp
00 00 00 0A FF FF 00 00 00 06 00 00 09 E2 

<<<----  [OUT]
2020/08/24 01:22:35:722
Linktest.req
00 00 00 0A FF FF 00 00 00 05 00 00 09 E3 

---->>>  [IN ]
2020/08/24 01:22:35:723
Linktest.rsp
00 00 00 0A FF FF 00 00 00 06 00 00 09 E3 

<<<----  [OUT]
2020/08/24 01:22:45:734
Linktest.req
00 00 00 0A FF FF 00 00 00 05 00 00 09 E4 

---->>>  [IN ]
2020/08/24 01:22:45:735
Linktest.rsp
00 00 00 0A FF FF 00 00 00 06 00 00 09 E4 

<<<----  [OUT]
2020/08/24 01:22:55:742
Linktest.req
00 00 00 0A FF FF 00 00 00 05 00 00 09 E5 

---->>>  [IN ]
2020/08/24 01:22:55:743
Linktest.rsp
00 00 00 0A FF FF 00 00 00 06 00 00 09 E5 

---->>>  [IN ]
2020/08/24 01:23:02:007
Linktest.req
00 00 00 0A FF FF 00 00 00 05 80 00 01 D0 

<<<----  [OUT]
2020/08/24 01:23:02:007
Linktest.rsp
00 00 00 0A FF FF 00 00 00 06 80 00 01 D0 

<<<----  [OUT]
2020/08/24 01:23:05:747
Linktest.req
00 00 00 0A FF FF 00 00 00 05 00 00 09 E6 

---->>>  [IN ]
2020/08/24 01:23:05:748
Linktest.rsp
00 00 00 0A FF FF 00 00 00 06 00 00 09 E6 

<<<----  [OUT]
2020/08/24 01:23:15:756
Linktest.req
00 00 00 0A FF FF 00 00 00 05 00 00 09 E7 

---->>>  [IN ]
2020/08/24 01:23:15:757
Linktest.rsp
00 00 00 0A FF FF 00 00 00 06 00 00 09 E7 

<<<----  [OUT]
2020/08/24 01:23:25:772
Linktest.req
00 00 00 0A FF FF 00 00 00 05 00 00 09 E8 

---->>>  [IN ]
2020/08/24 01:23:25:773
Linktest.rsp
00 00 00 0A FF FF 00 00 00 06 00 00 09 E8 

<<<----  [OUT]
2020/08/24 01:23:35:780
Linktest.req
00 00 00 0A FF FF 00 00 00 05 00 00 09 E9 

---->>>  [IN ]
2020/08/24 01:23:35:781
Linktest.rsp
00 00 00 0A FF FF 00 00 00 06 00 00 09 E9 

<<<----  [OUT]
2020/08/24 01:23:45:792
Linktest.req
00 00 00 0A FF FF 00 00 00 05 00 00 09 EA 

---->>>  [IN ]
2020/08/24 01:23:45:793
Linktest.rsp
00 00 00 0A FF FF 00 00 00 06 00 00 09 EA 

<<<----  [OUT]
2020/08/24 01:23:55:808
Linktest.req
00 00 00 0A FF FF 00 00 00 05 00 00 09 EB 

---->>>  [IN ]
2020/08/24 01:23:55:809
Linktest.rsp
00 00 00 0A FF FF 00 00 00 06 00 00 09 EB 

---->>>  [IN ]
2020/08/24 01:24:02:010
Linktest.req
00 00 00 0A FF FF 00 00 00 05 80 00 01 D1 

<<<----  [OUT]
2020/08/24 01:24:02:010
Linktest.rsp
00 00 00 0A FF FF 00 00 00 06 80 00 01 D1 

<<<----  [OUT]
2020/08/24 01:24:05:815
Linktest.req
00 00 00 0A FF FF 00 00 00 05 00 00 09 EC 

---->>>  [IN ]
2020/08/24 01:24:05:816
Linktest.rsp
00 00 00 0A FF FF 00 00 00 06 00 00 09 EC 

<<<----  [OUT]
2020/08/24 01:24:15:830
Linktest.req
00 00 00 0A FF FF 00 00 00 05 00 00 09 ED 

---->>>  [IN ]
2020/08/24 01:24:15:831
Linktest.rsp
00 00 00 0A FF FF 00 00 00 06 00 00 09 ED 

<<<----  [OUT]
2020/08/24 01:24:25:838
Linktest.req
00 00 00 0A FF FF 00 00 00 05 00 00 09 EE 

---->>>  [IN ]
2020/08/24 01:24:25:839
Linktest.rsp
00 00 00 0A FF FF 00 00 00 06 00 00 09 EE 

<<<----  [OUT]
2020/08/24 01:24:35:850
Linktest.req
00 00 00 0A FF FF 00 00 00 05 00 00 09 EF 

---->>>  [IN ]
2020/08/24 01:24:35:852
Linktest.rsp
00 00 00 0A FF FF 00 00 00 06 00 00 09 EF 

<<<----  [OUT]
2020/08/24 01:24:45:864
Linktest.req
00 00 00 0A FF FF 00 00 00 05 00 00 09 F0 

---->>>  [IN ]
2020/08/24 01:24:45:864
Linktest.rsp
00 00 00 0A FF FF 00 00 00 06 00 00 09 F0 

<<<----  [OUT]
2020/08/24 01:24:55:878
Linktest.req
00 00 00 0A FF FF 00 00 00 05 00 00 09 F1 

---->>>  [IN ]
2020/08/24 01:24:55:879
Linktest.rsp
00 00 00 0A FF FF 00 00 00 06 00 00 09 F1 

---->>>  [IN ]
2020/08/24 01:25:02:012
Linktest.req
00 00 00 0A FF FF 00 00 00 05 80 00 01 D2 

<<<----  [OUT]
2020/08/24 01:25:02:012
Linktest.rsp
00 00 00 0A FF FF 00 00 00 06 80 00 01 D2 

<<<----  [OUT]
2020/08/24 01:25:05:887
Linktest.req
00 00 00 0A FF FF 00 00 00 05 00 00 09 F2 

---->>>  [IN ]
2020/08/24 01:25:05:888
Linktest.rsp
00 00 00 0A FF FF 00 00 00 06 00 00 09 F2 

<<<----  [OUT]
2020/08/24 01:25:15:903
Linktest.req
00 00 00 0A FF FF 00 00 00 05 00 00 09 F3 

---->>>  [IN ]
2020/08/24 01:25:15:904
Linktest.rsp
00 00 00 0A FF FF 00 00 00 06 00 00 09 F3 

<<<----  [OUT]
2020/08/24 01:25:25:913
Linktest.req
00 00 00 0A FF FF 00 00 00 05 00 00 09 F4 

---->>>  [IN ]
2020/08/24 01:25:25:914
Linktest.rsp
00 00 00 0A FF FF 00 00 00 06 00 00 09 F4 

<<<----  [OUT]
2020/08/24 01:25:35:927
Linktest.req
00 00 00 0A FF FF 00 00 00 05 00 00 09 F5 

---->>>  [IN ]
2020/08/24 01:25:35:928
Linktest.rsp
00 00 00 0A FF FF 00 00 00 06 00 00 09 F5 

<<<----  [OUT]
2020/08/24 01:25:45:940
Linktest.req
00 00 00 0A FF FF 00 00 00 05 00 00 09 F6 

---->>>  [IN ]
2020/08/24 01:25:45:941
Linktest.rsp
00 00 00 0A FF FF 00 00 00 06 00 00 09 F6 

<<<----  [OUT]
2020/08/24 01:25:55:953
Linktest.req
00 00 00 0A FF FF 00 00 00 05 00 00 09 F7 

---->>>  [IN ]
2020/08/24 01:25:55:954
Linktest.rsp
00 00 00 0A FF FF 00 00 00 06 00 00 09 F7 

---->>>  [IN ]
2020/08/24 01:26:02:005
Linktest.req
00 00 00 0A FF FF 00 00 00 05 80 00 01 D3 

<<<----  [OUT]
2020/08/24 01:26:02:005
Linktest.rsp
00 00 00 0A FF FF 00 00 00 06 80 00 01 D3 

<<<----  [OUT]
2020/08/24 01:26:05:964
Linktest.req
00 00 00 0A FF FF 00 00 00 05 00 00 09 F8 

---->>>  [IN ]
2020/08/24 01:26:05:965
Linktest.rsp
00 00 00 0A FF FF 00 00 00 06 00 00 09 F8 

<<<----  [OUT]
2020/08/24 01:26:15:977
Linktest.req
00 00 00 0A FF FF 00 00 00 05 00 00 09 F9 

---->>>  [IN ]
2020/08/24 01:26:15:978
Linktest.rsp
00 00 00 0A FF FF 00 00 00 06 00 00 09 F9 

<<<----  [OUT]
2020/08/24 01:26:25:988
Linktest.req
00 00 00 0A FF FF 00 00 00 05 00 00 09 FA 

---->>>  [IN ]
2020/08/24 01:26:25:989
Linktest.rsp
00 00 00 0A FF FF 00 00 00 06 00 00 09 FA 

<<<----  [OUT]
2020/08/24 01:26:36:005
Linktest.req
00 00 00 0A FF FF 00 00 00 05 00 00 09 FB 

---->>>  [IN ]
2020/08/24 01:26:36:006
Linktest.rsp
00 00 00 0A FF FF 00 00 00 06 00 00 09 FB 

<<<----  [OUT]
2020/08/24 01:26:46:016
Linktest.req
00 00 00 0A FF FF 00 00 00 05 00 00 09 FC 

---->>>  [IN ]
2020/08/24 01:26:46:017
Linktest.rsp
00 00 00 0A FF FF 00 00 00 06 00 00 09 FC 

<<<----  [OUT]
2020/08/24 01:26:56:024
Linktest.req
00 00 00 0A FF FF 00 00 00 05 00 00 09 FD 

---->>>  [IN ]
2020/08/24 01:26:56:025
Linktest.rsp
00 00 00 0A FF FF 00 00 00 06 00 00 09 FD 

---->>>  [IN ]
2020/08/24 01:27:02:007
Linktest.req
00 00 00 0A FF FF 00 00 00 05 80 00 01 D4 

<<<----  [OUT]
2020/08/24 01:27:02:007
Linktest.rsp
00 00 00 0A FF FF 00 00 00 06 80 00 01 D4 

<<<----  [OUT]
2020/08/24 01:27:06:040
Linktest.req
00 00 00 0A FF FF 00 00 00 05 00 00 09 FE 

---->>>  [IN ]
2020/08/24 01:27:06:041
Linktest.rsp
00 00 00 0A FF FF 00 00 00 06 00 00 09 FE 

<<<----  [OUT]
2020/08/24 01:27:16:052
Linktest.req
00 00 00 0A FF FF 00 00 00 05 00 00 09 FF 

---->>>  [IN ]
2020/08/24 01:27:16:053
Linktest.rsp
00 00 00 0A FF FF 00 00 00 06 00 00 09 FF 

<<<----  [OUT]
2020/08/24 01:27:26:064
Linktest.req
00 00 00 0A FF FF 00 00 00 05 00 00 0A 00 

---->>>  [IN ]
2020/08/24 01:27:26:065
Linktest.rsp
00 00 00 0A FF FF 00 00 00 06 00 00 0A 00 

<<<----  [OUT]
2020/08/24 01:27:36:072
Linktest.req
00 00 00 0A FF FF 00 00 00 05 00 00 0A 01 

---->>>  [IN ]
2020/08/24 01:27:36:073
Linktest.rsp
00 00 00 0A FF FF 00 00 00 06 00 00 0A 01 

<<<----  [OUT]
2020/08/24 01:27:46:080
Linktest.req
00 00 00 0A FF FF 00 00 00 05 00 00 0A 02 

---->>>  [IN ]
2020/08/24 01:27:46:081
Linktest.rsp
00 00 00 0A FF FF 00 00 00 06 00 00 0A 02 

<<<----  [OUT]
2020/08/24 01:27:56:091
Linktest.req
00 00 00 0A FF FF 00 00 00 05 00 00 0A 03 

---->>>  [IN ]
2020/08/24 01:27:56:092
Linktest.rsp
00 00 00 0A FF FF 00 00 00 06 00 00 0A 03 

---->>>  [IN ]
2020/08/24 01:28:02:014
Linktest.req
00 00 00 0A FF FF 00 00 00 05 80 00 01 D5 

<<<----  [OUT]
2020/08/24 01:28:02:014
Linktest.rsp
00 00 00 0A FF FF 00 00 00 06 80 00 01 D5 

<<<----  [OUT]
2020/08/24 01:28:06:107
Linktest.req
00 00 00 0A FF FF 00 00 00 05 00 00 0A 04 

---->>>  [IN ]
2020/08/24 01:28:06:108
Linktest.rsp
00 00 00 0A FF FF 00 00 00 06 00 00 0A 04 

<<<----  [OUT]
2020/08/24 01:28:16:115
Linktest.req
00 00 00 0A FF FF 00 00 00 05 00 00 0A 05 

---->>>  [IN ]
2020/08/24 01:28:16:116
Linktest.rsp
00 00 00 0A FF FF 00 00 00 06 00 00 0A 05 

<<<----  [OUT]
2020/08/24 01:28:26:126
Linktest.req
00 00 00 0A FF FF 00 00 00 05 00 00 0A 06 

---->>>  [IN ]
2020/08/24 01:28:26:127
Linktest.rsp
00 00 00 0A FF FF 00 00 00 06 00 00 0A 06 

<<<----  [OUT]
2020/08/24 01:28:36:138
Linktest.req
00 00 00 0A FF FF 00 00 00 05 00 00 0A 07 

---->>>  [IN ]
2020/08/24 01:28:36:139
Linktest.rsp
00 00 00 0A FF FF 00 00 00 06 00 00 0A 07 

<<<----  [OUT]
2020/08/24 01:28:46:155
Linktest.req
00 00 00 0A FF FF 00 00 00 05 00 00 0A 08 

---->>>  [IN ]
2020/08/24 01:28:46:156
Linktest.rsp
00 00 00 0A FF FF 00 00 00 06 00 00 0A 08 

<<<----  [OUT]
2020/08/24 01:28:56:164
Linktest.req
00 00 00 0A FF FF 00 00 00 05 00 00 0A 09 

---->>>  [IN ]
2020/08/24 01:28:56:165
Linktest.rsp
00 00 00 0A FF FF 00 00 00 06 00 00 0A 09 

---->>>  [IN ]
2020/08/24 01:29:02:011
Linktest.req
00 00 00 0A FF FF 00 00 00 05 80 00 01 D6 

<<<----  [OUT]
2020/08/24 01:29:02:011
Linktest.rsp
00 00 00 0A FF FF 00 00 00 06 80 00 01 D6 

<<<----  [OUT]
2020/08/24 01:29:06:172
Linktest.req
00 00 00 0A FF FF 00 00 00 05 00 00 0A 0A 

---->>>  [IN ]
2020/08/24 01:29:06:173
Linktest.rsp
00 00 00 0A FF FF 00 00 00 06 00 00 0A 0A 

<<<----  [OUT]
2020/08/24 01:29:16:181
Linktest.req
00 00 00 0A FF FF 00 00 00 05 00 00 0A 0B 

---->>>  [IN ]
2020/08/24 01:29:16:182
Linktest.rsp
00 00 00 0A FF FF 00 00 00 06 00 00 0A 0B 

<<<----  [OUT]
2020/08/24 01:29:26:192
Linktest.req
00 00 00 0A FF FF 00 00 00 05 00 00 0A 0C 

---->>>  [IN ]
2020/08/24 01:29:26:193
Linktest.rsp
00 00 00 0A FF FF 00 00 00 06 00 00 0A 0C 

<<<----  [OUT]
2020/08/24 01:29:36:205
Linktest.req
00 00 00 0A FF FF 00 00 00 05 00 00 0A 0D 

---->>>  [IN ]
2020/08/24 01:29:36:206
Linktest.rsp
00 00 00 0A FF FF 00 00 00 06 00 00 0A 0D 

<<<----  [OUT]
2020/08/24 01:29:46:224
Linktest.req
00 00 00 0A FF FF 00 00 00 05 00 00 0A 0E 

---->>>  [IN ]
2020/08/24 01:29:46:225
Linktest.rsp
00 00 00 0A FF FF 00 00 00 06 00 00 0A 0E 

<<<----  [OUT]
2020/08/24 01:29:56:240
Linktest.req
00 00 00 0A FF FF 00 00 00 05 00 00 0A 0F 

---->>>  [IN ]
2020/08/24 01:29:56:241
Linktest.rsp
00 00 00 0A FF FF 00 00 00 06 00 00 0A 0F 

---->>>  [IN ]
2020/08/24 01:30:02:004
Linktest.req
00 00 00 0A FF FF 00 00 00 05 80 00 01 D7 

<<<----  [OUT]
2020/08/24 01:30:02:004
Linktest.rsp
00 00 00 0A FF FF 00 00 00 06 80 00 01 D7 

<<<----  [OUT]
2020/08/24 01:30:06:249
Linktest.req
00 00 00 0A FF FF 00 00 00 05 00 00 0A 10 

---->>>  [IN ]
2020/08/24 01:30:06:250
Linktest.rsp
00 00 00 0A FF FF 00 00 00 06 00 00 0A 10 

<<<----  [OUT]
2020/08/24 01:30:16:255
Linktest.req
00 00 00 0A FF FF 00 00 00 05 00 00 0A 11 

---->>>  [IN ]
2020/08/24 01:30:16:256
Linktest.rsp
00 00 00 0A FF FF 00 00 00 06 00 00 0A 11 

<<<----  [OUT]
2020/08/24 01:30:26:267
Linktest.req
00 00 00 0A FF FF 00 00 00 05 00 00 0A 12 

---->>>  [IN ]
2020/08/24 01:30:26:268
Linktest.rsp
00 00 00 0A FF FF 00 00 00 06 00 00 0A 12 

<<<----  [OUT]
2020/08/24 01:30:36:282
Linktest.req
00 00 00 0A FF FF 00 00 00 05 00 00 0A 13 

---->>>  [IN ]
2020/08/24 01:30:36:283
Linktest.rsp
00 00 00 0A FF FF 00 00 00 06 00 00 0A 13 

<<<----  [OUT]
2020/08/24 01:30:46:299
Linktest.req
00 00 00 0A FF FF 00 00 00 05 00 00 0A 14 

---->>>  [IN ]
2020/08/24 01:30:46:300
Linktest.rsp
00 00 00 0A FF FF 00 00 00 06 00 00 0A 14 

<<<----  [OUT]
2020/08/24 01:30:56:311
Linktest.req
00 00 00 0A FF FF 00 00 00 05 00 00 0A 15 

---->>>  [IN ]
2020/08/24 01:30:56:312
Linktest.rsp
00 00 00 0A FF FF 00 00 00 06 00 00 0A 15 

---->>>  [IN ]
2020/08/24 01:31:02:006
Linktest.req
00 00 00 0A FF FF 00 00 00 05 80 00 01 D8 

<<<----  [OUT]
2020/08/24 01:31:02:006
Linktest.rsp
00 00 00 0A FF FF 00 00 00 06 80 00 01 D8 

<<<----  [OUT]
2020/08/24 01:31:06:324
Linktest.req
00 00 00 0A FF FF 00 00 00 05 00 00 0A 16 

---->>>  [IN ]
2020/08/24 01:31:06:325
Linktest.rsp
00 00 00 0A FF FF 00 00 00 06 00 00 0A 16 

<<<----  [OUT]
2020/08/24 01:31:16:334
Linktest.req
00 00 00 0A FF FF 00 00 00 05 00 00 0A 17 

---->>>  [IN ]
2020/08/24 01:31:16:335
Linktest.rsp
00 00 00 0A FF FF 00 00 00 06 00 00 0A 17 

<<<----  [OUT]
2020/08/24 01:31:26:349
Linktest.req
00 00 00 0A FF FF 00 00 00 05 00 00 0A 18 

---->>>  [IN ]
2020/08/24 01:31:26:350
Linktest.rsp
00 00 00 0A FF FF 00 00 00 06 00 00 0A 18 

<<<----  [OUT]
2020/08/24 01:31:36:361
Linktest.req
00 00 00 0A FF FF 00 00 00 05 00 00 0A 19 

---->>>  [IN ]
2020/08/24 01:31:36:361
Linktest.rsp
00 00 00 0A FF FF 00 00 00 06 00 00 0A 19 

<<<----  [OUT]
2020/08/24 01:31:46:370
Linktest.req
00 00 00 0A FF FF 00 00 00 05 00 00 0A 1A 

---->>>  [IN ]
2020/08/24 01:31:46:371
Linktest.rsp
00 00 00 0A FF FF 00 00 00 06 00 00 0A 1A 

<<<----  [OUT]
2020/08/24 01:31:56:381
Linktest.req
00 00 00 0A FF FF 00 00 00 05 00 00 0A 1B 

---->>>  [IN ]
2020/08/24 01:31:56:382
Linktest.rsp
00 00 00 0A FF FF 00 00 00 06 00 00 0A 1B 

---->>>  [IN ]
2020/08/24 01:32:02:007
Linktest.req
00 00 00 0A FF FF 00 00 00 05 80 00 01 D9 

<<<----  [OUT]
2020/08/24 01:32:02:007
Linktest.rsp
00 00 00 0A FF FF 00 00 00 06 80 00 01 D9 

<<<----  [OUT]
2020/08/24 01:32:06:395
Linktest.req
00 00 00 0A FF FF 00 00 00 05 00 00 0A 1C 

---->>>  [IN ]
2020/08/24 01:32:06:396
Linktest.rsp
00 00 00 0A FF FF 00 00 00 06 00 00 0A 1C 

<<<----  [OUT]
2020/08/24 01:32:16:407
Linktest.req
00 00 00 0A FF FF 00 00 00 05 00 00 0A 1D 

---->>>  [IN ]
2020/08/24 01:32:16:408
Linktest.rsp
00 00 00 0A FF FF 00 00 00 06 00 00 0A 1D 

<<<----  [OUT]
2020/08/24 01:32:26:420
Linktest.req
00 00 00 0A FF FF 00 00 00 05 00 00 0A 1E 

---->>>  [IN ]
2020/08/24 01:32:26:421
Linktest.rsp
00 00 00 0A FF FF 00 00 00 06 00 00 0A 1E 

<<<----  [OUT]
2020/08/24 01:32:36:433
Linktest.req
00 00 00 0A FF FF 00 00 00 05 00 00 0A 1F 

---->>>  [IN ]
2020/08/24 01:32:36:434
Linktest.rsp
00 00 00 0A FF FF 00 00 00 06 00 00 0A 1F 

<<<----  [OUT]
2020/08/24 01:32:46:447
Linktest.req
00 00 00 0A FF FF 00 00 00 05 00 00 0A 20 

---->>>  [IN ]
2020/08/24 01:32:46:448
Linktest.rsp
00 00 00 0A FF FF 00 00 00 06 00 00 0A 20 

<<<----  [OUT]
2020/08/24 01:32:56:463
Linktest.req
00 00 00 0A FF FF 00 00 00 05 00 00 0A 21 

---->>>  [IN ]
2020/08/24 01:32:56:464
Linktest.rsp
00 00 00 0A FF FF 00 00 00 06 00 00 0A 21 

---->>>  [IN ]
2020/08/24 01:33:02:003
Linktest.req
00 00 00 0A FF FF 00 00 00 05 80 00 01 DA 

<<<----  [OUT]
2020/08/24 01:33:02:003
Linktest.rsp
00 00 00 0A FF FF 00 00 00 06 80 00 01 DA 

<<<----  [OUT]
2020/08/24 01:33:06:475
Linktest.req
00 00 00 0A FF FF 00 00 00 05 00 00 0A 22 

---->>>  [IN ]
2020/08/24 01:33:06:475
Linktest.rsp
00 00 00 0A FF FF 00 00 00 06 00 00 0A 22 

<<<----  [OUT]
2020/08/24 01:33:16:494
Linktest.req
00 00 00 0A FF FF 00 00 00 05 00 00 0A 23 

---->>>  [IN ]
2020/08/24 01:33:16:495
Linktest.rsp
00 00 00 0A FF FF 00 00 00 06 00 00 0A 23 

<<<----  [OUT]
2020/08/24 01:33:26:509
Linktest.req
00 00 00 0A FF FF 00 00 00 05 00 00 0A 24 

---->>>  [IN ]
2020/08/24 01:33:26:510
Linktest.rsp
00 00 00 0A FF FF 00 00 00 06 00 00 0A 24 

<<<----  [OUT]
2020/08/24 01:33:36:523
Linktest.req
00 00 00 0A FF FF 00 00 00 05 00 00 0A 25 

---->>>  [IN ]
2020/08/24 01:33:36:524
Linktest.rsp
00 00 00 0A FF FF 00 00 00 06 00 00 0A 25 

<<<----  [OUT]
2020/08/24 01:33:46:536
Linktest.req
00 00 00 0A FF FF 00 00 00 05 00 00 0A 26 

---->>>  [IN ]
2020/08/24 01:33:46:537
Linktest.rsp
00 00 00 0A FF FF 00 00 00 06 00 00 0A 26 

<<<----  [OUT]
2020/08/24 01:33:56:550
Linktest.req
00 00 00 0A FF FF 00 00 00 05 00 00 0A 27 

---->>>  [IN ]
2020/08/24 01:33:56:551
Linktest.rsp
00 00 00 0A FF FF 00 00 00 06 00 00 0A 27 

---->>>  [IN ]
2020/08/24 01:34:01:999
Linktest.req
00 00 00 0A FF FF 00 00 00 05 80 00 01 DB 

<<<----  [OUT]
2020/08/24 01:34:01:999
Linktest.rsp
00 00 00 0A FF FF 00 00 00 06 80 00 01 DB 

<<<----  [OUT]
2020/08/24 01:34:06:564
Linktest.req
00 00 00 0A FF FF 00 00 00 05 00 00 0A 28 

---->>>  [IN ]
2020/08/24 01:34:06:565
Linktest.rsp
00 00 00 0A FF FF 00 00 00 06 00 00 0A 28 

<<<----  [OUT]
2020/08/24 01:34:16:582
Linktest.req
00 00 00 0A FF FF 00 00 00 05 00 00 0A 29 

---->>>  [IN ]
2020/08/24 01:34:16:582
Linktest.rsp
00 00 00 0A FF FF 00 00 00 06 00 00 0A 29 

<<<----  [OUT]
2020/08/24 01:34:26:595
Linktest.req
00 00 00 0A FF FF 00 00 00 05 00 00 0A 2A 

---->>>  [IN ]
2020/08/24 01:34:26:596
Linktest.rsp
00 00 00 0A FF FF 00 00 00 06 00 00 0A 2A 

<<<----  [OUT]
2020/08/24 01:34:36:610
Linktest.req
00 00 00 0A FF FF 00 00 00 05 00 00 0A 2B 

---->>>  [IN ]
2020/08/24 01:34:36:611
Linktest.rsp
00 00 00 0A FF FF 00 00 00 06 00 00 0A 2B 

<<<----  [OUT]
2020/08/24 01:34:46:626
Linktest.req
00 00 00 0A FF FF 00 00 00 05 00 00 0A 2C 

---->>>  [IN ]
2020/08/24 01:34:46:627
Linktest.rsp
00 00 00 0A FF FF 00 00 00 06 00 00 0A 2C 

<<<----  [OUT]
2020/08/24 01:34:56:638
Linktest.req
00 00 00 0A FF FF 00 00 00 05 00 00 0A 2D 

---->>>  [IN ]
2020/08/24 01:34:56:639
Linktest.rsp
00 00 00 0A FF FF 00 00 00 06 00 00 0A 2D 

---->>>  [IN ]
2020/08/24 01:35:02:004
Linktest.req
00 00 00 0A FF FF 00 00 00 05 80 00 01 DC 

<<<----  [OUT]
2020/08/24 01:35:02:004
Linktest.rsp
00 00 00 0A FF FF 00 00 00 06 80 00 01 DC 

<<<----  [OUT]
2020/08/24 01:35:06:651
Linktest.req
00 00 00 0A FF FF 00 00 00 05 00 00 0A 2E 

---->>>  [IN ]
2020/08/24 01:35:06:652
Linktest.rsp
00 00 00 0A FF FF 00 00 00 06 00 00 0A 2E 

<<<----  [OUT]
2020/08/24 01:35:16:664
Linktest.req
00 00 00 0A FF FF 00 00 00 05 00 00 0A 2F 

---->>>  [IN ]
2020/08/24 01:35:16:665
Linktest.rsp
00 00 00 0A FF FF 00 00 00 06 00 00 0A 2F 

<<<----  [OUT]
2020/08/24 01:35:26:676
Linktest.req
00 00 00 0A FF FF 00 00 00 05 00 00 0A 30 

---->>>  [IN ]
2020/08/24 01:35:26:677
Linktest.rsp
00 00 00 0A FF FF 00 00 00 06 00 00 0A 30 

<<<----  [OUT]
2020/08/24 01:35:36:692
Linktest.req
00 00 00 0A FF FF 00 00 00 05 00 00 0A 31 

---->>>  [IN ]
2020/08/24 01:35:36:693
Linktest.rsp
00 00 00 0A FF FF 00 00 00 06 00 00 0A 31 

<<<----  [OUT]
2020/08/24 01:35:46:709
Linktest.req
00 00 00 0A FF FF 00 00 00 05 00 00 0A 32 

---->>>  [IN ]
2020/08/24 01:35:46:710
Linktest.rsp
00 00 00 0A FF FF 00 00 00 06 00 00 0A 32 

<<<----  [OUT]
2020/08/24 01:35:56:725
Linktest.req
00 00 00 0A FF FF 00 00 00 05 00 00 0A 33 

---->>>  [IN ]
2020/08/24 01:35:56:726
Linktest.rsp
00 00 00 0A FF FF 00 00 00 06 00 00 0A 33 

---->>>  [IN ]
2020/08/24 01:36:02:008
Linktest.req
00 00 00 0A FF FF 00 00 00 05 80 00 01 DD 

<<<----  [OUT]
2020/08/24 01:36:02:008
Linktest.rsp
00 00 00 0A FF FF 00 00 00 06 80 00 01 DD 

<<<----  [OUT]
2020/08/24 01:36:06:739
Linktest.req
00 00 00 0A FF FF 00 00 00 05 00 00 0A 34 

---->>>  [IN ]
2020/08/24 01:36:06:740
Linktest.rsp
00 00 00 0A FF FF 00 00 00 06 00 00 0A 34 

<<<----  [OUT]
2020/08/24 01:36:16:756
Linktest.req
00 00 00 0A FF FF 00 00 00 05 00 00 0A 35 

---->>>  [IN ]
2020/08/24 01:36:16:757
Linktest.rsp
00 00 00 0A FF FF 00 00 00 06 00 00 0A 35 

<<<----  [OUT]
2020/08/24 01:36:26:774
Linktest.req
00 00 00 0A FF FF 00 00 00 05 00 00 0A 36 

---->>>  [IN ]
2020/08/24 01:36:26:775
Linktest.rsp
00 00 00 0A FF FF 00 00 00 06 00 00 0A 36 

<<<----  [OUT]
2020/08/24 01:36:36:786
Linktest.req
00 00 00 0A FF FF 00 00 00 05 00 00 0A 37 

---->>>  [IN ]
2020/08/24 01:36:36:787
Linktest.rsp
00 00 00 0A FF FF 00 00 00 06 00 00 0A 37 

<<<----  [OUT]
2020/08/24 01:36:46:801
Linktest.req
00 00 00 0A FF FF 00 00 00 05 00 00 0A 38 

---->>>  [IN ]
2020/08/24 01:36:46:802
Linktest.rsp
00 00 00 0A FF FF 00 00 00 06 00 00 0A 38 

<<<----  [OUT]
2020/08/24 01:36:56:817
Linktest.req
00 00 00 0A FF FF 00 00 00 05 00 00 0A 39 

---->>>  [IN ]
2020/08/24 01:36:56:818
Linktest.rsp
00 00 00 0A FF FF 00 00 00 06 00 00 0A 39 

---->>>  [IN ]
2020/08/24 01:37:02:009
Linktest.req
00 00 00 0A FF FF 00 00 00 05 80 00 01 DE 

<<<----  [OUT]
2020/08/24 01:37:02:009
Linktest.rsp
00 00 00 0A FF FF 00 00 00 06 80 00 01 DE 

<<<----  [OUT]
2020/08/24 01:37:06:830
Linktest.req
00 00 00 0A FF FF 00 00 00 05 00 00 0A 3A 

---->>>  [IN ]
2020/08/24 01:37:06:831
Linktest.rsp
00 00 00 0A FF FF 00 00 00 06 00 00 0A 3A 

<<<----  [OUT]
2020/08/24 01:37:16:845
Linktest.req
00 00 00 0A FF FF 00 00 00 05 00 00 0A 3B 

---->>>  [IN ]
2020/08/24 01:37:16:846
Linktest.rsp
00 00 00 0A FF FF 00 00 00 06 00 00 0A 3B 

<<<----  [OUT]
2020/08/24 01:37:26:859
Linktest.req
00 00 00 0A FF FF 00 00 00 05 00 00 0A 3C 

---->>>  [IN ]
2020/08/24 01:37:26:860
Linktest.rsp
00 00 00 0A FF FF 00 00 00 06 00 00 0A 3C 

<<<----  [OUT]
2020/08/24 01:37:36:873
Linktest.req
00 00 00 0A FF FF 00 00 00 05 00 00 0A 3D 

---->>>  [IN ]
2020/08/24 01:37:36:874
Linktest.rsp
00 00 00 0A FF FF 00 00 00 06 00 00 0A 3D 

<<<----  [OUT]
2020/08/24 01:37:46:889
Linktest.req
00 00 00 0A FF FF 00 00 00 05 00 00 0A 3E 

---->>>  [IN ]
2020/08/24 01:37:46:890
Linktest.rsp
00 00 00 0A FF FF 00 00 00 06 00 00 0A 3E 

<<<----  [OUT]
2020/08/24 01:37:56:901
Linktest.req
00 00 00 0A FF FF 00 00 00 05 00 00 0A 3F 

---->>>  [IN ]
2020/08/24 01:37:56:902
Linktest.rsp
00 00 00 0A FF FF 00 00 00 06 00 00 0A 3F 

---->>>  [IN ]
2020/08/24 01:38:02:012
Linktest.req
00 00 00 0A FF FF 00 00 00 05 80 00 01 DF 

<<<----  [OUT]
2020/08/24 01:38:02:012
Linktest.rsp
00 00 00 0A FF FF 00 00 00 06 80 00 01 DF 

<<<----  [OUT]
2020/08/24 01:38:06:917
Linktest.req
00 00 00 0A FF FF 00 00 00 05 00 00 0A 40 

---->>>  [IN ]
2020/08/24 01:38:06:918
Linktest.rsp
00 00 00 0A FF FF 00 00 00 06 00 00 0A 40 

<<<----  [OUT]
2020/08/24 01:38:16:931
Linktest.req
00 00 00 0A FF FF 00 00 00 05 00 00 0A 41 

---->>>  [IN ]
2020/08/24 01:38:16:932
Linktest.rsp
00 00 00 0A FF FF 00 00 00 06 00 00 0A 41 

<<<----  [OUT]
2020/08/24 01:38:26:946
Linktest.req
00 00 00 0A FF FF 00 00 00 05 00 00 0A 42 

---->>>  [IN ]
2020/08/24 01:38:26:947
Linktest.rsp
00 00 00 0A FF FF 00 00 00 06 00 00 0A 42 

<<<----  [OUT]
2020/08/24 01:38:36:965
Linktest.req
00 00 00 0A FF FF 00 00 00 05 00 00 0A 43 

---->>>  [IN ]
2020/08/24 01:38:36:966
Linktest.rsp
00 00 00 0A FF FF 00 00 00 06 00 00 0A 43 

<<<----  [OUT]
2020/08/24 01:38:46:982
Linktest.req
00 00 00 0A FF FF 00 00 00 05 00 00 0A 44 

---->>>  [IN ]
2020/08/24 01:38:46:983
Linktest.rsp
00 00 00 0A FF FF 00 00 00 06 00 00 0A 44 

<<<----  [OUT]
2020/08/24 01:38:56:997
Linktest.req
00 00 00 0A FF FF 00 00 00 05 00 00 0A 45 

---->>>  [IN ]
2020/08/24 01:38:56:998
Linktest.rsp
00 00 00 0A FF FF 00 00 00 06 00 00 0A 45 

---->>>  [IN ]
2020/08/24 01:39:02:015
Linktest.req
00 00 00 0A FF FF 00 00 00 05 80 00 01 E0 

<<<----  [OUT]
2020/08/24 01:39:02:015
Linktest.rsp
00 00 00 0A FF FF 00 00 00 06 80 00 01 E0 

<<<----  [OUT]
2020/08/24 01:39:07:015
Linktest.req
00 00 00 0A FF FF 00 00 00 05 00 00 0A 46 

---->>>  [IN ]
2020/08/24 01:39:07:016
Linktest.rsp
00 00 00 0A FF FF 00 00 00 06 00 00 0A 46 

<<<----  [OUT]
2020/08/24 01:39:17:030
Linktest.req
00 00 00 0A FF FF 00 00 00 05 00 00 0A 47 

---->>>  [IN ]
2020/08/24 01:39:17:030
Linktest.rsp
00 00 00 0A FF FF 00 00 00 06 00 00 0A 47 

<<<----  [OUT]
2020/08/24 01:39:27:048
Linktest.req
00 00 00 0A FF FF 00 00 00 05 00 00 0A 48 

---->>>  [IN ]
2020/08/24 01:39:27:049
Linktest.rsp
00 00 00 0A FF FF 00 00 00 06 00 00 0A 48 

<<<----  [OUT]
2020/08/24 01:39:37:062
Linktest.req
00 00 00 0A FF FF 00 00 00 05 00 00 0A 49 

---->>>  [IN ]
2020/08/24 01:39:37:063
Linktest.rsp
00 00 00 0A FF FF 00 00 00 06 00 00 0A 49 

<<<----  [OUT]
2020/08/24 01:39:47:068
Linktest.req
00 00 00 0A FF FF 00 00 00 05 00 00 0A 4A 

---->>>  [IN ]
2020/08/24 01:39:47:069
Linktest.rsp
00 00 00 0A FF FF 00 00 00 06 00 00 0A 4A 

<<<----  [OUT]
2020/08/24 01:39:57:084
Linktest.req
00 00 00 0A FF FF 00 00 00 05 00 00 0A 4B 

---->>>  [IN ]
2020/08/24 01:39:57:085
Linktest.rsp
00 00 00 0A FF FF 00 00 00 06 00 00 0A 4B 

---->>>  [IN ]
2020/08/24 01:40:02:019
Linktest.req
00 00 00 0A FF FF 00 00 00 05 80 00 01 E1 

<<<----  [OUT]
2020/08/24 01:40:02:019
Linktest.rsp
00 00 00 0A FF FF 00 00 00 06 80 00 01 E1 

<<<----  [OUT]
2020/08/24 01:40:07:103
Linktest.req
00 00 00 0A FF FF 00 00 00 05 00 00 0A 4C 

---->>>  [IN ]
2020/08/24 01:40:07:104
Linktest.rsp
00 00 00 0A FF FF 00 00 00 06 00 00 0A 4C 

<<<----  [OUT]
2020/08/24 01:40:17:118
Linktest.req
00 00 00 0A FF FF 00 00 00 05 00 00 0A 4D 

---->>>  [IN ]
2020/08/24 01:40:17:118
Linktest.rsp
00 00 00 0A FF FF 00 00 00 06 00 00 0A 4D 

<<<----  [OUT]
2020/08/24 01:40:27:132
Linktest.req
00 00 00 0A FF FF 00 00 00 05 00 00 0A 4E 

---->>>  [IN ]
2020/08/24 01:40:27:133
Linktest.rsp
00 00 00 0A FF FF 00 00 00 06 00 00 0A 4E 

<<<----  [OUT]
2020/08/24 01:40:37:147
Linktest.req
00 00 00 0A FF FF 00 00 00 05 00 00 0A 4F 

---->>>  [IN ]
2020/08/24 01:40:37:148
Linktest.rsp
00 00 00 0A FF FF 00 00 00 06 00 00 0A 4F 

<<<----  [OUT]
2020/08/24 01:40:47:162
Linktest.req
00 00 00 0A FF FF 00 00 00 05 00 00 0A 50 

---->>>  [IN ]
2020/08/24 01:40:47:163
Linktest.rsp
00 00 00 0A FF FF 00 00 00 06 00 00 0A 50 

<<<----  [OUT]
2020/08/24 01:40:57:174
Linktest.req
00 00 00 0A FF FF 00 00 00 05 00 00 0A 51 

---->>>  [IN ]
2020/08/24 01:40:57:175
Linktest.rsp
00 00 00 0A FF FF 00 00 00 06 00 00 0A 51 

---->>>  [IN ]
2020/08/24 01:41:02:030
Linktest.req
00 00 00 0A FF FF 00 00 00 05 80 00 01 E2 

<<<----  [OUT]
2020/08/24 01:41:02:030
Linktest.rsp
00 00 00 0A FF FF 00 00 00 06 80 00 01 E2 

<<<----  [OUT]
2020/08/24 01:41:07:185
Linktest.req
00 00 00 0A FF FF 00 00 00 05 00 00 0A 52 

---->>>  [IN ]
2020/08/24 01:41:07:186
Linktest.rsp
00 00 00 0A FF FF 00 00 00 06 00 00 0A 52 

<<<----  [OUT]
2020/08/24 01:41:17:204
Linktest.req
00 00 00 0A FF FF 00 00 00 05 00 00 0A 53 

---->>>  [IN ]
2020/08/24 01:41:17:205
Linktest.rsp
00 00 00 0A FF FF 00 00 00 06 00 00 0A 53 

<<<----  [OUT]
2020/08/24 01:41:27:217
Linktest.req
00 00 00 0A FF FF 00 00 00 05 00 00 0A 54 

---->>>  [IN ]
2020/08/24 01:41:27:218
Linktest.rsp
00 00 00 0A FF FF 00 00 00 06 00 00 0A 54 

<<<----  [OUT]
2020/08/24 01:41:37:232
Linktest.req
00 00 00 0A FF FF 00 00 00 05 00 00 0A 55 

---->>>  [IN ]
2020/08/24 01:41:37:233
Linktest.rsp
00 00 00 0A FF FF 00 00 00 06 00 00 0A 55 

<<<----  [OUT]
2020/08/24 01:41:47:246
Linktest.req
00 00 00 0A FF FF 00 00 00 05 00 00 0A 56 

---->>>  [IN ]
2020/08/24 01:41:47:247
Linktest.rsp
00 00 00 0A FF FF 00 00 00 06 00 00 0A 56 

<<<----  [OUT]
2020/08/24 01:41:57:264
Linktest.req
00 00 00 0A FF FF 00 00 00 05 00 00 0A 57 

---->>>  [IN ]
2020/08/24 01:41:57:265
Linktest.rsp
00 00 00 0A FF FF 00 00 00 06 00 00 0A 57 

---->>>  [IN ]
2020/08/24 01:42:02:034
Linktest.req
00 00 00 0A FF FF 00 00 00 05 80 00 01 E3 

<<<----  [OUT]
2020/08/24 01:42:02:034
Linktest.rsp
00 00 00 0A FF FF 00 00 00 06 80 00 01 E3 

<<<----  [OUT]
2020/08/24 01:42:07:259
Linktest.req
00 00 00 0A FF FF 00 00 00 05 00 00 0A 58 

---->>>  [IN ]
2020/08/24 01:42:07:260
Linktest.rsp
00 00 00 0A FF FF 00 00 00 06 00 00 0A 58 

<<<----  [OUT]
2020/08/24 01:42:17:280
Linktest.req
00 00 00 0A FF FF 00 00 00 05 00 00 0A 59 

---->>>  [IN ]
2020/08/24 01:42:17:281
Linktest.rsp
00 00 00 0A FF FF 00 00 00 06 00 00 0A 59 

<<<----  [OUT]
2020/08/24 01:42:27:298
Linktest.req
00 00 00 0A FF FF 00 00 00 05 00 00 0A 5A 

---->>>  [IN ]
2020/08/24 01:42:27:299
Linktest.rsp
00 00 00 0A FF FF 00 00 00 06 00 00 0A 5A 

<<<----  [OUT]
2020/08/24 01:42:37:314
Linktest.req
00 00 00 0A FF FF 00 00 00 05 00 00 0A 5B 

---->>>  [IN ]
2020/08/24 01:42:37:315
Linktest.rsp
00 00 00 0A FF FF 00 00 00 06 00 00 0A 5B 

<<<----  [OUT]
2020/08/24 01:42:47:329
Linktest.req
00 00 00 0A FF FF 00 00 00 05 00 00 0A 5C 

---->>>  [IN ]
2020/08/24 01:42:47:330
Linktest.rsp
00 00 00 0A FF FF 00 00 00 06 00 00 0A 5C 

<<<----  [OUT]
2020/08/24 01:42:57:348
Linktest.req
00 00 00 0A FF FF 00 00 00 05 00 00 0A 5D 

---->>>  [IN ]
2020/08/24 01:42:57:349
Linktest.rsp
00 00 00 0A FF FF 00 00 00 06 00 00 0A 5D 

---->>>  [IN ]
2020/08/24 01:43:02:036
Linktest.req
00 00 00 0A FF FF 00 00 00 05 80 00 01 E4 

<<<----  [OUT]
2020/08/24 01:43:02:036
Linktest.rsp
00 00 00 0A FF FF 00 00 00 06 80 00 01 E4 

<<<----  [OUT]
2020/08/24 01:43:07:365
Linktest.req
00 00 00 0A FF FF 00 00 00 05 00 00 0A 5E 

---->>>  [IN ]
2020/08/24 01:43:07:366
Linktest.rsp
00 00 00 0A FF FF 00 00 00 06 00 00 0A 5E 

<<<----  [OUT]
2020/08/24 01:43:17:381
Linktest.req
00 00 00 0A FF FF 00 00 00 05 00 00 0A 5F 

---->>>  [IN ]
2020/08/24 01:43:17:382
Linktest.rsp
00 00 00 0A FF FF 00 00 00 06 00 00 0A 5F 

<<<----  [OUT]
2020/08/24 01:43:27:394
Linktest.req
00 00 00 0A FF FF 00 00 00 05 00 00 0A 60 

---->>>  [IN ]
2020/08/24 01:43:27:395
Linktest.rsp
00 00 00 0A FF FF 00 00 00 06 00 00 0A 60 

<<<----  [OUT]
2020/08/24 01:43:37:412
Linktest.req
00 00 00 0A FF FF 00 00 00 05 00 00 0A 61 

---->>>  [IN ]
2020/08/24 01:43:37:413
Linktest.rsp
00 00 00 0A FF FF 00 00 00 06 00 00 0A 61 

<<<----  [OUT]
2020/08/24 01:43:47:424
Linktest.req
00 00 00 0A FF FF 00 00 00 05 00 00 0A 62 

---->>>  [IN ]
2020/08/24 01:43:47:425
Linktest.rsp
00 00 00 0A FF FF 00 00 00 06 00 00 0A 62 

<<<----  [OUT]
2020/08/24 01:43:57:438
Linktest.req
00 00 00 0A FF FF 00 00 00 05 00 00 0A 63 

---->>>  [IN ]
2020/08/24 01:43:57:439
Linktest.rsp
00 00 00 0A FF FF 00 00 00 06 00 00 0A 63 

---->>>  [IN ]
2020/08/24 01:44:02:042
Linktest.req
00 00 00 0A FF FF 00 00 00 05 80 00 01 E5 

<<<----  [OUT]
2020/08/24 01:44:02:042
Linktest.rsp
00 00 00 0A FF FF 00 00 00 06 80 00 01 E5 

<<<----  [OUT]
2020/08/24 01:44:07:454
Linktest.req
00 00 00 0A FF FF 00 00 00 05 00 00 0A 64 

---->>>  [IN ]
2020/08/24 01:44:07:455
Linktest.rsp
00 00 00 0A FF FF 00 00 00 06 00 00 0A 64 

<<<----  [OUT]
2020/08/24 01:44:17:468
Linktest.req
00 00 00 0A FF FF 00 00 00 05 00 00 0A 65 

---->>>  [IN ]
2020/08/24 01:44:17:469
Linktest.rsp
00 00 00 0A FF FF 00 00 00 06 00 00 0A 65 

<<<----  [OUT]
2020/08/24 01:44:27:483
Linktest.req
00 00 00 0A FF FF 00 00 00 05 00 00 0A 66 

---->>>  [IN ]
2020/08/24 01:44:27:484
Linktest.rsp
00 00 00 0A FF FF 00 00 00 06 00 00 0A 66 

<<<----  [OUT]
2020/08/24 01:44:37:498
Linktest.req
00 00 00 0A FF FF 00 00 00 05 00 00 0A 67 

---->>>  [IN ]
2020/08/24 01:44:37:499
Linktest.rsp
00 00 00 0A FF FF 00 00 00 06 00 00 0A 67 

<<<----  [OUT]
2020/08/24 01:44:47:515
Linktest.req
00 00 00 0A FF FF 00 00 00 05 00 00 0A 68 

---->>>  [IN ]
2020/08/24 01:44:47:516
Linktest.rsp
00 00 00 0A FF FF 00 00 00 06 00 00 0A 68 

<<<----  [OUT]
2020/08/24 01:44:57:531
Linktest.req
00 00 00 0A FF FF 00 00 00 05 00 00 0A 69 

---->>>  [IN ]
2020/08/24 01:44:57:532
Linktest.rsp
00 00 00 0A FF FF 00 00 00 06 00 00 0A 69 

---->>>  [IN ]
2020/08/24 01:45:02:036
Linktest.req
00 00 00 0A FF FF 00 00 00 05 80 00 01 E6 

<<<----  [OUT]
2020/08/24 01:45:02:036
Linktest.rsp
00 00 00 0A FF FF 00 00 00 06 80 00 01 E6 

<<<----  [OUT]
2020/08/24 01:45:07:540
Linktest.req
00 00 00 0A FF FF 00 00 00 05 00 00 0A 6A 

---->>>  [IN ]
2020/08/24 01:45:07:541
Linktest.rsp
00 00 00 0A FF FF 00 00 00 06 00 00 0A 6A 

<<<----  [OUT]
2020/08/24 01:45:17:555
Linktest.req
00 00 00 0A FF FF 00 00 00 05 00 00 0A 6B 

---->>>  [IN ]
2020/08/24 01:45:17:556
Linktest.rsp
00 00 00 0A FF FF 00 00 00 06 00 00 0A 6B 

<<<----  [OUT]
2020/08/24 01:45:27:569
Linktest.req
00 00 00 0A FF FF 00 00 00 05 00 00 0A 6C 

---->>>  [IN ]
2020/08/24 01:45:27:570
Linktest.rsp
00 00 00 0A FF FF 00 00 00 06 00 00 0A 6C 

<<<----  [OUT]
2020/08/24 01:45:37:584
Linktest.req
00 00 00 0A FF FF 00 00 00 05 00 00 0A 6D 

---->>>  [IN ]
2020/08/24 01:45:37:585
Linktest.rsp
00 00 00 0A FF FF 00 00 00 06 00 00 0A 6D 

<<<----  [OUT]
2020/08/24 01:45:47:603
Linktest.req
00 00 00 0A FF FF 00 00 00 05 00 00 0A 6E 

---->>>  [IN ]
2020/08/24 01:45:47:604
Linktest.rsp
00 00 00 0A FF FF 00 00 00 06 00 00 0A 6E 

<<<----  [OUT]
2020/08/24 01:45:57:621
Linktest.req
00 00 00 0A FF FF 00 00 00 05 00 00 0A 6F 

---->>>  [IN ]
2020/08/24 01:45:57:622
Linktest.rsp
00 00 00 0A FF FF 00 00 00 06 00 00 0A 6F 

---->>>  [IN ]
2020/08/24 01:46:02:043
Linktest.req
00 00 00 0A FF FF 00 00 00 05 80 00 01 E7 

<<<----  [OUT]
2020/08/24 01:46:02:043
Linktest.rsp
00 00 00 0A FF FF 00 00 00 06 80 00 01 E7 

<<<----  [OUT]
2020/08/24 01:46:07:636
Linktest.req
00 00 00 0A FF FF 00 00 00 05 00 00 0A 70 

---->>>  [IN ]
2020/08/24 01:46:07:637
Linktest.rsp
00 00 00 0A FF FF 00 00 00 06 00 00 0A 70 

<<<----  [OUT]
2020/08/24 01:46:17:653
Linktest.req
00 00 00 0A FF FF 00 00 00 05 00 00 0A 71 

---->>>  [IN ]
2020/08/24 01:46:17:654
Linktest.rsp
00 00 00 0A FF FF 00 00 00 06 00 00 0A 71 

<<<----  [OUT]
2020/08/24 01:46:27:672
Linktest.req
00 00 00 0A FF FF 00 00 00 05 00 00 0A 72 

---->>>  [IN ]
2020/08/24 01:46:27:673
Linktest.rsp
00 00 00 0A FF FF 00 00 00 06 00 00 0A 72 

<<<----  [OUT]
2020/08/24 01:46:37:689
Linktest.req
00 00 00 0A FF FF 00 00 00 05 00 00 0A 73 

---->>>  [IN ]
2020/08/24 01:46:37:690
Linktest.rsp
00 00 00 0A FF FF 00 00 00 06 00 00 0A 73 

<<<----  [OUT]
2020/08/24 01:46:47:704
Linktest.req
00 00 00 0A FF FF 00 00 00 05 00 00 0A 74 

---->>>  [IN ]
2020/08/24 01:46:47:705
Linktest.rsp
00 00 00 0A FF FF 00 00 00 06 00 00 0A 74 

<<<----  [OUT]
2020/08/24 01:46:57:720
Linktest.req
00 00 00 0A FF FF 00 00 00 05 00 00 0A 75 

---->>>  [IN ]
2020/08/24 01:46:57:721
Linktest.rsp
00 00 00 0A FF FF 00 00 00 06 00 00 0A 75 

---->>>  [IN ]
2020/08/24 01:47:02:055
Linktest.req
00 00 00 0A FF FF 00 00 00 05 80 00 01 E8 

<<<----  [OUT]
2020/08/24 01:47:02:055
Linktest.rsp
00 00 00 0A FF FF 00 00 00 06 80 00 01 E8 

<<<----  [OUT]
2020/08/24 01:47:07:734
Linktest.req
00 00 00 0A FF FF 00 00 00 05 00 00 0A 76 

---->>>  [IN ]
2020/08/24 01:47:07:735
Linktest.rsp
00 00 00 0A FF FF 00 00 00 06 00 00 0A 76 

<<<----  [OUT]
2020/08/24 01:47:17:750
Linktest.req
00 00 00 0A FF FF 00 00 00 05 00 00 0A 77 

---->>>  [IN ]
2020/08/24 01:47:17:751
Linktest.rsp
00 00 00 0A FF FF 00 00 00 06 00 00 0A 77 

<<<----  [OUT]
2020/08/24 01:47:27:766
Linktest.req
00 00 00 0A FF FF 00 00 00 05 00 00 0A 78 

---->>>  [IN ]
2020/08/24 01:47:27:767
Linktest.rsp
00 00 00 0A FF FF 00 00 00 06 00 00 0A 78 

<<<----  [OUT]
2020/08/24 01:47:37:783
Linktest.req
00 00 00 0A FF FF 00 00 00 05 00 00 0A 79 

---->>>  [IN ]
2020/08/24 01:47:37:784
Linktest.rsp
00 00 00 0A FF FF 00 00 00 06 00 00 0A 79 

<<<----  [OUT]
2020/08/24 01:47:47:798
Linktest.req
00 00 00 0A FF FF 00 00 00 05 00 00 0A 7A 

---->>>  [IN ]
2020/08/24 01:47:47:799
Linktest.rsp
00 00 00 0A FF FF 00 00 00 06 00 00 0A 7A 

<<<----  [OUT]
2020/08/24 01:47:57:814
Linktest.req
00 00 00 0A FF FF 00 00 00 05 00 00 0A 7B 

---->>>  [IN ]
2020/08/24 01:47:57:815
Linktest.rsp
00 00 00 0A FF FF 00 00 00 06 00 00 0A 7B 

---->>>  [IN ]
2020/08/24 01:48:02:051
Linktest.req
00 00 00 0A FF FF 00 00 00 05 80 00 01 E9 

<<<----  [OUT]
2020/08/24 01:48:02:051
Linktest.rsp
00 00 00 0A FF FF 00 00 00 06 80 00 01 E9 

<<<----  [OUT]
2020/08/24 01:48:07:828
Linktest.req
00 00 00 0A FF FF 00 00 00 05 00 00 0A 7C 

---->>>  [IN ]
2020/08/24 01:48:07:829
Linktest.rsp
00 00 00 0A FF FF 00 00 00 06 00 00 0A 7C 

<<<----  [OUT]
2020/08/24 01:48:17:843
Linktest.req
00 00 00 0A FF FF 00 00 00 05 00 00 0A 7D 

---->>>  [IN ]
2020/08/24 01:48:17:844
Linktest.rsp
00 00 00 0A FF FF 00 00 00 06 00 00 0A 7D 

<<<----  [OUT]
2020/08/24 01:48:27:851
Linktest.req
00 00 00 0A FF FF 00 00 00 05 00 00 0A 7E 

---->>>  [IN ]
2020/08/24 01:48:27:852
Linktest.rsp
00 00 00 0A FF FF 00 00 00 06 00 00 0A 7E 

<<<----  [OUT]
2020/08/24 01:48:37:863
Linktest.req
00 00 00 0A FF FF 00 00 00 05 00 00 0A 7F 

---->>>  [IN ]
2020/08/24 01:48:37:864
Linktest.rsp
00 00 00 0A FF FF 00 00 00 06 00 00 0A 7F 

<<<----  [OUT]
2020/08/24 01:48:47:872
Linktest.req
00 00 00 0A FF FF 00 00 00 05 00 00 0A 80 

---->>>  [IN ]
2020/08/24 01:48:47:873
Linktest.rsp
00 00 00 0A FF FF 00 00 00 06 00 00 0A 80 

<<<----  [OUT]
2020/08/24 01:48:57:889
Linktest.req
00 00 00 0A FF FF 00 00 00 05 00 00 0A 81 

---->>>  [IN ]
2020/08/24 01:48:57:890
Linktest.rsp
00 00 00 0A FF FF 00 00 00 06 00 00 0A 81 

---->>>  [IN ]
2020/08/24 01:49:02:054
Linktest.req
00 00 00 0A FF FF 00 00 00 05 80 00 01 EA 

<<<----  [OUT]
2020/08/24 01:49:02:054
Linktest.rsp
00 00 00 0A FF FF 00 00 00 06 80 00 01 EA 

<<<----  [OUT]
2020/08/24 01:49:07:901
Linktest.req
00 00 00 0A FF FF 00 00 00 05 00 00 0A 82 

---->>>  [IN ]
2020/08/24 01:49:07:902
Linktest.rsp
00 00 00 0A FF FF 00 00 00 06 00 00 0A 82 

<<<----  [OUT]
2020/08/24 01:49:17:915
Linktest.req
00 00 00 0A FF FF 00 00 00 05 00 00 0A 83 

---->>>  [IN ]
2020/08/24 01:49:17:916
Linktest.rsp
00 00 00 0A FF FF 00 00 00 06 00 00 0A 83 

<<<----  [OUT]
2020/08/24 01:49:27:928
Linktest.req
00 00 00 0A FF FF 00 00 00 05 00 00 0A 84 

---->>>  [IN ]
2020/08/24 01:49:27:929
Linktest.rsp
00 00 00 0A FF FF 00 00 00 06 00 00 0A 84 

<<<----  [OUT]
2020/08/24 01:49:37:943
Linktest.req
00 00 00 0A FF FF 00 00 00 05 00 00 0A 85 

---->>>  [IN ]
2020/08/24 01:49:37:944
Linktest.rsp
00 00 00 0A FF FF 00 00 00 06 00 00 0A 85 

<<<----  [OUT]
2020/08/24 01:49:47:956
Linktest.req
00 00 00 0A FF FF 00 00 00 05 00 00 0A 86 

---->>>  [IN ]
2020/08/24 01:49:47:957
Linktest.rsp
00 00 00 0A FF FF 00 00 00 06 00 00 0A 86 

<<<----  [OUT]
2020/08/24 01:49:57:967
Linktest.req
00 00 00 0A FF FF 00 00 00 05 00 00 0A 87 

---->>>  [IN ]
2020/08/24 01:49:57:968
Linktest.rsp
00 00 00 0A FF FF 00 00 00 06 00 00 0A 87 

---->>>  [IN ]
2020/08/24 01:50:02:046
Linktest.req
00 00 00 0A FF FF 00 00 00 05 80 00 01 EB 

<<<----  [OUT]
2020/08/24 01:50:02:046
Linktest.rsp
00 00 00 0A FF FF 00 00 00 06 80 00 01 EB 

<<<----  [OUT]
2020/08/24 01:50:07:979
Linktest.req
00 00 00 0A FF FF 00 00 00 05 00 00 0A 88 

---->>>  [IN ]
2020/08/24 01:50:07:980
Linktest.rsp
00 00 00 0A FF FF 00 00 00 06 00 00 0A 88 

<<<----  [OUT]
2020/08/24 01:50:17:990
Linktest.req
00 00 00 0A FF FF 00 00 00 05 00 00 0A 89 

---->>>  [IN ]
2020/08/24 01:50:17:991
Linktest.rsp
00 00 00 0A FF FF 00 00 00 06 00 00 0A 89 

<<<----  [OUT]
2020/08/24 01:50:28:000
Linktest.req
00 00 00 0A FF FF 00 00 00 05 00 00 0A 8A 

---->>>  [IN ]
2020/08/24 01:50:28:001
Linktest.rsp
00 00 00 0A FF FF 00 00 00 06 00 00 0A 8A 

<<<----  [OUT]
2020/08/24 01:50:38:010
Linktest.req
00 00 00 0A FF FF 00 00 00 05 00 00 0A 8B 

---->>>  [IN ]
2020/08/24 01:50:38:011
Linktest.rsp
00 00 00 0A FF FF 00 00 00 06 00 00 0A 8B 

<<<----  [OUT]
2020/08/24 01:50:48:025
Linktest.req
00 00 00 0A FF FF 00 00 00 05 00 00 0A 8C 

---->>>  [IN ]
2020/08/24 01:50:48:026
Linktest.rsp
00 00 00 0A FF FF 00 00 00 06 00 00 0A 8C 

<<<----  [OUT]
2020/08/24 01:50:58:037
Linktest.req
00 00 00 0A FF FF 00 00 00 05 00 00 0A 8D 

---->>>  [IN ]
2020/08/24 01:50:58:038
Linktest.rsp
00 00 00 0A FF FF 00 00 00 06 00 00 0A 8D 

---->>>  [IN ]
2020/08/24 01:51:02:057
Linktest.req
00 00 00 0A FF FF 00 00 00 05 80 00 01 EC 

<<<----  [OUT]
2020/08/24 01:51:02:057
Linktest.rsp
00 00 00 0A FF FF 00 00 00 06 80 00 01 EC 

<<<----  [OUT]
2020/08/24 01:51:08:053
Linktest.req
00 00 00 0A FF FF 00 00 00 05 00 00 0A 8E 

---->>>  [IN ]
2020/08/24 01:51:08:054
Linktest.rsp
00 00 00 0A FF FF 00 00 00 06 00 00 0A 8E 

<<<----  [OUT]
2020/08/24 01:51:18:065
Linktest.req
00 00 00 0A FF FF 00 00 00 05 00 00 0A 8F 

---->>>  [IN ]
2020/08/24 01:51:18:066
Linktest.rsp
00 00 00 0A FF FF 00 00 00 06 00 00 0A 8F 

<<<----  [OUT]
2020/08/24 01:51:28:080
Linktest.req
00 00 00 0A FF FF 00 00 00 05 00 00 0A 90 

---->>>  [IN ]
2020/08/24 01:51:28:081
Linktest.rsp
00 00 00 0A FF FF 00 00 00 06 00 00 0A 90 

<<<----  [OUT]
2020/08/24 01:51:38:096
Linktest.req
00 00 00 0A FF FF 00 00 00 05 00 00 0A 91 

---->>>  [IN ]
2020/08/24 01:51:38:097
Linktest.rsp
00 00 00 0A FF FF 00 00 00 06 00 00 0A 91 

<<<----  [OUT]
2020/08/24 01:51:48:106
Linktest.req
00 00 00 0A FF FF 00 00 00 05 00 00 0A 92 

---->>>  [IN ]
2020/08/24 01:51:48:107
Linktest.rsp
00 00 00 0A FF FF 00 00 00 06 00 00 0A 92 

<<<----  [OUT]
2020/08/24 01:51:58:121
Linktest.req
00 00 00 0A FF FF 00 00 00 05 00 00 0A 93 

---->>>  [IN ]
2020/08/24 01:51:58:121
Linktest.rsp
00 00 00 0A FF FF 00 00 00 06 00 00 0A 93 

---->>>  [IN ]
2020/08/24 01:52:02:058
Linktest.req
00 00 00 0A FF FF 00 00 00 05 80 00 01 ED 

<<<----  [OUT]
2020/08/24 01:52:02:058
Linktest.rsp
00 00 00 0A FF FF 00 00 00 06 80 00 01 ED 

<<<----  [OUT]
2020/08/24 01:52:08:130
Linktest.req
00 00 00 0A FF FF 00 00 00 05 00 00 0A 94 

---->>>  [IN ]
2020/08/24 01:52:08:131
Linktest.rsp
00 00 00 0A FF FF 00 00 00 06 00 00 0A 94 

<<<----  [OUT]
2020/08/24 01:52:18:146
Linktest.req
00 00 00 0A FF FF 00 00 00 05 00 00 0A 95 

---->>>  [IN ]
2020/08/24 01:52:18:147
Linktest.rsp
00 00 00 0A FF FF 00 00 00 06 00 00 0A 95 

<<<----  [OUT]
2020/08/24 01:52:28:160
Linktest.req
00 00 00 0A FF FF 00 00 00 05 00 00 0A 96 

---->>>  [IN ]
2020/08/24 01:52:28:161
Linktest.rsp
00 00 00 0A FF FF 00 00 00 06 00 00 0A 96 

<<<----  [OUT]
2020/08/24 01:52:38:172
Linktest.req
00 00 00 0A FF FF 00 00 00 05 00 00 0A 97 

---->>>  [IN ]
2020/08/24 01:52:38:173
Linktest.rsp
00 00 00 0A FF FF 00 00 00 06 00 00 0A 97 

<<<----  [OUT]
2020/08/24 01:52:48:185
Linktest.req
00 00 00 0A FF FF 00 00 00 05 00 00 0A 98 

---->>>  [IN ]
2020/08/24 01:52:48:186
Linktest.rsp
00 00 00 0A FF FF 00 00 00 06 00 00 0A 98 

<<<----  [OUT]
2020/08/24 01:52:58:199
Linktest.req
00 00 00 0A FF FF 00 00 00 05 00 00 0A 99 

---->>>  [IN ]
2020/08/24 01:52:58:200
Linktest.rsp
00 00 00 0A FF FF 00 00 00 06 00 00 0A 99 

---->>>  [IN ]
2020/08/24 01:53:02:050
Linktest.req
00 00 00 0A FF FF 00 00 00 05 80 00 01 EE 

<<<----  [OUT]
2020/08/24 01:53:02:050
Linktest.rsp
00 00 00 0A FF FF 00 00 00 06 80 00 01 EE 

<<<----  [OUT]
2020/08/24 01:53:08:214
Linktest.req
00 00 00 0A FF FF 00 00 00 05 00 00 0A 9A 

---->>>  [IN ]
2020/08/24 01:53:08:215
Linktest.rsp
00 00 00 0A FF FF 00 00 00 06 00 00 0A 9A 

<<<----  [OUT]
2020/08/24 01:53:18:228
Linktest.req
00 00 00 0A FF FF 00 00 00 05 00 00 0A 9B 

---->>>  [IN ]
2020/08/24 01:53:18:229
Linktest.rsp
00 00 00 0A FF FF 00 00 00 06 00 00 0A 9B 

<<<----  [OUT]
2020/08/24 01:53:28:241
Linktest.req
00 00 00 0A FF FF 00 00 00 05 00 00 0A 9C 

---->>>  [IN ]
2020/08/24 01:53:28:242
Linktest.rsp
00 00 00 0A FF FF 00 00 00 06 00 00 0A 9C 

<<<----  [OUT]
2020/08/24 01:53:38:255
Linktest.req
00 00 00 0A FF FF 00 00 00 05 00 00 0A 9D 

---->>>  [IN ]
2020/08/24 01:53:38:256
Linktest.rsp
00 00 00 0A FF FF 00 00 00 06 00 00 0A 9D 

<<<----  [OUT]
2020/08/24 01:53:48:270
Linktest.req
00 00 00 0A FF FF 00 00 00 05 00 00 0A 9E 

---->>>  [IN ]
2020/08/24 01:53:48:271
Linktest.rsp
00 00 00 0A FF FF 00 00 00 06 00 00 0A 9E 

<<<----  [OUT]
2020/08/24 01:53:58:279
Linktest.req
00 00 00 0A FF FF 00 00 00 05 00 00 0A 9F 

---->>>  [IN ]
2020/08/24 01:53:58:280
Linktest.rsp
00 00 00 0A FF FF 00 00 00 06 00 00 0A 9F 

---->>>  [IN ]
2020/08/24 01:54:02:049
Linktest.req
00 00 00 0A FF FF 00 00 00 05 80 00 01 EF 

<<<----  [OUT]
2020/08/24 01:54:02:049
Linktest.rsp
00 00 00 0A FF FF 00 00 00 06 80 00 01 EF 

<<<----  [OUT]
2020/08/24 01:54:08:290
Linktest.req
00 00 00 0A FF FF 00 00 00 05 00 00 0A A0 

---->>>  [IN ]
2020/08/24 01:54:08:291
Linktest.rsp
00 00 00 0A FF FF 00 00 00 06 00 00 0A A0 

<<<----  [OUT]
2020/08/24 01:54:18:309
Linktest.req
00 00 00 0A FF FF 00 00 00 05 00 00 0A A1 

---->>>  [IN ]
2020/08/24 01:54:18:310
Linktest.rsp
00 00 00 0A FF FF 00 00 00 06 00 00 0A A1 

<<<----  [OUT]
2020/08/24 01:54:28:328
Linktest.req
00 00 00 0A FF FF 00 00 00 05 00 00 0A A2 

---->>>  [IN ]
2020/08/24 01:54:28:329
Linktest.rsp
00 00 00 0A FF FF 00 00 00 06 00 00 0A A2 

<<<----  [OUT]
2020/08/24 01:54:38:344
Linktest.req
00 00 00 0A FF FF 00 00 00 05 00 00 0A A3 

---->>>  [IN ]
2020/08/24 01:54:38:345
Linktest.rsp
00 00 00 0A FF FF 00 00 00 06 00 00 0A A3 

<<<----  [OUT]
2020/08/24 01:54:48:360
Linktest.req
00 00 00 0A FF FF 00 00 00 05 00 00 0A A4 

---->>>  [IN ]
2020/08/24 01:54:48:361
Linktest.rsp
00 00 00 0A FF FF 00 00 00 06 00 00 0A A4 

<<<----  [OUT]
2020/08/24 01:54:58:376
Linktest.req
00 00 00 0A FF FF 00 00 00 05 00 00 0A A5 

---->>>  [IN ]
2020/08/24 01:54:58:377
Linktest.rsp
00 00 00 0A FF FF 00 00 00 06 00 00 0A A5 

---->>>  [IN ]
2020/08/24 01:55:02:058
Linktest.req
00 00 00 0A FF FF 00 00 00 05 80 00 01 F0 

<<<----  [OUT]
2020/08/24 01:55:02:058
Linktest.rsp
00 00 00 0A FF FF 00 00 00 06 80 00 01 F0 

<<<----  [OUT]
2020/08/24 01:55:08:384
Linktest.req
00 00 00 0A FF FF 00 00 00 05 00 00 0A A6 

---->>>  [IN ]
2020/08/24 01:55:08:385
Linktest.rsp
00 00 00 0A FF FF 00 00 00 06 00 00 0A A6 

<<<----  [OUT]
2020/08/24 01:55:18:398
Linktest.req
00 00 00 0A FF FF 00 00 00 05 00 00 0A A7 

---->>>  [IN ]
2020/08/24 01:55:18:399
Linktest.rsp
00 00 00 0A FF FF 00 00 00 06 00 00 0A A7 

<<<----  [OUT]
2020/08/24 01:55:28:413
Linktest.req
00 00 00 0A FF FF 00 00 00 05 00 00 0A A8 

---->>>  [IN ]
2020/08/24 01:55:28:414
Linktest.rsp
00 00 00 0A FF FF 00 00 00 06 00 00 0A A8 

<<<----  [OUT]
2020/08/24 01:55:38:431
Linktest.req
00 00 00 0A FF FF 00 00 00 05 00 00 0A A9 

---->>>  [IN ]
2020/08/24 01:55:38:432
Linktest.rsp
00 00 00 0A FF FF 00 00 00 06 00 00 0A A9 

<<<----  [OUT]
2020/08/24 01:55:48:448
Linktest.req
00 00 00 0A FF FF 00 00 00 05 00 00 0A AA 

---->>>  [IN ]
2020/08/24 01:55:48:449
Linktest.rsp
00 00 00 0A FF FF 00 00 00 06 00 00 0A AA 

<<<----  [OUT]
2020/08/24 01:55:58:465
Linktest.req
00 00 00 0A FF FF 00 00 00 05 00 00 0A AB 

---->>>  [IN ]
2020/08/24 01:55:58:466
Linktest.rsp
00 00 00 0A FF FF 00 00 00 06 00 00 0A AB 

---->>>  [IN ]
2020/08/24 01:56:02:064
Linktest.req
00 00 00 0A FF FF 00 00 00 05 80 00 01 F1 

<<<----  [OUT]
2020/08/24 01:56:02:064
Linktest.rsp
00 00 00 0A FF FF 00 00 00 06 80 00 01 F1 

<<<----  [OUT]
2020/08/24 01:56:08:478
Linktest.req
00 00 00 0A FF FF 00 00 00 05 00 00 0A AC 

---->>>  [IN ]
2020/08/24 01:56:08:479
Linktest.rsp
00 00 00 0A FF FF 00 00 00 06 00 00 0A AC 

<<<----  [OUT]
2020/08/24 01:56:18:493
Linktest.req
00 00 00 0A FF FF 00 00 00 05 00 00 0A AD 

---->>>  [IN ]
2020/08/24 01:56:18:494
Linktest.rsp
00 00 00 0A FF FF 00 00 00 06 00 00 0A AD 

<<<----  [OUT]
2020/08/24 01:56:28:508
Linktest.req
00 00 00 0A FF FF 00 00 00 05 00 00 0A AE 

---->>>  [IN ]
2020/08/24 01:56:28:509
Linktest.rsp
00 00 00 0A FF FF 00 00 00 06 00 00 0A AE 

<<<----  [OUT]
2020/08/24 01:56:38:520
Linktest.req
00 00 00 0A FF FF 00 00 00 05 00 00 0A AF 

---->>>  [IN ]
2020/08/24 01:56:38:521
Linktest.rsp
00 00 00 0A FF FF 00 00 00 06 00 00 0A AF 

<<<----  [OUT]
2020/08/24 01:56:48:533
Linktest.req
00 00 00 0A FF FF 00 00 00 05 00 00 0A B0 

---->>>  [IN ]
2020/08/24 01:56:48:534
Linktest.rsp
00 00 00 0A FF FF 00 00 00 06 00 00 0A B0 

<<<----  [OUT]
2020/08/24 01:56:58:544
Linktest.req
00 00 00 0A FF FF 00 00 00 05 00 00 0A B1 

---->>>  [IN ]
2020/08/24 01:56:58:545
Linktest.rsp
00 00 00 0A FF FF 00 00 00 06 00 00 0A B1 

---->>>  [IN ]
2020/08/24 01:57:02:073
Linktest.req
00 00 00 0A FF FF 00 00 00 05 80 00 01 F2 

<<<----  [OUT]
2020/08/24 01:57:02:073
Linktest.rsp
00 00 00 0A FF FF 00 00 00 06 80 00 01 F2 

<<<----  [OUT]
2020/08/24 01:57:08:554
Linktest.req
00 00 00 0A FF FF 00 00 00 05 00 00 0A B2 

---->>>  [IN ]
2020/08/24 01:57:08:555
Linktest.rsp
00 00 00 0A FF FF 00 00 00 06 00 00 0A B2 

<<<----  [OUT]
2020/08/24 01:57:18:568
Linktest.req
00 00 00 0A FF FF 00 00 00 05 00 00 0A B3 

---->>>  [IN ]
2020/08/24 01:57:18:569
Linktest.rsp
00 00 00 0A FF FF 00 00 00 06 00 00 0A B3 

<<<----  [OUT]
2020/08/24 01:57:28:584
Linktest.req
00 00 00 0A FF FF 00 00 00 05 00 00 0A B4 

---->>>  [IN ]
2020/08/24 01:57:28:585
Linktest.rsp
00 00 00 0A FF FF 00 00 00 06 00 00 0A B4 

<<<----  [OUT]
2020/08/24 01:57:38:591
Linktest.req
00 00 00 0A FF FF 00 00 00 05 00 00 0A B5 

---->>>  [IN ]
2020/08/24 01:57:38:592
Linktest.rsp
00 00 00 0A FF FF 00 00 00 06 00 00 0A B5 

<<<----  [OUT]
2020/08/24 01:57:48:596
Linktest.req
00 00 00 0A FF FF 00 00 00 05 00 00 0A B6 

---->>>  [IN ]
2020/08/24 01:57:48:597
Linktest.rsp
00 00 00 0A FF FF 00 00 00 06 00 00 0A B6 

<<<----  [OUT]
2020/08/24 01:57:58:605
Linktest.req
00 00 00 0A FF FF 00 00 00 05 00 00 0A B7 

---->>>  [IN ]
2020/08/24 01:57:58:606
Linktest.rsp
00 00 00 0A FF FF 00 00 00 06 00 00 0A B7 

---->>>  [IN ]
2020/08/24 01:58:02:083
Linktest.req
00 00 00 0A FF FF 00 00 00 05 80 00 01 F3 

<<<----  [OUT]
2020/08/24 01:58:02:083
Linktest.rsp
00 00 00 0A FF FF 00 00 00 06 80 00 01 F3 

<<<----  [OUT]
2020/08/24 01:58:08:615
Linktest.req
00 00 00 0A FF FF 00 00 00 05 00 00 0A B8 

---->>>  [IN ]
2020/08/24 01:58:08:616
Linktest.rsp
00 00 00 0A FF FF 00 00 00 06 00 00 0A B8 

<<<----  [OUT]
2020/08/24 01:58:18:625
Linktest.req
00 00 00 0A FF FF 00 00 00 05 00 00 0A B9 

---->>>  [IN ]
2020/08/24 01:58:18:626
Linktest.rsp
00 00 00 0A FF FF 00 00 00 06 00 00 0A B9 

<<<----  [OUT]
2020/08/24 01:58:28:635
Linktest.req
00 00 00 0A FF FF 00 00 00 05 00 00 0A BA 

---->>>  [IN ]
2020/08/24 01:58:28:636
Linktest.rsp
00 00 00 0A FF FF 00 00 00 06 00 00 0A BA 

<<<----  [OUT]
2020/08/24 01:58:38:647
Linktest.req
00 00 00 0A FF FF 00 00 00 05 00 00 0A BB 

---->>>  [IN ]
2020/08/24 01:58:38:648
Linktest.rsp
00 00 00 0A FF FF 00 00 00 06 00 00 0A BB 

<<<----  [OUT]
2020/08/24 01:58:48:653
Linktest.req
00 00 00 0A FF FF 00 00 00 05 00 00 0A BC 

---->>>  [IN ]
2020/08/24 01:58:48:654
Linktest.rsp
00 00 00 0A FF FF 00 00 00 06 00 00 0A BC 

<<<----  [OUT]
2020/08/24 01:58:58:667
Linktest.req
00 00 00 0A FF FF 00 00 00 05 00 00 0A BD 

---->>>  [IN ]
2020/08/24 01:58:58:668
Linktest.rsp
00 00 00 0A FF FF 00 00 00 06 00 00 0A BD 

---->>>  [IN ]
2020/08/24 01:59:02:086
Linktest.req
00 00 00 0A FF FF 00 00 00 05 80 00 01 F4 

<<<----  [OUT]
2020/08/24 01:59:02:086
Linktest.rsp
00 00 00 0A FF FF 00 00 00 06 80 00 01 F4 

<<<----  [OUT]
2020/08/24 01:59:08:683
Linktest.req
00 00 00 0A FF FF 00 00 00 05 00 00 0A BE 

---->>>  [IN ]
2020/08/24 01:59:08:684
Linktest.rsp
00 00 00 0A FF FF 00 00 00 06 00 00 0A BE 

<<<----  [OUT]
2020/08/24 01:59:18:699
Linktest.req
00 00 00 0A FF FF 00 00 00 05 00 00 0A BF 

---->>>  [IN ]
2020/08/24 01:59:18:700
Linktest.rsp
00 00 00 0A FF FF 00 00 00 06 00 00 0A BF 

<<<----  [OUT]
2020/08/24 01:59:28:713
Linktest.req
00 00 00 0A FF FF 00 00 00 05 00 00 0A C0 

---->>>  [IN ]
2020/08/24 01:59:28:714
Linktest.rsp
00 00 00 0A FF FF 00 00 00 06 00 00 0A C0 

<<<----  [OUT]
2020/08/24 01:59:38:723
Linktest.req
00 00 00 0A FF FF 00 00 00 05 00 00 0A C1 

---->>>  [IN ]
2020/08/24 01:59:38:724
Linktest.rsp
00 00 00 0A FF FF 00 00 00 06 00 00 0A C1 

<<<----  [OUT]
2020/08/24 01:59:48:710
Linktest.req
00 00 00 0A FF FF 00 00 00 05 00 00 0A C2 

---->>>  [IN ]
2020/08/24 01:59:48:711
Linktest.rsp
00 00 00 0A FF FF 00 00 00 06 00 00 0A C2 

<<<----  [OUT]
2020/08/24 01:59:58:723
Linktest.req
00 00 00 0A FF FF 00 00 00 05 00 00 0A C3 

---->>>  [IN ]
2020/08/24 01:59:58:724
Linktest.rsp
00 00 00 0A FF FF 00 00 00 06 00 00 0A C3 
