
<<<----  [OUT]
2022/02/09 00:50:57:085

---------------------------------------------------------------------
// FA : Start Log ...


<<<----  [OUT]
2022/02/09 00:50:57:095

//-------------------------------------------------------------
Property Information

   Driver Type [HSMS]
   Driver Mode [ACTIVE]
   IP    [192.168.100.113]
   Port  [5000]
//-------------------------------------------------------------


<<<----  [OUT]
2022/02/09 00:50:57:696

Auto-Start Started ... (Active)

<<<----  [OUT]
2022/02/09 00:50:57:787

Auto-Start Started ...  Waiting Stop-Connection.

<<<----  [OUT]
2022/02/09 00:50:57:787

Auto-Start Started ...  Waiting Open-Socket.

<<<----  [OUT]
2022/02/09 00:50:57:811

Socket Open Started...

<<<----  [OUT]
2022/02/09 00:50:57:811

Socket Open Completed...

<<<----  [OUT]
2022/02/09 00:50:57:811

Connecting Started...

<<<----  [OUT]
2022/02/09 00:50:57:878

Auto-Start Completed ...  (Active)

<<<----  [OUT]
2022/02/09 00:51:18:814

I can't connect with the passive [192.168.100.113/5000] error_code:10060 !

<<<----  [OUT]
2022/02/09 00:51:21:290

Connecting Started...

<<<----  [OUT]
2022/02/09 00:51:42:294

I can't connect with the passive [192.168.100.113/5000] error_code:10060 !

<<<----  [OUT]
2022/02/09 00:51:44:775

Connecting Started...

<<<----  [OUT]
2022/02/09 00:52:05:778

I can't connect with the passive [192.168.100.113/5000] error_code:10060 !

<<<----  [OUT]
2022/02/09 00:52:08:259

Connecting Started...

<<<----  [OUT]
2022/02/09 00:52:29:262

I can't connect with the passive [192.168.100.113/5000] error_code:10060 !

<<<----  [OUT]
2022/02/09 00:52:31:744

Connecting Started...

<<<----  [OUT]
2022/02/09 00:52:52:746

I can't connect with the passive [192.168.100.113/5000] error_code:10060 !

<<<----  [OUT]
2022/02/09 00:52:55:228

Connecting Started...

<<<----  [OUT]
2022/02/09 00:53:16:230

I can't connect with the passive [192.168.100.113/5000] error_code:10060 !

<<<----  [OUT]
2022/02/09 00:53:18:712

Connecting Started...
