
<<<----  [OUT]
2020/09/02 11:18:23:058

---------------------------------------------------------------------
// FA : Start Log ...


<<<----  [OUT]
2020/09/02 11:18:23:063

//-------------------------------------------------------------
Property Information

   Driver Type [HSMS]
   Driver Mode [ACTIVE]
   IP    [192.168.100.113]
   Port  [5000]
//-------------------------------------------------------------


<<<----  [OUT]
2020/09/02 11:18:23:664

Auto-Start Started ... (Active)

<<<----  [OUT]
2020/09/02 11:18:23:755

Auto-Start Started ...  Waiting Stop-Connection.

<<<----  [OUT]
2020/09/02 11:18:23:755

Auto-Start Started ...  Waiting Open-Socket.

<<<----  [OUT]
2020/09/02 11:18:23:784

Socket Open Started...

<<<----  [OUT]
2020/09/02 11:18:23:784

Socket Open Completed...

<<<----  [OUT]
2020/09/02 11:18:23:784

Connecting Started...

<<<----  [OUT]
2020/09/02 11:18:23:846

Auto-Start Completed ...  (Active)

<<<----  [OUT]
2020/09/02 11:18:44:829

I can't connect with the passive [192.168.100.113/5000] error_code:10060 !

<<<----  [OUT]
2020/09/02 11:18:47:309

Connecting Started...

<<<----  [OUT]
2020/09/02 11:19:08:345

I can't connect with the passive [192.168.100.113/5000] error_code:10060 !

<<<----  [OUT]
2020/09/02 11:19:10:826

Connecting Started...

<<<----  [OUT]
2020/09/02 11:19:31:869

I can't connect with the passive [192.168.100.113/5000] error_code:10060 !

<<<----  [OUT]
2020/09/02 11:19:34:356

Connecting Started...

<<<----  [OUT]
2020/09/02 11:19:55:383

I can't connect with the passive [192.168.100.113/5000] error_code:10060 !

<<<----  [OUT]
2020/09/02 11:19:57:871

Connecting Started...

<<<----  [OUT]
2020/09/02 11:20:18:904

I can't connect with the passive [192.168.100.113/5000] error_code:10060 !

<<<----  [OUT]
2020/09/02 11:20:21:387

Connecting Started...

<<<----  [OUT]
2020/09/02 11:20:42:415

I can't connect with the passive [192.168.100.113/5000] error_code:10060 !

<<<----  [OUT]
2020/09/02 11:20:44:903

Connecting Started...

<<<----  [OUT]
2020/09/02 11:21:05:935

I can't connect with the passive [192.168.100.113/5000] error_code:10060 !

<<<----  [OUT]
2020/09/02 11:21:08:419

Connecting Started...

<<<----  [OUT]
2020/09/02 11:21:29:471

I can't connect with the passive [192.168.100.113/5000] error_code:10060 !

<<<----  [OUT]
2020/09/02 11:21:31:951

Connecting Started...

<<<----  [OUT]
2020/09/02 11:21:52:984

I can't connect with the passive [192.168.100.113/5000] error_code:10060 !

<<<----  [OUT]
2020/09/02 11:21:55:466

Connecting Started...

<<<----  [OUT]
2020/09/02 11:22:16:485

I can't connect with the passive [192.168.100.113/5000] error_code:10060 !

<<<----  [OUT]
2020/09/02 11:22:18:965

Connecting Started...

<<<----  [OUT]
2020/09/02 11:22:40:017

I can't connect with the passive [192.168.100.113/5000] error_code:10060 !

<<<----  [OUT]
2020/09/02 11:22:42:497

Connecting Started...

<<<----  [OUT]
2020/09/02 11:23:03:529

I can't connect with the passive [192.168.100.113/5000] error_code:10060 !

<<<----  [OUT]
2020/09/02 11:23:06:012

Connecting Started...

<<<----  [OUT]
2020/09/02 11:23:27:053

I can't connect with the passive [192.168.100.113/5000] error_code:10060 !

<<<----  [OUT]
2020/09/02 11:23:29:544

Connecting Started...

<<<----  [OUT]
2020/09/02 11:23:50:578

I can't connect with the passive [192.168.100.113/5000] error_code:10060 !

<<<----  [OUT]
2020/09/02 11:23:53:060

Connecting Started...

<<<----  [OUT]
2020/09/02 11:24:14:112

I can't connect with the passive [192.168.100.113/5000] error_code:10060 !

<<<----  [OUT]
2020/09/02 11:24:16:592

Connecting Started...

<<<----  [OUT]
2020/09/02 11:24:37:642

I can't connect with the passive [192.168.100.113/5000] error_code:10060 !

<<<----  [OUT]
2020/09/02 11:24:40:122

Connecting Started...

<<<----  [OUT]
2020/09/02 11:25:01:181

I can't connect with the passive [192.168.100.113/5000] error_code:10060 !

<<<----  [OUT]
2020/09/02 11:25:03:670

Connecting Started...

<<<----  [OUT]
2020/09/02 11:25:24:703

I can't connect with the passive [192.168.100.113/5000] error_code:10060 !

<<<----  [OUT]
2020/09/02 11:25:27:184

Connecting Started...

<<<----  [OUT]
2020/09/02 11:25:48:227

I can't connect with the passive [192.168.100.113/5000] error_code:10060 !

<<<----  [OUT]
2020/09/02 11:25:50:716

Connecting Started...

<<<----  [OUT]
2020/09/02 11:26:11:748

I can't connect with the passive [192.168.100.113/5000] error_code:10060 !

<<<----  [OUT]
2020/09/02 11:26:14:232

Connecting Started...

<<<----  [OUT]
2020/09/02 11:26:35:259

I can't connect with the passive [192.168.100.113/5000] error_code:10060 !

<<<----  [OUT]
2020/09/02 11:26:37:746

Connecting Started...

<<<----  [OUT]
2020/09/02 11:26:58:791

I can't connect with the passive [192.168.100.113/5000] error_code:10060 !

<<<----  [OUT]
2020/09/02 11:27:01:279

Connecting Started...

<<<----  [OUT]
2020/09/02 11:27:22:317

I can't connect with the passive [192.168.100.113/5000] error_code:10060 !

<<<----  [OUT]
2020/09/02 11:27:24:794

Connecting Started...

<<<----  [OUT]
2020/09/02 11:27:45:828

I can't connect with the passive [192.168.100.113/5000] error_code:10060 !

<<<----  [OUT]
2020/09/02 11:27:48:310

Connecting Started...

<<<----  [OUT]
2020/09/02 11:28:09:356

I can't connect with the passive [192.168.100.113/5000] error_code:10060 !

<<<----  [OUT]
2020/09/02 11:28:11:841

Connecting Started...

<<<----  [OUT]
2020/09/02 11:28:32:872

I can't connect with the passive [192.168.100.113/5000] error_code:10060 !

<<<----  [OUT]
2020/09/02 11:28:35:357

Connecting Started...

<<<----  [OUT]
2020/09/02 11:28:56:386

I can't connect with the passive [192.168.100.113/5000] error_code:10060 !

<<<----  [OUT]
2020/09/02 11:28:58:872

Connecting Started...

<<<----  [OUT]
2020/09/02 11:29:19:894

I can't connect with the passive [192.168.100.113/5000] error_code:10060 !

<<<----  [OUT]
2020/09/02 11:29:22:372

Connecting Started...

<<<----  [OUT]
2020/09/02 11:29:43:404

I can't connect with the passive [192.168.100.113/5000] error_code:10060 !

<<<----  [OUT]
2020/09/02 11:29:45:887

Connecting Started...

<<<----  [OUT]
2020/09/02 11:30:06:912

I can't connect with the passive [192.168.100.113/5000] error_code:10060 !

<<<----  [OUT]
2020/09/02 11:30:09:404

Connecting Started...

<<<----  [OUT]
2020/09/02 11:30:30:419

I can't connect with the passive [192.168.100.113/5000] error_code:10060 !

<<<----  [OUT]
2020/09/02 11:30:32:903

Connecting Started...

<<<----  [OUT]
2020/09/02 11:30:53:943

I can't connect with the passive [192.168.100.113/5000] error_code:10060 !

<<<----  [OUT]
2020/09/02 11:30:56:434

Connecting Started...

<<<----  [OUT]
2020/09/02 11:31:17:461

I can't connect with the passive [192.168.100.113/5000] error_code:10060 !

<<<----  [OUT]
2020/09/02 11:31:19:951

Connecting Started...

<<<----  [OUT]
2020/09/02 11:31:40:972

I can't connect with the passive [192.168.100.113/5000] error_code:10060 !

<<<----  [OUT]
2020/09/02 11:31:43:450

Connecting Started...

<<<----  [OUT]
2020/09/02 11:32:04:488

I can't connect with the passive [192.168.100.113/5000] error_code:10060 !

<<<----  [OUT]
2020/09/02 11:32:06:966

Connecting Started...

<<<----  [OUT]
2020/09/02 11:32:28:016

I can't connect with the passive [192.168.100.113/5000] error_code:10060 !

<<<----  [OUT]
2020/09/02 11:32:30:496

Connecting Started...

<<<----  [OUT]
2020/09/02 11:32:51:529

I can't connect with the passive [192.168.100.113/5000] error_code:10060 !

<<<----  [OUT]
2020/09/02 11:32:54:012

Connecting Started...

<<<----  [OUT]
2020/09/02 11:33:15:043

I can't connect with the passive [192.168.100.113/5000] error_code:10060 !

<<<----  [OUT]
2020/09/02 11:33:17:528

Connecting Started...

<<<----  [OUT]
2020/09/02 11:33:38:547

I can't connect with the passive [192.168.100.113/5000] error_code:10060 !

<<<----  [OUT]
2020/09/02 11:33:41:029

Connecting Started...

<<<----  [OUT]
2020/09/02 11:34:02:066

I can't connect with the passive [192.168.100.113/5000] error_code:10060 !

<<<----  [OUT]
2020/09/02 11:34:04:544

Connecting Started...

<<<----  [OUT]
2020/09/02 11:34:25:593

I can't connect with the passive [192.168.100.113/5000] error_code:10060 !

<<<----  [OUT]
2020/09/02 11:34:28:076

Connecting Started...

<<<----  [OUT]
2020/09/02 11:34:49:102

I can't connect with the passive [192.168.100.113/5000] error_code:10060 !

<<<----  [OUT]
2020/09/02 11:34:51:591

Connecting Started...

<<<----  [OUT]
2020/09/02 11:35:12:629

I can't connect with the passive [192.168.100.113/5000] error_code:10060 !

<<<----  [OUT]
2020/09/02 11:35:15:106

Connecting Started...

<<<----  [OUT]
2020/09/02 11:35:36:159

I can't connect with the passive [192.168.100.113/5000] error_code:10060 !

<<<----  [OUT]
2020/09/02 11:35:38:638

Connecting Started...

<<<----  [OUT]
2020/09/02 11:35:59:682

I can't connect with the passive [192.168.100.113/5000] error_code:10060 !

<<<----  [OUT]
2020/09/02 11:36:02:170

Connecting Started...

<<<----  [OUT]
2020/09/02 11:36:23:212

I can't connect with the passive [192.168.100.113/5000] error_code:10060 !

<<<----  [OUT]
2020/09/02 11:36:25:700

Connecting Started...

<<<----  [OUT]
2020/09/02 11:36:46:765

I can't connect with the passive [192.168.100.113/5000] error_code:10060 !

<<<----  [OUT]
2020/09/02 11:36:49:248

Connecting Started...

<<<----  [OUT]
2020/09/02 11:37:10:283

I can't connect with the passive [192.168.100.113/5000] error_code:10060 !

<<<----  [OUT]
2020/09/02 11:37:12:762

Connecting Started...

<<<----  [OUT]
2020/09/02 11:37:33:806

I can't connect with the passive [192.168.100.113/5000] error_code:10060 !

<<<----  [OUT]
2020/09/02 11:37:36:293

Connecting Started...

<<<----  [OUT]
2020/09/02 11:37:57:314

I can't connect with the passive [192.168.100.113/5000] error_code:10060 !

<<<----  [OUT]
2020/09/02 11:37:59:794

Connecting Started...

<<<----  [OUT]
2020/09/02 11:38:20:845

I can't connect with the passive [192.168.100.113/5000] error_code:10060 !

<<<----  [OUT]
2020/09/02 11:38:23:325

Connecting Started...

<<<----  [OUT]
2020/09/02 11:38:44:373

I can't connect with the passive [192.168.100.113/5000] error_code:10060 !

<<<----  [OUT]
2020/09/02 11:38:46:856

Connecting Started...

<<<----  [OUT]
2020/09/02 11:39:07:900

I can't connect with the passive [192.168.100.113/5000] error_code:10060 !

<<<----  [OUT]
2020/09/02 11:39:10:389

Connecting Started...

<<<----  [OUT]
2020/09/02 11:39:31:433

I can't connect with the passive [192.168.100.113/5000] error_code:10060 !

<<<----  [OUT]
2020/09/02 11:39:33:919

Connecting Started...

<<<----  [OUT]
2020/09/02 11:39:54:951

I can't connect with the passive [192.168.100.113/5000] error_code:10060 !

<<<----  [OUT]
2020/09/02 11:39:57:434

Connecting Started...

<<<----  [OUT]
2020/09/02 11:40:18:476

I can't connect with the passive [192.168.100.113/5000] error_code:10060 !

<<<----  [OUT]
2020/09/02 11:40:20:965

Connecting Started...

<<<----  [OUT]
2020/09/02 11:40:41:998

I can't connect with the passive [192.168.100.113/5000] error_code:10060 !

<<<----  [OUT]
2020/09/02 11:40:44:482

Connecting Started...

<<<----  [OUT]
2020/09/02 11:41:05:495

I can't connect with the passive [192.168.100.113/5000] error_code:10060 !

<<<----  [OUT]
2020/09/02 11:41:07:982

Connecting Started...

<<<----  [OUT]
2020/09/02 11:41:29:017

I can't connect with the passive [192.168.100.113/5000] error_code:10060 !

<<<----  [OUT]
2020/09/02 11:41:31:497

Connecting Started...

<<<----  [OUT]
2020/09/02 11:41:52:532

I can't connect with the passive [192.168.100.113/5000] error_code:10060 !

<<<----  [OUT]
2020/09/02 11:41:55:014

Connecting Started...

<<<----  [OUT]
2020/09/02 11:42:16:040

I can't connect with the passive [192.168.100.113/5000] error_code:10060 !

<<<----  [OUT]
2020/09/02 11:42:18:528

Connecting Started...

<<<----  [OUT]
2020/09/02 11:42:39:555

I can't connect with the passive [192.168.100.113/5000] error_code:10060 !

<<<----  [OUT]
2020/09/02 11:42:42:044

Connecting Started...

<<<----  [OUT]
2020/09/02 11:43:03:075

I can't connect with the passive [192.168.100.113/5000] error_code:10060 !

<<<----  [OUT]
2020/09/02 11:43:05:559

Connecting Started...

<<<----  [OUT]
2020/09/02 11:43:26:616

I can't connect with the passive [192.168.100.113/5000] error_code:10060 !

<<<----  [OUT]
2020/09/02 11:43:29:106

Connecting Started...

<<<----  [OUT]
2020/09/02 11:43:50:152

I can't connect with the passive [192.168.100.113/5000] error_code:10060 !

<<<----  [OUT]
2020/09/02 11:43:52:638

Connecting Started...

<<<----  [OUT]
2020/09/02 11:44:13:687

I can't connect with the passive [192.168.100.113/5000] error_code:10060 !

<<<----  [OUT]
2020/09/02 11:44:16:169

Connecting Started...

<<<----  [OUT]
2020/09/02 11:44:37:205

I can't connect with the passive [192.168.100.113/5000] error_code:10060 !

<<<----  [OUT]
2020/09/02 11:44:39:685

Connecting Started...

<<<----  [OUT]
2020/09/02 11:45:00:714

I can't connect with the passive [192.168.100.113/5000] error_code:10060 !

<<<----  [OUT]
2020/09/02 11:45:03:200

Connecting Started...

<<<----  [OUT]
2020/09/02 11:45:24:235

I can't connect with the passive [192.168.100.113/5000] error_code:10060 !

<<<----  [OUT]
2020/09/02 11:45:26:716

Connecting Started...

<<<----  [OUT]
2020/09/02 11:45:47:746

I can't connect with the passive [192.168.100.113/5000] error_code:10060 !

<<<----  [OUT]
2020/09/02 11:45:50:232

Connecting Started...

<<<----  [OUT]
2020/09/02 11:46:11:271

I can't connect with the passive [192.168.100.113/5000] error_code:10060 !

<<<----  [OUT]
2020/09/02 11:46:13:747

Connecting Started...

<<<----  [OUT]
2020/09/02 11:46:34:792

I can't connect with the passive [192.168.100.113/5000] error_code:10060 !

<<<----  [OUT]
2020/09/02 11:46:37:279

Connecting Started...

<<<----  [OUT]
2020/09/02 11:46:58:307

I can't connect with the passive [192.168.100.113/5000] error_code:10060 !

<<<----  [OUT]
2020/09/02 11:47:00:795

Connecting Started...

<<<----  [OUT]
2020/09/02 11:47:21:832

I can't connect with the passive [192.168.100.113/5000] error_code:10060 !

<<<----  [OUT]
2020/09/02 11:47:24:310

Connecting Started...

<<<----  [OUT]
2020/09/02 11:47:45:364

I can't connect with the passive [192.168.100.113/5000] error_code:10060 !

<<<----  [OUT]
2020/09/02 11:47:47:842

Connecting Started...

<<<----  [OUT]
2020/09/02 11:48:08:876

I can't connect with the passive [192.168.100.113/5000] error_code:10060 !

<<<----  [OUT]
2020/09/02 11:48:11:356

Connecting Started...

<<<----  [OUT]
2020/09/02 11:48:32:380

I can't connect with the passive [192.168.100.113/5000] error_code:10060 !

<<<----  [OUT]
2020/09/02 11:48:34:856

Connecting Started...

<<<----  [OUT]
2020/09/02 11:48:55:898

I can't connect with the passive [192.168.100.113/5000] error_code:10060 !

<<<----  [OUT]
2020/09/02 11:48:58:388

Connecting Started...

<<<----  [OUT]
2020/09/02 11:49:19:425

I can't connect with the passive [192.168.100.113/5000] error_code:10060 !

<<<----  [OUT]
2020/09/02 11:49:21:904

Connecting Started...

<<<----  [OUT]
2020/09/02 11:49:42:935

I can't connect with the passive [192.168.100.113/5000] error_code:10060 !

<<<----  [OUT]
2020/09/02 11:49:45:418

Connecting Started...

<<<----  [OUT]
2020/09/02 11:50:06:465

I can't connect with the passive [192.168.100.113/5000] error_code:10060 !

<<<----  [OUT]
2020/09/02 11:50:08:950

Connecting Started...

<<<----  [OUT]
2020/09/02 11:50:29:974

I can't connect with the passive [192.168.100.113/5000] error_code:10060 !

<<<----  [OUT]
2020/09/02 11:50:32:450

Connecting Started...

<<<----  [OUT]
2020/09/02 11:50:53:483

I can't connect with the passive [192.168.100.113/5000] error_code:10060 !

<<<----  [OUT]
2020/09/02 11:50:55:965

Connecting Started...

<<<----  [OUT]
2020/09/02 11:51:17:014

I can't connect with the passive [192.168.100.113/5000] error_code:10060 !

<<<----  [OUT]
2020/09/02 11:51:19:498

Connecting Started...

<<<----  [OUT]
2020/09/02 11:51:40:526

I can't connect with the passive [192.168.100.113/5000] error_code:10060 !

<<<----  [OUT]
2020/09/02 11:51:43:014

Connecting Started...

<<<----  [OUT]
2020/09/02 11:52:04:042

I can't connect with the passive [192.168.100.113/5000] error_code:10060 !

<<<----  [OUT]
2020/09/02 11:52:06:529

Connecting Started...

<<<----  [OUT]
2020/09/02 11:52:27:568

I can't connect with the passive [192.168.100.113/5000] error_code:10060 !

<<<----  [OUT]
2020/09/02 11:52:30:044

Connecting Started...

<<<----  [OUT]
2020/09/02 11:52:51:083

I can't connect with the passive [192.168.100.113/5000] error_code:10060 !

<<<----  [OUT]
2020/09/02 11:52:53:560

Connecting Started...

<<<----  [OUT]
2020/09/02 11:53:14:602

I can't connect with the passive [192.168.100.113/5000] error_code:10060 !

<<<----  [OUT]
2020/09/02 11:53:17:090

Connecting Started...

<<<----  [OUT]
2020/09/02 11:53:38:124

I can't connect with the passive [192.168.100.113/5000] error_code:10060 !

<<<----  [OUT]
2020/09/02 11:53:40:606

Connecting Started...

<<<----  [OUT]
2020/09/02 11:54:01:635

I can't connect with the passive [192.168.100.113/5000] error_code:10060 !

<<<----  [OUT]
2020/09/02 11:54:04:121

Connecting Started...

<<<----  [OUT]
2020/09/02 11:54:25:152

I can't connect with the passive [192.168.100.113/5000] error_code:10060 !

<<<----  [OUT]
2020/09/02 11:54:27:639

Connecting Started...

<<<----  [OUT]
2020/09/02 11:54:48:672

I can't connect with the passive [192.168.100.113/5000] error_code:10060 !

<<<----  [OUT]
2020/09/02 11:54:51:153

Connecting Started...

<<<----  [OUT]
2020/09/02 11:55:12:186

I can't connect with the passive [192.168.100.113/5000] error_code:10060 !

<<<----  [OUT]
2020/09/02 11:55:14:670

Connecting Started...

<<<----  [OUT]
2020/09/02 11:55:35:702

I can't connect with the passive [192.168.100.113/5000] error_code:10060 !

<<<----  [OUT]
2020/09/02 11:55:38:185

Connecting Started...

<<<----  [OUT]
2020/09/02 11:55:59:233

I can't connect with the passive [192.168.100.113/5000] error_code:10060 !

<<<----  [OUT]
2020/09/02 11:56:01:717

Connecting Started...

<<<----  [OUT]
2020/09/02 11:56:22:753

I can't connect with the passive [192.168.100.113/5000] error_code:10060 !

<<<----  [OUT]
2020/09/02 11:56:25:231

Connecting Started...

<<<----  [OUT]
2020/09/02 11:56:46:281

I can't connect with the passive [192.168.100.113/5000] error_code:10060 !

<<<----  [OUT]
2020/09/02 11:56:48:764

Connecting Started...

<<<----  [OUT]
2020/09/02 11:57:09:782

I can't connect with the passive [192.168.100.113/5000] error_code:10060 !

<<<----  [OUT]
2020/09/02 11:57:12:264

Connecting Started...

<<<----  [OUT]
2020/09/02 11:57:33:297

I can't connect with the passive [192.168.100.113/5000] error_code:10060 !

<<<----  [OUT]
2020/09/02 11:57:35:779

Connecting Started...
