
<<<----  [OUT]
2020/09/02 10:45:59:429

---------------------------------------------------------------------
// FA : Start Log ...


<<<----  [OUT]
2020/09/02 10:45:59:433

//-------------------------------------------------------------
Property Information

   Driver Type [HSMS]
   Driver Mode [ACTIVE]
   IP    [192.168.100.113]
   Port  [5000]
//-------------------------------------------------------------


<<<----  [OUT]
2020/09/02 10:46:00:036

Auto-Start Started ... (Active)

<<<----  [OUT]
2020/09/02 10:46:00:126

Auto-Start Started ...  Waiting Stop-Connection.

<<<----  [OUT]
2020/09/02 10:46:00:126

Auto-Start Started ...  Waiting Open-Socket.

<<<----  [OUT]
2020/09/02 10:46:00:155

Socket Open Started...

<<<----  [OUT]
2020/09/02 10:46:00:155

Socket Open Completed...

<<<----  [OUT]
2020/09/02 10:46:00:155

Connecting Started...

<<<----  [OUT]
2020/09/02 10:46:00:217

Auto-Start Completed ...  (Active)

<<<----  [OUT]
2020/09/02 10:46:21:192

I can't connect with the passive [192.168.100.113/5000] error_code:10060 !

<<<----  [OUT]
2020/09/02 10:46:23:669

Connecting Started...

<<<----  [OUT]
2020/09/02 10:46:44:712

I can't connect with the passive [192.168.100.113/5000] error_code:10060 !

<<<----  [OUT]
2020/09/02 10:46:47:201

Connecting Started...

<<<----  [OUT]
2020/09/02 10:56:09:470

---------------------------------------------------------------------
// FA : Start Log ...


<<<----  [OUT]
2020/09/02 10:56:09:474

//-------------------------------------------------------------
Property Information

   Driver Type [HSMS]
   Driver Mode [ACTIVE]
   IP    [192.168.100.113]
   Port  [5000]
//-------------------------------------------------------------


<<<----  [OUT]
2020/09/02 10:56:10:076

Auto-Start Started ... (Active)

<<<----  [OUT]
2020/09/02 10:56:10:166

Auto-Start Started ...  Waiting Stop-Connection.

<<<----  [OUT]
2020/09/02 10:56:10:166

Auto-Start Started ...  Waiting Open-Socket.

<<<----  [OUT]
2020/09/02 10:56:10:196

Socket Open Started...

<<<----  [OUT]
2020/09/02 10:56:10:196

Socket Open Completed...

<<<----  [OUT]
2020/09/02 10:56:10:196

Connecting Started...

<<<----  [OUT]
2020/09/02 10:56:10:257

Auto-Start Completed ...  (Active)
