
<<<----  [OUT]
2021/10/12 18:27:33:195

---------------------------------------------------------------------
// FA : Start Log ...


<<<----  [OUT]
2021/10/12 18:27:33:210

//-------------------------------------------------------------
Property Information

   Driver Type [HSMS]
   Driver Mode [ACTIVE]
   IP    [192.168.100.113]
   Port  [5000]
//-------------------------------------------------------------


<<<----  [OUT]
2021/10/12 18:27:33:811

Auto-Start Started ... (Active)

<<<----  [OUT]
2021/10/12 18:27:33:902

Auto-Start Started ...  Waiting Stop-Connection.

<<<----  [OUT]
2021/10/12 18:27:33:902

Auto-Start Started ...  Waiting Open-Socket.

<<<----  [OUT]
2021/10/12 18:27:33:921

Socket Open Started...

<<<----  [OUT]
2021/10/12 18:27:33:921

Socket Open Completed...

<<<----  [OUT]
2021/10/12 18:27:33:921

Connecting Started...

<<<----  [OUT]
2021/10/12 18:27:33:993

Auto-Start Completed ...  (Active)

<<<----  [OUT]
2021/10/12 18:27:54:968

I can't connect with the passive [192.168.100.113/5000] error_code:10060 !

<<<----  [OUT]
2021/10/12 18:27:57:449

Connecting Started...

<<<----  [OUT]
2021/10/12 18:28:18:487

I can't connect with the passive [192.168.100.113/5000] error_code:10060 !

<<<----  [OUT]
2021/10/12 18:28:20:965

Connecting Started...

<<<----  [OUT]
2021/10/12 18:28:42:005

I can't connect with the passive [192.168.100.113/5000] error_code:10060 !

<<<----  [OUT]
2021/10/12 18:28:44:495

Connecting Started...

<<<----  [OUT]
2021/10/12 18:29:05:535

I can't connect with the passive [192.168.100.113/5000] error_code:10060 !

<<<----  [OUT]
2021/10/12 18:29:08:012

Connecting Started...

<<<----  [OUT]
2021/10/12 18:29:29:058

I can't connect with the passive [192.168.100.113/5000] error_code:10060 !

<<<----  [OUT]
2021/10/12 18:29:31:542

Connecting Started...

<<<----  [OUT]
2021/10/12 18:29:52:580

I can't connect with the passive [192.168.100.113/5000] error_code:10060 !

<<<----  [OUT]
2021/10/12 18:29:55:058

Connecting Started...

<<<----  [OUT]
2021/10/12 18:30:16:115

I can't connect with the passive [192.168.100.113/5000] error_code:10060 !

<<<----  [OUT]
2021/10/12 18:30:18:604

Connecting Started...

<<<----  [OUT]
2021/10/12 18:30:39:646

I can't connect with the passive [192.168.100.113/5000] error_code:10060 !

<<<----  [OUT]
2021/10/12 18:30:42:136

Connecting Started...

<<<----  [OUT]
2021/10/12 18:31:03:168

I can't connect with the passive [192.168.100.113/5000] error_code:10060 !

<<<----  [OUT]
2021/10/12 18:31:05:653

Connecting Started...

<<<----  [OUT]
2021/10/12 18:31:26:705

I can't connect with the passive [192.168.100.113/5000] error_code:10060 !

<<<----  [OUT]
2021/10/12 18:31:29:184

Connecting Started...

<<<----  [OUT]
2021/10/12 18:31:50:211

I can't connect with the passive [192.168.100.113/5000] error_code:10060 !

<<<----  [OUT]
2021/10/12 18:31:52:699

Connecting Started...

<<<----  [OUT]
2021/10/12 18:32:13:746

I can't connect with the passive [192.168.100.113/5000] error_code:10060 !

<<<----  [OUT]
2021/10/12 18:32:16:231

Connecting Started...

<<<----  [OUT]
2021/10/12 18:32:37:283

I can't connect with the passive [192.168.100.113/5000] error_code:10060 !

<<<----  [OUT]
2021/10/12 18:32:39:762

Connecting Started...

<<<----  [OUT]
2021/10/12 18:33:00:802

I can't connect with the passive [192.168.100.113/5000] error_code:10060 !

<<<----  [OUT]
2021/10/12 18:33:03:292

Connecting Started...

<<<----  [OUT]
2021/10/12 18:33:24:329

I can't connect with the passive [192.168.100.113/5000] error_code:10060 !

<<<----  [OUT]
2021/10/12 18:33:26:808

Connecting Started...

<<<----  [OUT]
2021/10/12 18:33:47:851

I can't connect with the passive [192.168.100.113/5000] error_code:10060 !

<<<----  [OUT]
2021/10/12 18:33:50:339

Connecting Started...

<<<----  [OUT]
2021/10/12 18:34:11:374

I can't connect with the passive [192.168.100.113/5000] error_code:10060 !

<<<----  [OUT]
2021/10/12 18:34:13:855

Connecting Started...

<<<----  [OUT]
2021/10/12 18:34:34:911

I can't connect with the passive [192.168.100.113/5000] error_code:10060 !

<<<----  [OUT]
2021/10/12 18:34:37:402

Connecting Started...

<<<----  [OUT]
2021/10/12 18:34:58:449

I can't connect with the passive [192.168.100.113/5000] error_code:10060 !

<<<----  [OUT]
2021/10/12 18:35:00:934

Connecting Started...

<<<----  [OUT]
2021/10/12 18:35:21:954

I can't connect with the passive [192.168.100.113/5000] error_code:10060 !

<<<----  [OUT]
2021/10/12 18:35:24:434

Connecting Started...

<<<----  [OUT]
2021/10/12 18:35:45:479

I can't connect with the passive [192.168.100.113/5000] error_code:10060 !

<<<----  [OUT]
2021/10/12 18:35:47:964

Connecting Started...

<<<----  [OUT]
2021/10/12 18:36:08:997

I can't connect with the passive [192.168.100.113/5000] error_code:10060 !

<<<----  [OUT]
2021/10/12 18:36:11:480

Connecting Started...

<<<----  [OUT]
2021/10/12 18:36:32:517

I can't connect with the passive [192.168.100.113/5000] error_code:10060 !

<<<----  [OUT]
2021/10/12 18:36:34:996

Connecting Started...

<<<----  [OUT]
2021/10/12 18:36:56:039

I can't connect with the passive [192.168.100.113/5000] error_code:10060 !

<<<----  [OUT]
2021/10/12 18:36:58:526

Connecting Started...

<<<----  [OUT]
2021/10/12 18:37:19:570

I can't connect with the passive [192.168.100.113/5000] error_code:10060 !

<<<----  [OUT]
2021/10/12 18:37:22:058

Connecting Started...

<<<----  [OUT]
2021/10/12 18:37:43:083

I can't connect with the passive [192.168.100.113/5000] error_code:10060 !

<<<----  [OUT]
2021/10/12 18:37:45:573

Connecting Started...

<<<----  [OUT]
2021/10/12 18:38:06:586

I can't connect with the passive [192.168.100.113/5000] error_code:10060 !

<<<----  [OUT]
2021/10/12 18:38:09:074

Connecting Started...

<<<----  [OUT]
2021/10/12 18:38:30:128

I can't connect with the passive [192.168.100.113/5000] error_code:10060 !

<<<----  [OUT]
2021/10/12 18:38:32:605

Connecting Started...

<<<----  [OUT]
2021/10/12 18:38:53:659

I can't connect with the passive [192.168.100.113/5000] error_code:10060 !

<<<----  [OUT]
2021/10/12 18:38:56:137

Connecting Started...

<<<----  [OUT]
2021/10/12 18:39:17:173

I can't connect with the passive [192.168.100.113/5000] error_code:10060 !

<<<----  [OUT]
2021/10/12 18:39:19:653

Connecting Started...

<<<----  [OUT]
2021/10/12 18:39:40:680

I can't connect with the passive [192.168.100.113/5000] error_code:10060 !

<<<----  [OUT]
2021/10/12 18:39:43:168

Connecting Started...

<<<----  [OUT]
2021/10/12 18:40:04:208

I can't connect with the passive [192.168.100.113/5000] error_code:10060 !

<<<----  [OUT]
2021/10/12 18:40:06:699

Connecting Started...

<<<----  [OUT]
2021/10/12 18:40:27:738

I can't connect with the passive [192.168.100.113/5000] error_code:10060 !

<<<----  [OUT]
2021/10/12 18:40:30:214

Connecting Started...

<<<----  [OUT]
2021/10/12 18:40:51:250

I can't connect with the passive [192.168.100.113/5000] error_code:10060 !

<<<----  [OUT]
2021/10/12 18:40:53:731

Connecting Started...

<<<----  [OUT]
2021/10/12 18:41:14:766

I can't connect with the passive [192.168.100.113/5000] error_code:10060 !

<<<----  [OUT]
2021/10/12 18:41:17:246

Connecting Started...

<<<----  [OUT]
2021/10/12 18:41:38:296

I can't connect with the passive [192.168.100.113/5000] error_code:10060 !

<<<----  [OUT]
2021/10/12 18:41:40:777

Connecting Started...

<<<----  [OUT]
2021/10/12 18:42:01:813

I can't connect with the passive [192.168.100.113/5000] error_code:10060 !

<<<----  [OUT]
2021/10/12 18:42:04:292

Connecting Started...

<<<----  [OUT]
2021/10/12 18:42:25:331

I can't connect with the passive [192.168.100.113/5000] error_code:10060 !

<<<----  [OUT]
2021/10/12 18:42:27:809

Connecting Started...

<<<----  [OUT]
2021/10/12 18:42:48:834

I can't connect with the passive [192.168.100.113/5000] error_code:10060 !

<<<----  [OUT]
2021/10/12 18:42:51:324

Connecting Started...

<<<----  [OUT]
2021/10/12 18:43:12:351

I can't connect with the passive [192.168.100.113/5000] error_code:10060 !

<<<----  [OUT]
2021/10/12 18:43:14:839

Connecting Started...
