
<<<----  [OUT]
2021/10/12 16:32:46:139

---------------------------------------------------------------------
// FA : Start Log ...


<<<----  [OUT]
2021/10/12 16:32:46:148

//-------------------------------------------------------------
Property Information

   Driver Type [HSMS]
   Driver Mode [ACTIVE]
   IP    [192.168.100.113]
   Port  [5000]
//-------------------------------------------------------------


<<<----  [OUT]
2021/10/12 16:32:46:749

Auto-Start Started ... (Active)

<<<----  [OUT]
2021/10/12 16:32:46:840

Auto-Start Started ...  Waiting Stop-Connection.

<<<----  [OUT]
2021/10/12 16:32:46:840

Auto-Start Started ...  Waiting Open-Socket.

<<<----  [OUT]
2021/10/12 16:32:46:865

Socket Open Started...

<<<----  [OUT]
2021/10/12 16:32:46:865

Socket Open Completed...

<<<----  [OUT]
2021/10/12 16:32:46:865

Connecting Started...

<<<----  [OUT]
2021/10/12 16:32:46:931

Auto-Start Completed ...  (Active)

<<<----  [OUT]
2021/10/12 16:33:07:911

I can't connect with the passive [192.168.100.113/5000] error_code:10060 !

<<<----  [OUT]
2021/10/12 16:33:10:402

Connecting Started...

<<<----  [OUT]
2021/10/12 16:33:31:433

I can't connect with the passive [192.168.100.113/5000] error_code:10060 !

<<<----  [OUT]
2021/10/12 16:33:33:919

Connecting Started...

<<<----  [OUT]
2021/10/12 16:33:54:966

I can't connect with the passive [192.168.100.113/5000] error_code:10060 !

<<<----  [OUT]
2021/10/12 16:33:57:449

Connecting Started...

<<<----  [OUT]
2021/10/12 16:34:18:508

I can't connect with the passive [192.168.100.113/5000] error_code:10060 !

<<<----  [OUT]
2021/10/12 16:34:20:995

Connecting Started...

<<<----  [OUT]
2021/10/12 16:34:42:052

I can't connect with the passive [192.168.100.113/5000] error_code:10060 !

<<<----  [OUT]
2021/10/12 16:34:44:544

Connecting Started...

<<<----  [OUT]
2021/10/12 16:35:05:585

I can't connect with the passive [192.168.100.113/5000] error_code:10060 !

<<<----  [OUT]
2021/10/12 16:35:08:075

Connecting Started...

<<<----  [OUT]
2021/10/12 16:35:29:094

I can't connect with the passive [192.168.100.113/5000] error_code:10060 !

<<<----  [OUT]
2021/10/12 16:35:31:575

Connecting Started...

<<<----  [OUT]
2021/10/12 16:35:52:598

I can't connect with the passive [192.168.100.113/5000] error_code:10060 !

<<<----  [OUT]
2021/10/12 16:35:55:075

Connecting Started...
