
<<<----  [OUT]
2021/10/12 17:06:08:098

---------------------------------------------------------------------
// FA : Start Log ...


<<<----  [OUT]
2021/10/12 17:06:08:113

//-------------------------------------------------------------
Property Information

   Driver Type [HSMS]
   Driver Mode [ACTIVE]
   IP    [192.168.100.113]
   Port  [5000]
//-------------------------------------------------------------


<<<----  [OUT]
2021/10/12 17:06:08:715

Auto-Start Started ... (Active)

<<<----  [OUT]
2021/10/12 17:06:08:806

Auto-Start Started ...  Waiting Stop-Connection.

<<<----  [OUT]
2021/10/12 17:06:08:806

Auto-Start Started ...  Waiting Open-Socket.

<<<----  [OUT]
2021/10/12 17:06:08:823

Socket Open Started...

<<<----  [OUT]
2021/10/12 17:06:08:823

Socket Open Completed...

<<<----  [OUT]
2021/10/12 17:06:08:823

Connecting Started...

<<<----  [OUT]
2021/10/12 17:06:08:897

Auto-Start Completed ...  (Active)

<<<----  [OUT]
2021/10/12 17:06:29:853

I can't connect with the passive [192.168.100.113/5000] error_code:10060 !

<<<----  [OUT]
2021/10/12 17:06:32:339

Connecting Started...

<<<----  [OUT]
2021/10/12 17:06:53:366

I can't connect with the passive [192.168.100.113/5000] error_code:10060 !

<<<----  [OUT]
2021/10/12 17:06:55:855

Connecting Started...

<<<----  [OUT]
2021/10/12 17:07:16:889

I can't connect with the passive [192.168.100.113/5000] error_code:10060 !

<<<----  [OUT]
2021/10/12 17:07:19:370

Connecting Started...

<<<----  [OUT]
2021/10/12 17:07:40:432

I can't connect with the passive [192.168.100.113/5000] error_code:10060 !

<<<----  [OUT]
2021/10/12 17:07:42:918

Connecting Started...

<<<----  [OUT]
2021/10/12 17:08:03:943

I can't connect with the passive [192.168.100.113/5000] error_code:10060 !

<<<----  [OUT]
2021/10/12 17:08:06:433

Connecting Started...

<<<----  [OUT]
2021/10/12 17:08:27:483

I can't connect with the passive [192.168.100.113/5000] error_code:10060 !

<<<----  [OUT]
2021/10/12 17:08:29:964

Connecting Started...

<<<----  [OUT]
2021/10/12 17:08:50:998

I can't connect with the passive [192.168.100.113/5000] error_code:10060 !

<<<----  [OUT]
2021/10/12 17:08:53:480

Connecting Started...

<<<----  [OUT]
2021/10/12 17:09:14:509

I can't connect with the passive [192.168.100.113/5000] error_code:10060 !

<<<----  [OUT]
2021/10/12 17:09:16:995

Connecting Started...

<<<----  [OUT]
2021/10/12 17:09:38:026

I can't connect with the passive [192.168.100.113/5000] error_code:10060 !

<<<----  [OUT]
2021/10/12 17:09:40:512

Connecting Started...

<<<----  [OUT]
2021/10/12 17:10:01:563

I can't connect with the passive [192.168.100.113/5000] error_code:10060 !

<<<----  [OUT]
2021/10/12 17:10:04:044

Connecting Started...

<<<----  [OUT]
2021/10/12 17:10:25:077

I can't connect with the passive [192.168.100.113/5000] error_code:10060 !

<<<----  [OUT]
2021/10/12 17:10:27:558

Connecting Started...

<<<----  [OUT]
2021/10/12 17:10:48:604

I can't connect with the passive [192.168.100.113/5000] error_code:10060 !

<<<----  [OUT]
2021/10/12 17:10:51:090

Connecting Started...

<<<----  [OUT]
2021/10/12 17:11:12:127

I can't connect with the passive [192.168.100.113/5000] error_code:10060 !

<<<----  [OUT]
2021/10/12 17:11:14:605

Connecting Started...

<<<----  [OUT]
2021/10/12 17:11:35:661

I can't connect with the passive [192.168.100.113/5000] error_code:10060 !

<<<----  [OUT]
2021/10/12 17:11:38:152

Connecting Started...

<<<----  [OUT]
2021/10/12 17:11:59:196

I can't connect with the passive [192.168.100.113/5000] error_code:10060 !

<<<----  [OUT]
2021/10/12 17:12:01:684

Connecting Started...

<<<----  [OUT]
2021/10/12 17:12:22:718

I can't connect with the passive [192.168.100.113/5000] error_code:10060 !

<<<----  [OUT]
2021/10/12 17:12:25:199

Connecting Started...

<<<----  [OUT]
2021/10/12 17:12:46:246

I can't connect with the passive [192.168.100.113/5000] error_code:10060 !

<<<----  [OUT]
2021/10/12 17:12:48:729

Connecting Started...

<<<----  [OUT]
2021/10/12 17:13:09:772

I can't connect with the passive [192.168.100.113/5000] error_code:10060 !

<<<----  [OUT]
2021/10/12 17:13:12:262

Connecting Started...

<<<----  [OUT]
2021/10/12 17:13:33:308

I can't connect with the passive [192.168.100.113/5000] error_code:10060 !

<<<----  [OUT]
2021/10/12 17:13:35:793

Connecting Started...

<<<----  [OUT]
2021/10/12 17:13:56:834

I can't connect with the passive [192.168.100.113/5000] error_code:10060 !

<<<----  [OUT]
2021/10/12 17:13:59:324

Connecting Started...

<<<----  [OUT]
2021/10/12 17:14:20:356

I can't connect with the passive [192.168.100.113/5000] error_code:10060 !

<<<----  [OUT]
2021/10/12 17:14:22:839

Connecting Started...

<<<----  [OUT]
2021/10/12 17:14:43:887

I can't connect with the passive [192.168.100.113/5000] error_code:10060 !

<<<----  [OUT]
2021/10/12 17:14:46:371

Connecting Started...

<<<----  [OUT]
2021/10/12 17:15:07:413

I can't connect with the passive [192.168.100.113/5000] error_code:10060 !

<<<----  [OUT]
2021/10/12 17:15:09:901

Connecting Started...

<<<----  [OUT]
2021/10/12 17:15:30:930

I can't connect with the passive [192.168.100.113/5000] error_code:10060 !

<<<----  [OUT]
2021/10/12 17:15:33:418

Connecting Started...

<<<----  [OUT]
2021/10/12 17:15:54:442

I can't connect with the passive [192.168.100.113/5000] error_code:10060 !

<<<----  [OUT]
2021/10/12 17:15:56:933

Connecting Started...

<<<----  [OUT]
2021/10/12 17:16:17:981

I can't connect with the passive [192.168.100.113/5000] error_code:10060 !

<<<----  [OUT]
2021/10/12 17:16:20:464

Connecting Started...

<<<----  [OUT]
2021/10/12 17:16:41:516

I can't connect with the passive [192.168.100.113/5000] error_code:10060 !

<<<----  [OUT]
2021/10/12 17:16:43:995

Connecting Started...

<<<----  [OUT]
2021/10/12 17:17:05:021

I can't connect with the passive [192.168.100.113/5000] error_code:10060 !

<<<----  [OUT]
2021/10/12 17:17:07:512

Connecting Started...

<<<----  [OUT]
2021/10/12 17:17:28:564

I can't connect with the passive [192.168.100.113/5000] error_code:10060 !
