
<<<----  [OUT]
2021/01/22 07:57:32:345

---------------------------------------------------------------------
// FA : Start Log ...


<<<----  [OUT]
2021/01/22 07:57:32:349

//-------------------------------------------------------------
Property Information

   Driver Type [HSMS]
   Driver Mode [ACTIVE]
   IP    [192.168.100.113]
   Port  [5000]
//-------------------------------------------------------------


<<<----  [OUT]
2021/01/22 07:57:32:950

Auto-Start Started ... (Active)

<<<----  [OUT]
2021/01/22 07:57:33:041

Auto-Start Started ...  Waiting Stop-Connection.

<<<----  [OUT]
2021/01/22 07:57:33:041

Auto-Start Started ...  Waiting Open-Socket.

<<<----  [OUT]
2021/01/22 07:57:33:071

Socket Open Started...

<<<----  [OUT]
2021/01/22 07:57:33:071

Socket Open Completed...

<<<----  [OUT]
2021/01/22 07:57:33:071

Connecting Started...

<<<----  [OUT]
2021/01/22 07:57:33:132

Auto-Start Completed ...  (Active)

<<<----  [OUT]
2021/01/22 07:57:54:112

I can't connect with the passive [192.168.100.113/5000] error_code:10060 !

<<<----  [OUT]
2021/01/22 07:57:56:589

Connecting Started...

<<<----  [OUT]
2021/01/22 07:58:17:620

I can't connect with the passive [192.168.100.113/5000] error_code:10060 !

<<<----  [OUT]
2021/01/22 07:58:20:104

Connecting Started...

<<<----  [OUT]
2021/01/22 07:58:41:157

I can't connect with the passive [192.168.100.113/5000] error_code:10060 !

<<<----  [OUT]
2021/01/22 07:58:43:635

Connecting Started...

<<<----  [OUT]
2021/01/22 07:59:04:675

I can't connect with the passive [192.168.100.113/5000] error_code:10060 !

<<<----  [OUT]
2021/01/22 07:59:07:151

Connecting Started...

<<<----  [OUT]
2021/01/22 07:59:28:184

I can't connect with the passive [192.168.100.113/5000] error_code:10060 !

<<<----  [OUT]
2021/01/22 07:59:30:667

Connecting Started...
