
<<<----  [OUT]
2021/10/18 20:00:09:727

I can't connect with the passive [192.168.100.113/5000] error_code:10060 !

<<<----  [OUT]
2021/10/18 20:00:12:203

Connecting Started...

<<<----  [OUT]
2021/10/18 20:00:33:268

I can't connect with the passive [192.168.100.113/5000] error_code:10060 !

<<<----  [OUT]
2021/10/18 20:00:35:750

Connecting Started...

<<<----  [OUT]
2021/10/18 20:00:56:767

I can't connect with the passive [192.168.100.113/5000] error_code:10060 !

<<<----  [OUT]
2021/10/18 20:00:59:251

Connecting Started...

<<<----  [OUT]
2021/10/18 20:01:20:285

I can't connect with the passive [192.168.100.113/5000] error_code:10060 !

<<<----  [OUT]
2021/10/18 20:01:22:766

Connecting Started...

<<<----  [OUT]
2021/10/18 20:01:43:797

I can't connect with the passive [192.168.100.113/5000] error_code:10060 !

<<<----  [OUT]
2021/10/18 20:01:46:283

Connecting Started...

<<<----  [OUT]
2021/10/18 20:02:07:320

I can't connect with the passive [192.168.100.113/5000] error_code:10060 !

<<<----  [OUT]
2021/10/18 20:02:09:797

Connecting Started...

<<<----  [OUT]
2021/10/18 20:02:30:853

I can't connect with the passive [192.168.100.113/5000] error_code:10060 !

<<<----  [OUT]
2021/10/18 20:02:33:344

Connecting Started...

<<<----  [OUT]
2021/10/18 20:02:54:371

I can't connect with the passive [192.168.100.113/5000] error_code:10060 !

<<<----  [OUT]
2021/10/18 20:02:56:861

Connecting Started...

<<<----  [OUT]
2021/10/18 20:03:17:898

I can't connect with the passive [192.168.100.113/5000] error_code:10060 !

<<<----  [OUT]
2021/10/18 20:03:20:376

Connecting Started...

<<<----  [OUT]
2021/10/18 20:03:41:413

I can't connect with the passive [192.168.100.113/5000] error_code:10060 !

<<<----  [OUT]
2021/10/18 20:03:43:891

Connecting Started...

<<<----  [OUT]
2021/10/18 20:04:04:928

I can't connect with the passive [192.168.100.113/5000] error_code:10060 !

<<<----  [OUT]
2021/10/18 20:04:07:406

Connecting Started...

<<<----  [OUT]
2021/10/18 20:04:28:449

I can't connect with the passive [192.168.100.113/5000] error_code:10060 !

<<<----  [OUT]
2021/10/18 20:04:30:938

Connecting Started...

<<<----  [OUT]
2021/10/18 20:04:51:975

I can't connect with the passive [192.168.100.113/5000] error_code:10060 !

<<<----  [OUT]
2021/10/18 20:04:54:453

Connecting Started...

<<<----  [OUT]
2021/10/18 20:05:15:499

I can't connect with the passive [192.168.100.113/5000] error_code:10060 !

<<<----  [OUT]
2021/10/18 20:05:17:984

Connecting Started...

<<<----  [OUT]
2021/10/18 20:05:39:020

I can't connect with the passive [192.168.100.113/5000] error_code:10060 !

<<<----  [OUT]
2021/10/18 20:05:41:501

Connecting Started...

<<<----  [OUT]
2021/10/18 20:06:02:529

I can't connect with the passive [192.168.100.113/5000] error_code:10060 !

<<<----  [OUT]
2021/10/18 20:06:05:016

Connecting Started...

<<<----  [OUT]
2021/10/18 20:06:26:052

I can't connect with the passive [192.168.100.113/5000] error_code:10060 !

<<<----  [OUT]
2021/10/18 20:06:28:532

Connecting Started...

<<<----  [OUT]
2021/10/18 20:06:49:570

I can't connect with the passive [192.168.100.113/5000] error_code:10060 !

<<<----  [OUT]
2021/10/18 20:06:52:047

Connecting Started...

<<<----  [OUT]
2021/10/18 20:07:13:093

I can't connect with the passive [192.168.100.113/5000] error_code:10060 !

<<<----  [OUT]
2021/10/18 20:07:15:579

Connecting Started...

<<<----  [OUT]
2021/10/18 20:07:36:611

I can't connect with the passive [192.168.100.113/5000] error_code:10060 !

<<<----  [OUT]
2021/10/18 20:07:39:095

Connecting Started...

<<<----  [OUT]
2021/10/18 20:08:00:134

I can't connect with the passive [192.168.100.113/5000] error_code:10060 !

<<<----  [OUT]
2021/10/18 20:08:02:610

Connecting Started...

<<<----  [OUT]
2021/10/18 20:08:23:644

I can't connect with the passive [192.168.100.113/5000] error_code:10060 !

<<<----  [OUT]
2021/10/18 20:08:26:125

Connecting Started...

<<<----  [OUT]
2021/10/18 20:08:47:168

I can't connect with the passive [192.168.100.113/5000] error_code:10060 !

<<<----  [OUT]
2021/10/18 20:08:49:657

Connecting Started...

<<<----  [OUT]
2021/10/18 20:09:10:688

I can't connect with the passive [192.168.100.113/5000] error_code:10060 !

<<<----  [OUT]
2021/10/18 20:09:13:172

Connecting Started...

<<<----  [OUT]
2021/10/18 20:09:34:198

I can't connect with the passive [192.168.100.113/5000] error_code:10060 !

<<<----  [OUT]
2021/10/18 20:09:36:687

Connecting Started...

<<<----  [OUT]
2021/10/18 20:09:57:717

I can't connect with the passive [192.168.100.113/5000] error_code:10060 !

<<<----  [OUT]
2021/10/18 20:10:00:204

Connecting Started...

<<<----  [OUT]
2021/10/18 20:10:21:246

I can't connect with the passive [192.168.100.113/5000] error_code:10060 !

<<<----  [OUT]
2021/10/18 20:10:23:734

Connecting Started...

<<<----  [OUT]
2021/10/18 20:10:44:777

I can't connect with the passive [192.168.100.113/5000] error_code:10060 !

<<<----  [OUT]
2021/10/18 20:10:47:266

Connecting Started...

<<<----  [OUT]
2021/10/18 20:11:08:307

I can't connect with the passive [192.168.100.113/5000] error_code:10060 !

<<<----  [OUT]
2021/10/18 20:11:10:799

Connecting Started...

<<<----  [OUT]
2021/10/18 20:11:31:830

I can't connect with the passive [192.168.100.113/5000] error_code:10060 !

<<<----  [OUT]
2021/10/18 20:11:34:313

Connecting Started...

<<<----  [OUT]
2021/10/18 20:11:55:354

I can't connect with the passive [192.168.100.113/5000] error_code:10060 !

<<<----  [OUT]
2021/10/18 20:11:57:844

Connecting Started...

<<<----  [OUT]
2021/10/18 20:12:18:880

I can't connect with the passive [192.168.100.113/5000] error_code:10060 !

<<<----  [OUT]
2021/10/18 20:12:21:361

Connecting Started...

<<<----  [OUT]
2021/10/18 20:12:42:401

I can't connect with the passive [192.168.100.113/5000] error_code:10060 !

<<<----  [OUT]
2021/10/18 20:12:44:891

Connecting Started...

<<<----  [OUT]
2021/10/18 20:13:05:935

I can't connect with the passive [192.168.100.113/5000] error_code:10060 !

<<<----  [OUT]
2021/10/18 20:13:08:422

Connecting Started...

<<<----  [OUT]
2021/10/18 20:13:29:475

I can't connect with the passive [192.168.100.113/5000] error_code:10060 !

<<<----  [OUT]
2021/10/18 20:13:31:955

Connecting Started...

<<<----  [OUT]
2021/10/18 20:13:52:990

I can't connect with the passive [192.168.100.113/5000] error_code:10060 !

<<<----  [OUT]
2021/10/18 20:13:55:469

Connecting Started...

<<<----  [OUT]
2021/10/18 20:14:16:516

I can't connect with the passive [192.168.100.113/5000] error_code:10060 !

<<<----  [OUT]
2021/10/18 20:14:19:000

Connecting Started...

<<<----  [OUT]
2021/10/18 20:14:40:039

I can't connect with the passive [192.168.100.113/5000] error_code:10060 !

<<<----  [OUT]
2021/10/18 20:14:42:517

Connecting Started...

<<<----  [OUT]
2021/10/18 20:15:03:557

I can't connect with the passive [192.168.100.113/5000] error_code:10060 !

<<<----  [OUT]
2021/10/18 20:15:06:047

Connecting Started...

<<<----  [OUT]
2021/10/18 20:15:27:096

I can't connect with the passive [192.168.100.113/5000] error_code:10060 !

<<<----  [OUT]
2021/10/18 20:15:29:578

Connecting Started...

<<<----  [OUT]
2021/10/18 20:15:50:617

I can't connect with the passive [192.168.100.113/5000] error_code:10060 !

<<<----  [OUT]
2021/10/18 20:15:53:096

Connecting Started...

<<<----  [OUT]
2021/10/18 20:16:14:126

I can't connect with the passive [192.168.100.113/5000] error_code:10060 !

<<<----  [OUT]
2021/10/18 20:16:16:610

Connecting Started...

<<<----  [OUT]
2021/10/18 20:16:37:637

I can't connect with the passive [192.168.100.113/5000] error_code:10060 !

<<<----  [OUT]
2021/10/18 20:16:40:126

Connecting Started...

<<<----  [OUT]
2021/10/18 20:17:01:165

I can't connect with the passive [192.168.100.113/5000] error_code:10060 !

<<<----  [OUT]
2021/10/18 20:17:03:641

Connecting Started...

<<<----  [OUT]
2021/10/18 20:17:24:672

I can't connect with the passive [192.168.100.113/5000] error_code:10060 !

<<<----  [OUT]
2021/10/18 20:17:27:158

Connecting Started...

<<<----  [OUT]
2021/10/18 20:17:48:205

I can't connect with the passive [192.168.100.113/5000] error_code:10060 !

<<<----  [OUT]
2021/10/18 20:17:50:688

Connecting Started...

<<<----  [OUT]
2021/10/18 20:18:11:721

I can't connect with the passive [192.168.100.113/5000] error_code:10060 !

<<<----  [OUT]
2021/10/18 20:18:14:204

Connecting Started...

<<<----  [OUT]
2021/10/18 20:18:35:250

I can't connect with the passive [192.168.100.113/5000] error_code:10060 !

<<<----  [OUT]
2021/10/18 20:18:37:735

Connecting Started...

<<<----  [OUT]
2021/10/18 20:18:58:779

I can't connect with the passive [192.168.100.113/5000] error_code:10060 !

<<<----  [OUT]
2021/10/18 20:19:01:266

Connecting Started...

<<<----  [OUT]
2021/10/18 20:19:22:321

I can't connect with the passive [192.168.100.113/5000] error_code:10060 !

<<<----  [OUT]
2021/10/18 20:19:24:797

Connecting Started...

<<<----  [OUT]
2021/10/18 20:19:45:829

I can't connect with the passive [192.168.100.113/5000] error_code:10060 !

<<<----  [OUT]
2021/10/18 20:19:48:314

Connecting Started...

<<<----  [OUT]
2021/10/18 20:20:09:363

I can't connect with the passive [192.168.100.113/5000] error_code:10060 !

<<<----  [OUT]
2021/10/18 20:20:11:844

Connecting Started...

<<<----  [OUT]
2021/10/18 20:20:32:867

I can't connect with the passive [192.168.100.113/5000] error_code:10060 !

<<<----  [OUT]
2021/10/18 20:20:35:344

Connecting Started...

<<<----  [OUT]
2021/10/18 20:20:56:391

I can't connect with the passive [192.168.100.113/5000] error_code:10060 !

<<<----  [OUT]
2021/10/18 20:20:58:875

Connecting Started...

<<<----  [OUT]
2021/10/18 20:21:19:914

I can't connect with the passive [192.168.100.113/5000] error_code:10060 !

<<<----  [OUT]
2021/10/18 20:21:22:392

Connecting Started...

<<<----  [OUT]
2021/10/18 20:21:43:425

I can't connect with the passive [192.168.100.113/5000] error_code:10060 !

<<<----  [OUT]
2021/10/18 20:21:45:907

Connecting Started...

<<<----  [OUT]
2021/10/18 20:22:06:942

I can't connect with the passive [192.168.100.113/5000] error_code:10060 !

<<<----  [OUT]
2021/10/18 20:22:09:423

Connecting Started...

<<<----  [OUT]
2021/10/18 20:22:30:481

I can't connect with the passive [192.168.100.113/5000] error_code:10060 !

<<<----  [OUT]
2021/10/18 20:22:32:970

Connecting Started...

<<<----  [OUT]
2021/10/18 20:22:54:012

I can't connect with the passive [192.168.100.113/5000] error_code:10060 !

<<<----  [OUT]
2021/10/18 20:22:56:501

Connecting Started...

<<<----  [OUT]
2021/10/18 20:23:17:532

I can't connect with the passive [192.168.100.113/5000] error_code:10060 !

<<<----  [OUT]
2021/10/18 20:23:20:016

Connecting Started...

<<<----  [OUT]
2021/10/18 20:23:41:052

I can't connect with the passive [192.168.100.113/5000] error_code:10060 !

<<<----  [OUT]
2021/10/18 20:23:43:533

Connecting Started...

<<<----  [OUT]
2021/10/18 20:24:04:579

I can't connect with the passive [192.168.100.113/5000] error_code:10060 !

<<<----  [OUT]
2021/10/18 20:24:07:064

Connecting Started...

<<<----  [OUT]
2021/10/18 20:24:28:100

I can't connect with the passive [192.168.100.113/5000] error_code:10060 !

<<<----  [OUT]
2021/10/18 20:24:30:579

Connecting Started...

<<<----  [OUT]
2021/10/18 20:24:51:618

I can't connect with the passive [192.168.100.113/5000] error_code:10060 !

<<<----  [OUT]
2021/10/18 20:24:54:094

Connecting Started...

<<<----  [OUT]
2021/10/18 20:25:15:135

I can't connect with the passive [192.168.100.113/5000] error_code:10060 !

<<<----  [OUT]
2021/10/18 20:25:17:625

Connecting Started...

<<<----  [OUT]
2021/10/18 20:25:38:664

I can't connect with the passive [192.168.100.113/5000] error_code:10060 !

<<<----  [OUT]
2021/10/18 20:25:41:141

Connecting Started...

<<<----  [OUT]
2021/10/18 20:26:02:180

I can't connect with the passive [192.168.100.113/5000] error_code:10060 !

<<<----  [OUT]
2021/10/18 20:26:04:658

Connecting Started...

<<<----  [OUT]
2021/10/18 20:26:25:704

I can't connect with the passive [192.168.100.113/5000] error_code:10060 !

<<<----  [OUT]
2021/10/18 20:26:28:188

Connecting Started...

<<<----  [OUT]
2021/10/18 20:26:49:216

I can't connect with the passive [192.168.100.113/5000] error_code:10060 !

<<<----  [OUT]
2021/10/18 20:26:51:704

Connecting Started...

<<<----  [OUT]
2021/10/18 20:27:12:741

I can't connect with the passive [192.168.100.113/5000] error_code:10060 !

<<<----  [OUT]
2021/10/18 20:27:15:220

Connecting Started...

<<<----  [OUT]
2021/10/18 20:27:36:262

I can't connect with the passive [192.168.100.113/5000] error_code:10060 !

<<<----  [OUT]
2021/10/18 20:27:38:752

Connecting Started...

<<<----  [OUT]
2021/10/18 20:27:59:778

I can't connect with the passive [192.168.100.113/5000] error_code:10060 !

<<<----  [OUT]
2021/10/18 20:28:02:266

Connecting Started...

<<<----  [OUT]
2021/10/18 20:28:23:297

I can't connect with the passive [192.168.100.113/5000] error_code:10060 !

<<<----  [OUT]
2021/10/18 20:28:25:782

Connecting Started...

<<<----  [OUT]
2021/10/18 20:28:46:809

I can't connect with the passive [192.168.100.113/5000] error_code:10060 !

<<<----  [OUT]
2021/10/18 20:28:49:297

Connecting Started...

<<<----  [OUT]
2021/10/18 20:29:10:331

I can't connect with the passive [192.168.100.113/5000] error_code:10060 !

<<<----  [OUT]
2021/10/18 20:29:12:814

Connecting Started...

<<<----  [OUT]
2021/10/18 20:29:33:843

I can't connect with the passive [192.168.100.113/5000] error_code:10060 !

<<<----  [OUT]
2021/10/18 20:29:36:328

Connecting Started...

<<<----  [OUT]
2021/10/18 20:29:57:359

I can't connect with the passive [192.168.100.113/5000] error_code:10060 !

<<<----  [OUT]
2021/10/18 20:29:59:844

Connecting Started...

<<<----  [OUT]
2021/10/18 20:30:20:880

I can't connect with the passive [192.168.100.113/5000] error_code:10060 !

<<<----  [OUT]
2021/10/18 20:30:23:359

Connecting Started...

<<<----  [OUT]
2021/10/18 20:30:44:409

I can't connect with the passive [192.168.100.113/5000] error_code:10060 !

<<<----  [OUT]
2021/10/18 20:30:46:892

Connecting Started...

<<<----  [OUT]
2021/10/18 20:31:07:930

I can't connect with the passive [192.168.100.113/5000] error_code:10060 !

<<<----  [OUT]
2021/10/18 20:31:10:408

Connecting Started...

<<<----  [OUT]
2021/10/18 20:31:31:462

I can't connect with the passive [192.168.100.113/5000] error_code:10060 !

<<<----  [OUT]
2021/10/18 20:31:33:939

Connecting Started...

<<<----  [OUT]
2021/10/18 20:31:54:967

I can't connect with the passive [192.168.100.113/5000] error_code:10060 !

<<<----  [OUT]
2021/10/18 20:31:57:454

Connecting Started...

<<<----  [OUT]
2021/10/18 20:32:18:482

I can't connect with the passive [192.168.100.113/5000] error_code:10060 !

<<<----  [OUT]
2021/10/18 20:32:20:970

Connecting Started...

<<<----  [OUT]
2021/10/18 20:32:42:003

I can't connect with the passive [192.168.100.113/5000] error_code:10060 !

<<<----  [OUT]
2021/10/18 20:32:44:485

Connecting Started...

<<<----  [OUT]
2021/10/18 20:33:05:537

I can't connect with the passive [192.168.100.113/5000] error_code:10060 !

<<<----  [OUT]
2021/10/18 20:33:08:017

Connecting Started...

<<<----  [OUT]
2021/10/18 20:33:29:065

I can't connect with the passive [192.168.100.113/5000] error_code:10060 !

<<<----  [OUT]
2021/10/18 20:33:31:547

Connecting Started...

<<<----  [OUT]
2021/10/18 20:33:52:596

I can't connect with the passive [192.168.100.113/5000] error_code:10060 !

<<<----  [OUT]
2021/10/18 20:33:55:078

Connecting Started...

<<<----  [OUT]
2021/10/18 20:34:16:115

I can't connect with the passive [192.168.100.113/5000] error_code:10060 !

<<<----  [OUT]
2021/10/18 20:34:18:594

Connecting Started...

<<<----  [OUT]
2021/10/18 20:34:39:636

I can't connect with the passive [192.168.100.113/5000] error_code:10060 !

<<<----  [OUT]
2021/10/18 20:34:42:126

Connecting Started...

<<<----  [OUT]
2021/10/18 20:35:03:150

I can't connect with the passive [192.168.100.113/5000] error_code:10060 !

<<<----  [OUT]
2021/10/18 20:35:05:641

Connecting Started...

<<<----  [OUT]
2021/10/18 20:35:26:687

I can't connect with the passive [192.168.100.113/5000] error_code:10060 !

<<<----  [OUT]
2021/10/18 20:35:29:172

Connecting Started...

<<<----  [OUT]
2021/10/18 20:35:50:204

I can't connect with the passive [192.168.100.113/5000] error_code:10060 !

<<<----  [OUT]
2021/10/18 20:35:52:689

Connecting Started...

<<<----  [OUT]
2021/10/18 20:36:13:745

I can't connect with the passive [192.168.100.113/5000] error_code:10060 !

<<<----  [OUT]
2021/10/18 20:36:16:235

Connecting Started...

<<<----  [OUT]
2021/10/18 20:36:37:273

I can't connect with the passive [192.168.100.113/5000] error_code:10060 !

<<<----  [OUT]
2021/10/18 20:36:39:752

Connecting Started...

<<<----  [OUT]
2021/10/18 20:37:00:812

I can't connect with the passive [192.168.100.113/5000] error_code:10060 !

<<<----  [OUT]
2021/10/18 20:37:03:299

Connecting Started...

<<<----  [OUT]
2021/10/18 20:37:24:338

I can't connect with the passive [192.168.100.113/5000] error_code:10060 !

<<<----  [OUT]
2021/10/18 20:37:26:830

Connecting Started...

<<<----  [OUT]
2021/10/18 20:37:47:877

I can't connect with the passive [192.168.100.113/5000] error_code:10060 !

<<<----  [OUT]
2021/10/18 20:37:50:360

Connecting Started...

<<<----  [OUT]
2021/10/18 20:38:11:399

I can't connect with the passive [192.168.100.113/5000] error_code:10060 !

<<<----  [OUT]
2021/10/18 20:38:13:875

Connecting Started...

<<<----  [OUT]
2021/10/18 20:38:34:913

I can't connect with the passive [192.168.100.113/5000] error_code:10060 !

<<<----  [OUT]
2021/10/18 20:38:37:391

Connecting Started...

<<<----  [OUT]
2021/10/18 20:38:58:417

I can't connect with the passive [192.168.100.113/5000] error_code:10060 !

<<<----  [OUT]
2021/10/18 20:39:00:907

Connecting Started...

<<<----  [OUT]
2021/10/18 20:39:21:952

I can't connect with the passive [192.168.100.113/5000] error_code:10060 !

<<<----  [OUT]
2021/10/18 20:39:24:438

Connecting Started...

<<<----  [OUT]
2021/10/18 20:57:31:092

---------------------------------------------------------------------
// FA : Start Log ...


<<<----  [OUT]
2021/10/18 20:57:31:101

//-------------------------------------------------------------
Property Information

   Driver Type [HSMS]
   Driver Mode [ACTIVE]
   IP    [192.168.100.113]
   Port  [5000]
//-------------------------------------------------------------


<<<----  [OUT]
2021/10/18 20:57:31:704

Auto-Start Started ... (Active)

<<<----  [OUT]
2021/10/18 20:57:31:794

Auto-Start Started ...  Waiting Stop-Connection.

<<<----  [OUT]
2021/10/18 20:57:31:794

Auto-Start Started ...  Waiting Open-Socket.

<<<----  [OUT]
2021/10/18 20:57:31:818

Socket Open Started...

<<<----  [OUT]
2021/10/18 20:57:31:818

Socket Open Completed...

<<<----  [OUT]
2021/10/18 20:57:31:818

Connecting Started...

<<<----  [OUT]
2021/10/18 20:57:31:885

Auto-Start Completed ...  (Active)

<<<----  [OUT]
2021/10/18 20:57:52:853

I can't connect with the passive [192.168.100.113/5000] error_code:10060 !

<<<----  [OUT]
2021/10/18 20:57:55:328

Connecting Started...

<<<----  [OUT]
2021/10/18 20:58:16:369

I can't connect with the passive [192.168.100.113/5000] error_code:10060 !

<<<----  [OUT]
2021/10/18 20:58:18:860

Connecting Started...

<<<----  [OUT]
2021/10/18 20:58:39:901

I can't connect with the passive [192.168.100.113/5000] error_code:10060 !

<<<----  [OUT]
2021/10/18 20:58:42:392

Connecting Started...

<<<----  [OUT]
2021/10/18 20:59:03:404

I can't connect with the passive [192.168.100.113/5000] error_code:10060 !

<<<----  [OUT]
2021/10/18 20:59:05:891

Connecting Started...

<<<----  [OUT]
2021/10/18 20:59:26:935

I can't connect with the passive [192.168.100.113/5000] error_code:10060 !

<<<----  [OUT]
2021/10/18 20:59:29:423

Connecting Started...

<<<----  [OUT]
2021/10/18 20:59:50:457

I can't connect with the passive [192.168.100.113/5000] error_code:10060 !

<<<----  [OUT]
2021/10/18 20:59:52:938

Connecting Started...
