
<<<----  [OUT]
2021/10/18 17:05:52:657

---------------------------------------------------------------------
// FA : Start Log ...


<<<----  [OUT]
2021/10/18 17:05:52:666

//-------------------------------------------------------------
Property Information

   Driver Type [HSMS]
   Driver Mode [ACTIVE]
   IP    [192.168.100.113]
   Port  [5000]
//-------------------------------------------------------------


<<<----  [OUT]
2021/10/18 17:05:53:267

Auto-Start Started ... (Active)

<<<----  [OUT]
2021/10/18 17:05:53:358

Auto-Start Started ...  Waiting Stop-Connection.

<<<----  [OUT]
2021/10/18 17:05:53:358

Auto-Start Started ...  Waiting Open-Socket.

<<<----  [OUT]
2021/10/18 17:05:53:383

Socket Open Started...

<<<----  [OUT]
2021/10/18 17:05:53:383

Socket Open Completed...

<<<----  [OUT]
2021/10/18 17:05:53:383

Connecting Started...

<<<----  [OUT]
2021/10/18 17:05:53:448

Auto-Start Completed ...  (Active)

<<<----  [OUT]
2021/10/18 17:06:14:427

I can't connect with the passive [192.168.100.113/5000] error_code:10060 !

<<<----  [OUT]
2021/10/18 17:06:16:908

Connecting Started...

<<<----  [OUT]
2021/10/18 17:06:37:947

I can't connect with the passive [192.168.100.113/5000] error_code:10060 !

<<<----  [OUT]
2021/10/18 17:06:40:439

Connecting Started...

<<<----  [OUT]
2021/10/18 17:07:01:481

I can't connect with the passive [192.168.100.113/5000] error_code:10060 !

<<<----  [OUT]
2021/10/18 17:07:03:970

Connecting Started...

<<<----  [OUT]
2021/10/18 17:07:24:991

I can't connect with the passive [192.168.100.113/5000] error_code:10060 !

<<<----  [OUT]
2021/10/18 17:07:27:470

Connecting Started...

<<<----  [OUT]
2021/10/18 17:07:48:511

I can't connect with the passive [192.168.100.113/5000] error_code:10060 !

<<<----  [OUT]
2021/10/18 17:07:51:000

Connecting Started...

<<<----  [OUT]
2021/10/18 17:08:12:013

I can't connect with the passive [192.168.100.113/5000] error_code:10060 !

<<<----  [OUT]
2021/10/18 17:08:14:501

Connecting Started...

<<<----  [OUT]
2021/10/18 17:08:35:549

I can't connect with the passive [192.168.100.113/5000] error_code:10060 !

<<<----  [OUT]
2021/10/18 17:08:38:032

Connecting Started...

<<<----  [OUT]
2021/10/18 17:08:59:074

I can't connect with the passive [192.168.100.113/5000] error_code:10060 !

<<<----  [OUT]
2021/10/18 17:09:01:564

Connecting Started...

<<<----  [OUT]
2021/10/18 17:09:22:603

I can't connect with the passive [192.168.100.113/5000] error_code:10060 !

<<<----  [OUT]
2021/10/18 17:09:25:096

Connecting Started...

<<<----  [OUT]
2021/10/18 17:09:46:133

I can't connect with the passive [192.168.100.113/5000] error_code:10060 !

<<<----  [OUT]
2021/10/18 17:09:48:610

Connecting Started...

<<<----  [OUT]
2021/10/18 17:10:09:639

I can't connect with the passive [192.168.100.113/5000] error_code:10060 !

<<<----  [OUT]
2021/10/18 17:10:12:126

Connecting Started...

<<<----  [OUT]
2021/10/18 17:10:33:169

I can't connect with the passive [192.168.100.113/5000] error_code:10060 !

<<<----  [OUT]
2021/10/18 17:10:35:657

Connecting Started...

<<<----  [OUT]
2021/10/18 17:10:56:698

I can't connect with the passive [192.168.100.113/5000] error_code:10060 !

<<<----  [OUT]
2021/10/18 17:10:59:189

Connecting Started...

<<<----  [OUT]
2021/10/18 17:11:20:240

I can't connect with the passive [192.168.100.113/5000] error_code:10060 !

<<<----  [OUT]
2021/10/18 17:11:22:719

Connecting Started...

<<<----  [OUT]
2021/10/18 17:11:43:746

I can't connect with the passive [192.168.100.113/5000] error_code:10060 !

<<<----  [OUT]
2021/10/18 17:11:46:235

Connecting Started...

<<<----  [OUT]
2021/10/18 17:12:07:265

I can't connect with the passive [192.168.100.113/5000] error_code:10060 !

<<<----  [OUT]
2021/10/18 17:12:09:750

Connecting Started...

<<<----  [OUT]
2021/10/18 17:12:30:792

I can't connect with the passive [192.168.100.113/5000] error_code:10060 !

<<<----  [OUT]
2021/10/18 17:12:33:281

Connecting Started...

<<<----  [OUT]
2021/10/18 17:12:54:321

I can't connect with the passive [192.168.100.113/5000] error_code:10060 !

<<<----  [OUT]
2021/10/18 17:12:56:797

Connecting Started...

<<<----  [OUT]
2021/10/18 17:13:17:829

I can't connect with the passive [192.168.100.113/5000] error_code:10060 !

<<<----  [OUT]
2021/10/18 17:13:20:313

Connecting Started...

<<<----  [OUT]
2021/10/18 17:13:41:362

I can't connect with the passive [192.168.100.113/5000] error_code:10060 !

<<<----  [OUT]
2021/10/18 17:13:43:844

Connecting Started...

<<<----  [OUT]
2021/10/18 17:14:04:858

I can't connect with the passive [192.168.100.113/5000] error_code:10060 !

<<<----  [OUT]
2021/10/18 17:14:07:345

Connecting Started...

<<<----  [OUT]
2021/10/18 17:14:28:371

I can't connect with the passive [192.168.100.113/5000] error_code:10060 !

<<<----  [OUT]
2021/10/18 17:14:30:860

Connecting Started...

<<<----  [OUT]
2021/10/18 17:14:51:890

I can't connect with the passive [192.168.100.113/5000] error_code:10060 !

<<<----  [OUT]
2021/10/18 17:14:54:377

Connecting Started...

<<<----  [OUT]
2021/10/18 17:15:15:426

I can't connect with the passive [192.168.100.113/5000] error_code:10060 !

<<<----  [OUT]
2021/10/18 17:15:17:908

Connecting Started...

<<<----  [OUT]
2021/10/18 17:15:38:935

I can't connect with the passive [192.168.100.113/5000] error_code:10060 !

<<<----  [OUT]
2021/10/18 17:15:41:422

Connecting Started...

<<<----  [OUT]
2021/10/18 17:16:02:471

I can't connect with the passive [192.168.100.113/5000] error_code:10060 !

<<<----  [OUT]
2021/10/18 17:16:04:954

Connecting Started...

<<<----  [OUT]
2021/10/18 17:16:25:989

I can't connect with the passive [192.168.100.113/5000] error_code:10060 !

<<<----  [OUT]
2021/10/18 17:16:28:470

Connecting Started...

<<<----  [OUT]
2021/10/18 17:16:49:501

I can't connect with the passive [192.168.100.113/5000] error_code:10060 !

<<<----  [OUT]
2021/10/18 17:16:51:986

Connecting Started...

<<<----  [OUT]
2021/10/18 17:17:13:026

I can't connect with the passive [192.168.100.113/5000] error_code:10060 !

<<<----  [OUT]
2021/10/18 17:17:15:517

Connecting Started...

<<<----  [OUT]
2021/10/18 17:17:36:553

I can't connect with the passive [192.168.100.113/5000] error_code:10060 !

<<<----  [OUT]
2021/10/18 17:17:39:033

Connecting Started...

<<<----  [OUT]
2021/10/18 17:18:00:064

I can't connect with the passive [192.168.100.113/5000] error_code:10060 !

<<<----  [OUT]
2021/10/18 17:18:02:547

Connecting Started...

<<<----  [OUT]
2021/10/18 17:18:23:601

I can't connect with the passive [192.168.100.113/5000] error_code:10060 !

<<<----  [OUT]
2021/10/18 17:18:26:080

Connecting Started...

<<<----  [OUT]
2021/10/18 17:18:47:100

I can't connect with the passive [192.168.100.113/5000] error_code:10060 !

<<<----  [OUT]
2021/10/18 17:18:49:578

Connecting Started...

<<<----  [OUT]
2021/10/18 17:19:10:611

I can't connect with the passive [192.168.100.113/5000] error_code:10060 !

<<<----  [OUT]
2021/10/18 17:19:13:094

Connecting Started...

<<<----  [OUT]
2021/10/18 17:19:34:135

I can't connect with the passive [192.168.100.113/5000] error_code:10060 !

<<<----  [OUT]
2021/10/18 17:19:36:626

Connecting Started...

<<<----  [OUT]
2021/10/18 17:19:57:666

I can't connect with the passive [192.168.100.113/5000] error_code:10060 !

<<<----  [OUT]
2021/10/18 17:20:00:157

Connecting Started...

<<<----  [OUT]
2021/10/18 17:20:21:197

I can't connect with the passive [192.168.100.113/5000] error_code:10060 !

<<<----  [OUT]
2021/10/18 17:20:23:688

Connecting Started...

<<<----  [OUT]
2021/10/18 17:20:44:725

I can't connect with the passive [192.168.100.113/5000] error_code:10060 !

<<<----  [OUT]
2021/10/18 17:20:47:203

Connecting Started...

<<<----  [OUT]
2021/10/18 17:21:08:246

I can't connect with the passive [192.168.100.113/5000] error_code:10060 !

<<<----  [OUT]
2021/10/18 17:21:10:735

Connecting Started...

<<<----  [OUT]
2021/10/18 17:21:31:787

I can't connect with the passive [192.168.100.113/5000] error_code:10060 !

<<<----  [OUT]
2021/10/18 17:21:34:267

Connecting Started...

<<<----  [OUT]
2021/10/18 17:21:55:309

I can't connect with the passive [192.168.100.113/5000] error_code:10060 !

<<<----  [OUT]
2021/10/18 17:21:57:798

Connecting Started...

<<<----  [OUT]
2021/10/18 17:22:18:836

I can't connect with the passive [192.168.100.113/5000] error_code:10060 !

<<<----  [OUT]
2021/10/18 17:22:21:313

Connecting Started...

<<<----  [OUT]
2021/10/18 17:22:42:345

I can't connect with the passive [192.168.100.113/5000] error_code:10060 !

<<<----  [OUT]
2021/10/18 17:22:44:830

Connecting Started...

<<<----  [OUT]
2021/10/18 17:23:05:869

I can't connect with the passive [192.168.100.113/5000] error_code:10060 !

<<<----  [OUT]
2021/10/18 17:23:08:361

Connecting Started...

<<<----  [OUT]
2021/10/18 17:23:29:388

I can't connect with the passive [192.168.100.113/5000] error_code:10060 !

<<<----  [OUT]
2021/10/18 17:23:31:876

Connecting Started...

<<<----  [OUT]
2021/10/18 17:23:52:915

I can't connect with the passive [192.168.100.113/5000] error_code:10060 !

<<<----  [OUT]
2021/10/18 17:23:55:392

Connecting Started...

<<<----  [OUT]
2021/10/18 17:24:16:433

I can't connect with the passive [192.168.100.113/5000] error_code:10060 !

<<<----  [OUT]
2021/10/18 17:24:18:924

Connecting Started...

<<<----  [OUT]
2021/10/18 17:24:39:961

I can't connect with the passive [192.168.100.113/5000] error_code:10060 !

<<<----  [OUT]
2021/10/18 17:24:42:439

Connecting Started...

<<<----  [OUT]
2021/10/18 17:25:03:467

I can't connect with the passive [192.168.100.113/5000] error_code:10060 !

<<<----  [OUT]
2021/10/18 17:25:05:955

Connecting Started...

<<<----  [OUT]
2021/10/18 17:25:26:997

I can't connect with the passive [192.168.100.113/5000] error_code:10060 !

<<<----  [OUT]
2021/10/18 17:25:29:486

Connecting Started...

<<<----  [OUT]
2021/10/18 17:25:50:524

I can't connect with the passive [192.168.100.113/5000] error_code:10060 !

<<<----  [OUT]
2021/10/18 17:25:53:001

Connecting Started...

<<<----  [OUT]
2021/10/18 17:26:14:046

I can't connect with the passive [192.168.100.113/5000] error_code:10060 !

<<<----  [OUT]
2021/10/18 17:26:16:532

Connecting Started...

<<<----  [OUT]
2021/10/18 17:26:37:559

I can't connect with the passive [192.168.100.113/5000] error_code:10060 !

<<<----  [OUT]
2021/10/18 17:26:40:047

Connecting Started...

<<<----  [OUT]
2021/10/18 17:27:01:085

I can't connect with the passive [192.168.100.113/5000] error_code:10060 !

<<<----  [OUT]
2021/10/18 17:27:03:564

Connecting Started...

<<<----  [OUT]
2021/10/18 17:27:24:619

I can't connect with the passive [192.168.100.113/5000] error_code:10060 !

<<<----  [OUT]
2021/10/18 17:27:27:109

Connecting Started...

<<<----  [OUT]
2021/10/18 17:27:48:144

I can't connect with the passive [192.168.100.113/5000] error_code:10060 !

<<<----  [OUT]
2021/10/18 17:27:50:626

Connecting Started...

<<<----  [OUT]
2021/10/18 17:28:11:662

I can't connect with the passive [192.168.100.113/5000] error_code:10060 !

<<<----  [OUT]
2021/10/18 17:28:14:142

Connecting Started...

<<<----  [OUT]
2021/10/18 17:28:35:184

I can't connect with the passive [192.168.100.113/5000] error_code:10060 !

<<<----  [OUT]
2021/10/18 17:28:37:672

Connecting Started...

<<<----  [OUT]
2021/10/18 17:28:58:698

I can't connect with the passive [192.168.100.113/5000] error_code:10060 !

<<<----  [OUT]
2021/10/18 17:29:01:188

Connecting Started...

<<<----  [OUT]
2021/10/18 17:29:22:220

I can't connect with the passive [192.168.100.113/5000] error_code:10060 !

<<<----  [OUT]
2021/10/18 17:29:24:704

Connecting Started...

<<<----  [OUT]
2021/10/18 17:29:45:754

I can't connect with the passive [192.168.100.113/5000] error_code:10060 !

<<<----  [OUT]
2021/10/18 17:29:48:235

Connecting Started...

<<<----  [OUT]
2021/10/18 17:30:09:283

I can't connect with the passive [192.168.100.113/5000] error_code:10060 !

<<<----  [OUT]
2021/10/18 17:30:11:766

Connecting Started...

<<<----  [OUT]
2021/10/18 17:30:32:822

I can't connect with the passive [192.168.100.113/5000] error_code:10060 !

<<<----  [OUT]
2021/10/18 17:30:35:314

Connecting Started...

<<<----  [OUT]
2021/10/18 17:30:56:358

I can't connect with the passive [192.168.100.113/5000] error_code:10060 !

<<<----  [OUT]
2021/10/18 17:30:58:844

Connecting Started...

<<<----  [OUT]
2021/10/18 17:31:19:881

I can't connect with the passive [192.168.100.113/5000] error_code:10060 !

<<<----  [OUT]
2021/10/18 17:31:22:360

Connecting Started...

<<<----  [OUT]
2021/10/18 17:31:43:407

I can't connect with the passive [192.168.100.113/5000] error_code:10060 !

<<<----  [OUT]
2021/10/18 17:31:45:891

Connecting Started...

<<<----  [OUT]
2021/10/18 17:32:06:935

I can't connect with the passive [192.168.100.113/5000] error_code:10060 !

<<<----  [OUT]
2021/10/18 17:32:09:422

Connecting Started...

<<<----  [OUT]
2021/10/18 17:32:30:462

I can't connect with the passive [192.168.100.113/5000] error_code:10060 !

<<<----  [OUT]
2021/10/18 17:32:32:939

Connecting Started...

<<<----  [OUT]
2021/10/18 17:32:53:983

I can't connect with the passive [192.168.100.113/5000] error_code:10060 !

<<<----  [OUT]
2021/10/18 17:32:56:470

Connecting Started...

<<<----  [OUT]
2021/10/18 17:33:17:512

I can't connect with the passive [192.168.100.113/5000] error_code:10060 !

<<<----  [OUT]
2021/10/18 17:33:20:000

Connecting Started...

<<<----  [OUT]
2021/10/18 17:33:41:050

I can't connect with the passive [192.168.100.113/5000] error_code:10060 !

<<<----  [OUT]
2021/10/18 17:33:43:531

Connecting Started...

<<<----  [OUT]
2021/10/18 17:34:04:563

I can't connect with the passive [192.168.100.113/5000] error_code:10060 !

<<<----  [OUT]
2021/10/18 17:34:07:048

Connecting Started...

<<<----  [OUT]
2021/10/18 17:34:28:087

I can't connect with the passive [192.168.100.113/5000] error_code:10060 !

<<<----  [OUT]
2021/10/18 17:34:30:563

Connecting Started...

<<<----  [OUT]
2021/10/18 17:34:51:620

I can't connect with the passive [192.168.100.113/5000] error_code:10060 !

<<<----  [OUT]
2021/10/18 17:34:54:111

Connecting Started...

<<<----  [OUT]
2021/10/18 17:35:15:164

I can't connect with the passive [192.168.100.113/5000] error_code:10060 !

<<<----  [OUT]
2021/10/18 17:35:17:642

Connecting Started...

<<<----  [OUT]
2021/10/18 17:35:38:667

I can't connect with the passive [192.168.100.113/5000] error_code:10060 !

<<<----  [OUT]
2021/10/18 17:35:41:158

Connecting Started...

<<<----  [OUT]
2021/10/18 17:36:02:211

I can't connect with the passive [192.168.100.113/5000] error_code:10060 !

<<<----  [OUT]
2021/10/18 17:36:04:688

Connecting Started...

<<<----  [OUT]
2021/10/18 17:36:25:746

I can't connect with the passive [192.168.100.113/5000] error_code:10060 !

<<<----  [OUT]
2021/10/18 17:36:28:235

Connecting Started...

<<<----  [OUT]
2021/10/18 17:36:49:267

I can't connect with the passive [192.168.100.113/5000] error_code:10060 !

<<<----  [OUT]
2021/10/18 17:36:51:751

Connecting Started...

<<<----  [OUT]
2021/10/18 17:37:12:798

I can't connect with the passive [192.168.100.113/5000] error_code:10060 !

<<<----  [OUT]
2021/10/18 17:37:15:283

Connecting Started...

<<<----  [OUT]
2021/10/18 17:37:36:305

I can't connect with the passive [192.168.100.113/5000] error_code:10060 !

<<<----  [OUT]
2021/10/18 17:37:38:782

Connecting Started...

<<<----  [OUT]
2021/10/18 17:37:59:812

I can't connect with the passive [192.168.100.113/5000] error_code:10060 !

<<<----  [OUT]
2021/10/18 17:38:02:297

Connecting Started...

<<<----  [OUT]
2021/10/18 17:38:23:341

I can't connect with the passive [192.168.100.113/5000] error_code:10060 !

<<<----  [OUT]
2021/10/18 17:38:25:828

Connecting Started...

<<<----  [OUT]
2021/10/18 17:38:46:851

I can't connect with the passive [192.168.100.113/5000] error_code:10060 !

<<<----  [OUT]
2021/10/18 17:38:49:328

Connecting Started...

<<<----  [OUT]
2021/10/18 17:39:10:375

I can't connect with the passive [192.168.100.113/5000] error_code:10060 !

<<<----  [OUT]
2021/10/18 17:39:12:860

Connecting Started...

<<<----  [OUT]
2021/10/18 17:39:33:887

I can't connect with the passive [192.168.100.113/5000] error_code:10060 !

<<<----  [OUT]
2021/10/18 17:39:36:376

Connecting Started...

<<<----  [OUT]
2021/10/18 17:39:57:425

I can't connect with the passive [192.168.100.113/5000] error_code:10060 !

<<<----  [OUT]
2021/10/18 17:39:59:908

Connecting Started...

<<<----  [OUT]
2021/10/18 17:40:20:941

I can't connect with the passive [192.168.100.113/5000] error_code:10060 !

<<<----  [OUT]
2021/10/18 17:40:23:424

Connecting Started...

<<<----  [OUT]
2021/10/18 17:40:44:470

I can't connect with the passive [192.168.100.113/5000] error_code:10060 !

<<<----  [OUT]
2021/10/18 17:40:46:954

Connecting Started...

<<<----  [OUT]
2021/10/18 17:41:07:990

I can't connect with the passive [192.168.100.113/5000] error_code:10060 !

<<<----  [OUT]
2021/10/18 17:41:10:469

Connecting Started...

<<<----  [OUT]
2021/10/18 17:41:31:513

I can't connect with the passive [192.168.100.113/5000] error_code:10060 !

<<<----  [OUT]
2021/10/18 17:41:34:001

Connecting Started...

<<<----  [OUT]
2021/10/18 17:41:55:031

I can't connect with the passive [192.168.100.113/5000] error_code:10060 !

<<<----  [OUT]
2021/10/18 17:41:57:516

Connecting Started...

<<<----  [OUT]
2021/10/18 17:42:18:551

I can't connect with the passive [192.168.100.113/5000] error_code:10060 !

<<<----  [OUT]
2021/10/18 17:42:21:032

Connecting Started...

<<<----  [OUT]
2021/10/18 17:42:42:064

I can't connect with the passive [192.168.100.113/5000] error_code:10060 !

<<<----  [OUT]
2021/10/18 17:42:44:548

Connecting Started...

<<<----  [OUT]
2021/10/18 17:43:05:582

I can't connect with the passive [192.168.100.113/5000] error_code:10060 !

<<<----  [OUT]
2021/10/18 17:43:08:064

Connecting Started...

<<<----  [OUT]
2021/10/18 17:43:29:107

I can't connect with the passive [192.168.100.113/5000] error_code:10060 !

<<<----  [OUT]
2021/10/18 17:43:31:595

Connecting Started...

<<<----  [OUT]
2021/10/18 17:43:52:647

I can't connect with the passive [192.168.100.113/5000] error_code:10060 !

<<<----  [OUT]
2021/10/18 17:43:55:126

Connecting Started...

<<<----  [OUT]
2021/10/18 17:44:16:168

I can't connect with the passive [192.168.100.113/5000] error_code:10060 !

<<<----  [OUT]
2021/10/18 17:44:18:657

Connecting Started...

<<<----  [OUT]
2021/10/18 17:44:39:701

I can't connect with the passive [192.168.100.113/5000] error_code:10060 !

<<<----  [OUT]
2021/10/18 17:44:42:188

Connecting Started...

<<<----  [OUT]
2021/10/18 17:45:03:239

I can't connect with the passive [192.168.100.113/5000] error_code:10060 !

<<<----  [OUT]
2021/10/18 17:45:05:720

Connecting Started...

<<<----  [OUT]
2021/10/18 17:45:26:764

I can't connect with the passive [192.168.100.113/5000] error_code:10060 !

<<<----  [OUT]
2021/10/18 17:45:29:251

Connecting Started...

<<<----  [OUT]
2021/10/18 17:45:50:284

I can't connect with the passive [192.168.100.113/5000] error_code:10060 !

<<<----  [OUT]
2021/10/18 17:45:52:767

Connecting Started...

<<<----  [OUT]
2021/10/18 17:46:13:812

I can't connect with the passive [192.168.100.113/5000] error_code:10060 !

<<<----  [OUT]
2021/10/18 17:46:16:299

Connecting Started...

<<<----  [OUT]
2021/10/18 17:46:37:333

I can't connect with the passive [192.168.100.113/5000] error_code:10060 !

<<<----  [OUT]
2021/10/18 17:46:39:813

Connecting Started...

<<<----  [OUT]
2021/10/18 17:47:00:856

I can't connect with the passive [192.168.100.113/5000] error_code:10060 !

<<<----  [OUT]
2021/10/18 17:47:03:345

Connecting Started...

<<<----  [OUT]
2021/10/18 17:47:24:371

I can't connect with the passive [192.168.100.113/5000] error_code:10060 !

<<<----  [OUT]
2021/10/18 17:47:26:860

Connecting Started...

<<<----  [OUT]
2021/10/18 17:47:47:886

I can't connect with the passive [192.168.100.113/5000] error_code:10060 !

<<<----  [OUT]
2021/10/18 17:47:50:376

Connecting Started...

<<<----  [OUT]
2021/10/18 17:48:11:401

I can't connect with the passive [192.168.100.113/5000] error_code:10060 !

<<<----  [OUT]
2021/10/18 17:48:13:892

Connecting Started...

<<<----  [OUT]
2021/10/18 17:48:34:926

I can't connect with the passive [192.168.100.113/5000] error_code:10060 !

<<<----  [OUT]
2021/10/18 17:48:37:407

Connecting Started...

<<<----  [OUT]
2021/10/18 17:48:58:442

I can't connect with the passive [192.168.100.113/5000] error_code:10060 !

<<<----  [OUT]
2021/10/18 17:49:00:923

Connecting Started...

<<<----  [OUT]
2021/10/18 17:49:21:970

I can't connect with the passive [192.168.100.113/5000] error_code:10060 !

<<<----  [OUT]
2021/10/18 17:49:24:454

Connecting Started...

<<<----  [OUT]
2021/10/18 17:49:45:505

I can't connect with the passive [192.168.100.113/5000] error_code:10060 !

<<<----  [OUT]
2021/10/18 17:49:47:985

Connecting Started...

<<<----  [OUT]
2021/10/18 17:50:09:020

I can't connect with the passive [192.168.100.113/5000] error_code:10060 !

<<<----  [OUT]
2021/10/18 17:50:11:501

Connecting Started...

<<<----  [OUT]
2021/10/18 17:50:32:538

I can't connect with the passive [192.168.100.113/5000] error_code:10060 !

<<<----  [OUT]
2021/10/18 17:50:35:016

Connecting Started...

<<<----  [OUT]
2021/10/18 17:50:56:048

I can't connect with the passive [192.168.100.113/5000] error_code:10060 !

<<<----  [OUT]
2021/10/18 17:50:58:532

Connecting Started...

<<<----  [OUT]
2021/10/18 17:51:19:581

I can't connect with the passive [192.168.100.113/5000] error_code:10060 !

<<<----  [OUT]
2021/10/18 17:51:22:063

Connecting Started...

<<<----  [OUT]
2021/10/18 17:51:43:096

I can't connect with the passive [192.168.100.113/5000] error_code:10060 !

<<<----  [OUT]
2021/10/18 17:51:45:580

Connecting Started...

<<<----  [OUT]
2021/10/18 17:52:06:633

I can't connect with the passive [192.168.100.113/5000] error_code:10060 !

<<<----  [OUT]
2021/10/18 17:52:09:110

Connecting Started...

<<<----  [OUT]
2021/10/18 17:52:30:141

I can't connect with the passive [192.168.100.113/5000] error_code:10060 !

<<<----  [OUT]
2021/10/18 17:52:32:625

Connecting Started...

<<<----  [OUT]
2021/10/18 17:52:53:666

I can't connect with the passive [192.168.100.113/5000] error_code:10060 !

<<<----  [OUT]
2021/10/18 17:52:56:158

Connecting Started...

<<<----  [OUT]
2021/10/18 17:53:17:207

I can't connect with the passive [192.168.100.113/5000] error_code:10060 !

<<<----  [OUT]
2021/10/18 17:53:19:688

Connecting Started...

<<<----  [OUT]
2021/10/18 17:53:40:719

I can't connect with the passive [192.168.100.113/5000] error_code:10060 !

<<<----  [OUT]
2021/10/18 17:53:43:204

Connecting Started...

<<<----  [OUT]
2021/10/18 17:54:04:222

I can't connect with the passive [192.168.100.113/5000] error_code:10060 !

<<<----  [OUT]
2021/10/18 17:54:06:704

Connecting Started...

<<<----  [OUT]
2021/10/18 17:54:27:738

I can't connect with the passive [192.168.100.113/5000] error_code:10060 !

<<<----  [OUT]
2021/10/18 17:54:30:220

Connecting Started...

<<<----  [OUT]
2021/10/18 17:54:51:262

I can't connect with the passive [192.168.100.113/5000] error_code:10060 !

<<<----  [OUT]
2021/10/18 17:54:53:751

Connecting Started...

<<<----  [OUT]
2021/10/18 17:55:14:809

I can't connect with the passive [192.168.100.113/5000] error_code:10060 !

<<<----  [OUT]
2021/10/18 17:55:17:298

Connecting Started...

<<<----  [OUT]
2021/10/18 17:55:38:332

I can't connect with the passive [192.168.100.113/5000] error_code:10060 !

<<<----  [OUT]
2021/10/18 17:55:40:814

Connecting Started...

<<<----  [OUT]
2021/10/18 17:56:01:860

I can't connect with the passive [192.168.100.113/5000] error_code:10060 !

<<<----  [OUT]
2021/10/18 17:56:04:345

Connecting Started...

<<<----  [OUT]
2021/10/18 17:56:25:378

I can't connect with the passive [192.168.100.113/5000] error_code:10060 !

<<<----  [OUT]
2021/10/18 17:56:27:860

Connecting Started...

<<<----  [OUT]
2021/10/18 17:56:48:887

I can't connect with the passive [192.168.100.113/5000] error_code:10060 !

<<<----  [OUT]
2021/10/18 17:56:51:376

Connecting Started...

<<<----  [OUT]
2021/10/18 17:57:12:407

I can't connect with the passive [192.168.100.113/5000] error_code:10060 !

<<<----  [OUT]
2021/10/18 17:57:14:892

Connecting Started...

<<<----  [OUT]
2021/10/18 17:57:35:947

I can't connect with the passive [192.168.100.113/5000] error_code:10060 !

<<<----  [OUT]
2021/10/18 17:57:38:422

Connecting Started...

<<<----  [OUT]
2021/10/18 17:57:59:471

I can't connect with the passive [192.168.100.113/5000] error_code:10060 !

<<<----  [OUT]
2021/10/18 17:58:01:953

Connecting Started...

<<<----  [OUT]
2021/10/18 17:58:22:988

I can't connect with the passive [192.168.100.113/5000] error_code:10060 !

<<<----  [OUT]
2021/10/18 17:58:25:469

Connecting Started...

<<<----  [OUT]
2021/10/18 17:58:46:518

I can't connect with the passive [192.168.100.113/5000] error_code:10060 !

<<<----  [OUT]
2021/10/18 17:58:49:001

Connecting Started...

<<<----  [OUT]
2021/10/18 17:59:10:014

I can't connect with the passive [192.168.100.113/5000] error_code:10060 !

<<<----  [OUT]
2021/10/18 17:59:12:501

Connecting Started...

<<<----  [OUT]
2021/10/18 17:59:33:534

I can't connect with the passive [192.168.100.113/5000] error_code:10060 !

<<<----  [OUT]
2021/10/18 17:59:36:017

Connecting Started...

<<<----  [OUT]
2021/10/18 17:59:57:061

I can't connect with the passive [192.168.100.113/5000] error_code:10060 !

<<<----  [OUT]
2021/10/18 17:59:59:548

Connecting Started...
