
<<<----  [OUT]
2021/10/18 21:00:13:966

I can't connect with the passive [192.168.100.113/5000] error_code:10060 !

<<<----  [OUT]
2021/10/18 21:00:16:454

Connecting Started...

<<<----  [OUT]
2021/10/18 21:00:37:500

I can't connect with the passive [192.168.100.113/5000] error_code:10060 !

<<<----  [OUT]
2021/10/18 21:00:39:985

Connecting Started...

<<<----  [OUT]
2021/10/18 21:01:01:002

I can't connect with the passive [192.168.100.113/5000] error_code:10060 !

<<<----  [OUT]
2021/10/18 21:01:03:484

Connecting Started...

<<<----  [OUT]
2021/10/18 21:01:24:539

I can't connect with the passive [192.168.100.113/5000] error_code:10060 !

<<<----  [OUT]
2021/10/18 21:01:27:016

Connecting Started...

<<<----  [OUT]
2021/10/18 21:01:48:045

I can't connect with the passive [192.168.100.113/5000] error_code:10060 !

<<<----  [OUT]
2021/10/18 21:01:50:532

Connecting Started...

<<<----  [OUT]
2021/10/18 21:02:11:570

I can't connect with the passive [192.168.100.113/5000] error_code:10060 !

<<<----  [OUT]
2021/10/18 21:02:14:048

Connecting Started...

<<<----  [OUT]
2021/10/18 21:02:35:083

I can't connect with the passive [192.168.100.113/5000] error_code:10060 !

<<<----  [OUT]
2021/10/18 21:02:37:563

Connecting Started...

<<<----  [OUT]
2021/10/18 21:02:58:598

I can't connect with the passive [192.168.100.113/5000] error_code:10060 !

<<<----  [OUT]
2021/10/18 21:03:01:079

Connecting Started...

<<<----  [OUT]
2021/10/18 21:03:22:129

I can't connect with the passive [192.168.100.113/5000] error_code:10060 !

<<<----  [OUT]
2021/10/18 21:03:24:610

Connecting Started...

<<<----  [OUT]
2021/10/18 21:03:45:633

I can't connect with the passive [192.168.100.113/5000] error_code:10060 !

<<<----  [OUT]
2021/10/18 21:03:48:110

Connecting Started...

<<<----  [OUT]
2021/10/18 21:04:09:150

I can't connect with the passive [192.168.100.113/5000] error_code:10060 !

<<<----  [OUT]
2021/10/18 21:04:11:625

Connecting Started...

<<<----  [OUT]
2021/10/18 21:12:28:574

---------------------------------------------------------------------
// FA : Start Log ...


<<<----  [OUT]
2021/10/18 21:12:28:590

//-------------------------------------------------------------
Property Information

   Driver Type [HSMS]
   Driver Mode [ACTIVE]
   IP    [192.168.100.113]
   Port  [5000]
//-------------------------------------------------------------


<<<----  [OUT]
2021/10/18 21:12:29:191

Auto-Start Started ... (Active)

<<<----  [OUT]
2021/10/18 21:12:29:282

Auto-Start Started ...  Waiting Stop-Connection.

<<<----  [OUT]
2021/10/18 21:12:29:282

Auto-Start Started ...  Waiting Open-Socket.

<<<----  [OUT]
2021/10/18 21:12:29:300

Socket Open Started...

<<<----  [OUT]
2021/10/18 21:12:29:300

Socket Open Completed...

<<<----  [OUT]
2021/10/18 21:12:29:300

Connecting Started...

<<<----  [OUT]
2021/10/18 21:12:29:373

Auto-Start Completed ...  (Active)

<<<----  [OUT]
2021/10/18 21:12:50:347

I can't connect with the passive [192.168.100.113/5000] error_code:10060 !

<<<----  [OUT]
2021/10/18 21:12:52:829

Connecting Started...

<<<----  [OUT]
2021/10/18 21:13:13:875

I can't connect with the passive [192.168.100.113/5000] error_code:10060 !

<<<----  [OUT]
2021/10/18 21:13:16:361

Connecting Started...

<<<----  [OUT]
2021/10/18 21:13:37:402

I can't connect with the passive [192.168.100.113/5000] error_code:10060 !

<<<----  [OUT]
2021/10/18 21:13:39:892

Connecting Started...

<<<----  [OUT]
2021/10/18 21:14:00:923

I can't connect with the passive [192.168.100.113/5000] error_code:10060 !

<<<----  [OUT]
2021/10/18 21:14:03:407

Connecting Started...

<<<----  [OUT]
2021/10/18 21:14:24:423

I can't connect with the passive [192.168.100.113/5000] error_code:10060 !

<<<----  [OUT]
2021/10/18 21:14:26:906

Connecting Started...

<<<----  [OUT]
2021/10/18 21:14:47:933

I can't connect with the passive [192.168.100.113/5000] error_code:10060 !

<<<----  [OUT]
2021/10/18 21:14:50:422

Connecting Started...

<<<----  [OUT]
2021/10/18 21:15:11:456

I can't connect with the passive [192.168.100.113/5000] error_code:10060 !

<<<----  [OUT]
2021/10/18 21:15:13:938

Connecting Started...

<<<----  [OUT]
2021/10/18 21:15:34:969

I can't connect with the passive [192.168.100.113/5000] error_code:10060 !

<<<----  [OUT]
2021/10/18 21:15:37:455

Connecting Started...

<<<----  [OUT]
2021/10/18 21:15:58:496

I can't connect with the passive [192.168.100.113/5000] error_code:10060 !

<<<----  [OUT]
2021/10/18 21:16:00:985

Connecting Started...

<<<----  [OUT]
2021/10/18 21:16:22:026

I can't connect with the passive [192.168.100.113/5000] error_code:10060 !

<<<----  [OUT]
2021/10/18 21:16:24:516

Connecting Started...

<<<----  [OUT]
2021/10/18 21:16:45:570

I can't connect with the passive [192.168.100.113/5000] error_code:10060 !

<<<----  [OUT]
2021/10/18 21:16:48:047

Connecting Started...

<<<----  [OUT]
2021/10/18 21:17:09:091

I can't connect with the passive [192.168.100.113/5000] error_code:10060 !

<<<----  [OUT]
2021/10/18 21:17:11:580

Connecting Started...

<<<----  [OUT]
2021/10/18 21:17:32:623

I can't connect with the passive [192.168.100.113/5000] error_code:10060 !

<<<----  [OUT]
2021/10/18 21:17:35:111

Connecting Started...

<<<----  [OUT]
2021/10/18 21:17:56:139

I can't connect with the passive [192.168.100.113/5000] error_code:10060 !

<<<----  [OUT]
2021/10/18 21:17:58:625

Connecting Started...

<<<----  [OUT]
2021/10/18 21:18:19:656

I can't connect with the passive [192.168.100.113/5000] error_code:10060 !

<<<----  [OUT]
2021/10/18 21:18:22:141

Connecting Started...

<<<----  [OUT]
2021/10/18 21:18:43:175

I can't connect with the passive [192.168.100.113/5000] error_code:10060 !

<<<----  [OUT]
2021/10/18 21:18:45:657

Connecting Started...

<<<----  [OUT]
2021/10/18 21:19:06:705

I can't connect with the passive [192.168.100.113/5000] error_code:10060 !

<<<----  [OUT]
2021/10/18 21:19:09:189

Connecting Started...

<<<----  [OUT]
2021/10/18 21:19:30:239

I can't connect with the passive [192.168.100.113/5000] error_code:10060 !

<<<----  [OUT]
2021/10/18 21:19:32:719

Connecting Started...

<<<----  [OUT]
2021/10/18 21:19:53:750

I can't connect with the passive [192.168.100.113/5000] error_code:10060 !

<<<----  [OUT]
2021/10/18 21:19:56:235

Connecting Started...

<<<----  [OUT]
2021/10/18 21:20:17:276

I can't connect with the passive [192.168.100.113/5000] error_code:10060 !

<<<----  [OUT]
2021/10/18 21:20:19:767

Connecting Started...

<<<----  [OUT]
2021/10/18 21:20:40:800

I can't connect with the passive [192.168.100.113/5000] error_code:10060 !

<<<----  [OUT]
2021/10/18 21:20:43:282

Connecting Started...

<<<----  [OUT]
2021/10/18 21:21:04:318

I can't connect with the passive [192.168.100.113/5000] error_code:10060 !

<<<----  [OUT]
2021/10/18 21:21:06:798

Connecting Started...

<<<----  [OUT]
2021/10/18 21:21:27:832

I can't connect with the passive [192.168.100.113/5000] error_code:10060 !

<<<----  [OUT]
2021/10/18 21:21:30:313

Connecting Started...

<<<----  [OUT]
2021/10/18 21:21:51:347

I can't connect with the passive [192.168.100.113/5000] error_code:10060 !

<<<----  [OUT]
2021/10/18 21:21:53:829

Connecting Started...

<<<----  [OUT]
2021/10/18 21:22:14:862

I can't connect with the passive [192.168.100.113/5000] error_code:10060 !

<<<----  [OUT]
2021/10/18 21:22:17:345

Connecting Started...

<<<----  [OUT]
2021/10/18 21:22:38:387

I can't connect with the passive [192.168.100.113/5000] error_code:10060 !

<<<----  [OUT]
2021/10/18 21:22:40:875

Connecting Started...

<<<----  [OUT]
2021/10/18 21:23:01:932

I can't connect with the passive [192.168.100.113/5000] error_code:10060 !

<<<----  [OUT]
2021/10/18 21:23:04:423

Connecting Started...

<<<----  [OUT]
2021/10/18 21:23:25:469

I can't connect with the passive [192.168.100.113/5000] error_code:10060 !

<<<----  [OUT]
2021/10/18 21:23:27:954

Connecting Started...

<<<----  [OUT]
2021/10/18 21:23:49:005

I can't connect with the passive [192.168.100.113/5000] error_code:10060 !

<<<----  [OUT]
2021/10/18 21:23:51:486

Connecting Started...

<<<----  [OUT]
2021/10/18 21:24:12:537

I can't connect with the passive [192.168.100.113/5000] error_code:10060 !

<<<----  [OUT]
2021/10/18 21:24:15:016

Connecting Started...

<<<----  [OUT]
2021/10/18 21:24:36:056

I can't connect with the passive [192.168.100.113/5000] error_code:10060 !

<<<----  [OUT]
2021/10/18 21:24:38:531

Connecting Started...

<<<----  [OUT]
2021/10/18 21:24:59:571

I can't connect with the passive [192.168.100.113/5000] error_code:10060 !

<<<----  [OUT]
2021/10/18 21:25:02:047

Connecting Started...

<<<----  [OUT]
2021/10/18 21:25:23:084

I can't connect with the passive [192.168.100.113/5000] error_code:10060 !

<<<----  [OUT]
2021/10/18 21:25:25:562

Connecting Started...

<<<----  [OUT]
2021/10/18 21:25:46:612

I can't connect with the passive [192.168.100.113/5000] error_code:10060 !

<<<----  [OUT]
2021/10/18 21:25:49:095

Connecting Started...

<<<----  [OUT]
2021/10/18 21:26:10:146

I can't connect with the passive [192.168.100.113/5000] error_code:10060 !

<<<----  [OUT]
2021/10/18 21:26:12:626

Connecting Started...

<<<----  [OUT]
2021/10/18 21:26:33:652

I can't connect with the passive [192.168.100.113/5000] error_code:10060 !

<<<----  [OUT]
2021/10/18 21:26:36:142

Connecting Started...

<<<----  [OUT]
2021/10/18 21:26:57:177

I can't connect with the passive [192.168.100.113/5000] error_code:10060 !

<<<----  [OUT]
2021/10/18 21:26:59:657

Connecting Started...

<<<----  [OUT]
2021/10/18 21:27:20:706

I can't connect with the passive [192.168.100.113/5000] error_code:10060 !

<<<----  [OUT]
2021/10/18 21:27:23:189

Connecting Started...

<<<----  [OUT]
2021/10/18 21:27:44:216

I can't connect with the passive [192.168.100.113/5000] error_code:10060 !

<<<----  [OUT]
2021/10/18 21:27:46:705

Connecting Started...

<<<----  [OUT]
2021/10/18 21:28:07:769

I can't connect with the passive [192.168.100.113/5000] error_code:10060 !

<<<----  [OUT]
2021/10/18 21:28:10:250

Connecting Started...

<<<----  [OUT]
2021/10/18 21:28:31:286

I can't connect with the passive [192.168.100.113/5000] error_code:10060 !

<<<----  [OUT]
2021/10/18 21:28:33:766

Connecting Started...

<<<----  [OUT]
2021/10/18 21:28:54:818

I can't connect with the passive [192.168.100.113/5000] error_code:10060 !

<<<----  [OUT]
2021/10/18 21:28:57:297

Connecting Started...

<<<----  [OUT]
2021/10/18 21:31:05:093

---------------------------------------------------------------------
// FA : Start Log ...


<<<----  [OUT]
2021/10/18 21:31:05:101

//-------------------------------------------------------------
Property Information

   Driver Type [HSMS]
   Driver Mode [ACTIVE]
   IP    [192.168.100.113]
   Port  [5000]
//-------------------------------------------------------------


<<<----  [OUT]
2021/10/18 21:31:05:703

Auto-Start Started ... (Active)

<<<----  [OUT]
2021/10/18 21:31:05:794

Auto-Start Started ...  Waiting Stop-Connection.

<<<----  [OUT]
2021/10/18 21:31:05:794

Auto-Start Started ...  Waiting Open-Socket.

<<<----  [OUT]
2021/10/18 21:31:05:819

Socket Open Started...

<<<----  [OUT]
2021/10/18 21:31:05:819

Socket Open Completed...

<<<----  [OUT]
2021/10/18 21:31:05:819

Connecting Started...

<<<----  [OUT]
2021/10/18 21:31:05:885

Auto-Start Completed ...  (Active)

<<<----  [OUT]
2021/10/18 21:31:26:868

I can't connect with the passive [192.168.100.113/5000] error_code:10060 !

<<<----  [OUT]
2021/10/18 21:31:29:344

Connecting Started...

<<<----  [OUT]
2021/10/18 21:31:50:385

I can't connect with the passive [192.168.100.113/5000] error_code:10060 !

<<<----  [OUT]
2021/10/18 21:31:52:875

Connecting Started...

<<<----  [OUT]
2021/10/18 21:32:13:928

I can't connect with the passive [192.168.100.113/5000] error_code:10060 !

<<<----  [OUT]
2021/10/18 21:32:16:407

Connecting Started...

<<<----  [OUT]
2021/10/18 21:32:37:438

I can't connect with the passive [192.168.100.113/5000] error_code:10060 !

<<<----  [OUT]
2021/10/18 21:32:39:923

Connecting Started...

<<<----  [OUT]
2021/10/18 21:33:00:948

I can't connect with the passive [192.168.100.113/5000] error_code:10060 !

<<<----  [OUT]
2021/10/18 21:33:03:438

Connecting Started...

<<<----  [OUT]
2021/10/18 21:33:24:469

I can't connect with the passive [192.168.100.113/5000] error_code:10060 !

<<<----  [OUT]
2021/10/18 21:33:26:954

Connecting Started...

<<<----  [OUT]
2021/10/18 21:33:47:990

I can't connect with the passive [192.168.100.113/5000] error_code:10060 !

<<<----  [OUT]
2021/10/18 21:33:50:471

Connecting Started...

<<<----  [OUT]
2021/10/18 21:34:11:509

I can't connect with the passive [192.168.100.113/5000] error_code:10060 !

<<<----  [OUT]
2021/10/18 21:34:14:001

Connecting Started...

<<<----  [OUT]
2021/10/18 21:34:35:044

I can't connect with the passive [192.168.100.113/5000] error_code:10060 !

<<<----  [OUT]
2021/10/18 21:34:37:533

Connecting Started...

<<<----  [OUT]
2021/10/18 21:34:58:579

I can't connect with the passive [192.168.100.113/5000] error_code:10060 !

<<<----  [OUT]
2021/10/18 21:35:01:064

Connecting Started...

<<<----  [OUT]
2021/10/18 21:35:22:111

I can't connect with the passive [192.168.100.113/5000] error_code:10060 !

<<<----  [OUT]
2021/10/18 21:35:24:595

Connecting Started...

<<<----  [OUT]
2021/10/18 21:35:45:615

I can't connect with the passive [192.168.100.113/5000] error_code:10060 !

<<<----  [OUT]
2021/10/18 21:35:48:094

Connecting Started...

<<<----  [OUT]
2021/10/18 21:36:09:129

I can't connect with the passive [192.168.100.113/5000] error_code:10060 !

<<<----  [OUT]
2021/10/18 21:36:11:610

Connecting Started...

<<<----  [OUT]
2021/10/18 21:36:32:630

I can't connect with the passive [192.168.100.113/5000] error_code:10060 !

<<<----  [OUT]
2021/10/18 21:36:35:110

Connecting Started...

<<<----  [OUT]
2021/10/18 21:36:56:150

I can't connect with the passive [192.168.100.113/5000] error_code:10060 !

<<<----  [OUT]
2021/10/18 21:36:58:641

Connecting Started...

<<<----  [OUT]
2021/10/18 21:37:19:676

I can't connect with the passive [192.168.100.113/5000] error_code:10060 !

<<<----  [OUT]
2021/10/18 21:37:22:157

Connecting Started...

<<<----  [OUT]
2021/10/18 21:37:43:192

I can't connect with the passive [192.168.100.113/5000] error_code:10060 !

<<<----  [OUT]
2021/10/18 21:37:45:673

Connecting Started...

<<<----  [OUT]
2021/10/18 21:38:06:693

I can't connect with the passive [192.168.100.113/5000] error_code:10060 !

<<<----  [OUT]
2021/10/18 21:38:09:174

Connecting Started...

<<<----  [OUT]
2021/10/18 21:38:30:216

I can't connect with the passive [192.168.100.113/5000] error_code:10060 !

<<<----  [OUT]
2021/10/18 21:38:32:705

Connecting Started...

<<<----  [OUT]
2021/10/18 21:38:53:739

I can't connect with the passive [192.168.100.113/5000] error_code:10060 !

<<<----  [OUT]
2021/10/18 21:38:56:219

Connecting Started...

<<<----  [OUT]
2021/10/18 21:51:00:044

---------------------------------------------------------------------
// FA : Start Log ...


<<<----  [OUT]
2021/10/18 21:51:00:054

//-------------------------------------------------------------
Property Information

   Driver Type [HSMS]
   Driver Mode [ACTIVE]
   IP    [192.168.100.113]
   Port  [5000]
//-------------------------------------------------------------


<<<----  [OUT]
2021/10/18 21:51:00:655

Auto-Start Started ... (Active)

<<<----  [OUT]
2021/10/18 21:51:00:746

Auto-Start Started ...  Waiting Stop-Connection.

<<<----  [OUT]
2021/10/18 21:51:00:746

Auto-Start Started ...  Waiting Open-Socket.

<<<----  [OUT]
2021/10/18 21:51:00:770

Socket Open Started...

<<<----  [OUT]
2021/10/18 21:51:00:770

Socket Open Completed...

<<<----  [OUT]
2021/10/18 21:51:00:770

Connecting Started...

<<<----  [OUT]
2021/10/18 21:51:00:836

Auto-Start Completed ...  (Active)

<<<----  [OUT]
2021/10/18 21:51:21:815

I can't connect with the passive [192.168.100.113/5000] error_code:10060 !

<<<----  [OUT]
2021/10/18 21:51:24:298

Connecting Started...

<<<----  [OUT]
2021/10/18 21:51:45:344

I can't connect with the passive [192.168.100.113/5000] error_code:10060 !

<<<----  [OUT]
2021/10/18 21:51:47:830

Connecting Started...

<<<----  [OUT]
2021/10/18 21:52:08:881

I can't connect with the passive [192.168.100.113/5000] error_code:10060 !

<<<----  [OUT]
2021/10/18 21:52:11:360

Connecting Started...

<<<----  [OUT]
2021/10/18 21:52:32:407

I can't connect with the passive [192.168.100.113/5000] error_code:10060 !

<<<----  [OUT]
2021/10/18 21:52:34:892

Connecting Started...

<<<----  [OUT]
2021/10/18 21:52:55:933

I can't connect with the passive [192.168.100.113/5000] error_code:10060 !

<<<----  [OUT]
2021/10/18 21:52:58:424

Connecting Started...

<<<----  [OUT]
2021/10/18 21:53:19:471

I can't connect with the passive [192.168.100.113/5000] error_code:10060 !

<<<----  [OUT]
2021/10/18 21:53:21:953

Connecting Started...

<<<----  [OUT]
2021/10/18 21:53:42:982

I can't connect with the passive [192.168.100.113/5000] error_code:10060 !

<<<----  [OUT]
2021/10/18 21:53:45:470

Connecting Started...

<<<----  [OUT]
2021/10/18 21:54:06:517

I can't connect with the passive [192.168.100.113/5000] error_code:10060 !

<<<----  [OUT]
2021/10/18 21:54:09:001

Connecting Started...

<<<----  [OUT]
2021/10/18 21:54:30:051

I can't connect with the passive [192.168.100.113/5000] error_code:10060 !

<<<----  [OUT]
2021/10/18 21:54:32:531

Connecting Started...

<<<----  [OUT]
2021/10/18 21:54:53:581

I can't connect with the passive [192.168.100.113/5000] error_code:10060 !

<<<----  [OUT]
2021/10/18 21:54:56:064

Connecting Started...

<<<----  [OUT]
2021/10/18 21:55:17:105

I can't connect with the passive [192.168.100.113/5000] error_code:10060 !

<<<----  [OUT]
2021/10/18 21:55:19:594

Connecting Started...

<<<----  [OUT]
2021/10/18 21:55:40:644

I can't connect with the passive [192.168.100.113/5000] error_code:10060 !

<<<----  [OUT]
2021/10/18 21:55:43:126

Connecting Started...

<<<----  [OUT]
2021/10/18 21:56:04:170

I can't connect with the passive [192.168.100.113/5000] error_code:10060 !

<<<----  [OUT]
2021/10/18 21:56:06:656

Connecting Started...

<<<----  [OUT]
2021/10/18 21:56:27:704

I can't connect with the passive [192.168.100.113/5000] error_code:10060 !

<<<----  [OUT]
2021/10/18 21:56:30:188

Connecting Started...

<<<----  [OUT]
2021/10/18 21:56:51:210

I can't connect with the passive [192.168.100.113/5000] error_code:10060 !

<<<----  [OUT]
2021/10/18 21:56:53:689

Connecting Started...

<<<----  [OUT]
2021/10/18 21:57:14:715

I can't connect with the passive [192.168.100.113/5000] error_code:10060 !

<<<----  [OUT]
2021/10/18 21:57:17:205

Connecting Started...

<<<----  [OUT]
2021/10/18 21:57:38:255

I can't connect with the passive [192.168.100.113/5000] error_code:10060 !

<<<----  [OUT]
2021/10/18 21:57:40:735

Connecting Started...

<<<----  [OUT]
2021/10/18 21:58:01:783

I can't connect with the passive [192.168.100.113/5000] error_code:10060 !

<<<----  [OUT]
2021/10/18 21:58:04:266

Connecting Started...

<<<----  [OUT]
2021/10/18 21:58:25:309

I can't connect with the passive [192.168.100.113/5000] error_code:10060 !

<<<----  [OUT]
2021/10/18 21:58:27:798

Connecting Started...

<<<----  [OUT]
2021/10/18 21:58:48:830

I can't connect with the passive [192.168.100.113/5000] error_code:10060 !

<<<----  [OUT]
2021/10/18 21:58:51:313

Connecting Started...

<<<----  [OUT]
2021/10/18 21:59:12:358

I can't connect with the passive [192.168.100.113/5000] error_code:10060 !

<<<----  [OUT]
2021/10/18 21:59:14:845

Connecting Started...

<<<----  [OUT]
2021/10/18 21:59:35:888

I can't connect with the passive [192.168.100.113/5000] error_code:10060 !

<<<----  [OUT]
2021/10/18 21:59:38:375

Connecting Started...

<<<----  [OUT]
2021/10/18 21:59:59:417

I can't connect with the passive [192.168.100.113/5000] error_code:10060 !
