
<<<----  [OUT]
2021/08/08 12:00:00:600

I can't connect with the passive [192.168.100.113/5000] error_code:10060 !

<<<----  [OUT]
2021/08/08 12:00:03:089

Connecting Started...

<<<----  [OUT]
2021/08/08 12:00:24:131

I can't connect with the passive [192.168.100.113/5000] error_code:10060 !

<<<----  [OUT]
2021/08/08 12:00:26:620

Connecting Started...

<<<----  [OUT]
2021/08/08 12:00:47:662

I can't connect with the passive [192.168.100.113/5000] error_code:10060 !

<<<----  [OUT]
2021/08/08 12:00:50:151

Connecting Started...

<<<----  [OUT]
2021/08/08 12:01:11:191

I can't connect with the passive [192.168.100.113/5000] error_code:10060 !

<<<----  [OUT]
2021/08/08 12:01:13:682

Connecting Started...

<<<----  [OUT]
2021/08/08 12:01:34:719

I can't connect with the passive [192.168.100.113/5000] error_code:10060 !

<<<----  [OUT]
2021/08/08 12:01:37:199

Connecting Started...

<<<----  [OUT]
2021/08/08 12:01:58:243

I can't connect with the passive [192.168.100.113/5000] error_code:10060 !

<<<----  [OUT]
2021/08/08 12:02:00:730

Connecting Started...

<<<----  [OUT]
2021/08/08 12:02:21:758

I can't connect with the passive [192.168.100.113/5000] error_code:10060 !

<<<----  [OUT]
2021/08/08 12:02:24:246

Connecting Started...

<<<----  [OUT]
2021/08/08 12:02:45:282

I can't connect with the passive [192.168.100.113/5000] error_code:10060 !

<<<----  [OUT]
2021/08/08 12:02:47:760

Connecting Started...

<<<----  [OUT]
2021/08/08 12:03:08:791

I can't connect with the passive [192.168.100.113/5000] error_code:10060 !

<<<----  [OUT]
2021/08/08 12:03:11:277

Connecting Started...

<<<----  [OUT]
2021/08/08 12:03:32:328

I can't connect with the passive [192.168.100.113/5000] error_code:10060 !

<<<----  [OUT]
2021/08/08 12:03:34:807

Connecting Started...

<<<----  [OUT]
2021/08/08 12:03:55:836

I can't connect with the passive [192.168.100.113/5000] error_code:10060 !

<<<----  [OUT]
2021/08/08 12:03:58:322

Connecting Started...

<<<----  [OUT]
2021/08/08 12:04:19:351

I can't connect with the passive [192.168.100.113/5000] error_code:10060 !

<<<----  [OUT]
2021/08/08 12:04:21:838

Connecting Started...

<<<----  [OUT]
2021/08/08 12:04:42:886

I can't connect with the passive [192.168.100.113/5000] error_code:10060 !

<<<----  [OUT]
2021/08/08 12:04:45:370

Connecting Started...

<<<----  [OUT]
2021/08/08 12:05:06:425

I can't connect with the passive [192.168.100.113/5000] error_code:10060 !

<<<----  [OUT]
2021/08/08 12:05:08:901

Connecting Started...

<<<----  [OUT]
2021/08/08 12:05:29:937

I can't connect with the passive [192.168.100.113/5000] error_code:10060 !

<<<----  [OUT]
2021/08/08 12:05:32:417

Connecting Started...

<<<----  [OUT]
2021/08/08 12:05:53:469

I can't connect with the passive [192.168.100.113/5000] error_code:10060 !

<<<----  [OUT]
2021/08/08 12:05:55:948

Connecting Started...

<<<----  [OUT]
2021/08/08 12:06:16:988

I can't connect with the passive [192.168.100.113/5000] error_code:10060 !

<<<----  [OUT]
2021/08/08 12:06:19:479

Connecting Started...

<<<----  [OUT]
2021/08/08 12:06:40:513

I can't connect with the passive [192.168.100.113/5000] error_code:10060 !

<<<----  [OUT]
2021/08/08 12:06:42:995

Connecting Started...

<<<----  [OUT]
2021/08/08 12:07:04:026

I can't connect with the passive [192.168.100.113/5000] error_code:10060 !

<<<----  [OUT]
2021/08/08 12:07:06:510

Connecting Started...

<<<----  [OUT]
2021/08/08 12:07:27:521

I can't connect with the passive [192.168.100.113/5000] error_code:10060 !

<<<----  [OUT]
2021/08/08 12:07:30:011

Connecting Started...

<<<----  [OUT]
2021/08/08 12:07:51:048

I can't connect with the passive [192.168.100.113/5000] error_code:10060 !

<<<----  [OUT]
2021/08/08 12:07:53:526

Connecting Started...

<<<----  [OUT]
2021/08/08 12:08:14:570

I can't connect with the passive [192.168.100.113/5000] error_code:10060 !

<<<----  [OUT]
2021/08/08 12:08:17:058

Connecting Started...

<<<----  [OUT]
2021/08/08 12:08:38:099

I can't connect with the passive [192.168.100.113/5000] error_code:10060 !

<<<----  [OUT]
2021/08/08 12:08:40:588

Connecting Started...

<<<----  [OUT]
2021/08/08 12:09:01:624

I can't connect with the passive [192.168.100.113/5000] error_code:10060 !

<<<----  [OUT]
2021/08/08 12:09:04:105

Connecting Started...

<<<----  [OUT]
2021/08/08 12:09:25:151

I can't connect with the passive [192.168.100.113/5000] error_code:10060 !

<<<----  [OUT]
2021/08/08 12:09:27:635

Connecting Started...

<<<----  [OUT]
2021/08/08 12:09:48:660

I can't connect with the passive [192.168.100.113/5000] error_code:10060 !

<<<----  [OUT]
2021/08/08 12:09:51:151

Connecting Started...

<<<----  [OUT]
2021/08/08 12:10:12:190

I can't connect with the passive [192.168.100.113/5000] error_code:10060 !

<<<----  [OUT]
2021/08/08 12:10:14:667

Connecting Started...

<<<----  [OUT]
2021/08/08 12:10:35:700

I can't connect with the passive [192.168.100.113/5000] error_code:10060 !

<<<----  [OUT]
2021/08/08 12:10:38:184

Connecting Started...

<<<----  [OUT]
2021/08/08 12:10:59:228

I can't connect with the passive [192.168.100.113/5000] error_code:10060 !

<<<----  [OUT]
2021/08/08 12:11:01:714

Connecting Started...

<<<----  [OUT]
2021/08/08 12:11:22:775

I can't connect with the passive [192.168.100.113/5000] error_code:10060 !

<<<----  [OUT]
2021/08/08 12:11:25:261

Connecting Started...

<<<----  [OUT]
2021/08/08 12:11:46:302

I can't connect with the passive [192.168.100.113/5000] error_code:10060 !

<<<----  [OUT]
2021/08/08 12:11:48:792

Connecting Started...

<<<----  [OUT]
2021/08/08 12:12:09:826

I can't connect with the passive [192.168.100.113/5000] error_code:10060 !

<<<----  [OUT]
2021/08/08 12:12:12:307

Connecting Started...

<<<----  [OUT]
2021/08/08 12:12:33:344

I can't connect with the passive [192.168.100.113/5000] error_code:10060 !

<<<----  [OUT]
2021/08/08 12:12:35:823

Connecting Started...

<<<----  [OUT]
2021/08/08 12:12:56:870

I can't connect with the passive [192.168.100.113/5000] error_code:10060 !

<<<----  [OUT]
2021/08/08 12:12:59:354

Connecting Started...

<<<----  [OUT]
2021/08/08 12:13:20:412

I can't connect with the passive [192.168.100.113/5000] error_code:10060 !

<<<----  [OUT]
2021/08/08 12:13:22:901

Connecting Started...

<<<----  [OUT]
2021/08/08 12:13:43:947

I can't connect with the passive [192.168.100.113/5000] error_code:10060 !

<<<----  [OUT]
2021/08/08 12:13:46:432

Connecting Started...

<<<----  [OUT]
2021/08/08 12:14:07:464

I can't connect with the passive [192.168.100.113/5000] error_code:10060 !

<<<----  [OUT]
2021/08/08 12:14:09:948

Connecting Started...

<<<----  [OUT]
2021/08/08 12:14:30:994

I can't connect with the passive [192.168.100.113/5000] error_code:10060 !

<<<----  [OUT]
2021/08/08 12:14:33:480

Connecting Started...

<<<----  [OUT]
2021/08/08 12:14:54:525

I can't connect with the passive [192.168.100.113/5000] error_code:10060 !

<<<----  [OUT]
2021/08/08 12:14:57:011

Connecting Started...

<<<----  [OUT]
2021/08/08 12:15:18:042

I can't connect with the passive [192.168.100.113/5000] error_code:10060 !

<<<----  [OUT]
2021/08/08 12:15:20:526

Connecting Started...

<<<----  [OUT]
2021/08/08 12:15:41:576

I can't connect with the passive [192.168.100.113/5000] error_code:10060 !

<<<----  [OUT]
2021/08/08 12:15:44:058

Connecting Started...

<<<----  [OUT]
2021/08/08 12:17:15:721

---------------------------------------------------------------------
// FA : Start Log ...


<<<----  [OUT]
2021/08/08 12:17:15:737

//-------------------------------------------------------------
Property Information

   Driver Type [HSMS]
   Driver Mode [ACTIVE]
   IP    [192.168.100.113]
   Port  [5000]
//-------------------------------------------------------------


<<<----  [OUT]
2021/08/08 12:17:16:340

Auto-Start Started ... (Active)

<<<----  [OUT]
2021/08/08 12:17:16:430

Auto-Start Started ...  Waiting Stop-Connection.

<<<----  [OUT]
2021/08/08 12:17:16:430

Auto-Start Started ...  Waiting Open-Socket.

<<<----  [OUT]
2021/08/08 12:17:16:447

Socket Open Started...

<<<----  [OUT]
2021/08/08 12:17:16:447

Socket Open Completed...

<<<----  [OUT]
2021/08/08 12:17:16:447

Connecting Started...

<<<----  [OUT]
2021/08/08 12:17:16:521

Auto-Start Completed ...  (Active)

<<<----  [OUT]
2021/08/08 12:17:37:479

I can't connect with the passive [192.168.100.113/5000] error_code:10060 !

<<<----  [OUT]
2021/08/08 12:17:39:965

Connecting Started...

<<<----  [OUT]
2021/08/08 12:18:01:010

I can't connect with the passive [192.168.100.113/5000] error_code:10060 !

<<<----  [OUT]
2021/08/08 12:18:03:495

Connecting Started...

<<<----  [OUT]
2021/08/08 12:18:24:537

I can't connect with the passive [192.168.100.113/5000] error_code:10060 !

<<<----  [OUT]
2021/08/08 12:18:27:026

Connecting Started...

<<<----  [OUT]
2021/08/08 12:18:48:078

I can't connect with the passive [192.168.100.113/5000] error_code:10060 !

<<<----  [OUT]
2021/08/08 12:18:50:558

Connecting Started...

<<<----  [OUT]
2021/08/08 12:20:59:534

I can't connect with the passive [192.168.100.113/5000] error_code:10060 !

<<<----  [OUT]
2021/08/08 12:21:02:012

Connecting Started...

<<<----  [OUT]
2021/08/08 12:21:23:044

I can't connect with the passive [192.168.100.113/5000] error_code:10060 !

<<<----  [OUT]
2021/08/08 12:21:25:527

Connecting Started...

<<<----  [OUT]
2021/08/08 12:21:46:574

I can't connect with the passive [192.168.100.113/5000] error_code:10060 !

<<<----  [OUT]
2021/08/08 12:21:49:057

Connecting Started...

<<<----  [OUT]
2021/08/08 12:22:10:114

I can't connect with the passive [192.168.100.113/5000] error_code:10060 !

<<<----  [OUT]
2021/08/08 12:22:12:605

Connecting Started...

<<<----  [OUT]
2021/08/08 12:22:33:645

I can't connect with the passive [192.168.100.113/5000] error_code:10060 !

<<<----  [OUT]
2021/08/08 12:22:36:135

Connecting Started...

<<<----  [OUT]
2021/08/08 12:22:57:178

I can't connect with the passive [192.168.100.113/5000] error_code:10060 !

<<<----  [OUT]
2021/08/08 12:22:59:667

Connecting Started...

<<<----  [OUT]
2021/08/08 12:23:20:702

I can't connect with the passive [192.168.100.113/5000] error_code:10060 !

<<<----  [OUT]
2021/08/08 12:23:23:183

Connecting Started...

<<<----  [OUT]
2021/08/08 12:23:44:221

I can't connect with the passive [192.168.100.113/5000] error_code:10060 !

<<<----  [OUT]
2021/08/08 12:23:46:699

Connecting Started...

<<<----  [OUT]
2021/08/08 12:24:07:719

I can't connect with the passive [192.168.100.113/5000] error_code:10060 !

<<<----  [OUT]
2021/08/08 12:24:10:198

Connecting Started...

<<<----  [OUT]
2021/08/08 12:24:31:227

I can't connect with the passive [192.168.100.113/5000] error_code:10060 !

<<<----  [OUT]
2021/08/08 12:24:33:714

Connecting Started...

<<<----  [OUT]
2021/08/08 12:24:54:760

I can't connect with the passive [192.168.100.113/5000] error_code:10060 !

<<<----  [OUT]
2021/08/08 12:24:57:244

Connecting Started...

<<<----  [OUT]
2021/08/08 12:25:18:275

I can't connect with the passive [192.168.100.113/5000] error_code:10060 !

<<<----  [OUT]
2021/08/08 12:25:20:761

Connecting Started...

<<<----  [OUT]
2021/08/08 12:25:41:803

I can't connect with the passive [192.168.100.113/5000] error_code:10060 !

<<<----  [OUT]
2021/08/08 12:25:44:293

Connecting Started...

<<<----  [OUT]
2021/08/08 12:26:05:323

I can't connect with the passive [192.168.100.113/5000] error_code:10060 !

<<<----  [OUT]
2021/08/08 12:26:07:807

Connecting Started...

<<<----  [OUT]
2021/08/08 12:26:28:849

I can't connect with the passive [192.168.100.113/5000] error_code:10060 !

<<<----  [OUT]
2021/08/08 12:26:31:339

Connecting Started...

<<<----  [OUT]
2021/08/08 12:26:52:379

I can't connect with the passive [192.168.100.113/5000] error_code:10060 !

<<<----  [OUT]
2021/08/08 12:26:54:870

Connecting Started...

<<<----  [OUT]
2021/08/08 12:27:15:894

I can't connect with the passive [192.168.100.113/5000] error_code:10060 !

<<<----  [OUT]
2021/08/08 12:27:18:371

Connecting Started...

<<<----  [OUT]
2021/08/08 12:27:39:423

I can't connect with the passive [192.168.100.113/5000] error_code:10060 !

<<<----  [OUT]
2021/08/08 12:27:41:902

Connecting Started...

<<<----  [OUT]
2021/08/08 12:28:02:934

I can't connect with the passive [192.168.100.113/5000] error_code:10060 !

<<<----  [OUT]
2021/08/08 12:28:05:416

Connecting Started...

<<<----  [OUT]
2021/08/08 12:28:26:443

I can't connect with the passive [192.168.100.113/5000] error_code:10060 !

<<<----  [OUT]
2021/08/08 12:28:28:932

Connecting Started...

<<<----  [OUT]
2021/08/08 12:28:49:971

I can't connect with the passive [192.168.100.113/5000] error_code:10060 !

<<<----  [OUT]
2021/08/08 12:28:52:447

Connecting Started...

<<<----  [OUT]
2021/08/08 12:29:13:495

I can't connect with the passive [192.168.100.113/5000] error_code:10060 !

<<<----  [OUT]
2021/08/08 12:29:15:979

Connecting Started...

<<<----  [OUT]
2021/08/08 12:29:37:014

I can't connect with the passive [192.168.100.113/5000] error_code:10060 !

<<<----  [OUT]
2021/08/08 12:29:39:496

Connecting Started...

<<<----  [OUT]
2021/08/08 12:30:00:531

I can't connect with the passive [192.168.100.113/5000] error_code:10060 !

<<<----  [OUT]
2021/08/08 12:30:03:010

Connecting Started...

<<<----  [OUT]
2021/08/08 12:30:24:061

I can't connect with the passive [192.168.100.113/5000] error_code:10060 !

<<<----  [OUT]
2021/08/08 12:30:26:543

Connecting Started...

<<<----  [OUT]
2021/08/08 12:30:47:581

I can't connect with the passive [192.168.100.113/5000] error_code:10060 !

<<<----  [OUT]
2021/08/08 12:30:50:058

Connecting Started...

<<<----  [OUT]
2021/08/08 12:31:11:114

I can't connect with the passive [192.168.100.113/5000] error_code:10060 !

<<<----  [OUT]
2021/08/08 12:31:13:604

Connecting Started...

<<<----  [OUT]
2021/08/08 12:31:34:639

I can't connect with the passive [192.168.100.113/5000] error_code:10060 !

<<<----  [OUT]
2021/08/08 12:31:37:120

Connecting Started...

<<<----  [OUT]
2021/08/08 12:31:58:162

I can't connect with the passive [192.168.100.113/5000] error_code:10060 !

<<<----  [OUT]
2021/08/08 12:32:00:651

Connecting Started...

<<<----  [OUT]
2021/08/08 12:32:21:681

I can't connect with the passive [192.168.100.113/5000] error_code:10060 !

<<<----  [OUT]
2021/08/08 12:32:24:167

Connecting Started...

<<<----  [OUT]
2021/08/08 12:32:45:212

I can't connect with the passive [192.168.100.113/5000] error_code:10060 !

<<<----  [OUT]
2021/08/08 12:32:47:697

Connecting Started...

<<<----  [OUT]
2021/08/08 12:33:08:736

I can't connect with the passive [192.168.100.113/5000] error_code:10060 !

<<<----  [OUT]
2021/08/08 12:33:11:215

Connecting Started...

<<<----  [OUT]
2021/08/08 12:33:32:262

I can't connect with the passive [192.168.100.113/5000] error_code:10060 !

<<<----  [OUT]
2021/08/08 12:33:34:746

Connecting Started...

<<<----  [OUT]
2021/08/08 12:33:55:770

I can't connect with the passive [192.168.100.113/5000] error_code:10060 !

<<<----  [OUT]
2021/08/08 12:33:58:261

Connecting Started...

<<<----  [OUT]
2021/08/08 12:34:19:304

I can't connect with the passive [192.168.100.113/5000] error_code:10060 !

<<<----  [OUT]
2021/08/08 12:34:21:792

Connecting Started...

<<<----  [OUT]
2021/08/08 12:34:42:838

I can't connect with the passive [192.168.100.113/5000] error_code:10060 !

<<<----  [OUT]
2021/08/08 12:34:45:323

Connecting Started...

<<<----  [OUT]
2021/08/08 12:35:06:352

I can't connect with the passive [192.168.100.113/5000] error_code:10060 !

<<<----  [OUT]
2021/08/08 12:35:08:840

Connecting Started...

<<<----  [OUT]
2021/08/08 12:35:29:880

I can't connect with the passive [192.168.100.113/5000] error_code:10060 !

<<<----  [OUT]
2021/08/08 12:35:32:371

Connecting Started...

<<<----  [OUT]
2021/08/08 12:35:53:401

I can't connect with the passive [192.168.100.113/5000] error_code:10060 !

<<<----  [OUT]
2021/08/08 12:35:55:886

Connecting Started...

<<<----  [OUT]
2021/08/08 12:36:16:936

I can't connect with the passive [192.168.100.113/5000] error_code:10060 !

<<<----  [OUT]
2021/08/08 12:36:19:417

Connecting Started...

<<<----  [OUT]
2021/08/08 12:36:40:465

I can't connect with the passive [192.168.100.113/5000] error_code:10060 !

<<<----  [OUT]
2021/08/08 12:36:42:947

Connecting Started...

<<<----  [OUT]
2021/08/08 12:37:03:989

I can't connect with the passive [192.168.100.113/5000] error_code:10060 !

<<<----  [OUT]
2021/08/08 12:37:06:480

Connecting Started...

<<<----  [OUT]
2021/08/08 12:37:27:516

I can't connect with the passive [192.168.100.113/5000] error_code:10060 !

<<<----  [OUT]
2021/08/08 12:37:29:994

Connecting Started...

<<<----  [OUT]
2021/08/08 12:37:51:026

I can't connect with the passive [192.168.100.113/5000] error_code:10060 !

<<<----  [OUT]
2021/08/08 12:37:53:512

Connecting Started...

<<<----  [OUT]
2021/08/08 12:38:14:564

I can't connect with the passive [192.168.100.113/5000] error_code:10060 !

<<<----  [OUT]
2021/08/08 12:38:17:043

Connecting Started...

<<<----  [OUT]
2021/08/08 12:38:38:071

I can't connect with the passive [192.168.100.113/5000] error_code:10060 !

<<<----  [OUT]
2021/08/08 12:38:40:557

Connecting Started...

<<<----  [OUT]
2021/08/08 12:39:01:573

I can't connect with the passive [192.168.100.113/5000] error_code:10060 !

<<<----  [OUT]
2021/08/08 12:39:04:058

Connecting Started...

<<<----  [OUT]
2021/08/08 12:39:25:090

I can't connect with the passive [192.168.100.113/5000] error_code:10060 !

<<<----  [OUT]
2021/08/08 12:39:27:574

Connecting Started...

<<<----  [OUT]
2021/08/08 12:39:48:634

I can't connect with the passive [192.168.100.113/5000] error_code:10060 !

<<<----  [OUT]
2021/08/08 12:39:51:120

Connecting Started...

<<<----  [OUT]
2021/08/08 12:40:12:175

I can't connect with the passive [192.168.100.113/5000] error_code:10060 !

<<<----  [OUT]
2021/08/08 12:40:14:651

Connecting Started...

<<<----  [OUT]
2021/08/08 12:40:35:703

I can't connect with the passive [192.168.100.113/5000] error_code:10060 !

<<<----  [OUT]
2021/08/08 12:40:38:183

Connecting Started...

<<<----  [OUT]
2021/08/08 12:40:59:209

I can't connect with the passive [192.168.100.113/5000] error_code:10060 !

<<<----  [OUT]
2021/08/08 12:41:01:697

Connecting Started...

<<<----  [OUT]
2021/08/08 12:41:22:719

I can't connect with the passive [192.168.100.113/5000] error_code:10060 !

<<<----  [OUT]
2021/08/08 12:41:25:198

Connecting Started...

<<<----  [OUT]
2021/08/08 12:41:46:255

I can't connect with the passive [192.168.100.113/5000] error_code:10060 !

<<<----  [OUT]
2021/08/08 12:41:48:745

Connecting Started...

<<<----  [OUT]
2021/08/08 12:42:09:785

I can't connect with the passive [192.168.100.113/5000] error_code:10060 !

<<<----  [OUT]
2021/08/08 12:42:12:276

Connecting Started...

<<<----  [OUT]
2021/08/08 12:42:33:327

I can't connect with the passive [192.168.100.113/5000] error_code:10060 !

<<<----  [OUT]
2021/08/08 12:42:35:807

Connecting Started...

<<<----  [OUT]
2021/08/08 12:42:56:843

I can't connect with the passive [192.168.100.113/5000] error_code:10060 !

<<<----  [OUT]
2021/08/08 12:42:59:324

Connecting Started...

<<<----  [OUT]
2021/08/08 12:43:20:350

I can't connect with the passive [192.168.100.113/5000] error_code:10060 !

<<<----  [OUT]
2021/08/08 12:43:22:839

Connecting Started...

<<<----  [OUT]
2021/08/08 12:43:43:872

I can't connect with the passive [192.168.100.113/5000] error_code:10060 !

<<<----  [OUT]
2021/08/08 12:43:46:355

Connecting Started...

<<<----  [OUT]
2021/08/08 12:44:07:401

I can't connect with the passive [192.168.100.113/5000] error_code:10060 !

<<<----  [OUT]
2021/08/08 12:44:09:886

Connecting Started...

<<<----  [OUT]
2021/08/08 12:44:30:918

I can't connect with the passive [192.168.100.113/5000] error_code:10060 !

<<<----  [OUT]
2021/08/08 12:44:33:401

Connecting Started...

<<<----  [OUT]
2021/08/08 12:44:54:427

I can't connect with the passive [192.168.100.113/5000] error_code:10060 !

<<<----  [OUT]
2021/08/08 12:44:56:917

Connecting Started...

<<<----  [OUT]
2021/08/08 12:45:17:959

I can't connect with the passive [192.168.100.113/5000] error_code:10060 !

<<<----  [OUT]
2021/08/08 12:45:20:448

Connecting Started...

<<<----  [OUT]
2021/08/08 12:45:41:486

I can't connect with the passive [192.168.100.113/5000] error_code:10060 !

<<<----  [OUT]
2021/08/08 12:45:43:963

Connecting Started...

<<<----  [OUT]
2021/08/08 12:46:04:992

I can't connect with the passive [192.168.100.113/5000] error_code:10060 !

<<<----  [OUT]
2021/08/08 12:46:07:480

Connecting Started...

<<<----  [OUT]
2021/08/08 12:46:28:525

I can't connect with the passive [192.168.100.113/5000] error_code:10060 !

<<<----  [OUT]
2021/08/08 12:46:31:012

Connecting Started...

<<<----  [OUT]
2021/08/08 12:46:52:059

I can't connect with the passive [192.168.100.113/5000] error_code:10060 !

<<<----  [OUT]
2021/08/08 12:46:54:542

Connecting Started...

<<<----  [OUT]
2021/08/08 12:47:15:584

I can't connect with the passive [192.168.100.113/5000] error_code:10060 !

<<<----  [OUT]
2021/08/08 12:47:18:074

Connecting Started...

<<<----  [OUT]
2021/08/08 12:47:39:103

I can't connect with the passive [192.168.100.113/5000] error_code:10060 !

<<<----  [OUT]
2021/08/08 12:47:41:589

Connecting Started...

<<<----  [OUT]
2021/08/08 12:48:02:622

I can't connect with the passive [192.168.100.113/5000] error_code:10060 !

<<<----  [OUT]
2021/08/08 12:48:05:105

Connecting Started...

<<<----  [OUT]
2021/08/08 12:48:26:138

I can't connect with the passive [192.168.100.113/5000] error_code:10060 !

<<<----  [OUT]
2021/08/08 12:48:28:620

Connecting Started...

<<<----  [OUT]
2021/08/08 12:48:49:672

I can't connect with the passive [192.168.100.113/5000] error_code:10060 !

<<<----  [OUT]
2021/08/08 12:48:52:151

Connecting Started...

<<<----  [OUT]
2021/08/08 12:49:13:202

I can't connect with the passive [192.168.100.113/5000] error_code:10060 !

<<<----  [OUT]
2021/08/08 12:49:15:682

Connecting Started...

<<<----  [OUT]
2021/08/08 12:49:36:721

I can't connect with the passive [192.168.100.113/5000] error_code:10060 !

<<<----  [OUT]
2021/08/08 12:49:39:198

Connecting Started...

<<<----  [OUT]
2021/08/08 12:50:00:238

I can't connect with the passive [192.168.100.113/5000] error_code:10060 !

<<<----  [OUT]
2021/08/08 12:50:02:729

Connecting Started...

<<<----  [OUT]
2021/08/08 12:50:23:779

I can't connect with the passive [192.168.100.113/5000] error_code:10060 !

<<<----  [OUT]
2021/08/08 12:50:26:260

Connecting Started...

<<<----  [OUT]
2021/08/08 12:50:47:288

I can't connect with the passive [192.168.100.113/5000] error_code:10060 !

<<<----  [OUT]
2021/08/08 12:50:49:776

Connecting Started...

<<<----  [OUT]
2021/08/08 12:51:10:808

I can't connect with the passive [192.168.100.113/5000] error_code:10060 !

<<<----  [OUT]
2021/08/08 12:51:13:292

Connecting Started...

<<<----  [OUT]
2021/08/08 12:51:34:332

I can't connect with the passive [192.168.100.113/5000] error_code:10060 !

<<<----  [OUT]
2021/08/08 12:51:36:823

Connecting Started...

<<<----  [OUT]
2021/08/08 12:51:57:874

I can't connect with the passive [192.168.100.113/5000] error_code:10060 !

<<<----  [OUT]
2021/08/08 12:52:00:354

Connecting Started...

<<<----  [OUT]
2021/08/08 12:52:21:400

I can't connect with the passive [192.168.100.113/5000] error_code:10060 !

<<<----  [OUT]
2021/08/08 12:52:23:885

Connecting Started...

<<<----  [OUT]
2021/08/08 12:52:44:920

I can't connect with the passive [192.168.100.113/5000] error_code:10060 !

<<<----  [OUT]
2021/08/08 12:52:47:402

Connecting Started...

<<<----  [OUT]
2021/08/08 12:53:08:452

I can't connect with the passive [192.168.100.113/5000] error_code:10060 !

<<<----  [OUT]
2021/08/08 12:53:10:933

Connecting Started...

<<<----  [OUT]
2021/08/08 12:53:31:966

I can't connect with the passive [192.168.100.113/5000] error_code:10060 !

<<<----  [OUT]
2021/08/08 12:53:34:448

Connecting Started...

<<<----  [OUT]
2021/08/08 12:53:55:492

I can't connect with the passive [192.168.100.113/5000] error_code:10060 !

<<<----  [OUT]
2021/08/08 12:53:57:980

Connecting Started...

<<<----  [OUT]
2021/08/08 12:54:19:012

I can't connect with the passive [192.168.100.113/5000] error_code:10060 !

<<<----  [OUT]
2021/08/08 12:54:21:495

Connecting Started...

<<<----  [OUT]
2021/08/08 12:54:42:540

I can't connect with the passive [192.168.100.113/5000] error_code:10060 !

<<<----  [OUT]
2021/08/08 12:54:45:025

Connecting Started...

<<<----  [OUT]
2021/08/08 12:55:06:068

I can't connect with the passive [192.168.100.113/5000] error_code:10060 !

<<<----  [OUT]
2021/08/08 12:55:08:558

Connecting Started...

<<<----  [OUT]
2021/08/08 12:55:29:594

I can't connect with the passive [192.168.100.113/5000] error_code:10060 !

<<<----  [OUT]
2021/08/08 12:55:32:074

Connecting Started...

<<<----  [OUT]
2021/08/08 12:55:53:107

I can't connect with the passive [192.168.100.113/5000] error_code:10060 !

<<<----  [OUT]
2021/08/08 12:55:55:589

Connecting Started...

<<<----  [OUT]
2021/08/08 12:56:16:631

I can't connect with the passive [192.168.100.113/5000] error_code:10060 !

<<<----  [OUT]
2021/08/08 12:56:19:120

Connecting Started...

<<<----  [OUT]
2021/08/08 12:56:40:161

I can't connect with the passive [192.168.100.113/5000] error_code:10060 !

<<<----  [OUT]
2021/08/08 12:56:42:652

Connecting Started...

<<<----  [OUT]
2021/08/08 12:57:03:682

I can't connect with the passive [192.168.100.113/5000] error_code:10060 !

<<<----  [OUT]
2021/08/08 12:57:06:168

Connecting Started...

<<<----  [OUT]
2021/08/08 12:57:27:208

I can't connect with the passive [192.168.100.113/5000] error_code:10060 !

<<<----  [OUT]
2021/08/08 12:57:29:698

Connecting Started...

<<<----  [OUT]
2021/08/08 12:57:50:742

I can't connect with the passive [192.168.100.113/5000] error_code:10060 !

<<<----  [OUT]
2021/08/08 12:57:53:230

Connecting Started...

<<<----  [OUT]
2021/08/08 12:58:14:262

I can't connect with the passive [192.168.100.113/5000] error_code:10060 !

<<<----  [OUT]
2021/08/08 12:58:16:744

Connecting Started...

<<<----  [OUT]
2021/08/08 12:58:37:759

I can't connect with the passive [192.168.100.113/5000] error_code:10060 !

<<<----  [OUT]
2021/08/08 12:58:40:244

Connecting Started...

<<<----  [OUT]
2021/08/08 12:59:01:278

I can't connect with the passive [192.168.100.113/5000] error_code:10060 !

<<<----  [OUT]
2021/08/08 12:59:03:762

Connecting Started...

<<<----  [OUT]
2021/08/08 12:59:24:794

I can't connect with the passive [192.168.100.113/5000] error_code:10060 !

<<<----  [OUT]
2021/08/08 12:59:27:277

Connecting Started...

<<<----  [OUT]
2021/08/08 12:59:48:309

I can't connect with the passive [192.168.100.113/5000] error_code:10060 !

<<<----  [OUT]
2021/08/08 12:59:50:792

Connecting Started...
