

//--------------------------------------------------------
// START

2021_12_28 12:14:01   Start : mRES__OBJECT_PROPERTY.Upload__OBJ_PROPERTY()
2021_12_28 12:14:01   Completed ...
2021_12_28 12:14:01   Start : mMNG__ALARM_DB.Upload__DB()
2021_12_28 12:14:01   Completed ...
2021_12_28 12:14:01   Start : mMNG_FILE.Upload__OBJECT_LIST()
2021_12_28 12:14:01   Completed ...
2021_12_28 12:14:01   Start : mRES__OBJECT_LIST.Start__OBJECT_LIST()
2021_12_28 12:14:01   Completed ...
2021_12_28 12:14:01   Start : mRES__OBJECT_LIST.Initialize__OBJECT_LIST()
2021_12_28 12:14:01   STD Object : (__EQP) Started ...
2021_12_28 12:14:01   STD Object : (__EQP) Completed ...
2021_12_28 12:14:01   STD Object : (__SYS) Started ...
2021_12_28 12:14:01   STD Object : (__SYS) Completed ...
2021_12_28 12:14:01   STD Object : (DB_ETCHER) Started ...
2021_12_28 12:14:01   STD Object : (DB_ETCHER) Completed ...
2021_12_28 12:14:01   STD Object : (DB_GUI) Started ...
2021_12_28 12:14:01   STD Object : (DB_GUI) Completed ...
2021_12_28 12:14:01   STD Object : (DB_INF) Started ...
2021_12_28 12:14:01   STD Object : (DB_INF) Completed ...
2021_12_28 12:14:01   STD Object : (DB_SYS) Started ...
2021_12_28 12:14:01   STD Object : (DB_SYS) Completed ...
2021_12_28 12:14:01   STD Object : (DI_CHM) Started ...
2021_12_28 12:14:01   STD Object : (DI_CHM) Completed ...
2021_12_28 12:14:01   STD Object : (DI_GAS_BOX) Started ...
2021_12_28 12:14:01   STD Object : (DI_GAS_BOX) Completed ...
2021_12_28 12:14:01   STD Object : (DI_RF_SYS) Started ...
2021_12_28 12:14:01   STD Object : (DI_RF_SYS) Completed ...
2021_12_28 12:14:01   STD Object : (FNC_CHM) Started ...
2021_12_28 12:14:01   STD Object : (FNC_CHM) Completed ...
2021_12_28 12:14:01   STD Object : (FNC_GAS_VLV_CTRL) Started ...
2021_12_28 12:14:01   STD Object : (FNC_GAS_VLV_CTRL) Completed ...
2021_12_28 12:14:01   STD Object : (FNC_PM_DATALOG) Started ...
2021_12_28 12:14:03   STD Object : (FNC_PM_DATALOG) Completed ...
2021_12_28 12:14:03   STD Object : (FNC_PROC) Started ...
2021_12_28 12:14:03   STD Object : (FNC_PROC) Completed ...
2021_12_28 12:14:03   STD Object : (FNC_STEP) Started ...
2021_12_28 12:14:03   STD Object : (FNC_STEP) Completed ...
2021_12_28 12:14:03   STD Object : (FNC_SYSTEM) Started ...
2021_12_28 12:14:03   STD Object : (FNC_SYSTEM) Completed ...
2021_12_28 12:14:03   STD Object : (FNC_VAC_VLV_CTRL) Started ...
2021_12_28 12:14:03   STD Object : (FNC_VAC_VLV_CTRL) Completed ...
2021_12_28 12:14:03   STD Object : (MNG_AUTO_PM) Started ...
2021_12_28 12:14:03   STD Object : (MNG_AUTO_PM) Completed ...
2021_12_28 12:14:03   STD Object : (MNG_GAUGE_CHECK) Started ...
2021_12_28 12:14:03   STD Object : (MNG_GAUGE_CHECK) Completed ...
2021_12_28 12:14:03   STD Object : (MNG_MFC_FLOW) Started ...
2021_12_28 12:14:03   STD Object : (MNG_MFC_FLOW) Completed ...
2021_12_28 12:14:03   STD Object : (MNG_RF_CHECK) Started ...
2021_12_28 12:14:03   STD Object : (MNG_RF_CHECK) Completed ...
2021_12_28 12:14:03   STD Object : (MNG_VAT_CONDUCTANCE) Started ...
2021_12_28 12:14:03   STD Object : (MNG_VAT_CONDUCTANCE) Completed ...
2021_12_28 12:14:03   STD Object : (MNT_PROCESS) Started ...
2021_12_28 12:14:03   STD Object : (MNT_PROCESS) Completed ...
2021_12_28 12:14:03   STD Object : (OPR_PMC) Started ...
2021_12_28 12:14:03   STD Object : (OPR_PMC) Completed ...
2021_12_28 12:14:03   STD Object : (PAGE_CHM) Started ...
2021_12_28 12:14:03   STD Object : (PAGE_CHM) Completed ...
2021_12_28 12:14:03   STD Object : (PAGE_SYSTEM_INIT) Started ...
2021_12_28 12:14:03   STD Object : (PAGE_SYSTEM_INIT) Completed ...
2021_12_28 12:14:03   STD Object : (PAGE_SYSTEM_MAINT) Started ...
2021_12_28 12:14:03   STD Object : (PAGE_SYSTEM_MAINT) Completed ...
2021_12_28 12:14:03   STD Object : (PHY_CHM_IO) Started ...
2021_12_28 12:14:03   STD Object : (PHY_CHM_IO) Completed ...
2021_12_28 12:14:03   STD Object : (PHY_DRY) Started ...
2021_12_28 12:14:03   STD Object : (PHY_DRY) Completed ...
2021_12_28 12:14:03   STD Object : (PHY_ESC) Started ...
2021_12_28 12:14:03   STD Object : (PHY_ESC) Completed ...
2021_12_28 12:14:03   STD Object : (PHY_GAS_VLV) Started ...
2021_12_28 12:14:03   STD Object : (PHY_GAS_VLV) Completed ...
2021_12_28 12:14:03   STD Object : (PHY_HTR_CHUCK) Started ...
2021_12_28 12:14:03   STD Object : (PHY_HTR_CHUCK) Completed ...
2021_12_28 12:14:03   STD Object : (PHY_HTR_EXH) Started ...
2021_12_28 12:14:03   STD Object : (PHY_HTR_EXH) Completed ...
2021_12_28 12:14:03   STD Object : (PHY_HTR_VAC) Started ...
2021_12_28 12:14:03   STD Object : (PHY_HTR_VAC) Completed ...
2021_12_28 12:14:03   STD Object : (PHY_HTR_WALL) Started ...
2021_12_28 12:14:03   STD Object : (PHY_HTR_WALL) Completed ...
2021_12_28 12:14:03   STD Object : (PHY_LIFT_PIN) Started ...
2021_12_28 12:14:03   STD Object : (PHY_LIFT_PIN) Completed ...
2021_12_28 12:14:03   STD Object : (PHY_MFC1) Started ...
2021_12_28 12:14:03   STD Object : (PHY_MFC1) Completed ...
2021_12_28 12:14:03   STD Object : (PHY_MFC2) Started ...
2021_12_28 12:14:03   STD Object : (PHY_MFC2) Completed ...
2021_12_28 12:14:03   STD Object : (PHY_MFC3) Started ...
2021_12_28 12:14:03   STD Object : (PHY_MFC3) Completed ...
2021_12_28 12:14:03   STD Object : (PHY_MFC4) Started ...
2021_12_28 12:14:03   STD Object : (PHY_MFC4) Completed ...
2021_12_28 12:14:03   STD Object : (PHY_MFC5) Started ...
2021_12_28 12:14:03   STD Object : (PHY_MFC5) Completed ...
2021_12_28 12:14:03   STD Object : (PHY_MFC6) Started ...
2021_12_28 12:14:03   STD Object : (PHY_MFC6) Completed ...
2021_12_28 12:14:03   STD Object : (PHY_MFC7) Started ...
2021_12_28 12:14:03   STD Object : (PHY_MFC7) Completed ...
2021_12_28 12:14:03   STD Object : (PHY_MFC8) Started ...
2021_12_28 12:14:03   STD Object : (PHY_MFC8) Completed ...
2021_12_28 12:14:03   STD Object : (PHY_MFC9) Started ...
2021_12_28 12:14:03   STD Object : (PHY_MFC9) Completed ...
2021_12_28 12:14:03   STD Object : (PHY_PM_SLOT) Started ...
2021_12_28 12:14:03   STD Object : (PHY_PM_SLOT) Completed ...
2021_12_28 12:14:03   STD Object : (PHY_PT) Started ...
2021_12_28 12:14:03   STD Object : (PHY_PT) Completed ...
2021_12_28 12:14:03   STD Object : (PHY_RF_BIAS) Started ...
2021_12_28 12:14:03   STD Object : (PHY_RF_BIAS) Completed ...
2021_12_28 12:14:03   STD Object : (PHY_RF_SRC) Started ...
2021_12_28 12:14:03   STD Object : (PHY_RF_SRC) Completed ...
2021_12_28 12:14:03   STD Object : (PHY_TMP) Started ...
2021_12_28 12:14:03   STD Object : (PHY_TMP) Completed ...
2021_12_28 12:14:03   STD Object : (PHY_VAC_VLV) Started ...
2021_12_28 12:14:03   STD Object : (PHY_VAC_VLV) Completed ...
2021_12_28 12:14:03   STD Object : (PHY_VAT) Started ...
2021_12_28 12:14:03   STD Object : (PHY_VAT) Completed ...
2021_12_28 12:14:03   IO Object : (IO) Started ...
2021_12_28 12:14:03   IO Object : (IO) Completed ...
2021_12_28 12:14:03   IO Object : (PHY_IO__ESC) Started ...
2021_12_28 12:14:03   IO Object : (PHY_IO__ESC) Completed ...
2021_12_28 12:14:03   IO Object : (PHY_IO__MATCHER) Started ...
2021_12_28 12:14:03   IO Object : (PHY_IO__MATCHER) Completed ...
2021_12_28 12:14:03   IO Object : (PHY_IO__RF_BIAS) Started ...
2021_12_28 12:14:03   IO Object : (PHY_IO__RF_BIAS) Completed ...
2021_12_28 12:14:03   IO Object : (PHY_IO__RF_SRC) Started ...
2021_12_28 12:14:03   IO Object : (PHY_IO__RF_SRC) Completed ...
2021_12_28 12:14:03   IO Object : (PHY_IO__TMP) Started ...
2021_12_28 12:14:03   IO Object : (PHY_IO__TMP) Completed ...
2021_12_28 12:14:03   Completed ...
2021_12_28 12:14:03   Start : mMNG__ALARM_DB.Upload__LEVEL()
2021_12_28 12:14:03   Completed ...
2021_12_28 12:14:03   Start : mRES__OBJECT_DB.Upload__LOOKUP_TABLE()
2021_12_28 12:14:03   Completed ...
2021_12_28 12:14:03   Start : mRES__OBJECT_DB.Upload__OBJECT_OPTION()
2021_12_28 12:14:04   Completed ...
2021_12_28 12:14:04   Start : mRES__OBJECT_PROPERTY.Init__OBJ_PROPERTY()
2021_12_28 12:14:04      Property_Info__Memory_Check : -1
2021_12_28 12:14:04   Completed ...
2021_12_28 12:14:04   Start : mRES__OBJECT_DB.Analysis__OBJ_MODULE()
2021_12_28 12:14:04   Completed ...
2021_12_28 12:14:04   Start : mRES__OBJECT_DB.Analysis__OBJ_VERSION()
2021_12_28 12:14:04   Completed ...
2021_12_28 12:14:04   Start : mRES__OBJECT_DB.Upload__OBJECT_DATALOG_CHANNEL()
2021_12_28 12:14:04   Completed ...
2021_12_28 12:14:04   Start : mRES__SEQ_IP.Upload__SEQ_INFO()
2021_12_28 12:14:04   Completed ...
2021_12_28 12:14:04   Start : mRES__CFG_PAGE.Upload__PAGE_INFO()
2021_12_28 12:14:04   Completed ...
2021_12_28 12:14:04   Start : mRES__OBJECT_DB.Initialize__OBJECT()
2021_12_28 12:14:04   Completed ...
2021_12_28 12:14:04   Start : mRES__OBJECT_DB.Analysis__OBJ_LIST()
2021_12_28 12:14:04   Completed ...
2021_12_28 12:14:04   Start : mRES__OBJECT_PROPERTY.Check_ERROR__OBJ_PROPERTY()
2021_12_28 12:14:04   Completed ...
2021_12_28 12:14:04   Start : mRES__ALARM_DB.Change__DB()
2021_12_28 12:14:04   Completed ...
2021_12_28 12:14:04   Start : mRES__OBJECT_DB.Initialize__PROC()
2021_12_28 12:14:04   Completed ...
2021_12_28 12:14:04   Start : mUserID_CTRL.Upload()
2021_12_28 12:14:04   Completed ...
2021_12_28 12:14:04   Start : mRES__OBJECT_DB.Report__MODULE_INFO()
2021_12_28 12:14:04   Completed ...
2021_12_28 12:14:04   Start : net_ctrl->Start__NET()
2021_12_28 12:14:05   Completed ...
2021_12_28 12:14:05   Start : mRES__FA.Start__FA()
2021_12_28 12:14:05   Completed ...
2021_12_28 12:14:05   Start : mRES__OBJECT_DB.Start__OBJECT()
2021_12_28 12:14:05   Completed ...
