
<<<----  [OUT]
2021/11/02 14:00:12:502

I can't connect with the passive [192.168.100.113/5000] error_code:10060 !

<<<----  [OUT]
2021/11/02 14:00:14:984

Connecting Started...

<<<----  [OUT]
2021/11/02 14:00:35:986

I can't connect with the passive [192.168.100.113/5000] error_code:10060 !

<<<----  [OUT]
2021/11/02 14:00:38:469

Connecting Started...

<<<----  [OUT]
2021/11/02 14:00:59:471

I can't connect with the passive [192.168.100.113/5000] error_code:10060 !

<<<----  [OUT]
2021/11/02 14:01:01:953

Connecting Started...

<<<----  [OUT]
2021/11/02 14:01:22:960

I can't connect with the passive [192.168.100.113/5000] error_code:10060 !

<<<----  [OUT]
2021/11/02 14:01:25:438

Connecting Started...

<<<----  [OUT]
2021/11/02 14:01:46:441

I can't connect with the passive [192.168.100.113/5000] error_code:10060 !

<<<----  [OUT]
2021/11/02 14:01:48:922

Connecting Started...

<<<----  [OUT]
2021/11/02 14:02:09:923

I can't connect with the passive [192.168.100.113/5000] error_code:10060 !

<<<----  [OUT]
2021/11/02 14:02:12:407

Connecting Started...

<<<----  [OUT]
2021/11/02 14:02:33:410

I can't connect with the passive [192.168.100.113/5000] error_code:10060 !

<<<----  [OUT]
2021/11/02 14:02:35:891

Connecting Started...

<<<----  [OUT]
2021/11/02 14:02:56:894

I can't connect with the passive [192.168.100.113/5000] error_code:10060 !

<<<----  [OUT]
2021/11/02 14:02:59:376

Connecting Started...

<<<----  [OUT]
2021/11/02 14:03:20:378

I can't connect with the passive [192.168.100.113/5000] error_code:10060 !

<<<----  [OUT]
2021/11/02 14:03:22:859

Connecting Started...

<<<----  [OUT]
2021/11/02 14:03:40:692

I can't connect with the passive [192.168.100.113/5000] error_code:10053 !

<<<----  [OUT]
2021/11/02 14:03:43:171

Connecting Started...

<<<----  [OUT]
2021/11/02 14:04:04:176

I can't connect with the passive [192.168.100.113/5000] error_code:10060 !

<<<----  [OUT]
2021/11/02 14:04:06:658

Connecting Started...

<<<----  [OUT]
2021/11/02 14:04:27:658

I can't connect with the passive [192.168.100.113/5000] error_code:10060 !

<<<----  [OUT]
2021/11/02 14:04:30:141

Connecting Started...

<<<----  [OUT]
2021/11/02 14:04:51:146

I can't connect with the passive [192.168.100.113/5000] error_code:10060 !

<<<----  [OUT]
2021/11/02 14:04:53:626

Connecting Started...

<<<----  [OUT]
2021/11/02 14:05:14:628

I can't connect with the passive [192.168.100.113/5000] error_code:10060 !

<<<----  [OUT]
2021/11/02 14:05:17:110

Connecting Started...

<<<----  [OUT]
2021/11/02 14:05:38:113

I can't connect with the passive [192.168.100.113/5000] error_code:10060 !

<<<----  [OUT]
2021/11/02 14:05:40:594

Connecting Started...

<<<----  [OUT]
2021/11/02 14:06:01:595

I can't connect with the passive [192.168.100.113/5000] error_code:10060 !

<<<----  [OUT]
2021/11/02 14:06:04:079

Connecting Started...

<<<----  [OUT]
2021/11/02 14:06:25:083

I can't connect with the passive [192.168.100.113/5000] error_code:10060 !

<<<----  [OUT]
2021/11/02 14:06:27:563

Connecting Started...

<<<----  [OUT]
2021/11/02 14:06:48:565

I can't connect with the passive [192.168.100.113/5000] error_code:10060 !

<<<----  [OUT]
2021/11/02 14:06:51:047

Connecting Started...

<<<----  [OUT]
2021/11/02 14:07:12:051

I can't connect with the passive [192.168.100.113/5000] error_code:10060 !

<<<----  [OUT]
2021/11/02 14:07:14:531

Connecting Started...

<<<----  [OUT]
2021/11/02 14:07:35:535

I can't connect with the passive [192.168.100.113/5000] error_code:10060 !

<<<----  [OUT]
2021/11/02 14:07:38:016

Connecting Started...

<<<----  [OUT]
2021/11/02 14:07:59:021

I can't connect with the passive [192.168.100.113/5000] error_code:10060 !

<<<----  [OUT]
2021/11/02 14:08:01:500

Connecting Started...

<<<----  [OUT]
2021/11/02 14:08:22:506

I can't connect with the passive [192.168.100.113/5000] error_code:10060 !

<<<----  [OUT]
2021/11/02 14:08:24:984

Connecting Started...

<<<----  [OUT]
2021/11/02 14:08:45:990

I can't connect with the passive [192.168.100.113/5000] error_code:10060 !

<<<----  [OUT]
2021/11/02 14:08:48:468

Connecting Started...

<<<----  [OUT]
2021/11/02 14:09:09:470

I can't connect with the passive [192.168.100.113/5000] error_code:10060 !

<<<----  [OUT]
2021/11/02 14:09:11:954

Connecting Started...

<<<----  [OUT]
2021/11/02 14:09:32:957

I can't connect with the passive [192.168.100.113/5000] error_code:10060 !

<<<----  [OUT]
2021/11/02 14:09:35:437

Connecting Started...

<<<----  [OUT]
2021/11/02 14:09:56:441

I can't connect with the passive [192.168.100.113/5000] error_code:10060 !

<<<----  [OUT]
2021/11/02 14:09:58:922

Connecting Started...

<<<----  [OUT]
2021/11/02 14:10:19:922

I can't connect with the passive [192.168.100.113/5000] error_code:10060 !

<<<----  [OUT]
2021/11/02 14:10:22:406

Connecting Started...

<<<----  [OUT]
2021/11/02 14:10:43:410

I can't connect with the passive [192.168.100.113/5000] error_code:10060 !

<<<----  [OUT]
2021/11/02 14:10:45:890

Connecting Started...

<<<----  [OUT]
2021/11/02 14:11:06:894

I can't connect with the passive [192.168.100.113/5000] error_code:10060 !

<<<----  [OUT]
2021/11/02 14:11:09:376

Connecting Started...

<<<----  [OUT]
2021/11/02 14:11:30:378

I can't connect with the passive [192.168.100.113/5000] error_code:10060 !

<<<----  [OUT]
2021/11/02 14:11:32:860

Connecting Started...

<<<----  [OUT]
2021/11/02 14:11:53:863

I can't connect with the passive [192.168.100.113/5000] error_code:10060 !

<<<----  [OUT]
2021/11/02 14:11:56:343

Connecting Started...

<<<----  [OUT]
2021/11/02 14:12:17:346

I can't connect with the passive [192.168.100.113/5000] error_code:10060 !

<<<----  [OUT]
2021/11/02 14:12:19:829

Connecting Started...

<<<----  [OUT]
2021/11/02 14:12:40:831

I can't connect with the passive [192.168.100.113/5000] error_code:10060 !

<<<----  [OUT]
2021/11/02 14:12:43:312

Connecting Started...

<<<----  [OUT]
2021/11/02 14:13:04:318

I can't connect with the passive [192.168.100.113/5000] error_code:10060 !

<<<----  [OUT]
2021/11/02 14:13:06:796

Connecting Started...

<<<----  [OUT]
2021/11/02 14:13:27:798

I can't connect with the passive [192.168.100.113/5000] error_code:10060 !

<<<----  [OUT]
2021/11/02 14:13:30:281

Connecting Started...

<<<----  [OUT]
2021/11/02 14:13:51:283

I can't connect with the passive [192.168.100.113/5000] error_code:10060 !

<<<----  [OUT]
2021/11/02 14:13:53:766

Connecting Started...

<<<----  [OUT]
2021/11/02 14:14:14:771

I can't connect with the passive [192.168.100.113/5000] error_code:10060 !

<<<----  [OUT]
2021/11/02 14:14:17:260

Connecting Started...

<<<----  [OUT]
2021/11/02 14:21:01:179

---------------------------------------------------------------------
// FA : Start Log ...


<<<----  [OUT]
2021/11/02 14:21:01:193

//-------------------------------------------------------------
Property Information

   Driver Type [HSMS]
   Driver Mode [ACTIVE]
   IP    [192.168.100.113]
   Port  [5000]
//-------------------------------------------------------------


<<<----  [OUT]
2021/11/02 14:21:01:795

Auto-Start Started ... (Active)

<<<----  [OUT]
2021/11/02 14:21:01:886

Auto-Start Started ...  Waiting Stop-Connection.

<<<----  [OUT]
2021/11/02 14:21:01:886

Auto-Start Started ...  Waiting Open-Socket.

<<<----  [OUT]
2021/11/02 14:21:01:907

Socket Open Started...

<<<----  [OUT]
2021/11/02 14:21:01:907

Socket Open Completed...

<<<----  [OUT]
2021/11/02 14:21:01:907

Connecting Started...

<<<----  [OUT]
2021/11/02 14:21:01:976

Auto-Start Completed ...  (Active)

<<<----  [OUT]
2021/11/02 14:21:22:910

I can't connect with the passive [192.168.100.113/5000] error_code:10060 !

<<<----  [OUT]
2021/11/02 14:21:25:392

Connecting Started...

<<<----  [OUT]
2021/11/02 14:21:46:397

I can't connect with the passive [192.168.100.113/5000] error_code:10060 !

<<<----  [OUT]
2021/11/02 14:21:48:875

Connecting Started...

<<<----  [OUT]
2021/11/02 14:22:09:880

I can't connect with the passive [192.168.100.113/5000] error_code:10060 !

<<<----  [OUT]
2021/11/02 14:22:12:359

Connecting Started...

<<<----  [OUT]
2021/11/02 14:22:33:362

I can't connect with the passive [192.168.100.113/5000] error_code:10060 !

<<<----  [OUT]
2021/11/02 14:22:35:844

Connecting Started...

<<<----  [OUT]
2021/11/02 14:22:56:849

I can't connect with the passive [192.168.100.113/5000] error_code:10060 !

<<<----  [OUT]
2021/11/02 14:22:59:329

Connecting Started...

<<<----  [OUT]
2021/11/02 14:23:20:333

I can't connect with the passive [192.168.100.113/5000] error_code:10060 !

<<<----  [OUT]
2021/11/02 14:23:22:812

Connecting Started...

<<<----  [OUT]
2021/11/02 14:23:43:816

I can't connect with the passive [192.168.100.113/5000] error_code:10060 !

<<<----  [OUT]
2021/11/02 14:23:46:299

Connecting Started...

<<<----  [OUT]
2021/11/02 14:24:07:303

I can't connect with the passive [192.168.100.113/5000] error_code:10060 !

<<<----  [OUT]
2021/11/02 14:24:09:781

Connecting Started...

<<<----  [OUT]
2021/11/02 14:24:30:784

I can't connect with the passive [192.168.100.113/5000] error_code:10060 !

<<<----  [OUT]
2021/11/02 14:24:33:266

Connecting Started...

<<<----  [OUT]
2021/11/02 14:24:54:267

I can't connect with the passive [192.168.100.113/5000] error_code:10060 !

<<<----  [OUT]
2021/11/02 14:24:56:751

Connecting Started...

<<<----  [OUT]
2021/11/02 14:25:17:758

I can't connect with the passive [192.168.100.113/5000] error_code:10060 !

<<<----  [OUT]
2021/11/02 14:25:20:235

Connecting Started...

<<<----  [OUT]
2021/11/02 14:25:41:235

I can't connect with the passive [192.168.100.113/5000] error_code:10060 !

<<<----  [OUT]
2021/11/02 14:25:43:720

Connecting Started...

<<<----  [OUT]
2021/11/02 14:26:04:723

I can't connect with the passive [192.168.100.113/5000] error_code:10060 !

<<<----  [OUT]
2021/11/02 14:26:07:204

Connecting Started...

<<<----  [OUT]
2021/11/02 14:26:28:206

I can't connect with the passive [192.168.100.113/5000] error_code:10060 !

<<<----  [OUT]
2021/11/02 14:26:30:687

Connecting Started...

<<<----  [OUT]
2021/11/02 14:26:51:690

I can't connect with the passive [192.168.100.113/5000] error_code:10060 !

<<<----  [OUT]
2021/11/02 14:26:54:171

Connecting Started...

<<<----  [OUT]
2021/11/02 14:27:15:174

I can't connect with the passive [192.168.100.113/5000] error_code:10060 !

<<<----  [OUT]
2021/11/02 14:27:17:656

Connecting Started...

<<<----  [OUT]
2021/11/02 14:27:38:659

I can't connect with the passive [192.168.100.113/5000] error_code:10060 !

<<<----  [OUT]
2021/11/02 14:27:41:141

Connecting Started...

<<<----  [OUT]
2021/11/02 14:28:02:149

I can't connect with the passive [192.168.100.113/5000] error_code:10060 !

<<<----  [OUT]
2021/11/02 14:28:04:625

Connecting Started...

<<<----  [OUT]
2021/11/02 14:28:25:628

I can't connect with the passive [192.168.100.113/5000] error_code:10060 !

<<<----  [OUT]
2021/11/02 14:28:28:109

Connecting Started...

<<<----  [OUT]
2021/11/02 14:28:49:112

I can't connect with the passive [192.168.100.113/5000] error_code:10060 !

<<<----  [OUT]
2021/11/02 14:28:51:595

Connecting Started...

<<<----  [OUT]
2021/11/02 14:29:12:596

I can't connect with the passive [192.168.100.113/5000] error_code:10060 !

<<<----  [OUT]
2021/11/02 14:29:15:078

Connecting Started...

<<<----  [OUT]
2021/11/02 14:29:36:081

I can't connect with the passive [192.168.100.113/5000] error_code:10060 !

<<<----  [OUT]
2021/11/02 14:29:38:563

Connecting Started...

<<<----  [OUT]
2021/11/02 14:29:59:565

I can't connect with the passive [192.168.100.113/5000] error_code:10060 !

<<<----  [OUT]
2021/11/02 14:30:02:048

Connecting Started...

<<<----  [OUT]
2021/11/02 14:30:23:051

I can't connect with the passive [192.168.100.113/5000] error_code:10060 !

<<<----  [OUT]
2021/11/02 14:30:25:532

Connecting Started...

<<<----  [OUT]
2021/11/02 14:30:46:535

I can't connect with the passive [192.168.100.113/5000] error_code:10060 !

<<<----  [OUT]
2021/11/02 14:30:49:015

Connecting Started...

<<<----  [OUT]
2021/11/02 14:31:10:019

I can't connect with the passive [192.168.100.113/5000] error_code:10060 !

<<<----  [OUT]
2021/11/02 14:31:12:500

Connecting Started...

<<<----  [OUT]
2021/11/02 14:31:33:504

I can't connect with the passive [192.168.100.113/5000] error_code:10060 !

<<<----  [OUT]
2021/11/02 14:31:35:984

Connecting Started...

<<<----  [OUT]
2021/11/02 14:31:56:986

I can't connect with the passive [192.168.100.113/5000] error_code:10060 !

<<<----  [OUT]
2021/11/02 14:31:59:470

Connecting Started...

<<<----  [OUT]
2021/11/02 14:32:20:473

I can't connect with the passive [192.168.100.113/5000] error_code:10060 !

<<<----  [OUT]
2021/11/02 14:32:22:953

Connecting Started...

<<<----  [OUT]
2021/11/02 14:32:43:958

I can't connect with the passive [192.168.100.113/5000] error_code:10060 !

<<<----  [OUT]
2021/11/02 14:32:46:437

Connecting Started...

<<<----  [OUT]
2021/11/02 14:33:07:438

I can't connect with the passive [192.168.100.113/5000] error_code:10060 !

<<<----  [OUT]
2021/11/02 14:33:09:923

Connecting Started...

<<<----  [OUT]
2021/11/02 14:33:30:924

I can't connect with the passive [192.168.100.113/5000] error_code:10060 !

<<<----  [OUT]
2021/11/02 14:33:33:406

Connecting Started...

<<<----  [OUT]
2021/11/02 14:33:54:410

I can't connect with the passive [192.168.100.113/5000] error_code:10060 !

<<<----  [OUT]
2021/11/02 14:33:56:892

Connecting Started...

<<<----  [OUT]
2021/11/02 14:34:17:894

I can't connect with the passive [192.168.100.113/5000] error_code:10060 !

<<<----  [OUT]
2021/11/02 14:34:20:376

Connecting Started...

<<<----  [OUT]
2021/11/02 14:34:41:379

I can't connect with the passive [192.168.100.113/5000] error_code:10060 !

<<<----  [OUT]
2021/11/02 14:34:43:860

Connecting Started...

<<<----  [OUT]
2021/11/02 14:35:04:864

I can't connect with the passive [192.168.100.113/5000] error_code:10060 !

<<<----  [OUT]
2021/11/02 14:35:07:343

Connecting Started...

<<<----  [OUT]
2021/11/02 14:35:28:347

I can't connect with the passive [192.168.100.113/5000] error_code:10060 !

<<<----  [OUT]
2021/11/02 14:35:30:829

Connecting Started...

<<<----  [OUT]
2021/11/02 14:35:51:830

I can't connect with the passive [192.168.100.113/5000] error_code:10060 !

<<<----  [OUT]
2021/11/02 14:35:54:313

Connecting Started...

<<<----  [OUT]
2021/11/02 14:36:15:317

I can't connect with the passive [192.168.100.113/5000] error_code:10060 !

<<<----  [OUT]
2021/11/02 14:36:17:798

Connecting Started...

<<<----  [OUT]
2021/11/02 14:36:38:801

I can't connect with the passive [192.168.100.113/5000] error_code:10060 !

<<<----  [OUT]
2021/11/02 14:36:41:281

Connecting Started...

<<<----  [OUT]
2021/11/02 14:37:02:282

I can't connect with the passive [192.168.100.113/5000] error_code:10060 !

<<<----  [OUT]
2021/11/02 14:37:04:764

Connecting Started...

<<<----  [OUT]
2021/11/02 14:37:25:765

I can't connect with the passive [192.168.100.113/5000] error_code:10060 !

<<<----  [OUT]
2021/11/02 14:37:28:250

Connecting Started...

<<<----  [OUT]
2021/11/02 14:37:49:253

I can't connect with the passive [192.168.100.113/5000] error_code:10060 !

<<<----  [OUT]
2021/11/02 14:37:51:734

Connecting Started...

<<<----  [OUT]
2021/11/02 14:38:12:737

I can't connect with the passive [192.168.100.113/5000] error_code:10060 !

<<<----  [OUT]
2021/11/02 14:38:15:219

Connecting Started...

<<<----  [OUT]
2021/11/02 14:38:36:222

I can't connect with the passive [192.168.100.113/5000] error_code:10060 !

<<<----  [OUT]
2021/11/02 14:38:38:703

Connecting Started...

<<<----  [OUT]
2021/11/02 14:38:59:706

I can't connect with the passive [192.168.100.113/5000] error_code:10060 !

<<<----  [OUT]
2021/11/02 14:39:02:188

Connecting Started...

<<<----  [OUT]
2021/11/02 14:39:23:191

I can't connect with the passive [192.168.100.113/5000] error_code:10060 !

<<<----  [OUT]
2021/11/02 14:39:25:673

Connecting Started...

<<<----  [OUT]
2021/11/02 14:39:46:677

I can't connect with the passive [192.168.100.113/5000] error_code:10060 !

<<<----  [OUT]
2021/11/02 14:39:49:157

Connecting Started...

<<<----  [OUT]
2021/11/02 14:40:10:158

I can't connect with the passive [192.168.100.113/5000] error_code:10060 !

<<<----  [OUT]
2021/11/02 14:40:12:641

Connecting Started...

<<<----  [OUT]
2021/11/02 14:40:33:645

I can't connect with the passive [192.168.100.113/5000] error_code:10060 !

<<<----  [OUT]
2021/11/02 14:40:36:124

Connecting Started...

<<<----  [OUT]
2021/11/02 14:40:57:126

I can't connect with the passive [192.168.100.113/5000] error_code:10060 !

<<<----  [OUT]
2021/11/02 14:40:59:610

Connecting Started...

<<<----  [OUT]
2021/11/02 14:41:20:610

I can't connect with the passive [192.168.100.113/5000] error_code:10060 !

<<<----  [OUT]
2021/11/02 14:41:23:094

Connecting Started...

<<<----  [OUT]
2021/11/02 14:41:44:100

I can't connect with the passive [192.168.100.113/5000] error_code:10060 !

<<<----  [OUT]
2021/11/02 14:41:46:579

Connecting Started...

<<<----  [OUT]
2021/11/02 14:42:07:584

I can't connect with the passive [192.168.100.113/5000] error_code:10060 !

<<<----  [OUT]
2021/11/02 14:42:10:062

Connecting Started...

<<<----  [OUT]
2021/11/02 14:42:31:064

I can't connect with the passive [192.168.100.113/5000] error_code:10060 !

<<<----  [OUT]
2021/11/02 14:42:33:547

Connecting Started...

<<<----  [OUT]
2021/11/02 14:42:54:552

I can't connect with the passive [192.168.100.113/5000] error_code:10060 !

<<<----  [OUT]
2021/11/02 14:42:57:031

Connecting Started...

<<<----  [OUT]
2021/11/02 14:43:18:034

I can't connect with the passive [192.168.100.113/5000] error_code:10060 !

<<<----  [OUT]
2021/11/02 14:43:20:515

Connecting Started...

<<<----  [OUT]
2021/11/02 14:43:41:517

I can't connect with the passive [192.168.100.113/5000] error_code:10060 !

<<<----  [OUT]
2021/11/02 14:43:44:001

Connecting Started...

<<<----  [OUT]
2021/11/02 14:44:05:006

I can't connect with the passive [192.168.100.113/5000] error_code:10060 !

<<<----  [OUT]
2021/11/02 14:44:07:484

Connecting Started...

<<<----  [OUT]
2021/11/02 14:44:28:490

I can't connect with the passive [192.168.100.113/5000] error_code:10060 !

<<<----  [OUT]
2021/11/02 14:44:30:970

Connecting Started...

<<<----  [OUT]
2021/11/02 14:44:51:973

I can't connect with the passive [192.168.100.113/5000] error_code:10060 !

<<<----  [OUT]
2021/11/02 14:44:54:453

Connecting Started...

<<<----  [OUT]
2021/11/02 14:45:15:453

I can't connect with the passive [192.168.100.113/5000] error_code:10060 !

<<<----  [OUT]
2021/11/02 14:45:17:939

Connecting Started...

<<<----  [OUT]
2021/11/02 14:45:38:942

I can't connect with the passive [192.168.100.113/5000] error_code:10060 !

<<<----  [OUT]
2021/11/02 14:45:41:423

Connecting Started...

<<<----  [OUT]
2021/11/02 14:46:02:428

I can't connect with the passive [192.168.100.113/5000] error_code:10060 !

<<<----  [OUT]
2021/11/02 14:46:04:906

Connecting Started...

<<<----  [OUT]
2021/11/02 14:46:25:907

I can't connect with the passive [192.168.100.113/5000] error_code:10060 !

<<<----  [OUT]
2021/11/02 14:46:28:392

Connecting Started...

<<<----  [OUT]
2021/11/02 14:46:49:395

I can't connect with the passive [192.168.100.113/5000] error_code:10060 !

<<<----  [OUT]
2021/11/02 14:46:51:875

Connecting Started...

<<<----  [OUT]
2021/11/02 14:47:12:878

I can't connect with the passive [192.168.100.113/5000] error_code:10060 !

<<<----  [OUT]
2021/11/02 14:47:15:360

Connecting Started...

<<<----  [OUT]
2021/11/02 14:47:36:364

I can't connect with the passive [192.168.100.113/5000] error_code:10060 !

<<<----  [OUT]
2021/11/02 14:47:38:844

Connecting Started...

<<<----  [OUT]
2021/11/02 14:47:59:849

I can't connect with the passive [192.168.100.113/5000] error_code:10060 !

<<<----  [OUT]
2021/11/02 14:48:02:329

Connecting Started...

<<<----  [OUT]
2021/11/02 14:48:23:334

I can't connect with the passive [192.168.100.113/5000] error_code:10060 !

<<<----  [OUT]
2021/11/02 14:48:25:813

Connecting Started...

<<<----  [OUT]
2021/11/02 14:48:46:819

I can't connect with the passive [192.168.100.113/5000] error_code:10060 !

<<<----  [OUT]
2021/11/02 14:48:49:298

Connecting Started...

<<<----  [OUT]
2021/11/02 14:49:10:299

I can't connect with the passive [192.168.100.113/5000] error_code:10060 !

<<<----  [OUT]
2021/11/02 14:49:12:781

Connecting Started...

<<<----  [OUT]
2021/11/02 14:49:33:785

I can't connect with the passive [192.168.100.113/5000] error_code:10060 !

<<<----  [OUT]
2021/11/02 14:49:36:265

Connecting Started...

<<<----  [OUT]
2021/11/02 14:49:57:270

I can't connect with the passive [192.168.100.113/5000] error_code:10060 !

<<<----  [OUT]
2021/11/02 14:49:59:751

Connecting Started...

<<<----  [OUT]
2021/11/02 14:50:20:753

I can't connect with the passive [192.168.100.113/5000] error_code:10060 !

<<<----  [OUT]
2021/11/02 14:50:23:235

Connecting Started...

<<<----  [OUT]
2021/11/02 14:50:44:236

I can't connect with the passive [192.168.100.113/5000] error_code:10060 !

<<<----  [OUT]
2021/11/02 14:50:46:718

Connecting Started...

<<<----  [OUT]
2021/11/02 14:51:07:721

I can't connect with the passive [192.168.100.113/5000] error_code:10060 !

<<<----  [OUT]
2021/11/02 14:51:10:204

Connecting Started...

<<<----  [OUT]
2021/11/02 14:51:31:206

I can't connect with the passive [192.168.100.113/5000] error_code:10060 !

<<<----  [OUT]
2021/11/02 14:51:33:687

Connecting Started...

<<<----  [OUT]
2021/11/02 14:51:54:689

I can't connect with the passive [192.168.100.113/5000] error_code:10060 !

<<<----  [OUT]
2021/11/02 14:51:57:171

Connecting Started...

<<<----  [OUT]
2021/11/02 14:52:18:174

I can't connect with the passive [192.168.100.113/5000] error_code:10060 !

<<<----  [OUT]
2021/11/02 14:52:20:656

Connecting Started...

<<<----  [OUT]
2021/11/02 14:52:41:662

I can't connect with the passive [192.168.100.113/5000] error_code:10060 !

<<<----  [OUT]
2021/11/02 14:52:44:141

Connecting Started...

<<<----  [OUT]
2021/11/02 14:53:05:146

I can't connect with the passive [192.168.100.113/5000] error_code:10060 !

<<<----  [OUT]
2021/11/02 14:53:07:626

Connecting Started...

<<<----  [OUT]
2021/11/02 14:53:28:628

I can't connect with the passive [192.168.100.113/5000] error_code:10060 !

<<<----  [OUT]
2021/11/02 14:53:31:110

Connecting Started...

<<<----  [OUT]
2021/11/02 14:53:52:115

I can't connect with the passive [192.168.100.113/5000] error_code:10060 !

<<<----  [OUT]
2021/11/02 14:53:54:595

Connecting Started...

<<<----  [OUT]
2021/11/02 14:54:15:598

I can't connect with the passive [192.168.100.113/5000] error_code:10060 !

<<<----  [OUT]
2021/11/02 14:54:18:078

Connecting Started...

<<<----  [OUT]
2021/11/02 14:54:39:084

I can't connect with the passive [192.168.100.113/5000] error_code:10060 !

<<<----  [OUT]
2021/11/02 14:54:41:562

Connecting Started...

<<<----  [OUT]
2021/11/02 14:55:02:563

I can't connect with the passive [192.168.100.113/5000] error_code:10060 !

<<<----  [OUT]
2021/11/02 14:55:05:047

Connecting Started...

<<<----  [OUT]
2021/11/02 14:55:26:049

I can't connect with the passive [192.168.100.113/5000] error_code:10060 !

<<<----  [OUT]
2021/11/02 14:55:28:532

Connecting Started...

<<<----  [OUT]
2021/11/02 14:55:49:532

I can't connect with the passive [192.168.100.113/5000] error_code:10060 !

<<<----  [OUT]
2021/11/02 14:55:52:016

Connecting Started...

<<<----  [OUT]
2021/11/02 14:56:13:021

I can't connect with the passive [192.168.100.113/5000] error_code:10060 !

<<<----  [OUT]
2021/11/02 14:56:15:500

Connecting Started...

<<<----  [OUT]
2021/11/02 14:56:36:508

I can't connect with the passive [192.168.100.113/5000] error_code:10060 !

<<<----  [OUT]
2021/11/02 14:56:38:985

Connecting Started...

<<<----  [OUT]
2021/11/02 14:56:59:991

I can't connect with the passive [192.168.100.113/5000] error_code:10060 !

<<<----  [OUT]
2021/11/02 14:57:02:468

Connecting Started...

<<<----  [OUT]
2021/11/02 14:57:23:472

I can't connect with the passive [192.168.100.113/5000] error_code:10060 !

<<<----  [OUT]
2021/11/02 14:57:25:952

Connecting Started...

<<<----  [OUT]
2021/11/02 14:57:46:956

I can't connect with the passive [192.168.100.113/5000] error_code:10060 !

<<<----  [OUT]
2021/11/02 14:57:49:439

Connecting Started...

<<<----  [OUT]
2021/11/02 14:58:10:443

I can't connect with the passive [192.168.100.113/5000] error_code:10060 !

<<<----  [OUT]
2021/11/02 14:58:12:922

Connecting Started...

<<<----  [OUT]
2021/11/02 14:58:33:927

I can't connect with the passive [192.168.100.113/5000] error_code:10060 !

<<<----  [OUT]
2021/11/02 14:58:36:408

Connecting Started...

<<<----  [OUT]
2021/11/02 14:58:57:409

I can't connect with the passive [192.168.100.113/5000] error_code:10060 !

<<<----  [OUT]
2021/11/02 14:58:59:892

Connecting Started...

<<<----  [OUT]
2021/11/02 14:59:20:894

I can't connect with the passive [192.168.100.113/5000] error_code:10060 !

<<<----  [OUT]
2021/11/02 14:59:23:376

Connecting Started...

<<<----  [OUT]
2021/11/02 14:59:40:231

I can't connect with the passive [192.168.100.113/5000] error_code:10053 !

<<<----  [OUT]
2021/11/02 14:59:42:719

Connecting Started...
