

//--------------------------------------------------------
// START

2022_02_09 00:51:32   System_Init() Start ...
 
2022_02_09 00:51:32   Directory Initialized ... 
2022_02_09 00:51:32   Unload System Info ... 
2022_02_09 00:51:32   Alarm Datalog : Start Program ... 
2022_02_09 00:51:33   Upload Sct List ... 
2022_02_09 00:51:33   PartI & PartII System Init ... 
2022_02_09 00:51:33   Alarm : Create Win & Show Win ... 
 
2022_02_09 00:51:33   Start : Create__Win_List 
2022_02_09 00:51:33   Create_Win() : EqpID0 <- Total_Page (77) 
2022_02_09 00:51:35   Create_Win() : EqpID1 <- Total_Page (45) 
2022_02_09 00:51:36   Create_Win() : EqpID5 <- Total_Page (61) 
2022_02_09 00:51:38   Create_Win() : EqpID7 <- Total_Page (73) 
2022_02_09 00:51:39   End : Create__Win_List 
 
2022_02_09 00:51:39   System_Init() Completed ...
 
2022_02_09 00:51:40   Proc__SYSTEM_INIT() : Start ... 
2022_02_09 00:51:59    * Module_ID(0) : Total_Page(77) 
2022_02_09 00:52:07    * Module_ID(1) : Total_Page(45) 
2022_02_09 00:52:14    * Module_ID(5) : Total_Page(61) 
2022_02_09 00:52:23    * Module_ID(7) : Total_Page(73) 
2022_02_09 00:52:23   Proc__SYSTEM_INIT() : End ... 
 
2022_02_09 00:52:23   Init_Screen() : Started (1) ... 
2022_02_09 00:52:32   Init_Screen() : Started (2) ... 
2022_02_09 00:52:32   Init_Screen() : Started (3) ... 
2022_02_09 00:52:32   
SUI__MODULE_CTRL::Init_Screen() 
   Device_Name : DEMO, EqpID : 0 

 
2022_02_09 00:52:32   
SUI__MODULE_CTRL::Init_Screen() 
   Device_Name : DEMO, EqpID : 1 

 
2022_02_09 00:52:32   
SUI__MODULE_CTRL::Init_Screen() 
   Device_Name : DEMO, EqpID : 5 

 
2022_02_09 00:52:32   
SUI__MODULE_CTRL::Init_Screen() 
   Device_Name : DEMO, EqpID : 7 

 
2022_02_09 00:52:32   Init_Screen() : Started (4) ... 
2022_02_09 00:52:32   Init_Screen() : Started (5) ... 
2022_02_09 00:52:32   Init_Screen() : Started (6) ... 
2022_02_09 00:52:32   Init_Screen() : Started (7) ... 
2022_02_09 00:52:32   Init_Screen() : Started (8) ... 
2022_02_09 00:52:32   Init_Screen() : Completed ... 
