
<<<----  [OUT]
2021/10/20 10:04:34:520

---------------------------------------------------------------------
// FA : Start Log ...


<<<----  [OUT]
2021/10/20 10:04:34:528

//-------------------------------------------------------------
Property Information

   Driver Type [HSMS]
   Driver Mode [ACTIVE]
   IP    [192.168.100.113]
   Port  [5000]
//-------------------------------------------------------------


<<<----  [OUT]
2021/10/20 10:04:35:130

Auto-Start Started ... (Active)

<<<----  [OUT]
2021/10/20 10:04:35:220

Auto-Start Started ...  Waiting Stop-Connection.

<<<----  [OUT]
2021/10/20 10:04:35:220

Auto-Start Started ...  Waiting Open-Socket.

<<<----  [OUT]
2021/10/20 10:04:35:246

Socket Open Started...

<<<----  [OUT]
2021/10/20 10:04:35:246

Socket Open Completed...

<<<----  [OUT]
2021/10/20 10:04:35:246

Connecting Started...

<<<----  [OUT]
2021/10/20 10:04:35:250

I can't connect with the passive [192.168.100.113/5000] error_code:10065 !

<<<----  [OUT]
2021/10/20 10:04:35:311

Auto-Start Completed ...  (Active)

<<<----  [OUT]
2021/10/20 10:04:37:729

Connecting Started...

<<<----  [OUT]
2021/10/20 10:04:37:729

I can't connect with the passive [192.168.100.113/5000] error_code:10065 !

<<<----  [OUT]
2021/10/20 10:04:40:214

Connecting Started...

<<<----  [OUT]
2021/10/20 10:04:40:214

I can't connect with the passive [192.168.100.113/5000] error_code:10065 !

<<<----  [OUT]
2021/10/20 10:04:42:699

Connecting Started...

<<<----  [OUT]
2021/10/20 10:04:42:699

I can't connect with the passive [192.168.100.113/5000] error_code:10065 !

<<<----  [OUT]
2021/10/20 10:04:45:183

Connecting Started...

<<<----  [OUT]
2021/10/20 10:04:45:183

I can't connect with the passive [192.168.100.113/5000] error_code:10065 !

<<<----  [OUT]
2021/10/20 10:04:47:668

Connecting Started...

<<<----  [OUT]
2021/10/20 10:04:47:668

I can't connect with the passive [192.168.100.113/5000] error_code:10065 !

<<<----  [OUT]
2021/10/20 10:04:50:152

Connecting Started...

<<<----  [OUT]
2021/10/20 10:04:50:152

I can't connect with the passive [192.168.100.113/5000] error_code:10065 !

<<<----  [OUT]
2021/10/20 10:04:52:636

Connecting Started...

<<<----  [OUT]
2021/10/20 10:04:52:636

I can't connect with the passive [192.168.100.113/5000] error_code:10065 !

<<<----  [OUT]
2021/10/20 10:04:55:121

Connecting Started...

<<<----  [OUT]
2021/10/20 10:04:55:121

I can't connect with the passive [192.168.100.113/5000] error_code:10065 !

<<<----  [OUT]
2021/10/20 10:04:57:604

Connecting Started...

<<<----  [OUT]
2021/10/20 10:04:57:604

I can't connect with the passive [192.168.100.113/5000] error_code:10065 !

<<<----  [OUT]
2021/10/20 10:05:00:089

Connecting Started...

<<<----  [OUT]
2021/10/20 10:05:00:089

I can't connect with the passive [192.168.100.113/5000] error_code:10065 !

<<<----  [OUT]
2021/10/20 10:05:02:574

Connecting Started...

<<<----  [OUT]
2021/10/20 10:05:02:574

I can't connect with the passive [192.168.100.113/5000] error_code:10065 !

<<<----  [OUT]
2021/10/20 10:05:05:059

Connecting Started...

<<<----  [OUT]
2021/10/20 10:05:05:059

I can't connect with the passive [192.168.100.113/5000] error_code:10065 !

<<<----  [OUT]
2021/10/20 10:05:07:543

Connecting Started...

<<<----  [OUT]
2021/10/20 10:05:07:543

I can't connect with the passive [192.168.100.113/5000] error_code:10065 !

<<<----  [OUT]
2021/10/20 10:05:10:026

Connecting Started...

<<<----  [OUT]
2021/10/20 10:05:10:026

I can't connect with the passive [192.168.100.113/5000] error_code:10065 !

<<<----  [OUT]
2021/10/20 10:05:12:510

Connecting Started...

<<<----  [OUT]
2021/10/20 10:05:12:510

I can't connect with the passive [192.168.100.113/5000] error_code:10065 !

<<<----  [OUT]
2021/10/20 10:05:14:995

Connecting Started...

<<<----  [OUT]
2021/10/20 10:05:14:995

I can't connect with the passive [192.168.100.113/5000] error_code:10065 !

<<<----  [OUT]
2021/10/20 10:05:17:480

Connecting Started...

<<<----  [OUT]
2021/10/20 10:05:17:480

I can't connect with the passive [192.168.100.113/5000] error_code:10065 !

<<<----  [OUT]
2021/10/20 10:05:19:964

Connecting Started...

<<<----  [OUT]
2021/10/20 10:05:19:964

I can't connect with the passive [192.168.100.113/5000] error_code:10065 !

<<<----  [OUT]
2021/10/20 10:05:22:449

Connecting Started...

<<<----  [OUT]
2021/10/20 10:05:22:449

I can't connect with the passive [192.168.100.113/5000] error_code:10065 !

<<<----  [OUT]
2021/10/20 10:05:24:934

Connecting Started...

<<<----  [OUT]
2021/10/20 10:05:24:934

I can't connect with the passive [192.168.100.113/5000] error_code:10065 !

<<<----  [OUT]
2021/10/20 10:05:27:418

Connecting Started...

<<<----  [OUT]
2021/10/20 10:05:27:418

I can't connect with the passive [192.168.100.113/5000] error_code:10065 !

<<<----  [OUT]
2021/10/20 10:05:29:901

Connecting Started...

<<<----  [OUT]
2021/10/20 10:05:29:901

I can't connect with the passive [192.168.100.113/5000] error_code:10065 !

<<<----  [OUT]
2021/10/20 10:05:32:387

Connecting Started...

<<<----  [OUT]
2021/10/20 10:05:32:387

I can't connect with the passive [192.168.100.113/5000] error_code:10065 !

<<<----  [OUT]
2021/10/20 10:05:34:870

Connecting Started...

<<<----  [OUT]
2021/10/20 10:05:34:870

I can't connect with the passive [192.168.100.113/5000] error_code:10065 !

<<<----  [OUT]
2021/10/20 10:05:37:354

Connecting Started...

<<<----  [OUT]
2021/10/20 10:05:37:354

I can't connect with the passive [192.168.100.113/5000] error_code:10065 !

<<<----  [OUT]
2021/10/20 10:05:39:840

Connecting Started...

<<<----  [OUT]
2021/10/20 10:05:39:840

I can't connect with the passive [192.168.100.113/5000] error_code:10065 !

<<<----  [OUT]
2021/10/20 10:05:42:323

Connecting Started...

<<<----  [OUT]
2021/10/20 10:05:42:323

I can't connect with the passive [192.168.100.113/5000] error_code:10065 !

<<<----  [OUT]
2021/10/20 10:05:44:808

Connecting Started...

<<<----  [OUT]
2021/10/20 10:05:44:808

I can't connect with the passive [192.168.100.113/5000] error_code:10065 !

<<<----  [OUT]
2021/10/20 10:05:47:292

Connecting Started...

<<<----  [OUT]
2021/10/20 10:05:47:292

I can't connect with the passive [192.168.100.113/5000] error_code:10065 !

<<<----  [OUT]
2021/10/20 10:05:49:777

Connecting Started...

<<<----  [OUT]
2021/10/20 10:05:49:777

I can't connect with the passive [192.168.100.113/5000] error_code:10065 !

<<<----  [OUT]
2021/10/20 10:05:52:261

Connecting Started...

<<<----  [OUT]
2021/10/20 10:05:52:261

I can't connect with the passive [192.168.100.113/5000] error_code:10065 !

<<<----  [OUT]
2021/10/20 10:05:54:746

Connecting Started...

<<<----  [OUT]
2021/10/20 10:05:54:746

I can't connect with the passive [192.168.100.113/5000] error_code:10065 !

<<<----  [OUT]
2021/10/20 10:05:57:229

Connecting Started...

<<<----  [OUT]
2021/10/20 10:05:57:229

I can't connect with the passive [192.168.100.113/5000] error_code:10065 !

<<<----  [OUT]
2021/10/20 10:05:59:713

Connecting Started...

<<<----  [OUT]
2021/10/20 10:05:59:713

I can't connect with the passive [192.168.100.113/5000] error_code:10065 !

<<<----  [OUT]
2021/10/20 10:06:02:198

Connecting Started...

<<<----  [OUT]
2021/10/20 10:06:02:198

I can't connect with the passive [192.168.100.113/5000] error_code:10065 !

<<<----  [OUT]
2021/10/20 10:06:04:683

Connecting Started...

<<<----  [OUT]
2021/10/20 10:06:04:683

I can't connect with the passive [192.168.100.113/5000] error_code:10065 !

<<<----  [OUT]
2021/10/20 10:06:07:166

Connecting Started...

<<<----  [OUT]
2021/10/20 10:06:07:166

I can't connect with the passive [192.168.100.113/5000] error_code:10065 !

<<<----  [OUT]
2021/10/20 10:06:09:651

Connecting Started...

<<<----  [OUT]
2021/10/20 10:06:09:651

I can't connect with the passive [192.168.100.113/5000] error_code:10065 !

<<<----  [OUT]
2021/10/20 10:06:12:137

Connecting Started...

<<<----  [OUT]
2021/10/20 10:06:12:137

I can't connect with the passive [192.168.100.113/5000] error_code:10065 !

<<<----  [OUT]
2021/10/20 10:06:14:620

Connecting Started...

<<<----  [OUT]
2021/10/20 10:06:14:620

I can't connect with the passive [192.168.100.113/5000] error_code:10065 !

<<<----  [OUT]
2021/10/20 10:06:17:106

Connecting Started...

<<<----  [OUT]
2021/10/20 10:06:17:106

I can't connect with the passive [192.168.100.113/5000] error_code:10065 !

<<<----  [OUT]
2021/10/20 10:06:19:590

Connecting Started...

<<<----  [OUT]
2021/10/20 10:06:19:590

I can't connect with the passive [192.168.100.113/5000] error_code:10065 !

<<<----  [OUT]
2021/10/20 10:06:22:073

Connecting Started...

<<<----  [OUT]
2021/10/20 10:06:22:073

I can't connect with the passive [192.168.100.113/5000] error_code:10065 !

<<<----  [OUT]
2021/10/20 10:06:24:557

Connecting Started...

<<<----  [OUT]
2021/10/20 10:06:24:557

I can't connect with the passive [192.168.100.113/5000] error_code:10065 !

<<<----  [OUT]
2021/10/20 10:06:27:043

Connecting Started...

<<<----  [OUT]
2021/10/20 10:06:27:043

I can't connect with the passive [192.168.100.113/5000] error_code:10065 !

<<<----  [OUT]
2021/10/20 10:06:29:527

Connecting Started...

<<<----  [OUT]
2021/10/20 10:06:29:527

I can't connect with the passive [192.168.100.113/5000] error_code:10065 !

<<<----  [OUT]
2021/10/20 10:06:32:010

Connecting Started...

<<<----  [OUT]
2021/10/20 10:06:32:010

I can't connect with the passive [192.168.100.113/5000] error_code:10065 !

<<<----  [OUT]
2021/10/20 10:06:34:494

Connecting Started...

<<<----  [OUT]
2021/10/20 10:06:34:494

I can't connect with the passive [192.168.100.113/5000] error_code:10065 !

<<<----  [OUT]
2021/10/20 10:06:36:980

Connecting Started...

<<<----  [OUT]
2021/10/20 10:06:36:980

I can't connect with the passive [192.168.100.113/5000] error_code:10065 !

<<<----  [OUT]
2021/10/20 10:06:39:464

Connecting Started...

<<<----  [OUT]
2021/10/20 10:06:39:464

I can't connect with the passive [192.168.100.113/5000] error_code:10065 !

<<<----  [OUT]
2021/10/20 10:06:41:948

Connecting Started...

<<<----  [OUT]
2021/10/20 10:06:41:948

I can't connect with the passive [192.168.100.113/5000] error_code:10065 !

<<<----  [OUT]
2021/10/20 10:06:44:432

Connecting Started...

<<<----  [OUT]
2021/10/20 10:06:44:432

I can't connect with the passive [192.168.100.113/5000] error_code:10065 !

<<<----  [OUT]
2021/10/20 10:06:46:918

Connecting Started...

<<<----  [OUT]
2021/10/20 10:06:46:918

I can't connect with the passive [192.168.100.113/5000] error_code:10065 !

<<<----  [OUT]
2021/10/20 10:06:49:402

Connecting Started...

<<<----  [OUT]
2021/10/20 10:06:49:402

I can't connect with the passive [192.168.100.113/5000] error_code:10065 !

<<<----  [OUT]
2021/10/20 10:06:51:887

Connecting Started...

<<<----  [OUT]
2021/10/20 10:06:51:887

I can't connect with the passive [192.168.100.113/5000] error_code:10065 !

<<<----  [OUT]
2021/10/20 10:06:54:370

Connecting Started...

<<<----  [OUT]
2021/10/20 10:06:54:370

I can't connect with the passive [192.168.100.113/5000] error_code:10065 !

<<<----  [OUT]
2021/10/20 10:06:56:855

Connecting Started...

<<<----  [OUT]
2021/10/20 10:06:56:855

I can't connect with the passive [192.168.100.113/5000] error_code:10065 !

<<<----  [OUT]
2021/10/20 10:06:59:338

Connecting Started...

<<<----  [OUT]
2021/10/20 10:06:59:338

I can't connect with the passive [192.168.100.113/5000] error_code:10065 !

<<<----  [OUT]
2021/10/20 10:07:01:824

Connecting Started...

<<<----  [OUT]
2021/10/20 10:07:01:824

I can't connect with the passive [192.168.100.113/5000] error_code:10065 !

<<<----  [OUT]
2021/10/20 10:07:04:308

Connecting Started...

<<<----  [OUT]
2021/10/20 10:07:04:308

I can't connect with the passive [192.168.100.113/5000] error_code:10065 !

<<<----  [OUT]
2021/10/20 10:07:06:793

Connecting Started...

<<<----  [OUT]
2021/10/20 10:07:06:793

I can't connect with the passive [192.168.100.113/5000] error_code:10065 !

<<<----  [OUT]
2021/10/20 10:07:09:277

Connecting Started...

<<<----  [OUT]
2021/10/20 10:07:09:277

I can't connect with the passive [192.168.100.113/5000] error_code:10065 !

<<<----  [OUT]
2021/10/20 10:07:11:760

Connecting Started...

<<<----  [OUT]
2021/10/20 10:07:11:760

I can't connect with the passive [192.168.100.113/5000] error_code:10065 !

<<<----  [OUT]
2021/10/20 10:07:14:245

Connecting Started...

<<<----  [OUT]
2021/10/20 10:07:14:245

I can't connect with the passive [192.168.100.113/5000] error_code:10065 !

<<<----  [OUT]
2021/10/20 10:07:16:730

Connecting Started...

<<<----  [OUT]
2021/10/20 10:07:16:730

I can't connect with the passive [192.168.100.113/5000] error_code:10065 !

<<<----  [OUT]
2021/10/20 10:07:19:214

Connecting Started...

<<<----  [OUT]
2021/10/20 10:07:19:214

I can't connect with the passive [192.168.100.113/5000] error_code:10065 !

<<<----  [OUT]
2021/10/20 10:07:21:698

Connecting Started...

<<<----  [OUT]
2021/10/20 10:07:21:698

I can't connect with the passive [192.168.100.113/5000] error_code:10065 !

<<<----  [OUT]
2021/10/20 10:07:24:183

Connecting Started...

<<<----  [OUT]
2021/10/20 10:07:24:183

I can't connect with the passive [192.168.100.113/5000] error_code:10065 !

<<<----  [OUT]
2021/10/20 10:07:26:667

Connecting Started...

<<<----  [OUT]
2021/10/20 10:07:26:667

I can't connect with the passive [192.168.100.113/5000] error_code:10065 !

<<<----  [OUT]
2021/10/20 10:07:29:151

Connecting Started...

<<<----  [OUT]
2021/10/20 10:07:29:152

I can't connect with the passive [192.168.100.113/5000] error_code:10065 !

<<<----  [OUT]
2021/10/20 10:07:31:637

Connecting Started...

<<<----  [OUT]
2021/10/20 10:07:31:637

I can't connect with the passive [192.168.100.113/5000] error_code:10065 !

<<<----  [OUT]
2021/10/20 10:07:34:120

Connecting Started...

<<<----  [OUT]
2021/10/20 10:07:34:120

I can't connect with the passive [192.168.100.113/5000] error_code:10065 !

<<<----  [OUT]
2021/10/20 10:07:36:604

Connecting Started...

<<<----  [OUT]
2021/10/20 10:07:36:604

I can't connect with the passive [192.168.100.113/5000] error_code:10065 !

<<<----  [OUT]
2021/10/20 10:07:39:090

Connecting Started...

<<<----  [OUT]
2021/10/20 10:07:39:090

I can't connect with the passive [192.168.100.113/5000] error_code:10065 !

<<<----  [OUT]
2021/10/20 10:07:41:574

Connecting Started...

<<<----  [OUT]
2021/10/20 10:07:41:574

I can't connect with the passive [192.168.100.113/5000] error_code:10065 !

<<<----  [OUT]
2021/10/20 10:07:44:058

Connecting Started...

<<<----  [OUT]
2021/10/20 10:07:44:058

I can't connect with the passive [192.168.100.113/5000] error_code:10065 !

<<<----  [OUT]
2021/10/20 10:07:46:543

Connecting Started...

<<<----  [OUT]
2021/10/20 10:07:46:543

I can't connect with the passive [192.168.100.113/5000] error_code:10065 !

<<<----  [OUT]
2021/10/20 10:07:49:026

Connecting Started...

<<<----  [OUT]
2021/10/20 10:07:49:026

I can't connect with the passive [192.168.100.113/5000] error_code:10065 !

<<<----  [OUT]
2021/10/20 10:07:51:510

Connecting Started...

<<<----  [OUT]
2021/10/20 10:07:51:510

I can't connect with the passive [192.168.100.113/5000] error_code:10065 !

<<<----  [OUT]
2021/10/20 10:07:53:995

Connecting Started...

<<<----  [OUT]
2021/10/20 10:07:53:995

I can't connect with the passive [192.168.100.113/5000] error_code:10065 !

<<<----  [OUT]
2021/10/20 10:07:56:479

Connecting Started...

<<<----  [OUT]
2021/10/20 10:07:56:479

I can't connect with the passive [192.168.100.113/5000] error_code:10065 !

<<<----  [OUT]
2021/10/20 10:07:58:965

Connecting Started...

<<<----  [OUT]
2021/10/20 10:07:58:965

I can't connect with the passive [192.168.100.113/5000] error_code:10065 !

<<<----  [OUT]
2021/10/20 10:08:01:448

Connecting Started...

<<<----  [OUT]
2021/10/20 10:08:01:448

I can't connect with the passive [192.168.100.113/5000] error_code:10065 !

<<<----  [OUT]
2021/10/20 10:08:03:934

Connecting Started...

<<<----  [OUT]
2021/10/20 10:08:03:934

I can't connect with the passive [192.168.100.113/5000] error_code:10065 !

<<<----  [OUT]
2021/10/20 10:08:06:417

Connecting Started...

<<<----  [OUT]
2021/10/20 10:08:06:417

I can't connect with the passive [192.168.100.113/5000] error_code:10065 !

<<<----  [OUT]
2021/10/20 10:08:08:901

Connecting Started...

<<<----  [OUT]
2021/10/20 10:08:08:901

I can't connect with the passive [192.168.100.113/5000] error_code:10065 !

<<<----  [OUT]
2021/10/20 10:08:11:386

Connecting Started...

<<<----  [OUT]
2021/10/20 10:08:11:386

I can't connect with the passive [192.168.100.113/5000] error_code:10065 !

<<<----  [OUT]
2021/10/20 10:08:13:870

Connecting Started...

<<<----  [OUT]
2021/10/20 10:08:13:870

I can't connect with the passive [192.168.100.113/5000] error_code:10065 !

<<<----  [OUT]
2021/10/20 10:08:16:354

Connecting Started...

<<<----  [OUT]
2021/10/20 10:08:16:354

I can't connect with the passive [192.168.100.113/5000] error_code:10065 !

<<<----  [OUT]
2021/10/20 10:08:18:839

Connecting Started...

<<<----  [OUT]
2021/10/20 10:08:18:839

I can't connect with the passive [192.168.100.113/5000] error_code:10065 !

<<<----  [OUT]
2021/10/20 10:08:21:323

Connecting Started...

<<<----  [OUT]
2021/10/20 10:08:21:323

I can't connect with the passive [192.168.100.113/5000] error_code:10065 !

<<<----  [OUT]
2021/10/20 10:08:23:807

Connecting Started...

<<<----  [OUT]
2021/10/20 10:08:23:807

I can't connect with the passive [192.168.100.113/5000] error_code:10065 !

<<<----  [OUT]
2021/10/20 10:08:26:293

Connecting Started...

<<<----  [OUT]
2021/10/20 10:08:26:293

I can't connect with the passive [192.168.100.113/5000] error_code:10065 !

<<<----  [OUT]
2021/10/20 10:08:28:777

Connecting Started...

<<<----  [OUT]
2021/10/20 10:08:28:777

I can't connect with the passive [192.168.100.113/5000] error_code:10065 !

<<<----  [OUT]
2021/10/20 10:08:31:260

Connecting Started...

<<<----  [OUT]
2021/10/20 10:08:31:260

I can't connect with the passive [192.168.100.113/5000] error_code:10065 !

<<<----  [OUT]
2021/10/20 10:08:33:746

Connecting Started...

<<<----  [OUT]
2021/10/20 10:08:33:746

I can't connect with the passive [192.168.100.113/5000] error_code:10065 !

<<<----  [OUT]
2021/10/20 10:08:36:229

Connecting Started...

<<<----  [OUT]
2021/10/20 10:08:36:229

I can't connect with the passive [192.168.100.113/5000] error_code:10065 !

<<<----  [OUT]
2021/10/20 10:08:38:713

Connecting Started...

<<<----  [OUT]
2021/10/20 10:08:38:713

I can't connect with the passive [192.168.100.113/5000] error_code:10065 !

<<<----  [OUT]
2021/10/20 10:08:41:198

Connecting Started...

<<<----  [OUT]
2021/10/20 10:08:41:198

I can't connect with the passive [192.168.100.113/5000] error_code:10065 !

<<<----  [OUT]
2021/10/20 10:08:43:682

Connecting Started...

<<<----  [OUT]
2021/10/20 10:08:43:682

I can't connect with the passive [192.168.100.113/5000] error_code:10065 !

<<<----  [OUT]
2021/10/20 10:08:46:167

Connecting Started...

<<<----  [OUT]
2021/10/20 10:08:46:167

I can't connect with the passive [192.168.100.113/5000] error_code:10065 !

<<<----  [OUT]
2021/10/20 10:08:48:652

Connecting Started...

<<<----  [OUT]
2021/10/20 10:08:48:652

I can't connect with the passive [192.168.100.113/5000] error_code:10065 !

<<<----  [OUT]
2021/10/20 10:08:51:135

Connecting Started...

<<<----  [OUT]
2021/10/20 10:08:51:135

I can't connect with the passive [192.168.100.113/5000] error_code:10065 !

<<<----  [OUT]
2021/10/20 10:08:53:621

Connecting Started...

<<<----  [OUT]
2021/10/20 10:08:53:621

I can't connect with the passive [192.168.100.113/5000] error_code:10065 !

<<<----  [OUT]
2021/10/20 10:08:56:105

Connecting Started...

<<<----  [OUT]
2021/10/20 10:08:56:105

I can't connect with the passive [192.168.100.113/5000] error_code:10065 !

<<<----  [OUT]
2021/10/20 10:08:58:588

Connecting Started...

<<<----  [OUT]
2021/10/20 10:08:58:588

I can't connect with the passive [192.168.100.113/5000] error_code:10065 !

<<<----  [OUT]
2021/10/20 10:09:01:074

Connecting Started...

<<<----  [OUT]
2021/10/20 10:09:01:074

I can't connect with the passive [192.168.100.113/5000] error_code:10065 !

<<<----  [OUT]
2021/10/20 10:09:03:558

Connecting Started...

<<<----  [OUT]
2021/10/20 10:09:03:558

I can't connect with the passive [192.168.100.113/5000] error_code:10065 !

<<<----  [OUT]
2021/10/20 10:09:06:042

Connecting Started...

<<<----  [OUT]
2021/10/20 10:09:06:042

I can't connect with the passive [192.168.100.113/5000] error_code:10065 !

<<<----  [OUT]
2021/10/20 10:09:08:526

Connecting Started...

<<<----  [OUT]
2021/10/20 10:09:08:526

I can't connect with the passive [192.168.100.113/5000] error_code:10065 !

<<<----  [OUT]
2021/10/20 10:09:11:011

Connecting Started...

<<<----  [OUT]
2021/10/20 10:09:11:011

I can't connect with the passive [192.168.100.113/5000] error_code:10065 !

<<<----  [OUT]
2021/10/20 10:09:13:495

Connecting Started...

<<<----  [OUT]
2021/10/20 10:09:13:495

I can't connect with the passive [192.168.100.113/5000] error_code:10065 !

<<<----  [OUT]
2021/10/20 10:09:15:979

Connecting Started...

<<<----  [OUT]
2021/10/20 10:09:15:979

I can't connect with the passive [192.168.100.113/5000] error_code:10065 !

<<<----  [OUT]
2021/10/20 10:09:18:465

Connecting Started...

<<<----  [OUT]
2021/10/20 10:09:18:465

I can't connect with the passive [192.168.100.113/5000] error_code:10065 !

<<<----  [OUT]
2021/10/20 10:09:20:948

Connecting Started...

<<<----  [OUT]
2021/10/20 10:09:20:948

I can't connect with the passive [192.168.100.113/5000] error_code:10065 !

<<<----  [OUT]
2021/10/20 10:09:23:432

Connecting Started...

<<<----  [OUT]
2021/10/20 10:09:23:432

I can't connect with the passive [192.168.100.113/5000] error_code:10065 !

<<<----  [OUT]
2021/10/20 10:09:25:918

Connecting Started...

<<<----  [OUT]
2021/10/20 10:09:25:918

I can't connect with the passive [192.168.100.113/5000] error_code:10065 !

<<<----  [OUT]
2021/10/20 10:09:28:401

Connecting Started...

<<<----  [OUT]
2021/10/20 10:09:28:401

I can't connect with the passive [192.168.100.113/5000] error_code:10065 !

<<<----  [OUT]
2021/10/20 10:09:30:886

Connecting Started...

<<<----  [OUT]
2021/10/20 10:09:30:886

I can't connect with the passive [192.168.100.113/5000] error_code:10065 !

<<<----  [OUT]
2021/10/20 10:09:33:370

Connecting Started...

<<<----  [OUT]
2021/10/20 10:09:33:370

I can't connect with the passive [192.168.100.113/5000] error_code:10065 !

<<<----  [OUT]
2021/10/20 10:09:35:855

Connecting Started...

<<<----  [OUT]
2021/10/20 10:09:35:855

I can't connect with the passive [192.168.100.113/5000] error_code:10065 !

<<<----  [OUT]
2021/10/20 10:09:38:339

Connecting Started...

<<<----  [OUT]
2021/10/20 10:09:38:339

I can't connect with the passive [192.168.100.113/5000] error_code:10065 !

<<<----  [OUT]
2021/10/20 10:09:40:824

Connecting Started...

<<<----  [OUT]
2021/10/20 10:09:40:824

I can't connect with the passive [192.168.100.113/5000] error_code:10065 !

<<<----  [OUT]
2021/10/20 10:09:43:307

Connecting Started...

<<<----  [OUT]
2021/10/20 10:09:43:307

I can't connect with the passive [192.168.100.113/5000] error_code:10065 !

<<<----  [OUT]
2021/10/20 10:09:45:793

Connecting Started...

<<<----  [OUT]
2021/10/20 10:09:45:793

I can't connect with the passive [192.168.100.113/5000] error_code:10065 !

<<<----  [OUT]
2021/10/20 10:09:48:277

Connecting Started...

<<<----  [OUT]
2021/10/20 10:09:48:277

I can't connect with the passive [192.168.100.113/5000] error_code:10065 !

<<<----  [OUT]
2021/10/20 10:09:50:760

Connecting Started...

<<<----  [OUT]
2021/10/20 10:09:50:761

I can't connect with the passive [192.168.100.113/5000] error_code:10065 !

<<<----  [OUT]
2021/10/20 10:09:53:246

Connecting Started...

<<<----  [OUT]
2021/10/20 10:09:53:246

I can't connect with the passive [192.168.100.113/5000] error_code:10065 !

<<<----  [OUT]
2021/10/20 10:09:55:730

Connecting Started...

<<<----  [OUT]
2021/10/20 10:09:55:730

I can't connect with the passive [192.168.100.113/5000] error_code:10065 !

<<<----  [OUT]
2021/10/20 10:09:58:213

Connecting Started...

<<<----  [OUT]
2021/10/20 10:09:58:213

I can't connect with the passive [192.168.100.113/5000] error_code:10065 !

<<<----  [OUT]
2021/10/20 10:10:00:698

Connecting Started...

<<<----  [OUT]
2021/10/20 10:10:00:698

I can't connect with the passive [192.168.100.113/5000] error_code:10065 !

<<<----  [OUT]
2021/10/20 10:10:03:182

Connecting Started...

<<<----  [OUT]
2021/10/20 10:10:03:182

I can't connect with the passive [192.168.100.113/5000] error_code:10065 !

<<<----  [OUT]
2021/10/20 10:10:05:668

Connecting Started...

<<<----  [OUT]
2021/10/20 10:10:05:668

I can't connect with the passive [192.168.100.113/5000] error_code:10065 !

<<<----  [OUT]
2021/10/20 10:10:08:152

Connecting Started...

<<<----  [OUT]
2021/10/20 10:10:08:152

I can't connect with the passive [192.168.100.113/5000] error_code:10065 !

<<<----  [OUT]
2021/10/20 10:10:10:636

Connecting Started...

<<<----  [OUT]
2021/10/20 10:10:10:636

I can't connect with the passive [192.168.100.113/5000] error_code:10065 !

<<<----  [OUT]
2021/10/20 10:10:13:120

Connecting Started...

<<<----  [OUT]
2021/10/20 10:10:13:120

I can't connect with the passive [192.168.100.113/5000] error_code:10065 !

<<<----  [OUT]
2021/10/20 10:10:15:605

Connecting Started...

<<<----  [OUT]
2021/10/20 10:10:15:605

I can't connect with the passive [192.168.100.113/5000] error_code:10065 !

<<<----  [OUT]
2021/10/20 10:10:18:090

Connecting Started...

<<<----  [OUT]
2021/10/20 10:10:18:090

I can't connect with the passive [192.168.100.113/5000] error_code:10065 !

<<<----  [OUT]
2021/10/20 10:10:20:573

Connecting Started...

<<<----  [OUT]
2021/10/20 10:10:20:573

I can't connect with the passive [192.168.100.113/5000] error_code:10065 !

<<<----  [OUT]
2021/10/20 10:10:23:059

Connecting Started...

<<<----  [OUT]
2021/10/20 10:10:23:059

I can't connect with the passive [192.168.100.113/5000] error_code:10065 !

<<<----  [OUT]
2021/10/20 10:10:25:542

Connecting Started...

<<<----  [OUT]
2021/10/20 10:10:25:542

I can't connect with the passive [192.168.100.113/5000] error_code:10065 !

<<<----  [OUT]
2021/10/20 10:10:28:026

Connecting Started...

<<<----  [OUT]
2021/10/20 10:10:28:026

I can't connect with the passive [192.168.100.113/5000] error_code:10065 !

<<<----  [OUT]
2021/10/20 10:10:30:512

Connecting Started...

<<<----  [OUT]
2021/10/20 10:10:30:512

I can't connect with the passive [192.168.100.113/5000] error_code:10065 !

<<<----  [OUT]
2021/10/20 10:10:32:995

Connecting Started...

<<<----  [OUT]
2021/10/20 10:10:32:995

I can't connect with the passive [192.168.100.113/5000] error_code:10065 !

<<<----  [OUT]
2021/10/20 10:10:35:479

Connecting Started...

<<<----  [OUT]
2021/10/20 10:10:35:479

I can't connect with the passive [192.168.100.113/5000] error_code:10065 !

<<<----  [OUT]
2021/10/20 10:10:37:965

Connecting Started...

<<<----  [OUT]
2021/10/20 10:10:37:965

I can't connect with the passive [192.168.100.113/5000] error_code:10065 !

<<<----  [OUT]
2021/10/20 10:10:40:449

Connecting Started...

<<<----  [OUT]
2021/10/20 10:10:40:449

I can't connect with the passive [192.168.100.113/5000] error_code:10065 !

<<<----  [OUT]
2021/10/20 10:10:42:933

Connecting Started...

<<<----  [OUT]
2021/10/20 10:10:42:933

I can't connect with the passive [192.168.100.113/5000] error_code:10065 !

<<<----  [OUT]
2021/10/20 10:10:45:417

Connecting Started...

<<<----  [OUT]
2021/10/20 10:10:45:417

I can't connect with the passive [192.168.100.113/5000] error_code:10065 !

<<<----  [OUT]
2021/10/20 10:10:47:902

Connecting Started...

<<<----  [OUT]
2021/10/20 10:10:47:902

I can't connect with the passive [192.168.100.113/5000] error_code:10065 !

<<<----  [OUT]
2021/10/20 10:10:50:387

Connecting Started...

<<<----  [OUT]
2021/10/20 10:10:50:387

I can't connect with the passive [192.168.100.113/5000] error_code:10065 !

<<<----  [OUT]
2021/10/20 10:10:52:872

Connecting Started...

<<<----  [OUT]
2021/10/20 10:10:52:872

I can't connect with the passive [192.168.100.113/5000] error_code:10065 !

<<<----  [OUT]
2021/10/20 10:10:55:355

Connecting Started...

<<<----  [OUT]
2021/10/20 10:10:55:355

I can't connect with the passive [192.168.100.113/5000] error_code:10065 !

<<<----  [OUT]
2021/10/20 10:10:57:840

Connecting Started...

<<<----  [OUT]
2021/10/20 10:10:57:840

I can't connect with the passive [192.168.100.113/5000] error_code:10065 !

<<<----  [OUT]
2021/10/20 10:11:00:324

Connecting Started...

<<<----  [OUT]
2021/10/20 10:11:00:324

I can't connect with the passive [192.168.100.113/5000] error_code:10065 !

<<<----  [OUT]
2021/10/20 10:11:02:807

Connecting Started...

<<<----  [OUT]
2021/10/20 10:11:02:807

I can't connect with the passive [192.168.100.113/5000] error_code:10065 !

<<<----  [OUT]
2021/10/20 10:11:05:292

Connecting Started...

<<<----  [OUT]
2021/10/20 10:11:05:292

I can't connect with the passive [192.168.100.113/5000] error_code:10065 !

<<<----  [OUT]
2021/10/20 10:11:07:777

Connecting Started...

<<<----  [OUT]
2021/10/20 10:11:07:777

I can't connect with the passive [192.168.100.113/5000] error_code:10065 !

<<<----  [OUT]
2021/10/20 10:11:10:261

Connecting Started...

<<<----  [OUT]
2021/10/20 10:11:10:261

I can't connect with the passive [192.168.100.113/5000] error_code:10065 !

<<<----  [OUT]
2021/10/20 10:11:12:745

Connecting Started...

<<<----  [OUT]
2021/10/20 10:11:12:745

I can't connect with the passive [192.168.100.113/5000] error_code:10065 !

<<<----  [OUT]
2021/10/20 10:11:15:230

Connecting Started...

<<<----  [OUT]
2021/10/20 10:11:15:230

I can't connect with the passive [192.168.100.113/5000] error_code:10065 !

<<<----  [OUT]
2021/10/20 10:11:17:715

Connecting Started...

<<<----  [OUT]
2021/10/20 10:11:17:715

I can't connect with the passive [192.168.100.113/5000] error_code:10065 !

<<<----  [OUT]
2021/10/20 10:11:20:198

Connecting Started...

<<<----  [OUT]
2021/10/20 10:11:20:198

I can't connect with the passive [192.168.100.113/5000] error_code:10065 !

<<<----  [OUT]
2021/10/20 10:11:22:684

Connecting Started...

<<<----  [OUT]
2021/10/20 10:11:22:684

I can't connect with the passive [192.168.100.113/5000] error_code:10065 !

<<<----  [OUT]
2021/10/20 10:11:25:168

Connecting Started...

<<<----  [OUT]
2021/10/20 10:11:25:168

I can't connect with the passive [192.168.100.113/5000] error_code:10065 !

<<<----  [OUT]
2021/10/20 10:11:27:651

Connecting Started...

<<<----  [OUT]
2021/10/20 10:11:27:651

I can't connect with the passive [192.168.100.113/5000] error_code:10065 !

<<<----  [OUT]
2021/10/20 10:11:30:136

Connecting Started...

<<<----  [OUT]
2021/10/20 10:11:30:136

I can't connect with the passive [192.168.100.113/5000] error_code:10065 !

<<<----  [OUT]
2021/10/20 10:11:32:621

Connecting Started...

<<<----  [OUT]
2021/10/20 10:11:32:621

I can't connect with the passive [192.168.100.113/5000] error_code:10065 !

<<<----  [OUT]
2021/10/20 10:11:35:104

Connecting Started...

<<<----  [OUT]
2021/10/20 10:11:35:104

I can't connect with the passive [192.168.100.113/5000] error_code:10065 !

<<<----  [OUT]
2021/10/20 10:11:37:589

Connecting Started...

<<<----  [OUT]
2021/10/20 10:11:37:589

I can't connect with the passive [192.168.100.113/5000] error_code:10065 !

<<<----  [OUT]
2021/10/20 10:11:40:072

Connecting Started...

<<<----  [OUT]
2021/10/20 10:11:40:072

I can't connect with the passive [192.168.100.113/5000] error_code:10065 !

<<<----  [OUT]
2021/10/20 10:11:42:558

Connecting Started...

<<<----  [OUT]
2021/10/20 10:11:42:558

I can't connect with the passive [192.168.100.113/5000] error_code:10065 !

<<<----  [OUT]
2021/10/20 10:11:45:041

Connecting Started...

<<<----  [OUT]
2021/10/20 10:11:45:041

I can't connect with the passive [192.168.100.113/5000] error_code:10065 !

<<<----  [OUT]
2021/10/20 10:11:47:526

Connecting Started...

<<<----  [OUT]
2021/10/20 10:11:47:526

I can't connect with the passive [192.168.100.113/5000] error_code:10065 !

<<<----  [OUT]
2021/10/20 10:11:50:011

Connecting Started...

<<<----  [OUT]
2021/10/20 10:11:50:011

I can't connect with the passive [192.168.100.113/5000] error_code:10065 !

<<<----  [OUT]
2021/10/20 10:11:52:496

Connecting Started...

<<<----  [OUT]
2021/10/20 10:11:52:496

I can't connect with the passive [192.168.100.113/5000] error_code:10065 !

<<<----  [OUT]
2021/10/20 10:11:54:979

Connecting Started...

<<<----  [OUT]
2021/10/20 10:11:54:979

I can't connect with the passive [192.168.100.113/5000] error_code:10065 !

<<<----  [OUT]
2021/10/20 10:11:57:463

Connecting Started...

<<<----  [OUT]
2021/10/20 10:11:57:463

I can't connect with the passive [192.168.100.113/5000] error_code:10065 !

<<<----  [OUT]
2021/10/20 10:11:59:948

Connecting Started...

<<<----  [OUT]
2021/10/20 10:11:59:948

I can't connect with the passive [192.168.100.113/5000] error_code:10065 !

<<<----  [OUT]
2021/10/20 10:12:02:433

Connecting Started...

<<<----  [OUT]
2021/10/20 10:12:02:433

I can't connect with the passive [192.168.100.113/5000] error_code:10065 !

<<<----  [OUT]
2021/10/20 10:12:04:917

Connecting Started...

<<<----  [OUT]
2021/10/20 10:12:04:917

I can't connect with the passive [192.168.100.113/5000] error_code:10065 !

<<<----  [OUT]
2021/10/20 10:12:07:401

Connecting Started...

<<<----  [OUT]
2021/10/20 10:12:07:401

I can't connect with the passive [192.168.100.113/5000] error_code:10065 !

<<<----  [OUT]
2021/10/20 10:12:09:886

Connecting Started...

<<<----  [OUT]
2021/10/20 10:12:09:886

I can't connect with the passive [192.168.100.113/5000] error_code:10065 !

<<<----  [OUT]
2021/10/20 10:12:12:370

Connecting Started...

<<<----  [OUT]
2021/10/20 10:12:12:370

I can't connect with the passive [192.168.100.113/5000] error_code:10065 !

<<<----  [OUT]
2021/10/20 10:12:14:854

Connecting Started...

<<<----  [OUT]
2021/10/20 10:12:14:854

I can't connect with the passive [192.168.100.113/5000] error_code:10065 !

<<<----  [OUT]
2021/10/20 10:12:17:340

Connecting Started...

<<<----  [OUT]
2021/10/20 10:12:17:340

I can't connect with the passive [192.168.100.113/5000] error_code:10065 !

<<<----  [OUT]
2021/10/20 10:12:19:823

Connecting Started...

<<<----  [OUT]
2021/10/20 10:12:19:823

I can't connect with the passive [192.168.100.113/5000] error_code:10065 !

<<<----  [OUT]
2021/10/20 10:12:22:308

Connecting Started...

<<<----  [OUT]
2021/10/20 10:12:22:308

I can't connect with the passive [192.168.100.113/5000] error_code:10065 !

<<<----  [OUT]
2021/10/20 10:12:24:792

Connecting Started...

<<<----  [OUT]
2021/10/20 10:12:24:792

I can't connect with the passive [192.168.100.113/5000] error_code:10065 !

<<<----  [OUT]
2021/10/20 10:12:27:276

Connecting Started...

<<<----  [OUT]
2021/10/20 10:12:27:276

I can't connect with the passive [192.168.100.113/5000] error_code:10065 !

<<<----  [OUT]
2021/10/20 10:12:29:761

Connecting Started...

<<<----  [OUT]
2021/10/20 10:12:29:761

I can't connect with the passive [192.168.100.113/5000] error_code:10065 !

<<<----  [OUT]
2021/10/20 10:12:32:246

Connecting Started...

<<<----  [OUT]
2021/10/20 10:12:32:246

I can't connect with the passive [192.168.100.113/5000] error_code:10065 !

<<<----  [OUT]
2021/10/20 10:12:34:730

Connecting Started...

<<<----  [OUT]
2021/10/20 10:12:34:730

I can't connect with the passive [192.168.100.113/5000] error_code:10065 !

<<<----  [OUT]
2021/10/20 10:12:37:215

Connecting Started...

<<<----  [OUT]
2021/10/20 10:12:37:215

I can't connect with the passive [192.168.100.113/5000] error_code:10065 !

<<<----  [OUT]
2021/10/20 10:12:39:699

Connecting Started...

<<<----  [OUT]
2021/10/20 10:12:39:699

I can't connect with the passive [192.168.100.113/5000] error_code:10065 !

<<<----  [OUT]
2021/10/20 10:12:42:184

Connecting Started...

<<<----  [OUT]
2021/10/20 10:12:42:184

I can't connect with the passive [192.168.100.113/5000] error_code:10065 !

<<<----  [OUT]
2021/10/20 10:12:44:667

Connecting Started...

<<<----  [OUT]
2021/10/20 10:12:44:667

I can't connect with the passive [192.168.100.113/5000] error_code:10065 !

<<<----  [OUT]
2021/10/20 10:12:47:151

Connecting Started...

<<<----  [OUT]
2021/10/20 10:12:47:151

I can't connect with the passive [192.168.100.113/5000] error_code:10065 !

<<<----  [OUT]
2021/10/20 10:12:49:636

Connecting Started...

<<<----  [OUT]
2021/10/20 10:12:49:636

I can't connect with the passive [192.168.100.113/5000] error_code:10065 !

<<<----  [OUT]
2021/10/20 10:12:52:121

Connecting Started...

<<<----  [OUT]
2021/10/20 10:12:52:121

I can't connect with the passive [192.168.100.113/5000] error_code:10065 !

<<<----  [OUT]
2021/10/20 10:12:54:605

Connecting Started...

<<<----  [OUT]
2021/10/20 10:12:54:605

I can't connect with the passive [192.168.100.113/5000] error_code:10065 !

<<<----  [OUT]
2021/10/20 10:12:57:090

Connecting Started...

<<<----  [OUT]
2021/10/20 10:12:57:090

I can't connect with the passive [192.168.100.113/5000] error_code:10065 !

<<<----  [OUT]
2021/10/20 10:12:59:574

Connecting Started...

<<<----  [OUT]
2021/10/20 10:12:59:574

I can't connect with the passive [192.168.100.113/5000] error_code:10065 !

<<<----  [OUT]
2021/10/20 10:13:02:058

Connecting Started...

<<<----  [OUT]
2021/10/20 10:13:02:058

I can't connect with the passive [192.168.100.113/5000] error_code:10065 !

<<<----  [OUT]
2021/10/20 10:13:04:542

Connecting Started...

<<<----  [OUT]
2021/10/20 10:13:04:542

I can't connect with the passive [192.168.100.113/5000] error_code:10065 !

<<<----  [OUT]
2021/10/20 10:13:07:027

Connecting Started...

<<<----  [OUT]
2021/10/20 10:13:07:027

I can't connect with the passive [192.168.100.113/5000] error_code:10065 !

<<<----  [OUT]
2021/10/20 10:13:09:510

Connecting Started...

<<<----  [OUT]
2021/10/20 10:13:09:510

I can't connect with the passive [192.168.100.113/5000] error_code:10065 !

<<<----  [OUT]
2021/10/20 10:13:11:996

Connecting Started...

<<<----  [OUT]
2021/10/20 10:13:11:996

I can't connect with the passive [192.168.100.113/5000] error_code:10065 !

<<<----  [OUT]
2021/10/20 10:13:14:479

Connecting Started...

<<<----  [OUT]
2021/10/20 10:13:14:479

I can't connect with the passive [192.168.100.113/5000] error_code:10065 !

<<<----  [OUT]
2021/10/20 10:13:16:963

Connecting Started...

<<<----  [OUT]
2021/10/20 10:13:16:963

I can't connect with the passive [192.168.100.113/5000] error_code:10065 !

<<<----  [OUT]
2021/10/20 10:13:19:448

Connecting Started...

<<<----  [OUT]
2021/10/20 10:13:19:448

I can't connect with the passive [192.168.100.113/5000] error_code:10065 !

<<<----  [OUT]
2021/10/20 10:13:21:933

Connecting Started...

<<<----  [OUT]
2021/10/20 10:13:21:933

I can't connect with the passive [192.168.100.113/5000] error_code:10065 !

<<<----  [OUT]
2021/10/20 10:13:24:416

Connecting Started...

<<<----  [OUT]
2021/10/20 10:13:24:416

I can't connect with the passive [192.168.100.113/5000] error_code:10065 !

<<<----  [OUT]
2021/10/20 10:13:26:901

Connecting Started...

<<<----  [OUT]
2021/10/20 10:13:26:901

I can't connect with the passive [192.168.100.113/5000] error_code:10065 !

<<<----  [OUT]
2021/10/20 10:13:29:385

Connecting Started...

<<<----  [OUT]
2021/10/20 10:13:29:385

I can't connect with the passive [192.168.100.113/5000] error_code:10065 !

<<<----  [OUT]
2021/10/20 10:13:31:869

Connecting Started...

<<<----  [OUT]
2021/10/20 10:13:31:869

I can't connect with the passive [192.168.100.113/5000] error_code:10065 !

<<<----  [OUT]
2021/10/20 10:13:34:355

Connecting Started...

<<<----  [OUT]
2021/10/20 10:13:34:355

I can't connect with the passive [192.168.100.113/5000] error_code:10065 !

<<<----  [OUT]
2021/10/20 10:13:36:839

Connecting Started...

<<<----  [OUT]
2021/10/20 10:13:36:839

I can't connect with the passive [192.168.100.113/5000] error_code:10065 !

<<<----  [OUT]
2021/10/20 10:13:39:323

Connecting Started...

<<<----  [OUT]
2021/10/20 10:13:39:323

I can't connect with the passive [192.168.100.113/5000] error_code:10065 !

<<<----  [OUT]
2021/10/20 10:13:41:808

Connecting Started...

<<<----  [OUT]
2021/10/20 10:13:41:808

I can't connect with the passive [192.168.100.113/5000] error_code:10065 !

<<<----  [OUT]
2021/10/20 10:13:44:293

Connecting Started...

<<<----  [OUT]
2021/10/20 10:13:44:293

I can't connect with the passive [192.168.100.113/5000] error_code:10065 !

<<<----  [OUT]
2021/10/20 10:13:46:777

Connecting Started...

<<<----  [OUT]
2021/10/20 10:13:46:777

I can't connect with the passive [192.168.100.113/5000] error_code:10065 !

<<<----  [OUT]
2021/10/20 10:13:49:260

Connecting Started...

<<<----  [OUT]
2021/10/20 10:13:49:260

I can't connect with the passive [192.168.100.113/5000] error_code:10065 !

<<<----  [OUT]
2021/10/20 10:13:51:746

Connecting Started...

<<<----  [OUT]
2021/10/20 10:13:51:746

I can't connect with the passive [192.168.100.113/5000] error_code:10065 !

<<<----  [OUT]
2021/10/20 10:13:54:231

Connecting Started...

<<<----  [OUT]
2021/10/20 10:13:54:231

I can't connect with the passive [192.168.100.113/5000] error_code:10065 !

<<<----  [OUT]
2021/10/20 10:13:56:714

Connecting Started...

<<<----  [OUT]
2021/10/20 10:13:56:714

I can't connect with the passive [192.168.100.113/5000] error_code:10065 !

<<<----  [OUT]
2021/10/20 10:13:59:198

Connecting Started...

<<<----  [OUT]
2021/10/20 10:13:59:198

I can't connect with the passive [192.168.100.113/5000] error_code:10065 !

<<<----  [OUT]
2021/10/20 10:14:01:682

Connecting Started...

<<<----  [OUT]
2021/10/20 10:14:01:682

I can't connect with the passive [192.168.100.113/5000] error_code:10065 !

<<<----  [OUT]
2021/10/20 10:14:04:168

Connecting Started...

<<<----  [OUT]
2021/10/20 10:14:04:168

I can't connect with the passive [192.168.100.113/5000] error_code:10065 !

<<<----  [OUT]
2021/10/20 10:14:06:652

Connecting Started...

<<<----  [OUT]
2021/10/20 10:14:06:652

I can't connect with the passive [192.168.100.113/5000] error_code:10065 !

<<<----  [OUT]
2021/10/20 10:14:09:136

Connecting Started...

<<<----  [OUT]
2021/10/20 10:14:09:136

I can't connect with the passive [192.168.100.113/5000] error_code:10065 !

<<<----  [OUT]
2021/10/20 10:14:11:620

Connecting Started...

<<<----  [OUT]
2021/10/20 10:14:11:620

I can't connect with the passive [192.168.100.113/5000] error_code:10065 !

<<<----  [OUT]
2021/10/20 10:14:14:105

Connecting Started...

<<<----  [OUT]
2021/10/20 10:14:14:105

I can't connect with the passive [192.168.100.113/5000] error_code:10065 !

<<<----  [OUT]
2021/10/20 10:14:16:588

Connecting Started...

<<<----  [OUT]
2021/10/20 10:14:16:588

I can't connect with the passive [192.168.100.113/5000] error_code:10065 !

<<<----  [OUT]
2021/10/20 10:14:19:074

Connecting Started...

<<<----  [OUT]
2021/10/20 10:14:19:074

I can't connect with the passive [192.168.100.113/5000] error_code:10065 !

<<<----  [OUT]
2021/10/20 10:14:21:558

Connecting Started...

<<<----  [OUT]
2021/10/20 10:14:21:558

I can't connect with the passive [192.168.100.113/5000] error_code:10065 !

<<<----  [OUT]
2021/10/20 10:14:24:043

Connecting Started...

<<<----  [OUT]
2021/10/20 10:14:24:043

I can't connect with the passive [192.168.100.113/5000] error_code:10065 !

<<<----  [OUT]
2021/10/20 10:14:26:527

Connecting Started...

<<<----  [OUT]
2021/10/20 10:14:26:527

I can't connect with the passive [192.168.100.113/5000] error_code:10065 !

<<<----  [OUT]
2021/10/20 10:14:29:010

Connecting Started...

<<<----  [OUT]
2021/10/20 10:14:29:010

I can't connect with the passive [192.168.100.113/5000] error_code:10065 !

<<<----  [OUT]
2021/10/20 10:14:31:495

Connecting Started...

<<<----  [OUT]
2021/10/20 10:14:31:495

I can't connect with the passive [192.168.100.113/5000] error_code:10065 !

<<<----  [OUT]
2021/10/20 10:14:33:979

Connecting Started...

<<<----  [OUT]
2021/10/20 10:14:33:979

I can't connect with the passive [192.168.100.113/5000] error_code:10065 !

<<<----  [OUT]
2021/10/20 10:14:36:465

Connecting Started...

<<<----  [OUT]
2021/10/20 10:14:36:465

I can't connect with the passive [192.168.100.113/5000] error_code:10065 !

<<<----  [OUT]
2021/10/20 10:14:38:949

Connecting Started...

<<<----  [OUT]
2021/10/20 10:14:38:949

I can't connect with the passive [192.168.100.113/5000] error_code:10065 !

<<<----  [OUT]
2021/10/20 10:14:41:432

Connecting Started...

<<<----  [OUT]
2021/10/20 10:14:41:432

I can't connect with the passive [192.168.100.113/5000] error_code:10065 !

<<<----  [OUT]
2021/10/20 10:14:43:917

Connecting Started...

<<<----  [OUT]
2021/10/20 10:14:43:917

I can't connect with the passive [192.168.100.113/5000] error_code:10065 !

<<<----  [OUT]
2021/10/20 10:14:46:402

Connecting Started...

<<<----  [OUT]
2021/10/20 10:14:46:402

I can't connect with the passive [192.168.100.113/5000] error_code:10065 !

<<<----  [OUT]
2021/10/20 10:14:48:887

Connecting Started...

<<<----  [OUT]
2021/10/20 10:14:48:887

I can't connect with the passive [192.168.100.113/5000] error_code:10065 !

<<<----  [OUT]
2021/10/20 10:14:51:371

Connecting Started...

<<<----  [OUT]
2021/10/20 10:14:51:371

I can't connect with the passive [192.168.100.113/5000] error_code:10065 !

<<<----  [OUT]
2021/10/20 10:14:53:855

Connecting Started...

<<<----  [OUT]
2021/10/20 10:14:53:855

I can't connect with the passive [192.168.100.113/5000] error_code:10065 !

<<<----  [OUT]
2021/10/20 10:14:56:340

Connecting Started...

<<<----  [OUT]
2021/10/20 10:14:56:340

I can't connect with the passive [192.168.100.113/5000] error_code:10065 !

<<<----  [OUT]
2021/10/20 10:14:58:824

Connecting Started...

<<<----  [OUT]
2021/10/20 10:14:58:824

I can't connect with the passive [192.168.100.113/5000] error_code:10065 !

<<<----  [OUT]
2021/10/20 10:15:01:309

Connecting Started...

<<<----  [OUT]
2021/10/20 10:15:01:309

I can't connect with the passive [192.168.100.113/5000] error_code:10065 !

<<<----  [OUT]
2021/10/20 10:15:03:793

Connecting Started...

<<<----  [OUT]
2021/10/20 10:15:03:793

I can't connect with the passive [192.168.100.113/5000] error_code:10065 !

<<<----  [OUT]
2021/10/20 10:15:06:276

Connecting Started...

<<<----  [OUT]
2021/10/20 10:15:06:276

I can't connect with the passive [192.168.100.113/5000] error_code:10065 !

<<<----  [OUT]
2021/10/20 10:15:08:761

Connecting Started...

<<<----  [OUT]
2021/10/20 10:15:08:761

I can't connect with the passive [192.168.100.113/5000] error_code:10065 !

<<<----  [OUT]
2021/10/20 10:15:11:245

Connecting Started...

<<<----  [OUT]
2021/10/20 10:15:11:245

I can't connect with the passive [192.168.100.113/5000] error_code:10065 !

<<<----  [OUT]
2021/10/20 10:15:13:731

Connecting Started...

<<<----  [OUT]
2021/10/20 10:15:13:731

I can't connect with the passive [192.168.100.113/5000] error_code:10065 !

<<<----  [OUT]
2021/10/20 10:15:16:215

Connecting Started...

<<<----  [OUT]
2021/10/20 10:15:16:215

I can't connect with the passive [192.168.100.113/5000] error_code:10065 !

<<<----  [OUT]
2021/10/20 10:15:18:698

Connecting Started...

<<<----  [OUT]
2021/10/20 10:15:18:698

I can't connect with the passive [192.168.100.113/5000] error_code:10065 !

<<<----  [OUT]
2021/10/20 10:15:21:184

Connecting Started...

<<<----  [OUT]
2021/10/20 10:15:21:184

I can't connect with the passive [192.168.100.113/5000] error_code:10065 !

<<<----  [OUT]
2021/10/20 10:15:23:668

Connecting Started...

<<<----  [OUT]
2021/10/20 10:15:23:668

I can't connect with the passive [192.168.100.113/5000] error_code:10065 !

<<<----  [OUT]
2021/10/20 10:15:26:152

Connecting Started...

<<<----  [OUT]
2021/10/20 10:15:26:153

I can't connect with the passive [192.168.100.113/5000] error_code:10065 !

<<<----  [OUT]
2021/10/20 10:15:28:636

Connecting Started...

<<<----  [OUT]
2021/10/20 10:15:28:636

I can't connect with the passive [192.168.100.113/5000] error_code:10065 !

<<<----  [OUT]
2021/10/20 10:15:31:121

Connecting Started...

<<<----  [OUT]
2021/10/20 10:15:31:121

I can't connect with the passive [192.168.100.113/5000] error_code:10065 !

<<<----  [OUT]
2021/10/20 10:15:33:605

Connecting Started...

<<<----  [OUT]
2021/10/20 10:15:33:605

I can't connect with the passive [192.168.100.113/5000] error_code:10065 !

<<<----  [OUT]
2021/10/20 10:15:36:089

Connecting Started...

<<<----  [OUT]
2021/10/20 10:15:36:089

I can't connect with the passive [192.168.100.113/5000] error_code:10065 !

<<<----  [OUT]
2021/10/20 10:15:38:574

Connecting Started...

<<<----  [OUT]
2021/10/20 10:15:38:574

I can't connect with the passive [192.168.100.113/5000] error_code:10065 !

<<<----  [OUT]
2021/10/20 10:15:41:057

Connecting Started...

<<<----  [OUT]
2021/10/20 10:15:41:057

I can't connect with the passive [192.168.100.113/5000] error_code:10065 !

<<<----  [OUT]
2021/10/20 10:15:43:542

Connecting Started...

<<<----  [OUT]
2021/10/20 10:15:43:542

I can't connect with the passive [192.168.100.113/5000] error_code:10065 !

<<<----  [OUT]
2021/10/20 10:15:46:026

Connecting Started...

<<<----  [OUT]
2021/10/20 10:15:46:027

I can't connect with the passive [192.168.100.113/5000] error_code:10065 !

<<<----  [OUT]
2021/10/20 10:15:48:510

Connecting Started...

<<<----  [OUT]
2021/10/20 10:15:48:510

I can't connect with the passive [192.168.100.113/5000] error_code:10065 !

<<<----  [OUT]
2021/10/20 10:15:50:996

Connecting Started...

<<<----  [OUT]
2021/10/20 10:15:50:996

I can't connect with the passive [192.168.100.113/5000] error_code:10065 !

<<<----  [OUT]
2021/10/20 10:15:53:479

Connecting Started...

<<<----  [OUT]
2021/10/20 10:15:53:479

I can't connect with the passive [192.168.100.113/5000] error_code:10065 !

<<<----  [OUT]
2021/10/20 10:15:55:963

Connecting Started...

<<<----  [OUT]
2021/10/20 10:15:55:963

I can't connect with the passive [192.168.100.113/5000] error_code:10065 !

<<<----  [OUT]
2021/10/20 10:15:58:448

Connecting Started...

<<<----  [OUT]
2021/10/20 10:15:58:448

I can't connect with the passive [192.168.100.113/5000] error_code:10065 !

<<<----  [OUT]
2021/10/20 10:16:00:932

Connecting Started...

<<<----  [OUT]
2021/10/20 10:16:00:932

I can't connect with the passive [192.168.100.113/5000] error_code:10065 !

<<<----  [OUT]
2021/10/20 10:16:03:417

Connecting Started...

<<<----  [OUT]
2021/10/20 10:16:03:417

I can't connect with the passive [192.168.100.113/5000] error_code:10065 !

<<<----  [OUT]
2021/10/20 10:16:05:901

Connecting Started...

<<<----  [OUT]
2021/10/20 10:16:05:901

I can't connect with the passive [192.168.100.113/5000] error_code:10065 !

<<<----  [OUT]
2021/10/20 10:16:08:385

Connecting Started...

<<<----  [OUT]
2021/10/20 10:16:08:385

I can't connect with the passive [192.168.100.113/5000] error_code:10065 !

<<<----  [OUT]
2021/10/20 10:16:10:870

Connecting Started...

<<<----  [OUT]
2021/10/20 10:16:10:870

I can't connect with the passive [192.168.100.113/5000] error_code:10065 !

<<<----  [OUT]
2021/10/20 10:16:13:355

Connecting Started...

<<<----  [OUT]
2021/10/20 10:16:13:355

I can't connect with the passive [192.168.100.113/5000] error_code:10065 !

<<<----  [OUT]
2021/10/20 10:16:15:838

Connecting Started...

<<<----  [OUT]
2021/10/20 10:16:15:838

I can't connect with the passive [192.168.100.113/5000] error_code:10065 !

<<<----  [OUT]
2021/10/20 10:16:18:323

Connecting Started...

<<<----  [OUT]
2021/10/20 10:16:18:323

I can't connect with the passive [192.168.100.113/5000] error_code:10065 !

<<<----  [OUT]
2021/10/20 10:16:20:807

Connecting Started...

<<<----  [OUT]
2021/10/20 10:16:20:807

I can't connect with the passive [192.168.100.113/5000] error_code:10065 !

<<<----  [OUT]
2021/10/20 10:16:23:292

Connecting Started...

<<<----  [OUT]
2021/10/20 10:16:23:292

I can't connect with the passive [192.168.100.113/5000] error_code:10065 !

<<<----  [OUT]
2021/10/20 10:16:25:776

Connecting Started...

<<<----  [OUT]
2021/10/20 10:16:25:776

I can't connect with the passive [192.168.100.113/5000] error_code:10065 !

<<<----  [OUT]
2021/10/20 10:16:28:261

Connecting Started...

<<<----  [OUT]
2021/10/20 10:16:28:261

I can't connect with the passive [192.168.100.113/5000] error_code:10065 !

<<<----  [OUT]
2021/10/20 10:16:30:744

Connecting Started...

<<<----  [OUT]
2021/10/20 10:16:30:744

I can't connect with the passive [192.168.100.113/5000] error_code:10065 !

<<<----  [OUT]
2021/10/20 10:16:33:229

Connecting Started...

<<<----  [OUT]
2021/10/20 10:16:33:229

I can't connect with the passive [192.168.100.113/5000] error_code:10065 !

<<<----  [OUT]
2021/10/20 10:16:35:713

Connecting Started...

<<<----  [OUT]
2021/10/20 10:16:35:713

I can't connect with the passive [192.168.100.113/5000] error_code:10065 !

<<<----  [OUT]
2021/10/20 10:16:38:197

Connecting Started...

<<<----  [OUT]
2021/10/20 10:16:38:197

I can't connect with the passive [192.168.100.113/5000] error_code:10065 !

<<<----  [OUT]
2021/10/20 10:16:40:683

Connecting Started...

<<<----  [OUT]
2021/10/20 10:16:40:683

I can't connect with the passive [192.168.100.113/5000] error_code:10065 !

<<<----  [OUT]
2021/10/20 10:16:43:167

Connecting Started...

<<<----  [OUT]
2021/10/20 10:16:43:167

I can't connect with the passive [192.168.100.113/5000] error_code:10065 !

<<<----  [OUT]
2021/10/20 10:16:45:651

Connecting Started...

<<<----  [OUT]
2021/10/20 10:16:45:651

I can't connect with the passive [192.168.100.113/5000] error_code:10065 !

<<<----  [OUT]
2021/10/20 10:16:48:137

Connecting Started...

<<<----  [OUT]
2021/10/20 10:16:48:137

I can't connect with the passive [192.168.100.113/5000] error_code:10065 !

<<<----  [OUT]
2021/10/20 10:16:50:620

Connecting Started...

<<<----  [OUT]
2021/10/20 10:16:50:620

I can't connect with the passive [192.168.100.113/5000] error_code:10065 !

<<<----  [OUT]
2021/10/20 10:16:53:105

Connecting Started...

<<<----  [OUT]
2021/10/20 10:16:53:105

I can't connect with the passive [192.168.100.113/5000] error_code:10065 !

<<<----  [OUT]
2021/10/20 10:16:55:589

Connecting Started...

<<<----  [OUT]
2021/10/20 10:16:55:589

I can't connect with the passive [192.168.100.113/5000] error_code:10065 !

<<<----  [OUT]
2021/10/20 10:16:58:073

Connecting Started...

<<<----  [OUT]
2021/10/20 10:16:58:073

I can't connect with the passive [192.168.100.113/5000] error_code:10065 !

<<<----  [OUT]
2021/10/20 10:17:00:557

Connecting Started...

<<<----  [OUT]
2021/10/20 10:17:00:557

I can't connect with the passive [192.168.100.113/5000] error_code:10065 !

<<<----  [OUT]
2021/10/20 10:17:03:042

Connecting Started...

<<<----  [OUT]
2021/10/20 10:17:03:042

I can't connect with the passive [192.168.100.113/5000] error_code:10065 !

<<<----  [OUT]
2021/10/20 10:17:05:527

Connecting Started...

<<<----  [OUT]
2021/10/20 10:17:05:527

I can't connect with the passive [192.168.100.113/5000] error_code:10065 !

<<<----  [OUT]
2021/10/20 10:17:08:011

Connecting Started...

<<<----  [OUT]
2021/10/20 10:17:08:011

I can't connect with the passive [192.168.100.113/5000] error_code:10065 !

<<<----  [OUT]
2021/10/20 10:17:10:495

Connecting Started...

<<<----  [OUT]
2021/10/20 10:17:10:495

I can't connect with the passive [192.168.100.113/5000] error_code:10065 !

<<<----  [OUT]
2021/10/20 10:17:12:980

Connecting Started...

<<<----  [OUT]
2021/10/20 10:17:12:980

I can't connect with the passive [192.168.100.113/5000] error_code:10065 !

<<<----  [OUT]
2021/10/20 10:17:15:464

Connecting Started...

<<<----  [OUT]
2021/10/20 10:17:15:464

I can't connect with the passive [192.168.100.113/5000] error_code:10065 !

<<<----  [OUT]
2021/10/20 10:17:17:948

Connecting Started...

<<<----  [OUT]
2021/10/20 10:17:17:948

I can't connect with the passive [192.168.100.113/5000] error_code:10065 !

<<<----  [OUT]
2021/10/20 10:17:20:432

Connecting Started...

<<<----  [OUT]
2021/10/20 10:17:20:432

I can't connect with the passive [192.168.100.113/5000] error_code:10065 !

<<<----  [OUT]
2021/10/20 10:17:22:917

Connecting Started...

<<<----  [OUT]
2021/10/20 10:17:22:917

I can't connect with the passive [192.168.100.113/5000] error_code:10065 !

<<<----  [OUT]
2021/10/20 10:17:25:401

Connecting Started...

<<<----  [OUT]
2021/10/20 10:17:25:401

I can't connect with the passive [192.168.100.113/5000] error_code:10065 !

<<<----  [OUT]
2021/10/20 10:17:27:886

Connecting Started...

<<<----  [OUT]
2021/10/20 10:17:27:886

I can't connect with the passive [192.168.100.113/5000] error_code:10065 !

<<<----  [OUT]
2021/10/20 10:17:30:370

Connecting Started...

<<<----  [OUT]
2021/10/20 10:17:30:370

I can't connect with the passive [192.168.100.113/5000] error_code:10065 !

<<<----  [OUT]
2021/10/20 10:17:32:854

Connecting Started...

<<<----  [OUT]
2021/10/20 10:17:32:854

I can't connect with the passive [192.168.100.113/5000] error_code:10065 !

<<<----  [OUT]
2021/10/20 10:17:35:339

Connecting Started...

<<<----  [OUT]
2021/10/20 10:17:35:339

I can't connect with the passive [192.168.100.113/5000] error_code:10065 !

<<<----  [OUT]
2021/10/20 10:17:37:823

Connecting Started...

<<<----  [OUT]
2021/10/20 10:17:37:823

I can't connect with the passive [192.168.100.113/5000] error_code:10065 !

<<<----  [OUT]
2021/10/20 10:17:40:308

Connecting Started...

<<<----  [OUT]
2021/10/20 10:17:40:308

I can't connect with the passive [192.168.100.113/5000] error_code:10065 !

<<<----  [OUT]
2021/10/20 10:17:42:793

Connecting Started...

<<<----  [OUT]
2021/10/20 10:17:42:793

I can't connect with the passive [192.168.100.113/5000] error_code:10065 !

<<<----  [OUT]
2021/10/20 10:17:45:276

Connecting Started...

<<<----  [OUT]
2021/10/20 10:17:45:277

I can't connect with the passive [192.168.100.113/5000] error_code:10065 !

<<<----  [OUT]
2021/10/20 10:17:47:761

Connecting Started...

<<<----  [OUT]
2021/10/20 10:17:47:761

I can't connect with the passive [192.168.100.113/5000] error_code:10065 !

<<<----  [OUT]
2021/10/20 10:17:50:246

Connecting Started...

<<<----  [OUT]
2021/10/20 10:17:50:246

I can't connect with the passive [192.168.100.113/5000] error_code:10065 !

<<<----  [OUT]
2021/10/20 10:17:52:729

Connecting Started...

<<<----  [OUT]
2021/10/20 10:17:52:729

I can't connect with the passive [192.168.100.113/5000] error_code:10065 !

<<<----  [OUT]
2021/10/20 10:17:55:214

Connecting Started...

<<<----  [OUT]
2021/10/20 10:17:55:214

I can't connect with the passive [192.168.100.113/5000] error_code:10065 !

<<<----  [OUT]
2021/10/20 10:17:57:699

Connecting Started...

<<<----  [OUT]
2021/10/20 10:17:57:699

I can't connect with the passive [192.168.100.113/5000] error_code:10065 !

<<<----  [OUT]
2021/10/20 10:18:00:183

Connecting Started...

<<<----  [OUT]
2021/10/20 10:18:00:183

I can't connect with the passive [192.168.100.113/5000] error_code:10065 !

<<<----  [OUT]
2021/10/20 10:18:02:667

Connecting Started...

<<<----  [OUT]
2021/10/20 10:18:02:667

I can't connect with the passive [192.168.100.113/5000] error_code:10065 !

<<<----  [OUT]
2021/10/20 10:18:05:152

Connecting Started...

<<<----  [OUT]
2021/10/20 10:18:05:152

I can't connect with the passive [192.168.100.113/5000] error_code:10065 !

<<<----  [OUT]
2021/10/20 10:18:07:635

Connecting Started...

<<<----  [OUT]
2021/10/20 10:18:07:635

I can't connect with the passive [192.168.100.113/5000] error_code:10065 !

<<<----  [OUT]
2021/10/20 10:18:10:120

Connecting Started...

<<<----  [OUT]
2021/10/20 10:18:10:120

I can't connect with the passive [192.168.100.113/5000] error_code:10065 !

<<<----  [OUT]
2021/10/20 10:18:12:605

Connecting Started...

<<<----  [OUT]
2021/10/20 10:18:12:605

I can't connect with the passive [192.168.100.113/5000] error_code:10065 !

<<<----  [OUT]
2021/10/20 10:18:15:090

Connecting Started...

<<<----  [OUT]
2021/10/20 10:18:15:090

I can't connect with the passive [192.168.100.113/5000] error_code:10065 !

<<<----  [OUT]
2021/10/20 10:18:17:574

Connecting Started...

<<<----  [OUT]
2021/10/20 10:18:17:574

I can't connect with the passive [192.168.100.113/5000] error_code:10065 !

<<<----  [OUT]
2021/10/20 10:18:20:058

Connecting Started...

<<<----  [OUT]
2021/10/20 10:18:20:058

I can't connect with the passive [192.168.100.113/5000] error_code:10065 !

<<<----  [OUT]
2021/10/20 10:18:22:543

Connecting Started...

<<<----  [OUT]
2021/10/20 10:18:22:543

I can't connect with the passive [192.168.100.113/5000] error_code:10065 !

<<<----  [OUT]
2021/10/20 10:18:25:027

Connecting Started...

<<<----  [OUT]
2021/10/20 10:18:25:027

I can't connect with the passive [192.168.100.113/5000] error_code:10065 !

<<<----  [OUT]
2021/10/20 10:18:27:511

Connecting Started...

<<<----  [OUT]
2021/10/20 10:18:27:511

I can't connect with the passive [192.168.100.113/5000] error_code:10065 !

<<<----  [OUT]
2021/10/20 10:18:29:995

Connecting Started...

<<<----  [OUT]
2021/10/20 10:18:29:995

I can't connect with the passive [192.168.100.113/5000] error_code:10065 !

<<<----  [OUT]
2021/10/20 10:18:32:479

Connecting Started...

<<<----  [OUT]
2021/10/20 10:18:32:479

I can't connect with the passive [192.168.100.113/5000] error_code:10065 !

<<<----  [OUT]
2021/10/20 10:18:34:964

Connecting Started...

<<<----  [OUT]
2021/10/20 10:18:34:964

I can't connect with the passive [192.168.100.113/5000] error_code:10065 !

<<<----  [OUT]
2021/10/20 10:18:37:448

Connecting Started...

<<<----  [OUT]
2021/10/20 10:18:37:448

I can't connect with the passive [192.168.100.113/5000] error_code:10065 !

<<<----  [OUT]
2021/10/20 10:18:39:933

Connecting Started...

<<<----  [OUT]
2021/10/20 10:18:39:933

I can't connect with the passive [192.168.100.113/5000] error_code:10065 !

<<<----  [OUT]
2021/10/20 10:18:42:417

Connecting Started...

<<<----  [OUT]
2021/10/20 10:18:42:417

I can't connect with the passive [192.168.100.113/5000] error_code:10065 !

<<<----  [OUT]
2021/10/20 10:18:44:902

Connecting Started...

<<<----  [OUT]
2021/10/20 10:18:44:902

I can't connect with the passive [192.168.100.113/5000] error_code:10065 !

<<<----  [OUT]
2021/10/20 10:18:47:385

Connecting Started...

<<<----  [OUT]
2021/10/20 10:18:47:385

I can't connect with the passive [192.168.100.113/5000] error_code:10065 !

<<<----  [OUT]
2021/10/20 10:18:49:871

Connecting Started...

<<<----  [OUT]
2021/10/20 10:18:49:871

I can't connect with the passive [192.168.100.113/5000] error_code:10065 !

<<<----  [OUT]
2021/10/20 10:18:52:354

Connecting Started...

<<<----  [OUT]
2021/10/20 10:18:52:354

I can't connect with the passive [192.168.100.113/5000] error_code:10065 !

<<<----  [OUT]
2021/10/20 10:18:54:839

Connecting Started...

<<<----  [OUT]
2021/10/20 10:18:54:839

I can't connect with the passive [192.168.100.113/5000] error_code:10065 !

<<<----  [OUT]
2021/10/20 10:18:57:322

Connecting Started...

<<<----  [OUT]
2021/10/20 10:18:57:322

I can't connect with the passive [192.168.100.113/5000] error_code:10065 !

<<<----  [OUT]
2021/10/20 10:18:59:807

Connecting Started...

<<<----  [OUT]
2021/10/20 10:18:59:807

I can't connect with the passive [192.168.100.113/5000] error_code:10065 !

<<<----  [OUT]
2021/10/20 10:19:02:292

Connecting Started...

<<<----  [OUT]
2021/10/20 10:19:02:292

I can't connect with the passive [192.168.100.113/5000] error_code:10065 !

<<<----  [OUT]
2021/10/20 10:19:04:777

Connecting Started...

<<<----  [OUT]
2021/10/20 10:19:04:777

I can't connect with the passive [192.168.100.113/5000] error_code:10065 !

<<<----  [OUT]
2021/10/20 10:19:07:260

Connecting Started...

<<<----  [OUT]
2021/10/20 10:19:07:260

I can't connect with the passive [192.168.100.113/5000] error_code:10065 !

<<<----  [OUT]
2021/10/20 10:19:09:745

Connecting Started...

<<<----  [OUT]
2021/10/20 10:19:09:745

I can't connect with the passive [192.168.100.113/5000] error_code:10065 !

<<<----  [OUT]
2021/10/20 10:19:12:230

Connecting Started...

<<<----  [OUT]
2021/10/20 10:19:12:230

I can't connect with the passive [192.168.100.113/5000] error_code:10065 !

<<<----  [OUT]
2021/10/20 10:19:14:714

Connecting Started...

<<<----  [OUT]
2021/10/20 10:19:14:714

I can't connect with the passive [192.168.100.113/5000] error_code:10065 !

<<<----  [OUT]
2021/10/20 10:19:17:197

Connecting Started...

<<<----  [OUT]
2021/10/20 10:19:17:198

I can't connect with the passive [192.168.100.113/5000] error_code:10065 !

<<<----  [OUT]
2021/10/20 10:19:19:682

Connecting Started...

<<<----  [OUT]
2021/10/20 10:19:19:682

I can't connect with the passive [192.168.100.113/5000] error_code:10065 !

<<<----  [OUT]
2021/10/20 10:19:22:167

Connecting Started...

<<<----  [OUT]
2021/10/20 10:19:22:167

I can't connect with the passive [192.168.100.113/5000] error_code:10065 !

<<<----  [OUT]
2021/10/20 10:19:24:651

Connecting Started...

<<<----  [OUT]
2021/10/20 10:19:24:651

I can't connect with the passive [192.168.100.113/5000] error_code:10065 !

<<<----  [OUT]
2021/10/20 10:19:27:135

Connecting Started...

<<<----  [OUT]
2021/10/20 10:19:27:135

I can't connect with the passive [192.168.100.113/5000] error_code:10065 !

<<<----  [OUT]
2021/10/20 10:19:29:619

Connecting Started...

<<<----  [OUT]
2021/10/20 10:19:29:619

I can't connect with the passive [192.168.100.113/5000] error_code:10065 !

<<<----  [OUT]
2021/10/20 10:19:32:106

Connecting Started...

<<<----  [OUT]
2021/10/20 10:19:32:106

I can't connect with the passive [192.168.100.113/5000] error_code:10065 !

<<<----  [OUT]
2021/10/20 10:19:34:588

Connecting Started...

<<<----  [OUT]
2021/10/20 10:19:34:588

I can't connect with the passive [192.168.100.113/5000] error_code:10065 !

<<<----  [OUT]
2021/10/20 10:19:37:072

Connecting Started...

<<<----  [OUT]
2021/10/20 10:19:37:072

I can't connect with the passive [192.168.100.113/5000] error_code:10065 !

<<<----  [OUT]
2021/10/20 10:19:39:559

Connecting Started...

<<<----  [OUT]
2021/10/20 10:19:39:559

I can't connect with the passive [192.168.100.113/5000] error_code:10065 !

<<<----  [OUT]
2021/10/20 10:19:42:043

Connecting Started...

<<<----  [OUT]
2021/10/20 10:19:42:043

I can't connect with the passive [192.168.100.113/5000] error_code:10065 !

<<<----  [OUT]
2021/10/20 10:19:44:526

Connecting Started...

<<<----  [OUT]
2021/10/20 10:19:44:526

I can't connect with the passive [192.168.100.113/5000] error_code:10065 !

<<<----  [OUT]
2021/10/20 10:19:47:011

Connecting Started...

<<<----  [OUT]
2021/10/20 10:19:47:011

I can't connect with the passive [192.168.100.113/5000] error_code:10065 !

<<<----  [OUT]
2021/10/20 10:19:49:495

Connecting Started...

<<<----  [OUT]
2021/10/20 10:19:49:495

I can't connect with the passive [192.168.100.113/5000] error_code:10065 !

<<<----  [OUT]
2021/10/20 10:19:51:980

Connecting Started...

<<<----  [OUT]
2021/10/20 10:19:51:980

I can't connect with the passive [192.168.100.113/5000] error_code:10065 !

<<<----  [OUT]
2021/10/20 10:19:54:463

Connecting Started...

<<<----  [OUT]
2021/10/20 10:19:54:463

I can't connect with the passive [192.168.100.113/5000] error_code:10065 !

<<<----  [OUT]
2021/10/20 10:19:56:949

Connecting Started...

<<<----  [OUT]
2021/10/20 10:19:56:949

I can't connect with the passive [192.168.100.113/5000] error_code:10065 !

<<<----  [OUT]
2021/10/20 10:19:59:433

Connecting Started...

<<<----  [OUT]
2021/10/20 10:19:59:433

I can't connect with the passive [192.168.100.113/5000] error_code:10065 !

<<<----  [OUT]
2021/10/20 10:20:01:917

Connecting Started...

<<<----  [OUT]
2021/10/20 10:20:01:917

I can't connect with the passive [192.168.100.113/5000] error_code:10065 !

<<<----  [OUT]
2021/10/20 10:20:04:401

Connecting Started...

<<<----  [OUT]
2021/10/20 10:20:04:401

I can't connect with the passive [192.168.100.113/5000] error_code:10065 !

<<<----  [OUT]
2021/10/20 10:20:06:887

Connecting Started...

<<<----  [OUT]
2021/10/20 10:20:06:887

I can't connect with the passive [192.168.100.113/5000] error_code:10065 !

<<<----  [OUT]
2021/10/20 10:20:09:370

Connecting Started...

<<<----  [OUT]
2021/10/20 10:20:09:370

I can't connect with the passive [192.168.100.113/5000] error_code:10065 !

<<<----  [OUT]
2021/10/20 10:20:11:854

Connecting Started...

<<<----  [OUT]
2021/10/20 10:20:11:854

I can't connect with the passive [192.168.100.113/5000] error_code:10065 !

<<<----  [OUT]
2021/10/20 10:20:14:338

Connecting Started...

<<<----  [OUT]
2021/10/20 10:20:14:338

I can't connect with the passive [192.168.100.113/5000] error_code:10065 !

<<<----  [OUT]
2021/10/20 10:20:16:822

Connecting Started...

<<<----  [OUT]
2021/10/20 10:20:16:822

I can't connect with the passive [192.168.100.113/5000] error_code:10065 !

<<<----  [OUT]
2021/10/20 10:20:19:309

Connecting Started...

<<<----  [OUT]
2021/10/20 10:20:19:309

I can't connect with the passive [192.168.100.113/5000] error_code:10065 !

<<<----  [OUT]
2021/10/20 10:20:21:793

Connecting Started...

<<<----  [OUT]
2021/10/20 10:20:21:793

I can't connect with the passive [192.168.100.113/5000] error_code:10065 !

<<<----  [OUT]
2021/10/20 10:20:24:276

Connecting Started...

<<<----  [OUT]
2021/10/20 10:20:24:277

I can't connect with the passive [192.168.100.113/5000] error_code:10065 !

<<<----  [OUT]
2021/10/20 10:20:26:761

Connecting Started...

<<<----  [OUT]
2021/10/20 10:20:26:761

I can't connect with the passive [192.168.100.113/5000] error_code:10065 !

<<<----  [OUT]
2021/10/20 10:20:29:245

Connecting Started...

<<<----  [OUT]
2021/10/20 10:20:29:245

I can't connect with the passive [192.168.100.113/5000] error_code:10065 !

<<<----  [OUT]
2021/10/20 10:20:31:731

Connecting Started...

<<<----  [OUT]
2021/10/20 10:20:31:731

I can't connect with the passive [192.168.100.113/5000] error_code:10065 !

<<<----  [OUT]
2021/10/20 10:20:34:213

Connecting Started...

<<<----  [OUT]
2021/10/20 10:20:34:213

I can't connect with the passive [192.168.100.113/5000] error_code:10065 !

<<<----  [OUT]
2021/10/20 10:20:36:699

Connecting Started...

<<<----  [OUT]
2021/10/20 10:20:36:699

I can't connect with the passive [192.168.100.113/5000] error_code:10065 !

<<<----  [OUT]
2021/10/20 10:20:39:184

Connecting Started...

<<<----  [OUT]
2021/10/20 10:20:39:184

I can't connect with the passive [192.168.100.113/5000] error_code:10065 !

<<<----  [OUT]
2021/10/20 10:20:41:668

Connecting Started...

<<<----  [OUT]
2021/10/20 10:20:41:668

I can't connect with the passive [192.168.100.113/5000] error_code:10065 !

<<<----  [OUT]
2021/10/20 10:20:44:153

Connecting Started...

<<<----  [OUT]
2021/10/20 10:20:44:153

I can't connect with the passive [192.168.100.113/5000] error_code:10065 !

<<<----  [OUT]
2021/10/20 10:20:46:636

Connecting Started...

<<<----  [OUT]
2021/10/20 10:20:46:636

I can't connect with the passive [192.168.100.113/5000] error_code:10065 !

<<<----  [OUT]
2021/10/20 10:20:49:120

Connecting Started...

<<<----  [OUT]
2021/10/20 10:20:49:120

I can't connect with the passive [192.168.100.113/5000] error_code:10065 !

<<<----  [OUT]
2021/10/20 10:20:51:605

Connecting Started...

<<<----  [OUT]
2021/10/20 10:20:51:605

I can't connect with the passive [192.168.100.113/5000] error_code:10065 !

<<<----  [OUT]
2021/10/20 10:20:54:090

Connecting Started...

<<<----  [OUT]
2021/10/20 10:20:54:090

I can't connect with the passive [192.168.100.113/5000] error_code:10065 !

<<<----  [OUT]
2021/10/20 10:20:56:573

Connecting Started...

<<<----  [OUT]
2021/10/20 10:20:56:573

I can't connect with the passive [192.168.100.113/5000] error_code:10065 !

<<<----  [OUT]
2021/10/20 10:20:59:059

Connecting Started...

<<<----  [OUT]
2021/10/20 10:20:59:059

I can't connect with the passive [192.168.100.113/5000] error_code:10065 !

<<<----  [OUT]
2021/10/20 10:21:01:543

Connecting Started...

<<<----  [OUT]
2021/10/20 10:21:01:543

I can't connect with the passive [192.168.100.113/5000] error_code:10065 !

<<<----  [OUT]
2021/10/20 10:21:04:027

Connecting Started...

<<<----  [OUT]
2021/10/20 10:21:04:027

I can't connect with the passive [192.168.100.113/5000] error_code:10065 !

<<<----  [OUT]
2021/10/20 10:21:06:511

Connecting Started...

<<<----  [OUT]
2021/10/20 10:21:06:511

I can't connect with the passive [192.168.100.113/5000] error_code:10065 !

<<<----  [OUT]
2021/10/20 10:21:08:996

Connecting Started...

<<<----  [OUT]
2021/10/20 10:21:08:996

I can't connect with the passive [192.168.100.113/5000] error_code:10065 !

<<<----  [OUT]
2021/10/20 10:21:11:479

Connecting Started...

<<<----  [OUT]
2021/10/20 10:21:11:479

I can't connect with the passive [192.168.100.113/5000] error_code:10065 !

<<<----  [OUT]
2021/10/20 10:21:13:963

Connecting Started...

<<<----  [OUT]
2021/10/20 10:21:13:963

I can't connect with the passive [192.168.100.113/5000] error_code:10065 !

<<<----  [OUT]
2021/10/20 10:21:16:449

Connecting Started...

<<<----  [OUT]
2021/10/20 10:21:16:449

I can't connect with the passive [192.168.100.113/5000] error_code:10065 !

<<<----  [OUT]
2021/10/20 10:21:18:932

Connecting Started...

<<<----  [OUT]
2021/10/20 10:21:18:932

I can't connect with the passive [192.168.100.113/5000] error_code:10065 !

<<<----  [OUT]
2021/10/20 10:21:21:418

Connecting Started...

<<<----  [OUT]
2021/10/20 10:21:21:418

I can't connect with the passive [192.168.100.113/5000] error_code:10065 !

<<<----  [OUT]
2021/10/20 10:21:23:901

Connecting Started...

<<<----  [OUT]
2021/10/20 10:21:23:901

I can't connect with the passive [192.168.100.113/5000] error_code:10065 !

<<<----  [OUT]
2021/10/20 10:21:26:385

Connecting Started...

<<<----  [OUT]
2021/10/20 10:21:26:385

I can't connect with the passive [192.168.100.113/5000] error_code:10065 !

<<<----  [OUT]
2021/10/20 10:21:28:870

Connecting Started...

<<<----  [OUT]
2021/10/20 10:21:28:870

I can't connect with the passive [192.168.100.113/5000] error_code:10065 !

<<<----  [OUT]
2021/10/20 10:21:31:354

Connecting Started...

<<<----  [OUT]
2021/10/20 10:21:31:354

I can't connect with the passive [192.168.100.113/5000] error_code:10065 !

<<<----  [OUT]
2021/10/20 10:21:33:840

Connecting Started...

<<<----  [OUT]
2021/10/20 10:21:33:840

I can't connect with the passive [192.168.100.113/5000] error_code:10065 !

<<<----  [OUT]
2021/10/20 10:21:36:322

Connecting Started...

<<<----  [OUT]
2021/10/20 10:21:36:322

I can't connect with the passive [192.168.100.113/5000] error_code:10065 !

<<<----  [OUT]
2021/10/20 10:21:38:807

Connecting Started...

<<<----  [OUT]
2021/10/20 10:21:38:807

I can't connect with the passive [192.168.100.113/5000] error_code:10065 !

<<<----  [OUT]
2021/10/20 10:21:41:292

Connecting Started...

<<<----  [OUT]
2021/10/20 10:21:41:292

I can't connect with the passive [192.168.100.113/5000] error_code:10065 !

<<<----  [OUT]
2021/10/20 10:21:43:777

Connecting Started...

<<<----  [OUT]
2021/10/20 10:21:43:777

I can't connect with the passive [192.168.100.113/5000] error_code:10065 !

<<<----  [OUT]
2021/10/20 10:21:46:260

Connecting Started...

<<<----  [OUT]
2021/10/20 10:21:46:260

I can't connect with the passive [192.168.100.113/5000] error_code:10065 !

<<<----  [OUT]
2021/10/20 10:21:48:746

Connecting Started...

<<<----  [OUT]
2021/10/20 10:21:48:746

I can't connect with the passive [192.168.100.113/5000] error_code:10065 !

<<<----  [OUT]
2021/10/20 10:21:51:229

Connecting Started...

<<<----  [OUT]
2021/10/20 10:21:51:229

I can't connect with the passive [192.168.100.113/5000] error_code:10065 !

<<<----  [OUT]
2021/10/20 10:21:53:714

Connecting Started...

<<<----  [OUT]
2021/10/20 10:21:53:714

I can't connect with the passive [192.168.100.113/5000] error_code:10065 !

<<<----  [OUT]
2021/10/20 10:21:56:198

Connecting Started...

<<<----  [OUT]
2021/10/20 10:21:56:198

I can't connect with the passive [192.168.100.113/5000] error_code:10065 !
