
<<<----  [OUT]
2021/10/20 21:47:04:459

---------------------------------------------------------------------
// FA : Start Log ...


<<<----  [OUT]
2021/10/20 21:47:04:467

//-------------------------------------------------------------
Property Information

   Driver Type [HSMS]
   Driver Mode [ACTIVE]
   IP    [192.168.100.113]
   Port  [5000]
//-------------------------------------------------------------


<<<----  [OUT]
2021/10/20 21:47:05:069

Auto-Start Started ... (Active)

<<<----  [OUT]
2021/10/20 21:47:05:159

Auto-Start Started ...  Waiting Stop-Connection.

<<<----  [OUT]
2021/10/20 21:47:05:159

Auto-Start Started ...  Waiting Open-Socket.

<<<----  [OUT]
2021/10/20 21:47:05:185

Socket Open Started...

<<<----  [OUT]
2021/10/20 21:47:05:185

Socket Open Completed...

<<<----  [OUT]
2021/10/20 21:47:05:185

Connecting Started...

<<<----  [OUT]
2021/10/20 21:47:05:250

Auto-Start Completed ...  (Active)

<<<----  [OUT]
2021/10/20 21:47:26:248

I can't connect with the passive [192.168.100.113/5000] error_code:10060 !

<<<----  [OUT]
2021/10/20 21:47:28:730

Connecting Started...

<<<----  [OUT]
2021/10/20 21:47:49:765

I can't connect with the passive [192.168.100.113/5000] error_code:10060 !

<<<----  [OUT]
2021/10/20 21:47:52:244

Connecting Started...

<<<----  [OUT]
2021/10/20 21:48:13:302

I can't connect with the passive [192.168.100.113/5000] error_code:10060 !

<<<----  [OUT]
2021/10/20 21:48:15:792

Connecting Started...

<<<----  [OUT]
2021/10/20 21:48:36:837

I can't connect with the passive [192.168.100.113/5000] error_code:10060 !

<<<----  [OUT]
2021/10/20 21:48:39:324

Connecting Started...

<<<----  [OUT]
2021/10/20 21:49:00:352

I can't connect with the passive [192.168.100.113/5000] error_code:10060 !

<<<----  [OUT]
2021/10/20 21:49:02:838

Connecting Started...

<<<----  [OUT]
2021/10/20 21:49:23:879

I can't connect with the passive [192.168.100.113/5000] error_code:10060 !

<<<----  [OUT]
2021/10/20 21:49:26:371

Connecting Started...

<<<----  [OUT]
2021/10/20 21:49:47:425

I can't connect with the passive [192.168.100.113/5000] error_code:10060 !

<<<----  [OUT]
2021/10/20 21:49:49:902

Connecting Started...

<<<----  [OUT]
2021/10/20 21:50:10:937

I can't connect with the passive [192.168.100.113/5000] error_code:10060 !

<<<----  [OUT]
2021/10/20 21:50:13:418

Connecting Started...

<<<----  [OUT]
2021/10/20 21:50:34:480

I can't connect with the passive [192.168.100.113/5000] error_code:10060 !

<<<----  [OUT]
2021/10/20 21:50:36:964

Connecting Started...

<<<----  [OUT]
2021/10/20 21:50:58:007

I can't connect with the passive [192.168.100.113/5000] error_code:10060 !

<<<----  [OUT]
2021/10/20 21:51:00:495

Connecting Started...

<<<----  [OUT]
2021/10/20 21:51:21:552

I can't connect with the passive [192.168.100.113/5000] error_code:10060 !

<<<----  [OUT]
2021/10/20 21:51:24:043

Connecting Started...

<<<----  [OUT]
2021/10/20 21:51:45:064

I can't connect with the passive [192.168.100.113/5000] error_code:10060 !

<<<----  [OUT]
2021/10/20 21:51:47:543

Connecting Started...

<<<----  [OUT]
2021/10/20 21:52:08:580

I can't connect with the passive [192.168.100.113/5000] error_code:10060 !

<<<----  [OUT]
2021/10/20 21:52:11:058

Connecting Started...

<<<----  [OUT]
2021/10/20 21:52:32:083

I can't connect with the passive [192.168.100.113/5000] error_code:10060 !

<<<----  [OUT]
2021/10/20 21:52:34:574

Connecting Started...

<<<----  [OUT]
2021/10/20 21:52:55:609

I can't connect with the passive [192.168.100.113/5000] error_code:10060 !

<<<----  [OUT]
2021/10/20 21:52:58:088

Connecting Started...

<<<----  [OUT]
2021/10/20 21:53:19:132

I can't connect with the passive [192.168.100.113/5000] error_code:10060 !

<<<----  [OUT]
2021/10/20 21:53:21:620

Connecting Started...

<<<----  [OUT]
2021/10/20 21:53:42:671

I can't connect with the passive [192.168.100.113/5000] error_code:10060 !

<<<----  [OUT]
2021/10/20 21:53:45:152

Connecting Started...

<<<----  [OUT]
2021/10/20 21:54:06:194

I can't connect with the passive [192.168.100.113/5000] error_code:10060 !

<<<----  [OUT]
2021/10/20 21:54:08:682

Connecting Started...

<<<----  [OUT]
2021/10/20 21:54:29:721

I can't connect with the passive [192.168.100.113/5000] error_code:10060 !

<<<----  [OUT]
2021/10/20 21:54:32:198

Connecting Started...

<<<----  [OUT]
2021/10/20 21:54:53:254

I can't connect with the passive [192.168.100.113/5000] error_code:10060 !

<<<----  [OUT]
2021/10/20 21:54:55:745

Connecting Started...

<<<----  [OUT]
2021/10/20 21:55:16:779

I can't connect with the passive [192.168.100.113/5000] error_code:10060 !

<<<----  [OUT]
2021/10/20 21:55:19:261

Connecting Started...

<<<----  [OUT]
2021/10/20 21:55:40:293

I can't connect with the passive [192.168.100.113/5000] error_code:10060 !

<<<----  [OUT]
2021/10/20 21:55:42:777

Connecting Started...

<<<----  [OUT]
2021/10/20 21:56:03:808

I can't connect with the passive [192.168.100.113/5000] error_code:10060 !

<<<----  [OUT]
2021/10/20 21:56:06:293

Connecting Started...

<<<----  [OUT]
2021/10/20 21:56:27:347

I can't connect with the passive [192.168.100.113/5000] error_code:10060 !

<<<----  [OUT]
2021/10/20 21:56:29:839

Connecting Started...

<<<----  [OUT]
2021/10/20 21:56:50:871

I can't connect with the passive [192.168.100.113/5000] error_code:10060 !

<<<----  [OUT]
2021/10/20 21:56:53:355

Connecting Started...

<<<----  [OUT]
2021/10/20 21:57:14:390

I can't connect with the passive [192.168.100.113/5000] error_code:10060 !

<<<----  [OUT]
2021/10/20 21:57:16:871

Connecting Started...

<<<----  [OUT]
2021/10/20 21:57:37:903

I can't connect with the passive [192.168.100.113/5000] error_code:10060 !

<<<----  [OUT]
2021/10/20 21:57:40:385

Connecting Started...

<<<----  [OUT]
2021/10/20 21:58:01:419

I can't connect with the passive [192.168.100.113/5000] error_code:10060 !

<<<----  [OUT]
2021/10/20 21:58:03:901

Connecting Started...

<<<----  [OUT]
2021/10/20 21:58:24:934

I can't connect with the passive [192.168.100.113/5000] error_code:10060 !

<<<----  [OUT]
2021/10/20 21:58:27:417

Connecting Started...

<<<----  [OUT]
2021/10/20 21:58:48:449

I can't connect with the passive [192.168.100.113/5000] error_code:10060 !

<<<----  [OUT]
2021/10/20 21:58:50:933

Connecting Started...

<<<----  [OUT]
2021/10/20 21:59:11:974

I can't connect with the passive [192.168.100.113/5000] error_code:10060 !

<<<----  [OUT]
2021/10/20 21:59:14:463

Connecting Started...

<<<----  [OUT]
2021/10/20 21:59:35:518

I can't connect with the passive [192.168.100.113/5000] error_code:10060 !

<<<----  [OUT]
2021/10/20 21:59:37:995

Connecting Started...

<<<----  [OUT]
2021/10/20 21:59:59:029

I can't connect with the passive [192.168.100.113/5000] error_code:10060 !
