
<<<----  [OUT]
2021/10/20 08:00:10:726

I can't connect with the passive [192.168.100.113/5000] error_code:10060 !

<<<----  [OUT]
2021/10/20 08:00:13:215

Connecting Started...

<<<----  [OUT]
2021/10/20 08:00:34:253

I can't connect with the passive [192.168.100.113/5000] error_code:10060 !

<<<----  [OUT]
2021/10/20 08:00:36:729

Connecting Started...

<<<----  [OUT]
2021/10/20 08:00:57:777

I can't connect with the passive [192.168.100.113/5000] error_code:10060 !

<<<----  [OUT]
2021/10/20 08:01:00:260

Connecting Started...

<<<----  [OUT]
2021/10/20 08:01:21:310

I can't connect with the passive [192.168.100.113/5000] error_code:10060 !

<<<----  [OUT]
2021/10/20 08:01:23:792

Connecting Started...

<<<----  [OUT]
2021/10/20 08:01:44:841

I can't connect with the passive [192.168.100.113/5000] error_code:10060 !

<<<----  [OUT]
2021/10/20 08:01:47:324

Connecting Started...

<<<----  [OUT]
2021/10/20 08:02:08:363

I can't connect with the passive [192.168.100.113/5000] error_code:10060 !

<<<----  [OUT]
2021/10/20 08:02:10:840

Connecting Started...

<<<----  [OUT]
2021/10/20 08:02:31:874

I can't connect with the passive [192.168.100.113/5000] error_code:10060 !

<<<----  [OUT]
2021/10/20 08:02:34:356

Connecting Started...

<<<----  [OUT]
2021/10/20 08:02:55:393

I can't connect with the passive [192.168.100.113/5000] error_code:10060 !

<<<----  [OUT]
2021/10/20 08:02:57:870

Connecting Started...

<<<----  [OUT]
2021/10/20 08:03:18:917

I can't connect with the passive [192.168.100.113/5000] error_code:10060 !

<<<----  [OUT]
2021/10/20 08:03:21:402

Connecting Started...

<<<----  [OUT]
2021/10/20 08:03:42:460

I can't connect with the passive [192.168.100.113/5000] error_code:10060 !

<<<----  [OUT]
2021/10/20 08:03:44:948

Connecting Started...

<<<----  [OUT]
2021/10/20 08:04:06:000

I can't connect with the passive [192.168.100.113/5000] error_code:10060 !

<<<----  [OUT]
2021/10/20 08:04:08:480

Connecting Started...

<<<----  [OUT]
2021/10/20 08:04:29:541

I can't connect with the passive [192.168.100.113/5000] error_code:10060 !

<<<----  [OUT]
2021/10/20 08:04:32:027

Connecting Started...

<<<----  [OUT]
2021/10/20 08:04:53:069

I can't connect with the passive [192.168.100.113/5000] error_code:10060 !

<<<----  [OUT]
2021/10/20 08:04:55:558

Connecting Started...

<<<----  [OUT]
2021/10/20 08:05:16:587

I can't connect with the passive [192.168.100.113/5000] error_code:10060 !

<<<----  [OUT]
2021/10/20 08:05:19:074

Connecting Started...

<<<----  [OUT]
2021/10/20 08:05:40:112

I can't connect with the passive [192.168.100.113/5000] error_code:10060 !

<<<----  [OUT]
2021/10/20 08:05:42:588

Connecting Started...

<<<----  [OUT]
2021/10/20 08:06:03:628

I can't connect with the passive [192.168.100.113/5000] error_code:10060 !

<<<----  [OUT]
2021/10/20 08:06:06:105

Connecting Started...

<<<----  [OUT]
2021/10/20 08:06:27:147

I can't connect with the passive [192.168.100.113/5000] error_code:10060 !

<<<----  [OUT]
2021/10/20 08:06:29:636

Connecting Started...

<<<----  [OUT]
2021/10/20 08:06:50:665

I can't connect with the passive [192.168.100.113/5000] error_code:10060 !

<<<----  [OUT]
2021/10/20 08:06:53:152

Connecting Started...

<<<----  [OUT]
2021/10/20 08:07:14:201

I can't connect with the passive [192.168.100.113/5000] error_code:10060 !

<<<----  [OUT]
2021/10/20 08:07:16:682

Connecting Started...

<<<----  [OUT]
2021/10/20 08:07:37:706

I can't connect with the passive [192.168.100.113/5000] error_code:10060 !

<<<----  [OUT]
2021/10/20 08:07:40:182

Connecting Started...

<<<----  [OUT]
2021/10/20 08:08:01:246

I can't connect with the passive [192.168.100.113/5000] error_code:10060 !

<<<----  [OUT]
2021/10/20 08:08:03:729

Connecting Started...

<<<----  [OUT]
2021/10/20 08:08:24:783

I can't connect with the passive [192.168.100.113/5000] error_code:10060 !

<<<----  [OUT]
2021/10/20 08:08:27:262

Connecting Started...

<<<----  [OUT]
2021/10/20 08:08:48:312

I can't connect with the passive [192.168.100.113/5000] error_code:10060 !

<<<----  [OUT]
2021/10/20 08:08:50:793

Connecting Started...

<<<----  [OUT]
2021/10/20 08:09:11:845

I can't connect with the passive [192.168.100.113/5000] error_code:10060 !

<<<----  [OUT]
2021/10/20 08:09:14:324

Connecting Started...

<<<----  [OUT]
2021/10/20 08:09:35:359

I can't connect with the passive [192.168.100.113/5000] error_code:10060 !

<<<----  [OUT]
2021/10/20 08:09:37:839

Connecting Started...

<<<----  [OUT]
2021/10/20 08:09:58:882

I can't connect with the passive [192.168.100.113/5000] error_code:10060 !

<<<----  [OUT]
2021/10/20 08:10:01:370

Connecting Started...

<<<----  [OUT]
2021/10/20 08:10:22:425

I can't connect with the passive [192.168.100.113/5000] error_code:10060 !

<<<----  [OUT]
2021/10/20 08:10:24:901

Connecting Started...

<<<----  [OUT]
2021/10/20 08:10:45:931

I can't connect with the passive [192.168.100.113/5000] error_code:10060 !

<<<----  [OUT]
2021/10/20 08:10:48:417

Connecting Started...

<<<----  [OUT]
2021/10/20 08:11:09:467

I can't connect with the passive [192.168.100.113/5000] error_code:10060 !

<<<----  [OUT]
2021/10/20 08:11:11:949

Connecting Started...

<<<----  [OUT]
2021/10/20 08:11:32:993

I can't connect with the passive [192.168.100.113/5000] error_code:10060 !

<<<----  [OUT]
2021/10/20 08:11:35:479

Connecting Started...

<<<----  [OUT]
2021/10/20 08:11:56:515

I can't connect with the passive [192.168.100.113/5000] error_code:10060 !

<<<----  [OUT]
2021/10/20 08:11:58:996

Connecting Started...

<<<----  [OUT]
2021/10/20 08:12:20:024

I can't connect with the passive [192.168.100.113/5000] error_code:10060 !

<<<----  [OUT]
2021/10/20 08:12:22:511

Connecting Started...

<<<----  [OUT]
2021/10/20 08:12:43:539

I can't connect with the passive [192.168.100.113/5000] error_code:10060 !

<<<----  [OUT]
2021/10/20 08:12:46:027

Connecting Started...

<<<----  [OUT]
2021/10/20 08:13:07:064

I can't connect with the passive [192.168.100.113/5000] error_code:10060 !

<<<----  [OUT]
2021/10/20 08:13:09:542

Connecting Started...

<<<----  [OUT]
2021/10/20 08:13:30:594

I can't connect with the passive [192.168.100.113/5000] error_code:10060 !

<<<----  [OUT]
2021/10/20 08:13:33:073

Connecting Started...

<<<----  [OUT]
2021/10/20 08:13:54:089

I can't connect with the passive [192.168.100.113/5000] error_code:10060 !

<<<----  [OUT]
2021/10/20 08:13:56:574

Connecting Started...

<<<----  [OUT]
2021/10/20 08:14:17:595

I can't connect with the passive [192.168.100.113/5000] error_code:10060 !

<<<----  [OUT]
2021/10/20 08:14:20:073

Connecting Started...

<<<----  [OUT]
2021/10/20 08:14:41:120

I can't connect with the passive [192.168.100.113/5000] error_code:10060 !

<<<----  [OUT]
2021/10/20 08:14:43:605

Connecting Started...

<<<----  [OUT]
2021/10/20 08:15:04:642

I can't connect with the passive [192.168.100.113/5000] error_code:10060 !

<<<----  [OUT]
2021/10/20 08:15:07:120

Connecting Started...

<<<----  [OUT]
2021/10/20 08:15:28:152

I can't connect with the passive [192.168.100.113/5000] error_code:10060 !

<<<----  [OUT]
2021/10/20 08:15:30:636

Connecting Started...

<<<----  [OUT]
2021/10/20 08:15:51:657

I can't connect with the passive [192.168.100.113/5000] error_code:10060 !

<<<----  [OUT]
2021/10/20 08:15:54:136

Connecting Started...

<<<----  [OUT]
2021/10/20 08:16:15:187

I can't connect with the passive [192.168.100.113/5000] error_code:10060 !

<<<----  [OUT]
2021/10/20 08:16:17:667

Connecting Started...

<<<----  [OUT]
2021/10/20 08:17:36:820

---------------------------------------------------------------------
// FA : Start Log ...


<<<----  [OUT]
2021/10/20 08:17:36:829

//-------------------------------------------------------------
Property Information

   Driver Type [HSMS]
   Driver Mode [ACTIVE]
   IP    [192.168.100.113]
   Port  [5000]
//-------------------------------------------------------------


<<<----  [OUT]
2021/10/20 08:17:37:431

Auto-Start Started ... (Active)

<<<----  [OUT]
2021/10/20 08:17:37:522

Auto-Start Started ...  Waiting Stop-Connection.

<<<----  [OUT]
2021/10/20 08:17:37:522

Auto-Start Started ...  Waiting Open-Socket.

<<<----  [OUT]
2021/10/20 08:17:37:547

Socket Open Started...

<<<----  [OUT]
2021/10/20 08:17:37:547

Socket Open Completed...

<<<----  [OUT]
2021/10/20 08:17:37:547

Connecting Started...

<<<----  [OUT]
2021/10/20 08:17:37:612

Auto-Start Completed ...  (Active)

<<<----  [OUT]
2021/10/20 08:17:58:583

I can't connect with the passive [192.168.100.113/5000] error_code:10060 !

<<<----  [OUT]
2021/10/20 08:18:01:073

Connecting Started...

<<<----  [OUT]
2021/10/20 08:18:22:098

I can't connect with the passive [192.168.100.113/5000] error_code:10060 !

<<<----  [OUT]
2021/10/20 08:18:24:588

Connecting Started...

<<<----  [OUT]
2021/10/20 08:18:45:614

I can't connect with the passive [192.168.100.113/5000] error_code:10060 !

<<<----  [OUT]
2021/10/20 08:18:48:105

Connecting Started...

<<<----  [OUT]
2021/10/20 08:19:09:139

I can't connect with the passive [192.168.100.113/5000] error_code:10060 !

<<<----  [OUT]
2021/10/20 08:19:11:620

Connecting Started...

<<<----  [OUT]
2021/10/20 08:19:32:634

I can't connect with the passive [192.168.100.113/5000] error_code:10060 !

<<<----  [OUT]
2021/10/20 08:19:35:121

Connecting Started...

<<<----  [OUT]
2021/10/20 08:19:56:138

I can't connect with the passive [192.168.100.113/5000] error_code:10060 !

<<<----  [OUT]
2021/10/20 08:19:58:621

Connecting Started...

<<<----  [OUT]
2021/10/20 08:20:19:661

I can't connect with the passive [192.168.100.113/5000] error_code:10060 !

<<<----  [OUT]
2021/10/20 08:20:22:151

Connecting Started...

<<<----  [OUT]
2021/10/20 08:20:43:207

I can't connect with the passive [192.168.100.113/5000] error_code:10060 !

<<<----  [OUT]
2021/10/20 08:20:45:699

Connecting Started...

<<<----  [OUT]
2021/10/20 08:21:06:750

I can't connect with the passive [192.168.100.113/5000] error_code:10060 !

<<<----  [OUT]
2021/10/20 08:21:09:229

Connecting Started...

<<<----  [OUT]
2021/10/20 08:21:30:272

I can't connect with the passive [192.168.100.113/5000] error_code:10060 !

<<<----  [OUT]
2021/10/20 08:21:32:762

Connecting Started...

<<<----  [OUT]
2021/10/20 08:21:53:824

I can't connect with the passive [192.168.100.113/5000] error_code:10060 !

<<<----  [OUT]
2021/10/20 08:21:56:308

Connecting Started...

<<<----  [OUT]
2021/10/20 08:22:17:357

I can't connect with the passive [192.168.100.113/5000] error_code:10060 !

<<<----  [OUT]
2021/10/20 08:22:19:839

Connecting Started...

<<<----  [OUT]
2021/10/20 08:22:40:880

I can't connect with the passive [192.168.100.113/5000] error_code:10060 !

<<<----  [OUT]
2021/10/20 08:22:43:371

Connecting Started...

<<<----  [OUT]
2021/10/20 08:23:04:411

I can't connect with the passive [192.168.100.113/5000] error_code:10060 !

<<<----  [OUT]
2021/10/20 08:23:06:902

Connecting Started...

<<<----  [OUT]
2021/10/20 08:23:27:939

I can't connect with the passive [192.168.100.113/5000] error_code:10060 !

<<<----  [OUT]
2021/10/20 08:23:30:417

Connecting Started...

<<<----  [OUT]
2021/10/20 08:23:51:458

I can't connect with the passive [192.168.100.113/5000] error_code:10060 !

<<<----  [OUT]
2021/10/20 08:23:53:949

Connecting Started...

<<<----  [OUT]
2021/10/20 08:24:14:999

I can't connect with the passive [192.168.100.113/5000] error_code:10060 !

<<<----  [OUT]
2021/10/20 08:24:17:479

Connecting Started...

<<<----  [OUT]
2021/10/20 08:24:38:535

I can't connect with the passive [192.168.100.113/5000] error_code:10060 !

<<<----  [OUT]
2021/10/20 08:24:41:010

Connecting Started...

<<<----  [OUT]
2021/10/20 08:25:02:056

I can't connect with the passive [192.168.100.113/5000] error_code:10060 !

<<<----  [OUT]
2021/10/20 08:25:04:541

Connecting Started...

<<<----  [OUT]
2021/10/20 08:25:25:571

I can't connect with the passive [192.168.100.113/5000] error_code:10060 !

<<<----  [OUT]
2021/10/20 08:25:28:058

Connecting Started...

<<<----  [OUT]
2021/10/20 08:25:49:085

I can't connect with the passive [192.168.100.113/5000] error_code:10060 !

<<<----  [OUT]
2021/10/20 08:25:51:574

Connecting Started...

<<<----  [OUT]
2021/10/20 08:26:12:608

I can't connect with the passive [192.168.100.113/5000] error_code:10060 !

<<<----  [OUT]
2021/10/20 08:26:15:089

Connecting Started...

<<<----  [OUT]
2021/10/20 08:26:36:115

I can't connect with the passive [192.168.100.113/5000] error_code:10060 !

<<<----  [OUT]
2021/10/20 08:26:38:605

Connecting Started...

<<<----  [OUT]
2021/10/20 08:26:59:629

I can't connect with the passive [192.168.100.113/5000] error_code:10060 !

<<<----  [OUT]
2021/10/20 08:27:02:121

Connecting Started...

<<<----  [OUT]
2021/10/20 08:27:23:158

I can't connect with the passive [192.168.100.113/5000] error_code:10060 !

<<<----  [OUT]
2021/10/20 08:27:25:636

Connecting Started...

<<<----  [OUT]
2021/10/20 08:27:46:665

I can't connect with the passive [192.168.100.113/5000] error_code:10060 !

<<<----  [OUT]
2021/10/20 08:27:49:152

Connecting Started...

<<<----  [OUT]
2021/10/20 08:28:10:210

I can't connect with the passive [192.168.100.113/5000] error_code:10060 !

<<<----  [OUT]
2021/10/20 08:28:12:698

Connecting Started...

<<<----  [OUT]
2021/10/20 08:28:33:740

I can't connect with the passive [192.168.100.113/5000] error_code:10060 !

<<<----  [OUT]
2021/10/20 08:28:36:230

Connecting Started...

<<<----  [OUT]
2021/10/20 08:28:57:254

I can't connect with the passive [192.168.100.113/5000] error_code:10060 !

<<<----  [OUT]
2021/10/20 08:28:59:746

Connecting Started...

<<<----  [OUT]
2021/10/20 08:29:20:787

I can't connect with the passive [192.168.100.113/5000] error_code:10060 !

<<<----  [OUT]
2021/10/20 08:29:23:276

Connecting Started...
