
<<<----  [OUT]
2021/10/20 02:08:10:993

---------------------------------------------------------------------
// FA : Start Log ...


<<<----  [OUT]
2021/10/20 02:08:11:015

//-------------------------------------------------------------
Property Information

   Driver Type [HSMS]
   Driver Mode [ACTIVE]
   IP    [192.168.100.113]
   Port  [5000]
//-------------------------------------------------------------


<<<----  [OUT]
2021/10/20 02:08:11:618

Auto-Start Started ... (Active)

<<<----  [OUT]
2021/10/20 02:08:11:709

Auto-Start Started ...  Waiting Stop-Connection.

<<<----  [OUT]
2021/10/20 02:08:11:709

Auto-Start Started ...  Waiting Open-Socket.

<<<----  [OUT]
2021/10/20 02:08:11:720

Socket Open Started...

<<<----  [OUT]
2021/10/20 02:08:11:720

Socket Open Completed...

<<<----  [OUT]
2021/10/20 02:08:11:720

Connecting Started...

<<<----  [OUT]
2021/10/20 02:08:11:799

Auto-Start Completed ...  (Active)

<<<----  [OUT]
2021/10/20 02:08:32:742

I can't connect with the passive [192.168.100.113/5000] error_code:10060 !

<<<----  [OUT]
2021/10/20 02:08:35:224

Connecting Started...

<<<----  [OUT]
2021/10/20 02:08:56:240

I can't connect with the passive [192.168.100.113/5000] error_code:10060 !

<<<----  [OUT]
2021/10/20 02:08:58:724

Connecting Started...

<<<----  [OUT]
2021/10/20 02:09:19:766

I can't connect with the passive [192.168.100.113/5000] error_code:10060 !

<<<----  [OUT]
2021/10/20 02:09:22:255

Connecting Started...

<<<----  [OUT]
2021/10/20 02:09:43:290

I can't connect with the passive [192.168.100.113/5000] error_code:10060 !

<<<----  [OUT]
2021/10/20 02:09:45:771

Connecting Started...

<<<----  [OUT]
2021/10/20 02:10:06:792

I can't connect with the passive [192.168.100.113/5000] error_code:10060 !

<<<----  [OUT]
2021/10/20 02:10:09:270

Connecting Started...

<<<----  [OUT]
2021/10/20 02:10:30:306

I can't connect with the passive [192.168.100.113/5000] error_code:10060 !

<<<----  [OUT]
2021/10/20 02:10:32:786

Connecting Started...

<<<----  [OUT]
2021/10/20 02:10:53:823

I can't connect with the passive [192.168.100.113/5000] error_code:10060 !

<<<----  [OUT]
2021/10/20 02:10:56:302

Connecting Started...

<<<----  [OUT]
2021/10/20 02:11:17:331

I can't connect with the passive [192.168.100.113/5000] error_code:10060 !

<<<----  [OUT]
2021/10/20 02:11:19:818

Connecting Started...

<<<----  [OUT]
2021/10/20 02:11:40:863

I can't connect with the passive [192.168.100.113/5000] error_code:10060 !

<<<----  [OUT]
2021/10/20 02:11:43:348

Connecting Started...

<<<----  [OUT]
2021/10/20 02:12:04:390

I can't connect with the passive [192.168.100.113/5000] error_code:10060 !

<<<----  [OUT]
2021/10/20 02:12:06:880

Connecting Started...

<<<----  [OUT]
2021/10/20 02:12:27:911

I can't connect with the passive [192.168.100.113/5000] error_code:10060 !

<<<----  [OUT]
2021/10/20 02:12:30:396

Connecting Started...

<<<----  [OUT]
2021/10/20 02:12:51:449

I can't connect with the passive [192.168.100.113/5000] error_code:10060 !

<<<----  [OUT]
2021/10/20 02:12:53:928

Connecting Started...

<<<----  [OUT]
2021/10/20 02:13:14:959

I can't connect with the passive [192.168.100.113/5000] error_code:10060 !

<<<----  [OUT]
2021/10/20 02:13:17:443

Connecting Started...

<<<----  [OUT]
2021/10/20 02:13:38:468

I can't connect with the passive [192.168.100.113/5000] error_code:10060 !

<<<----  [OUT]
2021/10/20 02:13:40:960

Connecting Started...

<<<----  [OUT]
2021/10/20 02:14:01:988

I can't connect with the passive [192.168.100.113/5000] error_code:10060 !

<<<----  [OUT]
2021/10/20 02:14:04:473

Connecting Started...

<<<----  [OUT]
2021/10/20 02:14:25:518

I can't connect with the passive [192.168.100.113/5000] error_code:10060 !

<<<----  [OUT]
2021/10/20 02:14:28:004

Connecting Started...

<<<----  [OUT]
2021/10/20 02:14:49:062

I can't connect with the passive [192.168.100.113/5000] error_code:10060 !

<<<----  [OUT]
2021/10/20 02:14:51:552

Connecting Started...

<<<----  [OUT]
2021/10/20 02:15:12:594

I can't connect with the passive [192.168.100.113/5000] error_code:10060 !

<<<----  [OUT]
2021/10/20 02:15:15:083

Connecting Started...

<<<----  [OUT]
2021/10/20 02:15:36:132

I can't connect with the passive [192.168.100.113/5000] error_code:10060 !

<<<----  [OUT]
2021/10/20 02:15:38:614

Connecting Started...

<<<----  [OUT]
2021/10/20 02:15:59:651

I can't connect with the passive [192.168.100.113/5000] error_code:10060 !

<<<----  [OUT]
2021/10/20 02:16:02:129

Connecting Started...

<<<----  [OUT]
2021/10/20 02:16:23:143

I can't connect with the passive [192.168.100.113/5000] error_code:10060 !

<<<----  [OUT]
2021/10/20 02:16:25:630

Connecting Started...

<<<----  [OUT]
2021/10/20 02:16:46:674

I can't connect with the passive [192.168.100.113/5000] error_code:10060 !

<<<----  [OUT]
2021/10/20 02:16:49:161

Connecting Started...

<<<----  [OUT]
2021/10/20 02:17:10:204

I can't connect with the passive [192.168.100.113/5000] error_code:10060 !

<<<----  [OUT]
2021/10/20 02:17:12:693

Connecting Started...

<<<----  [OUT]
2021/10/20 02:17:33:713

I can't connect with the passive [192.168.100.113/5000] error_code:10060 !

<<<----  [OUT]
2021/10/20 02:17:36:192

Connecting Started...

<<<----  [OUT]
2021/10/20 02:17:57:232

I can't connect with the passive [192.168.100.113/5000] error_code:10060 !

<<<----  [OUT]
2021/10/20 02:17:59:723

Connecting Started...

<<<----  [OUT]
2021/10/20 02:18:20:768

I can't connect with the passive [192.168.100.113/5000] error_code:10060 !

<<<----  [OUT]
2021/10/20 02:18:23:255

Connecting Started...

<<<----  [OUT]
2021/10/20 02:18:44:309

I can't connect with the passive [192.168.100.113/5000] error_code:10060 !

<<<----  [OUT]
2021/10/20 02:18:46:786

Connecting Started...

<<<----  [OUT]
2021/10/20 02:19:07:819

I can't connect with the passive [192.168.100.113/5000] error_code:10060 !

<<<----  [OUT]
2021/10/20 02:19:10:302

Connecting Started...

<<<----  [OUT]
2021/10/20 02:19:31:335

I can't connect with the passive [192.168.100.113/5000] error_code:10060 !

<<<----  [OUT]
2021/10/20 02:19:33:817

Connecting Started...

<<<----  [OUT]
2021/10/20 02:19:54:856

I can't connect with the passive [192.168.100.113/5000] error_code:10060 !

<<<----  [OUT]
2021/10/20 02:19:57:334

Connecting Started...

<<<----  [OUT]
2021/10/20 02:20:18:384

I can't connect with the passive [192.168.100.113/5000] error_code:10060 !

<<<----  [OUT]
2021/10/20 02:20:20:864

Connecting Started...

<<<----  [OUT]
2021/10/20 02:20:41:886

I can't connect with the passive [192.168.100.113/5000] error_code:10060 !

<<<----  [OUT]
2021/10/20 02:20:44:365

Connecting Started...

<<<----  [OUT]
2021/10/20 02:21:05:422

I can't connect with the passive [192.168.100.113/5000] error_code:10060 !

<<<----  [OUT]
2021/10/20 02:21:07:912

Connecting Started...

<<<----  [OUT]
2021/10/20 02:21:28:960

I can't connect with the passive [192.168.100.113/5000] error_code:10060 !

<<<----  [OUT]
2021/10/20 02:21:31:442

Connecting Started...

<<<----  [OUT]
2021/10/20 02:21:52:466

I can't connect with the passive [192.168.100.113/5000] error_code:10060 !

<<<----  [OUT]
2021/10/20 02:21:54:943

Connecting Started...

<<<----  [OUT]
2021/10/20 02:22:15:988

I can't connect with the passive [192.168.100.113/5000] error_code:10060 !

<<<----  [OUT]
2021/10/20 02:22:18:473

Connecting Started...

<<<----  [OUT]
2021/10/20 02:22:39:517

I can't connect with the passive [192.168.100.113/5000] error_code:10060 !

<<<----  [OUT]
2021/10/20 02:22:42:005

Connecting Started...

<<<----  [OUT]
2021/10/20 02:23:03:053

I can't connect with the passive [192.168.100.113/5000] error_code:10060 !

<<<----  [OUT]
2021/10/20 02:23:05:536

Connecting Started...

<<<----  [OUT]
2021/10/20 02:23:26:588

I can't connect with the passive [192.168.100.113/5000] error_code:10060 !

<<<----  [OUT]
2021/10/20 02:23:29:067

Connecting Started...

<<<----  [OUT]
2021/10/20 02:23:50:098

I can't connect with the passive [192.168.100.113/5000] error_code:10060 !

<<<----  [OUT]
2021/10/20 02:23:52:583

Connecting Started...

<<<----  [OUT]
2021/10/20 02:24:13:614

I can't connect with the passive [192.168.100.113/5000] error_code:10060 !

<<<----  [OUT]
2021/10/20 02:24:16:098

Connecting Started...

<<<----  [OUT]
2021/10/20 02:24:37:122

I can't connect with the passive [192.168.100.113/5000] error_code:10060 !

<<<----  [OUT]
2021/10/20 02:24:39:599

Connecting Started...

<<<----  [OUT]
2021/10/20 02:26:23:659

---------------------------------------------------------------------
// FA : Start Log ...


<<<----  [OUT]
2021/10/20 02:26:23:676

//-------------------------------------------------------------
Property Information

   Driver Type [HSMS]
   Driver Mode [ACTIVE]
   IP    [192.168.100.113]
   Port  [5000]
//-------------------------------------------------------------


<<<----  [OUT]
2021/10/20 02:26:24:278

Auto-Start Started ... (Active)

<<<----  [OUT]
2021/10/20 02:26:24:369

Auto-Start Started ...  Waiting Stop-Connection.

<<<----  [OUT]
2021/10/20 02:26:24:369

Auto-Start Started ...  Waiting Open-Socket.

<<<----  [OUT]
2021/10/20 02:26:24:385

Socket Open Started...

<<<----  [OUT]
2021/10/20 02:26:24:385

Socket Open Completed...

<<<----  [OUT]
2021/10/20 02:26:24:385

Connecting Started...

<<<----  [OUT]
2021/10/20 02:26:24:459

Auto-Start Completed ...  (Active)

<<<----  [OUT]
2021/10/20 02:26:45:435

I can't connect with the passive [192.168.100.113/5000] error_code:10060 !

<<<----  [OUT]
2021/10/20 02:26:47:912

Connecting Started...

<<<----  [OUT]
2021/10/20 02:27:08:950

I can't connect with the passive [192.168.100.113/5000] error_code:10060 !

<<<----  [OUT]
2021/10/20 02:27:11:428

Connecting Started...

<<<----  [OUT]
2021/10/20 02:27:32:453

I can't connect with the passive [192.168.100.113/5000] error_code:10060 !

<<<----  [OUT]
2021/10/20 02:27:34:942

Connecting Started...

<<<----  [OUT]
2021/10/20 02:27:55:973

I can't connect with the passive [192.168.100.113/5000] error_code:10060 !

<<<----  [OUT]
2021/10/20 02:27:58:458

Connecting Started...

<<<----  [OUT]
2021/10/20 02:28:19:520

I can't connect with the passive [192.168.100.113/5000] error_code:10060 !

<<<----  [OUT]
2021/10/20 02:28:22:006

Connecting Started...

<<<----  [OUT]
2021/10/20 02:28:43:040

I can't connect with the passive [192.168.100.113/5000] error_code:10060 !

<<<----  [OUT]
2021/10/20 02:28:45:521

Connecting Started...

<<<----  [OUT]
2021/10/20 02:29:06:555

I can't connect with the passive [192.168.100.113/5000] error_code:10060 !

<<<----  [OUT]
2021/10/20 02:29:09:036

Connecting Started...

<<<----  [OUT]
2021/10/20 02:29:30:081

I can't connect with the passive [192.168.100.113/5000] error_code:10060 !

<<<----  [OUT]
2021/10/20 02:29:32:567

Connecting Started...

<<<----  [OUT]
2021/10/20 02:29:53:597

I can't connect with the passive [192.168.100.113/5000] error_code:10060 !

<<<----  [OUT]
2021/10/20 02:29:56:082

Connecting Started...

<<<----  [OUT]
2021/10/20 02:30:17:129

I can't connect with the passive [192.168.100.113/5000] error_code:10060 !

<<<----  [OUT]
2021/10/20 02:30:19:615

Connecting Started...

<<<----  [OUT]
2021/10/20 02:30:40:659

I can't connect with the passive [192.168.100.113/5000] error_code:10060 !

<<<----  [OUT]
2021/10/20 02:30:43:145

Connecting Started...

<<<----  [OUT]
2021/10/20 02:31:04:186

I can't connect with the passive [192.168.100.113/5000] error_code:10060 !

<<<----  [OUT]
2021/10/20 02:31:06:678

Connecting Started...

<<<----  [OUT]
2021/10/20 02:31:27:706

I can't connect with the passive [192.168.100.113/5000] error_code:10060 !

<<<----  [OUT]
2021/10/20 02:31:30:192

Connecting Started...

<<<----  [OUT]
2021/10/20 02:31:51:224

I can't connect with the passive [192.168.100.113/5000] error_code:10060 !

<<<----  [OUT]
2021/10/20 02:31:53:709

Connecting Started...

<<<----  [OUT]
2021/10/20 02:32:14:748

I can't connect with the passive [192.168.100.113/5000] error_code:10060 !

<<<----  [OUT]
2021/10/20 02:32:17:239

Connecting Started...

<<<----  [OUT]
2021/10/20 02:32:38:283

I can't connect with the passive [192.168.100.113/5000] error_code:10060 !

<<<----  [OUT]
2021/10/20 02:32:40:771

Connecting Started...

<<<----  [OUT]
2021/10/20 02:33:01:796

I can't connect with the passive [192.168.100.113/5000] error_code:10060 !

<<<----  [OUT]
2021/10/20 02:33:04:287

Connecting Started...

<<<----  [OUT]
2021/10/20 02:33:25:331

I can't connect with the passive [192.168.100.113/5000] error_code:10060 !

<<<----  [OUT]
2021/10/20 02:33:27:817

Connecting Started...

<<<----  [OUT]
2021/10/20 02:33:48:888

I can't connect with the passive [192.168.100.113/5000] error_code:10060 !

<<<----  [OUT]
2021/10/20 02:33:51:364

Connecting Started...

<<<----  [OUT]
2021/10/20 02:34:12:410

I can't connect with the passive [192.168.100.113/5000] error_code:10060 !

<<<----  [OUT]
2021/10/20 02:34:14:896

Connecting Started...

<<<----  [OUT]
2021/10/20 02:34:35:917

I can't connect with the passive [192.168.100.113/5000] error_code:10060 !

<<<----  [OUT]
2021/10/20 02:34:38:396

Connecting Started...

<<<----  [OUT]
2021/10/20 02:34:59:415

I can't connect with the passive [192.168.100.113/5000] error_code:10060 !

<<<----  [OUT]
2021/10/20 02:35:01:896

Connecting Started...

<<<----  [OUT]
2021/10/20 02:35:22:942

I can't connect with the passive [192.168.100.113/5000] error_code:10060 !

<<<----  [OUT]
2021/10/20 02:35:25:427

Connecting Started...

<<<----  [OUT]
2021/10/20 02:35:46:483

I can't connect with the passive [192.168.100.113/5000] error_code:10060 !

<<<----  [OUT]
2021/10/20 02:35:48:973

Connecting Started...

<<<----  [OUT]
2021/10/20 02:36:10:004

I can't connect with the passive [192.168.100.113/5000] error_code:10060 !

<<<----  [OUT]
2021/10/20 02:36:12:490

Connecting Started...

<<<----  [OUT]
2021/10/20 02:36:33:542

I can't connect with the passive [192.168.100.113/5000] error_code:10060 !

<<<----  [OUT]
2021/10/20 02:36:36:021

Connecting Started...

<<<----  [OUT]
2021/10/20 02:36:57:065

I can't connect with the passive [192.168.100.113/5000] error_code:10060 !

<<<----  [OUT]
2021/10/20 02:36:59:552

Connecting Started...

<<<----  [OUT]
2021/10/20 02:37:20:582

I can't connect with the passive [192.168.100.113/5000] error_code:10060 !

<<<----  [OUT]
2021/10/20 02:37:23:067

Connecting Started...

<<<----  [OUT]
2021/10/20 02:37:44:095

I can't connect with the passive [192.168.100.113/5000] error_code:10060 !

<<<----  [OUT]
2021/10/20 02:37:46:583

Connecting Started...

<<<----  [OUT]
2021/10/20 02:38:55:883

---------------------------------------------------------------------
// FA : Start Log ...


<<<----  [OUT]
2021/10/20 02:38:55:901

//-------------------------------------------------------------
Property Information

   Driver Type [HSMS]
   Driver Mode [ACTIVE]
   IP    [192.168.100.113]
   Port  [5000]
//-------------------------------------------------------------


<<<----  [OUT]
2021/10/20 02:38:56:502

Auto-Start Started ... (Active)

<<<----  [OUT]
2021/10/20 02:38:56:593

Auto-Start Started ...  Waiting Stop-Connection.

<<<----  [OUT]
2021/10/20 02:38:56:593

Auto-Start Started ...  Waiting Open-Socket.

<<<----  [OUT]
2021/10/20 02:38:56:609

Socket Open Started...

<<<----  [OUT]
2021/10/20 02:38:56:609

Socket Open Completed...

<<<----  [OUT]
2021/10/20 02:38:56:609

Connecting Started...

<<<----  [OUT]
2021/10/20 02:38:56:684

Auto-Start Completed ...  (Active)

<<<----  [OUT]
2021/10/20 02:39:17:648

I can't connect with the passive [192.168.100.113/5000] error_code:10060 !

<<<----  [OUT]
2021/10/20 02:39:20:129

Connecting Started...

<<<----  [OUT]
2021/10/20 02:39:41:186

I can't connect with the passive [192.168.100.113/5000] error_code:10060 !

<<<----  [OUT]
2021/10/20 02:39:43:676

Connecting Started...

<<<----  [OUT]
2021/10/20 02:40:04:726

I can't connect with the passive [192.168.100.113/5000] error_code:10060 !

<<<----  [OUT]
2021/10/20 02:40:07:208

Connecting Started...

<<<----  [OUT]
2021/10/20 02:40:28:240

I can't connect with the passive [192.168.100.113/5000] error_code:10060 !

<<<----  [OUT]
2021/10/20 02:40:30:723

Connecting Started...

<<<----  [OUT]
2021/10/20 02:40:51:763

I can't connect with the passive [192.168.100.113/5000] error_code:10060 !

<<<----  [OUT]
2021/10/20 02:40:54:239

Connecting Started...

<<<----  [OUT]
2021/10/20 02:41:15:283

I can't connect with the passive [192.168.100.113/5000] error_code:10060 !

<<<----  [OUT]
2021/10/20 02:41:17:770

Connecting Started...

<<<----  [OUT]
2021/10/20 02:41:38:814

I can't connect with the passive [192.168.100.113/5000] error_code:10060 !

<<<----  [OUT]
2021/10/20 02:41:41:302

Connecting Started...

<<<----  [OUT]
2021/10/20 02:43:24:396

---------------------------------------------------------------------
// FA : Start Log ...


<<<----  [OUT]
2021/10/20 02:43:24:405

//-------------------------------------------------------------
Property Information

   Driver Type [HSMS]
   Driver Mode [ACTIVE]
   IP    [192.168.100.113]
   Port  [5000]
//-------------------------------------------------------------


<<<----  [OUT]
2021/10/20 02:43:25:007

Auto-Start Started ... (Active)

<<<----  [OUT]
2021/10/20 02:43:25:098

Auto-Start Started ...  Waiting Stop-Connection.

<<<----  [OUT]
2021/10/20 02:43:25:098

Auto-Start Started ...  Waiting Open-Socket.

<<<----  [OUT]
2021/10/20 02:43:25:122

Socket Open Started...

<<<----  [OUT]
2021/10/20 02:43:25:122

Socket Open Completed...

<<<----  [OUT]
2021/10/20 02:43:25:122

Connecting Started...

<<<----  [OUT]
2021/10/20 02:43:25:189

Auto-Start Completed ...  (Active)

<<<----  [OUT]
2021/10/20 02:43:46:166

I can't connect with the passive [192.168.100.113/5000] error_code:10060 !

<<<----  [OUT]
2021/10/20 02:43:48:646

Connecting Started...

<<<----  [OUT]
2021/10/20 02:44:09:687

I can't connect with the passive [192.168.100.113/5000] error_code:10060 !

<<<----  [OUT]
2021/10/20 02:44:12:176

Connecting Started...

<<<----  [OUT]
2021/10/20 02:44:33:204

I can't connect with the passive [192.168.100.113/5000] error_code:10060 !

<<<----  [OUT]
2021/10/20 02:44:35:693

Connecting Started...

<<<----  [OUT]
2021/10/20 02:44:56:745

I can't connect with the passive [192.168.100.113/5000] error_code:10060 !

<<<----  [OUT]
2021/10/20 02:44:59:224

Connecting Started...

<<<----  [OUT]
2021/10/20 02:45:20:252

I can't connect with the passive [192.168.100.113/5000] error_code:10060 !

<<<----  [OUT]
2021/10/20 02:45:22:739

Connecting Started...

<<<----  [OUT]
2021/10/20 02:45:43:781

I can't connect with the passive [192.168.100.113/5000] error_code:10060 !

<<<----  [OUT]
2021/10/20 02:45:46:270

Connecting Started...

<<<----  [OUT]
2021/10/20 02:46:07:305

I can't connect with the passive [192.168.100.113/5000] error_code:10060 !

<<<----  [OUT]
2021/10/20 02:46:09:787

Connecting Started...

<<<----  [OUT]
2021/10/20 02:46:30:818

I can't connect with the passive [192.168.100.113/5000] error_code:10060 !

<<<----  [OUT]
2021/10/20 02:46:33:303

Connecting Started...

<<<----  [OUT]
2021/10/20 02:46:54:330

I can't connect with the passive [192.168.100.113/5000] error_code:10060 !

<<<----  [OUT]
2021/10/20 02:46:56:817

Connecting Started...

<<<----  [OUT]
2021/10/20 02:47:17:844

I can't connect with the passive [192.168.100.113/5000] error_code:10060 !

<<<----  [OUT]
2021/10/20 02:47:20:333

Connecting Started...

<<<----  [OUT]
2021/10/20 02:47:41:378

I can't connect with the passive [192.168.100.113/5000] error_code:10060 !

<<<----  [OUT]
2021/10/20 02:47:43:864

Connecting Started...

<<<----  [OUT]
2021/10/20 02:48:04:901

I can't connect with the passive [192.168.100.113/5000] error_code:10060 !

<<<----  [OUT]
2021/10/20 02:48:07:380

Connecting Started...

<<<----  [OUT]
2021/10/20 02:48:28:428

I can't connect with the passive [192.168.100.113/5000] error_code:10060 !

<<<----  [OUT]
2021/10/20 02:48:30:911

Connecting Started...

<<<----  [OUT]
2021/10/20 02:48:51:940

I can't connect with the passive [192.168.100.113/5000] error_code:10060 !

<<<----  [OUT]
2021/10/20 02:48:54:427

Connecting Started...

<<<----  [OUT]
2021/10/20 02:49:15:463

I can't connect with the passive [192.168.100.113/5000] error_code:10060 !

<<<----  [OUT]
2021/10/20 02:49:17:943

Connecting Started...

<<<----  [OUT]
2021/10/20 02:49:38:971

I can't connect with the passive [192.168.100.113/5000] error_code:10060 !

<<<----  [OUT]
2021/10/20 02:49:41:458

Connecting Started...

<<<----  [OUT]
2021/10/20 02:50:02:494

I can't connect with the passive [192.168.100.113/5000] error_code:10060 !

<<<----  [OUT]
2021/10/20 02:50:04:974

Connecting Started...

<<<----  [OUT]
2021/10/20 02:50:26:016

I can't connect with the passive [192.168.100.113/5000] error_code:10060 !

<<<----  [OUT]
2021/10/20 02:50:28:505

Connecting Started...

<<<----  [OUT]
2021/10/20 02:50:49:528

I can't connect with the passive [192.168.100.113/5000] error_code:10060 !

<<<----  [OUT]
2021/10/20 02:50:52:006

Connecting Started...

<<<----  [OUT]
2021/10/20 02:51:13:049

I can't connect with the passive [192.168.100.113/5000] error_code:10060 !

<<<----  [OUT]
2021/10/20 02:51:15:536

Connecting Started...

<<<----  [OUT]
2021/10/20 02:51:36:569

I can't connect with the passive [192.168.100.113/5000] error_code:10060 !

<<<----  [OUT]
2021/10/20 02:51:39:051

Connecting Started...

<<<----  [OUT]
2021/10/20 02:52:00:101

I can't connect with the passive [192.168.100.113/5000] error_code:10060 !

<<<----  [OUT]
2021/10/20 02:52:02:584

Connecting Started...

<<<----  [OUT]
2021/10/20 02:52:23:635

I can't connect with the passive [192.168.100.113/5000] error_code:10060 !

<<<----  [OUT]
2021/10/20 02:52:26:114

Connecting Started...

<<<----  [OUT]
2021/10/20 02:52:47:156

I can't connect with the passive [192.168.100.113/5000] error_code:10060 !

<<<----  [OUT]
2021/10/20 02:52:49:645

Connecting Started...

<<<----  [OUT]
2021/10/20 02:53:10:690

I can't connect with the passive [192.168.100.113/5000] error_code:10060 !

<<<----  [OUT]
2021/10/20 02:53:13:177

Connecting Started...

<<<----  [OUT]
2021/10/20 02:53:34:212

I can't connect with the passive [192.168.100.113/5000] error_code:10060 !

<<<----  [OUT]
2021/10/20 02:53:36:692

Connecting Started...

<<<----  [OUT]
2021/10/20 02:53:57:737

I can't connect with the passive [192.168.100.113/5000] error_code:10060 !

<<<----  [OUT]
2021/10/20 02:54:00:224

Connecting Started...

<<<----  [OUT]
2021/10/20 02:54:21:279

I can't connect with the passive [192.168.100.113/5000] error_code:10060 !

<<<----  [OUT]
2021/10/20 02:54:23:770

Connecting Started...

<<<----  [OUT]
2021/10/20 02:54:44:794

I can't connect with the passive [192.168.100.113/5000] error_code:10060 !

<<<----  [OUT]
2021/10/20 02:54:47:271

Connecting Started...

<<<----  [OUT]
2021/10/20 02:55:08:290

I can't connect with the passive [192.168.100.113/5000] error_code:10060 !

<<<----  [OUT]
2021/10/20 02:55:10:771

Connecting Started...

<<<----  [OUT]
2021/10/20 02:55:31:799

I can't connect with the passive [192.168.100.113/5000] error_code:10060 !

<<<----  [OUT]
2021/10/20 02:55:34:285

Connecting Started...

<<<----  [OUT]
2021/10/20 02:55:55:333

I can't connect with the passive [192.168.100.113/5000] error_code:10060 !

<<<----  [OUT]
2021/10/20 02:55:57:817

Connecting Started...

<<<----  [OUT]
2021/10/20 02:56:18:849

I can't connect with the passive [192.168.100.113/5000] error_code:10060 !

<<<----  [OUT]
2021/10/20 02:56:21:333

Connecting Started...

<<<----  [OUT]
2021/10/20 02:56:42:371

I can't connect with the passive [192.168.100.113/5000] error_code:10060 !

<<<----  [OUT]
2021/10/20 02:56:44:849

Connecting Started...

<<<----  [OUT]
2021/10/20 02:57:05:890

I can't connect with the passive [192.168.100.113/5000] error_code:10060 !

<<<----  [OUT]
2021/10/20 02:57:08:381

Connecting Started...

<<<----  [OUT]
2021/10/20 02:57:29:426

I can't connect with the passive [192.168.100.113/5000] error_code:10060 !

<<<----  [OUT]
2021/10/20 02:57:31:911

Connecting Started...

<<<----  [OUT]
2021/10/20 02:57:52:937

I can't connect with the passive [192.168.100.113/5000] error_code:10060 !

<<<----  [OUT]
2021/10/20 02:57:55:427

Connecting Started...

<<<----  [OUT]
2021/10/20 02:58:16:475

I can't connect with the passive [192.168.100.113/5000] error_code:10060 !

<<<----  [OUT]
2021/10/20 02:58:18:959

Connecting Started...

<<<----  [OUT]
2021/10/20 02:58:40:004

I can't connect with the passive [192.168.100.113/5000] error_code:10060 !

<<<----  [OUT]
2021/10/20 02:58:42:490

Connecting Started...

<<<----  [OUT]
2021/10/20 02:59:03:520

I can't connect with the passive [192.168.100.113/5000] error_code:10060 !

<<<----  [OUT]
2021/10/20 02:59:06:005

Connecting Started...

<<<----  [OUT]
2021/10/20 02:59:27:038

I can't connect with the passive [192.168.100.113/5000] error_code:10060 !

<<<----  [OUT]
2021/10/20 02:59:29:520

Connecting Started...

<<<----  [OUT]
2021/10/20 02:59:50:537

I can't connect with the passive [192.168.100.113/5000] error_code:10060 !

<<<----  [OUT]
2021/10/20 02:59:53:021

Connecting Started...
