
<<<----  [OUT]
2021/10/20 03:00:14:070

I can't connect with the passive [192.168.100.113/5000] error_code:10060 !

<<<----  [OUT]
2021/10/20 03:00:16:551

Connecting Started...

<<<----  [OUT]
2021/10/20 03:01:15:285

---------------------------------------------------------------------
// FA : Start Log ...


<<<----  [OUT]
2021/10/20 03:01:15:307

//-------------------------------------------------------------
Property Information

   Driver Type [HSMS]
   Driver Mode [ACTIVE]
   IP    [192.168.100.113]
   Port  [5000]
//-------------------------------------------------------------


<<<----  [OUT]
2021/10/20 03:01:15:908

Auto-Start Started ... (Active)

<<<----  [OUT]
2021/10/20 03:01:15:999

Auto-Start Started ...  Waiting Stop-Connection.

<<<----  [OUT]
2021/10/20 03:01:15:999

Auto-Start Started ...  Waiting Open-Socket.

<<<----  [OUT]
2021/10/20 03:01:16:011

Socket Open Started...

<<<----  [OUT]
2021/10/20 03:01:16:011

Socket Open Completed...

<<<----  [OUT]
2021/10/20 03:01:16:011

Connecting Started...

<<<----  [OUT]
2021/10/20 03:01:16:090

Auto-Start Completed ...  (Active)

<<<----  [OUT]
2021/10/20 03:01:37:064

I can't connect with the passive [192.168.100.113/5000] error_code:10060 !

<<<----  [OUT]
2021/10/20 03:01:39:551

Connecting Started...

<<<----  [OUT]
2021/10/20 03:02:00:576

I can't connect with the passive [192.168.100.113/5000] error_code:10060 !

<<<----  [OUT]
2021/10/20 03:02:03:068

Connecting Started...

<<<----  [OUT]
2021/10/20 03:02:24:112

I can't connect with the passive [192.168.100.113/5000] error_code:10060 !

<<<----  [OUT]
2021/10/20 03:02:26:598

Connecting Started...

<<<----  [OUT]
2021/10/20 03:02:47:627

I can't connect with the passive [192.168.100.113/5000] error_code:10060 !

<<<----  [OUT]
2021/10/20 03:02:50:114

Connecting Started...

<<<----  [OUT]
2021/10/20 03:03:11:148

I can't connect with the passive [192.168.100.113/5000] error_code:10060 !

<<<----  [OUT]
2021/10/20 03:03:13:629

Connecting Started...

<<<----  [OUT]
2021/10/20 03:03:34:666

I can't connect with the passive [192.168.100.113/5000] error_code:10060 !

<<<----  [OUT]
2021/10/20 03:03:37:146

Connecting Started...

<<<----  [OUT]
2021/10/20 03:03:58:189

I can't connect with the passive [192.168.100.113/5000] error_code:10060 !

<<<----  [OUT]
2021/10/20 03:04:00:677

Connecting Started...

<<<----  [OUT]
2021/10/20 03:04:21:724

I can't connect with the passive [192.168.100.113/5000] error_code:10060 !

<<<----  [OUT]
2021/10/20 03:04:24:209

Connecting Started...

<<<----  [OUT]
2021/10/20 03:04:45:251

I can't connect with the passive [192.168.100.113/5000] error_code:10060 !

<<<----  [OUT]
2021/10/20 03:04:47:739

Connecting Started...

<<<----  [OUT]
2021/10/20 03:05:08:776

I can't connect with the passive [192.168.100.113/5000] error_code:10060 !

<<<----  [OUT]
2021/10/20 03:05:11:255

Connecting Started...

<<<----  [OUT]
2021/10/20 03:05:32:298

I can't connect with the passive [192.168.100.113/5000] error_code:10060 !

<<<----  [OUT]
2021/10/20 03:05:34:787

Connecting Started...

<<<----  [OUT]
2021/10/20 03:05:55:822

I can't connect with the passive [192.168.100.113/5000] error_code:10060 !

<<<----  [OUT]
2021/10/20 03:05:58:302

Connecting Started...

<<<----  [OUT]
2021/10/20 03:06:19:329

I can't connect with the passive [192.168.100.113/5000] error_code:10060 !

<<<----  [OUT]
2021/10/20 03:06:21:818

Connecting Started...

<<<----  [OUT]
2021/10/20 03:06:42:853

I can't connect with the passive [192.168.100.113/5000] error_code:10060 !

<<<----  [OUT]
2021/10/20 03:06:45:332

Connecting Started...

<<<----  [OUT]
2021/10/20 03:07:06:380

I can't connect with the passive [192.168.100.113/5000] error_code:10060 !

<<<----  [OUT]
2021/10/20 03:07:08:863

Connecting Started...
