
/*   SYSTEM GUI CHANNEL  
SYS.MODULE.INDEX     
SYS.USER.LEVEL       
SYS.USER.ID          

SYS.AUTO_LOGOUT.FLAG         // ENABLE  DISABLE  
SYS.AUTO_LOGOUT.TIME         // 1 ~ 360 : min    
SYS.GUI.CLICK.FLAG      	    // YES  NO          

SYS.TOTAL_ALARM.POPUP.MODE   // ENABLE  DISABLE  
*/

ModuleID : 0 
   01)  SYS.MODULE.INDEX 
   02)  SYS.KEYPAD.FLAG 
   03)  SYS.USER.LEVEL 
   04)  SYS.USER.ID 
   05)  SYS.AUTO_LOGOUT.FLAG 
   06)  SYS.TOTAL_ALARM.POPUP.MODE 
   07)  SYS.AUTO_LOGOUT.TIME 
   08)  SYS.GUI.CLICK.FLAG 
   09)  MODULE.INDEX 
   10)   
   11)  MODULE.MSG 
   12)  GUI.MODULE_NAME 
   13)  GUI.MAIN 
   14)  GUI.BOTTOM 
   15)  GUI.SIDE_TOP 
   16)  GUI.BTM_MAIN 
   17)  GUI.BOTTOM_OPERATE 
   18)  GUI.BOTTOM_OPERATE_BFF 
   19)  GUI.BOTTOM_CONFIG 
   20)  GUI.BOTTOM_CONFIG_BFF 
   21)  GUI.BOTTOM_MAINT 
   22)  GUI.BOTTOM_MAINT_BFF 
   23)  GUI.BOTTOM_RECIPE 
   24)  GUI.BOTTOM_RECIPE_BFF 
   25)  GUI.BOTTOM_DATALOG 
   26)  GUI.BOTTOM_DATALOG_BFF 
   27)  GUI.BOTTOM_HOST 
   28)  GUI.BOTTOM_HOST_BFF 
   29)  GUI.BOTTOM_PART_BFF 
   30)  GUI.BOTTOM_UTILITY_BFF 
   31)  GUI.BOTTOM_OPERATE_MSG 
   32)  GUI.BOTTOM_CONFIG_MSG 
   33)  GUI.BOTTOM_MAINT_MSG 
   34)  GUI.BOTTOM_RECIPE_MSG 
   35)  GUI.BOTTOM_DATALOG_MSG 
   36)  GUI.BOTTOM_HOST_MSG 
   37)  GUI.BOTTOM_PART_MSG 
   38)  GUI.BOTTOM_UTILITY_MSG 
   39)  SCR.TOP 
   40)  SCR.BTM_NAVI 
   41)  SCR.BTM_MAIN 
   42)  SCR.BOTTOM 
   43)  SCR.CLIENT 
   44)  SCR.CLIENT.OPERATE_BFF 
   45)  SCR.CLIENT.UTILITY_PM1_BFF 
   46)  SCR.CLIENT.UTILITY_PM2_BFF 
   47)  SCR.CLIENT.UTILITY_PM3_BFF 
   48)  SCR.CLIENT.UTILITY_PM4_BFF 
   49)  SCR.CLIENT.UTILITY_PM5_BFF 
   50)  SCR.CLIENT.UTILITY_PM6_BFF 
