
/*   SYSTEM GUI CHANNEL  
SYS.MODULE.INDEX     
SYS.USER.LEVEL       
SYS.USER.ID          

SYS.AUTO_LOGOUT.FLAG         // ENABLE  DISABLE  
SYS.AUTO_LOGOUT.TIME         // 1 ~ 360 : min    
SYS.GUI.CLICK.FLAG      	    // YES  NO          

SYS.TOTAL_ALARM.POPUP.MODE   // ENABLE  DISABLE  
*/

ModuleID : 1 
   01)  GUI.BOTTOM 
   02)  GUI.BTM_MAIN 
   03)  GUI.BOTTOM_OPERATE_BFF 
   04)  GUI.BOTTOM_CONFIG_BFF 
   05)  GUI.BOTTOM_MAINT_BFF 
   06)  GUI.BOTTOM_RECIPE_BFF 
   07)  GUI.BOTTOM_DATALOG_BFF 
   08)  GUI.BOTTOM_PART_BFF 
   09)  GUI.BOTTOM_UTILITY_BFF 
   10)  SCR.BTM_MAIN 
   11)  SCR.CLIENT 
   12)  SCR.BOTTOM 
   13)  GUI.POPUP.MNT.ARB 
   14)  GUI.POPUP.MNT.VACROBOT 
   15)  GUI.POPUP.MNT.VAL 
   16)  GUI.POPUP.MNT.LL1 
   17)  GUI.POPUP.MNT.LL2 
   18)  GUI.POPUP.MNT.E1 
   19)  GUI.POPUP.MNT.E2 
   20)  GUI.POPUP.MNT.E3 
   21)  GUI.POPUP.MNT.RF1 
   22)  GUI.POPUP.MNT.RF2 
   23)  GUI.POPUP.MNT.RF3 
