
<<<----  [OUT]
2022/02/06 11:00:10:651

---------------------------------------------------------------------
// FA : Start Log ...


<<<----  [OUT]
2022/02/06 11:00:10:668

//-------------------------------------------------------------
Property Information

   Driver Type [HSMS]
   Driver Mode [ACTIVE]
   IP    [192.168.100.113]
   Port  [5000]
//-------------------------------------------------------------


<<<----  [OUT]
2022/02/06 11:00:11:269

Auto-Start Started ... (Active)

<<<----  [OUT]
2022/02/06 11:00:11:360

Auto-Start Started ...  Waiting Stop-Connection.

<<<----  [OUT]
2022/02/06 11:00:11:360

Auto-Start Started ...  Waiting Open-Socket.

<<<----  [OUT]
2022/02/06 11:00:11:377

Socket Open Started...

<<<----  [OUT]
2022/02/06 11:00:11:377

Socket Open Completed...

<<<----  [OUT]
2022/02/06 11:00:11:377

Connecting Started...

<<<----  [OUT]
2022/02/06 11:00:11:451

Auto-Start Completed ...  (Active)

<<<----  [OUT]
2022/02/06 11:00:32:381

I can't connect with the passive [192.168.100.113/5000] error_code:10060 !

<<<----  [OUT]
2022/02/06 11:00:34:869

Connecting Started...

<<<----  [OUT]
2022/02/06 11:00:55:873

I can't connect with the passive [192.168.100.113/5000] error_code:10060 !

<<<----  [OUT]
2022/02/06 11:00:58:353

Connecting Started...

<<<----  [OUT]
2022/02/06 11:01:19:356

I can't connect with the passive [192.168.100.113/5000] error_code:10060 !

<<<----  [OUT]
2022/02/06 11:01:21:839

Connecting Started...

<<<----  [OUT]
2022/02/06 11:01:42:842

I can't connect with the passive [192.168.100.113/5000] error_code:10060 !

<<<----  [OUT]
2022/02/06 11:01:45:322

Connecting Started...

<<<----  [OUT]
2022/02/06 11:02:06:325

I can't connect with the passive [192.168.100.113/5000] error_code:10060 !

<<<----  [OUT]
2022/02/06 11:02:08:805

Connecting Started...

<<<----  [OUT]
2022/02/06 11:02:29:811

I can't connect with the passive [192.168.100.113/5000] error_code:10060 !

<<<----  [OUT]
2022/02/06 11:02:32:291

Connecting Started...

<<<----  [OUT]
2022/02/06 11:02:53:294

I can't connect with the passive [192.168.100.113/5000] error_code:10060 !

<<<----  [OUT]
2022/02/06 11:02:55:774

Connecting Started...

<<<----  [OUT]
2022/02/06 11:03:16:778

I can't connect with the passive [192.168.100.113/5000] error_code:10060 !

<<<----  [OUT]
2022/02/06 11:03:19:260

Connecting Started...

<<<----  [OUT]
2022/02/06 11:03:40:263

I can't connect with the passive [192.168.100.113/5000] error_code:10060 !

<<<----  [OUT]
2022/02/06 11:03:42:745

Connecting Started...

<<<----  [OUT]
2022/02/06 11:04:03:748

I can't connect with the passive [192.168.100.113/5000] error_code:10060 !

<<<----  [OUT]
2022/02/06 11:04:06:229

Connecting Started...

<<<----  [OUT]
2022/02/06 11:04:27:231

I can't connect with the passive [192.168.100.113/5000] error_code:10060 !

<<<----  [OUT]
2022/02/06 11:04:29:713

Connecting Started...

<<<----  [OUT]
2022/02/06 11:04:50:717

I can't connect with the passive [192.168.100.113/5000] error_code:10060 !

<<<----  [OUT]
2022/02/06 11:04:53:196

Connecting Started...

<<<----  [OUT]
2022/02/06 11:05:14:199

I can't connect with the passive [192.168.100.113/5000] error_code:10060 !

<<<----  [OUT]
2022/02/06 11:05:16:681

Connecting Started...

<<<----  [OUT]
2022/02/06 11:05:37:684

I can't connect with the passive [192.168.100.113/5000] error_code:10060 !

<<<----  [OUT]
2022/02/06 11:05:40:165

Connecting Started...

<<<----  [OUT]
2022/02/06 11:06:01:171

I can't connect with the passive [192.168.100.113/5000] error_code:10060 !

<<<----  [OUT]
2022/02/06 11:06:03:649

Connecting Started...

<<<----  [OUT]
2022/02/06 11:06:24:652

I can't connect with the passive [192.168.100.113/5000] error_code:10060 !

<<<----  [OUT]
2022/02/06 11:06:27:135

Connecting Started...

<<<----  [OUT]
2022/02/06 11:06:48:142

I can't connect with the passive [192.168.100.113/5000] error_code:10060 !

<<<----  [OUT]
2022/02/06 11:06:50:619

Connecting Started...

<<<----  [OUT]
2022/02/06 11:07:11:622

I can't connect with the passive [192.168.100.113/5000] error_code:10060 !

<<<----  [OUT]
2022/02/06 11:07:14:103

Connecting Started...

<<<----  [OUT]
2022/02/06 11:07:35:107

I can't connect with the passive [192.168.100.113/5000] error_code:10060 !

<<<----  [OUT]
2022/02/06 11:07:37:587

Connecting Started...

<<<----  [OUT]
2022/02/06 11:07:58:590

I can't connect with the passive [192.168.100.113/5000] error_code:10060 !

<<<----  [OUT]
2022/02/06 11:08:01:071

Connecting Started...

<<<----  [OUT]
2022/02/06 11:08:22:078

I can't connect with the passive [192.168.100.113/5000] error_code:10060 !

<<<----  [OUT]
2022/02/06 11:08:24:556

Connecting Started...

<<<----  [OUT]
2022/02/06 11:08:45:560

I can't connect with the passive [192.168.100.113/5000] error_code:10060 !

<<<----  [OUT]
2022/02/06 11:08:48:040

Connecting Started...

<<<----  [OUT]
2022/02/06 11:09:09:043

I can't connect with the passive [192.168.100.113/5000] error_code:10060 !

<<<----  [OUT]
2022/02/06 11:09:11:525

Connecting Started...

<<<----  [OUT]
2022/02/06 11:09:32:527

I can't connect with the passive [192.168.100.113/5000] error_code:10060 !

<<<----  [OUT]
2022/02/06 11:09:35:009

Connecting Started...

<<<----  [OUT]
2022/02/06 11:09:56:013

I can't connect with the passive [192.168.100.113/5000] error_code:10060 !

<<<----  [OUT]
2022/02/06 11:09:58:493

Connecting Started...

<<<----  [OUT]
2022/02/06 11:10:19:496

I can't connect with the passive [192.168.100.113/5000] error_code:10060 !

<<<----  [OUT]
2022/02/06 11:10:21:978

Connecting Started...

<<<----  [OUT]
2022/02/06 11:10:42:982

I can't connect with the passive [192.168.100.113/5000] error_code:10060 !

<<<----  [OUT]
2022/02/06 11:10:45:463

Connecting Started...

<<<----  [OUT]
2022/02/06 11:11:06:466

I can't connect with the passive [192.168.100.113/5000] error_code:10060 !

<<<----  [OUT]
2022/02/06 11:11:08:946

Connecting Started...

<<<----  [OUT]
2022/02/06 11:11:29:950

I can't connect with the passive [192.168.100.113/5000] error_code:10060 !

<<<----  [OUT]
2022/02/06 11:11:32:432

Connecting Started...

<<<----  [OUT]
2022/02/06 11:12:52:278

---------------------------------------------------------------------
// FA : Start Log ...


<<<----  [OUT]
2022/02/06 11:12:52:288

//-------------------------------------------------------------
Property Information

   Driver Type [HSMS]
   Driver Mode [ACTIVE]
   IP    [192.168.100.113]
   Port  [5000]
//-------------------------------------------------------------


<<<----  [OUT]
2022/02/06 11:12:52:889

Auto-Start Started ... (Active)

<<<----  [OUT]
2022/02/06 11:12:52:980

Auto-Start Started ...  Waiting Stop-Connection.

<<<----  [OUT]
2022/02/06 11:12:52:980

Auto-Start Started ...  Waiting Open-Socket.

<<<----  [OUT]
2022/02/06 11:12:53:006

Socket Open Started...

<<<----  [OUT]
2022/02/06 11:12:53:006

Socket Open Completed...

<<<----  [OUT]
2022/02/06 11:12:53:006

Connecting Started...

<<<----  [OUT]
2022/02/06 11:12:53:071

Auto-Start Completed ...  (Active)

<<<----  [OUT]
2022/02/06 11:13:14:010

I can't connect with the passive [192.168.100.113/5000] error_code:10060 !

<<<----  [OUT]
2022/02/06 11:13:16:495

Connecting Started...

<<<----  [OUT]
2022/02/06 11:13:37:500

I can't connect with the passive [192.168.100.113/5000] error_code:10060 !

<<<----  [OUT]
2022/02/06 11:13:39:978

Connecting Started...

<<<----  [OUT]
2022/02/06 11:14:00:982

I can't connect with the passive [192.168.100.113/5000] error_code:10060 !

<<<----  [OUT]
2022/02/06 11:14:03:463

Connecting Started...

<<<----  [OUT]
2022/02/06 11:14:24:466

I can't connect with the passive [192.168.100.113/5000] error_code:10060 !

<<<----  [OUT]
2022/02/06 11:14:26:947

Connecting Started...

<<<----  [OUT]
2022/02/06 11:14:47:952

I can't connect with the passive [192.168.100.113/5000] error_code:10060 !

<<<----  [OUT]
2022/02/06 11:14:50:432

Connecting Started...

<<<----  [OUT]
2022/02/06 11:15:11:434

I can't connect with the passive [192.168.100.113/5000] error_code:10060 !

<<<----  [OUT]
2022/02/06 11:15:13:916

Connecting Started...

<<<----  [OUT]
2022/02/06 11:15:34:921

I can't connect with the passive [192.168.100.113/5000] error_code:10060 !

<<<----  [OUT]
2022/02/06 11:15:37:400

Connecting Started...

<<<----  [OUT]
2022/02/06 11:15:58:402

I can't connect with the passive [192.168.100.113/5000] error_code:10060 !

<<<----  [OUT]
2022/02/06 11:16:00:884

Connecting Started...

<<<----  [OUT]
2022/02/06 11:16:21:887

I can't connect with the passive [192.168.100.113/5000] error_code:10060 !

<<<----  [OUT]
2022/02/06 11:16:24:369

Connecting Started...

<<<----  [OUT]
2022/02/06 11:16:45:370

I can't connect with the passive [192.168.100.113/5000] error_code:10060 !

<<<----  [OUT]
2022/02/06 11:16:47:854

Connecting Started...

<<<----  [OUT]
2022/02/06 11:17:08:856

I can't connect with the passive [192.168.100.113/5000] error_code:10060 !

<<<----  [OUT]
2022/02/06 11:17:11:337

Connecting Started...

<<<----  [OUT]
2022/02/06 11:17:32:339

I can't connect with the passive [192.168.100.113/5000] error_code:10060 !

<<<----  [OUT]
2022/02/06 11:17:34:822

Connecting Started...

<<<----  [OUT]
2022/02/06 11:17:55:826

I can't connect with the passive [192.168.100.113/5000] error_code:10060 !

<<<----  [OUT]
2022/02/06 11:17:58:305

Connecting Started...

<<<----  [OUT]
2022/02/06 11:18:19:308

I can't connect with the passive [192.168.100.113/5000] error_code:10060 !

<<<----  [OUT]
2022/02/06 11:18:21:790

Connecting Started...

<<<----  [OUT]
2022/02/06 11:18:42:794

I can't connect with the passive [192.168.100.113/5000] error_code:10060 !

<<<----  [OUT]
2022/02/06 11:18:45:275

Connecting Started...

<<<----  [OUT]
2022/02/06 11:19:06:279

I can't connect with the passive [192.168.100.113/5000] error_code:10060 !

<<<----  [OUT]
2022/02/06 11:19:08:760

Connecting Started...

<<<----  [OUT]
2022/02/06 11:19:29:763

I can't connect with the passive [192.168.100.113/5000] error_code:10060 !

<<<----  [OUT]
2022/02/06 11:19:32:243

Connecting Started...

<<<----  [OUT]
2022/02/06 11:19:53:245

I can't connect with the passive [192.168.100.113/5000] error_code:10060 !

<<<----  [OUT]
2022/02/06 11:19:55:727

Connecting Started...

<<<----  [OUT]
2022/02/06 11:20:16:730

I can't connect with the passive [192.168.100.113/5000] error_code:10060 !

<<<----  [OUT]
2022/02/06 11:20:19:213

Connecting Started...

<<<----  [OUT]
2022/02/06 11:20:40:218

I can't connect with the passive [192.168.100.113/5000] error_code:10060 !

<<<----  [OUT]
2022/02/06 11:20:42:697

Connecting Started...

<<<----  [OUT]
2022/02/06 11:21:03:700

I can't connect with the passive [192.168.100.113/5000] error_code:10060 !

<<<----  [OUT]
2022/02/06 11:21:06:180

Connecting Started...

<<<----  [OUT]
2022/02/06 11:21:27:182

I can't connect with the passive [192.168.100.113/5000] error_code:10060 !

<<<----  [OUT]
2022/02/06 11:21:29:665

Connecting Started...

<<<----  [OUT]
2022/02/06 11:21:50:671

I can't connect with the passive [192.168.100.113/5000] error_code:10060 !

<<<----  [OUT]
2022/02/06 11:21:53:149

Connecting Started...

<<<----  [OUT]
2022/02/06 11:22:14:156

I can't connect with the passive [192.168.100.113/5000] error_code:10060 !

<<<----  [OUT]
2022/02/06 11:22:16:634

Connecting Started...

<<<----  [OUT]
2022/02/06 11:22:37:639

I can't connect with the passive [192.168.100.113/5000] error_code:10060 !

<<<----  [OUT]
2022/02/06 11:22:40:118

Connecting Started...

<<<----  [OUT]
2022/02/06 11:23:01:121

I can't connect with the passive [192.168.100.113/5000] error_code:10060 !

<<<----  [OUT]
2022/02/06 11:23:03:602

Connecting Started...

<<<----  [OUT]
2022/02/06 11:23:24:605

I can't connect with the passive [192.168.100.113/5000] error_code:10060 !

<<<----  [OUT]
2022/02/06 11:23:27:087

Connecting Started...

<<<----  [OUT]
2022/02/06 11:23:48:093

I can't connect with the passive [192.168.100.113/5000] error_code:10060 !

<<<----  [OUT]
2022/02/06 11:23:50:571

Connecting Started...

<<<----  [OUT]
2022/02/06 11:24:11:571

I can't connect with the passive [192.168.100.113/5000] error_code:10060 !

<<<----  [OUT]
2022/02/06 11:24:14:057

Connecting Started...

<<<----  [OUT]
2022/02/06 11:24:35:059

I can't connect with the passive [192.168.100.113/5000] error_code:10060 !

<<<----  [OUT]
2022/02/06 11:24:37:541

Connecting Started...

<<<----  [OUT]
2022/02/06 11:24:58:542

I can't connect with the passive [192.168.100.113/5000] error_code:10060 !

<<<----  [OUT]
2022/02/06 11:25:01:025

Connecting Started...

<<<----  [OUT]
2022/02/06 11:25:22:028

I can't connect with the passive [192.168.100.113/5000] error_code:10060 !

<<<----  [OUT]
2022/02/06 11:25:24:509

Connecting Started...

<<<----  [OUT]
2022/02/06 11:25:45:511

I can't connect with the passive [192.168.100.113/5000] error_code:10060 !

<<<----  [OUT]
2022/02/06 11:25:47:994

Connecting Started...

<<<----  [OUT]
2022/02/06 11:26:08:997

I can't connect with the passive [192.168.100.113/5000] error_code:10060 !

<<<----  [OUT]
2022/02/06 11:26:11:477

Connecting Started...

<<<----  [OUT]
2022/02/06 11:26:32:479

I can't connect with the passive [192.168.100.113/5000] error_code:10060 !

<<<----  [OUT]
2022/02/06 11:26:34:962

Connecting Started...

<<<----  [OUT]
2022/02/06 11:26:55:965

I can't connect with the passive [192.168.100.113/5000] error_code:10060 !

<<<----  [OUT]
2022/02/06 11:26:58:445

Connecting Started...

<<<----  [OUT]
2022/02/06 11:27:19:445

I can't connect with the passive [192.168.100.113/5000] error_code:10060 !

<<<----  [OUT]
2022/02/06 11:27:21:929

Connecting Started...

<<<----  [OUT]
2022/02/06 11:27:42:932

I can't connect with the passive [192.168.100.113/5000] error_code:10060 !

<<<----  [OUT]
2022/02/06 11:27:45:415

Connecting Started...

<<<----  [OUT]
2022/02/06 11:28:06:420

I can't connect with the passive [192.168.100.113/5000] error_code:10060 !

<<<----  [OUT]
2022/02/06 11:28:08:898

Connecting Started...

<<<----  [OUT]
2022/02/06 11:28:29:900

I can't connect with the passive [192.168.100.113/5000] error_code:10060 !

<<<----  [OUT]
2022/02/06 11:28:32:382

Connecting Started...

<<<----  [OUT]
2022/02/06 11:28:53:387

I can't connect with the passive [192.168.100.113/5000] error_code:10060 !

<<<----  [OUT]
2022/02/06 11:28:55:867

Connecting Started...

<<<----  [OUT]
2022/02/06 11:29:16:871

I can't connect with the passive [192.168.100.113/5000] error_code:10060 !

<<<----  [OUT]
2022/02/06 11:29:19:352

Connecting Started...

<<<----  [OUT]
2022/02/06 11:29:40:353

I can't connect with the passive [192.168.100.113/5000] error_code:10060 !

<<<----  [OUT]
2022/02/06 11:29:42:837

Connecting Started...

<<<----  [OUT]
2022/02/06 11:30:03:840

I can't connect with the passive [192.168.100.113/5000] error_code:10060 !

<<<----  [OUT]
2022/02/06 11:30:06:320

Connecting Started...

<<<----  [OUT]
2022/02/06 11:30:27:324

I can't connect with the passive [192.168.100.113/5000] error_code:10060 !

<<<----  [OUT]
2022/02/06 11:30:29:804

Connecting Started...

<<<----  [OUT]
2022/02/06 11:30:50:805

I can't connect with the passive [192.168.100.113/5000] error_code:10060 !

<<<----  [OUT]
2022/02/06 11:30:53:289

Connecting Started...

<<<----  [OUT]
2022/02/06 11:31:14:291

I can't connect with the passive [192.168.100.113/5000] error_code:10060 !

<<<----  [OUT]
2022/02/06 11:31:16:774

Connecting Started...

<<<----  [OUT]
2022/02/06 11:31:37:777

I can't connect with the passive [192.168.100.113/5000] error_code:10060 !

<<<----  [OUT]
2022/02/06 11:31:40:259

Connecting Started...

<<<----  [OUT]
2022/02/06 11:32:01:262

I can't connect with the passive [192.168.100.113/5000] error_code:10060 !

<<<----  [OUT]
2022/02/06 11:32:03:742

Connecting Started...

<<<----  [OUT]
2022/02/06 11:32:24:745

I can't connect with the passive [192.168.100.113/5000] error_code:10060 !

<<<----  [OUT]
2022/02/06 11:32:27:226

Connecting Started...

<<<----  [OUT]
2022/02/06 11:32:48:230

I can't connect with the passive [192.168.100.113/5000] error_code:10060 !

<<<----  [OUT]
2022/02/06 11:32:50:711

Connecting Started...

<<<----  [OUT]
2022/02/06 11:33:11:712

I can't connect with the passive [192.168.100.113/5000] error_code:10060 !

<<<----  [OUT]
2022/02/06 11:33:14:196

Connecting Started...

<<<----  [OUT]
2022/02/06 11:33:35:200

I can't connect with the passive [192.168.100.113/5000] error_code:10060 !

<<<----  [OUT]
2022/02/06 11:33:37:679

Connecting Started...

<<<----  [OUT]
2022/02/06 11:33:58:683

I can't connect with the passive [192.168.100.113/5000] error_code:10060 !

<<<----  [OUT]
2022/02/06 11:34:01:164

Connecting Started...

<<<----  [OUT]
2022/02/06 11:34:22:169

I can't connect with the passive [192.168.100.113/5000] error_code:10060 !

<<<----  [OUT]
2022/02/06 11:34:24:649

Connecting Started...

<<<----  [OUT]
2022/02/06 11:34:45:651

I can't connect with the passive [192.168.100.113/5000] error_code:10060 !

<<<----  [OUT]
2022/02/06 11:34:48:134

Connecting Started...

<<<----  [OUT]
2022/02/06 11:35:09:141

I can't connect with the passive [192.168.100.113/5000] error_code:10060 !

<<<----  [OUT]
2022/02/06 11:35:11:618

Connecting Started...

<<<----  [OUT]
2022/02/06 11:35:32:621

I can't connect with the passive [192.168.100.113/5000] error_code:10060 !

<<<----  [OUT]
2022/02/06 11:35:35:101

Connecting Started...

<<<----  [OUT]
2022/02/06 11:35:56:100

I can't connect with the passive [192.168.100.113/5000] error_code:10060 !

<<<----  [OUT]
2022/02/06 11:35:58:585

Connecting Started...

<<<----  [OUT]
2022/02/06 11:36:19:587

I can't connect with the passive [192.168.100.113/5000] error_code:10060 !

<<<----  [OUT]
2022/02/06 11:36:22:069

Connecting Started...

<<<----  [OUT]
2022/02/06 11:36:43:071

I can't connect with the passive [192.168.100.113/5000] error_code:10060 !

<<<----  [OUT]
2022/02/06 11:36:45:554

Connecting Started...

<<<----  [OUT]
2022/02/06 11:37:06:555

I can't connect with the passive [192.168.100.113/5000] error_code:10060 !

<<<----  [OUT]
2022/02/06 11:37:09:039

Connecting Started...

<<<----  [OUT]
2022/02/06 11:37:30:043

I can't connect with the passive [192.168.100.113/5000] error_code:10060 !

<<<----  [OUT]
2022/02/06 11:37:32:525

Connecting Started...

<<<----  [OUT]
2022/02/06 11:37:53:528

I can't connect with the passive [192.168.100.113/5000] error_code:10060 !

<<<----  [OUT]
2022/02/06 11:37:56:008

Connecting Started...

<<<----  [OUT]
2022/02/06 11:38:17:010

I can't connect with the passive [192.168.100.113/5000] error_code:10060 !

<<<----  [OUT]
2022/02/06 11:38:19:492

Connecting Started...

<<<----  [OUT]
2022/02/06 11:38:40:495

I can't connect with the passive [192.168.100.113/5000] error_code:10060 !

<<<----  [OUT]
2022/02/06 11:38:42:977

Connecting Started...

<<<----  [OUT]
2022/02/06 11:39:03:983

I can't connect with the passive [192.168.100.113/5000] error_code:10060 !

<<<----  [OUT]
2022/02/06 11:39:06:461

Connecting Started...

<<<----  [OUT]
2022/02/06 11:39:27:461

I can't connect with the passive [192.168.100.113/5000] error_code:10060 !

<<<----  [OUT]
2022/02/06 11:39:29:945

Connecting Started...

<<<----  [OUT]
2022/02/06 11:39:50:946

I can't connect with the passive [192.168.100.113/5000] error_code:10060 !

<<<----  [OUT]
2022/02/06 11:39:53:429

Connecting Started...

<<<----  [OUT]
2022/02/06 11:40:14:431

I can't connect with the passive [192.168.100.113/5000] error_code:10060 !

<<<----  [OUT]
2022/02/06 11:40:16:914

Connecting Started...

<<<----  [OUT]
2022/02/06 11:40:37:916

I can't connect with the passive [192.168.100.113/5000] error_code:10060 !

<<<----  [OUT]
2022/02/06 11:40:40:398

Connecting Started...

<<<----  [OUT]
2022/02/06 11:41:01:400

I can't connect with the passive [192.168.100.113/5000] error_code:10060 !

<<<----  [OUT]
2022/02/06 11:41:03:882

Connecting Started...

<<<----  [OUT]
2022/02/06 11:41:24:885

I can't connect with the passive [192.168.100.113/5000] error_code:10060 !

<<<----  [OUT]
2022/02/06 11:41:27:368

Connecting Started...

<<<----  [OUT]
2022/02/06 11:41:48:371

I can't connect with the passive [192.168.100.113/5000] error_code:10060 !

<<<----  [OUT]
2022/02/06 11:41:50:851

Connecting Started...

<<<----  [OUT]
2022/02/06 11:42:11:853

I can't connect with the passive [192.168.100.113/5000] error_code:10060 !

<<<----  [OUT]
2022/02/06 11:42:14:337

Connecting Started...

<<<----  [OUT]
2022/02/06 11:42:35:339

I can't connect with the passive [192.168.100.113/5000] error_code:10060 !

<<<----  [OUT]
2022/02/06 11:42:37:821

Connecting Started...

<<<----  [OUT]
2022/02/06 11:42:58:826

I can't connect with the passive [192.168.100.113/5000] error_code:10060 !

<<<----  [OUT]
2022/02/06 11:43:01:305

Connecting Started...

<<<----  [OUT]
2022/02/06 11:43:22:308

I can't connect with the passive [192.168.100.113/5000] error_code:10060 !

<<<----  [OUT]
2022/02/06 11:43:24:790

Connecting Started...

<<<----  [OUT]
2022/02/06 11:43:45:796

I can't connect with the passive [192.168.100.113/5000] error_code:10060 !

<<<----  [OUT]
2022/02/06 11:43:48:274

Connecting Started...

<<<----  [OUT]
2022/02/06 11:44:09:278

I can't connect with the passive [192.168.100.113/5000] error_code:10060 !

<<<----  [OUT]
2022/02/06 11:44:11:758

Connecting Started...

<<<----  [OUT]
2022/02/06 11:44:32:761

I can't connect with the passive [192.168.100.113/5000] error_code:10060 !

<<<----  [OUT]
2022/02/06 11:44:35:242

Connecting Started...

<<<----  [OUT]
2022/02/06 11:44:56:245

I can't connect with the passive [192.168.100.113/5000] error_code:10060 !

<<<----  [OUT]
2022/02/06 11:44:58:727

Connecting Started...

<<<----  [OUT]
2022/02/06 11:45:19:731

I can't connect with the passive [192.168.100.113/5000] error_code:10060 !

<<<----  [OUT]
2022/02/06 11:45:22:211

Connecting Started...

<<<----  [OUT]
2022/02/06 11:45:43:219

I can't connect with the passive [192.168.100.113/5000] error_code:10060 !

<<<----  [OUT]
2022/02/06 11:45:45:711

Connecting Started...

<<<----  [OUT]
2022/02/06 11:46:06:717

I can't connect with the passive [192.168.100.113/5000] error_code:10060 !

<<<----  [OUT]
2022/02/06 11:46:09:196

Connecting Started...

<<<----  [OUT]
2022/02/06 11:46:30:198

I can't connect with the passive [192.168.100.113/5000] error_code:10060 !

<<<----  [OUT]
2022/02/06 11:46:32:680

Connecting Started...

<<<----  [OUT]
2022/02/06 11:46:53:685

I can't connect with the passive [192.168.100.113/5000] error_code:10060 !

<<<----  [OUT]
2022/02/06 11:46:56:165

Connecting Started...

<<<----  [OUT]
2022/02/06 11:47:17:169

I can't connect with the passive [192.168.100.113/5000] error_code:10060 !

<<<----  [OUT]
2022/02/06 11:47:19:648

Connecting Started...

<<<----  [OUT]
2022/02/06 11:47:40:650

I can't connect with the passive [192.168.100.113/5000] error_code:10060 !

<<<----  [OUT]
2022/02/06 11:47:43:133

Connecting Started...

<<<----  [OUT]
2022/02/06 11:48:04:137

I can't connect with the passive [192.168.100.113/5000] error_code:10060 !

<<<----  [OUT]
2022/02/06 11:48:06:616

Connecting Started...

<<<----  [OUT]
2022/02/06 11:48:27:617

I can't connect with the passive [192.168.100.113/5000] error_code:10060 !

<<<----  [OUT]
2022/02/06 11:48:30:102

Connecting Started...

<<<----  [OUT]
2022/02/06 11:48:51:107

I can't connect with the passive [192.168.100.113/5000] error_code:10060 !

<<<----  [OUT]
2022/02/06 11:48:53:585

Connecting Started...

<<<----  [OUT]
2022/02/06 11:49:14:589

I can't connect with the passive [192.168.100.113/5000] error_code:10060 !

<<<----  [OUT]
2022/02/06 11:49:17:071

Connecting Started...

<<<----  [OUT]
2022/02/06 11:49:38:073

I can't connect with the passive [192.168.100.113/5000] error_code:10060 !

<<<----  [OUT]
2022/02/06 11:49:40:555

Connecting Started...

<<<----  [OUT]
2022/02/06 11:50:01:557

I can't connect with the passive [192.168.100.113/5000] error_code:10060 !

<<<----  [OUT]
2022/02/06 11:50:04:039

Connecting Started...

<<<----  [OUT]
2022/02/06 11:50:25:040

I can't connect with the passive [192.168.100.113/5000] error_code:10060 !

<<<----  [OUT]
2022/02/06 11:50:27:524

Connecting Started...

<<<----  [OUT]
2022/02/06 11:50:48:530

I can't connect with the passive [192.168.100.113/5000] error_code:10060 !

<<<----  [OUT]
2022/02/06 11:50:51:007

Connecting Started...

<<<----  [OUT]
2022/02/06 11:51:12:014

I can't connect with the passive [192.168.100.113/5000] error_code:10060 !

<<<----  [OUT]
2022/02/06 11:51:14:492

Connecting Started...

<<<----  [OUT]
2022/02/06 11:51:35:495

I can't connect with the passive [192.168.100.113/5000] error_code:10060 !

<<<----  [OUT]
2022/02/06 11:51:37:977

Connecting Started...

<<<----  [OUT]
2022/02/06 11:51:58:982

I can't connect with the passive [192.168.100.113/5000] error_code:10060 !

<<<----  [OUT]
2022/02/06 11:52:01:460

Connecting Started...

<<<----  [OUT]
2022/02/06 11:52:22:463

I can't connect with the passive [192.168.100.113/5000] error_code:10060 !

<<<----  [OUT]
2022/02/06 11:52:24:945

Connecting Started...

<<<----  [OUT]
2022/02/06 11:52:45:947

I can't connect with the passive [192.168.100.113/5000] error_code:10060 !

<<<----  [OUT]
2022/02/06 11:52:48:429

Connecting Started...

<<<----  [OUT]
2022/02/06 11:53:09:430

I can't connect with the passive [192.168.100.113/5000] error_code:10060 !

<<<----  [OUT]
2022/02/06 11:53:11:915

Connecting Started...

<<<----  [OUT]
2022/02/06 11:53:32:920

I can't connect with the passive [192.168.100.113/5000] error_code:10060 !

<<<----  [OUT]
2022/02/06 11:53:35:398

Connecting Started...

<<<----  [OUT]
2022/02/06 11:53:56:401

I can't connect with the passive [192.168.100.113/5000] error_code:10060 !

<<<----  [OUT]
2022/02/06 11:53:58:882

Connecting Started...

<<<----  [OUT]
2022/02/06 11:54:19:886

I can't connect with the passive [192.168.100.113/5000] error_code:10060 !

<<<----  [OUT]
2022/02/06 11:54:22:367

Connecting Started...

<<<----  [OUT]
2022/02/06 11:54:43:370

I can't connect with the passive [192.168.100.113/5000] error_code:10060 !

<<<----  [OUT]
2022/02/06 11:54:45:852

Connecting Started...

<<<----  [OUT]
2022/02/06 11:55:06:855

I can't connect with the passive [192.168.100.113/5000] error_code:10060 !

<<<----  [OUT]
2022/02/06 11:55:09:336

Connecting Started...

<<<----  [OUT]
2022/02/06 11:55:30:339

I can't connect with the passive [192.168.100.113/5000] error_code:10060 !

<<<----  [OUT]
2022/02/06 11:55:32:820

Connecting Started...

<<<----  [OUT]
2022/02/06 11:55:53:822

I can't connect with the passive [192.168.100.113/5000] error_code:10060 !

<<<----  [OUT]
2022/02/06 11:55:56:305

Connecting Started...

<<<----  [OUT]
2022/02/06 11:56:17:307

I can't connect with the passive [192.168.100.113/5000] error_code:10060 !

<<<----  [OUT]
2022/02/06 11:56:19:789

Connecting Started...

<<<----  [OUT]
2022/02/06 11:56:40:792

I can't connect with the passive [192.168.100.113/5000] error_code:10060 !

<<<----  [OUT]
2022/02/06 11:56:43:273

Connecting Started...

<<<----  [OUT]
2022/02/06 11:57:04:277

I can't connect with the passive [192.168.100.113/5000] error_code:10060 !

<<<----  [OUT]
2022/02/06 11:57:06:757

Connecting Started...

<<<----  [OUT]
2022/02/06 11:57:27:759

I can't connect with the passive [192.168.100.113/5000] error_code:10060 !

<<<----  [OUT]
2022/02/06 11:57:30:243

Connecting Started...

<<<----  [OUT]
2022/02/06 11:57:51:246

I can't connect with the passive [192.168.100.113/5000] error_code:10060 !

<<<----  [OUT]
2022/02/06 11:57:53:726

Connecting Started...

<<<----  [OUT]
2022/02/06 11:58:14:730

I can't connect with the passive [192.168.100.113/5000] error_code:10060 !

<<<----  [OUT]
2022/02/06 11:58:17:211

Connecting Started...

<<<----  [OUT]
2022/02/06 11:58:38:216

I can't connect with the passive [192.168.100.113/5000] error_code:10060 !

<<<----  [OUT]
2022/02/06 11:58:40:696

Connecting Started...

<<<----  [OUT]
2022/02/06 11:59:01:697

I can't connect with the passive [192.168.100.113/5000] error_code:10060 !

<<<----  [OUT]
2022/02/06 11:59:04:179

Connecting Started...

<<<----  [OUT]
2022/02/06 11:59:25:180

I can't connect with the passive [192.168.100.113/5000] error_code:10060 !

<<<----  [OUT]
2022/02/06 11:59:27:665

Connecting Started...

<<<----  [OUT]
2022/02/06 11:59:48:667

I can't connect with the passive [192.168.100.113/5000] error_code:10060 !

<<<----  [OUT]
2022/02/06 11:59:51:149

Connecting Started...
