
<<<----  [OUT]
2020/08/29 10:29:55:421

---------------------------------------------------------------------
// FA : Start Log ...


<<<----  [OUT]
2020/08/29 10:29:55:424

//-------------------------------------------------------------
Property Information

   Driver Type [HSMS]
   Driver Mode [ACTIVE]
   IP    [192.168.100.113]
   Port  [5000]
//-------------------------------------------------------------


<<<----  [OUT]
2020/08/29 10:29:56:027

Auto-Start Started ... (Active)

<<<----  [OUT]
2020/08/29 10:29:56:117

Auto-Start Started ...  Waiting Stop-Connection.

<<<----  [OUT]
2020/08/29 10:29:56:117

Auto-Start Started ...  Waiting Open-Socket.

<<<----  [OUT]
2020/08/29 10:29:56:148

Socket Open Started...

<<<----  [OUT]
2020/08/29 10:29:56:148

Socket Open Completed...

<<<----  [OUT]
2020/08/29 10:29:56:148

Connecting Started...

<<<----  [OUT]
2020/08/29 10:29:56:208

Auto-Start Completed ...  (Active)

<<<----  [OUT]
2020/08/29 10:29:58:193

I can't connect with the passive [192.168.100.113/5000] error_code:10061 !

<<<----  [OUT]
2020/08/29 10:30:00:668

Connecting Started...

<<<----  [OUT]
2020/08/29 10:30:02:704

I can't connect with the passive [192.168.100.113/5000] error_code:10061 !

<<<----  [OUT]
2020/08/29 10:30:05:185

Connecting Started...

<<<----  [OUT]
2020/08/29 10:30:07:223

I can't connect with the passive [192.168.100.113/5000] error_code:10061 !

<<<----  [OUT]
2020/08/29 10:30:09:701

Connecting Started...

<<<----  [OUT]
2020/08/29 10:30:11:734

I can't connect with the passive [192.168.100.113/5000] error_code:10061 !

<<<----  [OUT]
2020/08/29 10:30:14:217

Connecting Started...

<<<----  [OUT]
2020/08/29 10:30:16:254

I can't connect with the passive [192.168.100.113/5000] error_code:10061 !

<<<----  [OUT]
2020/08/29 10:30:18:732

Connecting Started...

<<<----  [OUT]
2020/08/29 10:30:20:776

I can't connect with the passive [192.168.100.113/5000] error_code:10061 !

<<<----  [OUT]
2020/08/29 10:30:23:263

Connecting Started...

<<<----  [OUT]
2020/08/29 10:30:25:303

I can't connect with the passive [192.168.100.113/5000] error_code:10061 !

<<<----  [OUT]
2020/08/29 10:30:27:794

Connecting Started...

<<<----  [OUT]
2020/08/29 10:30:29:828

I can't connect with the passive [192.168.100.113/5000] error_code:10061 !

<<<----  [OUT]
2020/08/29 10:30:32:310

Connecting Started...

<<<----  [OUT]
2020/08/29 10:30:34:352

I can't connect with the passive [192.168.100.113/5000] error_code:10061 !

<<<----  [OUT]
2020/08/29 10:30:36:842

Connecting Started...

<<<----  [OUT]
2020/08/29 10:30:38:879

I can't connect with the passive [192.168.100.113/5000] error_code:10061 !

<<<----  [OUT]
2020/08/29 10:30:41:356

Connecting Started...

<<<----  [OUT]
2020/08/29 10:30:43:393

I can't connect with the passive [192.168.100.113/5000] error_code:10061 !

<<<----  [OUT]
2020/08/29 10:30:45:871

Connecting Started...

<<<----  [OUT]
2020/08/29 10:30:47:917

I can't connect with the passive [192.168.100.113/5000] error_code:10061 !

<<<----  [OUT]
2020/08/29 10:30:50:404

Connecting Started...

<<<----  [OUT]
2020/08/29 10:30:52:448

I can't connect with the passive [192.168.100.113/5000] error_code:10061 !

<<<----  [OUT]
2020/08/29 10:30:54:935

Connecting Started...

<<<----  [OUT]
2020/08/29 10:30:56:978

I can't connect with the passive [192.168.100.113/5000] error_code:10061 !

<<<----  [OUT]
2020/08/29 10:30:59:467

Connecting Started...

<<<----  [OUT]
2020/08/29 10:31:01:512

I can't connect with the passive [192.168.100.113/5000] error_code:10061 !

<<<----  [OUT]
2020/08/29 10:31:03:997

Connecting Started...

<<<----  [OUT]
2020/08/29 10:31:06:037

I can't connect with the passive [192.168.100.113/5000] error_code:10061 !

<<<----  [OUT]
2020/08/29 10:31:08:528

Connecting Started...

<<<----  [OUT]
2020/08/29 10:31:10:582

I can't connect with the passive [192.168.100.113/5000] error_code:10061 !

<<<----  [OUT]
2020/08/29 10:31:13:061

Connecting Started...

<<<----  [OUT]
2020/08/29 10:31:15:106

I can't connect with the passive [192.168.100.113/5000] error_code:10061 !

<<<----  [OUT]
2020/08/29 10:31:17:591

Connecting Started...

<<<----  [OUT]
2020/08/29 10:31:19:638

I can't connect with the passive [192.168.100.113/5000] error_code:10061 !

<<<----  [OUT]
2020/08/29 10:31:22:121

Connecting Started...

<<<----  [OUT]
2020/08/29 10:31:24:165

I can't connect with the passive [192.168.100.113/5000] error_code:10061 !

<<<----  [OUT]
2020/08/29 10:31:26:654

Connecting Started...

<<<----  [OUT]
2020/08/29 10:31:28:693

I can't connect with the passive [192.168.100.113/5000] error_code:10061 !

<<<----  [OUT]
2020/08/29 10:31:31:168

Connecting Started...

<<<----  [OUT]
2020/08/29 10:31:33:207

I can't connect with the passive [192.168.100.113/5000] error_code:10061 !

<<<----  [OUT]
2020/08/29 10:31:35:684

Connecting Started...

<<<----  [OUT]
2020/08/29 10:31:37:729

I can't connect with the passive [192.168.100.113/5000] error_code:10061 !

<<<----  [OUT]
2020/08/29 10:31:40:216

Connecting Started...

<<<----  [OUT]
2020/08/29 10:31:42:264

I can't connect with the passive [192.168.100.113/5000] error_code:10061 !

<<<----  [OUT]
2020/08/29 10:31:44:747

Connecting Started...

<<<----  [OUT]
2020/08/29 10:31:46:786

I can't connect with the passive [192.168.100.113/5000] error_code:10061 !

<<<----  [OUT]
2020/08/29 10:31:49:264

Connecting Started...

<<<----  [OUT]
2020/08/29 10:31:51:297

I can't connect with the passive [192.168.100.113/5000] error_code:10061 !

<<<----  [OUT]
2020/08/29 10:31:53:778

Connecting Started...

<<<----  [OUT]
2020/08/29 10:31:55:806

I can't connect with the passive [192.168.100.113/5000] error_code:10061 !

<<<----  [OUT]
2020/08/29 10:31:58:294

Connecting Started...

<<<----  [OUT]
2020/08/29 10:32:00:325

I can't connect with the passive [192.168.100.113/5000] error_code:10061 !

<<<----  [OUT]
2020/08/29 10:32:02:810

Connecting Started...

<<<----  [OUT]
2020/08/29 10:32:04:846

I can't connect with the passive [192.168.100.113/5000] error_code:10061 !

<<<----  [OUT]
2020/08/29 10:32:07:326

Connecting Started...

<<<----  [OUT]
2020/08/29 10:32:09:365

I can't connect with the passive [192.168.100.113/5000] error_code:10061 !

<<<----  [OUT]
2020/08/29 10:32:11:857

Connecting Started...

<<<----  [OUT]
2020/08/29 10:32:13:911

I can't connect with the passive [192.168.100.113/5000] error_code:10061 !

<<<----  [OUT]
2020/08/29 10:32:16:387

Connecting Started...

<<<----  [OUT]
2020/08/29 10:32:18:438

I can't connect with the passive [192.168.100.113/5000] error_code:10061 !

<<<----  [OUT]
2020/08/29 10:32:20:919

Connecting Started...

<<<----  [OUT]
2020/08/29 10:32:22:959

I can't connect with the passive [192.168.100.113/5000] error_code:10061 !

<<<----  [OUT]
2020/08/29 10:32:25:434

Connecting Started...

<<<----  [OUT]
2020/08/29 10:32:27:478

I can't connect with the passive [192.168.100.113/5000] error_code:10061 !

<<<----  [OUT]
2020/08/29 10:32:29:966

Connecting Started...

<<<----  [OUT]
2020/08/29 10:32:32:002

I can't connect with the passive [192.168.100.113/5000] error_code:10061 !

<<<----  [OUT]
2020/08/29 10:32:34:482

Connecting Started...

<<<----  [OUT]
2020/08/29 10:32:36:520

I can't connect with the passive [192.168.100.113/5000] error_code:10061 !

<<<----  [OUT]
2020/08/29 10:32:38:998

Connecting Started...

<<<----  [OUT]
2020/08/29 10:32:41:044

I can't connect with the passive [192.168.100.113/5000] error_code:10061 !

<<<----  [OUT]
2020/08/29 10:32:43:528

Connecting Started...

<<<----  [OUT]
2020/08/29 10:32:45:568

I can't connect with the passive [192.168.100.113/5000] error_code:10061 !

<<<----  [OUT]
2020/08/29 10:32:48:060

Connecting Started...

<<<----  [OUT]
2020/08/29 10:32:50:109

I can't connect with the passive [192.168.100.113/5000] error_code:10061 !

<<<----  [OUT]
2020/08/29 10:32:52:591

Connecting Started...

<<<----  [OUT]
2020/08/29 10:32:54:618

I can't connect with the passive [192.168.100.113/5000] error_code:10061 !

<<<----  [OUT]
2020/08/29 10:32:57:106

Connecting Started...

<<<----  [OUT]
2020/08/29 10:32:59:146

I can't connect with the passive [192.168.100.113/5000] error_code:10061 !

<<<----  [OUT]
2020/08/29 10:33:01:621

Connecting Started...

<<<----  [OUT]
2020/08/29 10:33:03:661

I can't connect with the passive [192.168.100.113/5000] error_code:10061 !

<<<----  [OUT]
2020/08/29 10:33:06:138

Connecting Started...

<<<----  [OUT]
2020/08/29 10:33:08:169

I can't connect with the passive [192.168.100.113/5000] error_code:10061 !

<<<----  [OUT]
2020/08/29 10:33:10:654

Connecting Started...

<<<----  [OUT]
2020/08/29 10:33:12:691

I can't connect with the passive [192.168.100.113/5000] error_code:10061 !

<<<----  [OUT]
2020/08/29 10:33:15:168

Connecting Started...

<<<----  [OUT]
2020/08/29 10:33:17:213

I can't connect with the passive [192.168.100.113/5000] error_code:10061 !

<<<----  [OUT]
2020/08/29 10:33:19:701

Connecting Started...

<<<----  [OUT]
2020/08/29 10:33:21:753

I can't connect with the passive [192.168.100.113/5000] error_code:10061 !

<<<----  [OUT]
2020/08/29 10:33:24:231

Connecting Started...

<<<----  [OUT]
2020/08/29 10:33:26:273

I can't connect with the passive [192.168.100.113/5000] error_code:10061 !

<<<----  [OUT]
2020/08/29 10:33:28:763

Connecting Started...

<<<----  [OUT]
2020/08/29 10:33:30:799

I can't connect with the passive [192.168.100.113/5000] error_code:10061 !

<<<----  [OUT]
2020/08/29 10:33:33:279

Connecting Started...

<<<----  [OUT]
2020/08/29 10:33:35:321

I can't connect with the passive [192.168.100.113/5000] error_code:10061 !

<<<----  [OUT]
2020/08/29 10:33:37:809

Connecting Started...

<<<----  [OUT]
2020/08/29 10:33:39:848

I can't connect with the passive [192.168.100.113/5000] error_code:10061 !

<<<----  [OUT]
2020/08/29 10:33:42:326

Connecting Started...

<<<----  [OUT]
2020/08/29 10:33:44:361

I can't connect with the passive [192.168.100.113/5000] error_code:10061 !

<<<----  [OUT]
2020/08/29 10:33:46:840

Connecting Started...

<<<----  [OUT]
2020/08/29 10:33:48:890

I can't connect with the passive [192.168.100.113/5000] error_code:10061 !

<<<----  [OUT]
2020/08/29 10:33:51:373

Connecting Started...

<<<----  [OUT]
2020/08/29 10:33:53:412

I can't connect with the passive [192.168.100.113/5000] error_code:10061 !

<<<----  [OUT]
2020/08/29 10:33:55:887

Connecting Started...

<<<----  [OUT]
2020/08/29 10:33:57:932

I can't connect with the passive [192.168.100.113/5000] error_code:10061 !

<<<----  [OUT]
2020/08/29 10:34:00:420

Connecting Started...

<<<----  [OUT]
2020/08/29 10:34:02:475

I can't connect with the passive [192.168.100.113/5000] error_code:10061 !

<<<----  [OUT]
2020/08/29 10:34:04:967

Connecting Started...

<<<----  [OUT]
2020/08/29 10:34:07:013

I can't connect with the passive [192.168.100.113/5000] error_code:10061 !

<<<----  [OUT]
2020/08/29 10:34:09:497

Connecting Started...

<<<----  [OUT]
2020/08/29 10:34:11:547

I can't connect with the passive [192.168.100.113/5000] error_code:10061 !

<<<----  [OUT]
2020/08/29 10:34:14:030

Connecting Started...

<<<----  [OUT]
2020/08/29 10:34:16:083

I can't connect with the passive [192.168.100.113/5000] error_code:10061 !

<<<----  [OUT]
2020/08/29 10:34:18:559

Connecting Started...

<<<----  [OUT]
2020/08/29 10:34:20:596

I can't connect with the passive [192.168.100.113/5000] error_code:10061 !

<<<----  [OUT]
2020/08/29 10:34:23:076

Connecting Started...

<<<----  [OUT]
2020/08/29 10:34:25:121

I can't connect with the passive [192.168.100.113/5000] error_code:10061 !

<<<----  [OUT]
2020/08/29 10:34:27:606

Connecting Started...

<<<----  [OUT]
2020/08/29 10:34:29:652

I can't connect with the passive [192.168.100.113/5000] error_code:10061 !

<<<----  [OUT]
2020/08/29 10:34:32:137

Connecting Started...

<<<----  [OUT]
2020/08/29 10:34:34:174

I can't connect with the passive [192.168.100.113/5000] error_code:10061 !

<<<----  [OUT]
2020/08/29 10:34:36:653

Connecting Started...

<<<----  [OUT]
2020/08/29 10:34:38:690

I can't connect with the passive [192.168.100.113/5000] error_code:10061 !

<<<----  [OUT]
2020/08/29 10:34:41:170

Connecting Started...

<<<----  [OUT]
2020/08/29 10:34:43:214

I can't connect with the passive [192.168.100.113/5000] error_code:10061 !

<<<----  [OUT]
2020/08/29 10:34:45:700

Connecting Started...

<<<----  [OUT]
2020/08/29 10:34:47:749

I can't connect with the passive [192.168.100.113/5000] error_code:10061 !

<<<----  [OUT]
2020/08/29 10:34:50:231

Connecting Started...

<<<----  [OUT]
2020/08/29 10:34:52:277

I can't connect with the passive [192.168.100.113/5000] error_code:10061 !

<<<----  [OUT]
2020/08/29 10:34:54:764

Connecting Started...

<<<----  [OUT]
2020/08/29 10:34:56:801

I can't connect with the passive [192.168.100.113/5000] error_code:10061 !

<<<----  [OUT]
2020/08/29 10:34:59:280

Connecting Started...

<<<----  [OUT]
2020/08/29 10:35:01:321

I can't connect with the passive [192.168.100.113/5000] error_code:10061 !

<<<----  [OUT]
2020/08/29 10:35:03:810

Connecting Started...

<<<----  [OUT]
2020/08/29 10:35:05:844

I can't connect with the passive [192.168.100.113/5000] error_code:10061 !

<<<----  [OUT]
2020/08/29 10:35:08:324

Connecting Started...

<<<----  [OUT]
2020/08/29 10:35:10:368

I can't connect with the passive [192.168.100.113/5000] error_code:10061 !

<<<----  [OUT]
2020/08/29 10:35:12:856

Connecting Started...

<<<----  [OUT]
2020/08/29 10:35:14:906

I can't connect with the passive [192.168.100.113/5000] error_code:10061 !

<<<----  [OUT]
2020/08/29 10:35:17:388

Connecting Started...

<<<----  [OUT]
2020/08/29 10:35:19:432

I can't connect with the passive [192.168.100.113/5000] error_code:10061 !

<<<----  [OUT]
2020/08/29 10:35:21:920

Connecting Started...

<<<----  [OUT]
2020/08/29 10:35:23:952

I can't connect with the passive [192.168.100.113/5000] error_code:10061 !

<<<----  [OUT]
2020/08/29 10:35:26:435

Connecting Started...

<<<----  [OUT]
2020/08/29 10:35:28:472

I can't connect with the passive [192.168.100.113/5000] error_code:10061 !

<<<----  [OUT]
2020/08/29 10:35:30:951

Connecting Started...

<<<----  [OUT]
2020/08/29 10:35:32:989

I can't connect with the passive [192.168.100.113/5000] error_code:10061 !

<<<----  [OUT]
2020/08/29 10:35:35:467

Connecting Started...

<<<----  [OUT]
2020/08/29 10:35:37:505

I can't connect with the passive [192.168.100.113/5000] error_code:10061 !

<<<----  [OUT]
2020/08/29 10:35:39:982

Connecting Started...

<<<----  [OUT]
2020/08/29 10:35:42:016

I can't connect with the passive [192.168.100.113/5000] error_code:10061 !

<<<----  [OUT]
2020/08/29 10:35:44:497

Connecting Started...

<<<----  [OUT]
2020/08/29 10:35:46:527

I can't connect with the passive [192.168.100.113/5000] error_code:10061 !

<<<----  [OUT]
2020/08/29 10:35:49:014

Connecting Started...

<<<----  [OUT]
2020/08/29 10:35:51:058

I can't connect with the passive [192.168.100.113/5000] error_code:10061 !

<<<----  [OUT]
2020/08/29 10:35:53:544

Connecting Started...

<<<----  [OUT]
2020/08/29 10:35:55:577

I can't connect with the passive [192.168.100.113/5000] error_code:10061 !

<<<----  [OUT]
2020/08/29 10:35:58:061

Connecting Started...

<<<----  [OUT]
2020/08/29 10:36:00:101

I can't connect with the passive [192.168.100.113/5000] error_code:10061 !

<<<----  [OUT]
2020/08/29 10:36:02:590

Connecting Started...

<<<----  [OUT]
2020/08/29 10:36:04:630

I can't connect with the passive [192.168.100.113/5000] error_code:10061 !

<<<----  [OUT]
2020/08/29 10:36:07:107

Connecting Started...

<<<----  [OUT]
2020/08/29 10:36:09:143

I can't connect with the passive [192.168.100.113/5000] error_code:10061 !

<<<----  [OUT]
2020/08/29 10:36:11:623

Connecting Started...

<<<----  [OUT]
2020/08/29 10:36:13:669

I can't connect with the passive [192.168.100.113/5000] error_code:10061 !

<<<----  [OUT]
2020/08/29 10:36:16:153

Connecting Started...

<<<----  [OUT]
2020/08/29 10:36:18:197

I can't connect with the passive [192.168.100.113/5000] error_code:10061 !

<<<----  [OUT]
2020/08/29 10:36:20:685

Connecting Started...

<<<----  [OUT]
2020/08/29 10:36:22:723

I can't connect with the passive [192.168.100.113/5000] error_code:10061 !

<<<----  [OUT]
2020/08/29 10:36:25:201

Connecting Started...

<<<----  [OUT]
2020/08/29 10:36:27:242

I can't connect with the passive [192.168.100.113/5000] error_code:10061 !

<<<----  [OUT]
2020/08/29 10:36:29:733

Connecting Started...

<<<----  [OUT]
2020/08/29 10:36:31:776

I can't connect with the passive [192.168.100.113/5000] error_code:10061 !

<<<----  [OUT]
2020/08/29 10:36:34:264

Connecting Started...

<<<----  [OUT]
2020/08/29 10:36:36:309

I can't connect with the passive [192.168.100.113/5000] error_code:10061 !

<<<----  [OUT]
2020/08/29 10:36:38:794

Connecting Started...

<<<----  [OUT]
2020/08/29 10:36:40:822

I can't connect with the passive [192.168.100.113/5000] error_code:10061 !

<<<----  [OUT]
2020/08/29 10:36:43:310

Connecting Started...

<<<----  [OUT]
2020/08/29 10:36:45:348

I can't connect with the passive [192.168.100.113/5000] error_code:10061 !

<<<----  [OUT]
2020/08/29 10:36:47:826

Connecting Started...

<<<----  [OUT]
2020/08/29 10:36:49:862

I can't connect with the passive [192.168.100.113/5000] error_code:10061 !

<<<----  [OUT]
2020/08/29 10:36:52:340

Connecting Started...

<<<----  [OUT]
2020/08/29 10:36:54:379

I can't connect with the passive [192.168.100.113/5000] error_code:10061 !

<<<----  [OUT]
2020/08/29 10:36:56:856

Connecting Started...

<<<----  [OUT]
2020/08/29 10:36:58:896

I can't connect with the passive [192.168.100.113/5000] error_code:10061 !

<<<----  [OUT]
2020/08/29 10:37:01:373

Connecting Started...

<<<----  [OUT]
2020/08/29 10:37:03:412

I can't connect with the passive [192.168.100.113/5000] error_code:10061 !

<<<----  [OUT]
2020/08/29 10:37:05:887

Connecting Started...

<<<----  [OUT]
2020/08/29 10:37:07:922

I can't connect with the passive [192.168.100.113/5000] error_code:10061 !

<<<----  [OUT]
2020/08/29 10:37:10:404

Connecting Started...

<<<----  [OUT]
2020/08/29 10:37:12:448

I can't connect with the passive [192.168.100.113/5000] error_code:10061 !

<<<----  [OUT]
2020/08/29 10:37:14:934

Connecting Started...

<<<----  [OUT]
2020/08/29 10:37:16:979

I can't connect with the passive [192.168.100.113/5000] error_code:10061 !

<<<----  [OUT]
2020/08/29 10:37:19:467

Connecting Started...

<<<----  [OUT]
2020/08/29 10:37:21:496

I can't connect with the passive [192.168.100.113/5000] error_code:10061 !

<<<----  [OUT]
2020/08/29 10:37:23:982

Connecting Started...

<<<----  [OUT]
2020/08/29 10:37:26:021

I can't connect with the passive [192.168.100.113/5000] error_code:10061 !

<<<----  [OUT]
2020/08/29 10:37:28:498

Connecting Started...

<<<----  [OUT]
2020/08/29 10:37:30:528

I can't connect with the passive [192.168.100.113/5000] error_code:10061 !

<<<----  [OUT]
2020/08/29 10:37:33:014

Connecting Started...

<<<----  [OUT]
2020/08/29 10:37:35:059

I can't connect with the passive [192.168.100.113/5000] error_code:10061 !

<<<----  [OUT]
2020/08/29 10:37:37:544

Connecting Started...

<<<----  [OUT]
2020/08/29 10:37:39:590

I can't connect with the passive [192.168.100.113/5000] error_code:10061 !

<<<----  [OUT]
2020/08/29 10:37:42:074

Connecting Started...

<<<----  [OUT]
2020/08/29 10:37:44:119

I can't connect with the passive [192.168.100.113/5000] error_code:10061 !

<<<----  [OUT]
2020/08/29 10:37:46:606

Connecting Started...

<<<----  [OUT]
2020/08/29 10:37:48:653

I can't connect with the passive [192.168.100.113/5000] error_code:10061 !

<<<----  [OUT]
2020/08/29 10:37:51:138

Connecting Started...

<<<----  [OUT]
2020/08/29 10:37:53:179

I can't connect with the passive [192.168.100.113/5000] error_code:10061 !

<<<----  [OUT]
2020/08/29 10:37:55:670

Connecting Started...

<<<----  [OUT]
2020/08/29 10:37:57:716

I can't connect with the passive [192.168.100.113/5000] error_code:10061 !

<<<----  [OUT]
2020/08/29 10:38:00:201

Connecting Started...

<<<----  [OUT]
2020/08/29 10:38:02:248

I can't connect with the passive [192.168.100.113/5000] error_code:10061 !

<<<----  [OUT]
2020/08/29 10:38:04:731

Connecting Started...

<<<----  [OUT]
2020/08/29 10:38:06:771

I can't connect with the passive [192.168.100.113/5000] error_code:10061 !

<<<----  [OUT]
2020/08/29 10:38:09:248

Connecting Started...

<<<----  [OUT]
2020/08/29 10:38:11:288

I can't connect with the passive [192.168.100.113/5000] error_code:10061 !

<<<----  [OUT]
2020/08/29 10:38:13:778

Connecting Started...

<<<----  [OUT]
2020/08/29 10:38:15:824

I can't connect with the passive [192.168.100.113/5000] error_code:10061 !

<<<----  [OUT]
2020/08/29 10:38:18:310

Connecting Started...

<<<----  [OUT]
2020/08/29 10:38:20:342

I can't connect with the passive [192.168.100.113/5000] error_code:10061 !

<<<----  [OUT]
2020/08/29 10:38:22:825

Connecting Started...

<<<----  [OUT]
2020/08/29 10:38:24:861

I can't connect with the passive [192.168.100.113/5000] error_code:10061 !

<<<----  [OUT]
2020/08/29 10:38:27:341

Connecting Started...

<<<----  [OUT]
2020/08/29 10:38:29:377

I can't connect with the passive [192.168.100.113/5000] error_code:10061 !

<<<----  [OUT]
2020/08/29 10:38:31:856

Connecting Started...

<<<----  [OUT]
2020/08/29 10:38:33:898

I can't connect with the passive [192.168.100.113/5000] error_code:10061 !

<<<----  [OUT]
2020/08/29 10:38:36:387

Connecting Started...

<<<----  [OUT]
2020/08/29 10:38:38:421

I can't connect with the passive [192.168.100.113/5000] error_code:10061 !

<<<----  [OUT]
2020/08/29 10:38:40:903

Connecting Started...

<<<----  [OUT]
2020/08/29 10:38:42:935

I can't connect with the passive [192.168.100.113/5000] error_code:10061 !

<<<----  [OUT]
2020/08/29 10:38:45:420

Connecting Started...

<<<----  [OUT]
2020/08/29 10:38:47:458

I can't connect with the passive [192.168.100.113/5000] error_code:10061 !

<<<----  [OUT]
2020/08/29 10:38:49:936

Connecting Started...

<<<----  [OUT]
2020/08/29 10:38:51:974

I can't connect with the passive [192.168.100.113/5000] error_code:10061 !

<<<----  [OUT]
2020/08/29 10:38:54:451

Connecting Started...

<<<----  [OUT]
2020/08/29 10:38:56:496

I can't connect with the passive [192.168.100.113/5000] error_code:10061 !

<<<----  [OUT]
2020/08/29 10:38:58:981

Connecting Started...

<<<----  [OUT]
2020/08/29 10:39:01:026

I can't connect with the passive [192.168.100.113/5000] error_code:10061 !

<<<----  [OUT]
2020/08/29 10:39:03:512

Connecting Started...

<<<----  [OUT]
2020/08/29 10:39:05:542

I can't connect with the passive [192.168.100.113/5000] error_code:10061 !

<<<----  [OUT]
2020/08/29 10:39:08:028

Connecting Started...

<<<----  [OUT]
2020/08/29 10:39:10:069

I can't connect with the passive [192.168.100.113/5000] error_code:10061 !

<<<----  [OUT]
2020/08/29 10:39:12:560

Connecting Started...

<<<----  [OUT]
2020/08/29 10:39:14:595

I can't connect with the passive [192.168.100.113/5000] error_code:10061 !

<<<----  [OUT]
2020/08/29 10:39:17:074

Connecting Started...

<<<----  [OUT]
2020/08/29 10:39:19:113

I can't connect with the passive [192.168.100.113/5000] error_code:10061 !

<<<----  [OUT]
2020/08/29 10:39:21:590

Connecting Started...

<<<----  [OUT]
2020/08/29 10:39:23:638

I can't connect with the passive [192.168.100.113/5000] error_code:10061 !

<<<----  [OUT]
2020/08/29 10:39:26:123

Connecting Started...

<<<----  [OUT]
2020/08/29 10:39:28:177

I can't connect with the passive [192.168.100.113/5000] error_code:10061 !

<<<----  [OUT]
2020/08/29 10:39:30:653

Connecting Started...

<<<----  [OUT]
2020/08/29 10:39:32:697

I can't connect with the passive [192.168.100.113/5000] error_code:10061 !

<<<----  [OUT]
2020/08/29 10:39:35:184

Connecting Started...

<<<----  [OUT]
2020/08/29 10:39:37:217

I can't connect with the passive [192.168.100.113/5000] error_code:10061 !

<<<----  [OUT]
2020/08/29 10:39:39:700

Connecting Started...

<<<----  [OUT]
2020/08/29 10:39:41:746

I can't connect with the passive [192.168.100.113/5000] error_code:10061 !

<<<----  [OUT]
2020/08/29 10:39:44:233

Connecting Started...

<<<----  [OUT]
2020/08/29 10:39:46:279

I can't connect with the passive [192.168.100.113/5000] error_code:10061 !

<<<----  [OUT]
2020/08/29 10:39:48:763

Connecting Started...

<<<----  [OUT]
2020/08/29 10:39:50:808

I can't connect with the passive [192.168.100.113/5000] error_code:10061 !

<<<----  [OUT]
2020/08/29 10:39:53:293

Connecting Started...

<<<----  [OUT]
2020/08/29 10:39:55:339

I can't connect with the passive [192.168.100.113/5000] error_code:10061 !

<<<----  [OUT]
2020/08/29 10:39:57:825

Connecting Started...

<<<----  [OUT]
2020/08/29 10:39:59:878

I can't connect with the passive [192.168.100.113/5000] error_code:10061 !

<<<----  [OUT]
2020/08/29 10:40:02:356

Connecting Started...

<<<----  [OUT]
2020/08/29 10:40:04:405

I can't connect with the passive [192.168.100.113/5000] error_code:10061 !

<<<----  [OUT]
2020/08/29 10:40:06:887

Connecting Started...

<<<----  [OUT]
2020/08/29 10:40:08:933

I can't connect with the passive [192.168.100.113/5000] error_code:10061 !

<<<----  [OUT]
2020/08/29 10:40:11:420

Connecting Started...

<<<----  [OUT]
2020/08/29 10:40:13:453

I can't connect with the passive [192.168.100.113/5000] error_code:10061 !

<<<----  [OUT]
2020/08/29 10:40:15:935

Connecting Started...

<<<----  [OUT]
2020/08/29 10:40:17:981

I can't connect with the passive [192.168.100.113/5000] error_code:10061 !

<<<----  [OUT]
2020/08/29 10:40:20:466

Connecting Started...

<<<----  [OUT]
2020/08/29 10:40:22:513

I can't connect with the passive [192.168.100.113/5000] error_code:10061 !

<<<----  [OUT]
2020/08/29 10:40:24:997

Connecting Started...

<<<----  [OUT]
2020/08/29 10:40:27:035

I can't connect with the passive [192.168.100.113/5000] error_code:10061 !

<<<----  [OUT]
2020/08/29 10:40:29:513

Connecting Started...

<<<----  [OUT]
2020/08/29 10:40:31:550

I can't connect with the passive [192.168.100.113/5000] error_code:10061 !

<<<----  [OUT]
2020/08/29 10:40:34:028

Connecting Started...

<<<----  [OUT]
2020/08/29 10:40:36:070

I can't connect with the passive [192.168.100.113/5000] error_code:10061 !

<<<----  [OUT]
2020/08/29 10:40:38:560

Connecting Started...

<<<----  [OUT]
2020/08/29 10:40:40:603

I can't connect with the passive [192.168.100.113/5000] error_code:10061 !

<<<----  [OUT]
2020/08/29 10:40:43:090

Connecting Started...

<<<----  [OUT]
2020/08/29 10:40:45:142

I can't connect with the passive [192.168.100.113/5000] error_code:10061 !

<<<----  [OUT]
2020/08/29 10:40:47:621

Connecting Started...

<<<----  [OUT]
2020/08/29 10:40:49:666

I can't connect with the passive [192.168.100.113/5000] error_code:10061 !

<<<----  [OUT]
2020/08/29 10:40:52:153

Connecting Started...

<<<----  [OUT]
2020/08/29 10:40:54:194

I can't connect with the passive [192.168.100.113/5000] error_code:10061 !

<<<----  [OUT]
2020/08/29 10:40:56:685

Connecting Started...

<<<----  [OUT]
2020/08/29 10:40:58:726

I can't connect with the passive [192.168.100.113/5000] error_code:10061 !

<<<----  [OUT]
2020/08/29 10:41:01:216

Connecting Started...

<<<----  [OUT]
2020/08/29 10:41:03:265

I can't connect with the passive [192.168.100.113/5000] error_code:10061 !

<<<----  [OUT]
2020/08/29 10:41:05:748

Connecting Started...

<<<----  [OUT]
2020/08/29 10:41:07:785

I can't connect with the passive [192.168.100.113/5000] error_code:10061 !

<<<----  [OUT]
2020/08/29 10:41:10:264

Connecting Started...

<<<----  [OUT]
2020/08/29 10:41:12:314

I can't connect with the passive [192.168.100.113/5000] error_code:10061 !

<<<----  [OUT]
2020/08/29 10:41:14:793

Connecting Started...

<<<----  [OUT]
2020/08/29 10:41:16:841

I can't connect with the passive [192.168.100.113/5000] error_code:10061 !

<<<----  [OUT]
2020/08/29 10:41:19:325

Connecting Started...

<<<----  [OUT]
2020/08/29 10:41:21:362

I can't connect with the passive [192.168.100.113/5000] error_code:10061 !

<<<----  [OUT]
2020/08/29 10:41:23:841

Connecting Started...

<<<----  [OUT]
2020/08/29 10:41:25:874

I can't connect with the passive [192.168.100.113/5000] error_code:10061 !

<<<----  [OUT]
2020/08/29 10:41:28:356

Connecting Started...

<<<----  [OUT]
2020/08/29 10:41:30:403

I can't connect with the passive [192.168.100.113/5000] error_code:10061 !

<<<----  [OUT]
2020/08/29 10:41:32:888

Connecting Started...

<<<----  [OUT]
2020/08/29 10:41:34:922

I can't connect with the passive [192.168.100.113/5000] error_code:10061 !

<<<----  [OUT]
2020/08/29 10:41:37:403

Connecting Started...

<<<----  [OUT]
2020/08/29 10:41:39:445

I can't connect with the passive [192.168.100.113/5000] error_code:10061 !

<<<----  [OUT]
2020/08/29 10:41:41:934

Connecting Started...

<<<----  [OUT]
2020/08/29 10:41:43:972

I can't connect with the passive [192.168.100.113/5000] error_code:10061 !

<<<----  [OUT]
2020/08/29 10:41:46:451

Connecting Started...

<<<----  [OUT]
2020/08/29 10:41:48:486

I can't connect with the passive [192.168.100.113/5000] error_code:10061 !

<<<----  [OUT]
2020/08/29 10:41:50:966

Connecting Started...

<<<----  [OUT]
2020/08/29 10:41:53:008

I can't connect with the passive [192.168.100.113/5000] error_code:10061 !

<<<----  [OUT]
2020/08/29 10:41:55:498

Connecting Started...

<<<----  [OUT]
2020/08/29 10:41:57:535

I can't connect with the passive [192.168.100.113/5000] error_code:10061 !

<<<----  [OUT]
2020/08/29 10:42:00:013

Connecting Started...

<<<----  [OUT]
2020/08/29 10:42:02:055

I can't connect with the passive [192.168.100.113/5000] error_code:10061 !

<<<----  [OUT]
2020/08/29 10:42:04:543

Connecting Started...

<<<----  [OUT]
2020/08/29 10:42:06:598

I can't connect with the passive [192.168.100.113/5000] error_code:10061 !

<<<----  [OUT]
2020/08/29 10:42:09:076

Connecting Started...

<<<----  [OUT]
2020/08/29 10:42:11:115

I can't connect with the passive [192.168.100.113/5000] error_code:10061 !

<<<----  [OUT]
2020/08/29 10:42:13:591

Connecting Started...

<<<----  [OUT]
2020/08/29 10:42:15:622

I can't connect with the passive [192.168.100.113/5000] error_code:10061 !

<<<----  [OUT]
2020/08/29 10:42:18:107

Connecting Started...

<<<----  [OUT]
2020/08/29 10:42:20:155

I can't connect with the passive [192.168.100.113/5000] error_code:10061 !

<<<----  [OUT]
2020/08/29 10:42:22:637

Connecting Started...

<<<----  [OUT]
2020/08/29 10:42:24:686

I can't connect with the passive [192.168.100.113/5000] error_code:10061 !

<<<----  [OUT]
2020/08/29 10:42:27:169

Connecting Started...

<<<----  [OUT]
2020/08/29 10:42:29:212

I can't connect with the passive [192.168.100.113/5000] error_code:10061 !

<<<----  [OUT]
2020/08/29 10:42:31:700

Connecting Started...

<<<----  [OUT]
2020/08/29 10:42:33:752

I can't connect with the passive [192.168.100.113/5000] error_code:10061 !

<<<----  [OUT]
2020/08/29 10:42:36:231

Connecting Started...

<<<----  [OUT]
2020/08/29 10:42:38:271

I can't connect with the passive [192.168.100.113/5000] error_code:10061 !

<<<----  [OUT]
2020/08/29 10:42:40:764

Connecting Started...

<<<----  [OUT]
2020/08/29 10:42:42:815

I can't connect with the passive [192.168.100.113/5000] error_code:10061 !

<<<----  [OUT]
2020/08/29 10:42:45:294

Connecting Started...

<<<----  [OUT]
2020/08/29 10:42:47:346

I can't connect with the passive [192.168.100.113/5000] error_code:10061 !

<<<----  [OUT]
2020/08/29 10:42:49:826

Connecting Started...

<<<----  [OUT]
2020/08/29 10:42:51:876

I can't connect with the passive [192.168.100.113/5000] error_code:10061 !

<<<----  [OUT]
2020/08/29 10:42:54:357

Connecting Started...

<<<----  [OUT]
2020/08/29 10:42:56:389

I can't connect with the passive [192.168.100.113/5000] error_code:10061 !

<<<----  [OUT]
2020/08/29 10:42:58:872

Connecting Started...

<<<----  [OUT]
2020/08/29 10:43:00:917

I can't connect with the passive [192.168.100.113/5000] error_code:10061 !

<<<----  [OUT]
2020/08/29 10:43:03:404

Connecting Started...

<<<----  [OUT]
2020/08/29 10:43:05:450

I can't connect with the passive [192.168.100.113/5000] error_code:10061 !

<<<----  [OUT]
2020/08/29 10:43:07:934

Connecting Started...

<<<----  [OUT]
2020/08/29 10:43:09:977

I can't connect with the passive [192.168.100.113/5000] error_code:10061 !

<<<----  [OUT]
2020/08/29 10:43:12:466

Connecting Started...

<<<----  [OUT]
2020/08/29 10:43:14:511

I can't connect with the passive [192.168.100.113/5000] error_code:10061 !

<<<----  [OUT]
2020/08/29 10:43:16:998

Connecting Started...

<<<----  [OUT]
2020/08/29 10:43:19:045

I can't connect with the passive [192.168.100.113/5000] error_code:10061 !

<<<----  [OUT]
2020/08/29 10:43:21:529

Connecting Started...

<<<----  [OUT]
2020/08/29 10:43:23:569

I can't connect with the passive [192.168.100.113/5000] error_code:10061 !

<<<----  [OUT]
2020/08/29 10:43:26:060

Connecting Started...

<<<----  [OUT]
2020/08/29 10:43:28:093

I can't connect with the passive [192.168.100.113/5000] error_code:10061 !

<<<----  [OUT]
2020/08/29 10:43:30:576

Connecting Started...

<<<----  [OUT]
2020/08/29 10:43:32:610

I can't connect with the passive [192.168.100.113/5000] error_code:10061 !

<<<----  [OUT]
2020/08/29 10:43:35:092

Connecting Started...

<<<----  [OUT]
2020/08/29 10:43:37:140

I can't connect with the passive [192.168.100.113/5000] error_code:10061 !

<<<----  [OUT]
2020/08/29 10:43:39:621

Connecting Started...

<<<----  [OUT]
2020/08/29 10:43:41:669

I can't connect with the passive [192.168.100.113/5000] error_code:10061 !

<<<----  [OUT]
2020/08/29 10:43:44:153

Connecting Started...

<<<----  [OUT]
2020/08/29 10:43:46:198

I can't connect with the passive [192.168.100.113/5000] error_code:10061 !

<<<----  [OUT]
2020/08/29 10:43:48:685

Connecting Started...

<<<----  [OUT]
2020/08/29 10:43:50:719

I can't connect with the passive [192.168.100.113/5000] error_code:10061 !

<<<----  [OUT]
2020/08/29 10:43:53:200

Connecting Started...

<<<----  [OUT]
2020/08/29 10:43:55:237

I can't connect with the passive [192.168.100.113/5000] error_code:10061 !

<<<----  [OUT]
2020/08/29 10:43:57:716

Connecting Started...

<<<----  [OUT]
2020/08/29 10:43:59:752

I can't connect with the passive [192.168.100.113/5000] error_code:10061 !

<<<----  [OUT]
2020/08/29 10:44:02:231

Connecting Started...

<<<----  [OUT]
2020/08/29 10:44:04:270

I can't connect with the passive [192.168.100.113/5000] error_code:10061 !

<<<----  [OUT]
2020/08/29 10:44:06:748

Connecting Started...

<<<----  [OUT]
2020/08/29 10:44:08:792

I can't connect with the passive [192.168.100.113/5000] error_code:10061 !

<<<----  [OUT]
2020/08/29 10:44:11:278

Connecting Started...

<<<----  [OUT]
2020/08/29 10:44:13:317

I can't connect with the passive [192.168.100.113/5000] error_code:10061 !

<<<----  [OUT]
2020/08/29 10:44:15:794

Connecting Started...

<<<----  [OUT]
2020/08/29 10:44:17:837

I can't connect with the passive [192.168.100.113/5000] error_code:10061 !

<<<----  [OUT]
2020/08/29 10:44:20:325

Connecting Started...

<<<----  [OUT]
2020/08/29 10:44:22:364

I can't connect with the passive [192.168.100.113/5000] error_code:10061 !

<<<----  [OUT]
2020/08/29 10:44:24:840

Connecting Started...

<<<----  [OUT]
2020/08/29 10:44:26:879

I can't connect with the passive [192.168.100.113/5000] error_code:10061 !

<<<----  [OUT]
2020/08/29 10:44:29:357

Connecting Started...

<<<----  [OUT]
2020/08/29 10:44:31:392

I can't connect with the passive [192.168.100.113/5000] error_code:10061 !

<<<----  [OUT]
2020/08/29 10:44:33:873

Connecting Started...

<<<----  [OUT]
2020/08/29 10:44:35:919

I can't connect with the passive [192.168.100.113/5000] error_code:10061 !

<<<----  [OUT]
2020/08/29 10:44:38:403

Connecting Started...

<<<----  [OUT]
2020/08/29 10:44:40:444

I can't connect with the passive [192.168.100.113/5000] error_code:10061 !

<<<----  [OUT]
2020/08/29 10:44:42:935

Connecting Started...

<<<----  [OUT]
2020/08/29 10:44:44:969

I can't connect with the passive [192.168.100.113/5000] error_code:10061 !

<<<----  [OUT]
2020/08/29 10:44:47:450

Connecting Started...

<<<----  [OUT]
2020/08/29 10:44:49:494

I can't connect with the passive [192.168.100.113/5000] error_code:10061 !

<<<----  [OUT]
2020/08/29 10:44:51:982

Connecting Started...

<<<----  [OUT]
2020/08/29 10:44:54:015

I can't connect with the passive [192.168.100.113/5000] error_code:10061 !

<<<----  [OUT]
2020/08/29 10:44:56:498

Connecting Started...

<<<----  [OUT]
2020/08/29 10:44:58:535

I can't connect with the passive [192.168.100.113/5000] error_code:10061 !

<<<----  [OUT]
2020/08/29 10:45:01:013

Connecting Started...

<<<----  [OUT]
2020/08/29 10:45:03:054

I can't connect with the passive [192.168.100.113/5000] error_code:10061 !

<<<----  [OUT]
2020/08/29 10:45:05:544

Connecting Started...

<<<----  [OUT]
2020/08/29 10:45:07:592

I can't connect with the passive [192.168.100.113/5000] error_code:10061 !

<<<----  [OUT]
2020/08/29 10:45:10:076

Connecting Started...

<<<----  [OUT]
2020/08/29 10:45:12:115

I can't connect with the passive [192.168.100.113/5000] error_code:10061 !

<<<----  [OUT]
2020/08/29 10:45:14:591

Connecting Started...

<<<----  [OUT]
2020/08/29 10:45:16:636

I can't connect with the passive [192.168.100.113/5000] error_code:10061 !

<<<----  [OUT]
2020/08/29 10:45:19:123

Connecting Started...

<<<----  [OUT]
2020/08/29 10:45:21:162

I can't connect with the passive [192.168.100.113/5000] error_code:10061 !

<<<----  [OUT]
2020/08/29 10:45:23:638

Connecting Started...

<<<----  [OUT]
2020/08/29 10:45:25:677

I can't connect with the passive [192.168.100.113/5000] error_code:10061 !

<<<----  [OUT]
2020/08/29 10:45:28:154

Connecting Started...

<<<----  [OUT]
2020/08/29 10:45:30:200

I can't connect with the passive [192.168.100.113/5000] error_code:10061 !

<<<----  [OUT]
2020/08/29 10:45:32:685

Connecting Started...

<<<----  [OUT]
2020/08/29 10:45:34:720

I can't connect with the passive [192.168.100.113/5000] error_code:10061 !

<<<----  [OUT]
2020/08/29 10:45:37:201

Connecting Started...

<<<----  [OUT]
2020/08/29 10:45:39:241

I can't connect with the passive [192.168.100.113/5000] error_code:10061 !

<<<----  [OUT]
2020/08/29 10:45:41:732

Connecting Started...

<<<----  [OUT]
2020/08/29 10:45:43:765

I can't connect with the passive [192.168.100.113/5000] error_code:10061 !

<<<----  [OUT]
2020/08/29 10:45:46:247

Connecting Started...

<<<----  [OUT]
2020/08/29 10:45:48:287

I can't connect with the passive [192.168.100.113/5000] error_code:10061 !

<<<----  [OUT]
2020/08/29 10:45:50:778

Connecting Started...

<<<----  [OUT]
2020/08/29 10:45:52:809

I can't connect with the passive [192.168.100.113/5000] error_code:10061 !

<<<----  [OUT]
2020/08/29 10:45:55:293

Connecting Started...

<<<----  [OUT]
2020/08/29 10:45:57:334

I can't connect with the passive [192.168.100.113/5000] error_code:10061 !

<<<----  [OUT]
2020/08/29 10:45:59:825

Connecting Started...

<<<----  [OUT]
2020/08/29 10:46:01:865

I can't connect with the passive [192.168.100.113/5000] error_code:10061 !

<<<----  [OUT]
2020/08/29 10:46:04:341

Connecting Started...

<<<----  [OUT]
2020/08/29 10:46:06:389

I can't connect with the passive [192.168.100.113/5000] error_code:10061 !

<<<----  [OUT]
2020/08/29 10:46:08:872

Connecting Started...

<<<----  [OUT]
2020/08/29 10:46:10:905

I can't connect with the passive [192.168.100.113/5000] error_code:10061 !

<<<----  [OUT]
2020/08/29 10:46:13:388

Connecting Started...

<<<----  [OUT]
2020/08/29 10:46:15:432

I can't connect with the passive [192.168.100.113/5000] error_code:10061 !

<<<----  [OUT]
2020/08/29 10:46:17:919

Connecting Started...

<<<----  [OUT]
2020/08/29 10:46:19:962

I can't connect with the passive [192.168.100.113/5000] error_code:10061 !

<<<----  [OUT]
2020/08/29 10:46:22:450

Connecting Started...

<<<----  [OUT]
2020/08/29 10:46:24:493

I can't connect with the passive [192.168.100.113/5000] error_code:10061 !

<<<----  [OUT]
2020/08/29 10:46:26:982

Connecting Started...

<<<----  [OUT]
2020/08/29 10:46:29:016

I can't connect with the passive [192.168.100.113/5000] error_code:10061 !

<<<----  [OUT]
2020/08/29 10:46:31:497

Connecting Started...

<<<----  [OUT]
2020/08/29 10:46:33:534

I can't connect with the passive [192.168.100.113/5000] error_code:10061 !

<<<----  [OUT]
2020/08/29 10:46:36:013

Connecting Started...

<<<----  [OUT]
2020/08/29 10:46:38:055

I can't connect with the passive [192.168.100.113/5000] error_code:10061 !

<<<----  [OUT]
2020/08/29 10:46:40:544

Connecting Started...

<<<----  [OUT]
2020/08/29 10:46:42:586

I can't connect with the passive [192.168.100.113/5000] error_code:10061 !

<<<----  [OUT]
2020/08/29 10:46:45:075

Connecting Started...

<<<----  [OUT]
2020/08/29 10:46:47:125

I can't connect with the passive [192.168.100.113/5000] error_code:10061 !

<<<----  [OUT]
2020/08/29 10:46:49:606

Connecting Started...

<<<----  [OUT]
2020/08/29 10:46:51:650

I can't connect with the passive [192.168.100.113/5000] error_code:10061 !

<<<----  [OUT]
2020/08/29 10:46:54:138

Connecting Started...

<<<----  [OUT]
2020/08/29 10:46:56:180

I can't connect with the passive [192.168.100.113/5000] error_code:10061 !

<<<----  [OUT]
2020/08/29 10:46:58:669

Connecting Started...

<<<----  [OUT]
2020/08/29 10:47:00:718

I can't connect with the passive [192.168.100.113/5000] error_code:10061 !

<<<----  [OUT]
2020/08/29 10:47:03:200

Connecting Started...

<<<----  [OUT]
2020/08/29 10:47:05:240

I can't connect with the passive [192.168.100.113/5000] error_code:10061 !

<<<----  [OUT]
2020/08/29 10:47:07:732

Connecting Started...

<<<----  [OUT]
2020/08/29 10:47:09:771

I can't connect with the passive [192.168.100.113/5000] error_code:10061 !

<<<----  [OUT]
2020/08/29 10:47:12:263

Connecting Started...

<<<----  [OUT]
2020/08/29 10:47:14:306

I can't connect with the passive [192.168.100.113/5000] error_code:10061 !

<<<----  [OUT]
2020/08/29 10:47:16:795

Connecting Started...

<<<----  [OUT]
2020/08/29 10:47:18:842

I can't connect with the passive [192.168.100.113/5000] error_code:10061 !

<<<----  [OUT]
2020/08/29 10:47:21:324

Connecting Started...

<<<----  [OUT]
2020/08/29 10:47:23:371

I can't connect with the passive [192.168.100.113/5000] error_code:10061 !

<<<----  [OUT]
2020/08/29 10:47:25:857

Connecting Started...

<<<----  [OUT]
2020/08/29 10:47:27:895

I can't connect with the passive [192.168.100.113/5000] error_code:10061 !

<<<----  [OUT]
2020/08/29 10:47:30:373

Connecting Started...

<<<----  [OUT]
2020/08/29 10:47:32:418

I can't connect with the passive [192.168.100.113/5000] error_code:10061 !

<<<----  [OUT]
2020/08/29 10:47:34:904

Connecting Started...

<<<----  [OUT]
2020/08/29 10:47:36:942

I can't connect with the passive [192.168.100.113/5000] error_code:10061 !

<<<----  [OUT]
2020/08/29 10:47:39:420

Connecting Started...

<<<----  [OUT]
2020/08/29 10:47:41:456

I can't connect with the passive [192.168.100.113/5000] error_code:10061 !

<<<----  [OUT]
2020/08/29 10:47:43:935

Connecting Started...

<<<----  [OUT]
2020/08/29 10:47:45:979

I can't connect with the passive [192.168.100.113/5000] error_code:10061 !

<<<----  [OUT]
2020/08/29 10:47:48:465

Connecting Started...

<<<----  [OUT]
2020/08/29 10:47:50:500

I can't connect with the passive [192.168.100.113/5000] error_code:10061 !

<<<----  [OUT]
2020/08/29 10:47:52:981

Connecting Started...

<<<----  [OUT]
2020/08/29 10:47:55:020

I can't connect with the passive [192.168.100.113/5000] error_code:10061 !

<<<----  [OUT]
2020/08/29 10:47:57:497

Connecting Started...

<<<----  [OUT]
2020/08/29 10:47:59:548

I can't connect with the passive [192.168.100.113/5000] error_code:10061 !

<<<----  [OUT]
2020/08/29 10:48:02:028

Connecting Started...

<<<----  [OUT]
2020/08/29 10:48:04:070

I can't connect with the passive [192.168.100.113/5000] error_code:10061 !

<<<----  [OUT]
2020/08/29 10:48:06:561

Connecting Started...

<<<----  [OUT]
2020/08/29 10:48:08:612

I can't connect with the passive [192.168.100.113/5000] error_code:10061 !

<<<----  [OUT]
2020/08/29 10:48:11:090

Connecting Started...

<<<----  [OUT]
2020/08/29 10:48:13:137

I can't connect with the passive [192.168.100.113/5000] error_code:10061 !

<<<----  [OUT]
2020/08/29 10:48:15:622

Connecting Started...

<<<----  [OUT]
2020/08/29 10:48:17:658

I can't connect with the passive [192.168.100.113/5000] error_code:10061 !

<<<----  [OUT]
2020/08/29 10:48:20:137

Connecting Started...

<<<----  [OUT]
2020/08/29 10:48:22:184

I can't connect with the passive [192.168.100.113/5000] error_code:10061 !

<<<----  [OUT]
2020/08/29 10:48:24:670

Connecting Started...

<<<----  [OUT]
2020/08/29 10:48:26:706

I can't connect with the passive [192.168.100.113/5000] error_code:10061 !

<<<----  [OUT]
2020/08/29 10:48:29:185

Connecting Started...

<<<----  [OUT]
2020/08/29 10:48:31:238

I can't connect with the passive [192.168.100.113/5000] error_code:10061 !

<<<----  [OUT]
2020/08/29 10:48:33:717

Connecting Started...

<<<----  [OUT]
2020/08/29 10:48:35:760

I can't connect with the passive [192.168.100.113/5000] error_code:10061 !

<<<----  [OUT]
2020/08/29 10:48:38:248

Connecting Started...

<<<----  [OUT]
2020/08/29 10:48:40:292

I can't connect with the passive [192.168.100.113/5000] error_code:10061 !

<<<----  [OUT]
2020/08/29 10:48:42:778

Connecting Started...

<<<----  [OUT]
2020/08/29 10:48:44:817

I can't connect with the passive [192.168.100.113/5000] error_code:10061 !

<<<----  [OUT]
2020/08/29 10:48:47:295

Connecting Started...

<<<----  [OUT]
2020/08/29 10:48:49:339

I can't connect with the passive [192.168.100.113/5000] error_code:10061 !

<<<----  [OUT]
2020/08/29 10:48:51:824

Connecting Started...

<<<----  [OUT]
2020/08/29 10:48:53:875

I can't connect with the passive [192.168.100.113/5000] error_code:10061 !

<<<----  [OUT]
2020/08/29 10:48:56:357

Connecting Started...

<<<----  [OUT]
2020/08/29 10:48:58:404

I can't connect with the passive [192.168.100.113/5000] error_code:10061 !

<<<----  [OUT]
2020/08/29 10:49:00:888

Connecting Started...

<<<----  [OUT]
2020/08/29 10:49:02:928

I can't connect with the passive [192.168.100.113/5000] error_code:10061 !

<<<----  [OUT]
2020/08/29 10:49:05:419

Connecting Started...

<<<----  [OUT]
2020/08/29 10:49:07:463

I can't connect with the passive [192.168.100.113/5000] error_code:10061 !

<<<----  [OUT]
2020/08/29 10:49:09:951

Connecting Started...

<<<----  [OUT]
2020/08/29 10:49:11:986

I can't connect with the passive [192.168.100.113/5000] error_code:10061 !

<<<----  [OUT]
2020/08/29 10:49:14:467

Connecting Started...

<<<----  [OUT]
2020/08/29 10:49:16:508

I can't connect with the passive [192.168.100.113/5000] error_code:10061 !

<<<----  [OUT]
2020/08/29 10:49:18:998

Connecting Started...

<<<----  [OUT]
2020/08/29 10:49:21:037

I can't connect with the passive [192.168.100.113/5000] error_code:10061 !

<<<----  [OUT]
2020/08/29 10:49:23:529

Connecting Started...

<<<----  [OUT]
2020/08/29 10:49:25:576

I can't connect with the passive [192.168.100.113/5000] error_code:10061 !

<<<----  [OUT]
2020/08/29 10:49:28:060

Connecting Started...

<<<----  [OUT]
2020/08/29 10:49:30:106

I can't connect with the passive [192.168.100.113/5000] error_code:10061 !

<<<----  [OUT]
2020/08/29 10:49:32:591

Connecting Started...

<<<----  [OUT]
2020/08/29 10:49:34:626

I can't connect with the passive [192.168.100.113/5000] error_code:10061 !

<<<----  [OUT]
2020/08/29 10:49:37:106

Connecting Started...

<<<----  [OUT]
2020/08/29 10:49:39:147

I can't connect with the passive [192.168.100.113/5000] error_code:10061 !

<<<----  [OUT]
2020/08/29 10:49:41:637

Connecting Started...

<<<----  [OUT]
2020/08/29 10:49:43:678

I can't connect with the passive [192.168.100.113/5000] error_code:10061 !

<<<----  [OUT]
2020/08/29 10:49:46:169

Connecting Started...

<<<----  [OUT]
2020/08/29 10:49:48:212

I can't connect with the passive [192.168.100.113/5000] error_code:10061 !

<<<----  [OUT]
2020/08/29 10:49:50:700

Connecting Started...

<<<----  [OUT]
2020/08/29 10:49:52:739

I can't connect with the passive [192.168.100.113/5000] error_code:10061 !

<<<----  [OUT]
2020/08/29 10:49:55:217

Connecting Started...

<<<----  [OUT]
2020/08/29 10:49:57:254

I can't connect with the passive [192.168.100.113/5000] error_code:10061 !

<<<----  [OUT]
2020/08/29 10:49:59:731

Connecting Started...

<<<----  [OUT]
2020/08/29 10:50:01:775

I can't connect with the passive [192.168.100.113/5000] error_code:10061 !

<<<----  [OUT]
2020/08/29 10:50:04:264

Connecting Started...

<<<----  [OUT]
2020/08/29 10:50:06:301

I can't connect with the passive [192.168.100.113/5000] error_code:10061 !

<<<----  [OUT]
2020/08/29 10:50:08:779

Connecting Started...

<<<----  [OUT]
2020/08/29 10:50:10:834

I can't connect with the passive [192.168.100.113/5000] error_code:10061 !

<<<----  [OUT]
2020/08/29 10:50:13:326

Connecting Started...

<<<----  [OUT]
2020/08/29 10:50:15:358

I can't connect with the passive [192.168.100.113/5000] error_code:10061 !

<<<----  [OUT]
2020/08/29 10:50:17:841

Connecting Started...

<<<----  [OUT]
2020/08/29 10:50:19:880

I can't connect with the passive [192.168.100.113/5000] error_code:10061 !

<<<----  [OUT]
2020/08/29 10:50:22:357

Connecting Started...

<<<----  [OUT]
2020/08/29 10:50:24:389

I can't connect with the passive [192.168.100.113/5000] error_code:10061 !

<<<----  [OUT]
2020/08/29 10:50:26:872

Connecting Started...

<<<----  [OUT]
2020/08/29 10:50:28:909

I can't connect with the passive [192.168.100.113/5000] error_code:10061 !

<<<----  [OUT]
2020/08/29 10:50:31:387

Connecting Started...

<<<----  [OUT]
2020/08/29 10:50:33:417

I can't connect with the passive [192.168.100.113/5000] error_code:10061 !

<<<----  [OUT]
2020/08/29 10:50:35:903

Connecting Started...

<<<----  [OUT]
2020/08/29 10:50:37:946

I can't connect with the passive [192.168.100.113/5000] error_code:10061 !

<<<----  [OUT]
2020/08/29 10:50:40:434

Connecting Started...

<<<----  [OUT]
2020/08/29 10:50:42:474

I can't connect with the passive [192.168.100.113/5000] error_code:10061 !

<<<----  [OUT]
2020/08/29 10:50:44:950

Connecting Started...

<<<----  [OUT]
2020/08/29 10:50:46:994

I can't connect with the passive [192.168.100.113/5000] error_code:10061 !

<<<----  [OUT]
2020/08/29 10:50:49:482

Connecting Started...

<<<----  [OUT]
2020/08/29 10:50:51:515

I can't connect with the passive [192.168.100.113/5000] error_code:10061 !

<<<----  [OUT]
2020/08/29 10:50:53:997

Connecting Started...

<<<----  [OUT]
2020/08/29 10:50:56:026

I can't connect with the passive [192.168.100.113/5000] error_code:10061 !

<<<----  [OUT]
2020/08/29 10:50:58:514

Connecting Started...

<<<----  [OUT]
2020/08/29 10:51:00:549

I can't connect with the passive [192.168.100.113/5000] error_code:10061 !

<<<----  [OUT]
2020/08/29 10:51:03:028

Connecting Started...

<<<----  [OUT]
2020/08/29 10:51:05:067

I can't connect with the passive [192.168.100.113/5000] error_code:10061 !

<<<----  [OUT]
2020/08/29 10:51:07:544

Connecting Started...

<<<----  [OUT]
2020/08/29 10:51:09:588

I can't connect with the passive [192.168.100.113/5000] error_code:10061 !

<<<----  [OUT]
2020/08/29 10:51:12:076

Connecting Started...

<<<----  [OUT]
2020/08/29 10:51:14:108

I can't connect with the passive [192.168.100.113/5000] error_code:10061 !

<<<----  [OUT]
2020/08/29 10:51:16:591

Connecting Started...

<<<----  [OUT]
2020/08/29 10:51:18:630

I can't connect with the passive [192.168.100.113/5000] error_code:10061 !

<<<----  [OUT]
2020/08/29 10:51:21:107

Connecting Started...

<<<----  [OUT]
2020/08/29 10:51:23:149

I can't connect with the passive [192.168.100.113/5000] error_code:10061 !

<<<----  [OUT]
2020/08/29 10:51:25:637

Connecting Started...

<<<----  [OUT]
2020/08/29 10:51:27:675

I can't connect with the passive [192.168.100.113/5000] error_code:10061 !

<<<----  [OUT]
2020/08/29 10:51:30:153

Connecting Started...

<<<----  [OUT]
2020/08/29 10:51:32:199

I can't connect with the passive [192.168.100.113/5000] error_code:10061 !

<<<----  [OUT]
2020/08/29 10:51:34:685

Connecting Started...

<<<----  [OUT]
2020/08/29 10:51:36:737

I can't connect with the passive [192.168.100.113/5000] error_code:10061 !

<<<----  [OUT]
2020/08/29 10:51:39:217

Connecting Started...

<<<----  [OUT]
2020/08/29 10:51:41:253

I can't connect with the passive [192.168.100.113/5000] error_code:10061 !

<<<----  [OUT]
2020/08/29 10:51:43:732

Connecting Started...

<<<----  [OUT]
2020/08/29 10:51:45:766

I can't connect with the passive [192.168.100.113/5000] error_code:10061 !

<<<----  [OUT]
2020/08/29 10:51:48:248

Connecting Started...

<<<----  [OUT]
2020/08/29 10:51:50:283

I can't connect with the passive [192.168.100.113/5000] error_code:10061 !

<<<----  [OUT]
2020/08/29 10:51:52:763

Connecting Started...

<<<----  [OUT]
2020/08/29 10:51:54:803

I can't connect with the passive [192.168.100.113/5000] error_code:10061 !

<<<----  [OUT]
2020/08/29 10:51:57:294

Connecting Started...

<<<----  [OUT]
2020/08/29 10:51:59:328

I can't connect with the passive [192.168.100.113/5000] error_code:10061 !

<<<----  [OUT]
2020/08/29 10:52:01:810

Connecting Started...

<<<----  [OUT]
2020/08/29 10:52:03:848

I can't connect with the passive [192.168.100.113/5000] error_code:10061 !

<<<----  [OUT]
2020/08/29 10:52:06:324

Connecting Started...

<<<----  [OUT]
2020/08/29 10:52:08:353

I can't connect with the passive [192.168.100.113/5000] error_code:10061 !

<<<----  [OUT]
2020/08/29 10:52:10:840

Connecting Started...

<<<----  [OUT]
2020/08/29 10:52:12:872

I can't connect with the passive [192.168.100.113/5000] error_code:10061 !

<<<----  [OUT]
2020/08/29 10:52:15:357

Connecting Started...

<<<----  [OUT]
2020/08/29 10:52:17:405

I can't connect with the passive [192.168.100.113/5000] error_code:10061 !

<<<----  [OUT]
2020/08/29 10:52:19:888

Connecting Started...

<<<----  [OUT]
2020/08/29 10:52:21:934

I can't connect with the passive [192.168.100.113/5000] error_code:10061 !

<<<----  [OUT]
2020/08/29 10:52:24:419

Connecting Started...

<<<----  [OUT]
2020/08/29 10:52:26:460

I can't connect with the passive [192.168.100.113/5000] error_code:10061 !

<<<----  [OUT]
2020/08/29 10:52:28:951

Connecting Started...

<<<----  [OUT]
2020/08/29 10:52:30:992

I can't connect with the passive [192.168.100.113/5000] error_code:10061 !

<<<----  [OUT]
2020/08/29 10:52:33:481

Connecting Started...

<<<----  [OUT]
2020/08/29 10:52:35:527

I can't connect with the passive [192.168.100.113/5000] error_code:10061 !

<<<----  [OUT]
2020/08/29 10:52:38:014

Connecting Started...

<<<----  [OUT]
2020/08/29 10:52:40:065

I can't connect with the passive [192.168.100.113/5000] error_code:10061 !

<<<----  [OUT]
2020/08/29 10:52:42:544

Connecting Started...

<<<----  [OUT]
2020/08/29 10:52:44:595

I can't connect with the passive [192.168.100.113/5000] error_code:10061 !

<<<----  [OUT]
2020/08/29 10:52:47:075

Connecting Started...

<<<----  [OUT]
2020/08/29 10:52:49:113

I can't connect with the passive [192.168.100.113/5000] error_code:10061 !

<<<----  [OUT]
2020/08/29 10:52:51:592

Connecting Started...

<<<----  [OUT]
2020/08/29 10:52:53:640

I can't connect with the passive [192.168.100.113/5000] error_code:10061 !

<<<----  [OUT]
2020/08/29 10:52:56:121

Connecting Started...

<<<----  [OUT]
2020/08/29 10:52:58:166

I can't connect with the passive [192.168.100.113/5000] error_code:10061 !

<<<----  [OUT]
2020/08/29 10:53:00:654

Connecting Started...

<<<----  [OUT]
2020/08/29 10:53:02:693

I can't connect with the passive [192.168.100.113/5000] error_code:10061 !

<<<----  [OUT]
2020/08/29 10:53:05:168

Connecting Started...

<<<----  [OUT]
2020/08/29 10:53:07:214

I can't connect with the passive [192.168.100.113/5000] error_code:10061 !

<<<----  [OUT]
2020/08/29 10:53:09:701

Connecting Started...

<<<----  [OUT]
2020/08/29 10:53:11:743

I can't connect with the passive [192.168.100.113/5000] error_code:10061 !

<<<----  [OUT]
2020/08/29 10:53:14:231

Connecting Started...

<<<----  [OUT]
2020/08/29 10:53:16:282

I can't connect with the passive [192.168.100.113/5000] error_code:10061 !

<<<----  [OUT]
2020/08/29 10:53:18:763

Connecting Started...

<<<----  [OUT]
2020/08/29 10:53:20:811

I can't connect with the passive [192.168.100.113/5000] error_code:10061 !

<<<----  [OUT]
2020/08/29 10:53:23:295

Connecting Started...

<<<----  [OUT]
2020/08/29 10:53:25:339

I can't connect with the passive [192.168.100.113/5000] error_code:10061 !

<<<----  [OUT]
2020/08/29 10:53:27:826

Connecting Started...

<<<----  [OUT]
2020/08/29 10:53:29:869

I can't connect with the passive [192.168.100.113/5000] error_code:10061 !

<<<----  [OUT]
2020/08/29 10:53:32:357

Connecting Started...

<<<----  [OUT]
2020/08/29 10:53:34:398

I can't connect with the passive [192.168.100.113/5000] error_code:10061 !

<<<----  [OUT]
2020/08/29 10:53:36:888

Connecting Started...

<<<----  [OUT]
2020/08/29 10:53:38:935

I can't connect with the passive [192.168.100.113/5000] error_code:10061 !

<<<----  [OUT]
2020/08/29 10:53:41:419

Connecting Started...

<<<----  [OUT]
2020/08/29 10:53:43:454

I can't connect with the passive [192.168.100.113/5000] error_code:10061 !

<<<----  [OUT]
2020/08/29 10:53:45:934

Connecting Started...

<<<----  [OUT]
2020/08/29 10:53:47:980

I can't connect with the passive [192.168.100.113/5000] error_code:10061 !

<<<----  [OUT]
2020/08/29 10:53:50:466

Connecting Started...

<<<----  [OUT]
2020/08/29 10:53:52:509

I can't connect with the passive [192.168.100.113/5000] error_code:10061 !

<<<----  [OUT]
2020/08/29 10:53:54:998

Connecting Started...

<<<----  [OUT]
2020/08/29 10:53:57:033

I can't connect with the passive [192.168.100.113/5000] error_code:10061 !

<<<----  [OUT]
2020/08/29 10:53:59:513

Connecting Started...

<<<----  [OUT]
2020/08/29 10:54:01:554

I can't connect with the passive [192.168.100.113/5000] error_code:10061 !

<<<----  [OUT]
2020/08/29 10:54:04:045

Connecting Started...

<<<----  [OUT]
2020/08/29 10:54:06:096

I can't connect with the passive [192.168.100.113/5000] error_code:10061 !

<<<----  [OUT]
2020/08/29 10:54:08:576

Connecting Started...

<<<----  [OUT]
2020/08/29 10:54:10:621

I can't connect with the passive [192.168.100.113/5000] error_code:10061 !

<<<----  [OUT]
2020/08/29 10:54:13:107

Connecting Started...

<<<----  [OUT]
2020/08/29 10:54:15:153

I can't connect with the passive [192.168.100.113/5000] error_code:10061 !

<<<----  [OUT]
2020/08/29 10:54:17:638

Connecting Started...

<<<----  [OUT]
2020/08/29 10:54:19:683

I can't connect with the passive [192.168.100.113/5000] error_code:10061 !

<<<----  [OUT]
2020/08/29 10:54:22:168

Connecting Started...

<<<----  [OUT]
2020/08/29 10:54:24:217

I can't connect with the passive [192.168.100.113/5000] error_code:10061 !

<<<----  [OUT]
2020/08/29 10:54:26:700

Connecting Started...

<<<----  [OUT]
2020/08/29 10:54:28:747

I can't connect with the passive [192.168.100.113/5000] error_code:10061 !

<<<----  [OUT]
2020/08/29 10:54:31:231

Connecting Started...

<<<----  [OUT]
2020/08/29 10:54:33:268

I can't connect with the passive [192.168.100.113/5000] error_code:10061 !

<<<----  [OUT]
2020/08/29 10:54:35:748

Connecting Started...

<<<----  [OUT]
2020/08/29 10:54:37:795

I can't connect with the passive [192.168.100.113/5000] error_code:10061 !

<<<----  [OUT]
2020/08/29 10:54:40:278

Connecting Started...

<<<----  [OUT]
2020/08/29 10:54:42:330

I can't connect with the passive [192.168.100.113/5000] error_code:10061 !

<<<----  [OUT]
2020/08/29 10:54:44:811

Connecting Started...

<<<----  [OUT]
2020/08/29 10:54:46:857

I can't connect with the passive [192.168.100.113/5000] error_code:10061 !

<<<----  [OUT]
2020/08/29 10:54:49:341

Connecting Started...

<<<----  [OUT]
2020/08/29 10:54:51:371

I can't connect with the passive [192.168.100.113/5000] error_code:10061 !

<<<----  [OUT]
2020/08/29 10:54:53:858

Connecting Started...

<<<----  [OUT]
2020/08/29 10:54:55:886

I can't connect with the passive [192.168.100.113/5000] error_code:10061 !

<<<----  [OUT]
2020/08/29 10:54:58:372

Connecting Started...

<<<----  [OUT]
2020/08/29 10:55:00:405

I can't connect with the passive [192.168.100.113/5000] error_code:10061 !

<<<----  [OUT]
2020/08/29 10:55:02:888

Connecting Started...

<<<----  [OUT]
2020/08/29 10:55:04:923

I can't connect with the passive [192.168.100.113/5000] error_code:10061 !

<<<----  [OUT]
2020/08/29 10:55:07:405

Connecting Started...

<<<----  [OUT]
2020/08/29 10:55:09:437

I can't connect with the passive [192.168.100.113/5000] error_code:10061 !

<<<----  [OUT]
2020/08/29 10:55:11:918

Connecting Started...

<<<----  [OUT]
2020/08/29 10:55:13:956

I can't connect with the passive [192.168.100.113/5000] error_code:10061 !

<<<----  [OUT]
2020/08/29 10:55:16:434

Connecting Started...

<<<----  [OUT]
2020/08/29 10:55:18:463

I can't connect with the passive [192.168.100.113/5000] error_code:10061 !

<<<----  [OUT]
2020/08/29 10:55:20:951

Connecting Started...

<<<----  [OUT]
2020/08/29 10:55:22:986

I can't connect with the passive [192.168.100.113/5000] error_code:10061 !

<<<----  [OUT]
2020/08/29 10:55:25:465

Connecting Started...

<<<----  [OUT]
2020/08/29 10:55:27:509

I can't connect with the passive [192.168.100.113/5000] error_code:10061 !

<<<----  [OUT]
2020/08/29 10:55:29:998

Connecting Started...

<<<----  [OUT]
2020/08/29 10:55:32:034

I can't connect with the passive [192.168.100.113/5000] error_code:10061 !

<<<----  [OUT]
2020/08/29 10:55:34:513

Connecting Started...

<<<----  [OUT]
2020/08/29 10:55:36:568

I can't connect with the passive [192.168.100.113/5000] error_code:10061 !

<<<----  [OUT]
2020/08/29 10:55:39:060

Connecting Started...

<<<----  [OUT]
2020/08/29 10:55:41:103

I can't connect with the passive [192.168.100.113/5000] error_code:10061 !

<<<----  [OUT]
2020/08/29 10:55:43:592

Connecting Started...

<<<----  [OUT]
2020/08/29 10:55:45:627

I can't connect with the passive [192.168.100.113/5000] error_code:10061 !

<<<----  [OUT]
2020/08/29 10:55:48:107

Connecting Started...

<<<----  [OUT]
2020/08/29 10:55:50:149

I can't connect with the passive [192.168.100.113/5000] error_code:10061 !

<<<----  [OUT]
2020/08/29 10:55:52:637

Connecting Started...

<<<----  [OUT]
2020/08/29 10:55:54:679

I can't connect with the passive [192.168.100.113/5000] error_code:10061 !

<<<----  [OUT]
2020/08/29 10:55:57:169

Connecting Started...

<<<----  [OUT]
2020/08/29 10:55:59:202

I can't connect with the passive [192.168.100.113/5000] error_code:10061 !

<<<----  [OUT]
2020/08/29 10:56:01:685

Connecting Started...

<<<----  [OUT]
2020/08/29 10:56:03:728

I can't connect with the passive [192.168.100.113/5000] error_code:10061 !

<<<----  [OUT]
2020/08/29 10:56:06:215

Connecting Started...

<<<----  [OUT]
2020/08/29 10:56:08:258

I can't connect with the passive [192.168.100.113/5000] error_code:10061 !

<<<----  [OUT]
2020/08/29 10:56:10:747

Connecting Started...

<<<----  [OUT]
2020/08/29 10:56:12:794

I can't connect with the passive [192.168.100.113/5000] error_code:10061 !

<<<----  [OUT]
2020/08/29 10:56:15:278

Connecting Started...

<<<----  [OUT]
2020/08/29 10:56:17:320

I can't connect with the passive [192.168.100.113/5000] error_code:10061 !

<<<----  [OUT]
2020/08/29 10:56:19:811

Connecting Started...

<<<----  [OUT]
2020/08/29 10:56:21:853

I can't connect with the passive [192.168.100.113/5000] error_code:10061 !

<<<----  [OUT]
2020/08/29 10:56:24:341

Connecting Started...

<<<----  [OUT]
2020/08/29 10:56:26:390

I can't connect with the passive [192.168.100.113/5000] error_code:10061 !

<<<----  [OUT]
2020/08/29 10:56:28:871

Connecting Started...

<<<----  [OUT]
2020/08/29 10:56:30:908

I can't connect with the passive [192.168.100.113/5000] error_code:10061 !

<<<----  [OUT]
2020/08/29 10:56:33:388

Connecting Started...

<<<----  [OUT]
2020/08/29 10:56:35:434

I can't connect with the passive [192.168.100.113/5000] error_code:10061 !

<<<----  [OUT]
2020/08/29 10:56:37:918

Connecting Started...

<<<----  [OUT]
2020/08/29 10:56:39:960

I can't connect with the passive [192.168.100.113/5000] error_code:10061 !

<<<----  [OUT]
2020/08/29 10:56:42:451

Connecting Started...

<<<----  [OUT]
2020/08/29 10:56:44:499

I can't connect with the passive [192.168.100.113/5000] error_code:10061 !

<<<----  [OUT]
2020/08/29 10:56:46:982

Connecting Started...

<<<----  [OUT]
2020/08/29 10:56:49:029

I can't connect with the passive [192.168.100.113/5000] error_code:10061 !

<<<----  [OUT]
2020/08/29 10:56:51:512

Connecting Started...

<<<----  [OUT]
2020/08/29 10:56:53:570

I can't connect with the passive [192.168.100.113/5000] error_code:10061 !

<<<----  [OUT]
2020/08/29 10:56:56:059

Connecting Started...

<<<----  [OUT]
2020/08/29 10:56:58:110

I can't connect with the passive [192.168.100.113/5000] error_code:10061 !

<<<----  [OUT]
2020/08/29 10:57:00:592

Connecting Started...

<<<----  [OUT]
2020/08/29 10:57:02:637

I can't connect with the passive [192.168.100.113/5000] error_code:10061 !

<<<----  [OUT]
2020/08/29 10:57:05:122

Connecting Started...

<<<----  [OUT]
2020/08/29 10:57:07:162

I can't connect with the passive [192.168.100.113/5000] error_code:10061 !

<<<----  [OUT]
2020/08/29 10:57:09:654

Connecting Started...

<<<----  [OUT]
2020/08/29 10:57:11:698

I can't connect with the passive [192.168.100.113/5000] error_code:10061 !

<<<----  [OUT]
2020/08/29 10:57:14:185

Connecting Started...

<<<----  [OUT]
2020/08/29 10:57:16:233

I can't connect with the passive [192.168.100.113/5000] error_code:10061 !

<<<----  [OUT]
2020/08/29 10:57:18:715

Connecting Started...

<<<----  [OUT]
2020/08/29 10:57:20:762

I can't connect with the passive [192.168.100.113/5000] error_code:10061 !

<<<----  [OUT]
2020/08/29 10:57:23:248

Connecting Started...

<<<----  [OUT]
2020/08/29 10:57:25:288

I can't connect with the passive [192.168.100.113/5000] error_code:10061 !

<<<----  [OUT]
2020/08/29 10:57:27:778

Connecting Started...

<<<----  [OUT]
2020/08/29 10:57:29:817

I can't connect with the passive [192.168.100.113/5000] error_code:10061 !

<<<----  [OUT]
2020/08/29 10:57:32:295

Connecting Started...

<<<----  [OUT]
2020/08/29 10:57:34:338

I can't connect with the passive [192.168.100.113/5000] error_code:10061 !

<<<----  [OUT]
2020/08/29 10:57:36:826

Connecting Started...

<<<----  [OUT]
2020/08/29 10:57:38:862

I can't connect with the passive [192.168.100.113/5000] error_code:10061 !

<<<----  [OUT]
2020/08/29 10:57:41:342

Connecting Started...

<<<----  [OUT]
2020/08/29 10:57:43:383

I can't connect with the passive [192.168.100.113/5000] error_code:10061 !

<<<----  [OUT]
2020/08/29 10:57:45:872

Connecting Started...

<<<----  [OUT]
2020/08/29 10:57:47:920

I can't connect with the passive [192.168.100.113/5000] error_code:10061 !

<<<----  [OUT]
2020/08/29 10:57:50:405

Connecting Started...

<<<----  [OUT]
2020/08/29 10:57:52:452

I can't connect with the passive [192.168.100.113/5000] error_code:10061 !

<<<----  [OUT]
2020/08/29 10:57:54:934

Connecting Started...

<<<----  [OUT]
2020/08/29 10:57:56:980

I can't connect with the passive [192.168.100.113/5000] error_code:10061 !

<<<----  [OUT]
2020/08/29 10:57:59:466

Connecting Started...

<<<----  [OUT]
2020/08/29 10:58:01:506

I can't connect with the passive [192.168.100.113/5000] error_code:10061 !

<<<----  [OUT]
2020/08/29 10:58:03:996

Connecting Started...

<<<----  [OUT]
2020/08/29 10:58:06:029

I can't connect with the passive [192.168.100.113/5000] error_code:10061 !

<<<----  [OUT]
2020/08/29 10:58:08:512

Connecting Started...

<<<----  [OUT]
2020/08/29 10:58:10:553

I can't connect with the passive [192.168.100.113/5000] error_code:10061 !

<<<----  [OUT]
2020/08/29 10:58:13:044

Connecting Started...

<<<----  [OUT]
2020/08/29 10:58:15:085

I can't connect with the passive [192.168.100.113/5000] error_code:10061 !

<<<----  [OUT]
2020/08/29 10:58:17:575

Connecting Started...

<<<----  [OUT]
2020/08/29 10:58:19:617

I can't connect with the passive [192.168.100.113/5000] error_code:10061 !

<<<----  [OUT]
2020/08/29 10:58:22:107

Connecting Started...

<<<----  [OUT]
2020/08/29 10:58:24:138

I can't connect with the passive [192.168.100.113/5000] error_code:10061 !

<<<----  [OUT]
2020/08/29 10:58:26:623

Connecting Started...

<<<----  [OUT]
2020/08/29 10:58:28:664

I can't connect with the passive [192.168.100.113/5000] error_code:10061 !

<<<----  [OUT]
2020/08/29 10:58:31:153

Connecting Started...

<<<----  [OUT]
2020/08/29 10:58:33:191

I can't connect with the passive [192.168.100.113/5000] error_code:10061 !

<<<----  [OUT]
2020/08/29 10:58:35:669

Connecting Started...

<<<----  [OUT]
2020/08/29 10:58:37:710

I can't connect with the passive [192.168.100.113/5000] error_code:10061 !

<<<----  [OUT]
2020/08/29 10:58:40:202

Connecting Started...

<<<----  [OUT]
2020/08/29 10:58:42:240

I can't connect with the passive [192.168.100.113/5000] error_code:10061 !

<<<----  [OUT]
2020/08/29 10:58:44:716

Connecting Started...

<<<----  [OUT]
2020/08/29 10:58:46:763

I can't connect with the passive [192.168.100.113/5000] error_code:10061 !

<<<----  [OUT]
2020/08/29 10:58:49:248

Connecting Started...

<<<----  [OUT]
2020/08/29 10:58:51:291

I can't connect with the passive [192.168.100.113/5000] error_code:10061 !

<<<----  [OUT]
2020/08/29 10:58:53:778

Connecting Started...

<<<----  [OUT]
2020/08/29 10:58:55:830

I can't connect with the passive [192.168.100.113/5000] error_code:10061 !

<<<----  [OUT]
2020/08/29 10:58:58:310

Connecting Started...
