
<<<----  [OUT]
2020/08/29 01:00:17:256

I can't connect with the passive [192.168.100.113/5000] error_code:10060 !

<<<----  [OUT]
2020/08/29 01:00:19:747

Connecting Started...

<<<----  [OUT]
2020/08/29 01:00:40:801

I can't connect with the passive [192.168.100.113/5000] error_code:10060 !

<<<----  [OUT]
2020/08/29 01:00:43:279

Connecting Started...

<<<----  [OUT]
2020/08/29 01:01:04:312

I can't connect with the passive [192.168.100.113/5000] error_code:10060 !

<<<----  [OUT]
2020/08/29 01:01:06:793

Connecting Started...

<<<----  [OUT]
2020/08/29 01:01:27:845

I can't connect with the passive [192.168.100.113/5000] error_code:10060 !

<<<----  [OUT]
2020/08/29 01:01:30:326

Connecting Started...

<<<----  [OUT]
2020/08/29 01:01:51:379

I can't connect with the passive [192.168.100.113/5000] error_code:10060 !

<<<----  [OUT]
2020/08/29 01:01:53:857

Connecting Started...

<<<----  [OUT]
2020/08/29 01:02:14:891

I can't connect with the passive [192.168.100.113/5000] error_code:10060 !

<<<----  [OUT]
2020/08/29 01:02:17:372

Connecting Started...

<<<----  [OUT]
2020/08/29 01:02:38:401

I can't connect with the passive [192.168.100.113/5000] error_code:10060 !

<<<----  [OUT]
2020/08/29 01:02:40:889

Connecting Started...

<<<----  [OUT]
2020/08/29 01:03:01:945

I can't connect with the passive [192.168.100.113/5000] error_code:10060 !

<<<----  [OUT]
2020/08/29 01:03:04:435

Connecting Started...

<<<----  [OUT]
2020/08/29 01:03:25:493

I can't connect with the passive [192.168.100.113/5000] error_code:10060 !

<<<----  [OUT]
2020/08/29 01:03:27:982

Connecting Started...

<<<----  [OUT]
2020/08/29 01:03:49:011

I can't connect with the passive [192.168.100.113/5000] error_code:10060 !

<<<----  [OUT]
2020/08/29 01:03:51:496

Connecting Started...

<<<----  [OUT]
2020/08/29 01:04:12:539

I can't connect with the passive [192.168.100.113/5000] error_code:10060 !

<<<----  [OUT]
2020/08/29 01:04:15:028

Connecting Started...

<<<----  [OUT]
2020/08/29 01:04:36:060

I can't connect with the passive [192.168.100.113/5000] error_code:10060 !

<<<----  [OUT]
2020/08/29 01:04:38:543

Connecting Started...

<<<----  [OUT]
2020/08/29 01:04:59:578

I can't connect with the passive [192.168.100.113/5000] error_code:10060 !

<<<----  [OUT]
2020/08/29 01:05:02:060

Connecting Started...

<<<----  [OUT]
2020/08/29 01:05:23:105

I can't connect with the passive [192.168.100.113/5000] error_code:10060 !

<<<----  [OUT]
2020/08/29 01:05:25:591

Connecting Started...

<<<----  [OUT]
2020/08/29 01:05:46:623

I can't connect with the passive [192.168.100.113/5000] error_code:10060 !

<<<----  [OUT]
2020/08/29 01:05:49:107

Connecting Started...

<<<----  [OUT]
2020/08/29 01:06:10:144

I can't connect with the passive [192.168.100.113/5000] error_code:10060 !

<<<----  [OUT]
2020/08/29 01:06:12:623

Connecting Started...

<<<----  [OUT]
2020/08/29 01:06:33:654

I can't connect with the passive [192.168.100.113/5000] error_code:10060 !

<<<----  [OUT]
2020/08/29 01:06:36:138

Connecting Started...

<<<----  [OUT]
2020/08/29 01:06:57:198

I can't connect with the passive [192.168.100.113/5000] error_code:10060 !

<<<----  [OUT]
2020/08/29 01:06:59:684

Connecting Started...

<<<----  [OUT]
2020/08/29 01:07:20:712

I can't connect with the passive [192.168.100.113/5000] error_code:10060 !

<<<----  [OUT]
2020/08/29 01:07:23:201

Connecting Started...

<<<----  [OUT]
2020/08/29 01:07:44:252

I can't connect with the passive [192.168.100.113/5000] error_code:10060 !

<<<----  [OUT]
2020/08/29 01:07:46:731

Connecting Started...

<<<----  [OUT]
2020/08/29 01:08:07:757

I can't connect with the passive [192.168.100.113/5000] error_code:10060 !

<<<----  [OUT]
2020/08/29 01:08:10:247

Connecting Started...

<<<----  [OUT]
2020/08/29 01:08:31:288

I can't connect with the passive [192.168.100.113/5000] error_code:10060 !

<<<----  [OUT]
2020/08/29 01:08:33:777

Connecting Started...

<<<----  [OUT]
2020/08/29 01:08:54:815

I can't connect with the passive [192.168.100.113/5000] error_code:10060 !

<<<----  [OUT]
2020/08/29 01:08:57:295

Connecting Started...

<<<----  [OUT]
2020/08/29 01:09:18:336

I can't connect with the passive [192.168.100.113/5000] error_code:10060 !

<<<----  [OUT]
2020/08/29 01:09:20:825

Connecting Started...

<<<----  [OUT]
2020/08/29 01:09:41:869

I can't connect with the passive [192.168.100.113/5000] error_code:10060 !

<<<----  [OUT]
2020/08/29 01:09:44:357

Connecting Started...

<<<----  [OUT]
2020/08/29 01:10:05:389

I can't connect with the passive [192.168.100.113/5000] error_code:10060 !

<<<----  [OUT]
2020/08/29 01:10:07:873

Connecting Started...

<<<----  [OUT]
2020/08/29 01:10:28:915

I can't connect with the passive [192.168.100.113/5000] error_code:10060 !

<<<----  [OUT]
2020/08/29 01:10:31:404

Connecting Started...

<<<----  [OUT]
2020/08/29 01:10:52:442

I can't connect with the passive [192.168.100.113/5000] error_code:10060 !

<<<----  [OUT]
2020/08/29 01:10:54:918

Connecting Started...

<<<----  [OUT]
2020/08/29 01:17:02:919

---------------------------------------------------------------------
// FA : Start Log ...


<<<----  [OUT]
2020/08/29 01:17:02:923

//-------------------------------------------------------------
Property Information

   Driver Type [HSMS]
   Driver Mode [ACTIVE]
   IP    [192.168.100.113]
   Port  [5000]
//-------------------------------------------------------------


<<<----  [OUT]
2020/08/29 01:17:03:525

Auto-Start Started ... (Active)

<<<----  [OUT]
2020/08/29 01:17:03:615

Auto-Start Started ...  Waiting Stop-Connection.

<<<----  [OUT]
2020/08/29 01:17:03:615

Auto-Start Started ...  Waiting Open-Socket.

<<<----  [OUT]
2020/08/29 01:17:03:645

Socket Open Started...

<<<----  [OUT]
2020/08/29 01:17:03:645

Socket Open Completed...

<<<----  [OUT]
2020/08/29 01:17:03:645

Connecting Started...

<<<----  [OUT]
2020/08/29 01:17:03:706

Auto-Start Completed ...  (Active)

<<<----  [OUT]
2020/08/29 01:17:24:668

I can't connect with the passive [192.168.100.113/5000] error_code:10060 !

<<<----  [OUT]
2020/08/29 01:17:27:154

Connecting Started...

<<<----  [OUT]
2020/08/29 01:17:48:189

I can't connect with the passive [192.168.100.113/5000] error_code:10060 !

<<<----  [OUT]
2020/08/29 01:17:50:669

Connecting Started...

<<<----  [OUT]
2020/08/29 01:18:11:711

I can't connect with the passive [192.168.100.113/5000] error_code:10060 !

<<<----  [OUT]
2020/08/29 01:18:14:201

Connecting Started...

<<<----  [OUT]
2020/08/29 01:18:35:245

I can't connect with the passive [192.168.100.113/5000] error_code:10060 !

<<<----  [OUT]
2020/08/29 01:18:37:731

Connecting Started...

<<<----  [OUT]
2020/08/29 01:18:58:765

I can't connect with the passive [192.168.100.113/5000] error_code:10060 !

<<<----  [OUT]
2020/08/29 01:19:01:248

Connecting Started...

<<<----  [OUT]
2020/08/29 01:19:22:301

I can't connect with the passive [192.168.100.113/5000] error_code:10060 !

<<<----  [OUT]
2020/08/29 01:19:24:778

Connecting Started...

<<<----  [OUT]
2020/08/29 01:19:45:817

I can't connect with the passive [192.168.100.113/5000] error_code:10060 !

<<<----  [OUT]
2020/08/29 01:19:48:294

Connecting Started...

<<<----  [OUT]
2020/08/29 01:20:09:353

I can't connect with the passive [192.168.100.113/5000] error_code:10060 !

<<<----  [OUT]
2020/08/29 01:20:11:840

Connecting Started...

<<<----  [OUT]
2020/08/29 01:20:32:880

I can't connect with the passive [192.168.100.113/5000] error_code:10060 !

<<<----  [OUT]
2020/08/29 01:20:35:356

Connecting Started...

<<<----  [OUT]
2020/08/29 01:20:56:397

I can't connect with the passive [192.168.100.113/5000] error_code:10060 !

<<<----  [OUT]
2020/08/29 01:20:58:887

Connecting Started...

<<<----  [OUT]
2020/08/29 01:21:19:920

I can't connect with the passive [192.168.100.113/5000] error_code:10060 !

<<<----  [OUT]
2020/08/29 01:21:22:404

Connecting Started...

<<<----  [OUT]
2020/08/29 01:21:43:436

I can't connect with the passive [192.168.100.113/5000] error_code:10060 !

<<<----  [OUT]
2020/08/29 01:21:45:919

Connecting Started...

<<<----  [OUT]
2020/08/29 01:22:06:949

I can't connect with the passive [192.168.100.113/5000] error_code:10060 !

<<<----  [OUT]
2020/08/29 01:22:09:435

Connecting Started...

<<<----  [OUT]
2020/08/29 01:22:30:463

I can't connect with the passive [192.168.100.113/5000] error_code:10060 !

<<<----  [OUT]
2020/08/29 01:22:32:950

Connecting Started...

<<<----  [OUT]
2020/08/29 01:22:53:987

I can't connect with the passive [192.168.100.113/5000] error_code:10060 !

<<<----  [OUT]
2020/08/29 01:22:56:466

Connecting Started...

<<<----  [OUT]
2020/08/29 01:23:17:496

I can't connect with the passive [192.168.100.113/5000] error_code:10060 !

<<<----  [OUT]
2020/08/29 01:23:19:982

Connecting Started...

<<<----  [OUT]
2020/08/29 01:23:41:032

I can't connect with the passive [192.168.100.113/5000] error_code:10060 !

<<<----  [OUT]
2020/08/29 01:23:43:513

Connecting Started...

<<<----  [OUT]
2020/08/29 01:24:04:531

I can't connect with the passive [192.168.100.113/5000] error_code:10060 !

<<<----  [OUT]
2020/08/29 01:24:07:012

Connecting Started...

<<<----  [OUT]
2020/08/29 01:24:28:051

I can't connect with the passive [192.168.100.113/5000] error_code:10060 !

<<<----  [OUT]
2020/08/29 01:24:30:528

Connecting Started...

<<<----  [OUT]
2020/08/29 01:24:51:546

I can't connect with the passive [192.168.100.113/5000] error_code:10060 !

<<<----  [OUT]
2020/08/29 01:24:54:029

Connecting Started...

<<<----  [OUT]
2020/08/29 01:25:15:056

I can't connect with the passive [192.168.100.113/5000] error_code:10060 !

<<<----  [OUT]
2020/08/29 01:25:17:545

Connecting Started...

<<<----  [OUT]
2020/08/29 01:25:38:584

I can't connect with the passive [192.168.100.113/5000] error_code:10060 !

<<<----  [OUT]
2020/08/29 01:25:41:059

Connecting Started...

<<<----  [OUT]
2020/08/29 01:26:02:104

I can't connect with the passive [192.168.100.113/5000] error_code:10060 !

<<<----  [OUT]
2020/08/29 01:26:04:591

Connecting Started...

<<<----  [OUT]
2020/08/29 01:26:25:626

I can't connect with the passive [192.168.100.113/5000] error_code:10060 !

<<<----  [OUT]
2020/08/29 01:26:28:107

Connecting Started...

<<<----  [OUT]
2020/08/29 01:26:48:022

---------------------------------------------------------------------
// FA : Start Log ...


<<<----  [OUT]
2020/08/29 01:26:48:025

//-------------------------------------------------------------
Property Information

   Driver Type [HSMS]
   Driver Mode [ACTIVE]
   IP    [192.168.100.113]
   Port  [5000]
//-------------------------------------------------------------


<<<----  [OUT]
2020/08/29 01:26:48:626

Auto-Start Started ... (Active)

<<<----  [OUT]
2020/08/29 01:26:48:717

Auto-Start Started ...  Waiting Stop-Connection.

<<<----  [OUT]
2020/08/29 01:26:48:717

Auto-Start Started ...  Waiting Open-Socket.

<<<----  [OUT]
2020/08/29 01:26:48:748

Socket Open Started...

<<<----  [OUT]
2020/08/29 01:26:48:748

Socket Open Completed...

<<<----  [OUT]
2020/08/29 01:26:48:748

Connecting Started...

<<<----  [OUT]
2020/08/29 01:26:48:808

Auto-Start Completed ...  (Active)

<<<----  [OUT]
2020/08/29 01:27:09:802

I can't connect with the passive [192.168.100.113/5000] error_code:10060 !

<<<----  [OUT]
2020/08/29 01:27:12:279

Connecting Started...

<<<----  [OUT]
2020/08/29 01:27:33:312

I can't connect with the passive [192.168.100.113/5000] error_code:10060 !

<<<----  [OUT]
2020/08/29 01:27:35:794

Connecting Started...

<<<----  [OUT]
2020/08/29 01:27:56:838

I can't connect with the passive [192.168.100.113/5000] error_code:10060 !

<<<----  [OUT]
2020/08/29 01:27:59:326

Connecting Started...

<<<----  [OUT]
2020/08/29 01:28:20:370

I can't connect with the passive [192.168.100.113/5000] error_code:10060 !

<<<----  [OUT]
2020/08/29 01:28:22:856

Connecting Started...

<<<----  [OUT]
2020/08/29 01:28:43:887

I can't connect with the passive [192.168.100.113/5000] error_code:10060 !

<<<----  [OUT]
2020/08/29 01:28:46:372

Connecting Started...

<<<----  [OUT]
2020/08/29 01:29:07:392

I can't connect with the passive [192.168.100.113/5000] error_code:10060 !

<<<----  [OUT]
2020/08/29 01:29:09:873

Connecting Started...

<<<----  [OUT]
2020/08/29 01:29:30:917

I can't connect with the passive [192.168.100.113/5000] error_code:10060 !

<<<----  [OUT]
2020/08/29 01:29:33:403

Connecting Started...

<<<----  [OUT]
2020/08/29 01:29:54:441

I can't connect with the passive [192.168.100.113/5000] error_code:10060 !

<<<----  [OUT]
2020/08/29 01:29:56:919

Connecting Started...

<<<----  [OUT]
2020/08/29 01:30:17:969

I can't connect with the passive [192.168.100.113/5000] error_code:10060 !

<<<----  [OUT]
2020/08/29 01:30:20:450

Connecting Started...

<<<----  [OUT]
2020/08/29 01:30:41:484

I can't connect with the passive [192.168.100.113/5000] error_code:10060 !

<<<----  [OUT]
2020/08/29 01:30:43:966

Connecting Started...

<<<----  [OUT]
2020/08/29 01:31:04:988

I can't connect with the passive [192.168.100.113/5000] error_code:10060 !

<<<----  [OUT]
2020/08/29 01:31:07:466

Connecting Started...

<<<----  [OUT]
2020/08/29 01:31:09:511

I can't connect with the passive [192.168.100.113/5000] error_code:10061 !

<<<----  [OUT]
2020/08/29 01:31:11:998

Connecting Started...

<<<----  [OUT]
2020/08/29 01:31:14:036

I can't connect with the passive [192.168.100.113/5000] error_code:10061 !

<<<----  [OUT]
2020/08/29 01:31:16:513

Connecting Started...

<<<----  [OUT]
2020/08/29 01:31:18:553

I can't connect with the passive [192.168.100.113/5000] error_code:10061 !

<<<----  [OUT]
2020/08/29 01:31:21:044

Connecting Started...

<<<----  [OUT]
2020/08/29 01:31:23:080

I can't connect with the passive [192.168.100.113/5000] error_code:10061 !

<<<----  [OUT]
2020/08/29 01:31:25:561

Connecting Started...

<<<----  [OUT]
2020/08/29 01:31:27:601

I can't connect with the passive [192.168.100.113/5000] error_code:10061 !

<<<----  [OUT]
2020/08/29 01:31:30:091

Connecting Started...

<<<----  [OUT]
2020/08/29 01:31:32:122

I can't connect with the passive [192.168.100.113/5000] error_code:10061 !

<<<----  [OUT]
2020/08/29 01:31:34:607

Connecting Started...

<<<----  [OUT]
2020/08/29 01:31:36:646

I can't connect with the passive [192.168.100.113/5000] error_code:10061 !

<<<----  [OUT]
2020/08/29 01:31:39:122

Connecting Started...

<<<----  [OUT]
2020/08/29 01:31:41:152

I can't connect with the passive [192.168.100.113/5000] error_code:10061 !

<<<----  [OUT]
2020/08/29 01:31:43:638

Connecting Started...

<<<----  [OUT]
2020/08/29 01:31:45:676

I can't connect with the passive [192.168.100.113/5000] error_code:10061 !

<<<----  [OUT]
2020/08/29 01:31:48:154

Connecting Started...

<<<----  [OUT]
2020/08/29 01:31:50:187

I can't connect with the passive [192.168.100.113/5000] error_code:10061 !

<<<----  [OUT]
2020/08/29 01:31:52:670

Connecting Started...

<<<----  [OUT]
2020/08/29 01:31:54:709

I can't connect with the passive [192.168.100.113/5000] error_code:10061 !

<<<----  [OUT]
2020/08/29 01:31:57:185

Connecting Started...

<<<----  [OUT]
2020/08/29 01:31:59:221

I can't connect with the passive [192.168.100.113/5000] error_code:10061 !

<<<----  [OUT]
2020/08/29 01:32:01:700

Connecting Started...

<<<----  [OUT]
2020/08/29 01:32:03:736

I can't connect with the passive [192.168.100.113/5000] error_code:10061 !

<<<----  [OUT]
2020/08/29 01:32:06:216

Connecting Started...

<<<----  [OUT]
2020/08/29 01:32:08:246

I can't connect with the passive [192.168.100.113/5000] error_code:10061 !

<<<----  [OUT]
2020/08/29 01:32:10:732

Connecting Started...

<<<----  [OUT]
2020/08/29 01:32:12:765

I can't connect with the passive [192.168.100.113/5000] error_code:10061 !

<<<----  [OUT]
2020/08/29 01:32:15:248

Connecting Started...

<<<----  [OUT]
2020/08/29 01:32:17:286

I can't connect with the passive [192.168.100.113/5000] error_code:10061 !

<<<----  [OUT]
2020/08/29 01:32:19:764

Connecting Started...

<<<----  [OUT]
2020/08/29 01:32:21:798

I can't connect with the passive [192.168.100.113/5000] error_code:10061 !

<<<----  [OUT]
2020/08/29 01:32:24:279

Connecting Started...

<<<----  [OUT]
2020/08/29 01:32:26:319

I can't connect with the passive [192.168.100.113/5000] error_code:10061 !

<<<----  [OUT]
2020/08/29 01:32:28:810

Connecting Started...

<<<----  [OUT]
2020/08/29 01:32:30:838

I can't connect with the passive [192.168.100.113/5000] error_code:10061 !

<<<----  [OUT]
2020/08/29 01:32:33:325

Connecting Started...

<<<----  [OUT]
2020/08/29 01:32:35:359

I can't connect with the passive [192.168.100.113/5000] error_code:10061 !

<<<----  [OUT]
2020/08/29 01:32:37:840

Connecting Started...

<<<----  [OUT]
2020/08/29 01:32:39:878

I can't connect with the passive [192.168.100.113/5000] error_code:10061 !

<<<----  [OUT]
2020/08/29 01:32:42:356

Connecting Started...

<<<----  [OUT]
2020/08/29 01:32:44:398

I can't connect with the passive [192.168.100.113/5000] error_code:10061 !

<<<----  [OUT]
2020/08/29 01:32:46:888

Connecting Started...

<<<----  [OUT]
2020/08/29 01:32:48:933

I can't connect with the passive [192.168.100.113/5000] error_code:10061 !

<<<----  [OUT]
2020/08/29 01:32:51:420

Connecting Started...

<<<----  [OUT]
2020/08/29 01:32:53:453

I can't connect with the passive [192.168.100.113/5000] error_code:10061 !

<<<----  [OUT]
2020/08/29 01:32:55:934

Connecting Started...

<<<----  [OUT]
2020/08/29 01:32:57:966

I can't connect with the passive [192.168.100.113/5000] error_code:10061 !

<<<----  [OUT]
2020/08/29 01:33:00:451

Connecting Started...

<<<----  [OUT]
2020/08/29 01:33:02:488

I can't connect with the passive [192.168.100.113/5000] error_code:10061 !

<<<----  [OUT]
2020/08/29 01:33:04:967

Connecting Started...

<<<----  [OUT]
2020/08/29 01:33:07:006

I can't connect with the passive [192.168.100.113/5000] error_code:10061 !

<<<----  [OUT]
2020/08/29 01:33:09:497

Connecting Started...

<<<----  [OUT]
2020/08/29 01:33:11:524

I can't connect with the passive [192.168.100.113/5000] error_code:10061 !

<<<----  [OUT]
2020/08/29 01:33:14:013

Connecting Started...

<<<----  [OUT]
2020/08/29 01:33:16:044

I can't connect with the passive [192.168.100.113/5000] error_code:10061 !

<<<----  [OUT]
2020/08/29 01:33:18:528

Connecting Started...

<<<----  [OUT]
2020/08/29 01:33:20:563

I can't connect with the passive [192.168.100.113/5000] error_code:10061 !

<<<----  [OUT]
2020/08/29 01:33:23:045

Connecting Started...

<<<----  [OUT]
2020/08/29 01:33:25:089

I can't connect with the passive [192.168.100.113/5000] error_code:10061 !

<<<----  [OUT]
2020/08/29 01:33:27:575

Connecting Started...

<<<----  [OUT]
2020/08/29 01:33:29:610

I can't connect with the passive [192.168.100.113/5000] error_code:10061 !

<<<----  [OUT]
2020/08/29 01:33:32:090

Connecting Started...

<<<----  [OUT]
2020/08/29 01:33:34:129

I can't connect with the passive [192.168.100.113/5000] error_code:10061 !

<<<----  [OUT]
2020/08/29 01:33:36:607

Connecting Started...

<<<----  [OUT]
2020/08/29 01:33:38:647

I can't connect with the passive [192.168.100.113/5000] error_code:10061 !

<<<----  [OUT]
2020/08/29 01:33:41:138

Connecting Started...

<<<----  [OUT]
2020/08/29 01:33:43:174

I can't connect with the passive [192.168.100.113/5000] error_code:10061 !

<<<----  [OUT]
2020/08/29 01:33:45:653

Connecting Started...

<<<----  [OUT]
2020/08/29 01:33:47:689

I can't connect with the passive [192.168.100.113/5000] error_code:10061 !

<<<----  [OUT]
2020/08/29 01:33:50:169

Connecting Started...

<<<----  [OUT]
2020/08/29 01:33:52:203

I can't connect with the passive [192.168.100.113/5000] error_code:10061 !

<<<----  [OUT]
2020/08/29 01:33:54:685

Connecting Started...

<<<----  [OUT]
2020/08/29 01:33:56:733

I can't connect with the passive [192.168.100.113/5000] error_code:10061 !

<<<----  [OUT]
2020/08/29 01:33:59:216

Connecting Started...

<<<----  [OUT]
2020/08/29 01:34:01:266

I can't connect with the passive [192.168.100.113/5000] error_code:10061 !

<<<----  [OUT]
2020/08/29 01:34:03:748

Connecting Started...

<<<----  [OUT]
2020/08/29 01:34:05:798

I can't connect with the passive [192.168.100.113/5000] error_code:10061 !

<<<----  [OUT]
2020/08/29 01:34:08:278

Connecting Started...

<<<----  [OUT]
2020/08/29 01:34:10:333

I can't connect with the passive [192.168.100.113/5000] error_code:10061 !

<<<----  [OUT]
2020/08/29 01:34:12:810

Connecting Started...

<<<----  [OUT]
2020/08/29 01:34:14:859

I can't connect with the passive [192.168.100.113/5000] error_code:10061 !

<<<----  [OUT]
2020/08/29 01:34:17:341

Connecting Started...

<<<----  [OUT]
2020/08/29 01:34:19:393

I can't connect with the passive [192.168.100.113/5000] error_code:10061 !

<<<----  [OUT]
2020/08/29 01:34:21:872

Connecting Started...

<<<----  [OUT]
2020/08/29 01:34:23:914

I can't connect with the passive [192.168.100.113/5000] error_code:10061 !

<<<----  [OUT]
2020/08/29 01:34:26:404

Connecting Started...

<<<----  [OUT]
2020/08/29 01:34:28:440

I can't connect with the passive [192.168.100.113/5000] error_code:10061 !

<<<----  [OUT]
2020/08/29 01:34:30:919

Connecting Started...

<<<----  [OUT]
2020/08/29 01:34:32:964

I can't connect with the passive [192.168.100.113/5000] error_code:10061 !

<<<----  [OUT]
2020/08/29 01:34:35:451

Connecting Started...

<<<----  [OUT]
2020/08/29 01:34:37:489

I can't connect with the passive [192.168.100.113/5000] error_code:10061 !

<<<----  [OUT]
2020/08/29 01:34:39:966

Connecting Started...

<<<----  [OUT]
2020/08/29 01:34:42:004

I can't connect with the passive [192.168.100.113/5000] error_code:10061 !

<<<----  [OUT]
2020/08/29 01:34:44:481

Connecting Started...

<<<----  [OUT]
2020/08/29 01:34:46:533

I can't connect with the passive [192.168.100.113/5000] error_code:10061 !

<<<----  [OUT]
2020/08/29 01:34:49:013

Connecting Started...

<<<----  [OUT]
2020/08/29 01:34:51:054

I can't connect with the passive [192.168.100.113/5000] error_code:10061 !

<<<----  [OUT]
2020/08/29 01:34:53:545

Connecting Started...

<<<----  [OUT]
2020/08/29 01:34:55:580

I can't connect with the passive [192.168.100.113/5000] error_code:10061 !

<<<----  [OUT]
2020/08/29 01:34:58:059

Connecting Started...

<<<----  [OUT]
2020/08/29 01:35:00:102

I can't connect with the passive [192.168.100.113/5000] error_code:10061 !

<<<----  [OUT]
2020/08/29 01:35:02:590

Connecting Started...

<<<----  [OUT]
2020/08/29 01:35:04:633

I can't connect with the passive [192.168.100.113/5000] error_code:10061 !

<<<----  [OUT]
2020/08/29 01:35:07:123

Connecting Started...

<<<----  [OUT]
2020/08/29 01:35:09:170

I can't connect with the passive [192.168.100.113/5000] error_code:10061 !

<<<----  [OUT]
2020/08/29 01:35:11:654

Connecting Started...

<<<----  [OUT]
2020/08/29 01:35:13:700

I can't connect with the passive [192.168.100.113/5000] error_code:10061 !

<<<----  [OUT]
2020/08/29 01:35:16:184

Connecting Started...

<<<----  [OUT]
2020/08/29 01:35:18:238

I can't connect with the passive [192.168.100.113/5000] error_code:10061 !

<<<----  [OUT]
2020/08/29 01:35:20:716

Connecting Started...

<<<----  [OUT]
2020/08/29 01:35:22:758

I can't connect with the passive [192.168.100.113/5000] error_code:10061 !

<<<----  [OUT]
2020/08/29 01:35:25:247

Connecting Started...

<<<----  [OUT]
2020/08/29 01:35:27:297

I can't connect with the passive [192.168.100.113/5000] error_code:10061 !

<<<----  [OUT]
2020/08/29 01:35:29:778

Connecting Started...

<<<----  [OUT]
2020/08/29 01:35:31:826

I can't connect with the passive [192.168.100.113/5000] error_code:10061 !

<<<----  [OUT]
2020/08/29 01:35:34:310

Connecting Started...

<<<----  [OUT]
2020/08/29 01:35:36:347

I can't connect with the passive [192.168.100.113/5000] error_code:10061 !

<<<----  [OUT]
2020/08/29 01:35:38:825

Connecting Started...

<<<----  [OUT]
2020/08/29 01:35:40:869

I can't connect with the passive [192.168.100.113/5000] error_code:10061 !

<<<----  [OUT]
2020/08/29 01:35:43:356

Connecting Started...

<<<----  [OUT]
2020/08/29 01:35:45:399

I can't connect with the passive [192.168.100.113/5000] error_code:10061 !

<<<----  [OUT]
2020/08/29 01:35:47:888

Connecting Started...

<<<----  [OUT]
2020/08/29 01:35:49:926

I can't connect with the passive [192.168.100.113/5000] error_code:10061 !

<<<----  [OUT]
2020/08/29 01:35:52:403

Connecting Started...

<<<----  [OUT]
2020/08/29 01:35:54:441

I can't connect with the passive [192.168.100.113/5000] error_code:10061 !

<<<----  [OUT]
2020/08/29 01:35:56:919

Connecting Started...

<<<----  [OUT]
2020/08/29 01:35:58:963

I can't connect with the passive [192.168.100.113/5000] error_code:10061 !

<<<----  [OUT]
2020/08/29 01:36:01:451

Connecting Started...

<<<----  [OUT]
2020/08/29 01:36:03:505

I can't connect with the passive [192.168.100.113/5000] error_code:10061 !

<<<----  [OUT]
2020/08/29 01:36:05:982

Connecting Started...

<<<----  [OUT]
2020/08/29 01:36:08:015

I can't connect with the passive [192.168.100.113/5000] error_code:10061 !

<<<----  [OUT]
2020/08/29 01:36:10:497

Connecting Started...

<<<----  [OUT]
2020/08/29 01:36:12:552

I can't connect with the passive [192.168.100.113/5000] error_code:10061 !

<<<----  [OUT]
2020/08/29 01:36:15:028

Connecting Started...

<<<----  [OUT]
2020/08/29 01:36:17:062

I can't connect with the passive [192.168.100.113/5000] error_code:10061 !

<<<----  [OUT]
2020/08/29 01:36:19:545

Connecting Started...

<<<----  [OUT]
2020/08/29 01:36:21:582

I can't connect with the passive [192.168.100.113/5000] error_code:10061 !

<<<----  [OUT]
2020/08/29 01:36:24:060

Connecting Started...

<<<----  [OUT]
2020/08/29 01:36:26:100

I can't connect with the passive [192.168.100.113/5000] error_code:10061 !

<<<----  [OUT]
2020/08/29 01:36:28:591

Connecting Started...

<<<----  [OUT]
2020/08/29 01:36:30:628

I can't connect with the passive [192.168.100.113/5000] error_code:10061 !

<<<----  [OUT]
2020/08/29 01:36:33:107

Connecting Started...

<<<----  [OUT]
2020/08/29 01:36:35:150

I can't connect with the passive [192.168.100.113/5000] error_code:10061 !

<<<----  [OUT]
2020/08/29 01:36:37:638

Connecting Started...

<<<----  [OUT]
2020/08/29 01:36:39:671

I can't connect with the passive [192.168.100.113/5000] error_code:10061 !

<<<----  [OUT]
2020/08/29 01:36:42:153

Connecting Started...

<<<----  [OUT]
2020/08/29 01:36:44:197

I can't connect with the passive [192.168.100.113/5000] error_code:10061 !

<<<----  [OUT]
2020/08/29 01:36:46:685

Connecting Started...

<<<----  [OUT]
2020/08/29 01:36:48:733

I can't connect with the passive [192.168.100.113/5000] error_code:10061 !

<<<----  [OUT]
2020/08/29 01:36:51:216

Connecting Started...

<<<----  [OUT]
2020/08/29 01:36:53:257

I can't connect with the passive [192.168.100.113/5000] error_code:10061 !

<<<----  [OUT]
2020/08/29 01:36:55:748

Connecting Started...

<<<----  [OUT]
2020/08/29 01:36:57:788

I can't connect with the passive [192.168.100.113/5000] error_code:10061 !

<<<----  [OUT]
2020/08/29 01:37:00:279

Connecting Started...

<<<----  [OUT]
2020/08/29 01:37:02:304

I can't connect with the passive [192.168.100.113/5000] error_code:10061 !

<<<----  [OUT]
2020/08/29 01:37:04:794

Connecting Started...

<<<----  [OUT]
2020/08/29 01:37:06:835

I can't connect with the passive [192.168.100.113/5000] error_code:10061 !

<<<----  [OUT]
2020/08/29 01:37:09:325

Connecting Started...

<<<----  [OUT]
2020/08/29 01:37:11:376

I can't connect with the passive [192.168.100.113/5000] error_code:10061 !

<<<----  [OUT]
2020/08/29 01:37:13:857

Connecting Started...

<<<----  [OUT]
2020/08/29 01:37:15:904

I can't connect with the passive [192.168.100.113/5000] error_code:10061 !

<<<----  [OUT]
2020/08/29 01:37:18:388

Connecting Started...

<<<----  [OUT]
2020/08/29 01:37:20:426

I can't connect with the passive [192.168.100.113/5000] error_code:10061 !

<<<----  [OUT]
2020/08/29 01:37:22:903

Connecting Started...

<<<----  [OUT]
2020/08/29 01:37:24:956

I can't connect with the passive [192.168.100.113/5000] error_code:10061 !

<<<----  [OUT]
2020/08/29 01:37:27:434

Connecting Started...

<<<----  [OUT]
2020/08/29 01:37:29:477

I can't connect with the passive [192.168.100.113/5000] error_code:10061 !

<<<----  [OUT]
2020/08/29 01:37:31:966

Connecting Started...

<<<----  [OUT]
2020/08/29 01:37:33:998

I can't connect with the passive [192.168.100.113/5000] error_code:10061 !

<<<----  [OUT]
2020/08/29 01:37:36:482

Connecting Started...

<<<----  [OUT]
2020/08/29 01:37:38:526

I can't connect with the passive [192.168.100.113/5000] error_code:10061 !

<<<----  [OUT]
2020/08/29 01:37:41:013

Connecting Started...

<<<----  [OUT]
2020/08/29 01:37:43:064

I can't connect with the passive [192.168.100.113/5000] error_code:10061 !

<<<----  [OUT]
2020/08/29 01:37:45:544

Connecting Started...

<<<----  [OUT]
2020/08/29 01:37:47:596

I can't connect with the passive [192.168.100.113/5000] error_code:10061 !

<<<----  [OUT]
2020/08/29 01:37:50:075

Connecting Started...

<<<----  [OUT]
2020/08/29 01:37:52:118

I can't connect with the passive [192.168.100.113/5000] error_code:10061 !

<<<----  [OUT]
2020/08/29 01:37:54:606

Connecting Started...

<<<----  [OUT]
2020/08/29 01:37:56:656

I can't connect with the passive [192.168.100.113/5000] error_code:10061 !

<<<----  [OUT]
2020/08/29 01:37:59:138

Connecting Started...

<<<----  [OUT]
2020/08/29 01:38:01:177

I can't connect with the passive [192.168.100.113/5000] error_code:10061 !

<<<----  [OUT]
2020/08/29 01:38:03:653

Connecting Started...

<<<----  [OUT]
2020/08/29 01:38:05:691

I can't connect with the passive [192.168.100.113/5000] error_code:10061 !

<<<----  [OUT]
2020/08/29 01:38:08:169

Connecting Started...

<<<----  [OUT]
2020/08/29 01:38:10:222

I can't connect with the passive [192.168.100.113/5000] error_code:10061 !

<<<----  [OUT]
2020/08/29 01:38:12:700

Connecting Started...

<<<----  [OUT]
2020/08/29 01:38:14:745

I can't connect with the passive [192.168.100.113/5000] error_code:10061 !

<<<----  [OUT]
2020/08/29 01:38:17:231

Connecting Started...

<<<----  [OUT]
2020/08/29 01:38:19:269

I can't connect with the passive [192.168.100.113/5000] error_code:10061 !

<<<----  [OUT]
2020/08/29 01:38:21:747

Connecting Started...

<<<----  [OUT]
2020/08/29 01:38:23:786

I can't connect with the passive [192.168.100.113/5000] error_code:10061 !

<<<----  [OUT]
2020/08/29 01:38:26:263

Connecting Started...

<<<----  [OUT]
2020/08/29 01:38:28:301

I can't connect with the passive [192.168.100.113/5000] error_code:10061 !

<<<----  [OUT]
2020/08/29 01:38:30:778

Connecting Started...

<<<----  [OUT]
2020/08/29 01:38:32:825

I can't connect with the passive [192.168.100.113/5000] error_code:10061 !

<<<----  [OUT]
2020/08/29 01:38:35:310

Connecting Started...

<<<----  [OUT]
2020/08/29 01:38:37:353

I can't connect with the passive [192.168.100.113/5000] error_code:10061 !

<<<----  [OUT]
2020/08/29 01:38:39:841

Connecting Started...

<<<----  [OUT]
2020/08/29 01:38:41:892

I can't connect with the passive [192.168.100.113/5000] error_code:10061 !

<<<----  [OUT]
2020/08/29 01:38:44:372

Connecting Started...

<<<----  [OUT]
2020/08/29 01:38:46:423

I can't connect with the passive [192.168.100.113/5000] error_code:10061 !

<<<----  [OUT]
2020/08/29 01:38:48:903

Connecting Started...

<<<----  [OUT]
2020/08/29 01:38:50:953

I can't connect with the passive [192.168.100.113/5000] error_code:10061 !

<<<----  [OUT]
2020/08/29 01:38:53:434

Connecting Started...

<<<----  [OUT]
2020/08/29 01:38:55:484

I can't connect with the passive [192.168.100.113/5000] error_code:10061 !

<<<----  [OUT]
2020/08/29 01:38:57:965

Connecting Started...

<<<----  [OUT]
2020/08/29 01:38:59:997

I can't connect with the passive [192.168.100.113/5000] error_code:10061 !

<<<----  [OUT]
2020/08/29 01:39:02:481

Connecting Started...

<<<----  [OUT]
2020/08/29 01:39:04:526

I can't connect with the passive [192.168.100.113/5000] error_code:10061 !

<<<----  [OUT]
2020/08/29 01:39:07:013

Connecting Started...

<<<----  [OUT]
2020/08/29 01:39:09:054

I can't connect with the passive [192.168.100.113/5000] error_code:10061 !

<<<----  [OUT]
2020/08/29 01:39:11:544

Connecting Started...

<<<----  [OUT]
2020/08/29 01:39:13:591

I can't connect with the passive [192.168.100.113/5000] error_code:10061 !

<<<----  [OUT]
2020/08/29 01:39:16:075

Connecting Started...

<<<----  [OUT]
2020/08/29 01:39:18:121

I can't connect with the passive [192.168.100.113/5000] error_code:10061 !

<<<----  [OUT]
2020/08/29 01:39:20:607

Connecting Started...

<<<----  [OUT]
2020/08/29 01:39:22:649

I can't connect with the passive [192.168.100.113/5000] error_code:10061 !

<<<----  [OUT]
2020/08/29 01:39:25:137

Connecting Started...

<<<----  [OUT]
2020/08/29 01:39:27:177

I can't connect with the passive [192.168.100.113/5000] error_code:10061 !

<<<----  [OUT]
2020/08/29 01:39:29:653

Connecting Started...

<<<----  [OUT]
2020/08/29 01:39:31:693

I can't connect with the passive [192.168.100.113/5000] error_code:10061 !

<<<----  [OUT]
2020/08/29 01:39:34:169

Connecting Started...

<<<----  [OUT]
2020/08/29 01:39:36:210

I can't connect with the passive [192.168.100.113/5000] error_code:10061 !

<<<----  [OUT]
2020/08/29 01:39:38:701

Connecting Started...

<<<----  [OUT]
2020/08/29 01:39:40:739

I can't connect with the passive [192.168.100.113/5000] error_code:10061 !

<<<----  [OUT]
2020/08/29 01:39:43:216

Connecting Started...

<<<----  [OUT]
2020/08/29 01:39:45:258

I can't connect with the passive [192.168.100.113/5000] error_code:10061 !

<<<----  [OUT]
2020/08/29 01:39:47:747

Connecting Started...

<<<----  [OUT]
2020/08/29 01:39:49:775

I can't connect with the passive [192.168.100.113/5000] error_code:10061 !

<<<----  [OUT]
2020/08/29 01:39:52:263

Connecting Started...

<<<----  [OUT]
2020/08/29 01:39:54:293

I can't connect with the passive [192.168.100.113/5000] error_code:10061 !

<<<----  [OUT]
2020/08/29 01:39:56:778

Connecting Started...

<<<----  [OUT]
2020/08/29 01:39:58:811

I can't connect with the passive [192.168.100.113/5000] error_code:10061 !

<<<----  [OUT]
2020/08/29 01:40:01:294

Connecting Started...

<<<----  [OUT]
2020/08/29 01:40:03:333

I can't connect with the passive [192.168.100.113/5000] error_code:10061 !

<<<----  [OUT]
2020/08/29 01:40:05:811

Connecting Started...

<<<----  [OUT]
2020/08/29 01:40:07:851

I can't connect with the passive [192.168.100.113/5000] error_code:10061 !

<<<----  [OUT]
2020/08/29 01:40:10:341

Connecting Started...

<<<----  [OUT]
2020/08/29 01:40:12:371

I can't connect with the passive [192.168.100.113/5000] error_code:10061 !

<<<----  [OUT]
2020/08/29 01:40:14:857

Connecting Started...

<<<----  [OUT]
2020/08/29 01:40:16:890

I can't connect with the passive [192.168.100.113/5000] error_code:10061 !

<<<----  [OUT]
2020/08/29 01:40:19:372

Connecting Started...

<<<----  [OUT]
2020/08/29 01:40:21:414

I can't connect with the passive [192.168.100.113/5000] error_code:10061 !

<<<----  [OUT]
2020/08/29 01:40:23:903

Connecting Started...

<<<----  [OUT]
2020/08/29 01:40:25:935

I can't connect with the passive [192.168.100.113/5000] error_code:10061 !

<<<----  [OUT]
2020/08/29 01:40:28:418

Connecting Started...

<<<----  [OUT]
2020/08/29 01:40:30:456

I can't connect with the passive [192.168.100.113/5000] error_code:10061 !

<<<----  [OUT]
2020/08/29 01:40:32:935

Connecting Started...

<<<----  [OUT]
2020/08/29 01:40:34:975

I can't connect with the passive [192.168.100.113/5000] error_code:10061 !

<<<----  [OUT]
2020/08/29 01:40:37:466

Connecting Started...

<<<----  [OUT]
2020/08/29 01:40:39:508

I can't connect with the passive [192.168.100.113/5000] error_code:10061 !

<<<----  [OUT]
2020/08/29 01:40:41:998

Connecting Started...

<<<----  [OUT]
2020/08/29 01:40:44:040

I can't connect with the passive [192.168.100.113/5000] error_code:10061 !

<<<----  [OUT]
2020/08/29 01:40:46:528

Connecting Started...

<<<----  [OUT]
2020/08/29 01:40:48:558

I can't connect with the passive [192.168.100.113/5000] error_code:10061 !

<<<----  [OUT]
2020/08/29 01:40:51:045

Connecting Started...

<<<----  [OUT]
2020/08/29 01:40:53:078

I can't connect with the passive [192.168.100.113/5000] error_code:10061 !

<<<----  [OUT]
2020/08/29 01:40:55:560

Connecting Started...

<<<----  [OUT]
2020/08/29 01:40:57:596

I can't connect with the passive [192.168.100.113/5000] error_code:10061 !

<<<----  [OUT]
2020/08/29 01:41:00:076

Connecting Started...

<<<----  [OUT]
2020/08/29 01:41:02:118

I can't connect with the passive [192.168.100.113/5000] error_code:10061 !

<<<----  [OUT]
2020/08/29 01:41:04:606

Connecting Started...

<<<----  [OUT]
2020/08/29 01:41:06:636

I can't connect with the passive [192.168.100.113/5000] error_code:10061 !

<<<----  [OUT]
2020/08/29 01:41:09:121

Connecting Started...

<<<----  [OUT]
2020/08/29 01:41:11:165

I can't connect with the passive [192.168.100.113/5000] error_code:10061 !

<<<----  [OUT]
2020/08/29 01:41:13:654

Connecting Started...

<<<----  [OUT]
2020/08/29 01:41:15:690

I can't connect with the passive [192.168.100.113/5000] error_code:10061 !

<<<----  [OUT]
2020/08/29 01:41:18:169

Connecting Started...

<<<----  [OUT]
2020/08/29 01:41:20:208

I can't connect with the passive [192.168.100.113/5000] error_code:10061 !

<<<----  [OUT]
2020/08/29 01:41:22:684

Connecting Started...

<<<----  [OUT]
2020/08/29 01:41:24:726

I can't connect with the passive [192.168.100.113/5000] error_code:10061 !

<<<----  [OUT]
2020/08/29 01:41:27:217

Connecting Started...

<<<----  [OUT]
2020/08/29 01:41:29:260

I can't connect with the passive [192.168.100.113/5000] error_code:10061 !

<<<----  [OUT]
2020/08/29 01:41:31:747

Connecting Started...

<<<----  [OUT]
2020/08/29 01:41:33:785

I can't connect with the passive [192.168.100.113/5000] error_code:10061 !

<<<----  [OUT]
2020/08/29 01:41:36:264

Connecting Started...

<<<----  [OUT]
2020/08/29 01:41:38:304

I can't connect with the passive [192.168.100.113/5000] error_code:10061 !

<<<----  [OUT]
2020/08/29 01:41:40:795

Connecting Started...

<<<----  [OUT]
2020/08/29 01:41:42:832

I can't connect with the passive [192.168.100.113/5000] error_code:10061 !

<<<----  [OUT]
2020/08/29 01:41:45:310

Connecting Started...

<<<----  [OUT]
2020/08/29 01:41:47:347

I can't connect with the passive [192.168.100.113/5000] error_code:10061 !

<<<----  [OUT]
2020/08/29 01:41:49:826

Connecting Started...

<<<----  [OUT]
2020/08/29 01:41:51:864

I can't connect with the passive [192.168.100.113/5000] error_code:10061 !

<<<----  [OUT]
2020/08/29 01:41:54:341

Connecting Started...

<<<----  [OUT]
2020/08/29 01:41:56:376

I can't connect with the passive [192.168.100.113/5000] error_code:10061 !

<<<----  [OUT]
2020/08/29 01:41:58:857

Connecting Started...

<<<----  [OUT]
2020/08/29 01:42:00:900

I can't connect with the passive [192.168.100.113/5000] error_code:10061 !

<<<----  [OUT]
2020/08/29 01:42:03:388

Connecting Started...

<<<----  [OUT]
2020/08/29 01:42:05:438

I can't connect with the passive [192.168.100.113/5000] error_code:10061 !

<<<----  [OUT]
2020/08/29 01:42:07:919

Connecting Started...

<<<----  [OUT]
2020/08/29 01:42:09:959

I can't connect with the passive [192.168.100.113/5000] error_code:10061 !

<<<----  [OUT]
2020/08/29 01:42:12:434

Connecting Started...

<<<----  [OUT]
2020/08/29 01:42:14:478

I can't connect with the passive [192.168.100.113/5000] error_code:10061 !

<<<----  [OUT]
2020/08/29 01:42:16:966

Connecting Started...

<<<----  [OUT]
2020/08/29 01:53:25:345

---------------------------------------------------------------------
// FA : Start Log ...


<<<----  [OUT]
2020/08/29 01:53:25:348

//-------------------------------------------------------------
Property Information

   Driver Type [HSMS]
   Driver Mode [ACTIVE]
   IP    [192.168.100.113]
   Port  [5000]
//-------------------------------------------------------------


<<<----  [OUT]
2020/08/29 01:53:25:949

Auto-Start Started ... (Active)

<<<----  [OUT]
2020/08/29 01:53:26:040

Auto-Start Started ...  Waiting Stop-Connection.

<<<----  [OUT]
2020/08/29 01:53:26:040

Auto-Start Started ...  Waiting Open-Socket.

<<<----  [OUT]
2020/08/29 01:53:26:070

Socket Open Started...

<<<----  [OUT]
2020/08/29 01:53:26:070

Socket Open Completed...

<<<----  [OUT]
2020/08/29 01:53:26:070

Connecting Started...

<<<----  [OUT]
2020/08/29 01:53:26:131

Auto-Start Completed ...  (Active)

<<<----  [OUT]
2020/08/29 01:53:28:120

I can't connect with the passive [192.168.100.113/5000] error_code:10061 !

<<<----  [OUT]
2020/08/29 01:53:30:606

Connecting Started...

<<<----  [OUT]
2020/08/29 01:53:32:651

I can't connect with the passive [192.168.100.113/5000] error_code:10061 !

<<<----  [OUT]
2020/08/29 01:53:35:139

Connecting Started...

<<<----  [OUT]
2020/08/29 01:53:37:174

I can't connect with the passive [192.168.100.113/5000] error_code:10061 !

<<<----  [OUT]
2020/08/29 01:53:39:654

Connecting Started...

<<<----  [OUT]
2020/08/29 01:53:41:695

I can't connect with the passive [192.168.100.113/5000] error_code:10061 !

<<<----  [OUT]
2020/08/29 01:53:44:185

Connecting Started...

<<<----  [OUT]
2020/08/29 01:53:46:230

I can't connect with the passive [192.168.100.113/5000] error_code:10061 !

<<<----  [OUT]
2020/08/29 01:53:48:716

Connecting Started...

<<<----  [OUT]
2020/08/29 01:53:50:747

I can't connect with the passive [192.168.100.113/5000] error_code:10061 !

<<<----  [OUT]
2020/08/29 01:53:53:231

Connecting Started...

<<<----  [OUT]
2020/08/29 01:53:55:266

I can't connect with the passive [192.168.100.113/5000] error_code:10061 !

<<<----  [OUT]
2020/08/29 01:53:57:747

Connecting Started...

<<<----  [OUT]
2020/08/29 01:53:59:791

I can't connect with the passive [192.168.100.113/5000] error_code:10061 !

<<<----  [OUT]
2020/08/29 01:54:02:278

Connecting Started...

<<<----  [OUT]
2020/08/29 01:54:04:327

I can't connect with the passive [192.168.100.113/5000] error_code:10061 !

<<<----  [OUT]
2020/08/29 01:54:06:810

Connecting Started...

<<<----  [OUT]
2020/08/29 01:54:08:852

I can't connect with the passive [192.168.100.113/5000] error_code:10061 !

<<<----  [OUT]
2020/08/29 01:54:11:340

Connecting Started...

<<<----  [OUT]
2020/08/29 01:54:13:376

I can't connect with the passive [192.168.100.113/5000] error_code:10061 !

<<<----  [OUT]
2020/08/29 01:54:15:856

Connecting Started...

<<<----  [OUT]
2020/08/29 01:54:17:903

I can't connect with the passive [192.168.100.113/5000] error_code:10061 !

<<<----  [OUT]
2020/08/29 01:54:20:389

Connecting Started...

<<<----  [OUT]
2020/08/29 01:54:22:431

I can't connect with the passive [192.168.100.113/5000] error_code:10061 !

<<<----  [OUT]
2020/08/29 01:54:24:919

Connecting Started...

<<<----  [OUT]
2020/08/29 01:54:26:962

I can't connect with the passive [192.168.100.113/5000] error_code:10061 !

<<<----  [OUT]
2020/08/29 01:54:29:450

Connecting Started...

<<<----  [OUT]
2020/08/29 01:54:31:495

I can't connect with the passive [192.168.100.113/5000] error_code:10061 !

<<<----  [OUT]
2020/08/29 01:54:33:982

Connecting Started...

<<<----  [OUT]
2020/08/29 01:54:36:007

I can't connect with the passive [192.168.100.113/5000] error_code:10061 !

<<<----  [OUT]
2020/08/29 01:54:38:496

Connecting Started...

<<<----  [OUT]
2020/08/29 01:54:40:541

I can't connect with the passive [192.168.100.113/5000] error_code:10061 !

<<<----  [OUT]
2020/08/29 01:54:43:029

Connecting Started...

<<<----  [OUT]
2020/08/29 01:54:45:076

I can't connect with the passive [192.168.100.113/5000] error_code:10061 !

<<<----  [OUT]
2020/08/29 01:54:47:560

Connecting Started...

<<<----  [OUT]
2020/08/29 01:54:49:600

I can't connect with the passive [192.168.100.113/5000] error_code:10061 !

<<<----  [OUT]
2020/08/29 01:54:52:090

Connecting Started...

<<<----  [OUT]
2020/08/29 01:54:54:119

I can't connect with the passive [192.168.100.113/5000] error_code:10061 !

<<<----  [OUT]
2020/08/29 01:54:56:606

Connecting Started...

<<<----  [OUT]
2020/08/29 01:54:58:639

I can't connect with the passive [192.168.100.113/5000] error_code:10061 !

<<<----  [OUT]
2020/08/29 01:55:01:123

Connecting Started...

<<<----  [OUT]
2020/08/29 01:55:03:157

I can't connect with the passive [192.168.100.113/5000] error_code:10061 !

<<<----  [OUT]
2020/08/29 01:55:05:637

Connecting Started...

<<<----  [OUT]
2020/08/29 01:55:07:666

I can't connect with the passive [192.168.100.113/5000] error_code:10061 !

<<<----  [OUT]
2020/08/29 01:55:10:153

Connecting Started...

<<<----  [OUT]
2020/08/29 01:55:12:191

I can't connect with the passive [192.168.100.113/5000] error_code:10061 !

<<<----  [OUT]
2020/08/29 01:55:14:669

Connecting Started...

<<<----  [OUT]
2020/08/29 01:55:16:712

I can't connect with the passive [192.168.100.113/5000] error_code:10061 !

<<<----  [OUT]
2020/08/29 01:55:19:200

Connecting Started...

<<<----  [OUT]
2020/08/29 01:55:21:234

I can't connect with the passive [192.168.100.113/5000] error_code:10061 !

<<<----  [OUT]
2020/08/29 01:55:23:717

Connecting Started...

<<<----  [OUT]
2020/08/29 01:55:25:746

I can't connect with the passive [192.168.100.113/5000] error_code:10061 !

<<<----  [OUT]
2020/08/29 01:55:28:231

Connecting Started...

<<<----  [OUT]
2020/08/29 01:55:30:267

I can't connect with the passive [192.168.100.113/5000] error_code:10061 !

<<<----  [OUT]
2020/08/29 01:55:32:746

Connecting Started...

<<<----  [OUT]
2020/08/29 01:55:34:781

I can't connect with the passive [192.168.100.113/5000] error_code:10061 !

<<<----  [OUT]
2020/08/29 01:55:37:263

Connecting Started...

<<<----  [OUT]
2020/08/29 01:55:39:310

I can't connect with the passive [192.168.100.113/5000] error_code:10061 !

<<<----  [OUT]
2020/08/29 01:55:41:794

Connecting Started...

<<<----  [OUT]
2020/08/29 01:55:43:841

I can't connect with the passive [192.168.100.113/5000] error_code:10061 !

<<<----  [OUT]
2020/08/29 01:55:46:325

Connecting Started...

<<<----  [OUT]
2020/08/29 01:55:48:365

I can't connect with the passive [192.168.100.113/5000] error_code:10061 !

<<<----  [OUT]
2020/08/29 01:55:50:841

Connecting Started...

<<<----  [OUT]
2020/08/29 01:55:52:880

I can't connect with the passive [192.168.100.113/5000] error_code:10061 !

<<<----  [OUT]
2020/08/29 01:55:55:357

Connecting Started...

<<<----  [OUT]
2020/08/29 01:55:57:402

I can't connect with the passive [192.168.100.113/5000] error_code:10061 !

<<<----  [OUT]
2020/08/29 01:55:59:888

Connecting Started...

<<<----  [OUT]
2020/08/29 01:56:01:937

I can't connect with the passive [192.168.100.113/5000] error_code:10061 !

<<<----  [OUT]
2020/08/29 01:56:04:420

Connecting Started...

<<<----  [OUT]
2020/08/29 01:56:06:464

I can't connect with the passive [192.168.100.113/5000] error_code:10061 !

<<<----  [OUT]
2020/08/29 01:56:08:951

Connecting Started...

<<<----  [OUT]
2020/08/29 01:56:10:988

I can't connect with the passive [192.168.100.113/5000] error_code:10061 !

<<<----  [OUT]
2020/08/29 01:56:13:467

Connecting Started...

<<<----  [OUT]
2020/08/29 01:56:15:517

I can't connect with the passive [192.168.100.113/5000] error_code:10061 !

<<<----  [OUT]
2020/08/29 01:56:17:996

Connecting Started...

<<<----  [OUT]
2020/08/29 01:56:20:030

I can't connect with the passive [192.168.100.113/5000] error_code:10061 !

<<<----  [OUT]
2020/08/29 01:56:22:513

Connecting Started...

<<<----  [OUT]
2020/08/29 01:56:24:558

I can't connect with the passive [192.168.100.113/5000] error_code:10061 !

<<<----  [OUT]
2020/08/29 01:56:27:043

Connecting Started...

<<<----  [OUT]
2020/08/29 01:56:29:085

I can't connect with the passive [192.168.100.113/5000] error_code:10061 !

<<<----  [OUT]
2020/08/29 01:56:31:575

Connecting Started...

<<<----  [OUT]
2020/08/29 01:56:33:626

I can't connect with the passive [192.168.100.113/5000] error_code:10061 !

<<<----  [OUT]
2020/08/29 01:56:36:106

Connecting Started...

<<<----  [OUT]
2020/08/29 01:56:38:155

I can't connect with the passive [192.168.100.113/5000] error_code:10061 !

<<<----  [OUT]
2020/08/29 01:56:40:638

Connecting Started...

<<<----  [OUT]
2020/08/29 01:56:42:686

I can't connect with the passive [192.168.100.113/5000] error_code:10061 !

<<<----  [OUT]
2020/08/29 01:56:45:169

Connecting Started...

<<<----  [OUT]
2020/08/29 01:56:47:213

I can't connect with the passive [192.168.100.113/5000] error_code:10061 !

<<<----  [OUT]
2020/08/29 01:56:49:700

Connecting Started...

<<<----  [OUT]
2020/08/29 01:56:51:743

I can't connect with the passive [192.168.100.113/5000] error_code:10061 !

<<<----  [OUT]
2020/08/29 01:56:54:233

Connecting Started...

<<<----  [OUT]
2020/08/29 01:56:56:267

I can't connect with the passive [192.168.100.113/5000] error_code:10061 !

<<<----  [OUT]
2020/08/29 01:56:58:747

Connecting Started...

<<<----  [OUT]
2020/08/29 01:57:00:794

I can't connect with the passive [192.168.100.113/5000] error_code:10061 !

<<<----  [OUT]
2020/08/29 01:57:03:279

Connecting Started...

<<<----  [OUT]
2020/08/29 01:57:05:321

I can't connect with the passive [192.168.100.113/5000] error_code:10061 !

<<<----  [OUT]
2020/08/29 01:57:07:809

Connecting Started...

<<<----  [OUT]
2020/08/29 01:57:09:846

I can't connect with the passive [192.168.100.113/5000] error_code:10061 !

<<<----  [OUT]
2020/08/29 01:57:12:326

Connecting Started...

<<<----  [OUT]
2020/08/29 01:57:14:377

I can't connect with the passive [192.168.100.113/5000] error_code:10061 !

<<<----  [OUT]
2020/08/29 01:57:16:856

Connecting Started...

<<<----  [OUT]
2020/08/29 01:57:18:890

I can't connect with the passive [192.168.100.113/5000] error_code:10061 !

<<<----  [OUT]
2020/08/29 01:57:21:373

Connecting Started...

<<<----  [OUT]
2020/08/29 01:57:23:415

I can't connect with the passive [192.168.100.113/5000] error_code:10061 !

<<<----  [OUT]
2020/08/29 01:57:25:903

Connecting Started...

<<<----  [OUT]
2020/08/29 01:57:27:937

I can't connect with the passive [192.168.100.113/5000] error_code:10061 !

<<<----  [OUT]
2020/08/29 01:57:30:419

Connecting Started...

<<<----  [OUT]
2020/08/29 01:57:32:457

I can't connect with the passive [192.168.100.113/5000] error_code:10061 !

<<<----  [OUT]
2020/08/29 01:57:34:934

Connecting Started...

<<<----  [OUT]
2020/08/29 01:57:36:966

I can't connect with the passive [192.168.100.113/5000] error_code:10061 !

<<<----  [OUT]
2020/08/29 01:57:39:451

Connecting Started...

<<<----  [OUT]
2020/08/29 01:57:41:492

I can't connect with the passive [192.168.100.113/5000] error_code:10061 !

<<<----  [OUT]
2020/08/29 01:57:43:982

Connecting Started...

<<<----  [OUT]
2020/08/29 01:57:46:022

I can't connect with the passive [192.168.100.113/5000] error_code:10061 !

<<<----  [OUT]
2020/08/29 01:57:48:513

Connecting Started...

<<<----  [OUT]
2020/08/29 01:57:50:558

I can't connect with the passive [192.168.100.113/5000] error_code:10061 !

<<<----  [OUT]
2020/08/29 01:57:53:044

Connecting Started...

<<<----  [OUT]
2020/08/29 01:57:55:080

I can't connect with the passive [192.168.100.113/5000] error_code:10061 !

<<<----  [OUT]
2020/08/29 01:57:57:559

Connecting Started...

<<<----  [OUT]
2020/08/29 01:57:59:602

I can't connect with the passive [192.168.100.113/5000] error_code:10061 !

<<<----  [OUT]
2020/08/29 01:58:02:090

Connecting Started...

<<<----  [OUT]
2020/08/29 01:58:04:125

I can't connect with the passive [192.168.100.113/5000] error_code:10061 !

<<<----  [OUT]
2020/08/29 01:58:06:607

Connecting Started...

<<<----  [OUT]
2020/08/29 01:58:08:649

I can't connect with the passive [192.168.100.113/5000] error_code:10061 !

<<<----  [OUT]
2020/08/29 01:58:11:138

Connecting Started...

<<<----  [OUT]
2020/08/29 01:58:13:180

I can't connect with the passive [192.168.100.113/5000] error_code:10061 !

<<<----  [OUT]
2020/08/29 01:58:15:670

Connecting Started...

<<<----  [OUT]
2020/08/29 01:58:17:702

I can't connect with the passive [192.168.100.113/5000] error_code:10061 !

<<<----  [OUT]
2020/08/29 01:58:20:185

Connecting Started...

<<<----  [OUT]
2020/08/29 01:58:22:225

I can't connect with the passive [192.168.100.113/5000] error_code:10061 !

<<<----  [OUT]
2020/08/29 01:58:24:717

Connecting Started...

<<<----  [OUT]
2020/08/29 01:58:26:753

I can't connect with the passive [192.168.100.113/5000] error_code:10061 !

<<<----  [OUT]
2020/08/29 01:58:29:232

Connecting Started...

<<<----  [OUT]
2020/08/29 01:58:31:280

I can't connect with the passive [192.168.100.113/5000] error_code:10061 !

<<<----  [OUT]
2020/08/29 01:58:33:763

Connecting Started...

<<<----  [OUT]
2020/08/29 01:58:35:807

I can't connect with the passive [192.168.100.113/5000] error_code:10061 !

<<<----  [OUT]
2020/08/29 01:58:38:293

Connecting Started...

<<<----  [OUT]
2020/08/29 01:58:40:331

I can't connect with the passive [192.168.100.113/5000] error_code:10061 !

<<<----  [OUT]
2020/08/29 01:58:42:810

Connecting Started...

<<<----  [OUT]
2020/08/29 01:58:44:849

I can't connect with the passive [192.168.100.113/5000] error_code:10061 !

<<<----  [OUT]
2020/08/29 01:58:47:325

Connecting Started...

<<<----  [OUT]
2020/08/29 01:58:49:378

I can't connect with the passive [192.168.100.113/5000] error_code:10061 !

<<<----  [OUT]
2020/08/29 01:58:51:857

Connecting Started...

<<<----  [OUT]
2020/08/29 01:58:53:901

I can't connect with the passive [192.168.100.113/5000] error_code:10061 !

<<<----  [OUT]
2020/08/29 01:58:56:389

Connecting Started...

<<<----  [OUT]
2020/08/29 01:58:58:418

I can't connect with the passive [192.168.100.113/5000] error_code:10061 !

<<<----  [OUT]
2020/08/29 01:59:00:903

Connecting Started...

<<<----  [OUT]
2020/08/29 01:59:02:939

I can't connect with the passive [192.168.100.113/5000] error_code:10061 !

<<<----  [OUT]
2020/08/29 01:59:05:420

Connecting Started...

<<<----  [OUT]
2020/08/29 01:59:07:459

I can't connect with the passive [192.168.100.113/5000] error_code:10061 !

<<<----  [OUT]
2020/08/29 01:59:09:950

Connecting Started...

<<<----  [OUT]
2020/08/29 01:59:11:978

I can't connect with the passive [192.168.100.113/5000] error_code:10061 !

<<<----  [OUT]
2020/08/29 01:59:14:467

Connecting Started...

<<<----  [OUT]
2020/08/29 01:59:16:508

I can't connect with the passive [192.168.100.113/5000] error_code:10061 !

<<<----  [OUT]
2020/08/29 01:59:18:996

Connecting Started...

<<<----  [OUT]
2020/08/29 01:59:21:029

I can't connect with the passive [192.168.100.113/5000] error_code:10061 !

<<<----  [OUT]
2020/08/29 01:59:23:512

Connecting Started...

<<<----  [OUT]
2020/08/29 01:59:25:549

I can't connect with the passive [192.168.100.113/5000] error_code:10061 !

<<<----  [OUT]
2020/08/29 01:59:28:029

Connecting Started...

<<<----  [OUT]
2020/08/29 01:59:30:068

I can't connect with the passive [192.168.100.113/5000] error_code:10061 !

<<<----  [OUT]
2020/08/29 01:59:32:543

Connecting Started...

<<<----  [OUT]
2020/08/29 01:59:34:586

I can't connect with the passive [192.168.100.113/5000] error_code:10061 !

<<<----  [OUT]
2020/08/29 01:59:37:076

Connecting Started...

<<<----  [OUT]
2020/08/29 01:59:39:121

I can't connect with the passive [192.168.100.113/5000] error_code:10061 !

<<<----  [OUT]
2020/08/29 01:59:41:607

Connecting Started...

<<<----  [OUT]
2020/08/29 01:59:43:643

I can't connect with the passive [192.168.100.113/5000] error_code:10061 !

<<<----  [OUT]
2020/08/29 01:59:46:123

Connecting Started...

<<<----  [OUT]
2020/08/29 01:59:48:161

I can't connect with the passive [192.168.100.113/5000] error_code:10061 !

<<<----  [OUT]
2020/08/29 01:59:50:638

Connecting Started...

<<<----  [OUT]
2020/08/29 01:59:52:681

I can't connect with the passive [192.168.100.113/5000] error_code:10061 !

<<<----  [OUT]
2020/08/29 01:59:55:169

Connecting Started...

<<<----  [OUT]
2020/08/29 01:59:57:199

I can't connect with the passive [192.168.100.113/5000] error_code:10061 !

<<<----  [OUT]
2020/08/29 01:59:59:685

Connecting Started...
